1757678879  0.0 15744 609872
1757678880  201 1278520 3084012
1757678881  152 2735816 5476592
1757678883  135 4816328 5476592
1757678884  127 4316224 5476592
1757678885  122 3209876 7869172
1757678886  179 4876692 7902456
1757678887  396 4876820 7902484
1757678888  558 4876820 7902484
1757678889  684 4876820 7902484
1757678890  773 4876820 7902484
1757678891  712 7269276 7902484
1757678892  661 6243128 12687780
1757678893  618 8750904 12687780
1757678894  660 9676344 12692440
1757678895  682 9676344 12692440
1757678896  742 9676344 12692440
1757678897  797 9676344 12692440
1757678898  843 9676344 12692440
1757678900  888 9676472 12692440
1757678901  927 9676472 12692440
1757678902  958 9676472 12692440
1757678903  986 9676472 12692440
1757678904 1011 9676472 12692440
1757678905 1034 9676472 12692440
1757678906 1051 9676472 12692440
1757678907 1031 9676472 12692440
1757678908 1048 9676472 12692440
1757678909 1065 9676472 12692440
1757678910 1079 9676472 12692440
1757678912 1097 9676472 12692440
1757678913 1111 9676472 12692440
1757678914 1125 9676472 12692440
1757678915 1138 9676472 12692440
1757678916 1150 9676472 12692440
1757678917 1163 9676472 12692440
1757678918 1174 9676472 12692440
1757678919 1183 9676472 12692440
1757678920 1188 9676472 12692440
1757678921 1158 9676472 12692440
1757678922 1137 12067232 12692440
1757678923 1113 8965748 12692440
1757678924 1124 9677716 10299724
1757678925 1136 9677716 10299724
1757678926 1147 9677716 10299724
1757678928 1158 9677716 10299724
1757678929 1170 9677716 10299724
1757678930 1181 9677716 10299724
1757678931 1191 9677716 10299724
1757678932 1201 9677716 10299724
1757678933 1211 9677716 10299724
1757678934 1220 9677716 10299724
1757678935 1200 6955728 7907144
1757678936 1205 7285456 7907144
1757678937 1210 7285456 7907144
1757678939 1215 7285456 7907144
1757678940 1219 7285456 7907144
1757678941 1225 7285456 7907144
1757678942 1231 7285456 7907144
1757678943 1238 7285456 7907144
1757678944 1245 7285456 7907144
1757678945 1253 7285456 7907144
1757678946 1241 7285456 7907144
1757678947 1246 7285456 7907144
1757678948 1251 7285456 7907144
1757678949 1256 7285456 7907144
1757678951 1260 7285456 7907144
1757678952 1267 7285456 7907144
1757678953 1271 7285456 7907144
1757678954 1277 7285456 7907144
1757678955 1282 7285456 7907144
1757678956 1287 7285456 7907144
1757678957 1293 7285456 7907144
1757678958 1281 7285456 7907144
1757678959 1283 7819336 12692304
1757678960 1268 11291728 15084884
