1757071690  0.0 15872 642640
1757071691  750 1630868 2287220
1757071692 1122 1630868 2287220
1757071693 1277 1630868 2287220
1757071694 1024 1415248 2286704
1757071695  840 1046404 1700772
1757071696  738 1633936 2289444
1757071697  876 1635600 2289444
1757071698  987 1635600 2289444
1757071699  962 1635600 2289444
1757071700 1035 1635600 2289444
1757071701 1094 1635600 2289444
1757071703 1140 1635600 2289444
1757071704 1175 1635600 2289444
1757071705 1203 1635600 2289444
1757071706 1230 1635600 2289444
1757071707 1254 1635600 2289444
1757071708 1280 1635600 2289444
1757071709 1302 1635600 2289444
1757071710 1259 1635600 2289444
1757071711 1274 1635600 2289444
1757071712 1288 1635600 2289444
1757071714 1303 1635600 2289444
1757071715 1314 1635600 2289444
1757071716 1330 1635600 2289444
1757071717 1343 1635600 2289444
1757071718 1357 1635600 2289444
1757071719 1368 1635600 2289444
1757071720 1379 1635600 2289444
1757071721 1384 1635600 2289444
1757071722 1348 1635600 2289444
1757071723 1354 1635600 2289444
1757071724 1360 1635600 2289444
1757071726 1367 1635600 2289444
1757071727 1372 1635600 2289444
1757071728 1381 1635728 2289444
1757071729 1364 1635728 2289444
1757071730 1337 1634856 3068504
1757071731 1334 2415936 3068504
1757071732 1338 2416944 3068504
1757071733 1347 2416944 3068504
1757071734 1320 40824 175548
