1757503157  0.0 17660 677036
1757503158  234 1936332 3166124
1757503159  722 2516556 3166124
1757503160  980 2516556 3166124
1757503162 1106 2516556 3166124
1757503163 1179 2516556 3166124
1757503164 1060 3739468 4386312
1757503165  940 3739700 4386312
1757503166  847 1542028 2250080
1757503167  798 2521336 3169164
1757503168  879 2522616 3169164
1757503169  949 2522616 3169164
1757503170 1007 2522616 3169164
1757503171  987 2522616 3169164
1757503172 1032 2522616 3169164
1757503173 1070 2522616 3169164
1757503175 1106 2522616 3169164
1757503176 1135 2522616 3169164
1757503177 1155 2522616 3169164
1757503178 1176 2522616 3169164
1757503179 1193 2522616 3169164
1757503180 1216 2522616 3169164
1757503181 1237 2522616 3169164
1757503182 1210 2522616 3169164
1757503183 1230 2522616 3169164
1757503184 1249 2522616 3169164
1757503186 1265 2522616 3169164
1757503187 1282 2522616 3169164
1757503188 1297 2522616 3169164
1757503189 1312 2522616 3169164
1757503190 1324 2522616 3169164
1757503191 1336 2522616 3169164
1757503192 1309 2522616 3169164
1757503193 1320 2522616 3169164
1757503194 1329 2522616 3169164
1757503196 1333 2522616 3169164
1757503197 1337 2522616 3169164
1757503198 1341 2522616 3169164
1757503199 1344 2522616 3169164
1757503200 1352 2522616 3169164
1757503201 1360 2522616 3169164
1757503202 1336 2522616 3169164
1757503203 1343 2522616 3169164
1757503204 1350 2522616 3169164
1757503205 1358 2522616 3169164
1757503207 1363 2522616 3169164
1757503208 1367 2522616 3169164
1757503209 1369 2522616 3169164
1757503210 1374 2522616 3169164
1757503211 1381 2522616 3169164
1757503212 1387 2522744 3169164
1757503213 1369 2522744 3169164
1757503214 1375 2522744 3169164
1757503215 1381 2522744 3169164
1757503216 1386 2522744 3169164
1757503218 1392 2522744 3169164
1757503219 1397 2522744 3169164
1757503220 1402 2522744 3169164
1757503221 1407 2522744 3169164
1757503222 1411 2522744 3169164
1757503223 1393 2522872 3169164
1757503224 1374 1692848 4386444
1757503225 1371 2520240 4386860
1757503226 1356 2520240 4386860
1757503227 1349 3741848 4386860
1757503228 1354 3741848 4386860
1757503229 1358 3741848 4386860
1757503231 1359 3741848 4386860
1757503232 1360 3741848 4386860
1757503233 1344 6183192 6828268
