1757071824  0.0 16896 676432
1757071825  855 1630716 2287220
1757071826 1166 1630716 2287220
1757071828 1253 1734268 3067956
1757071829  965 1632088 2286704
1757071830  793 982668 1700772
1757071831  732 1635096 2289444
1757071832  872 1635352 2289444
1757071833  977 1635352 2289444
1757071834 1060 1635352 2289444
1757071835 1131 1635352 2289444
1757071836 1083 1635352 2289444
1757071837 1126 1635352 2289444
1757071838 1160 1635352 2289444
1757071839 1192 1635352 2289444
1757071841 1221 1635352 2289444
1757071842 1248 1635352 2289444
1757071843 1272 1635352 2289444
1757071844 1288 1635352 2289444
1757071845 1301 1635352 2289444
1757071846 1313 1635352 2289444
1757071847 1326 1635352 2289444
1757071848 1274 1635352 2289444
1757071849 1287 1635352 2289444
1757071850 1296 1635352 2289444
1757071852 1307 1635352 2289444
1757071853 1322 1635352 2289444
1757071854 1335 1635352 2289444
1757071855 1348 1635352 2289444
1757071856 1359 1635352 2289444
1757071857 1371 1635480 2289444
1757071858 1380 1635480 2289444
1757071859 1351 1635480 2289444
1757071860 1360 1635480 2289444
1757071861 1357 1635608 2289444
1757071862 1324 1171932 3067956
1757071863 1323 1634524 3068504
1757071865 1318 2416940 3068504
1757071866 1327 2416940 3068504
1757071867 1322 3309628 4631008
