1757506032  0.0 18048 678060
1757506033  216 1307196 3084012
1757506034  356 3684672 5509876
1757506035  779 4875592 5509876
1757506036  792 4875592 5509876
1757506037  944 4875592 5509876
1757506038 1035 4875592 5509876
1757506040 1097 4875592 5509876
1757506041 1153 4875592 5509876
1757506042 1206 4875592 5509876
1757506043 1250 4875592 5509876
1757506044 1284 4875592 5509876
1757506045 1317 4875592 5509876
1757506046 1257 4875592 5509876
1757506047 1220 5594952 7901940
1757506048 1155 7270088 7901940
1757506049 1096 4312288 5509360
1757506050 1044 7270116 7901940
1757506051  997 7541036 8201016
1757506052  954 2876292 3714932
1757506053  915 3156096 5514320
1757506054  880 4877952 5514320
1757506056  888 4881536 5514320
1757506057  915 4882560 5514320
1757506058  942 4882560 5514320
1757506059  968 4882560 5514320
1757506060  997 4882560 5514320
1757506061 1022 4882560 5514320
1757506062 1047 4882560 5514320
1757506063 1037 4882560 5514320
1757506064 1058 4882560 5514320
1757506065 1079 4882560 5514320
1757506067 1097 4882560 5514320
1757506068 1111 4882560 5514320
1757506069 1124 4882560 5514320
1757506070 1133 4882560 5514320
1757506071 1141 4882560 5514320
1757506072 1152 4882560 5514320
1757506073 1164 4882560 5514320
1757506074 1149 4882560 5514320
1757506075 1162 4882560 5514320
1757506076 1176 4882560 5514320
1757506078 1189 4882560 5514320
1757506079 1201 4882560 5514320
1757506080 1211 4882560 5514320
1757506081 1218 4882560 5514320
1757506082 1228 4882560 5514320
1757506083 1232 4882560 5514320
1757506084 1217 4882560 5514320
1757506085 1227 4882560 5514320
1757506086 1237 4882560 5514320
1757506088 1245 4882560 5514320
1757506089 1253 4882560 5514320
1757506090 1259 4882560 5514320
1757506091 1265 4882560 5514320
1757506092 1271 4882560 5514320
1757506093 1277 4882560 5514320
1757506094 1285 4882560 5514320
1757506095 1272 4882560 5514320
1757506096 1280 4882560 5514320
1757506097 1286 4882560 5514320
1757506099 1294 4882560 5514320
1757506100 1300 4882560 5514320
1757506101 1306 4882560 5514320
1757506102 1308 4882560 5514320
1757506103 1310 4882560 5514320
1757506104 1311 4882560 5514320
1757506105 1298 4882560 5514320
1757506106 1303 4882560 5514320
1757506107 1309 4882560 5514320
1757506108 1314 4882560 5514320
1757506110 1320 4882560 5514320
1757506111 1324 4882560 5514320
1757506112 1329 4882560 5514320
1757506113 1333 4882560 5514320
1757506114 1336 4882560 5514320
1757506115 1337 4882560 5514320
1757506116 1342 4882560 5514320
1757506117 1331 4882560 5514320
1757506118 1335 4882560 5514320
1757506119 1340 4882560 5514320
1757506121 1344 4882560 5514320
1757506122 1350 4882560 5514320
1757506123 1353 4882560 5514320
1757506124 1355 4882560 5514320
1757506125 1358 4882560 5514320
1757506126 1361 4882560 5514320
1757506127 1349 4882560 5514320
1757506128 1354 4882560 5514320
1757506129 1358 4882560 5514320
1757506131 1362 4882560 5514320
1757506132 1366 4882560 5514320
1757506133 1368 4882560 5514320
1757506134 1370 4882560 5514320
1757506135 1372 4882560 5514320
1757506136 1373 4882560 5514320
1757506137 1363 4882560 5514320
1757506138 1365 4882560 5514320
1757506139 1368 4882560 5514320
1757506140 1372 4882688 5514320
1757506142 1375 4882688 5514320
1757506143 1378 4882688 5514320
1757506144 1380 4882688 5514320
1757506145 1382 4882688 5514320
1757506146 1383 4882688 5514320
1757506147 1386 4882688 5514320
1757506148 1378 4882688 5514320
1757506149 1380 4882688 5514320
1757506150 1384 4882688 5514320
1757506152 1387 4882688 5514320
1757506153 1390 4882688 5514320
1757506154 1392 4882688 5514320
1757506155 1395 4882688 5514320
1757506156 1398 4882688 5514320
1757506157 1401 4882688 5514320
1757506158 1391 4882688 5514320
1757506159 1393 4882688 5514320
1757506160 1395 4882688 5514320
1757506162 1397 4882688 5514320
1757506163 1399 4882688 5514320
1757506164 1401 4882688 5514320
1757506165 1402 4882688 5514320
1757506166 1403 4882688 5514320
1757506167 1406 4882688 5514320
1757506168 1398 4882688 5514320
1757506169 1400 4882688 5514320
1757506170 1401 4882688 5514320
1757506171 1402 4882688 5514320
1757506173 1404 4882688 5514320
1757506174 1406 4882688 5514320
1757506175 1409 4882688 5514320
1757506176 1410 4882688 5514320
1757506177 1410 4882688 5514320
1757506178 1412 4882688 5514320
1757506179 1415 4882688 5514320
1757506180 1407 4882688 5514320
1757506181 1410 4882816 5514320
1757506183 1412 4882816 5514320
1757506184 1414 4882816 5514320
1757506185 1416 4882816 5514320
1757506186 1418 4882816 5514320
1757506187 1420 4882816 5514320
1757506188 1422 4882816 5514320
1757506189 1424 4882816 5514320
1757506190 1417 4882816 5514320
1757506191 1419 4882816 5514320
1757506192 1420 4882816 5514320
1757506194 1421 4882816 5514320
1757506195 1422 4882816 5514320
1757506196 1422 4882816 5514320
1757506197 1423 4882816 5514320
1757506198 1424 4882816 5514320
1757506199 1426 4882816 5514320
1757506200 1420 4882816 5514320
1757506201 1421 4882816 5514320
1757506202 1422 4882816 5514320
1757506203 1423 4882816 5514320
1757506205 1424 4882944 5514320
1757506206 1425 4882944 5514320
1757506207 1426 4882944 5514320
1757506208 1427 4882944 5514320
1757506209 1428 4882944 5514320
1757506210 1429 4882944 5514320
1757506211 1431 4882944 5514320
1757506212 1424 4882944 5514320
1757506213 1426 4882944 5514320
1757506214 1427 4883072 5514320
1757506215 1421 4883072 5514320
1757506216 1414 4883072 5514320
1757506217 1407 4883072 5514320
1757506219 1400 3393288 7902112
1757506220 1395 4878728 7902488
1757506221 1397 4878728 7902488
1757506222 1399 4878728 7902488
1757506223 1400 4878728 7902488
1757506224 1402 4878728 7902488
1757506225 1398 7270960 7902488
1757506226 1395 7190200 7902488
1757506227 1388 7272120 7902488
1757506228 1388 7272120 7902488
1757506229 1388 7272120 7902488
1757506231 1390 7272120 7902488
1757506232 1392 7272120 7902488
1757506233 1393 7272120 7902488
1757506234 1395 7272120 7902488
1757506235 1396 7272120 7902488
1757506236 1398 7272120 7902488
1757506237 1399 7272120 7902488
1757506238 1392 7272120 7902488
1757506239 1385 9664576 10295068
1757506240 1379 12057160 12687648
1757506241 1373 7809348 8500640
