1757073657  0.0 16128 676432
1757073658  215 1286960 2449248
1757073659  585 3599180 4240348
1757073660  880 3599180 4240348
1757073662 1015 3599180 4240348
1757073663 1104 3599180 4240348
1757073664 1166 3599180 4240348
1757073665 1224 3599180 4240348
1757073666 1281 3599180 4240348
1757073667 1333 3599180 4240348
1757073668 1234 5007308 5997648
1757073669 1131 3105272 4239832
1757073670  965 5368120 6217376
1757073671  903 2130976 2921472
1757073672  850 3261828 4244088
1757073673  857 3605124 4244088
1757073674  910 3605252 4244088
1757073676  957 3605252 4244088
1757073677  998 3605252 4244088
1757073678 1036 3605252 4244088
1757073679 1069 3605252 4244088
1757073680 1101 3605252 4244088
1757073681 1128 3605252 4244088
1757073682 1109 3605252 4244088
1757073683 1132 3605252 4244088
1757073684 1156 3605252 4244088
1757073686 1174 3605252 4244088
1757073687 1189 3605252 4244088
1757073688 1202 3605252 4244088
1757073689 1216 3605252 4244088
1757073690 1230 3605252 4244088
1757073691 1240 3605252 4244088
1757073692 1248 3605252 4244088
1757073693 1220 3605252 4244088
1757073694 1226 3605252 4244088
1757073695 1230 3605252 4244088
1757073697 1235 3605252 4244088
1757073698 1246 3605252 4244088
1757073699 1258 3605252 4244088
1757073700 1270 3605252 4244088
1757073701 1281 3605252 4244088
1757073702 1292 3605252 4244088
1757073703 1274 3605252 4244088
1757073704 1284 3605252 4244088
1757073705 1294 3605252 4244088
1757073707 1303 3605380 4244088
1757073708 1311 3605380 4244088
1757073709 1320 3605380 4244088
1757073710 1328 3605380 4244088
1757073711 1336 3605380 4244088
1757073712 1343 3605380 4244088
1757073713 1326 3605380 4244088
1757073714 1334 3605380 4244088
1757073715 1342 3605380 4244088
1757073717 1349 3605380 4244088
1757073718 1355 3605380 4244088
1757073719 1362 3605380 4244088
1757073720 1367 3605380 4244088
1757073721 1371 3605380 4244088
1757073722 1373 3605380 4244088
1757073723 1353 3605380 4244088
1757073724 1356 3605380 4244088
1757073725 1358 3605380 4244088
1757073727 1361 3605380 4244088
1757073728 1361 3605380 4244088
1757073729 1362 3605380 4244088
1757073730 1364 3605380 4244088
1757073731 1367 3605380 4244088
1757073732 1372 3605380 4244088
1757073733 1377 3605380 4244088
1757073734 1382 3605380 4244088
1757073735 1368 3605380 4244088
1757073736 1374 3605380 4244088
1757073737 1378 3605380 4244088
1757073739 1383 3605380 4244088
1757073740 1387 3605380 4244088
1757073741 1391 3605380 4244088
1757073742 1395 3605380 4244088
1757073743 1399 3605380 4244088
1757073744 1403 3605380 4244088
1757073745 1391 3605380 4244088
1757073746 1396 3605380 4244088
1757073747 1399 3605380 4244088
1757073749 1403 3605380 4244088
1757073750 1406 3605380 4244088
1757073751 1410 3605380 4244088
1757073752 1413 3605380 4244088
1757073753 1416 3605380 4244088
1757073754 1417 3605380 4244088
1757073755 1417 3605380 4244088
1757073756 1403 3605380 4244088
1757073757 1403 3605380 4244088
1757073758 1405 3605380 4244088
1757073760 1406 3605380 4244088
1757073761 1409 3605380 4244088
1757073762 1411 3605380 4244088
1757073763 1412 3605380 4244088
1757073764 1414 3605380 4244088
1757073765 1416 3605380 4244088
1757073766 1419 3605380 4244088
1757073767 1422 3605380 4244088
1757073768 1412 3605380 4244088
1757073769 1414 3605380 4244088
1757073770 1417 3605380 4244088
1757073772 1419 3605380 4244088
1757073773 1417 3605508 4244088
1757073774 1406 3605508 4244088
1757073775 1395 3605508 4244088
1757073776 1384 3601924 5997800
1757073777 1386 3602052 5998196
1757073778 1389 3602052 5998196
1757073779 1391 3602052 5998196
1757073780 1385 4791204 5998196
1757073781 1388 5360548 5998196
1757073782 1379 5360548 5998196
1757073783 1382 5360548 5998196
1757073784 1384 5360548 5998196
1757073786 1386 5360548 5998196
1757073787 1387 5360548 5998196
1757073788 1384 5652628 7756012
1757073789 1375 8876164 9513828
