1757502539  0.0 16896 676432
1757502540  865 1630588 2287220
1757502541 1286 1630588 2287220
1757502542 1308 1880444 3067956
1757502543 1007 1958644 3067956
1757502544  688 999012 1700772
1757502545  665 1635312 2289444
1757502546  802 1635312 2289444
1757502547  903 1635312 2289444
1757502549  977 1635312 2289444
1757502550 1024 1635312 2289444
1757502551 1066 1635312 2289444
1757502552 1099 1635312 2289444
1757502553 1143 1635312 2289444
1757502554 1180 1635312 2289444
1757502555 1130 1635312 2289444
1757502556 1156 1635312 2289444
1757502557 1170 1635312 2289444
1757502559 1188 1635312 2289444
1757502560 1205 1635312 2289444
1757502561 1225 1635312 2289444
1757502562 1244 1635312 2289444
1757502563 1265 1635312 2289444
1757502564 1282 1635312 2289444
1757502565 1300 1635312 2289444
1757502566 1267 1635312 2289444
1757502567 1283 1635312 2289444
1757502569 1306 1635312 2289444
1757502570 1320 1635312 2289444
1757502571 1332 1635312 2289444
1757502572 1343 1635312 2289444
1757502573 1354 1635312 2289444
1757502574 1363 1635440 2289444
1757502575 1338 1635440 2289444
1757502576 1317 1634428 3068504
1757502577 1275 2144236 3068504
1757502578 1285 2416812 3068504
1757502579 1290 2504756 3849756
1757502580 1262 2549608 3263824
