1757680103  0.0 15872 676432
1757680104  202 1234700 3816436
1757680105  152 2569996 3816436
1757680106  135 3810604 6941440
1757680107  127 4986224 6941440
1757680108  122 6159728 6941440
1757680109  119 4511064 6941440
1757680110  116 6281048 6941440
1757680111  115 3970888 10066444
1757680112  113 5168456 10066444
1757680113  134 6349000 10099728
1757680114  252 6349128 10099756
1757680115  361 6349128 10099756
1757680116  460 6349128 10099756
1757680117  541 6349128 10099756
1757680119  614 6349128 10099756
1757680120  673 6349128 10099756
1757680121  724 6349128 10099756
1757680122  731 9472380 10099756
1757680123  699 9473276 10099756
1757680124  671 7695184 10099756
1757680125  645 7476456 16349916
1757680126  621 8742760 16349916
1757680127  600 10817768 16349916
1757680128  609 12615400 16354572
1757680129  650 12615400 16354572
1757680130  687 12615400 16354572
1757680131  717 12615400 16354572
1757680132  720 12615400 16354572
1757680133  746 12615400 16354572
1757680134  771 12615400 16354572
1757680136  794 12615400 16354572
1757680137  820 12615528 16354572
1757680138  845 12615528 16354572
1757680139  869 12615528 16354572
1757680140  892 12615656 16354572
1757680141  912 12615656 16354572
1757680142  931 12615656 16354572
1757680143  924 12615656 16354572
1757680144  941 12615656 16354572
1757680145  957 12615656 16354572
1757680146  972 12615656 16354572
1757680148  988 12615656 16354572
1757680149 1003 12615656 16354572
1757680150 1019 12615656 16354572
1757680151 1033 12615656 16354572
1757680152 1047 12615656 16354572
1757680153 1058 12615656 16354572
1757680154 1069 12615656 16354572
1757680155 1059 12615656 16354572
1757680156 1070 12615656 16354572
1757680157 1080 12615656 16354572
1757680158 1091 12615656 16354572
1757680160 1102 12615656 16354572
1757680161 1113 12615656 16354572
1757680162 1121 12615656 16354572
1757680163 1127 12615656 16354572
1757680164 1134 12615656 16354572
1757680165 1140 12615656 16354572
1757680166 1146 12615656 16354572
1757680167 1134 12615656 16354572
1757680168 1139 12615656 16354572
1757680169 1144 12615656 16354572
1757680170 1145 12615656 16354572
1757680171 1136 15087688 16354572
1757680172 1121 15739720 16354572
1757680173 1107 15740488 16354572
1757680175 1102 11294028 13229416
1757680176 1111 12617036 13229416
1757680177 1118 12617036 13229416
1757680178 1124 12617036 13229416
1757680179 1130 12617036 13229416
1757680180 1136 12617036 13229416
1757680181 1142 12617036 13229416
1757680182 1149 12617036 13229416
1757680183 1156 12617036 13229416
1757680184 1149 12617036 13229416
1757680185 1156 12617036 13229416
1757680186 1163 12617036 13229416
1757680188 1168 12617036 13229416
1757680189 1173 12617036 13229416
1757680190 1178 12617036 13229416
1757680191 1183 12617036 13229416
1757680192 1175 12617036 13229416
1757680193 1177 9492224 10104412
1757680194 1180 9492224 10104412
1757680195 1183 9492224 10104412
1757680196 1186 9492224 10104412
1757680197 1179 9492224 10104412
1757680198 1182 9492224 10104412
1757680199 1186 9492224 10104412
1757680201 1191 9492224 10104412
1757680202 1196 9492224 10104412
1757680203 1201 9492224 10104412
1757680204 1206 9492224 10104412
1757680205 1210 9492224 10104412
1757680206 1215 9492224 10104412
1757680207 1220 9492224 10104412
1757680208 1213 9492224 10104412
1757680209 1218 9492224 10104412
1757680210 1222 9492224 10104412
1757680211 1226 9492224 10104412
1757680213 1229 9492224 10104412
1757680214 1233 9492224 10104412
1757680215 1236 9492224 10104412
1757680216 1240 9492224 10104412
1757680217 1244 9492224 10104412
1757680218 1249 9492224 10104412
1757680219 1252 9492224 10104412
1757680220 1246 9492224 10104412
1757680221 1249 9492224 10104412
1757680222 1252 9492224 10104412
1757680224 1255 9492224 10104412
1757680225 1258 9492224 10104412
1757680226 1259 9492224 10104412
1757680227 1261 9492224 10104412
1757680228 1262 9862552 16354420
1757680229 1253 12776368 19479424
