1757071600  0.0 17920 678060
1757071601  776 1630660 2287220
1757071602  754 1630660 2287220
1757071603  943 1630660 2287220
1757071604  832 1247040 2286704
1757071605  710 992884 1700772
1757071606  624 1613568 2289444
1757071607  717 1635328 2289444
1757071609  830 1635328 2289444
1757071610  909 1635328 2289444
1757071611  974 1635328 2289444
1757071612 1027 1635328 2289444
1757071613 1068 1635328 2289444
1757071614 1111 1635328 2289444
1757071615 1153 1635328 2289444
1757071616 1118 1635456 2289444
1757071617 1150 1635456 2289444
1757071618 1180 1635456 2289444
1757071620 1205 1635456 2289444
1757071621 1231 1635456 2289444
1757071622 1252 1635456 2289444
1757071623 1274 1635456 2289444
1757071624 1292 1635456 2289444
1757071625 1310 1635456 2289444
1757071626 1325 1635456 2289444
1757071627 1291 1635584 2289444
1757071628 1301 1635584 2289444
1757071629 1308 1635584 2289444
1757071630 1315 1635584 2289444
1757071632 1325 1635584 2289444
1757071633 1333 1635584 2289444
1757071634 1337 1635584 2289444
1757071635 1347 1635584 2289444
1757071636 1354 1635584 2289444
1757071637 1361 1635584 2289444
1757071638 1368 1635584 2289444
1757071639 1375 1635584 2289444
1757071640 1316 1635584 2289444
1757071641 1302 1634480 3068504
1757071642 1299 2408620 3068504
1757071644 1308 2416812 3068504
1757071645 1313 2416812 3068504
