1757680744  0.0 15488 675408
1757680745  215 1283680 3816436
1757680746  158 2612836 3816436
1757680747  140 3853444 6941440
1757680748  130 5031044 6941440
1757680749  125 6210692 6941440
1757680750  121 4597868 6941440
1757680751  118 6280940 6941440
1757680752  116 4005488 10066444
1757680753  115 5200624 10066444
1757680755  147 6349040 10099728
1757680756  279 6349168 10099756
1757680757  389 6349168 10099756
1757680758  482 6349168 10099756
1757680759  546 6349168 10099756
1757680760  607 6349168 10099756
1757680761  669 6349168 10099756
1757680762  722 6349168 10099756
1757680763  766 6349168 10099756
1757680764  761 6349168 10099756
1757680765  796 6349168 10099756
1757680766  833 6349168 10099756
1757680767  804 9472872 10099756
1757680768  775 9473768 10099756
1757680769  748 6814392 16349916
1757680770  723 8010296 16349916
1757680771  700 9267000 16349916
1757680773  678 12073784 16349916
1757680774  705 12615480 16354572
1757680775  738 12615480 16354572
1757680776  769 12615480 16354572
1757680777  798 12615480 16354572
1757680778  821 12615480 16354572
1757680779  846 12615480 16354572
1757680780  871 12615480 16354572
1757680781  895 12615480 16354572
1757680782  893 12615608 16354572
1757680783  914 12615608 16354572
1757680784  934 12615608 16354572
1757680785  951 12615608 16354572
1757680787  968 12615608 16354572
1757680788  986 12615608 16354572
1757680789 1002 12615608 16354572
1757680790 1012 12615608 16354572
1757680791 1021 12615608 16354572
1757680792 1030 12615608 16354572
1757680793 1038 12615608 16354572
1757680794 1025 12615608 16354572
1757680795 1035 12615608 16354572
1757680796 1044 12615608 16354572
1757680798 1054 12615608 16354572
1757680799 1064 12615608 16354572
1757680800 1074 12615608 16354572
1757680801 1083 12615608 16354572
1757680802 1093 12615608 16354572
1757680803 1101 12615608 16354572
1757680804 1111 12615608 16354572
1757680805 1121 12615608 16354572
1757680806 1113 12615608 16354572
1757680807 1122 12615608 16354572
1757680808 1131 12615608 16354572
1757680809 1140 12615608 16354572
1757680811 1148 12615608 16354572
1757680812 1154 12615608 16354572
1757680813 1160 12615608 16354572
1757680814 1163 12615608 16354572
1757680815 1155 12615608 16354572
1757680816 1140 15739128 16354572
1757680817 1126 15739768 16354572
1757680818 1112 15740408 16354572
1757680819 1108 12360928 13229416
1757680820 1116 12617024 13229416
1757680821 1122 12617024 13229416
1757680822 1127 12617024 13229416
1757680823 1118 12617024 13229416
1757680824 1122 12617024 13229416
1757680825 1127 12617024 13229416
1757680826 1130 12617024 13229416
1757680828 1135 12617024 13229416
1757680829 1140 12617024 13229416
1757680830 1146 12617024 13229416
1757680831 1153 12617024 13229416
1757680832 1158 12617024 13229416
1757680833 1163 12617024 13229416
1757680834 1168 12617024 13229416
1757680835 1173 12617024 13229416
1757680836 1159 12617024 13229416
1757680837 1157 8566532 10104412
1757680838 1162 9492228 10104412
1757680839 1168 9492228 10104412
1757680841 1174 9492228 10104412
1757680842 1180 9492228 10104412
1757680843 1185 9492228 10104412
1757680844 1190 9492228 10104412
1757680845 1196 9492228 10104412
1757680846 1201 9492228 10104412
1757680847 1205 9492228 10104412
1757680848 1199 9492228 10104412
1757680849 1204 9492228 10104412
1757680850 1208 9492228 10104412
1757680852 1213 9492228 10104412
1757680853 1215 9492228 10104412
1757680854 1219 9492228 10104412
1757680855 1221 9492228 10104412
1757680856 1224 9492228 10104412
1757680857 1227 9492228 10104412
1757680858 1230 9492228 10104412
1757680859 1221 9492228 10104412
1757680860 1223 9492228 10104412
1757680861 1226 9492228 10104412
1757680862 1229 9492228 10104412
1757680864 1233 9492228 10104412
1757680865 1237 9492228 10104412
1757680866 1241 9492228 10104412
1757680867 1243 9492228 10104412
1757680868 1246 9492228 10104412
1757680869 1249 9492228 10104412
1757680870 1253 9492228 10104412
1757680871 1246 9492228 10104412
1757680872 1250 9492228 10104412
1757680873 1242 12379548 16354420
1757680874 1234 6430096 10104412
