1757073249  0.0 17024 676432
1757073250  215 1299184 2449248
1757073251  681 3599128 4240348
1757073253  982 3599128 4240348
1757073254 1087 3599128 4240348
1757073255 1162 3599128 4240348
1757073256 1214 3599128 4240348
1757073257 1259 3599128 4240348
1757073258 1294 3599128 4240348
1757073259 1207 3599128 4240348
1757073260 1147 4658840 5997648
1757073261 1060 2826724 4239832
1757073262  986 5358684 5997648
1757073263  923 2075660 2921472
1757073264  868 2949104 4244088
1757073265  863 3605232 4244088
1757073267  917 3605232 4244088
1757073268  963 3605232 4244088
1757073269 1005 3605232 4244088
1757073270 1041 3605232 4244088
1757073271 1076 3605232 4244088
1757073272 1103 3605232 4244088
1757073273 1084 3605232 4244088
1757073274 1109 3605232 4244088
1757073275 1124 3605232 4244088
1757073277 1149 3605232 4244088
1757073278 1165 3605232 4244088
1757073279 1181 3605232 4244088
1757073280 1195 3605232 4244088
1757073281 1207 3605232 4244088
1757073282 1220 3605232 4244088
1757073283 1235 3605232 4244088
1757073284 1211 3605232 4244088
1757073285 1220 3605232 4244088
1757073286 1228 3605232 4244088
1757073288 1233 3605232 4244088
1757073289 1240 3605232 4244088
1757073290 1249 3605232 4244088
1757073291 1260 3605232 4244088
1757073292 1271 3605232 4244088
1757073293 1282 3605232 4244088
1757073294 1264 3605232 4244088
1757073295 1275 3605232 4244088
1757073296 1284 3605232 4244088
1757073298 1293 3605232 4244088
1757073299 1303 3605232 4244088
1757073300 1311 3605232 4244088
1757073301 1320 3605232 4244088
1757073302 1328 3605232 4244088
1757073303 1336 3605232 4244088
1757073304 1320 3605232 4244088
1757073305 1327 3605232 4244088
1757073307 1334 3605232 4244088
1757073308 1341 3605232 4244088
1757073309 1348 3605232 4244088
1757073310 1354 3605232 4244088
1757073311 1361 3605232 4244088
1757073312 1365 3605232 4244088
1757073313 1369 3605232 4244088
1757073314 1351 3605232 4244088
1757073315 1354 3605232 4244088
1757073316 1357 3605232 4244088
1757073318 1360 3605232 4244088
1757073319 1362 3605232 4244088
1757073320 1364 3605232 4244088
1757073321 1368 3605232 4244088
1757073322 1370 3605232 4244088
1757073323 1372 3605232 4244088
1757073324 1376 3605232 4244088
1757073325 1382 3605232 4244088
1757073326 1368 3605232 4244088
1757073327 1373 3605232 4244088
1757073328 1377 3605232 4244088
1757073330 1382 3605232 4244088
1757073331 1386 3605232 4244088
1757073332 1391 3605232 4244088
1757073333 1396 3605232 4244088
1757073334 1400 3605232 4244088
1757073335 1387 3605360 4244088
1757073336 1391 3605360 4244088
1757073337 1396 3605360 4244088
1757073339 1399 3605360 4244088
1757073340 1403 3605360 4244088
1757073341 1407 3605360 4244088
1757073342 1410 3605360 4244088
1757073343 1414 3605360 4244088
1757073344 1417 3605360 4244088
1757073345 1420 3605360 4244088
1757073346 1406 3605360 4244088
1757073347 1407 3605360 4244088
1757073348 1407 3605360 4244088
1757073350 1408 3605360 4244088
1757073351 1410 3605360 4244088
1757073352 1411 3605360 4244088
1757073353 1414 3605360 4244088
1757073354 1416 3605360 4244088
1757073355 1418 3605360 4244088
1757073356 1419 3605360 4244088
1757073357 1408 3605360 4244088
1757073358 1411 3605360 4244088
1757073359 1413 3605360 4244088
1757073360 1416 3605360 4244088
1757073362 1419 3605360 4244088
1757073363 1421 3605360 4244088
1757073364 1424 3605360 4244088
1757073365 1422 3605488 4244088
1757073366 1411 3605488 4244088
1757073367 1400 3605488 4244088
1757073368 1390 3602008 5998196
1757073369 1393 3602008 5998196
1757073370 1395 3602008 5998196
1757073371 1382 5359224 5998196
1757073372 1378 5360672 5998196
1757073373 1381 5360672 5998196
1757073374 1384 5360672 5998196
1757073376 1386 5360672 5998196
1757073377 1389 5360672 5998196
1757073378 1391 5360672 5998196
1757073379 1392 5360672 5998196
1757073380 1385 7117328 7756012
1757073381 1375 9044680 9733556
