1757502233  0.0 15872 676432
1757502234  758 1630584 2287220
1757502235 1250 1630584 2287220
1757502236 1229 2047992 3067956
1757502237  948 2351984 3067956
1757502238  779 1025832 1700772
1757502240  759 1635252 2289444
1757502241  894 1635380 2289444
1757502242  987 1635380 2289444
1757502243 1049 1635380 2289444
1757502244 1090 1635380 2289444
1757502245 1122 1635380 2289444
1757502246 1072 1635380 2289444
1757502247 1115 1635380 2289444
1757502248 1154 1635380 2289444
1757502250 1191 1635380 2289444
1757502251 1221 1635380 2289444
1757502252 1251 1635380 2289444
1757502253 1274 1635380 2289444
1757502254 1297 1635380 2289444
1757502255 1311 1635380 2289444
1757502256 1325 1635380 2289444
1757502257 1280 1635380 2289444
1757502258 1296 1635380 2289444
1757502259 1312 1635380 2289444
1757502261 1327 1635380 2289444
1757502262 1342 1635380 2289444
1757502263 1354 1635380 2289444
1757502264 1367 1635380 2289444
1757502265 1378 1635508 2289444
1757502266 1389 1635508 2289444
1757502267 1398 1635508 2289444
1757502268 1391 1635508 2289444
1757502269 1316 1260908 3067956
1757502270 1317 1634540 3068504
1757502271 1309 2416808 3068504
1757502272 1320 2416808 3068504
1757502274 1315 3198000 3849756
