1757507185  0.0 16896 676432
1757507186  215 1286000 3816436
1757507187  159 2621296 3816436
1757507188  431 6348500 6974724
1757507189  687 6349652 6974724
1757507190  880 6349652 6974724
1757507191 1022 6349652 6974724
1757507192 1126 6349652 6974724
1757507193 1066 6349652 6974724
1757507194 1114 6349652 6974724
1757507195 1157 6349652 6974724
1757507196 1190 6349652 6974724
1757507198 1217 6349652 6974724
1757507199 1255 6349652 6974724
1757507200 1281 6349652 6974724
1757507201 1300 6349652 6974724
1757507202 1323 6349652 6974724
1757507203 1347 6349652 6974724
1757507204 1299 6349652 6974724
1757507205 1320 6349652 6974724
1757507206 1288 6349652 6974208
1757507207 1236 7980116 10099212
1757507208 1189 9475156 10099212
1757507210 1146 3833172 6974208
1757507211 1106 5004628 6974208
1757507212 1068 6198612 6974208
1757507213 1034 9196640 10099212
1757507214 1002 9546064 10489840
1757507215  972 9699664 10489840
1757507216  944 9855312 10489840
1757507217  917 3615916 4630460
1757507218  893 3768928 4630460
1757507219  870 3920480 4630460
1757507220  848 3652892 6979872
1757507221  827 4916508 6979872
1757507222  807 6186908 6979872
1757507223  803 6352924 6979872
1757507224  827 6355868 6979872
1757507225  825 6355868 6979872
1757507226  843 6355868 6979872
1757507227  859 6355868 6979872
1757507228  877 6355868 6979872
1757507230  897 6355868 6979872
1757507231  912 6355868 6979872
1757507232  929 6355868 6979872
1757507233  945 6355868 6979872
1757507234  962 6355868 6979872
1757507235  958 6355868 6979872
1757507236  974 6355868 6979872
1757507237  988 6355868 6979872
1757507239  997 6355868 6979872
1757507240 1008 6355868 6979872
1757507241 1022 6355868 6979872
1757507242 1034 6355868 6979872
1757507243 1048 6355868 6979872
1757507244 1057 6355868 6979872
1757507245 1049 6355868 6979872
1757507246 1058 6355868 6979872
1757507247 1067 6355868 6979872
1757507249 1079 6355868 6979872
1757507250 1089 6355868 6979872
1757507251 1099 6355868 6979872
1757507252 1109 6355868 6979872
1757507253 1116 6355868 6979872
1757507254 1123 6355868 6979872
1757507255 1115 6355868 6979872
1757507256 1119 6355868 6979872
1757507257 1126 6355868 6979872
1757507259 1132 6355868 6979872
1757507260 1139 6355868 6979872
1757507261 1145 6355868 6979872
1757507262 1147 6355868 6979872
1757507263 1154 6355868 6979872
1757507264 1161 6355868 6979872
1757507265 1169 6355868 6979872
1757507266 1161 6355868 6979872
1757507267 1169 6355868 6979872
1757507268 1176 6355868 6979872
1757507270 1179 6355868 6979872
1757507271 1184 6355868 6979872
1757507272 1191 6355868 6979872
1757507273 1197 6355868 6979872
1757507274 1204 6355868 6979872
1757507275 1197 6355868 6979872
1757507276 1203 6355868 6979872
1757507277 1209 6355868 6979872
1757507278 1213 6355868 6979872
1757507280 1218 6355868 6979872
1757507281 1218 6355868 6979872
1757507282 1222 6355868 6979872
1757507283 1227 6355868 6979872
1757507284 1233 6355868 6979872
1757507285 1238 6355868 6979872
1757507286 1230 6355868 6979872
1757507287 1232 6355868 6979872
1757507288 1234 6355868 6979872
1757507289 1236 6355868 6979872
1757507291 1239 6355868 6979872
1757507292 1243 6355868 6979872
1757507293 1246 6355868 6979872
1757507294 1251 6355868 6979872
1757507295 1255 6355868 6979872
1757507296 1259 6355868 6979872
1757507297 1252 6355868 6979872
1757507298 1257 6355868 6979872
1757507299 1261 6355868 6979872
1757507301 1264 6355868 6979872
1757507302 1266 6355868 6979872
1757507303 1270 6355868 6979872
1757507304 1274 6355868 6979872
1757507305 1278 6355868 6979872
1757507306 1282 6355868 6979872
1757507307 1275 6355868 6979872
1757507308 1279 6355868 6979872
1757507309 1283 6355868 6979872
1757507311 1286 6355868 6979872
1757507312 1290 6355868 6979872
1757507313 1293 6355868 6979872
1757507314 1295 6355868 6979872
1757507315 1298 6355868 6979872
1757507316 1300 6355868 6979872
1757507317 1294 6355868 6979872
1757507318 1296 6355868 6979872
1757507319 1298 6355868 6979872
1757507320 1299 6355868 6979872
1757507322 1300 6355868 6979872
1757507323 1301 6355868 6979872
1757507324 1302 6355868 6979872
1757507325 1305 6355868 6979872
1757507326 1308 6355868 6979872
1757507327 1311 6355868 6979872
1757507328 1314 6355868 6979872
1757507329 1308 6355868 6979872
1757507330 1311 6355868 6979872
1757507331 1314 6355868 6979872
1757507333 1316 6355868 6979872
1757507334 1318 6355868 6979872
1757507335 1321 6355868 6979872
1757507336 1324 6355868 6979872
1757507337 1327 6355868 6979872
1757507338 1322 6355868 6979872
1757507339 1324 6355868 6979872
1757507341 1327 6355868 6979872
1757507342 1330 6355868 6979872
1757507343 1333 6355868 6979872
1757507344 1335 6355868 6979872
1757507345 1337 6355868 6979872
1757507346 1340 6355868 6979872
1757507347 1341 6355868 6979872
1757507348 1335 6355868 6979872
1757507349 1336 6355868 6979872
1757507350 1337 6355868 6979872
1757507352 1338 6355868 6979872
1757507353 1339 6355868 6979872
1757507354 1340 6355868 6979872
1757507355 1342 6355868 6979872
1757507356 1343 6355868 6979872
1757507357 1345 6355868 6979872
1757507358 1346 6355868 6979872
1757507359 1341 6355868 6979872
1757507360 1343 6355868 6979872
1757507361 1345 6355868 6979872
1757507363 1348 6355868 6979872
1757507364 1349 6355868 6979872
1757507365 1350 6355868 6979872
1757507366 1352 6355868 6979872
1757507367 1355 6355868 6979872
1757507368 1357 6355868 6979872
1757507369 1352 6355868 6979872
1757507370 1354 6355868 6979872
1757507371 1356 6355868 6979872
1757507373 1358 6355868 6979872
1757507374 1360 6355868 6979872
1757507375 1362 6355868 6979872
1757507376 1364 6355868 6979872
1757507377 1365 6355868 6979872
1757507378 1367 6355868 6979872
1757507379 1362 6355868 6979872
1757507380 1364 6355868 6979872
1757507381 1364 6355868 6979872
1757507382 1364 6355868 6979872
1757507384 1365 6355868 6979872
1757507385 1365 6355868 6979872
1757507386 1367 6355868 6979872
1757507387 1369 6355868 6979872
1757507388 1370 6355868 6979872
1757507389 1371 6355868 6979872
1757507390 1366 6355868 6979872
1757507391 1367 6355868 6979872
1757507392 1369 6355868 6979872
1757507393 1371 6355868 6979872
1757507395 1372 6355868 6979872
1757507396 1372 6355868 6979872
1757507397 1374 6355868 6979872
1757507398 1376 6355868 6979872
1757507399 1378 6355868 6979872
1757507400 1379 6355868 6979872
1757507401 1375 6355868 6979872
1757507402 1376 6355868 6979872
1757507403 1378 6355868 6979872
1757507405 1380 6355868 6979872
1757507406 1381 6355868 6979872
1757507407 1383 6355868 6979872
1757507408 1384 6355868 6979872
1757507409 1386 6355868 6979872
1757507410 1388 6355868 6979872
1757507411 1383 6355868 6979872
1757507412 1383 6355868 6979872
1757507413 1384 6355868 6979872
1757507415 1385 6355868 6979872
1757507416 1385 6355868 6979872
1757507417 1386 6355868 6979872
1757507418 1387 6355868 6979872
1757507419 1388 6355868 6979872
1757507420 1390 6355868 6979872
1757507421 1391 6355868 6979872
1757507422 1387 6355868 6979872
1757507423 1388 6355868 6979872
1757507424 1388 6355868 6979872
1757507426 1389 6355868 6979872
1757507427 1390 6355868 6979872
1757507428 1391 6355868 6979872
1757507429 1393 6355868 6979872
1757507430 1394 6355868 6979872
1757507431 1395 6355868 6979872
1757507432 1397 6355868 6979872
1757507433 1392 6355868 6979872
1757507434 1394 6355868 6979872
1757507435 1395 6355868 6979872
1757507437 1396 6355868 6979872
1757507438 1398 6355868 6979872
1757507439 1399 6355868 6979872
1757507440 1400 6355868 6979872
1757507441 1402 6355868 6979872
1757507442 1403 6355868 6979872
1757507443 1403 6355868 6979872
1757507444 1398 6355868 6979872
1757507445 1399 6355868 6979872
1757507446 1400 6355868 6979872
1757507448 1401 6355868 6979872
1757507449 1402 6355868 6979872
1757507450 1403 6355868 6979872
1757507451 1403 6355868 6979872
1757507452 1404 6355868 6979872
1757507453 1405 6355868 6979872
1757507454 1406 6355868 6979872
1757507455 1407 6355868 6979872
1757507456 1403 6355868 6979872
1757507457 1403 6355868 6979872
1757507458 1403 6355868 6979872
1757507459 1404 6355868 6979872
1757507461 1404 6356124 6979872
1757507462 1399 6356124 6979872
1757507463 1395 6356124 6979872
1757507464 1390 6356124 6979872
1757507465 1386 6356124 6979872
1757507466 1381 4197384 10099404
1757507467 1376 5452296 10099404
1757507468 1374 6351240 10099760
1757507469 1375 6351240 10099760
1757507470 1376 6351240 10099760
1757507471 1378 6351240 10099760
1757507472 1379 6351240 10099760
1757507473 1375 6351240 10099760
1757507474 1376 6351240 10099760
1757507475 1376 6351240 10099760
1757507476 1372 9474924 10099760
1757507477 1367 9475820 10099760
1757507479 1366 8483848 10099760
1757507480 1367 9477128 10099760
1757507481 1368 9477128 10099760
1757507482 1369 9477128 10099760
1757507483 1371 9477128 10099760
1757507484 1371 9477128 10099760
1757507485 1368 9477128 10099760
1757507486 1368 9477128 10099760
1757507487 1369 9477128 10099760
1757507488 1370 9477128 10099760
1757507490 1371 9477128 10099760
1757507491 1371 9477128 10099760
1757507492 1372 9477128 10099760
1757507493 1373 9477128 10099760
1757507494 1374 9477128 10099760
1757507495 1375 9477128 10099760
1757507496 1375 9477128 10099760
1757507497 1371 10072608 13224764
1757507498 1367 12602016 13224764
1757507499 1363 15609912 16349768
1757507500 1355 16108840 16740396
