1757076938  0.0 17920 677036
1757076939  215 1284032 3816436
1757076940  159 2619328 3816436
1757076941  472 6287700 6974724
1757076942  789 6349524 6974724
1757076943  972 6349524 6974724
1757076944 1093 6349524 6974724
1757076945 1190 6349524 6974724
1757076946 1116 6349524 6974724
1757076947 1158 6349524 6974724
1757076948 1193 6349524 6974724
1757076950 1215 6349524 6974724
1757076951 1234 6349524 6974724
1757076952 1263 6349524 6974724
1757076953 1277 6349524 6974724
1757076954 1282 6349524 6974724
1757076955 1292 6349524 6974724
1757076956 1307 6349524 6974724
1757076957 1330 6349524 6974724
1757076958 1283 6349524 6974724
1757076959 1293 6349524 6974208
1757076960 1242 6806484 10099212
1757076961 1194 8885460 10099212
1757076962 1151 3505464 6974208
1757076963 1110 4726072 6974208
1757076964 1073 5944632 6974208
1757076965 1038 8361156 10099212
1757076966 1006 9521588 10489840
1757076968  976 9683380 10489840
1757076969  948 9843124 10489840
1757076970  921 4006516 4630460
1757076971  896 3744372 4630460
1757076972  873 3891828 4630460
1757076973  851 3466928 6979872
1757076974  830 4742832 6979872
1757076975  811 5960880 6979872
1757076976  799 6352048 6979872
1757076977  822 6355760 6979872
1757076978  836 6355760 6979872
1757076979  854 6355760 6979872
1757076980  850 6355760 6979872
1757076981  868 6355760 6979872
1757076982  887 6355760 6979872
1757076984  903 6355760 6979872
1757076985  917 6355760 6979872
1757076986  932 6355760 6979872
1757076987  945 6355760 6979872
1757076988  959 6355760 6979872
1757076989  971 6355760 6979872
1757076990  983 6355760 6979872
1757076991  975 6355760 6979872
1757076992  989 6355760 6979872
1757076993 1002 6355760 6979872
1757076995 1014 6355760 6979872
1757076996 1027 6355760 6979872
1757076997 1038 6355760 6979872
1757076998 1050 6355760 6979872
1757076999 1059 6355760 6979872
1757077000 1070 6355760 6979872
1757077001 1063 6355760 6979872
1757077002 1073 6355760 6979872
1757077003 1083 6355760 6979872
1757077005 1093 6355760 6979872
1757077006 1103 6355760 6979872
1757077007 1112 6355760 6979872
1757077008 1122 6355760 6979872
1757077009 1130 6355760 6979872
1757077010 1135 6355760 6979872
1757077011 1125 6355760 6979872
1757077012 1131 6355760 6979872
1757077014 1140 6355760 6979872
1757077015 1147 6355760 6979872
1757077016 1156 6355760 6979872
1757077017 1162 6355760 6979872
1757077018 1169 6355760 6979872
1757077019 1173 6355760 6979872
1757077020 1165 6355760 6979872
1757077021 1169 6355760 6979872
1757077022 1174 6355760 6979872
1757077024 1179 6355760 6979872
1757077025 1184 6355760 6979872
1757077026 1189 6355760 6979872
1757077027 1194 6355760 6979872
1757077028 1201 6355888 6979872
1757077029 1207 6355888 6979872
1757077030 1199 6355888 6979872
1757077031 1203 6355888 6979872
1757077032 1209 6355888 6979872
1757077034 1214 6355888 6979872
1757077035 1220 6355888 6979872
1757077036 1225 6355888 6979872
1757077037 1231 6355888 6979872
1757077038 1236 6355888 6979872
1757077039 1241 6355888 6979872
1757077040 1234 6355888 6979872
1757077041 1236 6355888 6979872
1757077042 1240 6355888 6979872
1757077044 1242 6355888 6979872
1757077045 1247 6355888 6979872
1757077046 1251 6355888 6979872
1757077047 1256 6355888 6979872
1757077048 1261 6355888 6979872
1757077049 1265 6355888 6979872
1757077050 1258 6355888 6979872
1757077051 1261 6355888 6979872
1757077052 1264 6355888 6979872
1757077054 1266 6355888 6979872
1757077055 1269 6355888 6979872
1757077056 1272 6355888 6979872
1757077057 1275 6355888 6979872
1757077058 1277 6355888 6979872
1757077059 1280 6355888 6979872
1757077060 1273 6355888 6979872
1757077061 1276 6355888 6979872
1757077062 1279 6355888 6979872
1757077064 1283 6355888 6979872
1757077065 1287 6355888 6979872
1757077066 1290 6355888 6979872
1757077067 1294 6355888 6979872
1757077068 1297 6355888 6979872
1757077069 1301 6355888 6979872
1757077070 1294 6355888 6979872
1757077071 1298 6355888 6979872
1757077072 1300 6355888 6979872
1757077074 1302 6355888 6979872
1757077075 1303 6355888 6979872
1757077076 1306 6355888 6979872
1757077077 1310 6355888 6979872
1757077078 1313 6355888 6979872
1757077079 1306 6355888 6979872
1757077080 1309 6355888 6979872
1757077081 1312 6355888 6979872
1757077083 1315 6355888 6979872
1757077084 1317 6355888 6979872
1757077085 1320 6355888 6979872
1757077086 1322 6355888 6979872
1757077087 1324 6355888 6979872
1757077088 1326 6355888 6979872
1757077089 1319 6355888 6979872
1757077090 1321 6355888 6979872
1757077091 1323 6355888 6979872
1757077092 1324 6355888 6979872
1757077094 1325 6355888 6979872
1757077095 1328 6355888 6979872
1757077096 1331 6355888 6979872
1757077097 1333 6355888 6979872
1757077098 1336 6355888 6979872
1757077099 1331 6355888 6979872
1757077100 1332 6355888 6979872
1757077101 1335 6355888 6979872
1757077103 1337 6355888 6979872
1757077104 1339 6355888 6979872
1757077105 1340 6355888 6979872
1757077106 1341 6355888 6979872
1757077107 1343 6355888 6979872
1757077108 1345 6355888 6979872
1757077109 1340 6355888 6979872
1757077110 1342 6355888 6979872
1757077111 1344 6355888 6979872
1757077113 1346 6355888 6979872
1757077114 1348 6355888 6979872
1757077115 1350 6355888 6979872
1757077116 1352 6355888 6979872
1757077117 1354 6355888 6979872
1757077118 1357 6355888 6979872
1757077119 1351 6355888 6979872
1757077120 1352 6355888 6979872
1757077121 1353 6355888 6979872
1757077122 1354 6355888 6979872
1757077124 1356 6355888 6979872
1757077125 1357 6355888 6979872
1757077126 1358 6355888 6979872
1757077127 1359 6355888 6979872
1757077128 1361 6355888 6979872
1757077129 1363 6355888 6979872
1757077130 1358 6355888 6979872
1757077131 1360 6355888 6979872
1757077132 1362 6355888 6979872
1757077134 1364 6355888 6979872
1757077135 1365 6355888 6979872
1757077136 1366 6355888 6979872
1757077137 1367 6355888 6979872
1757077138 1368 6355888 6979872
1757077139 1370 6355888 6979872
1757077140 1365 6355888 6979872
1757077141 1367 6355888 6979872
1757077142 1368 6355888 6979872
1757077144 1370 6355888 6979872
1757077145 1371 6355888 6979872
1757077146 1373 6355888 6979872
1757077147 1375 6355888 6979872
1757077148 1377 6355888 6979872
1757077149 1378 6355888 6979872
1757077150 1373 6355888 6979872
1757077151 1375 6355888 6979872
1757077152 1376 6355888 6979872
1757077154 1377 6355888 6979872
1757077155 1378 6355888 6979872
1757077156 1379 6355888 6979872
1757077157 1380 6355888 6979872
1757077158 1382 6355888 6979872
1757077159 1383 6355888 6979872
1757077160 1383 6355888 6979872
1757077161 1384 6355888 6979872
1757077162 1379 6355888 6979872
1757077163 1380 6355888 6979872
1757077165 1382 6355888 6979872
1757077166 1383 6355888 6979872
1757077167 1384 6355888 6979872
1757077168 1385 6355888 6979872
1757077169 1386 6355888 6979872
1757077170 1387 6355888 6979872
1757077171 1383 6355888 6979872
1757077172 1384 6355888 6979872
1757077173 1385 6355888 6979872
1757077174 1387 6355888 6979872
1757077176 1388 6355888 6979872
1757077177 1389 6355888 6979872
1757077178 1391 6355888 6979872
1757077179 1392 6355888 6979872
1757077180 1394 6355888 6979872
1757077181 1395 6355888 6979872
1757077182 1390 6355888 6979872
1757077183 1391 6355888 6979872
1757077184 1393 6355888 6979872
1757077186 1394 6355888 6979872
1757077187 1395 6355888 6979872
1757077188 1396 6355888 6979872
1757077189 1397 6355888 6979872
1757077190 1398 6355888 6979872
1757077191 1399 6355888 6979872
1757077192 1394 6355888 6979872
1757077193 1395 6355888 6979872
1757077194 1396 6355888 6979872
1757077196 1397 6355888 6979872
1757077197 1398 6355888 6979872
1757077198 1398 6355888 6979872
1757077199 1399 6355888 6979872
1757077200 1399 6355888 6979872
1757077201 1400 6355888 6979872
1757077202 1401 6355888 6979872
1757077203 1402 6355888 6979872
1757077204 1398 6355888 6979872
1757077205 1399 6355888 6979872
1757077206 1400 6355888 6979872
1757077208 1401 6355888 6979872
1757077209 1402 6355888 6979872
1757077210 1403 6355888 6979872
1757077211 1404 6355888 6979872
1757077212 1405 6355888 6979872
1757077213 1406 6355888 6979872
1757077214 1407 6355888 6979872
1757077215 1405 6356016 6979872
1757077216 1400 6356016 6979872
1757077217 1395 6356016 6979872
1757077218 1391 6356016 6979872
1757077219 1381 3555388 10099404
1757077220 1377 4777148 10099404
1757077221 1372 6037948 10099404
1757077222 1372 6351036 10099760
1757077223 1372 6351036 10099760
1757077224 1373 6351036 10099760
1757077226 1374 6351036 10099760
1757077227 1375 6351036 10099760
1757077228 1375 6351036 10099760
1757077229 1376 6351036 10099760
1757077230 1376 6351036 10099760
1757077231 1376 6351036 10099760
1757077232 1377 6351036 10099760
1757077233 1375 9474332 10099760
1757077234 1370 9475356 10099760
1757077235 1366 6365140 10099760
1757077236 1363 9477000 10099760
1757077237 1364 9477000 10099760
1757077238 1365 9477000 10099760
1757077239 1366 9477000 10099760
1757077241 1367 9477000 10099760
1757077242 1369 9477000 10099760
1757077243 1370 9477000 10099760
1757077244 1371 9477000 10099760
1757077245 1371 9477000 10099760
1757077246 1373 9477000 10099760
1757077247 1369 9477000 10099760
1757077248 1370 9477000 10099760
1757077249 1371 9477000 10099760
1757077250 1372 9477000 10099760
1757077252 1373 9477000 10099760
1757077253 1371 9477000 10099760
1757077254 1367 12302752 13224764
1757077255 1363 15671224 16349768
1757077256 1359 9975388 10881016
