1757504074  0.0 17920 677036
1757504075  209 1286948 2449248
1757504076  628 3599160 4240348
1757504078  952 3599160 4240348
1757504079 1126 3599160 4240348
1757504080 1239 3599160 4240348
1757504081 1321 3599160 4240348
1757504082 1370 3599160 4240348
1757504083 1395 3599160 4240348
1757504084 1272 3599160 4239832
1757504085 1166 5188536 5997648
1757504086 1077 3525136 4239832
1757504087 1002 5454188 6217376
1757504088  938 2212948 2921472
1757504089  882 3601208 4244088
1757504090  899 3605176 4244088
1757504092  947 3605176 4244088
1757504093  991 3605176 4244088
1757504094 1030 3605176 4244088
1757504095 1066 3605176 4244088
1757504096 1098 3605176 4244088
1757504097 1129 3605176 4244088
1757504098 1107 3605176 4244088
1757504099 1132 3605176 4244088
1757504100 1154 3605176 4244088
1757504102 1176 3605176 4244088
1757504103 1193 3605176 4244088
1757504104 1208 3605176 4244088
1757504105 1218 3605176 4244088
1757504106 1230 3605176 4244088
1757504107 1241 3605176 4244088
1757504108 1255 3605176 4244088
1757504109 1229 3605176 4244088
1757504110 1239 3605176 4244088
1757504111 1250 3605176 4244088
1757504113 1258 3605176 4244088
1757504114 1271 3605176 4244088
1757504115 1279 3605176 4244088
1757504116 1286 3605176 4244088
1757504117 1291 3605176 4244088
1757504118 1301 3605176 4244088
1757504119 1281 3605176 4244088
1757504120 1290 3605176 4244088
1757504121 1298 3605176 4244088
1757504122 1307 3605176 4244088
1757504124 1316 3605176 4244088
1757504125 1324 3605176 4244088
1757504126 1332 3605176 4244088
1757504127 1340 3605176 4244088
1757504128 1348 3605176 4244088
1757504129 1331 3605176 4244088
1757504130 1339 3605176 4244088
1757504131 1345 3605176 4244088
1757504133 1352 3605176 4244088
1757504134 1357 3605176 4244088
1757504135 1363 3605176 4244088
1757504136 1366 3605176 4244088
1757504137 1371 3605176 4244088
1757504138 1376 3605176 4244088
1757504139 1380 3605176 4244088
1757504140 1362 3605176 4244088
1757504141 1367 3605176 4244088
1757504142 1371 3605176 4244088
1757504144 1375 3605176 4244088
1757504145 1378 3605176 4244088
1757504146 1381 3605176 4244088
1757504147 1382 3605176 4244088
1757504148 1384 3605176 4244088
1757504149 1388 3605176 4244088
1757504150 1374 3605176 4244088
1757504151 1378 3605176 4244088
1757504152 1382 3605176 4244088
1757504154 1388 3605176 4244088
1757504155 1392 3605176 4244088
1757504156 1397 3605176 4244088
1757504157 1400 3605176 4244088
1757504158 1405 3605176 4244088
1757504159 1409 3605176 4244088
1757504160 1396 3605176 4244088
1757504161 1400 3605176 4244088
1757504162 1404 3605176 4244088
1757504164 1408 3605176 4244088
1757504165 1410 3605176 4244088
1757504166 1413 3605176 4244088
1757504167 1415 3605176 4244088
1757504168 1418 3605176 4244088
1757504169 1421 3605176 4244088
1757504170 1425 3605176 4244088
1757504171 1412 3605176 4244088
1757504172 1415 3605176 4244088
1757504173 1416 3605176 4244088
1757504175 1416 3605176 4244088
1757504176 1418 3605176 4244088
1757504177 1420 3605176 4244088
1757504178 1421 3605176 4244088
1757504179 1421 3605176 4244088
1757504180 1421 3605176 4244088
1757504181 1423 3605176 4244088
1757504182 1412 3605176 4244088
1757504183 1415 3605176 4244088
1757504184 1418 3605176 4244088
1757504185 1420 3605176 4244088
1757504187 1423 3605176 4244088
1757504188 1425 3605176 4244088
1757504189 1428 3605176 4244088
1757504190 1430 3605304 4244088
1757504191 1426 3605304 4244088
1757504192 1415 3605304 4244088
1757504193 1404 1898740 4244088
1757504194 1395 3601888 5998196
1757504195 1397 3601888 5998196
1757504196 1399 3601888 5998196
1757504197 1389 3601888 5998196
1757504198 1391 3601888 5998196
1757504199 1384 4871068 5998196
1757504201 1387 5360540 5998196
1757504202 1390 5360540 5998196
1757504203 1392 5360540 5998196
1757504204 1394 5360540 5998196
1757504205 1397 5360540 5998196
1757504206 1399 5360540 5998196
1757504207 1394 6383756 7756012
1757504208 1385 8876156 9513828
