1757071734  0.0 16896 676432
1757071735  434 1630604 2287220
1757071736  859 1630604 2287220
1757071737  938 2033932 3067956
1757071738  771 2255664 3067956
1757071739  660 1015560 1700772
1757071740  659 1635348 2289444
1757071742  780 1635348 2289444
1757071743  891 1635348 2289444
1757071744  977 1635348 2289444
1757071745 1044 1635348 2289444
1757071746 1089 1635348 2289444
1757071747 1130 1635348 2289444
1757071748 1084 1635348 2289444
1757071749 1118 1635348 2289444
1757071750 1151 1635348 2289444
1757071752 1176 1635348 2289444
1757071753 1198 1635348 2289444
1757071754 1215 1635348 2289444
1757071755 1231 1635348 2289444
1757071756 1250 1635348 2289444
1757071757 1264 1635348 2289444
1757071758 1277 1635348 2289444
1757071759 1246 1635348 2289444
1757071760 1263 1635348 2289444
1757071761 1279 1635348 2289444
1757071762 1295 1635348 2289444
1757071764 1309 1635348 2289444
1757071765 1323 1635348 2289444
1757071766 1334 1635348 2289444
1757071767 1346 1635348 2289444
1757071768 1356 1635476 2289444
1757071769 1367 1635476 2289444
1757071770 1372 1635476 2289444
1757071771 1342 1635476 2289444
1757071772 1348 1635476 2289444
1757071773 1341 1635604 2289444
1757071774 1310 1367820 3067956
1757071775 1314 1634316 3068504
1757071777 1309 2416684 3068504
1757071778 1318 2416684 3068504
1757071779 1307 3979068 4631008
