1757074062  0.0 16640 676432
1757074063  215 1303096 2449248
1757074064  676 3599000 4240348
1757074065  971 3599000 4240348
1757074067 1113 3599000 4240348
1757074068 1176 3599000 4240348
1757074069 1227 3599000 4240348
1757074070 1276 3599000 4240348
1757074071 1319 3599000 4240348
1757074072 1333 3599000 4240348
1757074073 1284 4285976 5997648
1757074074 1176 2271620 4239832
1757074075 1087 5002236 5997648
1757074076 1011 2282412 2921472
1757074077  883 2557456 4244088
1757074078  859 3603728 4244088
1757074079  909 3605136 4244088
1757074080  956 3605136 4244088
1757074082  998 3605136 4244088
1757074083 1036 3605136 4244088
1757074084 1069 3605136 4244088
1757074085 1103 3605136 4244088
1757074086 1130 3605136 4244088
1757074087 1110 3605136 4244088
1757074088 1133 3605136 4244088
1757074089 1155 3605136 4244088
1757074091 1176 3605136 4244088
1757074092 1193 3605136 4244088
1757074093 1207 3605136 4244088
1757074094 1218 3605136 4244088
1757074095 1230 3605136 4244088
1757074096 1240 3605136 4244088
1757074097 1248 3605136 4244088
1757074098 1256 3605136 4244088
1757074099 1232 3605136 4244088
1757074100 1241 3605136 4244088
1757074101 1250 3605136 4244088
1757074103 1254 3605136 4244088
1757074104 1258 3605136 4244088
1757074105 1269 3605136 4244088
1757074106 1280 3605136 4244088
1757074107 1290 3605136 4244088
1757074108 1300 3605136 4244088
1757074109 1282 3605136 4244088
1757074110 1293 3605136 4244088
1757074111 1302 3605136 4244088
1757074113 1310 3605136 4244088
1757074114 1319 3605136 4244088
1757074115 1328 3605136 4244088
1757074116 1336 3605136 4244088
1757074117 1344 3605136 4244088
1757074118 1351 3605136 4244088
1757074119 1334 3605136 4244088
1757074120 1341 3605136 4244088
1757074121 1347 3605136 4244088
1757074123 1353 3605136 4244088
1757074124 1359 3605136 4244088
1757074125 1366 3605136 4244088
1757074126 1372 3605136 4244088
1757074127 1376 3605136 4244088
1757074128 1355 3605136 4244088
1757074129 1357 3605136 4244088
1757074130 1358 3605136 4244088
1757074131 1363 3605136 4244088
1757074133 1367 3605136 4244088
1757074134 1369 3605136 4244088
1757074135 1373 3605136 4244088
1757074136 1375 3605136 4244088
1757074137 1379 3605136 4244088
1757074138 1382 3605136 4244088
1757074139 1388 3605136 4244088
1757074140 1374 3605136 4244088
1757074141 1379 3605136 4244088
1757074142 1384 3605136 4244088
1757074144 1388 3605136 4244088
1757074145 1393 3605136 4244088
1757074146 1397 3605136 4244088
1757074147 1401 3605136 4244088
1757074148 1405 3605136 4244088
1757074149 1393 3605136 4244088
1757074150 1397 3605136 4244088
1757074151 1401 3605136 4244088
1757074153 1404 3605136 4244088
1757074154 1407 3605136 4244088
1757074155 1411 3605136 4244088
1757074156 1414 3605136 4244088
1757074157 1418 3605136 4244088
1757074158 1420 3605136 4244088
1757074159 1407 3605136 4244088
1757074160 1408 3605136 4244088
1757074161 1409 3605136 4244088
1757074162 1409 3605136 4244088
1757074164 1410 3605136 4244088
1757074165 1410 3605136 4244088
1757074166 1412 3605136 4244088
1757074167 1415 3605136 4244088
1757074168 1418 3605136 4244088
1757074169 1420 3605136 4244088
1757074170 1421 3605136 4244088
1757074171 1422 3605136 4244088
1757074172 1411 3605136 4244088
1757074173 1414 3605136 4244088
1757074174 1416 3605136 4244088
1757074175 1419 3605136 4244088
1757074177 1422 3605136 4244088
1757074178 1424 3605136 4244088
1757074179 1425 3605392 4244088
1757074180 1414 3605392 4244088
1757074181 1403 3605392 4244088
1757074182 1392 3177180 5997800
1757074183 1392 3601884 5998196
1757074184 1394 3601884 5998196
1757074185 1396 3601884 5998196
1757074186 1389 5359660 5998196
1757074187 1389 5360544 5998196
1757074188 1381 5360544 5998196
1757074189 1383 5360544 5998196
1757074190 1384 5360544 5998196
1757074192 1385 5360544 5998196
1757074193 1387 5360544 5998196
1757074194 1389 5360544 5998196
1757074195 1381 7118352 7756012
1757074196 1372 5640888 6437652
