1757071499  0.0 16768 676432
1757071500 1208 939920 1603628
1757071501  874 1412460 2097500
1757071502  852 943864 1605164
1757071503 1023 943864 1605164
1757071504 1108 943864 1605164
1757071505 1173 943864 1605164
1757071506 1227 943864 1605164
1757071507 1122 943864 1605164
1757071508 1155 943864 1605164
1757071509 1181 943864 1605164
1757071510 1218 943864 1605164
1757071512 1254 943864 1605164
1757071513 1286 943864 1605164
1757071514 1315 943864 1605164
1757071515 1340 943864 1605164
1757071516 1363 943992 1605164
1757071517 1380 943992 1605164
1757071518 1337 945452 2043116
1757071519 1342 1385644 2043116
