1757679048  0.0 15744 675408
1757679049  214 1278596 3084012
1757679050  158 2729620 5476592
1757679051  140 4816276 5476592
1757679052  130 4236812 5476592
1757679053  125 3107088 7869172
1757679054  161 4876688 7902456
1757679056  383 4876816 7902484
1757679057  548 4876816 7902484
1757679058  677 4876816 7902484
1757679059  779 4876816 7902484
1757679060  743 7269148 7902484
1757679061  689 5846540 12687780
1757679062  644 8021644 12687780
1757679063  661 9676812 12692436
1757679064  715 9676812 12692436
1757679065  765 9676812 12692436
1757679066  769 9676812 12692436
1757679067  818 9676812 12692436
1757679068  859 9676812 12692436
1757679070  900 9676812 12692436
1757679071  933 9676940 12692436
1757679072  966 9676940 12692436
1757679073  993 9676940 12692436
1757679074 1016 9676940 12692436
1757679075 1038 9676940 12692436
1757679076 1059 9676940 12692436
1757679077 1080 9676940 12692436
1757679078 1062 9676940 12692436
1757679079 1084 9676940 12692436
1757679080 1103 9676940 12692436
1757679082 1122 9676940 12692436
1757679083 1136 9676940 12692436
1757679084 1150 9676940 12692436
1757679085 1161 9676940 12692436
1757679086 1174 9676940 12692436
1757679087 1186 9676940 12692436
1757679088 1198 9676940 12692436
1757679089 1207 9676940 12692436
1757679090 1213 9676940 12692436
1757679091 1183 9676940 12692436
1757679092 1161 12067384 12692436
1757679093 1140 7651976 10299720
1757679094 1149 9677912 10299720
1757679095 1157 9677912 10299720
1757679097 1164 9677912 10299720
1757679098 1174 9677912 10299720
1757679099 1184 9677912 10299720
1757679100 1194 9677912 10299720
1757679101 1204 9677912 10299720
1757679102 1213 9677912 10299720
1757679103 1222 9677912 10299720
1757679104 1231 9677912 10299720
1757679105 1213 9677912 10299720
1757679106 1215 7285692 7907140
1757679107 1222 7285692 7907140
1757679108 1227 7285692 7907140
1757679110 1234 7285692 7907140
1757679111 1240 7285692 7907140
1757679112 1248 7285692 7907140
1757679113 1254 7285692 7907140
1757679114 1261 7285692 7907140
1757679115 1268 7285692 7907140
1757679116 1275 7285692 7907140
1757679117 1262 7285692 7907140
1757679118 1266 7285692 7907140
1757679119 1271 7285692 7907140
1757679120 1274 7285692 7907140
1757679121 1279 7285692 7907140
1757679123 1285 7285692 7907140
1757679124 1287 7285692 7907140
1757679125 1291 7285692 7907140
1757679126 1294 7285692 7907140
1757679127 1297 7285692 7907140
1757679128 1300 7285692 7907140
1757679129 1305 7285692 7907140
1757679130 1294 7322300 10299720
1757679131 1280 10648892 15084880
