1757678043  0.0 15744 675408
1757678044  215 1313240 3132840
1757678045  158 2227736 3132840
1757678046  247 2518684 4386856
1757678047  615 2518684 4386856
1757678048  609 2919012 6828360
1757678049  604 4969700 6833016
1757678050  751 4969700 6833016
1757678051  863 4969828 6833016
1757678052  861 4969828 6833016
1757678053  939 4969828 6833016
1757678054 1005 4969828 6833016
1757678055 1056 4969828 6833016
1757678057 1105 4969828 6833016
1757678058 1144 4969828 6833016
1757678059 1179 4969828 6833016
1757678060 1159 6189692 6833016
1757678061 1170 4971508 5612216
1757678062 1193 4971508 5612216
1757678063 1211 4971508 5612216
1757678064 1226 4971508 5612216
1757678065 1175 3750996 4391512
1757678066 1183 3750996 4391512
1757678067 1189 3750996 4391512
1757678068 1202 3750996 4391512
1757678069 1214 3750996 4391512
1757678071 1231 3750996 4391512
1757678072 1248 3750996 4391512
1757678073 1263 3750996 4391512
1757678074 1276 3899492 6832920
