1757678010  0.0 15616 675408
1757678011  215 1333596 3132840
1757678012  159 2230044 3132840
1757678013  237 2518980 4386856
1757678015  592 2518980 4386856
1757678016  662 3739588 4386856
1757678017  569 4858148 6828360
1757678018  721 4970148 6833020
1757678019  846 4970148 6833020
1757678020  929 4970148 6833020
1757678021 1008 4970148 6833020
1757678022 1069 4970148 6833020
1757678023 1124 4970148 6833020
1757678024 1084 4970148 6833020
1757678025 1125 4970148 6833020
1757678026 1162 4970148 6833020
1757678027 1161 6189336 6833020
1757678028 1158 4971704 5612220
1757678030 1182 4971704 5612220
1757678031 1200 4971704 5612220
1757678032 1207 4971704 5612220
1757678033 1205 3751000 5612220
1757678034 1210 3750984 4391516
1757678035 1218 3750984 4391516
1757678036 1225 3750984 4391516
1757678037 1241 3750984 4391516
1757678038 1259 3750984 4391516
1757678039 1271 3750984 4391516
1757678040 1243 3750984 4391516
1757678041 1257 3750984 4391516
1757678042 1244 5761304 8053628
