1757502038  0.0 16768 676432
1757502039 1264 939876 1603628
1757502040  907 1400000 2097500
1757502041  891 943948 1605164
1757502043 1068 943948 1605164
1757502044 1172 943948 1605164
1757502045 1262 943948 1605164
1757502046 1326 943948 1605164
1757502047 1380 943948 1605164
1757502048 1413 943948 1605164
1757502049 1445 943948 1605164
1757502050 1346 943948 1605164
1757502051 1375 944076 1605164
1757502052 1392 944076 1605164
1757502053 1397 944076 1605164
1757502055 1405 944076 1605164
1757502056 1408 944076 1605164
1757502057 1413 944076 1605164
1757502058 1418 944076 1605164
1757502059 1397 944204 1605164
1757502060 1372 1305948 2043116
1757502061 1372 1982428 2922028
