1757071355  0.0 15616 675408
1757071356 1220 940004 1603628
1757071357  890 1406308 2097500
1757071358  875 943856 1605164
1757071360 1098 943856 1605164
1757071361 1216 943856 1605164
1757071362 1303 943856 1605164
1757071363 1363 943856 1605164
1757071364 1403 943856 1605164
1757071365 1439 943856 1605164
1757071366 1332 943856 1605164
1757071367 1358 943856 1605164
1757071368 1374 943856 1605164
1757071369 1390 943856 1605164
1757071371 1405 943856 1605164
1757071372 1418 943984 1605164
1757071373 1367 945516 2043116
1757071374 1379 945516 2043116
1757071375 1389 945516 2043116
1757071376 1389 1385824 2043116
1757071377 1382 2264672 2922028
