1757502497  0.0 17920 677036
1757502498  856 1630584 2287220
1757502499 1286 1630584 2287220
1757502500 1250 2106744 3067956
1757502501  963 2413424 3067956
1757502502  791 1027808 1700772
1757502503  776 1635436 2289444
1757502504  918 1635436 2289444
1757502505  908 1635436 2289444
1757502506  993 1635436 2289444
1757502507 1062 1635436 2289444
1757502509 1119 1635436 2289444
1757502510 1168 1635436 2289444
1757502511 1209 1635436 2289444
1757502512 1243 1635436 2289444
1757502513 1272 1635436 2289444
1757502514 1292 1635436 2289444
1757502515 1240 1635436 2289444
1757502516 1260 1635436 2289444
1757502517 1276 1635436 2289444
1757502519 1296 1635436 2289444
1757502520 1307 1635436 2289444
1757502521 1321 1635436 2289444
1757502522 1337 1635436 2289444
1757502523 1350 1635436 2289444
1757502524 1352 1635436 2289444
1757502525 1356 1635436 2289444
1757502526 1312 1635436 2289444
1757502527 1321 1635436 2289444
1757502528 1334 1635436 2289444
1757502529 1345 1635436 2289444
1757502531 1356 1635436 2289444
1757502532 1365 1635436 2289444
1757502533 1364 1635564 2289444
1757502534 1330 1070680 3067956
1757502535 1327 1634392 3068504
1757502536 1321 2416672 3068504
1757502537 1332 2416672 3068504
1757502538 1319 3979056 4631008
