1757071396  0.0 16768 676432
1757071397 1250 939920 1603728
1757071398  623 1380792 2042668
1757071399  674 943992 1605264
1757071400  870 943992 1605264
1757071401  986 943992 1605264
1757071402 1072 943992 1605264
1757071404 1139 943992 1605264
1757071405 1199 943992 1605264
1757071406 1250 943992 1605264
1757071407 1280 943992 1605264
1757071408 1303 943992 1605264
1757071409 1319 943992 1605264
1757071410 1329 943992 1605264
1757071411 1269 943992 1605264
1757071412 1282 943992 1605264
1757071413 1296 943992 1605264
1757071414 1308 943992 1605264
1757071416 1327 943992 1605264
1757071417 1326 943992 1605264
1757071418 1300 1383868 2043244
1757071419 1310 1386108 2482700
