1757502101  0.0 16896 676432
1757502102 1232 940120 1603628
1757502103  896 1396148 2097500
1757502104  865 944064 1605164
1757502105 1074 944064 1605164
1757502106 1201 944064 1605164
1757502107 1105 944064 1605164
1757502108 1172 944064 1605164
1757502109 1220 944064 1605164
1757502111 1260 944064 1605164
1757502112 1291 944064 1605164
1757502113 1321 944064 1605164
1757502114 1350 944064 1605164
1757502115 1367 944064 1605164
1757502116 1379 944064 1605164
1757502117 1398 944064 1605164
1757502118 1405 944064 1605164
1757502119 1329 944192 1605164
1757502120 1295 945656 2043116
1757502121 1308 945656 2043116
1757502122 1317 945656 2043116
1757502123 1323 1385948 2043116
1757502125 1320 2264796 2922028
