1757504344  0.0 15104 675408
1757504345  211 1268404 2449248
1757504346  642 3599076 4240348
1757504347 1008 3599076 4240348
1757504349 1153 3599076 4240348
1757504350 1223 3599076 4240348
1757504351 1292 3599076 4240348
1757504352 1327 3599076 4240348
1757504353 1361 3599076 4240348
1757504354 1403 3599076 4240348
1757504355 1282 5133540 5997648
1757504356 1175 3379600 4239832
1757504357 1002 5419344 6217376
1757504358  938 2180152 2921472
1757504359  882 3410204 4244088
1757504360  893 3605020 4244088
1757504361  944 3605020 4244088
1757504363  986 3605020 4244088
1757504364 1027 3605020 4244088
1757504365 1052 3605020 4244088
1757504366 1073 3605020 4244088
1757504367 1096 3605020 4244088
1757504368 1119 3605020 4244088
1757504369 1146 3605020 4244088
1757504370 1127 3605020 4244088
1757504371 1151 3605020 4244088
1757504372 1170 3605020 4244088
1757504374 1187 3605020 4244088
1757504375 1200 3605020 4244088
1757504376 1212 3605020 4244088
1757504377 1224 3605020 4244088
1757504378 1238 3605020 4244088
1757504379 1252 3605020 4244088
1757504380 1263 3605020 4244088
1757504381 1242 3605020 4244088
1757504382 1254 3605020 4244088
1757504383 1261 3605020 4244088
1757504385 1269 3605020 4244088
1757504386 1272 3605020 4244088
1757504387 1281 3605020 4244088
1757504388 1292 3605020 4244088
1757504389 1301 3605020 4244088
1757504390 1310 3605020 4244088
1757504391 1318 3605020 4244088
1757504392 1300 3605020 4244088
1757504393 1308 3605020 4244088
1757504394 1317 3605020 4244088
1757504396 1324 3605020 4244088
1757504397 1328 3605020 4244088
1757504398 1332 3605020 4244088
1757504399 1337 3605020 4244088
1757504400 1345 3605020 4244088
1757504401 1352 3605020 4244088
1757504402 1335 3605020 4244088
1757504403 1341 3605020 4244088
1757504404 1349 3605020 4244088
1757504406 1355 3605020 4244088
1757504407 1361 3605020 4244088
1757504408 1366 3605020 4244088
1757504409 1369 3605020 4244088
1757504410 1372 3605020 4244088
1757504411 1375 3605020 4244088
1757504412 1380 3605020 4244088
1757504413 1365 3605020 4244088
1757504414 1370 3605020 4244088
1757504415 1373 3605020 4244088
1757504417 1377 3605020 4244088
1757504418 1379 3605020 4244088
1757504419 1383 3605020 4244088
1757504420 1386 3605020 4244088
1757504421 1390 3605020 4244088
1757504422 1394 3605020 4244088
1757504423 1381 3605020 4244088
1757504424 1385 3605020 4244088
1757504425 1389 3605020 4244088
1757504426 1392 3605020 4244088
1757504428 1394 3605020 4244088
1757504429 1396 3605020 4244088
1757504430 1398 3605020 4244088
1757504431 1402 3605020 4244088
1757504432 1406 3605020 4244088
1757504433 1410 3605148 4244088
1757504434 1398 3605148 4244088
1757504435 1402 3605148 4244088
1757504436 1405 3605148 4244088
1757504438 1409 3605148 4244088
1757504439 1412 3605148 4244088
1757504440 1416 3605148 4244088
1757504441 1418 3605148 4244088
1757504442 1420 3605148 4244088
1757504443 1422 3605148 4244088
1757504444 1409 3605148 4244088
1757504445 1411 3605148 4244088
1757504446 1413 3605148 4244088
1757504447 1416 3605148 4244088
1757504449 1418 3605148 4244088
1757504450 1420 3605148 4244088
1757504451 1422 3605148 4244088
1757504452 1424 3605148 4244088
1757504453 1426 3605148 4244088
1757504454 1427 3605148 4244088
1757504455 1430 3605148 4244088
1757504456 1419 3605148 4244088
1757504457 1422 3605148 4244088
1757504458 1423 3605148 4244088
1757504459 1424 3605148 4244088
1757504461 1424 3605148 4244088
1757504462 1426 3605148 4244088
1757504463 1428 3605148 4244088
1757504464 1431 3605148 4244088
1757504465 1422 3605148 4244088
1757504466 1411 3605148 4244088
1757504467 1400 2344292 5997800
1757504468 1396 3601764 5998196
1757504469 1398 3601764 5998196
1757504470 1401 3601764 5998196
1757504471 1384 5359556 5998196
1757504472 1384 5360528 5998196
1757504473 1387 5360528 5998196
1757504474 1389 5360528 5998196
1757504476 1392 5360528 5998196
1757504477 1393 5360528 5998196
1757504478 1395 5360528 5998196
1757504479 1395 5360528 5998196
1757504480 1390 6566016 7756012
1757504481 1381 8915496 9733556
