1757680615  0.0 15488 675408
1757680616  214 1285952 3816436
1757680617  158 2625344 3816436
1757680618  140 3175780 6941440
1757680619  130 4345188 6941440
1757680620  125 5526884 6941440
1757680621  121 3418572 6941440
1757680623  118 5461452 6941440
1757680624  116 3293392 10066444
1757680625  114 4525520 10066444
1757680626  113 5644880 10066444
1757680627  186 6349008 10099756
1757680628  305 6349008 10099756
1757680629  400 6349008 10099756
1757680630  483 6349008 10099756
1757680631  561 6349008 10099756
1757680632  634 6349008 10099756
1757680633  688 6349008 10099756
1757680634  733 6349008 10099756
1757680635  723 6349008 10099756
1757680636  693 9472708 10099756
1757680637  666 9473604 10099756
1757680638  642 6737272 16349916
1757680639  619 7913848 16349916
1757680640  598 9151352 16349916
1757680641  579 11804920 16349916
1757680642  606 12615544 16354572
1757680644  645 12615544 16354572
1757680645  681 12615544 16354572
1757680646  715 12615544 16354572
1757680647  748 12615544 16354572
1757680648  778 12615544 16354572
1757680649  807 12615544 16354572
1757680650  833 12615544 16354572
1757680651  859 12615544 16354572
1757680652  858 12615672 16354572
1757680653  878 12615672 16354572
1757680654  896 12615672 16354572
1757680656  914 12615672 16354572
1757680657  930 12615672 16354572
1757680658  947 12615672 16354572
1757680659  965 12615672 16354572
1757680660  981 12615672 16354572
1757680661  996 12615672 16354572
1757680662 1008 12615672 16354572
1757680663 1020 12615672 16354572
1757680664 1010 12615672 16354572
1757680665 1018 12615672 16354572
1757680666 1028 12615672 16354572
1757680667 1038 12615672 16354572
1757680669 1048 12615672 16354572
1757680670 1057 12615672 16354572
1757680671 1064 12615672 16354572
1757680672 1074 12615672 16354572
1757680673 1085 12615672 16354572
1757680674 1096 12615672 16354572
1757680675 1106 12615672 16354572
1757680676 1098 12615672 16354572
1757680677 1108 12615672 16354572
1757680678 1117 12615672 16354572
1757680679 1127 12615672 16354572
1757680681 1134 12615672 16354572
1757680682 1143 12615672 16354572
1757680683 1148 12615672 16354572
1757680684 1143 12615672 16354572
1757680685 1130 15738948 16354572
1757680686 1115 15739588 16354572
1757680687 1101 15740100 16354572
1757680688 1087 14921944 16354572
1757680689 1089 12616808 13229416
1757680690 1095 12616808 13229416
1757680691 1102 12616808 13229416
1757680692 1110 12616808 13229416
1757680693 1104 12616808 13229416
1757680694 1111 12616808 13229416
1757680695 1117 12616808 13229416
1757680696 1121 12616808 13229416
1757680698 1124 12616808 13229416
1757680699 1128 12616808 13229416
1757680700 1132 12616808 13229416
1757680701 1138 12616808 13229416
1757680702 1143 12616808 13229416
1757680703 1149 12616808 13229416
1757680704 1156 12616808 13229416
1757680705 1149 12616808 13229416
1757680706 1144 12616808 13229416
1757680707 1146 9318148 10104412
1757680709 1152 9492228 10104412
1757680710 1159 9492228 10104412
1757680711 1165 9492228 10104412
1757680712 1170 9492228 10104412
1757680713 1176 9492228 10104412
1757680714 1181 9492228 10104412
1757680715 1187 9492228 10104412
1757680716 1192 9492228 10104412
1757680717 1185 9492228 10104412
1757680718 1190 9492228 10104412
1757680719 1195 9492228 10104412
1757680721 1200 9492228 10104412
1757680722 1204 9492228 10104412
1757680723 1208 9492228 10104412
1757680724 1212 9492228 10104412
1757680725 1215 9492228 10104412
1757680726 1219 9492228 10104412
1757680727 1222 9492228 10104412
1757680728 1214 9492228 10104412
1757680729 1217 9492228 10104412
1757680730 1219 9492228 10104412
1757680731 1220 9492228 10104412
1757680733 1222 9492228 10104412
1757680734 1224 9492228 10104412
1757680735 1228 9492228 10104412
1757680736 1232 9492228 10104412
1757680737 1236 9492228 10104412
1757680738 1240 9492228 10104412
1757680739 1244 9492228 10104412
1757680740 1238 9492228 10104412
1757680741 1242 9492228 10104412
1757680742 1242 10419612 16354420
1757680743 1233 13351860 19479424
