1757072664  0.0 15616 642640
1757072665  362 1857196 3166124
1757072667  982 2516536 3166124
1757072668 1210 2516536 3166124
1757072669 1281 2516536 3166124
1757072670 1360 2516536 3166124
1757072671 1260 3427768 4386312
1757072672 1094 2893632 4386312
1757072673  970 1603224 2250080
1757072674  874 2518916 3169164
1757072675  921 2522244 3169164
1757072676  912 2522244 3169164
1757072677  981 2522244 3169164
1757072678 1034 2522244 3169164
1757072680 1072 2522244 3169164
1757072681 1104 2522244 3169164
1757072682 1135 2522244 3169164
1757072683 1165 2522244 3169164
1757072684 1196 2522244 3169164
1757072685 1225 2522244 3169164
1757072686 1192 2522244 3169164
1757072687 1216 2522244 3169164
1757072688 1237 2522244 3169164
1757072690 1260 2522244 3169164
1757072691 1274 2522244 3169164
1757072692 1287 2522244 3169164
1757072693 1297 2522244 3169164
1757072694 1313 2522244 3169164
1757072695 1321 2522244 3169164
1757072696 1289 2522244 3169164
1757072697 1302 2522244 3169164
1757072698 1308 2522244 3169164
1757072700 1316 2522244 3169164
1757072701 1321 2522244 3169164
1757072702 1330 2522244 3169164
1757072703 1340 2522244 3169164
1757072704 1352 2522244 3169164
1757072705 1361 2522244 3169164
1757072706 1338 2522244 3169164
1757072707 1348 2522244 3169164
1757072708 1356 2522244 3169164
1757072710 1364 2522244 3169164
1757072711 1372 2522244 3169164
1757072712 1380 2522244 3169164
1757072713 1386 2522244 3169164
1757072714 1391 2522244 3169164
1757072715 1395 2522244 3169164
1757072716 1399 2522244 3169164
1757072717 1378 2522244 3169164
1757072718 1384 2522244 3169164
1757072719 1391 2522244 3169164
1757072721 1396 2522244 3169164
1757072722 1402 2522244 3169164
1757072723 1403 2522244 3169164
1757072724 1406 2522244 3169164
1757072725 1410 2522244 3169164
1757072726 1413 2522244 3169164
1757072727 1416 2522244 3169164
1757072728 1397 2522244 3169164
1757072729 1401 2522244 3169164
1757072730 1404 2522244 3169164
1757072731 1409 2522372 3169164
1757072733 1410 2522372 3169164
1757072734 1413 2522372 3169164
1757072735 1416 2522372 3169164
1757072736 1419 2522372 3169164
1757072737 1423 2522372 3169164
1757072738 1414 2522500 3169164
1757072739 1396 2522500 3169164
1757072740 1387 2519976 4386860
1757072741 1392 2519976 4386860
1757072742 1366 3741476 4386860
1757072743 1371 3741476 4386860
1757072744 1375 3741476 4386860
1757072745 1379 3741476 4386860
1757072747 1373 4962176 5607564
1757072748 1358 4046136 4692036
