1757075262  0.0 16896 676432
1757075263  215 1303224 3084012
1757075264  385 3548988 5509876
1757075265  831 4875868 5509876
1757075266 1059 4875868 5509876
1757075267  979 4875868 5509876
1757075268 1081 4875868 5509876
1757075269 1161 4875868 5509876
1757075271 1224 4875868 5509876
1757075272 1278 4875868 5509876
1757075273 1319 4875868 5509876
1757075274 1353 4875868 5509876
1757075275 1382 4875868 5509876
1757075276 1404 4875868 5509360
1757075277 1318 6356316 7901940
1757075278 1242 2909608 5509360
1757075279 1175 4877736 5509360
1757075280 1057 7307764 8201016
1757075281 1009 3083308 3714932
1757075282  966 3066924 3714932
1757075283  927 4201256 5514320
1757075284  904 4879528 5514320
1757075285  929 4882856 5514320
1757075287  950 4882856 5514320
1757075288  969 4882856 5514320
1757075289  990 4882856 5514320
1757075290 1008 4882856 5514320
1757075291 1023 4882856 5514320
1757075292 1044 4882856 5514320
1757075293 1067 4882856 5514320
1757075294 1056 4882856 5514320
1757075295 1077 4882856 5514320
1757075296 1096 4882856 5514320
1757075298 1114 4882856 5514320
1757075299 1130 4882856 5514320
1757075300 1146 4882856 5514320
1757075301 1162 4882856 5514320
1757075302 1177 4882856 5514320
1757075303 1192 4882856 5514320
1757075304 1176 4882856 5514320
1757075305 1190 4882856 5514320
1757075307 1202 4882856 5514320
1757075308 1214 4882856 5514320
1757075309 1224 4882856 5514320
1757075310 1235 4882856 5514320
1757075311 1245 4882856 5514320
1757075312 1255 4882856 5514320
1757075313 1241 4882856 5514320
1757075314 1250 4882856 5514320
1757075315 1256 4882856 5514320
1757075317 1260 4882856 5514320
1757075318 1263 4882856 5514320
1757075319 1265 4882856 5514320
1757075320 1271 4882856 5514320
1757075321 1278 4882856 5514320
1757075322 1280 4882856 5514320
1757075323 1285 4882856 5514320
1757075324 1269 4882856 5514320
1757075325 1276 4882856 5514320
1757075326 1283 4882856 5514320
1757075328 1290 4882856 5514320
1757075329 1297 4882856 5514320
1757075330 1303 4882856 5514320
1757075331 1309 4882856 5514320
1757075332 1316 4882856 5514320
1757075333 1322 4882856 5514320
1757075334 1309 4882856 5514320
1757075335 1316 4882856 5514320
1757075336 1322 4882856 5514320
1757075338 1328 4882856 5514320
1757075339 1333 4882856 5514320
1757075340 1338 4882856 5514320
1757075341 1343 4882856 5514320
1757075342 1348 4882856 5514320
1757075343 1353 4882856 5514320
1757075344 1341 4882856 5514320
1757075345 1346 4882856 5514320
1757075346 1348 4882856 5514320
1757075348 1351 4882856 5514320
1757075349 1349 4882856 5514320
1757075350 1351 4882856 5514320
1757075351 1353 4882856 5514320
1757075352 1356 4882856 5514320
1757075353 1356 4882856 5514320
1757075354 1359 4882856 5514320
1757075355 1349 4882856 5514320
1757075356 1351 4882856 5514320
1757075357 1354 4882856 5514320
1757075359 1356 4882856 5514320
1757075360 1360 4882856 5514320
1757075361 1364 4882856 5514320
1757075362 1367 4882856 5514320
1757075363 1371 4882856 5514320
1757075364 1375 4882856 5514320
1757075365 1365 4882856 5514320
1757075366 1369 4882856 5514320
1757075367 1372 4882856 5514320
1757075369 1375 4882856 5514320
1757075370 1379 4882856 5514320
1757075371 1382 4882856 5514320
1757075372 1385 4882856 5514320
1757075373 1388 4882856 5514320
1757075374 1391 4882856 5514320
1757075375 1382 4882856 5514320
1757075376 1385 4882856 5514320
1757075377 1387 4882856 5514320
1757075378 1388 4882856 5514320
1757075380 1390 4882856 5514320
1757075381 1390 4882856 5514320
1757075382 1393 4882856 5514320
1757075383 1396 4882856 5514320
1757075384 1397 4882856 5514320
1757075385 1397 4882856 5514320
1757075386 1399 4882856 5514320
1757075387 1389 4882856 5514320
1757075388 1392 4882856 5514320
1757075389 1394 4882856 5514320
1757075391 1395 4882984 5514320
1757075392 1397 4882984 5514320
1757075393 1399 4882984 5514320
1757075394 1401 4882984 5514320
1757075395 1404 4882984 5514320
1757075396 1407 4882984 5514320
1757075397 1399 4882984 5514320
1757075398 1402 4882984 5514320
1757075399 1404 4882984 5514320
1757075401 1407 4882984 5514320
1757075402 1409 4882984 5514320
1757075403 1411 4882984 5514320
1757075404 1413 4882984 5514320
1757075405 1416 4882984 5514320
1757075406 1418 4882984 5514320
1757075407 1410 4882984 5514320
1757075408 1413 4882984 5514320
1757075409 1413 4882984 5514320
1757075411 1414 4882984 5514320
1757075412 1415 4882984 5514320
1757075413 1416 4882984 5514320
1757075414 1418 4882984 5514320
1757075415 1419 4882984 5514320
1757075416 1420 4882984 5514320
1757075417 1421 4882984 5514320
1757075418 1414 4882984 5514320
1757075419 1415 4882984 5514320
1757075420 1416 4882984 5514320
1757075422 1417 4882984 5514320
1757075423 1419 4882984 5514320
1757075424 1420 4882984 5514320
1757075425 1421 4882984 5514320
1757075426 1422 4882984 5514320
1757075427 1423 4882984 5514320
1757075428 1425 4882984 5514320
1757075429 1426 4882984 5514320
1757075430 1420 4882984 5514320
1757075431 1421 4882984 5514320
1757075432 1423 4882984 5514320
1757075434 1425 4882984 5514320
1757075435 1426 4882984 5514320
1757075436 1428 4882984 5514320
1757075437 1430 4882984 5514320
1757075438 1431 4882984 5514320
1757075439 1433 4883112 5514320
1757075440 1428 4883240 5514320
1757075441 1420 4883240 5514320
1757075442 1413 4883240 5514320
1757075443 1406 3020656 7902112
1757075444 1399 4878832 7902112
1757075445 1393 4878832 7902488
1757075446 1394 4878832 7902488
1757075447 1395 4878832 7902488
1757075448 1396 4878832 7902488
1757075450 1398 4878832 7902488
1757075451 1393 7271256 7902488
1757075452 1391 7272240 7902488
1757075453 1392 7272240 7902488
1757075454 1393 7272240 7902488
1757075455 1394 7272240 7902488
1757075456 1395 7272240 7902488
1757075457 1397 7272240 7902488
1757075458 1391 7272240 7902488
1757075459 1392 7272240 7902488
1757075460 1393 7272240 7902488
1757075462 1394 7272240 7902488
1757075463 1396 7272240 7902488
1757075464 1393 8055608 10295068
1757075465 1387 11419456 12687648
1757075466 1381 7815612 8500640
