1757678384  0.0 16896 676432
1757678385  215 1272616 2449248
1757678386  159 3350560 4207064
1757678387  140 3422128 4207064
1757678388  130 3266484 5964880
1757678389  407 3599796 5998192
1757678390  533 3599796 5998192
1757678391  631 5268976 5998192
1757678392  572 4543704 9513936
1757678393  543 7127768 9518596
1757678394  647 7127768 9518596
1757678396  733 7127896 9518596
1757678397  806 7127896 9518596
1757678398  864 7127896 9518596
1757678399  911 7127896 9518596
1757678400  952 7128024 9518596
1757678401  982 7128024 9518596
1757678402 1006 7128024 9518596
1757678403 1033 7128024 9518596
1757678404 1011 7128024 9518596
1757678405 1042 7128024 9518596
1757678406 1070 7128024 9518596
1757678407 1088 7128024 9518596
1757678409 1110 7128024 9518596
1757678410 1128 7128024 9518596
1757678411 1142 7128024 9518596
1757678412 1158 7128024 9518596
1757678413 1172 7128024 9518596
1757678414 1149 8884640 9518596
1757678415 1151 7129264 7760668
1757678416 1167 7129264 7760668
1757678417 1146 7129264 7760668
1757678418 1162 7129264 7760668
1757678419 1177 7129264 7760668
1757678420 1192 7129264 7760668
1757678422 1200 4093816 6002852
1757678423 1213 5371768 6002852
1757678424 1226 5371768 6002852
1757678425 1237 5371768 6002852
1757678426 1248 5371768 6002852
1757678427 1258 5371768 6002852
1757678428 1239 5371768 6002852
1757678429 1249 5371768 6002852
1757678430 1259 5371768 6002852
1757678431 1265 5371768 6002852
1757678433 1271 5371768 6002852
1757678434 1276 5371768 6002852
1757678435 1282 5371768 6002852
1757678436 1289 5371768 6002852
1757678437 1294 5371768 6002852
1757678438 1288 6639304 9518484
