1757505406  0.0 16128 676432
1757505407  202 1286800 3084012
1757505408  358 3545276 5509876
1757505409  808 4875940 5509876
1757505410 1041 4875940 5509876
1757505411  981 4875940 5509876
1757505412 1087 4875940 5509876
1757505413 1165 4875940 5509876
1757505414 1230 4875940 5509876
1757505416 1279 4875940 5509876
1757505417 1308 4875940 5509876
1757505418 1337 4875940 5509876
1757505419 1367 4875940 5509876
1757505420 1380 4876068 5509360
1757505421 1295 6477988 7901940
1757505422 1220 2991588 5509360
1757505423 1154 4877796 5509360
1757505424 1096 7270376 7901940
1757505425 1044 3083368 3714932
1757505426  997 2979032 3714932
1757505427  954 3668180 5514320
1757505428  875 4878164 5514320
1757505429  896 4882004 5514320
1757505430  927 4882644 5514320
1757505431  954 4882644 5514320
1757505433  978 4882644 5514320
1757505434 1003 4882644 5514320
1757505435 1029 4882644 5514320
1757505436 1053 4882644 5514320
1757505437 1075 4882644 5514320
1757505438 1093 4882644 5514320
1757505439 1077 4882644 5514320
1757505440 1093 4882644 5514320
1757505441 1108 4882644 5514320
1757505443 1127 4882644 5514320
1757505444 1143 4882644 5514320
1757505445 1159 4882644 5514320
1757505446 1173 4882644 5514320
1757505447 1188 4882644 5514320
1757505448 1169 4882644 5514320
1757505449 1183 4882644 5514320
1757505450 1197 4882644 5514320
1757505452 1209 4882644 5514320
1757505453 1220 4882644 5514320
1757505454 1230 4882644 5514320
1757505455 1241 4882644 5514320
1757505456 1252 4882644 5514320
1757505457 1237 4882644 5514320
1757505458 1245 4882644 5514320
1757505459 1249 4882644 5514320
1757505461 1252 4882644 5514320
1757505462 1257 4882644 5514320
1757505463 1261 4882644 5514320
1757505464 1268 4882644 5514320
1757505465 1276 4882644 5514320
1757505466 1283 4882644 5514320
1757505467 1270 4882644 5514320
1757505468 1278 4882644 5514320
1757505469 1286 4882644 5514320
1757505471 1293 4882644 5514320
1757505472 1298 4882644 5514320
1757505473 1303 4882644 5514320
1757505474 1307 4882644 5514320
1757505475 1312 4882644 5514320
1757505476 1318 4882644 5514320
1757505477 1306 4882644 5514320
1757505478 1312 4882644 5514320
1757505479 1316 4882644 5514320
1757505481 1321 4882644 5514320
1757505482 1326 4882644 5514320
1757505483 1331 4882644 5514320
1757505484 1336 4882644 5514320
1757505485 1341 4882644 5514320
1757505486 1346 4882644 5514320
1757505487 1334 4882644 5514320
1757505488 1339 4882644 5514320
1757505489 1343 4882644 5514320
1757505490 1346 4882644 5514320
1757505492 1348 4882644 5514320
1757505493 1350 4882644 5514320
1757505494 1351 4882644 5514320
1757505495 1353 4882644 5514320
1757505496 1356 4882644 5514320
1757505497 1361 4882644 5514320
1757505498 1350 4882644 5514320
1757505499 1354 4882644 5514320
1757505500 1358 4882644 5514320
1757505501 1362 4882644 5514320
1757505503 1366 4882644 5514320
1757505504 1370 4882644 5514320
1757505505 1374 4882644 5514320
1757505506 1377 4882644 5514320
1757505507 1379 4882644 5514320
1757505508 1381 4882644 5514320
1757505509 1369 4882644 5514320
1757505510 1372 4882644 5514320
1757505511 1374 4882644 5514320
1757505512 1376 4882644 5514320
1757505514 1380 4882644 5514320
1757505515 1383 4882644 5514320
1757505516 1386 4882644 5514320
1757505517 1389 4882644 5514320
1757505518 1392 4882644 5514320
1757505519 1395 4882644 5514320
1757505520 1386 4882644 5514320
1757505521 1388 4882644 5514320
1757505522 1389 4882644 5514320
1757505524 1391 4882644 5514320
1757505525 1392 4882644 5514320
1757505526 1395 4882644 5514320
1757505527 1397 4882644 5514320
1757505528 1399 4882644 5514320
1757505529 1401 4882644 5514320
1757505530 1403 4882644 5514320
1757505531 1394 4882644 5514320
1757505532 1397 4882644 5514320
1757505533 1400 4882644 5514320
1757505535 1402 4882644 5514320
1757505536 1405 4882644 5514320
1757505537 1408 4882644 5514320
1757505538 1411 4882644 5514320
1757505539 1413 4882644 5514320
1757505540 1405 4882772 5514320
1757505541 1405 4882772 5514320
1757505542 1406 4882772 5514320
1757505543 1408 4882772 5514320
1757505545 1410 4882772 5514320
1757505546 1412 4882772 5514320
1757505547 1414 4882772 5514320
1757505548 1416 4882772 5514320
1757505549 1418 4882772 5514320
1757505550 1420 4882772 5514320
1757505551 1422 4882772 5514320
1757505552 1414 4882772 5514320
1757505553 1414 4882772 5514320
1757505554 1415 4882772 5514320
1757505556 1417 4882772 5514320
1757505557 1419 4882772 5514320
1757505558 1421 4882772 5514320
1757505559 1424 4882772 5514320
1757505560 1425 4882772 5514320
1757505561 1427 4882772 5514320
1757505562 1418 4882772 5514320
1757505563 1420 4882772 5514320
1757505564 1421 4882772 5514320
1757505566 1423 4882900 5514320
1757505567 1425 4882900 5514320
1757505568 1427 4882900 5514320
1757505569 1429 4882900 5514320
1757505570 1430 4882900 5514320
1757505571 1432 4882900 5514320
1757505572 1434 4882900 5514320
1757505573 1426 4882900 5514320
1757505574 1427 4882900 5514320
1757505575 1428 4883028 5514320
1757505576 1429 4883028 5514320
1757505578 1430 4883028 5514320
1757505579 1431 4883028 5514320
1757505580 1432 4883028 5514320
1757505581 1433 4883028 5514320
1757505582 1434 4883028 5514320
1757505583 1436 4883028 5514320
1757505584 1436 4883028 5514320
1757505585 1436 4883028 5514320
1757505586 1429 4883028 5514320
1757505587 1431 4883028 5514320
1757505588 1428 4883156 5514320
1757505589 1421 4883156 5514320
1757505590 1414 4883156 5514320
1757505591 1407 2722592 7902112
1757505592 1400 4653088 7902112
1757505594 1401 4878880 7902488
1757505595 1402 4878880 7902488
1757505596 1403 4878880 7902488
1757505597 1404 4878880 7902488
1757505598 1405 4878880 7902488
1757505599 1405 6005340 7902488
1757505600 1398 6883584 7902488
1757505601 1400 7272240 7902488
1757505602 1394 7272240 7902488
1757505603 1395 7272240 7902488
1757505604 1396 7272240 7902488
1757505605 1398 7272240 7902488
1757505607 1399 7272240 7902488
1757505608 1401 7272240 7902488
1757505609 1402 7272240 7902488
1757505610 1403 7272240 7902488
1757505611 1404 7272240 7902488
1757505612 1404 7272240 7902488
1757505613 1401 8483640 10295068
1757505614 1394 11894592 12687648
1757505615 1388 7573948 8500640
