1757678298  0.0 15616 675408
1757678299  215 1313116 3132840
1757678300  159 2008096 3132840
1757678301  140 2206372 4353544
1757678302  363 2518564 4386856
1757678303  578 2518564 4386856
1757678304  608 3739280 4386856
1757678305  545 3665676 6828360
1757678306  602 4969868 6833016
1757678307  711 4969868 6833016
1757678309  807 4969996 6833016
1757678310  879 4969996 6833016
1757678311  940 4969996 6833016
1757678312  990 4969996 6833016
1757678313 1032 4969996 6833016
1757678314 1061 4969996 6833016
1757678315 1030 4969996 6833016
1757678316 1037 5262932 6833016
1757678317 1026 4971268 5612216
1757678318 1055 4971268 5612216
1757678319 1083 4971268 5612216
1757678321 1111 4971268 5612216
1757678322 1126 3750884 4391512
1757678323 1150 3750884 4391512
1757678324 1172 3750884 4391512
1757678325 1188 3750884 4391512
1757678326 1205 3750884 4391512
1757678327 1223 3750884 4391512
1757678328 1199 3750884 4391512
1757678329 1216 3750884 4391512
