1757076105  0.0 16512 676432
1757076106  214 1301176 3084012
1757076107  244 3604412 5509876
1757076108  616 4875908 5509876
1757076109  834 4875908 5509876
1757076111  971 4875908 5509876
1757076112 1063 4875908 5509876
1757076113 1150 4875908 5509876
1757076114 1211 4875908 5509876
1757076115 1263 4875908 5509876
1757076116 1302 4875908 5509876
1757076117 1338 4875908 5509876
1757076118 1267 4875908 5509876
1757076119 1288 4875908 5509876
1757076120 1256 5459716 7901940
1757076121 1189 7270404 7901940
1757076122 1128 4103688 5509360
1757076123 1074 6742028 7901940
1757076124 1026 7479892 8201016
1757076126  982 2804876 3714932
1757076127  942 2875912 5514320
1757076128  905 4741640 5514320
1757076129  906 4882056 5514320
1757076130  940 4882824 5514320
1757076131  971 4882824 5514320
1757076132 1001 4882824 5514320
1757076133 1025 4882824 5514320
1757076134 1002 4882824 5514320
1757076135 1017 4882824 5514320
1757076136 1031 4882824 5514320
1757076138 1047 4882824 5514320
1757076139 1061 4882824 5514320
1757076140 1081 4882824 5514320
1757076141 1098 4882824 5514320
1757076142 1115 4882824 5514320
1757076143 1131 4882824 5514320
1757076144 1148 4882824 5514320
1757076145 1133 4882824 5514320
1757076146 1148 4882824 5514320
1757076147 1162 4882824 5514320
1757076149 1173 4882824 5514320
1757076150 1182 4882824 5514320
1757076151 1193 4882824 5514320
1757076152 1204 4882824 5514320
1757076153 1214 4882824 5514320
1757076154 1219 4882824 5514320
1757076155 1226 4882824 5514320
1757076156 1211 4882824 5514320
1757076157 1221 4882824 5514320
1757076158 1231 4882824 5514320
1757076160 1241 4882824 5514320
1757076161 1250 4882824 5514320
1757076162 1259 4882824 5514320
1757076163 1267 4882824 5514320
1757076164 1275 4882824 5514320
1757076165 1279 4882824 5514320
1757076166 1264 4882824 5514320
1757076167 1271 4882824 5514320
1757076168 1276 4882824 5514320
1757076170 1280 4882824 5514320
1757076171 1283 4882824 5514320
1757076172 1287 4882824 5514320
1757076173 1293 4882824 5514320
1757076174 1300 4882824 5514320
1757076175 1288 4882824 5514320
1757076176 1295 4882824 5514320
1757076177 1301 4882824 5514320
1757076179 1307 4882824 5514320
1757076180 1311 4882824 5514320
1757076181 1317 4882824 5514320
1757076182 1322 4882824 5514320
1757076183 1328 4882824 5514320
1757076184 1332 4882824 5514320
1757076185 1317 4882824 5514320
1757076186 1322 4882824 5514320
1757076187 1326 4882824 5514320
1757076189 1331 4882824 5514320
1757076190 1335 4882824 5514320
1757076191 1341 4882824 5514320
1757076192 1345 4882824 5514320
1757076193 1350 4882824 5514320
1757076194 1354 4882824 5514320
1757076195 1342 4882824 5514320
1757076196 1345 4882824 5514320
1757076197 1348 4882824 5514320
1757076199 1352 4882824 5514320
1757076200 1356 4882824 5514320
1757076201 1360 4882824 5514320
1757076202 1363 4882824 5514320
1757076203 1365 4882824 5514320
1757076204 1367 4882824 5514320
1757076205 1355 4882824 5514320
1757076206 1357 4882824 5514320
1757076207 1360 4882824 5514320
1757076209 1364 4882824 5514320
1757076210 1367 4882824 5514320
1757076211 1369 4882824 5514320
1757076212 1372 4882824 5514320
1757076213 1375 4882824 5514320
1757076214 1378 4882824 5514320
1757076215 1380 4882824 5514320
1757076216 1370 4882824 5514320
1757076217 1373 4882824 5514320
1757076218 1375 4882824 5514320
1757076220 1379 4882824 5514320
1757076221 1382 4882824 5514320
1757076222 1385 4882824 5514320
1757076223 1388 4882824 5514320
1757076224 1391 4882824 5514320
1757076225 1383 4882824 5514320
1757076226 1385 4882824 5514320
1757076227 1386 4882824 5514320
1757076228 1388 4882824 5514320
1757076230 1391 4882824 5514320
1757076231 1394 4882824 5514320
1757076232 1397 4882824 5514320
1757076233 1400 4882824 5514320
1757076234 1402 4882824 5514320
1757076235 1395 4882824 5514320
1757076236 1396 4882824 5514320
1757076237 1397 4882824 5514320
1757076239 1398 4882824 5514320
1757076240 1399 4882824 5514320
1757076241 1400 4882824 5514320
1757076242 1403 4882824 5514320
1757076243 1405 4882824 5514320
1757076244 1407 4882824 5514320
1757076245 1399 4882824 5514320
1757076246 1400 4882824 5514320
1757076247 1403 4882824 5514320
1757076249 1404 4882824 5514320
1757076250 1406 4882824 5514320
1757076251 1409 4882824 5514320
1757076252 1411 4882952 5514320
1757076253 1413 4882952 5514320
1757076254 1415 4882952 5514320
1757076255 1408 4882952 5514320
1757076256 1410 4882952 5514320
1757076257 1411 4882952 5514320
1757076258 1412 4882952 5514320
1757076260 1414 4882952 5514320
1757076261 1416 4882952 5514320
1757076262 1417 4882952 5514320
1757076263 1419 4882952 5514320
1757076264 1421 4882952 5514320
1757076265 1423 4882952 5514320
1757076266 1416 4882952 5514320
1757076267 1418 4883080 5514320
1757076268 1420 4883080 5514320
1757076269 1422 4883080 5514320
1757076271 1422 4883080 5514320
1757076272 1422 4883080 5514320
1757076273 1422 4883080 5514320
1757076274 1423 4883080 5514320
1757076275 1424 4883080 5514320
1757076276 1425 4883080 5514320
1757076277 1426 4883080 5514320
1757076278 1419 4883080 5514320
1757076279 1420 4883080 5514320
1757076280 1421 4883080 5514320
1757076281 1423 4883080 5514320
1757076283 1424 4883208 5514320
1757076284 1426 4883208 5514320
1757076285 1424 4883208 5514320
1757076286 1416 4883208 5514320
1757076287 1409 4883208 5514320
1757076288 1402 2713376 7902112
1757076289 1395 4514720 7902112
1757076290 1394 4878752 7902488
1757076291 1396 4878752 7902488
1757076292 1397 4878752 7902488
1757076293 1399 4878752 7902488
1757076294 1399 6283744 7902488
1757076295 1385 6877648 7902488
1757076296 1386 7272240 7902488
1757076297 1388 7272240 7902488
1757076298 1390 7272240 7902488
1757076300 1391 7272240 7902488
1757076301 1393 7272240 7902488
1757076302 1394 7272240 7902488
1757076303 1395 7272240 7902488
1757076304 1397 7272240 7902488
1757076305 1397 7272240 7902488
1757076306 1390 7272240 7902488
1757076307 1391 7272240 7902488
1757076308 1385 9274168 10295068
1757076309 1379 12057280 12687648
1757076310 1373 7819708 8500640
