1757073926  0.0 16640 676432
1757073927  214 1299052 2449248
1757073928  691 3599000 4240348
1757073929  779 3599000 4240348
1757073930  963 3599000 4240348
1757073931 1076 3599000 4240348
1757073933 1148 3599000 4240348
1757073934 1207 3599000 4240348
1757073935 1255 3599000 4240348
1757073936 1273 3599640 4239832
1757073937 1166 5358488 5997648
1757073938 1078 3650660 5997648
1757073939 1003 5544236 6217376
1757073940  938 1856504 4244088
1757073941  883 3601016 4244088
1757073942  915 3604984 4244088
1757073943  952 3604984 4244088
1757073944  940 3604984 4244088
1757073945  979 3604984 4244088
1757073946 1009 3604984 4244088
1757073948 1037 3604984 4244088
1757073949 1070 3605112 4244088
1757073950 1098 3605112 4244088
1757073951 1124 3605112 4244088
1757073952 1147 3605112 4244088
1757073953 1169 3605112 4244088
1757073954 1148 3605112 4244088
1757073955 1168 3605112 4244088
1757073956 1185 3605112 4244088
1757073958 1198 3605112 4244088
1757073959 1212 3605112 4244088
1757073960 1222 3605112 4244088
1757073961 1235 3605112 4244088
1757073962 1249 3605112 4244088
1757073963 1263 3605112 4244088
1757073964 1241 3605112 4244088
1757073965 1252 3605112 4244088
1757073966 1261 3605112 4244088
1757073967 1267 3605112 4244088
1757073969 1276 3605112 4244088
1757073970 1284 3605112 4244088
1757073971 1295 3605112 4244088
1757073972 1301 3605112 4244088
1757073973 1305 3605112 4244088
1757073974 1308 3605112 4244088
1757073975 1315 3605112 4244088
1757073976 1297 3605112 4244088
1757073977 1302 3605112 4244088
1757073978 1308 3605112 4244088
1757073980 1315 3605112 4244088
1757073981 1324 3605112 4244088
1757073982 1331 3605112 4244088
1757073983 1339 3605112 4244088
1757073984 1346 3605112 4244088
1757073985 1353 3605112 4244088
1757073986 1337 3605112 4244088
1757073987 1344 3605112 4244088
1757073988 1349 3605112 4244088
1757073990 1355 3605112 4244088
1757073991 1360 3605112 4244088
1757073992 1364 3605112 4244088
1757073993 1368 3605112 4244088
1757073994 1371 3605112 4244088
1757073995 1377 3605112 4244088
1757073996 1362 3605112 4244088
1757073997 1368 3605112 4244088
1757073998 1373 3605112 4244088
1757074000 1376 3605112 4244088
1757074001 1378 3605112 4244088
1757074002 1381 3605112 4244088
1757074003 1382 3605112 4244088
1757074004 1384 3605112 4244088
1757074005 1386 3605112 4244088
1757074006 1389 3605112 4244088
1757074007 1377 3605112 4244088
1757074008 1380 3605112 4244088
1757074009 1382 3605112 4244088
1757074010 1385 3605112 4244088
1757074012 1389 3605112 4244088
1757074013 1394 3605112 4244088
1757074014 1398 3605112 4244088
1757074015 1402 3605112 4244088
1757074016 1405 3605112 4244088
1757074017 1409 3605112 4244088
1757074018 1397 3605112 4244088
1757074019 1401 3605112 4244088
1757074020 1404 3605112 4244088
1757074022 1408 3605112 4244088
1757074023 1411 3605112 4244088
1757074024 1414 3605112 4244088
1757074025 1417 3605112 4244088
1757074026 1419 3605112 4244088
1757074027 1421 3605112 4244088
1757074028 1409 3605112 4244088
1757074029 1411 3605112 4244088
1757074030 1413 3605112 4244088
1757074031 1416 3605112 4244088
1757074033 1419 3605112 4244088
1757074034 1420 3605112 4244088
1757074035 1420 3605112 4244088
1757074036 1420 3605112 4244088
1757074037 1421 3605112 4244088
1757074038 1423 3605112 4244088
1757074039 1426 3605112 4244088
1757074040 1414 3605112 4244088
1757074041 1416 3605112 4244088
1757074042 1418 3605112 4244088
1757074043 1421 3605112 4244088
1757074045 1423 3605240 4244088
1757074046 1423 3605240 4244088
1757074047 1412 3605240 4244088
1757074048 1401 3605240 4244088
1757074049 1390 3410864 5997800
1757074050 1392 3601840 5998196
1757074051 1394 3601840 5998196
1757074052 1395 4658640 5998196
1757074053 1389 5360416 5998196
1757074054 1392 5360416 5998196
1757074055 1384 5360416 5998196
1757074056 1387 5360416 5998196
1757074057 1389 5360416 5998196
1757074058 1392 5360416 5998196
1757074060 1393 5360416 5998196
1757074061 1388 6983696 7756012
1757074062 1378 9044424 9733556
