1757506871  0.0 17408 676844
1757506872  211 1294176 3816436
1757506873  156 2633568 3816436
1757506874  449 6349588 6974724
1757506875  744 6349588 6974724
1757506876  915 6349588 6974724
1757506877 1037 6349588 6974724
1757506878 1132 6349588 6974724
1757506879 1074 6349588 6974724
1757506880 1134 6349588 6974724
1757506881 1167 6349588 6974724
1757506883 1190 6349588 6974724
1757506884 1212 6349588 6974724
1757506885 1234 6349588 6974724
1757506886 1266 6349588 6974724
1757506887 1294 6349588 6974724
1757506888 1321 6349588 6974724
1757506889 1274 6349588 6974724
1757506890 1297 6349588 6974724
1757506891 1316 6349588 6974724
1757506893 1306 6349588 6974208
1757506894 1254 7228308 10099212
1757506895 1206 9301012 10099212
1757506896 1162 3650904 6974208
1757506897 1121 4820416 6974208
1757506898 1083 5944768 6974208
1757506899 1048 8174796 10099212
1757506900 1016 9511356 10489840
1757506901  985 9664956 10489840
1757506902  957 9816508 10489840
1757506903  930 4006524 4630460
1757506904  905 3719804 4630460
1757506905  881 3869308 4630460
1757506906  859 3237048 6979872
1757506907  838 4450744 6979872
1757506908  818 5663160 6979872
1757506909  799 6350648 6979872
1757506910  818 6355896 6979872
1757506911  820 6355896 6979872
1757506912  840 6355896 6979872
1757506913  856 6355896 6979872
1757506914  872 6355896 6979872
1757506916  879 6355896 6979872
1757506917  896 6355896 6979872
1757506918  910 6355896 6979872
1757506919  927 6355896 6979872
1757506920  944 6355896 6979872
1757506921  962 6355896 6979872
1757506922  957 6355896 6979872
1757506923  971 6355896 6979872
1757506924  983 6355896 6979872
1757506926  995 6355896 6979872
1757506927 1006 6355896 6979872
1757506928 1017 6355896 6979872
1757506929 1029 6355896 6979872
1757506930 1040 6355896 6979872
1757506931 1053 6355896 6979872
1757506932 1048 6355896 6979872
1757506933 1059 6355896 6979872
1757506934 1069 6355896 6979872
1757506936 1081 6355896 6979872
1757506937 1091 6355896 6979872
1757506938 1101 6355896 6979872
1757506939 1111 6355896 6979872
1757506940 1119 6355896 6979872
1757506941 1110 6355896 6979872
1757506942 1117 6355896 6979872
1757506943 1123 6355896 6979872
1757506945 1128 6355896 6979872
1757506946 1135 6355896 6979872
1757506947 1140 6355896 6979872
1757506948 1148 6355896 6979872
1757506949 1154 6355896 6979872
1757506950 1160 6355896 6979872
1757506951 1151 6355896 6979872
1757506952 1158 6355896 6979872
1757506953 1163 6355896 6979872
1757506955 1170 6355896 6979872
1757506956 1176 6355896 6979872
1757506957 1182 6355896 6979872
1757506958 1187 6355896 6979872
1757506959 1192 6355896 6979872
1757506960 1198 6355896 6979872
1757506961 1190 6355896 6979872
1757506962 1197 6355896 6979872
1757506963 1203 6355896 6979872
1757506965 1209 6355896 6979872
1757506966 1214 6355896 6979872
1757506967 1220 6355896 6979872
1757506968 1225 6355896 6979872
1757506969 1230 6355896 6979872
1757506970 1223 6355896 6979872
1757506971 1229 6355896 6979872
1757506972 1234 6355896 6979872
1757506974 1239 6355896 6979872
1757506975 1242 6355896 6979872
1757506976 1244 6355896 6979872
1757506977 1246 6355896 6979872
1757506978 1248 6355896 6979872
1757506979 1251 6355896 6979872
1757506980 1256 6355896 6979872
1757506981 1249 6355896 6979872
1757506982 1253 6355896 6979872
1757506983 1257 6355896 6979872
1757506985 1258 6355896 6979872
1757506986 1262 6355896 6979872
1757506987 1265 6355896 6979872
1757506988 1269 6355896 6979872
1757506989 1272 6355896 6979872
1757506990 1275 6355896 6979872
1757506991 1268 6355896 6979872
1757506992 1272 6355896 6979872
1757506993 1276 6355896 6979872
1757506995 1280 6355896 6979872
1757506996 1283 6355896 6979872
1757506997 1287 6355896 6979872
1757506998 1291 6355896 6979872
1757506999 1294 6355896 6979872
1757507000 1288 6355896 6979872
1757507001 1291 6355896 6979872
1757507002 1295 6355896 6979872
1757507004 1298 6355896 6979872
1757507005 1302 6355896 6979872
1757507006 1304 6355896 6979872
1757507007 1306 6355896 6979872
1757507008 1308 6355896 6979872
1757507009 1309 6355896 6979872
1757507010 1311 6355896 6979872
1757507011 1304 6355896 6979872
1757507012 1306 6355896 6979872
1757507013 1309 6355896 6979872
1757507015 1312 6355896 6979872
1757507016 1314 6355896 6979872
1757507017 1316 6355896 6979872
1757507018 1318 6355896 6979872
1757507019 1320 6355896 6979872
1757507020 1321 6355896 6979872
1757507021 1314 6355896 6979872
1757507022 1317 6355896 6979872
1757507023 1320 6355896 6979872
1757507025 1322 6355896 6979872
1757507026 1324 6355896 6979872
1757507027 1327 6355896 6979872
1757507028 1329 6355896 6979872
1757507029 1332 6355896 6979872
1757507030 1335 6355896 6979872
1757507031 1337 6355896 6979872
1757507032 1332 6355896 6979872
1757507033 1334 6355896 6979872
1757507034 1336 6355896 6979872
1757507036 1339 6355896 6979872
1757507037 1341 6355896 6979872
1757507038 1342 6355896 6979872
1757507039 1343 6355896 6979872
1757507040 1344 6355896 6979872
1757507041 1346 6355896 6979872
1757507042 1349 6355896 6979872
1757507043 1343 6355896 6979872
1757507044 1344 6355896 6979872
1757507045 1346 6355896 6979872
1757507047 1346 6355896 6979872
1757507048 1348 6355896 6979872
1757507049 1350 6355896 6979872
1757507050 1352 6355896 6979872
1757507051 1353 6355896 6979872
1757507052 1355 6355896 6979872
1757507053 1355 6355896 6979872
1757507054 1349 6355896 6979872
1757507055 1351 6355896 6979872
1757507056 1354 6355896 6979872
1757507058 1355 6355896 6979872
1757507059 1357 6355896 6979872
1757507060 1359 6355896 6979872
1757507061 1361 6355896 6979872
1757507062 1363 6355896 6979872
1757507063 1365 6355896 6979872
1757507064 1360 6355896 6979872
1757507065 1362 6355896 6979872
1757507066 1365 6355896 6979872
1757507068 1366 6355896 6979872
1757507069 1367 6355896 6979872
1757507070 1368 6355896 6979872
1757507071 1369 6355896 6979872
1757507072 1371 6355896 6979872
1757507073 1373 6355896 6979872
1757507074 1368 6355896 6979872
1757507075 1369 6355896 6979872
1757507076 1371 6355896 6979872
1757507078 1372 6355896 6979872
1757507079 1373 6355896 6979872
1757507080 1374 6355896 6979872
1757507081 1375 6355896 6979872
1757507082 1376 6355896 6979872
1757507083 1377 6355896 6979872
1757507084 1379 6355896 6979872
1757507085 1373 6355896 6979872
1757507086 1374 6355896 6979872
1757507087 1376 6355896 6979872
1757507089 1377 6355896 6979872
1757507090 1379 6355896 6979872
1757507091 1380 6355896 6979872
1757507092 1382 6355896 6979872
1757507093 1384 6355896 6979872
1757507094 1385 6356024 6979872
1757507095 1381 6356024 6979872
1757507096 1382 6356024 6979872
1757507097 1384 6356024 6979872
1757507099 1385 6356024 6979872
1757507100 1386 6356024 6979872
1757507101 1387 6356024 6979872
1757507102 1387 6356024 6979872
1757507103 1389 6356024 6979872
1757507104 1390 6356024 6979872
1757507105 1392 6356024 6979872
1757507106 1387 6356024 6979872
1757507107 1388 6356024 6979872
1757507108 1389 6356024 6979872
1757507110 1391 6356024 6979872
1757507111 1392 6356024 6979872
1757507112 1393 6356024 6979872
1757507113 1394 6356024 6979872
1757507114 1394 6356024 6979872
1757507115 1395 6356024 6979872
1757507116 1396 6356024 6979872
1757507117 1392 6356024 6979872
1757507118 1393 6356024 6979872
1757507119 1394 6356024 6979872
1757507121 1394 6356024 6979872
1757507122 1395 6356024 6979872
1757507123 1396 6356024 6979872
1757507124 1397 6356024 6979872
1757507125 1398 6356024 6979872
1757507126 1399 6356024 6979872
1757507127 1401 6356024 6979872
1757507128 1397 6356024 6979872
1757507129 1398 6356024 6979872
1757507130 1399 6356024 6979872
1757507131 1399 6356024 6979872
1757507133 1400 6356024 6979872
1757507134 1401 6356024 6979872
1757507135 1402 6356024 6979872
1757507136 1403 6356024 6979872
1757507137 1404 6356024 6979872
1757507138 1405 6356024 6979872
1757507139 1401 6356024 6979872
1757507140 1402 6356024 6979872
1757507141 1403 6356024 6979872
1757507142 1403 6356152 6979872
1757507143 1398 6356152 6979872
1757507144 1393 6356152 6979872
1757507145 1389 6356152 6979872
1757507147 1384 6356152 6979872
1757507148 1379 4165124 10099404
1757507149 1375 5359236 10099404
1757507150 1372 6351236 10099760
1757507151 1373 6351236 10099760
1757507152 1374 6351236 10099760
1757507153 1375 6351236 10099760
1757507154 1375 6351236 10099760
1757507155 1376 6351236 10099760
1757507156 1377 6351236 10099760
1757507157 1373 6351236 10099760
1757507158 1372 8116700 10099760
1757507159 1367 9475036 10099760
1757507160 1363 9475804 10099760
1757507161 1361 7975940 10099760
1757507163 1361 9477124 10099760
1757507164 1362 9477124 10099760
1757507165 1362 9477124 10099760
1757507166 1363 9477124 10099760
1757507167 1364 9477124 10099760
1757507168 1366 9477124 10099760
1757507169 1366 9477124 10099760
1757507170 1363 9477124 10099760
1757507171 1364 9477124 10099760
1757507172 1365 9477124 10099760
1757507174 1366 9477124 10099760
1757507175 1367 9477124 10099760
1757507176 1368 9477124 10099760
1757507177 1369 9477124 10099760
1757507178 1370 9477124 10099760
1757507179 1366 9843228 13224764
1757507180 1362 12666816 16349768
1757507181 1358 15726912 16349768
1757507182 1354 15811876 16740396
1757507183 1350 15994148 16740396
1757507184 1346 9957080 10881016
