1757679551  0.0 15616 675408
1757679552  215 1284672 3084012
1757679553  159 2764500 5476592
1757679554  140 4816340 5476592
1757679555  130 4282572 5476592
1757679556  125 3133904 7869172
1757679557  166 4876752 7902456
1757679558  389 4876880 7902484
1757679559  550 4876880 7902484
1757679560  610 4876880 7902484
1757679561  706 4876880 7902484
1757679562  779 4876880 7902484
1757679563  837 4876880 7902484
1757679564  829 7268968 7902484
1757679565  780 6066916 7902484
1757679567  738 6665560 12687780
1757679568  700 9358680 12687780
1757679569  745 9676632 12692440
1757679570  792 9676632 12692440
1757679571  834 9676632 12692440
1757679572  876 9676632 12692440
1757679573  914 9676632 12692440
1757679574  949 9676632 12692440
1757679575  980 9676760 12692440
1757679576  970 9676760 12692440
1757679577  998 9676760 12692440
1757679578 1023 9676760 12692440
1757679580 1048 9676760 12692440
1757679581 1067 9676760 12692440
1757679582 1085 9676760 12692440
1757679583 1101 9676760 12692440
1757679584 1115 9676760 12692440
1757679585 1129 9676760 12692440
1757679586 1146 9676760 12692440
1757679587 1161 9676760 12692440
1757679588 1145 9676760 12692440
1757679589 1160 9676760 12692440
1757679590 1173 9676760 12692440
1757679591 1186 9676760 12692440
1757679593 1198 9676760 12692440
1757679594 1210 9676760 12692440
1757679595 1219 9676760 12692440
1757679596 1223 9676760 12692440
1757679597 1217 9676760 12692440
1757679598 1194 12068000 12692440
1757679599 1179 8291324 10299724
1757679600 1189 9677820 10299724
1757679601 1173 9677820 10299724
1757679602 1182 9677820 10299724
1757679603 1192 9677820 10299724
1757679604 1202 9677820 10299724
1757679606 1211 9677820 10299724
1757679607 1219 9677820 10299724
1757679608 1228 9677820 10299724
1757679609 1237 9677820 10299724
1757679610 1245 9677820 10299724
1757679611 1246 6796088 7907144
1757679612 1234 7285560 7907144
1757679613 1241 7285560 7907144
1757679614 1249 7285560 7907144
1757679615 1254 7285560 7907144
1757679617 1260 7285560 7907144
1757679618 1267 7285560 7907144
1757679619 1272 7285560 7907144
1757679620 1279 7285560 7907144
1757679621 1285 7285560 7907144
1757679622 1291 7285560 7907144
1757679623 1279 7285560 7907144
1757679624 1285 7285560 7907144
1757679625 1290 7285560 7907144
1757679626 1293 7285560 7907144
1757679627 1295 7285560 7907144
1757679629 1297 7285560 7907144
1757679630 1298 7285560 7907144
1757679631 1300 7285560 7907144
1757679632 1302 7285560 7907144
1757679633 1305 7285560 7907144
1757679634 1310 7285560 7907144
1757679635 1315 7285560 7907144
1757679636 1292 9461936 12692304
