1757508431  0.0 16640 676432
1757508432  216 1283844 3816436
1757508433  159 2617092 3816436
1757508434  358 6295672 6974724
1757508435  628 6349560 6974724
1757508436  815 6349560 6974724
1757508437  942 6349560 6974724
1757508439 1042 6349560 6974724
1757508440 1102 6349560 6974724
1757508441 1143 6349560 6974724
1757508442 1168 6349560 6974724
1757508443 1193 6349560 6974724
1757508444 1214 6349560 6974724
1757508445 1148 6349560 6974724
1757508446 1179 6349560 6974724
1757508447 1205 6349560 6974724
1757508448 1234 6349560 6974724
1757508450 1259 6349560 6974724
1757508451 1283 6349560 6974724
1757508452 1303 6349560 6974724
1757508453 1311 6349560 6974208
1757508454 1258 6809208 10099212
1757508455 1210 8888696 10099212
1757508456 1166 3503484 6974208
1757508457 1125 4699516 6974208
1757508458 1087 5907836 6974208
1757508459 1052 8187144 10099212
1757508460 1019 9515512 10489840
1757508461  989 9675256 10489840
1757508462  960 9832952 10489840
1757508463  933 4006584 4630460
1757508464  881 3748536 4630460
1757508465  859 3898048 4630460
1757508466  838 3426684 6979872
1757508467  818 4655484 6979872
1757508468  799 5904764 6979872
1757508469  787 6351740 6979872
1757508471  810 6355708 6979872
1757508472  830 6355708 6979872
1757508473  846 6355708 6979872
1757508474  861 6355708 6979872
1757508475  874 6355708 6979872
1757508476  886 6355708 6979872
1757508477  899 6355708 6979872
1757508478  917 6355708 6979872
1757508479  912 6355708 6979872
1757508480  926 6355708 6979872
1757508481  940 6355708 6979872
1757508483  955 6355708 6979872
1757508484  970 6355708 6979872
1757508485  984 6355708 6979872
1757508486  998 6355708 6979872
1757508487 1008 6355708 6979872
1757508488 1021 6355708 6979872
1757508489 1015 6355708 6979872
1757508490 1028 6355708 6979872
1757508491 1040 6355708 6979872
1757508493 1051 6355708 6979872
1757508494 1063 6355708 6979872
1757508495 1074 6355708 6979872
1757508496 1084 6355708 6979872
1757508497 1094 6355708 6979872
1757508498 1087 6355708 6979872
1757508499 1098 6355708 6979872
1757508500 1107 6355708 6979872
1757508502 1116 6355708 6979872
1757508503 1123 6355708 6979872
1757508504 1128 6355708 6979872
1757508505 1134 6355708 6979872
1757508506 1139 6355708 6979872
1757508507 1146 6355708 6979872
1757508508 1137 6355708 6979872
1757508509 1143 6355708 6979872
1757508510 1149 6355708 6979872
1757508511 1156 6355708 6979872
1757508513 1162 6355708 6979872
1757508514 1168 6355708 6979872
1757508515 1174 6355708 6979872
1757508516 1179 6355708 6979872
1757508517 1184 6355708 6979872
1757508518 1176 6355708 6979872
1757508519 1182 6355708 6979872
1757508520 1189 6355708 6979872
1757508522 1195 6355708 6979872
1757508523 1201 6355708 6979872
1757508524 1207 6355708 6979872
1757508525 1213 6355708 6979872
1757508526 1219 6355708 6979872
1757508527 1212 6355708 6979872
1757508528 1218 6355708 6979872
1757508529 1223 6355708 6979872
1757508531 1228 6355708 6979872
1757508532 1233 6355708 6979872
1757508533 1238 6355708 6979872
1757508534 1241 6355708 6979872
1757508535 1244 6355708 6979872
1757508536 1247 6355708 6979872
1757508537 1238 6355708 6979872
1757508538 1243 6355708 6979872
1757508539 1248 6355708 6979872
1757508541 1252 6355708 6979872
1757508542 1256 6355708 6979872
1757508543 1259 6355708 6979872
1757508544 1261 6355708 6979872
1757508545 1265 6355708 6979872
1757508546 1268 6355708 6979872
1757508547 1271 6355708 6979872
1757508548 1263 6355708 6979872
1757508549 1265 6355708 6979872
1757508550 1268 6355708 6979872
1757508552 1272 6355708 6979872
1757508553 1276 6355708 6979872
1757508554 1280 6355708 6979872
1757508555 1284 6355708 6979872
1757508556 1287 6355708 6979872
1757508557 1291 6355708 6979872
1757508558 1284 6355708 6979872
1757508559 1288 6355708 6979872
1757508561 1291 6355708 6979872
1757508562 1295 6355708 6979872
1757508563 1299 6355708 6979872
1757508564 1302 6355708 6979872
1757508565 1303 6355708 6979872
1757508566 1305 6355708 6979872
1757508567 1298 6355708 6979872
1757508568 1299 6355708 6979872
1757508569 1302 6355708 6979872
1757508570 1306 6355708 6979872
1757508572 1309 6355708 6979872
1757508573 1313 6355708 6979872
1757508574 1316 6355708 6979872
1757508575 1319 6355708 6979872
1757508576 1321 6355708 6979872
1757508577 1314 6355708 6979872
1757508578 1316 6355708 6979872
1757508579 1317 6355708 6979872
1757508581 1319 6355708 6979872
1757508582 1321 6355708 6979872
1757508583 1323 6355708 6979872
1757508584 1325 6355708 6979872
1757508585 1327 6355708 6979872
1757508586 1329 6355708 6979872
1757508587 1332 6355708 6979872
1757508588 1326 6355708 6979872
1757508589 1329 6355708 6979872
1757508590 1332 6355708 6979872
1757508592 1334 6355708 6979872
1757508593 1337 6355708 6979872
1757508594 1339 6355708 6979872
1757508595 1341 6355708 6979872
1757508596 1342 6355708 6979872
1757508597 1335 6355708 6979872
1757508598 1336 6355708 6979872
1757508599 1338 6355708 6979872
1757508600 1341 6355708 6979872
1757508602 1343 6355708 6979872
1757508603 1345 6355708 6979872
1757508604 1347 6355836 6979872
1757508605 1349 6355836 6979872
1757508606 1352 6355836 6979872
1757508607 1353 6355836 6979872
1757508608 1348 6355836 6979872
1757508609 1350 6355836 6979872
1757508610 1351 6355836 6979872
1757508611 1352 6355836 6979872
1757508613 1353 6355836 6979872
1757508614 1355 6355836 6979872
1757508615 1357 6355836 6979872
1757508616 1359 6355836 6979872
1757508617 1360 6355836 6979872
1757508618 1362 6355836 6979872
1757508619 1356 6355836 6979872
1757508620 1358 6355836 6979872
1757508621 1360 6355836 6979872
1757508623 1362 6355836 6979872
1757508624 1364 6355836 6979872
1757508625 1366 6355836 6979872
1757508626 1368 6355836 6979872
1757508627 1368 6355836 6979872
1757508628 1369 6355836 6979872
1757508629 1363 6355836 6979872
1757508630 1364 6355836 6979872
1757508631 1366 6355836 6979872
1757508633 1368 6355836 6979872
1757508634 1370 6355836 6979872
1757508635 1372 6355836 6979872
1757508636 1373 6355836 6979872
1757508637 1375 6355836 6979872
1757508638 1377 6355836 6979872
1757508639 1372 6355836 6979872
1757508640 1374 6355836 6979872
1757508641 1376 6355836 6979872
1757508643 1377 6355836 6979872
1757508644 1378 6355836 6979872
1757508645 1379 6355836 6979872
1757508646 1380 6355836 6979872
1757508647 1381 6355836 6979872
1757508648 1382 6355836 6979872
1757508649 1384 6355836 6979872
1757508650 1379 6355836 6979872
1757508651 1380 6355836 6979872
1757508652 1381 6355836 6979872
1757508653 1382 6355836 6979872
1757508655 1383 6355836 6979872
1757508656 1385 6355836 6979872
1757508657 1387 6355836 6979872
1757508658 1387 6355836 6979872
1757508659 1388 6355836 6979872
1757508660 1388 6355836 6979872
1757508661 1384 6355836 6979872
1757508662 1385 6355836 6979872
1757508663 1387 6355836 6979872
1757508665 1388 6355836 6979872
1757508666 1390 6355836 6979872
1757508667 1391 6355836 6979872
1757508668 1392 6355836 6979872
1757508669 1394 6355836 6979872
1757508670 1395 6355836 6979872
1757508671 1397 6355836 6979872
1757508672 1392 6355836 6979872
1757508673 1393 6355836 6979872
1757508674 1394 6355836 6979872
1757508676 1396 6355836 6979872
1757508677 1397 6355836 6979872
1757508678 1398 6355836 6979872
1757508679 1399 6355836 6979872
1757508680 1400 6355836 6979872
1757508681 1401 6355836 6979872
1757508682 1396 6355836 6979872
1757508683 1398 6355836 6979872
1757508684 1399 6355836 6979872
1757508686 1400 6355836 6979872
1757508687 1400 6355836 6979872
1757508688 1401 6355836 6979872
1757508689 1401 6355836 6979872
1757508690 1402 6355836 6979872
1757508691 1402 6355836 6979872
1757508692 1403 6355836 6979872
1757508693 1399 6355836 6979872
1757508694 1400 6355836 6979872
1757508695 1402 6355836 6979872
1757508696 1403 6355836 6979872
1757508698 1404 6355836 6979872
1757508699 1405 6355836 6979872
1757508700 1406 6355964 6979872
1757508701 1407 6355964 6979872
1757508702 1408 6355964 6979872
1757508703 1406 6355964 6979872
1757508704 1402 6355964 6979872
1757508705 1397 6355964 6979872
1757508706 1392 6355964 6979872
1757508707 1388 3225824 10099404
1757508708 1383 4374240 10099404
1757508709 1378 5631840 10099404
1757508710 1371 6351072 10099760
1757508711 1373 6351072 10099760
1757508712 1373 6351072 10099760
1757508713 1374 6351072 10099760
1757508715 1375 6351072 10099760
1757508716 1376 6351072 10099760
1757508717 1377 6351072 10099760
1757508718 1378 6351072 10099760
1757508719 1374 9474784 10099760
1757508720 1370 9475808 10099760
1757508721 1367 8864652 10099760
1757508722 1368 9477004 10099760
1757508723 1364 9477004 10099760
1757508724 1365 9477004 10099760
1757508725 1367 9477004 10099760
1757508726 1368 9477004 10099760
1757508728 1369 9477004 10099760
1757508729 1370 9477004 10099760
1757508730 1371 9477004 10099760
1757508731 1373 9477004 10099760
1757508732 1374 9477004 10099760
1757508733 1375 9477004 10099760
1757508734 1372 9477004 10099760
1757508735 1372 9477004 10099760
1757508736 1373 9477004 10099760
1757508737 1373 9477004 10099760
1757508738 1369 10482084 13224764
1757508740 1365 13569980 16349768
1757508741 1361 15787180 16740396
1757508742 1357 10178144 10881016
