1757075683  0.0 16768 676432
1757075684  215 1294908 3084012
1757075685  242 3624380 5509876
1757075686  612 4875820 5509876
1757075687  840 4875820 5509876
1757075689  970 4875820 5509876
1757075690 1053 4875820 5509876
1757075691 1120 4875820 5509876
1757075692 1159 4875820 5509876
1757075693 1177 4875820 5509876
1757075694 1193 4875820 5509876
1757075695 1206 4875820 5509876
1757075696 1228 4875820 5509876
1757075697 1241 4875820 5509876
1757075698 1164 4875820 5509876
1757075699 1185 4875820 5509360
1757075700 1127 6324396 7901940
1757075701 1073 2866504 5509360
1757075702 1024 4877640 5509360
1757075703  980 7270220 7901940
1757075704  940 3083212 3714932
1757075706  904 3005428 3714932
1757075707  870 3862384 5514320
1757075708  841 4878320 5514320
1757075709  876 4882544 5514320
1757075710  907 4882544 5514320
1757075711  939 4882544 5514320
1757075712  966 4882544 5514320
1757075713  991 4882544 5514320
1757075714  983 4882544 5514320
1757075715 1004 4882544 5514320
1757075716 1027 4882544 5514320
1757075718 1047 4882544 5514320
1757075719 1066 4882544 5514320
1757075720 1082 4882544 5514320
1757075721 1099 4882544 5514320
1757075722 1111 4882544 5514320
1757075723 1123 4882544 5514320
1757075724 1134 4882544 5514320
1757075725 1118 4882544 5514320
1757075726 1128 4882544 5514320
1757075727 1137 4882544 5514320
1757075729 1144 4882544 5514320
1757075730 1150 4882544 5514320
1757075731 1161 4882544 5514320
1757075732 1170 4882544 5514320
1757075733 1180 4882544 5514320
1757075734 1191 4882544 5514320
1757075735 1179 4882544 5514320
1757075736 1190 4882544 5514320
1757075737 1200 4882544 5514320
1757075739 1210 4882544 5514320
1757075740 1220 4882544 5514320
1757075741 1231 4882544 5514320
1757075742 1239 4882544 5514320
1757075743 1247 4882544 5514320
1757075744 1235 4882544 5514320
1757075745 1243 4882544 5514320
1757075746 1251 4882544 5514320
1757075748 1258 4882544 5514320
1757075749 1265 4882544 5514320
1757075750 1272 4882544 5514320
1757075751 1279 4882544 5514320
1757075752 1285 4882544 5514320
1757075753 1290 4882544 5514320
1757075754 1276 4882544 5514320
1757075755 1280 4882544 5514320
1757075756 1285 4882544 5514320
1757075758 1290 4882544 5514320
1757075759 1295 4882544 5514320
1757075760 1298 4882544 5514320
1757075761 1301 4882544 5514320
1757075762 1305 4882544 5514320
1757075763 1309 4882544 5514320
1757075764 1311 4882544 5514320
1757075765 1299 4882544 5514320
1757075766 1302 4882544 5514320
1757075767 1307 4882544 5514320
1757075769 1312 4882544 5514320
1757075770 1317 4882544 5514320
1757075771 1322 4882544 5514320
1757075772 1327 4882544 5514320
1757075773 1332 4882544 5514320
1757075774 1336 4882544 5514320
1757075775 1326 4882544 5514320
1757075776 1330 4882544 5514320
1757075777 1334 4882544 5514320
1757075779 1338 4882544 5514320
1757075780 1342 4882544 5514320
1757075781 1346 4882544 5514320
1757075782 1350 4882544 5514320
1757075783 1353 4882544 5514320
1757075784 1356 4882544 5514320
1757075785 1358 4882544 5514320
1757075786 1347 4882544 5514320
1757075787 1350 4882544 5514320
1757075788 1353 4882544 5514320
1757075790 1357 4882544 5514320
1757075791 1358 4882544 5514320
1757075792 1360 4882544 5514320
1757075793 1364 4882544 5514320
1757075794 1367 4882544 5514320
1757075795 1368 4882544 5514320
1757075796 1370 4882544 5514320
1757075797 1361 4882544 5514320
1757075798 1361 4882544 5514320
1757075799 1364 4882544 5514320
1757075800 1366 4882544 5514320
1757075802 1369 4882544 5514320
1757075803 1372 4882544 5514320
1757075804 1375 4882544 5514320
1757075805 1378 4882544 5514320
1757075806 1381 4882544 5514320
1757075807 1373 4882544 5514320
1757075808 1376 4882544 5514320
1757075809 1379 4882544 5514320
1757075811 1381 4882544 5514320
1757075812 1385 4882544 5514320
1757075813 1387 4882544 5514320
1757075814 1389 4882544 5514320
1757075815 1391 4882544 5514320
1757075816 1392 4882544 5514320
1757075817 1384 4882544 5514320
1757075818 1386 4882544 5514320
1757075819 1389 4882544 5514320
1757075821 1391 4882544 5514320
1757075822 1393 4882544 5514320
1757075823 1394 4882544 5514320
1757075824 1396 4882544 5514320
1757075825 1398 4882544 5514320
1757075826 1401 4882544 5514320
1757075827 1403 4882544 5514320
1757075828 1395 4882544 5514320
1757075829 1396 4882544 5514320
1757075830 1395 4882544 5514320
1757075832 1397 4882544 5514320
1757075833 1398 4882544 5514320
1757075834 1399 4882544 5514320
1757075835 1401 4882544 5514320
1757075836 1403 4882544 5514320
1757075837 1405 4882544 5514320
1757075838 1407 4882544 5514320
1757075839 1400 4882544 5514320
1757075840 1402 4882544 5514320
1757075841 1404 4882544 5514320
1757075843 1406 4882544 5514320
1757075844 1408 4882544 5514320
1757075845 1409 4882544 5514320
1757075846 1411 4882544 5514320
1757075847 1412 4882544 5514320
1757075848 1413 4882544 5514320
1757075849 1406 4882544 5514320
1757075850 1408 4882672 5514320
1757075851 1410 4882672 5514320
1757075852 1411 4882672 5514320
1757075854 1412 4882672 5514320
1757075855 1413 4882672 5514320
1757075856 1415 4882672 5514320
1757075857 1416 4882672 5514320
1757075858 1418 4882672 5514320
1757075859 1420 4882672 5514320
1757075860 1422 4882672 5514320
1757075861 1415 4882672 5514320
1757075862 1417 4882672 5514320
1757075863 1418 4882672 5514320
1757075865 1418 4882672 5514320
1757075866 1419 4882672 5514320
1757075867 1420 4882672 5514320
1757075868 1421 4882672 5514320
1757075869 1422 4882672 5514320
1757075870 1423 4882672 5514320
1757075871 1421 4882928 5514320
1757075872 1414 4882928 5514320
1757075873 1407 4882928 5514320
1757075874 1401 2685388 7902112
1757075875 1394 4538188 7902112
1757075876 1394 4878668 7902488
1757075877 1388 4878668 7902488
1757075878 1389 4878668 7902488
1757075879 1390 4878668 7902488
1757075881 1392 4878668 7902488
1757075882 1388 7270996 7902488
1757075883 1385 6704944 7902488
1757075884 1387 7272240 7902488
1757075885 1387 7272240 7902488
1757075886 1388 7272240 7902488
1757075887 1390 7272240 7902488
1757075888 1385 7272240 7902488
1757075889 1386 7272240 7902488
1757075890 1388 7272240 7902488
1757075891 1389 7272240 7902488
1757075893 1391 7272240 7902488
1757075894 1392 7272240 7902488
1757075895 1389 8817464 10295068
1757075896 1383 12057280 12687648
1757075897 1377 7676348 8500640
