1757072253  0.0 16000 676432
1757072254  253 1370540 3166124
1757072255  940 2516684 3166124
1757072256  849 2516684 3166124
1757072257  981 2516684 3166124
1757072258 1071 2516684 3166124
1757072259 1108 2534092 4386312
1757072260  982 1884116 3165608
1757072262  884 3829024 4538900
1757072263  806 1670392 3169164
1757072264  806 2522744 3169164
1757072265  890 2522744 3169164
1757072266  955 2522744 3169164
1757072267 1015 2522744 3169164
1757072268 1061 2522744 3169164
1757072269 1041 2522744 3169164
1757072270 1078 2522744 3169164
1757072271 1105 2522744 3169164
1757072273 1133 2522744 3169164
1757072274 1156 2522744 3169164
1757072275 1176 2522744 3169164
1757072276 1194 2522744 3169164
1757072277 1216 2522744 3169164
1757072278 1237 2522744 3169164
1757072279 1211 2522744 3169164
1757072280 1230 2522744 3169164
1757072281 1249 2522744 3169164
1757072283 1260 2522744 3169164
1757072284 1270 2522744 3169164
1757072285 1280 2522744 3169164
1757072286 1291 2522744 3169164
1757072287 1300 2522744 3169164
1757072288 1308 2522744 3169164
1757072289 1319 2522744 3169164
1757072290 1293 2522744 3169164
1757072291 1301 2522744 3169164
1757072292 1308 2522744 3169164
1757072293 1315 2522744 3169164
1757072295 1323 2522744 3169164
1757072296 1333 2522744 3169164
1757072297 1343 2522744 3169164
1757072298 1351 2522744 3169164
1757072299 1359 2522744 3169164
1757072300 1366 2522744 3169164
1757072301 1345 2522744 3169164
1757072302 1350 2522744 3169164
1757072303 1357 2522744 3169164
1757072305 1365 2522744 3169164
1757072306 1372 2522744 3169164
1757072307 1377 2522744 3169164
1757072308 1381 2522872 3169164
1757072309 1386 2522872 3169164
1757072310 1388 2522872 3169164
1757072311 1393 2522872 3169164
1757072312 1374 2522872 3169164
1757072313 1380 2522872 3169164
1757072314 1381 2522872 3169164
1757072315 1383 2522872 3169164
1757072317 1388 2522872 3169164
1757072318 1392 2522872 3169164
1757072319 1394 2522872 3169164
1757072320 1398 2522872 3169164
1757072321 1403 2522872 3169164
1757072322 1407 2522872 3169164
1757072323 1411 2522872 3169164
1757072324 1395 2522872 3169164
1757072325 1398 2522872 3169164
1757072326 1400 2522872 3169164
1757072327 1403 2522872 3169164
1757072328 1392 2523000 3169164
1757072329 1375 1394068 4386444
1757072331 1370 2520468 4386860
1757072332 1374 2520468 4386860
1757072333 1367 3711400 4386860
1757072334 1370 3742120 4386860
1757072335 1374 3742120 4386860
1757072336 1378 3742120 4386860
1757072337 1375 4635240 5607564
1757072338 1360 3951136 4692036
