1757678172  0.0 15744 642640
1757678173  209 1308984 3132840
1757678174  155 2226808 3132840
1757678176  217 2518652 4386312
1757678177  591 2518652 4386856
1757678178  617 2709172 6828360
1757678179  591 4969652 6833020
1757678180  747 4969652 6833020
1757678181  868 4969780 6833020
1757678182  956 4969780 6833020
1757678183 1034 4969780 6833020
1757678184 1095 4969780 6833020
1757678185 1056 4969780 6833020
1757678186 1103 4969780 6833020
1757678187 1134 4969780 6833020
1757678189 1156 4969780 6833020
1757678190 1127 4447016 5612220
1757678191 1150 4971516 5612220
1757678192 1169 4971516 5612220
1757678193 1192 4971516 5612220
1757678194 1211 4971516 5612220
1757678195 1225 3751060 4391516
1757678196 1247 3751060 4391516
1757678197 1265 3751060 4391516
1757678198 1235 3751060 4391516
1757678199 1252 3751060 4391516
1757678200 1265 3751060 4391516
1757678202 1276 3751060 4391516
1757678203 1284 3751060 4391516
1757678204 1262 6166884 8053628
