1757073111  0.0 16896 676564
1757073112  216 1301156 2449248
1757073113  675 3599072 4240348
1757073114  767 3599072 4240348
1757073115  967 3599072 4240348
1757073116 1076 3599072 4240348
1757073118 1153 3599072 4240348
1757073119 1209 3599072 4240348
1757073120 1258 3599072 4240348
1757073121 1256 3599584 4239832
1757073122 1151 5358560 5997648
1757073123 1064 3600884 4239832
1757073124  990 5538100 6217376
1757073125  926 1843072 2701744
1757073126  871 3601280 4244088
1757073127  908 3605248 4244088
1757073128  941 3605248 4244088
1757073129  923 3605248 4244088
1757073130  954 3605248 4244088
1757073131  979 3605248 4244088
1757073132 1008 3605248 4244088
1757073134 1037 3605248 4244088
1757073135 1067 3605248 4244088
1757073136 1093 3605248 4244088
1757073137 1120 3605248 4244088
1757073138 1142 3605248 4244088
1757073139 1165 3605248 4244088
1757073140 1142 3605248 4244088
1757073141 1157 3605248 4244088
1757073142 1170 3605248 4244088
1757073144 1183 3605248 4244088
1757073145 1199 3605248 4244088
1757073146 1215 3605248 4244088
1757073147 1230 3605248 4244088
1757073148 1244 3605248 4244088
1757073149 1257 3605248 4244088
1757073150 1235 3605248 4244088
1757073151 1244 3605248 4244088
1757073152 1251 3605248 4244088
1757073153 1259 3605248 4244088
1757073155 1269 3605248 4244088
1757073156 1279 3605248 4244088
1757073157 1290 3605248 4244088
1757073158 1300 3605248 4244088
1757073159 1307 3605248 4244088
1757073160 1311 3605248 4244088
1757073161 1289 3605248 4244088
1757073162 1292 3605248 4244088
1757073163 1296 3605248 4244088
1757073164 1303 3605248 4244088
1757073166 1310 3605248 4244088
1757073167 1318 3605248 4244088
1757073168 1325 3605248 4244088
1757073169 1333 3605248 4244088
1757073170 1340 3605248 4244088
1757073171 1347 3605248 4244088
1757073172 1331 3605248 4244088
1757073173 1338 3605248 4244088
1757073174 1343 3605248 4244088
1757073176 1347 3605248 4244088
1757073177 1351 3605248 4244088
1757073178 1355 3605248 4244088
1757073179 1360 3605248 4244088
1757073180 1366 3605248 4244088
1757073181 1372 3605248 4244088
1757073182 1358 3605248 4244088
1757073183 1363 3605248 4244088
1757073184 1367 3605248 4244088
1757073186 1370 3605248 4244088
1757073187 1373 3605248 4244088
1757073188 1377 3605248 4244088
1757073189 1382 3605248 4244088
1757073190 1385 3605248 4244088
1757073191 1387 3605248 4244088
1757073192 1389 3605248 4244088
1757073193 1374 3605248 4244088
1757073194 1376 3605248 4244088
1757073195 1380 3605248 4244088
1757073197 1383 3605248 4244088
1757073198 1387 3605248 4244088
1757073199 1391 3605248 4244088
1757073200 1395 3605248 4244088
1757073201 1400 3605248 4244088
1757073202 1403 3605248 4244088
1757073203 1392 3605248 4244088
1757073204 1395 3605248 4244088
1757073205 1399 3605376 4244088
1757073207 1402 3605376 4244088
1757073208 1406 3605376 4244088
1757073209 1408 3605376 4244088
1757073210 1411 3605376 4244088
1757073211 1413 3605376 4244088
1757073212 1414 3605376 4244088
1757073213 1417 3605376 4244088
1757073214 1405 3605376 4244088
1757073215 1408 3605376 4244088
1757073216 1411 3605376 4244088
1757073217 1414 3605376 4244088
1757073219 1416 3605376 4244088
1757073220 1418 3605376 4244088
1757073221 1419 3605376 4244088
1757073222 1420 3605376 4244088
1757073223 1421 3605376 4244088
1757073224 1422 3605376 4244088
1757073225 1423 3605376 4244088
1757073226 1412 3605376 4244088
1757073227 1414 3605376 4244088
1757073228 1416 3605376 4244088
1757073229 1419 3605376 4244088
1757073231 1421 3605376 4244088
1757073232 1423 3605504 4244088
1757073233 1421 3605504 4244088
1757073234 1410 3605504 4244088
1757073235 1399 2558392 4244088
1757073236 1390 3601956 5998196
1757073237 1393 3601956 5998196
1757073238 1396 3601956 5998196
1757073239 1393 5359332 5998196
1757073240 1391 5360544 5998196
1757073241 1383 5360544 5998196
1757073242 1385 5360544 5998196
1757073243 1387 5360544 5998196
1757073245 1388 5360544 5998196
1757073246 1390 5360544 5998196
1757073247 1391 5360544 5998196
1757073248 1386 6869136 7756012
1757073249 1377 8997448 9733556
