1757678075  0.0 16000 643664
1757678076  215 1325408 3132840
1757678077  158 2230560 3132840
1757678078  219 2518692 4386312
1757678079  583 2518692 4386856
1757678080  666 3739360 4386856
1757678081  572 4816604 6828360
1757678082  724 4969948 6833016
1757678083  844 4969948 6833016
1757678084  942 4970076 6833016
1757678085  924 4970076 6833016
1757678086  991 4970076 6833016
1757678087 1049 4970076 6833016
1757678089 1095 4970076 6833016
1757678090 1135 4970076 6833016
1757678091 1167 4970076 6833016
1757678092 1170 6189036 6833016
1757678093 1167 4971612 5612216
1757678094 1187 4971612 5612216
1757678095 1205 4971612 5612216
1757678096 1225 4971612 5612216
1757678097 1180 3751132 4391512
1757678098 1191 3751132 4391512
1757678099 1207 3751132 4391512
1757678101 1217 3751132 4391512
1757678102 1230 3751132 4391512
1757678103 1243 3751132 4391512
1757678104 1256 3751132 4391512
1757678105 1269 3751132 4391512
1757678106 1284 3751132 4391512
1757678107 1262 5021836 6832920
