1757680874  0.0 15872 675408
1757680875  215 1275604 3816436
1757680876  159 2612948 3816436
1757680878  140 3847412 6941440
1757680879  130 5016820 6941440
1757680880  125 6184180 6941440
1757680881  121 4549980 6941440
1757680882  118 6281052 6941440
1757680883  116 3978464 10066444
1757680884  115 5168480 10066444
1757680885  127 6285920 10099212
1757680886  250 6349024 10099756
1757680887  369 6349024 10099756
1757680888  456 6349024 10099756
1757680889  536 6349024 10099756
1757680890  607 6349024 10099756
1757680891  635 6349024 10099756
1757680892  688 6349024 10099756
1757680893  706 9050328 10099756
1757680894  676 9472984 10099756
1757680895  648 9474008 10099756
1757680896  623 7318492 16349916
1757680897  601 8549212 16349916
1757680898  580 10284380 16349916
1757680900  579 12615388 16354572
1757680901  619 12615388 16354572
1757680902  652 12615388 16354572
1757680903  683 12615516 16354572
1757680904  716 12615516 16354572
1757680905  749 12615516 16354572
1757680906  781 12615516 16354572
1757680907  809 12615516 16354572
1757680908  812 12615516 16354572
1757680909  835 12615516 16354572
1757680910  859 12615644 16354572
1757680911  881 12615644 16354572
1757680912  903 12615644 16354572
1757680914  923 12615644 16354572
1757680915  942 12615644 16354572
1757680916  955 12615644 16354572
1757680917  970 12615644 16354572
1757680918  987 12615644 16354572
1757680919  999 12615644 16354572
1757680920  990 12615644 16354572
1757680921 1001 12615644 16354572
1757680922 1015 12615644 16354572
1757680923 1027 12615644 16354572
1757680925 1042 12615644 16354572
1757680926 1054 12615644 16354572
1757680927 1065 12615644 16354572
1757680928 1075 12615644 16354572
1757680929 1085 12615644 16354572
1757680930 1094 12615644 16354572
1757680931 1104 12615644 16354572
1757680932 1115 12615644 16354572
1757680933 1106 12615644 16354572
1757680934 1114 12615644 16354572
1757680935 1122 12615644 16354572
1757680937 1131 12615644 16354572
1757680938 1137 12615644 16354572
1757680939 1144 12615644 16354572
1757680940 1150 12615644 16354572
1757680941 1155 12615644 16354572
1757680942 1153 12615644 16354572
1757680943 1140 15739072 16354572
1757680944 1125 15739840 16354572
1757680945 1110 15740608 16354572
1757680946 1110 12616764 13229416
1757680947 1114 12616764 13229416
1757680948 1121 12616764 13229416
1757680949 1127 12616764 13229416
1757680950 1117 12616764 13229416
1757680951 1122 12616764 13229416
1757680952 1129 12616764 13229416
1757680953 1137 12616764 13229416
1757680955 1143 12616764 13229416
1757680956 1150 12616764 13229416
1757680957 1157 12616764 13229416
1757680958 1164 12616764 13229416
1757680959 1170 12616764 13229416
1757680960 1176 12616764 13229416
1757680961 1181 12616764 13229416
1757680962 1185 12616764 13229416
1757680963 1163 7362100 10104412
1757680964 1168 9492020 10104412
1757680965 1173 9492020 10104412
1757680967 1180 9492020 10104412
1757680968 1185 9492020 10104412
1757680969 1190 9492020 10104412
1757680970 1194 9492020 10104412
1757680971 1198 9492020 10104412
1757680972 1202 9492020 10104412
1757680973 1207 9492020 10104412
1757680974 1212 9492020 10104412
1757680975 1204 9492020 10104412
1757680976 1210 9492020 10104412
1757680977 1214 9492020 10104412
1757680979 1217 9492020 10104412
1757680980 1220 9492020 10104412
1757680981 1223 9492020 10104412
1757680982 1226 9492020 10104412
1757680983 1229 9492020 10104412
1757680984 1233 9492020 10104412
1757680985 1237 9492020 10104412
1757680986 1230 9492020 10104412
1757680987 1234 9492020 10104412
1757680988 1239 9492020 10104412
1757680989 1243 9492020 10104412
1757680991 1247 9492020 10104412
1757680992 1251 9492020 10104412
1757680993 1255 9492020 10104412
1757680994 1259 9492020 10104412
1757680995 1262 9492020 10104412
1757680996 1265 9492020 10104412
1757680997 1268 9492020 10104412
1757680998 1260 9492020 10104412
1757680999 1256 11312332 16354420
1757681000 1247 15112816 19479424
