1757502453  0.0 17024 676564
1757502454  870 1630756 2287220
1757502455 1307 1630756 2287220
1757502456 1287 1983268 3067956
1757502457  991 2284444 3067956
1757502458  813 1025804 1700772
1757502459  777 1635480 2289444
1757502460  905 1635480 2289444
1757502461  994 1635480 2289444
1757502462  950 1635480 2289444
1757502463 1004 1635480 2289444
1757502464 1050 1635480 2289444
1757502465 1100 1635480 2289444
1757502467 1147 1635480 2289444
1757502468 1187 1635480 2289444
1757502469 1221 1635480 2289444
1757502470 1248 1635480 2289444
1757502471 1276 1635480 2289444
1757502472 1298 1635480 2289444
1757502473 1257 1635480 2289444
1757502474 1278 1635480 2289444
1757502475 1297 1635480 2289444
1757502477 1315 1635480 2289444
1757502478 1332 1635480 2289444
1757502479 1346 1635608 2289444
1757502480 1355 1635608 2289444
1757502481 1364 1635736 2289444
1757502482 1372 1635736 2289444
1757502483 1381 1635736 2289444
1757502484 1348 1635736 2289444
1757502485 1360 1635736 2289444
1757502486 1370 1635736 2289444
1757502487 1375 1635864 2289444
1757502488 1340 852008 3067956
1757502490 1330 1634600 3068504
1757502491 1337 1634600 3068504
1757502492 1343 1634600 3068504
1757502493 1330 2416612 3068504
1757502494 1333 2416612 3068504
1757502495 1338 2416612 3068504
1757502496 1322 3905268 4631008
