1757680486  0.0 15488 675408
1757680487  215 1136376 3816436
1757680488  158 2307832 3816436
1757680489  140 3482904 6941440
1757680490  130 4656408 6941440
1757680491  125 5831960 6941440
1757680492  121 3905920 6941440
1757680493  118 5963392 6941440
1757680494  116 3597328 10066444
1757680495  103 4805904 10066444
1757680496  103 6034192 10066444
1757680497  212 6349200 10099756
1757680498  327 6349200 10099756
1757680499  424 6349200 10099756
1757680501  512 6349200 10099756
1757680502  586 6349200 10099756
1757680503  652 6349200 10099756
1757680504  639 9472712 10099756
1757680505  611 9473608 10099756
1757680506  586 6671128 16349916
1757680507  562 7870104 16349916
1757680508  542 9144088 16349916
1757680509  522 11722520 16349916
1757680510  554 12615064 16354572
1757680511  592 12615064 16354572
1757680512  628 12615064 16354572
1757680513  634 12615064 16354572
1757680514  665 12615064 16354572
1757680515  694 12615192 16354572
1757680516  725 12615192 16354572
1757680517  756 12615192 16354572
1757680518  784 12615192 16354572
1757680520  809 12615320 16354572
1757680521  831 12615448 16354572
1757680522  852 12615576 16354572
1757680523  872 12615704 16354572
1757680524  894 12615704 16354572
1757680525  912 12615704 16354572
1757680526  929 12615704 16354572
1757680527  923 12615704 16354572
1757680528  939 12615704 16354572
1757680529  956 12615704 16354572
1757680530  973 12615704 16354572
1757680532  989 12615704 16354572
1757680533 1004 12615704 16354572
1757680534 1019 12615704 16354572
1757680535 1033 12615704 16354572
1757680536 1047 12615704 16354572
1757680537 1060 12615704 16354572
1757680538 1072 12615704 16354572
1757680539 1080 12615704 16354572
1757680540 1067 12615704 16354572
1757680541 1075 12615704 16354572
1757680542 1084 12615704 16354572
1757680543 1091 12615704 16354572
1757680545 1099 12615704 16354572
1757680546 1107 12615704 16354572
1757680547 1114 12615704 16354572
1757680548 1124 12615704 16354572
1757680549 1133 12615704 16354572
1757680550 1142 12615704 16354572
1757680551 1151 12615704 16354572
1757680552 1142 12615704 16354572
1757680553 1149 12615704 16354572
1757680554 1148 12615704 16354572
1757680555 1137 15739000 16354572
1757680556 1122 15739512 16354572
1757680557 1108 15740024 16354572
1757680558 1094 15740664 16354572
1757680559 1092 12442820 13229416
1757680561 1098 12616900 13229416
1757680562 1106 12616900 13229416
1757680563 1113 12616900 13229416
1757680564 1121 12616900 13229416
1757680565 1127 12616900 13229416
1757680566 1134 12616900 13229416
1757680567 1141 12616900 13229416
1757680568 1135 12616900 13229416
1757680569 1141 12616900 13229416
1757680570 1147 12616900 13229416
1757680571 1151 12616900 13229416
1757680573 1156 12616900 13229416
1757680574 1160 12616900 13229416
1757680575 1166 12616900 13229416
1757680576 1170 12616900 13229416
1757680577 1164 12616900 13229416
1757680578 1166 9317888 10104412
1757680579 1172 9491968 10104412
1757680580 1166 9491968 10104412
1757680581 1171 9491968 10104412
1757680582 1177 9491968 10104412
1757680583 1182 9491968 10104412
1757680585 1188 9491968 10104412
1757680586 1193 9491968 10104412
1757680587 1197 9491968 10104412
1757680588 1201 9491968 10104412
1757680589 1205 9491968 10104412
1757680590 1209 9491968 10104412
1757680591 1214 9491968 10104412
1757680592 1207 9491968 10104412
1757680593 1210 9491968 10104412
1757680594 1214 9491968 10104412
1757680595 1217 9491968 10104412
1757680597 1221 9491968 10104412
1757680598 1225 9491968 10104412
1757680599 1229 9491968 10104412
1757680600 1234 9491968 10104412
1757680601 1238 9491968 10104412
1757680602 1241 9491968 10104412
1757680603 1244 9491968 10104412
1757680604 1236 9491968 10104412
1757680605 1238 9491968 10104412
1757680606 1241 9491968 10104412
1757680607 1244 9491968 10104412
1757680609 1246 9491968 10104412
1757680610 1249 9491968 10104412
1757680611 1253 9491968 10104412
1757680612 1256 9491968 10104412
1757680613 1260 9491968 10104412
1757680614 1253 11910296 16354420
1757680615 1244 15790768 19479424
