1757503077  0.0 17920 678060
1757503079  437 1839412 3166124
1757503080 1056 2516660 3166124
1757503081 1287 2516660 3166124
1757503082 1376 2516660 3166124
1757503083 1448 2516660 3165608
1757503084 1237 1392500 3165608
1757503085 1075 3744832 4538900
1757503086  954 1450912 2097492
1757503087  903 2521112 3169164
1757503088  890 2522776 3169164
1757503089  963 2522776 3169164
1757503090 1021 2522776 3169164
1757503092 1073 2522776 3169164
1757503093 1114 2522776 3169164
1757503094 1145 2522776 3169164
1757503095 1172 2522776 3169164
1757503096 1188 2522776 3169164
1757503097 1211 2522776 3169164
1757503098 1230 2522776 3169164
1757503099 1197 2522776 3169164
1757503100 1216 2522776 3169164
1757503101 1238 2522776 3169164
1757503103 1254 2522776 3169164
1757503104 1272 2522904 3169164
1757503105 1285 2522904 3169164
1757503106 1298 2522904 3169164
1757503107 1315 2522904 3169164
1757503108 1328 2522904 3169164
1757503109 1341 2522904 3169164
1757503110 1312 2522904 3169164
1757503111 1324 2522904 3169164
1757503112 1334 2522904 3169164
1757503114 1344 2522904 3169164
1757503115 1350 2522904 3169164
1757503116 1358 2522904 3169164
1757503117 1364 2522904 3169164
1757503118 1370 2522904 3169164
1757503119 1379 2522904 3169164
1757503120 1387 2522904 3169164
1757503121 1363 2522904 3169164
1757503122 1371 2522904 3169164
1757503123 1380 2522904 3169164
1757503125 1387 2522904 3169164
1757503126 1395 2522904 3169164
1757503127 1401 2522904 3169164
1757503128 1405 2522904 3169164
1757503129 1409 2522904 3169164
1757503130 1410 2522904 3169164
1757503131 1411 2522904 3169164
1757503132 1389 2522904 3169164
1757503133 1393 2522904 3169164
1757503134 1399 2522904 3169164
1757503136 1404 2522904 3169164
1757503137 1409 2522904 3169164
1757503138 1413 2522904 3169164
1757503139 1418 2522904 3169164
1757503140 1423 2522904 3169164
1757503141 1427 2522904 3169164
1757503142 1431 2522904 3169164
1757503143 1413 2522904 3169164
1757503144 1418 2522904 3169164
1757503145 1420 2522904 3169164
1757503146 1423 2523032 3169164
1757503148 1409 2523032 3169164
1757503149 1391 1502700 4386444
1757503150 1386 2520300 4386860
1757503151 1390 2520300 4386860
1757503152 1383 3741992 4386860
1757503153 1388 3741992 4386860
1757503154 1392 3741992 4386860
1757503155 1396 3741992 4386860
1757503156 1369 5636776 6828268
