1757503390  0.0 17792 677036
1757503391  216 1301160 2449248
1757503392  696 3598872 4240348
1757503393 1045 3598872 4240348
1757503394 1188 3598872 4240348
1757503395 1259 3598872 4240348
1757503396 1302 3598872 4240348
1757503397 1190 3598872 4240348
1757503398 1244 3598872 4240348
1757503399 1277 3598872 4240348
1757503401 1188 4999576 5997648
1757503402 1098 3170564 4239832
1757503403 1021 5363908 6217376
1757503404  955 2135028 2921472
1757503405  899 3151064 4244088
1757503406  902 3604952 4244088
1757503407  953 3604952 4244088
1757503408  990 3604952 4244088
1757503409 1030 3604952 4244088
1757503410 1014 3604952 4244088
1757503411 1048 3604952 4244088
1757503412 1077 3604952 4244088
1757503414 1102 3604952 4244088
1757503415 1124 3604952 4244088
1757503416 1146 3604952 4244088
1757503417 1166 3604952 4244088
1757503418 1184 3604952 4244088
1757503419 1203 3604952 4244088
1757503420 1218 3604952 4244088
1757503421 1197 3604952 4244088
1757503422 1212 3604952 4244088
1757503423 1229 3604952 4244088
1757503425 1241 3604952 4244088
1757503426 1250 3604952 4244088
1757503427 1257 3604952 4244088
1757503428 1270 3604952 4244088
1757503429 1282 3604952 4244088
1757503430 1264 3604952 4244088
1757503431 1274 3604952 4244088
1757503432 1280 3604952 4244088
1757503433 1284 3604952 4244088
1757503435 1289 3604952 4244088
1757503436 1296 3604952 4244088
1757503437 1306 3604952 4244088
1757503438 1314 3604952 4244088
1757503439 1323 3604952 4244088
1757503440 1332 3604952 4244088
1757503441 1313 3604952 4244088
1757503442 1321 3604952 4244088
1757503444 1328 3604952 4244088
1757503445 1336 3604952 4244088
1757503446 1342 3604952 4244088
1757503447 1348 3604952 4244088
1757503448 1355 3604952 4244088
1757503449 1360 3604952 4244088
1757503450 1344 3604952 4244088
1757503451 1350 3604952 4244088
1757503452 1355 3604952 4244088
1757503454 1362 3604952 4244088
1757503455 1367 3604952 4244088
1757503456 1373 3604952 4244088
1757503457 1375 3604952 4244088
1757503458 1377 3604952 4244088
1757503459 1382 3604952 4244088
1757503460 1368 3604952 4244088
1757503461 1373 3604952 4244088
1757503462 1378 3604952 4244088
1757503464 1383 3604952 4244088
1757503465 1388 3604952 4244088
1757503466 1391 3604952 4244088
1757503467 1392 3604952 4244088
1757503468 1393 3604952 4244088
1757503469 1393 3604952 4244088
1757503470 1395 3604952 4244088
1757503471 1399 3604952 4244088
1757503472 1386 3605080 4244088
1757503473 1390 3605080 4244088
1757503474 1393 3605080 4244088
1757503476 1398 3605080 4244088
1757503477 1401 3605080 4244088
1757503478 1404 3605080 4244088
1757503479 1408 3605080 4244088
1757503480 1411 3605080 4244088
1757503481 1413 3605080 4244088
1757503482 1416 3605080 4244088
1757503483 1404 3605080 4244088
1757503484 1407 3605080 4244088
1757503485 1410 3605080 4244088
1757503487 1414 3605080 4244088
1757503488 1415 3605080 4244088
1757503489 1416 3605080 4244088
1757503490 1418 3605080 4244088
1757503491 1421 3605080 4244088
1757503492 1424 3605080 4244088
1757503493 1414 3605080 4244088
1757503494 1417 3605080 4244088
1757503495 1420 3605080 4244088
1757503496 1423 3605080 4244088
1757503498 1425 3605080 4244088
1757503499 1428 3605080 4244088
1757503500 1429 3605080 4244088
1757503501 1429 3605080 4244088
1757503502 1430 3605080 4244088
1757503503 1430 3605080 4244088
1757503504 1432 3605080 4244088
1757503505 1422 3605080 4244088
1757503506 1415 3605208 4244088
1757503507 1404 3605208 4244088
1757503508 1393 2329700 5997800
1757503509 1388 3601636 5998196
1757503510 1391 3601636 5998196
1757503512 1393 3601636 5998196
1757503513 1393 4529456 5998196
1757503514 1387 5358368 5998196
1757503515 1390 5360416 5998196
1757503516 1393 5360416 5998196
1757503517 1395 5360416 5998196
1757503518 1397 5360416 5998196
1757503519 1398 5360416 5998196
1757503520 1388 5360416 5998196
1757503521 1388 5360416 5998196
1757503522 1378 7886080 9513828
1757503523 1369 9028040 9733556
