1757502363  0.0 17024 676992
1757502364  375 1630588 2287220
1757502365  834 1630588 2287220
1757502366  910 2127868 3067956
1757502367  748 2329532 3067956
1757502368  641 1021740 1700772
1757502369  634 1635256 2289444
1757502371  748 1635384 2289444
1757502372  858 1635384 2289444
1757502373  946 1635384 2289444
1757502374 1021 1635384 2289444
1757502375 1079 1635384 2289444
1757502376 1131 1635384 2289444
1757502377 1096 1635384 2289444
1757502378 1129 1635384 2289444
1757502379 1156 1635384 2289444
1757502381 1181 1635384 2289444
1757502382 1204 1635384 2289444
1757502383 1228 1635384 2289444
1757502384 1254 1635384 2289444
1757502385 1275 1635384 2289444
1757502386 1296 1635384 2289444
1757502387 1261 1635384 2289444
1757502388 1279 1635384 2289444
1757502389 1292 1635384 2289444
1757502390 1304 1635384 2289444
1757502392 1315 1635384 2289444
1757502393 1325 1635384 2289444
1757502394 1337 1635512 2289444
1757502395 1342 1635512 2289444
1757502396 1350 1635512 2289444
1757502397 1360 1635512 2289444
1757502398 1367 1635640 2289444
1757502399 1333 1635640 2289444
1757502400 1339 1635640 2289444
1757502401 1346 1635640 2289444
1757502402 1331 1635640 2289444
1757502403 1305 1633360 3067956
1757502405 1309 2414952 3068504
1757502406 1307 2416940 3068504
1757502407 1316 2416940 3068504
1757502408 1297 2574312 3263824
