1757502141  0.0 16640 676432
1757502142  753 1630712 2287220
1757502144 1177 1630712 2287220
1757502145 1317 1630712 2287220
1757502146 1116 1073048 2286704
1757502147  914 2483356 3165616
1757502148  779 1333976 2289444
1757502149  818 1635416 2289444
1757502150  908 1635416 2289444
1757502151  976 1635544 2289444
1757502152 1033 1635544 2289444
1757502153 1004 1635544 2289444
1757502154 1053 1635544 2289444
1757502155 1097 1635544 2289444
1757502157 1131 1635544 2289444
1757502158 1159 1635544 2289444
1757502159 1193 1635544 2289444
1757502160 1223 1635544 2289444
1757502161 1250 1635544 2289444
1757502162 1275 1635544 2289444
1757502163 1296 1635544 2289444
1757502164 1260 1635544 2289444
1757502165 1278 1635544 2289444
1757502166 1296 1635544 2289444
1757502168 1312 1635544 2289444
1757502169 1327 1635544 2289444
1757502170 1341 1635544 2289444
1757502171 1354 1635544 2289444
1757502172 1367 1635544 2289444
1757502173 1378 1635544 2289444
1757502174 1388 1635544 2289444
1757502175 1357 1635544 2289444
1757502176 1360 1635544 2289444
1757502177 1362 1635544 2289444
1757502178 1368 1635544 2289444
1757502179 1351 1635672 2289444
1757502181 1325 1634600 3068504
1757502182 1331 1634600 3068504
1757502183 1324 2415640 3068504
1757502184 1328 2416812 3068504
1757502185 1337 2416812 3068504
1757502186 1311 2916404 3849756
1757502187 1284 3022900 3849756
1757502188 1258 3151924 3849756
1757502189 1234 3993732 4728668
