1757502919  0.0 16896 676432
1757502920  217 1918160 3166124
1757502921  671 2516928 3166124
1757502922  907 2516928 3166124
1757502924 1033 2516928 3166124
1757502925 1136 2516928 3166124
1757502926 1144 2733376 4386312
1757502927 1014 2134216 3165608
1757502928  912 3868156 4538900
1757502929  831 1797844 3169164
1757502930  828 2521940 3169164
1757502931  886 2522964 3169164
1757502932  938 2522964 3169164
1757502933  990 2522964 3169164
1757502934  970 2522964 3169164
1757502935 1014 2522964 3169164
1757502936 1056 2522964 3169164
1757502938 1093 2522964 3169164
1757502939 1126 2522964 3169164
1757502940 1156 2522964 3169164
1757502941 1184 2522964 3169164
1757502942 1207 2522964 3169164
1757502943 1182 2522964 3169164
1757502944 1204 2522964 3169164
1757502945 1226 2522964 3169164
1757502947 1242 2522964 3169164
1757502948 1259 2522964 3169164
1757502949 1272 2522964 3169164
1757502950 1288 2522964 3169164
1757502951 1301 2522964 3169164
1757502952 1311 2522964 3169164
1757502953 1286 2522964 3169164
1757502954 1297 2522964 3169164
1757502955 1309 2522964 3169164
1757502957 1317 2522964 3169164
1757502958 1325 2522964 3169164
1757502959 1332 2522964 3169164
1757502960 1336 2522964 3169164
1757502961 1342 2522964 3169164
1757502962 1345 2522964 3169164
1757502963 1346 2522964 3169164
1757502964 1323 2522964 3169164
1757502965 1328 2522964 3169164
1757502966 1336 2522964 3169164
1757502968 1345 2522964 3169164
1757502969 1352 2522964 3169164
1757502970 1360 2522964 3169164
1757502971 1366 2522964 3169164
1757502972 1373 2522964 3169164
1757502973 1379 2522964 3169164
1757502974 1386 2522964 3169164
1757502975 1367 2522964 3169164
1757502976 1374 2522964 3169164
1757502977 1379 2522964 3169164
1757502979 1385 2522964 3169164
1757502980 1389 2522964 3169164
1757502981 1394 2522964 3169164
1757502982 1399 2522964 3169164
1757502983 1402 2522964 3169164
1757502984 1407 2522964 3169164
1757502985 1409 2523092 3169164
1757502986 1389 2523092 3169164
1757502987 1370 2176896 4386444
1757502988 1372 2520576 4386860
1757502989 1350 3741212 4386860
1757502990 1348 3741888 4386860
1757502991 1350 3741888 4386860
1757502992 1353 3741888 4386860
1757502994 1354 3741888 4386860
1757502995 1354 3741888 4386860
1757502996 1337 6246056 6980856
