1757503939  0.0 15104 675408
1757503940  207 1237684 2449248
1757503941  623 3599048 4240348
1757503942  943 3599048 4240348
1757503943 1131 3599048 4240348
1757503944 1032 3599048 4240348
1757503945 1134 3599048 4240348
1757503946 1200 3599048 4240348
1757503947 1260 3599048 4240348
1757503949 1283 3599560 4239832
1757503950 1175 5358536 5997648
1757503951 1086 3600816 4239832
1757503952 1010 5517552 6217376
1757503953  946 2274264 2921472
1757503954  889 3601152 4244088
1757503955  918 3605120 4244088
1757503956  965 3605120 4244088
1757503957  999 3605120 4244088
1757503958 1028 3605120 4244088
1757503959 1011 3605120 4244088
1757503960 1042 3605120 4244088
1757503961 1072 3605120 4244088
1757503963 1098 3605120 4244088
1757503964 1124 3605120 4244088
1757503965 1148 3605120 4244088
1757503966 1169 3605120 4244088
1757503967 1191 3605120 4244088
1757503968 1168 3605120 4244088
1757503969 1180 3605120 4244088
1757503970 1193 3605120 4244088
1757503971 1206 3605120 4244088
1757503973 1215 3605120 4244088
1757503974 1227 3605120 4244088
1757503975 1238 3605120 4244088
1757503976 1248 3605120 4244088
1757503977 1260 3605120 4244088
1757503978 1270 3605120 4244088
1757503979 1280 3605120 4244088
1757503980 1258 3605120 4244088
1757503981 1270 3605120 4244088
1757503982 1279 3605120 4244088
1757503984 1287 3605120 4244088
1757503985 1297 3605120 4244088
1757503986 1307 3605120 4244088
1757503987 1315 3605120 4244088
1757503988 1323 3605120 4244088
1757503989 1325 3605120 4244088
1757503990 1329 3605120 4244088
1757503991 1310 3605120 4244088
1757503992 1319 3605120 4244088
1757503993 1326 3605120 4244088
1757503995 1333 3605120 4244088
1757503996 1339 3605120 4244088
1757503997 1345 3605120 4244088
1757503998 1352 3605120 4244088
1757503999 1356 3605120 4244088
1757504000 1362 3605120 4244088
1757504001 1347 3605120 4244088
1757504002 1353 3605120 4244088
1757504003 1356 3605120 4244088
1757504004 1360 3605120 4244088
1757504006 1363 3605120 4244088
1757504007 1367 3605120 4244088
1757504008 1371 3605120 4244088
1757504009 1373 3605120 4244088
1757504010 1376 3605120 4244088
1757504011 1378 3605120 4244088
1757504012 1383 3605248 4244088
1757504013 1369 3605248 4244088
1757504014 1374 3605248 4244088
1757504015 1378 3605248 4244088
1757504017 1383 3605248 4244088
1757504018 1387 3605248 4244088
1757504019 1391 3605248 4244088
1757504020 1393 3605248 4244088
1757504021 1395 3605248 4244088
1757504022 1397 3605248 4244088
1757504023 1384 3605248 4244088
1757504024 1388 3605248 4244088
1757504025 1392 3605248 4244088
1757504027 1396 3605248 4244088
1757504028 1400 3605248 4244088
1757504029 1404 3605248 4244088
1757504030 1407 3605248 4244088
1757504031 1410 3605248 4244088
1757504032 1414 3605248 4244088
1757504033 1402 3605248 4244088
1757504034 1405 3605248 4244088
1757504035 1409 3605248 4244088
1757504036 1411 3605248 4244088
1757504038 1413 3605248 4244088
1757504039 1416 3605248 4244088
1757504040 1416 3605248 4244088
1757504041 1418 3605248 4244088
1757504042 1419 3605248 4244088
1757504043 1420 3605248 4244088
1757504044 1421 3605248 4244088
1757504045 1410 3605248 4244088
1757504046 1413 3605248 4244088
1757504047 1415 3605248 4244088
1757504048 1418 3605248 4244088
1757504050 1420 3605248 4244088
1757504051 1423 3605248 4244088
1757504052 1424 3605248 4244088
1757504053 1424 3605248 4244088
1757504054 1426 3605248 4244088
1757504055 1429 3605248 4244088
1757504056 1431 3605248 4244088
1757504057 1421 3605248 4244088
1757504058 1413 3605376 4244088
1757504059 1402 3605376 4244088
1757504060 1391 2502012 5997800
1757504061 1388 3601916 5998196
1757504062 1390 3601916 5998196
1757504064 1392 3601916 5998196
1757504065 1386 5359644 5998196
1757504066 1388 5360388 5998196
1757504067 1390 5360388 5998196
1757504068 1393 5360388 5998196
1757504069 1396 5360388 5998196
1757504070 1398 5360388 5998196
1757504071 1389 5360388 5998196
1757504072 1388 5360388 5998196
1757504073 1378 8602916 9513828
1757504074 1369 5799900 6437652
