1757678961  0.0 15616 675408
1757678962  212 1282744 3084012
1757678963  157 2741960 5476592
1757678964  139 4816332 5476592
1757678965  130 4264644 5476592
1757678966  124 3155016 7869172
1757678967  169 4876616 7902456
1757678968  364 4876744 7902484
1757678969  511 4876744 7902484
1757678970  622 4876744 7902484
1757678971  648 4876744 7902484
1757678972  717 4876744 7902484
1757678973  787 4876744 7902484
1757678974  809 5382656 7902484
1757678975  761 7269120 7902484
1757678977  720 5873376 12687780
1757678978  684 8115296 12687780
1757678979  692 9662432 12692436
1757678980  745 9676640 12692436
1757678981  791 9676640 12692436
1757678982  829 9676640 12692436
1757678983  863 9676640 12692436
1757678984  893 9676640 12692436
1757678985  922 9676640 12692436
1757678986  952 9676640 12692436
1757678987  944 9676640 12692436
1757678988  970 9676640 12692436
1757678989  996 9676640 12692436
1757678990 1019 9676640 12692436
1757678992 1042 9676640 12692436
1757678993 1062 9676640 12692436
1757678994 1082 9676640 12692436
1757678995 1101 9676640 12692436
1757678996 1118 9676640 12692436
1757678997 1135 9676640 12692436
1757678998 1150 9676640 12692436
1757678999 1132 9676640 12692436
1757679000 1142 9676640 12692436
1757679001 1151 9676640 12692436
1757679003 1158 9676640 12692436
1757679004 1164 9676640 12692436
1757679005 1174 9676640 12692436
1757679006 1183 9676640 12692436
1757679007 1192 9676640 12692436
1757679008 1199 9676640 12692436
1757679009 1186 11606020 12692436
1757679010 1164 12069132 12692436
1757679011 1166 9677912 10299720
1757679012 1176 9677912 10299720
1757679013 1163 9677912 10299720
1757679014 1172 9677912 10299720
1757679015 1180 9677912 10299720
1757679016 1187 9677912 10299720
1757679018 1194 9677912 10299720
1757679019 1200 9677912 10299720
1757679020 1207 9677912 10299720
1757679021 1216 9677912 10299720
1757679022 1223 9677912 10299720
1757679023 1225 7285556 7907140
1757679024 1232 7285556 7907140
1757679025 1221 7285556 7907140
1757679026 1228 7285556 7907140
1757679027 1236 7285556 7907140
1757679028 1243 7285556 7907140
1757679030 1250 7285556 7907140
1757679031 1254 7285556 7907140
1757679032 1258 7285556 7907140
1757679033 1261 7285556 7907140
1757679034 1264 7285556 7907140
1757679035 1267 7285556 7907140
1757679036 1273 7285556 7907140
1757679037 1262 7285556 7907140
1757679038 1265 7285556 7907140
1757679039 1269 7285556 7907140
1757679040 1272 7285556 7907140
1757679041 1276 7285556 7907140
1757679043 1281 7285556 7907140
1757679044 1285 7285556 7907140
1757679045 1290 7285556 7907140
1757679046 1295 7285556 7907140
1757679047 1296 7868588 12692300
1757679048 1283 11439284 15084880
