1757077585  0.0 16640 676432
1757077586  213 1283904 3816436
1757077587  158 2623296 3816436
1757077588  489 6314068 6974724
1757077589  630 6349524 6974724
1757077590  801 6349524 6974724
1757077591  915 6349524 6974724
1757077593  988 6349524 6974724
1757077594 1060 6349524 6974724
1757077595 1118 6349524 6974724
1757077596 1176 6349524 6974724
1757077597 1221 6349524 6974724
1757077598 1257 6349524 6974724
1757077599 1286 6349524 6974724
1757077600 1235 6349524 6974724
1757077601 1267 6349524 6974724
1757077602 1294 6349524 6974724
1757077604 1307 6349524 6974724
1757077605 1312 6349524 6974724
1757077606 1318 6349524 6974724
1757077607 1288 6349524 6974208
1757077608 1236 7800276 10099212
1757077609 1189 9475156 10099212
1757077610 1146 4081016 6974208
1757077611 1106 5301624 6974208
1757077612 1068 6350328 6974208
1757077613 1034 9475332 10099212
1757077614 1002 9597428 10489840
1757077615  972 9755124 10489840
1757077616  944 4006580 4630460
1757077617  918 3687092 4630460
1757077618  893 3840692 4630460
1757077619  845 3996340 4630460
1757077620  824 4133232 6979872
1757077621  805 5247600 6979872
1757077622  786 6350320 6979872
1757077623  787 6352880 6979872
1757077624  810 6355568 6979872
1757077626  828 6355568 6979872
1757077627  849 6355568 6979872
1757077628  867 6355568 6979872
1757077629  883 6355568 6979872
1757077630  903 6355568 6979872
1757077631  922 6355568 6979872
1757077632  921 6355568 6979872
1757077633  937 6355568 6979872
1757077634  953 6355568 6979872
1757077636  962 6355568 6979872
1757077637  973 6355568 6979872
1757077638  982 6355568 6979872
1757077639  991 6355568 6979872
1757077640 1002 6355568 6979872
1757077641 1013 6355568 6979872
1757077642 1007 6355568 6979872
1757077643 1019 6355568 6979872
1757077644 1032 6355568 6979872
1757077646 1043 6355568 6979872
1757077647 1054 6355568 6979872
1757077648 1066 6355568 6979872
1757077649 1076 6355568 6979872
1757077650 1086 6355568 6979872
1757077651 1096 6355568 6979872
1757077652 1089 6355568 6979872
1757077653 1097 6355568 6979872
1757077654 1107 6355568 6979872
1757077656 1114 6355568 6979872
1757077657 1123 6355568 6979872
1757077658 1132 6355568 6979872
1757077659 1139 6355568 6979872
1757077660 1145 6355568 6979872
1757077661 1151 6355568 6979872
1757077662 1142 6355568 6979872
1757077663 1150 6355568 6979872
1757077664 1157 6355568 6979872
1757077666 1164 6355568 6979872
1757077667 1170 6355568 6979872
1757077668 1174 6355568 6979872
1757077669 1178 6355568 6979872
1757077670 1182 6355568 6979872
1757077671 1188 6355568 6979872
1757077672 1179 6355568 6979872
1757077673 1184 6355568 6979872
1757077674 1189 6355568 6979872
1757077676 1193 6355568 6979872
1757077677 1199 6355568 6979872
1757077678 1205 6355568 6979872
1757077679 1211 6355568 6979872
1757077680 1216 6355568 6979872
1757077681 1210 6355568 6979872
1757077682 1215 6355568 6979872
1757077683 1221 6355568 6979872
1757077685 1225 6355568 6979872
1757077686 1231 6355568 6979872
1757077687 1235 6355568 6979872
1757077688 1240 6355568 6979872
1757077689 1244 6355568 6979872
1757077690 1248 6355568 6979872
1757077691 1241 6355568 6979872
1757077692 1246 6355568 6979872
1757077693 1250 6355568 6979872
1757077695 1253 6355568 6979872
1757077696 1256 6355568 6979872
1757077697 1259 6355568 6979872
1757077698 1262 6355568 6979872
1757077699 1264 6355568 6979872
1757077700 1266 6355568 6979872
1757077701 1269 6355568 6979872
1757077702 1261 6355568 6979872
1757077703 1265 6355568 6979872
1757077705 1270 6355568 6979872
1757077706 1273 6355568 6979872
1757077707 1276 6355568 6979872
1757077708 1278 6355568 6979872
1757077709 1281 6355568 6979872
1757077710 1283 6355568 6979872
1757077711 1287 6355568 6979872
1757077712 1281 6355568 6979872
1757077713 1285 6355568 6979872
1757077714 1288 6355568 6979872
1757077716 1291 6355568 6979872
1757077717 1294 6355568 6979872
1757077718 1297 6355568 6979872
1757077719 1300 6355568 6979872
1757077720 1303 6355568 6979872
1757077721 1297 6355568 6979872
1757077722 1300 6355568 6979872
1757077723 1303 6355568 6979872
1757077725 1307 6355568 6979872
1757077726 1310 6355568 6979872
1757077727 1313 6355568 6979872
1757077728 1315 6355568 6979872
1757077729 1316 6355568 6979872
1757077730 1317 6355568 6979872
1757077731 1317 6355568 6979872
1757077732 1311 6355568 6979872
1757077733 1314 6355568 6979872
1757077735 1317 6355568 6979872
1757077736 1319 6355568 6979872
1757077737 1322 6355568 6979872
1757077738 1325 6355568 6979872
1757077739 1328 6355568 6979872
1757077740 1322 6355568 6979872
1757077741 1323 6355568 6979872
1757077742 1325 6355568 6979872
1757077743 1327 6355568 6979872
1757077745 1330 6355568 6979872
1757077746 1332 6355568 6979872
1757077747 1335 6355568 6979872
1757077748 1337 6355568 6979872
1757077749 1339 6355568 6979872
1757077750 1333 6355568 6979872
1757077751 1336 6355568 6979872
1757077752 1338 6355568 6979872
1757077754 1340 6355568 6979872
1757077755 1343 6355568 6979872
1757077756 1345 6355568 6979872
1757077757 1348 6355568 6979872
1757077758 1350 6355568 6979872
1757077759 1344 6355568 6979872
1757077760 1347 6355568 6979872
1757077761 1347 6355568 6979872
1757077762 1348 6355568 6979872
1757077764 1348 6355568 6979872
1757077765 1349 6355568 6979872
1757077766 1350 6355568 6979872
1757077767 1352 6355568 6979872
1757077768 1354 6355568 6979872
1757077769 1356 6355568 6979872
1757077770 1351 6355568 6979872
1757077771 1353 6355568 6979872
1757077772 1355 6355568 6979872
1757077774 1357 6355568 6979872
1757077775 1359 6355568 6979872
1757077776 1360 6355568 6979872
1757077777 1362 6355568 6979872
1757077778 1363 6355568 6979872
1757077779 1364 6355568 6979872
1757077780 1366 6355568 6979872
1757077781 1360 6355568 6979872
1757077782 1362 6355568 6979872
1757077784 1364 6355568 6979872
1757077785 1366 6355568 6979872
1757077786 1368 6355568 6979872
1757077787 1370 6355568 6979872
1757077788 1372 6355568 6979872
1757077789 1374 6355568 6979872
1757077790 1369 6355568 6979872
1757077791 1370 6355568 6979872
1757077792 1372 6355568 6979872
1757077794 1372 6355568 6979872
1757077795 1373 6355568 6979872
1757077796 1373 6355568 6979872
1757077797 1374 6355568 6979872
1757077798 1375 6355568 6979872
1757077799 1376 6355568 6979872
1757077800 1377 6355568 6979872
1757077801 1378 6355568 6979872
1757077802 1374 6355568 6979872
1757077803 1375 6355568 6979872
1757077804 1377 6355568 6979872
1757077806 1379 6355568 6979872
1757077807 1381 6355568 6979872
1757077808 1382 6355568 6979872
1757077809 1383 6355568 6979872
1757077810 1384 6355568 6979872
1757077811 1385 6355568 6979872
1757077812 1386 6355568 6979872
1757077813 1381 6355568 6979872
1757077814 1382 6355568 6979872
1757077815 1384 6355568 6979872
1757077817 1386 6355568 6979872
1757077818 1387 6355568 6979872
1757077819 1389 6355568 6979872
1757077820 1390 6355568 6979872
1757077821 1391 6355568 6979872
1757077822 1387 6355568 6979872
1757077823 1389 6355568 6979872
1757077824 1389 6355568 6979872
1757077826 1390 6355568 6979872
1757077827 1390 6355568 6979872
1757077828 1391 6355568 6979872
1757077829 1393 6355568 6979872
1757077830 1394 6355568 6979872
1757077831 1395 6355568 6979872
1757077832 1395 6355568 6979872
1757077833 1391 6355568 6979872
1757077834 1392 6355568 6979872
1757077835 1394 6355568 6979872
1757077837 1395 6355568 6979872
1757077838 1396 6355568 6979872
1757077839 1398 6355568 6979872
1757077840 1399 6355568 6979872
1757077841 1400 6355568 6979872
1757077842 1401 6355568 6979872
1757077843 1397 6355568 6979872
1757077844 1397 6355568 6979872
1757077845 1398 6355568 6979872
1757077847 1399 6355568 6979872
1757077848 1400 6355568 6979872
1757077849 1401 6355568 6979872
1757077850 1402 6355568 6979872
1757077851 1403 6355568 6979872
1757077852 1404 6355696 6979872
1757077853 1406 6355696 6979872
1757077854 1407 6355696 6979872
1757077855 1402 6355696 6979872
1757077856 1403 6355696 6979872
1757077857 1403 6355696 6979872
1757077859 1403 6355696 6979872
1757077860 1404 6355696 6979872
1757077861 1400 6355696 6979872
1757077862 1396 6355696 6979872
1757077863 1391 6355696 6979872
1757077864 1386 6355696 6979872
1757077865 1382 3887960 10099404
1757077866 1377 5135960 10099404
1757077867 1373 6350808 10099760
1757077868 1375 6350808 10099760
1757077869 1376 6350808 10099760
1757077870 1377 6350808 10099760
1757077871 1373 6350808 10099760
1757077872 1374 6350808 10099760
1757077873 1375 6350808 10099760
1757077875 1376 6350808 10099760
1757077876 1372 9474560 10099760
1757077877 1368 9475456 10099760
1757077878 1366 8794928 10099760
1757077879 1367 9476912 10099760
1757077880 1367 9476912 10099760
1757077881 1368 9476912 10099760
1757077882 1369 9476912 10099760
1757077883 1370 9476912 10099760
1757077884 1367 9476912 10099760
1757077885 1368 9476912 10099760
1757077886 1369 9476912 10099760
1757077888 1369 9476912 10099760
1757077889 1370 9476912 10099760
1757077890 1370 9476912 10099760
1757077891 1371 9476912 10099760
1757077892 1372 9476912 10099760
1757077893 1373 9476912 10099760
1757077894 1374 9476912 10099760
1757077895 1367 9476912 10099760
1757077896 1363 11510088 13224764
1757077897 1359 13963104 16349768
1757077898 1355 15836136 16740396
1757077899 1351 10214812 10881016
