1757505616  0.0 15616 675408
1757505617  203 1247740 3084012
1757505618  343 3398840 5509876
1757505619  804 4875704 5509876
1757505620 1035 4875704 5509876
1757505621 1163 4875704 5509876
1757505622 1256 4875704 5509876
1757505623 1157 4875704 5509876
1757505624 1222 4875704 5509876
1757505625 1275 4875704 5509876
1757505627 1317 4875704 5509876
1757505628 1354 4875704 5509876
1757505629 1371 4875704 5509876
1757505630 1390 4875704 5509876
1757505631 1349 5282872 7901940
1757505632 1271 7270200 7901940
1757505633 1203 3941756 5509360
1757505634 1141 6698880 7901940
1757505635 1087 7475656 8201016
1757505636 1038 2833480 3714932
1757505637  993 3040324 5514320
1757505638  953 4878020 5514320
1757505639  921 4882628 5514320
1757505640  951 4882628 5514320
1757505641  983 4882628 5514320
1757505643 1008 4882628 5514320
1757505644 1029 4882628 5514320
1757505645 1047 4882628 5514320
1757505646 1061 4882628 5514320
1757505647 1072 4882628 5514320
1757505648 1088 4882628 5514320
1757505649 1074 4882628 5514320
1757505650 1093 4882628 5514320
1757505651 1111 4882628 5514320
1757505653 1128 4882628 5514320
1757505654 1146 4882628 5514320
1757505655 1161 4882628 5514320
1757505656 1176 4882628 5514320
1757505657 1190 4882628 5514320
1757505658 1204 4882628 5514320
1757505659 1188 4882628 5514320
1757505660 1200 4882628 5514320
1757505661 1211 4882628 5514320
1757505663 1220 4882628 5514320
1757505664 1228 4882628 5514320
1757505665 1236 4882628 5514320
1757505666 1243 4882628 5514320
1757505667 1252 4882628 5514320
1757505668 1260 4882628 5514320
1757505669 1246 4882628 5514320
1757505670 1254 4882628 5514320
1757505671 1262 4882628 5514320
1757505673 1270 4882628 5514320
1757505674 1277 4882628 5514320
1757505675 1285 4882628 5514320
1757505676 1291 4882628 5514320
1757505677 1295 4882628 5514320
1757505678 1297 4882628 5514320
1757505679 1279 4882628 5514320
1757505680 1283 4882628 5514320
1757505681 1290 4882628 5514320
1757505683 1297 4882628 5514320
1757505684 1303 4882628 5514320
1757505685 1309 4882628 5514320
1757505686 1316 4882628 5514320
1757505687 1322 4882628 5514320
1757505688 1328 4882628 5514320
1757505689 1315 4882628 5514320
1757505690 1321 4882628 5514320
1757505691 1327 4882628 5514320
1757505693 1332 4882628 5514320
1757505694 1338 4882628 5514320
1757505695 1343 4882628 5514320
1757505696 1347 4882628 5514320
1757505697 1348 4882628 5514320
1757505698 1351 4882628 5514320
1757505699 1354 4882628 5514320
1757505700 1342 4882628 5514320
1757505701 1345 4882628 5514320
1757505702 1350 4882628 5514320
1757505704 1354 4882628 5514320
1757505705 1358 4882628 5514320
1757505706 1362 4882628 5514320
1757505707 1364 4882628 5514320
1757505708 1368 4882628 5514320
1757505709 1370 4882628 5514320
1757505710 1357 4882628 5514320
1757505711 1360 4882628 5514320
1757505712 1363 4882628 5514320
1757505713 1365 4882628 5514320
1757505715 1368 4882628 5514320
1757505716 1370 4882628 5514320
1757505717 1374 4882628 5514320
1757505718 1378 4882628 5514320
1757505719 1381 4882628 5514320
1757505720 1385 4882628 5514320
1757505721 1375 4882628 5514320
1757505722 1378 4882628 5514320
1757505723 1381 4882628 5514320
1757505725 1385 4882628 5514320
1757505726 1388 4882628 5514320
1757505727 1392 4882628 5514320
1757505728 1394 4882628 5514320
1757505729 1396 4882628 5514320
1757505730 1398 4882628 5514320
1757505731 1388 4882628 5514320
1757505732 1389 4882628 5514320
1757505733 1391 4882628 5514320
1757505734 1393 4882628 5514320
1757505736 1396 4882628 5514320
1757505737 1399 4882628 5514320
1757505738 1400 4882628 5514320
1757505739 1403 4882628 5514320
1757505740 1404 4882628 5514320
1757505741 1405 4882628 5514320
1757505742 1396 4882628 5514320
1757505743 1399 4882628 5514320
1757505744 1402 4882628 5514320
1757505746 1404 4882628 5514320
1757505747 1406 4882628 5514320
1757505748 1408 4882628 5514320
1757505749 1409 4882628 5514320
1757505750 1412 4882628 5514320
1757505751 1415 4882628 5514320
1757505752 1406 4882628 5514320
1757505753 1409 4882628 5514320
1757505754 1411 4882628 5514320
1757505756 1414 4882628 5514320
1757505757 1416 4882628 5514320
1757505758 1419 4882628 5514320
1757505759 1420 4882628 5514320
1757505760 1422 4882628 5514320
1757505761 1413 4882628 5514320
1757505762 1415 4882628 5514320
1757505763 1416 4882628 5514320
1757505764 1418 4882628 5514320
1757505766 1418 4882628 5514320
1757505767 1419 4882628 5514320
1757505768 1420 4882628 5514320
1757505769 1422 4882628 5514320
1757505770 1424 4882628 5514320
1757505771 1424 4882628 5514320
1757505772 1425 4882628 5514320
1757505773 1418 4882628 5514320
1757505774 1420 4882628 5514320
1757505775 1422 4882628 5514320
1757505777 1424 4882628 5514320
1757505778 1426 4882628 5514320
1757505779 1428 4882628 5514320
1757505780 1429 4882628 5514320
1757505781 1430 4882628 5514320
1757505782 1431 4882628 5514320
1757505783 1432 4882628 5514320
1757505784 1425 4882628 5514320
1757505785 1427 4882628 5514320
1757505786 1429 4882628 5514320
1757505788 1430 4882628 5514320
1757505789 1432 4882628 5514320
1757505790 1433 4882628 5514320
1757505791 1434 4882628 5514320
1757505792 1436 4882628 5514320
1757505793 1437 4882628 5514320
1757505794 1438 4882628 5514320
1757505795 1440 4882756 5514320
1757505796 1433 4882756 5514320
1757505797 1429 4882756 5514320
1757505798 1422 4882756 5514320
1757505799 1415 4882756 5514320
1757505800 1408 2918700 7902112
1757505801 1401 4794412 7902112
1757505802 1401 4878636 7902488
1757505804 1402 4878636 7902488
1757505805 1403 4878636 7902488
1757505806 1405 4878636 7902488
1757505807 1406 4878636 7902488
1757505808 1401 7270968 7902488
1757505809 1399 7272236 7902488
1757505810 1401 7272236 7902488
1757505811 1403 7272236 7902488
1757505812 1397 7272236 7902488
1757505813 1399 7272236 7902488
1757505814 1400 7272236 7902488
1757505815 1401 7272236 7902488
1757505817 1403 7272236 7902488
1757505818 1403 7272236 7902488
1757505819 1405 7272236 7902488
1757505820 1406 7272236 7902488
1757505821 1401 9513780 10295068
1757505822 1394 12057276 12687648
1757505823 1388 7770552 8500640
