1759482207  0.0 15872 642636
1759482208  207 1280536 3084004
1759482209  155 2739748 5476584
1759482210  137 4816164 5476584
1759482211  129 4111004 5476584
1759482212  123 2835872 10261880
1759482213  103 4658848 10261880
1759482214  132 7270944 10299300
1759482215  284 7270944 10299300
1759482216  420 7270944 10299300
1759482218  521 7270944 10299300
1759482219  617 7270944 10299300
1759482220  695 7270944 10299300
1759482221  752 7270944 10299300
1759482222  800 7271200 10299300
1759482223  845 7271328 10299300
1759482224  896 7271328 10299300
1759482225  938 7271328 10299300
1759482226  925 7271328 10299300
1759482227  959 7271328 10299300
1759482228  990 7271328 10299300
1759482230 1021 7271328 10299300
1759482231 1050 7271328 10299300
1759482232 1076 7271328 10299300
1759482233 1095 7271328 10299300
1759482234 1116 7271328 10299300
1759482235 1135 7271328 10299300
1759482236 1153 7271328 10299300
1759482237 1172 7271328 10299300
1759482238 1151 7271328 10299300
1759482239 1168 7271328 10299300
1759482240 1183 7271328 10299300
1759482242 1197 7271328 10299300
1759482243 1206 7271328 10299300
1759482244 1213 7271328 10299300
1759482245 1220 7271328 10299300
1759482246 1226 7271328 10299300
1759482247 1226 7271328 10299300
1759482248 1203 9663556 10299300
1759482249 1190 6298060 7907100
1759482250 1175 7270860 7907100
1759482251 1183 7270860 7907100
1759482252 1190 7270860 7907100
1759482254 1197 7270860 7907100
1759482255 1205 7270860 7907100
1759482256 1215 7270860 7907100
1759482257 1223 7270860 7907100
1759482258 1231 7270860 7907100
1759482259 1240 7270860 7907100
1759482260 1226 7270860 7907100
1759482261 1234 7270860 7907100
1759482262 1243 7270860 7907100
1759482263 1251 7270860 7907100
1759482265 1258 7270860 7907100
1759482266 1265 7270860 7907100
1759482267 1272 7270860 7907100
1759482268 1279 7270860 7907100
1759482269 1286 7270860 7907100
1759482270 1292 7270860 7907100
1759482271 1279 7270860 7907100
1759482272 1285 7270860 7907100
1759482273 1286 7970112 12691744
1759482274 1268 11604296 15084324
