1759482275  0.0 14592 576968
1759482276  213 1218976 3084004
1759482277  157 2641324 5476584
1759482278  139 4816044 5476584
1759482279  130 4024024 5476584
1759482280  124 2757212 10261880
1759482281  121 4581084 10261880
1759482282  145 7270748 10299304
1759482283  315 7270748 10299304
1759482284  449 7270748 10299304
1759482285  505 7270748 10299304
1759482286  597 7270748 10299304
1759482287  672 7270748 10299304
1759482288  743 7271004 10299304
1759482290  805 7271132 10299304
1759482291  860 7271388 10299304
1759482292  910 7271388 10299304
1759482293  952 7271388 10299304
1759482294  989 7271388 10299304
1759482295 1031 7271388 10299304
1759482296 1016 7271388 10299304
1759482297 1046 7271388 10299304
1759482298 1073 7271388 10299304
1759482300 1098 7271388 10299304
1759482301 1120 7271388 10299304
1759482302 1141 7271388 10299304
1759482303 1162 7271388 10299304
1759482304 1180 7271388 10299304
1759482305 1197 7271388 10299304
1759482306 1176 7271388 10299304
1759482307 1192 7271388 10299304
1759482308 1203 7271388 10299304
1759482310 1209 7271388 10299304
1759482311 1214 7271388 10299304
1759482312 1222 7271388 10299304
1759482313 1226 7271388 10299304
1759482314 1221 7271388 10299304
1759482315 1195 9663644 10299304
1759482316 1178 6126052 7907104
1759482317 1190 7271140 7907104
1759482318 1172 7271140 7907104
1759482319 1183 7271140 7907104
1759482320 1194 7271140 7907104
1759482322 1205 7271140 7907104
1759482323 1216 7271140 7907104
1759482324 1225 7271140 7907104
1759482325 1235 7271140 7907104
1759482326 1244 7271140 7907104
1759482327 1252 7271140 7907104
1759482328 1260 7271140 7907104
1759482329 1245 7271140 7907104
1759482330 1253 7271140 7907104
1759482331 1261 7271140 7907104
1759482333 1268 7271140 7907104
1759482334 1276 7271140 7907104
1759482335 1283 7271140 7907104
1759482336 1289 7271140 7907104
1759482337 1296 7271140 7907104
1759482338 1302 7271140 7907104
1759482339 1300 8242784 12691748
1759482340 1282 11858536 15084328
