1759482407  0.0 15488 642636
1759482408  208 1208140 3816428
1759482409  155 2525004 3816428
1759482410  138 3730796 6941432
1759482411  103 4916588 6941432
1759482412  103 6096236 6941432
1759482413  103 4367316 6941432
1759482414  103 6280916 6941432
1759482415  103 3814392 13191592
1759482416  103 4954104 13191592
1759482417  103 6164600 13191592
1759482418  103 8986616 13191592
1759482419  208 9474424 13229016
1759482421  312 9474424 13229016
1759482422  405 9474424 13229016
1759482423  484 9474552 13229016
1759482424  556 9474552 13229016
1759482425  618 9474552 13229016
1759482426  676 9474552 13229016
1759482427  727 9474552 13229016
1759482428  737 9474552 13229016
1759482429  780 9474808 13229016
1759482430  816 9474936 13229016
1759482432  851 9475064 13229016
1759482433  881 9475064 13229016
1759482434  904 9475064 13229016
1759482435  925 9475064 13229016
1759482436  952 9475064 13229016
1759482437  976 9475064 13229016
1759482438  998 9475064 13229016
1759482439 1012 9475064 13229016
1759482440  996 9475064 13229016
1759482441 1010 9475064 13229016
1759482442 1023 9475064 13229016
1759482444 1032 9475064 13229016
1759482445 1038 9475064 13229016
1759482446 1045 9475064 13229016
1759482447 1053 9475064 13229016
1759482448 1065 9475064 13229016
1759482449 1079 9475064 13229016
1759482450 1070 9475064 13229016
1759482451 1083 9475064 13229016
1759482452 1097 9475064 13229016
1759482453 1109 9475064 13229016
1759482455 1121 9475064 13229016
1759482456 1133 9475064 13229016
1759482457 1144 9475064 13229016
1759482458 1156 9475064 13229016
1759482459 1165 9475064 13229016
1759482460 1175 9475064 13229016
1759482461 1183 9475064 13229016
1759482462 1171 9475064 13229016
1759482463 1179 9475064 13229016
1759482464 1182 9475064 13229016
1759482465 1175 9475064 13229016
1759482467 1157 12598548 13229016
1759482468 1140 12599188 13229016
1759482469 1123 12599700 13229016
1759482470 1107 9884760 13229016
1759482471 1110 9476076 10104376
1759482472 1116 9476076 10104376
1759482473 1122 9476076 10104376
1759482474 1128 9476076 10104376
1759482475 1134 9476076 10104376
1759482476 1139 9476076 10104376
1759482477 1128 9476076 10104376
1759482478 1135 9476076 10104376
1759482479 1139 9476076 10104376
1759482481 1144 9476076 10104376
1759482482 1149 9476076 10104376
1759482483 1155 9476076 10104376
1759482484 1162 9476076 10104376
1759482485 1168 9476076 10104376
1759482486 1175 9476076 10104376
1759482487 1182 9476076 10104376
1759482488 1174 9476076 10104376
1759482489 1180 9476076 10104376
1759482490 1186 9476076 10104376
1759482492 1192 9476076 10104376
1759482493 1198 9476076 10104376
1759482494 1204 9476076 10104376
1759482495 1210 9476076 10104376
1759482496 1213 9476076 10104376
1759482497 1217 9476076 10104376
1759482498 1209 9476076 10104376
1759482499 1215 9476076 10104376
1759482500 1218 9476076 10104376
1759482502 1222 9476076 10104376
1759482503 1225 9476076 10104376
1759482504 1228 9476076 10104376
1759482505 1231 9476076 10104376
1759482506 1233 9476076 10104376
1759482507 1231 10559288 16353868
1759482508 1220 13868456 19478872
