1757084859  0.0 15744 675388
1757084860  204 1267368 3816444
1757084861  153 2608808 3816444
1757084863  136 3853640 6941448
1757084864  128 5047624 6941448
1757084865  123 6241608 6941448
1757084866  119 4644656 6941448
1757084867  117 6281136 6941448
1757084868  115 4077236 13191608
1757084869  114 5286452 13191608
1757084870  113 6884148 13191608
1757084871  148 9474228 13229036
1757084872  268 9474228 13229036
1757084873  379 9474228 13229036
1757084874  477 9474228 13229036
1757084875  524 9474228 13229036
1757084876  596 9474228 13229036
1757084877  658 9474356 13229036
1757084878  716 9474356 13229036
1757084880  764 9474356 13229036
1757084881  808 9474612 13229036
1757084882  850 9474740 13229036
1757084883  881 9474868 13229036
1757084884  911 9474868 13229036
1757084885  937 9474996 13229036
1757084886  967 9474996 13229036
1757084887  957 9474996 13229036
1757084888  984 9474996 13229036
1757084889 1009 9474996 13229036
1757084891 1031 9474996 13229036
1757084892 1052 9474996 13229036
1757084893 1061 9474996 13229036
1757084894 1073 9474996 13229036
1757084895 1083 9474996 13229036
1757084896 1094 9474996 13229036
1757084897 1079 9474996 13229036
1757084898 1095 9474996 13229036
1757084899 1109 9474996 13229036
1757084901 1121 9474996 13229036
1757084902 1135 9474996 13229036
1757084903 1145 9474996 13229036
1757084904 1159 9474996 13229036
1757084905 1171 9474996 13229036
1757084906 1183 9474996 13229036
1757084907 1194 9474996 13229036
1757084908 1181 9474996 13229036
1757084909 1192 9474996 13229036
1757084910 1202 9474996 13229036
1757084912 1212 9474996 13229036
1757084913 1222 9474996 13229036
1757084914 1232 9474996 13229036
1757084915 1240 9474996 13229036
1757084916 1249 9474996 13229036
1757084917 1255 9474996 13229036
1757084918 1256 9474996 13229036
1757084919 1246 9474996 13229036
1757084920 1208 12598476 13229036
1757084921 1190 12599116 13229036
1757084922 1173 12599756 13229036
1757084923 1156 7330204 10103880
1757084924 1154 9474972 10104396
1757084925 1159 9474972 10104396
1757084927 1164 9474972 10104396
1757084928 1169 9474972 10104396
1757084929 1174 9474972 10104396
1757084930 1180 9474972 10104396
1757084931 1186 9474972 10104396
1757084932 1190 9474972 10104396
1757084933 1196 9474972 10104396
1757084934 1188 9474972 10104396
1757084935 1195 9474972 10104396
1757084936 1201 9474972 10104396
1757084938 1208 9474972 10104396
1757084939 1215 9474972 10104396
1757084940 1221 9474972 10104396
1757084941 1227 9474972 10104396
1757084942 1233 9474972 10104396
1757084943 1239 9474972 10104396
1757084944 1245 9474972 10104396
1757084945 1236 9474972 10104396
1757084946 1242 9474972 10104396
1757084947 1247 9474972 10104396
1757084949 1252 9474972 10104396
1757084950 1257 9474972 10104396
1757084951 1260 9474972 10104396
1757084952 1264 9474972 10104396
1757084953 1269 9474972 10104396
1757084954 1272 9474972 10104396
1757084955 1277 9474972 10104396
1757084956 1266 9474972 10104396
1757084957 1269 9474972 10104396
1757084958 1271 9474972 10104396
1757084960 1272 9946036 16353888
1757084961 1260 12680116 16353888
1757084962 1249 15805004 19478892
1757084963 1238 10326132 14010140
