1759481386  0.0 15744 676428
1759481387  215 1282496 2449240
1759481388  159 3360564 4207056
1759481389  140 3345860 4207056
1759481390  130 3023640 7722800
1759481392  185 5358616 7760228
1759481393  438 5358616 7760228
1759481394  613 5358616 7760228
1759481395  751 5358872 7760228
1759481396  851 5359000 7760228
1759481397  923 5359128 7760228
1759481398  981 5359128 7760228
1759481399  948 5359128 7760228
1759481400  983 5359128 7760228
1759481401 1023 5359128 7760228
1759481402 1053 5359128 7760228
1759481404 1089 5359128 7760228
1759481405 1115 5359128 7760228
1759481406 1141 5359128 7760228
1759481407 1164 5359128 7760228
1759481408 1180 5359128 7760228
1759481409 1144 5359128 7760228
1759481410 1160 5359128 7760228
1759481411 1174 5359128 7760228
1759481412 1187 5359128 7760228
1759481413 1170 6934132 7760228
1759481414 1131 5216204 7760228
1759481416 1147 5359316 6002816
1759481417 1164 5359316 6002816
1759481418 1180 5359316 6002816
1759481419 1194 5359316 6002816
1759481420 1210 5359316 6002816
1759481421 1224 5359316 6002816
1759481422 1237 5359316 6002816
1759481423 1216 5359316 6002816
1759481424 1229 5359316 6002816
1759481425 1242 5359316 6002816
1759481427 1253 5359316 6002816
1759481428 1264 5359316 6002816
1759481429 1275 5359316 6002816
1759481430 1285 5359316 6002816
1759481431 1272 7039932 9517932
