1759482006  0.0 16000 676428
1759482007  213 1276608 3084004
1759482008  158 2623180 5476584
1759482009  139 4771536 5476584
1759482010  130 3950536 5476584
1759482011  124 2621812 10261880
1759482012  121 4388596 10261880
1759482013  118 7061492 10261880
1759482014  299 7271156 10299304
1759482016  453 7271156 10299304
1759482017  574 7271156 10299304
1759482018  673 7271284 10299304
1759482019  759 7271284 10299304
1759482020  833 7271540 10299304
1759482021  895 7271668 10299304
1759482022  948 7271796 10299304
1759482023  935 7271796 10299304
1759482024  978 7271796 10299304
1759482025 1012 7271796 10299304
1759482027 1036 7271796 10299304
1759482028 1066 7271796 10299304
1759482029 1091 7271796 10299304
1759482030 1118 7271796 10299304
1759482031 1142 7271796 10299304
1759482032 1158 7271796 10299304
1759482033 1169 7271796 10299304
1759482034 1141 7271796 10299304
1759482035 1155 7271796 10299304
1759482036 1168 7271796 10299304
1759482037 1183 7271796 10299304
1759482039 1200 7271796 10299304
1759482040 1215 7271796 10299304
1759482041 1229 7271796 10299304
1759482042 1238 7271796 10299304
1759482043 1243 7271796 10299304
1759482044 1246 7271796 10299304
1759482045 1237 7271796 10299304
1759482046 1209 9663892 10299304
1759482047 1181 9664276 10299304
1759482048 1142 6499036 7907104
1759482049 1155 7271132 7907104
1759482050 1167 7271132 7907104
1759482052 1179 7271132 7907104
1759482053 1190 7271132 7907104
1759482054 1200 7271132 7907104
1759482055 1211 7271132 7907104
1759482056 1221 7271132 7907104
1759482057 1230 7271132 7907104
1759482058 1212 7271132 7907104
1759482059 1221 7271132 7907104
1759482060 1229 7271132 7907104
1759482062 1237 7271132 7907104
1759482063 1245 7271132 7907104
1759482064 1249 7271132 7907104
1759482065 1255 7271132 7907104
1759482066 1258 7271132 7907104
1759482067 1263 7271132 7907104
1759482068 1270 7271132 7907104
1759482069 1257 7271132 7907104
1759482070 1264 7271132 7907104
1759482071 1270 7271132 7907104
1759482073 1263 9053772 12691748
