1757083380  0.0 15744 675388
1757083381  205 1313116 3132848
1757083382  154 2163232 3132848
1757083383  137 2643704 5574352
1757083384  406 3739128 5611780
1757083385  557 3739512 5611780
1757083386  728 3739640 5611780
1757083387  851 3739640 5611780
1757083388  950 3739640 5611780
1757083390 1022 3739640 5611780
1757083391 1056 3739640 5611780
1757083392 1089 3739640 5611780
1757083393 1122 3739640 5611780
1757083394 1146 3739640 5611780
1757083395 1106 4960284 5611780
1757083396 1093 3739640 4391496
1757083397 1055 3739640 4391496
1757083398 1081 3739640 4391496
1757083399 1109 3739640 4391496
1757083401 1139 3739640 4391496
1757083402 1166 3739640 4391496
1757083403 1190 3739640 4391496
1757083404 1212 3739640 4391496
1757083405 1182 6231064 8053092
