1757083433  0.0 16896 676412
1757083434  215 1342024 3132848
1757083435  158 2189320 3132848
1757083436  140 2689932 5574352
1757083437  394 3739148 5611780
1757083438  625 3739660 5611780
1757083439  776 3739788 5611780
1757083440  885 3739788 5611780
1757083441  966 3739788 5611780
1757083442  947 3739916 5611780
1757083443 1013 3739916 5611780
1757083444 1072 3739916 5611780
1757083446 1123 3739916 5611780
1757083447 1167 3739916 5611780
1757083448 1206 3739916 5611780
1757083449 1237 3739916 5611780
1757083450 1261 3739916 5611780
1757083451 1206 3070348 4390980
1757083452 1225 3739916 4391496
1757083453 1239 3739916 4391496
1757083454 1205 3739916 4391496
1757083455 1228 3739916 4391496
1757083456 1246 3739916 4391496
1757083458 1267 3739916 4391496
1757083459 1279 3739916 4391496
1757083460 1286 3861740 6832388
1757083461 1244 6367772 8205680
