1757084963  0.0 16640 676412
1757084964  189 1236688 3816444
1757084965  146 2594512 3816444
1757084966  131 3865968 6941448
1757084967  124 5086576 6941448
1757084968  120 6281072 6941448
1757084969  117 4769496 6941448
1757084970  115 6281176 6941448
1757084971  113 4149724 13191608
1757084972  112 5297244 13191608
1757084973  111 6860252 13191608
1757084974  145 9474780 13229036
1757084975  253 9474780 13229036
1757084976  358 9474780 13229036
1757084977  444 9474780 13229036
1757084978  522 9474780 13229036
1757084980  593 9474780 13229036
1757084981  654 9474908 13229036
1757084982  713 9475036 13229036
1757084983  763 9475036 13229036
1757084984  807 9475292 13229036
1757084985  838 9475292 13229036
1757084986  870 9475548 13229036
1757084987  858 9475548 13229036
1757084988  885 9475676 13229036
1757084989  908 9475676 13229036
1757084991  931 9475676 13229036
1757084992  957 9475676 13229036
1757084993  980 9475676 13229036
1757084994  999 9475676 13229036
1757084995 1013 9475676 13229036
1757084996 1032 9475676 13229036
1757084997 1046 9475676 13229036
1757084998 1061 9475676 13229036
1757084999 1051 9475676 13229036
1757085000 1068 9475676 13229036
1757085001 1085 9475676 13229036
1757085003 1098 9475676 13229036
1757085004 1114 9475676 13229036
1757085005 1129 9475676 13229036
1757085006 1143 9475676 13229036
1757085007 1155 9475676 13229036
1757085008 1168 9475676 13229036
1757085009 1155 9475676 13229036
1757085010 1166 9475676 13229036
1757085011 1178 9475676 13229036
1757085012 1189 9475676 13229036
1757085014 1200 9475676 13229036
1757085015 1210 9475676 13229036
1757085016 1219 9475676 13229036
1757085017 1227 9475676 13229036
1757085018 1234 9475676 13229036
1757085019 1237 9475676 13229036
1757085020 1221 9475676 13229036
1757085021 1224 9475676 13229036
1757085022 1214 11017900 13229036
1757085023 1196 12599596 13229036
1757085024 1178 12600492 13229036
1757085026 1161 8633376 10103880
1757085027 1164 9475616 10104396
1757085028 1172 9475616 10104396
1757085029 1180 9475616 10104396
1757085030 1186 9475616 10104396
1757085031 1193 9475616 10104396
1757085032 1199 9475616 10104396
1757085033 1189 9475616 10104396
1757085034 1196 9475616 10104396
1757085035 1204 9475616 10104396
1757085036 1211 9475616 10104396
1757085038 1218 9475616 10104396
1757085039 1224 9475616 10104396
1757085040 1231 9475616 10104396
1757085041 1237 9475616 10104396
1757085042 1243 9475616 10104396
1757085043 1250 9475616 10104396
1757085044 1240 9475616 10104396
1757085045 1246 9475616 10104396
1757085046 1252 9475616 10104396
1757085048 1256 9475616 10104396
1757085049 1260 9475616 10104396
1757085050 1264 9475616 10104396
1757085051 1268 9475616 10104396
1757085052 1270 9475616 10104396
1757085053 1273 9475616 10104396
1757085054 1276 9475616 10104396
1757085055 1265 9475616 10104396
1757085056 1268 9475616 10104396
1757085057 1272 9475616 10104396
1757085059 1276 9475616 10104396
1757085060 1280 9475616 10104396
1757085061 1272 11892092 16353888
1757085062 1260 15686548 19478892
1757085063 1249 10177084 14010140
