1759481081  0.0 15744 675404
1759481082  107 1323416 3132832
1759481083  106 2162904 3132832
1759481084  105 2567388 5574336
1759481085  305 3739228 5611760
1759481086  500 3739612 5611760
1759481088  668 3739740 5611760
1759481089  784 3739740 5611760
1759481090  868 3739740 5611760
1759481091  938 3739740 5611760
1759481092  999 3739740 5611760
1759481093 1052 3739740 5611760
1759481094 1100 3739740 5611760
1759481095 1129 3739740 5611760
1759481096 1085 3739740 5611760
1759481097 1111 3739740 5611760
1759481098 1108 4370636 5611760
1759481100 1084 3740232 4391476
1759481101 1111 3740232 4391476
1759481102 1135 3740232 4391476
1759481103 1154 3740232 4391476
1759481104 1173 3740232 4391476
1759481105 1188 3740232 4391476
1759481106 1209 3740232 4391476
1759481107 1227 3740232 4391476
1759481108 1201 3740232 4391476
