1759481298  0.0 16000 676428
1759481299  215 1268276 2449240
1759481300  159 3325864 4207056
1759481301  140 3375288 4207056
1759481302  131 3147836 7722800
1759481303  197 5309628 7760224
1759481305  418 5358268 7760224
1759481306  581 5358268 7760224
1759481307  687 5358268 7760224
1759481308  790 5358652 7760224
1759481309  877 5358652 7760224
1759481310  950 5359036 7760224
1759481311 1007 5359036 7760224
1759481312 1058 5359036 7760224
1759481313 1027 5359036 7760224
1759481314 1056 5359036 7760224
1759481315 1083 5359036 7760224
1759481317 1106 5359036 7760224
1759481318 1133 5359036 7760224
1759481319 1162 5359036 7760224
1759481320 1187 5359036 7760224
1759481321 1210 5359036 7760224
1759481322 1231 5359036 7760224
1759481323 1250 5359036 7760224
1759481324 1211 5359036 7760224
1759481325 1183 7116568 7760224
1759481326 1160 5091036 6002812
1759481327 1175 5359324 6002812
1759481329 1188 5359324 6002812
1759481330 1200 5359324 6002812
1759481331 1213 5359324 6002812
1759481332 1228 5359324 6002812
1759481333 1241 5359324 6002812
1759481334 1253 5359324 6002812
1759481335 1266 5359324 6002812
1759481336 1241 5359324 6002812
1759481337 1247 5359324 6002812
1759481338 1251 5359324 6002812
1759481340 1260 5359324 6002812
1759481341 1270 5359324 6002812
1759481342 1278 5359324 6002812
1759481343 1267 7233636 11275744
