1757085463  0.0 16768 676412
1757085464  208 1103660 3816444
1757085465  155 2230068 3816444
1757085466  138 3366228 6941448
1757085467  129 4549972 6941448
1757085468  124 5725524 6941448
1757085469  120 3744700 6941448
1757085470  118 5794620 6941448
1757085471  116 3476160 13191608
1757085472  114 4677696 13191608
1757085473  113 5937216 13191608
1757085474  112 8556480 13191608
1757085475  209 9474624 13229036
1757085476  303 9474624 13229036
1757085477  398 9474624 13229036
1757085478  481 9474624 13229036
1757085480  555 9474624 13229036
1757085481  619 9474624 13229036
1757085482  677 9474624 13229036
1757085483  729 9474624 13229036
1757085484  778 9474624 13229036
1757085485  818 9475008 13229036
1757085486  854 9475136 13229036
1757085487  853 9475136 13229036
1757085488  880 9475136 13229036
1757085489  904 9475136 13229036
1757085490  928 9475136 13229036
1757085492  949 9475136 13229036
1757085493  969 9475136 13229036
1757085494  991 9475136 13229036
1757085495 1013 9475136 13229036
1757085496 1035 9475136 13229036
1757085497 1050 9475136 13229036
1757085498 1035 9475136 13229036
1757085499 1050 9475136 13229036
1757085500 1065 9475136 13229036
1757085502 1078 9475136 13229036
1757085503 1090 9475136 13229036
1757085504 1104 9475136 13229036
1757085505 1116 9475136 13229036
1757085506 1127 9475136 13229036
1757085507 1140 9475136 13229036
1757085508 1153 9475136 13229036
1757085509 1141 9475136 13229036
1757085510 1154 9475136 13229036
1757085511 1165 9475136 13229036
1757085513 1176 9475136 13229036
1757085514 1188 9475136 13229036
1757085515 1198 9475136 13229036
1757085516 1208 9475136 13229036
1757085517 1217 9475136 13229036
1757085518 1224 9475136 13229036
1757085519 1230 9475136 13229036
1757085520 1209 9475136 13229036
1757085521 1196 11611356 13229036
1757085522 1178 12599004 13229036
1757085523 1160 12599772 13229036
1757085524 1143 7452400 13229036
1757085525 1140 9475116 10104396
1757085527 1148 9475116 10104396
1757085528 1157 9475116 10104396
1757085529 1164 9475116 10104396
1757085530 1172 9475116 10104396
1757085531 1181 9475116 10104396
1757085532 1188 9475116 10104396
1757085533 1178 9475116 10104396
1757085534 1183 9475116 10104396
1757085535 1190 9475116 10104396
1757085536 1194 9475116 10104396
1757085538 1200 9475116 10104396
1757085539 1205 9475116 10104396
1757085540 1210 9475116 10104396
1757085541 1217 9475116 10104396
1757085542 1223 9475116 10104396
1757085543 1229 9475116 10104396
1757085544 1235 9475116 10104396
1757085545 1227 9475116 10104396
1757085546 1232 9475116 10104396
1757085547 1238 9475116 10104396
1757085549 1243 9475116 10104396
1757085550 1248 9475116 10104396
1757085551 1252 9475116 10104396
1757085552 1255 9475116 10104396
1757085553 1259 9475116 10104396
1757085554 1262 9475116 10104396
1757085555 1252 9475116 10104396
1757085556 1255 9475116 10104396
1757085557 1260 9475116 10104396
1757085558 1265 9475116 10104396
1757085560 1269 9626600 16353888
1757085561 1257 12649448 16353888
1757085562 1246 15805056 19478892
1757085563 1234 10156200 14010140
