1757083846  0.0 16896 676548
1757083847  215 1305264 2449256
1757083848  159 3452840 4207072
1757083849  140 3510456 4207072
1757083850  131 3315388 7722816
1757083851  232 5310140 7760240
1757083852  463 5358652 7760240
1757083853  634 5358652 7760240
1757083854  688 5358780 7760240
1757083855  792 5359036 7760240
1757083856  874 5359164 7760240
1757083858  944 5359164 7760240
1757083859  995 5359164 7760240
1757083860 1032 5359164 7760240
1757083861 1077 5359164 7760240
1757083862 1109 5359164 7760240
1757083863 1133 5359164 7760240
1757083864 1100 5359164 7760240
1757083865 1127 5359164 7760240
1757083866 1151 5359164 7760240
1757083867 1172 5359164 7760240
1757083869 1191 5359164 7760240
1757083870 1205 5359164 7760240
1757083871 1211 5359164 7760240
1757083872 1177 7116692 7760240
1757083873 1144 5359100 6002828
1757083874 1165 5359100 6002828
1757083875 1184 5359100 6002828
1757083876 1202 5359100 6002828
1757083877 1180 5359100 6002828
1757083878 1197 5359100 6002828
1757083879 1212 5359100 6002828
1757083881 1228 5359100 6002828
1757083882 1241 5359100 6002828
1757083883 1253 5359100 6002828
1757083884 1263 5359100 6002828
1757083885 1272 5359100 6002828
1757083886 1280 5359100 6002828
1757083887 1288 5359100 6002828
1757083888 1258 6195932 9517944
1757083889 1232 8934860 11275760
