1759481162  0.0 16128 676428
1759481163  215 1339868 3132832
1759481164  159 2214684 3132832
1759481165  140 2709476 5574336
1759481166  401 3739236 5611760
1759481167  666 3739492 5611760
1759481168  819 3739748 5611760
1759481169  927 3739748 5611760
1759481170  894 3739748 5611760
1759481171  968 3739748 5611760
1759481172 1024 3739748 5611760
1759481173 1080 3739748 5611760
1759481175 1125 3739748 5611760
1759481176 1169 3739748 5611760
1759481177 1204 3739748 5611760
1759481178 1236 3739748 5611760
1759481179 1234 4526180 5611760
1759481180 1210 3740048 4391476
1759481181 1227 3740048 4391476
1759481182 1184 3740048 4391476
1759481183 1205 3740048 4391476
1759481184 1227 3740048 4391476
1759481186 1245 3740048 4391476
1759481187 1262 3740048 4391476
1759481188 1279 3740048 4391476
1759481189 1275 4349360 6832368
