1757083461  0.0 15872 676412
1757083462  207 1241132 1912144
1757083463  154 2069176 3132848
1757083464  137 2573144 5574352
1757083465  302 3739096 5611780
1757083466  545 3739480 5611780
1757083467  706 3739608 5611780
1757083469  833 3739736 5611780
1757083470  934 3739736 5611780
1757083471 1006 3739736 5611780
1757083472 1068 3739736 5611780
1757083473 1113 3739736 5611780
1757083474 1151 3739736 5611780
1757083475 1103 3739736 5611780
1757083476 1112 4077764 5611780
1757083477 1076 3739808 4391496
1757083478 1113 3739808 4391496
1757083480 1149 3739808 4391496
1757083481 1177 3739808 4391496
1757083482 1204 3739808 4391496
1757083483 1228 3739808 4391496
1757083484 1243 3739808 4391496
1757083485 1258 3739808 4391496
1757083486 1191 5721296 8053092
