1759481343  0.0 15744 675404
1759481344  215 1284568 2449240
1759481345  159 3305164 4207056
1759481346  140 3338204 4207056
1759481347  130 2997076 7722800
1759481349  187 5358292 7760220
1759481350  441 5358292 7760220
1759481351  621 5358292 7760220
1759481352  753 5358676 7760220
1759481353  859 5358676 7760220
1759481354  940 5358932 7760220
1759481355 1004 5358932 7760220
1759481356  969 5358932 7760220
1759481357 1018 5358932 7760220
1759481358 1064 5358932 7760220
1759481360 1101 5358932 7760220
1759481361 1137 5358932 7760220
1759481362 1161 5358932 7760220
1759481363 1184 5358932 7760220
1759481364 1201 5358932 7760220
1759481365 1221 5358932 7760220
1759481366 1239 5358932 7760220
1759481367 1206 5358932 7760220
1759481368 1205 5358932 7760220
1759481369 1163 5681552 7760220
1759481370 1172 5359008 6002808
1759481371 1186 5359008 6002808
1759481373 1198 5359008 6002808
1759481374 1213 5359008 6002808
1759481375 1228 5359008 6002808
1759481376 1239 5359008 6002808
1759481377 1247 5359008 6002808
1759481378 1255 5359008 6002808
1759481379 1265 5359008 6002808
1759481380 1240 5359008 6002808
1759481381 1253 5359008 6002808
1759481382 1264 5359008 6002808
1759481384 1275 5359008 6002808
1759481385 1284 5359008 6002808
1759481386 1275 6990476 9517924
