1759481245  0.0 15488 642636
1759481246  211 1302752 3132832
1759481247  156 2180768 3132832
1759481248  139 2846116 5574336
1759481249  418 3738916 5611764
1759481250  539 3739300 5611764
1759481251  675 3739300 5611764
1759481252  773 3739556 5611764
1759481253  867 3739556 5611764
1759481255  948 3739556 5611764
1759481256 1015 3739556 5611764
1759481257 1071 3739556 5611764
1759481258 1113 3739556 5611764
1759481259 1146 3739556 5611764
1759481260 1173 3739556 5611764
1759481261 1193 3739556 5611764
1759481262 1146 4048668 5611764
1759481263 1168 3740232 4391480
1759481264 1131 3740232 4391480
1759481265 1157 3740232 4391480
1759481266 1177 3740232 4391480
1759481268 1200 3740232 4391480
1759481269 1221 3740232 4391480
1759481270 1238 3740232 4391480
1759481271 1251 3740232 4391480
1759481272 1235 5508792 8053076
