1757083890  0.0 15104 675388
1757083891  209 1268512 2449256
1757083892  156 3358744 4207072
1757083893  138 3379112 4207072
1757083894  129 3191300 7722816
1757083895  230 5358468 7760244
1757083896  459 5358468 7760244
1757083897  553 5358468 7760244
1757083898  685 5358852 7760244
1757083899  786 5358852 7760244
1757083901  869 5358980 7760244
1757083902  933 5358980 7760244
1757083903  985 5358980 7760244
1757083904 1026 5358980 7760244
1757083905 1067 5358980 7760244
1757083906 1100 5358980 7760244
1757083907 1136 5358980 7760244
1757083908 1109 5358980 7760244
1757083909 1139 5358980 7760244
1757083910 1169 5358980 7760244
1757083912 1193 5358980 7760244
1757083913 1214 5358980 7760244
1757083914 1228 5358980 7760244
1757083915 1214 5358980 7760244
1757083916 1172 3797572 6002316
1757083917 1178 5358916 6002832
1757083918 1189 5358916 6002832
1757083919 1203 5358916 6002832
1757083920 1214 5358916 6002832
1757083921 1181 5358916 6002832
1757083922 1197 5358916 6002832
1757083923 1209 5358916 6002832
1757083924 1218 5358916 6002832
1757083926 1230 5358916 6002832
1757083927 1241 5358916 6002832
1757083928 1252 5358916 6002832
1757083929 1264 5358916 6002832
1757083930 1276 5358916 6002832
1757083931 1286 5358916 6002832
1757083932 1247 6869548 9517948
1757083933 1221 9126888 11495492
