1757083757  0.0 16000 675388
1757083758  209 1268460 2449256
1757083759  156 3360740 4207072
1757083760  138 3420148 4207072
1757083761  129 3212664 7722816
1757083762  216 5310072 7760236
1757083764  468 5358840 7760236
1757083765  620 5358840 7760236
1757083766  740 5358840 7760236
1757083767  831 5359224 7760236
1757083768  896 5359224 7760236
1757083769  948 5359224 7760236
1757083770 1007 5359224 7760236
1757083771 1060 5359224 7760236
1757083772 1029 5359224 7760236
1757083773 1069 5359224 7760236
1757083774 1101 5359224 7760236
1757083776 1136 5359224 7760236
1757083777 1169 5359224 7760236
1757083778 1193 5359224 7760236
1757083779 1218 5359224 7760236
1757083780 1235 5359224 7760236
1757083781 1249 5359224 7760236
1757083782 1213 5359224 7760236
1757083783 1227 5359224 7760236
1757083784 1206 7116636 7760236
1757083785 1175 5359172 6002824
1757083787 1193 5359172 6002824
1757083788 1211 5359172 6002824
1757083789 1229 5359172 6002824
1757083790 1243 5359172 6002824
1757083791 1259 5359172 6002824
1757083792 1272 5359172 6002824
1757083793 1285 5359172 6002824
1757083794 1261 5359172 6002824
1757083795 1273 5359172 6002824
1757083796 1280 5359172 6002824
1757083798 1289 5359172 6002824
1757083799 1298 5359172 6002824
1757083800 1301 5359172 6002824
1757083801 1304 5526316 9517940
1757083802 1277 8935112 11275756
