1757083271  0.0 16896 676412
1757083272  199 1243392 1912144
1757083274  151 2110728 3132848
1757083275  134 2744492 5574352
1757083276  411 3739436 5611776
1757083277  680 3739692 5611776
1757083278  849 3739820 5611776
1757083279  975 3739948 5611776
1757083280 1066 3739948 5611776
1757083281 1139 3739948 5611776
1757083282 1086 3739948 5611776
1757083283 1125 3739948 5611776
1757083284 1172 3739948 5611776
1757083286 1206 3739948 5611776
1757083287 1229 3739948 5611776
1757083288 1165 3740028 4391492
1757083289 1195 3740028 4391492
1757083290 1217 3740028 4391492
1757083291 1238 3740028 4391492
1757083292 1257 3740028 4391492
1757083293 1219 3740028 4391492
1757083294 1243 3740028 4391492
1757083295 1263 3740028 4391492
1757083296 1279 3740028 4391492
1757083298 1238 6294212 8205676
