1757084112  0.0 16896 676412
1757084113  215 1292808 3084020
1757084114  159 2768412 5476600
1757084116  140 4816156 5476600
1757084117  131 4221332 5476600
1757084118  125 3046936 10261896
1757084119  121 4978968 10261896
1757084120  195 7270808 10299324
1757084121  381 7270808 10299324
1757084122  532 7270808 10299324
1757084123  652 7270808 10299324
1757084124  751 7270808 10299324
1757084125  764 7270808 10299324
1757084126  825 7271320 10299324
1757084127  879 7271320 10299324
1757084128  919 7271320 10299324
1757084130  967 7271448 10299324
1757084131 1008 7271448 10299324
1757084132 1046 7271448 10299324
1757084133 1080 7271448 10299324
1757084134 1107 7271448 10299324
1757084135 1135 7271448 10299324
1757084136 1111 7271448 10299324
1757084137 1136 7271448 10299324
1757084138 1152 7271448 10299324
1757084139 1170 7271448 10299324
1757084141 1182 7271448 10299324
1757084142 1192 7271448 10299324
1757084143 1200 7271448 10299324
1757084144 1208 7271448 10299324
1757084145 1219 7271448 10299324
1757084146 1232 7271448 10299324
1757084147 1211 7271448 10299324
1757084148 1224 7271448 10299324
1757084149 1238 7271448 10299324
1757084151 1246 7271448 10299324
1757084152 1234 7818300 10299324
1757084153 1206 9663804 10299324
1757084154 1183 7271340 7907124
1757084155 1195 7271340 7907124
1757084156 1208 7271340 7907124
1757084157 1220 7271340 7907124
1757084158 1231 7271340 7907124
1757084159 1214 7271340 7907124
1757084160 1221 7271340 7907124
1757084161 1229 7271340 7907124
1757084162 1237 7271340 7907124
1757084164 1246 7271340 7907124
1757084165 1253 7271340 7907124
1757084166 1261 7271340 7907124
1757084167 1269 7271340 7907124
1757084168 1278 7271340 7907124
1757084169 1285 7271340 7907124
1757084170 1269 7271340 7907124
1757084171 1274 7271340 7907124
1757084172 1278 7271340 7907124
1757084174 1282 7271340 7907124
1757084175 1286 7271340 7907124
1757084176 1293 7271340 7907124
1757084177 1298 7271340 7907124
1757084178 1291 8724308 12691768
1757084179 1273 12126428 15084348
1757084180 1256 7939676 10897340
