1757083803  0.0 16000 676412
1757083804  216 1299228 2449256
1757083805  159 3397652 4207072
1757083806  140 3454884 4207072
1757083807  131 3264808 7722816
1757083808  240 5358632 7760240
1757083809  484 5358632 7760240
1757083810  663 5358632 7760240
1757083811  700 5358888 7760240
1757083812  802 5359016 7760240
1757083813  887 5359144 7760240
1757083815  948 5359144 7760240
1757083816 1002 5359144 7760240
1757083817 1044 5359144 7760240
1757083818 1080 5359144 7760240
1757083819 1111 5359144 7760240
1757083820 1147 5359144 7760240
1757083821 1178 5359144 7760240
1757083822 1149 5359144 7760240
1757083823 1177 5359144 7760240
1757083824 1203 5359144 7760240
1757083826 1228 5359144 7760240
1757083827 1243 5359144 7760240
1757083828 1221 7116448 7760240
1757083829 1187 5359112 6002828
1757083830 1206 5359112 6002828
1757083831 1216 5359112 6002828
1757083832 1187 5359112 6002828
1757083833 1200 5359112 6002828
1757083834 1212 5359112 6002828
1757083835 1219 5359112 6002828
1757083837 1232 5359112 6002828
1757083838 1246 5359112 6002828
1757083839 1258 5359112 6002828
1757083840 1270 5359112 6002828
1757083841 1282 5359112 6002828
1757083842 1292 5359112 6002828
1757083843 1270 5359112 6002828
1757083844 1265 6671080 9517944
1757083845 1238 9061604 11495488
