1757083298  0.0 16640 676548
1757083299  215 1339496 3132848
1757083300  159 2205992 3132848
1757083301  140 2738732 5574352
1757083302  385 3738924 5611780
1757083303  595 3739436 5611780
1757083304  629 3739692 5611780
1757083305  743 3739820 5611780
1757083306  844 3739820 5611780
1757083307  930 3739820 5611780
1757083309 1006 3739820 5611780
1757083310 1061 3739820 5611780
1757083311 1113 3739820 5611780
1757083312 1154 3739820 5611780
1757083313 1192 3739820 5611780
1757083314 1210 3739820 5611780
1757083315 1186 4960540 5611780
1757083316 1125 3739896 4391496
1757083317 1155 3739896 4391496
1757083318 1185 3739896 4391496
1757083320 1208 3739896 4391496
1757083321 1230 3739896 4391496
1757083322 1249 3739896 4391496
1757083323 1266 3739896 4391496
1757083324 1276 3892344 6832388
1757083325 1233 6369704 8205680
