1759481695  0.0 15744 642636
1759481696  208 1260204 2449240
1759481697  155 3340192 4207056
1759481698  138 3370928 4207056
1759481699  129 3141940 7722800
1759481701  206 5358516 7760220
1759481702  458 5358516 7760220
1759481703  632 5358516 7760220
1759481704  763 5358900 7760220
1759481705  852 5358900 7760220
1759481706  921 5359028 7760220
1759481707  977 5359028 7760220
1759481708  954 5359028 7760220
1759481709  999 5359028 7760220
1759481710 1039 5359028 7760220
1759481711 1072 5359028 7760220
1759481713 1098 5359028 7760220
1759481714 1116 5359028 7760220
1759481715 1146 5359028 7760220
1759481716 1171 5359028 7760220
1759481717 1196 5359028 7760220
1759481718 1220 5359028 7760220
1759481719 1180 5359028 7760220
1759481720 1192 5359028 7760220
1759481721 1200 5359028 7760220
1759481722 1181 5891604 7760220
1759481723 1152 4640320 6002808
1759481725 1172 5359268 6002808
1759481726 1189 5359268 6002808
1759481727 1205 5359268 6002808
1759481728 1220 5359268 6002808
1759481729 1234 5359268 6002808
1759481730 1247 5359268 6002808
1759481731 1259 5359268 6002808
1759481732 1238 5359268 6002808
1759481733 1249 5359268 6002808
1759481734 1262 5359268 6002808
1759481736 1273 5359268 6002808
1759481737 1282 5359268 6002808
1759481738 1287 5359268 6002808
1759481739 1286 5936016 9517924
