1757084045  0.0 15872 642620
1757084046  204 1290916 3084020
1757084047  153 2782900 5476600
1757084048  136 4816308 5476600
1757084049  128 4264748 5476600
1757084050  123 3112240 10261896
1757084051  119 5122992 10261896
1757084052  204 7271088 10299324
1757084053  377 7271088 10299324
1757084054  529 7271088 10299324
1757084055  587 7271088 10299324
1757084056  675 7271088 10299324
1757084057  744 7271088 10299324
1757084058  806 7271344 10299324
1757084060  860 7271472 10299324
1757084061  913 7271472 10299324
1757084062  963 7271472 10299324
1757084063 1003 7271472 10299324
1757084064 1042 7271472 10299324
1757084065 1075 7271472 10299324
1757084066 1057 7271472 10299324
1757084067 1086 7271472 10299324
1757084068 1114 7271472 10299324
1757084070 1137 7271472 10299324
1757084071 1159 7271472 10299324
1757084072 1180 7271472 10299324
1757084073 1194 7271472 10299324
1757084074 1209 7271472 10299324
1757084075 1221 7271472 10299324
1757084076 1228 7271472 10299324
1757084077 1200 7271472 10299324
1757084078 1212 7271472 10299324
1757084080 1222 7271472 10299324
1757084081 1231 7271472 10299324
1757084082 1241 7271472 10299324
1757084083 1250 7271472 10299324
1757084084 1242 7550044 10299324
1757084085 1214 9663964 10299324
1757084086 1197 7271372 7907124
1757084087 1208 7271372 7907124
1757084088 1221 7271372 7907124
1757084089 1204 7271372 7907124
1757084090 1215 7271372 7907124
1757084091 1224 7271372 7907124
1757084093 1232 7271372 7907124
1757084094 1240 7271372 7907124
1757084095 1249 7271372 7907124
1757084096 1259 7271372 7907124
1757084097 1268 7271372 7907124
1757084098 1277 7271372 7907124
1757084099 1262 7271372 7907124
1757084100 1270 7271372 7907124
1757084101 1276 7271372 7907124
1757084103 1285 7271372 7907124
1757084104 1290 7271372 7907124
1757084105 1297 7271372 7907124
1757084106 1303 7271372 7907124
1757084107 1309 7271372 7907124
1757084108 1312 7271372 7907124
1757084109 1295 7271372 7907124
1757084110 1287 8638236 12691768
1757084111 1269 12126500 15084348
1757084112 1252 7939524 10897340
