1757085063  0.0 16000 676412
1757085064  209 1273600 3816444
1757085065  156 2625280 3816444
1757085066  138 3894688 6941448
1757085067  129 5111200 6941448
1757085068  124 6281120 6941448
1757085069  120 4814472 6941448
1757085071  118 6281224 6941448
1757085072  116 4165900 13191608
1757085073  114 5384716 13191608
1757085074  113 7154956 13191608
1757085075  162 9474572 13229036
1757085076  290 9474572 13229036
1757085077  402 9474572 13229036
1757085078  495 9474572 13229036
1757085079  571 9474572 13229036
1757085080  641 9474572 13229036
1757085081  657 9474572 13229036
1757085082  703 9474572 13229036
1757085083  748 9474572 13229036
1757085085  784 9474572 13229036
1757085086  819 9475084 13229036
1757085087  857 9475084 13229036
1757085088  887 9475212 13229036
1757085089  916 9475340 13229036
1757085090  936 9475340 13229036
1757085091  962 9475340 13229036
1757085092  953 9475340 13229036
1757085093  980 9475340 13229036
1757085094 1003 9475340 13229036
1757085095 1020 9475340 13229036
1757085097 1039 9475340 13229036
1757085098 1056 9475340 13229036
1757085099 1072 9475340 13229036
1757085100 1087 9475340 13229036
1757085101 1105 9475340 13229036
1757085102 1121 9475340 13229036
1757085103 1108 9475340 13229036
1757085104 1123 9475340 13229036
1757085105 1138 9475340 13229036
1757085106 1152 9475340 13229036
1757085108 1165 9475340 13229036
1757085109 1178 9475340 13229036
1757085110 1188 9475340 13229036
1757085111 1199 9475340 13229036
1757085112 1207 9475340 13229036
1757085113 1214 9475340 13229036
1757085114 1196 9475340 13229036
1757085115 1204 9475340 13229036
1757085116 1210 9475340 13229036
1757085118 1215 9475340 13229036
1757085119 1225 9475340 13229036
1757085120 1231 9475340 13229036
1757085121 1236 9475340 13229036
1757085122 1235 9475340 13229036
1757085123 1227 9475340 13229036
1757085124 1210 12598888 13229036
1757085125 1192 12599656 13229036
1757085126 1174 12600168 13229036
1757085127 1157 8743652 10103880
1757085128 1163 9475428 10104396
1757085129 1171 9475428 10104396
1757085130 1162 9475428 10104396
1757085131 1168 9475428 10104396
1757085132 1174 9475428 10104396
1757085134 1180 9475428 10104396
1757085135 1188 9475428 10104396
1757085136 1196 9475428 10104396
1757085137 1203 9475428 10104396
1757085138 1210 9475428 10104396
1757085139 1217 9475428 10104396
1757085140 1208 9475428 10104396
1757085141 1214 9475428 10104396
1757085142 1220 9475428 10104396
1757085144 1225 9475428 10104396
1757085145 1229 9475428 10104396
1757085146 1234 9475428 10104396
1757085147 1237 9475428 10104396
1757085148 1241 9475428 10104396
1757085149 1245 9475428 10104396
1757085150 1236 9475428 10104396
1757085151 1241 9475428 10104396
1757085152 1246 9475428 10104396
1757085154 1251 9475428 10104396
1757085155 1256 9475428 10104396
1757085156 1260 9475428 10104396
1757085157 1264 9475428 10104396
1757085158 1268 9475428 10104396
1757085159 1272 9475428 10104396
1757085160 1264 9475428 10104396
1757085161 1269 9475428 10104396
1757085162 1262 11762992 16353888
1757085163 1250 15592264 19478892
1757085164 1239 10193520 14010140
