1759482340  0.0 15616 675404
1759482341  215 1288716 3084004
1759482342  159 2423312 5476584
1759482344  140 4058652 5476584
1759482345  131 3367572 5476584
1759482346  125 4816148 5476584
1759482347  121 3942200 10261880
1759482348  118 6384952 10261880
1759482349  247 7270840 10299304
1759482350  403 7270968 10299304
1759482351  531 7270968 10299304
1759482352  637 7270968 10299304
1759482353  723 7270968 10299304
1759482354  797 7270968 10299304
1759482355  804 7271352 10299304
1759482356  859 7271352 10299304
1759482357  908 7271352 10299304
1759482359  951 7271352 10299304
1759482360  989 7271352 10299304
1759482361 1022 7271352 10299304
1759482362 1054 7271352 10299304
1759482363 1083 7271352 10299304
1759482364 1110 7271352 10299304
1759482365 1135 7271352 10299304
1759482366 1113 7271352 10299304
1759482367 1135 7271352 10299304
1759482368 1154 7271352 10299304
1759482370 1173 7271352 10299304
1759482371 1184 7271352 10299304
1759482372 1197 7271352 10299304
1759482373 1207 7271352 10299304
1759482374 1220 7271352 10299304
1759482375 1234 7271352 10299304
1759482376 1244 7271352 10299304
1759482377 1213 7271352 10299304
1759482378 1215 7271352 10299304
1759482379 1211 7271352 10299304
1759482380 1184 9663584 10299304
1759482381 1158 9663840 10299304
1759482382 1158 7270880 7907104
1759482384 1171 7270880 7907104
1759482385 1182 7270880 7907104
1759482386 1193 7270880 7907104
1759482387 1204 7270880 7907104
1759482388 1214 7270880 7907104
1759482389 1224 7270880 7907104
1759482390 1209 7270880 7907104
1759482391 1219 7270880 7907104
1759482392 1228 7270880 7907104
1759482393 1236 7270880 7907104
1759482395 1245 7270880 7907104
1759482396 1253 7270880 7907104
1759482397 1261 7270880 7907104
1759482398 1268 7270880 7907104
1759482399 1275 7270880 7907104
1759482400 1282 7270880 7907104
1759482401 1288 7270880 7907104
1759482402 1272 7270880 7907104
1759482403 1276 7270880 7907104
1759482404 1282 7270880 7907104
1759482406 1286 7523764 12691748
1759482407 1268 10889660 15084328
