1759483314  0.0 15872 675404
1759483315  214 1291880 3816428
1759483316  158 2633320 3816428
1759483318  139 3882248 6941432
1759483319  130 5074184 6941432
1759483320  125 6280844 6941432
1759483321  121 4680692 6941432
1759483322  118 6280948 6941432
1759483323  116 3948280 13191592
1759483324  115 5109752 13191592
1759483325  113 6280824 13191592
1759483326  112 9283576 13191592
1759483327  240 9474424 13229016
1759483328  350 9474424 13229016
1759483329  447 9474424 13229016
1759483330  523 9474424 13229016
1759483331  594 9474424 13229016
1759483332  623 9474552 13229016
1759483333  679 9474552 13229016
1759483334  731 9474552 13229016
1759483336  772 9474552 13229016
1759483337  809 9474808 13229016
1759483338  843 9474936 13229016
1759483339  866 9475064 13229016
1759483340  886 9475064 13229016
1759483341  912 9475064 13229016
1759483342  937 9475064 13229016
1759483343  956 9475064 13229016
1759483344  948 9475064 13229016
1759483345  970 9475064 13229016
1759483346  991 9475064 13229016
1759483347 1011 9475064 13229016
1759483349 1030 9475064 13229016
1759483350 1050 9475064 13229016
1759483351 1067 9475064 13229016
1759483352 1083 9475064 13229016
1759483353 1098 9475064 13229016
1759483354 1114 9475064 13229016
1759483355 1129 9475064 13229016
1759483356 1113 9475064 13229016
1759483357 1124 9475064 13229016
1759483358 1134 9475064 13229016
1759483360 1145 9475064 13229016
1759483361 1154 9475064 13229016
1759483362 1164 9475064 13229016
1759483363 1175 9475064 13229016
1759483364 1186 9475064 13229016
1759483365 1196 9475064 13229016
1759483366 1206 9475064 13229016
1759483367 1192 9475064 13229016
1759483368 1199 9475064 13229016
1759483369 1206 9475064 13229016
1759483371 1210 9475064 13229016
1759483372 1213 9475064 13229016
1759483373 1216 9475064 13229016
1759483374 1216 9475064 13229016
1759483375 1208 9475064 13229016
1759483376 1192 12598528 13229016
1759483377 1174 12599296 13229016
1759483378 1157 12599936 13229016
1759483379 1152 8537988 10104376
1759483380 1160 9475972 10104376
1759483381 1151 9475972 10104376
1759483382 1159 9475972 10104376
1759483383 1167 9475972 10104376
1759483385 1174 9475972 10104376
1759483386 1182 9475972 10104376
1759483387 1189 9475972 10104376
1759483388 1196 9475972 10104376
1759483389 1203 9475972 10104376
1759483390 1209 9475972 10104376
1759483391 1214 9475972 10104376
1759483392 1203 9475972 10104376
1759483393 1206 9475972 10104376
1759483394 1211 9475972 10104376
1759483395 1216 9475972 10104376
1759483397 1222 9475972 10104376
1759483398 1228 9475972 10104376
1759483399 1232 9475972 10104376
1759483400 1237 9475972 10104376
1759483401 1239 9475972 10104376
1759483402 1243 9475972 10104376
1759483403 1247 9475972 10104376
1759483404 1236 9475972 10104376
1759483405 1238 9475972 10104376
1759483406 1241 9475972 10104376
1759483407 1244 9475972 10104376
1759483408 1247 9475972 10104376
1759483410 1251 9475972 10104376
1759483411 1256 9475972 10104376
1759483412 1260 9475972 10104376
1759483413 1265 9475972 10104376
1759483414 1269 9475972 10104376
1759483415 1261 12009204 16353868
1759483416 1250 12680948 16353868
