1757083515  0.0 15744 675388
1757083516  203 1327368 3132848
1757083517  152 2203720 3132848
1757083518  136 2748364 5574352
1757083519  398 3739340 5611780
1757083520  654 3739724 5611780
1757083521  799 3739852 5611780
1757083522  925 3739852 5611780
1757083523  911 3739852 5611780
1757083524  978 3739852 5611780
1757083525 1038 3739852 5611780
1757083527 1082 3739852 5611780
1757083528 1126 3739852 5611780
1757083529 1152 3739852 5611780
1757083530 1173 3739852 5611780
1757083531 1129 4223516 5611780
1757083532 1137 3739828 4391496
1757083533 1169 3739828 4391496
1757083534 1198 3739828 4391496
1757083535 1166 3739828 4391496
1757083536 1189 3739828 4391496
1757083537 1214 3739828 4391496
1757083539 1234 3739828 4391496
1757083540 1234 4670616 6832388
