1759481740  0.0 15872 642636
1759481741  201 1249824 3084004
1759481742  152 2717356 5476584
1759481743  135 4816172 5476584
1759481744  127 4194980 5476584
1759481745  122 2987944 10261880
1759481746  119 4849960 10261880
1759481747  175 7270824 10299304
1759481748  366 7270824 10299304
1759481749  456 7270952 10299304
1759481750  568 7270952 10299304
1759481751  645 7270952 10299304
1759481753  709 7270952 10299304
1759481754  763 7270952 10299304
1759481755  823 7271336 10299304
1759481756  876 7271336 10299304
1759481757  925 7271336 10299304
1759481758  966 7271336 10299304
1759481759 1004 7271336 10299304
1759481760  990 7271336 10299304
1759481761 1022 7271336 10299304
1759481762 1052 7271336 10299304
1759481763 1078 7271336 10299304
1759481765 1104 7271336 10299304
1759481766 1122 7271336 10299304
1759481767 1139 7271336 10299304
1759481768 1155 7271336 10299304
1759481769 1173 7271336 10299304
1759481770 1191 7271336 10299304
1759481771 1204 7271336 10299304
1759481772 1179 7271336 10299304
1759481773 1191 7271336 10299304
1759481774 1203 7271336 10299304
1759481776 1210 7271336 10299304
1759481777 1216 7271336 10299304
1759481778 1223 7271336 10299304
1759481779 1227 7271336 10299304
1759481780 1214 8999884 10299304
1759481781 1186 9663820 10299304
1759481782 1175 7037180 7907104
1759481783 1183 7270780 7907104
1759481784 1190 7270780 7907104
1759481785 1170 7270780 7907104
1759481786 1178 7270780 7907104
1759481787 1189 7270780 7907104
1759481788 1199 7270780 7907104
1759481790 1209 7270780 7907104
1759481791 1218 7270780 7907104
1759481792 1227 7270780 7907104
1759481793 1236 7270780 7907104
1759481794 1245 7270780 7907104
1759481795 1253 7270780 7907104
1759481796 1260 7270780 7907104
1759481797 1245 7270780 7907104
1759481798 1252 7270780 7907104
1759481799 1259 7270780 7907104
1759481801 1266 7270780 7907104
1759481802 1273 7270780 7907104
1759481803 1279 7270780 7907104
1759481804 1286 7270780 7907104
1759481805 1292 7270780 7907104
1759481806 1286 8918296 12691748
1759481807 1269 4938352 7906588
