1757083715  0.0 16000 676412
1757083716  215 1303276 2449256
1757083717  159 3413988 4207072
1757083718  140 3459956 4207072
1757083719  131 3243896 7722816
1757083720  237 5358456 7760240
1757083721  479 5358456 7760240
1757083722  658 5358456 7760240
1757083723  795 5358840 7760240
1757083724  898 5359096 7760240
1757083725  893 5359096 7760240
1757083726  961 5359096 7760240
1757083727 1018 5359096 7760240
1757083729 1067 5359096 7760240
1757083730 1113 5359096 7760240
1757083731 1146 5359096 7760240
1757083732 1172 5359096 7760240
1757083733 1190 5359096 7760240
1757083734 1201 5359096 7760240
1757083735 1223 5359096 7760240
1757083736 1184 5359096 7760240
1757083737 1200 5359096 7760240
1757083738 1207 5359096 7760240
1757083739 1175 7116752 7760240
1757083741 1155 5359032 6002828
1757083742 1175 5359032 6002828
1757083743 1193 5359032 6002828
1757083744 1208 5359032 6002828
1757083745 1223 5359032 6002828
1757083746 1234 5359032 6002828
1757083747 1245 5359032 6002828
1757083748 1217 5359032 6002828
1757083749 1231 5359032 6002828
1757083750 1243 5359032 6002828
1757083752 1256 5359032 6002828
1757083753 1268 5359032 6002828
1757083754 1280 5359032 6002828
1757083755 1291 5359032 6002828
1757083756 1279 7084736 9517944
1757083757 1251 5776748 8199584
