1757085363  0.0 15616 675388
1757085364  195 1177148 3816444
1757085365  148 2512444 3816444
1757085366  133 3765468 6941448
1757085367  125 4961500 6941448
1757085368  121 6171868 6941448
1757085369  118 4533192 6941448
1757085370  116 6281032 6941448
1757085371  114 4003276 13191608
1757085373  113 5234252 13191608
1757085374  112 6701644 13191608
1757085375  141 9474892 13229036
1757085376  268 9474892 13229036
1757085377  380 9474892 13229036
1757085378  474 9474892 13229036
1757085379  561 9474892 13229036
1757085380  631 9475020 13229036
1757085381  658 9475020 13229036
1757085382  713 9475020 13229036
1757085383  764 9475020 13229036
1757085385  812 9475276 13229036
1757085386  853 9475404 13229036
1757085387  891 9475532 13229036
1757085388  925 9475532 13229036
1757085389  958 9475532 13229036
1757085390  987 9475532 13229036
1757085391 1014 9475532 13229036
1757085392 1001 9475532 13229036
1757085393 1025 9475532 13229036
1757085394 1040 9475532 13229036
1757085396 1052 9475532 13229036
1757085397 1064 9475532 13229036
1757085398 1075 9475532 13229036
1757085399 1088 9475532 13229036
1757085400 1098 9475532 13229036
1757085401 1110 9475532 13229036
1757085402 1095 9475532 13229036
1757085403 1107 9475532 13229036
1757085404 1118 9475532 13229036
1757085406 1133 9475532 13229036
1757085407 1146 9475532 13229036
1757085408 1158 9475532 13229036
1757085409 1171 9475532 13229036
1757085410 1183 9475532 13229036
1757085411 1195 9475532 13229036
1757085412 1182 9475532 13229036
1757085413 1193 9475532 13229036
1757085414 1203 9475532 13229036
1757085416 1214 9475532 13229036
1757085417 1224 9475532 13229036
1757085418 1231 9475532 13229036
1757085419 1237 9475532 13229036
1757085420 1238 9475532 13229036
1757085421 1225 10874400 13229036
1757085422 1205 12599328 13229036
1757085423 1187 12600096 13229036
1757085424 1169 6724464 10103880
1757085425 1166 9475448 10104396
1757085426 1172 9475448 10104396
1757085427 1160 9475448 10104396
1757085428 1166 9475448 10104396
1757085429 1173 9475448 10104396
1757085431 1178 9475448 10104396
1757085432 1182 9475448 10104396
1757085433 1189 9475448 10104396
1757085434 1195 9475448 10104396
1757085435 1201 9475448 10104396
1757085436 1206 9475448 10104396
1757085437 1194 9475448 10104396
1757085438 1199 9475448 10104396
1757085439 1205 9475448 10104396
1757085440 1212 9475448 10104396
1757085442 1218 9475448 10104396
1757085443 1225 9475448 10104396
1757085444 1231 9475448 10104396
1757085445 1238 9475448 10104396
1757085446 1243 9475448 10104396
1757085447 1248 9475448 10104396
1757085448 1254 9475448 10104396
1757085449 1245 9475448 10104396
1757085450 1251 9475448 10104396
1757085451 1256 9475448 10104396
1757085453 1262 9475448 10104396
1757085454 1266 9475448 10104396
1757085455 1271 9475448 10104396
1757085456 1276 9475448 10104396
1757085457 1279 9475448 10104396
1757085458 1282 9475448 10104396
1757085459 1271 9557240 16353888
1757085460 1260 12485940 16353888
1757085461 1248 15805388 19478892
1757085462 1236 10046048 14010140
