1759482074  0.0 16768 676428
1759482075  215 1294904 3084004
1759482076  159 2741828 5476584
1759482077  140 4816196 5476584
1759482078  131 4156348 5476584
1759482079  125 2966492 10261880
1759482080  121 4818780 10261880
1759482081  175 7270620 10299308
1759482082  360 7270620 10299308
1759482083  508 7270620 10299308
1759482084  623 7270748 10299308
1759482085  723 7270748 10299308
1759482086  737 7270748 10299308
1759482087  806 7271004 10299308
1759482088  862 7271132 10299308
1759482089  904 7271132 10299308
1759482091  945 7271132 10299308
1759482092 1000 7271132 10299308
1759482093 1036 7271132 10299308
1759482094 1063 7271132 10299308
1759482095 1087 7271132 10299308
1759482096 1056 7271132 10299308
1759482097 1076 7271132 10299308
1759482098 1091 7271132 10299308
1759482099 1112 7271132 10299308
1759482101 1131 7271132 10299308
1759482102 1153 7271132 10299308
1759482103 1171 7271132 10299308
1759482104 1188 7271132 10299308
1759482105 1202 7271132 10299308
1759482106 1216 7271132 10299308
1759482107 1195 7271132 10299308
1759482108 1205 7271132 10299308
1759482109 1214 7271132 10299308
1759482111 1220 7271132 10299308
1759482112 1225 7271132 10299308
1759482113 1220 7271132 10299308
1759482114 1194 9663364 10299308
1759482115 1177 5978344 7907108
1759482116 1190 7270632 7907108
1759482117 1201 7270632 7907108
1759482118 1212 7270632 7907108
1759482119 1222 7270632 7907108
1759482120 1204 7270632 7907108
1759482121 1212 7270632 7907108
1759482122 1221 7270632 7907108
1759482124 1230 7270632 7907108
1759482125 1238 7270632 7907108
1759482126 1243 7270632 7907108
1759482127 1247 7270632 7907108
1759482128 1252 7270632 7907108
1759482129 1259 7270632 7907108
1759482130 1244 7270632 7907108
1759482131 1252 7270632 7907108
1759482132 1260 7270632 7907108
1759482134 1267 7270632 7907108
1759482135 1273 7270632 7907108
1759482136 1279 7270632 7907108
1759482137 1285 7270632 7907108
1759482138 1291 7270632 7907108
1759482139 1291 7926848 12691752
1759482140 1273 11538504 15084332
