1757083352  0.0 16768 676412
1757083353  216 1335584 3132848
1757083354  159 2212580 3132848
1757083355  140 2767848 5574352
1757083356  410 3739112 5611780
1757083357  655 3739368 5611780
1757083358  811 3739368 5611780
1757083359  899 3739496 5611780
1757083360  995 3739624 5611780
1757083361  957 3739624 5611780
1757083362 1028 3739624 5611780
1757083363 1086 3739624 5611780
1757083365 1135 3739624 5611780
1757083366 1163 3739624 5611780
1757083367 1187 3739624 5611780
1757083368 1200 3739624 5611780
1757083369 1146 4960460 5611780
1757083370 1129 3739908 4391496
1757083371 1158 3739908 4391496
1757083372 1180 3739908 4391496
1757083373 1141 3739908 4391496
1757083374 1160 3739908 4391496
1757083375 1171 3739908 4391496
1757083376 1188 3739908 4391496
1757083378 1206 3739908 4391496
1757083379 1216 4041960 6832388
1757083380 1177 4041892 5916860
