1757084180  0.0 16896 676548
1757084181  214 1284772 3084020
1757084182  158 2423464 5476600
1757084183  139 4097720 5476600
1757084184  104 3457712 5476600
1757084185  104 3148384 5476600
1757084186  104 4283572 10261896
1757084187  103 7016244 10261896
1757084188  275 7270836 10299320
1757084189  418 7270836 10299320
1757084191  535 7270836 10299320
1757084192  628 7270836 10299320
1757084193  712 7270836 10299320
1757084194  779 7271220 10299320
1757084195  829 7271220 10299320
1757084196  876 7271220 10299320
1757084197  915 7271348 10299320
1757084198  960 7271348 10299320
1757084199  943 7271348 10299320
1757084200  982 7271348 10299320
1757084201 1007 7271348 10299320
1757084202 1031 7271348 10299320
1757084204 1051 7271348 10299320
1757084205 1072 7271348 10299320
1757084206 1091 7271348 10299320
1757084207 1111 7271348 10299320
1757084208 1133 7271348 10299320
1757084209 1151 7271348 10299320
1757084210 1130 7271348 10299320
1757084211 1144 7271348 10299320
1757084212 1159 7271348 10299320
1757084214 1173 7271348 10299320
1757084215 1188 7271348 10299320
1757084216 1203 7271348 10299320
1757084217 1218 7271348 10299320
1757084218 1228 7271348 10299320
1757084219 1235 7271348 10299320
1757084220 1225 7271348 10299320
1757084221 1198 9663748 10299320
1757084222 1172 5990204 7906604
1757084223 1149 7271228 7907120
1757084224 1163 7271228 7907120
1757084225 1173 7271228 7907120
1757084226 1182 7271228 7907120
1757084228 1191 7271228 7907120
1757084229 1199 7271228 7907120
1757084230 1206 7271228 7907120
1757084231 1213 7271228 7907120
1757084232 1222 7271228 7907120
1757084233 1228 7271228 7907120
1757084234 1233 7271228 7907120
1757084235 1216 7271228 7907120
1757084236 1221 7271228 7907120
1757084237 1228 7271228 7907120
1757084238 1235 7271228 7907120
1757084240 1243 7271228 7907120
1757084241 1251 7271228 7907120
1757084242 1258 7271228 7907120
1757084243 1266 7271228 7907120
1757084244 1273 7271228 7907120
1757084245 1278 7271228 7907120
1757084246 1265 7271228 7907120
1757084247 1250 9733956 12691764
1757084248 1234 12250520 15383420
