1757084759  0.0 15744 675388
1757084760  209 1257188 3816444
1757084761  156 2602724 3816444
1757084762  138 3861892 6941448
1757084763  129 5059972 6941448
1757084764  124 6256004 6941448
1757084765  120 4677996 6941448
1757084766  118 6281196 6941448
1757084767  103 4065008 13191608
1757084768  103 5280368 13191608
1757084769  103 6813040 13191608
1757084770  132 9474672 13229032
1757084771  246 9474672 13229032
1757084773  348 9474672 13229032
1757084774  442 9474672 13229032
1757084775  519 9474672 13229032
1757084776  585 9474672 13229032
1757084777  648 9474672 13229032
1757084778  702 9474672 13229032
1757084779  742 9474672 13229032
1757084780  746 9474800 13229032
1757084781  784 9475056 13229032
1757084782  818 9475056 13229032
1757084783  856 9475184 13229032
1757084785  889 9475184 13229032
1757084786  920 9475184 13229032
1757084787  949 9475184 13229032
1757084788  976 9475184 13229032
1757084789 1001 9475184 13229032
1757084790 1023 9475184 13229032
1757084791 1010 9475184 13229032
1757084792 1025 9475184 13229032
1757084793 1042 9475184 13229032
1757084794 1056 9475184 13229032
1757084796 1072 9475184 13229032
1757084797 1089 9475184 13229032
1757084798 1105 9475184 13229032
1757084799 1117 9475184 13229032
1757084800 1126 9475184 13229032
1757084801 1138 9475184 13229032
1757084802 1121 9475184 13229032
1757084803 1132 9475184 13229032
1757084804 1142 9475184 13229032
1757084806 1153 9475184 13229032
1757084807 1164 9475184 13229032
1757084808 1175 9475184 13229032
1757084809 1186 9475184 13229032
1757084810 1194 9475184 13229032
1757084811 1204 9475184 13229032
1757084812 1191 9475184 13229032
1757084813 1199 9475184 13229032
1757084814 1205 9475184 13229032
1757084815 1209 9475184 13229032
1757084816 1212 9475184 13229032
1757084818 1200 11095308 13229032
1757084819 1182 12599180 13229032
1757084820 1164 12599820 13229032
1757084821 1147 6500940 10103876
1757084822 1145 9475148 10104392
1757084823 1154 9475148 10104392
1757084824 1163 9475148 10104392
1757084825 1172 9475148 10104392
1757084826 1178 9475148 10104392
1757084827 1168 9475148 10104392
1757084828 1174 9475148 10104392
1757084829 1180 9475148 10104392
1757084831 1186 9475148 10104392
1757084832 1190 9475148 10104392
1757084833 1196 9475148 10104392
1757084834 1200 9475148 10104392
1757084835 1206 9475148 10104392
1757084836 1211 9475148 10104392
1757084837 1218 9475148 10104392
1757084838 1208 9475148 10104392
1757084839 1214 9475148 10104392
1757084840 1219 9475148 10104392
1757084842 1224 9475148 10104392
1757084843 1230 9475148 10104392
1757084844 1236 9475148 10104392
1757084845 1242 9475148 10104392
1757084846 1247 9475148 10104392
1757084847 1253 9475148 10104392
1757084848 1243 9475148 10104392
1757084849 1246 9475148 10104392
1757084850 1250 9475148 10104392
1757084851 1254 9475148 10104392
1757084853 1259 9475148 10104392
1757084854 1263 9475148 10104392
1757084855 1269 9475148 10104392
1757084856 1274 9475148 10104392
1757084857 1264 12264460 16353884
1757084858 1252 15805092 19478888
1757084859 1241 9988300 14010136
