1759482140  0.0 15616 675404
1759482141  214 1286576 3084004
1759482142  158 2743740 5476584
1759482143  140 4816060 5476584
1759482144  130 4070964 5476584
1759482145  125 2834104 10261880
1759482147  121 4659128 10261880
1759482148  147 7237176 10299308
1759482149  340 7270584 10299308
1759482150  488 7270584 10299308
1759482151  611 7270712 10299308
1759482152  693 7270712 10299308
1759482153  767 7270712 10299308
1759482154  830 7270968 10299308
1759482155  834 7271096 10299308
1759482156  887 7271096 10299308
1759482157  925 7271096 10299308
1759482159  954 7271096 10299308
1759482160  983 7271096 10299308
1759482161 1007 7271096 10299308
1759482162 1040 7271096 10299308
1759482163 1069 7271096 10299308
1759482164 1095 7271096 10299308
1759482165 1117 7271096 10299308
1759482166 1138 7271096 10299308
1759482167 1116 7271096 10299308
1759482168 1137 7271096 10299308
1759482169 1156 7271096 10299308
1759482171 1174 7271096 10299308
1759482172 1191 7271096 10299308
1759482173 1206 7271096 10299308
1759482174 1220 7271096 10299308
1759482175 1232 7271096 10299308
1759482176 1238 7271096 10299308
1759482177 1246 7271096 10299308
1759482178 1219 7271096 10299308
1759482179 1219 7271096 10299308
1759482180 1198 9663200 10299308
1759482181 1171 8084540 10299308
1759482182 1176 7270576 7907108
1759482184 1184 7270576 7907108
1759482185 1195 7270576 7907108
1759482186 1202 7270576 7907108
1759482187 1211 7270576 7907108
1759482188 1221 7270576 7907108
1759482189 1226 7270576 7907108
1759482190 1232 7270576 7907108
1759482191 1214 7270576 7907108
1759482192 1221 7270576 7907108
1759482193 1230 7270576 7907108
1759482195 1239 7270576 7907108
1759482196 1246 7270576 7907108
1759482197 1253 7270576 7907108
1759482198 1260 7270576 7907108
1759482199 1267 7270576 7907108
1759482200 1274 7270576 7907108
1759482201 1281 7270576 7907108
1759482202 1288 7270576 7907108
1759482203 1274 7270576 7907108
1759482204 1280 7270576 7907108
1759482205 1286 7435276 12691752
1759482206 1268 10715156 15084332
