1757085264  0.0 15872 676412
1757085265  214 1291976 3816444
1757085266  158 2631368 3816444
1757085267  140 3886440 6941448
1757085268  104 5072232 6941448
1757085269  104 6272368 6941448
1757085270  104 4706776 6941448
1757085271  104 6281176 6941448
1757085272  103 4083548 13191608
1757085273  103 5295068 13191608
1757085274  103 6776668 13191608
1757085275  133 9474780 13229036
1757085277  257 9474780 13229036
1757085278  356 9474780 13229036
1757085279  445 9474780 13229036
1757085280  524 9474780 13229036
1757085281  595 9474780 13229036
1757085282  657 9474780 13229036
1757085283  713 9474908 13229036
1757085284  728 9474908 13229036
1757085285  771 9475164 13229036
1757085286  813 9475292 13229036
1757085288  850 9475292 13229036
1757085289  886 9475292 13229036
1757085290  918 9475292 13229036
1757085291  948 9475292 13229036
1757085292  973 9475292 13229036
1757085293  996 9475292 13229036
1757085294 1017 9475292 13229036
1757085295 1003 9475292 13229036
1757085296 1023 9475292 13229036
1757085297 1042 9475292 13229036
1757085299 1056 9475292 13229036
1757085300 1070 9475292 13229036
1757085301 1079 9475292 13229036
1757085302 1089 9475292 13229036
1757085303 1099 9475292 13229036
1757085304 1112 9475292 13229036
1757085305 1095 9475292 13229036
1757085306 1108 9475292 13229036
1757085307 1122 9475292 13229036
1757085309 1135 9475292 13229036
1757085310 1146 9475292 13229036
1757085311 1158 9475292 13229036
1757085312 1169 9475292 13229036
1757085313 1180 9475292 13229036
1757085314 1191 9475292 13229036
1757085315 1201 9475292 13229036
1757085316 1189 9475292 13229036
1757085317 1198 9475292 13229036
1757085318 1208 9475292 13229036
1757085320 1212 9475292 13229036
1757085321 1208 9475292 13229036
1757085322 1191 12598776 13229036
1757085323 1172 12599288 13229036
1757085324 1154 12600184 13229036
1757085325 1137 9075492 10103880
1757085326 1145 9475364 10104396
1757085327 1154 9475364 10104396
1757085328 1161 9475364 10104396
1757085329 1168 9475364 10104396
1757085330 1156 9475364 10104396
1757085331 1163 9475364 10104396
1757085332 1168 9475364 10104396
1757085334 1173 9475364 10104396
1757085335 1177 9475364 10104396
1757085336 1180 9475364 10104396
1757085337 1183 9475364 10104396
1757085338 1190 9475364 10104396
1757085339 1196 9475364 10104396
1757085340 1204 9475364 10104396
1757085341 1193 9475364 10104396
1757085342 1200 9475364 10104396
1757085343 1207 9475364 10104396
1757085344 1213 9475364 10104396
1757085346 1219 9475364 10104396
1757085347 1225 9475364 10104396
1757085348 1231 9475364 10104396
1757085349 1237 9475364 10104396
1757085350 1243 9475364 10104396
1757085351 1248 9475364 10104396
1757085352 1240 9475364 10104396
1757085353 1245 9475364 10104396
1757085354 1251 9475364 10104396
1757085356 1258 9475364 10104396
1757085357 1264 9475364 10104396
1757085358 1268 9475364 10104396
1757085359 1273 9475364 10104396
1757085360 1273 10345696 16353888
1757085361 1261 12680456 16353888
1757085362 1249 15805368 19478892
1757085363 1238 6391812 10103880
