1757085165  0.0 15488 675388
1757085166  209 1244732 3816444
1757085167  155 2590268 3816444
1757085168  138 3857628 6941448
1757085169  129 5070044 6941448
1757085170  124 6280540 6941448
1757085171  120 4733764 6941448
1757085172  118 6281028 6941448
1757085173  116 4135624 13191608
1757085174  103 5240904 13191608
1757085175  103 6778824 13191608
1757085176  130 9474632 13229028
1757085177  244 9474632 13229028
1757085178  336 9474632 13229028
1757085180  418 9474632 13229028
1757085181  496 9474632 13229028
1757085182  570 9474760 13229028
1757085183  627 9474760 13229028
1757085184  685 9474760 13229028
1757085185  737 9474760 13229028
1757085186  748 9475016 13229028
1757085187  790 9475144 13229028
1757085188  830 9475400 13229028
1757085190  860 9475400 13229028
1757085191  890 9475400 13229028
1757085192  917 9475400 13229028
1757085193  940 9475400 13229028
1757085194  964 9475400 13229028
1757085195  989 9475400 13229028
1757085196 1013 9475400 13229028
1757085197  999 9475400 13229028
1757085198 1016 9475400 13229028
1757085199 1033 9475400 13229028
1757085200 1049 9475400 13229028
1757085202 1066 9475400 13229028
1757085203 1084 9475400 13229028
1757085204 1100 9475400 13229028
1757085205 1113 9475400 13229028
1757085206 1127 9475400 13229028
1757085207 1136 9475400 13229028
1757085208 1121 9475400 13229028
1757085209 1132 9475400 13229028
1757085211 1142 9475400 13229028
1757085212 1151 9475400 13229028
1757085213 1160 9475400 13229028
1757085214 1170 9475400 13229028
1757085215 1180 9475400 13229028
1757085216 1190 9475400 13229028
1757085217 1178 9475400 13229028
1757085218 1189 9475400 13229028
1757085219 1198 9475400 13229028
1757085220 1204 9475400 13229028
1757085222 1206 9475400 13229028
1757085223 1193 12598752 13229028
1757085224 1174 12599648 13229028
1757085225 1156 12600416 13229028
1757085226 1145 9475488 10104388
1757085227 1152 9475488 10104388
1757085228 1162 9475488 10104388
1757085229 1170 9475488 10104388
1757085230 1179 9475488 10104388
1757085231 1169 9475488 10104388
1757085232 1176 9475488 10104388
1757085233 1183 9475488 10104388
1757085235 1189 9475488 10104388
1757085236 1195 9475488 10104388
1757085237 1201 9475488 10104388
1757085238 1207 9475488 10104388
1757085239 1212 9475488 10104388
1757085240 1216 9475488 10104388
1757085241 1219 9475488 10104388
1757085242 1209 9475488 10104388
1757085243 1213 9475488 10104388
1757085244 1220 9475488 10104388
1757085246 1226 9475488 10104388
1757085247 1231 9475488 10104388
1757085248 1237 9475488 10104388
1757085249 1243 9475488 10104388
1757085250 1248 9475488 10104388
1757085251 1254 9475488 10104388
1757085252 1245 9475488 10104388
1757085253 1250 9475488 10104388
1757085254 1255 9475488 10104388
1757085256 1261 9475488 10104388
1757085257 1266 9475488 10104388
1757085258 1270 9475488 10104388
1757085259 1274 9475488 10104388
1757085260 1276 9475488 10104388
1757085261 1276 10247508 16353880
1757085262 1263 12680532 16353880
1757085263 1252 15805420 19478884
