1757083670  0.0 15488 675388
1757083671  213 1286736 2449256
1757083672  158 3430216 4207072
1757083673  140 3486936 4207072
1757083674  130 3302236 7722816
1757083675  243 5358812 7760240
1757083676  462 5358812 7760240
1757083678  613 5358812 7760240
1757083679  737 5359068 7760240
1757083680  827 5359196 7760240
1757083681  905 5359196 7760240
1757083682  968 5359452 7760240
1757083683 1030 5359452 7760240
1757083684 1084 5359452 7760240
1757083685 1053 5359452 7760240
1757083686 1093 5359452 7760240
1757083687 1129 5359452 7760240
1757083689 1164 5359452 7760240
1757083690 1188 5359452 7760240
1757083691 1216 5359452 7760240
1757083692 1237 5359452 7760240
1757083693 1261 5359452 7760240
1757083694 1281 5359452 7760240
1757083695 1247 5359452 7760240
1757083696 1235 7116676 7760240
1757083697 1193 4447212 6002312
1757083698 1201 5359340 6002828
1757083699 1214 5359340 6002828
1757083701 1231 5359340 6002828
1757083702 1244 5359340 6002828
1757083703 1255 5359340 6002828
1757083704 1268 5359340 6002828
1757083705 1279 5359340 6002828
1757083706 1290 5359340 6002828
1757083707 1261 5359340 6002828
1757083708 1273 5359340 6002828
1757083709 1283 5359340 6002828
1757083710 1294 5359340 6002828
1757083712 1301 5359340 6002828
1757083713 1302 5630868 9517944
1757083714 1274 8934916 11275760
