1757721267  0.0 16768 643712
1757721268  294 1096536 2616852
1757721269  198 1887452 3837728
1757721270  166 2815700 6279136
1757721271  358 3762644 6316540
1757721272  582 3763028 6316540
1757721273  682 3909844 6316540
1757721274  729 3352156 8791044
1757721275  836 3352924 8791044
1757721277  919 3353436 8791044
1757721278  989 3354204 8791044
1757721279 1046 3354972 8791044
1757721280 1094 3355356 8791044
1757721281 1137 3356124 8791044
1757721282 1173 3356892 8791044
1757721283 1206 3357660 8791044
1757721284 1230 3357660 8791044
1757721285 1249 3357660 8791044
1757721286 1264 3357660 8791044
1757721287 1223 3358044 8791044
1757721288 1242 3358812 8791044
1757721289 1263 3359580 8791044
1757721290 1281 3359964 8791044
1757721291 1297 3360860 8791044
1757721293 1312 3361628 8791044
1757721294 1325 3362012 8791044
1757721295 1331 3362012 8791044
1757721296 1334 3362012 8791044
1757721297 1335 3362012 8791044
1757721298 1340 3362012 8791044
1757721299 1346 3362012 8791044
1757721300 1354 3362524 8791044
1757721301 1364 3363292 8791044
1757721302 1373 3364060 8791044
1757721303 1344 3364444 8791044
1757721304 1354 3365212 8791044
1757721305 1362 3365596 8791044
1757721306 1370 3366364 8791044
1757721307 1378 3367132 8791044
1757721309 1385 3367900 8791044
1757721310 1392 3368284 8791044
1757721311 1399 3369052 8791044
1757721312 1405 3369436 8791044
1757721313 1411 3370332 8791044
1757721314 1417 3371100 8791044
1757721315 1422 3371484 8791044
1757721316 1428 3372252 8791044
1757721317 1431 3372636 8791044
1757721318 1406 3372636 8791044
1757721319 1409 3372636 8791044
1757721320 1412 3372636 8791044
1757721321 1418 3373404 8791044
1757721322 1422 3374172 8791044
1757721324 1426 3374556 8791044
1757721325 1431 3375324 8791044
1757721326 1435 3375708 8791044
1757721327 1436 3376220 8791044
1757721328 1436 3376220 8791044
1757721329 1436 3376220 8791044
1757721330 1435 3376220 8791044
1757721331 1438 3376604 8791044
1757721332 1442 3377500 8791044
1757721333 1446 3377884 8791044
1757721334 1428 3378652 8791044
1757721335 1432 3379036 8791044
1757721336 1435 3379804 8791044
1757721337 1439 3380572 8791044
1757721339 1442 3380956 8791044
1757721340 1446 3381724 8791044
1757721341 1449 3382492 8791044
1757721342 1452 3383260 8791044
1757721343 1455 3383644 8791044
1757721344 1458 3384540 8791044
1757721345 1461 3384924 8791044
1757721346 1464 3385692 8791044
1757721347 1466 3386076 8791044
1757721348 1469 3386844 8791044
1757721349 1454 3387612 8791044
1757721350 1456 3387612 8791044
1757721351 1458 3387612 8791044
1757721352 1459 3387612 8791044
1757721353 1460 3387996 8791044
1757721355 1462 3388764 8791044
1757721356 1465 3389148 8791044
1757721357 1467 3389916 8791044
1757721358 1468 3389916 8791044
1757721359 1468 3389916 8791044
1757721360 1468 3389916 8791044
1757721361 1468 3389916 8791044
1757721362 1468 3389916 8791044
1757721363 1470 3390300 8791044
1757721364 1472 3390684 8791044
1757721365 1459 3391452 8791044
1757721366 1462 3391836 8791044
1757721367 1464 3392604 8791044
1757721368 1466 3393372 8791044
1757721370 1468 3394268 8791044
1757721371 1470 3394652 8791044
1757721372 1472 3395420 8791044
1757721373 1474 3395804 8791044
1757721374 1476 3396572 8791044
1757721375 1478 3397340 8791044
1757721376 1480 3397724 8791044
1757721377 1482 3398620 8791044
1757721378 1484 3399004 8791044
1757721379 1485 3399772 8791044
1757721380 1474 3400540 8791044
1757721381 1476 3401308 8791044
1757721382 1477 3401692 8791044
1757721383 1479 3402076 8791044
1757721384 1479 3402076 8791044
1757721386 1480 3402076 8791044
1757721387 1481 3402588 8791044
1757721388 1483 3402972 8791044
1757721389 1484 3403356 8791044
1757721390 1484 3403356 8791044
1757721391 1484 3403356 8791044
1757721392 1484 3403356 8791044
1757721393 1485 3403740 8791044
1757721394 1485 3403740 8791044
1757721395 1486 3403740 8791044
1757721396 1475 3404124 8791044
1757721397 1477 3404508 8791044
1757721398 1479 3405276 8791044
1757721399 1480 3405660 8791044
1757721401 1482 3406428 8791044
1757721402 1483 3407196 8791044
1757721403 1485 3407964 8791044
1757721404 1486 3408348 8791044
1757721405 1488 3409116 8791044
1757721406 1489 3409500 8791044
1757721407 1491 3410268 8791044
1757721408 1492 3411036 8791044
1757721409 1493 3411548 8791044
1757721410 1494 3412316 8791044
1757721411 1485 3413084 8791044
1757721412 1487 3413468 8791044
1757721413 1488 3414236 8791044
1757721414 1489 3415004 8791044
1757721416 1490 3415388 8791044
1757721417 1491 3415772 8791044
1757721418 1492 3415772 8791044
1757721419 1493 3415772 8791044
1757721420 1493 3416156 8791044
1757721421 1493 3416156 8791044
1757721422 1493 3416156 8791044
1757721423 1493 3416156 8791044
1757721424 1494 3416156 8791044
1757721425 1485 3416540 8791044
1757721426 1486 3416924 8791044
1757721427 1487 3416924 8791044
1757721428 1487 3416924 8791044
1757721429 1486 3417308 8791044
1757721431 1487 3418076 8791044
1757721432 1488 3418460 8791044
1757721433 1489 3419228 8791044
1757721434 1490 3419996 8791044
1757721435 1492 3420380 8791044
1757721436 1493 3421148 8791044
1757721437 1494 3421532 8791044
1757721438 1495 3422300 8791044
1757721439 1496 3422684 8791044
1757721440 1497 3423452 8791044
1757721441 1490 3424220 8791044
1757721442 1491 3424988 8791044
1757721443 1492 3425372 8791044
1757721444 1493 3426140 8791044
1757721446 1494 3426908 8791044
1757721447 1495 3427292 8791044
1757721448 1496 3428060 8791044
1757721449 1497 3428828 8791044
1757721450 1498 3429340 8791044
1757721451 1498 3429340 8791044
1757721452 1498 3429340 8791044
1757721453 1497 3429340 8791044
1757721454 1497 3429340 8791044
1757721455 1497 3429340 8791044
1757721456 1490 3430108 8791044
1757721457 1492 3430876 8791044
1757721458 1492 3431260 8791044
1757721459 1493 3431644 8791044
1757721460 1493 3431644 8791044
1757721461 1493 3431644 8791044
1757721463 1493 3432028 8791044
1757721464 1494 3432796 8791044
1757721465 1495 3433180 8791044
1757721466 1496 3433948 8791044
1757721467 1497 3434332 8791044
1757721468 1498 3435100 8791044
1757721469 1499 3435996 8791044
1757721470 1500 3436380 8791044
1757721471 1501 3437148 8791044
1757721472 1494 3437916 8791044
1757721473 1495 3438300 8791044
1757721474 1496 3439068 8791044
1757721475 1497 3439836 8791044
1757721476 1498 3440220 8791044
1757721478 1499 3440988 8791044
1757721479 1500 3441372 8791044
1757721480 1501 3442140 8791044
1757721481 1502 3442908 8791044
1757721482 1502 3443420 8791044
1757721483 1502 3443420 8791044
1757721484 1501 3443420 8791044
1757721485 1501 3443420 8791044
1757721486 1500 3443420 8791044
1757721487 1494 3444188 8791044
1757721488 1495 3444572 8791044
1757721489 1495 3445468 8791044
1757721490 1496 3445852 8791044
1757721491 1497 3446620 8791044
1757721493 1497 3446620 8791044
1757721494 1498 3446620 8791044
1757721495 1498 3446620 8791044
1757721496 1499 3447388 8791044
1757721497 1500 3448156 8791044
1757721498 1501 3448540 8791044
1757721499 1502 3449308 8791044
1757721500 1502 3449692 8791044
1757721501 1503 3450460 8791044
1757721502 1497 3450844 8791044
1757721503 1498 3451612 8791044
1757721504 1499 3452380 8791044
1757721505 1500 3452764 8791044
1757721506 1501 3453532 8791044
1757721508 1501 3454300 8791044
1757721509 1502 3454684 8791044
1757721510 1503 3455452 8791044
1757721511 1504 3455964 8791044
1757721512 1504 3456732 8791044
1757721513 1505 3457116 8791044
1757721514 1505 3457500 8791044
1757721515 1505 3457500 8791044
1757721516 1505 3457500 8791044
1757721517 1499 3457500 8791044
1757721518 1499 3457500 8791044
1757721519 1499 3457884 8791044
1757721520 1500 3458268 8791044
1757721521 1501 3459036 8791044
1757721523 1501 3459804 8791044
1757721524 1502 3460188 8791044
1757721525 1503 3460956 8791044
1757721526 1503 3460956 8791044
1757721527 1503 3460956 8791044
1757721528 1504 3460956 8791044
1757721529 1504 3461724 8791044
1757721530 1505 3462492 8791044
1757721531 1506 3462876 8791044
1757721532 1501 3463644 8791044
1757721533 1501 3464028 8791044
1757721534 1502 3464796 8791044
1757721535 1503 3465180 8791044
1757721536 1503 3465948 8791044
1757721538 1504 3466332 8791044
1757721539 1505 3467100 8791044
1757721540 1505 3467868 8791044
1757721541 1506 3468380 8791044
1757721542 1507 3469148 8791044
1757721543 1507 3469916 8791044
1757721544 1508 3470300 8791044
1757721545 1507 3470300 8791044
1757721546 1508 3470300 8791044
1757721547 1507 3470300 8791044
1757721548 1502 3470684 8791044
1757721549 1503 3471068 8791044
1757721550 1503 3471068 8791044
1757721551 1503 3471068 8791044
1757721552 1504 3471452 8791044
1757721554 1504 3472220 8791044
1757721555 1505 3472604 8791044
1757721556 1506 3473372 8791044
1757721557 1506 3473756 8791044
1757721558 1507 3474524 8791044
1757721559 1507 3474524 8791044
1757721560 1507 3474524 8791044
1757721561 1507 3474524 8791044
1757721562 1508 3475292 8791044
1757721563 1504 3476060 8791044
1757721564 1504 3476444 8791044
1757721565 1505 3477212 8791044
1757721566 1505 3477980 8791044
1757721567 1506 3478364 8791044
1757721569 1506 3479132 8791044
1757721570 1507 3479900 8791044
1757721571 1508 3480284 8791044
1757721572 1508 3481180 8791044
1757721573 1509 3481564 8791044
1757721574 1509 3482332 8791044
1757721575 1510 3483100 8791044
1757721576 1510 3483100 8791044
1757721577 1510 3483100 8791044
1757721578 1510 3483484 8791044
1757721579 1505 3483484 8791044
1757721580 1505 3483484 8791044
1757721581 1506 3484252 8791044
1757721582 1506 3485020 8791044
1757721583 1506 3485020 8791044
1757721585 1506 3485020 8791044
1757721586 1507 3485020 8791044
1757721587 1507 3485916 8791044
1757721588 1508 3486300 8791044
1757721589 1508 3487068 8791044
1757721590 1509 3487836 8791044
1757721591 1509 3488220 8791044
1757721592 1510 3488220 8791044
1757721593 1510 3488220 8791044
1757721594 1510 3488220 8791044
1757721595 1506 3488988 8791044
1757721596 1506 3489372 8791044
1757721597 1507 3490140 8791044
1757721598 1507 3490908 8791044
1757721599 1508 3491292 8791044
1757721601 1508 3492060 8791044
1757721602 1509 3492444 8791044
1757721603 1509 3492828 8791044
1757721604 1509 3493596 8791044
1757721605 1510 3494492 8791044
1757721606 1511 3494876 8791044
1757721607 1511 3494876 8791044
1757721608 1511 3495260 8791044
1757721609 1511 3495260 8791044
1757721610 1506 3495260 8791044
1757721611 1506 3495260 8791044
1757721612 1507 3496028 8791044
1757721613 1507 3496412 8791044
1757721614 1508 3497180 8791044
1757721616 1508 3497948 8791044
1757721617 1509 3497948 8791044
1757721618 1509 3497948 8791044
1757721619 1509 3497948 8791044
1757721620 1510 3498332 8791044
1757721621 1510 3499100 8791044
1757721622 1511 3499868 8791044
1757721623 1511 3500252 8791044
1757721624 1511 3500636 8791044
1757721625 1511 3500636 8791044
1757721626 1507 3500636 8791044
1757721627 1508 3500636 8791044
1757721628 1508 3501404 8791044
1757721629 1509 3501788 8791044
1757721630 1509 3502556 8791044
1757721632 1509 3502940 8791044
1757721633 1510 3503708 8791044
1757721634 1510 3504476 8791044
1757721635 1511 3505244 8791044
1757721636 1511 3505628 8791044
1757721637 1512 3506396 8791044
1757721638 1512 3506396 8791044
1757721639 1512 3506780 8791044
1757721640 1512 3506780 8791044
1757721641 1508 3506780 8791044
1757721642 1508 3506780 8791044
1757721643 1508 3506780 8791044
1757721644 1508 3506780 8791044
1757721645 1509 3507548 8791044
1757721647 1509 3508316 8791044
1757721648 1510 3509084 8791044
1757721649 1510 3509468 8791044
1757721650 1510 3509468 8791044
1757721651 1511 3509468 8791044
1757721652 1511 3509468 8791044
1757721653 1511 3509852 8791044
1757721654 1512 3510748 8791044
1757721655 1512 3511132 8791044
1757721656 1512 3511900 8791044
1757721657 1509 3512284 8791044
1757721658 1509 3512284 8791044
1757721659 1509 3512284 8791044
1757721660 1510 3512668 8791044
1757721661 1510 3513564 8791044
1757721663 1510 3513948 8791044
1757721664 1511 3514716 8791044
1757721665 1511 3515100 8791044
1757721666 1512 3515868 8791044
1757721667 1512 3516636 8791044
1757721668 1513 3517020 8791044
1757721669 1512 3517020 8791044
1757721670 1512 3517020 8791044
1757721671 1512 3517020 8791044
1757721672 1509 3517020 8791044
1757721673 1509 3517404 8791044
1757721674 1509 3517788 8791044
1757721675 1509 3518556 8791044
1757721676 1510 3518940 8791044
1757721678 1510 3519708 8791044
1757721679 1511 3520476 8791044
1757721680 1511 3520860 8791044
1757721681 1511 3521756 8791044
1757721682 1512 3522524 8791044
1757721683 1512 3522524 8791044
1757721684 1512 3522524 8791044
1757721685 1512 3522524 8791044
1757721686 1513 3523036 8791044
1757721687 1510 3523804 8791044
1757721688 1510 3524572 8791044
1757721689 1510 3525340 8791044
1757721690 1511 3525340 8791044
1757721691 1511 3525340 8791044
1757721692 1510 3525340 8791044
1757721694 1511 3525724 8791044
1757721695 1511 3526492 8791044
1757721696 1511 3527260 8791044
1757721697 1512 3528028 8791044
1757721698 1512 3528412 8791044
1757721699 1512 3528796 8791044
1757721700 1512 3528796 8791044
1757721701 1512 3528796 8791044
1757721702 1512 3528796 8791044
1757721703 1509 3528796 8791044
1757721704 1509 3528796 8791044
1757721705 1509 3529180 8791044
1757721706 1509 3529948 8791044
1757721707 1510 3530332 8791044
1757721709 1510 3531100 8791044
1757721710 1510 3531868 8791044
1757721711 1511 3532764 8791044
1757721712 1511 3533148 8791044
1757721713 1512 3533916 8791044
1757721714 1512 3534428 8791044
1757721715 1512 3535196 8791044
1757721716 1513 3535196 8791044
1757721717 1513 3535196 8791044
1757721718 1510 3535196 8791044
1757721719 1510 3535964 8791044
1757721720 1510 3536348 8791044
1757721721 1511 3537116 8791044
1757721722 1511 3537884 8791044
1757721724 1511 3537884 8791044
1757721725 1511 3537884 8791044
1757721726 1512 3537884 8791044
1757721727 1512 3538780 8791044
1757721728 1512 3539164 8791044
1757721729 1512 3539932 8791044
1757721730 1513 3540316 8791044
1757721731 1513 3540700 8791044
1757721732 1513 3541084 8791044
1757721733 1513 3541084 8791044
1757721734 1510 3541084 8791044
1757721735 1510 3541468 8791044
1757721736 1510 3542236 8791044
1757721737 1510 3542620 8791044
1757721738 1511 3543388 8791044
1757721740 1511 3544156 8791044
1757721741 1512 3544540 8791044
1757721742 1512 3545308 8791044
1757721743 1512 3545692 8791044
1757721744 1513 3546460 8791044
1757721745 1513 3547228 8791044
1757721746 1513 3547740 8791044
1757721747 1514 3548508 8791044
1757721748 1514 3549276 8791044
1757721749 1514 3549276 8791044
1757721750 1511 3549276 8791044
1757721751 1511 3549276 8791044
1757721752 1511 3549660 8791044
1757721753 1512 3550428 8791044
1757721755 1512 3551196 8791044
1757721756 1512 3551580 8791044
1757721757 1513 3551580 8791044
1757721758 1513 3551580 8791044
1757721759 1513 3551964 8791044
1757721760 1513 3552732 8791044
1757721761 1513 3552732 8791044
1757721762 1513 3553116 8791044
1757721763 1514 3553628 8791044
1757721764 1513 3553628 8791044
1757721765 1510 3553628 8791044
1757721766 1511 3554012 8791044
1757721767 1511 3554780 8791044
1757721768 1511 3555164 8791044
1757721769 1512 3555932 8791044
1757721771 1512 3556316 8791044
1757721772 1512 3557084 8791044
1757721773 1513 3557852 8791044
1757721774 1513 3558236 8791044
1757721775 1513 3559004 8791044
1757721776 1514 3559772 8791044
1757721777 1514 3560284 8791044
1757721778 1514 3561052 8791044
1757721779 1515 3561820 8791044
1757721780 1512 3562204 8791044
1757721781 1512 3562972 8791044
1757721782 1513 3563356 8791044
1757721783 1513 3563356 8791044
1757721784 1513 3563356 8791044
1757721786 1513 3563740 8791044
1757721787 1513 3564508 8791044
1757721788 1514 3564892 8791044
1757721789 1514 3565660 8791044
1757721790 1514 3565660 8791044
1757721791 1514 3565660 8791044
1757721792 1514 3565660 8791044
1757721793 1514 3566044 8791044
1757721794 1515 3566428 8791044
1757721795 1515 3566428 8791044
1757721796 1512 3566428 8791044
1757721797 1512 3566812 8791044
1757721798 1512 3567196 8791044
1757721799 1512 3567964 8791044
1757721801 1513 3568732 8791044
1757721802 1513 3569116 8791044
1757721803 1513 3569884 8791044
1757721804 1514 3570268 8791044
1757721805 1514 3571036 8791044
1757721806 1514 3571804 8791044
1757721807 1515 3572188 8791044
1757721808 1515 3572956 8791044
1757721809 1515 3573724 8791044
1757721810 1515 3574108 8791044
1757721811 1513 3574876 8791044
1757721812 1513 3575644 8791044
1757721813 1514 3576156 8791044
1757721814 1514 3576924 8791044
1757721815 1514 3576924 8791044
1757721817 1514 3576924 8791044
1757721818 1514 3576924 8791044
1757721819 1514 3577692 8791044
1757721820 1515 3578076 8791044
1757721821 1515 3578844 8791044
1757721822 1515 3579228 8791044
1757721823 1515 3579228 8791044
1757721824 1515 3579228 8791044
1757721825 1515 3579612 8791044
1757721826 1515 3579996 8791044
1757721827 1513 3579996 8791044
1757721828 1513 3580380 8791044
1757721829 1513 3580764 8791044
1757721830 1513 3581532 8791044
1757721831 1514 3581916 8791044
1757721833 1514 3582684 8791044
1757721834 1514 3583580 8791044
1757721835 1514 3583964 8791044
1757721836 1515 3584732 8791044
1757721837 1515 3585116 8791044
1757721838 1515 3585884 8791044
1757721839 1516 3586652 8791044
1757721840 1516 3587420 8791044
1757721841 1516 3587932 8791044
1757721842 1514 3588700 8791044
1757721843 1514 3589084 8791044
1757721844 1514 3589852 8791044
1757721845 1515 3590620 8791044
1757721846 1515 3591004 8791044
1757721848 1515 3591772 8791044
1757721849 1515 3591772 8791044
1757721850 1516 3591772 8791044
1757721851 1516 3591772 8791044
1757721852 1516 3592540 8791044
1757721853 1516 3592924 8791044
1757721854 1516 3593692 8791044
1757721855 1516 3594076 8791044
1757721856 1516 3594076 8791044
1757721857 1516 3594076 8791044
1757721858 1514 3594076 8791044
1757721859 1514 3594076 8791044
1757721860 1514 3594460 8791044
1757721861 1514 3595228 8791044
1757721862 1514 3595612 8791044
1757721864 1515 3596380 8791044
1757721865 1515 3596764 8791044
1757721866 1515 3597532 8791044
1757721867 1516 3597916 8791044
1757721868 1516 3598684 8791044
1757721869 1516 3599452 8791044
1757721870 1516 3599836 8791044
1757721871 1517 3600604 8791044
1757721872 1517 3601500 8791044
1757721873 1515 3602268 8791044
1757721874 1515 3602652 8791044
1757721875 1515 3603420 8791044
1757721876 1516 3603804 8791044
1757721877 1516 3604572 8791044
1757721879 1516 3604956 8791044
1757721880 1516 3605724 8791044
1757721881 1517 3606492 8791044
1757721882 1517 3606492 8791044
1757721883 1517 3606492 8791044
1757721884 1517 3606492 8791044
1757721885 1517 3607260 8791044
1757721886 1517 3607260 8791044
1757721887 1517 3607644 8791044
1757721888 1517 3607644 8791044
1757721889 1515 3607644 8791044
1757721890 1515 3607644 8791044
1757721891 1515 3608028 8791044
1757721892 1515 3608796 8791044
1757721893 1515 3609180 8791044
1757721895 1516 3610076 8791044
1757721896 1516 3610844 8791044
1757721897 1516 3611228 8791044
1757721898 1516 3611612 8791044
1757721899 1516 3612380 8791044
1757721900 1517 3612764 8791044
1757721901 1517 3613532 8791044
1757721902 1517 3614300 8791044
1757721903 1517 3615196 8791044
1757721904 1515 3615580 8791044
1757721905 1515 3616348 8791044
1757721906 1516 3617116 8791044
1757721907 1516 3617500 8791044
1757721908 1516 3618268 8791044
1757721910 1516 3618652 8791044
1757721911 1517 3619420 8791044
1757721912 1517 3619804 8791044
1757721913 1517 3620572 8791044
1757721914 1518 3621340 8791044
1757721915 1518 3621340 8791044
1757721916 1518 3621340 8791044
1757721917 1518 3621340 8791044
1757721918 1518 3621724 8791044
1757721919 1518 3622108 8791044
1757721920 1515 3622108 8791044
1757721921 1515 3622108 8791044
1757721922 1515 3622108 8791044
1757721923 1515 3622108 8791044
1757721924 1516 3622876 8791044
1757721926 1516 3623260 8791044
1757721927 1516 3624028 8791044
1757721928 1516 3624796 8791044
1757721929 1517 3625180 8791044
1757721930 1517 3625948 8791044
1757721931 1517 3626716 8791044
1757721932 1517 3627100 8791044
1757721933 1518 3627868 8791044
1757721934 1518 3628636 8791044
1757721935 1518 3629020 8791044
1757721936 1516 3629788 8791044
1757721937 1516 3630172 8791044
1757721938 1516 3630940 8791044
1757721939 1517 3631324 8791044
1757721940 1517 3632220 8791044
1757721942 1517 3632988 8791044
1757721943 1518 3633372 8791044
1757721944 1518 3634140 8791044
1757721945 1518 3634524 8791044
1757721946 1518 3635292 8791044
1757721947 1518 3635676 8791044
1757721948 1518 3636188 8791044
1757721949 1518 3636188 8791044
1757721950 1518 3636188 8791044
1757721951 1516 3636188 8791044
1757721952 1516 3636188 8791044
1757721953 1516 3636956 8791044
1757721954 1516 3636956 8791044
1757721955 1516 3636956 8791044
1757721957 1517 3636956 8791044
1757721958 1517 3637724 8791044
1757721959 1517 3638108 8791044
1757721960 1517 3638876 8791044
1757721961 1517 3639260 8791044
1757721962 1518 3640156 8791044
1757721963 1518 3640924 8791044
1757721964 1518 3641308 8791044
1757721965 1518 3642076 8791044
1757721966 1519 3642844 8791044
1757721967 1517 3643228 8791044
1757721968 1517 3643996 8791044
1757721969 1517 3644764 8791044
1757721970 1517 3645148 8791044
1757721971 1518 3645916 8791044
1757721973 1518 3646300 8791044
1757721974 1518 3647068 8791044
1757721975 1518 3647836 8791044
1757721976 1519 3648220 8791044
1757721977 1519 3648988 8791044
1757721978 1519 3649500 8791044
1757721979 1519 3649500 8791044
1757721980 1519 3650012 8791044
1757721981 1519 3650012 8791044
1757721982 1517 3650012 8791044
1757721983 1517 3650012 8791044
1757721984 1517 3650396 8791044
1757721985 1517 3651164 8791044
1757721986 1517 3651548 8791044
1757721988 1517 3651548 8791044
1757721989 1518 3651548 8791044
1757721990 1518 3651932 8791044
1757721991 1518 3652316 8791044
1757721992 1518 3653084 8791044
1757721993 1518 3653980 8791044
1757721994 1519 3654364 8791044
1757721995 1519 3655132 8791044
1757721996 1519 3655516 8791044
1757721997 1517 3656284 8791044
1757721998 1517 3657052 8791044
1757721999 1518 3657436 8791044
1757722000 1518 3658204 8791044
1757722001 1518 3658972 8791044
1757722003 1518 3659740 8791044
1757722004 1519 3660124 8791044
1757722005 1519 3660892 8791044
1757722006 1519 3661276 8791044
1757722007 1519 3662172 8791044
1757722008 1519 3662940 8791044
1757722009 1519 3662940 8791044
1757722010 1520 3663324 8791044
1757722011 1520 3663324 8791044
1757722012 1520 3663708 8791044
1757722013 1518 3663708 8791044
1757722014 1518 3664092 8791044
1757722015 1518 3664092 8791044
1757722016 1518 3664092 8791044
1757722017 1518 3664092 8791044
1757722019 1518 3664860 8791044
1757722020 1518 3665628 8791044
1757722021 1518 3665628 8791044
1757722022 1519 3665628 8791044
1757722023 1519 3665628 8791044
1757722024 1519 3666396 8791044
1757722025 1519 3667164 8791044
1757722026 1519 3667548 8791044
1757722027 1520 3668316 8791044
1757722028 1518 3668700 8791044
1757722029 1518 3669468 8791044
1757722030 1518 3670236 8791044
1757722031 1518 3670620 8791044
1757722032 1519 3671388 8791044
1757722034 1519 3672156 8791044
1757722035 1519 3672540 8791044
1757722036 1519 3673308 8791044
1757722037 1520 3673692 8791044
1757722038 1520 3674460 8791044
1757722039 1520 3674844 8791044
1757722040 1520 3674844 8791044
1757722041 1520 3675228 8791044
1757722042 1520 3675612 8791044
1757722043 1520 3675612 8791044
1757722044 1518 3676124 8791044
1757722045 1518 3676508 8791044
1757722046 1518 3676892 8791044
1757722047 1519 3677788 8791044
1757722048 1519 3677788 8791044
1757722050 1519 3677788 8791044
1757722051 1519 3677788 8791044
1757722052 1519 3678556 8791044
1757722053 1519 3678940 8791044
1757722054 1519 3678940 8791044
1757722055 1519 3678940 8791044
1757722056 1520 3679324 8791044
1757722057 1520 3680220 8791044
1757722058 1520 3680604 8791044
1757722059 1520 3681372 8791044
1757722060 1518 3681756 8791044
1757722061 1519 3682524 8791044
1757722062 1519 3683292 8791044
1757722063 1519 3684188 8791044
1757722065 1519 3684572 8791044
1757722066 1520 3685340 8791044
1757722067 1520 3685724 8791044
1757722068 1520 3686492 8791044
1757722069 1520 3687260 8791044
1757722070 1520 3687644 8791044
1757722071 1520 3687644 8791044
1757722072 1520 3688028 8791044
1757722073 1520 3688412 8791044
1757722074 1519 3688412 8791044
1757722075 1519 3688796 8791044
1757722076 1519 3689180 8791044
1757722077 1519 3689948 8791044
1757722078 1519 3690332 8791044
1757722080 1519 3691100 8791044
1757722081 1519 3691868 8791044
1757722082 1520 3691868 8791044
1757722083 1520 3691868 8791044
1757722084 1520 3691868 8791044
1757722085 1520 3692636 8791044
1757722086 1520 3692636 8791044
1757722087 1520 3692636 8791044
1757722088 1520 3692636 8791044
1757722089 1520 3693404 8791044
1757722090 1519 3693788 8791044
1757722091 1519 3694556 8791044
1757722092 1519 3694940 8791044
1757722093 1519 3695708 8791044
1757722095 1519 3696476 8791044
1757722096 1520 3696860 8791044
1757722097 1520 3697628 8791044
1757722098 1520 3698396 8791044
1757722099 1520 3698780 8791044
1757722100 1520 3699676 8791044
1757722101 1521 3700444 8791044
1757722102 1521 3700444 8791044
1757722103 1521 3700828 8791044
1757722104 1519 3701212 8791044
1757722105 1519 3701596 8791044
1757722106 1519 3701596 8791044
1757722107 1519 3701980 8791044
1757722108 1519 3702748 8791044
1757722110 1520 3703516 8791044
1757722111 1520 3703900 8791044
1757722112 1520 3704668 8791044
1757722113 1520 3705436 8791044
1757722114 1520 3705820 8791044
1757722115 1520 3705820 8791044
1757722116 1520 3705820 8791044
1757722117 1521 3705820 8791044
1757722118 1521 3706588 8791044
1757722119 1521 3706588 8791044
1757722120 1519 3706588 8791044
1757722121 1519 3706588 8791044
1757722122 1519 3707356 8791044
1757722123 1519 3707740 8791044
1757722124 1520 3708508 8791044
1757722126 1520 3709276 8791044
1757722127 1520 3709660 8791044
1757722128 1520 3710428 8791044
1757722129 1520 3711196 8791044
1757722130 1521 3711964 8791044
1757722131 1521 3712476 8791044
1757722132 1521 3713244 8791044
1757722133 1521 3713244 8791044
1757722134 1521 3713628 8791044
1757722135 1521 3713628 8791044
1757722136 1519 3714012 8791044
1757722137 1519 3714012 8791044
1757722138 1519 3714396 8791044
1757722139 1520 3714780 8791044
1757722140 1520 3715548 8791044
1757722142 1520 3716316 8791044
1757722143 1520 3716700 8791044
1757722144 1520 3717468 8791044
1757722145 1521 3717852 8791044
1757722146 1521 3718620 8791044
1757722147 1521 3719004 8791044
1757722148 1521 3719004 8791044
1757722149 1521 3719004 8791044
1757722150 1521 3719388 8791044
1757722151 1521 3719772 8791044
1757722152 1520 3720156 8791044
1757722153 1520 3720156 8791044
1757722154 1520 3720156 8791044
1757722155 1520 3720924 8791044
1757722156 1520 3721308 8791044
1757722158 1520 3722076 8791044
1757722159 1520 3722460 8791044
1757722160 1521 3723228 8791044
1757722161 1521 3723612 8791044
1757722162 1521 3724380 8791044
1757722163 1521 3725276 8791044
1757722164 1521 3725660 8791044
1757722165 1521 3725660 8791044
1757722166 1521 3726044 8791044
1757722167 1520 3726428 8791044
1757722168 1520 3726428 8791044
1757722169 1520 3726812 8791044
1757722170 1520 3727580 8791044
1757722171 1520 3728092 8791044
1757722173 1520 3728860 8791044
1757722174 1521 3729628 8791044
1757722175 1521 3730012 8791044
1757722176 1521 3730780 8791044
1757722177 1521 3731548 8791044
1757722178 1521 3731932 8791044
1757722179 1521 3732700 8791044
1757722180 1522 3733084 8791044
1757722181 1522 3733084 8791044
1757722182 1522 3733084 8791044
1757722183 1520 3733084 8791044
1757722184 1520 3733468 8791044
1757722185 1520 3733852 8791044
1757722186 1520 3733852 8791044
1757722187 1520 3733852 8791044
1757722189 1521 3734748 8791044
1757722190 1521 3735132 8791044
1757722191 1521 3735900 8791044
1757722192 1521 3736796 8791044
1757722193 1521 3737180 8791044
1757722194 1521 3737948 8791044
1757722195 1522 3738716 8791044
1757722196 1522 3738716 8791044
1757722197 1522 3739100 8791044
1757722198 1520 3739484 8791044
1757722199 1520 3739484 8791044
1757722200 1520 3739484 8791044
1757722201 1520 3740252 8791044
1757722202 1520 3740252 8791044
1757722204 1520 3741020 8791044
1757722205 1521 3741788 8791044
1757722206 1521 3742172 8791044
1757722207 1521 3742940 8791044
1757722208 1521 3743324 8791044
1757722209 1521 3744092 8791044
1757722210 1521 3744476 8791044
1757722211 1522 3745244 8791044
1757722212 1522 3746012 8791044
1757722213 1522 3746396 8791044
1757722214 1520 3746780 8791044
1757722215 1520 3746780 8791044
1757722216 1521 3746780 8791044
1757722217 1521 3747164 8791044
1757722218 1521 3747164 8791044
1757722220 1521 3747164 8791044
1757722221 1521 3747548 8791044
1757722222 1521 3747932 8791044
1757722223 1521 3748700 8791044
1757722224 1521 3749468 8791044
1757722225 1522 3749852 8791044
1757722226 1522 3750620 8791044
1757722227 1522 3751004 8791044
1757722228 1522 3751004 8791044
1757722229 1520 3751388 8791044
1757722230 1520 3751388 8791044
1757722231 1520 3751388 8791044
1757722232 1520 3752156 8791044
1757722233 1521 3752540 8791044
1757722235 1521 3753308 8791044
1757722236 1521 3754076 8791044
1757722237 1521 3754460 8791044
1757722238 1521 3755228 8791044
1757722239 1521 3755612 8791044
1757722240 1521 3756380 8791044
1757722241 1522 3756892 8791044
1757722242 1522 3757660 8791044
1757722243 1522 3758044 8791044
1757722244 1522 3758812 8791044
1757722245 1521 3759580 8791044
1757722246 1521 3759964 8791044
1757722247 1521 3760348 8791044
1757722248 1521 3760348 8791044
1757722249 1521 3760348 8791044
1757722251 1521 3760732 8791044
1757722252 1521 3760732 8791044
1757722253 1521 3760732 8791044
1757722254 1521 3761116 8791044
1757722255 1522 3761500 8791044
1757722256 1522 3762268 8791044
1757722257 1522 3763036 8791044
1757722258 1522 3763420 8791044
1757722259 1522 3763420 8791044
1757722260 1521 3763804 8791044
1757722261 1521 3764188 8791044
1757722262 1521 3764188 8791044
1757722263 1521 3764572 8791044
1757722264 1521 3764956 8791044
1757722266 1521 3765724 8791044
1757722267 1521 3766492 8791044
1757722268 1521 3766876 8791044
1757722269 1521 3767644 8791044
1757722270 1522 3768156 8791044
1757722271 1522 3768924 8791044
1757722272 1522 3769692 8791044
1757722273 1522 3770076 8791044
1757722274 1522 3770844 8791044
1757722275 1522 3771612 8791044
1757722276 1521 3771996 8791044
1757722277 1521 3772764 8791044
1757722278 1521 3773148 8791044
1757722279 1522 3773916 8791044
1757722280 1522 3773916 8791044
1757722282 1522 3773916 8791044
1757722283 1522 3774300 8791044
1757722284 1522 3774300 8791044
1757722285 1522 3774300 8791044
1757722286 1522 3774300 8791044
1757722287 1522 3774684 8791044
1757722288 1522 3775580 8791044
1757722289 1522 3776348 8791044
1757722290 1522 3776348 8791044
1757722291 1522 3776732 8791044
1757722292 1521 3777116 8791044
1757722293 1521 3777116 8791044
1757722294 1521 3777116 8791044
1757722295 1521 3778012 8791044
1757722296 1521 3778396 8791044
1757722298 1521 3779164 8791044
1757722299 1522 3779932 8791044
1757722300 1522 3780316 8791044
1757722301 1522 3781084 8791044
1757722302 1522 3781468 8791044
1757722303 1522 3782236 8791044
1757722304 1522 3782748 8791044
1757722305 1522 3783516 8791044
1757722306 1523 3784284 8791044
1757722307 1521 3784668 8791044
1757722308 1521 3785436 8791044
1757722309 1522 3786204 8791044
1757722310 1522 3786588 8791044
1757722311 1522 3787484 8791044
1757722313 1522 3788252 8791044
1757722314 1522 3788252 8791044
1757722315 1522 3788252 8791044
1757722316 1522 3788252 8791044
1757722317 1522 3788636 8791044
1757722318 1522 3788636 8791044
1757722319 1522 3788636 8791044
1757722320 1523 3789020 8791044
1757722321 1523 3789404 8791044
1757722322 1523 3789404 8791044
1757722323 1521 3789788 8791044
1757722324 1521 3789788 8791044
1757722325 1521 3790172 8791044
1757722326 1521 3790172 8791044
1757722327 1521 3790940 8791044
1757722329 1522 3791324 8791044
1757722330 1522 3792092 8791044
1757722331 1522 3792860 8791044
1757722332 1522 3793372 8791044
1757722333 1522 3794140 8791044
1757722334 1522 3794908 8791044
1757722335 1523 3795292 8791044
1757722336 1523 3796060 8791044
1757722337 1523 3796828 8791044
1757722338 1522 3797212 8791044
1757722339 1522 3797980 8791044
1757722340 1522 3798748 8791044
1757722341 1522 3799644 8791044
1757722342 1522 3800028 8791044
1757722344 1522 3800796 8791044
1757722345 1522 3801180 8791044
1757722346 1523 3801948 8791044
1757722347 1523 3802332 8791044
1757722348 1523 3802332 8791044
1757722349 1523 3802332 8791044
1757722350 1523 3802332 8791044
1757722351 1523 3802332 8791044
1757722352 1523 3802332 8791044
1757722353 1523 3802332 8791044
1757722354 1521 3802716 8791044
1757722355 1522 3803100 8791044
1757722356 1522 3803100 8791044
1757722357 1522 3803100 8791044
1757722358 1522 3803484 8791044
1757722360 1522 3804252 8791044
1757722361 1522 3804636 8791044
1757722362 1522 3805404 8791044
1757722363 1522 3806172 8791044
1757722364 1522 3806556 8791044
1757722365 1522 3807452 8791044
1757722366 1523 3808220 8791044
1757722367 1523 3808988 8791044
1757722368 1523 3809372 8791044
1757722369 1523 3810140 8791044
1757722370 1522 3810524 8791044
1757722371 1522 3811292 8791044
1757722372 1522 3812060 8791044
1757722373 1522 3812444 8791044
1757722374 1522 3813212 8791044
1757722376 1523 3813980 8791044
1757722377 1523 3814876 8791044
1757722378 1523 3815260 8791044
1757722379 1523 3816028 8791044
1757722380 1523 3816028 8791044
1757722381 1523 3816028 8791044
1757722382 1523 3816028 8791044
1757722383 1523 3816028 8791044
1757722384 1523 3816028 8791044
1757722385 1522 3816028 8791044
1757722386 1522 3816412 8791044
1757722387 1522 3816412 8791044
1757722388 1522 3816796 8791044
1757722389 1522 3817180 8791044
1757722391 1522 3817948 8791044
1757722392 1522 3818332 8791044
1757722393 1522 3819100 8791044
1757722394 1522 3819484 8791044
1757722395 1523 3820252 8791044
1757722396 1523 3821148 8791044
1757722397 1523 3821532 8791044
1757722398 1523 3822300 8791044
1757722399 1523 3823068 8791044
1757722400 1522 3823452 8791044
1757722401 1522 3824220 8791044
1757722402 1522 3824988 8791044
1757722403 1522 3825372 8791044
1757722404 1523 3826140 8791044
1757722406 1523 3826524 8791044
1757722407 1523 3827292 8791044
1757722408 1523 3828060 8791044
1757722409 1523 3828828 8791044
1757722410 1523 3829212 8791044
1757722411 1523 3829980 8791044
1757722412 1523 3830876 8791044
1757722413 1524 3830876 8791044
1757722414 1523 3830876 8791044
1757722415 1523 3830876 8791044
1757722416 1522 3830876 8791044
1757722417 1522 3830876 8791044
1757722418 1522 3830876 8791044
1757722419 1522 3830876 8791044
1757722421 1522 3831772 8791044
1757722422 1522 3832540 8791044
1757722423 1522 3832924 8791044
1757722424 1522 3833692 8791044
1757722425 1523 3834460 8791044
1757722426 1523 3835228 8791044
1757722427 1523 3835612 8791044
1757722428 1523 3836380 8791044
1757722429 1523 3836764 8791044
1757722430 1523 3837532 8791044
1757722431 1522 3837916 8791044
1757722432 1522 3838684 8791044
1757722433 1522 3839580 8791044
1757722434 1523 3840348 8791044
1757722436 1523 3840732 8791044
1757722437 1523 3841500 8791044
1757722438 1523 3842268 8791044
1757722439 1523 3842652 8791044
1757722440 1523 3843420 8791044
1757722441 1523 3843804 8791044
1757722442 1524 3844572 8791044
1757722443 1524 3844956 8791044
1757722444 1524 3845724 8791044
1757722445 1523 3845724 8791044
1757722446 1522 3846108 8791044
1757722447 1522 3846108 8791044
1757722448 1522 3846108 8791044
1757722449 1522 3846108 8791044
1757722451 1522 3846108 8791044
1757722452 1522 3846108 8791044
1757722453 1522 3846876 8791044
1757722454 1523 3847260 8791044
1757722455 1523 3848028 8791044
1757722456 1523 3848796 8791044
1757722457 1523 3849180 8791044
1757722458 1523 3849948 8791044
1757722459 1523 3850716 8791044
1757722460 1523 3851100 8791044
1757722461 1522 3851868 8791044
1757722462 1522 3852380 8791044
1757722463 1523 3853148 8791044
1757722464 1523 3853532 8791044
1757722466 1523 3854300 8791044
1757722467 1523 3855068 8791044
1757722468 1523 3855452 8791044
1757722469 1523 3856220 8791044
1757722470 1523 3856988 8791044
1757722471 1523 3857372 8791044
1757722472 1524 3858268 8791044
1757722473 1524 3859036 8791044
1757722474 1524 3859420 8791044
1757722475 1524 3860188 8791044
1757722476 1523 3860188 8791044
1757722477 1523 3860572 8791044
1757722478 1523 3860956 8791044
1757722479 1523 3860956 8791044
1757722480 1523 3860956 8791044
1757722482 1523 3860956 8791044
1757722483 1523 3860956 8791044
1757722484 1523 3860956 8791044
1757722485 1523 3860956 8791044
1757722486 1523 3861724 8791044
1757722487 1523 3862492 8791044
1757722488 1523 3862876 8791044
1757722489 1523 3863644 8791044
1757722490 1523 3864028 8791044
1757722491 1523 3864924 8791044
1757722492 1522 3865692 8791044
1757722493 1522 3866460 8791044
1757722494 1523 3866844 8791044
1757722495 1523 3867612 8791044
1757722497 1523 3868380 8791044
1757722498 1523 3868764 8791044
1757722499 1523 3869532 8791044
1757722500 1523 3870300 8791044
1757722501 1523 3870684 8791044
1757722502 1524 3871452 8791044
1757722503 1524 3872348 8791044
1757722504 1524 3872732 8791044
1757722505 1524 3873500 8791044
1757722506 1524 3874268 8791044
1757722507 1523 3874268 8791044
1757722508 1523 3874268 8791044
1757722509 1523 3874268 8791044
1757722510 1523 3874268 8791044
1757722511 1523 3874652 8791044
1757722513 1523 3875036 8791044
1757722514 1523 3875036 8791044
1757722515 1523 3875036 8791044
1757722516 1523 3875036 8791044
1757722517 1523 3875036 8791044
1757722518 1523 3875420 8791044
1757722519 1523 3875804 8791044
1757722520 1523 3876572 8791044
1757722521 1523 3876956 8791044
1757722522 1522 3877724 8791044
1757722523 1522 3878492 8791044
1757722524 1523 3879004 8791044
1757722525 1523 3879772 8791044
1757722526 1523 3880540 8791044
1757722528 1523 3880924 8791044
1757722529 1523 3881692 8791044
1757722530 1523 3882460 8791044
1757722531 1523 3882844 8791044
1757722532 1523 3883612 8791044
1757722533 1524 3883996 8791044
1757722534 1524 3884764 8791044
1757722535 1524 3885148 8791044
1757722536 1524 3885916 8791044
1757722537 1523 3886684 8791044
1757722538 1523 3887068 8791044
1757722539 1523 3887068 8791044
1757722540 1523 3887452 8791044
1757722542 1523 3887452 8791044
1757722543 1523 3887452 8791044
1757722544 1523 3887836 8791044
1757722545 1523 3888604 8791044
1757722546 1523 3888988 8791044
1757722547 1523 3888988 8791044
1757722548 1523 3888988 8791044
1757722549 1523 3888988 8791044
1757722550 1523 3888988 8791044
1757722551 1522 3889372 8791044
1757722552 1523 3890268 8791044
1757722553 1523 3890652 8791044
1757722554 1523 3891420 8791044
1757722555 1523 3892188 8791044
1757722557 1523 3892572 8791044
1757722558 1523 3893340 8791044
1757722559 1523 3894108 8791044
1757722560 1523 3894876 8791044
1757722561 1524 3895260 8791044
1757722562 1524 3896028 8791044
1757722563 1524 3896412 8791044
1757722564 1524 3897180 8791044
1757722565 1524 3897948 8791044
1757722566 1524 3898332 8791044
1757722567 1523 3899100 8791044
1757722568 1523 3899484 8791044
1757722569 1523 3900252 8791044
1757722570 1523 3900252 8791044
1757722572 1523 3900252 8791044
1757722573 1523 3900252 8791044
1757722574 1523 3900636 8791044
1757722575 1523 3901020 8791044
1757722576 1523 3901916 8791044
1757722577 1524 3902300 8791044
1757722578 1524 3903068 8791044
1757722579 1524 3903452 8791044
1757722580 1524 3903452 8791044
1757722581 1524 3903452 8791044
1757722582 1523 3903452 8791044
1757722583 1523 3903452 8791044
1757722584 1523 3904220 8791044
1757722585 1523 3904988 8791044
1757722586 1523 3905500 8791044
1757722588 1523 3906268 8791044
1757722589 1523 3907036 8791044
1757722590 1523 3907420 8791044
1757722591 1523 3908188 8791044
1757722592 1524 3908572 8791044
1757722593 1524 3909340 8791044
1757722594 1524 3910108 8791044
1757722595 1524 3910876 8791044
1757722596 1524 3911260 8791044
1757722597 1524 3912028 8791044
1757722598 1523 3912412 8791044
1757722599 1523 3913180 8791044
1757722600 1523 3913692 8791044
1757722601 1523 3913692 8791044
1757722602 1523 3913692 8791044
1757722604 1523 3913692 8791044
1757722605 1523 3914076 8791044
1757722606 1523 3914076 8791044
1757722607 1524 3914844 8791044
1757722608 1524 3915228 8791044
1757722609 1524 3915996 8791044
1757722610 1524 3916764 8791044
1757722611 1524 3917532 8791044
1757722612 1523 3917916 8791044
1757722613 1523 3917916 8791044
1757722614 1523 3917916 8791044
1757722615 1523 3917916 8791044
1757722616 1523 3917916 8791044
1757722618 1523 3918300 8791044
1757722619 1523 3919068 8791044
1757722620 1523 3919836 8791044
1757722621 1524 3920604 8791044
1757722622 1524 3920988 8791044
1757722623 1524 3921756 8791044
1757722624 1524 3922524 8791044
1757722625 1524 3923036 8791044
1757722626 1524 3923804 8791044
1757722627 1524 3924188 8791044
1757722628 1523 3924956 8791044
1757722629 1523 3925340 8791044
1757722630 1523 3926108 8791044
1757722631 1524 3926876 8791044
1757722632 1524 3926876 8791044
1757722634 1524 3926876 8791044
1757722635 1524 3926876 8791044
1757722636 1524 3926876 8791044
1757722637 1524 3927260 8791044
1757722638 1524 3927644 8791044
1757722639 1524 3928028 8791044
1757722640 1524 3928796 8791044
1757722641 1524 3929564 8791044
1757722642 1523 3929948 8791044
1757722643 1523 3930716 8791044
1757722644 1523 3931612 8791044
1757722645 1523 3931996 8791044
1757722646 1523 3931996 8791044
1757722648 1523 3931996 8791044
1757722649 1523 3931996 8791044
1757722650 1523 3931996 8791044
1757722651 1524 3932764 8791044
1757722652 1524 3933532 8791044
1757722653 1524 3933916 8791044
1757722654 1524 3934684 8791044
1757722655 1524 3935068 8791044
1757722656 1524 3935836 8791044
1757722657 1524 3936604 8791044
1757722658 1523 3936988 8791044
1757722659 1523 3937756 8791044
1757722660 1524 3938268 8791044
1757722661 1524 3939036 8791044
1757722663 1524 3939804 8791044
1757722664 1524 3940188 8791044
1757722665 1524 3940188 8791044
1757722666 1524 3940188 8791044
1757722667 1524 3940188 8791044
1757722668 1524 3940188 8791044
1757722669 1524 3940572 8791044
1757722670 1524 3941340 8791044
1757722671 1524 3942108 8791044
1757722672 1524 3942492 8791044
1757722673 1523 3943260 8791044
1757722674 1523 3944028 8791044
1757722675 1523 3944412 8791044
1757722676 1523 3945180 8791044
1757722677 1524 3945948 8791044
1757722679 1524 3946332 8791044
1757722680 1524 3946332 8791044
1757722681 1524 3946332 8791044
1757722682 1524 3946332 8791044
1757722683 1524 3946332 8791044
1757722684 1524 3947100 8791044
1757722685 1524 3947868 8791044
1757722686 1524 3948252 8791044
1757722687 1524 3949020 8791044
1757722688 1523 3949788 8791044
1757722689 1523 3950172 8791044
1757722690 1523 3950940 8791044
1757722691 1524 3951708 8791044
1757722692 1524 3952220 8791044
1757722694 1524 3953116 8791044
1757722695 1524 3953500 8791044
1757722696 1524 3953500 8791044
1757722697 1524 3953884 8791044
1757722698 1524 3953884 8791044
1757722699 1524 3953884 8791044
1757722700 1524 3953884 8791044
1757722701 1524 3954652 8791044
1757722702 1524 3955036 8791044
1757722703 1523 3955804 8791044
1757722704 1523 3956188 8791044
1757722705 1523 3956956 8791044
1757722706 1523 3957724 8791044
1757722707 1524 3958108 8791044
1757722709 1524 3958876 8791044
1757722710 1524 3959644 8791044
1757722711 1524 3960028 8791044
1757722712 1524 3960796 8791044
1757722713 1524 3960796 8791044
1757722714 1524 3960796 8791044
1757722715 1524 3960796 8791044
1757722716 1524 3960796 8791044
1757722717 1524 3961564 8791044
1757722718 1524 3962332 8791044
1757722719 1523 3962844 8791044
1757722720 1523 3963612 8791044
1757722721 1523 3963996 8791044
1757722722 1524 3964764 8791044
1757722723 1524 3965148 8791044
1757722725 1524 3965916 8791044
1757722726 1524 3966684 8791044
1757722727 1524 3966684 8791044
1757722728 1524 3966684 8791044
1757722729 1524 3967068 8791044
1757722730 1524 3967068 8791044
1757722731 1524 3967068 8791044
1757722732 1524 3967836 8791044
1757722733 1524 3968604 8791044
1757722734 1523 3968988 8791044
1757722735 1523 3969756 8791044
1757722736 1523 3970524 8791044
1757722737 1524 3970908 8791044
1757722738 1524 3971676 8791044
1757722740 1524 3972060 8791044
1757722741 1524 3972956 8791044
1757722742 1524 3973724 8791044
1757722743 1524 3974108 8791044
1757722744 1524 3974876 8791044
1757722745 1524 3975644 8791044
1757722746 1524 3975644 8791044
1757722747 1524 3975644 8791044
1757722748 1524 3975644 8791044
1757722749 1523 3976028 8791044
1757722750 1523 3976412 8791044
1757722751 1524 3977180 8791044
1757722752 1524 3977948 8791044
1757722753 1524 3978332 8791044
1757722755 1524 3979100 8791044
1757722756 1524 3979868 8791044
1757722757 1524 3980252 8791044
1757722758 1524 3980636 8791044
1757722759 1524 3981020 8791044
1757722760 1524 3981020 8791044
1757722761 1524 3981020 8791044
1757722762 1524 3981020 8791044
1757722763 1524 3981404 8791044
1757722764 1524 3982172 8791044
1757722765 1523 3982556 8791044
1757722766 1524 3983324 8791044
1757722767 1524 3984092 8791044
1757722768 1524 3984604 8791044
1757722769 1524 3985372 8791044
1757722771 1524 3985756 8791044
1757722772 1524 3986652 8791044
1757722773 1524 3987420 8791044
1757722774 1524 3987804 8791044
1757722775 1524 3988316 8791044
1757722776 1524 3989084 8791044
1757722777 1524 3989468 8791044
1757722778 1525 3990236 8791044
1757722779 1525 3990236 8791044
1757722780 1524 3990236 8791044
1757722781 1523 3990236 8791044
1757722782 1524 3991004 8791044
1757722783 1524 3991388 8791044
1757722784 1524 3992156 8791044
1757722786 1524 3992924 8791044
1757722787 1524 3993308 8791044
1757722788 1524 3994076 8791044
1757722789 1524 3994460 8791044
1757722790 1524 3994460 8791044
1757722791 1524 3994844 8791044
1757722792 1524 3994844 8791044
1757722793 1524 3994844 8791044
1757722794 1524 3995228 8791044
1757722795 1523 3995996 8791044
1757722796 1523 3996380 8791044
1757722797 1524 3997148 8791044
1757722798 1524 3997532 8791044
1757722799 1524 3998300 8791044
1757722801 1524 3999068 8791044
1757722802 1524 3999452 8791044
1757722803 1524 3999836 8791044
1757722804 1524 4000604 8791044
1757722805 1524 4001372 8791044
1757722806 1524 4001756 8791044
1757722807 1524 4002524 8791044
1757722808 1525 4002908 8791044
1757722809 1525 4003676 8791044
1757722810 1524 4004444 8791044
1757722811 1524 4005212 8791044
1757722812 1524 4005212 8791044
1757722813 1524 4005212 8791044
1757722814 1524 4005212 8791044
1757722816 1524 4005596 8791044
1757722817 1524 4006492 8791044
1757722818 1524 4007260 8791044
1757722819 1524 4007644 8791044
1757722820 1524 4008412 8791044
1757722821 1524 4008412 8791044
1757722822 1524 4008412 8791044
1757722823 1524 4008412 8791044
1757722824 1524 4008412 8791044
1757722825 1523 4008796 8791044
1757722826 1523 4009564 8791044
1757722827 1523 4010332 8791044
1757722828 1524 4010716 8791044
1757722829 1524 4011484 8791044
1757722831 1524 4012380 8791044
1757722832 1524 4012764 8791044
1757722833 1524 4013532 8791044
1757722834 1524 4013916 8791044
1757722835 1524 4014684 8791044
1757722836 1524 4015452 8791044
1757722837 1524 4016220 8791044
1757722838 1524 4016604 8791044
1757722839 1525 4017372 8791044
1757722840 1525 4018140 8791044
1757722841 1524 4018524 8791044
1757722842 1524 4019420 8791044
1757722843 1524 4019804 8791044
1757722844 1524 4020572 8791044
1757722845 1524 4020572 8791044
1757722847 1524 4020572 8791044
1757722848 1524 4020572 8791044
1757722849 1524 4021340 8791044
1757722850 1524 4021724 8791044
1757722851 1524 4022620 8791044
1757722852 1524 4022620 8791044
1757722853 1524 4022620 8791044
1757722854 1524 4022620 8791044
1757722855 1524 4022620 8791044
1757722856 1524 4023004 8791044
1757722857 1523 4023772 8791044
1757722858 1524 4024668 8791044
1757722859 1524 4025052 8791044
1757722860 1524 4025820 8791044
1757722862 1524 4026588 8791044
1757722863 1524 4026972 8791044
1757722864 1524 4027740 8791044
1757722865 1524 4028124 8791044
1757722866 1524 4028892 8791044
1757722867 1524 4029660 8791044
1757722868 1524 4030428 8791044
1757722869 1525 4030812 8791044
1757722870 1525 4031708 8791044
1757722871 1525 4032092 8791044
1757722872 1524 4032860 8791044
1757722873 1524 4033628 8791044
1757722874 1524 4034012 8791044
1757722875 1524 4034780 8791044
1757722876 1524 4035164 8791044
1757722878 1524 4035932 8791044
1757722879 1524 4035932 8791044
1757722880 1524 4035932 8791044
1757722881 1524 4035932 8791044
1757722882 1524 4036700 8791044
1757722883 1524 4036700 8791044
1757722884 1524 4037084 8791044
1757722885 1524 4037084 8791044
1757722886 1524 4037084 8791044
1757722887 1524 4037468 8791044
1757722888 1524 4037852 8791044
1757722889 1524 4038620 8791044
1757722890 1524 4039388 8791044
1757722891 1524 4039900 8791044
1757722893 1524 4040668 8791044
1757722894 1524 4041436 8791044
1757722895 1524 4041820 8791044
1757722896 1524 4042588 8791044
1757722897 1524 4043356 8791044
1757722898 1524 4043740 8791044
1757722899 1525 4044508 8791044
1757722900 1525 4044892 8791044
1757722901 1525 4045660 8791044
1757722902 1525 4046044 8791044
1757722903 1524 4046812 8791044
1757722904 1524 4047580 8791044
1757722905 1524 4048348 8791044
1757722906 1524 4048732 8791044
1757722908 1524 4049628 8791044
1757722909 1524 4050012 8791044
1757722910 1525 4050780 8791044
1757722911 1525 4051164 8791044
1757722912 1525 4051164 8791044
1757722913 1525 4051164 8791044
1757722914 1524 4051548 8791044
1757722915 1524 4051548 8791044
1757722916 1524 4051548 8791044
1757722917 1524 4051548 8791044
1757722918 1524 4051548 8791044
1757722919 1524 4052316 8791044
1757722920 1524 4052700 8791044
1757722921 1524 4053468 8791044
1757722922 1524 4054236 8791044
1757722924 1524 4054620 8791044
1757722925 1524 4055388 8791044
1757722926 1524 4056156 8791044
1757722927 1524 4056540 8791044
1757722928 1524 4057308 8791044
1757722929 1524 4058204 8791044
1757722930 1525 4058588 8791044
1757722931 1525 4059356 8791044
1757722932 1525 4060124 8791044
1757722933 1525 4060508 8791044
1757722934 1524 4061276 8791044
1757722935 1524 4061660 8791044
1757722936 1524 4062428 8791044
1757722937 1524 4062812 8791044
1757722938 1524 4063580 8791044
1757722940 1524 4064348 8791044
1757722941 1525 4064732 8791044
1757722942 1525 4065500 8791044
1757722943 1525 4066396 8791044
1757722944 1525 4066780 8791044
1757722945 1525 4066780 8791044
1757722946 1525 4066780 8791044
1757722947 1525 4066780 8791044
1757722948 1524 4066780 8791044
1757722949 1524 4067164 8791044
1757722950 1524 4067932 8791044
1757722951 1524 4068316 8791044
1757722952 1524 4069212 8791044
1757722953 1524 4069596 8791044
1757722955 1524 4070364 8791044
1757722956 1524 4071132 8791044
1757722957 1524 4071516 8791044
1757722958 1524 4072284 8791044
1757722959 1524 4072668 8791044
1757722960 1525 4073436 8791044
1757722961 1525 4074204 8791044
1757722962 1525 4074588 8791044
1757722963 1525 4075356 8791044
1757722964 1525 4075740 8791044
1757722965 1524 4076636 8791044
1757722966 1524 4077404 8791044
1757722967 1524 4077788 8791044
1757722968 1524 4078556 8791044
1757722970 1524 4079324 8791044
1757722971 1525 4079708 8791044
1757722972 1525 4080476 8791044
1757722973 1525 4080860 8791044
1757722974 1525 4081628 8791044
1757722975 1525 4082524 8791044
1757722976 1525 4082524 8791044
1757722977 1525 4082524 8791044
1757722978 1525 4082524 8791044
1757722979 1524 4082524 8791044
1757722980 1524 4082524 8791044
1757722981 1524 4082908 8791044
1757722982 1524 4083292 8791044
1757722983 1524 4084060 8791044
1757722985 1524 4084444 8791044
1757722986 1524 4085212 8791044
1757722987 1524 4085980 8791044
1757722988 1524 4086364 8791044
1757722989 1524 4087132 8791044
1757722990 1525 4088028 8791044
1757722991 1525 4088412 8791044
1757722992 1525 4089180 8791044
1757722993 1525 4089948 8791044
1757722994 1524 4090332 8791044
1757722995 1524 4091100 8791044
1757722996 1524 4091484 8791044
1757722997 1524 4092252 8791044
1757722998 1524 4092636 8791044
1757723000 1524 4093404 8791044
1757723001 1525 4093788 8791044
1757723002 1525 4094556 8791044
1757723003 1525 4095452 8791044
1757723004 1525 4096220 8791044
1757723005 1525 4096604 8791044
1757723006 1525 4097372 8791044
1757723007 1525 4097756 8791044
1757723008 1525 4097756 8791044
1757723009 1525 4097756 8791044
1757723010 1524 4097756 8791044
1757723011 1524 4097756 8791044
1757723012 1524 4097756 8791044
1757723013 1524 4097756 8791044
1757723014 1524 4097756 8791044
1757723016 1524 4098524 8791044
1757723017 1524 4099292 8791044
1757723018 1524 4099676 8791044
1757723019 1524 4100444 8791044
1757723020 1525 4100828 8791044
1757723021 1525 4101596 8791044
1757723022 1525 4102364 8791044
1757723023 1525 4102748 8791044
1757723024 1525 4103516 8791044
1757723025 1524 4103900 8791044
1757723026 1524 4104668 8791044
1757723027 1524 4105436 8791044
1757723028 1524 4106204 8791044
1757723029 1524 4106588 8791044
1757723031 1525 4107484 8791044
1757723032 1525 4107868 8791044
1757723033 1525 4108636 8791044
1757723034 1525 4109404 8791044
1757723035 1525 4110172 8791044
1757723036 1525 4110556 8791044
1757723037 1525 4111324 8791044
1757723038 1525 4111708 8791044
1757723039 1525 4111708 8791044
1757723040 1524 4112220 8791044
1757723041 1524 4112220 8791044
1757723042 1524 4112220 8791044
1757723043 1524 4112220 8791044
1757723044 1524 4112220 8791044
1757723046 1524 4112220 8791044
1757723047 1524 4112220 8791044
1757723048 1524 4112220 8791044
1757723049 1524 4112988 8791044
1757723050 1525 4113756 8791044
1757723051 1525 4114140 8791044
1757723052 1525 4114908 8791044
1757723053 1525 4115804 8791044
1757723054 1525 4116188 8791044
1757723055 1525 4116956 8791044
1757723056 1524 4117724 8791044
1757723057 1524 4118108 8791044
1757723058 1524 4118876 8791044
1757723059 1524 4119260 8791044
1757723060 1525 4120028 8791044
1757723062 1525 4120412 8791044
1757723063 1525 4121180 8791044
1757723064 1525 4121948 8791044
1757723065 1525 4122332 8791044
1757723066 1525 4123100 8791044
1757723067 1525 4123612 8791044
1757723068 1525 4124380 8791044
1757723069 1525 4125148 8791044
1757723070 1525 4125148 8791044
1757723071 1524 4125532 8791044
1757723072 1524 4125532 8791044
1757723073 1524 4125532 8791044
1757723074 1524 4125532 8791044
1757723075 1524 4126300 8791044
1757723077 1525 4126684 8791044
1757723078 1525 4126684 8791044
1757723079 1525 4126684 8791044
1757723080 1525 4126684 8791044
1757723081 1525 4126684 8791044
1757723082 1525 4127068 8791044
1757723083 1525 4127836 8791044
1757723084 1525 4128220 8791044
1757723085 1525 4128988 8791044
1757723086 1525 4129756 8791044
1757723087 1524 4130524 8791044
1757723088 1524 4130908 8791044
1757723089 1524 4131676 8791044
1757723090 1524 4132060 8791044
1757723091 1525 4132956 8791044
1757723093 1525 4133340 8791044
1757723094 1525 4134108 8791044
1757723095 1525 4134876 8791044
1757723096 1525 4135260 8791044
1757723097 1525 4136028 8791044
1757723098 1525 4136796 8791044
1757723099 1525 4137180 8791044
1757723100 1525 4137948 8791044
1757723101 1525 4138332 8791044
1757723102 1524 4138332 8791044
1757723103 1524 4138332 8791044
1757723104 1524 4138716 8791044
1757723105 1524 4138716 8791044
1757723106 1524 4139100 8791044
1757723108 1525 4139868 8791044
1757723109 1525 4140636 8791044
1757723110 1525 4141020 8791044
1757723111 1525 4141020 8791044
1757723112 1525 4141020 8791044
1757723113 1525 4141020 8791044
1757723114 1525 4141020 8791044
1757723115 1525 4141404 8791044
1757723116 1525 4141788 8791044
1757723117 1525 4142556 8791044
1757723118 1525 4142940 8791044
1757723119 1524 4143708 8791044
1757723120 1524 4144476 8791044
1757723121 1524 4144860 8791044
1757723122 1524 4145628 8791044
1757723123 1525 4146396 8791044
1757723125 1525 4147164 8791044
1757723126 1525 4147548 8791044
1757723127 1525 4148444 8791044
1757723128 1525 4148828 8791044
1757723129 1525 4149596 8791044
1757723130 1525 4149980 8791044
1757723131 1525 4150748 8791044
1757723132 1525 4151132 8791044
1757723133 1525 4151516 8791044
1757723134 1524 4151516 8791044
1757723135 1524 4151516 8791044
1757723136 1524 4151516 8791044
1757723137 1524 4152284 8791044
1757723138 1525 4153052 8791044
1757723140 1525 4153436 8791044
1757723141 1525 4154204 8791044
1757723142 1525 4154588 8791044
1757723143 1525 4155100 8791044
1757723144 1525 4155100 8791044
1757723145 1525 4155100 8791044
1757723146 1525 4155100 8791044
1757723147 1525 4155100 8791044
1757723148 1525 4155484 8791044
1757723149 1525 4156252 8791044
1757723150 1524 4156636 8791044
1757723151 1524 4157404 8791044
1757723152 1524 4158172 8791044
1757723153 1525 4158556 8791044
1757723154 1525 4159324 8791044
1757723156 1525 4160092 8791044
1757723157 1525 4160476 8791044
1757723158 1525 4161244 8791044
1757723159 1525 4161628 8791044
1757723160 1525 4162396 8791044
1757723161 1525 4162780 8791044
1757723162 1525 4163676 8791044
1757723163 1525 4164060 8791044
1757723164 1525 4164060 8791044
1757723165 1524 4164060 8791044
1757723166 1524 4164060 8791044
1757723167 1524 4164444 8791044
1757723168 1524 4164828 8791044
1757723169 1525 4165596 8791044
1757723171 1525 4165980 8791044
1757723172 1525 4166748 8791044
1757723173 1525 4167516 8791044
1757723174 1525 4168284 8791044
1757723175 1525 4168668 8791044
1757723176 1525 4169052 8791044
1757723177 1525 4169052 8791044
1757723178 1525 4169052 8791044
1757723179 1525 4169052 8791044
1757723180 1525 4169052 8791044
1757723181 1524 4169436 8791044
1757723182 1524 4169820 8791044
1757723183 1525 4170588 8791044
1757723184 1525 4171100 8791044
1757723185 1525 4171868 8791044
1757723187 1525 4172636 8791044
1757723188 1525 4173020 8791044
1757723189 1525 4173788 8791044
1757723190 1525 4174556 8791044
1757723191 1525 4174940 8791044
1757723192 1525 4175708 8791044
1757723193 1525 4176476 8791044
1757723194 1525 4176860 8791044
1757723195 1525 4176860 8791044
1757723196 1524 4176860 8791044
1757723197 1524 4176860 8791044
1757723198 1524 4176860 8791044
1757723199 1525 4177244 8791044
1757723200 1525 4178012 8791044
1757723202 1525 4178396 8791044
1757723203 1525 4179164 8791044
1757723204 1525 4179932 8791044
1757723205 1525 4180700 8791044
1757723206 1525 4181084 8791044
1757723207 1525 4181852 8791044
1757723208 1525 4182364 8791044
1757723209 1525 4182364 8791044
1757723210 1525 4182364 8791044
1757723211 1524 4182364 8791044
1757723212 1524 4182364 8791044
1757723213 1525 4182364 8791044
1757723214 1525 4182748 8791044
1757723215 1525 4183516 8791044
1757723217 1525 4184412 8791044
1757723218 1525 4184796 8791044
1757723219 1525 4185564 8791044
1757723220 1525 4185948 8791044
1757723221 1525 4186716 8791044
1757723222 1525 4187100 8791044
1757723223 1525 4187868 8791044
1757723224 1525 4188252 8791044
1757723225 1525 4188636 8791044
1757723226 1525 4189020 8791044
1757723227 1525 4189020 8791044
1757723228 1525 4189020 8791044
1757723229 1525 4189020 8791044
1757723230 1525 4189404 8791044
1757723232 1525 4189788 8791044
1757723233 1525 4190556 8791044
1757723234 1525 4191324 8791044
1757723235 1525 4192092 8791044
1757723236 1525 4192476 8791044
1757723237 1525 4193372 8791044
1757723238 1525 4193756 8791044
1757723239 1525 4194524 8791044
1757723240 1525 4195292 8791044
1757723241 1525 4195676 8791044
1757723242 1525 4195676 8791044
1757723243 1525 4195676 8791044
1757723244 1525 4195676 8791044
1757723245 1525 4195676 8791044
1757723247 1525 4195676 8791044
1757723248 1525 4196060 8791044
1757723249 1525 4196956 8791044
1757723250 1525 4197340 8791044
1757723251 1525 4198108 8791044
1757723252 1525 4198876 8791044
1757723253 1525 4199260 8791044
1757723254 1525 4200028 8791044
1757723255 1525 4200412 8791044
1757723256 1525 4201180 8791044
1757723257 1525 4201180 8791044
1757723258 1525 4201180 8791044
1757723259 1525 4201180 8791044
1757723260 1525 4201564 8791044
1757723261 1525 4201564 8791044
1757723263 1525 4202332 8791044
1757723264 1525 4203100 8791044
1757723265 1525 4203868 8791044
1757723266 1525 4204252 8791044
1757723267 1525 4205020 8791044
1757723268 1525 4205788 8791044
1757723269 1525 4206172 8791044
1757723270 1525 4206940 8791044
1757723271 1525 4207324 8791044
1757723272 1525 4208220 8791044
1757723273 1525 4208604 8791044
1757723274 1525 4209372 8791044
1757723275 1525 4209372 8791044
1757723276 1525 4209372 8791044
1757723278 1525 4209372 8791044
1757723279 1525 4209372 8791044
1757723280 1525 4209372 8791044
1757723281 1525 4209756 8791044
1757723282 1525 4210524 8791044
1757723283 1525 4211036 8791044
1757723284 1525 4211804 8791044
1757723285 1525 4212572 8791044
1757723286 1525 4212956 8791044
1757723287 1525 4213724 8791044
1757723288 1525 4213724 8791044
1757723289 1525 4214108 8791044
1757723290 1525 4214108 8791044
1757723291 1525 4214108 8791044
1757723292 1525 4214492 8791044
1757723294 1525 4215260 8791044
1757723295 1525 4215644 8791044
1757723296 1525 4216412 8791044
1757723297 1525 4216796 8791044
1757723298 1525 4217564 8791044
1757723299 1525 4218460 8791044
1757723300 1525 4218844 8791044
1757723301 1525 4219612 8791044
1757723302 1525 4219996 8791044
1757723303 1525 4220764 8791044
1757723304 1525 4221148 8791044
1757723305 1525 4221916 8791044
1757723306 1525 4222684 8791044
1757723307 1525 4223068 8791044
1757723309 1525 4223068 8791044
1757723310 1525 4223068 8791044
1757723311 1525 4223068 8791044
1757723312 1525 4223068 8791044
1757723313 1525 4223068 8791044
1757723314 1525 4223452 8791044
1757723315 1525 4224220 8791044
1757723316 1525 4224604 8791044
1757723317 1525 4225372 8791044
1757723318 1525 4226140 8791044
1757723319 1525 4226140 8791044
1757723320 1525 4226140 8791044
1757723321 1525 4226140 8791044
1757723322 1525 4226524 8791044
1757723323 1525 4226524 8791044
1757723325 1525 4227292 8791044
1757723326 1525 4227676 8791044
1757723327 1525 4228444 8791044
1757723328 1525 4228828 8791044
1757723329 1525 4229596 8791044
1757723330 1525 4230364 8791044
1757723331 1525 4231132 8791044
1757723332 1525 4231516 8791044
1757723333 1525 4232284 8791044
1757723334 1525 4233052 8791044
1757723335 1525 4233436 8791044
1757723336 1525 4234204 8791044
1757723337 1525 4234588 8791044
1757723338 1525 4235356 8791044
1757723340 1525 4236124 8791044
1757723341 1525 4236508 8791044
1757723342 1525 4236508 8791044
1757723343 1525 4236508 8791044
1757723344 1525 4237020 8791044
1757723345 1525 4237020 8791044
1757723346 1525 4237020 8791044
1757723347 1525 4237020 8791044
1757723348 1525 4237788 8791044
1757723349 1525 4238556 8791044
1757723350 1525 4238940 8791044
1757723351 1525 4238940 8791044
1757723352 1525 4238940 8791044
1757723353 1525 4238940 8791044
1757723354 1525 4239324 8791044
1757723356 1525 4239708 8791044
1757723357 1525 4240476 8791044
1757723358 1525 4241244 8791044
1757723359 1525 4241628 8791044
1757723360 1525 4242396 8791044
1757723361 1525 4243292 8791044
1757723362 1525 4243676 8791044
1757723363 1525 4244444 8791044
1757723364 1525 4245212 8791044
1757723365 1525 4245596 8791044
1757723366 1525 4246364 8791044
1757723367 1525 4246748 8791044
1757723368 1525 4247516 8791044
1757723369 1525 4248284 8791044
1757723371 1525 4248668 8791044
1757723372 1525 4249436 8791044
1757723373 1525 4250332 8791044
1757723374 1525 4250332 8791044
1757723375 1525 4250332 8791044
1757723376 1525 4250332 8791044
1757723377 1526 4250716 8791044
1757723378 1526 4250716 8791044
1757723379 1526 4250716 8791044
1757723380 1525 4251100 8791044
1757723381 1525 4251100 8791044
1757723382 1525 4251100 8791044
1757723383 1525 4251100 8791044
1757723385 1525 4251484 8791044
1757723386 1525 4251868 8791044
1757723387 1525 4252252 8791044
1757723388 1525 4253020 8791044
1757723389 1525 4253916 8791044
1757723390 1525 4254300 8791044
1757723391 1525 4254684 8791044
1757723392 1525 4255452 8791044
1757723393 1525 4256220 8791044
1757723394 1525 4256988 8791044
1757723395 1525 4257372 8791044
1757723396 1525 4258140 8791044
1757723397 1525 4258908 8791044
1757723398 1525 4259292 8791044
1757723399 1525 4260060 8791044
1757723401 1525 4260444 8791044
1757723402 1525 4261340 8791044
1757723403 1525 4261724 8791044
1757723404 1525 4262108 8791044
1757723405 1525 4262876 8791044
1757723406 1526 4263644 8791044
1757723407 1526 4263644 8791044
1757723408 1526 4263644 8791044
1757723409 1526 4263644 8791044
1757723410 1526 4264028 8791044
1757723411 1525 4264028 8791044
1757723412 1525 4264028 8791044
1757723413 1525 4264028 8791044
1757723414 1525 4264028 8791044
1757723415 1525 4264028 8791044
1757723417 1525 4264412 8791044
1757723418 1525 4264796 8791044
1757723419 1525 4265564 8791044
1757723420 1525 4265948 8791044
1757723421 1525 4266716 8791044
1757723422 1525 4267484 8791044
1757723423 1525 4267868 8791044
1757723424 1525 4268636 8791044
1757723425 1525 4269404 8791044
1757723426 1525 4269788 8791044
1757723427 1525 4270684 8791044
1757723428 1525 4271452 8791044
1757723429 1525 4271836 8791044
1757723430 1525 4272604 8791044
1757723432 1525 4273372 8791044
1757723433 1525 4273756 8791044
1757723434 1525 4274524 8791044
1757723435 1525 4275292 8791044
1757723436 1525 4275676 8791044
1757723437 1526 4276444 8791044
1757723438 1526 4276828 8791044
1757723439 1526 4277596 8791044
1757723440 1526 4277596 8791044
1757723441 1525 4277596 8791044
1757723442 1525 4277596 8791044
1757723443 1525 4277596 8791044
1757723444 1525 4277596 8791044
1757723445 1525 4277596 8791044
1757723447 1525 4277596 8791044
1757723448 1525 4277596 8791044
1757723449 1525 4278364 8791044
1757723450 1525 4279132 8791044
1757723451 1525 4279516 8791044
1757723452 1525 4280284 8791044
1757723453 1525 4280668 8791044
1757723454 1525 4281436 8791044
1757723455 1525 4282204 8791044
1757723456 1525 4283100 8791044
1757723457 1525 4283484 8791044
1757723458 1525 4284252 8791044
1757723459 1525 4284636 8791044
1757723460 1525 4285404 8791044
1757723461 1525 4285788 8791044
1757723462 1525 4286556 8791044
1757723464 1525 4287324 8791044
1757723465 1525 4287708 8791044
1757723466 1525 4288476 8791044
1757723467 1525 4289244 8791044
1757723468 1525 4289628 8791044
1757723469 1526 4290524 8791044
1757723470 1526 4291292 8791044
1757723471 1526 4291676 8791044
1757723472 1526 4292444 8791044
1757723473 1526 4292444 8791044
1757723474 1525 4292444 8791044
1757723475 1525 4292444 8791044
1757723476 1525 4292444 8791044
1757723477 1525 4292444 8791044
1757723478 1525 4292444 8791044
1757723480 1525 4292444 8791044
1757723481 1525 4292828 8791044
1757723482 1525 4293596 8791044
1757723483 1525 4293980 8791044
1757723484 1525 4294748 8791044
1757723485 1525 4295516 8791044
1757723486 1525 4296412 8791044
1757723487 1525 4296796 8791044
1757723488 1525 4297564 8791044
1757723489 1526 4298332 8791044
1757723490 1525 4298716 8791044
1757723491 1525 4299484 8791044
1757723492 1525 4299868 8791044
1757723493 1525 4300636 8791044
1757723495 1525 4301020 8791044
1757723496 1525 4301788 8791044
1757723497 1525 4302556 8791044
1757723498 1525 4303324 8791044
1757723499 1525 4303836 8791044
1757723500 1525 4304604 8791044
1757723501 1526 4304988 8791044
1757723502 1526 4305756 8791044
1757723503 1526 4306524 8791044
1757723504 1526 4306524 8791044
1757723505 1526 4306908 8791044
1757723506 1525 4306908 8791044
1757723507 1525 4306908 8791044
1757723508 1525 4306908 8791044
1757723509 1525 4307292 8791044
1757723510 1525 4307676 8791044
1757723512 1525 4307676 8791044
1757723513 1525 4307676 8791044
1757723514 1525 4308060 8791044
1757723515 1525 4308956 8791044
1757723516 1525 4309340 8791044
1757723517 1525 4310108 8791044
1757723518 1525 4310492 8791044
1757723519 1525 4311260 8791044
1757723520 1525 4312028 8791044
1757723521 1525 4312796 8791044
1757723522 1525 4313180 8791044
1757723523 1525 4313948 8791044
1757723524 1525 4314716 8791044
1757723525 1525 4315100 8791044
1757723527 1525 4315996 8791044
1757723528 1525 4316380 8791044
1757723529 1525 4317148 8791044
1757723530 1525 4317916 8791044
1757723531 1525 4318300 8791044
1757723532 1526 4319068 8791044
1757723533 1526 4319836 8791044
1757723534 1526 4320220 8791044
1757723535 1526 4320604 8791044
1757723536 1525 4320604 8791044
1757723537 1525 4320604 8791044
1757723538 1525 4320604 8791044
1757723539 1525 4320604 8791044
1757723540 1525 4320604 8791044
1757723541 1525 4320604 8791044
1757723542 1525 4321372 8791044
1757723544 1525 4321756 8791044
1757723545 1525 4321756 8791044
1757723546 1525 4321756 8791044
1757723547 1525 4322140 8791044
1757723548 1525 4322908 8791044
1757723549 1525 4323292 8791044
1757723550 1525 4324060 8791044
1757723551 1525 4324444 8791044
1757723552 1525 4325212 8791044
1757723553 1525 4325980 8791044
1757723554 1525 4326364 8791044
1757723555 1525 4327260 8791044
1757723556 1525 4328028 8791044
1757723557 1525 4328796 8791044
1757723559 1525 4329180 8791044
1757723560 1525 4329948 8791044
1757723561 1525 4330332 8791044
1757723562 1525 4331100 8791044
1757723563 1525 4331484 8791044
1757723564 1525 4332252 8791044
1757723565 1526 4333148 8791044
1757723566 1526 4333148 8791044
1757723567 1526 4333148 8791044
1757723568 1525 4333148 8791044
1757723569 1525 4333532 8791044
1757723570 1525 4333916 8791044
1757723571 1525 4334300 8791044
1757723572 1525 4334300 8791044
1757723574 1525 4334300 8791044
1757723575 1525 4334684 8791044
1757723576 1525 4335452 8791044
1757723577 1525 4335836 8791044
1757723578 1525 4335836 8791044
1757723579 1525 4335836 8791044
1757723580 1525 4336220 8791044
1757723581 1525 4336988 8791044
1757723582 1525 4337372 8791044
1757723583 1525 4338140 8791044
1757723584 1525 4338524 8791044
1757723585 1525 4339292 8791044
1757723586 1525 4339676 8791044
1757723587 1525 4340572 8791044
1757723588 1525 4341340 8791044
1757723590 1525 4342108 8791044
1757723591 1525 4342492 8791044
1757723592 1525 4343260 8791044
1757723593 1525 4344028 8791044
1757723594 1525 4344412 8791044
1757723595 1526 4345180 8791044
1757723596 1526 4345564 8791044
1757723597 1526 4345948 8791044
1757723598 1526 4346332 8791044
1757723599 1525 4346332 8791044
1757723600 1525 4346332 8791044
1757723601 1525 4346332 8791044
1757723602 1525 4347100 8791044
1757723603 1525 4347484 8791044
1757723605 1525 4348380 8791044
1757723606 1525 4348380 8791044
1757723607 1525 4348380 8791044
1757723608 1525 4348764 8791044
1757723609 1525 4349148 8791044
1757723610 1525 4349532 8791044
1757723611 1525 4349532 8791044
1757723612 1525 4349532 8791044
1757723613 1525 4349916 8791044
1757723614 1526 4350684 8791044
1757723615 1525 4351452 8791044
1757723616 1525 4351836 8791044
1757723617 1525 4352732 8791044
1757723618 1525 4353500 8791044
1757723620 1525 4353884 8791044
1757723621 1525 4354652 8791044
1757723622 1525 4355036 8791044
1757723623 1525 4355804 8791044
1757723624 1525 4356188 8791044
1757723625 1525 4356956 8791044
1757723626 1526 4357724 8791044
1757723627 1526 4358108 8791044
1757723628 1526 4358876 8791044
1757723629 1526 4358876 8791044
1757723630 1525 4359260 8791044
1757723631 1525 4359260 8791044
1757723632 1525 4359260 8791044
1757723633 1525 4359260 8791044
1757723634 1525 4360028 8791044
1757723635 1525 4360412 8791044
1757723637 1525 4361180 8791044
1757723638 1525 4361564 8791044
1757723639 1525 4361564 8791044
1757723640 1525 4361564 8791044
1757723641 1525 4361948 8791044
1757723642 1525 4362716 8791044
1757723643 1525 4362716 8791044
1757723644 1525 4362716 8791044
1757723645 1525 4362716 8791044
1757723646 1525 4363100 8791044
1757723647 1525 4363868 8791044
1757723648 1525 4364636 8791044
1757723649 1525 4365020 8791044
1757723650 1525 4365788 8791044
1757723652 1525 4366556 8791044
1757723653 1525 4366940 8791044
1757723654 1525 4367836 8791044
1757723655 1525 4368220 8791044
1757723656 1525 4368988 8791044
1757723657 1525 4369756 8791044
1757723658 1526 4370524 8791044
1757723659 1526 4370908 8791044
1757723660 1526 4370908 8791044
1757723661 1526 4370908 8791044
1757723662 1526 4370908 8791044
1757723663 1525 4370908 8791044
1757723664 1525 4371292 8791044
1757723665 1525 4372060 8791044
1757723666 1525 4372444 8791044
1757723668 1525 4373212 8791044
1757723669 1525 4373596 8791044
1757723670 1525 4374364 8791044
1757723671 1525 4374748 8791044
1757723672 1525 4374748 8791044
1757723673 1525 4374748 8791044
1757723674 1525 4375132 8791044
1757723675 1525 4376028 8791044
1757723676 1526 4376412 8791044
1757723677 1526 4376412 8791044
1757723678 1525 4376412 8791044
1757723679 1525 4376796 8791044
1757723680 1525 4377180 8791044
1757723681 1525 4377948 8791044
1757723682 1525 4378332 8791044
1757723684 1525 4379100 8791044
1757723685 1525 4379868 8791044
1757723686 1525 4380636 8791044
1757723687 1525 4381404 8791044
1757723688 1525 4381788 8791044
1757723689 1526 4382556 8791044
1757723690 1526 4383068 8791044
1757723691 1526 4383452 8791044
1757723692 1526 4383452 8791044
1757723693 1526 4383452 8791044
1757723694 1525 4383452 8791044
1757723695 1525 4383836 8791044
1757723696 1525 4384604 8791044
1757723697 1525 4384988 8791044
1757723698 1525 4385756 8791044
1757723700 1525 4386652 8791044
1757723701 1525 4387164 8791044
1757723702 1525 4387932 8791044
1757723703 1525 4388700 8791044
1757723704 1525 4389084 8791044
1757723705 1525 4389084 8791044
1757723706 1525 4389084 8791044
1757723707 1526 4389468 8791044
1757723708 1526 4390236 8791044
1757723709 1526 4390620 8791044
1757723710 1525 4390620 8791044
1757723711 1525 4390620 8791044
1757723712 1525 4391004 8791044
1757723713 1525 4391388 8791044
1757723715 1525 4392156 8791044
1757723716 1525 4392540 8791044
1757723717 1525 4393308 8791044
1757723718 1525 4394076 8791044
1757723719 1525 4394460 8791044
1757723720 1526 4395228 8791044
1757723721 1526 4395996 8791044
1757723722 1526 4396508 8791044
1757723723 1526 4396508 8791044
1757723724 1526 4396508 8791044
1757723725 1526 4396508 8791044
1757723726 1525 4396508 8791044
1757723727 1525 4396892 8791044
1757723728 1525 4397660 8791044
1757723729 1525 4398044 8791044
1757723731 1525 4398812 8791044
1757723732 1525 4399580 8791044
1757723733 1525 4399964 8791044
1757723734 1525 4400732 8791044
1757723735 1525 4401116 8791044
1757723736 1526 4401884 8791044
1757723737 1526 4402268 8791044
1757723738 1526 4402268 8791044
1757723739 1526 4402268 8791044
1757723740 1526 4403036 8791044
1757723741 1525 4403420 8791044
1757723742 1525 4404188 8791044
1757723743 1525 4404188 8791044
1757723744 1525 4404188 8791044
1757723745 1525 4404188 8791044
1757723747 1525 4404956 8791044
1757723748 1525 4405340 8791044
1757723749 1525 4406108 8791044
1757723750 1526 4406876 8791044
1757723751 1526 4407260 8791044
1757723752 1526 4408028 8791044
1757723753 1526 4408412 8791044
1757723754 1526 4408412 8791044
1757723755 1526 4408412 8791044
1757723756 1525 4408412 8791044
1757723757 1525 4408796 8791044
1757723758 1525 4409180 8791044
1757723759 1525 4409948 8791044
1757723760 1525 4410332 8791044
1757723762 1525 4411100 8791044
1757723763 1525 4411484 8791044
1757723764 1525 4412252 8791044
1757723765 1525 4413020 8791044
1757723766 1526 4413788 8791044
1757723767 1526 4414300 8791044
1757723768 1526 4415068 8791044
1757723769 1526 4415836 8791044
1757723770 1526 4415836 8791044
1757723771 1526 4415836 8791044
1757723772 1525 4415836 8791044
1757723773 1525 4416604 8791044
1757723774 1525 4416988 8791044
1757723775 1525 4417756 8791044
1757723776 1525 4417756 8791044
1757723778 1525 4417756 8791044
1757723779 1525 4417756 8791044
1757723780 1525 4418524 8791044
1757723781 1525 4419292 8791044
1757723782 1526 4419676 8791044
1757723783 1526 4420572 8791044
1757723784 1526 4420956 8791044
1757723785 1526 4420956 8791044
1757723786 1526 4420956 8791044
1757723787 1526 4420956 8791044
1757723788 1525 4421340 8791044
1757723789 1525 4421724 8791044
1757723790 1525 4422492 8791044
1757723791 1525 4423260 8791044
1757723792 1525 4423644 8791044
1757723794 1525 4424412 8791044
1757723795 1525 4425180 8791044
1757723796 1525 4425564 8791044
1757723797 1526 4426332 8791044
1757723798 1526 4426716 8791044
1757723799 1526 4427484 8791044
1757723800 1526 4428380 8791044
1757723801 1526 4428764 8791044
1757723802 1526 4429532 8791044
1757723803 1525 4429532 8791044
1757723804 1525 4429532 8791044
1757723805 1525 4429916 8791044
1757723806 1525 4430684 8791044
1757723807 1525 4431068 8791044
1757723809 1525 4431836 8791044
1757723810 1525 4431836 8791044
1757723811 1526 4431836 8791044
1757723812 1526 4431836 8791044
1757723813 1526 4432732 8791044
1757723814 1526 4433500 8791044
1757723815 1526 4433500 8791044
1757723816 1526 4433500 8791044
1757723817 1526 4433884 8791044
1757723818 1525 4433884 8791044
1757723819 1525 4433884 8791044
1757723820 1525 4434652 8791044
1757723821 1525 4435036 8791044
1757723822 1525 4435804 8791044
1757723824 1525 4436572 8791044
1757723825 1525 4437340 8791044
1757723826 1525 4438108 8791044
1757723827 1526 4438492 8791044
1757723828 1526 4439260 8791044
1757723829 1526 4439644 8791044
1757723830 1526 4440412 8791044
1757723831 1526 4440796 8791044
1757723832 1526 4441564 8791044
1757723833 1526 4442332 8791044
1757723834 1525 4442716 8791044
1757723835 1525 4443484 8791044
1757723836 1525 4443484 8791044
1757723837 1525 4443484 8791044
1757723838 1525 4443868 8791044
1757723840 1526 4444636 8791044
1757723841 1526 4445020 8791044
1757723842 1526 4445788 8791044
1757723843 1526 4445788 8791044
1757723844 1526 4445788 8791044
1757723845 1526 4445788 8791044
1757723846 1526 4446172 8791044
1757723847 1526 4446172 8791044
1757723848 1526 4446172 8791044
1757723849 1526 4446172 8791044
1757723850 1525 4446556 8791044
1757723851 1525 4447324 8791044
1757723852 1525 4447708 8791044
1757723853 1525 4448604 8791044
1757723854 1525 4449372 8791044
1757723856 1525 4449756 8791044
1757723857 1526 4450524 8791044
1757723858 1526 4451292 8791044
1757723859 1526 4451676 8791044
1757723860 1526 4452444 8791044
1757723861 1526 4453212 8791044
1757723862 1526 4453596 8791044
1757723863 1526 4454364 8791044
1757723864 1526 4454748 8791044
1757723865 1525 4455516 8791044
1757723866 1525 4455900 8791044
1757723867 1526 4456796 8791044
1757723868 1526 4457564 8791044
1757723869 1526 4457564 8791044
1757723871 1526 4457564 8791044
1757723872 1526 4457948 8791044
1757723873 1526 4458716 8791044
1757723874 1526 4459100 8791044
1757723875 1526 4459996 8791044
1757723876 1526 4459996 8791044
1757723877 1526 4459996 8791044
1757723878 1525 4459996 8791044
1757723879 1525 4459996 8791044
1757723880 1525 4459996 8791044
1757723881 1525 4460380 8791044
1757723882 1525 4461148 8791044
1757723883 1525 4461660 8791044
1757723885 1525 4462428 8791044
1757723886 1525 4463196 8791044
1757723887 1526 4463964 8791044
1757723888 1526 4464348 8791044
1757723889 1526 4465116 8791044
1757723890 1526 4465500 8791044
1757723891 1526 4466268 8791044
1757723892 1526 4467036 8791044
1757723893 1526 4467420 8791044
1757723894 1525 4468188 8791044
1757723895 1525 4469084 8791044
1757723896 1525 4469468 8791044
1757723897 1526 4470236 8791044
1757723898 1526 4471004 8791044
1757723900 1526 4471388 8791044
1757723901 1526 4472156 8791044
1757723902 1526 4472540 8791044
1757723903 1526 4472540 8791044
1757723904 1526 4472540 8791044
1757723905 1526 4472924 8791044
1757723906 1526 4473692 8791044
1757723907 1526 4474076 8791044
1757723908 1526 4474460 8791044
1757723909 1526 4474460 8791044
1757723910 1525 4474460 8791044
1757723911 1525 4474460 8791044
1757723912 1525 4474844 8791044
1757723913 1525 4475228 8791044
1757723914 1525 4475996 8791044
1757723916 1525 4476764 8791044
1757723917 1525 4477148 8791044
1757723918 1526 4478044 8791044
1757723919 1526 4478812 8791044
1757723920 1526 4479196 8791044
1757723921 1526 4479964 8791044
1757723922 1526 4480732 8791044
1757723923 1526 4481116 8791044
1757723924 1526 4481884 8791044
1757723925 1525 4482268 8791044
1757723926 1525 4483036 8791044
1757723927 1525 4483804 8791044
1757723928 1526 4484188 8791044
1757723929 1526 4484956 8791044
1757723931 1526 4485724 8791044
1757723932 1526 4486108 8791044
1757723933 1526 4486876 8791044
1757723934 1526 4487644 8791044
1757723935 1526 4487644 8791044
1757723936 1526 4487644 8791044
1757723937 1526 4487644 8791044
1757723938 1526 4488412 8791044
1757723939 1526 4488412 8791044
1757723940 1525 4488412 8791044
1757723941 1525 4488412 8791044
1757723942 1525 4488412 8791044
1757723943 1525 4488412 8791044
1757723944 1525 4488412 8791044
1757723946 1525 4488796 8791044
1757723947 1525 4489180 8791044
1757723948 1526 4489948 8791044
1757723949 1526 4490716 8791044
1757723950 1526 4491100 8791044
1757723951 1526 4491868 8791044
1757723952 1526 4492764 8791044
1757723953 1526 4493148 8791044
1757723954 1526 4493916 8791044
1757723955 1526 4494684 8791044
1757723956 1525 4495068 8791044
1757723957 1525 4495836 8791044
1757723958 1526 4496220 8791044
1757723959 1526 4496988 8791044
1757723961 1526 4497756 8791044
1757723962 1526 4498524 8791044
1757723963 1526 4498908 8791044
1757723964 1526 4499676 8791044
1757723965 1526 4500188 8791044
1757723966 1526 4500956 8791044
1757723967 1526 4501724 8791044
1757723968 1526 4501724 8791044
1757723969 1526 4501724 8791044
1757723970 1526 4501724 8791044
1757723971 1525 4501724 8791044
1757723972 1525 4502108 8791044
1757723973 1525 4502108 8791044
1757723974 1525 4502108 8791044
1757723975 1525 4502492 8791044
1757723977 1525 4502492 8791044
1757723978 1525 4502492 8791044
1757723979 1525 4502876 8791044
1757723980 1526 4503260 8791044
1757723981 1526 4504156 8791044
1757723982 1526 4504540 8791044
1757723983 1526 4505308 8791044
1757723984 1526 4505692 8791044
1757723985 1526 4506460 8791044
1757723986 1526 4507228 8791044
1757723987 1525 4507612 8791044
1757723988 1525 4508380 8791044
1757723989 1525 4509148 8791044
1757723990 1526 4509916 8791044
1757723991 1526 4510300 8791044
1757723993 1526 4511068 8791044
1757723994 1526 4511452 8791044
1757723995 1526 4512220 8791044
1757723996 1526 4513116 8791044
1757723997 1526 4513500 8791044
1757723998 1526 4514268 8791044
1757723999 1526 4514652 8791044
1757724000 1526 4515420 8791044
1757724001 1526 4515420 8791044
1757724002 1525 4515420 8791044
1757724003 1525 4515420 8791044
1757724004 1525 4515420 8791044
1757724005 1525 4515420 8791044
1757724006 1525 4516188 8791044
1757724008 1526 4516956 8791044
1757724009 1526 4516956 8791044
1757724010 1526 4516956 8791044
1757724011 1526 4516956 8791044
1757724012 1526 4517468 8791044
1757724013 1526 4518236 8791044
1757724014 1526 4519004 8791044
1757724015 1526 4519388 8791044
1757724016 1526 4520156 8791044
1757724017 1526 4520540 8791044
1757724018 1525 4521308 8791044
1757724019 1525 4522076 8791044
1757724020 1526 4522460 8791044
1757724021 1526 4522844 8791044
1757724023 1526 4522844 8791044
1757724024 1526 4522844 8791044
1757724025 1526 4522844 8791044
1757724026 1526 4522844 8791044
1757724027 1526 4522844 8791044
1757724028 1526 4522844 8791044
1757724029 1526 4522844 8791044
1757724030 1526 4522844 8791044
1757724031 1526 4522844 8791044
1757724032 1526 4522844 8791044
1757724033 1525 4522844 8791044
1757724034 1525 4522844 8791044
1757724035 1525 4522844 8791044
1757724036 1525 4522844 8791044
1757724037 1525 4522844 8791044
1757724038 1525 4522844 8791044
1757724040 1525 4522844 8791044
1757724041 1525 4522844 8791044
1757724042 1526 4522844 8791044
1757724043 1526 4522844 8791044
1757724044 1526 4522844 8791044
1757724045 1526 4522844 8791044
1757724046 1526 4522844 8791044
1757724047 1526 4522844 8791044
1757724048 1526 4522844 8791044
1757724049 1526 4522844 8791044
1757724050 1525 4522844 8791044
1757724051 1525 4522844 8791044
1757724052 1525 4522844 8791044
1757724053 1526 4522844 8791044
1757724055 1526 4522844 8791044
1757724056 1526 4522844 8791044
1757724057 1526 4522844 8791044
1757724058 1526 4522844 8791044
1757724059 1526 4522844 8791044
1757724060 1526 4522844 8791044
1757724061 1526 4522844 8791044
1757724062 1526 4522844 8791044
1757724063 1526 4522844 8791044
1757724064 1526 4522844 8791044
1757724065 1525 4522844 8791044
1757724066 1525 4522844 8791044
1757724067 1525 4522844 8791044
1757724068 1525 4522844 8791044
1757724069 1525 4522844 8791044
1757724071 1525 4522844 8791044
1757724072 1525 4522844 8791044
1757724073 1525 4522844 8791044
1757724074 1526 4522844 8791044
1757724075 1526 4522844 8791044
1757724076 1526 4522844 8791044
1757724077 1526 4522844 8791044
1757724078 1526 4522844 8791044
1757724079 1526 4522844 8791044
1757724080 1526 4522844 8791044
1757724081 1525 4522844 8791044
1757724082 1525 4522844 8791044
1757724083 1525 4522844 8791044
1757724084 1525 4522844 8791044
1757724085 1525 4522844 8791044
1757724087 1526 4522844 8791044
1757724088 1526 4522844 8791044
1757724089 1526 4522844 8791044
1757724090 1526 4522844 8791044
1757724091 1526 4522844 8791044
1757724092 1526 4522844 8791044
1757724093 1526 4522844 8791044
1757724094 1526 4522844 8791044
1757724095 1526 4522844 8791044
1757724096 1526 4522844 8791044
1757724097 1525 4522844 8791044
1757724098 1525 4522844 8791044
1757724099 1525 4522844 8791044
1757724100 1525 4522844 8791044
1757724101 1525 4522844 8791044
1757724103 1525 4522844 8791044
1757724104 1525 4522844 8791044
1757724105 1525 4522844 8791044
1757724106 1526 4522844 8791044
1757724107 1526 4522844 8791044
1757724108 1526 4522844 8791044
1757724109 1526 4522844 8791044
1757724110 1526 4522844 8791044
1757724111 1526 4522844 8791044
1757724112 1526 4522844 8791044
1757724113 1525 4522844 8791044
1757724114 1525 4522844 8791044
1757724115 1525 4522844 8791044
1757724116 1525 4522844 8791044
1757724118 1525 4522844 8791044
1757724119 1526 4522844 8791044
1757724120 1526 4522844 8791044
1757724121 1526 4522844 8791044
1757724122 1526 4522844 8791044
1757724123 1526 4522844 8791044
1757724124 1526 4522844 8791044
1757724125 1526 4522844 8791044
1757724126 1526 4522844 8791044
1757724127 1526 4522844 8791044
1757724128 1525 4522844 8791044
1757724129 1525 4522844 8791044
1757724130 1525 4522844 8791044
1757724131 1525 4522844 8791044
1757724132 1525 4522844 8791044
1757724134 1525 4522844 8791044
1757724135 1525 4522844 8791044
1757724136 1525 4522844 8791044
1757724137 1526 4522844 8791044
1757724138 1526 4522844 8791044
1757724139 1526 4522844 8791044
1757724140 1526 3813584 7570340
1757724141 1526 3810156 5128932
1757724142 1526 3810156 5128932
1757724143 1525 3810156 5128932
1757724144 1525 3810156 5128932
1757724145 1525 3810156 5128932
1757724146 1525 3810156 5128932
1757724148 1525 3810156 5128932
1757724149 1526 3810156 5128932
1757724150 1525 6023256 8791044
