1757718308  0.0 13824 642556
1757718309  299 1145316 2616892
1757718310  200 1972072 3837732
1757718311  168 2876884 6279140
1757718312  449 3762644 6316544
1757718313  584 3762900 6316544
1757718314  740 3763028 6316544
1757718315  734 3352112 8791044
1757718316  830 3352496 8791044
1757718317  916 3353264 8791044
1757718319  986 3353648 8791044
1757718320 1047 3354416 8791044
1757718321 1094 3355184 8791044
1757718322 1137 3355952 8791044
1757718323 1168 3356336 8791044
1757718324 1201 3356720 8791044
1757718325 1222 3356720 8791044
1757718326 1241 3356720 8791044
1757718327 1259 3357104 8791044
1757718328 1280 3357488 8791044
1757718329 1235 3357488 8791044
1757718330 1247 3357488 8791044
1757718331 1261 3357872 8791044
1757718332 1277 3358256 8791044
1757718333 1293 3359024 8791044
1757718335 1308 3359408 8791044
1757718336 1322 3360176 8791044
1757718337 1333 3360944 8791044
1757718338 1344 3361328 8791044
1757718339 1349 3361328 8791044
1757718340 1354 3361712 8791044
1757718341 1362 3362096 8791044
1757718342 1371 3362480 8791044
1757718343 1378 3362864 8791044
1757718344 1349 3363248 8791044
1757718345 1358 3364016 8791044
1757718346 1365 3364400 8791044
1757718347 1370 3365168 8791044
1757718348 1378 3365680 8791044
1757718350 1385 3366448 8791044
1757718351 1392 3366832 8791044
1757718352 1398 3367600 8791044
1757718353 1405 3368368 8791044
1757718354 1410 3368752 8791044
1757718355 1417 3369520 8791044
1757718356 1422 3370416 8791044
1757718357 1426 3370800 8791044
1757718358 1429 3370800 8791044
1757718359 1432 3370800 8791044
1757718360 1407 3370800 8791044
1757718361 1412 3371568 8791044
1757718362 1414 3371568 8791044
1757718363 1417 3371568 8791044
1757718364 1420 3371568 8791044
1757718366 1424 3372080 8791044
1757718367 1429 3372848 8791044
1757718368 1432 3373616 8791044
1757718369 1437 3374000 8791044
1757718370 1437 3374000 8791044
1757718371 1439 3374384 8791044
1757718372 1441 3374384 8791044
1757718373 1445 3375280 8791044
1757718374 1448 3375664 8791044
1757718375 1451 3376432 8791044
1757718376 1434 3377328 8791044
1757718377 1437 3377712 8791044
1757718378 1439 3378096 8791044
1757718379 1442 3378608 8791044
1757718381 1446 3379376 8791044
1757718382 1449 3379760 8791044
1757718383 1452 3380528 8791044
1757718384 1455 3380912 8791044
1757718385 1458 3381680 8791044
1757718386 1461 3382448 8791044
1757718387 1464 3383216 8791044
1757718388 1467 3383600 8791044
1757718389 1469 3383984 8791044
1757718390 1471 3384752 8791044
1757718391 1455 3384752 8791044
1757718392 1455 3384752 8791044
1757718393 1457 3384752 8791044
1757718394 1460 3385520 8791044
1757718395 1461 3385520 8791044
1757718397 1463 3385520 8791044
1757718398 1463 3385520 8791044
1757718399 1466 3385904 8791044
1757718400 1468 3386672 8791044
1757718401 1468 3386672 8791044
1757718402 1468 3386672 8791044
1757718403 1469 3387056 8791044
1757718404 1471 3387568 8791044
1757718405 1473 3387952 8791044
1757718406 1474 3388720 8791044
1757718407 1462 3389104 8791044
1757718408 1464 3389872 8791044
1757718409 1464 3389872 8791044
1757718410 1466 3390640 8791044
1757718411 1468 3391408 8791044
1757718413 1470 3391792 8791044
1757718414 1473 3392560 8791044
1757718415 1475 3393072 8791044
1757718416 1477 3393840 8791044
1757718417 1479 3394608 8791044
1757718418 1480 3394992 8791044
1757718419 1482 3395760 8791044
1757718420 1484 3396144 8791044
1757718421 1485 3396912 8791044
1757718422 1486 3397296 8791044
1757718423 1474 3397680 8791044
1757718424 1474 3397680 8791044
1757718425 1474 3397680 8791044
1757718426 1475 3397680 8791044
1757718427 1477 3398448 8791044
1757718428 1477 3398448 8791044
1757718430 1478 3398448 8791044
1757718431 1478 3398448 8791044
1757718432 1479 3398832 8791044
1757718433 1479 3398832 8791044
1757718434 1479 3399216 8791044
1757718435 1481 3399600 8791044
1757718436 1482 3400368 8791044
1757718437 1483 3400368 8791044
1757718438 1484 3401136 8791044
1757718439 1486 3401904 8791044
1757718440 1475 3401904 8791044
1757718441 1476 3402672 8791044
1757718442 1478 3403056 8791044
1757718443 1479 3403824 8791044
1757718444 1481 3404592 8791044
1757718446 1482 3404976 8791044
1757718447 1484 3405744 8791044
1757718448 1485 3406128 8791044
1757718449 1487 3406896 8791044
1757718450 1488 3407280 8791044
1757718451 1490 3408176 8791044
1757718452 1491 3408560 8791044
1757718453 1492 3409328 8791044
1757718454 1493 3409712 8791044
1757718455 1484 3410480 8791044
1757718456 1485 3410864 8791044
1757718457 1486 3410864 8791044
1757718458 1486 3410864 8791044
1757718459 1487 3411248 8791044
1757718461 1489 3412016 8791044
1757718462 1489 3412016 8791044
1757718463 1489 3412016 8791044
1757718464 1489 3412016 8791044
1757718465 1489 3412400 8791044
1757718466 1490 3412784 8791044
1757718467 1491 3413680 8791044
1757718468 1492 3413680 8791044
1757718469 1493 3414448 8791044
1757718470 1494 3415344 8791044
1757718471 1486 3415344 8791044
1757718472 1487 3416112 8791044
1757718473 1488 3416496 8791044
1757718474 1489 3417392 8791044
1757718476 1490 3417776 8791044
1757718477 1491 3418544 8791044
1757718478 1493 3419312 8791044
1757718479 1494 3419696 8791044
1757718480 1495 3420464 8791044
1757718481 1496 3420848 8791044
1757718482 1497 3421616 8791044
1757718483 1497 3422000 8791044
1757718484 1498 3422768 8791044
1757718485 1499 3423152 8791044
1757718486 1492 3424048 8791044
1757718487 1493 3424432 8791044
1757718488 1494 3425200 8791044
1757718489 1495 3425584 8791044
1757718490 1495 3425584 8791044
1757718492 1496 3425584 8791044
1757718493 1497 3425968 8791044
1757718494 1497 3426736 8791044
1757718495 1497 3426736 8791044
1757718496 1497 3426736 8791044
1757718497 1497 3426736 8791044
1757718498 1498 3427120 8791044
1757718499 1498 3427504 8791044
1757718500 1499 3428272 8791044
1757718501 1492 3428656 8791044
1757718502 1493 3429424 8791044
1757718503 1494 3429808 8791044
1757718504 1495 3430192 8791044
1757718505 1496 3430960 8791044
1757718507 1496 3431856 8791044
1757718508 1497 3432624 8791044
1757718509 1498 3433008 8791044
1757718510 1499 3433392 8791044
1757718511 1500 3434160 8791044
1757718512 1501 3434928 8791044
1757718513 1502 3435312 8791044
1757718514 1502 3435696 8791044
1757718515 1503 3436464 8791044
1757718516 1504 3436848 8791044
1757718517 1497 3437616 8791044
1757718518 1498 3438000 8791044
1757718519 1499 3438768 8791044
1757718520 1500 3439280 8791044
1757718521 1501 3440048 8791044
1757718523 1501 3440432 8791044
1757718524 1502 3440432 8791044
1757718525 1502 3440432 8791044
1757718526 1502 3440432 8791044
1757718527 1502 3440432 8791044
1757718528 1502 3440432 8791044
1757718529 1503 3440432 8791044
1757718530 1503 3440432 8791044
1757718531 1503 3441200 8791044
1757718532 1497 3441584 8791044
1757718533 1498 3441968 8791044
1757718534 1498 3442352 8791044
1757718535 1499 3443120 8791044
1757718537 1500 3443888 8791044
1757718538 1501 3444272 8791044
1757718539 1502 3445040 8791044
1757718540 1502 3445424 8791044
1757718541 1503 3446192 8791044
1757718542 1504 3446576 8791044
1757718543 1505 3447344 8791044
1757718544 1505 3447728 8791044
1757718545 1506 3448496 8791044
1757718546 1506 3449008 8791044
1757718547 1501 3449776 8791044
1757718548 1502 3450544 8791044
1757718549 1503 3450928 8791044
1757718550 1503 3451696 8791044
1757718551 1504 3452464 8791044
1757718553 1505 3453232 8791044
1757718554 1506 3453616 8791044
1757718555 1506 3454384 8791044
1757718556 1506 3454384 8791044
1757718557 1506 3454384 8791044
1757718558 1506 3454384 8791044
1757718559 1506 3454768 8791044
1757718560 1506 3455152 8791044
1757718561 1507 3455152 8791044
1757718562 1501 3455152 8791044
1757718563 1501 3455152 8791044
1757718564 1502 3455536 8791044
1757718565 1502 3456304 8791044
1757718566 1503 3456688 8791044
1757718568 1503 3457456 8791044
1757718569 1504 3458224 8791044
1757718570 1505 3458608 8791044
1757718571 1505 3459504 8791044
1757718572 1506 3459888 8791044
1757718573 1507 3460656 8791044
1757718574 1507 3461040 8791044
1757718575 1508 3461808 8791044
1757718576 1508 3462192 8791044
1757718577 1503 3462960 8791044
1757718578 1504 3463728 8791044
1757718579 1505 3464112 8791044
1757718580 1505 3464880 8791044
1757718581 1506 3465264 8791044
1757718583 1507 3466032 8791044
1757718584 1507 3466416 8791044
1757718585 1508 3467184 8791044
1757718586 1508 3467568 8791044
1757718587 1509 3468464 8791044
1757718588 1509 3468464 8791044
1757718589 1508 3468464 8791044
1757718590 1508 3468464 8791044
1757718591 1509 3468848 8791044
1757718592 1509 3468848 8791044
1757718593 1504 3469616 8791044
1757718594 1505 3470000 8791044
1757718595 1505 3470000 8791044
1757718596 1505 3470000 8791044
1757718598 1506 3470384 8791044
1757718599 1506 3470768 8791044
1757718600 1507 3471664 8791044
1757718601 1507 3472048 8791044
1757718602 1508 3472432 8791044
1757718603 1508 3473200 8791044
1757718604 1509 3473584 8791044
1757718605 1509 3473968 8791044
1757718606 1510 3474736 8791044
1757718607 1510 3475504 8791044
1757718608 1506 3476272 8791044
1757718609 1506 3476656 8791044
1757718610 1507 3477424 8791044
1757718611 1508 3477808 8791044
1757718612 1508 3478704 8791044
1757718614 1509 3479600 8791044
1757718615 1509 3479984 8791044
1757718616 1510 3480752 8791044
1757718617 1511 3481136 8791044
1757718618 1511 3481904 8791044
1757718619 1511 3481904 8791044
1757718620 1511 3481904 8791044
1757718621 1511 3482288 8791044
1757718622 1511 3482288 8791044
1757718623 1506 3482288 8791044
1757718624 1507 3482672 8791044
1757718625 1507 3483440 8791044
1757718626 1508 3483824 8791044
1757718627 1507 3483824 8791044
1757718628 1507 3483824 8791044
1757718630 1507 3483824 8791044
1757718631 1507 3483824 8791044
1757718632 1508 3484592 8791044
1757718633 1508 3485488 8791044
1757718634 1509 3485872 8791044
1757718635 1509 3486640 8791044
1757718636 1509 3487024 8791044
1757718637 1510 3487792 8791044
1757718638 1511 3488176 8791044
1757718639 1511 3488944 8791044
1757718640 1507 3489712 8791044
1757718641 1508 3490096 8791044
1757718642 1508 3490864 8791044
1757718643 1509 3491632 8791044
1757718644 1509 3492016 8791044
1757718646 1510 3492912 8791044
1757718647 1510 3493680 8791044
1757718648 1511 3494064 8791044
1757718649 1511 3494832 8791044
1757718650 1511 3494832 8791044
1757718651 1511 3494832 8791044
1757718652 1511 3495216 8791044
1757718653 1512 3495984 8791044
1757718654 1512 3496368 8791044
1757718655 1512 3496368 8791044
1757718656 1508 3496368 8791044
1757718657 1508 3496368 8791044
1757718658 1508 3496752 8791044
1757718659 1509 3497520 8791044
1757718660 1509 3498032 8791044
1757718662 1509 3498032 8791044
1757718663 1509 3498032 8791044
1757718664 1510 3498032 8791044
1757718665 1510 3498800 8791044
1757718666 1510 3499184 8791044
1757718667 1511 3499952 8791044
1757718668 1511 3500336 8791044
1757718669 1512 3501104 8791044
1757718670 1512 3501872 8791044
1757718671 1509 3502256 8791044
1757718672 1509 3503024 8791044
1757718673 1510 3503408 8791044
1757718674 1510 3504176 8791044
1757718675 1510 3504944 8791044
1757718677 1511 3505840 8791044
1757718678 1511 3506224 8791044
1757718679 1512 3506992 8791044
1757718680 1512 3507760 8791044
1757718681 1512 3507760 8791044
1757718682 1512 3507760 8791044
1757718683 1512 3508144 8791044
1757718684 1513 3508912 8791044
1757718685 1513 3508912 8791044
1757718686 1510 3509680 8791044
1757718687 1510 3510064 8791044
1757718688 1510 3510064 8791044
1757718689 1510 3510064 8791044
1757718690 1510 3510448 8791044
1757718692 1511 3511216 8791044
1757718693 1511 3511600 8791044
1757718694 1512 3511984 8791044
1757718695 1512 3511984 8791044
1757718696 1512 3511984 8791044
1757718697 1512 3512368 8791044
1757718698 1512 3513136 8791044
1757718699 1513 3513520 8791044
1757718700 1513 3514416 8791044
1757718701 1514 3514800 8791044
1757718702 1510 3515568 8791044
1757718703 1511 3516336 8791044
1757718704 1511 3517104 8791044
1757718705 1512 3517488 8791044
1757718707 1512 3518256 8791044
1757718708 1512 3519024 8791044
1757718709 1513 3519408 8791044
1757718710 1513 3520176 8791044
1757718711 1514 3520560 8791044
1757718712 1514 3520944 8791044
1757718713 1514 3520944 8791044
1757718714 1514 3521328 8791044
1757718715 1514 3521712 8791044
1757718716 1515 3522096 8791044
1757718717 1511 3522864 8791044
1757718718 1512 3523248 8791044
1757718719 1512 3524016 8791044
1757718720 1512 3524016 8791044
1757718721 1512 3524016 8791044
1757718723 1512 3524016 8791044
1757718724 1513 3524912 8791044
1757718725 1513 3525296 8791044
1757718726 1513 3525680 8791044
1757718727 1513 3526064 8791044
1757718728 1514 3526064 8791044
1757718729 1514 3526064 8791044
1757718730 1514 3526448 8791044
1757718731 1514 3527216 8791044
1757718732 1511 3527600 8791044
1757718733 1512 3528368 8791044
1757718734 1512 3528752 8791044
1757718735 1513 3529520 8791044
1757718736 1513 3530288 8791044
1757718738 1513 3531056 8791044
1757718739 1514 3531440 8791044
1757718740 1514 3532336 8791044
1757718741 1515 3532720 8791044
1757718742 1515 3533488 8791044
1757718743 1515 3533872 8791044
1757718744 1515 3533872 8791044
1757718745 1515 3533872 8791044
1757718746 1515 3534256 8791044
1757718747 1516 3535024 8791044
1757718748 1512 3535408 8791044
1757718749 1513 3536176 8791044
1757718750 1513 3536560 8791044
1757718751 1513 3536944 8791044
1757718752 1514 3537712 8791044
1757718754 1514 3537712 8791044
1757718755 1514 3537712 8791044
1757718756 1514 3537712 8791044
1757718757 1514 3538224 8791044
1757718758 1514 3538608 8791044
1757718759 1515 3539376 8791044
1757718760 1515 3539760 8791044
1757718761 1515 3539760 8791044
1757718762 1515 3539760 8791044
1757718763 1516 3540144 8791044
1757718764 1513 3540912 8791044
1757718765 1513 3541296 8791044
1757718766 1513 3542064 8791044
1757718767 1514 3542832 8791044
1757718769 1514 3543600 8791044
1757718770 1515 3543984 8791044
1757718771 1515 3544752 8791044
1757718772 1515 3545136 8791044
1757718773 1516 3546032 8791044
1757718774 1516 3546032 8791044
1757718775 1516 3546416 8791044
1757718776 1516 3546416 8791044
1757718777 1516 3547184 8791044
1757718778 1517 3547952 8791044
1757718779 1514 3547952 8791044
1757718780 1514 3548720 8791044
1757718781 1514 3549104 8791044
1757718782 1514 3549488 8791044
1757718783 1515 3549872 8791044
1757718785 1515 3550640 8791044
1757718786 1515 3551024 8791044
1757718787 1515 3551408 8791044
1757718788 1515 3551408 8791044
1757718789 1515 3551408 8791044
1757718790 1516 3552176 8791044
1757718791 1516 3552560 8791044
1757718792 1516 3553328 8791044
1757718793 1517 3553712 8791044
1757718794 1514 3553712 8791044
1757718795 1514 3553712 8791044
1757718796 1514 3553712 8791044
1757718797 1514 3554480 8791044
1757718798 1515 3555248 8791044
1757718800 1515 3556016 8791044
1757718801 1515 3556400 8791044
1757718802 1516 3557296 8791044
1757718803 1516 3557680 8791044
1757718804 1516 3558448 8791044
1757718805 1516 3558448 8791044
1757718806 1516 3558448 8791044
1757718807 1516 3558448 8791044
1757718808 1516 3558832 8791044
1757718809 1517 3559600 8791044
1757718810 1517 3559984 8791044
1757718811 1514 3560368 8791044
1757718812 1515 3561136 8791044
1757718813 1515 3561136 8791044
1757718814 1515 3561904 8791044
1757718816 1515 3562672 8791044
1757718817 1516 3563056 8791044
1757718818 1516 3563440 8791044
1757718819 1516 3563824 8791044
1757718820 1516 3563824 8791044
1757718821 1516 3563824 8791044
1757718822 1516 3564208 8791044
1757718823 1517 3564592 8791044
1757718824 1517 3565360 8791044
1757718825 1517 3566128 8791044
1757718826 1515 3566512 8791044
1757718827 1515 3566512 8791044
1757718828 1515 3566512 8791044
1757718829 1515 3566896 8791044
1757718830 1516 3567280 8791044
1757718832 1516 3568048 8791044
1757718833 1516 3568432 8791044
1757718834 1516 3569328 8791044
1757718835 1517 3570096 8791044
1757718836 1517 3570096 8791044
1757718837 1517 3570096 8791044
1757718838 1517 3570480 8791044
1757718839 1517 3571248 8791044
1757718840 1517 3571632 8791044
1757718841 1515 3572016 8791044
1757718842 1515 3572528 8791044
1757718843 1515 3573296 8791044
1757718844 1516 3573296 8791044
1757718845 1516 3574064 8791044
1757718847 1516 3574448 8791044
1757718848 1516 3574832 8791044
1757718849 1517 3575600 8791044
1757718850 1517 3575984 8791044
1757718851 1517 3576880 8791044
1757718852 1517 3577264 8791044
1757718853 1518 3577264 8791044
1757718854 1518 3577264 8791044
1757718855 1518 3577648 8791044
1757718856 1518 3578032 8791044
1757718857 1516 3578800 8791044
1757718858 1516 3579568 8791044
1757718859 1516 3579952 8791044
1757718860 1516 3579952 8791044
1757718861 1516 3579952 8791044
1757718863 1517 3580336 8791044
1757718864 1517 3580720 8791044
1757718865 1517 3581488 8791044
1757718866 1517 3582256 8791044
1757718867 1518 3582640 8791044
1757718868 1518 3582640 8791044
1757718869 1518 3582640 8791044
1757718870 1518 3583408 8791044
1757718871 1518 3583792 8791044
1757718872 1516 3584560 8791044
1757718873 1516 3584944 8791044
1757718874 1516 3585328 8791044
1757718875 1516 3585712 8791044
1757718876 1517 3586096 8791044
1757718878 1517 3586992 8791044
1757718879 1517 3587376 8791044
1757718880 1517 3587760 8791044
1757718881 1518 3588528 8791044
1757718882 1518 3589424 8791044
1757718883 1518 3589808 8791044
1757718884 1518 3590576 8791044
1757718885 1519 3590960 8791044
1757718886 1519 3590960 8791044
1757718887 1516 3590960 8791044
1757718888 1516 3591472 8791044
1757718889 1517 3591856 8791044
1757718890 1517 3592624 8791044
1757718891 1517 3593392 8791044
1757718893 1517 3593776 8791044
1757718894 1518 3593776 8791044
1757718895 1518 3593776 8791044
1757718896 1518 3594160 8791044
1757718897 1518 3594544 8791044
1757718898 1518 3594928 8791044
1757718899 1518 3594928 8791044
1757718900 1518 3595312 8791044
1757718901 1518 3595696 8791044
1757718902 1519 3596464 8791044
1757718903 1516 3596848 8791044
1757718904 1517 3597232 8791044
1757718905 1517 3597616 8791044
1757718906 1517 3598000 8791044
1757718908 1517 3598384 8791044
1757718909 1517 3598768 8791044
1757718910 1518 3599536 8791044
1757718911 1518 3599920 8791044
1757718912 1518 3600816 8791044
1757718913 1518 3601584 8791044
1757718914 1519 3601968 8791044
1757718915 1519 3602736 8791044
1757718916 1519 3603504 8791044
1757718917 1520 3603888 8791044
1757718918 1517 3604272 8791044
1757718919 1517 3604272 8791044
1757718920 1517 3604272 8791044
1757718921 1518 3604656 8791044
1757718922 1518 3605424 8791044
1757718924 1518 3606192 8791044
1757718925 1518 3606576 8791044
1757718926 1519 3607344 8791044
1757718927 1519 3607344 8791044
1757718928 1519 3607344 8791044
1757718929 1519 3607344 8791044
1757718930 1519 3607344 8791044
1757718931 1519 3607344 8791044
1757718932 1519 3607728 8791044
1757718933 1519 3608624 8791044
1757718934 1517 3609008 8791044
1757718935 1517 3609392 8791044
1757718936 1517 3609776 8791044
1757718937 1517 3610288 8791044
1757718939 1518 3610672 8791044
1757718940 1518 3610672 8791044
1757718941 1518 3611440 8791044
1757718942 1518 3612208 8791044
1757718943 1518 3612976 8791044
1757718944 1519 3613360 8791044
1757718945 1519 3614256 8791044
1757718946 1519 3614640 8791044
1757718947 1519 3615408 8791044
1757718948 1520 3615792 8791044
1757718949 1518 3616560 8791044
1757718950 1518 3617328 8791044
1757718951 1518 3617328 8791044
1757718952 1518 3617328 8791044
1757718953 1518 3617328 8791044
1757718955 1518 3618096 8791044
1757718956 1519 3618480 8791044
1757718957 1519 3619376 8791044
1757718958 1519 3620144 8791044
1757718959 1519 3620528 8791044
1757718960 1519 3620528 8791044
1757718961 1519 3620528 8791044
1757718962 1519 3620528 8791044
1757718963 1519 3621296 8791044
1757718964 1517 3622064 8791044
1757718965 1517 3622448 8791044
1757718966 1517 3622832 8791044
1757718967 1518 3623216 8791044
1757718968 1518 3623600 8791044
1757718970 1518 3623600 8791044
1757718971 1518 3624368 8791044
1757718972 1518 3624752 8791044
1757718973 1519 3625520 8791044
1757718974 1519 3625904 8791044
1757718975 1519 3626672 8791044
1757718976 1519 3627440 8791044
1757718977 1519 3627952 8791044
1757718978 1520 3628720 8791044
1757718979 1520 3629488 8791044
1757718980 1518 3630256 8791044
1757718981 1518 3630640 8791044
1757718982 1518 3631408 8791044
1757718983 1519 3631792 8791044
1757718985 1519 3631792 8791044
1757718986 1519 3631792 8791044
1757718987 1519 3632176 8791044
1757718988 1519 3632944 8791044
1757718989 1519 3633328 8791044
1757718990 1520 3634096 8791044
1757718991 1520 3634096 8791044
1757718992 1520 3634480 8791044
1757718993 1520 3634480 8791044
1757718994 1520 3634480 8791044
1757718995 1518 3634480 8791044
1757718996 1518 3634864 8791044
1757718997 1518 3635248 8791044
1757718998 1518 3636016 8791044
1757718999 1518 3636016 8791044
1757719001 1518 3636400 8791044
1757719002 1519 3636784 8791044
1757719003 1519 3637552 8791044
1757719004 1519 3638448 8791044
1757719005 1519 3638832 8791044
1757719006 1519 3639600 8791044
1757719007 1520 3639984 8791044
1757719008 1520 3640752 8791044
1757719009 1520 3641520 8791044
1757719010 1518 3642288 8791044
1757719011 1519 3643056 8791044
1757719012 1519 3643440 8791044
1757719013 1519 3644208 8791044
1757719014 1519 3644592 8791044
1757719016 1519 3645488 8791044
1757719017 1520 3646256 8791044
1757719018 1520 3646256 8791044
1757719019 1520 3646256 8791044
1757719020 1520 3646256 8791044
1757719021 1520 3647024 8791044
1757719022 1520 3647408 8791044
1757719023 1520 3647408 8791044
1757719024 1520 3647408 8791044
1757719025 1520 3647792 8791044
1757719026 1518 3648176 8791044
1757719027 1518 3648176 8791044
1757719028 1518 3648176 8791044
1757719029 1519 3648560 8791044
1757719030 1519 3648816 8791044
1757719032 1519 3648816 8791044
1757719033 1519 3649200 8791044
1757719034 1519 3649968 8791044
1757719035 1519 3650736 8791044
1757719036 1519 3651120 8791044
1757719037 1520 3651888 8791044
1757719038 1520 3652656 8791044
1757719039 1520 3653040 8791044
1757719040 1520 3653808 8791044
1757719041 1519 3654576 8791044
1757719042 1519 3654960 8791044
1757719043 1519 3655856 8791044
1757719044 1519 3656240 8791044
1757719045 1519 3657008 8791044
1757719047 1520 3657776 8791044
1757719048 1520 3658160 8791044
1757719049 1520 3658928 8791044
1757719050 1520 3659312 8791044
1757719051 1520 3659312 8791044
1757719052 1520 3659312 8791044
1757719053 1521 3659696 8791044
1757719054 1521 3659696 8791044
1757719055 1521 3660080 8791044
1757719056 1519 3660080 8791044
1757719057 1519 3660848 8791044
1757719058 1519 3661232 8791044
1757719059 1519 3661616 8791044
1757719060 1519 3661616 8791044
1757719062 1519 3661616 8791044
1757719063 1519 3661616 8791044
1757719064 1519 3662000 8791044
1757719065 1520 3662768 8791044
1757719066 1520 3663152 8791044
1757719067 1520 3663920 8791044
1757719068 1520 3664688 8791044
1757719069 1520 3665072 8791044
1757719070 1521 3665840 8791044
1757719071 1521 3666736 8791044
1757719072 1519 3667504 8791044
1757719073 1519 3667888 8791044
1757719074 1519 3668656 8791044
1757719075 1520 3669040 8791044
1757719076 1520 3669808 8791044
1757719078 1520 3670192 8791044
1757719079 1520 3670960 8791044
1757719080 1520 3671728 8791044
1757719081 1521 3672112 8791044
1757719082 1521 3673008 8791044
1757719083 1521 3673392 8791044
1757719084 1521 3673392 8791044
1757719085 1521 3673392 8791044
1757719086 1521 3673392 8791044
1757719087 1519 3673776 8791044
1757719088 1519 3674544 8791044
1757719089 1519 3674928 8791044
1757719090 1519 3675312 8791044
1757719091 1520 3675696 8791044
1757719093 1520 3675696 8791044
1757719094 1520 3675696 8791044
1757719095 1520 3675696 8791044
1757719096 1519 3676080 8791044
1757719097 1519 3676464 8791044
1757719098 1520 3677232 8791044
1757719099 1520 3677616 8791044
1757719100 1520 3678512 8791044
1757719101 1520 3679280 8791044
1757719102 1519 3680048 8791044
1757719103 1519 3680432 8791044
1757719104 1519 3681200 8791044
1757719105 1519 3681968 8791044
1757719107 1519 3682352 8791044
1757719108 1520 3683120 8791044
1757719109 1520 3683504 8791044
1757719110 1520 3684272 8791044
1757719111 1520 3685040 8791044
1757719112 1520 3685808 8791044
1757719113 1521 3686192 8791044
1757719114 1521 3687088 8791044
1757719115 1521 3687088 8791044
1757719116 1521 3687472 8791044
1757719117 1519 3687472 8791044
1757719118 1519 3687472 8791044
1757719119 1519 3687856 8791044
1757719120 1519 3688240 8791044
1757719122 1519 3688624 8791044
1757719123 1519 3689008 8791044
1757719124 1519 3689776 8791044
1757719125 1520 3689776 8791044
1757719126 1520 3690160 8791044
1757719127 1520 3690160 8791044
1757719128 1520 3690160 8791044
1757719129 1520 3690544 8791044
1757719130 1520 3691312 8791044
1757719131 1520 3692080 8791044
1757719132 1519 3692464 8791044
1757719133 1519 3693360 8791044
1757719134 1519 3693744 8791044
1757719135 1519 3694512 8791044
1757719136 1519 3694896 8791044
1757719138 1520 3695664 8791044
1757719139 1520 3696560 8791044
1757719140 1520 3696944 8791044
1757719141 1520 3697712 8791044
1757719142 1520 3698480 8791044
1757719143 1521 3698864 8791044
1757719144 1521 3699632 8791044
1757719145 1521 3700400 8791044
1757719146 1521 3700400 8791044
1757719147 1521 3700400 8791044
1757719148 1519 3700400 8791044
1757719149 1519 3700784 8791044
1757719150 1519 3700784 8791044
1757719151 1519 3700784 8791044
1757719152 1519 3700784 8791044
1757719154 1519 3701168 8791044
1757719155 1520 3701936 8791044
1757719156 1520 3702320 8791044
1757719157 1520 3702704 8791044
1757719158 1520 3703472 8791044
1757719159 1520 3703472 8791044
1757719160 1520 3703472 8791044
1757719161 1520 3703472 8791044
1757719162 1520 3703856 8791044
1757719163 1521 3704624 8791044
1757719164 1519 3705008 8791044
1757719165 1519 3705776 8791044
1757719166 1519 3706544 8791044
1757719167 1520 3706928 8791044
1757719168 1520 3707696 8791044
1757719170 1520 3708080 8791044
1757719171 1520 3708848 8791044
1757719172 1520 3709616 8791044
1757719173 1520 3710000 8791044
1757719174 1521 3710896 8791044
1757719175 1521 3711664 8791044
1757719176 1521 3712048 8791044
1757719177 1521 3712816 8791044
1757719178 1521 3712816 8791044
1757719179 1519 3712816 8791044
1757719180 1519 3713200 8791044
1757719181 1520 3713584 8791044
1757719182 1520 3714096 8791044
1757719183 1520 3714096 8791044
1757719185 1520 3714096 8791044
1757719186 1520 3714480 8791044
1757719187 1520 3714864 8791044
1757719188 1520 3715632 8791044
1757719189 1520 3716016 8791044
1757719190 1520 3716912 8791044
1757719191 1521 3717680 8791044
1757719192 1521 3717680 8791044
1757719193 1521 3717680 8791044
1757719194 1521 3717680 8791044
1757719195 1521 3718064 8791044
1757719196 1519 3718832 8791044
1757719197 1520 3719216 8791044
1757719198 1520 3720112 8791044
1757719199 1520 3720880 8791044
1757719201 1520 3721264 8791044
1757719202 1520 3722032 8791044
1757719203 1520 3722416 8791044
1757719204 1521 3723184 8791044
1757719205 1521 3723568 8791044
1757719206 1521 3724336 8791044
1757719207 1521 3725104 8791044
1757719208 1521 3725488 8791044
1757719209 1521 3725488 8791044
1757719210 1521 3725872 8791044
1757719211 1520 3725872 8791044
1757719212 1520 3726640 8791044
1757719213 1520 3727024 8791044
1757719214 1520 3727408 8791044
1757719215 1520 3727408 8791044
1757719217 1520 3727408 8791044
1757719218 1520 3727408 8791044
1757719219 1520 3727792 8791044
1757719220 1520 3728560 8791044
1757719221 1521 3728944 8791044
1757719222 1521 3729712 8791044
1757719223 1521 3730480 8791044
1757719224 1521 3730864 8791044
1757719225 1521 3731248 8791044
1757719226 1520 3731248 8791044
1757719227 1520 3731248 8791044
1757719228 1520 3731632 8791044
1757719229 1520 3732400 8791044
1757719230 1520 3732784 8791044
1757719232 1520 3733552 8791044
1757719233 1520 3734320 8791044
1757719234 1521 3734704 8791044
1757719235 1521 3735472 8791044
1757719236 1521 3736240 8791044
1757719237 1521 3737008 8791044
1757719238 1521 3737392 8791044
1757719239 1521 3737776 8791044
1757719240 1521 3737776 8791044
1757719241 1521 3738160 8791044
1757719242 1520 3738160 8791044
1757719243 1520 3738928 8791044
1757719244 1520 3739312 8791044
1757719245 1520 3739312 8791044
1757719246 1520 3740080 8791044
1757719248 1520 3740848 8791044
1757719249 1520 3740848 8791044
1757719250 1520 3740848 8791044
1757719251 1520 3740848 8791044
1757719252 1521 3741616 8791044
1757719253 1521 3742000 8791044
1757719254 1521 3742768 8791044
1757719255 1521 3743536 8791044
1757719256 1521 3743920 8791044
1757719257 1521 3744688 8791044
1757719258 1520 3745072 8791044
1757719259 1520 3745072 8791044
1757719260 1520 3745072 8791044
1757719261 1520 3745584 8791044
1757719263 1520 3746352 8791044
1757719264 1521 3746736 8791044
1757719265 1521 3747504 8791044
1757719266 1521 3747888 8791044
1757719267 1521 3748656 8791044
1757719268 1521 3749424 8791044
1757719269 1521 3749808 8791044
1757719270 1522 3750576 8791044
1757719271 1522 3750576 8791044
1757719272 1522 3750960 8791044
1757719273 1520 3750960 8791044
1757719274 1520 3751728 8791044
1757719275 1520 3752112 8791044
1757719276 1520 3752496 8791044
1757719277 1520 3752880 8791044
1757719279 1521 3753648 8791044
1757719280 1521 3754032 8791044
1757719281 1521 3754416 8791044
1757719282 1521 3754416 8791044
1757719283 1521 3754416 8791044
1757719284 1521 3754800 8791044
1757719285 1521 3755184 8791044
1757719286 1521 3755952 8791044
1757719287 1522 3756848 8791044
1757719288 1520 3757616 8791044
1757719289 1520 3758000 8791044
1757719290 1521 3758768 8791044
1757719291 1521 3759280 8791044
1757719292 1521 3759280 8791044
1757719294 1521 3759280 8791044
1757719295 1521 3759664 8791044
1757719296 1521 3760432 8791044
1757719297 1521 3760816 8791044
1757719298 1521 3761584 8791044
1757719299 1522 3761968 8791044
1757719300 1522 3762864 8791044
1757719301 1522 3763248 8791044
1757719302 1522 3763632 8791044
1757719303 1520 3763632 8791044
1757719304 1520 3763632 8791044
1757719305 1521 3764400 8791044
1757719306 1521 3764912 8791044
1757719307 1521 3765296 8791044
1757719309 1521 3765680 8791044
1757719310 1521 3766448 8791044
1757719311 1521 3766448 8791044
1757719312 1521 3767216 8791044
1757719313 1521 3767984 8791044
1757719314 1521 3768368 8791044
1757719315 1521 3768368 8791044
1757719316 1522 3768368 8791044
1757719317 1522 3768752 8791044
1757719318 1520 3769136 8791044
1757719319 1520 3769904 8791044
1757719320 1521 3770288 8791044
1757719321 1521 3771056 8791044
1757719322 1521 3771440 8791044
1757719324 1521 3772208 8791044
1757719325 1521 3772592 8791044
1757719326 1521 3772592 8791044
1757719327 1521 3772592 8791044
1757719328 1521 3772976 8791044
1757719329 1522 3773360 8791044
1757719330 1522 3774128 8791044
1757719331 1522 3774896 8791044
1757719332 1522 3775280 8791044
1757719333 1522 3775280 8791044
1757719334 1520 3775280 8791044
1757719335 1520 3775280 8791044
1757719336 1521 3776048 8791044
1757719337 1521 3776048 8791044
1757719338 1521 3776432 8791044
1757719340 1521 3777200 8791044
1757719341 1521 3777968 8791044
1757719342 1521 3777968 8791044
1757719343 1521 3778736 8791044
1757719344 1521 3779120 8791044
1757719345 1521 3779888 8791044
1757719346 1522 3780656 8791044
1757719347 1522 3781040 8791044
1757719348 1522 3781040 8791044
1757719349 1522 3781040 8791044
1757719350 1520 3781424 8791044
1757719351 1521 3782192 8791044
1757719352 1521 3782576 8791044
1757719353 1521 3783344 8791044
1757719354 1521 3784240 8791044
1757719356 1521 3784624 8791044
1757719357 1521 3785392 8791044
1757719358 1521 3785392 8791044
1757719359 1522 3785392 8791044
1757719360 1522 3785776 8791044
1757719361 1522 3785776 8791044
1757719362 1522 3786544 8791044
1757719363 1522 3786928 8791044
1757719364 1522 3786928 8791044
1757719365 1522 3787312 8791044
1757719366 1521 3787312 8791044
1757719367 1520 3787312 8791044
1757719368 1521 3788080 8791044
1757719369 1521 3788080 8791044
1757719370 1521 3788976 8791044
1757719372 1521 3789360 8791044
1757719373 1521 3789744 8791044
1757719374 1521 3790256 8791044
1757719375 1521 3791024 8791044
1757719376 1521 3791792 8791044
1757719377 1522 3792176 8791044
1757719378 1522 3792944 8791044
1757719379 1522 3793712 8791044
1757719380 1522 3793712 8791044
1757719381 1521 3793712 8791044
1757719382 1521 3793712 8791044
1757719383 1521 3794480 8791044
1757719384 1521 3795248 8791044
1757719385 1521 3795632 8791044
1757719387 1521 3796400 8791044
1757719388 1521 3796784 8791044
1757719389 1522 3797552 8791044
1757719390 1522 3798320 8791044
1757719391 1522 3798704 8791044
1757719392 1522 3798704 8791044
1757719393 1522 3798704 8791044
1757719394 1522 3798704 8791044
1757719395 1522 3798704 8791044
1757719396 1522 3798704 8791044
1757719397 1521 3798704 8791044
1757719398 1520 3798704 8791044
1757719399 1521 3799472 8791044
1757719400 1521 3799472 8791044
1757719401 1521 3800240 8791044
1757719403 1521 3800752 8791044
1757719404 1521 3801136 8791044
1757719405 1521 3801648 8791044
1757719406 1521 3802416 8791044
1757719407 1521 3802800 8791044
1757719408 1522 3803568 8791044
1757719409 1522 3804336 8791044
1757719410 1522 3804720 8791044
1757719411 1522 3805488 8791044
1757719412 1521 3806256 8791044
1757719413 1521 3806256 8791044
1757719414 1521 3806256 8791044
1757719415 1521 3806256 8791044
1757719416 1521 3806640 8791044
1757719418 1521 3807536 8791044
1757719419 1521 3807920 8791044
1757719420 1521 3808688 8791044
1757719421 1522 3809456 8791044
1757719422 1522 3810224 8791044
1757719423 1522 3810608 8791044
1757719424 1522 3810992 8791044
1757719425 1522 3810992 8791044
1757719426 1522 3810992 8791044
1757719427 1522 3810992 8791044
1757719428 1520 3810992 8791044
1757719429 1520 3811376 8791044
1757719430 1520 3811760 8791044
1757719431 1521 3812144 8791044
1757719432 1521 3812528 8791044
1757719434 1521 3813296 8791044
1757719435 1521 3813680 8791044
1757719436 1521 3814064 8791044
1757719437 1521 3814832 8791044
1757719438 1521 3815216 8791044
1757719439 1521 3815984 8791044
1757719440 1521 3816368 8791044
1757719441 1522 3817136 8791044
1757719442 1522 3817520 8791044
1757719443 1522 3818288 8791044
1757719444 1521 3818672 8791044
1757719445 1521 3819440 8791044
1757719446 1521 3819440 8791044
1757719447 1521 3819440 8791044
1757719448 1521 3819824 8791044
1757719450 1521 3820208 8791044
1757719451 1521 3820976 8791044
1757719452 1521 3821488 8791044
1757719453 1522 3822256 8791044
1757719454 1522 3823024 8791044
1757719455 1522 3823408 8791044
1757719456 1522 3823792 8791044
1757719457 1522 3823792 8791044
1757719458 1522 3823792 8791044
1757719459 1520 3823792 8791044
1757719460 1520 3823792 8791044
1757719461 1520 3823792 8791044
1757719462 1520 3824560 8791044
1757719464 1520 3824944 8791044
1757719465 1521 3825328 8791044
1757719466 1521 3825712 8791044
1757719467 1521 3826480 8791044
1757719468 1521 3826864 8791044
1757719469 1521 3827632 8791044
1757719470 1521 3828400 8791044
1757719471 1521 3828784 8791044
1757719472 1521 3829552 8791044
1757719473 1522 3829936 8791044
1757719474 1520 3830704 8791044
1757719475 1521 3831088 8791044
1757719476 1521 3831856 8791044
1757719477 1521 3832752 8791044
1757719478 1521 3833136 8791044
1757719480 1521 3833136 8791044
1757719481 1521 3833136 8791044
1757719482 1521 3833520 8791044
1757719483 1521 3833904 8791044
1757719484 1521 3834672 8791044
1757719485 1522 3835440 8791044
1757719486 1522 3836208 8791044
1757719487 1522 3836208 8791044
1757719488 1522 3836976 8791044
1757719489 1521 3836976 8791044
1757719490 1521 3837360 8791044
1757719491 1521 3837360 8791044
1757719492 1521 3837360 8791044
1757719493 1521 3837360 8791044
1757719494 1521 3837360 8791044
1757719496 1521 3838128 8791044
1757719497 1521 3838512 8791044
1757719498 1521 3839280 8791044
1757719499 1521 3839664 8791044
1757719500 1521 3840432 8791044
1757719501 1521 3840816 8791044
1757719502 1521 3841712 8791044
1757719503 1522 3842096 8791044
1757719504 1522 3842864 8791044
1757719505 1522 3843632 8791044
1757719506 1521 3844016 8791044
1757719507 1521 3844784 8791044
1757719508 1521 3845168 8791044
1757719509 1521 3845936 8791044
1757719511 1521 3846320 8791044
1757719512 1521 3847088 8791044
1757719513 1521 3847088 8791044
1757719514 1521 3847088 8791044
1757719515 1522 3847472 8791044
1757719516 1522 3847856 8791044
1757719517 1522 3848752 8791044
1757719518 1522 3849136 8791044
1757719519 1522 3849520 8791044
1757719520 1522 3849904 8791044
1757719521 1521 3850288 8791044
1757719522 1521 3850672 8791044
1757719523 1521 3850672 8791044
1757719524 1521 3851056 8791044
1757719525 1521 3851056 8791044
1757719527 1521 3851056 8791044
1757719528 1521 3851440 8791044
1757719529 1521 3852208 8791044
1757719530 1521 3852592 8791044
1757719531 1521 3853488 8791044
1757719532 1522 3853872 8791044
1757719533 1522 3854640 8791044
1757719534 1522 3855408 8791044
1757719535 1522 3856176 8791044
1757719536 1521 3856560 8791044
1757719537 1521 3857328 8791044
1757719538 1521 3857712 8791044
1757719539 1521 3858480 8791044
1757719540 1521 3859248 8791044
1757719542 1522 3859632 8791044
1757719543 1522 3860400 8791044
1757719544 1522 3860912 8791044
1757719545 1522 3861296 8791044
1757719546 1522 3861296 8791044
1757719547 1522 3861296 8791044
1757719548 1522 3861680 8791044
1757719549 1522 3862064 8791044
1757719550 1522 3862448 8791044
1757719551 1521 3862832 8791044
1757719552 1521 3863216 8791044
1757719553 1521 3863600 8791044
1757719554 1521 3863600 8791044
1757719555 1521 3863984 8791044
1757719557 1521 3864752 8791044
1757719558 1521 3864752 8791044
1757719559 1521 3864752 8791044
1757719560 1521 3864752 8791044
1757719561 1522 3865520 8791044
1757719562 1522 3865904 8791044
1757719563 1522 3866672 8791044
1757719564 1522 3867440 8791044
1757719565 1522 3867824 8791044
1757719566 1522 3868592 8791044
1757719567 1521 3869360 8791044
1757719568 1521 3869744 8791044
1757719569 1521 3870640 8791044
1757719570 1521 3871408 8791044
1757719572 1522 3871792 8791044
1757719573 1522 3872560 8791044
1757719574 1522 3872944 8791044
1757719575 1522 3873712 8791044
1757719576 1522 3874480 8791044
1757719577 1522 3874864 8791044
1757719578 1522 3875248 8791044
1757719579 1522 3875248 8791044
1757719580 1522 3875248 8791044
1757719581 1522 3875632 8791044
1757719582 1521 3876400 8791044
1757719583 1521 3876400 8791044
1757719584 1521 3876784 8791044
1757719585 1521 3876784 8791044
1757719586 1522 3877552 8791044
1757719588 1522 3877936 8791044
1757719589 1522 3878320 8791044
1757719590 1522 3878704 8791044
1757719591 1522 3879088 8791044
1757719592 1522 3879088 8791044
1757719593 1522 3879088 8791044
1757719594 1522 3879600 8791044
1757719595 1522 3880368 8791044
1757719596 1522 3881136 8791044
1757719597 1521 3881520 8791044
1757719598 1521 3882288 8791044
1757719599 1521 3883056 8791044
1757719600 1522 3883440 8791044
1757719601 1522 3884208 8791044
1757719603 1522 3884592 8791044
1757719604 1522 3885360 8791044
1757719605 1522 3886128 8791044
1757719606 1522 3886512 8791044
1757719607 1522 3887408 8791044
1757719608 1523 3888176 8791044
1757719609 1523 3888560 8791044
1757719610 1523 3889328 8791044
1757719611 1523 3889328 8791044
1757719612 1522 3889328 8791044
1757719613 1522 3889328 8791044
1757719614 1522 3889712 8791044
1757719615 1522 3889712 8791044
1757719616 1522 3890096 8791044
1757719618 1522 3890864 8791044
1757719619 1522 3890864 8791044
1757719620 1522 3891248 8791044
1757719621 1522 3891632 8791044
1757719622 1522 3892400 8791044
1757719623 1522 3893168 8791044
1757719624 1522 3893168 8791044
1757719625 1522 3893168 8791044
1757719626 1522 3893168 8791044
1757719627 1523 3893936 8791044
1757719628 1521 3894320 8791044
1757719629 1522 3895088 8791044
1757719630 1522 3895472 8791044
1757719631 1522 3896240 8791044
1757719633 1522 3897136 8791044
1757719634 1522 3898032 8791044
1757719635 1522 3898416 8791044
1757719636 1522 3899312 8791044
1757719637 1522 3900080 8791044
1757719638 1523 3900464 8791044
1757719639 1523 3901232 8791044
1757719640 1523 3901616 8791044
1757719641 1523 3902000 8791044
1757719642 1523 3902384 8791044
1757719643 1522 3902768 8791044
1757719644 1522 3902768 8791044
1757719645 1522 3902768 8791044
1757719646 1522 3902768 8791044
1757719647 1522 3903152 8791044
1757719649 1522 3903536 8791044
1757719650 1522 3904304 8791044
1757719651 1522 3904304 8791044
1757719652 1522 3904688 8791044
1757719653 1522 3905456 8791044
1757719654 1522 3905840 8791044
1757719655 1523 3906608 8791044
1757719656 1523 3907120 8791044
1757719657 1523 3907504 8791044
1757719658 1522 3907504 8791044
1757719659 1522 3907504 8791044
1757719660 1522 3907888 8791044
1757719661 1522 3908656 8791044
1757719662 1522 3909424 8791044
1757719664 1522 3909808 8791044
1757719665 1522 3910576 8791044
1757719666 1522 3910960 8791044
1757719667 1523 3911728 8791044
1757719668 1523 3912624 8791044
1757719669 1523 3913008 8791044
1757719670 1523 3913776 8791044
1757719671 1523 3914544 8791044
1757719672 1523 3914928 8791044
1757719673 1523 3914928 8791044
1757719674 1522 3915312 8791044
1757719675 1522 3915696 8791044
1757719676 1522 3915696 8791044
1757719677 1522 3915696 8791044
1757719678 1522 3915696 8791044
1757719680 1522 3915696 8791044
1757719681 1522 3916080 8791044
1757719682 1522 3916080 8791044
1757719683 1522 3916848 8791044
1757719684 1522 3917616 8791044
1757719685 1523 3918000 8791044
1757719686 1523 3918768 8791044
1757719687 1523 3919152 8791044
1757719688 1523 3919920 8791044
1757719689 1522 3920688 8791044
1757719690 1522 3920688 8791044
1757719691 1522 3920688 8791044
1757719692 1522 3920688 8791044
1757719693 1522 3921072 8791044
1757719695 1522 3921840 8791044
1757719696 1522 3922608 8791044
1757719697 1523 3922992 8791044
1757719698 1523 3923760 8791044
1757719699 1523 3924528 8791044
1757719700 1523 3925424 8791044
1757719701 1523 3925808 8791044
1757719702 1523 3926576 8791044
1757719703 1523 3926960 8791044
1757719704 1523 3926960 8791044
1757719705 1522 3926960 8791044
1757719706 1522 3927344 8791044
1757719707 1522 3927728 8791044
1757719708 1522 3928496 8791044
1757719709 1522 3928880 8791044
1757719711 1522 3928880 8791044
1757719712 1522 3928880 8791044
1757719713 1522 3929264 8791044
1757719714 1523 3930032 8791044
1757719715 1523 3930416 8791044
1757719716 1523 3931184 8791044
1757719717 1523 3931568 8791044
1757719718 1523 3932336 8791044
1757719719 1523 3933104 8791044
1757719720 1522 3933488 8791044
1757719721 1522 3934384 8791044
1757719722 1522 3934768 8791044
1757719723 1522 3935152 8791044
1757719724 1522 3935152 8791044
1757719726 1523 3935152 8791044
1757719727 1523 3935536 8791044
1757719728 1523 3936304 8791044
1757719729 1523 3937072 8791044
1757719730 1523 3937456 8791044
1757719731 1523 3938224 8791044
1757719732 1523 3938992 8791044
1757719733 1523 3939376 8791044
1757719734 1523 3940144 8791044
1757719735 1523 3940144 8791044
1757719736 1522 3940528 8791044
1757719737 1522 3940528 8791044
1757719738 1522 3940528 8791044
1757719739 1522 3941296 8791044
1757719740 1523 3942064 8791044
1757719742 1523 3942448 8791044
1757719743 1523 3942832 8791044
1757719744 1523 3942832 8791044
1757719745 1523 3942832 8791044
1757719746 1523 3942832 8791044
1757719747 1523 3943600 8791044
1757719748 1523 3943984 8791044
1757719749 1523 3944880 8791044
1757719750 1523 3945264 8791044
1757719751 1523 3946032 8791044
1757719752 1523 3946800 8791044
1757719753 1522 3947184 8791044
1757719754 1522 3947952 8791044
1757719755 1522 3948720 8791044
1757719756 1523 3949104 8791044
1757719757 1523 3949104 8791044
1757719759 1523 3949104 8791044
1757719760 1523 3949104 8791044
1757719761 1523 3949872 8791044
1757719762 1523 3950256 8791044
1757719763 1523 3951152 8791044
1757719764 1523 3951920 8791044
1757719765 1523 3952304 8791044
1757719766 1523 3953072 8791044
1757719767 1523 3953072 8791044
1757719768 1523 3953456 8791044
1757719769 1522 3953456 8791044
1757719770 1522 3954224 8791044
1757719771 1522 3954608 8791044
1757719772 1522 3954992 8791044
1757719774 1523 3955376 8791044
1757719775 1523 3955760 8791044
1757719776 1523 3956144 8791044
1757719777 1523 3956144 8791044
1757719778 1523 3956144 8791044
1757719779 1523 3956528 8791044
1757719780 1523 3957424 8791044
1757719781 1523 3957808 8791044
1757719782 1523 3958576 8791044
1757719783 1523 3959344 8791044
1757719784 1522 3960112 8791044
1757719785 1522 3960496 8791044
1757719786 1523 3961392 8791044
1757719787 1523 3961776 8791044
1757719788 1523 3962544 8791044
1757719790 1523 3962928 8791044
1757719791 1523 3962928 8791044
1757719792 1523 3962928 8791044
1757719793 1523 3963312 8791044
1757719794 1523 3964080 8791044
1757719795 1523 3964464 8791044
1757719796 1523 3965232 8791044
1757719797 1523 3965616 8791044
1757719798 1523 3965616 8791044
1757719799 1523 3966000 8791044
1757719800 1522 3966000 8791044
1757719801 1522 3966768 8791044
1757719802 1522 3967152 8791044
1757719803 1523 3967920 8791044
1757719804 1523 3967920 8791044
1757719806 1523 3968688 8791044
1757719807 1523 3969072 8791044
1757719808 1523 3969840 8791044
1757719809 1523 3970224 8791044
1757719810 1523 3970224 8791044
1757719811 1523 3970224 8791044
1757719812 1523 3970608 8791044
1757719813 1523 3971376 8791044
1757719814 1523 3971760 8791044
1757719815 1522 3972656 8791044
1757719816 1523 3973424 8791044
1757719817 1523 3974192 8791044
1757719818 1523 3974576 8791044
1757719819 1523 3975344 8791044
1757719821 1523 3975728 8791044
1757719822 1523 3976624 8791044
1757719823 1523 3977008 8791044
1757719824 1523 3977008 8791044
1757719825 1523 3977008 8791044
1757719826 1523 3977392 8791044
1757719827 1523 3978160 8791044
1757719828 1523 3978544 8791044
1757719829 1524 3978544 8791044
1757719830 1523 3978544 8791044
1757719831 1522 3978544 8791044
1757719832 1523 3978928 8791044
1757719833 1523 3979312 8791044
1757719834 1523 3979696 8791044
1757719835 1523 3980080 8791044
1757719837 1523 3980464 8791044
1757719838 1523 3980848 8791044
1757719839 1523 3981616 8791044
1757719840 1523 3982384 8791044
1757719841 1523 3982768 8791044
1757719842 1523 3983152 8791044
1757719843 1523 3983152 8791044
1757719844 1523 3983152 8791044
1757719845 1523 3983536 8791044
1757719846 1523 3984432 8791044
1757719847 1523 3985200 8791044
1757719848 1523 3985968 8791044
1757719849 1523 3986352 8791044
1757719850 1523 3987120 8791044
1757719851 1523 3987504 8791044
1757719853 1523 3988272 8791044
1757719854 1523 3988656 8791044
1757719855 1523 3989424 8791044
1757719856 1523 3990192 8791044
1757719857 1523 3990192 8791044
1757719858 1523 3990192 8791044
1757719859 1523 3990192 8791044
1757719860 1523 3990192 8791044
1757719861 1523 3990576 8791044
1757719862 1522 3990576 8791044
1757719863 1523 3991344 8791044
1757719864 1523 3991728 8791044
1757719865 1523 3992624 8791044
1757719867 1523 3993008 8791044
1757719868 1523 3993392 8791044
1757719869 1523 3993904 8791044
1757719870 1523 3994672 8791044
1757719871 1523 3995440 8791044
1757719872 1523 3996208 8791044
1757719873 1523 3996592 8791044
1757719874 1524 3997360 8791044
1757719875 1524 3997360 8791044
1757719876 1524 3997360 8791044
1757719877 1523 3997360 8791044
1757719878 1523 3998128 8791044
1757719879 1523 3998896 8791044
1757719880 1523 3999664 8791044
1757719882 1523 4000048 8791044
1757719883 1523 4000816 8791044
1757719884 1523 4001712 8791044
1757719885 1523 4002096 8791044
1757719886 1524 4002864 8791044
1757719887 1524 4003248 8791044
1757719888 1524 4004016 8791044
1757719889 1524 4004400 8791044
1757719890 1524 4004400 8791044
1757719891 1524 4004400 8791044
1757719892 1523 4004400 8791044
1757719893 1523 4004784 8791044
1757719894 1523 4005168 8791044
1757719895 1523 4005936 8791044
1757719897 1523 4006320 8791044
1757719898 1523 4007088 8791044
1757719899 1523 4007088 8791044
1757719900 1523 4007856 8791044
1757719901 1523 4008624 8791044
1757719902 1523 4009008 8791044
1757719903 1524 4009776 8791044
1757719904 1524 4010672 8791044
1757719905 1524 4011056 8791044
1757719906 1524 4011824 8791044
1757719907 1523 4012592 8791044
1757719908 1523 4012592 8791044
1757719909 1523 4012592 8791044
1757719910 1523 4012592 8791044
1757719911 1523 4013360 8791044
1757719913 1523 4014128 8791044
1757719914 1523 4014512 8791044
1757719915 1524 4015280 8791044
1757719916 1524 4016048 8791044
1757719917 1524 4016432 8791044
1757719918 1524 4017328 8791044
1757719919 1524 4017712 8791044
1757719920 1524 4018480 8791044
1757719921 1524 4019248 8791044
1757719922 1523 4019248 8791044
1757719923 1523 4019248 8791044
1757719924 1523 4019248 8791044
1757719925 1523 4019248 8791044
1757719927 1523 4020016 8791044
1757719928 1523 4020784 8791044
1757719929 1523 4021168 8791044
1757719930 1523 4021168 8791044
1757719931 1523 4021936 8791044
1757719932 1524 4022704 8791044
1757719933 1524 4023472 8791044
1757719934 1524 4023856 8791044
1757719935 1524 4024624 8791044
1757719936 1524 4025008 8791044
1757719937 1523 4025776 8791044
1757719938 1523 4026544 8791044
1757719939 1523 4026928 8791044
1757719940 1523 4027696 8791044
1757719941 1523 4027696 8791044
1757719943 1523 4027696 8791044
1757719944 1523 4028080 8791044
1757719945 1524 4028848 8791044
1757719946 1524 4029232 8791044
1757719947 1524 4030000 8791044
1757719948 1524 4030384 8791044
1757719949 1524 4031152 8791044
1757719950 1524 4031536 8791044
1757719951 1524 4032304 8791044
1757719952 1523 4033072 8791044
1757719953 1523 4033072 8791044
1757719954 1523 4033072 8791044
1757719955 1523 4033456 8791044
1757719956 1523 4033456 8791044
1757719958 1523 4033456 8791044
1757719959 1523 4033456 8791044
1757719960 1523 4033456 8791044
1757719961 1523 4033456 8791044
1757719962 1523 4033840 8791044
1757719963 1524 4034608 8791044
1757719964 1524 4035376 8791044
1757719965 1524 4035760 8791044
1757719966 1524 4036528 8791044
1757719967 1524 4037296 8791044
1757719968 1523 4038192 8791044
1757719969 1523 4038576 8791044
1757719970 1523 4039344 8791044
1757719971 1523 4039728 8791044
1757719972 1524 4040496 8791044
1757719974 1524 4040880 8791044
1757719975 1524 4040880 8791044
1757719976 1524 4040880 8791044
1757719977 1524 4041264 8791044
1757719978 1524 4042032 8791044
1757719979 1524 4042416 8791044
1757719980 1524 4043184 8791044
1757719981 1524 4043952 8791044
1757719982 1524 4044336 8791044
1757719983 1524 4045232 8791044
1757719984 1523 4045616 8791044
1757719985 1523 4045616 8791044
1757719986 1523 4046000 8791044
1757719987 1523 4046000 8791044
1757719988 1523 4046384 8791044
1757719990 1523 4046384 8791044
1757719991 1523 4046384 8791044
1757719992 1523 4046384 8791044
1757719993 1523 4047152 8791044
1757719994 1524 4047920 8791044
1757719995 1524 4048304 8791044
1757719996 1524 4049072 8791044
1757719997 1524 4049456 8791044
1757719998 1524 4050224 8791044
1757719999 1524 4050992 8791044
1757720000 1523 4051376 8791044
1757720001 1523 4052272 8791044
1757720002 1523 4053040 8791044
1757720003 1524 4053808 8791044
1757720005 1524 4054192 8791044
1757720006 1524 4054960 8791044
1757720007 1524 4054960 8791044
1757720008 1524 4054960 8791044
1757720009 1524 4054960 8791044
1757720010 1524 4055728 8791044
1757720011 1524 4056112 8791044
1757720012 1524 4056880 8791044
1757720013 1524 4057648 8791044
1757720014 1524 4058416 8791044
1757720015 1524 4058800 8791044
1757720016 1523 4058800 8791044
1757720017 1523 4059184 8791044
1757720018 1523 4059184 8791044
1757720020 1524 4059952 8791044
1757720021 1524 4060336 8791044
1757720022 1524 4060336 8791044
1757720023 1524 4060336 8791044
1757720024 1524 4060336 8791044
1757720025 1524 4060336 8791044
1757720026 1524 4061104 8791044
1757720027 1524 4061872 8791044
1757720028 1524 4062256 8791044
1757720029 1524 4063152 8791044
1757720030 1523 4063536 8791044
1757720031 1523 4064304 8791044
1757720032 1523 4065072 8791044
1757720033 1524 4065456 8791044
1757720034 1524 4065840 8791044
1757720036 1524 4066608 8791044
1757720037 1524 4067376 8791044
1757720038 1524 4068144 8791044
1757720039 1524 4068528 8791044
1757720040 1524 4068528 8791044
1757720041 1524 4068528 8791044
1757720042 1524 4068912 8791044
1757720043 1524 4069296 8791044
1757720044 1524 4070064 8791044
1757720045 1524 4070832 8791044
1757720046 1524 4071216 8791044
1757720047 1524 4071216 8791044
1757720048 1524 4071216 8791044
1757720049 1524 4071216 8791044
1757720050 1524 4071984 8791044
1757720052 1524 4072368 8791044
1757720053 1524 4072752 8791044
1757720054 1524 4073136 8791044
1757720055 1524 4073904 8791044
1757720056 1524 4073904 8791044
1757720057 1524 4073904 8791044
1757720058 1524 4073904 8791044
1757720059 1524 4074672 8791044
1757720060 1524 4075056 8791044
1757720061 1523 4075952 8791044
1757720062 1524 4076720 8791044
1757720063 1524 4077104 8791044
1757720064 1524 4077872 8791044
1757720065 1524 4078256 8791044
1757720067 1524 4079024 8791044
1757720068 1524 4079792 8791044
1757720069 1524 4080176 8791044
1757720070 1524 4080560 8791044
1757720071 1524 4081328 8791044
1757720072 1524 4082096 8791044
1757720073 1524 4082096 8791044
1757720074 1524 4082096 8791044
1757720075 1524 4082480 8791044
1757720076 1524 4082864 8791044
1757720077 1524 4083376 8791044
1757720078 1524 4083888 8791044
1757720079 1524 4083888 8791044
1757720080 1524 4083888 8791044
1757720082 1524 4084272 8791044
1757720083 1524 4085168 8791044
1757720084 1524 4085168 8791044
1757720085 1524 4085936 8791044
1757720086 1524 4086704 8791044
1757720087 1524 4087088 8791044
1757720088 1524 4087856 8791044
1757720089 1524 4087856 8791044
1757720090 1524 4087856 8791044
1757720091 1523 4087856 8791044
1757720092 1524 4088624 8791044
1757720093 1524 4089392 8791044
1757720094 1524 4089776 8791044
1757720095 1524 4090544 8791044
1757720097 1524 4091312 8791044
1757720098 1524 4092080 8791044
1757720099 1524 4092464 8791044
1757720100 1524 4093232 8791044
1757720101 1524 4093616 8791044
1757720102 1524 4094384 8791044
1757720103 1524 4094768 8791044
1757720104 1525 4095536 8791044
1757720105 1525 4095920 8791044
1757720106 1524 4095920 8791044
1757720107 1524 4095920 8791044
1757720108 1524 4095920 8791044
1757720109 1524 4095920 8791044
1757720110 1524 4095920 8791044
1757720111 1524 4096304 8791044
1757720113 1524 4096688 8791044
1757720114 1524 4097456 8791044
1757720115 1524 4097840 8791044
1757720116 1524 4098224 8791044
1757720117 1524 4098608 8791044
1757720118 1524 4099376 8791044
1757720119 1524 4099760 8791044
1757720120 1524 4100528 8791044
1757720121 1524 4101296 8791044
1757720122 1524 4101296 8791044
1757720123 1524 4101296 8791044
1757720124 1524 4101296 8791044
1757720125 1524 4102064 8791044
1757720126 1524 4102448 8791044
1757720128 1524 4103216 8791044
1757720129 1524 4103600 8791044
1757720130 1524 4104368 8791044
1757720131 1524 4105136 8791044
1757720132 1524 4105520 8791044
1757720133 1524 4106288 8791044
1757720134 1524 4107056 8791044
1757720135 1525 4107824 8791044
1757720136 1525 4108208 8791044
1757720137 1524 4108976 8791044
1757720138 1524 4109360 8791044
1757720139 1524 4109360 8791044
1757720140 1524 4109360 8791044
1757720141 1524 4109360 8791044
1757720143 1524 4109360 8791044
1757720144 1524 4109744 8791044
1757720145 1524 4110512 8791044
1757720146 1524 4110896 8791044
1757720147 1524 4110896 8791044
1757720148 1524 4111664 8791044
1757720149 1524 4112048 8791044
1757720150 1524 4112944 8791044
1757720151 1524 4113712 8791044
1757720152 1524 4114096 8791044
1757720153 1524 4114864 8791044
1757720154 1524 4115248 8791044
1757720155 1524 4115632 8791044
1757720156 1524 4115632 8791044
1757720158 1524 4115632 8791044
1757720159 1524 4116016 8791044
1757720160 1524 4116784 8791044
1757720161 1524 4117552 8791044
1757720162 1524 4117936 8791044
1757720163 1524 4118704 8791044
1757720164 1524 4119088 8791044
1757720165 1525 4119856 8791044
1757720166 1525 4120240 8791044
1757720167 1525 4121008 8791044
1757720168 1524 4121776 8791044
1757720169 1524 4122160 8791044
1757720170 1524 4123056 8791044
1757720171 1524 4123056 8791044
1757720172 1524 4123056 8791044
1757720174 1524 4123056 8791044
1757720175 1524 4123568 8791044
1757720176 1524 4123952 8791044
1757720177 1524 4124720 8791044
1757720178 1524 4124720 8791044
1757720179 1524 4125488 8791044
1757720180 1524 4125872 8791044
1757720181 1524 4126768 8791044
1757720182 1525 4127536 8791044
1757720183 1524 4127920 8791044
1757720184 1524 4128816 8791044
1757720185 1524 4129200 8791044
1757720186 1524 4129968 8791044
1757720187 1524 4130736 8791044
1757720189 1524 4130736 8791044
1757720190 1524 4130736 8791044
1757720191 1524 4130736 8791044
1757720192 1524 4131120 8791044
1757720193 1524 4131888 8791044
1757720194 1524 4132656 8791044
1757720195 1525 4133040 8791044
1757720196 1525 4133808 8791044
1757720197 1525 4134192 8791044
1757720198 1524 4135088 8791044
1757720199 1524 4135472 8791044
1757720200 1524 4136240 8791044
1757720201 1524 4136624 8791044
1757720202 1524 4137008 8791044
1757720204 1524 4137008 8791044
1757720205 1524 4137008 8791044
1757720206 1524 4137008 8791044
1757720207 1524 4137008 8791044
1757720208 1524 4137008 8791044
1757720209 1524 4137392 8791044
1757720210 1524 4138160 8791044
1757720211 1524 4138544 8791044
1757720212 1525 4139440 8791044
1757720213 1524 4139824 8791044
1757720214 1524 4140592 8791044
1757720215 1524 4141360 8791044
1757720216 1524 4141744 8791044
1757720217 1524 4142512 8791044
1757720219 1524 4143280 8791044
1757720220 1524 4144048 8791044
1757720221 1524 4144432 8791044
1757720222 1524 4144432 8791044
1757720223 1524 4144432 8791044
1757720224 1524 4144432 8791044
1757720225 1525 4145200 8791044
1757720226 1525 4145584 8791044
1757720227 1525 4146352 8791044
1757720228 1525 4147120 8791044
1757720229 1524 4147888 8791044
1757720230 1524 4148272 8791044
1757720231 1524 4149040 8791044
1757720232 1524 4149424 8791044
1757720233 1524 4149808 8791044
1757720235 1524 4149808 8791044
1757720236 1524 4149808 8791044
1757720237 1524 4149808 8791044
1757720238 1524 4150192 8791044
1757720239 1524 4150192 8791044
1757720240 1524 4150192 8791044
1757720241 1524 4150576 8791044
1757720242 1524 4151344 8791044
1757720243 1525 4152240 8791044
1757720244 1525 4152624 8791044
1757720245 1524 4153392 8791044
1757720246 1524 4153776 8791044
1757720247 1524 4154544 8791044
1757720248 1524 4155312 8791044
1757720249 1524 4155696 8791044
1757720251 1524 4156464 8791044
1757720252 1524 4157232 8791044
1757720253 1524 4158000 8791044
1757720254 1525 4158384 8791044
1757720255 1525 4158384 8791044
1757720256 1525 4158384 8791044
1757720257 1525 4158384 8791044
1757720258 1525 4158768 8791044
1757720259 1525 4159536 8791044
1757720260 1524 4160304 8791044
1757720261 1524 4161072 8791044
1757720262 1524 4161456 8791044
1757720263 1524 4162224 8791044
1757720264 1524 4162224 8791044
1757720266 1524 4162224 8791044
1757720267 1524 4162608 8791044
1757720268 1524 4162992 8791044
1757720269 1524 4163760 8791044
1757720270 1524 4163760 8791044
1757720271 1524 4163760 8791044
1757720272 1524 4163760 8791044
1757720273 1524 4164144 8791044
1757720274 1525 4164528 8791044
1757720275 1525 4165424 8791044
1757720276 1524 4165808 8791044
1757720277 1524 4166576 8791044
1757720278 1524 4167344 8791044
1757720279 1524 4167728 8791044
1757720280 1524 4168496 8791044
1757720282 1524 4168880 8791044
1757720283 1524 4169648 8791044
1757720284 1524 4170416 8791044
1757720285 1525 4170928 8791044
1757720286 1525 4171696 8791044
1757720287 1525 4172464 8791044
1757720288 1525 4172464 8791044
1757720289 1525 4172464 8791044
1757720290 1525 4172464 8791044
1757720291 1525 4172848 8791044
1757720292 1524 4173616 8791044
1757720293 1524 4174000 8791044
1757720294 1524 4174896 8791044
1757720295 1524 4175280 8791044
1757720296 1524 4175280 8791044
1757720298 1524 4175280 8791044
1757720299 1524 4175664 8791044
1757720300 1524 4176432 8791044
1757720301 1524 4176432 8791044
1757720302 1524 4176816 8791044
1757720303 1524 4177200 8791044
1757720304 1524 4177200 8791044
1757720305 1525 4177200 8791044
1757720306 1525 4177584 8791044
1757720307 1524 4177968 8791044
1757720308 1524 4178864 8791044
1757720309 1524 4179632 8791044
1757720310 1524 4180016 8791044
1757720311 1524 4180784 8791044
1757720313 1524 4181168 8791044
1757720314 1524 4181936 8791044
1757720315 1524 4182704 8791044
1757720316 1525 4183088 8791044
1757720317 1525 4183856 8791044
1757720318 1525 4184624 8791044
1757720319 1525 4185008 8791044
1757720320 1525 4185776 8791044
1757720321 1525 4186288 8791044
1757720322 1525 4186288 8791044
1757720323 1524 4186288 8791044
1757720324 1524 4186288 8791044
1757720325 1524 4187056 8791044
1757720326 1524 4187440 8791044
1757720327 1524 4187440 8791044
1757720329 1524 4187440 8791044
1757720330 1524 4187440 8791044
1757720331 1524 4188208 8791044
1757720332 1524 4188592 8791044
1757720333 1524 4188592 8791044
1757720334 1524 4189360 8791044
1757720335 1525 4190128 8791044
1757720336 1525 4190512 8791044
1757720337 1525 4190512 8791044
1757720338 1525 4190512 8791044
1757720339 1524 4190512 8791044
1757720340 1524 4191280 8791044
1757720341 1524 4192048 8791044
1757720342 1524 4192432 8791044
1757720344 1524 4193200 8791044
1757720345 1524 4193584 8791044
1757720346 1524 4194480 8791044
1757720347 1524 4195248 8791044
1757720348 1525 4195632 8791044
1757720349 1525 4196400 8791044
1757720350 1525 4196784 8791044
1757720351 1525 4197552 8791044
1757720352 1525 4197936 8791044
1757720353 1525 4198704 8791044
1757720354 1524 4199088 8791044
1757720355 1524 4199088 8791044
1757720356 1524 4199088 8791044
1757720357 1524 4199472 8791044
1757720358 1524 4199472 8791044
1757720360 1524 4199472 8791044
1757720361 1524 4199472 8791044
1757720362 1524 4200240 8791044
1757720363 1524 4200624 8791044
1757720364 1524 4200624 8791044
1757720365 1524 4201392 8791044
1757720366 1525 4202160 8791044
1757720367 1525 4202544 8791044
1757720368 1525 4203312 8791044
1757720369 1525 4204080 8791044
1757720370 1524 4204080 8791044
1757720371 1524 4204080 8791044
1757720372 1524 4204080 8791044
1757720373 1524 4204848 8791044
1757720374 1524 4205232 8791044
1757720376 1524 4206000 8791044
1757720377 1524 4206768 8791044
1757720378 1524 4207152 8791044
1757720379 1525 4207920 8791044
1757720380 1525 4208816 8791044
1757720381 1525 4209200 8791044
1757720382 1525 4209968 8791044
1757720383 1525 4210352 8791044
1757720384 1525 4211120 8791044
1757720385 1525 4211504 8791044
1757720386 1524 4212272 8791044
1757720387 1524 4212656 8791044
1757720388 1524 4212656 8791044
1757720389 1524 4212656 8791044
1757720391 1524 4212656 8791044
1757720392 1524 4212656 8791044
1757720393 1524 4213424 8791044
1757720394 1524 4213808 8791044
1757720395 1524 4214192 8791044
1757720396 1525 4214576 8791044
1757720397 1525 4214960 8791044
1757720398 1525 4215728 8791044
1757720399 1525 4216496 8791044
1757720400 1525 4216880 8791044
1757720401 1524 4217648 8791044
1757720402 1524 4217648 8791044
1757720403 1524 4217648 8791044
1757720404 1524 4217648 8791044
1757720405 1524 4218032 8791044
1757720407 1524 4218800 8791044
1757720408 1524 4219184 8791044
1757720409 1525 4219952 8791044
1757720410 1525 4220848 8791044
1757720411 1525 4221232 8791044
1757720412 1525 4222000 8791044
1757720413 1525 4222768 8791044
1757720414 1525 4223152 8791044
1757720415 1525 4223920 8791044
1757720416 1524 4224304 8791044
1757720417 1524 4225072 8791044
1757720418 1524 4225840 8791044
1757720419 1525 4226224 8791044
1757720420 1525 4226608 8791044
1757720422 1524 4226608 8791044
1757720423 1524 4226608 8791044
1757720424 1524 4226992 8791044
1757720425 1525 4227376 8791044
1757720426 1525 4227760 8791044
1757720427 1525 4228272 8791044
1757720428 1525 4228656 8791044
1757720429 1525 4229424 8791044
1757720430 1525 4229808 8791044
1757720431 1524 4230576 8791044
1757720432 1524 4231344 8791044
1757720433 1524 4231728 8791044
1757720434 1524 4232496 8791044
1757720435 1524 4232880 8791044
1757720437 1524 4232880 8791044
1757720438 1524 4232880 8791044
1757720439 1525 4233264 8791044
1757720440 1525 4233648 8791044
1757720441 1525 4234416 8791044
1757720442 1525 4235312 8791044
1757720443 1525 4235696 8791044
1757720444 1525 4236464 8791044
1757720445 1525 4237232 8791044
1757720446 1524 4237616 8791044
1757720447 1524 4238384 8791044
1757720448 1524 4239152 8791044
1757720449 1525 4239536 8791044
1757720450 1525 4240304 8791044
1757720452 1525 4240304 8791044
1757720453 1525 4240688 8791044
1757720454 1525 4240688 8791044
1757720455 1525 4240688 8791044
1757720456 1525 4240688 8791044
1757720457 1525 4240688 8791044
1757720458 1525 4240688 8791044
1757720459 1525 4241456 8791044
1757720460 1525 4242224 8791044
1757720461 1525 4242608 8791044
1757720462 1524 4243376 8791044
1757720463 1524 4243760 8791044
1757720464 1524 4244528 8791044
1757720465 1524 4245296 8791044
1757720466 1525 4246064 8791044
1757720468 1525 4246448 8791044
1757720469 1525 4246832 8791044
1757720470 1525 4246832 8791044
1757720471 1525 4246832 8791044
1757720472 1525 4247216 8791044
1757720473 1525 4247984 8791044
1757720474 1525 4248368 8791044
1757720475 1525 4249264 8791044
1757720476 1525 4250032 8791044
1757720477 1524 4250416 8791044
1757720478 1525 4251184 8791044
1757720479 1525 4251568 8791044
1757720480 1525 4252336 8791044
1757720481 1525 4252720 8791044
1757720483 1525 4253488 8791044
1757720484 1525 4253488 8791044
1757720485 1525 4253488 8791044
1757720486 1525 4253488 8791044
1757720487 1525 4253872 8791044
1757720488 1525 4253872 8791044
1757720489 1525 4253872 8791044
1757720490 1525 4254256 8791044
1757720491 1525 4254768 8791044
1757720492 1525 4255536 8791044
1757720493 1524 4256304 8791044
1757720494 1524 4256688 8791044
1757720495 1524 4257456 8791044
1757720496 1525 4258224 8791044
1757720497 1525 4258992 8791044
1757720499 1525 4259376 8791044
1757720500 1525 4260144 8791044
1757720501 1525 4260528 8791044
1757720502 1525 4260528 8791044
1757720503 1525 4260528 8791044
1757720504 1525 4260528 8791044
1757720505 1525 4261296 8791044
1757720506 1525 4262064 8791044
1757720507 1525 4262448 8791044
1757720508 1525 4263344 8791044
1757720509 1525 4264112 8791044
1757720510 1525 4264496 8791044
1757720511 1525 4265264 8791044
1757720512 1525 4265648 8791044
1757720513 1525 4266416 8791044
1757720515 1525 4266416 8791044
1757720516 1525 4266416 8791044
1757720517 1525 4266800 8791044
1757720518 1525 4267568 8791044
1757720519 1525 4267952 8791044
1757720520 1525 4267952 8791044
1757720521 1525 4267952 8791044
1757720522 1525 4267952 8791044
1757720523 1525 4268336 8791044
1757720524 1524 4268720 8791044
1757720525 1524 4269488 8791044
1757720526 1524 4269872 8791044
1757720527 1525 4270640 8791044
1757720528 1525 4271152 8791044
1757720530 1525 4271920 8791044
1757720531 1525 4272688 8791044
1757720532 1525 4273072 8791044
1757720533 1525 4273840 8791044
1757720534 1525 4274224 8791044
1757720535 1525 4274608 8791044
1757720536 1525 4274608 8791044
1757720537 1525 4274608 8791044
1757720538 1525 4274992 8791044
1757720539 1525 4275888 8791044
1757720540 1525 4276272 8791044
1757720541 1525 4277040 8791044
1757720542 1525 4277808 8791044
1757720543 1525 4278576 8791044
1757720545 1525 4278960 8791044
1757720546 1525 4278960 8791044
1757720547 1525 4278960 8791044
1757720548 1525 4278960 8791044
1757720549 1525 4279728 8791044
1757720550 1525 4280112 8791044
1757720551 1525 4280112 8791044
1757720552 1525 4280496 8791044
1757720553 1525 4281264 8791044
1757720554 1524 4281264 8791044
1757720555 1524 4281264 8791044
1757720556 1524 4281648 8791044
1757720557 1525 4282032 8791044
1757720558 1525 4282928 8791044
1757720560 1525 4283312 8791044
1757720561 1525 4284080 8791044
1757720562 1525 4284464 8791044
1757720563 1525 4285232 8791044
1757720564 1525 4285616 8791044
1757720565 1525 4286384 8791044
1757720566 1525 4287152 8791044
1757720567 1525 4287536 8791044
1757720568 1525 4287536 8791044
1757720569 1525 4287536 8791044
1757720570 1525 4287920 8791044
1757720571 1525 4288304 8791044
1757720572 1525 4289072 8791044
1757720573 1525 4289840 8791044
1757720575 1525 4290736 8791044
1757720576 1525 4291120 8791044
1757720577 1525 4291120 8791044
1757720578 1525 4291120 8791044
1757720579 1525 4291632 8791044
1757720580 1525 4292016 8791044
1757720581 1525 4292784 8791044
1757720582 1525 4292784 8791044
1757720583 1525 4293168 8791044
1757720584 1525 4293936 8791044
1757720585 1525 4294448 8791044
1757720586 1525 4295216 8791044
1757720587 1525 4295216 8791044
1757720588 1525 4295216 8791044
1757720590 1525 4295216 8791044
1757720591 1525 4295600 8791044
1757720592 1525 4296368 8791044
1757720593 1525 4297264 8791044
1757720594 1525 4297648 8791044
1757720595 1525 4298416 8791044
1757720596 1525 4299184 8791044
1757720597 1525 4299568 8791044
1757720598 1525 4300336 8791044
1757720599 1525 4300720 8791044
1757720600 1525 4301488 8791044
1757720601 1525 4301488 8791044
1757720602 1525 4301488 8791044
1757720603 1525 4301872 8791044
1757720604 1525 4302256 8791044
1757720606 1525 4303024 8791044
1757720607 1525 4303408 8791044
1757720608 1525 4303408 8791044
1757720609 1525 4303408 8791044
1757720610 1525 4303408 8791044
1757720611 1525 4304176 8791044
1757720612 1525 4304560 8791044
1757720613 1525 4304560 8791044
1757720614 1525 4305328 8791044
1757720615 1525 4306096 8791044
1757720616 1525 4306480 8791044
1757720617 1525 4307376 8791044
1757720618 1525 4307760 8791044
1757720620 1525 4308528 8791044
1757720621 1525 4308528 8791044
1757720622 1525 4308528 8791044
1757720623 1525 4308528 8791044
1757720624 1525 4309424 8791044
1757720625 1525 4310192 8791044
1757720626 1525 4310576 8791044
1757720627 1525 4311344 8791044
1757720628 1525 4312112 8791044
1757720629 1525 4312880 8791044
1757720630 1525 4313264 8791044
1757720631 1525 4314032 8791044
1757720632 1525 4314416 8791044
1757720633 1525 4314800 8791044
1757720634 1525 4314800 8791044
1757720636 1525 4314800 8791044
1757720637 1525 4315184 8791044
1757720638 1525 4315952 8791044
1757720639 1525 4315952 8791044
1757720640 1525 4315952 8791044
1757720641 1525 4316336 8791044
1757720642 1525 4316720 8791044
1757720643 1525 4317488 8791044
1757720644 1525 4317488 8791044
1757720645 1525 4317488 8791044
1757720646 1525 4318256 8791044
1757720647 1525 4319024 8791044
1757720648 1525 4319408 8791044
1757720649 1525 4320176 8791044
1757720651 1525 4320944 8791044
1757720652 1525 4321456 8791044
1757720653 1525 4322224 8791044
1757720654 1525 4322224 8791044
1757720655 1525 4322224 8791044
1757720656 1525 4322224 8791044
1757720657 1525 4322992 8791044
1757720658 1525 4323376 8791044
1757720659 1525 4324144 8791044
1757720660 1525 4324528 8791044
1757720661 1525 4325296 8791044
1757720662 1525 4326064 8791044
1757720663 1525 4326832 8791044
1757720664 1525 4327216 8791044
1757720666 1525 4327984 8791044
1757720667 1525 4327984 8791044
1757720668 1525 4327984 8791044
1757720669 1525 4327984 8791044
1757720670 1525 4328368 8791044
1757720671 1525 4328368 8791044
1757720672 1525 4328368 8791044
1757720673 1525 4328752 8791044
1757720674 1525 4329136 8791044
1757720675 1525 4329520 8791044
1757720676 1525 4329520 8791044
1757720677 1525 4330288 8791044
1757720678 1525 4331056 8791044
1757720679 1525 4331440 8791044
1757720680 1525 4332208 8791044
1757720682 1525 4332720 8791044
1757720683 1525 4333488 8791044
1757720684 1525 4333872 8791044
1757720685 1525 4334640 8791044
1757720686 1525 4335408 8791044
1757720687 1525 4335408 8791044
1757720688 1525 4335408 8791044
1757720689 1525 4335408 8791044
1757720690 1525 4336176 8791044
1757720691 1525 4336560 8791044
1757720692 1525 4337456 8791044
1757720693 1525 4337840 8791044
1757720694 1525 4338608 8791044
1757720695 1525 4338992 8791044
1757720697 1525 4339760 8791044
1757720698 1525 4340528 8791044
1757720699 1525 4341296 8791044
1757720700 1525 4341296 8791044
1757720701 1525 4341296 8791044
1757720702 1525 4341296 8791044
1757720703 1525 4341296 8791044
1757720704 1525 4341296 8791044
1757720705 1525 4341680 8791044
1757720706 1525 4342064 8791044
1757720707 1525 4342064 8791044
1757720708 1525 4342832 8791044
1757720709 1525 4343600 8791044
1757720710 1525 4343984 8791044
1757720711 1525 4344752 8791044
1757720713 1525 4345520 8791044
1757720714 1525 4346288 8791044
1757720715 1525 4346672 8791044
1757720716 1525 4347568 8791044
1757720717 1525 4347952 8791044
1757720718 1525 4348720 8791044
1757720719 1525 4349104 8791044
1757720720 1525 4349104 8791044
1757720721 1525 4349104 8791044
1757720722 1525 4349488 8791044
1757720723 1525 4349872 8791044
1757720724 1525 4350640 8791044
1757720725 1525 4351408 8791044
1757720726 1525 4351792 8791044
1757720727 1525 4352688 8791044
1757720729 1525 4353072 8791044
1757720730 1525 4353840 8791044
1757720731 1525 4354608 8791044
1757720732 1525 4354992 8791044
1757720733 1525 4354992 8791044
1757720734 1525 4354992 8791044
1757720735 1525 4354992 8791044
1757720736 1525 4355376 8791044
1757720737 1525 4355760 8791044
1757720738 1525 4356272 8791044
1757720739 1525 4356656 8791044
1757720740 1525 4357040 8791044
1757720741 1525 4357808 8791044
1757720742 1525 4358576 8791044
1757720743 1525 4358960 8791044
1757720745 1525 4359856 8791044
1757720746 1525 4360624 8791044
1757720747 1525 4361392 8791044
1757720748 1525 4361776 8791044
1757720749 1525 4362544 8791044
1757720750 1525 4362928 8791044
1757720751 1525 4363696 8791044
1757720752 1525 4364080 8791044
1757720753 1525 4364080 8791044
1757720754 1525 4364080 8791044
1757720755 1525 4364080 8791044
1757720756 1525 4364848 8791044
1757720757 1525 4365616 8791044
1757720758 1525 4366384 8791044
1757720760 1525 4366768 8791044
1757720761 1525 4367536 8791044
1757720762 1525 4367920 8791044
1757720763 1525 4368688 8791044
1757720764 1525 4369072 8791044
1757720765 1525 4369072 8791044
1757720766 1525 4369072 8791044
1757720767 1525 4369072 8791044
1757720768 1525 4369072 8791044
1757720769 1525 4369072 8791044
1757720770 1525 4369840 8791044
1757720771 1525 4370224 8791044
1757720772 1525 4371120 8791044
1757720773 1525 4371888 8791044
1757720775 1525 4372272 8791044
1757720776 1525 4373040 8791044
1757720777 1525 4373424 8791044
1757720778 1525 4374192 8791044
1757720779 1525 4374960 8791044
1757720780 1525 4375344 8791044
1757720781 1525 4376112 8791044
1757720782 1525 4376880 8791044
1757720783 1525 4377264 8791044
1757720784 1525 4378032 8791044
1757720785 1525 4378416 8791044
1757720786 1525 4378800 8791044
1757720787 1525 4378800 8791044
1757720788 1525 4378800 8791044
1757720790 1525 4379184 8791044
1757720791 1525 4379952 8791044
1757720792 1525 4380336 8791044
1757720793 1525 4381104 8791044
1757720794 1525 4382000 8791044
1757720795 1525 4382384 8791044
1757720796 1525 4382384 8791044
1757720797 1525 4382384 8791044
1757720798 1525 4382384 8791044
1757720799 1525 4382384 8791044
1757720800 1525 4382384 8791044
1757720801 1525 4382384 8791044
1757720802 1525 4383152 8791044
1757720803 1525 4383920 8791044
1757720804 1525 4384304 8791044
1757720806 1525 4385072 8791044
1757720807 1525 4385840 8791044
1757720808 1525 4386608 8791044
1757720809 1525 4386992 8791044
1757720810 1525 4387760 8791044
1757720811 1525 4388144 8791044
1757720812 1525 4389040 8791044
1757720813 1525 4389424 8791044
1757720814 1525 4390192 8791044
1757720815 1525 4390960 8791044
1757720816 1525 4391344 8791044
1757720817 1525 4392112 8791044
1757720818 1525 4392880 8791044
1757720819 1525 4392880 8791044
1757720820 1525 4392880 8791044
1757720822 1525 4392880 8791044
1757720823 1525 4393264 8791044
1757720824 1525 4394160 8791044
1757720825 1525 4394544 8791044
1757720826 1525 4395312 8791044
1757720827 1525 4395312 8791044
1757720828 1525 4395312 8791044
1757720829 1525 4395696 8791044
1757720830 1525 4396080 8791044
1757720831 1525 4396080 8791044
1757720832 1525 4396080 8791044
1757720833 1525 4396080 8791044
1757720834 1525 4396464 8791044
1757720835 1525 4397232 8791044
1757720837 1525 4397616 8791044
1757720838 1525 4398384 8791044
1757720839 1525 4399152 8791044
1757720840 1525 4399536 8791044
1757720841 1525 4400304 8791044
1757720842 1525 4400816 8791044
1757720843 1525 4401584 8791044
1757720844 1525 4402352 8791044
1757720845 1525 4403120 8791044
1757720846 1525 4403504 8791044
1757720847 1525 4404272 8791044
1757720848 1525 4404656 8791044
1757720849 1525 4405424 8791044
1757720850 1525 4405808 8791044
1757720852 1525 4406576 8791044
1757720853 1525 4406576 8791044
1757720854 1525 4406576 8791044
1757720855 1525 4406576 8791044
1757720856 1525 4407344 8791044
1757720857 1525 4407728 8791044
1757720858 1525 4407728 8791044
1757720859 1525 4408112 8791044
1757720860 1525 4408112 8791044
1757720861 1525 4408496 8791044
1757720862 1525 4408880 8791044
1757720863 1525 4409264 8791044
1757720864 1525 4409648 8791044
1757720865 1525 4409648 8791044
1757720867 1525 4409648 8791044
1757720868 1525 4410032 8791044
1757720869 1525 4410800 8791044
1757720870 1525 4411184 8791044
1757720871 1525 4411952 8791044
1757720872 1525 4412336 8791044
1757720873 1525 4413104 8791044
1757720874 1525 4413872 8791044
1757720875 1525 4414256 8791044
1757720876 1526 4415024 8791044
1757720877 1525 4415920 8791044
1757720878 1525 4416688 8791044
1757720879 1525 4417072 8791044
1757720880 1525 4417840 8791044
1757720882 1525 4418224 8791044
1757720883 1525 4418992 8791044
1757720884 1525 4419376 8791044
1757720885 1525 4420144 8791044
1757720886 1525 4420528 8791044
1757720887 1525 4420528 8791044
1757720888 1525 4420528 8791044
1757720889 1525 4420528 8791044
1757720890 1525 4420528 8791044
1757720891 1525 4420528 8791044
1757720892 1525 4420912 8791044
1757720893 1525 4421424 8791044
1757720894 1525 4421424 8791044
1757720895 1525 4422192 8791044
1757720897 1525 4422960 8791044
1757720898 1525 4422960 8791044
1757720899 1525 4422960 8791044
1757720900 1525 4422960 8791044
1757720901 1525 4423728 8791044
1757720902 1525 4424240 8791044
1757720903 1525 4424880 8791044
1757720904 1525 4425648 8791044
1757720905 1525 4426032 8791044
1757720906 1525 4426800 8791044
1757720907 1525 4427184 8791044
1757720908 1525 4427952 8791044
1757720909 1525 4428720 8791044
1757720910 1525 4429104 8791044
1757720911 1525 4430000 8791044
1757720913 1525 4430768 8791044
1757720914 1525 4431152 8791044
1757720915 1525 4431920 8791044
1757720916 1525 4432688 8791044
1757720917 1525 4433072 8791044
1757720918 1526 4433840 8791044
1757720919 1526 4433840 8791044
1757720920 1526 4433840 8791044
1757720921 1525 4433840 8791044
1757720922 1525 4433840 8791044
1757720923 1525 4434224 8791044
1757720924 1525 4434608 8791044
1757720925 1525 4434608 8791044
1757720926 1525 4435376 8791044
1757720928 1525 4436144 8791044
1757720929 1525 4436656 8791044
1757720930 1525 4437424 8791044
1757720931 1525 4437424 8791044
1757720932 1525 4437424 8791044
1757720933 1525 4437424 8791044
1757720934 1525 4438192 8791044
1757720935 1525 4438960 8791044
1757720936 1525 4439344 8791044
1757720937 1526 4440112 8791044
1757720938 1525 4440496 8791044
1757720939 1525 4441264 8791044
1757720940 1525 4441776 8791044
1757720941 1525 4442544 8791044
1757720942 1525 4443312 8791044
1757720944 1525 4444080 8791044
1757720945 1525 4444464 8791044
1757720946 1525 4445232 8791044
1757720947 1525 4446000 8791044
1757720948 1525 4446384 8791044
1757720949 1526 4447152 8791044
1757720950 1526 4447536 8791044
1757720951 1526 4447920 8791044
1757720952 1526 4447920 8791044
1757720953 1526 4447920 8791044
1757720954 1525 4447920 8791044
1757720955 1525 4448304 8791044
1757720956 1525 4448304 8791044
1757720957 1525 4449072 8791044
1757720959 1525 4449840 8791044
1757720960 1525 4450224 8791044
1757720961 1525 4451120 8791044
1757720962 1525 4451504 8791044
1757720963 1525 4452272 8791044
1757720964 1525 4452272 8791044
1757720965 1525 4452272 8791044
1757720966 1525 4452272 8791044
1757720967 1525 4453040 8791044
1757720968 1525 4453808 8791044
1757720969 1526 4454192 8791044
1757720970 1525 4454960 8791044
1757720971 1525 4455344 8791044
1757720972 1525 4456112 8791044
1757720973 1525 4456880 8791044
1757720975 1525 4457264 8791044
1757720976 1525 4458160 8791044
1757720977 1525 4458928 8791044
1757720978 1525 4459312 8791044
1757720979 1525 4460080 8791044
1757720980 1526 4460464 8791044
1757720981 1526 4461232 8791044
1757720982 1526 4461616 8791044
1757720983 1526 4461616 8791044
1757720984 1526 4462000 8791044
1757720985 1525 4462000 8791044
1757720986 1525 4462000 8791044
1757720987 1525 4462000 8791044
1757720988 1525 4462384 8791044
1757720989 1525 4462768 8791044
1757720991 1525 4463536 8791044
1757720992 1525 4464304 8791044
1757720993 1525 4464688 8791044
1757720994 1525 4465456 8791044
1757720995 1525 4466352 8791044
1757720996 1525 4466736 8791044
1757720997 1525 4466736 8791044
1757720998 1525 4466736 8791044
1757720999 1525 4467120 8791044
1757721000 1525 4467888 8791044
1757721001 1525 4468272 8791044
1757721002 1525 4468656 8791044
1757721003 1525 4469424 8791044
1757721004 1525 4469808 8791044
1757721006 1525 4470576 8791044
1757721007 1525 4470960 8791044
1757721008 1525 4471728 8791044
1757721009 1525 4472496 8791044
1757721010 1525 4473008 8791044
1757721011 1526 4473776 8791044
1757721012 1526 4474544 8791044
1757721013 1526 4474928 8791044
1757721014 1526 4474928 8791044
1757721015 1526 4475312 8791044
1757721016 1525 4475312 8791044
1757721017 1525 4475696 8791044
1757721018 1525 4475696 8791044
1757721019 1525 4475696 8791044
1757721020 1525 4475696 8791044
1757721022 1525 4476080 8791044
1757721023 1525 4476848 8791044
1757721024 1525 4477232 8791044
1757721025 1525 4478000 8791044
1757721026 1525 4478768 8791044
1757721027 1525 4479536 8791044
1757721028 1525 4479920 8791044
1757721029 1526 4480304 8791044
1757721030 1526 4480304 8791044
1757721031 1525 4480304 8791044
1757721032 1525 4480688 8791044
1757721033 1525 4481456 8791044
1757721034 1525 4481840 8791044
1757721035 1525 4482608 8791044
1757721037 1525 4483504 8791044
1757721038 1525 4483888 8791044
1757721039 1525 4484656 8791044
1757721040 1525 4485040 8791044
1757721041 1525 4485808 8791044
1757721042 1526 4486576 8791044
1757721043 1526 4487344 8791044
1757721044 1526 4487728 8791044
1757721045 1526 4487728 8791044
1757721046 1526 4488112 8791044
1757721047 1525 4488112 8791044
1757721048 1525 4488112 8791044
1757721049 1525 4488496 8791044
1757721050 1525 4488880 8791044
1757721051 1525 4489264 8791044
1757721053 1525 4489264 8791044
1757721054 1525 4489264 8791044
1757721055 1525 4489648 8791044
1757721056 1525 4490032 8791044
1757721057 1525 4490800 8791044
1757721058 1525 4491184 8791044
1757721059 1525 4491952 8791044
1757721060 1526 4492336 8791044
1757721061 1526 4493104 8791044
1757721062 1525 4493488 8791044
1757721063 1525 4493488 8791044
1757721064 1525 4493488 8791044
1757721065 1525 4493872 8791044
1757721066 1525 4494640 8791044
1757721068 1525 4495024 8791044
1757721069 1525 4495920 8791044
1757721070 1525 4496688 8791044
1757721071 1525 4497072 8791044
1757721072 1525 4497840 8791044
1757721073 1526 4498736 8791044
1757721074 1526 4499120 8791044
1757721075 1526 4499888 8791044
1757721076 1526 4499888 8791044
1757721077 1526 4499888 8791044
1757721078 1525 4500272 8791044
1757721079 1525 4500656 8791044
1757721080 1525 4500656 8791044
1757721081 1525 4501040 8791044
1757721083 1525 4501424 8791044
1757721084 1525 4502192 8791044
1757721085 1525 4502704 8791044
1757721086 1525 4502704 8791044
1757721087 1525 4502704 8791044
1757721088 1525 4503088 8791044
1757721089 1525 4503472 8791044
1757721090 1525 4504240 8791044
1757721091 1526 4504624 8791044
1757721092 1526 4505392 8791044
1757721093 1525 4506288 8791044
1757721094 1525 4506672 8791044
1757721095 1525 4507056 8791044
1757721096 1525 4507056 8791044
1757721097 1525 4507056 8791044
1757721099 1525 4507824 8791044
1757721100 1525 4508592 8791044
1757721101 1525 4508976 8791044
1757721102 1525 4509744 8791044
1757721103 1526 4510128 8791044
1757721104 1526 4510896 8791044
1757721105 1526 4511280 8791044
1757721106 1526 4512048 8791044
1757721107 1526 4512048 8791044
1757721108 1525 4512432 8791044
1757721109 1525 4512432 8791044
1757721110 1525 4512432 8791044
1757721111 1525 4512816 8791044
1757721112 1525 4513200 8791044
1757721114 1525 4513968 8791044
1757721115 1525 4514352 8791044
1757721116 1525 4515120 8791044
1757721117 1525 4515504 8791044
1757721118 1525 4516272 8791044
1757721119 1525 4516272 8791044
1757721120 1525 4516272 8791044
1757721121 1525 4516272 8791044
1757721122 1526 4517040 8791044
1757721123 1526 4517808 8791044
1757721124 1525 4518192 8791044
1757721125 1525 4518960 8791044
1757721126 1525 4519344 8791044
1757721127 1525 4520240 8791044
1757721128 1525 4520624 8791044
1757721130 1525 4520624 8791044
1757721131 1525 4520624 8791044
1757721132 1525 4521392 8791044
1757721133 1525 4522160 8791044
1757721134 1526 4522544 8791044
1757721135 1526 4523312 8791044
1757721136 1526 4523312 8791044
1757721137 1526 4523312 8791044
1757721138 1526 4523312 8791044
1757721139 1525 4523312 8791044
1757721140 1525 4523312 8791044
1757721141 1525 4523312 8791044
1757721142 1525 4523312 8791044
1757721143 1525 4523312 8791044
1757721145 1525 4523312 8791044
1757721146 1525 4523312 8791044
1757721147 1525 4523312 8791044
1757721148 1525 4523312 8791044
1757721149 1526 4523312 8791044
1757721150 1526 4523312 8791044
1757721151 1526 4523312 8791044
1757721152 1526 4523312 8791044
1757721153 1526 4523312 8791044
1757721154 1525 4523312 8791044
1757721155 1525 4523312 8791044
1757721156 1525 4523312 8791044
1757721157 1525 4523312 8791044
1757721158 1525 4523312 8791044
1757721160 1525 4523312 8791044
1757721161 1525 4523312 8791044
1757721162 1525 4523312 8791044
1757721163 1526 4523312 8791044
1757721164 1526 4523312 8791044
1757721165 1526 4523312 8791044
1757721166 1526 4523312 8791044
1757721167 1526 4523312 8791044
1757721168 1526 4523312 8791044
1757721169 1526 4523312 8791044
1757721170 1525 4523312 8791044
1757721171 1525 4523312 8791044
1757721172 1525 4523312 8791044
1757721173 1525 4523312 8791044
1757721174 1525 4523312 8791044
1757721176 1525 4523312 8791044
1757721177 1525 4523312 8791044
1757721178 1525 4523312 8791044
1757721179 1525 4523312 8791044
1757721180 1525 4523312 8791044
1757721181 1526 4523312 8791044
1757721182 1526 4523312 8791044
1757721183 1526 4523312 8791044
1757721184 1526 4523312 8791044
1757721185 1525 4523312 8791044
1757721186 1525 4523312 8791044
1757721187 1525 4523312 8791044
1757721188 1525 4523312 8791044
1757721189 1525 4523312 8791044
1757721191 1525 4523312 8791044
1757721192 1525 4523312 8791044
1757721193 1526 4523312 8791044
1757721194 1526 4523312 8791044
1757721195 1526 4523312 8791044
1757721196 1526 4523312 8791044
1757721197 1526 4523312 8791044
1757721198 1526 4523312 8791044
1757721199 1526 4523312 8791044
1757721200 1525 4523312 8791044
1757721201 1525 4523312 8791044
1757721202 1525 4523312 8791044
1757721203 1525 4523312 8791044
1757721204 1525 4523312 8791044
1757721206 1525 4523312 8791044
1757721207 1525 4523312 8791044
1757721208 1525 4523312 8791044
1757721209 1525 4523312 8791044
1757721210 1525 4523312 8791044
1757721211 1526 4523312 8791044
1757721212 1526 4523312 8791044
1757721213 1526 4523312 8791044
1757721214 1526 4523312 8791044
1757721215 1526 4523312 8791044
1757721216 1525 4523312 8791044
1757721217 1525 4523312 8791044
1757721218 1525 4523312 8791044
1757721219 1525 4523312 8791044
1757721220 1525 4523312 8791044
1757721222 1525 4523312 8791044
1757721223 1526 4523312 8791044
1757721224 1526 4523312 8791044
1757721225 1526 4523312 8791044
1757721226 1526 4523312 8791044
1757721227 1526 4523312 8791044
1757721228 1526 4523312 8791044
1757721229 1526 4523312 8791044
1757721230 1526 4523312 8791044
1757721231 1525 4523312 8791044
1757721232 1525 4523312 8791044
1757721233 1525 4523312 8791044
1757721234 1525 4523312 8791044
1757721235 1525 4523312 8791044
1757721237 1525 4523312 8791044
1757721238 1525 4523312 8791044
1757721239 1525 4523312 8791044
1757721240 1525 4523312 8791044
1757721241 1526 4523312 8791044
1757721242 1526 4523312 8791044
1757721243 1526 4523312 8791044
1757721244 1526 4523312 8791044
1757721245 1526 4523312 8791044
1757721246 1525 4523312 8791044
1757721247 1525 4523312 8791044
1757721248 1525 4523312 8791044
1757721249 1525 4523312 8791044
1757721250 1525 4523312 8791044
1757721252 1525 4523312 8791044
1757721253 1526 4523312 8791044
1757721254 1526 4523312 8791044
1757721255 1526 4523312 8791044
1757721256 1526 4523312 8791044
1757721257 1526 3166908 5128932
1757721258 1526 3809980 5128932
1757721259 1526 3809980 5128932
1757721260 1525 3809980 5128932
1757721261 1525 3809980 5128932
1757721262 1525 3809980 5128932
1757721263 1525 3809980 5128932
1757721265 1525 3809980 5128932
1757721266 1525 3809980 5128932
1757721267 1525 5726136 8791044
