1757686432  0.0 16000 676480
1757686433  326 513968 1890720
1757686434  750 1404992 3191560
1757686435  962 1305156 4103412
1757686436 1142 1305924 4103412
1757686437 1234 1306820 4103412
1757686438 1312 1307588 4103412
1757686439 1356 1308484 4103412
1757686440 1391 1309380 4103412
1757686441 1423 1310148 4103412
1757686442 1448 1311044 4103412
1757686443 1472 1311940 4103412
1757686444 1373 1312708 4103412
1757686445 1396 1313604 4103412
1757686446 1414 1314500 4103412
1757686447 1431 1315268 4103412
1757686448 1443 1316164 4103412
1757686450 1453 1317188 4103412
1757686451 1461 1317828 4103412
1757686452 1467 1318468 4103412
1757686453 1477 1319492 4103412
1757686454 1473 1320132 4103412
1757686455 1465 1320900 4103412
1757686456 1460 1321540 4103412
1757686457 1469 1322564 4103412
1757686458 1470 1323204 4103412
1757686459 1467 1323972 4103412
1757686460 1467 1324868 4103412
1757686461 1415 1325508 4103412
1757686462 1412 1326276 4103412
1757686463 1412 1327044 4103412
1757686464 1420 1327812 4103412
1757686465 1424 1328580 4103412
1757686466 1432 1329476 4103412
1757686468 1437 1330244 4103412
1757686469 1443 1331140 4103412
1757686470 1449 1332164 4103412
1757686471 1456 1332804 4103412
1757686472 1461 1333700 4103412
1757686473 1467 1334724 4103412
1757686474 1472 1335620 4103412
1757686475 1476 1336388 4103412
1757686476 1481 1337284 4103412
1757686477 1453 1338180 4103412
1757686478 1458 1338948 4103412
1757686479 1461 1339716 4103412
1757686480 1466 1340484 4103412
1757686481 1469 1341380 4103412
1757686483 1474 1342276 4103412
1757686484 1478 1343044 4103412
1757686485 1479 1344068 4103412
1757686486 1476 1344836 4103412
1757686487 1472 1345476 4103412
1757686488 1475 1346116 4103412
1757686489 1479 1347012 4103412
1757686490 1479 1347780 4103412
1757686491 1480 1348676 4103412
1757686492 1483 1349316 4103412
1757686493 1459 1350340 4103412
1757686494 1457 1350980 4103412
1757686495 1453 1351748 4103412
1757686496 1453 1352388 4103412
1757686497 1457 1353412 4103412
1757686499 1459 1354052 4103412
1757686500 1463 1354948 4103412
1757686501 1466 1355716 4103412
1757686502 1469 1356612 4103412
1757686503 1471 1357380 4103412
1757686504 1473 1358276 4103412
1757686505 1475 1359044 4103412
1757686506 1478 1359940 4103412
1757686507 1481 1360836 4103412
1757686508 1483 1361604 4103412
1757686509 1467 1362500 4103412
1757686510 1468 1363268 4103412
1757686511 1471 1364164 4103412
1757686512 1473 1365060 4103412
1757686513 1476 1366084 4103412
1757686515 1477 1366724 4103412
1757686516 1480 1367748 4103412
1757686517 1478 1368388 4103412
1757686518 1477 1369156 4103412
1757686519 1475 1369924 4103412
1757686520 1477 1370820 4103412
1757686521 1475 1371204 4103412
1757686522 1476 1372100 4103412
1757686523 1478 1372740 4103412
1757686524 1480 1373764 4103412
1757686525 1466 1374532 4103412
1757686526 1468 1375300 4103412
1757686527 1467 1376068 4103412
1757686528 1465 1376964 4103412
1757686529 1465 1377732 4103412
1757686530 1467 1378628 4103412
1757686532 1469 1379396 4103412
1757686533 1471 1380292 4103412
1757686534 1473 1381060 4103412
1757686535 1475 1381956 4103412
1757686536 1477 1382852 4103412
1757686537 1479 1383620 4103412
1757686538 1481 1384516 4103412
1757686539 1483 1385412 4103412
1757686540 1484 1386180 4103412
1757686541 1486 1387076 4103412
1757686542 1474 1387844 4103412
1757686543 1476 1388740 4103412
1757686544 1478 1389636 4103412
1757686545 1479 1390404 4103412
1757686546 1481 1391300 4103412
1757686548 1480 1392068 4103412
1757686549 1479 1392580 4103412
1757686550 1479 1393604 4103412
1757686551 1479 1394372 4103412
1757686552 1479 1395140 4103412
1757686553 1480 1396036 4103412
1757686554 1482 1396804 4103412
1757686555 1482 1397700 4103412
1757686556 1484 1398340 4103412
1757686557 1485 1399236 4103412
1757686558 1487 1400260 4103412
1757686559 1476 1400900 4103412
1757686560 1476 1401924 4103412
1757686561 1475 1402564 4103412
1757686562 1476 1403332 4103412
1757686564 1477 1404228 4103412
1757686565 1479 1405124 4103412
1757686566 1480 1405892 4103412
1757686567 1481 1406788 4103412
1757686568 1483 1407684 4103412
1757686569 1484 1408452 4103412
1757686570 1486 1409348 4103412
1757686571 1487 1410372 4103412
1757686572 1488 1411012 4103412
1757686573 1489 1411908 4103412
1757686574 1480 1412932 4103412
1757686575 1482 1413572 4103412
1757686576 1483 1414596 4103412
1757686577 1484 1415492 4103412
1757686578 1484 1416132 4103412
1757686580 1483 1416772 4103412
1757686581 1483 1417540 4103412
1757686582 1483 1418436 4103412
1757686583 1483 1419204 4103412
1757686584 1483 1419972 4103412
1757686585 1484 1420868 4103412
1757686586 1485 1421636 4103412
1757686587 1486 1422532 4103412
1757686588 1488 1423556 4103412
1757686589 1488 1424196 4103412
1757686590 1479 1424964 4103412
1757686591 1480 1425860 4103412
1757686592 1481 1426756 4103412
1757686593 1480 1427396 4103412
1757686594 1480 1428164 4103412
1757686596 1479 1428804 4103412
1757686597 1480 1429700 4103412
1757686598 1481 1430724 4103412
1757686599 1482 1431364 4103412
1757686600 1483 1432132 4103412
1757686601 1484 1433028 4103412
1757686602 1484 1433924 4103412
1757686603 1486 1434692 4103412
1757686604 1486 1435588 4103412
1757686605 1479 1436356 4103412
1757686606 1480 1437252 4103412
1757686607 1481 1438148 4103412
1757686608 1482 1438916 4103412
1757686609 1481 1439684 4103412
1757686610 1480 1440452 4103412
1757686612 1479 1440964 4103412
1757686613 1479 1441732 4103412
1757686614 1479 1442628 4103412
1757686615 1480 1443396 4103412
1757686616 1481 1444420 4103412
1757686617 1482 1445316 4103412
1757686618 1483 1445956 4103412
1757686619 1484 1446852 4103412
1757686620 1485 1447620 4103412
1757686621 1486 1448516 4103412
1757686622 1479 1449540 4103412
1757686623 1480 1450436 4103412
1757686624 1482 1451204 4103412
1757686625 1482 1452100 4103412
1757686626 1481 1452868 4103412
1757686627 1480 1453508 4103412
1757686629 1479 1454148 4103412
1757686630 1478 1454660 4103412
1757686631 1479 1455556 4103412
1757686632 1480 1456452 4103412
1757686633 1481 1457348 4103412
1757686634 1482 1458116 4103412
1757686635 1483 1459140 4103412
1757686636 1484 1459780 4103412
1757686637 1484 1460676 4103412
1757686638 1485 1461444 4103412
1757686639 1479 1462340 4103412
1757686640 1479 1463236 4103412
1757686641 1479 1464004 4103412
1757686642 1478 1464644 4103412
1757686643 1477 1465156 4103412
1757686644 1477 1465924 4103412
1757686646 1477 1466692 4103412
1757686647 1478 1467588 4103412
1757686648 1479 1468612 4103412
1757686649 1480 1469252 4103412
1757686650 1481 1470148 4103412
1757686651 1482 1470916 4103412
1757686652 1483 1471812 4103412
1757686653 1484 1472836 4103412
1757686654 1485 1473476 4103412
1757686655 1479 1474372 4103412
1757686656 1480 1475268 4103412
1757686657 1481 1476036 4103412
1757686658 1481 1476932 4103412
1757686659 1482 1477700 4103412
1757686661 1481 1478596 4103412
1757686662 1481 1479364 4103412
1757686663 1481 1480260 4103412
1757686664 1481 1481028 4103412
1757686665 1482 1481668 4103412
1757686666 1483 1482564 4103412
1757686667 1483 1483332 4103412
1757686668 1484 1484228 4103412
1757686669 1485 1485252 4103412
1757686670 1486 1485892 4103412
1757686671 1480 1486788 4103412
1757686672 1479 1487428 4103412
1757686673 1478 1488068 4103412
1757686674 1478 1488836 4103412
1757686675 1478 1489604 4103412
1757686676 1478 1490500 4103412
1757686678 1479 1491268 4103412
1757686679 1479 1492164 4103412
1757686680 1480 1492932 4103412
1757686681 1481 1493828 4103412
1757686682 1482 1494468 4103412
1757686683 1482 1495492 4103412
1757686684 1483 1496388 4103412
1757686685 1484 1497028 4103412
1757686686 1485 1498052 4103412
1757686687 1485 1498692 4103412
1757686688 1486 1499716 4103412
1757686689 1481 1500356 4103412
1757686690 1481 1501380 4103412
1757686691 1482 1502276 4103412
1757686692 1483 1503044 4103412
1757686693 1481 1503684 4103412
1757686695 1481 1504452 4103412
1757686696 1481 1505348 4103412
1757686697 1482 1506116 4103412
1757686698 1482 1507012 4103412
1757686699 1483 1507652 4103412
1757686700 1484 1508676 4103412
1757686701 1484 1509572 4103412
1757686702 1485 1510340 4103412
1757686703 1485 1510852 4103412
1757686704 1484 1511492 4103412
1757686705 1478 1512260 4103412
1757686706 1478 1513284 4103412
1757686707 1479 1513924 4103412
1757686708 1479 1514948 4103412
1757686709 1480 1515588 4103412
1757686710 1481 1516612 4103412
1757686712 1481 1517508 4103412
1757686713 1482 1518148 4103412
1757686714 1483 1519172 4103412
1757686715 1484 1520068 4103412
1757686716 1484 1520708 4103412
1757686717 1485 1521732 4103412
1757686718 1486 1522372 4103412
1757686719 1486 1523396 4103412
1757686720 1487 1524164 4103412
1757686721 1482 1525060 4103412
1757686722 1483 1526084 4103412
1757686723 1483 1526724 4103412
1757686724 1484 1527620 4103412
1757686725 1484 1528388 4103412
1757686727 1484 1529156 4103412
1757686728 1483 1529924 4103412
1757686729 1483 1530692 4103412
1757686730 1483 1531332 4103412
1757686731 1484 1532356 4103412
1757686732 1485 1533252 4103412
1757686733 1485 1533892 4103412
1757686734 1485 1534788 4103412
1757686735 1485 1535556 4103412
1757686736 1484 1536324 4103412
1757686737 1484 1536836 4103412
1757686738 1479 1537476 4103412
1757686739 1479 1538244 4103412
1757686740 1479 1539140 4103412
1757686741 1480 1539908 4103412
1757686742 1480 1540804 4103412
1757686744 1481 1541444 4103412
1757686745 1481 1542468 4103412
1757686746 1482 1543364 4103412
1757686747 1483 1544132 4103412
1757686748 1483 1545028 4103412
1757686749 1483 1545668 4103412
1757686750 1483 1546436 4103412
1757686751 1484 1547332 4103412
1757686752 1484 1548100 4103412
1757686753 1485 1548996 4103412
1757686754 1481 1549892 4103412
1757686755 1482 1550660 4103412
1757686756 1482 1551556 4103412
1757686757 1483 1552580 4103412
1757686758 1483 1553220 4103412
1757686760 1482 1553988 4103412
1757686761 1482 1554628 4103412
1757686762 1481 1555268 4103412
1757686763 1482 1556164 4103412
1757686764 1482 1556932 4103412
1757686765 1483 1557828 4103412
1757686766 1483 1558596 4103412
1757686767 1482 1559364 4103412
1757686768 1482 1560004 4103412
1757686769 1482 1560900 4103412
1757686770 1478 1561668 4103412
1757686771 1479 1562692 4103412
1757686772 1479 1563588 4103412
1757686773 1480 1564356 4103412
1757686774 1480 1565252 4103412
1757686776 1481 1565892 4103412
1757686777 1482 1566916 4103412
1757686778 1482 1567812 4103412
1757686779 1483 1568580 4103412
1757686780 1483 1569476 4103412
1757686781 1484 1570372 4103412
1757686782 1484 1571140 4103412
1757686783 1485 1572036 4103412
1757686784 1485 1573060 4103412
1757686785 1486 1573828 4103412
1757686786 1482 1574724 4103412
1757686787 1483 1575492 4103412
1757686788 1483 1576388 4103412
1757686789 1484 1577284 4103412
1757686791 1484 1578052 4103412
1757686792 1484 1578692 4103412
1757686793 1484 1579332 4103412
1757686794 1483 1580100 4103412
1757686795 1483 1580740 4103412
1757686796 1483 1581636 4103412
1757686797 1482 1582404 4103412
1757686798 1482 1583172 4103412
1757686799 1482 1583812 4103412
1757686800 1482 1584452 4103412
1757686801 1482 1585476 4103412
1757686802 1482 1586116 4103412
1757686803 1479 1587012 4103412
1757686804 1479 1587780 4103412
1757686805 1480 1588676 4103412
1757686806 1480 1589700 4103412
1757686807 1481 1590340 4103412
1757686809 1481 1591236 4103412
1757686810 1481 1591876 4103412
1757686811 1482 1592900 4103412
1757686812 1482 1593540 4103412
1757686813 1483 1594436 4103412
1757686814 1483 1595204 4103412
1757686815 1483 1596100 4103412
1757686816 1484 1596740 4103412
1757686817 1484 1597764 4103412
1757686818 1485 1598532 4103412
1757686819 1481 1599428 4103412
1757686820 1482 1600452 4103412
1757686821 1482 1601092 4103412
1757686822 1483 1601988 4103412
1757686823 1483 1603012 4103412
1757686825 1483 1603652 4103412
1757686826 1483 1604292 4103412
1757686827 1482 1605060 4103412
1757686828 1481 1605572 4103412
1757686829 1481 1606340 4103412
1757686830 1480 1606980 4103412
1757686831 1481 1607748 4103412
1757686832 1481 1608644 4103412
1757686833 1482 1609412 4103412
1757686834 1482 1610308 4103412
1757686835 1479 1611332 4103412
1757686836 1479 1611972 4103412
1757686837 1480 1612868 4103412
1757686838 1480 1613636 4103412
1757686839 1481 1614660 4103412
1757686841 1481 1615300 4103412
1757686842 1482 1616196 4103412
1757686843 1482 1617220 4103412
1757686844 1483 1617860 4103412
1757686845 1483 1618884 4103412
1757686846 1483 1619524 4103412
1757686847 1484 1620548 4103412
1757686848 1484 1621188 4103412
1757686849 1484 1622084 4103412
1757686850 1485 1622980 4103412
1757686851 1482 1623748 4103412
1757686852 1482 1624644 4103412
1757686853 1483 1625540 4103412
1757686854 1483 1626308 4103412
1757686856 1483 1627204 4103412
1757686857 1484 1627972 4103412
1757686858 1484 1628868 4103412
1757686859 1484 1629636 4103412
1757686860 1482 1630404 4103412
1757686861 1482 1631044 4103412
1757686862 1481 1631684 4103412
1757686863 1481 1632452 4103412
1757686864 1481 1633092 4103412
1757686865 1482 1634116 4103412
1757686866 1482 1635012 4103412
1757686867 1483 1635780 4103412
1757686868 1480 1636676 4103412
1757686869 1480 1637316 4103412
1757686870 1481 1638340 4103412
1757686871 1481 1639236 4103412
1757686872 1482 1640004 4103412
1757686874 1482 1640900 4103412
1757686875 1482 1641796 4103412
1757686876 1482 1642564 4103412
1757686877 1483 1643204 4103412
1757686878 1483 1644100 4103412
1757686879 1483 1644868 4103412
1757686880 1484 1645764 4103412
1757686881 1484 1646788 4103412
1757686882 1485 1647428 4103412
1757686883 1482 1648324 4103412
1757686884 1482 1649348 4103412
1757686885 1483 1649988 4103412
1757686886 1483 1650884 4103412
1757686887 1484 1651652 4103412
1757686889 1484 1652676 4103412
1757686890 1484 1653444 4103412
1757686891 1483 1654084 4103412
1757686892 1483 1654724 4103412
1757686893 1482 1655492 4103412
1757686894 1481 1656260 4103412
1757686895 1481 1657028 4103412
1757686896 1481 1657668 4103412
1757686897 1482 1658564 4103412
1757686898 1482 1659588 4103412
1757686899 1479 1660228 4103412
1757686900 1480 1661124 4103412
1757686901 1480 1661892 4103412
1757686902 1480 1662788 4103412
1757686903 1481 1663812 4103412
1757686905 1481 1664452 4103412
1757686906 1482 1665348 4103412
1757686907 1482 1666116 4103412
1757686908 1482 1667012 4103412
1757686909 1483 1667780 4103412
1757686910 1483 1668676 4103412
1757686911 1484 1669572 4103412
1757686912 1484 1670340 4103412
1757686913 1484 1671236 4103412
1757686914 1485 1672260 4103412
1757686915 1482 1672900 4103412
1757686916 1482 1673796 4103412
1757686917 1483 1674564 4103412
1757686918 1483 1675460 4103412
1757686920 1483 1676484 4103412
1757686921 1483 1677124 4103412
1757686922 1483 1677636 4103412
1757686923 1482 1678532 4103412
1757686924 1482 1679044 4103412
1757686925 1481 1679684 4103412
1757686926 1480 1680196 4103412
1757686927 1480 1680964 4103412
1757686928 1480 1681860 4103412
1757686929 1480 1682628 4103412
1757686930 1481 1683524 4103412
1757686931 1481 1684292 4103412
1757686932 1482 1685188 4103412
1757686933 1479 1686212 4103412
1757686934 1479 1686852 4103412
1757686935 1480 1687748 4103412
1757686936 1480 1688516 4103412
1757686937 1480 1689412 4103412
1757686939 1481 1690308 4103412
1757686940 1481 1690948 4103412
1757686941 1481 1691972 4103412
1757686942 1482 1692612 4103412
1757686943 1482 1693636 4103412
1757686944 1483 1694532 4103412
1757686945 1483 1695172 4103412
1757686946 1483 1696196 4103412
1757686947 1484 1697092 4103412
1757686948 1484 1697860 4103412
1757686949 1481 1698884 4103412
1757686950 1482 1699524 4103412
1757686951 1482 1700420 4103412
1757686952 1481 1701188 4103412
1757686953 1481 1701956 4103412
1757686955 1481 1702596 4103412
1757686956 1481 1703236 4103412
1757686957 1481 1704132 4103412
1757686958 1481 1704900 4103412
1757686959 1481 1705668 4103412
1757686960 1481 1706564 4103412
1757686961 1481 1707332 4103412
1757686962 1481 1708228 4103412
1757686963 1482 1708996 4103412
1757686964 1482 1709892 4103412
1757686965 1482 1710660 4103412
1757686966 1480 1711556 4103412
1757686967 1480 1712196 4103412
1757686968 1480 1713220 4103412
1757686969 1481 1713604 4103412
1757686970 1481 1713604 4103412
1757686972 1481 1713604 4103412
1757686973 1482 1713604 4103412
1757686974 1482 1713604 4103412
1757686975 1482 1713604 4103412
1757686976 1483 1713604 4103412
1757686977 1483 1713604 4103412
1757686978 1483 1713604 4103412
1757686979 1483 1713604 4103412
1757686980 1484 1713604 4103412
1757686981 1481 1713604 4103412
1757686982 1482 1713604 4103412
1757686983 1481 1713604 4103412
1757686984 1481 1713604 4103412
1757686985 1481 1713604 4103412
1757686987 1481 1713604 4103412
1757686988 1481 1713604 4103412
1757686989 1481 1713604 4103412
1757686990 1482 1713604 4103412
1757686991 1482 1713604 4103412
1757686992 1481 1713604 4103412
1757686993 1481 1713604 4103412
1757686994 1481 1713604 4103412
1757686995 1481 1713604 4103412
1757686996 1481 1713604 4103412
1757686997 1481 1713604 4103412
1757686998 1479 1713604 4103412
1757686999 1479 1713604 4103412
1757687000 1480 1713604 4103412
1757687001 1480 1713604 4103412
1757687002 1481 1713604 4103412
1757687004 1481 1713604 4103412
1757687005 1481 1713604 4103412
1757687006 1481 1713604 4103412
1757687007 1482 1713604 4103412
1757687008 1482 1713604 4103412
1757687009 1482 1436792 2785560
1757687010 1483 1436792 2785560
