1757681380  0.0 15872 675456
1757681381 1450 230440 1759476
1757681382 1532 231464 1759476
1757681383 1534 232488 1759476
1757681384 1520 233256 1759476
1757681385 1526 234280 1759476
1757681386 1529 235048 1759476
1757681387 1343 235944 1759476
1757681388 1370 236968 1759476
1757681389 1388 237864 1759476
1757681390 1407 238632 1759476
1757681391 1420 239528 1759476
1757681393 1435 240552 1759476
1757681394 1451 241704 1759476
1757681395 1466 242984 1759476
1757681396 1480 244008 1759476
1757681397 1492 245160 1759476
1757681398 1504 246312 1759476
1757681399 1513 247592 1759476
1757681400 1520 248744 1759476
1757681401 1527 249768 1759476
1757681402 1466 250664 1759476
1757681403 1475 251944 1759476
1757681404 1484 253096 1759476
1757681405 1489 254120 1759476
1757681406 1497 255272 1759476
1757681407 1504 256424 1759476
1757681409 1510 257576 1759476
1757681410 1517 258728 1759476
1757681411 1521 259880 1759476
1757681412 1526 261032 1759476
1757681413 1530 262184 1759476
1757681414 1530 262952 1759476
1757681415 1529 263848 1759476
1757681416 1529 264744 1759476
1757681417 1529 265768 1759476
1757681418 1494 266920 1759476
1757681419 1499 268072 1759476
1757681420 1501 268584 1759476
1757681421 1503 268584 1759476
1757681423 1504 268584 1759476
1757681424 1505 268584 1759476
1757681425 1506 268584 1759476
1757681426 1508 268584 1759476
1757681427 1511 268584 1759476
1757681428 1515 268584 1759476
1757681429 1518 268584 1759476
1757681430 1522 268584 1759476
