1757703751  0.0 14848 642556
1757703752  312 1131480 2616972
1757703753  207 1948252 3837676
1757703754  172 2983880 6279084
1757703755  475 3762632 6316484
1757703756  724 3763016 6316484
1757703757  798 4052296 6316484
1757703758  854 3352612 8790956
1757703759  845 3352996 8790956
1757703760  914 3352996 8790956
1757703761  964 3352996 8790956
1757703762 1012 3352996 8790956
1757703763 1064 3353764 8790956
1757703765 1107 3354276 8790956
1757703766 1144 3355044 8790956
1757703767 1174 3355044 8790956
1757703768 1205 3355812 8790956
1757703769 1231 3356580 8790956
1757703770 1251 3356580 8790956
1757703771 1271 3356964 8790956
1757703772 1286 3356964 8790956
1757703773 1298 3356964 8790956
1757703774 1258 3357348 8790956
1757703775 1275 3358116 8790956
1757703776 1289 3358500 8790956
1757703777 1304 3359268 8790956
1757703778 1317 3359652 8790956
1757703780 1330 3360420 8790956
1757703781 1341 3361188 8790956
1757703782 1350 3361188 8790956
1757703783 1357 3361188 8790956
1757703784 1364 3361188 8790956
1757703785 1372 3361572 8790956
1757703786 1381 3362340 8790956
1757703787 1389 3363108 8790956
1757703788 1397 3363492 8790956
1757703789 1405 3364260 8790956
1757703790 1376 3364772 8790956
1757703791 1380 3364772 8790956
1757703792 1383 3365156 8790956
1757703793 1385 3365156 8790956
1757703794 1392 3365540 8790956
1757703796 1399 3366308 8790956
1757703797 1404 3366308 8790956
1757703798 1410 3367076 8790956
1757703799 1415 3367460 8790956
1757703800 1421 3368228 8790956
1757703801 1425 3368612 8790956
1757703802 1427 3368612 8790956
1757703803 1432 3369508 8790956
1757703804 1436 3369892 8790956
1757703805 1413 3369892 8790956
1757703806 1416 3369892 8790956
1757703807 1418 3370276 8790956
1757703808 1422 3370660 8790956
1757703809 1427 3371428 8790956
1757703811 1431 3372196 8790956
1757703812 1435 3372580 8790956
1757703813 1439 3373348 8790956
1757703814 1443 3373732 8790956
1757703815 1445 3374116 8790956
1757703816 1447 3374116 8790956
1757703817 1449 3374116 8790956
1757703818 1451 3374500 8790956
1757703819 1454 3374884 8790956
1757703820 1437 3375780 8790956
1757703821 1439 3376164 8790956
1757703822 1439 3376164 8790956
1757703823 1440 3376164 8790956
1757703824 1441 3376164 8790956
1757703825 1444 3376932 8790956
1757703827 1446 3377444 8790956
1757703828 1448 3377444 8790956
1757703829 1451 3377956 8790956
1757703830 1454 3378724 8790956
1757703831 1457 3379492 8790956
1757703832 1459 3379492 8790956
1757703833 1462 3380260 8790956
1757703834 1464 3380644 8790956
1757703835 1467 3381412 8790956
1757703836 1452 3382180 8790956
1757703837 1454 3382180 8790956
1757703838 1456 3382180 8790956
1757703839 1457 3382180 8790956
1757703840 1459 3382948 8790956
1757703842 1462 3383332 8790956
1757703843 1464 3384100 8790956
1757703844 1466 3384612 8790956
1757703845 1469 3385380 8790956
1757703846 1471 3386148 8790956
1757703847 1473 3386532 8790956
1757703848 1475 3386916 8790956
1757703849 1475 3386916 8790956
1757703850 1476 3386916 8790956
1757703851 1478 3387300 8790956
1757703852 1465 3388068 8790956
1757703853 1466 3388068 8790956
1757703854 1466 3388452 8790956
1757703855 1467 3388452 8790956
1757703856 1469 3388836 8790956
1757703858 1471 3389604 8790956
1757703859 1472 3389604 8790956
1757703860 1474 3390372 8790956
1757703861 1475 3390756 8790956
1757703862 1477 3391524 8790956
1757703863 1478 3391524 8790956
1757703864 1480 3392292 8790956
1757703865 1481 3393060 8790956
1757703866 1483 3393828 8790956
1757703867 1472 3394212 8790956
1757703868 1474 3394980 8790956
1757703869 1476 3395748 8790956
1757703870 1477 3395748 8790956
1757703871 1478 3395748 8790956
1757703873 1479 3395748 8790956
1757703874 1480 3396644 8790956
1757703875 1482 3397028 8790956
1757703876 1484 3397796 8790956
1757703877 1485 3398564 8790956
1757703878 1487 3399332 8790956
1757703879 1488 3399716 8790956
1757703880 1489 3400484 8790956
1757703881 1491 3400868 8790956
1757703882 1480 3400868 8790956
1757703883 1481 3400868 8790956
1757703884 1481 3400868 8790956
1757703885 1481 3400868 8790956
1757703886 1481 3400868 8790956
1757703888 1482 3401636 8790956
1757703889 1484 3402020 8790956
1757703890 1484 3402404 8790956
1757703891 1486 3402788 8790956
1757703892 1487 3403556 8790956
1757703893 1488 3403940 8790956
1757703894 1489 3404324 8790956
1757703895 1491 3405092 8790956
1757703896 1492 3405476 8790956
1757703897 1484 3406372 8790956
1757703898 1485 3406756 8790956
1757703899 1486 3407524 8790956
1757703900 1488 3408292 8790956
1757703901 1489 3409060 8790956
1757703903 1490 3409444 8790956
1757703904 1491 3409444 8790956
1757703905 1491 3409444 8790956
1757703906 1492 3409444 8790956
1757703907 1493 3410212 8790956
1757703908 1494 3410980 8790956
1757703909 1496 3411364 8790956
1757703910 1497 3411748 8790956
1757703911 1498 3412516 8790956
1757703912 1490 3413284 8790956
1757703913 1491 3414052 8790956
1757703914 1492 3414436 8790956
1757703915 1492 3414436 8790956
1757703916 1492 3414436 8790956
1757703918 1491 3414436 8790956
1757703919 1492 3414820 8790956
1757703920 1493 3415332 8790956
1757703921 1494 3415716 8790956
1757703922 1494 3416484 8790956
1757703923 1495 3416868 8790956
1757703924 1496 3417636 8790956
1757703925 1497 3418020 8790956
1757703926 1498 3418404 8790956
1757703927 1491 3419172 8790956
1757703928 1492 3419556 8790956
1757703929 1493 3420324 8790956
1757703930 1494 3421092 8790956
1757703931 1495 3421476 8790956
1757703933 1496 3422244 8790956
1757703934 1497 3422628 8790956
1757703935 1498 3423396 8790956
1757703936 1499 3423780 8790956
1757703937 1500 3423780 8790956
1757703938 1500 3423780 8790956
1757703939 1500 3424164 8790956
1757703940 1501 3424548 8790956
1757703941 1502 3425316 8790956
1757703942 1495 3426084 8790956
1757703943 1496 3426468 8790956
1757703944 1497 3427364 8790956
1757703945 1498 3428132 8790956
1757703946 1499 3428516 8790956
1757703948 1499 3428516 8790956
1757703949 1499 3428516 8790956
1757703950 1498 3428516 8790956
1757703951 1499 3428900 8790956
1757703952 1500 3429284 8790956
1757703953 1500 3429668 8790956
1757703954 1501 3430052 8790956
1757703955 1502 3430820 8790956
1757703956 1502 3431204 8790956
1757703957 1496 3431588 8790956
1757703958 1497 3432356 8790956
1757703959 1498 3432740 8790956
1757703960 1499 3433508 8790956
1757703961 1500 3434276 8790956
1757703963 1500 3434660 8790956
1757703964 1501 3435428 8790956
1757703965 1502 3436196 8790956
1757703966 1503 3436580 8790956
1757703967 1504 3437348 8790956
1757703968 1505 3438116 8790956
1757703969 1505 3438500 8790956
1757703970 1506 3438500 8790956
1757703971 1506 3438500 8790956
1757703972 1506 3438500 8790956
1757703973 1500 3439396 8790956
1757703974 1501 3440164 8790956
1757703975 1502 3440548 8790956
1757703976 1503 3441316 8790956
1757703977 1504 3441700 8790956
1757703979 1503 3442084 8790956
1757703980 1504 3442084 8790956
1757703981 1504 3442084 8790956
1757703982 1504 3442084 8790956
1757703983 1504 3442084 8790956
1757703984 1504 3442084 8790956
1757703985 1504 3442468 8790956
1757703986 1505 3443364 8790956
1757703987 1506 3444132 8790956
1757703988 1506 3444516 8790956
1757703989 1500 3445284 8790956
1757703990 1501 3445668 8790956
1757703991 1502 3446436 8790956
1757703992 1503 3446820 8790956
1757703993 1503 3447588 8790956
1757703995 1504 3447972 8790956
1757703996 1505 3448740 8790956
1757703997 1505 3449508 8790956
1757703998 1506 3449892 8790956
1757703999 1507 3450660 8790956
1757704000 1507 3451044 8790956
1757704001 1508 3451812 8790956
1757704002 1508 3452196 8790956
1757704003 1509 3452196 8790956
1757704004 1509 3452196 8790956
1757704005 1504 3452580 8790956
1757704006 1504 3452964 8790956
1757704007 1505 3453860 8790956
1757704008 1506 3454244 8790956
1757704009 1506 3454628 8790956
1757704011 1506 3454628 8790956
1757704012 1506 3455012 8790956
1757704013 1506 3455396 8790956
1757704014 1507 3455780 8790956
1757704015 1507 3455780 8790956
1757704016 1507 3455780 8790956
1757704017 1507 3456164 8790956
1757704018 1508 3456548 8790956
1757704019 1508 3456932 8790956
1757704020 1503 3457316 8790956
1757704021 1504 3458084 8790956
1757704022 1505 3458852 8790956
1757704023 1505 3459236 8790956
1757704024 1506 3460004 8790956
1757704026 1507 3460772 8790956
1757704027 1507 3461668 8790956
1757704028 1508 3462052 8790956
1757704029 1509 3462820 8790956
1757704030 1509 3463204 8790956
1757704031 1510 3463972 8790956
1757704032 1510 3464356 8790956
1757704033 1511 3465124 8790956
1757704034 1512 3465892 8790956
1757704035 1507 3466276 8790956
1757704036 1507 3466276 8790956
1757704037 1507 3466276 8790956
1757704038 1508 3466660 8790956
1757704039 1508 3467044 8790956
1757704041 1509 3467812 8790956
1757704042 1509 3467812 8790956
1757704043 1509 3467812 8790956
1757704044 1509 3467812 8790956
1757704045 1509 3468708 8790956
1757704046 1510 3469092 8790956
1757704047 1510 3469476 8790956
1757704048 1510 3469476 8790956
1757704049 1510 3469476 8790956
1757704050 1510 3469476 8790956
1757704051 1506 3469860 8790956
1757704052 1506 3470628 8790956
1757704053 1507 3471012 8790956
1757704054 1508 3471780 8790956
1757704055 1508 3472164 8790956
1757704057 1509 3472932 8790956
1757704058 1509 3473700 8790956
1757704059 1510 3474084 8790956
1757704060 1510 3474852 8790956
1757704061 1511 3475620 8790956
1757704062 1511 3476004 8790956
1757704063 1512 3476772 8790956
1757704064 1513 3477540 8790956
1757704065 1513 3477924 8790956
1757704066 1514 3478692 8790956
1757704067 1509 3479204 8790956
1757704068 1510 3479588 8790956
1757704069 1510 3479588 8790956
1757704070 1510 3479588 8790956
1757704071 1511 3480100 8790956
1757704073 1510 3480484 8790956
1757704074 1511 3480484 8790956
1757704075 1510 3480484 8790956
1757704076 1511 3481252 8790956
1757704077 1511 3481636 8790956
1757704078 1512 3482020 8790956
1757704079 1512 3482404 8790956
1757704080 1513 3483172 8790956
1757704081 1513 3483172 8790956
1757704082 1513 3483172 8790956
1757704083 1508 3483556 8790956
1757704084 1509 3483940 8790956
1757704085 1509 3484708 8790956
1757704086 1510 3485092 8790956
1757704087 1510 3485860 8790956
1757704089 1511 3486244 8790956
1757704090 1511 3487140 8790956
1757704091 1512 3487524 8790956
1757704092 1512 3488292 8790956
1757704093 1513 3489060 8790956
1757704094 1513 3489444 8790956
1757704095 1514 3490340 8790956
1757704096 1514 3490724 8790956
1757704097 1515 3491492 8790956
1757704098 1511 3492260 8790956
1757704099 1511 3492644 8790956
1757704100 1512 3493412 8790956
1757704101 1512 3493412 8790956
1757704102 1512 3493412 8790956
1757704104 1512 3493412 8790956
1757704105 1512 3493796 8790956
1757704106 1512 3493796 8790956
1757704107 1513 3494564 8790956
1757704108 1513 3494948 8790956
1757704109 1513 3495332 8790956
1757704110 1514 3496100 8790956
1757704111 1514 3496484 8790956
1757704112 1514 3496868 8790956
1757704113 1511 3497636 8790956
1757704114 1511 3497636 8790956
1757704115 1511 3497636 8790956
1757704116 1511 3497636 8790956
1757704117 1512 3498404 8790956
1757704119 1512 3499172 8790956
1757704120 1513 3499684 8790956
1757704121 1513 3500452 8790956
1757704122 1514 3500836 8790956
1757704123 1514 3501604 8790956
1757704124 1514 3501988 8790956
1757704125 1515 3502756 8790956
1757704126 1515 3503524 8790956
1757704127 1516 3503908 8790956
1757704128 1516 3504676 8790956
1757704129 1513 3505444 8790956
1757704130 1513 3505828 8790956
1757704131 1514 3506596 8790956
1757704132 1514 3507492 8790956
1757704134 1514 3507876 8790956
1757704135 1514 3507876 8790956
1757704136 1514 3507876 8790956
1757704137 1514 3507876 8790956
1757704138 1514 3508260 8790956
1757704139 1514 3509028 8790956
1757704140 1514 3509028 8790956
1757704141 1515 3509796 8790956
1757704142 1515 3510564 8790956
1757704143 1516 3510948 8790956
1757704144 1512 3511332 8790956
1757704145 1513 3512100 8790956
1757704146 1513 3512868 8790956
1757704147 1513 3512868 8790956
1757704148 1513 3512868 8790956
1757704150 1514 3512868 8790956
1757704151 1514 3513636 8790956
1757704152 1514 3514020 8790956
1757704153 1515 3514788 8790956
1757704154 1515 3515556 8790956
1757704155 1516 3515940 8790956
1757704156 1516 3516708 8790956
1757704157 1516 3517220 8790956
1757704158 1517 3517988 8790956
1757704159 1514 3518372 8790956
1757704160 1514 3519140 8790956
1757704161 1514 3519524 8790956
1757704162 1515 3520292 8790956
1757704163 1515 3521060 8790956
1757704165 1516 3521444 8790956
1757704166 1516 3521828 8790956
1757704167 1516 3521828 8790956
1757704168 1515 3521828 8790956
1757704169 1515 3521828 8790956
1757704170 1515 3522212 8790956
1757704171 1516 3522212 8790956
1757704172 1516 3523108 8790956
1757704173 1516 3523876 8790956
1757704174 1517 3523876 8790956
1757704175 1513 3524644 8790956
1757704176 1514 3525412 8790956
1757704177 1514 3526180 8790956
1757704178 1515 3526564 8790956
1757704179 1515 3527332 8790956
1757704181 1515 3527332 8790956
1757704182 1515 3527332 8790956
1757704183 1515 3527332 8790956
1757704184 1516 3527844 8790956
1757704185 1516 3528612 8790956
1757704186 1517 3528996 8790956
1757704187 1517 3529764 8790956
1757704188 1517 3530532 8790956
1757704189 1518 3530916 8790956
1757704190 1518 3531684 8790956
1757704191 1515 3532452 8790956
1757704192 1515 3532964 8790956
1757704193 1516 3533732 8790956
1757704194 1516 3534116 8790956
1757704196 1516 3534884 8790956
1757704197 1517 3535268 8790956
1757704198 1517 3535268 8790956
1757704199 1517 3535652 8790956
1757704200 1517 3535652 8790956
1757704201 1517 3535652 8790956
1757704202 1517 3535652 8790956
1757704203 1517 3536036 8790956
1757704204 1517 3536420 8790956
1757704205 1517 3536804 8790956
1757704206 1514 3537188 8790956
1757704207 1515 3537956 8790956
1757704208 1515 3538340 8790956
1757704209 1515 3539108 8790956
1757704210 1516 3539876 8790956
1757704212 1516 3540260 8790956
1757704213 1517 3541156 8790956
1757704214 1517 3541156 8790956
1757704215 1517 3541156 8790956
1757704216 1517 3541156 8790956
1757704217 1517 3541924 8790956
1757704218 1518 3542308 8790956
1757704219 1518 3543076 8790956
1757704220 1518 3543460 8790956
1757704221 1519 3544228 8790956
1757704222 1516 3544996 8790956
1757704223 1516 3545764 8790956
1757704224 1516 3546276 8790956
1757704225 1517 3547044 8790956
1757704227 1517 3547812 8790956
1757704228 1518 3548196 8790956
1757704229 1518 3548196 8790956
1757704230 1518 3548196 8790956
1757704231 1518 3548580 8790956
1757704232 1518 3548580 8790956
1757704233 1518 3548964 8790956
1757704234 1518 3548964 8790956
1757704235 1518 3548964 8790956
1757704236 1518 3549348 8790956
1757704237 1515 3549732 8790956
1757704238 1515 3550500 8790956
1757704239 1516 3550884 8790956
1757704240 1516 3551652 8790956
1757704241 1517 3552420 8790956
1757704243 1517 3552804 8790956
1757704244 1517 3553572 8790956
1757704245 1518 3553956 8790956
1757704246 1518 3554852 8790956
1757704247 1518 3554852 8790956
1757704248 1517 3554852 8790956
1757704249 1517 3554852 8790956
1757704250 1518 3555236 8790956
1757704251 1518 3556004 8790956
1757704252 1518 3556772 8790956
1757704253 1516 3557156 8790956
1757704254 1516 3557924 8790956
1757704255 1516 3558308 8790956
1757704256 1517 3559076 8790956
1757704257 1517 3559844 8790956
1757704259 1517 3560228 8790956
1757704260 1517 3560612 8790956
1757704261 1517 3560612 8790956
1757704262 1517 3560996 8790956
1757704263 1517 3561380 8790956
1757704264 1518 3561380 8790956
1757704265 1518 3562276 8790956
1757704266 1518 3562660 8790956
1757704267 1518 3562660 8790956
1757704268 1515 3562660 8790956
1757704269 1515 3563044 8790956
1757704270 1516 3563428 8790956
1757704271 1516 3564196 8790956
1757704272 1516 3564964 8790956
1757704274 1517 3565732 8790956
1757704275 1517 3566116 8790956
1757704276 1517 3566884 8790956
1757704277 1518 3567268 8790956
1757704278 1518 3568036 8790956
1757704279 1518 3568420 8790956
1757704280 1518 3568804 8790956
1757704281 1518 3568804 8790956
1757704282 1518 3568804 8790956
1757704283 1518 3569188 8790956
1757704284 1519 3569572 8790956
1757704285 1516 3570340 8790956
1757704286 1516 3570724 8790956
1757704287 1517 3571492 8790956
1757704288 1517 3571876 8790956
1757704290 1517 3572772 8790956
1757704291 1518 3573540 8790956
1757704292 1518 3573540 8790956
1757704293 1518 3573540 8790956
1757704294 1518 3573540 8790956
1757704295 1518 3573924 8790956
1757704296 1518 3574308 8790956
1757704297 1518 3575076 8790956
1757704298 1518 3575460 8790956
1757704299 1518 3575844 8790956
1757704300 1516 3575844 8790956
1757704301 1516 3575844 8790956
1757704302 1516 3576228 8790956
1757704303 1516 3576996 8790956
1757704304 1517 3577764 8790956
1757704306 1517 3578276 8790956
1757704307 1517 3579044 8790956
1757704308 1518 3579428 8790956
1757704309 1518 3580324 8790956
1757704310 1518 3581092 8790956
1757704311 1519 3581476 8790956
1757704312 1519 3582244 8790956
1757704313 1519 3582628 8790956
1757704314 1519 3582628 8790956
1757704315 1519 3582628 8790956
1757704316 1516 3582628 8790956
1757704317 1517 3583396 8790956
1757704318 1517 3584164 8790956
1757704319 1517 3584548 8790956
1757704321 1518 3585316 8790956
1757704322 1518 3585700 8790956
1757704323 1518 3585700 8790956
1757704324 1518 3586084 8790956
1757704325 1518 3586084 8790956
1757704326 1518 3586468 8790956
1757704327 1518 3586852 8790956
1757704328 1518 3587620 8790956
1757704329 1519 3587620 8790956
1757704330 1519 3588388 8790956
1757704331 1516 3588772 8790956
1757704332 1517 3589156 8790956
1757704333 1517 3589156 8790956
1757704334 1517 3589156 8790956
1757704335 1517 3589540 8790956
1757704337 1517 3590308 8790956
1757704338 1517 3590692 8790956
1757704339 1518 3591460 8790956
1757704340 1518 3591844 8790956
1757704341 1518 3592612 8790956
1757704342 1519 3593380 8790956
1757704343 1519 3593764 8790956
1757704344 1519 3594532 8790956
1757704345 1519 3594916 8790956
1757704346 1520 3595428 8790956
1757704347 1517 3595428 8790956
1757704348 1517 3595428 8790956
1757704349 1517 3595812 8790956
1757704350 1518 3596580 8790956
1757704352 1518 3597348 8790956
1757704353 1518 3597732 8790956
1757704354 1518 3598116 8790956
1757704355 1518 3598116 8790956
1757704356 1518 3598116 8790956
1757704357 1518 3598500 8790956
1757704358 1519 3598884 8790956
1757704359 1519 3599268 8790956
1757704360 1519 3600036 8790956
1757704361 1519 3600036 8790956
1757704362 1517 3600804 8790956
1757704363 1517 3601572 8790956
1757704364 1518 3602084 8790956
1757704365 1518 3602468 8790956
1757704366 1518 3602468 8790956
1757704368 1518 3602468 8790956
1757704369 1518 3602852 8790956
1757704370 1518 3603620 8790956
1757704371 1519 3604004 8790956
1757704372 1519 3604772 8790956
1757704373 1519 3605540 8790956
1757704374 1519 3605924 8790956
1757704375 1520 3606692 8790956
1757704376 1520 3607588 8790956
1757704377 1520 3608356 8790956
1757704378 1518 3608740 8790956
1757704379 1518 3609124 8790956
1757704380 1518 3609124 8790956
1757704381 1518 3609124 8790956
1757704383 1519 3609508 8790956
1757704384 1519 3609892 8790956
1757704385 1519 3610660 8790956
1757704386 1519 3610660 8790956
1757704387 1519 3610660 8790956
1757704388 1519 3611044 8790956
1757704389 1519 3611428 8790956
1757704390 1519 3611812 8790956
1757704391 1520 3612708 8790956
1757704392 1520 3613092 8790956
1757704393 1518 3613860 8790956
1757704394 1518 3614244 8790956
1757704395 1518 3615012 8790956
1757704396 1518 3615396 8790956
1757704398 1519 3616164 8790956
1757704399 1519 3616548 8790956
1757704400 1519 3616548 8790956
1757704401 1519 3616548 8790956
1757704402 1519 3616932 8790956
1757704403 1519 3617700 8790956
1757704404 1520 3618212 8790956
1757704405 1520 3618980 8790956
1757704406 1520 3619364 8790956
1757704407 1520 3620132 8790956
1757704408 1518 3620900 8790956
1757704409 1519 3621668 8790956
1757704410 1519 3622052 8790956
1757704411 1519 3622820 8790956
1757704412 1519 3623204 8790956
1757704414 1519 3623204 8790956
1757704415 1520 3623204 8790956
1757704416 1520 3623588 8790956
1757704417 1520 3623588 8790956
1757704418 1520 3623588 8790956
1757704419 1520 3623588 8790956
1757704420 1520 3624356 8790956
1757704421 1520 3624740 8790956
1757704422 1520 3625124 8790956
1757704423 1518 3625508 8790956
1757704424 1518 3625892 8790956
1757704425 1519 3626660 8790956
1757704426 1519 3627044 8790956
1757704427 1519 3627812 8790956
1757704429 1519 3628196 8790956
1757704430 1520 3628964 8790956
1757704431 1520 3629732 8790956
1757704432 1520 3629732 8790956
1757704433 1520 3629732 8790956
1757704434 1520 3629732 8790956
1757704435 1520 3630500 8790956
1757704436 1521 3631268 8790956
1757704437 1521 3631780 8790956
1757704438 1519 3632548 8790956
1757704439 1519 3632932 8790956
1757704440 1519 3633700 8790956
1757704441 1519 3634084 8790956
1757704442 1520 3634852 8790956
1757704444 1520 3635620 8790956
1757704445 1520 3636388 8790956
1757704446 1520 3636772 8790956
1757704447 1520 3636772 8790956
1757704448 1520 3636772 8790956
1757704449 1520 3636772 8790956
1757704450 1520 3636772 8790956
1757704451 1520 3637156 8790956
1757704452 1520 3637540 8790956
1757704453 1521 3637924 8790956
1757704454 1519 3638692 8790956
1757704455 1519 3638692 8790956
1757704456 1519 3639460 8790956
1757704457 1519 3639844 8790956
1757704459 1519 3640612 8790956
1757704460 1520 3641508 8790956
1757704461 1520 3641892 8790956
1757704462 1520 3642660 8790956
1757704463 1520 3643044 8790956
1757704464 1521 3643812 8790956
1757704465 1521 3643812 8790956
1757704466 1521 3643812 8790956
1757704467 1521 3644196 8790956
1757704468 1521 3644580 8790956
1757704469 1519 3645348 8790956
1757704470 1519 3645732 8790956
1757704471 1520 3646500 8790956
1757704472 1520 3647268 8790956
1757704473 1520 3647652 8790956
1757704475 1520 3648420 8790956
1757704476 1521 3649188 8790956
1757704477 1521 3649572 8790956
1757704478 1521 3650340 8790956
1757704479 1521 3650724 8790956
1757704480 1521 3650724 8790956
1757704481 1521 3650724 8790956
1757704482 1521 3650724 8790956
1757704483 1521 3651108 8790956
1757704484 1519 3651876 8790956
1757704485 1519 3652260 8790956
1757704486 1519 3652644 8790956
1757704487 1520 3653412 8790956
1757704488 1520 3653796 8790956
1757704490 1520 3654564 8790956
1757704491 1520 3654948 8790956
1757704492 1520 3655716 8790956
1757704493 1521 3656228 8790956
1757704494 1521 3656996 8790956
1757704495 1521 3657892 8790956
1757704496 1521 3658276 8790956
1757704497 1521 3659044 8790956
1757704498 1521 3659044 8790956
1757704499 1520 3659044 8790956
1757704500 1520 3659044 8790956
1757704501 1520 3659812 8790956
1757704502 1520 3660196 8790956
1757704503 1520 3660964 8790956
1757704505 1521 3661732 8790956
1757704506 1521 3662500 8790956
1757704507 1521 3662884 8790956
1757704508 1521 3663652 8790956
1757704509 1521 3664420 8790956
1757704510 1522 3664420 8790956
1757704511 1522 3664804 8790956
1757704512 1522 3664804 8790956
1757704513 1521 3664804 8790956
1757704514 1521 3664804 8790956
1757704515 1519 3664804 8790956
1757704516 1519 3665188 8790956
1757704517 1520 3665572 8790956
1757704518 1520 3665956 8790956
1757704519 1520 3666724 8790956
1757704521 1520 3667492 8790956
1757704522 1520 3667876 8790956
1757704523 1521 3668644 8790956
1757704524 1521 3669028 8790956
1757704525 1521 3669924 8790956
1757704526 1521 3670692 8790956
1757704527 1521 3671076 8790956
1757704528 1522 3671844 8790956
1757704529 1522 3672612 8790956
1757704530 1522 3672996 8790956
1757704531 1520 3672996 8790956
1757704532 1520 3672996 8790956
1757704533 1520 3673380 8790956
1757704534 1520 3674148 8790956
1757704535 1521 3674532 8790956
1757704537 1521 3675300 8790956
1757704538 1521 3675812 8790956
1757704539 1521 3676580 8790956
1757704540 1522 3677348 8790956
1757704541 1522 3677732 8790956
1757704542 1522 3677732 8790956
1757704543 1522 3678116 8790956
1757704544 1522 3678116 8790956
1757704545 1522 3678500 8790956
1757704546 1522 3678500 8790956
1757704547 1520 3678500 8790956
1757704548 1520 3678500 8790956
1757704549 1520 3678884 8790956
1757704550 1520 3679780 8790956
1757704551 1520 3680548 8790956
1757704553 1521 3681060 8790956
1757704554 1521 3681828 8790956
1757704555 1521 3682596 8790956
1757704556 1521 3682980 8790956
1757704557 1521 3683748 8790956
1757704558 1521 3684132 8790956
1757704559 1522 3684900 8790956
1757704560 1522 3685668 8790956
1757704561 1522 3686052 8790956
1757704562 1522 3686820 8790956
1757704563 1520 3687204 8790956
1757704564 1521 3687204 8790956
1757704565 1521 3687204 8790956
1757704566 1521 3687204 8790956
1757704567 1521 3687972 8790956
1757704569 1521 3688356 8790956
1757704570 1521 3689124 8790956
1757704571 1522 3689892 8790956
1757704572 1522 3690276 8790956
1757704573 1522 3690660 8790956
1757704574 1522 3690660 8790956
1757704575 1522 3690660 8790956
1757704576 1522 3691428 8790956
1757704577 1522 3691812 8790956
1757704578 1520 3692196 8790956
1757704579 1520 3692196 8790956
1757704580 1520 3692196 8790956
1757704581 1520 3692196 8790956
1757704582 1521 3692580 8790956
1757704584 1521 3693348 8790956
1757704585 1521 3694244 8790956
1757704586 1521 3694628 8790956
1757704587 1521 3695396 8790956
1757704588 1522 3696164 8790956
1757704589 1522 3696548 8790956
1757704590 1522 3697316 8790956
1757704591 1522 3698084 8790956
1757704592 1522 3698596 8790956
1757704593 1522 3699364 8790956
1757704594 1521 3699748 8790956
1757704595 1521 3700516 8790956
1757704596 1521 3700516 8790956
1757704597 1521 3700516 8790956
1757704598 1521 3700516 8790956
1757704600 1521 3701284 8790956
1757704601 1521 3702052 8790956
1757704602 1522 3702436 8790956
1757704603 1522 3703204 8790956
1757704604 1522 3703204 8790956
1757704605 1522 3703588 8790956
1757704606 1522 3703588 8790956
1757704607 1522 3703972 8790956
1757704608 1522 3704356 8790956
1757704609 1522 3704740 8790956
1757704610 1521 3705508 8790956
1757704611 1521 3705508 8790956
1757704612 1521 3705508 8790956
1757704613 1521 3705508 8790956
1757704614 1521 3705892 8790956
1757704616 1521 3706276 8790956
1757704617 1521 3707044 8790956
1757704618 1521 3707428 8790956
1757704619 1522 3708196 8790956
1757704620 1522 3708580 8790956
1757704621 1522 3709476 8790956
1757704622 1522 3710244 8790956
1757704623 1522 3710628 8790956
1757704624 1523 3711396 8790956
1757704625 1521 3712164 8790956
1757704626 1521 3712932 8790956
1757704627 1521 3713316 8790956
1757704628 1522 3714084 8790956
1757704629 1522 3714084 8790956
1757704631 1522 3714084 8790956
1757704632 1522 3714084 8790956
1757704633 1522 3714980 8790956
1757704634 1522 3715748 8790956
1757704635 1522 3716132 8790956
1757704636 1522 3716132 8790956
1757704637 1522 3716132 8790956
1757704638 1522 3716516 8790956
1757704639 1522 3716900 8790956
1757704640 1521 3716900 8790956
1757704641 1521 3717668 8790956
1757704642 1521 3718052 8790956
1757704643 1521 3718436 8790956
1757704644 1521 3719204 8790956
1757704646 1521 3719204 8790956
1757704647 1521 3719204 8790956
1757704648 1521 3719204 8790956
1757704649 1522 3719588 8790956
1757704650 1522 3720356 8790956
1757704651 1522 3721124 8790956
1757704652 1522 3721508 8790956
1757704653 1522 3722276 8790956
1757704654 1523 3722660 8790956
1757704655 1523 3723428 8790956
1757704656 1521 3724196 8790956
1757704657 1521 3724580 8790956
1757704658 1522 3725348 8790956
1757704659 1522 3726116 8790956
1757704660 1522 3726500 8790956
1757704662 1522 3727396 8790956
1757704663 1522 3727396 8790956
1757704664 1522 3727396 8790956
1757704665 1522 3727396 8790956
1757704666 1522 3728164 8790956
1757704667 1522 3728548 8790956
1757704668 1522 3728548 8790956
1757704669 1522 3728548 8790956
1757704670 1522 3728932 8790956
1757704671 1523 3729316 8790956
1757704672 1521 3729700 8790956
1757704673 1521 3730468 8790956
1757704674 1521 3730852 8790956
1757704675 1522 3731236 8790956
1757704677 1522 3732004 8790956
1757704678 1522 3732900 8790956
1757704679 1522 3732900 8790956
1757704680 1522 3732900 8790956
1757704681 1522 3732900 8790956
1757704682 1522 3733668 8790956
1757704683 1522 3734052 8790956
1757704684 1523 3734948 8790956
1757704685 1523 3735332 8790956
1757704686 1523 3736100 8790956
1757704687 1521 3736868 8790956
1757704688 1522 3737252 8790956
1757704689 1522 3738020 8790956
1757704690 1522 3738404 8790956
1757704691 1522 3739172 8790956
1757704693 1522 3739940 8790956
1757704694 1522 3740324 8790956
1757704695 1523 3741092 8790956
1757704696 1523 3741092 8790956
1757704697 1523 3741092 8790956
1757704698 1523 3741092 8790956
1757704699 1523 3741092 8790956
1757704700 1522 3741092 8790956
1757704701 1523 3741476 8790956
1757704702 1523 3741860 8790956
1757704703 1521 3742244 8790956
1757704704 1521 3743012 8790956
1757704705 1521 3743396 8790956
1757704706 1522 3744164 8790956
1757704707 1522 3744548 8790956
1757704709 1522 3745316 8790956
1757704710 1522 3745700 8790956
1757704711 1522 3746468 8790956
1757704712 1522 3746468 8790956
1757704713 1522 3746468 8790956
1757704714 1522 3746468 8790956
1757704715 1522 3747236 8790956
1757704716 1523 3748004 8790956
1757704717 1523 3748516 8790956
1757704718 1521 3749284 8790956
1757704719 1521 3749668 8790956
1757704720 1522 3750436 8790956
1757704721 1522 3751204 8790956
1757704722 1522 3751972 8790956
1757704724 1522 3752356 8790956
1757704725 1522 3753124 8790956
1757704726 1522 3753508 8790956
1757704727 1523 3754276 8790956
1757704728 1523 3754660 8790956
1757704729 1523 3754660 8790956
1757704730 1523 3754660 8790956
1757704731 1523 3755044 8790956
1757704732 1523 3755044 8790956
1757704733 1523 3755428 8790956
1757704734 1521 3755812 8790956
1757704735 1521 3756196 8790956
1757704736 1521 3756708 8790956
1757704737 1522 3757092 8790956
1757704738 1522 3757860 8790956
1757704740 1522 3758628 8790956
1757704741 1522 3759012 8790956
1757704742 1522 3759780 8790956
1757704743 1522 3760164 8790956
1757704744 1523 3760932 8790956
1757704745 1523 3761316 8790956
1757704746 1523 3761316 8790956
1757704747 1523 3761316 8790956
1757704748 1523 3761700 8790956
1757704749 1523 3762468 8790956
1757704750 1522 3763236 8790956
1757704751 1522 3764132 8790956
1757704752 1522 3764516 8790956
1757704753 1522 3765284 8790956
1757704754 1522 3765668 8790956
1757704756 1522 3766436 8790956
1757704757 1523 3766948 8790956
1757704758 1523 3767716 8790956
1757704759 1523 3768100 8790956
1757704760 1523 3768868 8790956
1757704761 1523 3768868 8790956
1757704762 1523 3768868 8790956
1757704763 1523 3768868 8790956
1757704764 1523 3769252 8790956
1757704765 1521 3769636 8790956
1757704766 1522 3770020 8790956
1757704767 1522 3770532 8790956
1757704768 1522 3770916 8790956
1757704769 1522 3771684 8790956
1757704771 1522 3772068 8790956
1757704772 1522 3772836 8790956
1757704773 1522 3773604 8790956
1757704774 1523 3773988 8790956
1757704775 1523 3774756 8790956
1757704776 1523 3775524 8790956
1757704777 1523 3775908 8790956
1757704778 1523 3776292 8790956
1757704779 1523 3776292 8790956
1757704780 1522 3776292 8790956
1757704781 1522 3776676 8790956
1757704782 1522 3777444 8790956
1757704783 1522 3778340 8790956
1757704784 1522 3778724 8790956
1757704786 1523 3779492 8790956
1757704787 1523 3780260 8790956
1757704788 1523 3780644 8790956
1757704789 1523 3781412 8790956
1757704790 1523 3781796 8790956
1757704791 1523 3782564 8790956
1757704792 1523 3782564 8790956
1757704793 1523 3782948 8790956
1757704794 1523 3782948 8790956
1757704795 1523 3782948 8790956
1757704796 1522 3782948 8790956
1757704797 1522 3783332 8790956
1757704798 1522 3783716 8790956
1757704799 1522 3784100 8790956
1757704800 1522 3784868 8790956
1757704802 1522 3785636 8790956
1757704803 1522 3785636 8790956
1757704804 1522 3786020 8790956
1757704805 1523 3786788 8790956
1757704806 1523 3787172 8790956
1757704807 1523 3787940 8790956
1757704808 1523 3788708 8790956
1757704809 1523 3789092 8790956
1757704810 1523 3789860 8790956
1757704811 1523 3789860 8790956
1757704812 1522 3789860 8790956
1757704813 1522 3789860 8790956
1757704814 1522 3790756 8790956
1757704815 1522 3791140 8790956
1757704816 1522 3791908 8790956
1757704818 1523 3792292 8790956
1757704819 1523 3793060 8790956
1757704820 1523 3793828 8790956
1757704821 1523 3794596 8790956
1757704822 1523 3794980 8790956
1757704823 1523 3795364 8790956
1757704824 1523 3795364 8790956
1757704825 1523 3795364 8790956
1757704826 1523 3795748 8790956
1757704827 1523 3796132 8790956
1757704828 1522 3796132 8790956
1757704829 1522 3796132 8790956
1757704830 1522 3796132 8790956
1757704831 1522 3796900 8790956
1757704832 1522 3797284 8790956
1757704834 1522 3798180 8790956
1757704835 1522 3798564 8790956
1757704836 1523 3799332 8790956
1757704837 1523 3800100 8790956
1757704838 1523 3800484 8790956
1757704839 1523 3801252 8790956
1757704840 1523 3802020 8790956
1757704841 1523 3802404 8790956
1757704842 1524 3803172 8790956
1757704843 1522 3803940 8790956
1757704844 1522 3803940 8790956
1757704845 1522 3803940 8790956
1757704846 1522 3803940 8790956
1757704847 1523 3804708 8790956
1757704849 1523 3805092 8790956
1757704850 1523 3805860 8790956
1757704851 1523 3806244 8790956
1757704852 1523 3807012 8790956
1757704853 1523 3807908 8790956
1757704854 1523 3808420 8790956
1757704855 1523 3808420 8790956
1757704856 1523 3808420 8790956
1757704857 1523 3808420 8790956
1757704858 1523 3808804 8790956
1757704859 1522 3809188 8790956
1757704860 1522 3809572 8790956
1757704861 1522 3809572 8790956
1757704862 1522 3809572 8790956
1757704863 1522 3810084 8790956
1757704865 1522 3810852 8790956
1757704866 1522 3811236 8790956
1757704867 1523 3812004 8790956
1757704868 1523 3812772 8790956
1757704869 1523 3813540 8790956
1757704870 1523 3813924 8790956
1757704871 1523 3814308 8790956
1757704872 1523 3815076 8790956
1757704873 1523 3815844 8790956
1757704874 1523 3816228 8790956
1757704875 1522 3816996 8790956
1757704876 1522 3817380 8790956
1757704877 1522 3817764 8790956
1757704878 1522 3817764 8790956
1757704880 1523 3817764 8790956
1757704881 1523 3818148 8790956
1757704882 1523 3818916 8790956
1757704883 1523 3819428 8790956
1757704884 1523 3820196 8790956
1757704885 1523 3820964 8790956
1757704886 1523 3820964 8790956
1757704887 1523 3820964 8790956
1757704888 1523 3820964 8790956
1757704889 1522 3820964 8790956
1757704890 1522 3821732 8790956
1757704891 1522 3822116 8790956
1757704892 1522 3822500 8790956
1757704893 1522 3822500 8790956
1757704895 1522 3822500 8790956
1757704896 1522 3822500 8790956
1757704897 1523 3823268 8790956
1757704898 1523 3823652 8790956
1757704899 1523 3824420 8790956
1757704900 1523 3825188 8790956
1757704901 1523 3825956 8790956
1757704902 1523 3826340 8790956
1757704903 1523 3827108 8790956
1757704904 1523 3827876 8790956
1757704905 1522 3828260 8790956
1757704906 1522 3829028 8790956
1757704907 1523 3829412 8790956
1757704908 1523 3830180 8790956
1757704910 1523 3830948 8790956
1757704911 1523 3830948 8790956
1757704912 1523 3830948 8790956
1757704913 1523 3830948 8790956
1757704914 1523 3831332 8790956
1757704915 1523 3832228 8790956
1757704916 1523 3832612 8790956
1757704917 1523 3832996 8790956
1757704918 1523 3832996 8790956
1757704919 1523 3832996 8790956
1757704920 1522 3833380 8790956
1757704921 1522 3833764 8790956
1757704922 1522 3834148 8790956
1757704923 1522 3834532 8790956
1757704924 1523 3835300 8790956
1757704926 1523 3836068 8790956
1757704927 1523 3836068 8790956
1757704928 1523 3836068 8790956
1757704929 1523 3836068 8790956
1757704930 1523 3836836 8790956
1757704931 1523 3837604 8790956
1757704932 1523 3837988 8790956
1757704933 1523 3838884 8790956
1757704934 1524 3839652 8790956
1757704935 1522 3840036 8790956
1757704936 1523 3840804 8790956
1757704937 1523 3841188 8790956
1757704938 1523 3841956 8790956
1757704939 1523 3842724 8790956
1757704941 1523 3843108 8790956
1757704942 1523 3843876 8790956
1757704943 1523 3844260 8790956
1757704944 1523 3844644 8790956
1757704945 1523 3844644 8790956
1757704946 1523 3844644 8790956
1757704947 1524 3845028 8790956
1757704948 1523 3845028 8790956
1757704949 1523 3845028 8790956
1757704950 1523 3845412 8790956
1757704951 1522 3845412 8790956
1757704952 1522 3845796 8790956
1757704953 1522 3846308 8790956
1757704954 1522 3846692 8790956
1757704955 1523 3847460 8790956
1757704957 1523 3847844 8790956
1757704958 1523 3848612 8790956
1757704959 1523 3849508 8790956
1757704960 1523 3849508 8790956
1757704961 1523 3849508 8790956
1757704962 1523 3849508 8790956
1757704963 1523 3850276 8790956
1757704964 1523 3850660 8790956
1757704965 1523 3851428 8790956
1757704966 1524 3851812 8790956
1757704967 1522 3852580 8790956
1757704968 1523 3853092 8790956
1757704969 1523 3853860 8790956
1757704970 1523 3854628 8790956
1757704971 1523 3855012 8790956
1757704973 1523 3855780 8790956
1757704974 1523 3856548 8790956
1757704975 1523 3857316 8790956
1757704976 1524 3857700 8790956
1757704977 1524 3858084 8790956
1757704978 1524 3858084 8790956
1757704979 1524 3858084 8790956
1757704980 1524 3858084 8790956
1757704981 1524 3858468 8790956
1757704982 1522 3858468 8790956
1757704983 1522 3858852 8790956
1757704984 1522 3859236 8790956
1757704985 1523 3859620 8790956
1757704986 1523 3860388 8790956
1757704988 1523 3860772 8790956
1757704989 1523 3861540 8790956
1757704990 1523 3861924 8790956
1757704991 1523 3862820 8790956
1757704992 1523 3863588 8790956
1757704993 1523 3863588 8790956
1757704994 1523 3863588 8790956
1757704995 1523 3863588 8790956
1757704996 1524 3864356 8790956
1757704997 1524 3864740 8790956
1757704998 1523 3865508 8790956
1757704999 1523 3865892 8790956
1757705000 1523 3866660 8790956
1757705001 1523 3867428 8790956
1757705003 1523 3867812 8790956
1757705004 1523 3868580 8790956
1757705005 1523 3869348 8790956
1757705006 1523 3869732 8790956
1757705007 1524 3870628 8790956
1757705008 1524 3871396 8790956
1757705009 1524 3871780 8790956
1757705010 1524 3872164 8790956
1757705011 1524 3872164 8790956
1757705012 1524 3872164 8790956
1757705013 1522 3872164 8790956
1757705014 1522 3872548 8790956
1757705015 1523 3873060 8790956
1757705016 1523 3873828 8790956
1757705017 1523 3874212 8790956
1757705019 1523 3874980 8790956
1757705020 1523 3875748 8790956
1757705021 1523 3876132 8790956
1757705022 1523 3876900 8790956
1757705023 1523 3877284 8790956
1757705024 1524 3878052 8790956
1757705025 1524 3878436 8790956
1757705026 1524 3878436 8790956
1757705027 1524 3878436 8790956
1757705028 1524 3878820 8790956
1757705029 1523 3879204 8790956
1757705030 1523 3879972 8790956
1757705031 1523 3880740 8790956
1757705032 1523 3881124 8790956
1757705033 1523 3881892 8790956
1757705035 1523 3882276 8790956
1757705036 1523 3882660 8790956
1757705037 1524 3883428 8790956
1757705038 1524 3884196 8790956
1757705039 1524 3884580 8790956
1757705040 1524 3885348 8790956
1757705041 1524 3886244 8790956
1757705042 1524 3886244 8790956
1757705043 1524 3886244 8790956
1757705044 1523 3886244 8790956
1757705045 1523 3886244 8790956
1757705046 1523 3886628 8790956
1757705047 1523 3887140 8790956
1757705048 1523 3887524 8790956
1757705050 1523 3888292 8790956
1757705051 1523 3888676 8790956
1757705052 1523 3889444 8790956
1757705053 1523 3889828 8790956
1757705054 1523 3890596 8790956
1757705055 1524 3891364 8790956
1757705056 1524 3891748 8790956
1757705057 1524 3892516 8790956
1757705058 1524 3892900 8790956
1757705059 1524 3892900 8790956
1757705060 1523 3892900 8790956
1757705061 1523 3893284 8790956
1757705062 1523 3894052 8790956
1757705063 1523 3894436 8790956
1757705064 1523 3895204 8790956
1757705066 1523 3896100 8790956
1757705067 1524 3896484 8790956
1757705068 1524 3897252 8790956
1757705069 1524 3898020 8790956
1757705070 1524 3898404 8790956
1757705071 1524 3899172 8790956
1757705072 1524 3899556 8790956
1757705073 1524 3899940 8790956
1757705074 1524 3899940 8790956
1757705075 1523 3899940 8790956
1757705076 1523 3900324 8790956
1757705077 1523 3900324 8790956
1757705078 1523 3900324 8790956
1757705079 1523 3900324 8790956
1757705080 1523 3901092 8790956
1757705082 1523 3901476 8790956
1757705083 1523 3902244 8790956
1757705084 1523 3902628 8790956
1757705085 1524 3903396 8790956
1757705086 1524 3904164 8790956
1757705087 1524 3904548 8790956
1757705088 1524 3905444 8790956
1757705089 1524 3905828 8790956
1757705090 1524 3906596 8790956
1757705091 1524 3906596 8790956
1757705092 1523 3906596 8790956
1757705093 1523 3906596 8790956
1757705094 1523 3906596 8790956
1757705095 1523 3906980 8790956
1757705096 1523 3907748 8790956
1757705098 1523 3908516 8790956
1757705099 1524 3909284 8790956
1757705100 1524 3909668 8790956
1757705101 1524 3910436 8790956
1757705102 1524 3911204 8790956
1757705103 1524 3911588 8790956
1757705104 1524 3911972 8790956
1757705105 1524 3911972 8790956
1757705106 1524 3912356 8790956
1757705107 1523 3912356 8790956
1757705108 1523 3912740 8790956
1757705109 1523 3913124 8790956
1757705110 1523 3913124 8790956
1757705111 1523 3913124 8790956
1757705113 1523 3913124 8790956
1757705114 1523 3913892 8790956
1757705115 1523 3914276 8790956
1757705116 1524 3915044 8790956
1757705117 1524 3915812 8790956
1757705118 1524 3916580 8790956
1757705119 1524 3916964 8790956
1757705120 1524 3917732 8790956
1757705121 1524 3918116 8790956
1757705122 1523 3918884 8790956
1757705123 1523 3919652 8790956
1757705124 1523 3919652 8790956
1757705125 1523 3919652 8790956
1757705126 1523 3919652 8790956
1757705128 1524 3920420 8790956
1757705129 1524 3920932 8790956
1757705130 1524 3921700 8790956
1757705131 1524 3922468 8790956
1757705132 1524 3923236 8790956
1757705133 1524 3923620 8790956
1757705134 1524 3924388 8790956
1757705135 1524 3924772 8790956
1757705136 1524 3925156 8790956
1757705137 1524 3925156 8790956
1757705138 1523 3925156 8790956
1757705139 1523 3925156 8790956
1757705140 1523 3925540 8790956
1757705141 1523 3925924 8790956
1757705143 1523 3926692 8790956
1757705144 1523 3926692 8790956
1757705145 1523 3926692 8790956
1757705146 1524 3926692 8790956
1757705147 1524 3927588 8790956
1757705148 1524 3927972 8790956
1757705149 1524 3928740 8790956
1757705150 1524 3929124 8790956
1757705151 1524 3929892 8790956
1757705152 1524 3930660 8790956
1757705153 1523 3931428 8790956
1757705154 1523 3931812 8790956
1757705155 1524 3932580 8790956
1757705156 1524 3932964 8790956
1757705158 1524 3932964 8790956
1757705159 1524 3932964 8790956
1757705160 1524 3933348 8790956
1757705161 1524 3933732 8790956
1757705162 1524 3934500 8790956
1757705163 1524 3935268 8790956
1757705164 1524 3935652 8790956
1757705165 1524 3936548 8790956
1757705166 1524 3936932 8790956
1757705167 1524 3937316 8790956
1757705168 1523 3937316 8790956
1757705169 1523 3937700 8790956
1757705170 1523 3937700 8790956
1757705171 1523 3938084 8790956
1757705172 1523 3938468 8790956
1757705174 1524 3938852 8790956
1757705175 1524 3939620 8790956
1757705176 1524 3940388 8790956
1757705177 1524 3940388 8790956
1757705178 1524 3940388 8790956
1757705179 1524 3940388 8790956
1757705180 1524 3940900 8790956
1757705181 1524 3941668 8790956
1757705182 1524 3942052 8790956
1757705183 1523 3942820 8790956
1757705184 1523 3943588 8790956
1757705185 1523 3943972 8790956
1757705186 1524 3944740 8790956
1757705187 1524 3945508 8790956
1757705189 1524 3946276 8790956
1757705190 1524 3946660 8790956
1757705191 1524 3946660 8790956
1757705192 1524 3946660 8790956
1757705193 1524 3946660 8790956
1757705194 1524 3947428 8790956
1757705195 1524 3948196 8790956
1757705196 1524 3949092 8790956
1757705197 1525 3949476 8790956
1757705198 1525 3949860 8790956
1757705199 1524 3949860 8790956
1757705200 1524 3949860 8790956
1757705201 1523 3950244 8790956
1757705202 1524 3950628 8790956
1757705204 1524 3950628 8790956
1757705205 1524 3951396 8790956
1757705206 1524 3952164 8790956
1757705207 1524 3952548 8790956
1757705208 1524 3953316 8790956
1757705209 1524 3954084 8790956
1757705210 1524 3954084 8790956
1757705211 1524 3954084 8790956
1757705212 1524 3954084 8790956
1757705213 1524 3954468 8790956
1757705214 1523 3955236 8790956
1757705215 1523 3955748 8790956
1757705216 1524 3956516 8790956
1757705217 1524 3957284 8790956
1757705218 1524 3957668 8790956
1757705220 1524 3958436 8790956
1757705221 1524 3959204 8790956
1757705222 1524 3959588 8790956
1757705223 1524 3960356 8790956
1757705224 1524 3960356 8790956
1757705225 1524 3960356 8790956
1757705226 1524 3960356 8790956
1757705227 1524 3961124 8790956
1757705228 1525 3961892 8790956
1757705229 1525 3962276 8790956
1757705230 1524 3962276 8790956
1757705231 1524 3962276 8790956
1757705232 1524 3962276 8790956
1757705233 1524 3962276 8790956
1757705235 1524 3963044 8790956
1757705236 1524 3963044 8790956
1757705237 1524 3963812 8790956
1757705238 1524 3964580 8790956
1757705239 1524 3964964 8790956
1757705240 1524 3965860 8790956
1757705241 1524 3966244 8790956
1757705242 1524 3967012 8790956
1757705243 1524 3967012 8790956
1757705244 1524 3967012 8790956
1757705245 1523 3967012 8790956
1757705246 1524 3967780 8790956
1757705247 1524 3968548 8790956
1757705248 1524 3968932 8790956
1757705249 1524 3969700 8790956
1757705251 1524 3970084 8790956
1757705252 1524 3970980 8790956
1757705253 1524 3971748 8790956
1757705254 1524 3972516 8790956
1757705255 1524 3972900 8790956
1757705256 1525 3973284 8790956
1757705257 1525 3973284 8790956
1757705258 1525 3973284 8790956
1757705259 1525 3974052 8790956
1757705260 1524 3974436 8790956
1757705261 1524 3974436 8790956
1757705262 1524 3974436 8790956
1757705263 1524 3974820 8790956
1757705264 1524 3974820 8790956
1757705266 1524 3974820 8790956
1757705267 1524 3974820 8790956
1757705268 1524 3975204 8790956
1757705269 1524 3976100 8790956
1757705270 1524 3976868 8790956
1757705271 1524 3977252 8790956
1757705272 1524 3978020 8790956
1757705273 1524 3978788 8790956
1757705274 1524 3979172 8790956
1757705275 1525 3979940 8790956
1757705276 1524 3979940 8790956
1757705277 1524 3979940 8790956
1757705278 1524 3979940 8790956
1757705279 1524 3980708 8790956
1757705281 1524 3981476 8790956
1757705282 1524 3981988 8790956
1757705283 1524 3982756 8790956
1757705284 1524 3983140 8790956
1757705285 1524 3983908 8790956
1757705286 1524 3984676 8790956
1757705287 1525 3985444 8790956
1757705288 1525 3985828 8790956
1757705289 1525 3986212 8790956
1757705290 1525 3986212 8790956
1757705291 1524 3986212 8790956
1757705292 1524 3986596 8790956
1757705293 1524 3986596 8790956
1757705295 1524 3986596 8790956
1757705296 1524 3986596 8790956
1757705297 1524 3986596 8790956
1757705298 1524 3986596 8790956
1757705299 1524 3986596 8790956
1757705300 1524 3986980 8790956
1757705301 1524 3987748 8790956
1757705302 1524 3988132 8790956
1757705303 1524 3988900 8790956
1757705304 1524 3989668 8790956
1757705305 1523 3990052 8790956
1757705306 1523 3990820 8790956
1757705307 1524 3991204 8790956
1757705308 1524 3991972 8790956
1757705309 1524 3991972 8790956
1757705311 1524 3991972 8790956
1757705312 1524 3992356 8790956
1757705313 1524 3992740 8790956
1757705314 1524 3993508 8790956
1757705315 1524 3994276 8790956
1757705316 1524 3995044 8790956
1757705317 1524 3995428 8790956
1757705318 1524 3996196 8790956
1757705319 1524 3996580 8790956
1757705320 1524 3997348 8790956
1757705321 1524 3997732 8790956
1757705322 1524 3998116 8790956
1757705323 1524 3998116 8790956
1757705324 1524 3998116 8790956
1757705326 1524 3998116 8790956
1757705327 1524 3998116 8790956
1757705328 1524 3998116 8790956
1757705329 1524 3998116 8790956
1757705330 1524 3998116 8790956
1757705331 1524 3998628 8790956
1757705332 1524 3999396 8790956
1757705333 1524 3999780 8790956
1757705334 1524 4000548 8790956
1757705335 1524 4000932 8790956
1757705336 1523 4001700 8790956
1757705337 1523 4002468 8790956
1757705338 1523 4002852 8790956
1757705339 1523 4003620 8790956
1757705340 1524 4004004 8790956
1757705342 1524 4004772 8790956
1757705343 1524 4004772 8790956
1757705344 1524 4004772 8790956
1757705345 1524 4004772 8790956
1757705346 1524 4005540 8790956
1757705347 1524 4006308 8790956
1757705348 1524 4007076 8790956
1757705349 1524 4007460 8790956
1757705350 1524 4008228 8790956
1757705351 1524 4008996 8790956
1757705352 1523 4009380 8790956
1757705353 1524 4010276 8790956
1757705354 1524 4010660 8790956
1757705355 1524 4010660 8790956
1757705356 1524 4010660 8790956
1757705358 1523 4010660 8790956
1757705359 1523 4010660 8790956
1757705360 1523 4011044 8790956
1757705361 1523 4011044 8790956
1757705362 1523 4011044 8790956
1757705363 1524 4011812 8790956
1757705364 1524 4012196 8790956
1757705365 1524 4013092 8790956
1757705366 1524 4013476 8790956
1757705367 1524 4014244 8790956
1757705368 1523 4014628 8790956
1757705369 1523 4015396 8790956
1757705370 1523 4016164 8790956
1757705371 1523 4016932 8790956
1757705373 1523 4017316 8790956
1757705374 1524 4018084 8790956
1757705375 1524 4018852 8790956
1757705376 1524 4018852 8790956
1757705377 1524 4018852 8790956
1757705378 1524 4018852 8790956
1757705379 1524 4019620 8790956
1757705380 1524 4020004 8790956
1757705381 1524 4020772 8790956
1757705382 1524 4021284 8790956
1757705383 1523 4022052 8790956
1757705384 1523 4022820 8790956
1757705385 1523 4023204 8790956
1757705386 1523 4023204 8790956
1757705387 1523 4023204 8790956
1757705389 1523 4023204 8790956
1757705390 1523 4023204 8790956
1757705391 1523 4023204 8790956
1757705392 1523 4023204 8790956
1757705393 1523 4023588 8790956
1757705394 1523 4023972 8790956
1757705395 1523 4024740 8790956
1757705396 1523 4025124 8790956
1757705397 1523 4025892 8790956
1757705398 1523 4026660 8790956
1757705399 1523 4027044 8790956
1757705400 1523 4027940 8790956
1757705401 1523 4028324 8790956
1757705402 1523 4028708 8790956
1757705404 1523 4029092 8790956
1757705405 1523 4029860 8790956
1757705406 1523 4030628 8790956
1757705407 1523 4031012 8790956
1757705408 1523 4031780 8790956
1757705409 1523 4031780 8790956
1757705410 1524 4031780 8790956
1757705411 1524 4031780 8790956
1757705412 1524 4032548 8790956
1757705413 1524 4032932 8790956
1757705414 1523 4033700 8790956
1757705415 1523 4034212 8790956
1757705416 1523 4034980 8790956
1757705417 1523 4034980 8790956
1757705419 1523 4035364 8790956
1757705420 1523 4035364 8790956
1757705421 1523 4035364 8790956
1757705422 1523 4035364 8790956
1757705423 1523 4035364 8790956
1757705424 1523 4035364 8790956
1757705425 1523 4036132 8790956
1757705426 1523 4036516 8790956
1757705427 1523 4037284 8790956
1757705428 1523 4038052 8790956
1757705429 1523 4038436 8790956
1757705430 1523 4039204 8790956
1757705431 1523 4039588 8790956
1757705432 1523 4040356 8790956
1757705433 1523 4041124 8790956
1757705435 1523 4041508 8790956
1757705436 1523 4042276 8790956
1757705437 1523 4043044 8790956
1757705438 1523 4043428 8790956
1757705439 1523 4044196 8790956
1757705440 1524 4044964 8790956
1757705441 1524 4045348 8790956
1757705442 1524 4045732 8790956
1757705443 1524 4045732 8790956
1757705444 1523 4045732 8790956
1757705445 1523 4046116 8790956
1757705446 1523 4046884 8790956
1757705447 1523 4047268 8790956
1757705448 1523 4047652 8790956
1757705450 1523 4048036 8790956
1757705451 1523 4048420 8790956
1757705452 1523 4048420 8790956
1757705453 1523 4048420 8790956
1757705454 1523 4049188 8790956
1757705455 1523 4049188 8790956
1757705456 1523 4049188 8790956
1757705457 1523 4049572 8790956
1757705458 1523 4049956 8790956
1757705459 1524 4050724 8790956
1757705460 1523 4051108 8790956
1757705461 1523 4051876 8790956
1757705462 1523 4052644 8790956
1757705463 1523 4053156 8790956
1757705465 1523 4053924 8790956
1757705466 1523 4054692 8790956
1757705467 1523 4055204 8790956
1757705468 1523 4055972 8790956
1757705469 1524 4056740 8790956
1757705470 1524 4057124 8790956
1757705471 1524 4057892 8790956
1757705472 1524 4058660 8790956
1757705473 1524 4059044 8790956
1757705474 1524 4059812 8790956
1757705475 1523 4059812 8790956
1757705476 1523 4059812 8790956
1757705477 1523 4059812 8790956
1757705478 1523 4060708 8790956
1757705479 1523 4060708 8790956
1757705481 1523 4061092 8790956
1757705482 1523 4061476 8790956
1757705483 1523 4061476 8790956
1757705484 1523 4061476 8790956
1757705485 1523 4062244 8790956
1757705486 1524 4062628 8790956
1757705487 1524 4063012 8790956
1757705488 1524 4063012 8790956
1757705489 1524 4063012 8790956
1757705490 1524 4063396 8790956
1757705491 1523 4064164 8790956
1757705492 1523 4064932 8790956
1757705493 1523 4065316 8790956
1757705494 1523 4066084 8790956
1757705495 1523 4066468 8790956
1757705497 1523 4067364 8790956
1757705498 1523 4067748 8790956
1757705499 1524 4068516 8790956
1757705500 1524 4069412 8790956
1757705501 1524 4070180 8790956
1757705502 1524 4070564 8790956
1757705503 1524 4071332 8790956
1757705504 1524 4072100 8790956
1757705505 1524 4072484 8790956
1757705506 1523 4073252 8790956
1757705507 1523 4073636 8790956
1757705508 1524 4074020 8790956
1757705509 1524 4074020 8790956
1757705510 1524 4074020 8790956
1757705512 1523 4074020 8790956
1757705513 1523 4074020 8790956
1757705514 1523 4074020 8790956
1757705515 1523 4074404 8790956
1757705516 1524 4074788 8790956
1757705517 1524 4075172 8790956
1757705518 1524 4075940 8790956
1757705519 1524 4076708 8790956
1757705520 1524 4077092 8790956
1757705521 1524 4077092 8790956
1757705522 1523 4077092 8790956
1757705523 1523 4077092 8790956
1757705524 1523 4077860 8790956
1757705525 1523 4078628 8790956
1757705526 1523 4079396 8790956
1757705528 1523 4079780 8790956
1757705529 1524 4080548 8790956
1757705530 1524 4081316 8790956
1757705531 1524 4081700 8790956
1757705532 1524 4082468 8790956
1757705533 1524 4082852 8790956
1757705534 1524 4083620 8790956
1757705535 1524 4084004 8790956
1757705536 1524 4084900 8790956
1757705537 1523 4085668 8790956
1757705538 1524 4086052 8790956
1757705539 1524 4086820 8790956
1757705540 1524 4087204 8790956
1757705541 1524 4087588 8790956
1757705543 1524 4087588 8790956
1757705544 1524 4087588 8790956
1757705545 1524 4087588 8790956
1757705546 1524 4087588 8790956
1757705547 1524 4088100 8790956
1757705548 1524 4088868 8790956
1757705549 1524 4089252 8790956
1757705550 1524 4090020 8790956
1757705551 1524 4090788 8790956
1757705552 1524 4091172 8790956
1757705553 1523 4091556 8790956
1757705554 1523 4091556 8790956
1757705555 1523 4091556 8790956
1757705556 1523 4091940 8790956
1757705557 1523 4092708 8790956
1757705559 1524 4093092 8790956
1757705560 1524 4093988 8790956
1757705561 1524 4094756 8790956
1757705562 1524 4095140 8790956
1757705563 1524 4095908 8790956
1757705564 1524 4096676 8790956
1757705565 1524 4097060 8790956
1757705566 1524 4097828 8790956
1757705567 1524 4098596 8790956
1757705568 1523 4098980 8790956
1757705569 1524 4099748 8790956
1757705570 1524 4100132 8790956
1757705571 1524 4100900 8790956
1757705572 1524 4101668 8790956
1757705573 1524 4102052 8790956
1757705575 1524 4102052 8790956
1757705576 1524 4102052 8790956
1757705577 1524 4102052 8790956
1757705578 1524 4102052 8790956
1757705579 1524 4102820 8790956
1757705580 1524 4103204 8790956
1757705581 1524 4103972 8790956
1757705582 1524 4104356 8790956
1757705583 1524 4105124 8790956
1757705584 1523 4105892 8790956
1757705585 1523 4106276 8790956
1757705586 1523 4106660 8790956
1757705587 1523 4106660 8790956
1757705588 1524 4106660 8790956
1757705590 1524 4107044 8790956
1757705591 1524 4107940 8790956
1757705592 1524 4108324 8790956
1757705593 1524 4109220 8790956
1757705594 1524 4109604 8790956
1757705595 1524 4110372 8790956
1757705596 1524 4111140 8790956
1757705597 1524 4111524 8790956
1757705598 1524 4112292 8790956
1757705599 1524 4113060 8790956
1757705600 1524 4113956 8790956
1757705601 1524 4114340 8790956
1757705602 1524 4115108 8790956
1757705603 1524 4115492 8790956
1757705605 1524 4115876 8790956
1757705606 1524 4115876 8790956
1757705607 1524 4115876 8790956
1757705608 1524 4115876 8790956
1757705609 1524 4115876 8790956
1757705610 1524 4115876 8790956
1757705611 1524 4116260 8790956
1757705612 1524 4117028 8790956
1757705613 1524 4117412 8790956
1757705614 1524 4118180 8790956
1757705615 1524 4118564 8790956
1757705616 1524 4119332 8790956
1757705617 1524 4119844 8790956
1757705618 1524 4120612 8790956
1757705619 1524 4120996 8790956
1757705621 1524 4120996 8790956
1757705622 1524 4120996 8790956
1757705623 1524 4121380 8790956
1757705624 1524 4122148 8790956
1757705625 1524 4122532 8790956
1757705626 1524 4123300 8790956
1757705627 1524 4124068 8790956
1757705628 1524 4124452 8790956
1757705629 1524 4125220 8790956
1757705630 1524 4125604 8790956
1757705631 1524 4126372 8790956
1757705632 1524 4127140 8790956
1757705633 1524 4127524 8790956
1757705634 1524 4127908 8790956
1757705636 1524 4127908 8790956
1757705637 1524 4127908 8790956
1757705638 1524 4128292 8790956
1757705639 1524 4128676 8790956
1757705640 1524 4129444 8790956
1757705641 1524 4129444 8790956
1757705642 1524 4129444 8790956
1757705643 1524 4129444 8790956
1757705644 1524 4129828 8790956
1757705645 1524 4130212 8790956
1757705646 1524 4130980 8790956
1757705647 1524 4131748 8790956
1757705648 1524 4132132 8790956
1757705649 1524 4132900 8790956
1757705650 1524 4133284 8790956
1757705652 1524 4134052 8790956
1757705653 1524 4134052 8790956
1757705654 1524 4134052 8790956
1757705655 1524 4134564 8790956
1757705656 1524 4134948 8790956
1757705657 1524 4135716 8790956
1757705658 1524 4136100 8790956
1757705659 1524 4136868 8790956
1757705660 1524 4137636 8790956
1757705661 1524 4138020 8790956
1757705662 1524 4138788 8790956
1757705663 1524 4139556 8790956
1757705664 1524 4139940 8790956
1757705665 1524 4139940 8790956
1757705667 1524 4140324 8790956
1757705668 1524 4140324 8790956
1757705669 1524 4140324 8790956
1757705670 1524 4141092 8790956
1757705671 1524 4141476 8790956
1757705672 1524 4141860 8790956
1757705673 1524 4142628 8790956
1757705674 1524 4143140 8790956
1757705675 1524 4143140 8790956
1757705676 1524 4143140 8790956
1757705677 1524 4143652 8790956
1757705678 1524 4144036 8790956
1757705679 1524 4144804 8790956
1757705680 1524 4145572 8790956
1757705681 1524 4145956 8790956
1757705683 1524 4146724 8790956
1757705684 1524 4147492 8790956
1757705685 1524 4147876 8790956
1757705686 1524 4147876 8790956
1757705687 1524 4147876 8790956
1757705688 1524 4147876 8790956
1757705689 1524 4148772 8790956
1757705690 1524 4149540 8790956
1757705691 1525 4149924 8790956
1757705692 1524 4150692 8790956
1757705693 1524 4151460 8790956
1757705694 1524 4152228 8790956
1757705695 1524 4152612 8790956
1757705696 1524 4152612 8790956
1757705698 1524 4152996 8790956
1757705699 1524 4152996 8790956
1757705700 1524 4152996 8790956
1757705701 1524 4153764 8790956
1757705702 1524 4154532 8790956
1757705703 1524 4154916 8790956
1757705704 1524 4155684 8790956
1757705705 1525 4156068 8790956
1757705706 1525 4156836 8790956
1757705707 1525 4157220 8790956
1757705708 1524 4157220 8790956
1757705709 1524 4157220 8790956
1757705710 1524 4157604 8790956
1757705711 1524 4157988 8790956
1757705713 1524 4158756 8790956
1757705714 1524 4159524 8790956
1757705715 1524 4159908 8790956
1757705716 1524 4160676 8790956
1757705717 1524 4161572 8790956
1757705718 1525 4161956 8790956
1757705719 1525 4161956 8790956
1757705720 1525 4161956 8790956
1757705721 1525 4161956 8790956
1757705722 1525 4162852 8790956
1757705723 1524 4163620 8790956
1757705724 1524 4164004 8790956
1757705725 1524 4164772 8790956
1757705726 1524 4165540 8790956
1757705727 1524 4165924 8790956
1757705729 1524 4165924 8790956
1757705730 1524 4165924 8790956
1757705731 1524 4165924 8790956
1757705732 1524 4166308 8790956
1757705733 1524 4167076 8790956
1757705734 1524 4167460 8790956
1757705735 1524 4167844 8790956
1757705736 1524 4168612 8790956
1757705737 1525 4169380 8790956
1757705738 1525 4169764 8790956
1757705739 1524 4170532 8790956
1757705740 1524 4170916 8790956
1757705741 1524 4170916 8790956
1757705742 1524 4170916 8790956
1757705743 1524 4171300 8790956
1757705745 1524 4171684 8790956
1757705746 1524 4172452 8790956
1757705747 1524 4173220 8790956
1757705748 1524 4173604 8790956
1757705749 1525 4174372 8790956
1757705750 1525 4175140 8790956
1757705751 1525 4175140 8790956
1757705752 1525 4175140 8790956
1757705753 1525 4175140 8790956
1757705754 1524 4175524 8790956
1757705755 1524 4176420 8790956
1757705756 1524 4176804 8790956
1757705757 1524 4177572 8790956
1757705758 1524 4177956 8790956
1757705760 1524 4178340 8790956
1757705761 1524 4178340 8790956
1757705762 1524 4178340 8790956
1757705763 1524 4178724 8790956
1757705764 1524 4179492 8790956
1757705765 1524 4179876 8790956
1757705766 1525 4180260 8790956
1757705767 1525 4181028 8790956
1757705768 1525 4181412 8790956
1757705769 1524 4182180 8790956
1757705770 1524 4182564 8790956
1757705771 1524 4183332 8790956
1757705772 1524 4184228 8790956
1757705773 1524 4184612 8790956
1757705774 1524 4184612 8790956
1757705776 1524 4184612 8790956
1757705777 1524 4184996 8790956
1757705778 1524 4185380 8790956
1757705779 1524 4186148 8790956
1757705780 1525 4186532 8790956
1757705781 1525 4187300 8790956
1757705782 1525 4187684 8790956
1757705783 1525 4188452 8790956
1757705784 1525 4188836 8790956
1757705785 1524 4188836 8790956
1757705786 1524 4188836 8790956
1757705787 1524 4189220 8790956
1757705788 1524 4190116 8790956
1757705789 1524 4190500 8790956
1757705791 1524 4190884 8790956
1757705792 1524 4190884 8790956
1757705793 1524 4190884 8790956
1757705794 1524 4191268 8790956
1757705795 1524 4191652 8790956
1757705796 1524 4192420 8790956
1757705797 1525 4192804 8790956
1757705798 1525 4193572 8790956
1757705799 1525 4193956 8790956
1757705800 1525 4194724 8790956
1757705801 1524 4195492 8790956
1757705802 1524 4195876 8790956
1757705803 1524 4196644 8790956
1757705804 1524 4197412 8790956
1757705806 1524 4197796 8790956
1757705807 1524 4198692 8790956
1757705808 1525 4198692 8790956
1757705809 1525 4198692 8790956
1757705810 1525 4198692 8790956
1757705811 1525 4199460 8790956
1757705812 1525 4199844 8790956
1757705813 1525 4200612 8790956
1757705814 1525 4200996 8790956
1757705815 1525 4201764 8790956
1757705816 1524 4202532 8790956
1757705817 1524 4202532 8790956
1757705818 1524 4202532 8790956
1757705819 1524 4202532 8790956
1757705820 1524 4203300 8790956
1757705822 1524 4203684 8790956
1757705823 1524 4203684 8790956
1757705824 1524 4203684 8790956
1757705825 1524 4203684 8790956
1757705826 1525 4204452 8790956
1757705827 1525 4204836 8790956
1757705828 1525 4205220 8790956
1757705829 1525 4205988 8790956
1757705830 1525 4206756 8790956
1757705831 1525 4207140 8790956
1757705832 1524 4208036 8790956
1757705833 1524 4208804 8790956
1757705834 1524 4209188 8790956
1757705835 1524 4209956 8790956
1757705837 1525 4210340 8790956
1757705838 1525 4211108 8790956
1757705839 1525 4211492 8790956
1757705840 1525 4212260 8790956
1757705841 1525 4212260 8790956
1757705842 1525 4212260 8790956
1757705843 1525 4212260 8790956
1757705844 1525 4213156 8790956
1757705845 1525 4213924 8790956
1757705846 1525 4214308 8790956
1757705847 1524 4215076 8790956
1757705848 1524 4215460 8790956
1757705849 1525 4216228 8790956
1757705850 1525 4216228 8790956
1757705852 1525 4216228 8790956
1757705853 1525 4216228 8790956
1757705854 1525 4216228 8790956
1757705855 1525 4216228 8790956
1757705856 1525 4216612 8790956
1757705857 1525 4216996 8790956
1757705858 1525 4217508 8790956
1757705859 1525 4218276 8790956
1757705860 1525 4218660 8790956
1757705861 1525 4219428 8790956
1757705862 1524 4219812 8790956
1757705863 1524 4220580 8790956
1757705864 1524 4221348 8790956
1757705865 1524 4222116 8790956
1757705866 1525 4222628 8790956
1757705868 1525 4223396 8790956
1757705869 1525 4223780 8790956
1757705870 1525 4224548 8790956
1757705871 1525 4225316 8790956
1757705872 1525 4225700 8790956
1757705873 1525 4226468 8790956
1757705874 1525 4226468 8790956
1757705875 1525 4226468 8790956
1757705876 1525 4226468 8790956
1757705877 1524 4227236 8790956
1757705878 1524 4227620 8790956
1757705879 1525 4228388 8790956
1757705880 1525 4228772 8790956
1757705881 1525 4229540 8790956
1757705883 1525 4230436 8790956
1757705884 1525 4230436 8790956
1757705885 1525 4230436 8790956
1757705886 1525 4230436 8790956
1757705887 1525 4230436 8790956
1757705888 1525 4230820 8790956
1757705889 1525 4231588 8790956
1757705890 1525 4231972 8790956
1757705891 1525 4232740 8790956
1757705892 1525 4233508 8790956
1757705893 1524 4233892 8790956
1757705894 1524 4234660 8790956
1757705895 1524 4235044 8790956
1757705896 1525 4235812 8790956
1757705898 1525 4236708 8790956
1757705899 1525 4237092 8790956
1757705900 1525 4237860 8790956
1757705901 1525 4238628 8790956
1757705902 1525 4239012 8790956
1757705903 1525 4239780 8790956
1757705904 1525 4240676 8790956
1757705905 1525 4241060 8790956
1757705906 1525 4241828 8790956
1757705907 1525 4241828 8790956
1757705908 1525 4241828 8790956
1757705909 1525 4241828 8790956
1757705910 1525 4242596 8790956
1757705911 1525 4242980 8790956
1757705912 1525 4243748 8790956
1757705914 1525 4244516 8790956
1757705915 1525 4244516 8790956
1757705916 1525 4244900 8790956
1757705917 1525 4244900 8790956
1757705918 1525 4244900 8790956
1757705919 1525 4244900 8790956
1757705920 1525 4245284 8790956
1757705921 1525 4245668 8790956
1757705922 1525 4246436 8790956
1757705923 1524 4247204 8790956
1757705924 1524 4247972 8790956
1757705925 1525 4248356 8790956
1757705926 1525 4249124 8790956
1757705927 1525 4249892 8790956
1757705929 1525 4250276 8790956
1757705930 1525 4251044 8790956
1757705931 1525 4251556 8790956
1757705932 1525 4252324 8790956
1757705933 1525 4253092 8790956
1757705934 1525 4253476 8790956
1757705935 1525 4254244 8790956
1757705936 1525 4255012 8790956
1757705937 1525 4255396 8790956
1757705938 1525 4256164 8790956
1757705939 1525 4256932 8790956
1757705940 1525 4256932 8790956
1757705941 1525 4256932 8790956
1757705942 1525 4256932 8790956
1757705944 1525 4257316 8790956
1757705945 1525 4258084 8790956
1757705946 1525 4258468 8790956
1757705947 1525 4258468 8790956
1757705948 1525 4258468 8790956
1757705949 1525 4258468 8790956
1757705950 1525 4258468 8790956
1757705951 1525 4258468 8790956
1757705952 1525 4258468 8790956
1757705953 1525 4258852 8790956
1757705954 1525 4259620 8790956
1757705955 1524 4260388 8790956
1757705956 1525 4260772 8790956
1757705957 1525 4261540 8790956
1757705958 1525 4261924 8790956
1757705960 1525 4262692 8790956
1757705961 1525 4263460 8790956
1757705962 1525 4263844 8790956
1757705963 1525 4264612 8790956
1757705964 1525 4265380 8790956
1757705965 1525 4266276 8790956
1757705966 1525 4266660 8790956
1757705967 1525 4267428 8790956
1757705968 1525 4267812 8790956
1757705969 1525 4268580 8790956
1757705970 1525 4268964 8790956
1757705971 1525 4269732 8790956
1757705972 1525 4270628 8790956
1757705973 1525 4270628 8790956
1757705974 1525 4270628 8790956
1757705976 1525 4270628 8790956
1757705977 1525 4271396 8790956
1757705978 1525 4271396 8790956
1757705979 1525 4271396 8790956
1757705980 1525 4271396 8790956
1757705981 1525 4271780 8790956
1757705982 1525 4272164 8790956
1757705983 1525 4272164 8790956
1757705984 1525 4272164 8790956
1757705985 1524 4272548 8790956
1757705986 1525 4273316 8790956
1757705987 1525 4273700 8790956
1757705988 1525 4274468 8790956
1757705989 1525 4274852 8790956
1757705991 1525 4275620 8790956
1757705992 1525 4276388 8790956
1757705993 1525 4276772 8790956
1757705994 1525 4277540 8790956
1757705995 1525 4277924 8790956
1757705996 1525 4278692 8790956
1757705997 1525 4279588 8790956
1757705998 1525 4279972 8790956
1757705999 1525 4280740 8790956
1757706000 1525 4281508 8790956
1757706001 1525 4281892 8790956
1757706002 1525 4282276 8790956
1757706003 1525 4282788 8790956
1757706004 1525 4283556 8790956
1757706005 1525 4283940 8790956
1757706007 1525 4284324 8790956
1757706008 1525 4284324 8790956
1757706009 1525 4284324 8790956
1757706010 1525 4284324 8790956
1757706011 1525 4284324 8790956
1757706012 1525 4284708 8790956
1757706013 1525 4285092 8790956
1757706014 1525 4285860 8790956
1757706015 1525 4285860 8790956
1757706016 1525 4285860 8790956
1757706017 1525 4285860 8790956
1757706018 1525 4286628 8790956
1757706019 1525 4287012 8790956
1757706020 1525 4287780 8790956
1757706022 1525 4288548 8790956
1757706023 1525 4288932 8790956
1757706024 1525 4289700 8790956
1757706025 1525 4290084 8790956
1757706026 1525 4290852 8790956
1757706027 1525 4291236 8790956
1757706028 1525 4292004 8790956
1757706029 1525 4292516 8790956
1757706030 1525 4293284 8790956
1757706031 1525 4294052 8790956
1757706032 1525 4294820 8790956
1757706033 1525 4295204 8790956
1757706034 1525 4295972 8790956
1757706035 1525 4296868 8790956
1757706036 1525 4297252 8790956
1757706038 1525 4298020 8790956
1757706039 1525 4298404 8790956
1757706040 1525 4298788 8790956
1757706041 1525 4298788 8790956
1757706042 1525 4298788 8790956
1757706043 1525 4298788 8790956
1757706044 1525 4299172 8790956
1757706045 1525 4299556 8790956
1757706046 1525 4300324 8790956
1757706047 1525 4301092 8790956
1757706048 1525 4301092 8790956
1757706049 1525 4301092 8790956
1757706050 1525 4301092 8790956
1757706051 1525 4301860 8790956
1757706053 1525 4302244 8790956
1757706054 1525 4303012 8790956
1757706055 1525 4303396 8790956
1757706056 1525 4304164 8790956
1757706057 1525 4304932 8790956
1757706058 1525 4305316 8790956
1757706059 1525 4306212 8790956
1757706060 1525 4306596 8790956
1757706061 1526 4307364 8790956
1757706062 1525 4308132 8790956
1757706063 1525 4308516 8790956
1757706064 1525 4309284 8790956
1757706065 1525 4310052 8790956
1757706066 1525 4310436 8790956
1757706068 1525 4311204 8790956
1757706069 1525 4311588 8790956
1757706070 1525 4312356 8790956
1757706071 1525 4312740 8790956
1757706072 1525 4313124 8790956
1757706073 1525 4313124 8790956
1757706074 1525 4313124 8790956
1757706075 1525 4313124 8790956
1757706076 1525 4313124 8790956
1757706077 1525 4313892 8790956
1757706078 1525 4314276 8790956
1757706079 1525 4315044 8790956
1757706080 1525 4315812 8790956
1757706081 1525 4315812 8790956
1757706083 1525 4315812 8790956
1757706084 1525 4315812 8790956
1757706085 1525 4316580 8790956
1757706086 1525 4316964 8790956
1757706087 1525 4317732 8790956
1757706088 1525 4318116 8790956
1757706089 1525 4318884 8790956
1757706090 1525 4319268 8790956
1757706091 1526 4320036 8790956
1757706092 1526 4320804 8790956
1757706093 1525 4321572 8790956
1757706094 1525 4321956 8790956
1757706095 1525 4322852 8790956
1757706096 1525 4323620 8790956
1757706097 1525 4324004 8790956
1757706099 1525 4324772 8790956
1757706100 1525 4325156 8790956
1757706101 1525 4325668 8790956
1757706102 1525 4325668 8790956
1757706103 1525 4326052 8790956
1757706104 1525 4326052 8790956
1757706105 1526 4326052 8790956
1757706106 1526 4326436 8790956
1757706107 1526 4326436 8790956
1757706108 1525 4326436 8790956
1757706109 1525 4326820 8790956
1757706110 1525 4327204 8790956
1757706111 1525 4327972 8790956
1757706112 1525 4328740 8790956
1757706114 1525 4329124 8790956
1757706115 1525 4329124 8790956
1757706116 1525 4329124 8790956
1757706117 1525 4329508 8790956
1757706118 1525 4330276 8790956
1757706119 1525 4330660 8790956
1757706120 1525 4331556 8790956
1757706121 1526 4331940 8790956
1757706122 1526 4332708 8790956
1757706123 1526 4333092 8790956
1757706124 1525 4333860 8790956
1757706125 1525 4334244 8790956
1757706126 1525 4335012 8790956
1757706127 1525 4335780 8790956
1757706129 1525 4336548 8790956
1757706130 1525 4337316 8790956
1757706131 1526 4337828 8790956
1757706132 1526 4338596 8790956
1757706133 1526 4338596 8790956
1757706134 1526 4338596 8790956
1757706135 1526 4338980 8790956
1757706136 1526 4338980 8790956
1757706137 1526 4339364 8790956
1757706138 1526 4340132 8790956
1757706139 1525 4340516 8790956
1757706140 1525 4340516 8790956
1757706141 1525 4340516 8790956
1757706142 1525 4340900 8790956
1757706144 1525 4341668 8790956
1757706145 1525 4342052 8790956
1757706146 1525 4342820 8790956
1757706147 1525 4343204 8790956
1757706148 1525 4343204 8790956
1757706149 1525 4343204 8790956
1757706150 1525 4343204 8790956
1757706151 1526 4343972 8790956
1757706152 1526 4344740 8790956
1757706153 1526 4345508 8790956
1757706154 1525 4345892 8790956
1757706155 1525 4346660 8790956
1757706156 1525 4347044 8790956
1757706157 1525 4347812 8790956
1757706158 1525 4348196 8790956
1757706160 1525 4348964 8790956
1757706161 1525 4349348 8790956
1757706162 1526 4350116 8790956
1757706163 1526 4351012 8790956
1757706164 1526 4351396 8790956
1757706165 1526 4351396 8790956
1757706166 1526 4351396 8790956
1757706167 1526 4351396 8790956
1757706168 1526 4351780 8790956
1757706169 1526 4352548 8790956
1757706170 1525 4352932 8790956
1757706171 1525 4353700 8790956
1757706172 1525 4354084 8790956
1757706173 1525 4354084 8790956
1757706174 1525 4354084 8790956
1757706176 1525 4354468 8790956
1757706177 1525 4355364 8790956
1757706178 1525 4355748 8790956
1757706179 1526 4356516 8790956
1757706180 1526 4356900 8790956
1757706181 1526 4356900 8790956
1757706182 1526 4356900 8790956
1757706183 1526 4357284 8790956
1757706184 1526 4357668 8790956
1757706185 1526 4358436 8790956
1757706186 1525 4359204 8790956
1757706187 1525 4359588 8790956
1757706188 1525 4360484 8790956
1757706189 1525 4361252 8790956
1757706191 1525 4361636 8790956
1757706192 1525 4362404 8790956
1757706193 1526 4363172 8790956
1757706194 1526 4363556 8790956
1757706195 1526 4363940 8790956
1757706196 1526 4363940 8790956
1757706197 1526 4363940 8790956
1757706198 1526 4363940 8790956
1757706199 1526 4364324 8790956
1757706200 1526 4364708 8790956
1757706201 1525 4365476 8790956
1757706202 1525 4366244 8790956
1757706203 1525 4366628 8790956
1757706204 1525 4367396 8790956
1757706205 1525 4367780 8790956
1757706207 1525 4367780 8790956
1757706208 1525 4367780 8790956
1757706209 1525 4367780 8790956
1757706210 1525 4368676 8790956
1757706211 1525 4369444 8790956
1757706212 1526 4369828 8790956
1757706213 1526 4370212 8790956
1757706214 1526 4370212 8790956
1757706215 1526 4370212 8790956
1757706216 1526 4370596 8790956
1757706217 1525 4371492 8790956
1757706218 1525 4372260 8790956
1757706219 1525 4372644 8790956
1757706220 1525 4373412 8790956
1757706221 1525 4374180 8790956
1757706223 1525 4374564 8790956
1757706224 1526 4375332 8790956
1757706225 1526 4375716 8790956
1757706226 1526 4376100 8790956
1757706227 1526 4376100 8790956
1757706228 1526 4376100 8790956
1757706229 1526 4376484 8790956
1757706230 1526 4376868 8790956
1757706231 1526 4377252 8790956
1757706232 1525 4378020 8790956
1757706233 1525 4378404 8790956
1757706234 1525 4379172 8790956
1757706235 1525 4380068 8790956
1757706236 1525 4380452 8790956
1757706238 1525 4381220 8790956
1757706239 1525 4381604 8790956
1757706240 1526 4381604 8790956
1757706241 1526 4381604 8790956
1757706242 1526 4381604 8790956
1757706243 1526 4382372 8790956
1757706244 1526 4383140 8790956
1757706245 1526 4383524 8790956
1757706246 1526 4383908 8790956
1757706247 1526 4383908 8790956
1757706248 1525 4383908 8790956
1757706249 1525 4384292 8790956
1757706250 1525 4385060 8790956
1757706251 1525 4385828 8790956
1757706253 1525 4386212 8790956
1757706254 1526 4387108 8790956
1757706255 1526 4387492 8790956
1757706256 1526 4388260 8790956
1757706257 1526 4388644 8790956
1757706258 1526 4388644 8790956
1757706259 1526 4388644 8790956
1757706260 1526 4389028 8790956
1757706261 1526 4389412 8790956
1757706262 1526 4389796 8790956
1757706263 1525 4390564 8790956
1757706264 1525 4390948 8790956
1757706265 1525 4391716 8790956
1757706266 1525 4392100 8790956
1757706267 1525 4392996 8790956
1757706269 1526 4393764 8790956
1757706270 1526 4394148 8790956
1757706271 1526 4394916 8790956
1757706272 1526 4395300 8790956
1757706273 1526 4395300 8790956
1757706274 1526 4395300 8790956
1757706275 1526 4395684 8790956
1757706276 1526 4396068 8790956
1757706277 1526 4396964 8790956
1757706278 1525 4397348 8790956
1757706279 1525 4397732 8790956
1757706280 1525 4397732 8790956
1757706281 1525 4397732 8790956
1757706282 1526 4398500 8790956
1757706284 1526 4398884 8790956
1757706285 1526 4399652 8790956
1757706286 1526 4400420 8790956
1757706287 1526 4400804 8790956
1757706288 1526 4401188 8790956
1757706289 1526 4401188 8790956
1757706290 1526 4401188 8790956
1757706291 1526 4401572 8790956
1757706292 1526 4401956 8790956
1757706293 1525 4401956 8790956
1757706294 1525 4402724 8790956
1757706295 1525 4403492 8790956
1757706296 1525 4403876 8790956
1757706297 1525 4404644 8790956
1757706299 1526 4405412 8790956
1757706300 1526 4405796 8790956
1757706301 1526 4406564 8790956
1757706302 1526 4406948 8790956
1757706303 1526 4407716 8790956
1757706304 1526 4408100 8790956
1757706305 1526 4408996 8790956
1757706306 1526 4408996 8790956
1757706307 1526 4408996 8790956
1757706308 1526 4408996 8790956
1757706309 1525 4409764 8790956
1757706310 1525 4410148 8790956
1757706311 1526 4410916 8790956
1757706312 1526 4410916 8790956
1757706313 1526 4410916 8790956
1757706315 1526 4410916 8790956
1757706316 1526 4411684 8790956
1757706317 1526 4412452 8790956
1757706318 1526 4412836 8790956
1757706319 1526 4413220 8790956
1757706320 1526 4413220 8790956
1757706321 1526 4413220 8790956
1757706322 1526 4413220 8790956
1757706323 1526 4413604 8790956
1757706324 1525 4413988 8790956
1757706325 1525 4414372 8790956
1757706326 1525 4415140 8790956
1757706327 1525 4415908 8790956
1757706328 1525 4416292 8790956
1757706330 1526 4417060 8790956
1757706331 1526 4417828 8790956
1757706332 1526 4418212 8790956
1757706333 1526 4418980 8790956
1757706334 1526 4419748 8790956
1757706335 1526 4420132 8790956
1757706336 1526 4421028 8790956
1757706337 1526 4421412 8790956
1757706338 1526 4422180 8790956
1757706339 1526 4422180 8790956
1757706340 1525 4422180 8790956
1757706341 1526 4422180 8790956
1757706342 1526 4422564 8790956
1757706343 1526 4423332 8790956
1757706345 1526 4423716 8790956
1757706346 1526 4423716 8790956
1757706347 1526 4423716 8790956
1757706348 1526 4424100 8790956
1757706349 1526 4424484 8790956
1757706350 1526 4425252 8790956
1757706351 1526 4425252 8790956
1757706352 1526 4425252 8790956
1757706353 1526 4425636 8790956
1757706354 1526 4425636 8790956
1757706355 1526 4426020 8790956
1757706356 1525 4426404 8790956
1757706357 1525 4427172 8790956
1757706358 1525 4427940 8790956
1757706359 1525 4428324 8790956
1757706360 1526 4429092 8790956
1757706362 1526 4429860 8790956
1757706363 1526 4430244 8790956
1757706364 1526 4431012 8790956
1757706365 1526 4431908 8790956
1757706366 1526 4432292 8790956
1757706367 1526 4433060 8790956
1757706368 1526 4433828 8790956
1757706369 1526 4434212 8790956
1757706370 1526 4434980 8790956
1757706371 1526 4435748 8790956
1757706372 1526 4435748 8790956
1757706373 1526 4435748 8790956
1757706374 1526 4435748 8790956
1757706375 1526 4436132 8790956
1757706377 1526 4436900 8790956
1757706378 1526 4437284 8790956
1757706379 1526 4437284 8790956
1757706380 1526 4437284 8790956
1757706381 1526 4437668 8790956
1757706382 1526 4438052 8790956
1757706383 1526 4438052 8790956
1757706384 1526 4438052 8790956
1757706385 1526 4438052 8790956
1757706386 1526 4438052 8790956
1757706387 1525 4438820 8790956
1757706388 1525 4439588 8790956
1757706389 1525 4439972 8790956
1757706390 1526 4440740 8790956
1757706392 1526 4441508 8790956
1757706393 1526 4441892 8790956
1757706394 1526 4442660 8790956
1757706395 1526 4443556 8790956
1757706396 1526 4443940 8790956
1757706397 1526 4444708 8790956
1757706398 1526 4445476 8790956
1757706399 1526 4445860 8790956
1757706400 1526 4446628 8790956
1757706401 1526 4447012 8790956
1757706402 1526 4447780 8790956
1757706403 1526 4448548 8790956
1757706404 1526 4449316 8790956
1757706405 1526 4449316 8790956
1757706406 1526 4449316 8790956
1757706408 1526 4449316 8790956
1757706409 1526 4449700 8790956
1757706410 1526 4450468 8790956
1757706411 1526 4450852 8790956
1757706412 1526 4450852 8790956
1757706413 1526 4450852 8790956
1757706414 1526 4450852 8790956
1757706415 1526 4450852 8790956
1757706416 1526 4451236 8790956
1757706417 1525 4451236 8790956
1757706418 1525 4451620 8790956
1757706419 1525 4452516 8790956
1757706420 1526 4452900 8790956
1757706421 1526 4453668 8790956
1757706423 1526 4454436 8790956
1757706424 1526 4454820 8790956
1757706425 1526 4455588 8790956
1757706426 1526 4456356 8790956
1757706427 1526 4456868 8790956
1757706428 1526 4457636 8790956
1757706429 1526 4458020 8790956
1757706430 1526 4458788 8790956
1757706431 1526 4459556 8790956
1757706432 1526 4460324 8790956
1757706433 1526 4460708 8790956
1757706434 1526 4461476 8790956
1757706435 1526 4462244 8790956
1757706436 1526 4462628 8790956
1757706438 1526 4463396 8790956
1757706439 1526 4463396 8790956
1757706440 1526 4463396 8790956
1757706441 1526 4463396 8790956
1757706442 1526 4464292 8790956
1757706443 1526 4464676 8790956
1757706444 1526 4465060 8790956
1757706445 1526 4465060 8790956
1757706446 1526 4465060 8790956
1757706447 1525 4465060 8790956
1757706448 1525 4465060 8790956
1757706449 1525 4465828 8790956
1757706450 1525 4466212 8790956
1757706451 1526 4466980 8790956
1757706453 1526 4467364 8790956
1757706454 1526 4468132 8790956
1757706455 1526 4468516 8790956
1757706456 1526 4469284 8790956
1757706457 1526 4470180 8790956
1757706458 1526 4470948 8790956
1757706459 1526 4471332 8790956
1757706460 1526 4472100 8790956
1757706461 1526 4472868 8790956
1757706462 1526 4473252 8790956
1757706463 1526 4474020 8790956
1757706464 1526 4474404 8790956
1757706465 1526 4475172 8790956
1757706466 1526 4475940 8790956
1757706467 1526 4476836 8790956
1757706469 1526 4477220 8790956
1757706470 1526 4477988 8790956
1757706471 1526 4478756 8790956
1757706472 1526 4478756 8790956
1757706473 1526 4478756 8790956
1757706474 1526 4478756 8790956
1757706475 1526 4479140 8790956
1757706476 1526 4479524 8790956
1757706477 1526 4479524 8790956
1757706478 1525 4479524 8790956
1757706479 1525 4479524 8790956
1757706480 1525 4479524 8790956
1757706481 1526 4480292 8790956
1757706482 1526 4481060 8790956
1757706484 1526 4481444 8790956
1757706485 1526 4482212 8790956
1757706486 1526 4482596 8790956
1757706487 1526 4483492 8790956
1757706488 1526 4483876 8790956
1757706489 1526 4484644 8790956
1757706490 1526 4485028 8790956
1757706491 1526 4485796 8790956
1757706492 1526 4486564 8790956
1757706493 1526 4487332 8790956
1757706494 1526 4487716 8790956
1757706495 1526 4488484 8790956
1757706496 1526 4489252 8790956
1757706497 1526 4489636 8790956
1757706499 1526 4490404 8790956
1757706500 1526 4490788 8790956
1757706501 1526 4491556 8790956
1757706502 1526 4492068 8790956
1757706503 1526 4492836 8790956
1757706504 1526 4493604 8790956
1757706505 1526 4493604 8790956
1757706506 1526 4493604 8790956
1757706507 1526 4493604 8790956
1757706508 1526 4493604 8790956
1757706509 1526 4493604 8790956
1757706510 1526 4493604 8790956
1757706511 1526 4493604 8790956
1757706512 1526 4493604 8790956
1757706514 1526 4493988 8790956
1757706515 1526 4494756 8790956
1757706516 1526 4495524 8790956
1757706517 1526 4495908 8790956
1757706518 1526 4496676 8790956
1757706519 1526 4497444 8790956
1757706520 1526 4498340 8790956
1757706521 1526 4498724 8790956
1757706522 1526 4499492 8790956
1757706523 1526 4499876 8790956
1757706524 1526 4500644 8790956
1757706525 1526 4501028 8790956
1757706526 1526 4501796 8790956
1757706527 1526 4502564 8790956
1757706529 1526 4502948 8790956
1757706530 1526 4503716 8790956
1757706531 1526 4504612 8790956
1757706532 1526 4505380 8790956
1757706533 1526 4505764 8790956
1757706534 1526 4506532 8790956
1757706535 1526 4506916 8790956
1757706536 1526 4507684 8790956
1757706537 1526 4508452 8790956
1757706538 1526 4508452 8790956
1757706539 1526 4508452 8790956
1757706540 1526 4508452 8790956
1757706541 1526 4508452 8790956
1757706542 1526 4508452 8790956
1757706543 1526 4508452 8790956
1757706545 1526 4508452 8790956
1757706546 1526 4508452 8790956
1757706547 1526 4509220 8790956
1757706548 1526 4509988 8790956
1757706549 1526 4510500 8790956
1757706550 1526 4511268 8790956
1757706551 1526 4511652 8790956
1757706552 1526 4512420 8790956
1757706553 1526 4513188 8790956
1757706554 1526 4513956 8790956
1757706555 1526 4514340 8790956
1757706556 1526 4515108 8790956
1757706557 1526 4515876 8790956
1757706558 1526 4516260 8790956
1757706559 1526 4517028 8790956
1757706561 1526 4517412 8790956
1757706562 1526 4518180 8790956
1757706563 1526 4518564 8790956
1757706564 1526 4519332 8790956
1757706565 1526 4520100 8790956
1757706566 1526 4520612 8790956
1757706567 1526 4521380 8790956
1757706568 1526 4522148 8790956
1757706569 1526 4522148 8790956
1757706570 1526 4522148 8790956
1757706571 1526 4522148 8790956
1757706572 1526 4522148 8790956
1757706573 1526 4522532 8790956
1757706574 1526 4522916 8790956
1757706576 1526 4523300 8790956
1757706577 1526 4523300 8790956
1757706578 1526 4523300 8790956
1757706579 1526 4523300 8790956
1757706580 1526 4523300 8790956
1757706581 1526 4523300 8790956
1757706582 1526 4523300 8790956
1757706583 1526 4523300 8790956
1757706584 1526 4523300 8790956
1757706585 1526 4523300 8790956
1757706586 1526 4523300 8790956
1757706587 1526 4523300 8790956
1757706588 1526 4523300 8790956
1757706589 1526 4523300 8790956
1757706590 1526 4523300 8790956
1757706592 1526 4523300 8790956
1757706593 1526 4523300 8790956
1757706594 1526 4523300 8790956
1757706595 1526 4523300 8790956
1757706596 1526 4523300 8790956
1757706597 1526 4523300 8790956
1757706598 1526 4523300 8790956
1757706599 1526 4523300 8790956
1757706600 1526 4523300 8790956
1757706601 1526 4523300 8790956
1757706602 1526 4523300 8790956
1757706603 1526 4523300 8790956
1757706604 1526 4523300 8790956
1757706606 1526 4523300 8790956
1757706607 1526 4523300 8790956
1757706608 1526 4523300 8790956
1757706609 1526 4523300 8790956
1757706610 1526 4523300 8790956
1757706611 1526 4523300 8790956
1757706612 1526 4523300 8790956
1757706613 1526 4523300 8790956
1757706614 1526 4523300 8790956
1757706615 1526 4523300 8790956
1757706616 1526 4523300 8790956
1757706617 1526 4523300 8790956
1757706618 1526 4523300 8790956
1757706619 1526 4523300 8790956
1757706620 1526 4523300 8790956
1757706622 1526 4523300 8790956
1757706623 1526 4523300 8790956
1757706624 1526 4523300 8790956
1757706625 1526 4523300 8790956
1757706626 1526 4523300 8790956
1757706627 1526 4523300 8790956
1757706628 1526 4523300 8790956
1757706629 1526 4523300 8790956
1757706630 1526 4523300 8790956
1757706631 1526 4523300 8790956
1757706632 1526 4523300 8790956
1757706633 1526 4523300 8790956
1757706634 1526 4523300 8790956
1757706635 1526 4523300 8790956
1757706637 1526 4523300 8790956
1757706638 1526 4523300 8790956
1757706639 1526 4523300 8790956
1757706640 1526 4523300 8790956
1757706641 1526 4523300 8790956
1757706642 1526 4523300 8790956
1757706643 1526 4523300 8790956
1757706644 1526 4523300 8790956
1757706645 1526 4523300 8790956
1757706646 1526 4523300 8790956
1757706647 1526 4523300 8790956
1757706648 1526 4523300 8790956
1757706649 1526 4523300 8790956
1757706650 1526 4523300 8790956
1757706652 1526 4523300 8790956
1757706653 1526 4523300 8790956
1757706654 1526 4523300 8790956
1757706655 1526 4523300 8790956
1757706656 1526 4523300 8790956
1757706657 1526 4523300 8790956
1757706658 1526 4523300 8790956
1757706659 1526 4523300 8790956
1757706660 1526 4523300 8790956
1757706661 1526 4523300 8790956
1757706662 1526 4523300 8790956
1757706663 1526 4523300 8790956
1757706664 1526 4523300 8790956
1757706665 1526 4523300 8790956
1757706666 1526 4523300 8790956
1757706668 1526 4523300 8790956
1757706669 1526 4523300 8790956
1757706670 1526 4523300 8790956
1757706671 1526 4523300 8790956
1757706672 1526 4523300 8790956
1757706673 1526 4523300 8790956
1757706674 1526 4523300 8790956
1757706675 1526 4523300 8790956
1757706676 1526 4523300 8790956
1757706677 1526 4523300 8790956
1757706678 1526 4523300 8790956
1757706679 1526 4523300 8790956
1757706680 1526 4523300 8790956
1757706682 1526 4523300 8790956
1757706683 1526 4523300 8790956
1757706684 1526 4523300 8790956
1757706685 1526 4523300 8790956
1757706686 1526 4523300 8790956
1757706687 1526 4523300 8790956
1757706688 1526 4523300 8790956
1757706689 1526 4523300 8790956
1757706690 1526 4523300 8790956
1757706691 1526 4523300 8790956
1757706692 1526 4523300 8790956
1757706693 1526 3501064 5129360
1757706694 1526 3810824 5129360
1757706695 1526 3810824 5129360
1757706696 1526 3810824 5129360
1757706698 1526 3810824 5129360
1757706699 1526 3810824 5129360
1757706700 1526 3810824 5129360
1757706701 1526 3810824 5129360
1757706702 1526 3810824 5129360
1757706703 1526 4633332 7570252
