1757696463  0.0 15104 642688
1757696464  295 1220200 2958844
1757696465  199 1141668 2958844
1757696466  440 2403648 4558752
1757696468  728 2438208 4558752
1757696469  896 2438208 4558752
1757696470  865 2206264 6154196
1757696471  905 2206264 6154196
1757696472  938 2207544 6154196
1757696473  961 2208696 6154196
1757696474  991 2208696 6154196
1757696475 1014 2209976 6154196
1757696476 1033 2209976 6154196
1757696477 1053 2211256 6154196
1757696478 1067 2212408 6154196
1757696479 1080 2212408 6154196
1757696480 1026 2213688 6154196
1757696481 1034 2214968 6154196
1757696482 1043 2214968 6154196
1757696483 1053 2216248 6154196
1757696484 1062 2216248 6154196
1757696485 1071 2217528 6154196
1757696486 1078 2218808 6154196
1757696488 1085 2218808 6154196
1757696489 1092 2219960 6154196
1757696490 1098 2221240 6154196
1757696491 1104 2221240 6154196
1757696492 1109 2222520 6154196
1757696493 1113 2222520 6154196
1757696494 1111 2223800 6154196
1757696495 1108 2225080 6154196
1757696496 1110 2225080 6154196
1757696497 1111 2226360 6154196
1757696498 1115 2226360 6154196
1757696499 1119 2227640 6154196
1757696500 1089 2228792 6154196
1757696501 1085 2228792 6154196
1757696502 1088 2230072 6154196
1757696503 1090 2231352 6154196
1757696504 1094 2231352 6154196
1757696506 1098 2232632 6154196
1757696507 1102 2232632 6154196
1757696508 1104 2233912 6154196
1757696509 1108 2235064 6154196
1757696510 1111 2235064 6154196
1757696511 1114 2236344 6154196
1757696512 1117 2237624 6154196
1757696513 1119 2237624 6154196
1757696514 1122 2238904 6154196
1757696515 1124 2238904 6154196
1757696516 1127 2240184 6154196
1757696517 1129 2241336 6154196
1757696518 1110 2241336 6154196
1757696519 1111 2242616 6154196
1757696520 1114 2242616 6154196
1757696521 1116 2243896 6154196
1757696522 1118 2245048 6154196
1757696523 1120 2245048 6154196
1757696524 1119 2246200 6154196
1757696526 1119 2247480 6154196
1757696527 1118 2247480 6154196
1757696528 1119 2248760 6154196
1757696529 1119 2248760 6154196
1757696530 1119 2250040 6154196
1757696531 1121 2251192 6154196
1757696532 1121 2251192 6154196
1757696533 1120 2252472 6154196
1757696534 1119 2252472 6154196
1757696535 1119 2253752 6154196
1757696536 1121 2255032 6154196
1757696537 1123 2255032 6154196
1757696538 1125 2256312 6154196
1757696539 1112 2256312 6154196
1757696540 1113 2257592 6154196
1757696541 1114 2258872 6154196
1757696542 1115 2258872 6154196
1757696543 1117 2260024 6154196
1757696544 1119 2261304 6154196
1757696545 1120 2261304 6154196
1757696546 1122 2262584 6154196
1757696548 1122 2262584 6154196
1757696549 1123 2263864 6154196
1757696550 1125 2265144 6154196
1757696551 1126 2265144 6154196
1757696552 1128 2266296 6154196
1757696553 1129 2266296 6154196
1757696554 1130 2267576 6154196
1757696555 1130 2268856 6154196
1757696556 1131 2268856 6154196
1757696557 1130 2270136 6154196
1757696558 1130 2270136 6154196
1757696559 1131 2271416 6154196
1757696560 1132 2272696 6154196
1757696561 1120 2272696 6154196
1757696562 1120 2273848 6154196
1757696563 1120 2275128 6154196
1757696564 1118 2275128 6154196
1757696565 1119 2276280 6154196
1757696566 1118 2276280 6154196
1757696567 1118 2277560 6154196
1757696569 1119 2277560 6154196
1757696570 1120 2278712 6154196
1757696571 1120 2279992 6154196
1757696572 1122 2279992 6154196
1757696573 1123 2281144 6154196
1757696574 1124 2282424 6154196
1757696575 1125 2282424 6154196
1757696576 1126 2283704 6154196
1757696577 1127 2283704 6154196
1757696578 1128 2284984 6154196
1757696579 1129 2286264 6154196
1757696580 1128 2286264 6154196
1757696581 1129 2287544 6154196
1757696582 1130 2287544 6154196
1757696583 1122 2288824 6154196
1757696584 1123 2290104 6154196
1757696585 1123 2290104 6154196
1757696586 1124 2291384 6154196
1757696587 1123 2291384 6154196
1757696588 1123 2292664 6154196
1757696589 1124 2293944 6154196
1757696591 1125 2293944 6154196
1757696592 1125 2295224 6154196
1757696593 1126 2295224 6154196
1757696594 1126 2296504 6154196
1757696595 1125 2297784 6154196
1757696596 1124 2297784 6154196
1757696597 1124 2298936 6154196
1757696598 1124 2298936 6154196
1757696599 1124 2300088 6154196
1757696600 1124 2301368 6154196
1757696601 1125 2301368 6154196
1757696602 1126 2302648 6154196
1757696603 1127 2302648 6154196
1757696604 1128 2303928 6154196
1757696605 1121 2305080 6154196
1757696606 1122 2305080 6154196
1757696607 1122 2306360 6154196
1757696608 1123 2307640 6154196
1757696609 1124 2307640 6154196
1757696610 1125 2308920 6154196
1757696611 1126 2308920 6154196
1757696613 1127 2310200 6154196
1757696614 1127 2311480 6154196
1757696615 1128 2311480 6154196
1757696616 1129 2312632 6154196
1757696617 1130 2313912 6154196
1757696618 1130 2313912 6154196
1757696619 1130 2315064 6154196
1757696620 1130 2315064 6154196
1757696621 1131 2316344 6154196
1757696622 1131 2317624 6154196
1757696623 1131 2317624 6154196
1757696624 1132 2318904 6154196
1757696625 1132 2318904 6154196
1757696626 1132 2320056 6154196
1757696627 1124 2321208 6154196
1757696628 1123 2321208 6154196
1757696629 1124 2322488 6154196
1757696630 1124 2322488 6154196
1757696631 1124 2323640 6154196
1757696632 1124 2324920 6154196
1757696633 1125 2324920 6154196
1757696635 1126 2326200 6154196
1757696636 1126 2326200 6154196
1757696637 1127 2327480 6154196
1757696638 1128 2328632 6154196
1757696639 1128 2328632 6154196
1757696640 1128 2329912 6154196
1757696641 1128 2329912 6154196
1757696642 1129 2331192 6154196
1757696643 1130 2332472 6154196
1757696644 1131 2332472 6154196
1757696645 1131 2333752 6154196
1757696646 1131 2335032 6154196
1757696647 1132 2335032 6154196
1757696648 1126 2336312 6154196
1757696649 1126 2336312 6154196
1757696650 1126 2337592 6154196
1757696651 1126 2338872 6154196
1757696652 1127 2338872 6154196
1757696653 1127 2340024 6154196
1757696654 1128 2340024 6154196
1757696656 1128 2341304 6154196
1757696657 1128 2342584 6154196
1757696658 1128 2342584 6154196
1757696659 1128 2343736 6154196
1757696660 1128 2343736 6154196
1757696661 1128 2345016 6154196
1757696662 1128 2346296 6154196
1757696663 1129 2346296 6154196
1757696664 1129 2347448 6154196
1757696665 1129 2347448 6154196
1757696666 1129 2348728 6154196
1757696667 1130 2350008 6154196
1757696668 1130 2350008 6154196
1757696669 1125 2351288 6154196
1757696670 1125 2352440 6154196
1757696671 1126 2352440 6154196
1757696672 1126 2353592 6154196
1757696673 1127 2353592 6154196
1757696674 1128 2354872 6154196
1757696675 1128 2356152 6154196
1757696676 1129 2356152 6154196
1757696678 1129 2357432 6154196
1757696679 1130 2358584 6154196
1757696680 1130 2358584 6154196
1757696681 1131 2359864 6154196
1757696682 1130 2359864 6154196
1757696683 1130 2361144 6154196
1757696684 1131 2362424 6154196
1757696685 1131 2362424 6154196
1757696686 1132 2363704 6154196
1757696687 1132 2363704 6154196
1757696688 1131 2364984 6154196
1757696689 1131 2366264 6154196
1757696690 1131 2366264 6154196
1757696691 1132 2367544 6154196
1757696692 1132 2367544 6154196
1757696693 1132 2368824 6154196
1757696694 1127 2370104 6154196
1757696695 1127 2370104 6154196
1757696696 1127 2371256 6154196
1757696697 1127 2371256 6154196
1757696698 1127 2372536 6154196
1757696700 1128 2373688 6154196
1757696701 1128 2373688 6154196
1757696702 1129 2374968 6154196
1757696703 1129 2374968 6154196
1757696704 1130 2376248 6154196
1757696705 1130 2377528 6154196
1757696706 1130 2377528 6154196
1757696707 1131 2378808 6154196
1757696708 1131 2380088 6154196
1757696709 1132 2380088 6154196
1757696710 1132 2381240 6154196
1757696711 1133 2381240 6154196
1757696712 1133 2382520 6154196
1757696713 1128 2383800 6154196
1757696714 1128 2383800 6154196
1757696715 1128 2385080 6154196
1757696716 1129 2385080 6154196
1757696717 1129 2386360 6154196
1757696718 1129 2387640 6154196
1757696719 1129 2387640 6154196
1757696720 1129 2388792 6154196
1757696721 1129 2388792 6154196
1757696723 1129 2390072 6154196
1757696724 1129 2391352 6154196
1757696725 1130 2391352 6154196
1757696726 1130 2392504 6154196
1757696727 1130 2392504 6154196
1757696728 1129 2393784 6154196
1757696729 1129 2395064 6154196
1757696730 1129 2395064 6154196
1757696731 1129 2396344 6154196
1757696732 1129 2396344 6154196
1757696733 1130 2397624 6154196
1757696734 1130 2398776 6154196
1757696735 1130 2398776 6154196
1757696736 1131 2400056 6154196
1757696737 1131 2400056 6154196
1757696738 1127 2401208 6154196
1757696739 1128 2402488 6154196
1757696740 1128 2402488 6154196
1757696741 1128 2403768 6154196
1757696742 1129 2403768 6154196
1757696743 1129 2404920 6154196
1757696744 1129 2406072 6154196
1757696746 1129 2406072 6154196
1757696747 1129 2407352 6154196
1757696748 1130 2408632 6154196
1757696749 1130 2408632 6154196
1757696750 1130 2409912 6154196
1757696751 1130 2409912 6154196
1757696752 1130 2411192 6154196
1757696753 1130 2412472 6154196
1757696754 1130 2412472 6154196
1757696755 1130 2413624 6154196
1757696756 1130 2413624 6154196
1757696757 1130 2414904 6154196
1757696758 1130 2414904 6154196
1757696759 1130 2416184 6154196
1757696760 1126 2417336 6154196
1757696761 1127 2417336 6154196
1757696762 1126 2418616 6154196
1757696763 1127 2418616 6154196
1757696764 1127 2419768 6154196
1757696765 1127 2421048 6154196
1757696767 1128 2421048 6154196
1757696768 1128 2422328 6154196
1757696769 1128 2422328 6154196
1757696770 1128 2423480 6154196
1757696771 1129 2424760 6154196
1757696772 1129 2424760 6154196
1757696773 1130 2426040 6154196
1757696774 1130 2427320 6154196
1757696775 1130 2427320 6154196
1757696776 1130 2428472 6154196
1757696777 1130 2428472 6154196
1757696778 1130 2429752 6154196
1757696779 1127 2431032 6154196
1757696780 1127 2431032 6154196
1757696781 1127 2432312 6154196
1757696782 1126 2432312 6154196
1757696783 1126 2433592 6154196
1757696784 1126 2434744 6154196
1757696786 1127 2434744 6154196
1757696787 1127 2436024 6154196
1757696788 1127 2436024 6154196
1757696789 1128 2437176 6154196
1757696790 1128 2438456 6154196
1757696791 1128 2438456 6154196
1757696792 1128 2439736 6154196
1757696793 1128 2439736 6154196
1757696794 1128 2440888 6154196
1757696795 1128 2442040 6154196
1757696796 1128 2442040 6154196
1757696797 1128 2443320 6154196
1757696798 1128 2443320 6154196
1757696799 1129 2444472 6154196
1757696800 1126 2445752 6154196
1757696801 1126 2445752 6154196
1757696802 1126 2447032 6154196
1757696803 1127 2447032 6154196
1757696804 1127 2448312 6154196
1757696805 1127 2449592 6154196
1757696806 1127 2449592 6154196
1757696808 1126 2450872 6154196
1757696809 1126 2450872 6154196
1757696810 1127 2452152 6154196
1757696811 1127 2453432 6154196
1757696812 1127 2453432 6154196
1757696813 1127 2454584 6154196
1757696814 1126 2454584 6154196
1757696815 1126 2455864 6154196
1757696816 1127 2457016 6154196
1757696817 1127 2457016 6154196
1757696818 1127 2458296 6154196
1757696819 1128 2458296 6154196
1757696820 1128 2459576 6154196
1757696821 1128 2460856 6154196
1757696822 1126 2460856 6154196
1757696823 1126 2462136 6154196
1757696824 1126 2463416 6154196
1757696825 1126 2463416 6154196
1757696826 1126 2464568 6154196
1757696827 1127 2464568 6154196
1757696829 1126 2465848 6154196
1757696830 1127 2467128 6154196
1757696831 1127 2467128 6154196
1757696832 1127 2468408 6154196
1757696833 1128 2468408 6154196
1757696834 1128 2469560 6154196
1757696835 1128 2470840 6154196
1757696836 1129 2470840 6154196
1757696837 1129 2472120 6154196
1757696838 1129 2473400 6154196
1757696839 1128 2473400 6154196
1757696840 1128 2474680 6154196
1757696841 1126 2474680 6154196
1757696842 1126 2475960 6154196
1757696843 1126 2477112 6154196
1757696844 1126 2477112 6154196
1757696845 1126 2478392 6154196
1757696846 1125 2478392 6154196
1757696847 1126 2479672 6154196
1757696848 1126 2479672 6154196
1757696849 1126 2480952 6154196
1757696851 1127 2482232 6154196
1757696852 1127 2482232 6154196
1757696853 1127 2483384 6154196
1757696854 1127 2484536 6154196
1757696855 1128 2484536 6154196
1757696856 1128 2485816 6154196
1757696857 1128 2485816 6154196
1757696858 1128 2487096 6154196
1757696859 1128 2488376 6154196
1757696860 1128 2488376 6154196
1757696861 1128 2489528 6154196
1757696862 1128 2489528 6154196
1757696863 1128 2490808 6154196
1757696864 1128 2492088 6154196
1757696865 1128 2492088 6154196
1757696866 1129 2493368 6154196
1757696867 1126 2493368 6154196
1757696868 1126 2494648 6154196
1757696869 1126 2495800 6154196
1757696870 1126 2495800 6154196
1757696871 1126 2497080 6154196
1757696872 1126 2497080 6154196
1757696874 1126 2498360 6154196
1757696875 1127 2499640 6154196
1757696876 1126 2499640 6154196
1757696877 1126 2500792 6154196
1757696878 1126 2500792 6154196
1757696879 1127 2502072 6154196
1757696880 1127 2503224 6154196
1757696881 1127 2503224 6154196
1757696882 1127 2504504 6154196
1757696883 1127 2504504 6154196
1757696884 1127 2505784 6154196
1757696885 1128 2506936 6154196
1757696886 1127 2506936 6154196
1757696887 1127 2508088 6154196
1757696888 1125 2508088 6154196
1757696889 1125 2509368 6154196
1757696890 1125 2510648 6154196
1757696891 1125 2510648 6154196
1757696892 1125 2511928 6154196
1757696893 1125 2511928 6154196
1757696894 1125 2513208 6154196
1757696896 1125 2514488 6154196
1757696897 1126 2514488 6154196
1757696898 1126 2515768 6154196
1757696899 1126 2515768 6154196
1757696900 1126 2517048 6154196
1757696901 1126 2518328 6154196
1757696902 1126 2518328 6154196
1757696903 1126 2519608 6154196
1757696904 1126 2519608 6154196
1757696905 1127 2520760 6154196
1757696906 1127 2522040 6154196
1757696907 1127 2522040 6154196
1757696908 1126 2523320 6154196
1757696909 1126 2523320 6154196
1757696910 1124 2524600 6154196
1757696911 1124 2525752 6154196
1757696912 1125 2525752 6154196
1757696913 1125 2527032 6154196
1757696914 1125 2527032 6154196
1757696915 1125 2528312 6154196
1757696916 1125 2529592 6154196
1757696917 1126 2529592 6154196
1757696919 1126 2530872 6154196
1757696920 1126 2532152 6154196
1757696921 1127 2532152 6154196
1757696922 1127 2533432 6154196
1757696923 1127 2533432 6154196
1757696924 1127 2534712 6154196
1757696925 1127 2535864 6154196
1757696926 1127 2535864 6154196
1757696927 1127 2537144 6154196
1757696928 1127 2537144 6154196
1757696929 1127 2538296 6154196
1757696930 1125 2539576 6154196
1757696931 1125 2539576 6154196
1757696932 1125 2540856 6154196
1757696933 1125 2540856 6154196
1757696934 1125 2542136 6154196
1757696935 1126 2543416 6154196
1757696937 1126 2543416 6154196
1757696938 1126 2544568 6154196
1757696939 1126 2545848 6154196
1757696940 1126 2545848 6154196
1757696941 1126 2547128 6154196
1757696942 1126 2547128 6154196
1757696943 1126 2548408 6154196
1757696944 1127 2549688 6154196
1757696945 1127 2549688 6154196
1757696946 1127 2550840 6154196
1757696947 1127 2550840 6154196
1757696948 1127 2552120 6154196
1757696949 1127 2553400 6154196
1757696950 1125 2553400 6154196
1757696951 1126 2554680 6154196
1757696952 1126 2554680 6154196
1757696953 1126 2555960 6154196
1757696954 1126 2557112 6154196
1757696955 1126 2557112 6154196
1757696957 1126 2558392 6154196
1757696958 1126 2558392 6154196
1757696959 1126 2559672 6154196
1757696960 1126 2560824 6154196
1757696961 1126 2560824 6154196
1757696962 1126 2562104 6154196
1757696963 1126 2562104 6154196
1757696964 1125 2563384 6154196
1757696965 1126 2563384 6154196
1757696966 1126 2564664 6154196
1757696967 1126 2565944 6154196
1757696968 1126 2565944 6154196
1757696969 1126 2567224 6154196
1757696970 1124 2567224 6154196
1757696971 1124 2568376 6154196
1757696972 1124 2569656 6154196
1757696973 1124 2569656 6154196
1757696974 1125 2570936 6154196
1757696975 1125 2572088 6154196
1757696977 1125 2572088 6154196
1757696978 1125 2573368 6154196
1757696979 1126 2573368 6154196
1757696980 1126 2574648 6154196
1757696981 1126 2575928 6154196
1757696982 1126 2575928 6154196
1757696983 1126 2577208 6154196
1757696984 1126 2577208 6154196
1757696985 1126 2578488 6154196
1757696986 1127 2579640 6154196
1757696987 1127 2579640 6154196
1757696988 1127 2580920 6154196
1757696989 1127 2582200 6154196
1757696990 1127 2582200 6154196
1757696991 1127 2583480 6154196
1757696992 1125 2583480 6154196
1757696993 1125 2584760 6154196
1757696994 1125 2586040 6154196
1757696995 1125 2586040 6154196
1757696996 1125 2587320 6154196
1757696998 1125 2587320 6154196
1757696999 1125 2588472 6154196
1757697000 1125 2589752 6154196
1757697001 1125 2589752 6154196
1757697002 1125 2591032 6154196
1757697003 1125 2591032 6154196
1757697004 1125 2592184 6154196
1757697005 1125 2593464 6154196
1757697006 1126 2593464 6154196
1757697007 1126 2594744 6154196
1757697008 1126 2594744 6154196
1757697009 1126 2596024 6154196
1757697010 1127 2597304 6154196
1757697011 1125 2597304 6154196
1757697012 1125 2598456 6154196
1757697013 1125 2598456 6154196
1757697014 1125 2599736 6154196
1757697015 1125 2601016 6154196
1757697016 1126 2601016 6154196
1757697018 1126 2602296 6154196
1757697019 1126 2603448 6154196
1757697020 1126 2603448 6154196
1757697021 1126 2604600 6154196
1757697022 1126 2604600 6154196
1757697023 1126 2605880 6154196
1757697024 1126 2607160 6154196
1757697025 1126 2607160 6154196
1757697026 1126 2608440 6154196
1757697027 1126 2608440 6154196
1757697028 1126 2609720 6154196
1757697029 1126 2609720 6154196
1757697030 1126 2611000 6154196
1757697031 1124 2612280 6154196
1757697032 1124 2612280 6154196
1757697033 1124 2613432 6154196
1757697034 1124 2614712 6154196
1757697035 1124 2614712 6154196
1757697036 1125 2615992 6154196
1757697037 1125 2615992 6154196
1757697038 1125 2617272 6154196
1757697040 1125 2618424 6154196
1757697041 1126 2618424 6154196
1757697042 1126 2619704 6154196
1757697043 1126 2619704 6154196
1757697044 1126 2620984 6154196
1757697045 1126 2622264 6154196
1757697046 1127 2622264 6154196
1757697047 1127 2623416 6154196
1757697048 1127 2624696 6154196
1757697049 1127 2624696 6154196
1757697050 1127 2625848 6154196
1757697051 1128 2625848 6154196
1757697052 1128 2627128 6154196
1757697053 1128 2628408 6154196
1757697054 1126 2628408 6154196
1757697055 1127 2629688 6154196
1757697056 1126 2630968 6154196
1757697057 1126 2630968 6154196
1757697058 1125 2630968 6154196
1757697059 1125 2632248 6154196
1757697060 1125 2633400 6154196
1757697061 1125 2633400 6154196
1757697063 1125 2634680 6154196
1757697064 1125 2635960 6154196
1757697065 1125 2635960 6154196
1757697066 1125 2637112 6154196
1757697067 1125 2637112 6154196
1757697068 1126 2638392 6154196
1757697069 1126 2639672 6154196
1757697070 1126 2639672 6154196
1757697071 1126 2640952 6154196
1757697072 1126 2640952 6154196
1757697073 1126 2642232 6154196
1757697074 1127 2643512 6154196
1757697075 1127 2643512 6154196
1757697076 1127 2644664 6154196
1757697077 1127 2644664 6154196
1757697078 1126 2645944 6154196
1757697079 1126 2647096 6154196
1757697080 1126 2647096 6154196
1757697081 1126 2648376 6154196
1757697082 1126 2649656 6154196
1757697083 1126 2649656 6154196
1757697085 1127 2650936 6154196
1757697086 1127 2650936 6154196
1757697087 1127 2652216 6154196
1757697088 1126 2653368 6154196
1757697089 1126 2653368 6154196
1757697090 1126 2654520 6154196
1757697091 1126 2654520 6154196
1757697092 1126 2655800 6154196
1757697093 1126 2655800 6154196
1757697094 1126 2657080 6154196
1757697095 1126 2658360 6154196
1757697096 1126 2658360 6154196
1757697097 1126 2659512 6154196
1757697098 1126 2659512 6154196
1757697099 1126 2660792 6154196
1757697100 1125 2662072 6154196
1757697101 1125 2662072 6154196
1757697102 1125 2663352 6154196
1757697103 1125 2664504 6154196
1757697104 1126 2664504 6154196
1757697105 1126 2665784 6154196
1757697106 1126 2665784 6154196
1757697108 1126 2667064 6154196
1757697109 1126 2668344 6154196
1757697110 1126 2668344 6154196
1757697111 1126 2669624 6154196
1757697112 1127 2669624 6154196
1757697113 1127 2670904 6154196
1757697114 1127 2672184 6154196
1757697115 1127 2672184 6154196
1757697116 1127 2673464 6154196
1757697117 1127 2673464 6154196
1757697118 1127 2674744 6154196
1757697119 1127 2676024 6154196
1757697120 1127 2676024 6154196
1757697121 1127 2677176 6154196
1757697122 1126 2677176 6154196
1757697123 1125 2678456 6154196
1757697124 1125 2679608 6154196
1757697125 1125 2679608 6154196
1757697126 1125 2680888 6154196
1757697127 1125 2680888 6154196
1757697129 1125 2682168 6154196
1757697130 1125 2683448 6154196
1757697131 1126 2683448 6154196
1757697132 1126 2684728 6154196
1757697133 1126 2685880 6154196
1757697134 1126 2685880 6154196
1757697135 1126 2687160 6154196
1757697136 1126 2687160 6154196
1757697137 1127 2688440 6154196
1757697138 1127 2689720 6154196
1757697139 1127 2689720 6154196
1757697140 1127 2691000 6154196
1757697141 1126 2691000 6154196
1757697142 1126 2692280 6154196
1757697143 1126 2693560 6154196
1757697144 1126 2693560 6154196
1757697145 1126 2694840 6154196
1757697146 1127 2696120 6154196
1757697148 1127 2696120 6154196
1757697149 1127 2697400 6154196
1757697150 1127 2697400 6154196
1757697151 1126 2698680 6154196
1757697152 1127 2699832 6154196
1757697153 1127 2699832 6154196
1757697154 1127 2701112 6154196
1757697155 1127 2701112 6154196
1757697156 1127 2702264 6154196
1757697157 1126 2703544 6154196
1757697158 1126 2703544 6154196
1757697159 1126 2704824 6154196
1757697160 1126 2704824 6154196
1757697161 1126 2705976 6154196
1757697162 1127 2705976 6154196
1757697163 1125 2707256 6154196
1757697164 1125 2708536 6154196
1757697165 1126 2708536 6154196
1757697166 1126 2709816 6154196
1757697167 1126 2710968 6154196
1757697168 1126 2710968 6154196
1757697169 1126 2712248 6154196
1757697171 1126 2712248 6154196
1757697172 1127 2713528 6154196
1757697173 1127 2714680 6154196
1757697174 1127 2714680 6154196
1757697175 1127 2715960 6154196
1757697176 1127 2717240 6154196
1757697177 1127 2717240 6154196
1757697178 1128 2718520 6154196
1757697179 1128 2718520 6154196
1757697180 1127 2719800 6154196
1757697181 1127 2721080 6154196
1757697182 1127 2721080 6154196
1757697183 1128 2722360 6154196
1757697184 1126 2722360 6154196
1757697185 1126 2723512 6154196
1757697186 1127 2724792 6154196
1757697187 1126 2724792 6154196
1757697188 1126 2725944 6154196
1757697189 1126 2725944 6154196
1757697191 1126 2727224 6154196
1757697192 1126 2728504 6154196
1757697193 1126 2728504 6154196
1757697194 1126 2729656 6154196
1757697195 1126 2729656 6154196
1757697196 1127 2730808 6154196
1757697197 1127 2732088 6154196
1757697198 1127 2732088 6154196
1757697199 1127 2733368 6154196
1757697200 1127 2734648 6154196
1757697201 1127 2734648 6154196
1757697202 1128 2735928 6154196
1757697203 1128 2735928 6154196
1757697204 1126 2737208 6154196
1757697205 1126 2738488 6154196
1757697206 1127 2738488 6154196
1757697207 1127 2739640 6154196
1757697208 1127 2740920 6154196
1757697209 1127 2740920 6154196
1757697210 1127 2742200 6154196
1757697212 1127 2742200 6154196
1757697213 1127 2743480 6154196
1757697214 1127 2743480 6154196
1757697215 1127 2744760 6154196
1757697216 1127 2745912 6154196
1757697217 1127 2745912 6154196
1757697218 1127 2747192 6154196
1757697219 1128 2748344 6154196
1757697220 1127 2748344 6154196
1757697221 1127 2749624 6154196
1757697222 1127 2749624 6154196
1757697223 1127 2750904 6154196
1757697224 1127 2750904 6154196
1757697225 1127 2752184 6154196
1757697226 1127 2753464 6154196
1757697227 1126 2753464 6154196
1757697228 1126 2754744 6154196
1757697229 1126 2755896 6154196
1757697230 1126 2755896 6154196
1757697231 1127 2757176 6154196
1757697232 1127 2757176 6154196
1757697233 1127 2758456 6154196
1757697234 1127 2759736 6154196
1757697236 1127 2759736 6154196
1757697237 1127 2760888 6154196
1757697238 1128 2762168 6154196
1757697239 1128 2762168 6154196
1757697240 1128 2763448 6154196
1757697241 1128 2763448 6154196
1757697242 1128 2764600 6154196
1757697243 1128 2765880 6154196
1757697244 1128 2765880 6154196
1757697245 1128 2767032 6154196
1757697246 1128 2767032 6154196
1757697247 1128 2768312 6154196
1757697248 1127 2769592 6154196
1757697249 1127 2769592 6154196
1757697250 1127 2770872 6154196
1757697251 1127 2770872 6154196
1757697252 1127 2772152 6154196
1757697253 1127 2773432 6154196
1757697254 1127 2773432 6154196
1757697255 1127 2774712 6154196
1757697257 1127 2774712 6154196
1757697258 1127 2775864 6154196
1757697259 1127 2777144 6154196
1757697260 1127 2777144 6154196
1757697261 1127 2778424 6154196
1757697262 1127 2778424 6154196
1757697263 1127 2779704 6154196
1757697264 1127 2779704 6154196
1757697265 1127 2780984 6154196
1757697266 1127 2782136 6154196
1757697267 1128 2782136 6154196
1757697268 1128 2783416 6154196
1757697269 1128 2783416 6154196
1757697270 1128 2784696 6154196
1757697271 1128 2785976 6154196
1757697272 1127 2785976 6154196
1757697273 1127 2787128 6154196
1757697274 1127 2787128 6154196
1757697275 1127 2788408 6154196
1757697276 1127 2789688 6154196
1757697277 1127 2789688 6154196
1757697279 1127 2790968 6154196
1757697280 1127 2792120 6154196
1757697281 1127 2792120 6154196
1757697282 1127 2793400 6154196
1757697283 1127 2793400 6154196
1757697284 1127 2794552 6154196
1757697285 1127 2795832 6154196
1757697286 1128 2795832 6154196
1757697287 1128 2797112 6154196
1757697288 1127 2797112 6154196
1757697289 1127 2798392 6154196
1757697290 1127 2799672 6154196
1757697291 1127 2799672 6154196
1757697292 1126 2800952 6154196
1757697293 1126 2800952 6154196
1757697294 1126 2802232 6154196
1757697295 1127 2803384 6154196
1757697296 1127 2803384 6154196
1757697297 1127 2804664 6154196
1757697298 1127 2805944 6154196
1757697300 1127 2805944 6154196
1757697301 1127 2807224 6154196
1757697302 1127 2807224 6154196
1757697303 1127 2808376 6154196
1757697304 1128 2809656 6154196
1757697305 1128 2809656 6154196
1757697306 1128 2810936 6154196
1757697307 1127 2810936 6154196
1757697308 1127 2812216 6154196
1757697309 1128 2813496 6154196
1757697310 1128 2813496 6154196
1757697311 1128 2814776 6154196
1757697312 1128 2814776 6154196
1757697313 1128 2816056 6154196
1757697314 1128 2817336 6154196
1757697315 1126 2817336 6154196
1757697316 1126 2818488 6154196
1757697317 1127 2818488 6154196
1757697318 1127 2819768 6154196
1757697319 1127 2821048 6154196
1757697321 1127 2821048 6154196
1757697322 1127 2822328 6154196
1757697323 1127 2822328 6154196
1757697324 1127 2823608 6154196
1757697325 1127 2824888 6154196
1757697326 1127 2824888 6154196
1757697327 1127 2826168 6154196
1757697328 1127 2826168 6154196
1757697329 1127 2827320 6154196
1757697330 1127 2828600 6154196
1757697331 1127 2828600 6154196
1757697332 1127 2829880 6154196
1757697333 1128 2829880 6154196
1757697334 1126 2831160 6154196
1757697335 1127 2832312 6154196
1757697336 1126 2832312 6154196
1757697337 1126 2833592 6154196
1757697338 1126 2833592 6154196
1757697339 1127 2834872 6154196
1757697341 1127 2836152 6154196
1757697342 1127 2836152 6154196
1757697343 1127 2837304 6154196
1757697344 1127 2837304 6154196
1757697345 1127 2838584 6154196
1757697346 1127 2839864 6154196
1757697347 1127 2839864 6154196
1757697348 1127 2841016 6154196
1757697349 1127 2841016 6154196
1757697350 1127 2842296 6154196
1757697351 1127 2843576 6154196
1757697352 1127 2843576 6154196
1757697353 1127 2844856 6154196
1757697354 1127 2846008 6154196
1757697355 1127 2846008 6154196
1757697356 1127 2847288 6154196
1757697357 1127 2847288 6154196
1757697358 1126 2848440 6154196
1757697359 1126 2849720 6154196
1757697360 1126 2849720 6154196
1757697361 1127 2851000 6154196
1757697362 1127 2851000 6154196
1757697363 1127 2852280 6154196
1757697365 1127 2853560 6154196
1757697366 1127 2853560 6154196
1757697367 1127 2854840 6154196
1757697368 1127 2856120 6154196
1757697369 1127 2856120 6154196
1757697370 1127 2857272 6154196
1757697371 1127 2857272 6154196
1757697372 1127 2858552 6154196
1757697373 1128 2859832 6154196
1757697374 1128 2859832 6154196
1757697375 1128 2861112 6154196
1757697376 1128 2861112 6154196
1757697377 1128 2862392 6154196
1757697378 1128 2863672 6154196
1757697379 1127 2863672 6154196
1757697380 1127 2864824 6154196
1757697381 1127 2864824 6154196
1757697382 1127 2866104 6154196
1757697383 1127 2867384 6154196
1757697384 1127 2867384 6154196
1757697385 1127 2868664 6154196
1757697387 1127 2869816 6154196
1757697388 1127 2869816 6154196
1757697389 1127 2871096 6154196
1757697390 1127 2871096 6154196
1757697391 1127 2872376 6154196
1757697392 1127 2873656 6154196
1757697393 1128 2873656 6154196
1757697394 1128 2874808 6154196
1757697395 1128 2874808 6154196
1757697396 1128 2876088 6154196
1757697397 1128 2877368 6154196
1757697398 1128 2877368 6154196
1757697399 1128 2878648 6154196
1757697400 1128 2878648 6154196
1757697401 1128 2879800 6154196
1757697402 1127 2881080 6154196
1757697403 1127 2881080 6154196
1757697404 1127 2882360 6154196
1757697405 1127 2882360 6154196
1757697406 1127 2883640 6154196
1757697407 1127 2884920 6154196
1757697408 1127 2884920 6154196
1757697410 1127 2886072 6154196
1757697411 1127 2886072 6154196
1757697412 1127 2887352 6154196
1757697413 1127 2888632 6154196
1757697414 1127 2888632 6154196
1757697415 1128 2889912 6154196
1757697416 1128 2891192 6154196
1757697417 1128 2891192 6154196
1757697418 1128 2892344 6154196
1757697419 1128 2892344 6154196
1757697420 1128 2893496 6154196
1757697421 1128 2894648 6154196
1757697422 1128 2894648 6154196
1757697423 1128 2895928 6154196
1757697424 1128 2895928 6154196
1757697425 1127 2897208 6154196
1757697426 1127 2898488 6154196
1757697427 1127 2898488 6154196
1757697428 1127 2899640 6154196
1757697429 1127 2899640 6154196
1757697430 1127 2900920 6154196
1757697432 1127 2902200 6154196
1757697433 1127 2902200 6154196
1757697434 1127 2903480 6154196
1757697435 1128 2904760 6154196
1757697436 1128 2904760 6154196
1757697437 1128 2906040 6154196
1757697438 1128 2906040 6154196
1757697439 1128 2907320 6154196
1757697440 1128 2908472 6154196
1757697441 1128 2908472 6154196
1757697442 1128 2909624 6154196
1757697443 1128 2909624 6154196
1757697444 1128 2910904 6154196
1757697445 1127 2912184 6154196
1757697446 1127 2912184 6154196
1757697447 1127 2913464 6154196
1757697448 1127 2913464 6154196
1757697449 1128 2914744 6154196
1757697450 1128 2916024 6154196
1757697451 1128 2916024 6154196
1757697453 1127 2917176 6154196
1757697454 1127 2917176 6154196
1757697455 1127 2918456 6154196
1757697456 1127 2919608 6154196
1757697457 1128 2919608 6154196
1757697458 1128 2920888 6154196
1757697459 1128 2922168 6154196
1757697460 1128 2922168 6154196
1757697461 1128 2923320 6154196
1757697462 1128 2923320 6154196
1757697463 1128 2924600 6154196
1757697464 1128 2924600 6154196
1757697465 1128 2925880 6154196
1757697466 1128 2927160 6154196
1757697467 1128 2927160 6154196
1757697468 1128 2928440 6154196
1757697469 1127 2929720 6154196
1757697470 1127 2929720 6154196
1757697471 1127 2931000 6154196
1757697472 1127 2931000 6154196
1757697473 1127 2932280 6154196
1757697474 1127 2933560 6154196
1757697476 1127 2933560 6154196
1757697477 1127 2934712 6154196
1757697478 1127 2934712 6154196
1757697479 1128 2935992 6154196
1757697480 1128 2937272 6154196
1757697481 1128 2937272 6154196
1757697482 1128 2938424 6154196
1757697483 1128 2938424 6154196
1757697484 1128 2939704 6154196
1757697485 1128 2940856 6154196
1757697486 1128 2940856 6154196
1757697487 1128 2942136 6154196
1757697488 1128 2942136 6154196
1757697489 1128 2943416 6154196
1757697490 1128 2944696 6154196
1757697491 1127 2944696 6154196
1757697492 1127 2945976 6154196
1757697493 1127 2947128 6154196
1757697494 1127 2947128 6154196
1757697495 1127 2947128 6154196
1757697496 1127 2947128 6154196
1757697497 1127 2947128 6154196
1757697499 1128 2947128 6154196
1757697500 1128 2947128 6154196
1757697501 1128 2947128 6154196
1757697502 1128 2947128 6154196
1757697503 1128 2947128 6154196
1757697504 1128 2947128 6154196
1757697505 1128 2947128 6154196
1757697506 1128 2947128 6154196
1757697507 1128 2947128 6154196
1757697508 1128 2947128 6154196
1757697509 1128 2947128 6154196
1757697510 1128 2947128 6154196
1757697511 1127 2947128 6154196
1757697512 1128 2947128 6154196
1757697513 1128 2947128 6154196
1757697514 1128 2947128 6154196
1757697515 1128 2947128 6154196
1757697516 1128 2947128 6154196
1757697518 1128 2947128 6154196
1757697519 1128 2947128 6154196
1757697520 1128 2947128 6154196
1757697521 1128 2947256 6154196
1757697522 1128 2947256 6154196
1757697523 1128 2947256 6154196
1757697524 1128 2947256 6154196
1757697525 1128 2947256 6154196
1757697526 1128 2947256 6154196
1757697527 1128 2947256 6154196
1757697528 1128 2947256 6154196
1757697529 1128 2947256 6154196
1757697530 1128 2947256 6154196
1757697531 1128 2947256 6154196
1757697532 1128 2947256 6154196
1757697533 1127 2947256 6154196
1757697534 1127 2947256 6154196
1757697535 1127 2947256 6154196
1757697536 1127 2947256 6154196
1757697537 1128 2947256 6154196
1757697538 1128 2947256 6154196
1757697540 1128 2947256 6154196
1757697541 1128 2947256 6154196
1757697542 1128 2947256 6154196
1757697543 1128 2947256 6154196
1757697544 1128 2947256 6154196
1757697545 1128 2947256 6154196
1757697546 1128 2947256 6154196
1757697547 1128 2947256 6154196
1757697548 1129 2947256 6154196
1757697549 1129 2477704 3810956
1757697550 1129 2477704 3810956
1757697551 1130 2477704 3810956
1757697552 1129 2477704 3810956
1757697553 1129 3238416 5372944
