1757689920  0.0 13696 642536
1757689922  311 1159000 2958860
1757689923  206 945428 2958860
1757689924  447 2438576 4558764
1757689925  654 2563760 4558764
1757689926  714 2206908 6154204
1757689927  805 2208188 6154204
1757689928  852 2208188 6154204
1757689929  902 2209340 6154204
1757689930  926 2209340 6154204
1757689931  946 2210620 6154204
1757689932  949 2210620 6154204
1757689933  955 2211772 6154204
1757689934  967 2212924 6154204
1757689935  982 2212924 6154204
1757689936  988 2214204 6154204
1757689937  996 2215484 6154204
1757689938 1012 2215484 6154204
1757689939  970 2216764 6154204
1757689940  984 2216764 6154204
1757689941  991 2217916 6154204
1757689942 1003 2219196 6154204
1757689943 1014 2219196 6154204
1757689944 1024 2220476 6154204
1757689945 1033 2220476 6154204
1757689947 1041 2221628 6154204
1757689948 1049 2222780 6154204
1757689949 1055 2222780 6154204
1757689950 1062 2223932 6154204
1757689951 1067 2225212 6154204
1757689952 1074 2225212 6154204
1757689953 1074 2226364 6154204
1757689954 1076 2226364 6154204
1757689955 1078 2227644 6154204
1757689956 1081 2228924 6154204
1757689957 1086 2228924 6154204
1757689958 1090 2230204 6154204
1757689959 1094 2230204 6154204
1757689960 1070 2231484 6154204
1757689961 1075 2232764 6154204
1757689962 1077 2232764 6154204
1757689963 1076 2234044 6154204
1757689964 1075 2234044 6154204
1757689965 1076 2235324 6154204
1757689966 1078 2236476 6154204
1757689968 1075 2236476 6154204
1757689969 1075 2237756 6154204
1757689970 1078 2237756 6154204
1757689971 1081 2239036 6154204
1757689972 1083 2240316 6154204
1757689973 1086 2240316 6154204
1757689974 1089 2241596 6154204
1757689975 1092 2241596 6154204
1757689976 1095 2242748 6154204
1757689977 1097 2244028 6154204
1757689978 1100 2244028 6154204
1757689979 1102 2245308 6154204
1757689980 1105 2246588 6154204
1757689981 1107 2246588 6154204
1757689982 1091 2247868 6154204
1757689983 1094 2247868 6154204
1757689984 1096 2249148 6154204
1757689985 1099 2250428 6154204
1757689986 1096 2250428 6154204
1757689987 1098 2251580 6154204
1757689989 1099 2251580 6154204
1757689990 1101 2252860 6154204
1757689991 1103 2254140 6154204
1757689992 1105 2254140 6154204
1757689993 1105 2255292 6154204
1757689994 1105 2255292 6154204
1757689995 1104 2256572 6154204
1757689996 1104 2257852 6154204
1757689997 1106 2257852 6154204
1757689998 1107 2259004 6154204
1757689999 1106 2259004 6154204
1757690000 1106 2260156 6154204
1757690001 1106 2261436 6154204
1757690002 1094 2261436 6154204
1757690003 1096 2262716 6154204
1757690004 1096 2262716 6154204
1757690005 1098 2263996 6154204
1757690006 1100 2265148 6154204
1757690007 1101 2265148 6154204
1757690009 1103 2266428 6154204
1757690010 1105 2267708 6154204
1757690011 1106 2267708 6154204
1757690012 1106 2268988 6154204
1757690013 1108 2268988 6154204
1757690014 1110 2270140 6154204
1757690015 1111 2271420 6154204
1757690016 1112 2271420 6154204
1757690017 1114 2272700 6154204
1757690018 1115 2272700 6154204
1757690019 1116 2273980 6154204
1757690020 1116 2275260 6154204
1757690021 1106 2275260 6154204
1757690022 1106 2276540 6154204
1757690023 1106 2277692 6154204
1757690024 1107 2277692 6154204
1757690025 1106 2278972 6154204
1757690026 1106 2278972 6154204
1757690027 1105 2280252 6154204
1757690028 1107 2281532 6154204
1757690030 1108 2281532 6154204
1757690031 1107 2282812 6154204
1757690032 1108 2282812 6154204
1757690033 1108 2284092 6154204
1757690034 1107 2284092 6154204
1757690035 1108 2285372 6154204
1757690036 1109 2286524 6154204
1757690037 1111 2286524 6154204
1757690038 1112 2287804 6154204
1757690039 1113 2288956 6154204
1757690040 1114 2288956 6154204
1757690041 1115 2290236 6154204
1757690042 1116 2290236 6154204
1757690043 1108 2291516 6154204
1757690044 1108 2292796 6154204
1757690045 1109 2292796 6154204
1757690046 1110 2293948 6154204
1757690047 1111 2295228 6154204
1757690048 1113 2295228 6154204
1757690049 1113 2296508 6154204
1757690051 1114 2296508 6154204
1757690052 1115 2297788 6154204
1757690053 1115 2299068 6154204
1757690054 1116 2299068 6154204
1757690055 1116 2300220 6154204
1757690056 1116 2300220 6154204
1757690057 1116 2301500 6154204
1757690058 1115 2302780 6154204
1757690059 1116 2302780 6154204
1757690060 1117 2304060 6154204
1757690061 1117 2304060 6154204
1757690062 1117 2305212 6154204
1757690063 1117 2306492 6154204
1757690064 1110 2306492 6154204
1757690065 1110 2307644 6154204
1757690066 1111 2307644 6154204
1757690067 1111 2308924 6154204
1757690068 1112 2310204 6154204
1757690069 1113 2310204 6154204
1757690071 1113 2311484 6154204
1757690072 1114 2312764 6154204
1757690073 1115 2312764 6154204
1757690074 1116 2313916 6154204
1757690075 1117 2313916 6154204
1757690076 1117 2315196 6154204
1757690077 1118 2316476 6154204
1757690078 1119 2316476 6154204
1757690079 1119 2317628 6154204
1757690080 1120 2317628 6154204
1757690081 1121 2318908 6154204
1757690082 1121 2320188 6154204
1757690083 1122 2320188 6154204
1757690084 1116 2321468 6154204
1757690085 1116 2322748 6154204
1757690086 1116 2322748 6154204
1757690087 1116 2324028 6154204
1757690088 1115 2324028 6154204
1757690089 1115 2325308 6154204
1757690090 1115 2325308 6154204
1757690091 1116 2326588 6154204
1757690093 1116 2327868 6154204
1757690094 1116 2327868 6154204
1757690095 1116 2329020 6154204
1757690096 1116 2329020 6154204
1757690097 1117 2330300 6154204
1757690098 1117 2331580 6154204
1757690099 1117 2331580 6154204
1757690100 1117 2332860 6154204
1757690101 1118 2332860 6154204
1757690102 1118 2334012 6154204
1757690103 1119 2335292 6154204
1757690104 1120 2335292 6154204
1757690105 1120 2336572 6154204
1757690106 1121 2337852 6154204
1757690107 1115 2337852 6154204
1757690108 1116 2339132 6154204
1757690109 1117 2339132 6154204
1757690110 1117 2340412 6154204
1757690111 1118 2341692 6154204
1757690112 1119 2341692 6154204
1757690114 1120 2342844 6154204
1757690115 1120 2344124 6154204
1757690116 1121 2344124 6154204
1757690117 1121 2345404 6154204
1757690118 1121 2345404 6154204
1757690119 1121 2346684 6154204
1757690120 1120 2346684 6154204
1757690121 1120 2347964 6154204
1757690122 1120 2349116 6154204
1757690123 1120 2349116 6154204
1757690124 1120 2350396 6154204
1757690125 1120 2350396 6154204
1757690126 1120 2351548 6154204
1757690127 1121 2352828 6154204
1757690128 1116 2352828 6154204
1757690129 1117 2354108 6154204
1757690130 1117 2355388 6154204
1757690131 1117 2355388 6154204
1757690132 1117 2356668 6154204
1757690134 1118 2356668 6154204
1757690135 1118 2357820 6154204
1757690136 1119 2359100 6154204
1757690137 1119 2359100 6154204
1757690138 1120 2360380 6154204
1757690139 1121 2361660 6154204
1757690140 1121 2361660 6154204
1757690141 1122 2362812 6154204
1757690142 1122 2362812 6154204
1757690143 1123 2364092 6154204
1757690144 1123 2365372 6154204
1757690145 1124 2365372 6154204
1757690146 1125 2366652 6154204
1757690147 1120 2366652 6154204
1757690148 1120 2367932 6154204
1757690149 1121 2369212 6154204
1757690150 1121 2369212 6154204
1757690151 1120 2370492 6154204
1757690152 1120 2370492 6154204
1757690154 1119 2371644 6154204
1757690155 1120 2372924 6154204
1757690156 1120 2372924 6154204
1757690157 1120 2374204 6154204
1757690158 1121 2375484 6154204
1757690159 1121 2375484 6154204
1757690160 1121 2376764 6154204
1757690161 1122 2376764 6154204
1757690162 1123 2377916 6154204
1757690163 1123 2379196 6154204
1757690164 1123 2379196 6154204
1757690165 1122 2380476 6154204
1757690166 1123 2380476 6154204
1757690167 1123 2381756 6154204
1757690168 1119 2382908 6154204
1757690169 1120 2382908 6154204
1757690170 1120 2384188 6154204
1757690171 1121 2384188 6154204
1757690172 1121 2385468 6154204
1757690173 1121 2386748 6154204
1757690175 1122 2386748 6154204
1757690176 1122 2387900 6154204
1757690177 1123 2389052 6154204
1757690178 1123 2389052 6154204
1757690179 1124 2390332 6154204
1757690180 1124 2390332 6154204
1757690181 1125 2391612 6154204
1757690182 1125 2392892 6154204
1757690183 1125 2392892 6154204
1757690184 1124 2394172 6154204
1757690185 1124 2394172 6154204
1757690186 1124 2395452 6154204
1757690187 1119 2396732 6154204
1757690188 1119 2396732 6154204
1757690189 1120 2397884 6154204
1757690190 1120 2397884 6154204
1757690191 1121 2399036 6154204
1757690192 1121 2400316 6154204
1757690193 1121 2400316 6154204
1757690195 1122 2401596 6154204
1757690196 1122 2401596 6154204
1757690197 1122 2402748 6154204
1757690198 1122 2404028 6154204
1757690199 1122 2404028 6154204
1757690200 1123 2405308 6154204
1757690201 1123 2405308 6154204
1757690202 1124 2406588 6154204
1757690203 1124 2407868 6154204
1757690204 1124 2407868 6154204
1757690205 1125 2409148 6154204
1757690206 1125 2410428 6154204
1757690207 1122 2410428 6154204
1757690208 1122 2411708 6154204
1757690209 1122 2411708 6154204
1757690210 1123 2412988 6154204
1757690211 1123 2414140 6154204
1757690212 1124 2414140 6154204
1757690213 1124 2415420 6154204
1757690215 1124 2415420 6154204
1757690216 1123 2416700 6154204
1757690217 1123 2417980 6154204
1757690218 1123 2417980 6154204
1757690219 1123 2419132 6154204
1757690220 1123 2419132 6154204
1757690221 1123 2420284 6154204
1757690222 1123 2421436 6154204
1757690223 1124 2421436 6154204
1757690224 1124 2422716 6154204
1757690225 1124 2422716 6154204
1757690226 1125 2423996 6154204
1757690227 1125 2425276 6154204
1757690228 1125 2425276 6154204
1757690229 1125 2426428 6154204
1757690230 1122 2427708 6154204
1757690231 1122 2427708 6154204
1757690232 1122 2428988 6154204
1757690233 1122 2428988 6154204
1757690234 1123 2430268 6154204
1757690235 1123 2431548 6154204
1757690237 1123 2431548 6154204
1757690238 1124 2432700 6154204
1757690239 1124 2432700 6154204
1757690240 1125 2433980 6154204
1757690241 1125 2435260 6154204
1757690242 1125 2435260 6154204
1757690243 1126 2436412 6154204
1757690244 1126 2437692 6154204
1757690245 1126 2437692 6154204
1757690246 1125 2438972 6154204
1757690247 1125 2438972 6154204
1757690248 1126 2440252 6154204
1757690249 1125 2440252 6154204
1757690250 1126 2441532 6154204
1757690251 1122 2442812 6154204
1757690252 1122 2442812 6154204
1757690253 1122 2444092 6154204
1757690254 1122 2444092 6154204
1757690255 1123 2445372 6154204
1757690256 1123 2446524 6154204
1757690258 1124 2446524 6154204
1757690259 1124 2447804 6154204
1757690260 1124 2449084 6154204
1757690261 1125 2449084 6154204
1757690262 1124 2450364 6154204
1757690263 1124 2450364 6154204
1757690264 1124 2451516 6154204
1757690265 1125 2452796 6154204
1757690266 1125 2452796 6154204
1757690267 1126 2453948 6154204
1757690268 1126 2453948 6154204
1757690269 1126 2455228 6154204
1757690270 1127 2456508 6154204
1757690271 1124 2456508 6154204
1757690272 1124 2457660 6154204
1757690273 1124 2458940 6154204
1757690274 1125 2458940 6154204
1757690275 1125 2460220 6154204
1757690276 1124 2460220 6154204
1757690277 1124 2461500 6154204
1757690278 1124 2462780 6154204
1757690280 1124 2462780 6154204
1757690281 1124 2464060 6154204
1757690282 1125 2464060 6154204
1757690283 1125 2465212 6154204
1757690284 1125 2466492 6154204
1757690285 1124 2466492 6154204
1757690286 1124 2467772 6154204
1757690287 1125 2467772 6154204
1757690288 1125 2469052 6154204
1757690289 1125 2470332 6154204
1757690290 1126 2470332 6154204
1757690291 1126 2471612 6154204
1757690292 1123 2471612 6154204
1757690293 1124 2472892 6154204
1757690294 1124 2474172 6154204
1757690295 1124 2474172 6154204
1757690296 1124 2475324 6154204
1757690297 1124 2475324 6154204
1757690299 1125 2476604 6154204
1757690300 1125 2477884 6154204
1757690301 1125 2477884 6154204
1757690302 1126 2479164 6154204
1757690303 1126 2480444 6154204
1757690304 1126 2480444 6154204
1757690305 1126 2481724 6154204
1757690306 1126 2481724 6154204
1757690307 1126 2483004 6154204
1757690308 1126 2484284 6154204
1757690309 1126 2484284 6154204
1757690310 1126 2485564 6154204
1757690311 1126 2485564 6154204
1757690312 1126 2486716 6154204
1757690313 1126 2487996 6154204
1757690314 1126 2487996 6154204
1757690315 1124 2489276 6154204
1757690316 1124 2489276 6154204
1757690317 1124 2490556 6154204
1757690318 1124 2491708 6154204
1757690319 1124 2491708 6154204
1757690320 1124 2492988 6154204
1757690321 1124 2492988 6154204
1757690322 1124 2494268 6154204
1757690324 1124 2494268 6154204
1757690325 1124 2495548 6154204
1757690326 1125 2496700 6154204
1757690327 1125 2496700 6154204
1757690328 1125 2497852 6154204
1757690329 1125 2497852 6154204
1757690330 1125 2499132 6154204
1757690331 1125 2500284 6154204
1757690332 1125 2500284 6154204
1757690333 1126 2501436 6154204
1757690334 1126 2502716 6154204
1757690335 1126 2502716 6154204
1757690336 1127 2503868 6154204
1757690337 1124 2503868 6154204
1757690338 1124 2505148 6154204
1757690339 1123 2505148 6154204
1757690340 1123 2506300 6154204
1757690341 1123 2507452 6154204
1757690342 1123 2507452 6154204
1757690343 1124 2508732 6154204
1757690345 1124 2508732 6154204
1757690346 1124 2510012 6154204
1757690347 1124 2511292 6154204
1757690348 1125 2511292 6154204
1757690349 1125 2512572 6154204
1757690350 1125 2513852 6154204
1757690351 1125 2513852 6154204
1757690352 1125 2515004 6154204
1757690353 1126 2515004 6154204
1757690354 1126 2516284 6154204
1757690355 1126 2517564 6154204
1757690356 1127 2517564 6154204
1757690357 1127 2518844 6154204
1757690358 1124 2520124 6154204
1757690359 1125 2520124 6154204
1757690360 1125 2521276 6154204
1757690361 1125 2521276 6154204
1757690362 1125 2522556 6154204
1757690363 1125 2523836 6154204
1757690364 1125 2523836 6154204
1757690366 1126 2524988 6154204
1757690367 1126 2526268 6154204
1757690368 1126 2526268 6154204
1757690369 1126 2527548 6154204
1757690370 1126 2527548 6154204
1757690371 1126 2528828 6154204
1757690372 1126 2530108 6154204
1757690373 1126 2530108 6154204
1757690374 1126 2531388 6154204
1757690375 1126 2531388 6154204
1757690376 1126 2532668 6154204
1757690377 1126 2533948 6154204
1757690378 1124 2533948 6154204
1757690379 1124 2535228 6154204
1757690380 1125 2535228 6154204
1757690381 1125 2536380 6154204
1757690382 1125 2537660 6154204
1757690383 1125 2537660 6154204
1757690384 1125 2538812 6154204
1757690386 1125 2538812 6154204
1757690387 1125 2540092 6154204
1757690388 1125 2541372 6154204
1757690389 1125 2541372 6154204
1757690390 1125 2542652 6154204
1757690391 1126 2542652 6154204
1757690392 1126 2543804 6154204
1757690393 1126 2545084 6154204
1757690394 1126 2545084 6154204
1757690395 1126 2546364 6154204
1757690396 1126 2546364 6154204
1757690397 1126 2547516 6154204
1757690398 1127 2548796 6154204
1757690399 1127 2548796 6154204
1757690400 1127 2550076 6154204
1757690401 1125 2550076 6154204
1757690402 1124 2551356 6154204
1757690403 1124 2552636 6154204
1757690404 1124 2552636 6154204
1757690405 1124 2553916 6154204
1757690406 1124 2553916 6154204
1757690407 1125 2555196 6154204
1757690409 1125 2556476 6154204
1757690410 1125 2556476 6154204
1757690411 1125 2557756 6154204
1757690412 1125 2557756 6154204
1757690413 1126 2559036 6154204
1757690414 1126 2560316 6154204
1757690415 1126 2560316 6154204
1757690416 1126 2561596 6154204
1757690417 1126 2562876 6154204
1757690418 1126 2562876 6154204
1757690419 1126 2564156 6154204
1757690420 1126 2564156 6154204
1757690421 1127 2565436 6154204
1757690422 1125 2566716 6154204
1757690423 1125 2566716 6154204
1757690424 1125 2567996 6154204
1757690425 1125 2567996 6154204
1757690426 1125 2569148 6154204
1757690427 1125 2570428 6154204
1757690428 1125 2570428 6154204
1757690430 1125 2571708 6154204
1757690431 1125 2571708 6154204
1757690432 1126 2572988 6154204
1757690433 1125 2574268 6154204
1757690434 1125 2574268 6154204
1757690435 1125 2575548 6154204
1757690436 1125 2575548 6154204
1757690437 1126 2576700 6154204
1757690438 1126 2577980 6154204
1757690439 1126 2577980 6154204
1757690440 1126 2579260 6154204
1757690441 1126 2579260 6154204
1757690442 1126 2580540 6154204
1757690443 1126 2581692 6154204
1757690444 1124 2581692 6154204
1757690445 1125 2582844 6154204
1757690446 1125 2584124 6154204
1757690447 1125 2584124 6154204
1757690448 1125 2585404 6154204
1757690449 1125 2585404 6154204
1757690451 1125 2586556 6154204
1757690452 1125 2587708 6154204
1757690453 1125 2587708 6154204
1757690454 1125 2588860 6154204
1757690455 1126 2588860 6154204
1757690456 1126 2590140 6154204
1757690457 1126 2591420 6154204
1757690458 1126 2591420 6154204
1757690459 1126 2592700 6154204
1757690460 1126 2592700 6154204
1757690461 1126 2593980 6154204
1757690462 1127 2595260 6154204
1757690463 1126 2595260 6154204
1757690464 1126 2596540 6154204
1757690465 1126 2596540 6154204
1757690466 1124 2597820 6154204
1757690467 1124 2599100 6154204
1757690468 1124 2599100 6154204
1757690469 1124 2600252 6154204
1757690470 1124 2600252 6154204
1757690471 1125 2601532 6154204
1757690473 1125 2602684 6154204
1757690474 1125 2602684 6154204
1757690475 1125 2603964 6154204
1757690476 1125 2603964 6154204
1757690477 1125 2605116 6154204
1757690478 1126 2606396 6154204
1757690479 1126 2606396 6154204
1757690480 1126 2607676 6154204
1757690481 1126 2608956 6154204
1757690482 1126 2608956 6154204
1757690483 1126 2610236 6154204
1757690484 1126 2610236 6154204
1757690485 1127 2611388 6154204
1757690486 1127 2612668 6154204
1757690487 1125 2612668 6154204
1757690488 1125 2613948 6154204
1757690489 1126 2615228 6154204
1757690490 1126 2615228 6154204
1757690491 1126 2616380 6154204
1757690492 1126 2616380 6154204
1757690493 1126 2617660 6154204
1757690495 1125 2618940 6154204
1757690496 1125 2618940 6154204
1757690497 1125 2620092 6154204
1757690498 1125 2620092 6154204
1757690499 1125 2621372 6154204
1757690500 1125 2621372 6154204
1757690501 1125 2622652 6154204
1757690502 1126 2623804 6154204
1757690503 1126 2623804 6154204
1757690504 1126 2625084 6154204
1757690505 1126 2626364 6154204
1757690506 1126 2626364 6154204
1757690507 1127 2627516 6154204
1757690508 1125 2627516 6154204
1757690509 1125 2628796 6154204
1757690510 1125 2630076 6154204
1757690511 1126 2630076 6154204
1757690512 1126 2631356 6154204
1757690513 1126 2632636 6154204
1757690514 1126 2632636 6154204
1757690516 1126 2633916 6154204
1757690517 1126 2633916 6154204
1757690518 1126 2635068 6154204
1757690519 1126 2636348 6154204
1757690520 1127 2636348 6154204
1757690521 1127 2637628 6154204
1757690522 1127 2637628 6154204
1757690523 1127 2638908 6154204
1757690524 1127 2640188 6154204
1757690525 1127 2640188 6154204
1757690526 1127 2641468 6154204
1757690527 1127 2641468 6154204
1757690528 1126 2642748 6154204
1757690529 1126 2642748 6154204
1757690530 1124 2644028 6154204
1757690531 1125 2645308 6154204
1757690532 1125 2645308 6154204
1757690533 1125 2646588 6154204
1757690534 1125 2647740 6154204
1757690535 1126 2647740 6154204
1757690537 1126 2648892 6154204
1757690538 1126 2648892 6154204
1757690539 1126 2650172 6154204
1757690540 1126 2651452 6154204
1757690541 1126 2651452 6154204
1757690542 1127 2652732 6154204
1757690543 1127 2654012 6154204
1757690544 1127 2654012 6154204
1757690545 1127 2655292 6154204
1757690546 1127 2655292 6154204
1757690547 1127 2656572 6154204
1757690548 1127 2657724 6154204
1757690549 1127 2657724 6154204
1757690550 1127 2659004 6154204
1757690551 1126 2659004 6154204
1757690552 1126 2660284 6154204
1757690553 1126 2661564 6154204
1757690554 1126 2661564 6154204
1757690555 1126 2662844 6154204
1757690556 1126 2662844 6154204
1757690558 1126 2663996 6154204
1757690559 1126 2665148 6154204
1757690560 1126 2665148 6154204
1757690561 1126 2666428 6154204
1757690562 1126 2666428 6154204
1757690563 1126 2667708 6154204
1757690564 1126 2668988 6154204
1757690565 1126 2668988 6154204
1757690566 1126 2670268 6154204
1757690567 1127 2670268 6154204
1757690568 1127 2671548 6154204
1757690569 1127 2672828 6154204
1757690570 1127 2672828 6154204
1757690571 1127 2673980 6154204
1757690572 1127 2675260 6154204
1757690573 1126 2675260 6154204
1757690574 1126 2676540 6154204
1757690575 1126 2676540 6154204
1757690576 1126 2677820 6154204
1757690577 1127 2679100 6154204
1757690578 1127 2679100 6154204
1757690580 1127 2680380 6154204
1757690581 1127 2681660 6154204
1757690582 1127 2681660 6154204
1757690583 1127 2682940 6154204
1757690584 1127 2682940 6154204
1757690585 1127 2684092 6154204
1757690586 1128 2685372 6154204
1757690587 1127 2685372 6154204
1757690588 1127 2686652 6154204
1757690589 1127 2686652 6154204
1757690590 1127 2687932 6154204
1757690591 1127 2687932 6154204
1757690592 1127 2689212 6154204
1757690593 1127 2690492 6154204
1757690594 1126 2690492 6154204
1757690595 1126 2691644 6154204
1757690596 1126 2691644 6154204
1757690597 1126 2692796 6154204
1757690598 1126 2693948 6154204
1757690599 1126 2693948 6154204
1757690600 1126 2695228 6154204
1757690602 1127 2696508 6154204
1757690603 1127 2696508 6154204
1757690604 1127 2697788 6154204
1757690605 1127 2697788 6154204
1757690606 1127 2698940 6154204
1757690607 1127 2700220 6154204
1757690608 1127 2700220 6154204
1757690609 1127 2701372 6154204
1757690610 1127 2701372 6154204
1757690611 1128 2702652 6154204
1757690612 1128 2703932 6154204
1757690613 1128 2703932 6154204
1757690614 1127 2705212 6154204
1757690615 1128 2705212 6154204
1757690616 1128 2706492 6154204
1757690617 1126 2707772 6154204
1757690618 1126 2707772 6154204
1757690619 1126 2708924 6154204
1757690620 1126 2708924 6154204
1757690621 1126 2710204 6154204
1757690622 1126 2710204 6154204
1757690623 1126 2711484 6154204
1757690625 1126 2712636 6154204
1757690626 1126 2712636 6154204
1757690627 1126 2713916 6154204
1757690628 1126 2715196 6154204
1757690629 1126 2715196 6154204
1757690630 1127 2716348 6154204
1757690631 1127 2716348 6154204
1757690632 1127 2717628 6154204
1757690633 1127 2718908 6154204
1757690634 1127 2718908 6154204
1757690635 1127 2720188 6154204
1757690636 1126 2721468 6154204
1757690637 1126 2721468 6154204
1757690638 1126 2722748 6154204
1757690639 1127 2722748 6154204
1757690640 1127 2724028 6154204
1757690641 1127 2725180 6154204
1757690643 1127 2725180 6154204
1757690644 1127 2726460 6154204
1757690645 1127 2727740 6154204
1757690646 1128 2727740 6154204
1757690647 1128 2729020 6154204
1757690648 1127 2729020 6154204
1757690649 1127 2730300 6154204
1757690650 1127 2731580 6154204
1757690651 1127 2731580 6154204
1757690652 1127 2732860 6154204
1757690653 1127 2732860 6154204
1757690654 1127 2734140 6154204
1757690655 1126 2735420 6154204
1757690656 1126 2735420 6154204
1757690657 1126 2736572 6154204
1757690658 1126 2736572 6154204
1757690659 1126 2737724 6154204
1757690660 1126 2737724 6154204
1757690661 1126 2739004 6154204
1757690662 1126 2740284 6154204
1757690664 1126 2740284 6154204
1757690665 1126 2741564 6154204
1757690666 1126 2741564 6154204
1757690667 1126 2742716 6154204
1757690668 1126 2743996 6154204
1757690669 1126 2743996 6154204
1757690670 1127 2745276 6154204
1757690671 1127 2745276 6154204
1757690672 1127 2746556 6154204
1757690673 1127 2747836 6154204
1757690674 1127 2747836 6154204
1757690675 1127 2748988 6154204
1757690676 1127 2748988 6154204
1757690677 1128 2750140 6154204
1757690678 1126 2751420 6154204
1757690679 1126 2751420 6154204
1757690680 1126 2752700 6154204
1757690681 1126 2752700 6154204
1757690682 1126 2753980 6154204
1757690683 1126 2755132 6154204
1757690684 1125 2755132 6154204
1757690686 1126 2756284 6154204
1757690687 1126 2756284 6154204
1757690688 1126 2757564 6154204
1757690689 1126 2758844 6154204
1757690690 1126 2758844 6154204
1757690691 1126 2760124 6154204
1757690692 1126 2760124 6154204
1757690693 1126 2761276 6154204
1757690694 1126 2762556 6154204
1757690695 1127 2762556 6154204
1757690696 1127 2763708 6154204
1757690697 1127 2764988 6154204
1757690698 1126 2764988 6154204
1757690699 1126 2766268 6154204
1757690700 1126 2766268 6154204
1757690701 1126 2767548 6154204
1757690702 1126 2768700 6154204
1757690703 1126 2768700 6154204
1757690704 1126 2769980 6154204
1757690706 1127 2769980 6154204
1757690707 1127 2771260 6154204
1757690708 1127 2772540 6154204
1757690709 1127 2772540 6154204
1757690710 1127 2773820 6154204
1757690711 1127 2775100 6154204
1757690712 1127 2775100 6154204
1757690713 1127 2776380 6154204
1757690714 1127 2776380 6154204
1757690715 1127 2777532 6154204
1757690716 1127 2777532 6154204
1757690717 1127 2778812 6154204
1757690718 1127 2780092 6154204
1757690719 1126 2780092 6154204
1757690720 1126 2781372 6154204
1757690721 1126 2782524 6154204
1757690722 1126 2782524 6154204
1757690723 1126 2783804 6154204
1757690724 1126 2783804 6154204
1757690726 1126 2785084 6154204
1757690727 1126 2786364 6154204
1757690728 1126 2786364 6154204
1757690729 1127 2787644 6154204
1757690730 1127 2787644 6154204
1757690731 1127 2788924 6154204
1757690732 1127 2790076 6154204
1757690733 1127 2790076 6154204
1757690734 1127 2791356 6154204
1757690735 1127 2791356 6154204
1757690736 1127 2792636 6154204
1757690737 1127 2793916 6154204
1757690738 1127 2793916 6154204
1757690739 1128 2795196 6154204
1757690740 1126 2796476 6154204
1757690741 1126 2796476 6154204
1757690742 1126 2797756 6154204
1757690743 1126 2797756 6154204
1757690744 1126 2799036 6154204
1757690745 1126 2799036 6154204
1757690747 1126 2800188 6154204
1757690748 1126 2801468 6154204
1757690749 1126 2801468 6154204
1757690750 1126 2802748 6154204
1757690751 1126 2802748 6154204
1757690752 1126 2803900 6154204
1757690753 1126 2805052 6154204
1757690754 1126 2805052 6154204
1757690755 1126 2806332 6154204
1757690756 1126 2806332 6154204
1757690757 1126 2807484 6154204
1757690758 1126 2807484 6154204
1757690759 1126 2808636 6154204
1757690760 1126 2809916 6154204
1757690761 1127 2809916 6154204
1757690762 1127 2811196 6154204
1757690763 1125 2812476 6154204
1757690764 1126 2812476 6154204
1757690765 1126 2813756 6154204
1757690766 1126 2813756 6154204
1757690767 1126 2815036 6154204
1757690768 1126 2816316 6154204
1757690769 1126 2816316 6154204
1757690771 1126 2817596 6154204
1757690772 1126 2817596 6154204
1757690773 1127 2818748 6154204
1757690774 1127 2820028 6154204
1757690775 1126 2820028 6154204
1757690776 1126 2821308 6154204
1757690777 1126 2821308 6154204
1757690778 1126 2822588 6154204
1757690779 1126 2823868 6154204
1757690780 1126 2823868 6154204
1757690781 1126 2825148 6154204
1757690782 1126 2825148 6154204
1757690783 1127 2826300 6154204
1757690784 1127 2827580 6154204
1757690785 1126 2827580 6154204
1757690786 1126 2828860 6154204
1757690787 1126 2830140 6154204
1757690788 1126 2830140 6154204
1757690789 1126 2831292 6154204
1757690790 1126 2831292 6154204
1757690792 1126 2832572 6154204
1757690793 1126 2833852 6154204
1757690794 1126 2833852 6154204
1757690795 1126 2835132 6154204
1757690796 1126 2835132 6154204
1757690797 1126 2836412 6154204
1757690798 1127 2837692 6154204
1757690799 1127 2837692 6154204
1757690800 1127 2838972 6154204
1757690801 1127 2838972 6154204
1757690802 1127 2840252 6154204
1757690803 1127 2841532 6154204
1757690804 1126 2841532 6154204
1757690805 1126 2842812 6154204
1757690806 1126 2842812 6154204
1757690807 1126 2844092 6154204
1757690808 1126 2845244 6154204
1757690809 1126 2845244 6154204
1757690810 1126 2846524 6154204
1757690811 1126 2846524 6154204
1757690813 1126 2847804 6154204
1757690814 1126 2849084 6154204
1757690815 1126 2849084 6154204
1757690816 1126 2850236 6154204
1757690817 1126 2851516 6154204
1757690818 1126 2851516 6154204
1757690819 1127 2852796 6154204
1757690820 1127 2852796 6154204
1757690821 1126 2854076 6154204
1757690822 1127 2855356 6154204
1757690823 1127 2855356 6154204
1757690824 1127 2856508 6154204
1757690825 1127 2856508 6154204
1757690826 1127 2857788 6154204
1757690827 1126 2858940 6154204
1757690828 1126 2858940 6154204
1757690829 1126 2860220 6154204
1757690830 1126 2861500 6154204
1757690831 1127 2861500 6154204
1757690832 1127 2862780 6154204
1757690834 1127 2862780 6154204
1757690835 1127 2863932 6154204
1757690836 1127 2865212 6154204
1757690837 1127 2865212 6154204
1757690838 1127 2866364 6154204
1757690839 1127 2866364 6154204
1757690840 1127 2867516 6154204
1757690841 1127 2868796 6154204
1757690842 1127 2868796 6154204
1757690843 1127 2870076 6154204
1757690844 1127 2870076 6154204
1757690845 1127 2871228 6154204
1757690846 1127 2872380 6154204
1757690847 1127 2872380 6154204
1757690848 1126 2873660 6154204
1757690849 1126 2873660 6154204
1757690850 1126 2874940 6154204
1757690851 1126 2876220 6154204
1757690852 1126 2876220 6154204
1757690853 1126 2877500 6154204
1757690855 1126 2877500 6154204
1757690856 1126 2878780 6154204
1757690857 1126 2879932 6154204
1757690858 1126 2879932 6154204
1757690859 1127 2881212 6154204
1757690860 1127 2882364 6154204
1757690861 1127 2882364 6154204
1757690862 1127 2883644 6154204
1757690863 1127 2883644 6154204
1757690864 1127 2884796 6154204
1757690865 1127 2886076 6154204
1757690866 1127 2886076 6154204
1757690867 1127 2887356 6154204
1757690868 1127 2887356 6154204
1757690869 1126 2888636 6154204
1757690870 1126 2889916 6154204
1757690871 1126 2889916 6154204
1757690872 1126 2891196 6154204
1757690873 1126 2891196 6154204
1757690874 1126 2892476 6154204
1757690875 1126 2893756 6154204
1757690876 1126 2893756 6154204
1757690878 1126 2895036 6154204
1757690879 1127 2895036 6154204
1757690880 1126 2896188 6154204
1757690881 1127 2897468 6154204
1757690882 1127 2897468 6154204
1757690883 1127 2898748 6154204
1757690884 1127 2900028 6154204
1757690885 1127 2900028 6154204
1757690886 1127 2901308 6154204
1757690887 1127 2901308 6154204
1757690888 1127 2902460 6154204
1757690889 1127 2903740 6154204
1757690890 1126 2903740 6154204
1757690891 1126 2905020 6154204
1757690892 1126 2905020 6154204
1757690893 1126 2906300 6154204
1757690894 1126 2907452 6154204
1757690895 1126 2907452 6154204
1757690897 1126 2908732 6154204
1757690898 1127 2908732 6154204
1757690899 1127 2910012 6154204
1757690900 1126 2911292 6154204
1757690901 1126 2911292 6154204
1757690902 1126 2912572 6154204
1757690903 1126 2912572 6154204
1757690904 1126 2913852 6154204
1757690905 1126 2915132 6154204
1757690906 1127 2915132 6154204
1757690907 1127 2916412 6154204
1757690908 1127 2916412 6154204
1757690909 1126 2917564 6154204
1757690910 1126 2918844 6154204
1757690911 1126 2918844 6154204
1757690912 1126 2920124 6154204
1757690913 1126 2921404 6154204
1757690914 1126 2921404 6154204
1757690916 1126 2922556 6154204
1757690917 1126 2922556 6154204
1757690918 1126 2923836 6154204
1757690919 1126 2925116 6154204
1757690920 1126 2925116 6154204
1757690921 1126 2926268 6154204
1757690922 1127 2926268 6154204
1757690923 1127 2927548 6154204
1757690924 1127 2928828 6154204
1757690925 1127 2928828 6154204
1757690926 1127 2930108 6154204
1757690927 1127 2931260 6154204
1757690928 1126 2931260 6154204
1757690929 1126 2932412 6154204
1757690930 1126 2932412 6154204
1757690931 1126 2933692 6154204
1757690932 1126 2934972 6154204
1757690933 1126 2934972 6154204
1757690934 1126 2936252 6154204
1757690936 1126 2936252 6154204
1757690937 1126 2937532 6154204
1757690938 1126 2938812 6154204
1757690939 1126 2938812 6154204
1757690940 1126 2940092 6154204
1757690941 1127 2940092 6154204
1757690942 1127 2941372 6154204
1757690943 1127 2942652 6154204
1757690944 1127 2942652 6154204
1757690945 1127 2943932 6154204
1757690946 1127 2943932 6154204
1757690947 1127 2945084 6154204
1757690948 1127 2946364 6154204
1757690949 1126 2946364 6154204
1757690950 1126 2947516 6154204
1757690951 1126 2947516 6154204
1757690952 1126 2947516 6154204
1757690953 1126 2947516 6154204
1757690955 1126 2947516 6154204
1757690956 1126 2947516 6154204
1757690957 1126 2947516 6154204
1757690958 1127 2947516 6154204
1757690959 1127 2947516 6154204
1757690960 1127 2947516 6154204
1757690961 1127 2947516 6154204
1757690962 1127 2947516 6154204
1757690963 1127 2947516 6154204
1757690964 1126 2947516 6154204
1757690965 1127 2947516 6154204
1757690966 1126 2947516 6154204
1757690967 1127 2947516 6154204
1757690968 1127 2947516 6154204
1757690969 1126 2947516 6154204
1757690970 1126 2947516 6154204
1757690971 1126 2947516 6154204
1757690972 1126 2947516 6154204
1757690973 1126 2947516 6154204
1757690974 1126 2947516 6154204
1757690975 1126 2947516 6154204
1757690977 1126 2947516 6154204
1757690978 1126 2947516 6154204
1757690979 1126 2947516 6154204
1757690980 1126 2947516 6154204
1757690981 1126 2947516 6154204
1757690982 1127 2947516 6154204
1757690983 1127 2947516 6154204
1757690984 1127 2947516 6154204
1757690985 1127 2947516 6154204
1757690986 1127 2947516 6154204
1757690987 1127 2947516 6154204
1757690988 1126 2947516 6154204
1757690989 1126 2947516 6154204
1757690990 1126 2947516 6154204
1757690991 1126 2947516 6154204
1757690992 1126 2947516 6154204
1757690993 1126 2947516 6154204
1757690995 1126 2947516 6154204
1757690996 1126 2947516 6154204
1757690997 1126 2947516 6154204
1757690998 1126 2947516 6154204
1757690999 1126 2947516 6154204
1757691000 1126 2947516 6154204
1757691001 1126 2947516 6154204
1757691002 1126 2947516 6154204
1757691003 1126 2947516 6154204
1757691004 1126 2947516 6154204
1757691005 1126 2947516 6154204
1757691006 1127 2478456 3810964
1757691007 1127 2478456 3810964
1757691008 1127 2478456 3810964
1757691009 1127 2478456 3810964
