1757681579  0.0 16256 676480
1757681580 1456 231076 1760188
1757681582 1566 232228 1760188
1757681583 1613 233508 1760188
1757681584 1611 234276 1760188
1757681585 1628 235556 1760188
1757681586 1639 236580 1760188
1757681587 1634 237604 1760188
1757681588 1625 238756 1760188
1757681589 1606 239652 1760188
1757681590 1599 240292 1760188
1757681591 1465 241060 1760188
1757681592 1483 242212 1760188
1757681593 1492 243364 1760188
1757681594 1506 244516 1760188
1757681595 1516 245668 1760188
1757681596 1527 246820 1760188
1757681598 1537 248100 1760188
1757681599 1544 249124 1760188
1757681600 1552 250276 1760188
1757681601 1558 251428 1760188
1757681602 1556 252324 1760188
1757681603 1553 253220 1760188
1757681604 1553 254116 1760188
1757681605 1552 254884 1760188
1757681606 1555 255908 1760188
1757681607 1504 257060 1760188
1757681608 1511 258212 1760188
1757681609 1517 259492 1760188
1757681610 1522 260644 1760188
1757681612 1528 261796 1760188
1757681613 1532 262948 1760188
1757681614 1537 264100 1760188
1757681615 1540 264996 1760188
1757681616 1544 266148 1760188
1757681617 1548 267300 1760188
1757681618 1552 268580 1760188
1757681619 1555 269092 1760188
1757681620 1558 269092 1760188
1757681621 1558 269092 1760188
1757681622 1519 269092 1760188
1757681623 1519 269092 1760188
1757681624 1521 269092 1760188
1757681625 1525 269092 1760188
1757681627 1528 269092 1760188
1757681628 1531 269092 1760188
1757681629 1534 269092 1760188
