1757687010  0.0 16000 676480
1757687011  326 572548 2275932
1757687012  760 1405736 3192248
1757687014  964 1305944 4104100
1757687015 1056 1306712 4104100
1757687016 1130 1307224 4104100
1757687017 1158 1307864 4104100
1757687018 1188 1308632 4104100
1757687019 1252 1309528 4104100
1757687020 1294 1310296 4104100
1757687021 1329 1311192 4104100
1757687022 1352 1311960 4104100
1757687023 1374 1312856 4104100
1757687024 1365 1313496 4104100
1757687025 1359 1314264 4104100
1757687026 1277 1315032 4104100
1757687027 1284 1315800 4104100
1757687028 1303 1316440 4104100
1757687029 1318 1317464 4104100
1757687030 1337 1318360 4104100
1757687032 1353 1319128 4104100
1757687033 1366 1320024 4104100
1757687034 1378 1320664 4104100
1757687035 1391 1321688 4104100
1757687036 1401 1322584 4104100
1757687037 1412 1323224 4104100
1757687038 1416 1323992 4104100
1757687039 1422 1324888 4104100
1757687040 1429 1325912 4104100
1757687041 1438 1326552 4104100
1757687042 1401 1327448 4104100
1757687043 1406 1328088 4104100
1757687044 1414 1329112 4104100
1757687045 1417 1329752 4104100
1757687046 1417 1330776 4104100
1757687048 1411 1331160 4104100
1757687049 1408 1331800 4104100
1757687050 1414 1332696 4104100
1757687051 1419 1333592 4104100
1757687052 1426 1334360 4104100
1757687053 1430 1335384 4104100
1757687054 1436 1336024 4104100
1757687055 1441 1337048 4104100
1757687056 1444 1337688 4104100
1757687057 1443 1338328 4104100
1757687058 1412 1339352 4104100
1757687059 1413 1339992 4104100
1757687060 1415 1340760 4104100
1757687061 1419 1341656 4104100
1757687062 1424 1342552 4104100
1757687064 1430 1343320 4104100
1757687065 1434 1344216 4104100
1757687066 1438 1345240 4104100
1757687067 1441 1345880 4104100
1757687068 1446 1346776 4104100
1757687069 1449 1347544 4104100
1757687070 1453 1348440 4104100
1757687071 1456 1349336 4104100
1757687072 1460 1350104 4104100
1757687073 1463 1351000 4104100
1757687074 1442 1351640 4104100
1757687075 1446 1352664 4104100
1757687076 1447 1353304 4104100
1757687077 1446 1354200 4104100
1757687078 1443 1354712 4104100
1757687079 1442 1355736 4104100
1757687081 1442 1356504 4104100
1757687082 1446 1357400 4104100
1757687083 1449 1358168 4104100
1757687084 1453 1359064 4104100
1757687085 1456 1359960 4104100
1757687086 1458 1360728 4104100
1757687087 1461 1361624 4104100
1757687088 1462 1362392 4104100
1757687089 1465 1363288 4104100
1757687090 1465 1363928 4104100
1757687091 1448 1364952 4104100
1757687092 1446 1365592 4104100
1757687093 1447 1366360 4104100
1757687094 1448 1367128 4104100
1757687095 1450 1368024 4104100
1757687097 1453 1369048 4104100
1757687098 1455 1369688 4104100
1757687099 1458 1370584 4104100
1757687100 1459 1371352 4104100
1757687101 1461 1372248 4104100
1757687102 1463 1373272 4104100
1757687103 1466 1373912 4104100
1757687104 1467 1374936 4104100
1757687105 1470 1375576 4104100
1757687106 1472 1376600 4104100
1757687107 1459 1377496 4104100
1757687108 1459 1378136 4104100
1757687109 1458 1378904 4104100
1757687110 1456 1379544 4104100
1757687111 1455 1380312 4104100
1757687112 1457 1381080 4104100
1757687114 1457 1381848 4104100
1757687115 1460 1382872 4104100
1757687116 1462 1383768 4104100
1757687117 1464 1384536 4104100
1757687118 1466 1385432 4104100
1757687119 1468 1386328 4104100
1757687120 1470 1386968 4104100
1757687121 1471 1387992 4104100
1757687122 1473 1388632 4104100
1757687123 1473 1389656 4104100
1757687124 1461 1390296 4104100
1757687125 1460 1390936 4104100
1757687126 1460 1391960 4104100
1757687127 1459 1392728 4104100
1757687128 1461 1393368 4104100
1757687130 1463 1394264 4104100
1757687131 1464 1394904 4104100
1757687132 1466 1395928 4104100
1757687133 1467 1396824 4104100
1757687134 1469 1397592 4104100
1757687135 1470 1398488 4104100
1757687136 1472 1399128 4104100
1757687137 1473 1400152 4104100
1757687138 1475 1401048 4104100
1757687139 1476 1401816 4104100
1757687140 1464 1402456 4104100
1757687141 1462 1403096 4104100
1757687142 1461 1403992 4104100
1757687143 1461 1404632 4104100
1757687144 1463 1405528 4104100
1757687146 1465 1406296 4104100
1757687147 1466 1407192 4104100
1757687148 1468 1408088 4104100
1757687149 1468 1408856 4104100
1757687150 1469 1409496 4104100
1757687151 1471 1410520 4104100
1757687152 1472 1411416 4104100
1757687153 1474 1412056 4104100
1757687154 1475 1413080 4104100
1757687155 1476 1413720 4104100
1757687156 1466 1414616 4104100
1757687157 1467 1415384 4104100
1757687158 1465 1416024 4104100
1757687159 1465 1416792 4104100
1757687160 1465 1417688 4104100
1757687161 1466 1418456 4104100
1757687163 1466 1419096 4104100
1757687164 1467 1420120 4104100
1757687165 1468 1421016 4104100
1757687166 1469 1421784 4104100
1757687167 1471 1422680 4104100
1757687168 1472 1423576 4104100
1757687169 1473 1424344 4104100
1757687170 1474 1425240 4104100
1757687171 1474 1425880 4104100
1757687172 1473 1426648 4104100
1757687173 1463 1427416 4104100
1757687174 1462 1428184 4104100
1757687175 1463 1429208 4104100
1757687176 1464 1430104 4104100
1757687177 1466 1430744 4104100
1757687178 1466 1431768 4104100
1757687180 1466 1432408 4104100
1757687181 1468 1433432 4104100
1757687182 1469 1434072 4104100
1757687183 1470 1435096 4104100
1757687184 1471 1435992 4104100
1757687185 1473 1436632 4104100
1757687186 1474 1437656 4104100
1757687187 1475 1438552 4104100
1757687188 1476 1439320 4104100
1757687189 1476 1440216 4104100
1757687190 1469 1440984 4104100
1757687191 1467 1441624 4104100
1757687192 1467 1442264 4104100
1757687193 1466 1443032 4104100
1757687194 1467 1443928 4104100
1757687196 1468 1444568 4104100
1757687197 1469 1445592 4104100
1757687198 1470 1446232 4104100
1757687199 1471 1447128 4104100
1757687200 1472 1448152 4104100
1757687201 1473 1448792 4104100
1757687202 1474 1449688 4104100
1757687203 1473 1450456 4104100
1757687204 1472 1451096 4104100
1757687205 1471 1451864 4104100
1757687206 1471 1452632 4104100
1757687207 1464 1453528 4104100
1757687208 1465 1454296 4104100
1757687209 1466 1455064 4104100
1757687210 1467 1456088 4104100
1757687211 1468 1456728 4104100
1757687212 1469 1457752 4104100
1757687214 1470 1458648 4104100
1757687215 1471 1459288 4104100
1757687216 1472 1460312 4104100
1757687217 1473 1460952 4104100
1757687218 1474 1461976 4104100
1757687219 1474 1462872 4104100
1757687220 1475 1463512 4104100
1757687221 1477 1464536 4104100
1757687222 1476 1465176 4104100
1757687223 1469 1466200 4104100
1757687224 1469 1466968 4104100
1757687225 1469 1467608 4104100
1757687226 1469 1468504 4104100
1757687227 1469 1469144 4104100
1757687229 1470 1470168 4104100
1757687230 1471 1470808 4104100
1757687231 1471 1471576 4104100
1757687232 1472 1472472 4104100
1757687233 1472 1473112 4104100
1757687234 1472 1474008 4104100
1757687235 1471 1474776 4104100
1757687236 1471 1475544 4104100
1757687237 1470 1476056 4104100
1757687238 1471 1476824 4104100
1757687239 1472 1477720 4104100
1757687240 1466 1478744 4104100
1757687241 1467 1479384 4104100
1757687242 1467 1480408 4104100
1757687243 1468 1481048 4104100
1757687244 1469 1481944 4104100
1757687246 1470 1482968 4104100
1757687247 1471 1483608 4104100
1757687248 1472 1484632 4104100
1757687249 1473 1485528 4104100
1757687250 1474 1486424 4104100
1757687251 1475 1487192 4104100
1757687252 1475 1488088 4104100
1757687253 1476 1488728 4104100
1757687254 1476 1489624 4104100
1757687255 1476 1490392 4104100
1757687256 1476 1491032 4104100
1757687257 1475 1491800 4104100
1757687258 1469 1492568 4104100
1757687259 1469 1493208 4104100
1757687260 1469 1494104 4104100
1757687261 1469 1494744 4104100
1757687262 1470 1495768 4104100
1757687264 1471 1496408 4104100
1757687265 1471 1497304 4104100
1757687266 1470 1497944 4104100
1757687267 1470 1498712 4104100
1757687268 1470 1499608 4104100
1757687269 1470 1500376 4104100
1757687270 1471 1501272 4104100
1757687271 1471 1502040 4104100
1757687272 1472 1502936 4104100
1757687273 1473 1503704 4104100
1757687274 1473 1504600 4104100
1757687275 1469 1505496 4104100
1757687276 1470 1506264 4104100
1757687277 1470 1507160 4104100
1757687278 1471 1508184 4104100
1757687280 1472 1508824 4104100
1757687281 1473 1509720 4104100
1757687282 1474 1510744 4104100
1757687283 1474 1511512 4104100
1757687284 1475 1512408 4104100
1757687285 1475 1513048 4104100
1757687286 1476 1514072 4104100
1757687287 1477 1514712 4104100
1757687288 1477 1515736 4104100
1757687289 1477 1516504 4104100
1757687290 1472 1517528 4104100
1757687291 1472 1518168 4104100
1757687292 1472 1518808 4104100
1757687293 1472 1519448 4104100
1757687294 1472 1520216 4104100
1757687295 1471 1521112 4104100
1757687296 1470 1521624 4104100
1757687298 1470 1522648 4104100
1757687299 1469 1522904 4104100
1757687300 1469 1523928 4104100
1757687301 1470 1524568 4104100
1757687302 1470 1525592 4104100
1757687303 1471 1526488 4104100
1757687304 1472 1527128 4104100
1757687305 1472 1528152 4104100
1757687306 1472 1528792 4104100
1757687307 1473 1529560 4104100
1757687308 1468 1530456 4104100
1757687309 1469 1531224 4104100
1757687310 1470 1532120 4104100
1757687311 1470 1533016 4104100
1757687312 1471 1533784 4104100
1757687314 1471 1534808 4104100
1757687315 1472 1535448 4104100
1757687316 1472 1536344 4104100
1757687317 1473 1537112 4104100
1757687318 1474 1538008 4104100
1757687319 1474 1539032 4104100
1757687320 1474 1539672 4104100
1757687321 1475 1540312 4104100
1757687322 1474 1540952 4104100
1757687323 1474 1541592 4104100
1757687324 1473 1542232 4104100
1757687325 1473 1543256 4104100
1757687326 1469 1543896 4104100
1757687327 1468 1544664 4104100
1757687328 1468 1545432 4104100
1757687329 1467 1546200 4104100
1757687330 1467 1547224 4104100
1757687332 1468 1547864 4104100
1757687333 1468 1548760 4104100
1757687334 1469 1549528 4104100
1757687335 1469 1550424 4104100
1757687336 1470 1551320 4104100
1757687337 1471 1552088 4104100
1757687338 1471 1552984 4104100
1757687339 1472 1553624 4104100
1757687340 1472 1554648 4104100
1757687341 1473 1555544 4104100
1757687342 1469 1556312 4104100
1757687343 1470 1557208 4104100
1757687344 1470 1557976 4104100
1757687345 1471 1558872 4104100
1757687346 1471 1559768 4104100
1757687348 1472 1560536 4104100
1757687349 1473 1561432 4104100
1757687350 1473 1562328 4104100
1757687351 1474 1563096 4104100
1757687352 1474 1563992 4104100
1757687353 1475 1564760 4104100
1757687354 1475 1565400 4104100
1757687355 1475 1566296 4104100
1757687356 1475 1567064 4104100
1757687357 1476 1567960 4104100
1757687358 1475 1568600 4104100
1757687359 1470 1569240 4104100
1757687360 1469 1569752 4104100
1757687361 1469 1570648 4104100
1757687362 1468 1571416 4104100
1757687363 1469 1572184 4104100
1757687364 1469 1573080 4104100
1757687366 1470 1574104 4104100
1757687367 1471 1574744 4104100
1757687368 1471 1575640 4104100
1757687369 1471 1576408 4104100
1757687370 1472 1577304 4104100
1757687371 1472 1578328 4104100
1757687372 1473 1578968 4104100
1757687373 1474 1579864 4104100
1757687374 1474 1580888 4104100
1757687375 1471 1581528 4104100
1757687376 1471 1582552 4104100
1757687377 1471 1583192 4104100
1757687378 1472 1584088 4104100
1757687379 1472 1584728 4104100
1757687381 1473 1585752 4104100
1757687382 1473 1586392 4104100
1757687383 1474 1587416 4104100
1757687384 1474 1588056 4104100
1757687385 1475 1589080 4104100
1757687386 1475 1589976 4104100
1757687387 1476 1590616 4104100
1757687388 1476 1591384 4104100
1757687389 1475 1592152 4104100
1757687390 1474 1592920 4104100
1757687391 1470 1593816 4104100
1757687392 1470 1594328 4104100
1757687393 1469 1595096 4104100
1757687394 1469 1595992 4104100
1757687395 1469 1596760 4104100
1757687397 1470 1597656 4104100
1757687398 1470 1598424 4104100
1757687399 1471 1599320 4104100
1757687400 1471 1600216 4104100
1757687401 1472 1600984 4104100
1757687402 1472 1601880 4104100
1757687403 1473 1602648 4104100
1757687404 1473 1603544 4104100
1757687405 1473 1604184 4104100
1757687406 1474 1605208 4104100
1757687407 1471 1605848 4104100
1757687408 1471 1606872 4104100
1757687409 1472 1607768 4104100
1757687410 1472 1608536 4104100
1757687411 1473 1609432 4104100
1757687413 1473 1610456 4104100
1757687414 1474 1611096 4104100
1757687415 1474 1611864 4104100
1757687416 1474 1612760 4104100
1757687417 1475 1613656 4104100
1757687418 1475 1614424 4104100
1757687419 1476 1615320 4104100
1757687420 1476 1616088 4104100
1757687421 1475 1616728 4104100
1757687422 1474 1617368 4104100
1757687423 1470 1618008 4104100
1757687424 1470 1618776 4104100
1757687425 1469 1619416 4104100
1757687426 1469 1620184 4104100
1757687427 1469 1621080 4104100
1757687429 1470 1621848 4104100
1757687430 1470 1622744 4104100
1757687431 1470 1623512 4104100
1757687432 1471 1624408 4104100
1757687433 1471 1625176 4104100
1757687434 1471 1626072 4104100
1757687435 1472 1626968 4104100
1757687436 1472 1627736 4104100
1757687437 1473 1628632 4104100
1757687438 1473 1629528 4104100
1757687439 1470 1630296 4104100
1757687440 1471 1631192 4104100
1757687441 1471 1632216 4104100
1757687442 1472 1632856 4104100
1757687443 1472 1633752 4104100
1757687445 1473 1634520 4104100
1757687446 1473 1635416 4104100
1757687447 1474 1636312 4104100
1757687448 1474 1637336 4104100
1757687449 1475 1637976 4104100
1757687450 1475 1638872 4104100
1757687451 1475 1639512 4104100
1757687452 1475 1640280 4104100
1757687453 1475 1641048 4104100
1757687454 1471 1641816 4104100
1757687455 1471 1642584 4104100
1757687456 1470 1643352 4104100
1757687457 1470 1644120 4104100
1757687458 1470 1645016 4104100
1757687459 1470 1645656 4104100
1757687461 1471 1646424 4104100
1757687462 1471 1647320 4104100
1757687463 1472 1648216 4104100
1757687464 1472 1648856 4104100
1757687465 1473 1649880 4104100
1757687466 1473 1650776 4104100
1757687467 1473 1651416 4104100
1757687468 1474 1652440 4104100
1757687469 1474 1653336 4104100
1757687470 1471 1654104 4104100
1757687471 1472 1655000 4104100
1757687472 1472 1656024 4104100
1757687473 1473 1656664 4104100
1757687474 1473 1657560 4104100
1757687476 1473 1658584 4104100
1757687477 1474 1659224 4104100
1757687478 1474 1660120 4104100
1757687479 1475 1661144 4104100
1757687480 1475 1661784 4104100
1757687481 1476 1662808 4104100
1757687482 1476 1663448 4104100
1757687483 1476 1664472 4104100
1757687484 1476 1665112 4104100
1757687485 1476 1665880 4104100
1757687486 1473 1666904 4104100
1757687487 1472 1667416 4104100
1757687488 1471 1668184 4104100
1757687489 1472 1668952 4104100
1757687490 1472 1669720 4104100
1757687491 1472 1670488 4104100
1757687493 1472 1671256 4104100
1757687494 1472 1672024 4104100
1757687495 1472 1672920 4104100
1757687496 1473 1673560 4104100
1757687497 1473 1674584 4104100
1757687498 1473 1675224 4104100
1757687499 1474 1676120 4104100
1757687500 1474 1677144 4104100
1757687501 1475 1677784 4104100
1757687502 1475 1678680 4104100
1757687503 1472 1679448 4104100
1757687504 1473 1680344 4104100
1757687505 1473 1681240 4104100
1757687506 1474 1682008 4104100
1757687507 1474 1682904 4104100
1757687509 1475 1683928 4104100
1757687510 1475 1684568 4104100
1757687511 1475 1685464 4104100
1757687512 1476 1686488 4104100
1757687513 1476 1687128 4104100
1757687514 1477 1688152 4104100
1757687515 1476 1688664 4104100
1757687516 1476 1689432 4104100
1757687517 1476 1690328 4104100
1757687518 1476 1691096 4104100
1757687519 1473 1691736 4104100
1757687520 1473 1692504 4104100
1757687521 1473 1693400 4104100
1757687522 1473 1694168 4104100
1757687523 1473 1694936 4104100
1757687524 1473 1695832 4104100
1757687526 1473 1696600 4104100
1757687527 1473 1697240 4104100
1757687528 1474 1698264 4104100
1757687529 1474 1698776 4104100
1757687530 1474 1699800 4104100
1757687531 1475 1700696 4104100
1757687532 1475 1701464 4104100
1757687533 1475 1702360 4104100
1757687534 1476 1703128 4104100
1757687535 1476 1704024 4104100
1757687536 1476 1704664 4104100
1757687537 1474 1705688 4104100
1757687538 1474 1706584 4104100
1757687539 1475 1707352 4104100
1757687540 1475 1708248 4104100
1757687542 1475 1709144 4104100
1757687543 1476 1709912 4104100
1757687544 1476 1710808 4104100
1757687545 1476 1711576 4104100
1757687546 1476 1712216 4104100
1757687547 1476 1712856 4104100
1757687548 1476 1713752 4104100
1757687549 1476 1714520 4104100
1757687550 1475 1714520 4104100
1757687551 1476 1714520 4104100
1757687552 1476 1714520 4104100
1757687553 1473 1714520 4104100
1757687554 1473 1714520 4104100
1757687555 1473 1714520 4104100
1757687556 1474 1714520 4104100
1757687557 1474 1714520 4104100
1757687558 1474 1714520 4104100
1757687560 1474 1714520 4104100
1757687561 1474 1714520 4104100
1757687562 1474 1714520 4104100
1757687563 1474 1714520 4104100
1757687564 1475 1714520 4104100
1757687565 1475 1714520 4104100
1757687566 1476 1714520 4104100
1757687567 1476 1714520 4104100
1757687568 1476 1714520 4104100
1757687569 1477 1714520 4104100
1757687570 1474 1714520 4104100
1757687571 1474 1714520 4104100
1757687572 1475 1714520 4104100
1757687573 1475 1714520 4104100
1757687574 1475 1714520 4104100
1757687576 1476 1714520 4104100
1757687577 1475 1714520 4104100
1757687578 1475 1714520 4104100
1757687579 1475 1714520 4104100
1757687580 1475 1714520 4104100
1757687581 1475 1714520 4104100
1757687582 1475 1714520 4104100
1757687583 1475 1714520 4104100
1757687584 1476 1714520 4104100
1757687585 1476 1714520 4104100
1757687586 1473 1714520 4104100
1757687587 1473 1714520 4104100
1757687588 1473 1224464 2786008
1757687589 1474 1437456 2786008
