1757715421  0.0 16128 643712
1757715422  312 1158212 2616928
1757715423  207 1955784 3837764
1757715424  172 2797492 6279172
1757715425  435 3762612 6316576
1757715426  653 3763124 6316576
1757715427  791 3763124 6316576
1757715428  890 3763252 6316576
1757715429  963 3763252 6316576
1757715430  933 3302036 8790900
1757715431  999 3352596 8791080
1757715432 1060 3352980 8791080
1757715433 1028 3353748 8791080
1757715434 1074 3354132 8791080
1757715435 1116 3354900 8791080
1757715436 1149 3355284 8791080
1757715437 1181 3356180 8791080
1757715439 1207 3356564 8791080
1757715440 1226 3356564 8791080
1757715441 1243 3356564 8791080
1757715442 1259 3356948 8791080
1757715443 1279 3357332 8791080
1757715444 1295 3358100 8791080
1757715445 1312 3358996 8791080
1757715446 1327 3359380 8791080
1757715447 1341 3360148 8791080
1757715448 1304 3360660 8791080
1757715449 1318 3361428 8791080
1757715450 1330 3362196 8791080
1757715451 1342 3362964 8791080
1757715452 1351 3363348 8791080
1757715454 1358 3363348 8791080
1757715455 1365 3363348 8791080
1757715456 1368 3363348 8791080
1757715457 1374 3363732 8791080
1757715458 1378 3363732 8791080
1757715459 1381 3363732 8791080
1757715460 1387 3364116 8791080
1757715461 1395 3364884 8791080
1757715462 1397 3364884 8791080
1757715463 1404 3365652 8791080
1757715464 1378 3366420 8791080
1757715465 1385 3366804 8791080
1757715466 1392 3367572 8791080
1757715467 1398 3367956 8791080
1757715468 1404 3368724 8791080
1757715470 1409 3369492 8791080
1757715471 1415 3370260 8791080
1757715472 1420 3370644 8791080
1757715473 1423 3370644 8791080
1757715474 1426 3370644 8791080
1757715475 1429 3370644 8791080
1757715476 1433 3371412 8791080
1757715477 1438 3372308 8791080
1757715478 1443 3372692 8791080
1757715479 1422 3373460 8791080
1757715480 1427 3374228 8791080
1757715481 1431 3374612 8791080
1757715482 1435 3375380 8791080
1757715483 1438 3375764 8791080
1757715485 1442 3376532 8791080
1757715486 1445 3376916 8791080
1757715487 1448 3376916 8791080
1757715488 1447 3376916 8791080
1757715489 1447 3376916 8791080
1757715490 1448 3377300 8791080
1757715491 1451 3377684 8791080
1757715492 1455 3378452 8791080
1757715493 1455 3378452 8791080
1757715494 1439 3379220 8791080
1757715495 1440 3379604 8791080
1757715496 1444 3380372 8791080
1757715497 1446 3380756 8791080
1757715498 1450 3381524 8791080
1757715500 1452 3382292 8791080
1757715501 1455 3382676 8791080
1757715502 1458 3383444 8791080
1757715503 1459 3383828 8791080
1757715504 1462 3384596 8791080
1757715505 1465 3385364 8791080
1757715506 1466 3385364 8791080
1757715507 1467 3385364 8791080
1757715508 1468 3385364 8791080
1757715509 1470 3385748 8791080
1757715510 1472 3386644 8791080
1757715511 1458 3387412 8791080
1757715512 1461 3387796 8791080
1757715513 1463 3388564 8791080
1757715514 1465 3388948 8791080
1757715516 1468 3389716 8791080
1757715517 1470 3390100 8791080
1757715518 1471 3390868 8791080
1757715519 1471 3390868 8791080
1757715520 1470 3390868 8791080
1757715521 1470 3390868 8791080
1757715522 1471 3390868 8791080
1757715523 1472 3391636 8791080
1757715524 1473 3391636 8791080
1757715525 1475 3392404 8791080
1757715526 1463 3392788 8791080
1757715527 1465 3393556 8791080
1757715528 1467 3393940 8791080
1757715529 1469 3394836 8791080
1757715530 1471 3395604 8791080
1757715532 1473 3395988 8791080
1757715533 1474 3396756 8791080
1757715534 1476 3397524 8791080
1757715535 1478 3398292 8791080
1757715536 1480 3398676 8791080
1757715537 1482 3399444 8791080
1757715538 1484 3399828 8791080
1757715539 1484 3399828 8791080
1757715540 1485 3399828 8791080
1757715541 1486 3400212 8791080
1757715542 1475 3400596 8791080
1757715543 1477 3401364 8791080
1757715544 1479 3401748 8791080
1757715545 1480 3402516 8791080
1757715546 1482 3403284 8791080
1757715548 1483 3403668 8791080
1757715549 1484 3404052 8791080
1757715550 1484 3404052 8791080
1757715551 1484 3404436 8791080
1757715552 1485 3404436 8791080
1757715553 1485 3404436 8791080
1757715554 1486 3404436 8791080
1757715555 1486 3404436 8791080
1757715556 1487 3405204 8791080
1757715557 1478 3406100 8791080
1757715558 1480 3406868 8791080
1757715559 1481 3407252 8791080
1757715560 1482 3408020 8791080
1757715561 1483 3408404 8791080
1757715563 1485 3409172 8791080
1757715564 1486 3409556 8791080
1757715565 1487 3410324 8791080
1757715566 1489 3410708 8791080
1757715567 1490 3411476 8791080
1757715568 1491 3412244 8791080
1757715569 1493 3413012 8791080
1757715570 1494 3413524 8791080
1757715571 1495 3414292 8791080
1757715572 1496 3414292 8791080
1757715573 1487 3414292 8791080
1757715574 1487 3414292 8791080
1757715575 1488 3414676 8791080
1757715576 1489 3415444 8791080
1757715577 1490 3415828 8791080
1757715579 1491 3416724 8791080
1757715580 1492 3417108 8791080
1757715581 1492 3417108 8791080
1757715582 1492 3417108 8791080
1757715583 1493 3417492 8791080
1757715584 1494 3418260 8791080
1757715585 1494 3418260 8791080
1757715586 1494 3418260 8791080
1757715587 1495 3418260 8791080
1757715588 1487 3419028 8791080
1757715589 1487 3419412 8791080
1757715590 1489 3420180 8791080
1757715591 1490 3420564 8791080
1757715592 1491 3421332 8791080
1757715594 1492 3422100 8791080
1757715595 1493 3422484 8791080
1757715596 1494 3423252 8791080
1757715597 1495 3423764 8791080
1757715598 1496 3424532 8791080
1757715599 1497 3425300 8791080
1757715600 1498 3425684 8791080
1757715601 1499 3426452 8791080
1757715602 1500 3426836 8791080
1757715603 1501 3427220 8791080
1757715604 1494 3427988 8791080
1757715605 1494 3428372 8791080
1757715606 1495 3428372 8791080
1757715607 1495 3428372 8791080
1757715608 1496 3428756 8791080
1757715610 1497 3429140 8791080
1757715611 1497 3429524 8791080
1757715612 1497 3429524 8791080
1757715613 1497 3429524 8791080
1757715614 1498 3430036 8791080
1757715615 1498 3430420 8791080
1757715616 1499 3430804 8791080
1757715617 1500 3431188 8791080
1757715618 1500 3431572 8791080
1757715619 1493 3431572 8791080
1757715620 1493 3431572 8791080
1757715621 1494 3432084 8791080
1757715622 1495 3432852 8791080
1757715623 1496 3433620 8791080
1757715625 1497 3434004 8791080
1757715626 1498 3434772 8791080
1757715627 1499 3435156 8791080
1757715628 1499 3435924 8791080
1757715629 1500 3436692 8791080
1757715630 1501 3437076 8791080
1757715631 1502 3437844 8791080
1757715632 1503 3438612 8791080
1757715633 1504 3439380 8791080
1757715634 1498 3439764 8791080
1757715635 1499 3440532 8791080
1757715636 1499 3440916 8791080
1757715637 1500 3441684 8791080
1757715638 1501 3441684 8791080
1757715640 1501 3441684 8791080
1757715641 1501 3442068 8791080
1757715642 1501 3442068 8791080
1757715643 1501 3442068 8791080
1757715644 1501 3442068 8791080
1757715645 1502 3442452 8791080
1757715646 1503 3443220 8791080
1757715647 1503 3443220 8791080
1757715648 1504 3443604 8791080
1757715649 1498 3444372 8791080
1757715650 1499 3445140 8791080
1757715651 1499 3445140 8791080
1757715652 1499 3445140 8791080
1757715653 1500 3445140 8791080
1757715655 1500 3445908 8791080
1757715656 1501 3446292 8791080
1757715657 1502 3447060 8791080
1757715658 1503 3447956 8791080
1757715659 1504 3448724 8791080
1757715660 1504 3449108 8791080
1757715661 1505 3449876 8791080
1757715662 1506 3450260 8791080
1757715663 1506 3451028 8791080
1757715664 1507 3451796 8791080
1757715665 1502 3452180 8791080
1757715666 1503 3452948 8791080
1757715667 1503 3453716 8791080
1757715668 1504 3454100 8791080
1757715669 1505 3454996 8791080
1757715671 1505 3455380 8791080
1757715672 1506 3455764 8791080
1757715673 1505 3455764 8791080
1757715674 1505 3455764 8791080
1757715675 1505 3455764 8791080
1757715676 1506 3456148 8791080
1757715677 1506 3456532 8791080
1757715678 1506 3456916 8791080
1757715679 1507 3457300 8791080
1757715680 1502 3458068 8791080
1757715681 1502 3458452 8791080
1757715682 1503 3459220 8791080
1757715683 1504 3459604 8791080
1757715684 1504 3459604 8791080
1757715686 1504 3459604 8791080
1757715687 1504 3459988 8791080
1757715688 1505 3460372 8791080
1757715689 1505 3461140 8791080
1757715690 1506 3462036 8791080
1757715691 1507 3462420 8791080
1757715692 1507 3463188 8791080
1757715693 1508 3463572 8791080
1757715694 1509 3464340 8791080
1757715695 1509 3465108 8791080
1757715696 1504 3465492 8791080
1757715697 1505 3466260 8791080
1757715698 1506 3467028 8791080
1757715699 1506 3467412 8791080
1757715700 1507 3468180 8791080
1757715702 1507 3468564 8791080
1757715703 1507 3468948 8791080
1757715704 1508 3468948 8791080
1757715705 1507 3468948 8791080
1757715706 1507 3468948 8791080
1757715707 1507 3468948 8791080
1757715708 1508 3469332 8791080
1757715709 1508 3469716 8791080
1757715710 1508 3470100 8791080
1757715711 1509 3470868 8791080
1757715712 1504 3471636 8791080
1757715713 1505 3472020 8791080
1757715714 1505 3472916 8791080
1757715715 1506 3473300 8791080
1757715717 1506 3474068 8791080
1757715718 1507 3474068 8791080
1757715719 1507 3474068 8791080
1757715720 1507 3474068 8791080
1757715721 1507 3474964 8791080
1757715722 1508 3475732 8791080
1757715723 1509 3476116 8791080
1757715724 1509 3476884 8791080
1757715725 1510 3477652 8791080
1757715726 1510 3478036 8791080
1757715727 1506 3478804 8791080
1757715728 1507 3479188 8791080
1757715729 1507 3479956 8791080
1757715730 1508 3480340 8791080
1757715731 1508 3481108 8791080
1757715733 1509 3481492 8791080
1757715734 1509 3481876 8791080
1757715735 1509 3481876 8791080
1757715736 1509 3482260 8791080
1757715737 1509 3482644 8791080
1757715738 1510 3482644 8791080
1757715739 1510 3482644 8791080
1757715740 1509 3482644 8791080
1757715741 1510 3483028 8791080
1757715742 1510 3483412 8791080
1757715743 1506 3484180 8791080
1757715744 1506 3484948 8791080
1757715745 1507 3485332 8791080
1757715746 1508 3486100 8791080
1757715747 1508 3486868 8791080
1757715749 1509 3487252 8791080
1757715750 1509 3488020 8791080
1757715751 1509 3488020 8791080
1757715752 1510 3488020 8791080
1757715753 1510 3488020 8791080
1757715754 1510 3488788 8791080
1757715755 1511 3489556 8791080
1757715756 1511 3489940 8791080
1757715757 1512 3490836 8791080
1757715758 1513 3491604 8791080
1757715759 1509 3491988 8791080
1757715760 1509 3492756 8791080
1757715761 1510 3493140 8791080
1757715762 1510 3493908 8791080
1757715764 1510 3494292 8791080
1757715765 1511 3494676 8791080
1757715766 1511 3494676 8791080
1757715767 1511 3494676 8791080
1757715768 1511 3495060 8791080
1757715769 1511 3495828 8791080
1757715770 1512 3496724 8791080
1757715771 1512 3496724 8791080
1757715772 1512 3496724 8791080
1757715773 1512 3496724 8791080
1757715774 1508 3497108 8791080
1757715775 1508 3497492 8791080
1757715776 1509 3498260 8791080
1757715777 1509 3498644 8791080
1757715778 1510 3499412 8791080
1757715780 1510 3500308 8791080
1757715781 1511 3500692 8791080
1757715782 1511 3501460 8791080
1757715783 1512 3501844 8791080
1757715784 1512 3501844 8791080
1757715785 1512 3501844 8791080
1757715786 1513 3502228 8791080
1757715787 1513 3502612 8791080
1757715788 1513 3503380 8791080
1757715789 1514 3504148 8791080
1757715790 1510 3504532 8791080
1757715791 1511 3505300 8791080
1757715792 1511 3506068 8791080
1757715793 1511 3506452 8791080
1757715794 1512 3507348 8791080
1757715796 1512 3507348 8791080
1757715797 1512 3507348 8791080
1757715798 1512 3507348 8791080
1757715799 1512 3507732 8791080
1757715800 1513 3508500 8791080
1757715801 1513 3508884 8791080
1757715802 1513 3509268 8791080
1757715803 1513 3509652 8791080
1757715804 1514 3510036 8791080
1757715805 1510 3510036 8791080
1757715806 1510 3510036 8791080
1757715807 1510 3510420 8791080
1757715808 1511 3511316 8791080
1757715809 1511 3511700 8791080
1757715811 1512 3512468 8791080
1757715812 1512 3513236 8791080
1757715813 1512 3513620 8791080
1757715814 1513 3514388 8791080
1757715815 1513 3515156 8791080
1757715816 1514 3515540 8791080
1757715817 1514 3515540 8791080
1757715818 1514 3515540 8791080
1757715819 1514 3515924 8791080
1757715820 1515 3516308 8791080
1757715821 1511 3517076 8791080
1757715822 1512 3517460 8791080
1757715823 1512 3518356 8791080
1757715824 1512 3518740 8791080
1757715825 1513 3519124 8791080
1757715827 1513 3519892 8791080
1757715828 1513 3519892 8791080
1757715829 1513 3519892 8791080
1757715830 1513 3519892 8791080
1757715831 1513 3520276 8791080
1757715832 1514 3520660 8791080
1757715833 1514 3521044 8791080
1757715834 1514 3521044 8791080
1757715835 1514 3521812 8791080
1757715836 1515 3522196 8791080
1757715837 1512 3522964 8791080
1757715838 1512 3522964 8791080
1757715839 1512 3522964 8791080
1757715840 1512 3522964 8791080
1757715841 1513 3523348 8791080
1757715843 1513 3524116 8791080
1757715844 1513 3524884 8791080
1757715845 1514 3525652 8791080
1757715846 1514 3526036 8791080
1757715847 1515 3526804 8791080
1757715848 1515 3527188 8791080
1757715849 1515 3527572 8791080
1757715850 1515 3527572 8791080
1757715851 1516 3527572 8791080
1757715852 1512 3528084 8791080
1757715853 1513 3528852 8791080
1757715854 1513 3529620 8791080
1757715855 1513 3530004 8791080
1757715856 1514 3530388 8791080
1757715858 1514 3530772 8791080
1757715859 1514 3530772 8791080
1757715860 1514 3530772 8791080
1757715861 1514 3531156 8791080
1757715862 1515 3532052 8791080
1757715863 1515 3532436 8791080
1757715864 1515 3532820 8791080
1757715865 1516 3533204 8791080
1757715866 1512 3533972 8791080
1757715867 1513 3534356 8791080
1757715868 1513 3535252 8791080
1757715869 1514 3536020 8791080
1757715870 1514 3536404 8791080
1757715872 1514 3536404 8791080
1757715873 1514 3536404 8791080
1757715874 1514 3536788 8791080
1757715875 1515 3537172 8791080
1757715876 1515 3537940 8791080
1757715877 1516 3538708 8791080
1757715878 1516 3539604 8791080
1757715879 1516 3539988 8791080
1757715880 1517 3540756 8791080
1757715881 1517 3541140 8791080
1757715882 1514 3541524 8791080
1757715883 1514 3541524 8791080
1757715884 1514 3541524 8791080
1757715885 1514 3541908 8791080
1757715886 1515 3542292 8791080
1757715888 1515 3543060 8791080
1757715889 1515 3543060 8791080
1757715890 1515 3543444 8791080
1757715891 1515 3543444 8791080
1757715892 1515 3543828 8791080
1757715893 1516 3544212 8791080
1757715894 1516 3544980 8791080
1757715895 1516 3545364 8791080
1757715896 1516 3545748 8791080
1757715897 1517 3546516 8791080
1757715898 1514 3546900 8791080
1757715899 1514 3547668 8791080
1757715900 1515 3548180 8791080
1757715901 1515 3548948 8791080
1757715902 1515 3549716 8791080
1757715904 1516 3550100 8791080
1757715905 1516 3550100 8791080
1757715906 1516 3550100 8791080
1757715907 1516 3550484 8791080
1757715908 1516 3551252 8791080
1757715909 1517 3551636 8791080
1757715910 1517 3552404 8791080
1757715911 1517 3553172 8791080
1757715912 1518 3553556 8791080
1757715913 1518 3554324 8791080
1757715914 1515 3554708 8791080
1757715915 1515 3555092 8791080
1757715916 1515 3555092 8791080
1757715917 1515 3555092 8791080
1757715918 1516 3555476 8791080
1757715920 1516 3555860 8791080
1757715921 1516 3555860 8791080
1757715922 1516 3556244 8791080
1757715923 1516 3556628 8791080
1757715924 1516 3557012 8791080
1757715925 1517 3557908 8791080
1757715926 1517 3557908 8791080
1757715927 1517 3558676 8791080
1757715928 1517 3559060 8791080
1757715929 1518 3559828 8791080
1757715930 1515 3560212 8791080
1757715931 1515 3560980 8791080
1757715932 1516 3561748 8791080
1757715933 1516 3562516 8791080
1757715935 1516 3562900 8791080
1757715936 1517 3563796 8791080
1757715937 1517 3564564 8791080
1757715938 1517 3564564 8791080
1757715939 1517 3564564 8791080
1757715940 1517 3564564 8791080
1757715941 1518 3565332 8791080
1757715942 1518 3565716 8791080
1757715943 1518 3566484 8791080
1757715944 1519 3567252 8791080
1757715945 1516 3567636 8791080
1757715946 1516 3568404 8791080
1757715947 1516 3568788 8791080
1757715948 1517 3568788 8791080
1757715949 1517 3568788 8791080
1757715951 1517 3568788 8791080
1757715952 1517 3569172 8791080
1757715953 1517 3569172 8791080
1757715954 1517 3569172 8791080
1757715955 1517 3569940 8791080
1757715956 1517 3570708 8791080
1757715957 1518 3571092 8791080
1757715958 1518 3571092 8791080
1757715959 1518 3571860 8791080
1757715960 1518 3572244 8791080
1757715961 1516 3573140 8791080
1757715962 1516 3573908 8791080
1757715963 1516 3574292 8791080
1757715964 1517 3575060 8791080
1757715965 1517 3575444 8791080
1757715967 1517 3576212 8791080
1757715968 1518 3576980 8791080
1757715969 1518 3577364 8791080
1757715970 1518 3578260 8791080
1757715971 1518 3578260 8791080
1757715972 1518 3578260 8791080
1757715973 1518 3578260 8791080
1757715974 1519 3579028 8791080
1757715975 1519 3579796 8791080
1757715976 1517 3580180 8791080
1757715977 1517 3580948 8791080
1757715978 1517 3581460 8791080
1757715979 1517 3582228 8791080
1757715980 1518 3582612 8791080
1757715982 1518 3582612 8791080
1757715983 1518 3582612 8791080
1757715984 1517 3582612 8791080
1757715985 1517 3582996 8791080
1757715986 1518 3583764 8791080
1757715987 1518 3584148 8791080
1757715988 1518 3584532 8791080
1757715989 1518 3584532 8791080
1757715990 1518 3585300 8791080
1757715991 1519 3585684 8791080
1757715992 1516 3586452 8791080
1757715993 1517 3587220 8791080
1757715994 1517 3587604 8791080
1757715995 1517 3588372 8791080
1757715996 1518 3589140 8791080
1757715998 1518 3589908 8791080
1757715999 1518 3590292 8791080
1757716000 1518 3591188 8791080
1757716001 1519 3591572 8791080
1757716002 1519 3592340 8791080
1757716003 1519 3592724 8791080
1757716004 1519 3592724 8791080
1757716005 1519 3592724 8791080
1757716006 1520 3593108 8791080
1757716007 1517 3593492 8791080
1757716008 1517 3593876 8791080
1757716009 1518 3594644 8791080
1757716010 1518 3595028 8791080
1757716011 1518 3595924 8791080
1757716013 1518 3596308 8791080
1757716014 1518 3596308 8791080
1757716015 1518 3596308 8791080
1757716016 1518 3596308 8791080
1757716017 1518 3596692 8791080
1757716018 1519 3597460 8791080
1757716019 1519 3597460 8791080
1757716020 1519 3597844 8791080
1757716021 1519 3598612 8791080
1757716022 1517 3599380 8791080
1757716023 1517 3599764 8791080
1757716024 1517 3600532 8791080
1757716025 1518 3601428 8791080
1757716026 1518 3601812 8791080
1757716028 1518 3602580 8791080
1757716029 1519 3603348 8791080
1757716030 1519 3603732 8791080
1757716031 1519 3604500 8791080
1757716032 1519 3605268 8791080
1757716033 1520 3606036 8791080
1757716034 1520 3606420 8791080
1757716035 1520 3607188 8791080
1757716036 1520 3607572 8791080
1757716037 1518 3607572 8791080
1757716038 1518 3607572 8791080
1757716039 1518 3607572 8791080
1757716040 1518 3608340 8791080
1757716041 1519 3609108 8791080
1757716043 1519 3609492 8791080
1757716044 1519 3609876 8791080
1757716045 1519 3609876 8791080
1757716046 1519 3609876 8791080
1757716047 1519 3610260 8791080
1757716048 1519 3610260 8791080
1757716049 1519 3610260 8791080
1757716050 1519 3610260 8791080
1757716051 1519 3611156 8791080
1757716052 1520 3611924 8791080
1757716053 1518 3612308 8791080
1757716054 1518 3613076 8791080
1757716055 1518 3613460 8791080
1757716056 1518 3614228 8791080
1757716057 1519 3614996 8791080
1757716059 1519 3615764 8791080
1757716060 1519 3616148 8791080
1757716061 1519 3616916 8791080
1757716062 1520 3617300 8791080
1757716063 1520 3618068 8791080
1757716064 1520 3618836 8791080
1757716065 1520 3619220 8791080
1757716066 1521 3619988 8791080
1757716067 1521 3620372 8791080
1757716068 1521 3621140 8791080
1757716069 1519 3621524 8791080
1757716070 1519 3621524 8791080
1757716071 1519 3621524 8791080
1757716072 1519 3621908 8791080
1757716073 1519 3622292 8791080
1757716075 1519 3622292 8791080
1757716076 1519 3622676 8791080
1757716077 1519 3622676 8791080
1757716078 1520 3623444 8791080
1757716079 1520 3623828 8791080
1757716080 1520 3624212 8791080
1757716081 1520 3624212 8791080
1757716082 1520 3624212 8791080
1757716083 1520 3624596 8791080
1757716084 1518 3625364 8791080
1757716085 1518 3625748 8791080
1757716086 1518 3626516 8791080
1757716087 1519 3627284 8791080
1757716088 1519 3627668 8791080
1757716090 1519 3628436 8791080
1757716091 1519 3629204 8791080
1757716092 1520 3630100 8791080
1757716093 1520 3630484 8791080
1757716094 1520 3631252 8791080
1757716095 1520 3631636 8791080
1757716096 1521 3632404 8791080
1757716097 1521 3632788 8791080
1757716098 1521 3633556 8791080
1757716099 1521 3634324 8791080
1757716100 1519 3634324 8791080
1757716101 1520 3635092 8791080
1757716102 1520 3635988 8791080
1757716103 1520 3635988 8791080
1757716105 1520 3635988 8791080
1757716106 1520 3635988 8791080
1757716107 1520 3635988 8791080
1757716108 1520 3635988 8791080
1757716109 1520 3636372 8791080
1757716110 1520 3637140 8791080
1757716111 1520 3637908 8791080
1757716112 1521 3637908 8791080
1757716113 1521 3637908 8791080
1757716114 1521 3637908 8791080
1757716115 1518 3637908 8791080
1757716116 1519 3638292 8791080
1757716117 1519 3639060 8791080
1757716118 1519 3639444 8791080
1757716119 1519 3640212 8791080
1757716121 1520 3640980 8791080
1757716122 1520 3641748 8791080
1757716123 1520 3642132 8791080
1757716124 1520 3642900 8791080
1757716125 1521 3643668 8791080
1757716126 1521 3644052 8791080
1757716127 1521 3644820 8791080
1757716128 1521 3645204 8791080
1757716129 1522 3646100 8791080
1757716130 1522 3646484 8791080
1757716131 1520 3647252 8791080
1757716132 1520 3647636 8791080
1757716133 1520 3648404 8791080
1757716134 1520 3649300 8791080
1757716135 1521 3649684 8791080
1757716137 1521 3650068 8791080
1757716138 1520 3650068 8791080
1757716139 1520 3650068 8791080
1757716140 1520 3650068 8791080
1757716141 1521 3650836 8791080
1757716142 1521 3651604 8791080
1757716143 1521 3651988 8791080
1757716144 1521 3651988 8791080
1757716145 1521 3652756 8791080
1757716146 1519 3653140 8791080
1757716147 1519 3653140 8791080
1757716148 1519 3653140 8791080
1757716149 1520 3653524 8791080
1757716150 1520 3654292 8791080
1757716152 1520 3654676 8791080
1757716153 1520 3655444 8791080
1757716154 1521 3656212 8791080
1757716155 1521 3656596 8791080
1757716156 1521 3657364 8791080
1757716157 1521 3658132 8791080
1757716158 1521 3658516 8791080
1757716159 1522 3659412 8791080
1757716160 1522 3660180 8791080
1757716161 1522 3660180 8791080
1757716162 1520 3660948 8791080
1757716163 1520 3661332 8791080
1757716164 1521 3662100 8791080
1757716165 1521 3662868 8791080
1757716167 1521 3663636 8791080
1757716168 1521 3664020 8791080
1757716169 1521 3664020 8791080
1757716170 1521 3664020 8791080
1757716171 1521 3664020 8791080
1757716172 1521 3664020 8791080
1757716173 1521 3664404 8791080
1757716174 1521 3664788 8791080
1757716175 1521 3664788 8791080
1757716176 1521 3665556 8791080
1757716177 1520 3666324 8791080
1757716178 1520 3667092 8791080
1757716179 1520 3667092 8791080
1757716180 1520 3667092 8791080
1757716181 1520 3667092 8791080
1757716183 1520 3667860 8791080
1757716184 1521 3668244 8791080
1757716185 1521 3669012 8791080
1757716186 1521 3669780 8791080
1757716187 1521 3670164 8791080
1757716188 1521 3670932 8791080
1757716189 1522 3671444 8791080
1757716190 1522 3672212 8791080
1757716191 1522 3672980 8791080
1757716192 1520 3672980 8791080
1757716193 1520 3673748 8791080
1757716194 1521 3674516 8791080
1757716195 1521 3674900 8791080
1757716196 1521 3675668 8791080
1757716198 1521 3676436 8791080
1757716199 1521 3676436 8791080
1757716200 1521 3676820 8791080
1757716201 1521 3676820 8791080
1757716202 1521 3677204 8791080
1757716203 1522 3677588 8791080
1757716204 1522 3677588 8791080
1757716205 1522 3677588 8791080
1757716206 1522 3677588 8791080
1757716207 1520 3678356 8791080
1757716208 1520 3679124 8791080
1757716209 1520 3679892 8791080
1757716210 1521 3680276 8791080
1757716211 1521 3681172 8791080
1757716213 1521 3681172 8791080
1757716214 1521 3681172 8791080
1757716215 1521 3681172 8791080
1757716216 1521 3681556 8791080
1757716217 1521 3682324 8791080
1757716218 1521 3683092 8791080
1757716219 1522 3683860 8791080
1757716220 1522 3684372 8791080
1757716221 1522 3685140 8791080
1757716222 1522 3685524 8791080
1757716223 1520 3685908 8791080
1757716224 1521 3686676 8791080
1757716225 1521 3687060 8791080
1757716226 1521 3687828 8791080
1757716227 1521 3688596 8791080
1757716229 1521 3689364 8791080
1757716230 1522 3689748 8791080
1757716231 1522 3689748 8791080
1757716232 1522 3689748 8791080
1757716233 1522 3690132 8791080
1757716234 1522 3690516 8791080
1757716235 1522 3691284 8791080
1757716236 1522 3691284 8791080
1757716237 1522 3691284 8791080
1757716238 1520 3691284 8791080
1757716239 1520 3691668 8791080
1757716240 1520 3692436 8791080
1757716241 1521 3692820 8791080
1757716242 1521 3693588 8791080
1757716244 1521 3694356 8791080
1757716245 1521 3694740 8791080
1757716246 1521 3694740 8791080
1757716247 1521 3694740 8791080
1757716248 1522 3695124 8791080
1757716249 1522 3695508 8791080
1757716250 1522 3696276 8791080
1757716251 1522 3697172 8791080
1757716252 1522 3697556 8791080
1757716253 1522 3697940 8791080
1757716254 1521 3698708 8791080
1757716255 1521 3699092 8791080
1757716256 1521 3699988 8791080
1757716257 1521 3700372 8791080
1757716259 1522 3701140 8791080
1757716260 1522 3701908 8791080
1757716261 1522 3702292 8791080
1757716262 1522 3702292 8791080
1757716263 1522 3702292 8791080
1757716264 1522 3702676 8791080
1757716265 1522 3703060 8791080
1757716266 1522 3703828 8791080
1757716267 1522 3704212 8791080
1757716268 1522 3704724 8791080
1757716269 1521 3705108 8791080
1757716270 1521 3705108 8791080
1757716271 1521 3705108 8791080
1757716272 1521 3705492 8791080
1757716273 1521 3705876 8791080
1757716275 1521 3706644 8791080
1757716276 1522 3707412 8791080
1757716277 1522 3707796 8791080
1757716278 1522 3708180 8791080
1757716279 1522 3708180 8791080
1757716280 1522 3708180 8791080
1757716281 1522 3708564 8791080
1757716282 1522 3709332 8791080
1757716283 1522 3709716 8791080
1757716284 1522 3709716 8791080
1757716285 1521 3710100 8791080
1757716286 1521 3710484 8791080
1757716287 1521 3711252 8791080
1757716288 1521 3711636 8791080
1757716289 1521 3712404 8791080
1757716290 1522 3713172 8791080
1757716292 1522 3713556 8791080
1757716293 1522 3713556 8791080
1757716294 1522 3713556 8791080
1757716295 1522 3713940 8791080
1757716296 1522 3714324 8791080
1757716297 1522 3715092 8791080
1757716298 1522 3715476 8791080
1757716299 1522 3715860 8791080
1757716300 1523 3716244 8791080
1757716301 1521 3717012 8791080
1757716302 1521 3717396 8791080
1757716303 1521 3717396 8791080
1757716304 1521 3717396 8791080
1757716305 1521 3717780 8791080
1757716307 1522 3718164 8791080
1757716308 1522 3718932 8791080
1757716309 1522 3719700 8791080
1757716310 1522 3720212 8791080
1757716311 1522 3720596 8791080
1757716312 1522 3720596 8791080
1757716313 1522 3720596 8791080
1757716314 1522 3720980 8791080
1757716315 1523 3721364 8791080
1757716316 1523 3722132 8791080
1757716317 1521 3722900 8791080
1757716318 1521 3723284 8791080
1757716319 1521 3724052 8791080
1757716320 1521 3724436 8791080
1757716321 1521 3725204 8791080
1757716323 1522 3725972 8791080
1757716324 1522 3725972 8791080
1757716325 1522 3725972 8791080
1757716326 1522 3725972 8791080
1757716327 1522 3726740 8791080
1757716328 1522 3727124 8791080
1757716329 1522 3727892 8791080
1757716330 1522 3727892 8791080
1757716331 1522 3728788 8791080
1757716332 1521 3729556 8791080
1757716333 1521 3730324 8791080
1757716334 1521 3730708 8791080
1757716335 1521 3731092 8791080
1757716336 1521 3731092 8791080
1757716338 1521 3731092 8791080
1757716339 1522 3731476 8791080
1757716340 1522 3731860 8791080
1757716341 1522 3732628 8791080
1757716342 1522 3733396 8791080
1757716343 1522 3734164 8791080
1757716344 1522 3734164 8791080
1757716345 1522 3734164 8791080
1757716346 1522 3734164 8791080
1757716347 1523 3734932 8791080
1757716348 1521 3735316 8791080
1757716349 1521 3736084 8791080
1757716350 1521 3736468 8791080
1757716351 1522 3737364 8791080
1757716352 1522 3738132 8791080
1757716354 1522 3738516 8791080
1757716355 1522 3738516 8791080
1757716356 1522 3738516 8791080
1757716357 1522 3738516 8791080
1757716358 1522 3738900 8791080
1757716359 1522 3739668 8791080
1757716360 1522 3740564 8791080
1757716361 1522 3740564 8791080
1757716362 1522 3741076 8791080
1757716363 1523 3741844 8791080
1757716364 1521 3742612 8791080
1757716365 1521 3742996 8791080
1757716366 1522 3743764 8791080
1757716367 1522 3744532 8791080
1757716369 1522 3744916 8791080
1757716370 1522 3744916 8791080
1757716371 1522 3744916 8791080
1757716372 1522 3744916 8791080
1757716373 1522 3745684 8791080
1757716374 1522 3746452 8791080
1757716375 1522 3746836 8791080
1757716376 1523 3747220 8791080
1757716377 1523 3747220 8791080
1757716378 1523 3747220 8791080
1757716379 1521 3747220 8791080
1757716380 1521 3747988 8791080
1757716381 1522 3748372 8791080
1757716382 1522 3749140 8791080
1757716383 1522 3749908 8791080
1757716385 1522 3750292 8791080
1757716386 1522 3750676 8791080
1757716387 1522 3750676 8791080
1757716388 1522 3750676 8791080
1757716389 1522 3751060 8791080
1757716390 1522 3751828 8791080
1757716391 1523 3752724 8791080
1757716392 1523 3752724 8791080
1757716393 1523 3753492 8791080
1757716394 1521 3754260 8791080
1757716395 1522 3754644 8791080
1757716396 1522 3755412 8791080
1757716397 1522 3756180 8791080
1757716398 1522 3756564 8791080
1757716400 1522 3757332 8791080
1757716401 1522 3757716 8791080
1757716402 1522 3758484 8791080
1757716403 1523 3758484 8791080
1757716404 1523 3758484 8791080
1757716405 1523 3758484 8791080
1757716406 1523 3758868 8791080
1757716407 1523 3759636 8791080
1757716408 1523 3760020 8791080
1757716409 1523 3760788 8791080
1757716410 1522 3760788 8791080
1757716411 1522 3760788 8791080
1757716412 1522 3760788 8791080
1757716413 1522 3761684 8791080
1757716414 1522 3762452 8791080
1757716416 1522 3762836 8791080
1757716417 1522 3762836 8791080
1757716418 1522 3762836 8791080
1757716419 1522 3762836 8791080
1757716420 1522 3762836 8791080
1757716421 1522 3763220 8791080
1757716422 1523 3763988 8791080
1757716423 1523 3764372 8791080
1757716424 1523 3764756 8791080
1757716425 1523 3765524 8791080
1757716426 1522 3766292 8791080
1757716427 1522 3766676 8791080
1757716428 1522 3767444 8791080
1757716429 1522 3767828 8791080
1757716430 1522 3768596 8791080
1757716432 1522 3769492 8791080
1757716433 1523 3769876 8791080
1757716434 1523 3770644 8791080
1757716435 1523 3771412 8791080
1757716436 1523 3771412 8791080
1757716437 1523 3771412 8791080
1757716438 1523 3771412 8791080
1757716439 1523 3771796 8791080
1757716440 1523 3772564 8791080
1757716441 1522 3772948 8791080
1757716442 1522 3773716 8791080
1757716443 1522 3773716 8791080
1757716444 1522 3773716 8791080
1757716445 1522 3774100 8791080
1757716447 1522 3774484 8791080
1757716448 1522 3774868 8791080
1757716449 1522 3774868 8791080
1757716450 1522 3774868 8791080
1757716451 1522 3775252 8791080
1757716452 1523 3776020 8791080
1757716453 1523 3776404 8791080
1757716454 1523 3776788 8791080
1757716455 1523 3777556 8791080
1757716456 1523 3778452 8791080
1757716457 1522 3778836 8791080
1757716458 1522 3779604 8791080
1757716459 1522 3779988 8791080
1757716460 1522 3780756 8791080
1757716462 1522 3781524 8791080
1757716463 1523 3781908 8791080
1757716464 1523 3782676 8791080
1757716465 1523 3783060 8791080
1757716466 1523 3783828 8791080
1757716467 1523 3784212 8791080
1757716468 1523 3784596 8791080
1757716469 1523 3784596 8791080
1757716470 1523 3784596 8791080
1757716471 1523 3784596 8791080
1757716472 1522 3785364 8791080
1757716473 1522 3786132 8791080
1757716474 1522 3786900 8791080
1757716475 1523 3787284 8791080
1757716476 1523 3787284 8791080
1757716478 1523 3787284 8791080
1757716479 1523 3787284 8791080
1757716480 1523 3787284 8791080
1757716481 1523 3787284 8791080
1757716482 1523 3787668 8791080
1757716483 1523 3788436 8791080
1757716484 1523 3788820 8791080
1757716485 1523 3789204 8791080
1757716486 1523 3789588 8791080
1757716487 1522 3790484 8791080
1757716488 1522 3791252 8791080
1757716489 1522 3791636 8791080
1757716490 1522 3792404 8791080
1757716491 1523 3793172 8791080
1757716493 1523 3793556 8791080
1757716494 1523 3794324 8791080
1757716495 1523 3794708 8791080
1757716496 1523 3795476 8791080
1757716497 1523 3796244 8791080
1757716498 1523 3796628 8791080
1757716499 1523 3797012 8791080
1757716500 1524 3797780 8791080
1757716501 1524 3798164 8791080
1757716502 1524 3798548 8791080
1757716503 1522 3798548 8791080
1757716504 1522 3798548 8791080
1757716505 1523 3799444 8791080
1757716506 1523 3799828 8791080
1757716507 1523 3800596 8791080
1757716509 1523 3800980 8791080
1757716510 1523 3800980 8791080
1757716511 1523 3800980 8791080
1757716512 1523 3800980 8791080
1757716513 1523 3801364 8791080
1757716514 1523 3802132 8791080
1757716515 1523 3802132 8791080
1757716516 1523 3802900 8791080
1757716517 1523 3803284 8791080
1757716518 1522 3804052 8791080
1757716519 1522 3804820 8791080
1757716520 1522 3805716 8791080
1757716521 1523 3806100 8791080
1757716522 1523 3806868 8791080
1757716524 1523 3807252 8791080
1757716525 1523 3808020 8791080
1757716526 1523 3808404 8791080
1757716527 1523 3809172 8791080
1757716528 1523 3809940 8791080
1757716529 1523 3810324 8791080
1757716530 1524 3810708 8791080
1757716531 1524 3811476 8791080
1757716532 1524 3811860 8791080
1757716533 1524 3812628 8791080
1757716534 1523 3813396 8791080
1757716535 1523 3813396 8791080
1757716536 1523 3813396 8791080
1757716537 1523 3813396 8791080
1757716538 1523 3814164 8791080
1757716540 1523 3814676 8791080
1757716541 1523 3815060 8791080
1757716542 1523 3815060 8791080
1757716543 1523 3815060 8791080
1757716544 1523 3815060 8791080
1757716545 1523 3815444 8791080
1757716546 1523 3815828 8791080
1757716547 1523 3816212 8791080
1757716548 1524 3816980 8791080
1757716549 1522 3817364 8791080
1757716550 1522 3818132 8791080
1757716551 1523 3818900 8791080
1757716552 1523 3819284 8791080
1757716553 1523 3820180 8791080
1757716555 1523 3820948 8791080
1757716556 1523 3821332 8791080
1757716557 1523 3822100 8791080
1757716558 1523 3822868 8791080
1757716559 1524 3823252 8791080
1757716560 1524 3823636 8791080
1757716561 1524 3824020 8791080
1757716562 1524 3824788 8791080
1757716563 1524 3825172 8791080
1757716564 1524 3826068 8791080
1757716565 1523 3826836 8791080
1757716566 1523 3827604 8791080
1757716567 1523 3827988 8791080
1757716568 1523 3827988 8791080
1757716570 1523 3827988 8791080
1757716571 1523 3828372 8791080
1757716572 1523 3828372 8791080
1757716573 1523 3828372 8791080
1757716574 1523 3828372 8791080
1757716575 1523 3828756 8791080
1757716576 1523 3828756 8791080
1757716577 1523 3828756 8791080
1757716578 1524 3829140 8791080
1757716579 1524 3829524 8791080
1757716580 1522 3830292 8791080
1757716581 1523 3831060 8791080
1757716582 1523 3831444 8791080
1757716583 1523 3832212 8791080
1757716584 1523 3832596 8791080
1757716586 1523 3833364 8791080
1757716587 1523 3833748 8791080
1757716588 1523 3834516 8791080
1757716589 1524 3835412 8791080
1757716590 1524 3835796 8791080
1757716591 1524 3836564 8791080
1757716592 1524 3836948 8791080
1757716593 1524 3837716 8791080
1757716594 1524 3838100 8791080
1757716595 1524 3838868 8791080
1757716596 1523 3839252 8791080
1757716597 1523 3840020 8791080
1757716598 1523 3840788 8791080
1757716599 1524 3841300 8791080
1757716600 1524 3842068 8791080
1757716602 1524 3842068 8791080
1757716603 1524 3842068 8791080
1757716604 1524 3842068 8791080
1757716605 1524 3842068 8791080
1757716606 1524 3842452 8791080
1757716607 1524 3842836 8791080
1757716608 1524 3843348 8791080
1757716609 1524 3843348 8791080
1757716610 1524 3843348 8791080
1757716611 1523 3844116 8791080
1757716612 1523 3844500 8791080
1757716613 1523 3845268 8791080
1757716614 1523 3846036 8791080
1757716615 1523 3846420 8791080
1757716617 1523 3847188 8791080
1757716618 1523 3847956 8791080
1757716619 1524 3848340 8791080
1757716620 1524 3849108 8791080
1757716621 1524 3849492 8791080
1757716622 1524 3849876 8791080
1757716623 1524 3850772 8791080
1757716624 1524 3851156 8791080
1757716625 1524 3851924 8791080
1757716626 1524 3852692 8791080
1757716627 1523 3853076 8791080
1757716628 1523 3853844 8791080
1757716629 1524 3854228 8791080
1757716630 1524 3854996 8791080
1757716632 1524 3855380 8791080
1757716633 1524 3856148 8791080
1757716634 1524 3856532 8791080
1757716635 1524 3856532 8791080
1757716636 1524 3856532 8791080
1757716637 1524 3856532 8791080
1757716638 1524 3857300 8791080
1757716639 1524 3857684 8791080
1757716640 1524 3858068 8791080
1757716641 1524 3858068 8791080
1757716642 1523 3858068 8791080
1757716643 1523 3858452 8791080
1757716644 1523 3859220 8791080
1757716645 1523 3859604 8791080
1757716646 1523 3860372 8791080
1757716648 1523 3860756 8791080
1757716649 1524 3861524 8791080
1757716650 1524 3862420 8791080
1757716651 1524 3862804 8791080
1757716652 1524 3863700 8791080
1757716653 1524 3864084 8791080
1757716654 1524 3864852 8791080
1757716655 1524 3865236 8791080
1757716656 1524 3866004 8791080
1757716657 1523 3866388 8791080
1757716658 1523 3867156 8791080
1757716659 1524 3867924 8791080
1757716660 1524 3868308 8791080
1757716661 1524 3869076 8791080
1757716663 1524 3869844 8791080
1757716664 1524 3870228 8791080
1757716665 1524 3870740 8791080
1757716666 1524 3870740 8791080
1757716667 1524 3871124 8791080
1757716668 1524 3871124 8791080
1757716669 1524 3871124 8791080
1757716670 1524 3871124 8791080
1757716671 1524 3871508 8791080
1757716672 1524 3871892 8791080
1757716673 1523 3872660 8791080
1757716674 1523 3872660 8791080
1757716675 1523 3872660 8791080
1757716676 1523 3873044 8791080
1757716677 1523 3873812 8791080
1757716679 1524 3874196 8791080
1757716680 1524 3874964 8791080
1757716681 1524 3875476 8791080
1757716682 1524 3876244 8791080
1757716683 1524 3876628 8791080
1757716684 1524 3877396 8791080
1757716685 1524 3878164 8791080
1757716686 1524 3878548 8791080
1757716687 1525 3879316 8791080
1757716688 1524 3879700 8791080
1757716689 1524 3880468 8791080
1757716690 1524 3881236 8791080
1757716691 1524 3881620 8791080
1757716692 1524 3882388 8791080
1757716694 1524 3883156 8791080
1757716695 1524 3883540 8791080
1757716696 1524 3883924 8791080
1757716697 1524 3883924 8791080
1757716698 1524 3883924 8791080
1757716699 1524 3883924 8791080
1757716700 1524 3884820 8791080
1757716701 1524 3884820 8791080
1757716702 1524 3884820 8791080
1757716703 1523 3884820 8791080
1757716704 1523 3885204 8791080
1757716705 1523 3885972 8791080
1757716706 1524 3886740 8791080
1757716707 1524 3886740 8791080
1757716709 1524 3886740 8791080
1757716710 1524 3887124 8791080
1757716711 1524 3887508 8791080
1757716712 1524 3888276 8791080
1757716713 1524 3888660 8791080
1757716714 1524 3889428 8791080
1757716715 1524 3889812 8791080
1757716716 1524 3890580 8791080
1757716717 1525 3891348 8791080
1757716718 1523 3891732 8791080
1757716719 1524 3892500 8791080
1757716720 1524 3893268 8791080
1757716721 1524 3893652 8791080
1757716722 1524 3894420 8791080
1757716724 1524 3894804 8791080
1757716725 1524 3895572 8791080
1757716726 1524 3896340 8791080
1757716727 1524 3896852 8791080
1757716728 1524 3896852 8791080
1757716729 1524 3896852 8791080
1757716730 1524 3897236 8791080
1757716731 1524 3897620 8791080
1757716732 1525 3898388 8791080
1757716733 1525 3898772 8791080
1757716734 1524 3898772 8791080
1757716735 1524 3898772 8791080
1757716736 1524 3898772 8791080
1757716737 1524 3899156 8791080
1757716738 1524 3899924 8791080
1757716740 1524 3900308 8791080
1757716741 1524 3900308 8791080
1757716742 1524 3900308 8791080
1757716743 1524 3900692 8791080
1757716744 1524 3901460 8791080
1757716745 1524 3901844 8791080
1757716746 1524 3902612 8791080
1757716747 1524 3902996 8791080
1757716748 1525 3903892 8791080
1757716749 1524 3904660 8791080
1757716750 1524 3905044 8791080
1757716751 1524 3905812 8791080
1757716752 1524 3906196 8791080
1757716753 1524 3906964 8791080
1757716755 1524 3907732 8791080
1757716756 1524 3908116 8791080
1757716757 1524 3908884 8791080
1757716758 1524 3909268 8791080
1757716759 1524 3909268 8791080
1757716760 1524 3909268 8791080
1757716761 1524 3909652 8791080
1757716762 1525 3910420 8791080
1757716763 1525 3910804 8791080
1757716764 1525 3911188 8791080
1757716765 1524 3911188 8791080
1757716766 1524 3911956 8791080
1757716767 1524 3912468 8791080
1757716768 1524 3912468 8791080
1757716769 1524 3912468 8791080
1757716771 1524 3912852 8791080
1757716772 1524 3913620 8791080
1757716773 1524 3913620 8791080
1757716774 1524 3913620 8791080
1757716775 1524 3914004 8791080
1757716776 1524 3914388 8791080
1757716777 1524 3915156 8791080
1757716778 1525 3915540 8791080
1757716779 1525 3916308 8791080
1757716780 1524 3917076 8791080
1757716781 1524 3917460 8791080
1757716782 1524 3918228 8791080
1757716783 1524 3919124 8791080
1757716784 1524 3919508 8791080
1757716786 1524 3920404 8791080
1757716787 1524 3920788 8791080
1757716788 1524 3921556 8791080
1757716789 1525 3922324 8791080
1757716790 1525 3922324 8791080
1757716791 1525 3922324 8791080
1757716792 1524 3922324 8791080
1757716793 1525 3922708 8791080
1757716794 1525 3923092 8791080
1757716795 1524 3923860 8791080
1757716796 1524 3923860 8791080
1757716797 1524 3924628 8791080
1757716798 1524 3925396 8791080
1757716799 1524 3925780 8791080
1757716801 1524 3926164 8791080
1757716802 1524 3926164 8791080
1757716803 1524 3926164 8791080
1757716804 1524 3926548 8791080
1757716805 1524 3927316 8791080
1757716806 1524 3927316 8791080
1757716807 1524 3927316 8791080
1757716808 1524 3927316 8791080
1757716809 1525 3928084 8791080
1757716810 1524 3928468 8791080
1757716811 1524 3929364 8791080
1757716812 1524 3930132 8791080
1757716813 1524 3930516 8791080
1757716814 1524 3931284 8791080
1757716816 1524 3932052 8791080
1757716817 1524 3932820 8791080
1757716818 1524 3933204 8791080
1757716819 1525 3933972 8791080
1757716820 1525 3934356 8791080
1757716821 1525 3934740 8791080
1757716822 1525 3934740 8791080
1757716823 1525 3934740 8791080
1757716824 1525 3935124 8791080
1757716825 1524 3935892 8791080
1757716826 1524 3936276 8791080
1757716827 1524 3936660 8791080
1757716828 1524 3937428 8791080
1757716829 1524 3937812 8791080
1757716831 1524 3938580 8791080
1757716832 1524 3938964 8791080
1757716833 1524 3939732 8791080
1757716834 1524 3940116 8791080
1757716835 1524 3940116 8791080
1757716836 1524 3940116 8791080
1757716837 1525 3940500 8791080
1757716838 1525 3941396 8791080
1757716839 1525 3941396 8791080
1757716840 1525 3941396 8791080
1757716841 1524 3941396 8791080
1757716842 1524 3942164 8791080
1757716843 1524 3942548 8791080
1757716844 1524 3943316 8791080
1757716845 1524 3944084 8791080
1757716847 1524 3944468 8791080
1757716848 1524 3945236 8791080
1757716849 1524 3946004 8791080
1757716850 1525 3946388 8791080
1757716851 1525 3947156 8791080
1757716852 1525 3947156 8791080
1757716853 1525 3947156 8791080
1757716854 1525 3947540 8791080
1757716855 1525 3947924 8791080
1757716856 1524 3948692 8791080
1757716857 1524 3949076 8791080
1757716858 1524 3949460 8791080
1757716859 1524 3949844 8791080
1757716860 1524 3950740 8791080
1757716862 1524 3951124 8791080
1757716863 1524 3951892 8791080
1757716864 1524 3952660 8791080
1757716865 1525 3953044 8791080
1757716866 1525 3953812 8791080
1757716867 1525 3953812 8791080
1757716868 1525 3953812 8791080
1757716869 1525 3953812 8791080
1757716870 1525 3954196 8791080
1757716871 1525 3954580 8791080
1757716872 1524 3954580 8791080
1757716873 1524 3954580 8791080
1757716874 1524 3954964 8791080
1757716875 1524 3955732 8791080
1757716876 1524 3956500 8791080
1757716878 1524 3956884 8791080
1757716879 1524 3957652 8791080
1757716880 1525 3958420 8791080
1757716881 1525 3958804 8791080
1757716882 1525 3959572 8791080
1757716883 1525 3959572 8791080
1757716884 1525 3959572 8791080
1757716885 1525 3959572 8791080
1757716886 1525 3960468 8791080
1757716887 1524 3961236 8791080
1757716888 1524 3961620 8791080
1757716889 1524 3962004 8791080
1757716890 1524 3962388 8791080
1757716891 1524 3963156 8791080
1757716893 1524 3963540 8791080
1757716894 1524 3964308 8791080
1757716895 1525 3964692 8791080
1757716896 1525 3965460 8791080
1757716897 1525 3965972 8791080
1757716898 1525 3965972 8791080
1757716899 1525 3966740 8791080
1757716900 1525 3967124 8791080
1757716901 1525 3967124 8791080
1757716902 1525 3967124 8791080
1757716903 1524 3967508 8791080
1757716904 1524 3967892 8791080
1757716905 1524 3967892 8791080
1757716906 1524 3967892 8791080
1757716908 1524 3968276 8791080
1757716909 1524 3968660 8791080
1757716910 1524 3969428 8791080
1757716911 1525 3970196 8791080
1757716912 1525 3970580 8791080
1757716913 1525 3971348 8791080
1757716914 1525 3971348 8791080
1757716915 1525 3971348 8791080
1757716916 1525 3971348 8791080
1757716917 1525 3971732 8791080
1757716918 1524 3972500 8791080
1757716919 1524 3973268 8791080
1757716920 1524 3973652 8791080
1757716921 1524 3974036 8791080
1757716922 1524 3974804 8791080
1757716924 1524 3975316 8791080
1757716925 1524 3976084 8791080
1757716926 1525 3976468 8791080
1757716927 1525 3976852 8791080
1757716928 1525 3977236 8791080
1757716929 1525 3977620 8791080
1757716930 1525 3978004 8791080
1757716931 1525 3978772 8791080
1757716932 1525 3979540 8791080
1757716933 1524 3979540 8791080
1757716934 1524 3979540 8791080
1757716935 1524 3979540 8791080
1757716936 1524 3979924 8791080
1757716937 1524 3979924 8791080
1757716938 1524 3979924 8791080
1757716940 1524 3979924 8791080
1757716941 1524 3980820 8791080
1757716942 1524 3981204 8791080
1757716943 1525 3981972 8791080
1757716944 1525 3982356 8791080
1757716945 1525 3982740 8791080
1757716946 1525 3982740 8791080
1757716947 1525 3982740 8791080
1757716948 1525 3983508 8791080
1757716949 1524 3983892 8791080
1757716950 1524 3984788 8791080
1757716951 1524 3985172 8791080
1757716952 1524 3985556 8791080
1757716953 1524 3985940 8791080
1757716955 1524 3986708 8791080
1757716956 1524 3987092 8791080
1757716957 1524 3987860 8791080
1757716958 1524 3988244 8791080
1757716959 1524 3988244 8791080
1757716960 1525 3989012 8791080
1757716961 1525 3989396 8791080
1757716962 1525 3990164 8791080
1757716963 1525 3990548 8791080
1757716964 1525 3991316 8791080
1757716965 1524 3991700 8791080
1757716966 1524 3992468 8791080
1757716967 1524 3992468 8791080
1757716968 1524 3992468 8791080
1757716969 1524 3992468 8791080
1757716971 1524 3992852 8791080
1757716972 1524 3992852 8791080
1757716973 1524 3992852 8791080
1757716974 1524 3993236 8791080
1757716975 1525 3994004 8791080
1757716976 1525 3994004 8791080
1757716977 1525 3994004 8791080
1757716978 1525 3994004 8791080
1757716979 1525 3994388 8791080
1757716980 1524 3995284 8791080
1757716981 1524 3996052 8791080
1757716982 1524 3996436 8791080
1757716983 1524 3996820 8791080
1757716984 1524 3997204 8791080
1757716986 1524 3997972 8791080
1757716987 1524 3998356 8791080
1757716988 1524 3999252 8791080
1757716989 1524 3999636 8791080
1757716990 1524 3999636 8791080
1757716991 1524 4000404 8791080
1757716992 1525 4001172 8791080
1757716993 1525 4001556 8791080
1757716994 1525 4001940 8791080
1757716995 1525 4002708 8791080
1757716996 1524 4003476 8791080
1757716997 1524 4004244 8791080
1757716998 1524 4004628 8791080
1757716999 1524 4005012 8791080
1757717000 1524 4005012 8791080
1757717002 1524 4005012 8791080
1757717003 1524 4005396 8791080
1757717004 1524 4005396 8791080
1757717005 1524 4005396 8791080
1757717006 1525 4005396 8791080
1757717007 1525 4005396 8791080
1757717008 1524 4005396 8791080
1757717009 1524 4005908 8791080
1757717010 1524 4005908 8791080
1757717011 1524 4006676 8791080
1757717012 1524 4007060 8791080
1757717013 1524 4007444 8791080
1757717014 1524 4008212 8791080
1757717015 1524 4008596 8791080
1757717017 1524 4009364 8791080
1757717018 1524 4009748 8791080
1757717019 1524 4010516 8791080
1757717020 1524 4010900 8791080
1757717021 1524 4011412 8791080
1757717022 1524 4012180 8791080
1757717023 1525 4012948 8791080
1757717024 1525 4013332 8791080
1757717025 1525 4014100 8791080
1757717026 1525 4014868 8791080
1757717027 1524 4015252 8791080
1757717028 1524 4016020 8791080
1757717029 1524 4016404 8791080
1757717030 1524 4017172 8791080
1757717031 1524 4017556 8791080
1757717033 1524 4018324 8791080
1757717034 1524 4018324 8791080
1757717035 1525 4018324 8791080
1757717036 1525 4018324 8791080
1757717037 1525 4018324 8791080
1757717038 1525 4018324 8791080
1757717039 1525 4018324 8791080
1757717040 1525 4018324 8791080
1757717041 1525 4019092 8791080
1757717042 1524 4019604 8791080
1757717043 1524 4020372 8791080
1757717044 1524 4021140 8791080
1757717045 1524 4021140 8791080
1757717047 1524 4021908 8791080
1757717048 1524 4022292 8791080
1757717049 1524 4023060 8791080
1757717050 1524 4023828 8791080
1757717051 1524 4024212 8791080
1757717052 1525 4024596 8791080
1757717053 1525 4025364 8791080
1757717054 1525 4026132 8791080
1757717055 1525 4026516 8791080
1757717056 1525 4027412 8791080
1757717057 1524 4027796 8791080
1757717058 1524 4028564 8791080
1757717059 1524 4029332 8791080
1757717060 1524 4030100 8791080
1757717061 1524 4030484 8791080
1757717063 1525 4031252 8791080
1757717064 1525 4032020 8791080
1757717065 1525 4032404 8791080
1757717066 1525 4032788 8791080
1757717067 1525 4032788 8791080
1757717068 1525 4032788 8791080
1757717069 1525 4032788 8791080
1757717070 1525 4032788 8791080
1757717071 1525 4032788 8791080
1757717072 1525 4033172 8791080
1757717073 1524 4033684 8791080
1757717074 1524 4034452 8791080
1757717075 1524 4034836 8791080
1757717076 1524 4035220 8791080
1757717078 1524 4035988 8791080
1757717079 1524 4036372 8791080
1757717080 1524 4037140 8791080
1757717081 1524 4037524 8791080
1757717082 1524 4037908 8791080
1757717083 1525 4038676 8791080
1757717084 1525 4039060 8791080
1757717085 1525 4039828 8791080
1757717086 1525 4040212 8791080
1757717087 1525 4040980 8791080
1757717088 1524 4041364 8791080
1757717089 1524 4042260 8791080
1757717090 1524 4042644 8791080
1757717091 1524 4043412 8791080
1757717092 1524 4044180 8791080
1757717094 1524 4044948 8791080
1757717095 1525 4045332 8791080
1757717096 1525 4046100 8791080
1757717097 1525 4046868 8791080
1757717098 1525 4047252 8791080
1757717099 1525 4047636 8791080
1757717100 1525 4047636 8791080
1757717101 1525 4047636 8791080
1757717102 1525 4048020 8791080
1757717103 1525 4048020 8791080
1757717104 1524 4048020 8791080
1757717105 1524 4048020 8791080
1757717106 1524 4048404 8791080
1757717107 1524 4048788 8791080
1757717108 1524 4049556 8791080
1757717110 1524 4049940 8791080
1757717111 1524 4050836 8791080
1757717112 1524 4051220 8791080
1757717113 1524 4051988 8791080
1757717114 1525 4052372 8791080
1757717115 1525 4053140 8791080
1757717116 1525 4053524 8791080
1757717117 1525 4054292 8791080
1757717118 1525 4054676 8791080
1757717119 1524 4055444 8791080
1757717120 1524 4056212 8791080
1757717121 1524 4056596 8791080
1757717122 1524 4057364 8791080
1757717123 1525 4058132 8791080
1757717125 1525 4058900 8791080
1757717126 1525 4059284 8791080
1757717127 1525 4060052 8791080
1757717128 1525 4060436 8791080
1757717129 1525 4061204 8791080
1757717130 1525 4062100 8791080
1757717131 1525 4062484 8791080
1757717132 1525 4062484 8791080
1757717133 1525 4062484 8791080
1757717134 1524 4062484 8791080
1757717135 1524 4062484 8791080
1757717136 1524 4062484 8791080
1757717137 1524 4062484 8791080
1757717138 1524 4062868 8791080
1757717140 1524 4063508 8791080
1757717141 1524 4064020 8791080
1757717142 1524 4064788 8791080
1757717143 1525 4065172 8791080
1757717144 1525 4066068 8791080
1757717145 1525 4066836 8791080
1757717146 1525 4067220 8791080
1757717147 1525 4067988 8791080
1757717148 1525 4068756 8791080
1757717149 1524 4069140 8791080
1757717150 1524 4069908 8791080
1757717151 1524 4070292 8791080
1757717152 1524 4071060 8791080
1757717153 1525 4071444 8791080
1757717155 1525 4072212 8791080
1757717156 1525 4072980 8791080
1757717157 1525 4073364 8791080
1757717158 1525 4074260 8791080
1757717159 1525 4075028 8791080
1757717160 1525 4075412 8791080
1757717161 1525 4076180 8791080
1757717162 1525 4076948 8791080
1757717163 1525 4076948 8791080
1757717164 1524 4076948 8791080
1757717165 1524 4076948 8791080
1757717166 1524 4076948 8791080
1757717167 1524 4076948 8791080
1757717168 1524 4076948 8791080
1757717170 1524 4076948 8791080
1757717171 1524 4076948 8791080
1757717172 1525 4077716 8791080
1757717173 1525 4078100 8791080
1757717174 1525 4078484 8791080
1757717175 1525 4079252 8791080
1757717176 1525 4080020 8791080
1757717177 1525 4080404 8791080
1757717178 1525 4081172 8791080
1757717179 1525 4081940 8791080
1757717180 1524 4082324 8791080
1757717181 1524 4083092 8791080
1757717182 1525 4083476 8791080
1757717183 1525 4084244 8791080
1757717185 1525 4085012 8791080
1757717186 1525 4085396 8791080
1757717187 1525 4086164 8791080
1757717188 1525 4086932 8791080
1757717189 1525 4087316 8791080
1757717190 1525 4088084 8791080
1757717191 1525 4088852 8791080
1757717192 1525 4089236 8791080
1757717193 1525 4090132 8791080
1757717194 1525 4090132 8791080
1757717195 1525 4090132 8791080
1757717196 1525 4090516 8791080
1757717197 1525 4091284 8791080
1757717198 1525 4091796 8791080
1757717199 1525 4091796 8791080
1757717201 1525 4091796 8791080
1757717202 1525 4091796 8791080
1757717203 1525 4091796 8791080
1757717204 1525 4091796 8791080
1757717205 1525 4092564 8791080
1757717206 1525 4092948 8791080
1757717207 1525 4093716 8791080
1757717208 1525 4094100 8791080
1757717209 1525 4094868 8791080
1757717210 1525 4095252 8791080
1757717211 1524 4096148 8791080
1757717212 1524 4096916 8791080
1757717213 1525 4097684 8791080
1757717214 1525 4098068 8791080
1757717215 1525 4098836 8791080
1757717217 1525 4099604 8791080
1757717218 1525 4099988 8791080
1757717219 1525 4100756 8791080
1757717220 1525 4101140 8791080
1757717221 1525 4101908 8791080
1757717222 1525 4102676 8791080
1757717223 1525 4103444 8791080
1757717224 1525 4103828 8791080
1757717225 1525 4104212 8791080
1757717226 1525 4104212 8791080
1757717227 1525 4104212 8791080
1757717228 1525 4104980 8791080
1757717229 1525 4105364 8791080
1757717230 1525 4105748 8791080
1757717232 1525 4106132 8791080
1757717233 1525 4106132 8791080
1757717234 1525 4106132 8791080
1757717235 1525 4106132 8791080
1757717236 1525 4106132 8791080
1757717237 1525 4106132 8791080
1757717238 1525 4106516 8791080
1757717239 1525 4107412 8791080
1757717240 1525 4107796 8791080
1757717241 1525 4108564 8791080
1757717242 1524 4109332 8791080
1757717243 1525 4109716 8791080
1757717244 1525 4110484 8791080
1757717245 1525 4110868 8791080
1757717246 1525 4111636 8791080
1757717248 1525 4112404 8791080
1757717249 1525 4112788 8791080
1757717250 1525 4113556 8791080
1757717251 1525 4114324 8791080
1757717252 1525 4115092 8791080
1757717253 1525 4115476 8791080
1757717254 1525 4116244 8791080
1757717255 1525 4116628 8791080
1757717256 1525 4116628 8791080
1757717257 1525 4116628 8791080
1757717258 1525 4117012 8791080
1757717259 1525 4117780 8791080
1757717260 1525 4118548 8791080
1757717261 1525 4118548 8791080
1757717263 1525 4119444 8791080
1757717264 1525 4119828 8791080
1757717265 1525 4120340 8791080
1757717266 1525 4120340 8791080
1757717267 1525 4120340 8791080
1757717268 1525 4120340 8791080
1757717269 1525 4120340 8791080
1757717270 1525 4120340 8791080
1757717271 1525 4121236 8791080
1757717272 1524 4122004 8791080
1757717273 1525 4122388 8791080
1757717274 1525 4123156 8791080
1757717275 1525 4123924 8791080
1757717276 1525 4124308 8791080
1757717278 1525 4125076 8791080
1757717279 1525 4125460 8791080
1757717280 1525 4126228 8791080
1757717281 1525 4126996 8791080
1757717282 1525 4127380 8791080
1757717283 1525 4128276 8791080
1757717284 1525 4129044 8791080
1757717285 1526 4129428 8791080
1757717286 1526 4130196 8791080
1757717287 1525 4130196 8791080
1757717288 1525 4130196 8791080
1757717289 1525 4130580 8791080
1757717290 1525 4130964 8791080
1757717291 1525 4131732 8791080
1757717293 1525 4131732 8791080
1757717294 1525 4132116 8791080
1757717295 1525 4132884 8791080
1757717296 1525 4133652 8791080
1757717297 1525 4134036 8791080
1757717298 1525 4134804 8791080
1757717299 1525 4134804 8791080
1757717300 1525 4134804 8791080
1757717301 1525 4134804 8791080
1757717302 1525 4134804 8791080
1757717303 1525 4134804 8791080
1757717304 1525 4135572 8791080
1757717305 1525 4136340 8791080
1757717306 1525 4136724 8791080
1757717307 1525 4137492 8791080
1757717309 1525 4138260 8791080
1757717310 1525 4138644 8791080
1757717311 1525 4139540 8791080
1757717312 1525 4139924 8791080
1757717313 1525 4140692 8791080
1757717314 1525 4141460 8791080
1757717315 1526 4142228 8791080
1757717316 1526 4142612 8791080
1757717317 1526 4142996 8791080
1757717318 1525 4142996 8791080
1757717319 1525 4142996 8791080
1757717320 1525 4142996 8791080
1757717321 1525 4143764 8791080
1757717322 1525 4144148 8791080
1757717324 1525 4144532 8791080
1757717325 1525 4144916 8791080
1757717326 1525 4145300 8791080
1757717327 1525 4146068 8791080
1757717328 1525 4146836 8791080
1757717329 1525 4147220 8791080
1757717330 1525 4147988 8791080
1757717331 1526 4148372 8791080
1757717332 1526 4148756 8791080
1757717333 1526 4148756 8791080
1757717334 1525 4148756 8791080
1757717335 1525 4148756 8791080
1757717336 1525 4148756 8791080
1757717337 1525 4149524 8791080
1757717339 1525 4149908 8791080
1757717340 1525 4150676 8791080
1757717341 1525 4151444 8791080
1757717342 1525 4151828 8791080
1757717343 1525 4152596 8791080
1757717344 1525 4152980 8791080
1757717345 1526 4153748 8791080
1757717346 1526 4154516 8791080
1757717347 1526 4154900 8791080
1757717348 1526 4155412 8791080
1757717349 1525 4155412 8791080
1757717350 1525 4155796 8791080
1757717351 1525 4156180 8791080
1757717352 1525 4157076 8791080
1757717353 1525 4157460 8791080
1757717355 1525 4157460 8791080
1757717356 1525 4157844 8791080
1757717357 1525 4158612 8791080
1757717358 1525 4159508 8791080
1757717359 1525 4159892 8791080
1757717360 1526 4160788 8791080
1757717361 1526 4161172 8791080
1757717362 1526 4161940 8791080
1757717363 1526 4162708 8791080
1757717364 1526 4163092 8791080
1757717365 1525 4163476 8791080
1757717366 1525 4163476 8791080
1757717367 1525 4163476 8791080
1757717368 1525 4163476 8791080
1757717369 1525 4163476 8791080
1757717371 1525 4164244 8791080
1757717372 1525 4165012 8791080
1757717373 1525 4165396 8791080
1757717374 1525 4166164 8791080
1757717375 1526 4166548 8791080
1757717376 1526 4167316 8791080
1757717377 1526 4168084 8791080
1757717378 1526 4168468 8791080
1757717379 1526 4169236 8791080
1757717380 1525 4169236 8791080
1757717381 1525 4169236 8791080
1757717382 1525 4170004 8791080
1757717383 1525 4170388 8791080
1757717384 1525 4171156 8791080
1757717386 1525 4171540 8791080
1757717387 1525 4171540 8791080
1757717388 1525 4172308 8791080
1757717389 1525 4172692 8791080
1757717390 1525 4173460 8791080
1757717391 1526 4174228 8791080
1757717392 1526 4174612 8791080
1757717393 1526 4175380 8791080
1757717394 1526 4176276 8791080
1757717395 1526 4176660 8791080
1757717396 1525 4177428 8791080
1757717397 1525 4178196 8791080
1757717398 1525 4178196 8791080
1757717399 1525 4178196 8791080
1757717401 1525 4178196 8791080
1757717402 1525 4178196 8791080
1757717403 1525 4178580 8791080
1757717404 1525 4179348 8791080
1757717405 1526 4179732 8791080
1757717406 1526 4180500 8791080
1757717407 1526 4181268 8791080
1757717408 1526 4181652 8791080
1757717409 1526 4182420 8791080
1757717410 1525 4182420 8791080
1757717411 1525 4182420 8791080
1757717412 1525 4182804 8791080
1757717413 1525 4183188 8791080
1757717414 1525 4183956 8791080
1757717416 1525 4184340 8791080
1757717417 1525 4184724 8791080
1757717418 1525 4185108 8791080
1757717419 1525 4185876 8791080
1757717420 1525 4186260 8791080
1757717421 1526 4187028 8791080
1757717422 1526 4187540 8791080
1757717423 1526 4188308 8791080
1757717424 1526 4188692 8791080
1757717425 1526 4189460 8791080
1757717426 1525 4190228 8791080
1757717427 1525 4190612 8791080
1757717428 1525 4191380 8791080
1757717429 1525 4192148 8791080
1757717431 1526 4192532 8791080
1757717432 1526 4192916 8791080
1757717433 1526 4192916 8791080
1757717434 1526 4192916 8791080
1757717435 1526 4192916 8791080
1757717436 1526 4193300 8791080
1757717437 1526 4193684 8791080
1757717438 1526 4194452 8791080
1757717439 1526 4194964 8791080
1757717440 1526 4195732 8791080
1757717441 1525 4195732 8791080
1757717442 1525 4196116 8791080
1757717443 1525 4196116 8791080
1757717444 1525 4196884 8791080
1757717445 1525 4197268 8791080
1757717447 1525 4197652 8791080
1757717448 1525 4197652 8791080
1757717449 1525 4198420 8791080
1757717450 1525 4198804 8791080
1757717451 1526 4199572 8791080
1757717452 1526 4200340 8791080
1757717453 1526 4200724 8791080
1757717454 1526 4201492 8791080
1757717455 1526 4202260 8791080
1757717456 1525 4202644 8791080
1757717457 1525 4203540 8791080
1757717458 1525 4204308 8791080
1757717459 1525 4204692 8791080
1757717460 1526 4205460 8791080
1757717462 1526 4205844 8791080
1757717463 1526 4206612 8791080
1757717464 1526 4207380 8791080
1757717465 1526 4207380 8791080
1757717466 1526 4207380 8791080
1757717467 1526 4207380 8791080
1757717468 1526 4207380 8791080
1757717469 1526 4207764 8791080
1757717470 1526 4208532 8791080
1757717471 1526 4208916 8791080
1757717472 1525 4209300 8791080
1757717473 1525 4209300 8791080
1757717474 1525 4209300 8791080
1757717475 1525 4210068 8791080
1757717476 1525 4210452 8791080
1757717478 1525 4211348 8791080
1757717479 1525 4211348 8791080
1757717480 1525 4211732 8791080
1757717481 1526 4212500 8791080
1757717482 1526 4213268 8791080
1757717483 1526 4213652 8791080
1757717484 1526 4214420 8791080
1757717485 1526 4214804 8791080
1757717486 1526 4215572 8791080
1757717487 1525 4216340 8791080
1757717488 1525 4216724 8791080
1757717489 1525 4217492 8791080
1757717490 1525 4218260 8791080
1757717491 1526 4218644 8791080
1757717493 1526 4219540 8791080
1757717494 1526 4220308 8791080
1757717495 1526 4220692 8791080
1757717496 1526 4221460 8791080
1757717497 1526 4221844 8791080
1757717498 1526 4222228 8791080
1757717499 1526 4222228 8791080
1757717500 1526 4222228 8791080
1757717501 1526 4222228 8791080
1757717502 1526 4222996 8791080
1757717503 1525 4222996 8791080
1757717504 1525 4222996 8791080
1757717505 1525 4222996 8791080
1757717506 1525 4222996 8791080
1757717507 1525 4222996 8791080
1757717509 1525 4223764 8791080
1757717510 1525 4224148 8791080
1757717511 1526 4224532 8791080
1757717512 1526 4225300 8791080
1757717513 1526 4226196 8791080
1757717514 1526 4226580 8791080
1757717515 1526 4227348 8791080
1757717516 1526 4227732 8791080
1757717517 1526 4228500 8791080
1757717518 1525 4228884 8791080
1757717519 1525 4229652 8791080
1757717520 1525 4230420 8791080
1757717521 1526 4230804 8791080
1757717522 1526 4231572 8791080
1757717524 1526 4232340 8791080
1757717525 1526 4232724 8791080
1757717526 1526 4233620 8791080
1757717527 1526 4234388 8791080
1757717528 1526 4234772 8791080
1757717529 1526 4235540 8791080
1757717530 1526 4235924 8791080
1757717531 1526 4236308 8791080
1757717532 1526 4236308 8791080
1757717533 1526 4236308 8791080
1757717534 1525 4236308 8791080
1757717535 1525 4236308 8791080
1757717536 1525 4236692 8791080
1757717537 1525 4237076 8791080
1757717538 1525 4237460 8791080
1757717540 1525 4237844 8791080
1757717541 1526 4238228 8791080
1757717542 1526 4238612 8791080
1757717543 1526 4239380 8791080
1757717544 1526 4240148 8791080
1757717545 1526 4240532 8791080
1757717546 1526 4241300 8791080
1757717547 1526 4241684 8791080
1757717548 1526 4242452 8791080
1757717549 1525 4243220 8791080
1757717550 1525 4243604 8791080
1757717551 1526 4244500 8791080
1757717552 1526 4245268 8791080
1757717553 1526 4245652 8791080
1757717555 1526 4246420 8791080
1757717556 1526 4247188 8791080
1757717557 1526 4247572 8791080
1757717558 1526 4248340 8791080
1757717559 1526 4248724 8791080
1757717560 1526 4249108 8791080
1757717561 1526 4249876 8791080
1757717562 1526 4250260 8791080
1757717563 1526 4251028 8791080
1757717564 1526 4251412 8791080
1757717565 1526 4251412 8791080
1757717566 1525 4251412 8791080
1757717567 1525 4251412 8791080
1757717568 1525 4251796 8791080
1757717569 1525 4252180 8791080
1757717571 1526 4252564 8791080
1757717572 1526 4253332 8791080
1757717573 1526 4253716 8791080
1757717574 1526 4254484 8791080
1757717575 1526 4254996 8791080
1757717576 1526 4255764 8791080
1757717577 1526 4256148 8791080
1757717578 1526 4256916 8791080
1757717579 1526 4257684 8791080
1757717580 1526 4258068 8791080
1757717581 1526 4258836 8791080
1757717582 1526 4259604 8791080
1757717583 1526 4259988 8791080
1757717584 1526 4260756 8791080
1757717586 1526 4261524 8791080
1757717587 1526 4261908 8791080
1757717588 1526 4262804 8791080
1757717589 1526 4263188 8791080
1757717590 1526 4263956 8791080
1757717591 1526 4264724 8791080
1757717592 1526 4265108 8791080
1757717593 1526 4265876 8791080
1757717594 1526 4266644 8791080
1757717595 1526 4267028 8791080
1757717596 1526 4267028 8791080
1757717597 1526 4267028 8791080
1757717598 1526 4267028 8791080
1757717599 1526 4267028 8791080
1757717600 1526 4267028 8791080
1757717602 1526 4267412 8791080
1757717603 1526 4267796 8791080
1757717604 1526 4268564 8791080
1757717605 1526 4269332 8791080
1757717606 1526 4269716 8791080
1757717607 1526 4270484 8791080
1757717608 1526 4270996 8791080
1757717609 1526 4271764 8791080
1757717610 1526 4272148 8791080
1757717611 1526 4272916 8791080
1757717612 1526 4273684 8791080
1757717613 1526 4274068 8791080
1757717614 1526 4274836 8791080
1757717615 1526 4275604 8791080
1757717617 1526 4276372 8791080
1757717618 1526 4276756 8791080
1757717619 1526 4277524 8791080
1757717620 1526 4277908 8791080
1757717621 1526 4278804 8791080
1757717622 1526 4279188 8791080
1757717623 1526 4279956 8791080
1757717624 1526 4280340 8791080
1757717625 1526 4281108 8791080
1757717626 1526 4281492 8791080
1757717627 1526 4281492 8791080
1757717628 1526 4281492 8791080
1757717629 1526 4282004 8791080
1757717630 1526 4282388 8791080
1757717632 1526 4282388 8791080
1757717633 1526 4282388 8791080
1757717634 1526 4282388 8791080
1757717635 1526 4282772 8791080
1757717636 1526 4283156 8791080
1757717637 1526 4283924 8791080
1757717638 1526 4284692 8791080
1757717639 1526 4285076 8791080
1757717640 1526 4285844 8791080
1757717641 1526 4286228 8791080
1757717642 1526 4287124 8791080
1757717643 1526 4287892 8791080
1757717644 1526 4288660 8791080
1757717645 1526 4289044 8791080
1757717647 1526 4289812 8791080
1757717648 1526 4290196 8791080
1757717649 1526 4290964 8791080
1757717650 1526 4291732 8791080
1757717651 1526 4292116 8791080
1757717652 1526 4292884 8791080
1757717653 1526 4293780 8791080
1757717654 1526 4294164 8791080
1757717655 1526 4294932 8791080
1757717656 1526 4295700 8791080
1757717657 1526 4295700 8791080
1757717658 1526 4295700 8791080
1757717659 1526 4295700 8791080
1757717660 1526 4296468 8791080
1757717661 1526 4296852 8791080
1757717663 1526 4297620 8791080
1757717664 1526 4298388 8791080
1757717665 1526 4298388 8791080
1757717666 1526 4298388 8791080
1757717667 1526 4298388 8791080
1757717668 1526 4298772 8791080
1757717669 1526 4299540 8791080
1757717670 1526 4300308 8791080
1757717671 1526 4300692 8791080
1757717672 1525 4301460 8791080
1757717673 1526 4302228 8791080
1757717674 1526 4302612 8791080
1757717675 1526 4303508 8791080
1757717676 1526 4304276 8791080
1757717678 1526 4304660 8791080
1757717679 1526 4305428 8791080
1757717680 1526 4306196 8791080
1757717681 1526 4306580 8791080
1757717682 1526 4307348 8791080
1757717683 1526 4307732 8791080
1757717684 1526 4308500 8791080
1757717685 1526 4309268 8791080
1757717686 1526 4309652 8791080
1757717687 1526 4310420 8791080
1757717688 1526 4310420 8791080
1757717689 1526 4310420 8791080
1757717690 1526 4310420 8791080
1757717691 1526 4310804 8791080
1757717693 1526 4311572 8791080
1757717694 1526 4312340 8791080
1757717695 1526 4312724 8791080
1757717696 1526 4313108 8791080
1757717697 1526 4313492 8791080
1757717698 1526 4313492 8791080
1757717699 1526 4313492 8791080
1757717700 1526 4313492 8791080
1757717701 1526 4314260 8791080
1757717702 1526 4314644 8791080
1757717703 1526 4315412 8791080
1757717704 1526 4315796 8791080
1757717705 1526 4316564 8791080
1757717706 1526 4317332 8791080
1757717707 1526 4318100 8791080
1757717709 1526 4318484 8791080
1757717710 1526 4319508 8791080
1757717711 1526 4319892 8791080
1757717712 1526 4320660 8791080
1757717713 1526 4321428 8791080
1757717714 1526 4321812 8791080
1757717715 1526 4322580 8791080
1757717716 1526 4322964 8791080
1757717717 1526 4323732 8791080
1757717718 1526 4324116 8791080
1757717719 1526 4324116 8791080
1757717720 1526 4324116 8791080
1757717721 1526 4324884 8791080
1757717722 1526 4325268 8791080
1757717724 1526 4325652 8791080
1757717725 1526 4326420 8791080
1757717726 1526 4327188 8791080
1757717727 1526 4327188 8791080
1757717728 1526 4327956 8791080
1757717729 1526 4328852 8791080
1757717730 1526 4329236 8791080
1757717731 1526 4329236 8791080
1757717732 1526 4329236 8791080
1757717733 1526 4329236 8791080
1757717734 1526 4329620 8791080
1757717735 1526 4330388 8791080
1757717736 1526 4331156 8791080
1757717737 1526 4331540 8791080
1757717739 1526 4332436 8791080
1757717740 1526 4332820 8791080
1757717741 1526 4333588 8791080
1757717742 1526 4334100 8791080
1757717743 1526 4334740 8791080
1757717744 1526 4335508 8791080
1757717745 1526 4336276 8791080
1757717746 1526 4337044 8791080
1757717747 1526 4337428 8791080
1757717748 1526 4338196 8791080
1757717749 1526 4338196 8791080
1757717750 1526 4338196 8791080
1757717751 1526 4338196 8791080
1757717752 1526 4338580 8791080
1757717754 1526 4339348 8791080
1757717755 1526 4340116 8791080
1757717756 1526 4340500 8791080
1757717757 1526 4341268 8791080
1757717758 1526 4341652 8791080
1757717759 1526 4342420 8791080
1757717760 1526 4342932 8791080
1757717761 1526 4343700 8791080
1757717762 1526 4344468 8791080
1757717763 1526 4344468 8791080
1757717764 1526 4344468 8791080
1757717765 1526 4344468 8791080
1757717766 1526 4344468 8791080
1757717767 1526 4345236 8791080
1757717769 1526 4346004 8791080
1757717770 1526 4346388 8791080
1757717771 1526 4347156 8791080
1757717772 1526 4347924 8791080
1757717773 1526 4348308 8791080
1757717774 1526 4349204 8791080
1757717775 1526 4349972 8791080
1757717776 1526 4350356 8791080
1757717777 1526 4351124 8791080
1757717778 1526 4351508 8791080
1757717779 1526 4351892 8791080
1757717780 1526 4352276 8791080
1757717781 1526 4352276 8791080
1757717782 1526 4352660 8791080
1757717784 1526 4352660 8791080
1757717785 1526 4353428 8791080
1757717786 1526 4354196 8791080
1757717787 1526 4354580 8791080
1757717788 1526 4355348 8791080
1757717789 1526 4355732 8791080
1757717790 1526 4356116 8791080
1757717791 1526 4356500 8791080
1757717792 1526 4357396 8791080
1757717793 1526 4358164 8791080
1757717794 1526 4358932 8791080
1757717795 1526 4359700 8791080
1757717796 1526 4359700 8791080
1757717797 1526 4359700 8791080
1757717798 1526 4359700 8791080
1757717800 1526 4359700 8791080
1757717801 1526 4360084 8791080
1757717802 1526 4360852 8791080
1757717803 1526 4361236 8791080
1757717804 1526 4362004 8791080
1757717805 1526 4362772 8791080
1757717806 1526 4363156 8791080
1757717807 1526 4363924 8791080
1757717808 1526 4364692 8791080
1757717809 1526 4365076 8791080
1757717810 1526 4365460 8791080
1757717811 1526 4366228 8791080
1757717812 1526 4366228 8791080
1757717814 1526 4366612 8791080
1757717815 1526 4366612 8791080
1757717816 1526 4366996 8791080
1757717817 1526 4367764 8791080
1757717818 1526 4368148 8791080
1757717819 1526 4368916 8791080
1757717820 1526 4369300 8791080
1757717821 1526 4369684 8791080
1757717822 1526 4370068 8791080
1757717823 1526 4370836 8791080
1757717824 1526 4371604 8791080
1757717825 1526 4371988 8791080
1757717826 1526 4372756 8791080
1757717827 1526 4373524 8791080
1757717828 1526 4373908 8791080
1757717830 1526 4374292 8791080
1757717831 1526 4374292 8791080
1757717832 1526 4374292 8791080
1757717833 1526 4374292 8791080
1757717834 1526 4374676 8791080
1757717835 1526 4375444 8791080
1757717836 1526 4375828 8791080
1757717837 1526 4376596 8791080
1757717838 1526 4376980 8791080
1757717839 1526 4377876 8791080
1757717840 1526 4378260 8791080
1757717841 1526 4378644 8791080
1757717842 1526 4379540 8791080
1757717843 1526 4379540 8791080
1757717845 1526 4379924 8791080
1757717846 1526 4379924 8791080
1757717847 1526 4380692 8791080
1757717848 1526 4381076 8791080
1757717849 1526 4381844 8791080
1757717850 1526 4382228 8791080
1757717851 1526 4382612 8791080
1757717852 1526 4383380 8791080
1757717853 1526 4383764 8791080
1757717854 1526 4384660 8791080
1757717855 1526 4385428 8791080
1757717856 1526 4385812 8791080
1757717857 1526 4386580 8791080
1757717858 1526 4387348 8791080
1757717860 1526 4387732 8791080
1757717861 1526 4388500 8791080
1757717862 1526 4388884 8791080
1757717863 1526 4388884 8791080
1757717864 1526 4388884 8791080
1757717865 1526 4388884 8791080
1757717866 1526 4389268 8791080
1757717867 1526 4389780 8791080
1757717868 1526 4390548 8791080
1757717869 1527 4390932 8791080
1757717870 1526 4391700 8791080
1757717871 1526 4391700 8791080
1757717872 1526 4392468 8791080
1757717873 1526 4392852 8791080
1757717875 1526 4393364 8791080
1757717876 1526 4393364 8791080
1757717877 1526 4393364 8791080
1757717878 1526 4394132 8791080
1757717879 1526 4394516 8791080
1757717880 1526 4395412 8791080
1757717881 1526 4395796 8791080
1757717882 1526 4396564 8791080
1757717883 1526 4396948 8791080
1757717884 1526 4397716 8791080
1757717885 1526 4398100 8791080
1757717886 1526 4398868 8791080
1757717887 1526 4399252 8791080
1757717888 1526 4400020 8791080
1757717890 1526 4400788 8791080
1757717891 1526 4401172 8791080
1757717892 1526 4401940 8791080
1757717893 1526 4402708 8791080
1757717894 1526 4403092 8791080
1757717895 1527 4403860 8791080
1757717896 1527 4403860 8791080
1757717897 1527 4403860 8791080
1757717898 1527 4403860 8791080
1757717899 1527 4403860 8791080
1757717900 1526 4404372 8791080
1757717901 1526 4404756 8791080
1757717902 1526 4405140 8791080
1757717903 1526 4405908 8791080
1757717905 1526 4406292 8791080
1757717906 1526 4406676 8791080
1757717907 1526 4406676 8791080
1757717908 1526 4406676 8791080
1757717909 1526 4407444 8791080
1757717910 1526 4407828 8791080
1757717911 1526 4408596 8791080
1757717912 1526 4409492 8791080
1757717913 1526 4409876 8791080
1757717914 1526 4410260 8791080
1757717915 1526 4411028 8791080
1757717916 1526 4411796 8791080
1757717917 1526 4412180 8791080
1757717918 1526 4412948 8791080
1757717920 1526 4413716 8791080
1757717921 1526 4414100 8791080
1757717922 1526 4414868 8791080
1757717923 1526 4415252 8791080
1757717924 1526 4416020 8791080
1757717925 1527 4416916 8791080
1757717926 1527 4417428 8791080
1757717927 1527 4418196 8791080
1757717928 1527 4418580 8791080
1757717929 1527 4418580 8791080
1757717930 1526 4418580 8791080
1757717931 1526 4418580 8791080
1757717932 1526 4418580 8791080
1757717933 1526 4419348 8791080
1757717934 1526 4419732 8791080
1757717936 1526 4420116 8791080
1757717937 1526 4420116 8791080
1757717938 1526 4420116 8791080
1757717939 1526 4420500 8791080
1757717940 1526 4420884 8791080
1757717941 1526 4421652 8791080
1757717942 1526 4422548 8791080
1757717943 1526 4422932 8791080
1757717944 1526 4423316 8791080
1757717945 1526 4424084 8791080
1757717946 1526 4424468 8791080
1757717947 1526 4425236 8791080
1757717948 1526 4426004 8791080
1757717949 1526 4426772 8791080
1757717951 1526 4427156 8791080
1757717952 1526 4427924 8791080
1757717953 1526 4428692 8791080
1757717954 1526 4429076 8791080
1757717955 1526 4429972 8791080
1757717956 1527 4430356 8791080
1757717957 1527 4431124 8791080
1757717958 1527 4431892 8791080
1757717959 1527 4432276 8791080
1757717960 1526 4433044 8791080
1757717961 1526 4433428 8791080
1757717962 1526 4433428 8791080
1757717963 1526 4433428 8791080
1757717964 1526 4433428 8791080
1757717966 1526 4433428 8791080
1757717967 1526 4433428 8791080
1757717968 1526 4433428 8791080
1757717969 1526 4433812 8791080
1757717970 1526 4433812 8791080
1757717971 1526 4434580 8791080
1757717972 1526 4435348 8791080
1757717973 1526 4435732 8791080
1757717974 1526 4436500 8791080
1757717975 1527 4436884 8791080
1757717976 1526 4437652 8791080
1757717977 1526 4438036 8791080
1757717978 1526 4438804 8791080
1757717979 1526 4439572 8791080
1757717981 1526 4440340 8791080
1757717982 1526 4440724 8791080
1757717983 1526 4441492 8791080
1757717984 1526 4441876 8791080
1757717985 1526 4442772 8791080
1757717986 1527 4443540 8791080
1757717987 1527 4443924 8791080
1757717988 1527 4444692 8791080
1757717989 1527 4445076 8791080
1757717990 1527 4445844 8791080
1757717991 1526 4446612 8791080
1757717992 1526 4446996 8791080
1757717993 1526 4447764 8791080
1757717994 1526 4447764 8791080
1757717995 1526 4447764 8791080
1757717997 1526 4447764 8791080
1757717998 1526 4447764 8791080
1757717999 1526 4447764 8791080
1757718000 1526 4447764 8791080
1757718001 1526 4448148 8791080
1757718002 1526 4448532 8791080
1757718003 1526 4449300 8791080
1757718004 1526 4449684 8791080
1757718005 1527 4450452 8791080
1757718006 1526 4450836 8791080
1757718007 1526 4451220 8791080
1757718008 1526 4451988 8791080
1757718009 1526 4452884 8791080
1757718010 1526 4453268 8791080
1757718012 1526 4454036 8791080
1757718013 1526 4454420 8791080
1757718014 1526 4455188 8791080
1757718015 1526 4455956 8791080
1757718016 1527 4456340 8791080
1757718017 1527 4457236 8791080
1757718018 1527 4458004 8791080
1757718019 1527 4458388 8791080
1757718020 1527 4459156 8791080
1757718021 1526 4459924 8791080
1757718022 1526 4460308 8791080
1757718023 1526 4461076 8791080
1757718024 1526 4461460 8791080
1757718025 1526 4462228 8791080
1757718027 1526 4462612 8791080
1757718028 1527 4462996 8791080
1757718029 1526 4462996 8791080
1757718030 1526 4462996 8791080
1757718031 1526 4462996 8791080
1757718032 1526 4462996 8791080
1757718033 1526 4463380 8791080
1757718034 1526 4463764 8791080
1757718035 1527 4464532 8791080
1757718036 1526 4465300 8791080
1757718037 1526 4465300 8791080
1757718038 1526 4465940 8791080
1757718039 1526 4466452 8791080
1757718040 1526 4467348 8791080
1757718042 1526 4468116 8791080
1757718043 1526 4468500 8791080
1757718044 1526 4469268 8791080
1757718045 1526 4469652 8791080
1757718046 1526 4470420 8791080
1757718047 1527 4471188 8791080
1757718048 1527 4471572 8791080
1757718049 1527 4472340 8791080
1757718050 1527 4472724 8791080
1757718051 1526 4473492 8791080
1757718052 1526 4473876 8791080
1757718053 1526 4474772 8791080
1757718054 1526 4475156 8791080
1757718055 1526 4475924 8791080
1757718057 1526 4476692 8791080
1757718058 1527 4477076 8791080
1757718059 1527 4477844 8791080
1757718060 1527 4477844 8791080
1757718061 1527 4477844 8791080
1757718062 1526 4477844 8791080
1757718063 1526 4477844 8791080
1757718064 1526 4477844 8791080
1757718065 1527 4477844 8791080
1757718066 1527 4478228 8791080
1757718067 1526 4478996 8791080
1757718068 1526 4479380 8791080
1757718069 1526 4479764 8791080
1757718070 1526 4480532 8791080
1757718072 1526 4480916 8791080
1757718073 1526 4481684 8791080
1757718074 1526 4482452 8791080
1757718075 1526 4482836 8791080
1757718076 1526 4483604 8791080
1757718077 1527 4484372 8791080
1757718078 1527 4484756 8791080
1757718079 1527 4485524 8791080
1757718080 1527 4486292 8791080
1757718081 1527 4486676 8791080
1757718082 1526 4487444 8791080
1757718083 1526 4487828 8791080
1757718084 1526 4488596 8791080
1757718085 1526 4488980 8791080
1757718086 1526 4489364 8791080
1757718088 1526 4490260 8791080
1757718089 1527 4491028 8791080
1757718090 1527 4491412 8791080
1757718091 1527 4491412 8791080
1757718092 1527 4491412 8791080
1757718093 1527 4491412 8791080
1757718094 1527 4491412 8791080
1757718095 1527 4491412 8791080
1757718096 1527 4491796 8791080
1757718097 1526 4491796 8791080
1757718098 1526 4491796 8791080
1757718099 1526 4491796 8791080
1757718100 1526 4492564 8791080
1757718101 1526 4492948 8791080
1757718103 1526 4493716 8791080
1757718104 1526 4494484 8791080
1757718105 1526 4494868 8791080
1757718106 1526 4495636 8791080
1757718107 1526 4496020 8791080
1757718108 1527 4496788 8791080
1757718109 1527 4497556 8791080
1757718110 1527 4497940 8791080
1757718111 1527 4498708 8791080
1757718112 1526 4499092 8791080
1757718113 1526 4499988 8791080
1757718114 1526 4500756 8791080
1757718115 1526 4501140 8791080
1757718116 1526 4501524 8791080
1757718118 1526 4502292 8791080
1757718119 1527 4502676 8791080
1757718120 1527 4503444 8791080
1757718121 1527 4503828 8791080
1757718122 1527 4503828 8791080
1757718123 1527 4503828 8791080
1757718124 1527 4504212 8791080
1757718125 1527 4504596 8791080
1757718126 1527 4505364 8791080
1757718127 1527 4505364 8791080
1757718128 1526 4505364 8791080
1757718129 1526 4505364 8791080
1757718130 1526 4505364 8791080
1757718131 1526 4505364 8791080
1757718132 1526 4505748 8791080
1757718134 1526 4506516 8791080
1757718135 1526 4506900 8791080
1757718136 1526 4507668 8791080
1757718137 1526 4508052 8791080
1757718138 1527 4508820 8791080
1757718139 1527 4509588 8791080
1757718140 1527 4510356 8791080
1757718141 1527 4510740 8791080
1757718142 1527 4511508 8791080
1757718143 1526 4511892 8791080
1757718144 1526 4512788 8791080
1757718145 1526 4513556 8791080
1757718146 1526 4513940 8791080
1757718147 1526 4514324 8791080
1757718148 1526 4514324 8791080
1757718150 1526 4515092 8791080
1757718151 1527 4515860 8791080
1757718152 1527 4516244 8791080
1757718153 1527 4516244 8791080
1757718154 1527 4516244 8791080
1757718155 1527 4516244 8791080
1757718156 1527 4516628 8791080
1757718157 1527 4517524 8791080
1757718158 1527 4517908 8791080
1757718159 1526 4518676 8791080
1757718160 1526 4518676 8791080
1757718161 1526 4518676 8791080
1757718162 1526 4518676 8791080
1757718163 1526 4518676 8791080
1757718165 1526 4518676 8791080
1757718166 1526 4519060 8791080
1757718167 1526 4519828 8791080
1757718168 1526 4520212 8791080
1757718169 1526 4520980 8791080
1757718170 1526 4521492 8791080
1757718171 1527 4522260 8791080
1757718172 1527 4522644 8791080
1757718173 1527 4523028 8791080
1757718174 1527 4523028 8791080
1757718175 1526 4523028 8791080
1757718176 1526 4523028 8791080
1757718177 1526 4523028 8791080
1757718178 1526 4523028 8791080
1757718180 1526 4523028 8791080
1757718181 1526 4523028 8791080
1757718182 1527 4523028 8791080
1757718183 1527 4523028 8791080
1757718184 1527 4523028 8791080
1757718185 1527 4523028 8791080
1757718186 1527 4523028 8791080
1757718187 1527 4523028 8791080
1757718188 1527 4523028 8791080
1757718189 1527 4523028 8791080
1757718190 1526 4523028 8791080
1757718191 1526 4523028 8791080
1757718192 1526 4523028 8791080
1757718193 1526 4523028 8791080
1757718194 1526 4523028 8791080
1757718196 1526 4523028 8791080
1757718197 1526 4523028 8791080
1757718198 1526 4523028 8791080
1757718199 1526 4523028 8791080
1757718200 1526 4523028 8791080
1757718201 1526 4523028 8791080
1757718202 1527 4523156 8791080
1757718203 1527 4523156 8791080
1757718204 1527 4523156 8791080
1757718205 1527 4523156 8791080
1757718206 1526 4523156 8791080
1757718207 1526 4523156 8791080
1757718208 1526 4523156 8791080
1757718209 1526 4523156 8791080
1757718211 1526 4523156 8791080
1757718212 1526 4523156 8791080
1757718213 1527 4523156 8791080
1757718214 1527 4523156 8791080
1757718215 1527 4523156 8791080
1757718216 1527 4523156 8791080
1757718217 1527 4523156 8791080
1757718218 1527 4523156 8791080
1757718219 1527 4523156 8791080
1757718220 1527 4523156 8791080
1757718221 1526 4523156 8791080
1757718222 1526 4523156 8791080
1757718223 1526 4523156 8791080
1757718224 1526 4523156 8791080
1757718226 1526 4523156 8791080
1757718227 1526 4523156 8791080
1757718228 1526 4523156 8791080
1757718229 1526 4523156 8791080
1757718230 1526 4523156 8791080
1757718231 1526 4523156 8791080
1757718232 1527 4523156 8791080
1757718233 1527 4523156 8791080
1757718234 1527 4523156 8791080
1757718235 1527 4523156 8791080
1757718236 1526 4523156 8791080
1757718237 1526 4523156 8791080
1757718238 1526 4523156 8791080
1757718239 1526 4523156 8791080
1757718240 1526 4523156 8791080
1757718242 1526 4523156 8791080
1757718243 1526 4523156 8791080
1757718244 1527 4523156 8791080
1757718245 1527 4523156 8791080
1757718246 1527 4523156 8791080
1757718247 1527 4523156 8791080
1757718248 1527 4523156 8791080
1757718249 1527 4523156 8791080
1757718250 1527 4523156 8791080
1757718251 1526 4523156 8791080
1757718252 1526 4523156 8791080
1757718253 1526 4523156 8791080
1757718254 1526 4523156 8791080
1757718255 1526 4523156 8791080
1757718257 1526 4523156 8791080
1757718258 1526 4523156 8791080
1757718259 1527 4523156 8791080
1757718260 1527 4523156 8791080
1757718261 1527 4523156 8791080
1757718262 1527 4523156 8791080
1757718263 1527 4523156 8791080
1757718264 1527 4523156 8791080
1757718265 1527 4523156 8791080
1757718266 1527 4523156 8791080
1757718267 1526 4523156 8791080
1757718268 1526 4523156 8791080
1757718269 1526 4523156 8791080
1757718270 1526 4523156 8791080
1757718272 1526 4523156 8791080
1757718273 1526 4523156 8791080
1757718274 1527 4523156 8791080
1757718275 1527 4523156 8791080
1757718276 1527 4523156 8791080
1757718277 1527 4523156 8791080
1757718278 1527 4523156 8791080
1757718279 1527 4523156 8791080
1757718280 1527 4523156 8791080
1757718281 1526 4523156 8791080
1757718282 1526 4523156 8791080
1757718283 1526 4523156 8791080
1757718284 1526 4523156 8791080
1757718285 1526 4523156 8791080
1757718287 1526 4523156 8791080
1757718288 1526 4523156 8791080
1757718289 1527 4523156 8791080
1757718290 1527 4523156 8791080
1757718291 1527 4523156 8791080
1757718292 1527 4523156 8791080
1757718293 1527 4523156 8791080
1757718294 1527 4523156 8791080
1757718295 1527 4523156 8791080
1757718296 1526 4523156 8791080
1757718297 1526 4523156 8791080
1757718298 1526 4162844 7570376
1757718299 1526 3810300 5128968
1757718300 1526 3810300 5128968
1757718302 1526 3810300 5128968
1757718303 1526 3810300 5128968
1757718304 1527 3810300 5128968
1757718305 1527 3810300 5128968
1757718306 1527 3810300 5128968
1757718307 1527 3955000 7570376
