1757681480  0.0 16000 676480
1757681481  712 230224 1759476
1757681482 1038 231504 1759476
1757681483 1183 232528 1759476
1757681484 1281 233680 1759476
1757681485 1339 234704 1759476
1757681486 1381 235856 1759476
1757681488 1404 236880 1759476
1757681489 1419 237904 1759476
1757681490 1429 238800 1759476
1757681491 1442 239824 1759476
1757681492 1456 240976 1759476
1757681493 1473 242000 1759476
1757681494 1489 243152 1759476
1757681495 1501 244304 1759476
1757681496 1514 245584 1759476
1757681497 1523 246736 1759476
1757681498 1453 247888 1759476
1757681499 1462 249040 1759476
1757681500 1474 250192 1759476
1757681501 1484 251344 1759476
1757681503 1492 252624 1759476
1757681504 1501 253776 1759476
1757681505 1509 254928 1759476
1757681506 1516 256080 1759476
1757681507 1522 257232 1759476
1757681508 1521 258128 1759476
1757681509 1520 258896 1759476
1757681510 1521 259664 1759476
1757681511 1521 260560 1759476
1757681512 1480 261712 1759476
1757681513 1487 262864 1759476
1757681514 1491 263888 1759476
1757681515 1496 265040 1759476
1757681516 1501 266192 1759476
1757681518 1506 267472 1759476
1757681519 1510 268624 1759476
1757681520 1514 268752 1759476
1757681521 1515 268752 1759476
1757681522 1516 268752 1759476
1757681523 1513 268752 1759476
1757681524 1514 268752 1759476
1757681525 1516 268752 1759476
1757681526 1520 268752 1759476
1757681527 1524 268752 1759476
1757681528 1526 268752 1759476
1757681529 1499 268752 1759476
