1757681332  0.0 15488 675456
1757681333 1397 230548 1759496
1757681334 1547 231700 1759496
1757681335 1568 232852 1759496
1757681336 1601 234132 1759496
1757681337 1618 235156 1759496
1757681338 1629 236308 1759496
1757681339 1639 237460 1759496
1757681340 1643 238612 1759496
1757681341 1484 239636 1759496
1757681342 1500 240916 1759496
1757681343 1517 242068 1759496
1757681344 1527 243220 1759496
1757681345 1539 244372 1759496
1757681347 1549 245524 1759496
1757681348 1558 246676 1759496
1757681349 1566 247956 1759496
1757681350 1572 249108 1759496
1757681351 1573 250132 1759496
1757681352 1571 251028 1759496
1757681353 1568 251796 1759496
1757681354 1560 252820 1759496
1757681355 1556 253588 1759496
1757681356 1555 254484 1759496
1757681357 1497 255380 1759496
1757681358 1499 256404 1759496
1757681359 1501 257428 1759496
1757681360 1506 258452 1759496
1757681361 1511 259732 1759496
1757681363 1515 260756 1759496
1757681364 1519 261908 1759496
1757681365 1525 263060 1759496
1757681366 1528 263956 1759496
1757681367 1533 265236 1759496
1757681368 1537 266260 1759496
1757681369 1541 267540 1759496
1757681370 1545 268564 1759496
1757681371 1549 268692 1759496
1757681372 1552 268692 1759496
1757681373 1517 268692 1759496
1757681374 1522 268692 1759496
1757681375 1524 268692 1759496
1757681376 1528 268692 1759496
1757681377 1531 268692 1759496
1757681379 1535 268692 1759496
1757681380 1537 230580 1613448
