1757697554  0.0 16128 676480
1757697555  311 1136496 2958856
1757697556  207 921316 2275264
1757697557  424 2438088 4558764
1757697558  708 2438216 4558764
1757697559  695 2206548 6154204
1757697560  788 2206548 6154204
1757697561  848 2207828 6154204
1757697562  897 2208980 6154204
1757697563  924 2208980 6154204
1757697564  929 2210132 6154204
1757697565  876 2210132 6154204
1757697566  904 2211412 6154204
1757697567  929 2212692 6154204
1757697568  950 2212692 6154204
1757697569  962 2213972 6154204
1757697570  978 2215124 6154204
1757697571  994 2215124 6154204
1757697573 1008 2216404 6154204
1757697574 1018 2216404 6154204
1757697575 1030 2217684 6154204
1757697576 1039 2218964 6154204
1757697577 1048 2218964 6154204
1757697578 1056 2220244 6154204
1757697579 1064 2221396 6154204
1757697580 1071 2221396 6154204
1757697581 1077 2222676 6154204
1757697582 1083 2222676 6154204
1757697583 1085 2223956 6154204
1757697584 1088 2225236 6154204
1757697585 1080 2225236 6154204
1757697586 1075 2226516 6154204
1757697587 1071 2226516 6154204
1757697588 1039 2227668 6154204
1757697589 1043 2227668 6154204
1757697590 1049 2228820 6154204
1757697591 1054 2230100 6154204
1757697592 1059 2230100 6154204
1757697593 1064 2231380 6154204
1757697594 1062 2231380 6154204
1757697596 1062 2232660 6154204
1757697597 1063 2233940 6154204
1757697598 1067 2233940 6154204
1757697599 1071 2235220 6154204
1757697600 1075 2235220 6154204
1757697601 1078 2236500 6154204
1757697602 1082 2237652 6154204
1757697603 1085 2237652 6154204
1757697604 1086 2238804 6154204
1757697605 1089 2240084 6154204
1757697606 1092 2240084 6154204
1757697607 1095 2241364 6154204
1757697608 1097 2241364 6154204
1757697609 1081 2242644 6154204
1757697610 1082 2243796 6154204
1757697611 1083 2243796 6154204
1757697612 1086 2245076 6154204
1757697613 1089 2245076 6154204
1757697614 1092 2246356 6154204
1757697615 1094 2247508 6154204
1757697617 1094 2247508 6154204
1757697618 1091 2248660 6154204
1757697619 1088 2248660 6154204
1757697620 1087 2249940 6154204
1757697621 1088 2251092 6154204
1757697622 1090 2251092 6154204
1757697623 1092 2252372 6154204
1757697624 1095 2253652 6154204
1757697625 1094 2253652 6154204
1757697626 1094 2254932 6154204
1757697627 1094 2254932 6154204
1757697628 1096 2256084 6154204
1757697629 1097 2257364 6154204
1757697630 1085 2257364 6154204
1757697631 1087 2258644 6154204
1757697632 1090 2258644 6154204
1757697633 1092 2259924 6154204
1757697634 1093 2261204 6154204
1757697636 1095 2261204 6154204
1757697637 1097 2262356 6154204
1757697638 1099 2263636 6154204
1757697639 1100 2263636 6154204
1757697640 1102 2264916 6154204
1757697641 1104 2264916 6154204
1757697642 1105 2266196 6154204
1757697643 1107 2267348 6154204
1757697644 1109 2267348 6154204
1757697645 1110 2268628 6154204
1757697646 1112 2269908 6154204
1757697647 1112 2269908 6154204
1757697648 1111 2271188 6154204
1757697649 1100 2271188 6154204
1757697650 1098 2272468 6154204
1757697651 1098 2272468 6154204
1757697652 1097 2273748 6154204
1757697653 1098 2274900 6154204
1757697654 1100 2274900 6154204
1757697656 1100 2276180 6154204
1757697657 1099 2276180 6154204
1757697658 1098 2277460 6154204
1757697659 1098 2278612 6154204
1757697660 1098 2278612 6154204
1757697661 1100 2279892 6154204
1757697662 1100 2279892 6154204
1757697663 1101 2281172 6154204
1757697664 1103 2282452 6154204
1757697665 1103 2282452 6154204
1757697666 1104 2283732 6154204
1757697667 1105 2283732 6154204
1757697668 1107 2285012 6154204
1757697669 1105 2286164 6154204
1757697670 1106 2286164 6154204
1757697671 1107 2287444 6154204
1757697672 1099 2287444 6154204
1757697673 1100 2288724 6154204
1757697674 1100 2290004 6154204
1757697675 1101 2290004 6154204
1757697676 1102 2291284 6154204
1757697677 1104 2291284 6154204
1757697678 1104 2292564 6154204
1757697679 1104 2293716 6154204
1757697681 1104 2293716 6154204
1757697682 1105 2294996 6154204
1757697683 1105 2294996 6154204
1757697684 1105 2296276 6154204
1757697685 1104 2296276 6154204
1757697686 1104 2297556 6154204
1757697687 1104 2298708 6154204
1757697688 1104 2298708 6154204
1757697689 1104 2299988 6154204
1757697690 1104 2299988 6154204
1757697691 1105 2301268 6154204
1757697692 1106 2302420 6154204
1757697693 1099 2302420 6154204
1757697694 1100 2303700 6154204
1757697695 1101 2304980 6154204
1757697696 1102 2304980 6154204
1757697697 1103 2306260 6154204
1757697698 1104 2306260 6154204
1757697700 1104 2307540 6154204
1757697701 1105 2308820 6154204
1757697702 1106 2308820 6154204
1757697703 1107 2309972 6154204
1757697704 1108 2309972 6154204
1757697705 1109 2311252 6154204
1757697706 1110 2312532 6154204
1757697707 1111 2312532 6154204
1757697708 1112 2313684 6154204
1757697709 1113 2314964 6154204
1757697710 1113 2314964 6154204
1757697711 1112 2316116 6154204
1757697712 1112 2316116 6154204
1757697713 1106 2317396 6154204
1757697714 1107 2318676 6154204
1757697715 1107 2318676 6154204
1757697716 1107 2319956 6154204
1757697717 1106 2319956 6154204
1757697718 1105 2321108 6154204
1757697720 1105 2322388 6154204
1757697721 1106 2322388 6154204
1757697722 1107 2323668 6154204
1757697723 1107 2323668 6154204
1757697724 1108 2324948 6154204
1757697725 1109 2326228 6154204
1757697726 1109 2326228 6154204
1757697727 1110 2327508 6154204
1757697728 1111 2328788 6154204
1757697729 1112 2328788 6154204
1757697730 1112 2330068 6154204
1757697731 1113 2330068 6154204
1757697732 1113 2331220 6154204
1757697733 1108 2332500 6154204
1757697734 1109 2332500 6154204
1757697735 1109 2333780 6154204
1757697736 1110 2333780 6154204
1757697737 1111 2334932 6154204
1757697738 1112 2336212 6154204
1757697739 1112 2336212 6154204
1757697741 1113 2337492 6154204
1757697742 1113 2338772 6154204
1757697743 1113 2338772 6154204
1757697744 1113 2340052 6154204
1757697745 1114 2340052 6154204
1757697746 1114 2341204 6154204
1757697747 1115 2342484 6154204
1757697748 1115 2342484 6154204
1757697749 1115 2343764 6154204
1757697750 1115 2343764 6154204
1757697751 1114 2345044 6154204
1757697752 1114 2346196 6154204
1757697753 1114 2346196 6154204
1757697754 1115 2347476 6154204
1757697755 1110 2347476 6154204
1757697756 1110 2348756 6154204
1757697757 1111 2350036 6154204
1757697758 1111 2350036 6154204
1757697759 1112 2351316 6154204
1757697760 1112 2351316 6154204
1757697761 1112 2352596 6154204
1757697763 1113 2353748 6154204
1757697764 1113 2353748 6154204
1757697765 1114 2355028 6154204
1757697766 1115 2355028 6154204
1757697767 1115 2356308 6154204
1757697768 1115 2357460 6154204
1757697769 1116 2357460 6154204
1757697770 1117 2358740 6154204
1757697771 1117 2360020 6154204
1757697772 1117 2360020 6154204
1757697773 1117 2361300 6154204
1757697774 1117 2361300 6154204
1757697775 1118 2362580 6154204
1757697776 1118 2363860 6154204
1757697777 1114 2363860 6154204
1757697778 1114 2365012 6154204
1757697779 1115 2365012 6154204
1757697780 1115 2366292 6154204
1757697781 1114 2367444 6154204
1757697782 1114 2367444 6154204
1757697783 1114 2368724 6154204
1757697785 1114 2368724 6154204
1757697786 1114 2370004 6154204
1757697787 1114 2371156 6154204
1757697788 1114 2371156 6154204
1757697789 1115 2372436 6154204
1757697790 1115 2372436 6154204
1757697791 1115 2373716 6154204
1757697792 1116 2374996 6154204
1757697793 1117 2374996 6154204
1757697794 1117 2376148 6154204
1757697795 1118 2376148 6154204
1757697796 1118 2377428 6154204
1757697797 1118 2378580 6154204
1757697798 1119 2378580 6154204
1757697799 1120 2379860 6154204
1757697800 1115 2381140 6154204
1757697801 1116 2381140 6154204
1757697802 1116 2382420 6154204
1757697803 1116 2382420 6154204
1757697804 1116 2383700 6154204
1757697805 1117 2384980 6154204
1757697807 1117 2384980 6154204
1757697808 1118 2386260 6154204
1757697809 1118 2386260 6154204
1757697810 1119 2387540 6154204
1757697811 1119 2388820 6154204
1757697812 1119 2388820 6154204
1757697813 1119 2390100 6154204
1757697814 1119 2391252 6154204
1757697815 1119 2391252 6154204
1757697816 1119 2392532 6154204
1757697817 1119 2392532 6154204
1757697818 1119 2393812 6154204
1757697819 1120 2395092 6154204
1757697820 1116 2395092 6154204
1757697821 1116 2396244 6154204
1757697822 1116 2396244 6154204
1757697823 1117 2397524 6154204
1757697824 1117 2398804 6154204
1757697825 1117 2398804 6154204
1757697827 1118 2400084 6154204
1757697828 1118 2400084 6154204
1757697829 1119 2401236 6154204
1757697830 1119 2402516 6154204
1757697831 1119 2402516 6154204
1757697832 1120 2403668 6154204
1757697833 1120 2403668 6154204
1757697834 1121 2404948 6154204
1757697835 1120 2406228 6154204
1757697836 1121 2406228 6154204
1757697837 1121 2407508 6154204
1757697838 1121 2408660 6154204
1757697839 1121 2408660 6154204
1757697840 1118 2409940 6154204
1757697841 1118 2409940 6154204
1757697842 1118 2411220 6154204
1757697843 1118 2412500 6154204
1757697844 1118 2412500 6154204
1757697845 1119 2413780 6154204
1757697846 1119 2413780 6154204
1757697848 1119 2415060 6154204
1757697849 1119 2416340 6154204
1757697850 1119 2416340 6154204
1757697851 1119 2417620 6154204
1757697852 1119 2417620 6154204
1757697853 1120 2418900 6154204
1757697854 1120 2420180 6154204
1757697855 1120 2420180 6154204
1757697856 1121 2421332 6154204
1757697857 1121 2421332 6154204
1757697858 1122 2422484 6154204
1757697859 1122 2423764 6154204
1757697860 1119 2423764 6154204
1757697861 1119 2425044 6154204
1757697862 1119 2426324 6154204
1757697863 1120 2426324 6154204
1757697864 1120 2427476 6154204
1757697865 1120 2427476 6154204
1757697867 1120 2428756 6154204
1757697868 1120 2430036 6154204
1757697869 1121 2430036 6154204
1757697870 1121 2431188 6154204
1757697871 1121 2431188 6154204
1757697872 1121 2432340 6154204
1757697873 1121 2433620 6154204
1757697874 1121 2433620 6154204
1757697875 1121 2434900 6154204
1757697876 1121 2434900 6154204
1757697877 1122 2436180 6154204
1757697878 1122 2437460 6154204
1757697879 1122 2437460 6154204
1757697880 1122 2438740 6154204
1757697881 1122 2438740 6154204
1757697882 1119 2440020 6154204
1757697883 1119 2441300 6154204
1757697884 1119 2441300 6154204
1757697885 1119 2442580 6154204
1757697886 1119 2442580 6154204
1757697887 1120 2443860 6154204
1757697889 1120 2445012 6154204
1757697890 1120 2445012 6154204
1757697891 1121 2446292 6154204
1757697892 1121 2446292 6154204
1757697893 1122 2447572 6154204
1757697894 1122 2448852 6154204
1757697895 1122 2448852 6154204
1757697896 1121 2450132 6154204
1757697897 1121 2450132 6154204
1757697898 1121 2451284 6154204
1757697899 1121 2451284 6154204
1757697900 1122 2452436 6154204
1757697901 1119 2453716 6154204
1757697902 1119 2453716 6154204
1757697903 1119 2454996 6154204
1757697904 1119 2454996 6154204
1757697905 1119 2456276 6154204
1757697906 1119 2457428 6154204
1757697907 1119 2457428 6154204
1757697909 1119 2458708 6154204
1757697910 1120 2459988 6154204
1757697911 1120 2459988 6154204
1757697912 1120 2461268 6154204
1757697913 1120 2461268 6154204
1757697914 1120 2462420 6154204
1757697915 1120 2463700 6154204
1757697916 1120 2463700 6154204
1757697917 1120 2464980 6154204
1757697918 1121 2464980 6154204
1757697919 1121 2466260 6154204
1757697920 1121 2467412 6154204
1757697921 1122 2467412 6154204
1757697922 1122 2468564 6154204
1757697923 1119 2468564 6154204
1757697924 1120 2469844 6154204
1757697925 1120 2471124 6154204
1757697926 1120 2471124 6154204
1757697927 1120 2472404 6154204
1757697928 1120 2473684 6154204
1757697930 1120 2473684 6154204
1757697931 1120 2474964 6154204
1757697932 1121 2474964 6154204
1757697933 1121 2476244 6154204
1757697934 1121 2477524 6154204
1757697935 1121 2477524 6154204
1757697936 1121 2478804 6154204
1757697937 1121 2478804 6154204
1757697938 1121 2479956 6154204
1757697939 1122 2481236 6154204
1757697940 1122 2481236 6154204
1757697941 1122 2482516 6154204
1757697942 1123 2482516 6154204
1757697943 1120 2483796 6154204
1757697944 1120 2484948 6154204
1757697945 1120 2484948 6154204
1757697946 1121 2486228 6154204
1757697947 1121 2487508 6154204
1757697949 1121 2487508 6154204
1757697950 1121 2488788 6154204
1757697951 1121 2488788 6154204
1757697952 1121 2490068 6154204
1757697953 1122 2491220 6154204
1757697954 1122 2491220 6154204
1757697955 1122 2492500 6154204
1757697956 1122 2492500 6154204
1757697957 1123 2493780 6154204
1757697958 1123 2495060 6154204
1757697959 1122 2495060 6154204
1757697960 1123 2496212 6154204
1757697961 1120 2496212 6154204
1757697962 1121 2497492 6154204
1757697963 1121 2498772 6154204
1757697964 1121 2498772 6154204
1757697965 1121 2499924 6154204
1757697966 1121 2501204 6154204
1757697968 1121 2501204 6154204
1757697969 1122 2502356 6154204
1757697970 1122 2502356 6154204
1757697971 1122 2503636 6154204
1757697972 1122 2504916 6154204
1757697973 1122 2504916 6154204
1757697974 1123 2506068 6154204
1757697975 1123 2506068 6154204
1757697976 1123 2507348 6154204
1757697977 1123 2508628 6154204
1757697978 1123 2508628 6154204
1757697979 1123 2509908 6154204
1757697980 1123 2509908 6154204
1757697981 1123 2511060 6154204
1757697982 1123 2512340 6154204
1757697983 1123 2512340 6154204
1757697984 1123 2513620 6154204
1757697985 1120 2513620 6154204
1757697986 1121 2514900 6154204
1757697987 1121 2514900 6154204
1757697988 1121 2516180 6154204
1757697989 1121 2517332 6154204
1757697990 1121 2517332 6154204
1757697991 1121 2518612 6154204
1757697993 1121 2518612 6154204
1757697994 1121 2519892 6154204
1757697995 1122 2521172 6154204
1757697996 1122 2521172 6154204
1757697997 1122 2522452 6154204
1757697998 1122 2523732 6154204
1757697999 1122 2523732 6154204
1757698000 1122 2525012 6154204
1757698001 1122 2525012 6154204
1757698002 1123 2526164 6154204
1757698003 1123 2527444 6154204
1757698004 1123 2527444 6154204
1757698005 1124 2528724 6154204
1757698006 1121 2528724 6154204
1757698007 1121 2530004 6154204
1757698008 1122 2531284 6154204
1757698009 1122 2531284 6154204
1757698010 1122 2532564 6154204
1757698011 1122 2532564 6154204
1757698012 1122 2533716 6154204
1757698014 1122 2534996 6154204
1757698015 1122 2534996 6154204
1757698016 1122 2536276 6154204
1757698017 1122 2536276 6154204
1757698018 1122 2537556 6154204
1757698019 1122 2538836 6154204
1757698020 1122 2538836 6154204
1757698021 1122 2539988 6154204
1757698022 1122 2539988 6154204
1757698023 1123 2541268 6154204
1757698024 1123 2542420 6154204
1757698025 1123 2542420 6154204
1757698026 1121 2543700 6154204
1757698027 1121 2544980 6154204
1757698028 1121 2544980 6154204
1757698029 1121 2546260 6154204
1757698030 1121 2546260 6154204
1757698031 1121 2547412 6154204
1757698033 1122 2548692 6154204
1757698034 1122 2548692 6154204
1757698035 1122 2549844 6154204
1757698036 1122 2549844 6154204
1757698037 1122 2551124 6154204
1757698038 1123 2552404 6154204
1757698039 1123 2552404 6154204
1757698040 1123 2553684 6154204
1757698041 1123 2553684 6154204
1757698042 1124 2554836 6154204
1757698043 1124 2556116 6154204
1757698044 1122 2556116 6154204
1757698045 1122 2557396 6154204
1757698046 1122 2558676 6154204
1757698047 1122 2558676 6154204
1757698048 1122 2559956 6154204
1757698049 1121 2559956 6154204
1757698050 1121 2561236 6154204
1757698051 1121 2561236 6154204
1757698053 1122 2562388 6154204
1757698054 1122 2563668 6154204
1757698055 1122 2563668 6154204
1757698056 1122 2564948 6154204
1757698057 1123 2566100 6154204
1757698058 1123 2566100 6154204
1757698059 1123 2567380 6154204
1757698060 1123 2567380 6154204
1757698061 1123 2568660 6154204
1757698062 1123 2569940 6154204
1757698063 1123 2569940 6154204
1757698064 1123 2571092 6154204
1757698065 1121 2571092 6154204
1757698066 1121 2572372 6154204
1757698067 1122 2573652 6154204
1757698068 1122 2573652 6154204
1757698069 1122 2574932 6154204
1757698070 1122 2574932 6154204
1757698072 1122 2576084 6154204
1757698073 1123 2577364 6154204
1757698074 1123 2577364 6154204
1757698075 1123 2578644 6154204
1757698076 1123 2578644 6154204
1757698077 1123 2579924 6154204
1757698078 1123 2581076 6154204
1757698079 1123 2581076 6154204
1757698080 1123 2582356 6154204
1757698081 1123 2582356 6154204
1757698082 1123 2583636 6154204
1757698083 1123 2584916 6154204
1757698084 1123 2584916 6154204
1757698085 1123 2586196 6154204
1757698086 1123 2586196 6154204
1757698087 1122 2587348 6154204
1757698088 1122 2588628 6154204
1757698089 1122 2588628 6154204
1757698090 1122 2589780 6154204
1757698091 1122 2591060 6154204
1757698092 1122 2591060 6154204
1757698093 1122 2592340 6154204
1757698095 1122 2592340 6154204
1757698096 1123 2593620 6154204
1757698097 1123 2594900 6154204
1757698098 1123 2594900 6154204
1757698099 1123 2596180 6154204
1757698100 1124 2597460 6154204
1757698101 1124 2597460 6154204
1757698102 1124 2598740 6154204
1757698103 1124 2598740 6154204
1757698104 1125 2600020 6154204
1757698105 1125 2601172 6154204
1757698106 1125 2601172 6154204
1757698107 1125 2602324 6154204
1757698108 1123 2603604 6154204
1757698109 1123 2603604 6154204
1757698110 1123 2604884 6154204
1757698111 1123 2604884 6154204
1757698112 1123 2606036 6154204
1757698113 1123 2606036 6154204
1757698114 1123 2607316 6154204
1757698115 1123 2608596 6154204
1757698117 1123 2608596 6154204
1757698118 1123 2609876 6154204
1757698119 1123 2609876 6154204
1757698120 1123 2611028 6154204
1757698121 1123 2612180 6154204
1757698122 1123 2612180 6154204
1757698123 1123 2613460 6154204
1757698124 1123 2613460 6154204
1757698125 1123 2614740 6154204
1757698126 1124 2616020 6154204
1757698127 1124 2616020 6154204
1757698128 1124 2617172 6154204
1757698129 1124 2617172 6154204
1757698130 1124 2618452 6154204
1757698131 1123 2619732 6154204
1757698132 1123 2619732 6154204
1757698133 1123 2620884 6154204
1757698134 1123 2620884 6154204
1757698135 1123 2622164 6154204
1757698136 1123 2623444 6154204
1757698137 1124 2623444 6154204
1757698139 1124 2624724 6154204
1757698140 1124 2624724 6154204
1757698141 1124 2626004 6154204
1757698142 1124 2627284 6154204
1757698143 1124 2627284 6154204
1757698144 1124 2628564 6154204
1757698145 1124 2628564 6154204
1757698146 1123 2629844 6154204
1757698147 1123 2629844 6154204
1757698148 1123 2630996 6154204
1757698149 1123 2632276 6154204
1757698150 1123 2632276 6154204
1757698151 1123 2633556 6154204
1757698152 1123 2633556 6154204
1757698153 1123 2634836 6154204
1757698154 1121 2636116 6154204
1757698155 1121 2636116 6154204
1757698156 1121 2637396 6154204
1757698157 1121 2637396 6154204
1757698158 1121 2638548 6154204
1757698159 1121 2638548 6154204
1757698160 1122 2639828 6154204
1757698161 1122 2641108 6154204
1757698162 1122 2641108 6154204
1757698164 1122 2642388 6154204
1757698165 1122 2642388 6154204
1757698166 1123 2643540 6154204
1757698167 1123 2644820 6154204
1757698168 1123 2644820 6154204
1757698169 1123 2646100 6154204
1757698170 1123 2647380 6154204
1757698171 1124 2647380 6154204
1757698172 1124 2648660 6154204
1757698173 1124 2648660 6154204
1757698174 1124 2649812 6154204
1757698175 1124 2651092 6154204
1757698176 1124 2651092 6154204
1757698177 1124 2652372 6154204
1757698178 1122 2652372 6154204
1757698179 1122 2653524 6154204
1757698180 1122 2654804 6154204
1757698181 1122 2654804 6154204
1757698182 1122 2656084 6154204
1757698183 1122 2656084 6154204
1757698184 1122 2657364 6154204
1757698185 1122 2658644 6154204
1757698186 1122 2658644 6154204
1757698188 1122 2659796 6154204
1757698189 1123 2659796 6154204
1757698190 1123 2661076 6154204
1757698191 1123 2662228 6154204
1757698192 1123 2662228 6154204
1757698193 1123 2663508 6154204
1757698194 1124 2664660 6154204
1757698195 1124 2664660 6154204
1757698196 1124 2665940 6154204
1757698197 1124 2665940 6154204
1757698198 1124 2667092 6154204
1757698199 1124 2667092 6154204
1757698200 1124 2668372 6154204
1757698201 1124 2669652 6154204
1757698202 1124 2669652 6154204
1757698203 1122 2670932 6154204
1757698204 1123 2672084 6154204
1757698205 1123 2672084 6154204
1757698206 1123 2673364 6154204
1757698207 1122 2673364 6154204
1757698208 1122 2674644 6154204
1757698210 1122 2674644 6154204
1757698211 1122 2675924 6154204
1757698212 1123 2677204 6154204
1757698213 1123 2677204 6154204
1757698214 1122 2678356 6154204
1757698215 1122 2678356 6154204
1757698216 1122 2679636 6154204
1757698217 1123 2680916 6154204
1757698218 1123 2680916 6154204
1757698219 1123 2682068 6154204
1757698220 1123 2682068 6154204
1757698221 1123 2683348 6154204
1757698222 1123 2684500 6154204
1757698223 1123 2684500 6154204
1757698224 1122 2685780 6154204
1757698225 1122 2687060 6154204
1757698226 1122 2687060 6154204
1757698227 1122 2688340 6154204
1757698228 1123 2688340 6154204
1757698230 1123 2689620 6154204
1757698231 1123 2690900 6154204
1757698232 1123 2690900 6154204
1757698233 1123 2692180 6154204
1757698234 1124 2693460 6154204
1757698235 1124 2693460 6154204
1757698236 1124 2694740 6154204
1757698237 1124 2694740 6154204
1757698238 1124 2696020 6154204
1757698239 1124 2697300 6154204
1757698240 1124 2697300 6154204
1757698241 1124 2698580 6154204
1757698242 1124 2698580 6154204
1757698243 1122 2699860 6154204
1757698244 1122 2701140 6154204
1757698245 1122 2701140 6154204
1757698246 1122 2702420 6154204
1757698247 1121 2702420 6154204
1757698248 1122 2703700 6154204
1757698250 1122 2703700 6154204
1757698251 1122 2704852 6154204
1757698252 1122 2706132 6154204
1757698253 1122 2706132 6154204
1757698254 1123 2707412 6154204
1757698255 1123 2708692 6154204
1757698256 1123 2708692 6154204
1757698257 1123 2709844 6154204
1757698258 1123 2709844 6154204
1757698259 1123 2710996 6154204
1757698260 1124 2712276 6154204
1757698261 1124 2712276 6154204
1757698262 1124 2713556 6154204
1757698263 1123 2714836 6154204
1757698264 1123 2714836 6154204
1757698265 1123 2716116 6154204
1757698266 1123 2716116 6154204
1757698267 1123 2717396 6154204
1757698268 1123 2718676 6154204
1757698269 1123 2718676 6154204
1757698271 1123 2719956 6154204
1757698272 1123 2719956 6154204
1757698273 1123 2721108 6154204
1757698274 1123 2722260 6154204
1757698275 1123 2722260 6154204
1757698276 1123 2723540 6154204
1757698277 1123 2723540 6154204
1757698278 1123 2724820 6154204
1757698279 1123 2724820 6154204
1757698280 1123 2725972 6154204
1757698281 1122 2725972 6154204
1757698282 1123 2727252 6154204
1757698283 1123 2728532 6154204
1757698284 1123 2728532 6154204
1757698285 1123 2729812 6154204
1757698286 1121 2729812 6154204
1757698287 1122 2731092 6154204
1757698288 1122 2732372 6154204
1757698289 1122 2732372 6154204
1757698290 1122 2733524 6154204
1757698291 1122 2733524 6154204
1757698292 1122 2734804 6154204
1757698294 1122 2736084 6154204
1757698295 1122 2736084 6154204
1757698296 1122 2737364 6154204
1757698297 1123 2737364 6154204
1757698298 1123 2738644 6154204
1757698299 1123 2739924 6154204
1757698300 1123 2739924 6154204
1757698301 1123 2741076 6154204
1757698302 1123 2741076 6154204
1757698303 1123 2742356 6154204
1757698304 1123 2743636 6154204
1757698305 1123 2743636 6154204
1757698306 1123 2744788 6154204
1757698307 1123 2746068 6154204
1757698308 1123 2746068 6154204
1757698309 1121 2747348 6154204
1757698310 1122 2747348 6154204
1757698311 1122 2748628 6154204
1757698312 1122 2748628 6154204
1757698313 1122 2749908 6154204
1757698314 1122 2751060 6154204
1757698315 1122 2751060 6154204
1757698317 1122 2752340 6154204
1757698318 1122 2753620 6154204
1757698319 1122 2753620 6154204
1757698320 1122 2754772 6154204
1757698321 1123 2754772 6154204
1757698322 1123 2756052 6154204
1757698323 1123 2757332 6154204
1757698324 1123 2757332 6154204
1757698325 1123 2758612 6154204
1757698326 1123 2758612 6154204
1757698327 1123 2759892 6154204
1757698328 1123 2761044 6154204
1757698329 1122 2761044 6154204
1757698330 1122 2762196 6154204
1757698331 1122 2762196 6154204
1757698332 1122 2763476 6154204
1757698333 1122 2764756 6154204
1757698334 1122 2764756 6154204
1757698335 1122 2766036 6154204
1757698336 1122 2766036 6154204
1757698338 1122 2767316 6154204
1757698339 1123 2768596 6154204
1757698340 1122 2768596 6154204
1757698341 1122 2769876 6154204
1757698342 1122 2769876 6154204
1757698343 1122 2771156 6154204
1757698344 1123 2772436 6154204
1757698345 1123 2772436 6154204
1757698346 1123 2773588 6154204
1757698347 1123 2773588 6154204
1757698348 1123 2774868 6154204
1757698349 1123 2776148 6154204
1757698350 1123 2776148 6154204
1757698351 1123 2777428 6154204
1757698352 1122 2778580 6154204
1757698353 1122 2778580 6154204
1757698354 1122 2779860 6154204
1757698355 1122 2779860 6154204
1757698356 1123 2781140 6154204
1757698357 1123 2782420 6154204
1757698359 1123 2782420 6154204
1757698360 1123 2783700 6154204
1757698361 1123 2784980 6154204
1757698362 1123 2784980 6154204
1757698363 1123 2786132 6154204
1757698364 1123 2786132 6154204
1757698365 1123 2787412 6154204
1757698366 1123 2787412 6154204
1757698367 1123 2788564 6154204
1757698368 1124 2789844 6154204
1757698369 1124 2789844 6154204
1757698370 1124 2791124 6154204
1757698371 1124 2792404 6154204
1757698372 1123 2792404 6154204
1757698373 1124 2793684 6154204
1757698374 1124 2793684 6154204
1757698375 1122 2794836 6154204
1757698376 1122 2796116 6154204
1757698377 1122 2796116 6154204
1757698378 1122 2797396 6154204
1757698379 1123 2797396 6154204
1757698381 1123 2798548 6154204
1757698382 1123 2799828 6154204
1757698383 1123 2799828 6154204
1757698384 1123 2801108 6154204
1757698385 1123 2801108 6154204
1757698386 1123 2802388 6154204
1757698387 1123 2803668 6154204
1757698388 1124 2803668 6154204
1757698389 1124 2804820 6154204
1757698390 1124 2806100 6154204
1757698391 1124 2806100 6154204
1757698392 1124 2807380 6154204
1757698393 1124 2807380 6154204
1757698394 1124 2808660 6154204
1757698395 1123 2808660 6154204
1757698396 1123 2809940 6154204
1757698397 1123 2811220 6154204
1757698398 1123 2811220 6154204
1757698399 1123 2812500 6154204
1757698400 1123 2813652 6154204
1757698402 1123 2813652 6154204
1757698403 1123 2814932 6154204
1757698404 1123 2814932 6154204
1757698405 1123 2816212 6154204
1757698406 1123 2816212 6154204
1757698407 1123 2817364 6154204
1757698408 1123 2818644 6154204
1757698409 1123 2818644 6154204
1757698410 1123 2819796 6154204
1757698411 1123 2819796 6154204
1757698412 1123 2821076 6154204
1757698413 1123 2822356 6154204
1757698414 1124 2822356 6154204
1757698415 1124 2823636 6154204
1757698416 1123 2824916 6154204
1757698417 1123 2824916 6154204
1757698418 1123 2826068 6154204
1757698419 1123 2826068 6154204
1757698420 1123 2827348 6154204
1757698421 1123 2828628 6154204
1757698423 1123 2828628 6154204
1757698424 1123 2829908 6154204
1757698425 1123 2829908 6154204
1757698426 1123 2831188 6154204
1757698427 1123 2832468 6154204
1757698428 1124 2832468 6154204
1757698429 1124 2833620 6154204
1757698430 1124 2833620 6154204
1757698431 1124 2834900 6154204
1757698432 1124 2836180 6154204
1757698433 1124 2836180 6154204
1757698434 1124 2837332 6154204
1757698435 1124 2837332 6154204
1757698436 1123 2838612 6154204
1757698437 1123 2839892 6154204
1757698438 1123 2839892 6154204
1757698439 1123 2841172 6154204
1757698440 1123 2842452 6154204
1757698441 1123 2842452 6154204
1757698443 1123 2843732 6154204
1757698444 1123 2843732 6154204
1757698445 1123 2844884 6154204
1757698446 1123 2846036 6154204
1757698447 1123 2846036 6154204
1757698448 1123 2847316 6154204
1757698449 1124 2847316 6154204
1757698450 1124 2848596 6154204
1757698451 1124 2849748 6154204
1757698452 1124 2849748 6154204
1757698453 1124 2851028 6154204
1757698454 1124 2851028 6154204
1757698455 1124 2852308 6154204
1757698456 1124 2853460 6154204
1757698457 1123 2853460 6154204
1757698458 1123 2854740 6154204
1757698459 1123 2854740 6154204
1757698460 1123 2856020 6154204
1757698461 1123 2857300 6154204
1757698462 1123 2857300 6154204
1757698464 1123 2858580 6154204
1757698465 1123 2858580 6154204
1757698466 1123 2859860 6154204
1757698467 1123 2861140 6154204
1757698468 1123 2861140 6154204
1757698469 1123 2862420 6154204
1757698470 1124 2862420 6154204
1757698471 1124 2863700 6154204
1757698472 1124 2864980 6154204
1757698473 1124 2864980 6154204
1757698474 1124 2866260 6154204
1757698475 1124 2867412 6154204
1757698476 1124 2867412 6154204
1757698477 1124 2868692 6154204
1757698478 1124 2868692 6154204
1757698479 1124 2869972 6154204
1757698480 1123 2871252 6154204
1757698481 1123 2871252 6154204
1757698482 1123 2872404 6154204
1757698483 1123 2872404 6154204
1757698484 1123 2873684 6154204
1757698485 1123 2874836 6154204
1757698486 1123 2874836 6154204
1757698487 1123 2876116 6154204
1757698489 1123 2876116 6154204
1757698490 1123 2877396 6154204
1757698491 1124 2878676 6154204
1757698492 1124 2878676 6154204
1757698493 1124 2879828 6154204
1757698494 1124 2879828 6154204
1757698495 1124 2881108 6154204
1757698496 1123 2881108 6154204
1757698497 1124 2882388 6154204
1757698498 1124 2883668 6154204
1757698499 1124 2883668 6154204
1757698500 1124 2884948 6154204
1757698501 1124 2886228 6154204
1757698502 1124 2886228 6154204
1757698503 1124 2887508 6154204
1757698504 1123 2887508 6154204
1757698505 1123 2888660 6154204
1757698506 1123 2889940 6154204
1757698507 1123 2889940 6154204
1757698508 1123 2891220 6154204
1757698510 1123 2891220 6154204
1757698511 1123 2892500 6154204
1757698512 1123 2893780 6154204
1757698513 1123 2893780 6154204
1757698514 1123 2894932 6154204
1757698515 1124 2894932 6154204
1757698516 1123 2896084 6154204
1757698517 1123 2897364 6154204
1757698518 1123 2897364 6154204
1757698519 1124 2898644 6154204
1757698520 1124 2898644 6154204
1757698521 1124 2899924 6154204
1757698522 1124 2901204 6154204
1757698523 1124 2901204 6154204
1757698524 1123 2902484 6154204
1757698525 1123 2902484 6154204
1757698526 1123 2903764 6154204
1757698527 1123 2905044 6154204
1757698528 1123 2905044 6154204
1757698529 1123 2906196 6154204
1757698530 1123 2906196 6154204
1757698532 1123 2907476 6154204
1757698533 1123 2908756 6154204
1757698534 1124 2908756 6154204
1757698535 1124 2909908 6154204
1757698536 1124 2911188 6154204
1757698537 1124 2911188 6154204
1757698538 1124 2912468 6154204
1757698539 1124 2912468 6154204
1757698540 1124 2913748 6154204
1757698541 1124 2914900 6154204
1757698542 1124 2914900 6154204
1757698543 1124 2916180 6154204
1757698544 1123 2916180 6154204
1757698545 1123 2917460 6154204
1757698546 1123 2917460 6154204
1757698547 1123 2918612 6154204
1757698548 1123 2919892 6154204
1757698549 1123 2919892 6154204
1757698551 1123 2921044 6154204
1757698552 1123 2922324 6154204
1757698553 1123 2922324 6154204
1757698554 1123 2923476 6154204
1757698555 1124 2923476 6154204
1757698556 1123 2924756 6154204
1757698557 1123 2926036 6154204
1757698558 1123 2926036 6154204
1757698559 1124 2927316 6154204
1757698560 1124 2927316 6154204
1757698561 1124 2928596 6154204
1757698562 1124 2929876 6154204
1757698563 1124 2929876 6154204
1757698564 1124 2931156 6154204
1757698565 1123 2931156 6154204
1757698566 1123 2932308 6154204
1757698567 1123 2933588 6154204
1757698568 1123 2933588 6154204
1757698569 1123 2934740 6154204
1757698570 1123 2934740 6154204
1757698571 1123 2936020 6154204
1757698573 1124 2937172 6154204
1757698574 1124 2937172 6154204
1757698575 1124 2938452 6154204
1757698576 1124 2939732 6154204
1757698577 1124 2939732 6154204
1757698578 1123 2941012 6154204
1757698579 1124 2941012 6154204
1757698580 1124 2942292 6154204
1757698581 1124 2942292 6154204
1757698582 1124 2943572 6154204
1757698583 1124 2944852 6154204
1757698584 1124 2944852 6154204
1757698585 1124 2946132 6154204
1757698586 1124 2947412 6154204
1757698587 1123 2947412 6154204
1757698588 1123 2947412 6154204
1757698589 1123 2947412 6154204
1757698590 1123 2947412 6154204
1757698591 1123 2947412 6154204
1757698593 1123 2947412 6154204
1757698594 1124 2947412 6154204
1757698595 1124 2947412 6154204
1757698596 1124 2947412 6154204
1757698597 1124 2947412 6154204
1757698598 1124 2947412 6154204
1757698599 1124 2947412 6154204
1757698600 1124 2947412 6154204
1757698601 1124 2947412 6154204
1757698602 1124 2947412 6154204
1757698603 1124 2947412 6154204
1757698604 1124 2947412 6154204
1757698605 1124 2947412 6154204
1757698606 1124 2947412 6154204
1757698607 1123 2947412 6154204
1757698608 1123 2947412 6154204
1757698609 1123 2947412 6154204
1757698610 1123 2947412 6154204
1757698611 1123 2947412 6154204
1757698612 1123 2947412 6154204
1757698613 1123 2947412 6154204
1757698615 1123 2947412 6154204
1757698616 1123 2947412 6154204
1757698617 1123 2947412 6154204
1757698618 1123 2947412 6154204
1757698619 1123 2947412 6154204
1757698620 1123 2947412 6154204
1757698621 1124 2947412 6154204
1757698622 1124 2947412 6154204
1757698623 1124 2947412 6154204
1757698624 1124 2947412 6154204
1757698625 1124 2947412 6154204
1757698626 1124 2947412 6154204
1757698627 1124 2947412 6154204
1757698628 1124 2947412 6154204
1757698629 1123 2947412 6154204
1757698630 1124 2947412 6154204
1757698631 1124 2947412 6154204
1757698632 1124 2947412 6154204
1757698633 1124 2947412 6154204
1757698635 1124 2947412 6154204
1757698636 1124 2947412 6154204
1757698637 1124 2947412 6154204
1757698638 1124 2947412 6154204
1757698639 1124 2947412 6154204
1757698640 1124 2947412 6154204
1757698641 1124 2947412 6154204
1757698642 1124 2478132 3810964
1757698643 1124 2478132 3810964
1757698644 1125 2478132 3810964
1757698645 1125 2478132 3810964
1757698646 1125 2478132 3810964
1757698647 1124 134352 1466692
