1757681431  0.0 17024 676612
1757681432 1452 230512 1759480
1757681433 1570 231664 1759480
1757681434 1599 232816 1759480
1757681435 1610 233712 1759480
1757681436 1623 234864 1759480
1757681437 1635 236016 1759480
1757681438 1642 237168 1759480
1757681439 1648 238320 1759480
1757681440 1488 239472 1759480
1757681441 1504 240624 1759480
1757681442 1521 241904 1759480
1757681443 1532 243056 1759480
1757681444 1540 244080 1759480
1757681446 1537 244976 1759480
1757681447 1536 245872 1759480
1757681448 1534 246768 1759480
1757681449 1533 247792 1759480
1757681450 1540 248944 1759480
1757681451 1547 250096 1759480
1757681452 1555 251248 1759480
1757681453 1557 252144 1759480
1757681454 1558 253296 1759480
1757681455 1557 254064 1759480
1757681456 1497 255088 1759480
1757681457 1499 256112 1759480
1757681458 1502 257008 1759480
1757681459 1506 258032 1759480
1757681460 1513 259312 1759480
1757681462 1518 260464 1759480
1757681463 1523 261616 1759480
1757681464 1529 262768 1759480
1757681465 1533 263920 1759480
1757681466 1537 265072 1759480
1757681467 1541 266224 1759480
1757681468 1546 267504 1759480
1757681469 1549 268528 1759480
1757681470 1553 268912 1759480
1757681471 1518 268912 1759480
1757681472 1522 268912 1759480
1757681473 1526 268912 1759480
1757681474 1529 268912 1759480
1757681475 1533 268912 1759480
1757681477 1532 268912 1759480
1757681478 1532 268912 1759480
1757681479 1531 268912 1759480
1757681480 1531 268912 1759480
