1757695372  0.0 15488 642688
1757695373  298 1255036 2958852
1757695374  200 1420344 2958852
1757695375  509 2438492 4558764
1757695376  740 2438492 4558764
1757695377  755 2206788 6154208
1757695378  840 2207940 6154208
1757695379  895 2207940 6154208
1757695380  941 2209220 6154208
1757695381  972 2209220 6154208
1757695382  999 2210372 6154208
1757695383  925 2211524 6154208
1757695384  925 2211524 6154208
1757695385  933 2212804 6154208
1757695386  953 2212804 6154208
1757695387  971 2214084 6154208
1757695388  987 2215364 6154208
1757695389  999 2215364 6154208
1757695391 1012 2216516 6154208
1757695392 1021 2216516 6154208
1757695393 1025 2217796 6154208
1757695394 1034 2219076 6154208
1757695395 1043 2219076 6154208
1757695396 1044 2220356 6154208
1757695397 1052 2220356 6154208
1757695398 1059 2221636 6154208
1757695399 1064 2222788 6154208
1757695400 1069 2222788 6154208
1757695401 1074 2224068 6154208
1757695402 1079 2225348 6154208
1757695403 1083 2225348 6154208
1757695404 1081 2226500 6154208
1757695405 1077 2226500 6154208
1757695406 1044 2227780 6154208
1757695407 1041 2227780 6154208
1757695408 1047 2229060 6154208
1757695409 1052 2230212 6154208
1757695410 1057 2230212 6154208
1757695411 1062 2231492 6154208
1757695412 1066 2231492 6154208
1757695413 1070 2232772 6154208
1757695415 1069 2234052 6154208
1757695416 1070 2234052 6154208
1757695417 1064 2235204 6154208
1757695418 1061 2235204 6154208
1757695419 1062 2236484 6154208
1757695420 1066 2236484 6154208
1757695421 1069 2237764 6154208
1757695422 1073 2238916 6154208
1757695423 1076 2238916 6154208
1757695424 1079 2240196 6154208
1757695425 1082 2241476 6154208
1757695426 1082 2241476 6154208
1757695427 1085 2242756 6154208
1757695428 1088 2242756 6154208
1757695429 1072 2244036 6154208
1757695430 1074 2245188 6154208
1757695431 1076 2245188 6154208
1757695432 1079 2246468 6154208
1757695433 1081 2246468 6154208
1757695434 1084 2247748 6154208
1757695435 1080 2248900 6154208
1757695436 1082 2248900 6154208
1757695438 1081 2250180 6154208
1757695439 1083 2250180 6154208
1757695440 1083 2251460 6154208
1757695441 1084 2252612 6154208
1757695442 1087 2252612 6154208
1757695443 1089 2253892 6154208
1757695444 1091 2253892 6154208
1757695445 1090 2255172 6154208
1757695446 1091 2256452 6154208
1757695447 1091 2256452 6154208
1757695448 1093 2257732 6154208
1757695449 1094 2257732 6154208
1757695450 1094 2258884 6154208
1757695451 1095 2260164 6154208
1757695452 1084 2260164 6154208
1757695453 1086 2261444 6154208
1757695454 1087 2261444 6154208
1757695455 1089 2262724 6154208
1757695456 1089 2263876 6154208
1757695457 1091 2263876 6154208
1757695458 1092 2265028 6154208
1757695460 1093 2265028 6154208
1757695461 1094 2266308 6154208
1757695462 1096 2267588 6154208
1757695463 1097 2267588 6154208
1757695464 1098 2268740 6154208
1757695465 1100 2270020 6154208
1757695466 1100 2270020 6154208
1757695467 1099 2271300 6154208
1757695468 1100 2271300 6154208
1757695469 1102 2272580 6154208
1757695470 1102 2273860 6154208
1757695471 1102 2273860 6154208
1757695472 1103 2275140 6154208
1757695473 1104 2275140 6154208
1757695474 1095 2276420 6154208
1757695475 1095 2277700 6154208
1757695476 1095 2277700 6154208
1757695477 1096 2278980 6154208
1757695478 1096 2278980 6154208
1757695479 1097 2280132 6154208
1757695480 1097 2281284 6154208
1757695482 1098 2281284 6154208
1757695483 1098 2282564 6154208
1757695484 1098 2282564 6154208
1757695485 1099 2283844 6154208
1757695486 1100 2285124 6154208
1757695487 1100 2285124 6154208
1757695488 1101 2286404 6154208
1757695489 1102 2286404 6154208
1757695490 1104 2287684 6154208
1757695491 1104 2288836 6154208
1757695492 1105 2288836 6154208
1757695493 1106 2289988 6154208
1757695494 1107 2289988 6154208
1757695495 1108 2291268 6154208
1757695496 1109 2292548 6154208
1757695497 1100 2292548 6154208
1757695498 1101 2293700 6154208
1757695499 1101 2293700 6154208
1757695500 1102 2294980 6154208
1757695501 1103 2296260 6154208
1757695503 1103 2296260 6154208
1757695504 1104 2297540 6154208
1757695505 1104 2298692 6154208
1757695506 1104 2298692 6154208
1757695507 1104 2299972 6154208
1757695508 1104 2299972 6154208
1757695509 1104 2301252 6154208
1757695510 1105 2301252 6154208
1757695511 1106 2302532 6154208
1757695512 1107 2303812 6154208
1757695513 1108 2303812 6154208
1757695514 1109 2305092 6154208
1757695515 1109 2306372 6154208
1757695516 1109 2306372 6154208
1757695517 1102 2307652 6154208
1757695518 1102 2307652 6154208
1757695519 1103 2308932 6154208
1757695520 1103 2310212 6154208
1757695521 1104 2310212 6154208
1757695522 1105 2311492 6154208
1757695523 1106 2311492 6154208
1757695524 1107 2312644 6154208
1757695526 1108 2313924 6154208
1757695527 1109 2313924 6154208
1757695528 1109 2315076 6154208
1757695529 1109 2316356 6154208
1757695530 1109 2316356 6154208
1757695531 1110 2317636 6154208
1757695532 1110 2317636 6154208
1757695533 1111 2318916 6154208
1757695534 1112 2320196 6154208
1757695535 1112 2320196 6154208
1757695536 1112 2321476 6154208
1757695537 1112 2321476 6154208
1757695538 1111 2322756 6154208
1757695539 1111 2323908 6154208
1757695540 1111 2323908 6154208
1757695541 1105 2325188 6154208
1757695542 1106 2325188 6154208
1757695543 1107 2326340 6154208
1757695544 1107 2327620 6154208
1757695545 1108 2327620 6154208
1757695546 1109 2328900 6154208
1757695547 1108 2328900 6154208
1757695549 1108 2330180 6154208
1757695550 1108 2331460 6154208
1757695551 1109 2331460 6154208
1757695552 1110 2332612 6154208
1757695553 1111 2332612 6154208
1757695554 1111 2333892 6154208
1757695555 1112 2335172 6154208
1757695556 1113 2335172 6154208
1757695557 1113 2336452 6154208
1757695558 1114 2337604 6154208
1757695559 1114 2337604 6154208
1757695560 1115 2338884 6154208
1757695561 1115 2338884 6154208
1757695562 1116 2340164 6154208
1757695563 1116 2341444 6154208
1757695564 1111 2341444 6154208
1757695565 1112 2342724 6154208
1757695566 1113 2342724 6154208
1757695567 1113 2343876 6154208
1757695568 1113 2345156 6154208
1757695569 1113 2345156 6154208
1757695570 1112 2346436 6154208
1757695572 1112 2346436 6154208
1757695573 1113 2347588 6154208
1757695574 1114 2348868 6154208
1757695575 1114 2348868 6154208
1757695576 1115 2350148 6154208
1757695577 1115 2351300 6154208
1757695578 1116 2351300 6154208
1757695579 1117 2352580 6154208
1757695580 1117 2352580 6154208
1757695581 1116 2353860 6154208
1757695582 1116 2355140 6154208
1757695583 1117 2355140 6154208
1757695584 1118 2356420 6154208
1757695585 1113 2356420 6154208
1757695586 1114 2357700 6154208
1757695587 1114 2358980 6154208
1757695588 1115 2358980 6154208
1757695589 1115 2360132 6154208
1757695590 1115 2361412 6154208
1757695591 1115 2361412 6154208
1757695593 1116 2362692 6154208
1757695594 1116 2362692 6154208
1757695595 1117 2363844 6154208
1757695596 1118 2365124 6154208
1757695597 1118 2365124 6154208
1757695598 1118 2366404 6154208
1757695599 1118 2366404 6154208
1757695600 1118 2367684 6154208
1757695601 1118 2368964 6154208
1757695602 1118 2368964 6154208
1757695603 1118 2370244 6154208
1757695604 1118 2370244 6154208
1757695605 1118 2371396 6154208
1757695606 1119 2372676 6154208
1757695607 1114 2372676 6154208
1757695608 1115 2373956 6154208
1757695609 1115 2373956 6154208
1757695610 1116 2375236 6154208
1757695611 1116 2376516 6154208
1757695613 1116 2376516 6154208
1757695614 1117 2377668 6154208
1757695615 1116 2377668 6154208
1757695616 1117 2378820 6154208
1757695617 1117 2380100 6154208
1757695618 1118 2380100 6154208
1757695619 1119 2381380 6154208
1757695620 1119 2382660 6154208
1757695621 1119 2382660 6154208
1757695622 1119 2383812 6154208
1757695623 1120 2383812 6154208
1757695624 1120 2385092 6154208
1757695625 1116 2386372 6154208
1757695626 1117 2386372 6154208
1757695627 1117 2387652 6154208
1757695628 1118 2387652 6154208
1757695629 1118 2388932 6154208
1757695630 1118 2390212 6154208
1757695631 1118 2390212 6154208
1757695633 1118 2391492 6154208
1757695634 1118 2391492 6154208
1757695635 1118 2392772 6154208
1757695636 1118 2394052 6154208
1757695637 1118 2394052 6154208
1757695638 1118 2395332 6154208
1757695639 1119 2395332 6154208
1757695640 1119 2396484 6154208
1757695641 1119 2397764 6154208
1757695642 1119 2397764 6154208
1757695643 1120 2399044 6154208
1757695644 1120 2399044 6154208
1757695645 1121 2400196 6154208
1757695646 1121 2401476 6154208
1757695647 1117 2401476 6154208
1757695648 1117 2402756 6154208
1757695649 1118 2404036 6154208
1757695650 1118 2404036 6154208
1757695651 1118 2405188 6154208
1757695652 1118 2405188 6154208
1757695653 1119 2406468 6154208
1757695655 1119 2407748 6154208
1757695656 1120 2407748 6154208
1757695657 1120 2408900 6154208
1757695658 1120 2410180 6154208
1757695659 1121 2410180 6154208
1757695660 1121 2411332 6154208
1757695661 1122 2411332 6154208
1757695662 1121 2412612 6154208
1757695663 1121 2413892 6154208
1757695664 1121 2413892 6154208
1757695665 1122 2415172 6154208
1757695666 1122 2415172 6154208
1757695667 1123 2416324 6154208
1757695668 1119 2417604 6154208
1757695669 1119 2417604 6154208
1757695670 1119 2418884 6154208
1757695671 1119 2418884 6154208
1757695672 1119 2420164 6154208
1757695673 1119 2421444 6154208
1757695674 1120 2421444 6154208
1757695676 1120 2422596 6154208
1757695677 1121 2422596 6154208
1757695678 1121 2423876 6154208
1757695679 1121 2425156 6154208
1757695680 1121 2425156 6154208
1757695681 1121 2426436 6154208
1757695682 1122 2426436 6154208
1757695683 1121 2427588 6154208
1757695684 1122 2428868 6154208
1757695685 1122 2428868 6154208
1757695686 1122 2430020 6154208
1757695687 1123 2431300 6154208
1757695688 1123 2431300 6154208
1757695689 1123 2432580 6154208
1757695690 1120 2432580 6154208
1757695691 1120 2433732 6154208
1757695692 1120 2435012 6154208
1757695693 1120 2435012 6154208
1757695694 1120 2436292 6154208
1757695695 1121 2436292 6154208
1757695696 1121 2437572 6154208
1757695698 1121 2438724 6154208
1757695699 1122 2438724 6154208
1757695700 1122 2440004 6154208
1757695701 1122 2441284 6154208
1757695702 1121 2441284 6154208
1757695703 1121 2442564 6154208
1757695704 1121 2442564 6154208
1757695705 1122 2443844 6154208
1757695706 1122 2443844 6154208
1757695707 1122 2445124 6154208
1757695708 1123 2446276 6154208
1757695709 1123 2446276 6154208
1757695710 1123 2447556 6154208
1757695711 1120 2448836 6154208
1757695712 1120 2448836 6154208
1757695713 1120 2450116 6154208
1757695714 1120 2450116 6154208
1757695715 1120 2451396 6154208
1757695716 1120 2452676 6154208
1757695717 1121 2452676 6154208
1757695719 1121 2453956 6154208
1757695720 1122 2453956 6154208
1757695721 1122 2455108 6154208
1757695722 1122 2456388 6154208
1757695723 1122 2456388 6154208
1757695724 1122 2457668 6154208
1757695725 1122 2457668 6154208
1757695726 1122 2458820 6154208
1757695727 1122 2459972 6154208
1757695728 1123 2459972 6154208
1757695729 1123 2461252 6154208
1757695730 1123 2461252 6154208
1757695731 1123 2462404 6154208
1757695732 1123 2463684 6154208
1757695733 1124 2463684 6154208
1757695734 1121 2464964 6154208
1757695735 1121 2466244 6154208
1757695736 1121 2466244 6154208
1757695737 1121 2467524 6154208
1757695738 1122 2467524 6154208
1757695740 1122 2468804 6154208
1757695741 1122 2470084 6154208
1757695742 1123 2470084 6154208
1757695743 1123 2471364 6154208
1757695744 1123 2472516 6154208
1757695745 1123 2472516 6154208
1757695746 1123 2473796 6154208
1757695747 1123 2473796 6154208
1757695748 1123 2475076 6154208
1757695749 1124 2476356 6154208
1757695750 1124 2476356 6154208
1757695751 1121 2477508 6154208
1757695752 1122 2477508 6154208
1757695753 1122 2478788 6154208
1757695754 1122 2480068 6154208
1757695755 1122 2480068 6154208
1757695756 1122 2481348 6154208
1757695757 1122 2481348 6154208
1757695758 1122 2482628 6154208
1757695760 1123 2483780 6154208
1757695761 1123 2483780 6154208
1757695762 1123 2485060 6154208
1757695763 1123 2486340 6154208
1757695764 1123 2486340 6154208
1757695765 1124 2487620 6154208
1757695766 1124 2487620 6154208
1757695767 1124 2488900 6154208
1757695768 1124 2490180 6154208
1757695769 1124 2490180 6154208
1757695770 1124 2491460 6154208
1757695771 1124 2491460 6154208
1757695772 1124 2492740 6154208
1757695773 1125 2493892 6154208
1757695774 1122 2493892 6154208
1757695775 1122 2495172 6154208
1757695776 1122 2495172 6154208
1757695777 1122 2496452 6154208
1757695778 1122 2497732 6154208
1757695779 1122 2497732 6154208
1757695780 1122 2498884 6154208
1757695782 1123 2498884 6154208
1757695783 1123 2500164 6154208
1757695784 1123 2501444 6154208
1757695785 1123 2501444 6154208
1757695786 1123 2502724 6154208
1757695787 1123 2502724 6154208
1757695788 1123 2504004 6154208
1757695789 1123 2505284 6154208
1757695790 1124 2505284 6154208
1757695791 1124 2506564 6154208
1757695792 1124 2506564 6154208
1757695793 1124 2507844 6154208
1757695794 1124 2508996 6154208
1757695795 1124 2508996 6154208
1757695796 1122 2510148 6154208
1757695797 1122 2511428 6154208
1757695798 1123 2511428 6154208
1757695799 1123 2512708 6154208
1757695800 1123 2512708 6154208
1757695801 1123 2513860 6154208
1757695802 1123 2515140 6154208
1757695803 1123 2515140 6154208
1757695805 1123 2516420 6154208
1757695806 1124 2516420 6154208
1757695807 1124 2517700 6154208
1757695808 1123 2518852 6154208
1757695809 1124 2518852 6154208
1757695810 1124 2520132 6154208
1757695811 1124 2520132 6154208
1757695812 1124 2521412 6154208
1757695813 1124 2522564 6154208
1757695814 1124 2522564 6154208
1757695815 1125 2523844 6154208
1757695816 1124 2523844 6154208
1757695817 1124 2525124 6154208
1757695818 1124 2526276 6154208
1757695819 1122 2526276 6154208
1757695820 1122 2527428 6154208
1757695821 1122 2527428 6154208
1757695822 1122 2528708 6154208
1757695823 1122 2529860 6154208
1757695824 1122 2529860 6154208
1757695825 1122 2531140 6154208
1757695826 1122 2531140 6154208
1757695828 1122 2532420 6154208
1757695829 1123 2533700 6154208
1757695830 1123 2533700 6154208
1757695831 1123 2534980 6154208
1757695832 1123 2534980 6154208
1757695833 1123 2536132 6154208
1757695834 1123 2537412 6154208
1757695835 1123 2537412 6154208
1757695836 1124 2538692 6154208
1757695837 1124 2538692 6154208
1757695838 1124 2539972 6154208
1757695839 1124 2541252 6154208
1757695840 1124 2541252 6154208
1757695841 1122 2542404 6154208
1757695842 1122 2543556 6154208
1757695843 1122 2543556 6154208
1757695844 1122 2544836 6154208
1757695845 1122 2544836 6154208
1757695846 1122 2546116 6154208
1757695847 1122 2547396 6154208
1757695849 1122 2547396 6154208
1757695850 1122 2548548 6154208
1757695851 1122 2548548 6154208
1757695852 1122 2549828 6154208
1757695853 1122 2549828 6154208
1757695854 1123 2550980 6154208
1757695855 1123 2552260 6154208
1757695856 1123 2552260 6154208
1757695857 1123 2553540 6154208
1757695858 1124 2554820 6154208
1757695859 1124 2554820 6154208
1757695860 1124 2556100 6154208
1757695861 1124 2556100 6154208
1757695862 1125 2557380 6154208
1757695863 1123 2558660 6154208
1757695864 1123 2558660 6154208
1757695865 1123 2559812 6154208
1757695866 1123 2561092 6154208
1757695867 1123 2561092 6154208
1757695868 1123 2562372 6154208
1757695869 1123 2562372 6154208
1757695871 1123 2563652 6154208
1757695872 1123 2564804 6154208
1757695873 1123 2564804 6154208
1757695874 1124 2566084 6154208
1757695875 1124 2566084 6154208
1757695876 1124 2567364 6154208
1757695877 1124 2568644 6154208
1757695878 1124 2568644 6154208
1757695879 1124 2569796 6154208
1757695880 1124 2569796 6154208
1757695881 1124 2571076 6154208
1757695882 1124 2572356 6154208
1757695883 1122 2572356 6154208
1757695884 1122 2573636 6154208
1757695885 1122 2573636 6154208
1757695886 1123 2574788 6154208
1757695887 1123 2576068 6154208
1757695888 1123 2576068 6154208
1757695889 1123 2577348 6154208
1757695891 1123 2578628 6154208
1757695892 1124 2578628 6154208
1757695893 1124 2579908 6154208
1757695894 1124 2579908 6154208
1757695895 1124 2581188 6154208
1757695896 1124 2582468 6154208
1757695897 1125 2582468 6154208
1757695898 1125 2583620 6154208
1757695899 1125 2583620 6154208
1757695900 1125 2584900 6154208
1757695901 1125 2586052 6154208
1757695902 1124 2586052 6154208
1757695903 1125 2587332 6154208
1757695904 1125 2587332 6154208
1757695905 1123 2588612 6154208
1757695906 1123 2589764 6154208
1757695907 1123 2589764 6154208
1757695908 1124 2591044 6154208
1757695909 1124 2592324 6154208
1757695910 1123 2592324 6154208
1757695912 1123 2593604 6154208
1757695913 1123 2593604 6154208
1757695914 1123 2594884 6154208
1757695915 1124 2594884 6154208
1757695916 1124 2596164 6154208
1757695917 1124 2597316 6154208
1757695918 1124 2597316 6154208
1757695919 1124 2598596 6154208
1757695920 1124 2598596 6154208
1757695921 1124 2599876 6154208
1757695922 1124 2601156 6154208
1757695923 1125 2601156 6154208
1757695924 1125 2602436 6154208
1757695925 1125 2602436 6154208
1757695926 1123 2603716 6154208
1757695927 1123 2604868 6154208
1757695928 1123 2604868 6154208
1757695929 1124 2606020 6154208
1757695930 1124 2607300 6154208
1757695931 1124 2607300 6154208
1757695932 1124 2608580 6154208
1757695934 1123 2608580 6154208
1757695935 1123 2609860 6154208
1757695936 1123 2609860 6154208
1757695937 1124 2611140 6154208
1757695938 1124 2612420 6154208
1757695939 1124 2612420 6154208
1757695940 1124 2613700 6154208
1757695941 1124 2613700 6154208
1757695942 1124 2614980 6154208
1757695943 1123 2616132 6154208
1757695944 1124 2616132 6154208
1757695945 1124 2617412 6154208
1757695946 1124 2617412 6154208
1757695947 1124 2618564 6154208
1757695948 1124 2619844 6154208
1757695949 1122 2619844 6154208
1757695950 1123 2621124 6154208
1757695951 1123 2621124 6154208
1757695952 1123 2622404 6154208
1757695953 1123 2623684 6154208
1757695954 1123 2623684 6154208
1757695956 1124 2624964 6154208
1757695957 1124 2626244 6154208
1757695958 1124 2626244 6154208
1757695959 1124 2627524 6154208
1757695960 1124 2627524 6154208
1757695961 1124 2628676 6154208
1757695962 1124 2629956 6154208
1757695963 1124 2629956 6154208
1757695964 1124 2631108 6154208
1757695965 1124 2631108 6154208
1757695966 1124 2632388 6154208
1757695967 1123 2633668 6154208
1757695968 1123 2633668 6154208
1757695969 1123 2634820 6154208
1757695970 1123 2634820 6154208
1757695971 1123 2636100 6154208
1757695972 1123 2637380 6154208
1757695974 1123 2637380 6154208
1757695975 1123 2638660 6154208
1757695976 1123 2638660 6154208
1757695977 1123 2639812 6154208
1757695978 1123 2641092 6154208
1757695979 1123 2641092 6154208
1757695980 1124 2642372 6154208
1757695981 1124 2642372 6154208
1757695982 1124 2643652 6154208
1757695983 1124 2644804 6154208
1757695984 1124 2644804 6154208
1757695985 1125 2645956 6154208
1757695986 1125 2647236 6154208
1757695987 1125 2647236 6154208
1757695988 1123 2648516 6154208
1757695989 1124 2648516 6154208
1757695990 1124 2649796 6154208
1757695991 1124 2651076 6154208
1757695992 1124 2651076 6154208
1757695994 1124 2652356 6154208
1757695995 1124 2653636 6154208
1757695996 1124 2653636 6154208
1757695997 1125 2654916 6154208
1757695998 1125 2654916 6154208
1757695999 1125 2656196 6154208
1757696000 1125 2657476 6154208
1757696001 1125 2657476 6154208
1757696002 1125 2658628 6154208
1757696003 1124 2658628 6154208
1757696004 1124 2659908 6154208
1757696005 1125 2661060 6154208
1757696006 1125 2661060 6154208
1757696007 1123 2662340 6154208
1757696008 1123 2662340 6154208
1757696009 1123 2663620 6154208
1757696010 1123 2664772 6154208
1757696011 1123 2664772 6154208
1757696012 1123 2665924 6154208
1757696014 1124 2665924 6154208
1757696015 1124 2667204 6154208
1757696016 1124 2668484 6154208
1757696017 1124 2668484 6154208
1757696018 1124 2669764 6154208
1757696019 1124 2669764 6154208
1757696020 1125 2670916 6154208
1757696021 1125 2672196 6154208
1757696022 1125 2672196 6154208
1757696023 1125 2673476 6154208
1757696024 1125 2674756 6154208
1757696025 1125 2674756 6154208
1757696026 1125 2676036 6154208
1757696027 1124 2676036 6154208
1757696028 1124 2677188 6154208
1757696029 1124 2678468 6154208
1757696030 1124 2678468 6154208
1757696031 1124 2679748 6154208
1757696032 1124 2679748 6154208
1757696033 1124 2681028 6154208
1757696034 1124 2681028 6154208
1757696036 1124 2682308 6154208
1757696037 1124 2683460 6154208
1757696038 1124 2683460 6154208
1757696039 1124 2684740 6154208
1757696040 1124 2684740 6154208
1757696041 1124 2686020 6154208
1757696042 1124 2687300 6154208
1757696043 1124 2687300 6154208
1757696044 1124 2688452 6154208
1757696045 1124 2688452 6154208
1757696046 1124 2689604 6154208
1757696047 1124 2690884 6154208
1757696048 1125 2690884 6154208
1757696049 1123 2692036 6154208
1757696050 1123 2693316 6154208
1757696051 1124 2693316 6154208
1757696052 1124 2694596 6154208
1757696053 1124 2694596 6154208
1757696054 1124 2695876 6154208
1757696055 1124 2697028 6154208
1757696057 1124 2697028 6154208
1757696058 1124 2698308 6154208
1757696059 1125 2699588 6154208
1757696060 1125 2699588 6154208
1757696061 1125 2700868 6154208
1757696062 1125 2700868 6154208
1757696063 1125 2702148 6154208
1757696064 1125 2703428 6154208
1757696065 1125 2703428 6154208
1757696066 1125 2704708 6154208
1757696067 1124 2704708 6154208
1757696068 1125 2705988 6154208
1757696069 1125 2705988 6154208
1757696070 1123 2707268 6154208
1757696071 1124 2708548 6154208
1757696072 1124 2708548 6154208
1757696073 1123 2709700 6154208
1757696074 1123 2709700 6154208
1757696075 1124 2710980 6154208
1757696077 1124 2712260 6154208
1757696078 1124 2712260 6154208
1757696079 1124 2713540 6154208
1757696080 1124 2714692 6154208
1757696081 1124 2714692 6154208
1757696082 1125 2715972 6154208
1757696083 1125 2715972 6154208
1757696084 1125 2717252 6154208
1757696085 1125 2718532 6154208
1757696086 1125 2718532 6154208
1757696087 1125 2719684 6154208
1757696088 1125 2719684 6154208
1757696089 1124 2720964 6154208
1757696090 1124 2722244 6154208
1757696091 1124 2722244 6154208
1757696092 1124 2723524 6154208
1757696093 1124 2723524 6154208
1757696094 1124 2724676 6154208
1757696096 1124 2725956 6154208
1757696097 1124 2725956 6154208
1757696098 1124 2727236 6154208
1757696099 1124 2727236 6154208
1757696100 1124 2728516 6154208
1757696101 1124 2729796 6154208
1757696102 1124 2729796 6154208
1757696103 1124 2730948 6154208
1757696104 1124 2730948 6154208
1757696105 1124 2732228 6154208
1757696106 1124 2733508 6154208
1757696107 1124 2733508 6154208
1757696108 1124 2734788 6154208
1757696109 1124 2734788 6154208
1757696110 1123 2736068 6154208
1757696111 1123 2737220 6154208
1757696112 1123 2737220 6154208
1757696113 1124 2738500 6154208
1757696114 1124 2739780 6154208
1757696115 1124 2739780 6154208
1757696116 1124 2741060 6154208
1757696118 1124 2741060 6154208
1757696119 1124 2742340 6154208
1757696120 1124 2743620 6154208
1757696121 1124 2743620 6154208
1757696122 1124 2744900 6154208
1757696123 1124 2744900 6154208
1757696124 1125 2746052 6154208
1757696125 1125 2747332 6154208
1757696126 1125 2747332 6154208
1757696127 1125 2748612 6154208
1757696128 1124 2748612 6154208
1757696129 1124 2749764 6154208
1757696130 1125 2751044 6154208
1757696131 1125 2751044 6154208
1757696132 1123 2752324 6154208
1757696133 1123 2752324 6154208
1757696134 1123 2753604 6154208
1757696135 1124 2754756 6154208
1757696136 1124 2754756 6154208
1757696137 1124 2756036 6154208
1757696139 1124 2756036 6154208
1757696140 1124 2757188 6154208
1757696141 1124 2758468 6154208
1757696142 1124 2758468 6154208
1757696143 1124 2759748 6154208
1757696144 1124 2759748 6154208
1757696145 1124 2761028 6154208
1757696146 1125 2762180 6154208
1757696147 1125 2762180 6154208
1757696148 1125 2763460 6154208
1757696149 1125 2764740 6154208
1757696150 1125 2764740 6154208
1757696151 1125 2766020 6154208
1757696152 1125 2766020 6154208
1757696153 1124 2767300 6154208
1757696154 1124 2768580 6154208
1757696155 1124 2768580 6154208
1757696156 1124 2769860 6154208
1757696157 1124 2769860 6154208
1757696159 1124 2771140 6154208
1757696160 1124 2772292 6154208
1757696161 1124 2772292 6154208
1757696162 1124 2773572 6154208
1757696163 1124 2773572 6154208
1757696164 1124 2774724 6154208
1757696165 1124 2775876 6154208
1757696166 1124 2775876 6154208
1757696167 1124 2777156 6154208
1757696168 1124 2777156 6154208
1757696169 1125 2778436 6154208
1757696170 1125 2779716 6154208
1757696171 1125 2779716 6154208
1757696172 1125 2780996 6154208
1757696173 1123 2780996 6154208
1757696174 1123 2782148 6154208
1757696175 1123 2782148 6154208
1757696176 1123 2783428 6154208
1757696177 1123 2784708 6154208
1757696178 1123 2784708 6154208
1757696179 1123 2785988 6154208
1757696181 1123 2785988 6154208
1757696182 1123 2787268 6154208
1757696183 1123 2788548 6154208
1757696184 1123 2788548 6154208
1757696185 1124 2789828 6154208
1757696186 1124 2789828 6154208
1757696187 1124 2791108 6154208
1757696188 1124 2792388 6154208
1757696189 1124 2792388 6154208
1757696190 1124 2793668 6154208
1757696191 1124 2794948 6154208
1757696192 1124 2794948 6154208
1757696193 1124 2796100 6154208
1757696194 1124 2796100 6154208
1757696195 1124 2797380 6154208
1757696196 1123 2797380 6154208
1757696197 1123 2798532 6154208
1757696198 1123 2799812 6154208
1757696199 1123 2799812 6154208
1757696200 1123 2801092 6154208
1757696202 1123 2802372 6154208
1757696203 1123 2802372 6154208
1757696204 1123 2803524 6154208
1757696205 1123 2803524 6154208
1757696206 1123 2804804 6154208
1757696207 1124 2806084 6154208
1757696208 1124 2806084 6154208
1757696209 1124 2807364 6154208
1757696210 1124 2807364 6154208
1757696211 1124 2808516 6154208
1757696212 1124 2809796 6154208
1757696213 1124 2809796 6154208
1757696214 1123 2810948 6154208
1757696215 1123 2810948 6154208
1757696216 1123 2812228 6154208
1757696217 1123 2813508 6154208
1757696218 1123 2813508 6154208
1757696219 1123 2814788 6154208
1757696221 1123 2814788 6154208
1757696222 1123 2816068 6154208
1757696223 1123 2817220 6154208
1757696224 1123 2817220 6154208
1757696225 1123 2818500 6154208
1757696226 1124 2818500 6154208
1757696227 1124 2819780 6154208
1757696228 1124 2820932 6154208
1757696229 1124 2820932 6154208
1757696230 1124 2822212 6154208
1757696231 1124 2823492 6154208
1757696232 1124 2823492 6154208
1757696233 1124 2824772 6154208
1757696234 1123 2824772 6154208
1757696235 1123 2826052 6154208
1757696236 1123 2827332 6154208
1757696237 1123 2827332 6154208
1757696238 1123 2828612 6154208
1757696240 1123 2828612 6154208
1757696241 1123 2829892 6154208
1757696242 1123 2831172 6154208
1757696243 1123 2831172 6154208
1757696244 1123 2832452 6154208
1757696245 1124 2833604 6154208
1757696246 1124 2833604 6154208
1757696247 1124 2834884 6154208
1757696248 1124 2834884 6154208
1757696249 1124 2836164 6154208
1757696250 1124 2837444 6154208
1757696251 1124 2837444 6154208
1757696252 1124 2838596 6154208
1757696253 1124 2838596 6154208
1757696254 1123 2839876 6154208
1757696255 1123 2839876 6154208
1757696256 1123 2841028 6154208
1757696257 1123 2842308 6154208
1757696258 1123 2842308 6154208
1757696259 1123 2843588 6154208
1757696260 1123 2843588 6154208
1757696262 1123 2844868 6154208
1757696263 1123 2846148 6154208
1757696264 1123 2846148 6154208
1757696265 1123 2847428 6154208
1757696266 1123 2848580 6154208
1757696267 1123 2848580 6154208
1757696268 1124 2849860 6154208
1757696269 1124 2849860 6154208
1757696270 1124 2851140 6154208
1757696271 1124 2852420 6154208
1757696272 1124 2852420 6154208
1757696273 1124 2853572 6154208
1757696274 1124 2853572 6154208
1757696275 1123 2854852 6154208
1757696276 1123 2856132 6154208
1757696277 1123 2856132 6154208
1757696278 1123 2857412 6154208
1757696279 1123 2857412 6154208
1757696280 1123 2858692 6154208
1757696281 1123 2859844 6154208
1757696283 1123 2859844 6154208
1757696284 1123 2860996 6154208
1757696285 1123 2860996 6154208
1757696286 1123 2862276 6154208
1757696287 1123 2863556 6154208
1757696288 1124 2863556 6154208
1757696289 1124 2864836 6154208
1757696290 1124 2865988 6154208
1757696291 1124 2865988 6154208
1757696292 1124 2867268 6154208
1757696293 1124 2867268 6154208
1757696294 1124 2868548 6154208
1757696295 1123 2869700 6154208
1757696296 1123 2869700 6154208
1757696297 1123 2870980 6154208
1757696298 1123 2870980 6154208
1757696299 1123 2872260 6154208
1757696300 1123 2873412 6154208
1757696301 1123 2873412 6154208
1757696303 1124 2874692 6154208
1757696304 1124 2874692 6154208
1757696305 1124 2875972 6154208
1757696306 1123 2877252 6154208
1757696307 1123 2877252 6154208
1757696308 1124 2878532 6154208
1757696309 1124 2878532 6154208
1757696310 1124 2879812 6154208
1757696311 1124 2880964 6154208
1757696312 1124 2880964 6154208
1757696313 1124 2882244 6154208
1757696314 1124 2882244 6154208
1757696315 1123 2883524 6154208
1757696316 1123 2884676 6154208
1757696317 1123 2884676 6154208
1757696318 1123 2885956 6154208
1757696319 1123 2887236 6154208
1757696320 1123 2887236 6154208
1757696322 1124 2888516 6154208
1757696323 1124 2888516 6154208
1757696324 1124 2889796 6154208
1757696325 1124 2891076 6154208
1757696326 1124 2891076 6154208
1757696327 1124 2892356 6154208
1757696328 1124 2892356 6154208
1757696329 1124 2893636 6154208
1757696330 1124 2894788 6154208
1757696331 1124 2894788 6154208
1757696332 1124 2895940 6154208
1757696333 1124 2897092 6154208
1757696334 1125 2897092 6154208
1757696335 1123 2898372 6154208
1757696336 1123 2898372 6154208
1757696337 1123 2899652 6154208
1757696338 1123 2900932 6154208
1757696339 1123 2900932 6154208
1757696340 1123 2902212 6154208
1757696341 1123 2902212 6154208
1757696343 1124 2903364 6154208
1757696344 1124 2904644 6154208
1757696345 1124 2904644 6154208
1757696346 1124 2905924 6154208
1757696347 1124 2905924 6154208
1757696348 1124 2907204 6154208
1757696349 1124 2908484 6154208
1757696350 1124 2908484 6154208
1757696351 1124 2909764 6154208
1757696352 1124 2911044 6154208
1757696353 1124 2911044 6154208
1757696354 1123 2912196 6154208
1757696355 1124 2912196 6154208
1757696356 1124 2913476 6154208
1757696357 1124 2914756 6154208
1757696358 1124 2914756 6154208
1757696359 1124 2915908 6154208
1757696361 1124 2915908 6154208
1757696362 1124 2917060 6154208
1757696363 1124 2918340 6154208
1757696364 1124 2918340 6154208
1757696365 1124 2919620 6154208
1757696366 1124 2919620 6154208
1757696367 1124 2920772 6154208
1757696368 1124 2922052 6154208
1757696369 1124 2922052 6154208
1757696370 1124 2923332 6154208
1757696371 1124 2923332 6154208
1757696372 1124 2924612 6154208
1757696373 1124 2925892 6154208
1757696374 1125 2925892 6154208
1757696375 1123 2927044 6154208
1757696376 1124 2928324 6154208
1757696377 1123 2928324 6154208
1757696378 1124 2929604 6154208
1757696379 1124 2929604 6154208
1757696380 1124 2930884 6154208
1757696382 1124 2932164 6154208
1757696383 1124 2932164 6154208
1757696384 1124 2933444 6154208
1757696385 1124 2933444 6154208
1757696386 1124 2934596 6154208
1757696387 1124 2935876 6154208
1757696388 1124 2935876 6154208
1757696389 1125 2937156 6154208
1757696390 1125 2937156 6154208
1757696391 1125 2938436 6154208
1757696392 1125 2939588 6154208
1757696393 1125 2939588 6154208
1757696394 1125 2940868 6154208
1757696395 1124 2940868 6154208
1757696396 1124 2942148 6154208
1757696397 1124 2943428 6154208
1757696398 1124 2943428 6154208
1757696399 1124 2944580 6154208
1757696400 1124 2944580 6154208
1757696401 1123 2945860 6154208
1757696402 1123 2945860 6154208
1757696404 1123 2947140 6154208
1757696405 1123 2947140 6154208
1757696406 1124 2947140 6154208
1757696407 1124 2947140 6154208
1757696408 1124 2947140 6154208
1757696409 1124 2947140 6154208
1757696410 1124 2947140 6154208
1757696411 1124 2947140 6154208
1757696412 1124 2947140 6154208
1757696413 1124 2947140 6154208
1757696414 1124 2947140 6154208
1757696415 1124 2947140 6154208
1757696416 1124 2947140 6154208
1757696417 1124 2947140 6154208
1757696418 1124 2947140 6154208
1757696419 1123 2947140 6154208
1757696420 1123 2947140 6154208
1757696421 1124 2947140 6154208
1757696422 1124 2947140 6154208
1757696423 1124 2947140 6154208
1757696424 1124 2947140 6154208
1757696426 1124 2947140 6154208
1757696427 1124 2947140 6154208
1757696428 1124 2947140 6154208
1757696429 1124 2947140 6154208
1757696430 1124 2947140 6154208
1757696431 1124 2947140 6154208
1757696432 1124 2947140 6154208
1757696433 1124 2947140 6154208
1757696434 1124 2947140 6154208
1757696435 1124 2947140 6154208
1757696436 1124 2947140 6154208
1757696437 1124 2947140 6154208
1757696438 1124 2947140 6154208
1757696439 1123 2947140 6154208
1757696440 1123 2947140 6154208
1757696441 1123 2947140 6154208
1757696442 1123 2947140 6154208
1757696443 1123 2947140 6154208
1757696444 1124 2947140 6154208
1757696446 1124 2947140 6154208
1757696447 1124 2947140 6154208
1757696448 1124 2947140 6154208
1757696449 1124 2947140 6154208
1757696450 1124 2947140 6154208
1757696451 1124 2947140 6154208
1757696452 1124 2947140 6154208
1757696453 1124 2947140 6154208
1757696454 1124 2947140 6154208
1757696455 1125 2947140 6154208
1757696456 1125 2947140 6154208
1757696457 1125 2947140 6154208
1757696458 1125 2478148 3810968
1757696459 1125 2478148 3810968
1757696460 1125 2478148 3810968
1757696461 1125 2478148 3810968
1757696463 1126 2478148 3810968
