1757681629  0.0 15488 675456
1757681630 1486 230728 1759484
1757681631 1574 231880 1759484
1757681632 1189 232904 1759484
1757681633 1252 233672 1759484
1757681634 1291 234568 1759484
1757681635 1325 235464 1759484
1757681636 1357 236360 1759484
1757681638 1394 237512 1759484
1757681639 1407 238536 1759484
1757681640 1434 239688 1759484
1757681641 1453 240712 1759484
1757681642 1471 241864 1759484
1757681643 1486 243144 1759484
1757681644 1500 244296 1759484
1757681645 1511 245320 1759484
1757681646 1521 246472 1759484
1757681647 1450 247496 1759484
1757681648 1462 248776 1759484
1757681649 1473 249928 1759484
1757681650 1483 251080 1759484
1757681651 1492 252232 1759484
1757681653 1499 253512 1759484
1757681654 1504 254408 1759484
1757681655 1501 255432 1759484
1757681656 1501 256456 1759484
1757681657 1499 257480 1759484
1757681658 1502 258504 1759484
1757681659 1509 259656 1759484
1757681660 1515 260936 1759484
1757681661 1520 262088 1759484
1757681662 1524 263112 1759484
1757681663 1524 264008 1759484
1757681664 1479 264776 1759484
1757681665 1480 265800 1759484
1757681666 1481 266568 1759484
1757681667 1486 267720 1759484
1757681668 1490 268872 1759484
1757681670 1495 268872 1759484
1757681671 1500 268872 1759484
1757681672 1504 268872 1759484
1757681673 1508 268872 1759484
1757681674 1512 268872 1759484
1757681675 1516 268872 1759484
1757681676 1519 268872 1759484
1757681677 1523 268872 1759484
