1757724150  0.0 15360 675456
1757724151  321 1146492 2617592
1757724152  211 1970816 3838432
1757724153  175 3004908 6279840
1757724154  476 3763052 6317244
1757724155  596 3763436 6317244
1757724156  734 3763436 6317244
1757724157  830 3763436 6317244
1757724158  853 4029548 6317244
1757724160  875 3302436 8791564
1757724161  944 3352996 8791744
1757724162 1006 3353764 8791744
1757724163 1058 3354148 8791744
1757724164 1104 3354916 8791744
1757724165 1142 3355300 8791744
1757724166 1172 3355684 8791744
1757724167 1194 3355684 8791744
1757724168 1216 3355684 8791744
1757724169 1242 3356452 8791744
1757724170 1203 3356836 8791744
1757724171 1226 3357732 8791744
1757724172 1245 3358116 8791744
1757724173 1264 3358884 8791744
1757724175 1280 3359652 8791744
1757724176 1293 3359652 8791744
1757724177 1304 3359652 8791744
1757724178 1313 3359652 8791744
1757724179 1324 3360036 8791744
1757724180 1336 3360804 8791744
1757724181 1346 3361572 8791744
1757724182 1356 3361956 8791744
1757724183 1366 3362724 8791744
1757724184 1375 3363108 8791744
1757724185 1384 3363876 8791744
1757724186 1354 3364772 8791744
1757724187 1359 3364772 8791744
1757724188 1363 3364772 8791744
1757724189 1367 3364772 8791744
1757724191 1370 3365156 8791744
1757724192 1375 3365156 8791744
1757724193 1383 3365924 8791744
1757724194 1389 3366308 8791744
1757724195 1396 3367204 8791744
1757724196 1401 3367588 8791744
1757724197 1407 3368356 8791744
1757724198 1413 3369124 8791744
1757724199 1416 3369124 8791744
1757724200 1419 3369124 8791744
1757724201 1396 3369124 8791744
1757724202 1402 3370020 8791744
1757724203 1407 3370788 8791744
1757724204 1411 3371172 8791744
1757724206 1416 3371940 8791744
1757724207 1421 3372836 8791744
1757724208 1425 3373220 8791744
1757724209 1429 3373604 8791744
1757724210 1431 3373604 8791744
1757724211 1434 3373604 8791744
1757724212 1437 3373988 8791744
1757724213 1441 3374372 8791744
1757724214 1444 3375140 8791744
1757724215 1448 3375908 8791744
1757724216 1430 3376292 8791744
1757724217 1434 3377060 8791744
1757724218 1436 3377444 8791744
1757724219 1437 3377444 8791744
1757724220 1438 3377444 8791744
1757724222 1439 3377828 8791744
1757724223 1440 3377828 8791744
1757724224 1443 3378212 8791744
1757724225 1447 3378980 8791744
1757724226 1450 3379364 8791744
1757724227 1453 3380132 8791744
1757724228 1456 3380900 8791744
1757724229 1458 3381284 8791744
1757724230 1461 3382052 8791744
1757724231 1446 3382436 8791744
1757724232 1447 3382436 8791744
1757724233 1449 3382436 8791744
1757724234 1451 3382820 8791744
1757724235 1453 3383204 8791744
1757724237 1455 3383972 8791744
1757724238 1458 3384356 8791744
1757724239 1461 3385124 8791744
1757724240 1463 3386020 8791744
1757724241 1466 3386404 8791744
1757724242 1468 3386788 8791744
1757724243 1469 3386788 8791744
1757724244 1470 3386788 8791744
1757724245 1471 3387172 8791744
1757724246 1473 3387940 8791744
1757724247 1460 3388324 8791744
1757724248 1462 3389220 8791744
1757724249 1464 3389604 8791744
1757724250 1464 3389604 8791744
1757724251 1465 3389604 8791744
1757724253 1465 3389988 8791744
1757724254 1466 3389988 8791744
1757724255 1467 3390372 8791744
1757724256 1470 3391140 8791744
1757724257 1471 3391524 8791744
1757724258 1474 3392292 8791744
1757724259 1475 3392676 8791744
1757724260 1477 3393572 8791744
1757724261 1479 3394340 8791744
1757724262 1468 3394724 8791744
1757724263 1470 3395492 8791744
1757724264 1471 3395876 8791744
1757724265 1472 3395876 8791744
1757724266 1473 3395876 8791744
1757724268 1474 3396260 8791744
1757724269 1476 3397028 8791744
1757724270 1478 3397796 8791744
1757724271 1480 3398180 8791744
1757724272 1481 3398948 8791744
1757724273 1483 3399332 8791744
1757724274 1485 3400100 8791744
1757724275 1486 3400484 8791744
1757724276 1486 3400484 8791744
1757724277 1476 3400484 8791744
1757724278 1477 3400868 8791744
1757724279 1478 3401636 8791744
1757724280 1480 3402020 8791744
1757724281 1480 3402404 8791744
1757724283 1480 3402404 8791744
1757724284 1481 3402404 8791744
1757724285 1481 3402788 8791744
1757724286 1482 3402788 8791744
1757724287 1483 3403556 8791744
1757724288 1485 3403940 8791744
1757724289 1486 3404708 8791744
1757724290 1487 3405092 8791744
1757724291 1489 3405860 8791744
1757724292 1490 3406628 8791744
1757724293 1481 3407012 8791744
1757724294 1482 3407908 8791744
1757724295 1483 3408292 8791744
1757724296 1485 3409060 8791744
1757724297 1486 3409444 8791744
1757724299 1486 3409444 8791744
1757724300 1487 3409444 8791744
1757724301 1488 3409828 8791744
1757724302 1489 3410596 8791744
1757724303 1490 3411364 8791744
1757724304 1492 3411748 8791744
1757724305 1493 3412516 8791744
1757724306 1494 3412900 8791744
1757724307 1495 3413668 8791744
1757724308 1486 3414052 8791744
1757724309 1487 3414052 8791744
1757724310 1488 3414052 8791744
1757724311 1488 3414436 8791744
1757724312 1489 3414820 8791744
1757724314 1489 3414820 8791744
1757724315 1488 3414820 8791744
1757724316 1488 3414820 8791744
1757724317 1489 3414820 8791744
1757724318 1490 3415716 8791744
1757724319 1491 3416484 8791744
1757724320 1492 3416868 8791744
1757724321 1493 3417636 8791744
1757724322 1495 3418020 8791744
1757724323 1496 3418788 8791744
1757724324 1488 3419556 8791744
1757724325 1489 3419940 8791744
1757724326 1491 3420708 8791744
1757724327 1492 3421092 8791744
1757724328 1493 3421860 8791744
1757724330 1493 3422628 8791744
1757724331 1494 3422628 8791744
1757724332 1494 3422628 8791744
1757724333 1495 3422628 8791744
1757724334 1496 3423396 8791744
1757724335 1497 3423780 8791744
1757724336 1498 3424548 8791744
1757724337 1499 3424932 8791744
1757724338 1500 3425700 8791744
1757724339 1493 3426596 8791744
1757724340 1494 3426980 8791744
1757724341 1494 3427364 8791744
1757724342 1495 3427364 8791744
1757724343 1495 3427364 8791744
1757724345 1495 3427364 8791744
1757724346 1495 3427364 8791744
1757724347 1495 3427364 8791744
1757724348 1495 3427364 8791744
1757724349 1495 3427364 8791744
1757724350 1496 3428132 8791744
1757724351 1496 3428516 8791744
1757724352 1497 3429412 8791744
1757724353 1498 3429796 8791744
1757724354 1499 3430564 8791744
1757724355 1493 3431332 8791744
1757724356 1494 3431716 8791744
1757724357 1495 3432484 8791744
1757724358 1496 3433252 8791744
1757724359 1497 3434020 8791744
1757724361 1497 3434404 8791744
1757724362 1498 3435172 8791744
1757724363 1499 3435556 8791744
1757724364 1500 3435940 8791744
1757724365 1500 3435940 8791744
1757724366 1500 3435940 8791744
1757724367 1501 3436324 8791744
1757724368 1501 3437092 8791744
1757724369 1502 3437476 8791744
1757724370 1503 3438244 8791744
1757724371 1497 3439012 8791744
1757724372 1498 3439396 8791744
1757724373 1499 3440164 8791744
1757724374 1499 3440548 8791744
1757724376 1499 3440548 8791744
1757724377 1499 3440548 8791744
1757724378 1498 3440548 8791744
1757724379 1498 3440548 8791744
1757724380 1498 3440548 8791744
1757724381 1499 3440548 8791744
1757724382 1499 3441316 8791744
1757724383 1500 3442084 8791744
1757724384 1501 3442468 8791744
1757724385 1502 3443236 8791744
1757724386 1496 3444004 8791744
1757724387 1497 3444516 8791744
1757724388 1498 3445284 8791744
1757724389 1499 3446180 8791744
1757724391 1499 3446564 8791744
1757724392 1500 3447332 8791744
1757724393 1501 3448100 8791744
1757724394 1502 3448484 8791744
1757724395 1502 3449252 8791744
1757724396 1503 3449636 8791744
1757724397 1503 3449636 8791744
1757724398 1503 3449636 8791744
1757724399 1504 3450148 8791744
1757724400 1504 3450532 8791744
1757724401 1499 3451300 8791744
1757724402 1500 3451684 8791744
1757724403 1501 3452452 8791744
1757724404 1501 3453220 8791744
1757724405 1502 3453604 8791744
1757724407 1502 3454116 8791744
1757724408 1502 3454116 8791744
1757724409 1502 3454116 8791744
1757724410 1501 3454116 8791744
1757724411 1501 3454116 8791744
1757724412 1501 3454116 8791744
1757724413 1501 3454500 8791744
1757724414 1502 3455268 8791744
1757724415 1503 3456036 8791744
1757724416 1503 3456420 8791744
1757724417 1498 3457188 8791744
1757724418 1499 3457572 8791744
1757724419 1500 3458340 8791744
1757724420 1500 3459108 8791744
1757724421 1501 3459492 8791744
1757724423 1502 3460260 8791744
1757724424 1502 3460644 8791744
1757724425 1503 3461412 8791744
1757724426 1503 3461796 8791744
1757724427 1504 3462564 8791744
1757724428 1505 3463332 8791744
1757724429 1505 3463716 8791744
1757724430 1506 3463716 8791744
1757724431 1506 3463716 8791744
1757724432 1506 3464100 8791744
1757724433 1502 3464484 8791744
1757724434 1502 3465252 8791744
1757724435 1503 3466148 8791744
1757724436 1504 3466532 8791744
1757724438 1503 3466916 8791744
1757724439 1504 3466916 8791744
1757724440 1504 3467300 8791744
1757724441 1504 3467300 8791744
1757724442 1504 3467300 8791744
1757724443 1503 3467300 8791744
1757724444 1503 3467684 8791744
1757724445 1504 3468068 8791744
1757724446 1505 3468836 8791744
1757724447 1500 3469220 8791744
1757724448 1501 3469988 8791744
1757724449 1501 3470756 8791744
1757724450 1502 3471140 8791744
1757724451 1503 3471908 8791744
1757724453 1503 3472676 8791744
1757724454 1504 3473572 8791744
1757724455 1504 3473956 8791744
1757724456 1505 3474724 8791744
1757724457 1506 3475108 8791744
1757724458 1506 3475876 8791744
1757724459 1507 3476260 8791744
1757724460 1507 3477028 8791744
1757724461 1508 3477412 8791744
1757724462 1508 3478180 8791744
1757724463 1503 3478180 8791744
1757724464 1504 3478180 8791744
1757724465 1504 3478564 8791744
1757724466 1505 3478948 8791744
1757724467 1505 3479716 8791744
1757724469 1505 3480228 8791744
1757724470 1505 3480228 8791744
1757724471 1505 3480228 8791744
1757724472 1505 3480228 8791744
1757724473 1505 3480228 8791744
1757724474 1505 3480228 8791744
1757724475 1505 3480228 8791744
1757724476 1505 3480228 8791744
1757724477 1506 3480228 8791744
1757724478 1506 3480996 8791744
1757724479 1502 3481764 8791744
1757724480 1503 3482148 8791744
1757724481 1503 3482916 8791744
1757724482 1504 3483300 8791744
1757724483 1504 3484068 8791744
1757724485 1505 3484452 8791744
1757724486 1505 3485348 8791744
1757724487 1506 3486116 8791744
1757724488 1506 3486500 8791744
1757724489 1507 3487268 8791744
1757724490 1507 3487652 8791744
1757724491 1508 3488420 8791744
1757724492 1508 3488804 8791744
1757724493 1509 3489572 8791744
1757724494 1505 3490340 8791744
1757724495 1505 3490724 8791744
1757724496 1505 3490724 8791744
1757724497 1506 3490724 8791744
1757724498 1506 3491108 8791744
1757724500 1507 3491620 8791744
1757724501 1506 3491620 8791744
1757724502 1506 3491620 8791744
1757724503 1506 3491620 8791744
1757724504 1507 3491620 8791744
1757724505 1507 3491620 8791744
1757724506 1506 3491620 8791744
1757724507 1507 3492388 8791744
1757724508 1507 3492388 8791744
1757724509 1503 3492388 8791744
1757724510 1503 3492772 8791744
1757724511 1504 3493284 8791744
1757724512 1504 3494052 8791744
1757724513 1505 3494436 8791744
1757724515 1505 3495204 8791744
1757724516 1506 3495972 8791744
1757724517 1506 3496740 8791744
1757724518 1507 3497124 8791744
1757724519 1507 3497892 8791744
1757724520 1508 3498276 8791744
1757724521 1508 3499044 8791744
1757724522 1509 3499428 8791744
1757724523 1509 3500196 8791744
1757724524 1506 3500964 8791744
1757724525 1506 3501348 8791744
1757724526 1507 3502116 8791744
1757724527 1507 3502500 8791744
1757724528 1507 3502884 8791744
1757724530 1508 3502884 8791744
1757724531 1507 3502884 8791744
1757724532 1507 3502884 8791744
1757724533 1507 3502884 8791744
1757724534 1507 3502884 8791744
1757724535 1507 3502884 8791744
1757724536 1507 3502884 8791744
1757724537 1507 3502884 8791744
1757724538 1507 3503652 8791744
1757724539 1508 3504036 8791744
1757724540 1508 3504804 8791744
1757724541 1504 3505188 8791744
1757724542 1505 3505188 8791744
1757724543 1505 3505188 8791744
1757724544 1505 3505956 8791744
1757724545 1506 3506340 8791744
1757724547 1506 3507108 8791744
1757724548 1507 3507876 8791744
1757724549 1507 3508260 8791744
1757724550 1507 3509028 8791744
1757724551 1508 3509412 8791744
1757724552 1508 3510180 8791744
1757724553 1509 3510564 8791744
1757724554 1509 3511332 8791744
1757724555 1509 3511716 8791744
1757724556 1506 3512612 8791744
1757724557 1507 3513380 8791744
1757724558 1507 3513764 8791744
1757724559 1507 3514532 8791744
1757724560 1508 3514916 8791744
1757724562 1508 3515300 8791744
1757724563 1508 3515300 8791744
1757724564 1508 3515300 8791744
1757724565 1508 3515300 8791744
1757724566 1508 3515684 8791744
1757724567 1508 3515684 8791744
1757724568 1508 3516452 8791744
1757724569 1509 3516836 8791744
1757724570 1509 3517604 8791744
1757724571 1506 3518372 8791744
1757724572 1507 3518756 8791744
1757724573 1507 3519524 8791744
1757724574 1507 3519524 8791744
1757724575 1507 3519524 8791744
1757724577 1507 3519524 8791744
1757724578 1508 3520292 8791744
1757724579 1508 3521060 8791744
1757724580 1509 3521444 8791744
1757724581 1509 3522212 8791744
1757724582 1509 3522596 8791744
1757724583 1510 3523492 8791744
1757724584 1510 3524260 8791744
1757724585 1511 3525028 8791744
1757724586 1508 3525412 8791744
1757724587 1508 3526180 8791744
1757724588 1508 3526564 8791744
1757724589 1509 3527332 8791744
1757724590 1509 3528100 8791744
1757724592 1510 3528484 8791744
1757724593 1510 3529252 8791744
1757724594 1510 3529252 8791744
1757724595 1510 3529636 8791744
1757724596 1510 3529636 8791744
1757724597 1510 3529636 8791744
1757724598 1510 3529636 8791744
1757724599 1510 3530020 8791744
1757724600 1510 3530404 8791744
1757724601 1507 3531300 8791744
1757724602 1508 3531684 8791744
1757724603 1508 3532068 8791744
1757724604 1508 3532836 8791744
1757724605 1509 3533732 8791744
1757724607 1509 3534500 8791744
1757724608 1509 3534500 8791744
1757724609 1510 3534500 8791744
1757724610 1510 3534500 8791744
1757724611 1510 3534884 8791744
1757724612 1510 3535268 8791744
1757724613 1510 3536036 8791744
1757724614 1511 3536420 8791744
1757724615 1511 3537188 8791744
1757724616 1512 3537956 8791744
1757724617 1509 3538724 8791744
1757724618 1509 3539108 8791744
1757724619 1509 3539876 8791744
1757724620 1510 3540644 8791744
1757724622 1510 3541028 8791744
1757724623 1511 3541796 8791744
1757724624 1511 3542180 8791744
1757724625 1511 3542180 8791744
1757724626 1511 3542948 8791744
1757724627 1511 3543332 8791744
1757724628 1511 3543332 8791744
1757724629 1511 3543332 8791744
1757724630 1511 3543332 8791744
1757724631 1512 3544100 8791744
1757724632 1509 3544484 8791744
1757724633 1509 3545252 8791744
1757724634 1510 3546020 8791744
1757724635 1510 3546404 8791744
1757724637 1510 3547172 8791744
1757724638 1511 3547556 8791744
1757724639 1511 3548324 8791744
1757724640 1511 3549092 8791744
1757724641 1511 3549092 8791744
1757724642 1512 3549092 8791744
1757724643 1512 3549092 8791744
1757724644 1512 3549860 8791744
1757724645 1512 3550244 8791744
1757724646 1513 3551012 8791744
1757724647 1510 3551396 8791744
1757724648 1510 3552164 8791744
1757724649 1511 3552932 8791744
1757724650 1511 3553444 8791744
1757724651 1511 3554212 8791744
1757724653 1512 3554980 8791744
1757724654 1512 3555364 8791744
1757724655 1512 3556132 8791744
1757724656 1513 3556132 8791744
1757724657 1513 3556516 8791744
1757724658 1513 3556900 8791744
1757724659 1513 3556900 8791744
1757724660 1513 3556900 8791744
1757724661 1513 3556900 8791744
1757724662 1510 3556900 8791744
1757724663 1510 3556900 8791744
1757724664 1511 3557668 8791744
1757724665 1511 3558052 8791744
1757724666 1511 3558820 8791744
1757724668 1512 3559588 8791744
1757724669 1512 3559972 8791744
1757724670 1512 3560740 8791744
1757724671 1513 3561124 8791744
1757724672 1513 3561892 8791744
1757724673 1513 3562660 8791744
1757724674 1513 3562660 8791744
1757724675 1513 3562660 8791744
1757724676 1514 3562660 8791744
1757724677 1514 3563428 8791744
1757724678 1511 3563812 8791744
1757724679 1512 3564580 8791744
1757724680 1512 3564964 8791744
1757724681 1512 3565732 8791744
1757724683 1513 3566116 8791744
1757724684 1513 3566884 8791744
1757724685 1513 3567652 8791744
1757724686 1513 3568036 8791744
1757724687 1513 3568036 8791744
1757724688 1514 3568420 8791744
1757724689 1514 3568420 8791744
1757724690 1514 3568804 8791744
1757724691 1514 3568804 8791744
1757724692 1514 3569572 8791744
1757724693 1512 3570084 8791744
1757724694 1512 3570084 8791744
1757724695 1512 3570084 8791744
1757724696 1512 3570468 8791744
1757724697 1512 3571236 8791744
1757724699 1513 3571620 8791744
1757724700 1513 3572388 8791744
1757724701 1513 3573156 8791744
1757724702 1513 3573540 8791744
1757724703 1514 3574308 8791744
1757724704 1514 3574692 8791744
1757724705 1514 3575588 8791744
1757724706 1515 3575972 8791744
1757724707 1515 3576356 8791744
1757724708 1515 3576356 8791744
1757724709 1512 3576356 8791744
1757724710 1512 3576868 8791744
1757724711 1513 3577636 8791744
1757724712 1513 3578020 8791744
1757724713 1513 3578788 8791744
1757724715 1514 3579556 8791744
1757724716 1514 3579940 8791744
1757724717 1514 3580324 8791744
1757724718 1514 3580708 8791744
1757724719 1514 3580708 8791744
1757724720 1514 3580708 8791744
1757724721 1514 3580708 8791744
1757724722 1514 3581476 8791744
1757724723 1515 3582372 8791744
1757724724 1515 3582756 8791744
1757724725 1513 3583524 8791744
1757724726 1513 3583908 8791744
1757724727 1513 3583908 8791744
1757724728 1513 3583908 8791744
1757724729 1513 3584292 8791744
1757724731 1514 3585060 8791744
1757724732 1514 3585444 8791744
1757724733 1514 3586212 8791744
1757724734 1514 3586596 8791744
1757724735 1515 3587364 8791744
1757724736 1515 3588132 8791744
1757724737 1515 3588516 8791744
1757724738 1515 3589284 8791744
1757724739 1516 3589668 8791744
1757724740 1513 3590052 8791744
1757724741 1513 3590052 8791744
1757724742 1514 3590052 8791744
1757724743 1514 3590436 8791744
1757724744 1514 3591204 8791744
1757724746 1514 3591716 8791744
1757724747 1515 3592484 8791744
1757724748 1515 3592868 8791744
1757724749 1515 3592868 8791744
1757724750 1515 3593636 8791744
1757724751 1515 3593636 8791744
1757724752 1515 3593636 8791744
1757724753 1515 3594020 8791744
1757724754 1515 3594404 8791744
1757724755 1516 3595172 8791744
1757724756 1513 3595556 8791744
1757724757 1514 3596324 8791744
1757724758 1514 3597092 8791744
1757724759 1514 3597476 8791744
1757724760 1514 3597476 8791744
1757724762 1514 3597476 8791744
1757724763 1515 3597860 8791744
1757724764 1515 3598756 8791744
1757724765 1515 3599140 8791744
1757724766 1515 3599908 8791744
1757724767 1516 3600292 8791744
1757724768 1516 3601060 8791744
1757724769 1516 3601444 8791744
1757724770 1516 3602212 8791744
1757724771 1514 3603108 8791744
1757724772 1515 3603876 8791744
1757724773 1515 3603876 8791744
1757724774 1515 3603876 8791744
1757724775 1515 3603876 8791744
1757724777 1515 3604260 8791744
1757724778 1515 3605028 8791744
1757724779 1516 3605412 8791744
1757724780 1516 3605412 8791744
1757724781 1516 3605412 8791744
1757724782 1516 3605796 8791744
1757724783 1516 3605796 8791744
1757724784 1516 3606180 8791744
1757724785 1516 3606564 8791744
1757724786 1516 3607332 8791744
1757724787 1514 3608100 8791744
1757724788 1514 3608484 8791744
1757724789 1515 3609252 8791744
1757724790 1515 3609636 8791744
1757724791 1515 3610404 8791744
1757724793 1515 3610788 8791744
1757724794 1515 3610788 8791744
1757724795 1515 3610788 8791744
1757724796 1515 3611172 8791744
1757724797 1516 3612068 8791744
1757724798 1516 3612452 8791744
1757724799 1516 3613220 8791744
1757724800 1516 3613988 8791744
1757724801 1517 3614756 8791744
1757724802 1517 3615140 8791744
1757724803 1515 3615908 8791744
1757724804 1515 3616292 8791744
1757724805 1515 3617060 8791744
1757724806 1516 3617444 8791744
1757724807 1516 3617444 8791744
1757724809 1516 3617444 8791744
1757724810 1516 3617444 8791744
1757724811 1516 3617828 8791744
1757724812 1516 3617828 8791744
1757724813 1516 3618212 8791744
1757724814 1516 3618212 8791744
1757724815 1516 3618596 8791744
1757724816 1516 3619364 8791744
1757724817 1517 3620132 8791744
1757724818 1515 3620516 8791744
1757724819 1515 3621412 8791744
1757724820 1515 3622180 8791744
1757724821 1515 3622564 8791744
1757724822 1516 3623332 8791744
1757724824 1516 3623716 8791744
1757724825 1516 3624484 8791744
1757724826 1516 3624868 8791744
1757724827 1516 3624868 8791744
1757724828 1516 3624868 8791744
1757724829 1516 3625252 8791744
1757724830 1517 3626020 8791744
1757724831 1517 3626788 8791744
1757724832 1517 3627556 8791744
1757724833 1517 3627940 8791744
1757724834 1515 3628708 8791744
1757724835 1516 3629220 8791744
1757724836 1516 3629988 8791744
1757724837 1516 3630372 8791744
1757724839 1516 3631140 8791744
1757724840 1517 3631652 8791744
1757724841 1516 3631652 8791744
1757724842 1516 3631652 8791744
1757724843 1516 3631652 8791744
1757724844 1516 3631652 8791744
1757724845 1516 3631652 8791744
1757724846 1516 3632420 8791744
1757724847 1517 3632804 8791744
1757724848 1517 3633572 8791744
1757724849 1515 3634340 8791744
1757724850 1515 3634724 8791744
1757724851 1515 3635492 8791744
1757724852 1516 3636260 8791744
1757724853 1516 3637028 8791744
1757724855 1516 3637412 8791744
1757724856 1516 3638180 8791744
1757724857 1516 3638564 8791744
1757724858 1517 3639332 8791744
1757724859 1517 3639332 8791744
1757724860 1517 3639332 8791744
1757724861 1517 3639332 8791744
1757724862 1517 3640100 8791744
1757724863 1517 3640868 8791744
1757724864 1518 3641380 8791744
1757724865 1516 3642148 8791744
1757724866 1516 3642532 8791744
1757724867 1516 3643300 8791744
1757724868 1517 3644068 8791744
1757724869 1517 3644836 8791744
1757724871 1517 3645220 8791744
1757724872 1517 3645604 8791744
1757724873 1517 3645604 8791744
1757724874 1517 3645604 8791744
1757724875 1517 3645604 8791744
1757724876 1517 3645604 8791744
1757724877 1517 3646372 8791744
1757724878 1517 3647140 8791744
1757724879 1516 3647908 8791744
1757724880 1516 3648292 8791744
1757724881 1516 3649188 8791744
1757724882 1516 3649572 8791744
1757724883 1516 3650340 8791744
1757724885 1517 3650724 8791744
1757724886 1517 3651492 8791744
1757724887 1517 3651876 8791744
1757724888 1517 3652644 8791744
1757724889 1518 3653412 8791744
1757724890 1518 3653796 8791744
1757724891 1518 3654564 8791744
1757724892 1518 3654564 8791744
1757724893 1518 3654564 8791744
1757724894 1518 3654948 8791744
1757724895 1516 3655716 8791744
1757724896 1517 3656100 8791744
1757724897 1517 3656996 8791744
1757724898 1517 3657380 8791744
1757724899 1517 3658148 8791744
1757724901 1517 3658916 8791744
1757724902 1518 3659300 8791744
1757724903 1518 3659684 8791744
1757724904 1518 3659684 8791744
1757724905 1518 3659684 8791744
1757724906 1518 3659684 8791744
1757724907 1518 3659684 8791744
1757724908 1518 3659684 8791744
1757724909 1518 3660068 8791744
1757724910 1516 3660452 8791744
1757724911 1516 3661348 8791744
1757724912 1516 3662116 8791744
1757724913 1517 3662628 8791744
1757724914 1517 3663396 8791744
1757724916 1517 3663780 8791744
1757724917 1517 3664548 8791744
1757724918 1517 3665316 8791744
1757724919 1518 3665700 8791744
1757724920 1518 3666468 8791744
1757724921 1518 3666852 8791744
1757724922 1518 3667748 8791744
1757724923 1518 3668516 8791744
1757724924 1519 3668900 8791744
1757724925 1519 3668900 8791744
1757724926 1517 3668900 8791744
1757724927 1517 3669284 8791744
1757724928 1517 3670052 8791744
1757724929 1517 3670436 8791744
1757724930 1517 3671204 8791744
1757724932 1518 3671588 8791744
1757724933 1518 3672356 8791744
1757724934 1518 3672740 8791744
1757724935 1518 3673124 8791744
1757724936 1518 3673124 8791744
1757724937 1518 3673124 8791744
1757724938 1518 3673508 8791744
1757724939 1518 3673892 8791744
1757724940 1518 3673892 8791744
1757724941 1518 3673892 8791744
1757724942 1516 3673892 8791744
1757724943 1517 3674660 8791744
1757724944 1517 3675044 8791744
1757724945 1517 3675812 8791744
1757724946 1517 3676580 8791744
1757724948 1517 3676964 8791744
1757724949 1518 3677732 8791744
1757724950 1518 3678500 8791744
1757724951 1518 3679012 8791744
1757724952 1518 3679780 8791744
1757724953 1518 3680164 8791744
1757724954 1519 3680932 8791744
1757724955 1519 3681700 8791744
1757724956 1519 3682084 8791744
1757724957 1519 3682852 8791744
1757724958 1517 3682852 8791744
1757724959 1517 3682852 8791744
1757724960 1518 3683236 8791744
1757724961 1518 3684004 8791744
1757724962 1518 3684388 8791744
1757724964 1518 3685156 8791744
1757724965 1518 3685540 8791744
1757724966 1518 3685924 8791744
1757724967 1518 3685924 8791744
1757724968 1518 3685924 8791744
1757724969 1518 3685924 8791744
1757724970 1518 3686692 8791744
1757724971 1519 3687460 8791744
1757724972 1519 3687844 8791744
1757724973 1517 3687844 8791744
1757724974 1517 3687844 8791744
1757724975 1517 3688228 8791744
1757724976 1518 3688612 8791744
1757724977 1518 3689380 8791744
1757724979 1518 3689764 8791744
1757724980 1518 3690532 8791744
1757724981 1518 3690916 8791744
1757724982 1518 3691812 8791744
1757724983 1519 3692580 8791744
1757724984 1519 3692964 8791744
1757724985 1519 3693732 8791744
1757724986 1519 3694500 8791744
1757724987 1520 3694884 8791744
1757724988 1518 3695652 8791744
1757724989 1518 3696420 8791744
1757724990 1518 3696804 8791744
1757724991 1518 3696804 8791744
1757724992 1518 3696804 8791744
1757724994 1519 3697188 8791744
1757724995 1519 3697956 8791744
1757724996 1519 3698340 8791744
1757724997 1519 3698340 8791744
1757724998 1519 3698340 8791744
1757724999 1519 3698340 8791744
1757725000 1519 3698852 8791744
1757725001 1519 3699236 8791744
1757725002 1519 3700004 8791744
1757725003 1519 3700772 8791744
1757725004 1518 3701156 8791744
1757725005 1518 3701924 8791744
1757725006 1518 3701924 8791744
1757725007 1518 3701924 8791744
1757725008 1518 3701924 8791744
1757725010 1518 3702692 8791744
1757725011 1519 3703076 8791744
1757725012 1519 3703844 8791744
1757725013 1519 3704612 8791744
1757725014 1519 3704996 8791744
1757725015 1519 3705892 8791744
1757725016 1519 3706276 8791744
1757725017 1520 3707044 8791744
1757725018 1520 3707812 8791744
1757725019 1520 3708196 8791744
1757725020 1518 3708964 8791744
1757725021 1519 3709732 8791744
1757725022 1519 3710116 8791744
1757725023 1519 3710500 8791744
1757725025 1519 3710500 8791744
1757725026 1519 3710500 8791744
1757725027 1519 3711268 8791744
1757725028 1519 3711268 8791744
1757725029 1519 3711268 8791744
1757725030 1519 3711268 8791744
1757725031 1519 3711652 8791744
1757725032 1519 3712420 8791744
1757725033 1520 3712932 8791744
1757725034 1520 3713700 8791744
1757725035 1518 3714084 8791744
1757725036 1518 3714852 8791744
1757725037 1518 3715236 8791744
1757725038 1519 3716004 8791744
1757725039 1519 3716004 8791744
1757725040 1519 3716004 8791744
1757725042 1519 3716004 8791744
1757725043 1519 3716388 8791744
1757725044 1519 3717156 8791744
1757725045 1519 3717924 8791744
1757725046 1520 3718308 8791744
1757725047 1520 3719076 8791744
1757725048 1520 3719844 8791744
1757725049 1520 3720356 8791744
1757725050 1520 3721124 8791744
1757725051 1519 3721508 8791744
1757725052 1519 3722276 8791744
1757725053 1519 3723044 8791744
1757725054 1519 3723428 8791744
1757725055 1520 3724196 8791744
1757725057 1520 3724580 8791744
1757725058 1520 3724580 8791744
1757725059 1520 3724580 8791744
1757725060 1520 3724580 8791744
1757725061 1520 3724580 8791744
1757725062 1520 3724580 8791744
1757725063 1520 3724964 8791744
1757725064 1520 3725732 8791744
1757725065 1520 3726500 8791744
1757725066 1520 3726884 8791744
1757725067 1519 3727652 8791744
1757725068 1519 3728036 8791744
1757725069 1519 3728804 8791744
1757725070 1519 3729188 8791744
1757725072 1519 3729956 8791744
1757725073 1519 3729956 8791744
1757725074 1520 3729956 8791744
1757725075 1520 3729956 8791744
1757725076 1520 3730852 8791744
1757725077 1520 3731620 8791744
1757725078 1520 3732004 8791744
1757725079 1520 3732772 8791744
1757725080 1520 3733540 8791744
1757725081 1521 3733924 8791744
1757725082 1519 3734692 8791744
1757725083 1519 3735460 8791744
1757725084 1520 3735844 8791744
1757725085 1520 3736612 8791744
1757725086 1520 3737380 8791744
1757725088 1520 3737892 8791744
1757725089 1520 3738660 8791744
1757725090 1520 3738660 8791744
1757725091 1520 3738660 8791744
1757725092 1520 3738660 8791744
1757725093 1520 3738660 8791744
1757725094 1520 3739044 8791744
1757725095 1520 3739812 8791744
1757725096 1520 3740196 8791744
1757725097 1519 3740964 8791744
1757725098 1519 3741476 8791744
1757725099 1519 3742244 8791744
1757725100 1519 3743012 8791744
1757725101 1520 3743396 8791744
1757725103 1520 3744164 8791744
1757725104 1520 3744548 8791744
1757725105 1520 3745316 8791744
1757725106 1520 3745316 8791744
1757725107 1520 3745316 8791744
1757725108 1520 3745316 8791744
1757725109 1520 3746084 8791744
1757725110 1521 3746852 8791744
1757725111 1521 3747620 8791744
1757725112 1521 3748004 8791744
1757725113 1520 3748772 8791744
1757725114 1520 3749540 8791744
1757725115 1520 3750052 8791744
1757725116 1520 3750820 8791744
1757725117 1520 3751204 8791744
1757725119 1520 3751972 8791744
1757725120 1521 3752356 8791744
1757725121 1521 3752740 8791744
1757725122 1521 3752740 8791744
1757725123 1520 3752740 8791744
1757725124 1520 3752740 8791744
1757725125 1520 3752740 8791744
1757725126 1520 3753508 8791744
1757725127 1521 3753892 8791744
1757725128 1519 3754660 8791744
1757725129 1519 3755044 8791744
1757725130 1519 3755940 8791744
1757725131 1520 3756708 8791744
1757725132 1520 3757092 8791744
1757725134 1520 3757860 8791744
1757725135 1520 3758628 8791744
1757725136 1520 3759396 8791744
1757725137 1520 3759780 8791744
1757725138 1521 3760548 8791744
1757725139 1521 3760548 8791744
1757725140 1521 3760548 8791744
1757725141 1521 3760548 8791744
1757725142 1521 3761316 8791744
1757725143 1521 3761700 8791744
1757725144 1520 3762468 8791744
1757725145 1520 3762852 8791744
1757725146 1520 3763620 8791744
1757725147 1520 3764388 8791744
1757725148 1520 3764772 8791744
1757725150 1520 3765540 8791744
1757725151 1521 3765924 8791744
1757725152 1521 3766308 8791744
1757725153 1521 3766308 8791744
1757725154 1521 3766308 8791744
1757725155 1521 3766308 8791744
1757725156 1521 3766308 8791744
1757725157 1521 3766308 8791744
1757725158 1521 3766692 8791744
1757725159 1521 3767076 8791744
1757725160 1520 3767844 8791744
1757725161 1520 3768612 8791744
1757725162 1520 3768996 8791744
1757725163 1520 3769764 8791744
1757725164 1520 3770148 8791744
1757725166 1520 3770916 8791744
1757725167 1520 3771300 8791744
1757725168 1521 3772068 8791744
1757725169 1521 3772964 8791744
1757725170 1521 3773348 8791744
1757725171 1521 3774116 8791744
1757725172 1521 3774116 8791744
1757725173 1521 3774116 8791744
1757725174 1521 3774116 8791744
1757725175 1520 3774884 8791744
1757725176 1520 3775268 8791744
1757725177 1520 3776036 8791744
1757725178 1520 3776420 8791744
1757725179 1520 3777188 8791744
1757725181 1521 3777956 8791744
1757725182 1521 3778340 8791744
1757725183 1521 3778724 8791744
1757725184 1521 3778724 8791744
1757725185 1521 3778724 8791744
1757725186 1521 3778724 8791744
1757725187 1521 3778724 8791744
1757725188 1521 3778724 8791744
1757725189 1521 3778724 8791744
1757725190 1521 3778724 8791744
1757725191 1521 3778724 8791744
1757725192 1521 3779620 8791744
1757725193 1520 3780004 8791744
1757725194 1520 3780772 8791744
1757725195 1520 3781540 8791744
1757725196 1520 3781924 8791744
1757725198 1520 3782692 8791744
1757725199 1521 3783460 8791744
1757725200 1521 3783844 8791744
1757725201 1521 3784740 8791744
1757725202 1521 3785124 8791744
1757725203 1521 3785892 8791744
1757725204 1521 3786660 8791744
1757725205 1521 3786660 8791744
1757725206 1521 3786660 8791744
1757725207 1521 3786660 8791744
1757725208 1520 3787044 8791744
1757725209 1520 3787812 8791744
1757725210 1520 3788196 8791744
1757725211 1521 3788964 8791744
1757725212 1521 3789348 8791744
1757725214 1521 3789348 8791744
1757725215 1521 3789348 8791744
1757725216 1521 3789348 8791744
1757725217 1521 3789732 8791744
1757725218 1521 3790500 8791744
1757725219 1521 3791268 8791744
1757725220 1521 3791652 8791744
1757725221 1521 3792420 8791744
1757725222 1521 3792420 8791744
1757725223 1520 3792420 8791744
1757725224 1520 3792420 8791744
1757725225 1520 3793188 8791744
1757725226 1520 3794084 8791744
1757725227 1521 3794468 8791744
1757725229 1521 3795236 8791744
1757725230 1521 3795620 8791744
1757725231 1521 3796388 8791744
1757725232 1521 3797156 8791744
1757725233 1521 3797540 8791744
1757725234 1521 3798308 8791744
1757725235 1522 3798692 8791744
1757725236 1522 3799460 8791744
1757725237 1522 3800228 8791744
1757725238 1522 3800228 8791744
1757725239 1521 3800228 8791744
1757725240 1521 3800228 8791744
1757725241 1521 3800996 8791744
1757725242 1521 3801380 8791744
1757725243 1521 3801380 8791744
1757725245 1521 3801764 8791744
1757725246 1521 3801764 8791744
1757725247 1521 3801764 8791744
1757725248 1521 3802148 8791744
1757725249 1521 3802916 8791744
1757725250 1521 3803300 8791744
1757725251 1521 3804068 8791744
1757725252 1521 3804836 8791744
1757725253 1522 3805732 8791744
1757725254 1522 3805732 8791744
1757725255 1520 3805732 8791744
1757725256 1520 3805732 8791744
1757725257 1520 3806116 8791744
1757725258 1521 3806884 8791744
1757725259 1521 3807268 8791744
1757725261 1521 3808036 8791744
1757725262 1521 3808804 8791744
1757725263 1521 3809572 8791744
1757725264 1521 3809956 8791744
1757725265 1522 3810852 8791744
1757725266 1522 3811236 8791744
1757725267 1522 3812004 8791744
1757725268 1522 3812388 8791744
1757725269 1522 3813156 8791744
1757725270 1521 3813540 8791744
1757725271 1521 3813924 8791744
1757725272 1521 3813924 8791744
1757725273 1521 3813924 8791744
1757725274 1521 3813924 8791744
1757725276 1521 3814308 8791744
1757725277 1521 3814308 8791744
1757725278 1521 3814308 8791744
1757725279 1521 3814692 8791744
1757725280 1521 3815076 8791744
1757725281 1521 3815844 8791744
1757725282 1521 3816228 8791744
1757725283 1522 3817124 8791744
1757725284 1522 3817892 8791744
1757725285 1522 3818276 8791744
1757725286 1521 3819044 8791744
1757725287 1521 3819428 8791744
1757725288 1521 3819428 8791744
1757725289 1521 3819428 8791744
1757725290 1521 3819940 8791744
1757725292 1521 3820324 8791744
1757725293 1521 3821092 8791744
1757725294 1521 3821476 8791744
1757725295 1521 3822244 8791744
1757725296 1522 3823012 8791744
1757725297 1522 3823780 8791744
1757725298 1522 3824548 8791744
1757725299 1522 3824932 8791744
1757725300 1522 3825700 8791744
1757725301 1521 3826084 8791744
1757725302 1521 3826852 8791744
1757725303 1521 3827236 8791744
1757725304 1521 3828132 8791744
1757725305 1521 3828132 8791744
1757725307 1521 3828132 8791744
1757725308 1521 3828132 8791744
1757725309 1521 3828132 8791744
1757725310 1521 3828516 8791744
1757725311 1521 3828900 8791744
1757725312 1521 3829796 8791744
1757725313 1522 3830180 8791744
1757725314 1522 3830948 8791744
1757725315 1522 3831716 8791744
1757725316 1521 3832484 8791744
1757725317 1521 3832868 8791744
1757725318 1521 3833636 8791744
1757725319 1521 3834020 8791744
1757725320 1521 3834404 8791744
1757725322 1521 3834404 8791744
1757725323 1521 3834404 8791744
1757725324 1521 3834788 8791744
1757725325 1522 3835556 8791744
1757725326 1522 3836452 8791744
1757725327 1522 3836836 8791744
1757725328 1522 3837604 8791744
1757725329 1522 3837988 8791744
1757725330 1522 3838756 8791744
1757725331 1522 3839140 8791744
1757725332 1521 3839908 8791744
1757725333 1521 3840676 8791744
1757725334 1521 3841188 8791744
1757725335 1522 3841956 8791744
1757725336 1522 3841956 8791744
1757725338 1522 3841956 8791744
1757725339 1521 3841956 8791744
1757725340 1521 3841956 8791744
1757725341 1521 3841956 8791744
1757725342 1521 3842724 8791744
1757725343 1522 3843492 8791744
1757725344 1522 3843876 8791744
1757725345 1522 3844644 8791744
1757725346 1522 3845412 8791744
1757725347 1521 3845796 8791744
1757725348 1521 3846564 8791744
1757725349 1521 3847332 8791744
1757725350 1521 3847716 8791744
1757725351 1521 3848484 8791744
1757725353 1522 3848868 8791744
1757725354 1522 3849252 8791744
1757725355 1522 3849252 8791744
1757725356 1522 3849252 8791744
1757725357 1522 3850148 8791744
1757725358 1522 3850532 8791744
1757725359 1522 3851300 8791744
1757725360 1522 3851684 8791744
1757725361 1522 3852452 8791744
1757725362 1522 3852836 8791744
1757725363 1521 3853604 8791744
1757725364 1522 3854372 8791744
1757725365 1522 3855140 8791744
1757725366 1522 3855524 8791744
1757725368 1522 3855908 8791744
1757725369 1522 3855908 8791744
1757725370 1522 3855908 8791744
1757725371 1522 3855908 8791744
1757725372 1522 3855908 8791744
1757725373 1522 3855908 8791744
1757725374 1522 3855908 8791744
1757725375 1522 3856676 8791744
1757725376 1522 3857572 8791744
1757725377 1522 3857956 8791744
1757725378 1521 3858724 8791744
1757725379 1521 3859492 8791744
1757725380 1521 3860260 8791744
1757725381 1521 3860644 8791744
1757725382 1521 3861412 8791744
1757725384 1521 3861796 8791744
1757725385 1522 3862564 8791744
1757725386 1522 3862948 8791744
1757725387 1522 3863332 8791744
1757725388 1522 3863332 8791744
1757725389 1522 3863332 8791744
1757725390 1522 3864100 8791744
1757725391 1522 3864612 8791744
1757725392 1522 3865380 8791744
1757725393 1521 3865764 8791744
1757725394 1521 3866532 8791744
1757725395 1521 3867300 8791744
1757725396 1522 3867684 8791744
1757725397 1522 3868452 8791744
1757725399 1522 3868452 8791744
1757725400 1522 3868452 8791744
1757725401 1522 3868452 8791744
1757725402 1522 3868452 8791744
1757725403 1522 3869220 8791744
1757725404 1522 3869604 8791744
1757725405 1522 3869604 8791744
1757725406 1522 3869604 8791744
1757725407 1522 3869988 8791744
1757725408 1522 3870372 8791744
1757725409 1521 3871268 8791744
1757725410 1521 3872036 8791744
1757725411 1521 3872420 8791744
1757725412 1521 3873188 8791744
1757725413 1521 3873572 8791744
1757725415 1522 3874340 8791744
1757725416 1522 3875108 8791744
1757725417 1522 3875492 8791744
1757725418 1522 3876260 8791744
1757725419 1522 3877028 8791744
1757725420 1522 3877028 8791744
1757725421 1522 3877028 8791744
1757725422 1522 3877028 8791744
1757725423 1522 3877412 8791744
1757725424 1522 3878180 8791744
1757725425 1521 3878948 8791744
1757725426 1522 3879332 8791744
1757725427 1522 3880100 8791744
1757725428 1522 3880484 8791744
1757725430 1522 3880868 8791744
1757725431 1522 3880868 8791744
1757725432 1522 3880868 8791744
1757725433 1522 3880868 8791744
1757725434 1522 3881636 8791744
1757725435 1522 3882020 8791744
1757725436 1522 3882788 8791744
1757725437 1522 3883684 8791744
1757725438 1522 3883684 8791744
1757725439 1521 3883684 8791744
1757725440 1521 3883684 8791744
1757725441 1521 3884452 8791744
1757725442 1521 3884836 8791744
1757725443 1522 3885604 8791744
1757725445 1522 3885988 8791744
1757725446 1522 3886756 8791744
1757725447 1522 3887524 8791744
1757725448 1522 3887908 8791744
1757725449 1522 3888804 8791744
1757725450 1522 3889572 8791744
1757725451 1522 3889956 8791744
1757725452 1522 3890724 8791744
1757725453 1523 3890724 8791744
1757725454 1523 3890724 8791744
1757725455 1523 3890724 8791744
1757725456 1521 3891108 8791744
1757725457 1522 3891876 8791744
1757725458 1522 3892644 8791744
1757725459 1522 3893028 8791744
1757725460 1522 3893028 8791744
1757725462 1522 3893028 8791744
1757725463 1522 3893028 8791744
1757725464 1522 3893028 8791744
1757725465 1522 3893796 8791744
1757725466 1522 3894564 8791744
1757725467 1522 3895332 8791744
1757725468 1522 3895716 8791744
1757725469 1522 3896484 8791744
1757725470 1523 3896868 8791744
1757725471 1521 3896868 8791744
1757725472 1521 3896868 8791744
1757725473 1521 3896868 8791744
1757725474 1522 3897636 8791744
1757725475 1522 3898532 8791744
1757725477 1522 3899300 8791744
1757725478 1522 3899684 8791744
1757725479 1522 3900452 8791744
1757725480 1522 3900836 8791744
1757725481 1522 3901604 8791744
1757725482 1522 3901988 8791744
1757725483 1523 3902884 8791744
1757725484 1523 3903652 8791744
1757725485 1523 3904036 8791744
1757725486 1522 3904036 8791744
1757725487 1522 3904036 8791744
1757725488 1522 3904420 8791744
1757725489 1522 3904804 8791744
1757725490 1522 3905572 8791744
1757725492 1522 3905572 8791744
1757725493 1522 3905572 8791744
1757725494 1522 3905572 8791744
1757725495 1522 3905956 8791744
1757725496 1522 3905956 8791744
1757725497 1522 3906340 8791744
1757725498 1522 3907108 8791744
1757725499 1522 3907876 8791744
1757725500 1523 3908772 8791744
1757725501 1523 3909156 8791744
1757725502 1522 3909924 8791744
1757725503 1522 3910308 8791744
1757725504 1522 3910308 8791744
1757725505 1522 3910308 8791744
1757725506 1522 3910308 8791744
1757725508 1522 3911076 8791744
1757725509 1522 3911844 8791744
1757725510 1522 3912228 8791744
1757725511 1522 3912996 8791744
1757725512 1522 3913380 8791744
1757725513 1522 3914148 8791744
1757725514 1523 3914916 8791744
1757725515 1523 3915300 8791744
1757725516 1523 3916068 8791744
1757725517 1523 3916452 8791744
1757725518 1522 3916836 8791744
1757725519 1522 3916836 8791744
1757725520 1522 3916836 8791744
1757725521 1522 3917604 8791744
1757725522 1522 3917604 8791744
1757725524 1522 3917604 8791744
1757725525 1522 3917604 8791744
1757725526 1522 3917604 8791744
1757725527 1522 3917604 8791744
1757725528 1522 3917988 8791744
1757725529 1522 3918756 8791744
1757725530 1522 3919140 8791744
1757725531 1522 3920036 8791744
1757725532 1522 3920932 8791744
1757725533 1523 3921316 8791744
1757725534 1522 3922084 8791744
1757725535 1522 3922852 8791744
1757725536 1522 3923236 8791744
1757725537 1522 3923236 8791744
1757725539 1522 3923236 8791744
1757725540 1522 3923236 8791744
1757725541 1522 3923620 8791744
1757725542 1522 3924516 8791744
1757725543 1522 3924900 8791744
1757725544 1522 3925284 8791744
1757725545 1522 3926052 8791744
1757725546 1522 3926820 8791744
1757725547 1522 3927588 8791744
1757725548 1523 3927972 8791744
1757725549 1522 3928740 8791744
1757725550 1522 3929124 8791744
1757725551 1522 3929508 8791744
1757725552 1522 3929508 8791744
1757725554 1522 3929508 8791744
1757725555 1522 3929508 8791744
1757725556 1522 3929892 8791744
1757725557 1522 3929892 8791744
1757725558 1522 3929892 8791744
1757725559 1522 3930276 8791744
1757725560 1522 3931044 8791744
1757725561 1522 3931428 8791744
1757725562 1522 3932196 8791744
1757725563 1521 3932964 8791744
1757725564 1521 3933348 8791744
1757725565 1522 3934116 8791744
1757725566 1522 3934884 8791744
1757725567 1522 3935268 8791744
1757725569 1522 3936036 8791744
1757725570 1522 3936804 8791744
1757725571 1522 3936804 8791744
1757725572 1522 3936804 8791744
1757725573 1522 3936804 8791744
1757725574 1522 3936804 8791744
1757725575 1522 3937700 8791744
1757725576 1522 3938468 8791744
1757725577 1523 3939236 8791744
1757725578 1522 3939620 8791744
1757725579 1522 3940388 8791744
1757725580 1522 3941156 8791744
1757725581 1522 3941540 8791744
1757725582 1522 3941924 8791744
1757725584 1522 3942692 8791744
1757725585 1522 3942692 8791744
1757725586 1522 3942692 8791744
1757725587 1522 3942692 8791744
1757725588 1522 3943076 8791744
1757725589 1522 3943076 8791744
1757725590 1522 3943588 8791744
1757725591 1522 3943972 8791744
1757725592 1522 3944740 8791744
1757725593 1522 3945508 8791744
1757725594 1521 3945892 8791744
1757725595 1521 3946660 8791744
1757725596 1522 3947428 8791744
1757725597 1522 3947812 8791744
1757725598 1522 3948580 8791744
1757725600 1522 3948964 8791744
1757725601 1522 3949860 8791744
1757725602 1522 3950244 8791744
1757725603 1522 3951012 8791744
1757725604 1522 3951012 8791744
1757725605 1522 3951012 8791744
1757725606 1522 3951012 8791744
1757725607 1522 3951908 8791744
1757725608 1522 3952292 8791744
1757725609 1523 3953060 8791744
1757725610 1522 3953828 8791744
1757725611 1522 3954212 8791744
1757725612 1522 3954980 8791744
1757725613 1522 3955748 8791744
1757725614 1522 3956132 8791744
1757725616 1522 3956900 8791744
1757725617 1522 3956900 8791744
1757725618 1522 3956900 8791744
1757725619 1522 3956900 8791744
1757725620 1522 3956900 8791744
1757725621 1522 3957412 8791744
1757725622 1522 3957796 8791744
1757725623 1522 3958564 8791744
1757725624 1522 3959332 8791744
1757725625 1521 3959716 8791744
1757725626 1522 3960484 8791744
1757725627 1522 3961252 8791744
1757725628 1522 3961636 8791744
1757725629 1522 3962404 8791744
1757725631 1522 3962788 8791744
1757725632 1522 3963556 8791744
1757725633 1522 3964324 8791744
1757725634 1522 3964836 8791744
1757725635 1522 3965604 8791744
1757725636 1522 3966372 8791744
1757725637 1523 3966372 8791744
1757725638 1522 3966372 8791744
1757725639 1522 3966372 8791744
1757725640 1523 3966756 8791744
1757725641 1522 3967524 8791744
1757725642 1522 3967908 8791744
1757725643 1522 3968676 8791744
1757725644 1522 3969444 8791744
1757725645 1522 3969828 8791744
1757725647 1522 3970596 8791744
1757725648 1522 3970596 8791744
1757725649 1522 3970596 8791744
1757725650 1522 3970596 8791744
1757725651 1522 3970596 8791744
1757725652 1522 3970596 8791744
1757725653 1522 3970596 8791744
1757725654 1522 3971364 8791744
1757725655 1522 3972132 8791744
1757725656 1522 3972516 8791744
1757725657 1521 3973284 8791744
1757725658 1522 3973668 8791744
1757725659 1522 3974436 8791744
1757725660 1522 3975204 8791744
1757725662 1522 3975588 8791744
1757725663 1522 3976356 8791744
1757725664 1522 3976740 8791744
1757725665 1522 3977508 8791744
1757725666 1522 3978276 8791744
1757725667 1522 3979172 8791744
1757725668 1523 3979556 8791744
1757725669 1523 3980324 8791744
1757725670 1523 3980324 8791744
1757725671 1523 3980324 8791744
1757725672 1522 3980324 8791744
1757725673 1522 3981092 8791744
1757725674 1522 3981860 8791744
1757725675 1522 3982244 8791744
1757725677 1522 3983012 8791744
1757725678 1522 3983396 8791744
1757725679 1522 3983396 8791744
1757725680 1522 3983396 8791744
1757725681 1522 3983396 8791744
1757725682 1522 3983396 8791744
1757725683 1522 3983780 8791744
1757725684 1522 3983780 8791744
1757725685 1522 3983780 8791744
1757725686 1522 3984164 8791744
1757725687 1522 3984548 8791744
1757725688 1522 3985316 8791744
1757725689 1522 3985700 8791744
1757725690 1522 3986596 8791744
1757725691 1522 3987364 8791744
1757725693 1522 3987748 8791744
1757725694 1522 3988516 8791744
1757725695 1522 3989284 8791744
1757725696 1522 3989668 8791744
1757725697 1522 3990436 8791744
1757725698 1523 3991204 8791744
1757725699 1523 3991588 8791744
1757725700 1523 3992484 8791744
1757725701 1523 3992868 8791744
1757725702 1522 3993636 8791744
1757725703 1522 3993636 8791744
1757725704 1522 3993636 8791744
1757725705 1522 3993636 8791744
1757725706 1522 3994404 8791744
1757725708 1522 3995172 8791744
1757725709 1522 3995172 8791744
1757725710 1522 3995172 8791744
1757725711 1522 3995172 8791744
1757725712 1522 3995172 8791744
1757725713 1522 3995172 8791744
1757725714 1522 3996068 8791744
1757725715 1523 3996836 8791744
1757725716 1523 3997220 8791744
1757725717 1522 3997220 8791744
1757725718 1522 3997220 8791744
1757725719 1522 3997604 8791744
1757725720 1522 3997988 8791744
1757725721 1522 3998756 8791744
1757725723 1522 3999524 8791744
1757725724 1522 4000292 8791744
1757725725 1522 4000676 8791744
1757725726 1522 4001444 8791744
1757725727 1522 4001828 8791744
1757725728 1523 4002596 8791744
1757725729 1523 4002980 8791744
1757725730 1523 4003748 8791744
1757725731 1523 4004516 8791744
1757725732 1523 4004900 8791744
1757725733 1522 4005668 8791744
1757725734 1522 4006436 8791744
1757725735 1522 4006820 8791744
1757725736 1522 4007204 8791744
1757725738 1522 4007204 8791744
1757725739 1522 4007204 8791744
1757725740 1522 4007588 8791744
1757725741 1522 4007588 8791744
1757725742 1522 4007972 8791744
1757725743 1522 4007972 8791744
1757725744 1522 4007972 8791744
1757725745 1522 4008740 8791744
1757725746 1523 4009124 8791744
1757725747 1523 4009892 8791744
1757725748 1523 4010276 8791744
1757725749 1522 4011044 8791744
1757725750 1522 4011044 8791744
1757725751 1522 4011044 8791744
1757725752 1522 4011044 8791744
1757725754 1522 4011812 8791744
1757725755 1522 4012708 8791744
1757725756 1522 4013092 8791744
1757725757 1522 4013860 8791744
1757725758 1523 4014244 8791744
1757725759 1523 4015012 8791744
1757725760 1523 4015396 8791744
1757725761 1523 4016164 8791744
1757725762 1523 4016548 8791744
1757725763 1523 4017316 8791744
1757725764 1522 4018084 8791744
1757725765 1522 4018852 8791744
1757725766 1522 4019236 8791744
1757725767 1522 4020004 8791744
1757725769 1523 4020772 8791744
1757725770 1523 4020772 8791744
1757725771 1523 4020772 8791744
1757725772 1523 4020772 8791744
1757725773 1523 4020772 8791744
1757725774 1523 4020772 8791744
1757725775 1523 4020772 8791744
1757725776 1523 4021540 8791744
1757725777 1523 4022308 8791744
1757725778 1523 4022692 8791744
1757725779 1522 4023460 8791744
1757725780 1522 4024228 8791744
1757725781 1522 4024612 8791744
1757725782 1522 4024996 8791744
1757725783 1522 4024996 8791744
1757725785 1522 4024996 8791744
1757725786 1522 4025508 8791744
1757725787 1523 4026276 8791744
1757725788 1523 4026660 8791744
1757725789 1523 4027428 8791744
1757725790 1523 4028196 8791744
1757725791 1523 4028580 8791744
1757725792 1523 4029348 8791744
1757725793 1523 4029732 8791744
1757725794 1523 4030500 8791744
1757725795 1522 4030884 8791744
1757725796 1522 4031780 8791744
1757725797 1522 4032164 8791744
1757725798 1523 4032932 8791744
1757725800 1523 4033700 8791744
1757725801 1523 4034468 8791744
1757725802 1523 4034852 8791744
1757725803 1523 4034852 8791744
1757725804 1523 4034852 8791744
1757725805 1523 4034852 8791744
1757725806 1523 4034852 8791744
1757725807 1523 4034852 8791744
1757725808 1523 4035620 8791744
1757725809 1523 4036004 8791744
1757725810 1522 4036772 8791744
1757725811 1522 4037156 8791744
1757725812 1522 4037924 8791744
1757725813 1522 4038820 8791744
1757725814 1522 4039204 8791744
1757725816 1522 4039588 8791744
1757725817 1522 4039588 8791744
1757725818 1522 4039588 8791744
1757725819 1523 4039972 8791744
1757725820 1523 4040740 8791744
1757725821 1523 4041508 8791744
1757725822 1523 4041892 8791744
1757725823 1523 4042788 8791744
1757725824 1523 4043556 8791744
1757725825 1523 4043940 8791744
1757725826 1522 4044708 8791744
1757725827 1522 4045604 8791744
1757725828 1522 4045988 8791744
1757725829 1523 4046756 8791744
1757725830 1523 4047140 8791744
1757725832 1523 4047908 8791744
1757725833 1523 4048292 8791744
1757725834 1523 4048676 8791744
1757725835 1523 4048676 8791744
1757725836 1523 4048676 8791744
1757725837 1523 4048676 8791744
1757725838 1523 4048676 8791744
1757725839 1523 4049060 8791744
1757725840 1523 4049444 8791744
1757725841 1522 4050212 8791744
1757725842 1522 4050596 8791744
1757725843 1522 4051364 8791744
1757725844 1522 4052132 8791744
1757725845 1522 4052516 8791744
1757725847 1523 4053412 8791744
1757725848 1523 4054180 8791744
1757725849 1523 4054180 8791744
1757725850 1523 4054180 8791744
1757725851 1523 4054180 8791744
1757725852 1523 4054948 8791744
1757725853 1523 4055332 8791744
1757725854 1523 4056100 8791744
1757725855 1523 4056868 8791744
1757725856 1522 4057252 8791744
1757725857 1522 4058020 8791744
1757725858 1522 4058404 8791744
1757725859 1523 4059172 8791744
1757725860 1523 4060068 8791744
1757725862 1523 4060452 8791744
1757725863 1523 4061220 8791744
1757725864 1523 4061604 8791744
1757725865 1523 4061988 8791744
1757725866 1523 4061988 8791744
1757725867 1523 4062372 8791744
1757725868 1523 4062372 8791744
1757725869 1523 4062372 8791744
1757725870 1523 4062372 8791744
1757725871 1522 4062372 8791744
1757725872 1522 4062756 8791744
1757725873 1522 4063140 8791744
1757725874 1522 4063908 8791744
1757725875 1523 4064676 8791744
1757725877 1523 4065060 8791744
1757725878 1523 4065828 8791744
1757725879 1523 4066596 8791744
1757725880 1523 4066980 8791744
1757725881 1523 4067748 8791744
1757725882 1523 4067748 8791744
1757725883 1523 4067748 8791744
1757725884 1523 4067748 8791744
1757725885 1523 4068516 8791744
1757725886 1523 4069284 8791744
1757725887 1522 4069668 8791744
1757725888 1523 4070436 8791744
1757725889 1523 4070820 8791744
1757725890 1523 4071588 8791744
1757725892 1523 4071972 8791744
1757725893 1523 4072740 8791744
1757725894 1523 4073508 8791744
1757725895 1523 4073892 8791744
1757725896 1523 4074276 8791744
1757725897 1523 4074276 8791744
1757725898 1523 4074276 8791744
1757725899 1523 4074660 8791744
1757725900 1523 4075044 8791744
1757725901 1523 4075428 8791744
1757725902 1522 4075812 8791744
1757725903 1522 4075812 8791744
1757725904 1522 4075812 8791744
1757725905 1523 4075812 8791744
1757725906 1523 4076580 8791744
1757725908 1523 4077348 8791744
1757725909 1523 4077860 8791744
1757725910 1523 4078628 8791744
1757725911 1523 4079396 8791744
1757725912 1523 4080164 8791744
1757725913 1523 4080548 8791744
1757725914 1523 4081316 8791744
1757725915 1523 4081316 8791744
1757725916 1523 4081316 8791744
1757725917 1523 4081316 8791744
1757725918 1523 4081700 8791744
1757725919 1523 4082596 8791744
1757725920 1523 4083364 8791744
1757725921 1523 4084132 8791744
1757725922 1523 4084516 8791744
1757725924 1523 4085284 8791744
1757725925 1523 4085668 8791744
1757725926 1523 4086436 8791744
1757725927 1523 4086820 8791744
1757725928 1523 4086820 8791744
1757725929 1523 4086820 8791744
1757725930 1523 4087204 8791744
1757725931 1523 4087204 8791744
1757725932 1523 4087588 8791744
1757725933 1523 4088356 8791744
1757725934 1523 4088740 8791744
1757725935 1523 4089508 8791744
1757725936 1523 4089508 8791744
1757725937 1523 4089508 8791744
1757725939 1523 4089508 8791744
1757725940 1523 4090276 8791744
1757725941 1523 4090788 8791744
1757725942 1523 4091556 8791744
1757725943 1523 4092324 8791744
1757725944 1523 4092708 8791744
1757725945 1523 4093476 8791744
1757725946 1523 4094244 8791744
1757725947 1523 4094628 8791744
1757725948 1523 4094628 8791744
1757725949 1523 4094628 8791744
1757725950 1523 4095012 8791744
1757725951 1523 4095780 8791744
1757725952 1523 4096164 8791744
1757725953 1523 4096932 8791744
1757725955 1523 4097316 8791744
1757725956 1523 4098084 8791744
1757725957 1523 4098980 8791744
1757725958 1523 4098980 8791744
1757725959 1523 4099364 8791744
1757725960 1523 4099364 8791744
1757725961 1523 4099364 8791744
1757725962 1523 4099364 8791744
1757725963 1523 4100132 8791744
1757725964 1523 4100516 8791744
1757725965 1523 4101284 8791744
1757725966 1523 4102052 8791744
1757725967 1523 4102436 8791744
1757725968 1523 4103204 8791744
1757725970 1523 4103204 8791744
1757725971 1523 4103204 8791744
1757725972 1523 4103204 8791744
1757725973 1523 4103972 8791744
1757725974 1523 4104868 8791744
1757725975 1523 4105252 8791744
1757725976 1523 4106020 8791744
1757725977 1524 4106788 8791744
1757725978 1524 4107300 8791744
1757725979 1524 4108068 8791744
1757725980 1523 4108452 8791744
1757725981 1523 4108452 8791744
1757725982 1523 4108452 8791744
1757725983 1523 4108836 8791744
1757725984 1523 4109604 8791744
1757725986 1523 4109988 8791744
1757725987 1523 4110756 8791744
1757725988 1523 4111524 8791744
1757725989 1523 4111908 8791744
1757725990 1523 4111908 8791744
1757725991 1523 4111908 8791744
1757725992 1523 4111908 8791744
1757725993 1523 4111908 8791744
1757725994 1523 4112676 8791744
1757725995 1523 4113060 8791744
1757725996 1523 4113828 8791744
1757725997 1523 4114596 8791744
1757725998 1523 4115364 8791744
1757725999 1523 4115748 8791744
1757726001 1523 4116516 8791744
1757726002 1523 4116900 8791744
1757726003 1523 4116900 8791744
1757726004 1523 4116900 8791744
1757726005 1523 4117284 8791744
1757726006 1523 4117668 8791744
1757726007 1523 4118436 8791744
1757726008 1524 4119204 8791744
1757726009 1524 4119588 8791744
1757726010 1524 4120356 8791744
1757726011 1523 4120740 8791744
1757726012 1523 4121636 8791744
1757726013 1523 4122020 8791744
1757726014 1523 4122020 8791744
1757726015 1523 4122020 8791744
1757726017 1523 4122404 8791744
1757726018 1523 4123172 8791744
1757726019 1523 4123556 8791744
1757726020 1523 4124324 8791744
1757726021 1523 4124324 8791744
1757726022 1523 4124324 8791744
1757726023 1523 4124708 8791744
1757726024 1523 4124708 8791744
1757726025 1523 4125092 8791744
1757726026 1523 4125860 8791744
1757726027 1523 4126244 8791744
1757726028 1523 4127012 8791744
1757726029 1523 4127780 8791744
1757726031 1523 4128292 8791744
1757726032 1523 4129060 8791744
1757726033 1523 4129444 8791744
1757726034 1523 4130212 8791744
1757726035 1523 4130596 8791744
1757726036 1524 4130596 8791744
1757726037 1524 4130596 8791744
1757726038 1524 4130596 8791744
1757726039 1524 4131492 8791744
1757726040 1524 4132260 8791744
1757726041 1523 4133028 8791744
1757726042 1523 4133412 8791744
1757726043 1523 4134180 8791744
1757726044 1523 4134564 8791744
1757726045 1523 4135332 8791744
1757726047 1523 4135716 8791744
1757726048 1523 4135716 8791744
1757726049 1523 4135716 8791744
1757726050 1523 4136100 8791744
1757726051 1523 4136484 8791744
1757726052 1523 4136484 8791744
1757726053 1523 4136484 8791744
1757726054 1523 4136484 8791744
1757726055 1523 4136484 8791744
1757726056 1523 4137252 8791744
1757726057 1524 4138020 8791744
1757726058 1523 4138404 8791744
1757726059 1523 4139300 8791744
1757726060 1523 4139684 8791744
1757726061 1523 4140452 8791744
1757726062 1523 4141220 8791744
1757726064 1523 4141604 8791744
1757726065 1523 4142372 8791744
1757726066 1523 4143140 8791744
1757726067 1524 4143908 8791744
1757726068 1524 4144292 8791744
1757726069 1524 4144292 8791744
1757726070 1524 4144292 8791744
1757726071 1524 4144292 8791744
1757726072 1524 4145060 8791744
1757726073 1523 4145828 8791744
1757726074 1523 4146212 8791744
1757726075 1523 4147108 8791744
1757726076 1523 4147492 8791744
1757726077 1523 4148260 8791744
1757726079 1523 4149028 8791744
1757726080 1523 4149028 8791744
1757726081 1524 4149028 8791744
1757726082 1523 4149028 8791744
1757726083 1523 4149028 8791744
1757726084 1523 4149028 8791744
1757726085 1523 4149028 8791744
1757726086 1523 4149028 8791744
1757726087 1524 4149412 8791744
1757726088 1524 4150180 8791744
1757726089 1523 4150948 8791744
1757726090 1523 4151460 8791744
1757726091 1523 4152228 8791744
1757726092 1523 4152612 8791744
1757726093 1523 4153380 8791744
1757726095 1523 4154148 8791744
1757726096 1523 4154532 8791744
1757726097 1524 4155300 8791744
1757726098 1524 4156068 8791744
1757726099 1524 4156452 8791744
1757726100 1524 4157220 8791744
1757726101 1524 4157604 8791744
1757726102 1524 4157988 8791744
1757726103 1524 4157988 8791744
1757726104 1524 4157988 8791744
1757726105 1523 4158372 8791744
1757726106 1523 4159140 8791744
1757726107 1523 4159908 8791744
1757726108 1523 4160292 8791744
1757726110 1524 4161060 8791744
1757726111 1524 4161444 8791744
1757726112 1524 4162212 8791744
1757726113 1524 4162212 8791744
1757726114 1524 4162212 8791744
1757726115 1524 4162212 8791744
1757726116 1524 4162596 8791744
1757726117 1524 4162596 8791744
1757726118 1524 4162980 8791744
1757726119 1524 4163748 8791744
1757726120 1523 4164132 8791744
1757726121 1523 4164900 8791744
1757726122 1523 4165668 8791744
1757726123 1523 4166564 8791744
1757726124 1523 4166948 8791744
1757726126 1523 4167716 8791744
1757726127 1523 4168100 8791744
1757726128 1524 4168868 8791744
1757726129 1524 4169252 8791744
1757726130 1524 4170020 8791744
1757726131 1524 4170404 8791744
1757726132 1524 4171300 8791744
1757726133 1524 4172068 8791744
1757726134 1524 4172452 8791744
1757726135 1524 4172836 8791744
1757726136 1523 4172836 8791744
1757726137 1523 4172836 8791744
1757726138 1523 4173220 8791744
1757726139 1523 4173988 8791744
1757726140 1524 4174372 8791744
1757726142 1524 4175140 8791744
1757726143 1524 4175908 8791744
1757726144 1524 4176292 8791744
1757726145 1524 4176292 8791744
1757726146 1524 4176292 8791744
1757726147 1524 4176292 8791744
1757726148 1524 4176292 8791744
1757726149 1524 4176676 8791744
1757726150 1524 4177060 8791744
1757726151 1523 4177828 8791744
1757726152 1523 4178212 8791744
1757726153 1523 4178980 8791744
1757726154 1523 4179364 8791744
1757726155 1523 4180260 8791744
1757726157 1523 4181028 8791744
1757726158 1523 4181412 8791744
1757726159 1524 4182180 8791744
1757726160 1524 4182948 8791744
1757726161 1524 4183332 8791744
1757726162 1524 4184100 8791744
1757726163 1524 4184996 8791744
1757726164 1524 4185380 8791744
1757726165 1524 4186148 8791744
1757726166 1524 4186532 8791744
1757726167 1523 4187300 8791744
1757726168 1523 4187300 8791744
1757726169 1523 4187300 8791744
1757726170 1523 4187300 8791744
1757726172 1524 4188068 8791744
1757726173 1524 4188836 8791744
1757726174 1524 4189220 8791744
1757726175 1524 4189988 8791744
1757726176 1524 4189988 8791744
1757726177 1524 4189988 8791744
1757726178 1524 4189988 8791744
1757726179 1524 4189988 8791744
1757726180 1524 4189988 8791744
1757726181 1524 4190372 8791744
1757726182 1523 4191140 8791744
1757726183 1523 4191524 8791744
1757726184 1523 4192292 8791744
1757726185 1523 4192676 8791744
1757726186 1523 4193444 8791744
1757726188 1523 4193828 8791744
1757726189 1524 4194596 8791744
1757726190 1524 4195364 8791744
1757726191 1524 4196132 8791744
1757726192 1524 4196516 8791744
1757726193 1524 4197412 8791744
1757726194 1524 4198180 8791744
1757726195 1524 4198564 8791744
1757726196 1524 4199332 8791744
1757726197 1523 4199716 8791744
1757726198 1523 4200484 8791744
1757726199 1524 4201252 8791744
1757726200 1524 4201636 8791744
1757726201 1524 4201636 8791744
1757726203 1524 4201636 8791744
1757726204 1524 4202020 8791744
1757726205 1524 4202404 8791744
1757726206 1524 4202788 8791744
1757726207 1524 4202788 8791744
1757726208 1524 4202788 8791744
1757726209 1524 4203172 8791744
1757726210 1524 4203172 8791744
1757726211 1524 4203172 8791744
1757726212 1523 4203172 8791744
1757726213 1523 4203172 8791744
1757726214 1523 4203556 8791744
1757726215 1523 4204452 8791744
1757726216 1523 4204836 8791744
1757726218 1523 4205604 8791744
1757726219 1523 4206372 8791744
1757726220 1524 4207140 8791744
1757726221 1524 4207524 8791744
1757726222 1524 4208292 8791744
1757726223 1524 4208676 8791744
1757726224 1524 4209444 8791744
1757726225 1524 4210212 8791744
1757726226 1524 4210596 8791744
1757726227 1524 4211492 8791744
1757726228 1523 4212260 8791744
1757726229 1524 4212644 8791744
1757726230 1524 4213412 8791744
1757726231 1524 4214180 8791744
1757726233 1524 4214564 8791744
1757726234 1524 4215332 8791744
1757726235 1524 4215332 8791744
1757726236 1524 4215332 8791744
1757726237 1524 4215332 8791744
1757726238 1524 4215332 8791744
1757726239 1524 4215332 8791744
1757726240 1524 4215332 8791744
1757726241 1524 4215716 8791744
1757726242 1524 4216100 8791744
1757726243 1523 4216484 8791744
1757726244 1523 4216868 8791744
1757726245 1523 4216868 8791744
1757726246 1523 4216868 8791744
1757726247 1523 4217252 8791744
1757726249 1524 4218020 8791744
1757726250 1524 4218404 8791744
1757726251 1524 4219172 8791744
1757726252 1524 4219940 8791744
1757726253 1524 4220324 8791744
1757726254 1524 4221220 8791744
1757726255 1524 4221988 8791744
1757726256 1524 4222372 8791744
1757726257 1524 4223140 8791744
1757726258 1523 4223524 8791744
1757726259 1524 4224292 8791744
1757726260 1524 4225060 8791744
1757726261 1524 4225444 8791744
1757726262 1524 4226212 8791744
1757726264 1524 4226980 8791744
1757726265 1524 4227364 8791744
1757726266 1524 4228132 8791744
1757726267 1524 4228900 8791744
1757726268 1524 4228900 8791744
1757726269 1524 4228900 8791744
1757726270 1524 4228900 8791744
1757726271 1524 4228900 8791744
1757726272 1524 4228900 8791744
1757726273 1524 4229796 8791744
1757726274 1523 4230564 8791744
1757726275 1523 4230948 8791744
1757726276 1523 4231716 8791744
1757726277 1523 4231716 8791744
1757726278 1523 4231716 8791744
1757726280 1524 4231716 8791744
1757726281 1524 4232484 8791744
1757726282 1524 4232868 8791744
1757726283 1524 4233764 8791744
1757726284 1524 4234148 8791744
1757726285 1524 4234916 8791744
1757726286 1524 4235684 8791744
1757726287 1524 4236068 8791744
1757726288 1524 4236836 8791744
1757726289 1523 4237604 8791744
1757726290 1524 4237988 8791744
1757726291 1524 4238756 8791744
1757726292 1524 4239140 8791744
1757726293 1524 4239908 8791744
1757726295 1524 4240676 8791744
1757726296 1524 4241060 8791744
1757726297 1524 4241956 8791744
1757726298 1524 4242340 8791744
1757726299 1524 4243108 8791744
1757726300 1524 4243108 8791744
1757726301 1524 4243108 8791744
1757726302 1524 4243108 8791744
1757726303 1524 4243108 8791744
1757726304 1524 4243108 8791744
1757726305 1523 4243876 8791744
1757726306 1523 4244260 8791744
1757726307 1523 4245028 8791744
1757726308 1524 4245796 8791744
1757726309 1524 4246564 8791744
1757726311 1524 4246564 8791744
1757726312 1524 4246564 8791744
1757726313 1524 4246564 8791744
1757726314 1524 4247332 8791744
1757726315 1524 4247716 8791744
1757726316 1524 4248484 8791744
1757726317 1524 4248996 8791744
1757726318 1524 4249764 8791744
1757726319 1524 4250532 8791744
1757726320 1524 4250916 8791744
1757726321 1524 4251684 8791744
1757726322 1524 4252068 8791744
1757726323 1524 4252836 8791744
1757726324 1524 4253220 8791744
1757726326 1524 4253988 8791744
1757726327 1524 4254756 8791744
1757726328 1524 4255524 8791744
1757726329 1524 4255908 8791744
1757726330 1524 4256804 8791744
1757726331 1524 4256804 8791744
1757726332 1524 4257188 8791744
1757726333 1524 4257188 8791744
1757726334 1524 4257188 8791744
1757726335 1524 4257188 8791744
1757726336 1524 4257188 8791744
1757726337 1523 4257188 8791744
1757726338 1523 4257956 8791744
1757726339 1523 4258724 8791744
1757726340 1523 4259108 8791744
1757726341 1524 4260004 8791744
1757726343 1524 4260388 8791744
1757726344 1524 4260388 8791744
1757726345 1524 4260388 8791744
1757726346 1524 4260388 8791744
1757726347 1524 4261156 8791744
1757726348 1524 4261668 8791744
1757726349 1524 4262436 8791744
1757726350 1524 4263204 8791744
1757726351 1524 4263588 8791744
1757726352 1524 4264356 8791744
1757726353 1523 4265124 8791744
1757726354 1523 4265508 8791744
1757726355 1524 4266276 8791744
1757726356 1524 4267044 8791744
1757726358 1524 4267428 8791744
1757726359 1524 4268196 8791744
1757726360 1524 4268580 8791744
1757726361 1524 4269476 8791744
1757726362 1524 4269860 8791744
1757726363 1524 4269860 8791744
1757726364 1524 4269860 8791744
1757726365 1524 4269860 8791744
1757726366 1524 4269860 8791744
1757726367 1524 4269860 8791744
1757726368 1523 4269860 8791744
1757726369 1523 4269860 8791744
1757726370 1523 4270244 8791744
1757726371 1523 4270628 8791744
1757726372 1524 4271396 8791744
1757726374 1524 4272164 8791744
1757726375 1524 4272932 8791744
1757726376 1524 4273316 8791744
1757726377 1524 4273316 8791744
1757726378 1524 4273316 8791744
1757726379 1524 4273316 8791744
1757726380 1524 4274084 8791744
1757726381 1524 4274468 8791744
1757726382 1524 4275236 8791744
1757726383 1524 4275620 8791744
1757726384 1523 4276388 8791744
1757726385 1524 4276772 8791744
1757726386 1524 4277540 8791744
1757726387 1524 4277924 8791744
1757726388 1524 4278692 8791744
1757726390 1524 4279460 8791744
1757726391 1524 4279844 8791744
1757726392 1524 4280740 8791744
1757726393 1524 4281508 8791744
1757726394 1524 4281508 8791744
1757726395 1524 4281508 8791744
1757726396 1524 4281508 8791744
1757726397 1524 4281892 8791744
1757726398 1524 4281892 8791744
1757726399 1523 4282660 8791744
1757726400 1524 4283172 8791744
1757726401 1524 4283172 8791744
1757726402 1524 4283172 8791744
1757726403 1524 4283556 8791744
1757726405 1524 4283940 8791744
1757726406 1524 4284708 8791744
1757726407 1524 4285476 8791744
1757726408 1524 4285860 8791744
1757726409 1524 4286628 8791744
1757726410 1524 4286628 8791744
1757726411 1524 4286628 8791744
1757726412 1524 4286628 8791744
1757726413 1524 4287396 8791744
1757726414 1524 4288164 8791744
1757726415 1524 4288548 8791744
1757726416 1524 4289316 8791744
1757726417 1524 4289700 8791744
1757726418 1524 4290468 8791744
1757726420 1524 4291236 8791744
1757726421 1524 4291620 8791744
1757726422 1524 4292388 8791744
1757726423 1524 4292772 8791744
1757726424 1524 4293668 8791744
1757726425 1524 4294052 8791744
1757726426 1524 4294052 8791744
1757726427 1524 4294052 8791744
1757726428 1524 4294052 8791744
1757726429 1524 4294052 8791744
1757726430 1523 4294052 8791744
1757726431 1523 4294820 8791744
1757726432 1524 4295588 8791744
1757726433 1524 4295972 8791744
1757726434 1524 4295972 8791744
1757726436 1524 4295972 8791744
1757726437 1524 4296356 8791744
1757726438 1524 4296740 8791744
1757726439 1524 4297508 8791744
1757726440 1524 4297892 8791744
1757726441 1524 4298660 8791744
1757726442 1524 4299044 8791744
1757726443 1524 4299044 8791744
1757726444 1524 4299044 8791744
1757726445 1524 4299428 8791744
1757726446 1523 4299812 8791744
1757726447 1524 4300580 8791744
1757726448 1524 4301348 8791744
1757726449 1524 4301732 8791744
1757726450 1524 4302500 8791744
1757726452 1524 4302884 8791744
1757726453 1524 4303652 8791744
1757726454 1524 4304548 8791744
1757726455 1524 4305316 8791744
1757726456 1524 4305700 8791744
1757726457 1524 4305700 8791744
1757726458 1524 4305700 8791744
1757726459 1524 4305700 8791744
1757726460 1524 4305700 8791744
1757726461 1524 4306084 8791744
1757726462 1523 4306852 8791744
1757726463 1524 4307236 8791744
1757726464 1524 4308004 8791744
1757726465 1524 4308388 8791744
1757726467 1524 4309156 8791744
1757726468 1524 4309156 8791744
1757726469 1524 4309156 8791744
1757726470 1524 4309156 8791744
1757726471 1524 4309924 8791744
1757726472 1524 4310308 8791744
1757726473 1524 4311076 8791744
1757726474 1524 4311844 8791744
1757726475 1524 4311844 8791744
1757726476 1524 4311844 8791744
1757726477 1523 4311844 8791744
1757726478 1524 4312356 8791744
1757726479 1524 4313124 8791744
1757726480 1524 4313892 8791744
1757726481 1524 4314276 8791744
1757726483 1524 4315044 8791744
1757726484 1524 4315812 8791744
1757726485 1524 4316196 8791744
1757726486 1524 4316964 8791744
1757726487 1524 4317732 8791744
1757726488 1524 4317732 8791744
1757726489 1524 4317732 8791744
1757726490 1524 4318116 8791744
1757726491 1524 4318116 8791744
1757726492 1524 4318500 8791744
1757726493 1523 4318884 8791744
1757726494 1524 4319652 8791744
1757726495 1524 4320548 8791744
1757726496 1524 4320932 8791744
1757726497 1524 4321700 8791744
1757726499 1524 4322084 8791744
1757726500 1524 4322852 8791744
1757726501 1524 4322852 8791744
1757726502 1524 4322852 8791744
1757726503 1524 4322852 8791744
1757726504 1524 4323620 8791744
1757726505 1524 4324004 8791744
1757726506 1524 4324772 8791744
1757726507 1524 4325540 8791744
1757726508 1524 4325540 8791744
1757726509 1524 4325540 8791744
1757726510 1524 4325540 8791744
1757726511 1524 4326308 8791744
1757726512 1524 4326692 8791744
1757726514 1524 4327460 8791744
1757726515 1524 4327844 8791744
1757726516 1524 4328740 8791744
1757726517 1524 4329508 8791744
1757726518 1524 4329892 8791744
1757726519 1524 4329892 8791744
1757726520 1524 4329892 8791744
1757726521 1524 4330276 8791744
1757726522 1524 4330276 8791744
1757726523 1524 4330660 8791744
1757726524 1524 4331044 8791744
1757726525 1524 4331940 8791744
1757726526 1524 4332324 8791744
1757726527 1524 4333092 8791744
1757726528 1524 4333860 8791744
1757726530 1524 4334628 8791744
1757726531 1524 4335012 8791744
1757726532 1524 4335780 8791744
1757726533 1524 4336164 8791744
1757726534 1524 4336164 8791744
1757726535 1524 4336164 8791744
1757726536 1524 4336548 8791744
1757726537 1524 4336932 8791744
1757726538 1524 4337700 8791744
1757726539 1524 4338596 8791744
1757726540 1524 4338980 8791744
1757726541 1524 4339364 8791744
1757726542 1524 4339364 8791744
1757726543 1524 4339364 8791744
1757726544 1524 4339748 8791744
1757726546 1524 4340516 8791744
1757726547 1524 4341284 8791744
1757726548 1524 4341668 8791744
1757726549 1524 4342436 8791744
1757726550 1524 4342820 8791744
1757726551 1524 4342820 8791744
1757726552 1524 4342820 8791744
1757726553 1524 4342820 8791744
1757726554 1524 4342820 8791744
1757726555 1524 4343204 8791744
1757726556 1524 4343972 8791744
1757726557 1524 4344356 8791744
1757726558 1524 4345124 8791744
1757726559 1524 4345892 8791744
1757726561 1524 4346276 8791744
1757726562 1524 4347044 8791744
1757726563 1524 4347812 8791744
1757726564 1524 4348196 8791744
1757726565 1524 4348964 8791744
1757726566 1524 4349348 8791744
1757726567 1524 4349348 8791744
1757726568 1524 4349348 8791744
1757726569 1524 4349732 8791744
1757726570 1524 4350116 8791744
1757726571 1524 4350884 8791744
1757726572 1524 4351268 8791744
1757726573 1524 4352036 8791744
1757726574 1524 4352036 8791744
1757726576 1524 4352036 8791744
1757726577 1524 4352036 8791744
1757726578 1524 4352932 8791744
1757726579 1524 4353700 8791744
1757726580 1524 4354468 8791744
1757726581 1524 4354468 8791744
1757726582 1524 4354468 8791744
1757726583 1524 4354468 8791744
1757726584 1524 4354852 8791744
1757726585 1524 4354852 8791744
1757726586 1524 4355236 8791744
1757726587 1524 4355620 8791744
1757726588 1524 4356388 8791744
1757726589 1524 4357156 8791744
1757726591 1524 4357540 8791744
1757726592 1524 4358308 8791744
1757726593 1524 4358692 8791744
1757726594 1524 4359460 8791744
1757726595 1524 4360228 8791744
1757726596 1524 4360740 8791744
1757726597 1524 4361508 8791744
1757726598 1524 4362276 8791744
1757726599 1524 4362660 8791744
1757726600 1524 4362660 8791744
1757726601 1524 4362660 8791744
1757726602 1524 4362660 8791744
1757726603 1524 4363428 8791744
1757726604 1524 4364196 8791744
1757726605 1524 4364580 8791744
1757726607 1524 4365348 8791744
1757726608 1524 4365348 8791744
1757726609 1524 4365348 8791744
1757726610 1524 4365348 8791744
1757726611 1524 4366116 8791744
1757726612 1524 4366884 8791744
1757726613 1524 4366884 8791744
1757726614 1524 4366884 8791744
1757726615 1524 4366884 8791744
1757726616 1524 4366884 8791744
1757726617 1524 4366884 8791744
1757726618 1524 4367268 8791744
1757726619 1524 4368036 8791744
1757726620 1524 4368804 8791744
1757726621 1524 4369188 8791744
1757726623 1524 4369956 8791744
1757726624 1524 4370724 8791744
1757726625 1524 4371108 8791744
1757726626 1524 4372004 8791744
1757726627 1524 4372772 8791744
1757726628 1524 4373156 8791744
1757726629 1524 4373924 8791744
1757726630 1524 4374308 8791744
1757726631 1525 4375076 8791744
1757726632 1524 4375460 8791744
1757726633 1524 4375460 8791744
1757726634 1524 4375460 8791744
1757726635 1524 4375844 8791744
1757726636 1524 4376228 8791744
1757726638 1524 4376996 8791744
1757726639 1524 4377764 8791744
1757726640 1524 4378276 8791744
1757726641 1524 4378276 8791744
1757726642 1524 4378276 8791744
1757726643 1524 4378660 8791744
1757726644 1524 4378660 8791744
1757726645 1524 4378660 8791744
1757726646 1524 4378660 8791744
1757726647 1524 4378660 8791744
1757726648 1524 4379044 8791744
1757726649 1524 4379428 8791744
1757726650 1524 4380196 8791744
1757726651 1524 4380964 8791744
1757726652 1524 4381348 8791744
1757726654 1524 4382116 8791744
1757726655 1524 4383012 8791744
1757726656 1524 4383396 8791744
1757726657 1524 4384164 8791744
1757726658 1524 4384548 8791744
1757726659 1524 4385316 8791744
1757726660 1524 4386084 8791744
1757726661 1524 4386468 8791744
1757726662 1525 4387236 8791744
1757726663 1524 4387620 8791744
1757726664 1524 4388388 8791744
1757726665 1524 4389156 8791744
1757726666 1524 4389156 8791744
1757726667 1524 4389156 8791744
1757726669 1524 4389156 8791744
1757726670 1524 4389540 8791744
1757726671 1524 4390436 8791744
1757726672 1524 4391204 8791744
1757726673 1524 4391588 8791744
1757726674 1524 4391588 8791744
1757726675 1524 4391588 8791744
1757726676 1524 4391588 8791744
1757726677 1524 4391588 8791744
1757726678 1524 4391588 8791744
1757726679 1524 4391972 8791744
1757726680 1524 4392740 8791744
1757726681 1524 4393252 8791744
1757726682 1524 4394020 8791744
1757726684 1524 4394788 8791744
1757726685 1524 4395172 8791744
1757726686 1524 4395940 8791744
1757726687 1524 4396708 8791744
1757726688 1524 4397092 8791744
1757726689 1524 4397860 8791744
1757726690 1524 4398244 8791744
1757726691 1524 4399012 8791744
1757726692 1525 4399396 8791744
1757726693 1525 4400164 8791744
1757726694 1524 4401060 8791744
1757726695 1524 4401444 8791744
1757726696 1524 4402212 8791744
1757726697 1524 4402980 8791744
1757726698 1524 4403364 8791744
1757726700 1524 4403364 8791744
1757726701 1524 4403364 8791744
1757726702 1524 4403364 8791744
1757726703 1524 4404132 8791744
1757726704 1525 4404516 8791744
1757726705 1525 4405284 8791744
1757726706 1525 4405668 8791744
1757726707 1525 4405668 8791744
1757726708 1524 4405668 8791744
1757726709 1524 4405668 8791744
1757726710 1524 4405668 8791744
1757726711 1524 4406436 8791744
1757726712 1524 4406820 8791744
1757726713 1524 4407588 8791744
1757726714 1524 4408100 8791744
1757726716 1524 4408868 8791744
1757726717 1524 4409636 8791744
1757726718 1524 4410020 8791744
1757726719 1524 4410788 8791744
1757726720 1524 4411172 8791744
1757726721 1524 4411940 8791744
1757726722 1525 4412708 8791744
1757726723 1525 4413092 8791744
1757726724 1525 4413860 8791744
1757726725 1524 4414756 8791744
1757726726 1524 4415140 8791744
1757726727 1524 4415908 8791744
1757726728 1524 4416292 8791744
1757726729 1524 4417060 8791744
1757726731 1524 4417828 8791744
1757726732 1524 4418212 8791744
1757726733 1524 4418596 8791744
1757726734 1524 4418596 8791744
1757726735 1525 4418596 8791744
1757726736 1525 4418980 8791744
1757726737 1525 4419364 8791744
1757726738 1525 4419364 8791744
1757726739 1525 4419364 8791744
1757726740 1525 4419364 8791744
1757726741 1524 4419364 8791744
1757726742 1524 4419748 8791744
1757726743 1524 4420516 8791744
1757726744 1524 4420900 8791744
1757726745 1524 4421668 8791744
1757726747 1524 4422052 8791744
1757726748 1524 4422820 8791744
1757726749 1524 4423588 8791744
1757726750 1524 4423972 8791744
1757726751 1524 4424740 8791744
1757726752 1524 4425124 8791744
1757726753 1525 4425892 8791744
1757726754 1525 4426788 8791744
1757726755 1525 4427172 8791744
1757726756 1525 4427940 8791744
1757726757 1524 4428708 8791744
1757726758 1524 4429092 8791744
1757726759 1524 4429860 8791744
1757726760 1524 4430628 8791744
1757726762 1524 4431012 8791744
1757726763 1524 4431780 8791744
1757726764 1525 4432292 8791744
1757726765 1525 4433060 8791744
1757726766 1525 4433444 8791744
1757726767 1525 4433444 8791744
1757726768 1525 4433444 8791744
1757726769 1525 4433444 8791744
1757726770 1525 4433444 8791744
1757726771 1525 4433444 8791744
1757726772 1524 4433444 8791744
1757726773 1524 4433444 8791744
1757726774 1524 4433444 8791744
1757726775 1524 4433828 8791744
1757726776 1524 4434596 8791744
1757726777 1524 4435364 8791744
1757726779 1524 4435748 8791744
1757726780 1524 4436516 8791744
1757726781 1524 4436900 8791744
1757726782 1524 4437668 8791744
1757726783 1524 4438052 8791744
1757726784 1525 4438820 8791744
1757726785 1525 4439588 8791744
1757726786 1525 4440356 8791744
1757726787 1525 4440740 8791744
1757726788 1524 4441508 8791744
1757726789 1524 4442276 8791744
1757726790 1524 4442660 8791744
1757726791 1524 4443428 8791744
1757726792 1524 4443812 8791744
1757726794 1525 4444580 8791744
1757726795 1525 4444964 8791744
1757726796 1525 4445860 8791744
1757726797 1525 4446244 8791744
1757726798 1525 4447012 8791744
1757726799 1525 4447396 8791744
1757726800 1525 4447396 8791744
1757726801 1525 4447396 8791744
1757726802 1525 4447396 8791744
1757726803 1524 4447780 8791744
1757726804 1524 4448164 8791744
1757726805 1524 4448548 8791744
1757726806 1524 4448548 8791744
1757726807 1524 4448548 8791744
1757726809 1524 4448932 8791744
1757726810 1524 4449700 8791744
1757726811 1524 4450084 8791744
1757726812 1524 4450852 8791744
1757726813 1524 4451620 8791744
1757726814 1524 4452004 8791744
1757726815 1525 4452900 8791744
1757726816 1525 4453668 8791744
1757726817 1525 4454436 8791744
1757726818 1524 4454820 8791744
1757726819 1524 4455588 8791744
1757726820 1524 4455972 8791744
1757726821 1524 4456740 8791744
1757726822 1524 4457636 8791744
1757726824 1524 4458020 8791744
1757726825 1525 4458788 8791744
1757726826 1525 4459172 8791744
1757726827 1525 4459940 8791744
1757726828 1525 4460324 8791744
1757726829 1525 4461092 8791744
1757726830 1525 4461092 8791744
1757726831 1525 4461476 8791744
1757726832 1525 4461476 8791744
1757726833 1525 4461476 8791744
1757726834 1524 4461476 8791744
1757726835 1524 4461860 8791744
1757726836 1524 4462244 8791744
1757726837 1524 4463012 8791744
1757726839 1524 4463012 8791744
1757726840 1524 4463012 8791744
1757726841 1524 4463012 8791744
1757726842 1524 4463780 8791744
1757726843 1524 4464164 8791744
1757726844 1524 4464932 8791744
1757726845 1525 4465700 8791744
1757726846 1525 4466084 8791744
1757726847 1525 4466852 8791744
1757726848 1525 4467620 8791744
1757726849 1524 4468132 8791744
1757726850 1524 4468900 8791744
1757726851 1524 4469412 8791744
1757726852 1524 4470180 8791744
1757726853 1524 4470948 8791744
1757726855 1524 4471332 8791744
1757726856 1525 4472100 8791744
1757726857 1525 4472868 8791744
1757726858 1525 4473252 8791744
1757726859 1525 4474020 8791744
1757726860 1525 4474404 8791744
1757726861 1525 4474788 8791744
1757726862 1525 4474788 8791744
1757726863 1525 4474788 8791744
1757726864 1525 4474788 8791744
1757726865 1524 4474788 8791744
1757726866 1524 4474788 8791744
1757726867 1524 4474788 8791744
1757726868 1524 4475172 8791744
1757726869 1524 4475556 8791744
1757726870 1524 4476324 8791744
1757726872 1524 4476324 8791744
1757726873 1524 4476324 8791744
1757726874 1524 4476324 8791744
1757726875 1524 4477092 8791744
1757726876 1524 4477860 8791744
1757726877 1524 4478244 8791744
1757726878 1524 4479012 8791744
1757726879 1525 4479396 8791744
1757726880 1525 4480164 8791744
1757726881 1525 4480932 8791744
1757726882 1524 4481316 8791744
1757726883 1524 4482212 8791744
1757726884 1524 4482980 8791744
1757726885 1524 4483748 8791744
1757726886 1524 4484132 8791744
1757726888 1524 4484900 8791744
1757726889 1525 4485284 8791744
1757726890 1525 4486052 8791744
1757726891 1525 4486436 8791744
1757726892 1525 4486820 8791744
1757726893 1525 4486820 8791744
1757726894 1525 4486820 8791744
1757726895 1525 4486820 8791744
1757726896 1525 4487204 8791744
1757726897 1524 4487588 8791744
1757726898 1524 4487972 8791744
1757726899 1524 4487972 8791744
1757726900 1524 4487972 8791744
1757726901 1524 4488356 8791744
1757726903 1524 4488740 8791744
1757726904 1524 4489124 8791744
1757726905 1524 4489508 8791744
1757726906 1524 4489508 8791744
1757726907 1524 4489508 8791744
1757726908 1524 4490404 8791744
1757726909 1525 4491172 8791744
1757726910 1525 4491556 8791744
1757726911 1525 4492324 8791744
1757726912 1525 4492708 8791744
1757726913 1524 4493476 8791744
1757726914 1524 4493860 8791744
1757726915 1524 4494628 8791744
1757726916 1524 4495396 8791744
1757726917 1524 4496164 8791744
1757726919 1524 4496548 8791744
1757726920 1525 4497316 8791744
1757726921 1525 4497700 8791744
1757726922 1525 4498596 8791744
1757726923 1525 4498980 8791744
1757726924 1525 4498980 8791744
1757726925 1525 4498980 8791744
1757726926 1525 4498980 8791744
1757726927 1525 4499364 8791744
1757726928 1524 4499748 8791744
1757726929 1524 4500516 8791744
1757726930 1524 4501284 8791744
1757726931 1524 4501668 8791744
1757726932 1524 4501668 8791744
1757726934 1524 4501668 8791744
1757726935 1524 4501668 8791744
1757726936 1524 4502180 8791744
1757726937 1524 4502948 8791744
1757726938 1524 4502948 8791744
1757726939 1525 4502948 8791744
1757726940 1525 4503332 8791744
1757726941 1525 4503716 8791744
1757726942 1525 4504484 8791744
1757726943 1525 4505252 8791744
1757726944 1524 4505636 8791744
1757726945 1524 4506404 8791744
1757726946 1524 4507172 8791744
1757726947 1524 4507556 8791744
1757726948 1524 4508324 8791744
1757726950 1525 4508708 8791744
1757726951 1525 4509604 8791744
1757726952 1525 4510372 8791744
1757726953 1525 4510756 8791744
1757726954 1525 4511140 8791744
1757726955 1525 4511140 8791744
1757726956 1525 4511140 8791744
1757726957 1525 4511140 8791744
1757726958 1525 4511524 8791744
1757726959 1524 4511908 8791744
1757726960 1524 4512676 8791744
1757726961 1524 4513060 8791744
1757726962 1524 4513828 8791744
1757726963 1524 4514596 8791744
1757726965 1524 4514980 8791744
1757726966 1525 4514980 8791744
1757726967 1525 4514980 8791744
1757726968 1525 4514980 8791744
1757726969 1525 4515748 8791744
1757726970 1525 4516132 8791744
1757726971 1525 4516132 8791744
1757726972 1525 4516132 8791744
1757726973 1525 4516516 8791744
1757726974 1525 4517412 8791744
1757726975 1524 4517796 8791744
1757726976 1524 4518564 8791744
1757726977 1524 4519332 8791744
1757726978 1524 4519716 8791744
1757726979 1525 4520484 8791744
1757726981 1525 4520868 8791744
1757726982 1525 4521636 8791744
1757726983 1525 4522020 8791744
1757726984 1525 4522020 8791744
1757726985 1525 4522020 8791744
1757726986 1525 4522020 8791744
1757726987 1525 4522020 8791744
1757726988 1525 4522020 8791744
1757726989 1525 4522404 8791744
1757726990 1524 4522916 8791744
1757726991 1524 4523684 8791744
1757726992 1524 4523684 8791744
1757726993 1524 4523684 8791744
1757726994 1524 4523684 8791744
1757726996 1524 4523684 8791744
1757726997 1525 4523684 8791744
1757726998 1525 4523684 8791744
1757726999 1525 4523684 8791744
1757727000 1525 4523684 8791744
1757727001 1525 4523684 8791744
1757727002 1525 4523684 8791744
1757727003 1525 4523684 8791744
1757727004 1525 4523684 8791744
1757727005 1525 4523684 8791744
1757727006 1524 4523684 8791744
1757727007 1524 4523684 8791744
1757727008 1524 4523684 8791744
1757727009 1524 4523684 8791744
1757727010 1524 4523684 8791744
1757727012 1525 4523684 8791744
1757727013 1525 4523684 8791744
1757727014 1525 4523684 8791744
1757727015 1525 4523684 8791744
1757727016 1525 4523684 8791744
1757727017 1525 4523684 8791744
1757727018 1525 4523684 8791744
1757727019 1525 4523684 8791744
1757727020 1525 4523684 8791744
1757727021 1524 4523684 8791744
1757727022 1524 4523684 8791744
1757727023 1524 4523684 8791744
1757727024 1524 4523684 8791744
1757727025 1524 4523684 8791744
1757727027 1524 4523684 8791744
1757727028 1525 4523684 8791744
1757727029 1525 4523684 8791744
1757727030 1525 4523684 8791744
1757727031 1525 4523684 8791744
1757727032 1525 4523684 8791744
1757727033 1525 4523684 8791744
1757727034 1525 4523684 8791744
1757727035 1525 4523684 8791744
1757727036 1525 4523684 8791744
1757727037 1524 4523684 8791744
1757727038 1524 4523684 8791744
1757727039 1524 4523684 8791744
1757727040 1524 4523684 8791744
1757727041 1525 4523684 8791744
1757727043 1525 4523684 8791744
1757727044 1525 4523684 8791744
1757727045 1525 4523684 8791744
1757727046 1525 4523684 8791744
1757727047 1525 4523684 8791744
1757727048 1525 4523684 8791744
1757727049 1525 4523684 8791744
1757727050 1525 4523684 8791744
1757727051 1525 4523684 8791744
1757727052 1524 4523684 8791744
1757727053 1524 4523684 8791744
1757727054 1524 4523684 8791744
1757727055 1524 4523684 8791744
1757727057 1524 4523684 8791744
1757727058 1525 4523684 8791744
1757727059 1525 4523684 8791744
1757727060 1525 4523684 8791744
1757727061 1525 4523684 8791744
1757727062 1525 4523684 8791744
1757727063 1525 4523684 8791744
1757727064 1525 4523684 8791744
1757727065 1525 4523684 8791744
1757727066 1525 4523684 8791744
1757727067 1524 4523684 8791744
1757727068 1524 4523684 8791744
1757727069 1524 4523684 8791744
1757727070 1524 4523684 8791744
1757727071 1524 4523684 8791744
1757727073 1525 4523684 8791744
1757727074 1525 4523684 8791744
1757727075 1525 4523684 8791744
1757727076 1525 4523684 8791744
1757727077 1525 4523684 8791744
1757727078 1525 4523684 8791744
1757727079 1525 4523684 8791744
1757727080 1525 4523684 8791744
1757727081 1525 4523684 8791744
1757727082 1524 4523684 8791744
1757727083 1524 4523684 8791744
1757727084 1524 4523684 8791744
1757727085 1524 4523684 8791744
1757727086 1524 4523684 8791744
1757727088 1524 4523684 8791744
1757727089 1525 4523684 8791744
1757727090 1525 4523684 8791744
1757727091 1525 4523684 8791744
1757727092 1525 4523684 8791744
1757727093 1525 4523684 8791744
1757727094 1525 4523684 8791744
1757727095 1525 4523684 8791744
1757727096 1525 4523684 8791744
1757727097 1525 4523684 8791744
1757727098 1524 4523684 8791744
1757727099 1524 4523684 8791744
1757727100 1524 4523684 8791744
1757727101 1525 4523684 8791744
1757727102 1525 4523684 8791744
1757727104 1525 4523684 8791744
1757727105 1525 4523684 8791744
1757727106 1525 4523684 8791744
1757727107 1525 4523684 8791744
1757727108 1525 4523684 8791744
1757727109 1525 4523684 8791744
1757727110 1525 4523684 8791744
1757727111 1525 4523684 8791744
1757727112 1525 4523684 8791744
1757727113 1524 4523684 8791744
1757727114 1524 4523684 8791744
1757727115 1524 4523684 8791744
1757727116 1524 4523684 8791744
1757727117 1524 4523684 8791744
1757727119 1524 3810592 5129632
1757727120 1525 3810592 5129632
1757727121 1525 3810592 5129632
1757727122 1525 3810592 5129632
1757727123 1525 3810592 5129632
1757727124 1525 3810592 5129632
1757727125 1525 3810592 5129632
1757727126 1524 3810592 5129632
1757727127 1524 549900 2688224
