1757681678  0.0 15232 675456
1757681679 1445 230720 1759488
1757681680 1561 231744 1759488
1757681681 1600 233024 1759488
1757681682 1301 234176 1759488
1757681683 1359 235328 1759488
1757681684 1407 236480 1759488
1757681685 1440 237632 1759488
1757681686 1468 238656 1759488
1757681688 1473 239808 1759488
1757681689 1475 240704 1759488
1757681690 1475 241472 1759488
1757681691 1489 242752 1759488
1757681692 1502 243904 1759488
1757681693 1515 245056 1759488
1757681694 1517 245952 1759488
1757681695 1515 246848 1759488
1757681696 1516 247360 1759488
1757681697 1516 248256 1759488
1757681698 1452 249280 1759488
1757681699 1458 250560 1759488
1757681700 1469 251712 1759488
1757681701 1476 252864 1759488
1757681703 1485 254016 1759488
1757681704 1492 255168 1759488
1757681705 1500 256320 1759488
1757681706 1507 257472 1759488
1757681707 1512 258624 1759488
1757681708 1519 259776 1759488
1757681709 1524 260928 1759488
1757681710 1529 262080 1759488
1757681711 1534 263360 1759488
1757681712 1538 264512 1759488
1757681713 1498 265664 1759488
1757681714 1504 266816 1759488
1757681715 1508 267968 1759488
1757681716 1513 268992 1759488
1757681717 1517 268992 1759488
1757681719 1521 268992 1759488
1757681720 1526 268992 1759488
1757681721 1525 268992 1759488
1757681722 1524 268992 1759488
1757681723 1523 268992 1759488
1757681724 1526 268992 1759488
1757681725 1526 268992 1759488
1757681726 1527 268992 1759488
