1757682739  0.0 14720 675324
1757682740  849 644912 2639092
1757682741 1260 645808 2639092
1757682742 1383 646832 2639092
1757682743 1461 647728 2639092
1757682744 1503 648624 2639092
1757682745 1535 649648 2639092
1757682746 1553 650544 2639092
1757682747 1569 651568 2639092
1757682748 1395 652464 2639092
1757682749 1422 653488 2639092
1757682750 1438 654384 2639092
1757682751 1446 655408 2639092
1757682752 1455 656304 2639092
1757682754 1470 657200 2639092
1757682755 1478 658224 2639092
1757682756 1478 659248 2639092
1757682757 1481 659888 2639092
1757682758 1481 660784 2639092
1757682759 1485 661680 2639092
1757682760 1483 662576 2639092
1757682761 1487 663216 2639092
1757682762 1490 664240 2639092
1757682763 1439 665264 2639092
1757682764 1448 666160 2639092
1757682765 1457 667056 2639092
1757682766 1465 668336 2639092
1757682767 1473 669232 2639092
1757682769 1479 670256 2639092
1757682770 1485 671280 2639092
1757682771 1493 672176 2639092
1757682772 1498 673072 2639092
1757682773 1504 674096 2639092
1757682774 1509 675248 2639092
1757682775 1515 676272 2639092
1757682776 1519 677168 2639092
1757682777 1524 678064 2639092
1757682778 1491 679344 2639092
1757682779 1495 680240 2639092
1757682780 1500 681136 2639092
1757682781 1503 682160 2639092
1757682782 1507 683056 2639092
1757682784 1509 683952 2639092
1757682785 1511 684976 2639092
1757682786 1512 685872 2639092
1757682787 1513 686768 2639092
1757682788 1513 687408 2639092
1757682789 1513 688304 2639092
1757682790 1515 689200 2639092
1757682791 1516 690096 2639092
1757682792 1489 691120 2639092
1757682793 1487 691888 2639092
1757682794 1488 692528 2639092
1757682795 1491 693424 2639092
1757682796 1494 694704 2639092
1757682798 1497 695344 2639092
1757682799 1500 696624 2639092
1757682800 1503 697520 2639092
1757682801 1506 698416 2639092
1757682802 1509 699440 2639092
1757682803 1512 700336 2639092
1757682804 1515 701616 2639092
1757682805 1517 702512 2639092
1757682806 1520 703408 2639092
1757682807 1522 704432 2639092
1757682808 1503 705328 2639092
1757682809 1505 706224 2639092
1757682810 1508 707248 2639092
1757682811 1510 708144 2639092
1757682813 1511 709040 2639092
1757682814 1514 709936 2639092
1757682815 1516 711216 2639092
1757682816 1518 712240 2639092
1757682817 1519 713136 2639092
1757682818 1518 714160 2639092
1757682819 1517 714672 2639092
1757682820 1517 715696 2639092
1757682821 1516 716464 2639092
1757682822 1517 717360 2639092
1757682823 1500 718384 2639092
1757682824 1503 719280 2639092
1757682825 1504 720176 2639092
1757682826 1505 721200 2639092
1757682828 1506 722096 2639092
1757682829 1507 722992 2639092
1757682830 1509 724016 2639092
1757682831 1511 724912 2639092
1757682832 1513 725808 2639092
1757682833 1515 727088 2639092
1757682834 1516 727984 2639092
1757682835 1518 728880 2639092
1757682836 1520 729904 2639092
1757682837 1521 730800 2639092
1757682838 1507 731696 2639092
1757682839 1508 732720 2639092
1757682840 1510 733616 2639092
1757682841 1512 734512 2639092
1757682842 1512 735536 2639092
1757682843 1514 736432 2639092
1757682845 1515 737328 2639092
1757682846 1517 738224 2639092
1757682847 1518 739248 2639092
1757682848 1520 740144 2639092
1757682849 1521 741424 2639092
1757682850 1519 742064 2639092
1757682851 1517 742704 2639092
1757682852 1515 743344 2639092
1757682853 1516 744624 2639092
1757682854 1517 745264 2639092
1757682855 1505 746160 2639092
1757682856 1506 747056 2639092
1757682857 1508 748336 2639092
1757682858 1509 749232 2639092
1757682860 1509 750000 2639092
1757682861 1509 750896 2639092
1757682862 1510 751792 2639092
1757682863 1512 752816 2639092
1757682864 1513 753712 2639092
1757682865 1515 754608 2639092
1757682866 1516 755632 2639092
1757682867 1517 756784 2639092
1757682868 1518 757808 2639092
1757682869 1520 758704 2639092
1757682870 1509 759600 2639092
1757682871 1511 760624 2639092
1757682872 1512 761520 2639092
1757682873 1513 762416 2639092
1757682874 1514 763696 2639092
1757682876 1515 764720 2639092
1757682877 1517 765616 2639092
1757682878 1518 766512 2639092
1757682879 1519 767536 2639092
1757682880 1520 768816 2639092
1757682881 1520 769456 2639092
1757682882 1520 770480 2639092
1757682883 1519 771120 2639092
1757682884 1518 771632 2639092
1757682885 1517 772528 2639092
1757682886 1508 773552 2639092
1757682887 1509 774448 2639092
1757682888 1511 775472 2639092
1757682889 1511 776368 2639092
1757682891 1512 777264 2639092
1757682892 1513 778288 2639092
1757682893 1514 779184 2639092
1757682894 1514 780080 2639092
1757682895 1514 780976 2639092
1757682896 1515 781872 2639092
1757682897 1516 782768 2639092
1757682898 1517 783792 2639092
1757682899 1518 784688 2639092
1757682900 1519 785968 2639092
1757682901 1520 786864 2639092
1757682902 1512 787760 2639092
1757682903 1512 788656 2639092
1757682904 1513 789552 2639092
1757682905 1514 790576 2639092
1757682906 1515 791856 2639092
1757682908 1516 792752 2639092
1757682909 1517 793648 2639092
1757682910 1518 794672 2639092
1757682911 1519 795568 2639092
1757682912 1519 796464 2639092
1757682913 1519 797104 2639092
1757682914 1519 797872 2639092
1757682915 1518 798512 2639092
1757682916 1518 799408 2639092
1757682917 1510 800304 2639092
1757682918 1510 801328 2639092
1757682919 1511 801968 2639092
1757682920 1512 803248 2639092
1757682921 1513 804144 2639092
1757682923 1514 805168 2639092
1757682924 1515 806064 2639092
1757682925 1515 806960 2639092
1757682926 1516 807856 2639092
1757682927 1516 808496 2639092
1757682928 1516 809392 2639092
1757682929 1517 810288 2639092
1757682930 1518 811184 2639092
1757682931 1519 812464 2639092
1757682932 1520 813360 2639092
1757682933 1513 814384 2639092
1757682934 1513 815280 2639092
1757682935 1514 816176 2639092
1757682936 1515 817200 2639092
1757682938 1516 818096 2639092
1757682939 1517 819376 2639092
1757682940 1518 820272 2639092
1757682941 1519 820528 2639092
1757682942 1519 820528 2639092
1757682943 1519 820528 2639092
1757682944 1519 820528 2639092
1757682945 1518 820528 2639092
1757682946 1518 820528 2639092
1757682947 1518 820528 2639092
1757682948 1511 820528 2639092
1757682949 1512 820528 2639092
1757682950 1512 820528 2639092
1757682951 1513 820528 2639092
1757682952 1513 820528 2639092
1757682954 1514 820528 2639092
1757682955 1515 820528 2639092
1757682956 1515 820528 2639092
1757682957 1516 820528 2639092
1757682958 1517 820528 2639092
1757682959 1517 820528 2639092
1757682960 1517 820528 2639092
1757682961 1517 820528 2639092
1757682962 1517 820528 2639092
1757682963 1512 820528 2639092
1757682964 1512 820528 2639092
1757682965 1513 728988 2444224
