1757683421  0.0 15872 676480
1757683422  792 755396 2214992
1757683423 1150 644740 2638392
1757683424 1000 645764 2638392
1757683425 1130 646660 2638392
1757683426 1221 647940 2638392
1757683427 1271 648580 2638392
1757683428 1305 649476 2638392
1757683430 1338 650372 2638392
1757683431 1372 651396 2638392
1757683432 1401 652292 2638392
1757683433 1423 653188 2638392
1757683434 1445 654212 2638392
1757683435 1458 655236 2638392
1757683436 1474 656132 2638392
1757683437 1486 657028 2638392
1757683438 1499 658052 2638392
1757683439 1507 658948 2638392
1757683440 1434 659972 2638392
1757683441 1437 660484 2638392
1757683442 1447 661508 2638392
1757683443 1451 662404 2638392
1757683445 1453 663172 2638392
1757683446 1460 664196 2638392
1757683447 1469 665092 2638392
1757683448 1477 665988 2638392
1757683449 1479 667012 2638392
1757683450 1483 667908 2638392
1757683451 1487 668804 2638392
1757683452 1494 669828 2638392
1757683453 1500 670724 2638392
1757683454 1460 671620 2638392
1757683455 1466 672644 2638392
1757683456 1472 673540 2638392
1757683457 1478 674820 2638392
1757683458 1482 675460 2638392
1757683460 1488 676612 2638392
1757683461 1490 677636 2638392
1757683462 1493 678532 2638392
1757683463 1495 679428 2638392
1757683464 1499 680452 2638392
1757683465 1503 681348 2638392
1757683466 1507 682244 2638392
1757683467 1512 683268 2638392
1757683468 1515 684164 2638392
1757683469 1488 685444 2638392
1757683470 1492 686340 2638392
1757683471 1493 687236 2638392
1757683472 1493 687876 2638392
1757683474 1496 688900 2638392
1757683475 1495 689540 2638392
1757683476 1495 690692 2638392
1757683477 1497 691588 2638392
1757683478 1500 692484 2638392
1757683479 1503 693380 2638392
1757683480 1506 694404 2638392
1757683481 1509 695300 2638392
1757683482 1509 696324 2638392
1757683483 1509 696836 2638392
1757683484 1486 697732 2638392
1757683485 1489 698756 2638392
1757683486 1492 700036 2638392
1757683487 1495 700932 2638392
1757683488 1498 701828 2638392
1757683490 1501 702724 2638392
1757683491 1503 703748 2638392
1757683492 1506 704644 2638392
1757683493 1508 705540 2638392
1757683494 1508 706436 2638392
1757683495 1509 707332 2638392
1757683496 1510 708228 2638392
1757683497 1512 709252 2638392
1757683498 1514 710276 2638392
1757683499 1516 711172 2638392
1757683500 1499 712452 2638392
1757683501 1502 713348 2638392
1757683502 1503 714372 2638392
1757683503 1502 715012 2638392
1757683504 1504 716036 2638392
1757683506 1504 716932 2638392
1757683507 1504 717956 2638392
1757683508 1505 718980 2638392
1757683509 1508 719876 2638392
1757683510 1509 720772 2638392
1757683511 1511 721668 2638392
1757683512 1513 722692 2638392
1757683513 1515 723588 2638392
1757683514 1516 724484 2638392
1757683515 1500 725380 2638392
1757683516 1501 726404 2638392
1757683517 1502 727300 2638392
1757683518 1505 728196 2638392
1757683519 1506 729220 2638392
1757683521 1508 730372 2638392
1757683522 1510 731396 2638392
1757683523 1511 732292 2638392
1757683524 1513 733188 2638392
1757683525 1515 734212 2638392
1757683526 1516 735108 2638392
1757683527 1517 736004 2638392
1757683528 1517 736900 2638392
1757683529 1518 737924 2638392
1757683530 1505 738436 2638392
1757683531 1506 739332 2638392
1757683532 1508 740612 2638392
1757683533 1509 741508 2638392
1757683534 1509 742148 2638392
1757683536 1509 743172 2638392
1757683537 1510 744196 2638392
1757683538 1510 745092 2638392
1757683539 1510 745860 2638392
1757683540 1511 746884 2638392
1757683541 1512 747780 2638392
1757683542 1514 749060 2638392
1757683543 1515 749956 2638392
1757683544 1517 750980 2638392
1757683545 1517 751876 2638392
1757683546 1507 752900 2638392
1757683547 1508 753796 2638392
1757683548 1509 754692 2638392
1757683549 1509 755716 2638392
1757683551 1510 756612 2638392
1757683552 1511 757508 2638392
1757683553 1513 758404 2638392
1757683554 1514 759428 2638392
1757683555 1515 760324 2638392
1757683556 1516 761220 2638392
1757683557 1517 762244 2638392
1757683558 1518 763524 2638392
1757683559 1520 764420 2638392
1757683560 1521 765444 2638392
1757683561 1510 766212 2638392
1757683562 1511 766852 2638392
1757683563 1511 767748 2638392
1757683564 1511 768772 2638392
1757683565 1511 769796 2638392
1757683567 1512 770436 2638392
1757683568 1512 771332 2638392
1757683569 1512 772228 2638392
1757683570 1512 772740 2638392
1757683571 1513 773764 2638392
1757683572 1514 774916 2638392
1757683573 1515 775940 2638392
1757683574 1516 776836 2638392
1757683575 1517 777732 2638392
1757683576 1518 778756 2638392
1757683577 1509 779652 2638392
1757683578 1511 780676 2638392
1757683579 1512 781572 2638392
1757683580 1512 782468 2638392
1757683581 1513 783364 2638392
1757683583 1513 784516 2638392
1757683584 1514 785156 2638392
1757683585 1515 786308 2638392
1757683586 1516 787332 2638392
1757683587 1517 788228 2638392
1757683588 1518 789124 2638392
1757683589 1519 790148 2638392
1757683590 1520 791044 2638392
1757683591 1521 792068 2638392
1757683592 1513 792964 2638392
1757683593 1514 793860 2638392
1757683594 1515 795140 2638392
1757683595 1514 795780 2638392
1757683596 1514 796676 2638392
1757683598 1514 797188 2638392
1757683599 1514 798084 2638392
1757683600 1513 798596 2638392
1757683601 1513 799108 2638392
1757683602 1514 800388 2638392
1757683603 1515 801284 2638392
1757683604 1516 802308 2638392
1757683605 1517 803204 2638392
1757683606 1518 804100 2638392
1757683607 1510 805124 2638392
1757683608 1511 806148 2638392
1757683609 1512 807044 2638392
1757683610 1513 807940 2638392
1757683611 1514 809220 2638392
1757683613 1515 810116 2638392
1757683614 1515 811140 2638392
1757683615 1515 811780 2638392
1757683616 1515 812676 2638392
1757683617 1516 813572 2638392
1757683618 1517 814596 2638392
1757683619 1518 815492 2638392
1757683620 1519 816388 2638392
1757683621 1519 817412 2638392
1757683622 1513 818308 2638392
1757683623 1513 819332 2638392
1757683624 1514 819972 2638392
1757683625 1515 819972 2638392
1757683626 1515 819972 2638392
1757683628 1515 819972 2638392
1757683629 1516 819972 2638392
1757683630 1515 819972 2638392
1757683631 1514 819972 2638392
1757683632 1515 819972 2638392
1757683633 1514 819972 2638392
1757683634 1515 819972 2638392
1757683635 1516 819972 2638392
1757683636 1516 819972 2638392
1757683637 1517 819972 2638392
1757683638 1511 819972 2638392
1757683639 1511 819972 2638392
1757683640 1512 819972 2638392
1757683641 1513 819972 2638392
1757683643 1514 819972 2638392
1757683644 1515 819972 2638392
1757683645 1515 819972 2638392
1757683646 1516 819972 2638392
1757683647 1516 819972 2638392
1757683648 1516 949632 2638840
