1757688757  0.0 15744 642688
1757688758  299 934044 2275936
1757688759  721 1405760 3192248
1757688760  919 1305836 4104100
1757688761 1116 1306732 4104100
1757688762 1227 1307628 4104100
1757688764 1304 1308396 4104100
1757688765 1355 1309292 4104100
1757688766 1396 1310316 4104100
1757688767 1428 1310956 4104100
1757688768 1446 1311852 4104100
1757688769 1467 1312620 4104100
1757688770 1473 1313516 4104100
1757688771 1490 1314284 4104100
1757688772 1502 1315180 4104100
1757688773 1515 1316076 4104100
1757688774 1429 1316716 4104100
1757688775 1444 1317740 4104100
1757688776 1447 1318380 4104100
1757688777 1454 1319276 4104100
1757688778 1457 1319916 4104100
1757688780 1465 1320940 4104100
1757688781 1475 1321580 4104100
1757688782 1478 1322604 4104100
1757688783 1481 1323244 4104100
1757688784 1473 1324012 4104100
1757688785 1466 1324780 4104100
1757688786 1471 1325676 4104100
1757688787 1475 1326316 4104100
1757688788 1471 1326956 4104100
1757688789 1474 1327852 4104100
1757688790 1431 1328620 4104100
1757688791 1432 1329388 4104100
1757688792 1439 1330284 4104100
1757688793 1443 1331052 4104100
1757688794 1449 1331948 4104100
1757688796 1455 1332844 4104100
1757688797 1462 1333612 4104100
1757688798 1466 1334508 4104100
1757688799 1472 1335276 4104100
1757688800 1474 1336172 4104100
1757688801 1479 1336812 4104100
1757688802 1481 1337836 4104100
1757688803 1485 1338476 4104100
1757688804 1490 1339372 4104100
1757688805 1494 1340396 4104100
1757688806 1467 1341164 4104100
1757688807 1469 1342060 4104100
1757688808 1472 1342828 4104100
1757688809 1475 1343724 4104100
1757688810 1476 1344364 4104100
1757688812 1477 1345388 4104100
1757688813 1481 1346028 4104100
1757688814 1481 1347052 4104100
1757688815 1479 1347692 4104100
1757688816 1478 1348332 4104100
1757688817 1478 1349100 4104100
1757688818 1479 1349996 4104100
1757688819 1476 1350636 4104100
1757688820 1479 1351404 4104100
1757688821 1481 1352300 4104100
1757688822 1482 1353068 4104100
1757688823 1460 1353836 4104100
1757688824 1460 1354348 4104100
1757688825 1462 1355116 4104100
1757688826 1465 1356012 4104100
1757688827 1468 1356780 4104100
1757688829 1471 1357676 4104100
1757688830 1474 1358572 4104100
1757688831 1476 1359340 4104100
1757688832 1479 1360364 4104100
1757688833 1482 1361260 4104100
1757688834 1484 1361900 4104100
1757688835 1487 1362924 4104100
1757688836 1489 1363820 4104100
1757688837 1492 1364588 4104100
1757688838 1476 1365484 4104100
1757688839 1478 1366252 4104100
1757688840 1480 1367148 4104100
1757688841 1483 1368172 4104100
1757688842 1484 1368812 4104100
1757688844 1484 1369708 4104100
1757688845 1481 1370476 4104100
1757688846 1477 1370988 4104100
1757688847 1475 1371756 4104100
1757688848 1477 1372652 4104100
1757688849 1476 1373292 4104100
1757688850 1475 1374060 4104100
1757688851 1477 1374956 4104100
1757688852 1478 1375596 4104100
1757688853 1479 1376364 4104100
1757688854 1481 1377260 4104100
1757688855 1467 1378028 4104100
1757688856 1468 1378924 4104100
1757688857 1469 1379692 4104100
1757688858 1470 1380588 4104100
1757688859 1473 1381484 4104100
1757688861 1474 1382252 4104100
1757688862 1476 1383148 4104100
1757688863 1478 1383788 4104100
1757688864 1479 1384812 4104100
1757688865 1481 1385708 4104100
1757688866 1483 1386476 4104100
1757688867 1485 1387372 4104100
1757688868 1487 1388268 4104100
1757688869 1489 1389036 4104100
1757688870 1477 1389932 4104100
1757688871 1479 1390828 4104100
1757688872 1481 1391596 4104100
1757688873 1482 1392492 4104100
1757688874 1484 1393260 4104100
1757688875 1482 1393900 4104100
1757688877 1478 1394668 4104100
1757688878 1475 1395308 4104100
1757688879 1476 1395948 4104100
1757688880 1476 1396972 4104100
1757688881 1476 1397740 4104100
1757688882 1477 1398508 4104100
1757688883 1479 1399276 4104100
1757688884 1480 1400172 4104100
1757688885 1481 1400940 4104100
1757688886 1483 1401836 4104100
1757688887 1483 1402604 4104100
1757688888 1473 1403372 4104100
1757688889 1473 1404140 4104100
1757688890 1472 1404908 4104100
1757688891 1472 1405548 4104100
1757688892 1473 1406444 4104100
1757688894 1475 1407212 4104100
1757688895 1476 1408108 4104100
1757688896 1477 1408876 4104100
1757688897 1478 1409772 4104100
1757688898 1480 1410668 4104100
1757688899 1481 1411436 4104100
1757688900 1483 1412332 4104100
1757688901 1484 1413228 4104100
1757688902 1486 1413996 4104100
1757688903 1487 1414892 4104100
1757688904 1488 1415660 4104100
1757688905 1479 1416556 4104100
1757688906 1478 1417196 4104100
1757688907 1477 1417836 4104100
1757688908 1476 1418604 4104100
1757688909 1475 1419372 4104100
1757688911 1474 1420012 4104100
1757688912 1473 1420780 4104100
1757688913 1474 1421804 4104100
1757688914 1475 1422700 4104100
1757688915 1475 1423340 4104100
1757688916 1477 1423980 4104100
1757688917 1478 1424876 4104100
1757688918 1479 1425900 4104100
1757688919 1481 1426540 4104100
1757688920 1481 1427564 4104100
1757688921 1483 1428460 4104100
1757688922 1474 1429100 4104100
1757688923 1475 1430124 4104100
1757688924 1475 1430764 4104100
1757688925 1476 1431660 4104100
1757688926 1477 1432428 4104100
1757688928 1479 1433324 4104100
1757688929 1480 1434348 4104100
1757688930 1481 1434988 4104100
1757688931 1482 1435884 4104100
1757688932 1483 1436652 4104100
1757688933 1484 1437548 4104100
1757688934 1485 1438572 4104100
1757688935 1486 1439212 4104100
1757688936 1487 1440236 4104100
1757688937 1487 1440876 4104100
1757688938 1477 1441644 4104100
1757688939 1477 1442412 4104100
1757688940 1477 1443308 4104100
1757688941 1478 1443948 4104100
1757688942 1476 1444716 4104100
1757688943 1475 1445356 4104100
1757688944 1475 1446124 4104100
1757688946 1475 1447020 4104100
1757688947 1476 1447788 4104100
1757688948 1477 1448684 4104100
1757688949 1478 1449452 4104100
1757688950 1479 1450348 4104100
1757688951 1480 1451372 4104100
1757688952 1481 1452012 4104100
1757688953 1482 1452908 4104100
1757688954 1483 1453676 4104100
1757688955 1484 1454572 4104100
1757688956 1477 1455596 4104100
1757688957 1477 1456236 4104100
1757688958 1476 1456876 4104100
1757688959 1476 1457516 4104100
1757688960 1477 1458156 4104100
1757688961 1478 1459052 4104100
1757688963 1479 1460076 4104100
1757688964 1480 1460716 4104100
1757688965 1480 1461612 4104100
1757688966 1481 1462380 4104100
1757688967 1482 1463276 4104100
1757688968 1483 1464172 4104100
1757688969 1482 1464684 4104100
1757688970 1482 1465708 4104100
1757688971 1482 1466476 4104100
1757688972 1475 1467500 4104100
1757688973 1475 1468140 4104100
1757688974 1475 1468908 4104100
1757688975 1475 1469932 4104100
1757688976 1475 1470572 4104100
1757688978 1475 1471340 4104100
1757688979 1476 1472236 4104100
1757688980 1477 1473004 4104100
1757688981 1478 1473900 4104100
1757688982 1479 1474796 4104100
1757688983 1480 1475564 4104100
1757688984 1481 1476460 4104100
1757688985 1481 1477228 4104100
1757688986 1482 1478124 4104100
1757688987 1483 1479020 4104100
1757688988 1477 1479788 4104100
1757688989 1477 1480812 4104100
1757688990 1478 1481324 4104100
1757688991 1477 1481964 4104100
1757688992 1477 1482604 4104100
1757688994 1478 1483500 4104100
1757688995 1479 1484524 4104100
1757688996 1480 1485164 4104100
1757688997 1481 1486188 4104100
1757688998 1482 1487084 4104100
1757688999 1482 1487724 4104100
1757689000 1482 1488492 4104100
1757689001 1481 1489260 4104100
1757689002 1480 1490284 4104100
1757689003 1481 1490924 4104100
1757689004 1481 1491692 4104100
1757689005 1474 1492332 4104100
1757689006 1474 1492972 4104100
1757689007 1474 1493996 4104100
1757689008 1474 1494764 4104100
1757689009 1474 1495404 4104100
1757689010 1474 1496300 4104100
1757689012 1475 1496940 4104100
1757689013 1476 1497964 4104100
1757689014 1477 1498860 4104100
1757689015 1477 1499628 4104100
1757689016 1478 1500524 4104100
1757689017 1478 1501292 4104100
1757689018 1479 1502188 4104100
1757689019 1480 1502956 4104100
1757689020 1480 1503852 4104100
1757689021 1481 1504748 4104100
1757689022 1476 1505516 4104100
1757689023 1476 1506412 4104100
1757689024 1476 1507180 4104100
1757689025 1477 1508076 4104100
1757689026 1478 1508844 4104100
1757689028 1479 1509740 4104100
1757689029 1479 1510764 4104100
1757689030 1480 1511276 4104100
1757689031 1480 1512044 4104100
1757689032 1479 1512812 4104100
1757689033 1479 1513708 4104100
1757689034 1479 1514476 4104100
1757689035 1479 1515372 4104100
1757689036 1479 1516012 4104100
1757689037 1474 1516780 4104100
1757689038 1475 1517676 4104100
1757689039 1476 1518700 4104100
1757689040 1476 1519340 4104100
1757689041 1476 1520108 4104100
1757689043 1476 1520876 4104100
1757689044 1476 1521772 4104100
1757689045 1477 1522668 4104100
1757689046 1478 1523436 4104100
1757689047 1478 1524332 4104100
1757689048 1479 1525228 4104100
1757689049 1480 1525996 4104100
1757689050 1480 1526892 4104100
1757689051 1481 1527532 4104100
1757689052 1481 1528556 4104100
1757689053 1477 1529196 4104100
1757689054 1477 1530092 4104100
1757689055 1478 1530860 4104100
1757689056 1478 1531756 4104100
1757689057 1478 1532524 4104100
1757689059 1478 1533420 4104100
1757689060 1479 1534188 4104100
1757689061 1480 1535084 4104100
1757689062 1479 1535852 4104100
1757689063 1478 1536364 4104100
1757689064 1478 1537132 4104100
1757689065 1479 1537900 4104100
1757689066 1478 1538796 4104100
1757689067 1479 1539564 4104100
1757689068 1479 1540588 4104100
1757689069 1475 1541228 4104100
1757689070 1476 1542124 4104100
1757689071 1476 1543148 4104100
1757689072 1477 1543788 4104100
1757689073 1477 1544812 4104100
1757689074 1477 1545452 4104100
1757689076 1478 1546220 4104100
1757689077 1478 1547116 4104100
1757689078 1479 1548012 4104100
1757689079 1479 1548780 4104100
1757689080 1480 1549676 4104100
1757689081 1480 1550444 4104100
1757689082 1480 1551340 4104100
1757689083 1481 1552108 4104100
1757689084 1481 1552876 4104100
1757689085 1482 1553644 4104100
1757689086 1478 1554284 4104100
1757689087 1478 1555308 4104100
1757689088 1478 1555948 4104100
1757689089 1478 1556972 4104100
1757689090 1478 1557612 4104100
1757689092 1478 1558380 4104100
1757689093 1478 1559276 4104100
1757689094 1478 1560044 4104100
1757689095 1478 1560812 4104100
1757689096 1478 1561708 4104100
1757689097 1478 1562476 4104100
1757689098 1478 1563116 4104100
1757689099 1478 1564012 4104100
1757689100 1479 1564780 4104100
1757689101 1479 1565676 4104100
1757689102 1480 1566444 4104100
1757689103 1476 1567212 4104100
1757689104 1477 1568236 4104100
1757689105 1477 1568876 4104100
1757689106 1477 1569644 4104100
1757689107 1477 1570412 4104100
1757689109 1477 1571052 4104100
1757689110 1477 1572076 4104100
1757689111 1477 1572716 4104100
1757689112 1478 1573612 4104100
1757689113 1478 1574380 4104100
1757689114 1478 1575404 4104100
1757689115 1479 1576044 4104100
1757689116 1480 1576940 4104100
1757689117 1480 1577708 4104100
1757689118 1480 1578604 4104100
1757689119 1480 1579372 4104100
1757689120 1477 1580268 4104100
1757689121 1477 1581036 4104100
1757689122 1478 1581932 4104100
1757689123 1477 1582700 4104100
1757689124 1476 1583212 4104100
1757689126 1476 1583852 4104100
1757689127 1476 1584620 4104100
1757689128 1476 1585388 4104100
1757689129 1475 1585900 4104100
1757689130 1476 1586924 4104100
1757689131 1476 1587820 4104100
1757689132 1477 1588460 4104100
1757689133 1477 1589484 4104100
1757689134 1478 1590380 4104100
1757689135 1479 1591148 4104100
1757689136 1479 1592044 4104100
1757689137 1476 1592684 4104100
1757689138 1476 1593708 4104100
1757689139 1477 1594604 4104100
1757689140 1477 1595372 4104100
1757689141 1476 1596140 4104100
1757689142 1475 1596908 4104100
1757689144 1476 1597676 4104100
1757689145 1476 1598572 4104100
1757689146 1477 1599212 4104100
1757689147 1477 1600236 4104100
1757689148 1478 1601132 4104100
1757689149 1478 1601900 4104100
1757689150 1479 1602796 4104100
1757689151 1479 1603436 4104100
1757689152 1479 1604460 4104100
1757689153 1480 1605356 4104100
1757689154 1476 1606124 4104100
1757689155 1476 1606764 4104100
1757689156 1475 1607532 4104100
1757689157 1474 1608044 4104100
1757689158 1475 1608684 4104100
1757689160 1474 1609452 4104100
1757689161 1474 1610220 4104100
1757689162 1473 1610988 4104100
1757689163 1473 1611628 4104100
1757689164 1473 1612268 4104100
1757689165 1474 1613164 4104100
1757689166 1474 1614060 4104100
1757689167 1475 1614828 4104100
1757689168 1475 1615724 4104100
1757689169 1476 1616620 4104100
1757689170 1476 1617388 4104100
1757689171 1473 1618284 4104100
1757689172 1474 1619180 4104100
1757689173 1474 1619948 4104100
1757689174 1474 1620588 4104100
1757689175 1474 1621100 4104100
1757689177 1474 1622124 4104100
1757689178 1475 1623020 4104100
1757689179 1475 1623660 4104100
1757689180 1475 1624684 4104100
1757689181 1476 1625324 4104100
1757689182 1476 1626348 4104100
1757689183 1477 1627244 4104100
1757689184 1477 1627884 4104100
1757689185 1478 1628908 4104100
1757689186 1477 1629548 4104100
1757689187 1473 1630188 4104100
1757689188 1473 1630828 4104100
1757689189 1473 1631468 4104100
1757689190 1472 1632236 4104100
1757689191 1472 1633004 4104100
1757689192 1472 1634028 4104100
1757689194 1473 1634668 4104100
1757689195 1473 1635692 4104100
1757689196 1473 1636588 4104100
1757689197 1474 1637356 4104100
1757689198 1474 1638252 4104100
1757689199 1475 1638892 4104100
1757689200 1475 1639916 4104100
1757689201 1476 1640812 4104100
1757689202 1476 1641580 4104100
1757689203 1477 1642476 4104100
1757689204 1473 1643116 4104100
1757689205 1474 1644140 4104100
1757689206 1474 1644780 4104100
1757689207 1474 1645804 4104100
1757689208 1474 1646444 4104100
1757689210 1474 1647084 4104100
1757689211 1475 1648108 4104100
1757689212 1475 1649004 4104100
1757689213 1476 1649644 4104100
1757689214 1476 1650668 4104100
1757689215 1476 1651308 4104100
1757689216 1477 1652332 4104100
1757689217 1477 1652972 4104100
1757689218 1476 1653740 4104100
1757689219 1476 1654508 4104100
1757689220 1476 1655532 4104100
1757689221 1472 1656044 4104100
1757689222 1472 1656684 4104100
1757689223 1472 1657452 4104100
1757689224 1472 1658348 4104100
1757689226 1472 1658988 4104100
1757689227 1473 1659884 4104100
1757689228 1473 1660652 4104100
1757689229 1474 1661548 4104100
1757689230 1474 1662316 4104100
1757689231 1475 1663212 4104100
1757689232 1475 1664108 4104100
1757689233 1475 1664876 4104100
1757689234 1476 1665772 4104100
1757689235 1473 1666796 4104100
1757689236 1474 1667436 4104100
1757689237 1474 1668332 4104100
1757689238 1474 1669100 4104100
1757689239 1474 1669612 4104100
1757689241 1474 1670636 4104100
1757689242 1474 1671276 4104100
1757689243 1474 1672300 4104100
1757689244 1475 1673068 4104100
1757689245 1475 1673708 4104100
1757689246 1475 1674604 4104100
1757689247 1476 1675628 4104100
1757689248 1476 1676140 4104100
1757689249 1475 1676908 4104100
1757689250 1475 1677548 4104100
1757689251 1472 1678316 4104100
1757689252 1472 1679084 4104100
1757689253 1471 1679724 4104100
1757689254 1472 1680620 4104100
1757689255 1472 1681388 4104100
1757689256 1472 1682156 4104100
1757689258 1471 1683052 4104100
1757689259 1472 1683820 4104100
1757689260 1472 1684716 4104100
1757689261 1473 1685356 4104100
1757689262 1473 1686380 4104100
1757689263 1473 1687276 4104100
1757689264 1474 1687916 4104100
1757689265 1474 1688812 4104100
1757689266 1475 1689580 4104100
1757689267 1472 1690476 4104100
1757689268 1472 1691372 4104100
1757689269 1473 1692140 4104100
1757689270 1473 1693036 4104100
1757689271 1474 1694060 4104100
1757689273 1474 1694700 4104100
1757689274 1474 1695596 4104100
1757689275 1474 1696236 4104100
1757689276 1475 1697260 4104100
1757689277 1475 1698156 4104100
1757689278 1476 1698924 4104100
1757689279 1475 1699564 4104100
1757689280 1475 1700460 4104100
1757689281 1475 1701228 4104100
1757689282 1475 1701868 4104100
1757689283 1475 1702508 4104100
1757689284 1471 1703276 4104100
1757689285 1471 1704300 4104100
1757689286 1472 1705068 4104100
1757689287 1472 1705964 4104100
1757689288 1472 1706732 4104100
1757689290 1472 1707500 4104100
1757689291 1472 1708268 4104100
1757689292 1472 1709164 4104100
1757689293 1473 1710060 4104100
1757689294 1473 1710828 4104100
1757689295 1473 1711724 4104100
1757689296 1474 1712492 4104100
1757689297 1474 1713388 4104100
1757689298 1474 1714028 4104100
1757689299 1475 1714284 4104100
1757689300 1472 1714284 4104100
1757689301 1473 1714284 4104100
1757689302 1473 1714284 4104100
1757689303 1473 1714284 4104100
1757689304 1474 1714284 4104100
1757689306 1474 1714284 4104100
1757689307 1474 1714284 4104100
1757689308 1474 1714284 4104100
1757689309 1474 1714284 4104100
1757689310 1474 1714284 4104100
1757689311 1474 1714284 4104100
1757689312 1474 1714284 4104100
1757689313 1474 1714284 4104100
1757689314 1474 1714284 4104100
1757689315 1473 1714284 4104100
1757689316 1473 1714284 4104100
1757689317 1471 1714284 4104100
1757689318 1472 1714284 4104100
1757689319 1472 1714284 4104100
1757689320 1472 1714284 4104100
1757689322 1472 1714284 4104100
1757689323 1473 1714284 4104100
1757689324 1472 1714284 4104100
1757689325 1473 1714284 4104100
1757689326 1473 1714284 4104100
1757689327 1474 1714284 4104100
1757689328 1474 1714284 4104100
1757689329 1474 1714284 4104100
1757689330 1475 1714284 4104100
1757689331 1475 1714284 4104100
1757689332 1473 1714284 4104100
1757689333 1473 1714284 4104100
1757689334 1473 1714284 4104100
1757689335 1473 1714284 4104100
1757689336 1474 1714284 4104100
1757689338 1474 1437560 2786008
1757689339 1474 1437560 2786008
1757689340 1474 2002508 4104376
