1757709578  0.0 15872 675456
1757709579  320 1170356 2616856
1757709580  141 1995960 3837724
1757709581  131 2838316 6279132
1757709582  360 3762348 6316540
1757709583  583 3762604 6316540
1757709584  669 4019500 6316540
1757709585  733 3352208 8791044
1757709587  840 3352976 8791044
1757709588  922 3353360 8791044
1757709589  988 3353744 8791044
1757709590 1030 3353744 8791044
1757709591 1066 3353744 8791044
1757709592 1097 3354128 8791044
1757709593 1124 3354128 8791044
1757709594 1148 3354128 8791044
1757709595 1174 3354128 8791044
1757709596 1122 3354128 8791044
1757709597 1149 3354896 8791044
1757709598 1175 3355664 8791044
1757709599 1197 3356048 8791044
1757709600 1219 3356816 8791044
1757709602 1238 3357200 8791044
1757709603 1255 3357712 8791044
1757709604 1273 3358480 8791044
1757709605 1288 3359248 8791044
1757709606 1302 3359632 8791044
1757709607 1315 3360400 8791044
1757709608 1328 3361168 8791044
1757709609 1339 3361552 8791044
1757709610 1344 3362320 8791044
1757709611 1345 3362320 8791044
1757709612 1313 3362832 8791044
1757709613 1319 3362832 8791044
1757709614 1327 3362832 8791044
1757709615 1333 3363216 8791044
1757709616 1342 3363984 8791044
1757709617 1352 3364752 8791044
1757709619 1359 3365136 8791044
1757709620 1363 3365520 8791044
1757709621 1366 3365520 8791044
1757709622 1369 3365520 8791044
1757709623 1373 3365520 8791044
1757709624 1378 3365904 8791044
1757709625 1383 3366288 8791044
1757709626 1388 3366800 8791044
1757709627 1392 3366800 8791044
1757709628 1368 3366800 8791044
1757709629 1374 3367568 8791044
1757709630 1380 3367952 8791044
1757709631 1386 3368720 8791044
1757709632 1391 3369104 8791044
1757709634 1396 3369872 8791044
1757709635 1401 3370256 8791044
1757709636 1406 3371024 8791044
1757709637 1411 3371792 8791044
1757709638 1415 3372304 8791044
1757709639 1420 3373072 8791044
1757709640 1424 3373840 8791044
1757709641 1428 3374608 8791044
1757709642 1432 3374992 8791044
1757709643 1415 3375760 8791044
1757709644 1418 3376144 8791044
1757709645 1421 3376528 8791044
1757709646 1423 3376528 8791044
1757709647 1426 3376528 8791044
1757709649 1429 3376912 8791044
1757709650 1432 3377808 8791044
1757709651 1433 3377808 8791044
1757709652 1434 3377808 8791044
1757709653 1434 3377808 8791044
1757709654 1437 3378192 8791044
1757709655 1438 3378576 8791044
1757709656 1442 3378960 8791044
1757709657 1445 3379728 8791044
1757709658 1430 3380496 8791044
1757709659 1432 3380496 8791044
1757709660 1434 3380496 8791044
1757709661 1435 3380496 8791044
1757709662 1437 3380880 8791044
1757709664 1441 3381648 8791044
1757709665 1443 3382416 8791044
1757709666 1446 3382800 8791044
1757709667 1449 3383568 8791044
1757709668 1451 3384336 8791044
1757709669 1454 3384720 8791044
1757709670 1456 3385616 8791044
1757709671 1459 3386384 8791044
1757709672 1461 3386768 8791044
1757709673 1464 3387536 8791044
1757709674 1450 3387920 8791044
1757709675 1453 3388688 8791044
1757709676 1455 3389456 8791044
1757709677 1458 3390224 8791044
1757709679 1459 3390224 8791044
1757709680 1460 3390224 8791044
1757709681 1460 3390224 8791044
1757709682 1460 3390224 8791044
1757709683 1460 3390224 8791044
1757709684 1460 3390224 8791044
1757709685 1462 3390608 8791044
1757709686 1463 3390992 8791044
1757709687 1464 3390992 8791044
1757709688 1466 3391888 8791044
1757709689 1468 3392400 8791044
1757709690 1457 3393168 8791044
1757709691 1459 3393936 8791044
1757709692 1460 3394320 8791044
1757709693 1461 3394320 8791044
1757709694 1462 3394320 8791044
1757709696 1463 3394320 8791044
1757709697 1465 3395088 8791044
1757709698 1467 3395856 8791044
1757709699 1469 3396240 8791044
1757709700 1471 3397008 8791044
1757709701 1472 3397776 8791044
1757709702 1474 3398160 8791044
1757709703 1476 3398928 8791044
1757709704 1477 3399696 8791044
1757709705 1467 3400080 8791044
1757709706 1469 3400848 8791044
1757709707 1470 3401232 8791044
1757709708 1472 3402000 8791044
1757709709 1473 3402768 8791044
1757709711 1475 3403152 8791044
1757709712 1475 3403152 8791044
1757709713 1474 3403152 8791044
1757709714 1475 3403152 8791044
1757709715 1475 3403152 8791044
1757709716 1476 3403536 8791044
1757709717 1476 3403920 8791044
1757709718 1478 3404688 8791044
1757709719 1479 3405072 8791044
1757709720 1480 3405840 8791044
1757709721 1482 3406224 8791044
1757709722 1473 3407120 8791044
1757709723 1474 3407888 8791044
1757709724 1476 3408272 8791044
1757709725 1477 3408656 8791044
1757709727 1478 3408656 8791044
1757709728 1478 3408656 8791044
1757709729 1479 3409040 8791044
1757709730 1480 3409936 8791044
1757709731 1482 3410320 8791044
1757709732 1483 3411088 8791044
1757709733 1484 3411984 8791044
1757709734 1486 3412368 8791044
1757709735 1487 3413136 8791044
1757709736 1488 3413904 8791044
1757709737 1480 3414288 8791044
1757709738 1481 3415056 8791044
1757709739 1482 3415440 8791044
1757709740 1483 3416208 8791044
1757709742 1484 3416592 8791044
1757709743 1484 3416976 8791044
1757709744 1485 3416976 8791044
1757709745 1485 3417360 8791044
1757709746 1485 3417360 8791044
1757709747 1485 3417360 8791044
1757709748 1486 3417360 8791044
1757709749 1487 3418128 8791044
1757709750 1488 3418512 8791044
1757709751 1489 3419280 8791044
1757709752 1482 3420048 8791044
1757709753 1483 3420816 8791044
1757709754 1484 3421200 8791044
1757709755 1485 3421968 8791044
1757709757 1486 3422352 8791044
1757709758 1487 3423120 8791044
1757709759 1488 3423504 8791044
1757709760 1488 3423504 8791044
1757709761 1489 3423504 8791044
1757709762 1490 3423888 8791044
1757709763 1491 3424656 8791044
1757709764 1492 3425168 8791044
1757709765 1493 3425936 8791044
1757709766 1494 3426704 8791044
1757709767 1487 3427472 8791044
1757709768 1488 3427856 8791044
1757709769 1489 3428624 8791044
1757709770 1490 3429392 8791044
1757709771 1491 3429776 8791044
1757709773 1492 3430544 8791044
1757709774 1492 3430544 8791044
1757709775 1492 3430928 8791044
1757709776 1493 3430928 8791044
1757709777 1493 3431312 8791044
1757709778 1493 3431312 8791044
1757709779 1492 3431312 8791044
1757709780 1493 3431312 8791044
1757709781 1494 3432080 8791044
1757709782 1495 3432464 8791044
1757709783 1489 3433360 8791044
1757709784 1490 3434128 8791044
1757709785 1490 3434512 8791044
1757709786 1492 3435280 8791044
1757709788 1492 3435664 8791044
1757709789 1493 3436432 8791044
1757709790 1494 3437200 8791044
1757709791 1495 3437968 8791044
1757709792 1496 3438352 8791044
1757709793 1496 3438352 8791044
1757709794 1496 3438352 8791044
1757709795 1497 3438736 8791044
1757709796 1498 3439504 8791044
1757709797 1499 3439888 8791044
1757709798 1493 3440656 8791044
1757709799 1493 3441168 8791044
1757709800 1494 3441936 8791044
1757709801 1495 3442320 8791044
1757709802 1496 3443088 8791044
1757709804 1496 3443472 8791044
1757709805 1496 3443472 8791044
1757709806 1497 3443856 8791044
1757709807 1497 3443856 8791044
1757709808 1497 3444240 8791044
1757709809 1497 3444624 8791044
1757709810 1498 3444624 8791044
1757709811 1498 3444624 8791044
1757709812 1498 3444624 8791044
1757709813 1499 3444624 8791044
1757709814 1493 3445520 8791044
1757709815 1494 3446288 8791044
1757709816 1495 3447056 8791044
1757709817 1496 3447440 8791044
1757709818 1496 3448336 8791044
1757709820 1497 3449232 8791044
1757709821 1498 3449616 8791044
1757709822 1499 3450384 8791044
1757709823 1499 3450768 8791044
1757709824 1500 3451536 8791044
1757709825 1501 3451920 8791044
1757709826 1501 3451920 8791044
1757709827 1501 3451920 8791044
1757709828 1502 3452304 8791044
1757709829 1502 3453072 8791044
1757709830 1497 3453584 8791044
1757709831 1498 3454352 8791044
1757709832 1499 3455120 8791044
1757709833 1499 3455504 8791044
1757709834 1500 3455888 8791044
1757709836 1500 3455888 8791044
1757709837 1500 3456272 8791044
1757709838 1500 3456656 8791044
1757709839 1500 3456656 8791044
1757709840 1501 3457040 8791044
1757709841 1501 3457424 8791044
1757709842 1502 3458192 8791044
1757709843 1502 3458576 8791044
1757709844 1503 3458576 8791044
1757709845 1503 3458576 8791044
1757709846 1498 3458960 8791044
1757709847 1498 3459728 8791044
1757709848 1499 3460112 8791044
1757709849 1500 3460880 8791044
1757709851 1500 3461264 8791044
1757709852 1501 3462032 8791044
1757709853 1502 3462928 8791044
1757709854 1502 3463312 8791044
1757709855 1503 3464080 8791044
1757709856 1504 3464848 8791044
1757709857 1505 3465616 8791044
1757709858 1505 3466000 8791044
1757709859 1505 3466000 8791044
1757709860 1505 3466000 8791044
1757709861 1501 3466000 8791044
1757709862 1501 3466768 8791044
1757709863 1502 3467536 8791044
1757709864 1502 3468304 8791044
1757709865 1503 3468304 8791044
1757709867 1503 3468304 8791044
1757709868 1503 3468816 8791044
1757709869 1503 3469200 8791044
1757709870 1503 3469200 8791044
1757709871 1504 3469968 8791044
1757709872 1504 3469968 8791044
1757709873 1505 3470736 8791044
1757709874 1505 3471120 8791044
1757709875 1506 3471888 8791044
1757709876 1501 3472272 8791044
1757709877 1502 3472272 8791044
1757709878 1502 3472272 8791044
1757709879 1502 3472656 8791044
1757709880 1503 3473424 8791044
1757709882 1503 3474192 8791044
1757709883 1504 3474576 8791044
1757709884 1505 3475344 8791044
1757709885 1505 3476112 8791044
1757709886 1506 3476496 8791044
1757709887 1506 3477264 8791044
1757709888 1507 3478160 8791044
1757709889 1508 3478544 8791044
1757709890 1508 3479312 8791044
1757709891 1509 3479696 8791044
1757709892 1504 3479696 8791044
1757709893 1504 3479696 8791044
1757709894 1505 3480080 8791044
1757709895 1505 3480464 8791044
1757709896 1505 3480848 8791044
1757709898 1505 3480848 8791044
1757709899 1506 3481360 8791044
1757709900 1506 3481360 8791044
1757709901 1506 3481744 8791044
1757709902 1506 3482512 8791044
1757709903 1507 3482896 8791044
1757709904 1507 3483664 8791044
1757709905 1508 3484048 8791044
1757709906 1508 3484816 8791044
1757709907 1504 3485200 8791044
1757709908 1505 3485968 8791044
1757709909 1505 3486352 8791044
1757709910 1505 3486352 8791044
1757709911 1506 3486352 8791044
1757709913 1506 3486736 8791044
1757709914 1507 3487504 8791044
1757709915 1507 3488400 8791044
1757709916 1508 3488784 8791044
1757709917 1508 3489552 8791044
1757709918 1509 3490320 8791044
1757709919 1509 3490704 8791044
1757709920 1510 3491472 8791044
1757709921 1510 3491856 8791044
1757709922 1506 3492624 8791044
1757709923 1507 3493392 8791044
1757709924 1507 3493776 8791044
1757709925 1508 3493776 8791044
1757709926 1508 3493776 8791044
1757709928 1508 3493776 8791044
1757709929 1508 3494160 8791044
1757709930 1508 3494672 8791044
1757709931 1508 3494672 8791044
1757709932 1508 3495056 8791044
1757709933 1508 3495056 8791044
1757709934 1509 3495824 8791044
1757709935 1509 3496592 8791044
1757709936 1510 3496976 8791044
1757709937 1506 3497744 8791044
1757709938 1506 3498512 8791044
1757709939 1507 3499024 8791044
1757709940 1507 3499792 8791044
1757709941 1508 3500560 8791044
1757709943 1508 3500560 8791044
1757709944 1508 3500560 8791044
1757709945 1509 3500560 8791044
1757709946 1509 3501328 8791044
1757709947 1509 3502096 8791044
1757709948 1510 3502480 8791044
1757709949 1511 3503248 8791044
1757709950 1511 3504016 8791044
1757709951 1511 3504400 8791044
1757709952 1508 3505168 8791044
1757709953 1508 3505936 8791044
1757709954 1509 3506320 8791044
1757709955 1509 3507216 8791044
1757709956 1510 3507600 8791044
1757709958 1510 3508368 8791044
1757709959 1510 3508368 8791044
1757709960 1510 3508368 8791044
1757709961 1510 3508368 8791044
1757709962 1510 3508368 8791044
1757709963 1510 3508752 8791044
1757709964 1510 3509136 8791044
1757709965 1510 3509904 8791044
1757709966 1511 3510288 8791044
1757709967 1511 3511056 8791044
1757709968 1508 3511440 8791044
1757709969 1508 3512208 8791044
1757709970 1509 3512592 8791044
1757709971 1509 3513360 8791044
1757709973 1510 3514128 8791044
1757709974 1510 3514896 8791044
1757709975 1510 3515280 8791044
1757709976 1511 3515280 8791044
1757709977 1511 3515280 8791044
1757709978 1511 3515664 8791044
1757709979 1511 3516432 8791044
1757709980 1512 3516816 8791044
1757709981 1512 3517584 8791044
1757709982 1513 3518352 8791044
1757709983 1509 3518736 8791044
1757709984 1510 3519504 8791044
1757709985 1510 3520272 8791044
1757709986 1511 3521040 8791044
1757709987 1511 3521424 8791044
1757709989 1511 3521808 8791044
1757709990 1511 3521808 8791044
1757709991 1512 3522192 8791044
1757709992 1511 3522192 8791044
1757709993 1511 3522192 8791044
1757709994 1511 3522192 8791044
1757709995 1511 3522576 8791044
1757709996 1512 3523344 8791044
1757709997 1512 3523728 8791044
1757709998 1509 3524496 8791044
1757709999 1509 3525392 8791044
1757710000 1510 3526160 8791044
1757710001 1510 3526544 8791044
1757710002 1511 3527312 8791044
1757710004 1511 3527696 8791044
1757710005 1511 3528464 8791044
1757710006 1512 3528848 8791044
1757710007 1512 3529616 8791044
1757710008 1513 3530384 8791044
1757710009 1513 3530384 8791044
1757710010 1513 3530384 8791044
1757710011 1513 3530768 8791044
1757710012 1514 3531536 8791044
1757710013 1511 3531920 8791044
1757710014 1511 3532816 8791044
1757710015 1511 3533200 8791044
1757710016 1512 3533968 8791044
1757710017 1512 3534352 8791044
1757710019 1512 3535120 8791044
1757710020 1513 3535120 8791044
1757710021 1513 3535504 8791044
1757710022 1513 3535888 8791044
1757710023 1513 3535888 8791044
1757710024 1513 3535888 8791044
1757710025 1513 3535888 8791044
1757710026 1513 3535888 8791044
1757710027 1513 3535888 8791044
1757710028 1513 3536272 8791044
1757710029 1510 3537040 8791044
1757710030 1511 3537808 8791044
1757710031 1511 3538192 8791044
1757710032 1511 3538960 8791044
1757710034 1512 3539728 8791044
1757710035 1512 3540112 8791044
1757710036 1513 3541008 8791044
1757710037 1513 3541776 8791044
1757710038 1513 3542544 8791044
1757710039 1514 3542928 8791044
1757710040 1514 3543696 8791044
1757710041 1514 3544080 8791044
1757710042 1514 3544080 8791044
1757710043 1515 3544080 8791044
1757710044 1512 3544464 8791044
1757710045 1512 3545232 8791044
1757710046 1512 3546000 8791044
1757710047 1513 3546768 8791044
1757710048 1513 3547152 8791044
1757710050 1513 3547920 8791044
1757710051 1514 3547920 8791044
1757710052 1514 3547920 8791044
1757710053 1514 3548688 8791044
1757710054 1514 3548688 8791044
1757710055 1514 3548688 8791044
1757710056 1514 3549072 8791044
1757710057 1514 3549968 8791044
1757710058 1514 3549968 8791044
1757710059 1511 3549968 8791044
1757710060 1512 3549968 8791044
1757710061 1512 3550736 8791044
1757710062 1512 3551120 8791044
1757710063 1513 3551888 8791044
1757710065 1513 3552272 8791044
1757710066 1513 3553040 8791044
1757710067 1514 3553808 8791044
1757710068 1514 3554704 8791044
1757710069 1514 3555088 8791044
1757710070 1515 3555856 8791044
1757710071 1515 3556240 8791044
1757710072 1515 3557008 8791044
1757710073 1516 3557776 8791044
1757710074 1513 3557776 8791044
1757710075 1513 3557776 8791044
1757710076 1513 3557776 8791044
1757710077 1513 3558544 8791044
1757710078 1514 3559312 8791044
1757710080 1514 3559696 8791044
1757710081 1514 3560464 8791044
1757710082 1514 3560464 8791044
1757710083 1514 3560848 8791044
1757710084 1515 3560848 8791044
1757710085 1515 3560848 8791044
1757710086 1515 3561232 8791044
1757710087 1515 3562000 8791044
1757710088 1515 3562384 8791044
1757710089 1513 3562768 8791044
1757710090 1513 3563536 8791044
1757710091 1513 3563536 8791044
1757710092 1513 3563536 8791044
1757710093 1513 3563536 8791044
1757710095 1514 3564304 8791044
1757710096 1514 3565072 8791044
1757710097 1514 3565456 8791044
1757710098 1515 3566224 8791044
1757710099 1515 3566608 8791044
1757710100 1515 3567376 8791044
1757710101 1516 3568144 8791044
1757710102 1516 3568528 8791044
1757710103 1516 3569424 8791044
1757710104 1517 3570192 8791044
1757710105 1514 3570576 8791044
1757710106 1514 3571344 8791044
1757710107 1514 3571344 8791044
1757710108 1514 3571344 8791044
1757710109 1515 3571728 8791044
1757710111 1515 3572112 8791044
1757710112 1515 3572624 8791044
1757710113 1515 3573008 8791044
1757710114 1515 3573392 8791044
1757710115 1515 3573392 8791044
1757710116 1516 3573392 8791044
1757710117 1516 3574160 8791044
1757710118 1516 3574544 8791044
1757710119 1516 3574928 8791044
1757710120 1514 3575824 8791044
1757710121 1514 3576592 8791044
1757710122 1514 3577360 8791044
1757710123 1515 3577744 8791044
1757710125 1515 3577744 8791044
1757710126 1515 3577744 8791044
1757710127 1515 3577744 8791044
1757710128 1515 3578512 8791044
1757710129 1516 3579280 8791044
1757710130 1516 3579664 8791044
1757710131 1516 3580432 8791044
1757710132 1517 3581200 8791044
1757710133 1517 3581584 8791044
1757710134 1517 3582352 8791044
1757710135 1515 3582736 8791044
1757710136 1515 3583632 8791044
1757710137 1515 3584400 8791044
1757710138 1516 3584784 8791044
1757710140 1516 3585552 8791044
1757710141 1516 3585552 8791044
1757710142 1516 3585552 8791044
1757710143 1516 3585552 8791044
1757710144 1516 3585552 8791044
1757710145 1516 3586320 8791044
1757710146 1516 3586320 8791044
1757710147 1516 3586320 8791044
1757710148 1516 3587088 8791044
1757710149 1514 3587472 8791044
1757710150 1514 3588240 8791044
1757710151 1515 3588624 8791044
1757710152 1515 3589392 8791044
1757710153 1515 3590288 8791044
1757710155 1515 3590672 8791044
1757710156 1516 3591440 8791044
1757710157 1516 3591824 8791044
1757710158 1516 3591824 8791044
1757710159 1516 3591824 8791044
1757710160 1516 3592208 8791044
1757710161 1516 3592592 8791044
1757710162 1517 3593360 8791044
1757710163 1517 3594128 8791044
1757710164 1517 3594512 8791044
1757710165 1518 3595280 8791044
1757710166 1515 3595664 8791044
1757710167 1516 3596432 8791044
1757710168 1516 3596816 8791044
1757710169 1516 3597584 8791044
1757710171 1516 3598352 8791044
1757710172 1517 3598736 8791044
1757710173 1517 3599504 8791044
1757710174 1517 3599504 8791044
1757710175 1516 3599504 8791044
1757710176 1517 3599504 8791044
1757710177 1517 3599504 8791044
1757710178 1517 3599888 8791044
1757710179 1517 3600656 8791044
1757710180 1517 3601040 8791044
1757710181 1515 3601424 8791044
1757710182 1515 3602192 8791044
1757710183 1515 3602960 8791044
1757710184 1515 3603344 8791044
1757710185 1516 3604112 8791044
1757710187 1516 3604880 8791044
1757710188 1516 3605392 8791044
1757710189 1517 3606160 8791044
1757710190 1517 3606544 8791044
1757710191 1517 3606544 8791044
1757710192 1517 3606544 8791044
1757710193 1517 3606928 8791044
1757710194 1517 3607312 8791044
1757710195 1518 3608080 8791044
1757710196 1518 3608464 8791044
1757710197 1516 3609232 8791044
1757710198 1516 3610000 8791044
1757710199 1516 3610384 8791044
1757710200 1517 3611152 8791044
1757710201 1517 3611920 8791044
1757710203 1517 3612304 8791044
1757710204 1517 3612688 8791044
1757710205 1517 3612688 8791044
1757710206 1517 3612688 8791044
1757710207 1517 3612688 8791044
1757710208 1517 3612688 8791044
1757710209 1517 3613072 8791044
1757710210 1517 3613840 8791044
1757710211 1517 3613840 8791044
1757710212 1518 3614608 8791044
1757710213 1515 3615120 8791044
1757710214 1516 3615888 8791044
1757710215 1516 3616656 8791044
1757710216 1516 3617424 8791044
1757710218 1517 3617808 8791044
1757710219 1517 3618576 8791044
1757710220 1517 3618960 8791044
1757710221 1517 3619728 8791044
1757710222 1518 3620496 8791044
1757710223 1518 3620496 8791044
1757710224 1518 3620496 8791044
1757710225 1518 3620496 8791044
1757710226 1518 3620880 8791044
1757710227 1518 3621264 8791044
1757710228 1516 3622032 8791044
1757710229 1516 3622544 8791044
1757710230 1517 3623312 8791044
1757710231 1517 3623696 8791044
1757710232 1517 3624464 8791044
1757710234 1517 3625232 8791044
1757710235 1518 3625616 8791044
1757710236 1518 3625616 8791044
1757710237 1518 3626128 8791044
1757710238 1518 3626512 8791044
1757710239 1518 3626512 8791044
1757710240 1518 3626512 8791044
1757710241 1518 3626512 8791044
1757710242 1518 3626896 8791044
1757710243 1518 3627280 8791044
1757710244 1516 3628048 8791044
1757710245 1516 3628944 8791044
1757710246 1517 3629328 8791044
1757710247 1517 3630096 8791044
1757710249 1517 3630480 8791044
1757710250 1517 3631248 8791044
1757710251 1517 3632016 8791044
1757710252 1518 3632784 8791044
1757710253 1518 3633168 8791044
1757710254 1518 3633936 8791044
1757710255 1518 3634320 8791044
1757710256 1519 3635088 8791044
1757710257 1519 3635088 8791044
1757710258 1519 3635088 8791044
1757710259 1517 3635088 8791044
1757710260 1517 3635856 8791044
1757710261 1517 3636752 8791044
1757710262 1517 3637136 8791044
1757710263 1518 3637904 8791044
1757710265 1518 3638288 8791044
1757710266 1518 3638672 8791044
1757710267 1518 3638672 8791044
1757710268 1518 3639056 8791044
1757710269 1518 3639056 8791044
1757710270 1518 3639440 8791044
1757710271 1518 3639824 8791044
1757710272 1519 3640208 8791044
1757710273 1518 3640208 8791044
1757710274 1516 3640208 8791044
1757710275 1517 3640592 8791044
1757710276 1517 3641360 8791044
1757710277 1517 3642128 8791044
1757710278 1517 3642512 8791044
1757710280 1517 3643280 8791044
1757710281 1518 3644048 8791044
1757710282 1518 3644432 8791044
1757710283 1518 3645328 8791044
1757710284 1518 3645712 8791044
1757710285 1519 3646480 8791044
1757710286 1519 3647248 8791044
1757710287 1519 3648016 8791044
1757710288 1519 3648400 8791044
1757710289 1520 3649168 8791044
1757710290 1517 3649168 8791044
1757710291 1518 3649168 8791044
1757710292 1518 3649168 8791044
1757710293 1518 3649552 8791044
1757710294 1518 3650320 8791044
1757710296 1518 3650704 8791044
1757710297 1518 3650704 8791044
1757710298 1518 3651088 8791044
1757710299 1518 3651088 8791044
1757710300 1519 3651472 8791044
1757710301 1519 3651856 8791044
1757710302 1519 3652240 8791044
1757710303 1519 3653008 8791044
1757710304 1519 3653008 8791044
1757710305 1517 3653392 8791044
1757710306 1517 3653392 8791044
1757710307 1517 3653392 8791044
1757710308 1517 3653776 8791044
1757710309 1518 3654544 8791044
1757710311 1518 3655312 8791044
1757710312 1518 3655696 8791044
1757710313 1518 3656464 8791044
1757710314 1518 3656848 8791044
1757710315 1519 3657616 8791044
1757710316 1519 3658512 8791044
1757710317 1519 3658896 8791044
1757710318 1519 3659664 8791044
1757710319 1520 3660432 8791044
1757710320 1520 3660816 8791044
1757710321 1518 3661584 8791044
1757710322 1518 3662352 8791044
1757710323 1518 3662352 8791044
1757710324 1518 3662352 8791044
1757710326 1519 3662352 8791044
1757710327 1519 3662736 8791044
1757710328 1519 3662736 8791044
1757710329 1519 3663120 8791044
1757710330 1519 3663120 8791044
1757710331 1519 3663888 8791044
1757710332 1519 3663888 8791044
1757710333 1519 3664656 8791044
1757710334 1519 3665040 8791044
1757710335 1517 3665040 8791044
1757710336 1518 3665808 8791044
1757710337 1518 3666192 8791044
1757710338 1518 3666576 8791044
1757710339 1518 3666576 8791044
1757710341 1518 3666576 8791044
1757710342 1518 3667344 8791044
1757710343 1519 3667728 8791044
1757710344 1519 3668496 8791044
1757710345 1519 3669264 8791044
1757710346 1519 3669648 8791044
1757710347 1520 3670416 8791044
1757710348 1520 3671184 8791044
1757710349 1520 3671568 8791044
1757710350 1520 3672336 8791044
1757710351 1518 3673232 8791044
1757710352 1519 3673616 8791044
1757710353 1519 3674384 8791044
1757710354 1519 3674768 8791044
1757710356 1519 3675536 8791044
1757710357 1519 3675536 8791044
1757710358 1519 3675536 8791044
1757710359 1519 3675536 8791044
1757710360 1519 3675920 8791044
1757710361 1519 3675920 8791044
1757710362 1520 3676688 8791044
1757710363 1520 3677072 8791044
1757710364 1520 3677456 8791044
1757710365 1520 3678224 8791044
1757710366 1518 3678608 8791044
1757710367 1518 3679376 8791044
1757710368 1518 3679760 8791044
1757710369 1519 3680528 8791044
1757710370 1519 3680912 8791044
1757710372 1519 3680912 8791044
1757710373 1519 3680912 8791044
1757710374 1519 3681296 8791044
1757710375 1519 3682064 8791044
1757710376 1519 3682576 8791044
1757710377 1520 3683344 8791044
1757710378 1520 3684112 8791044
1757710379 1520 3684496 8791044
1757710380 1520 3685264 8791044
1757710381 1519 3686032 8791044
1757710382 1519 3686416 8791044
1757710383 1519 3687184 8791044
1757710384 1519 3687568 8791044
1757710385 1519 3688336 8791044
1757710387 1520 3689232 8791044
1757710388 1520 3689616 8791044
1757710389 1520 3689616 8791044
1757710390 1520 3689616 8791044
1757710391 1520 3689616 8791044
1757710392 1520 3689616 8791044
1757710393 1520 3690128 8791044
1757710394 1520 3690512 8791044
1757710395 1520 3690512 8791044
1757710396 1520 3691280 8791044
1757710397 1518 3691664 8791044
1757710398 1518 3692048 8791044
1757710399 1519 3692816 8791044
1757710400 1519 3693712 8791044
1757710402 1519 3694096 8791044
1757710403 1519 3694864 8791044
1757710404 1519 3695248 8791044
1757710405 1519 3695248 8791044
1757710406 1520 3695248 8791044
1757710407 1520 3695632 8791044
1757710408 1520 3696016 8791044
1757710409 1520 3696784 8791044
1757710410 1520 3697552 8791044
1757710411 1520 3698320 8791044
1757710412 1519 3698704 8791044
1757710413 1519 3699600 8791044
1757710414 1519 3699984 8791044
1757710415 1519 3700752 8791044
1757710416 1520 3701520 8791044
1757710418 1520 3701904 8791044
1757710419 1520 3702288 8791044
1757710420 1520 3702288 8791044
1757710421 1520 3702672 8791044
1757710422 1520 3703056 8791044
1757710423 1520 3703056 8791044
1757710424 1520 3703056 8791044
1757710425 1520 3703056 8791044
1757710426 1520 3703056 8791044
1757710427 1520 3703440 8791044
1757710428 1518 3703440 8791044
1757710429 1519 3704208 8791044
1757710430 1519 3704976 8791044
1757710431 1519 3705360 8791044
1757710432 1519 3706128 8791044
1757710434 1519 3706512 8791044
1757710435 1520 3707280 8791044
1757710436 1520 3708176 8791044
1757710437 1520 3708560 8791044
1757710438 1520 3708560 8791044
1757710439 1520 3708560 8791044
1757710440 1520 3708944 8791044
1757710441 1520 3709328 8791044
1757710442 1521 3710096 8791044
1757710443 1519 3710864 8791044
1757710444 1519 3711632 8791044
1757710445 1519 3712016 8791044
1757710446 1520 3712784 8791044
1757710447 1520 3713680 8791044
1757710449 1520 3713680 8791044
1757710450 1520 3714064 8791044
1757710451 1520 3714448 8791044
1757710452 1520 3714448 8791044
1757710453 1520 3714832 8791044
1757710454 1520 3715216 8791044
1757710455 1521 3715984 8791044
1757710456 1521 3715984 8791044
1757710457 1520 3715984 8791044
1757710458 1519 3715984 8791044
1757710459 1519 3716368 8791044
1757710460 1519 3716752 8791044
1757710461 1519 3717648 8791044
1757710462 1519 3718032 8791044
1757710464 1520 3718800 8791044
1757710465 1520 3719184 8791044
1757710466 1520 3719952 8791044
1757710467 1520 3720720 8791044
1757710468 1520 3721488 8791044
1757710469 1521 3721872 8791044
1757710470 1521 3722256 8791044
1757710471 1521 3722256 8791044
1757710472 1521 3722256 8791044
1757710473 1521 3722640 8791044
1757710474 1519 3723408 8791044
1757710475 1520 3724176 8791044
1757710476 1520 3724560 8791044
1757710477 1520 3725328 8791044
1757710478 1520 3725712 8791044
1757710480 1520 3726096 8791044
1757710481 1520 3726096 8791044
1757710482 1520 3726480 8791044
1757710483 1520 3726864 8791044
1757710484 1520 3727248 8791044
1757710485 1521 3727632 8791044
1757710486 1521 3728400 8791044
1757710487 1521 3728784 8791044
1757710488 1521 3728784 8791044
1757710489 1521 3729168 8791044
1757710490 1519 3729168 8791044
1757710491 1519 3729168 8791044
1757710492 1519 3729552 8791044
1757710493 1520 3730320 8791044
1757710494 1520 3730704 8791044
1757710496 1520 3731472 8791044
1757710497 1520 3732240 8791044
1757710498 1520 3732624 8791044
1757710499 1520 3733392 8791044
1757710500 1521 3733776 8791044
1757710501 1521 3734544 8791044
1757710502 1521 3735312 8791044
1757710503 1521 3735312 8791044
1757710504 1521 3735312 8791044
1757710505 1520 3735312 8791044
1757710506 1520 3736208 8791044
1757710507 1520 3736720 8791044
1757710508 1520 3737616 8791044
1757710509 1520 3738000 8791044
1757710511 1520 3738384 8791044
1757710512 1520 3738768 8791044
1757710513 1520 3739152 8791044
1757710514 1521 3739536 8791044
1757710515 1521 3739536 8791044
1757710516 1521 3740304 8791044
1757710517 1521 3741072 8791044
1757710518 1521 3741456 8791044
1757710519 1521 3741840 8791044
1757710520 1521 3742224 8791044
1757710521 1520 3742224 8791044
1757710522 1520 3742608 8791044
1757710523 1520 3742608 8791044
1757710524 1520 3742608 8791044
1757710526 1520 3742992 8791044
1757710527 1520 3743760 8791044
1757710528 1520 3744144 8791044
1757710529 1521 3745040 8791044
1757710530 1521 3745808 8791044
1757710531 1521 3746192 8791044
1757710532 1521 3746960 8791044
1757710533 1521 3747344 8791044
1757710534 1521 3748112 8791044
1757710535 1522 3748880 8791044
1757710536 1520 3748880 8791044
1757710537 1520 3748880 8791044
1757710538 1520 3748880 8791044
1757710539 1520 3749648 8791044
1757710541 1520 3749648 8791044
1757710542 1520 3750032 8791044
1757710543 1521 3750416 8791044
1757710544 1521 3750800 8791044
1757710545 1521 3751184 8791044
1757710546 1521 3751568 8791044
1757710547 1521 3751952 8791044
1757710548 1521 3752720 8791044
1757710549 1521 3752720 8791044
1757710550 1521 3753104 8791044
1757710551 1520 3753488 8791044
1757710552 1520 3753872 8791044
1757710553 1520 3754640 8791044
1757710554 1520 3755024 8791044
1757710555 1520 3755408 8791044
1757710557 1521 3755408 8791044
1757710558 1521 3755408 8791044
1757710559 1521 3755792 8791044
1757710560 1521 3756560 8791044
1757710561 1521 3757072 8791044
1757710562 1521 3757840 8791044
1757710563 1521 3758608 8791044
1757710564 1522 3758992 8791044
1757710565 1522 3759760 8791044
1757710566 1520 3760528 8791044
1757710567 1521 3761296 8791044
1757710568 1521 3761680 8791044
1757710569 1521 3761680 8791044
1757710570 1521 3761680 8791044
1757710572 1521 3761680 8791044
1757710573 1521 3761680 8791044
1757710574 1521 3762064 8791044
1757710575 1521 3762448 8791044
1757710576 1521 3763216 8791044
1757710577 1521 3763600 8791044
1757710578 1521 3763984 8791044
1757710579 1521 3764752 8791044
1757710580 1521 3764752 8791044
1757710581 1521 3765136 8791044
1757710582 1522 3765648 8791044
1757710583 1520 3766032 8791044
1757710584 1520 3766416 8791044
1757710585 1520 3767184 8791044
1757710586 1521 3767952 8791044
1757710588 1521 3768336 8791044
1757710589 1521 3768848 8791044
1757710590 1521 3768848 8791044
1757710591 1521 3768848 8791044
1757710592 1521 3769232 8791044
1757710593 1521 3770000 8791044
1757710594 1521 3770384 8791044
1757710595 1522 3771152 8791044
1757710596 1522 3771920 8791044
1757710597 1522 3772304 8791044
1757710598 1520 3773072 8791044
1757710599 1521 3773840 8791044
1757710600 1521 3774224 8791044
1757710601 1521 3774736 8791044
1757710602 1521 3774736 8791044
1757710604 1521 3774736 8791044
1757710605 1521 3774736 8791044
1757710606 1521 3775120 8791044
1757710607 1521 3775888 8791044
1757710608 1521 3776272 8791044
1757710609 1521 3777040 8791044
1757710610 1521 3777424 8791044
1757710611 1522 3777808 8791044
1757710612 1522 3778192 8791044
1757710613 1520 3778192 8791044
1757710614 1520 3778960 8791044
1757710615 1521 3779344 8791044
1757710616 1521 3780112 8791044
1757710617 1521 3780496 8791044
1757710619 1521 3781264 8791044
1757710620 1521 3781648 8791044
1757710621 1521 3782416 8791044
1757710622 1521 3782800 8791044
1757710623 1521 3782800 8791044
1757710624 1522 3782800 8791044
1757710625 1522 3783184 8791044
1757710626 1522 3783952 8791044
1757710627 1522 3784720 8791044
1757710628 1521 3785104 8791044
1757710629 1521 3785872 8791044
1757710630 1521 3786640 8791044
1757710631 1521 3787024 8791044
1757710632 1521 3787024 8791044
1757710634 1521 3787408 8791044
1757710635 1521 3787792 8791044
1757710636 1521 3787792 8791044
1757710637 1521 3787792 8791044
1757710638 1521 3788176 8791044
1757710639 1522 3788560 8791044
1757710640 1522 3788944 8791044
1757710641 1522 3789328 8791044
1757710642 1522 3789712 8791044
1757710643 1522 3790096 8791044
1757710644 1521 3790480 8791044
1757710645 1521 3790864 8791044
1757710646 1521 3791632 8791044
1757710647 1521 3792400 8791044
1757710649 1521 3792784 8791044
1757710650 1521 3793680 8791044
1757710651 1521 3794064 8791044
1757710652 1522 3794832 8791044
1757710653 1522 3795216 8791044
1757710654 1522 3795984 8791044
1757710655 1522 3796368 8791044
1757710656 1522 3796368 8791044
1757710657 1522 3796368 8791044
1757710658 1522 3796752 8791044
1757710659 1521 3797520 8791044
1757710660 1521 3797904 8791044
1757710661 1521 3798672 8791044
1757710662 1521 3799056 8791044
1757710663 1521 3799056 8791044
1757710665 1521 3799440 8791044
1757710666 1521 3799440 8791044
1757710667 1521 3799824 8791044
1757710668 1521 3800720 8791044
1757710669 1522 3800720 8791044
1757710670 1522 3800720 8791044
1757710671 1522 3800720 8791044
1757710672 1522 3801104 8791044
1757710673 1522 3801872 8791044
1757710674 1522 3802256 8791044
1757710675 1521 3802640 8791044
1757710676 1521 3803024 8791044
1757710677 1521 3803792 8791044
1757710678 1521 3804176 8791044
1757710680 1521 3804944 8791044
1757710681 1521 3805328 8791044
1757710682 1522 3806096 8791044
1757710683 1522 3806864 8791044
1757710684 1522 3807632 8791044
1757710685 1522 3808528 8791044
1757710686 1522 3808912 8791044
1757710687 1522 3809680 8791044
1757710688 1522 3810064 8791044
1757710689 1522 3810064 8791044
1757710690 1521 3810064 8791044
1757710691 1521 3810064 8791044
1757710692 1521 3810448 8791044
1757710693 1521 3810832 8791044
1757710695 1521 3811216 8791044
1757710696 1521 3811600 8791044
1757710697 1521 3811984 8791044
1757710698 1522 3812368 8791044
1757710699 1522 3813264 8791044
1757710700 1522 3814032 8791044
1757710701 1522 3814416 8791044
1757710702 1522 3814416 8791044
1757710703 1522 3814416 8791044
1757710704 1522 3814800 8791044
1757710705 1522 3814800 8791044
1757710706 1521 3815184 8791044
1757710707 1521 3815952 8791044
1757710708 1521 3816720 8791044
1757710709 1521 3817104 8791044
1757710711 1521 3817872 8791044
1757710712 1521 3818256 8791044
1757710713 1522 3819024 8791044
1757710714 1522 3819792 8791044
1757710715 1522 3820560 8791044
1757710716 1522 3820944 8791044
1757710717 1522 3821712 8791044
1757710718 1522 3822608 8791044
1757710719 1522 3822992 8791044
1757710720 1523 3823760 8791044
1757710721 1521 3823760 8791044
1757710722 1521 3823760 8791044
1757710723 1521 3823760 8791044
1757710724 1521 3824144 8791044
1757710725 1521 3824528 8791044
1757710727 1521 3824912 8791044
1757710728 1522 3825296 8791044
1757710729 1522 3826064 8791044
1757710730 1522 3826832 8791044
1757710731 1522 3827216 8791044
1757710732 1522 3828112 8791044
1757710733 1522 3828112 8791044
1757710734 1522 3828496 8791044
1757710735 1522 3828496 8791044
1757710736 1522 3828496 8791044
1757710737 1521 3828880 8791044
1757710738 1521 3829264 8791044
1757710739 1521 3830032 8791044
1757710740 1521 3830800 8791044
1757710741 1521 3831184 8791044
1757710743 1522 3831952 8791044
1757710744 1522 3832720 8791044
1757710745 1522 3833104 8791044
1757710746 1522 3833872 8791044
1757710747 1522 3834384 8791044
1757710748 1522 3835152 8791044
1757710749 1522 3835920 8791044
1757710750 1523 3836688 8791044
1757710751 1523 3837072 8791044
1757710752 1522 3837840 8791044
1757710753 1522 3838608 8791044
1757710754 1522 3838608 8791044
1757710755 1522 3838608 8791044
1757710756 1522 3838608 8791044
1757710758 1522 3838608 8791044
1757710759 1522 3838992 8791044
1757710760 1522 3839760 8791044
1757710761 1522 3840528 8791044
1757710762 1522 3840912 8791044
1757710763 1522 3841680 8791044
1757710764 1522 3842064 8791044
1757710765 1522 3842448 8791044
1757710766 1523 3842832 8791044
1757710767 1521 3842832 8791044
1757710768 1521 3842832 8791044
1757710769 1521 3842832 8791044
1757710770 1521 3843216 8791044
1757710771 1522 3843984 8791044
1757710773 1522 3844368 8791044
1757710774 1522 3845136 8791044
1757710775 1522 3845904 8791044
1757710776 1522 3846288 8791044
1757710777 1522 3847184 8791044
1757710778 1522 3847952 8791044
1757710779 1522 3848720 8791044
1757710780 1523 3849104 8791044
1757710781 1523 3849872 8791044
1757710782 1522 3850256 8791044
1757710783 1522 3851024 8791044
1757710784 1522 3851408 8791044
1757710785 1522 3851792 8791044
1757710786 1522 3851792 8791044
1757710788 1522 3852176 8791044
1757710789 1522 3852176 8791044
1757710790 1522 3852688 8791044
1757710791 1522 3852688 8791044
1757710792 1522 3853456 8791044
1757710793 1522 3853840 8791044
1757710794 1522 3854608 8791044
1757710795 1523 3854608 8791044
1757710796 1523 3855376 8791044
1757710797 1522 3855376 8791044
1757710798 1522 3855760 8791044
1757710799 1522 3856144 8791044
1757710800 1522 3856144 8791044
1757710801 1522 3856144 8791044
1757710803 1522 3856144 8791044
1757710804 1522 3856528 8791044
1757710805 1522 3857296 8791044
1757710806 1522 3857680 8791044
1757710807 1522 3858576 8791044
1757710808 1522 3859344 8791044
1757710809 1522 3859728 8791044
1757710810 1523 3860496 8791044
1757710811 1523 3861264 8791044
1757710812 1523 3861648 8791044
1757710813 1522 3862416 8791044
1757710814 1522 3863184 8791044
1757710815 1522 3863568 8791044
1757710816 1522 3863568 8791044
1757710817 1522 3863952 8791044
1757710819 1522 3864336 8791044
1757710820 1522 3864720 8791044
1757710821 1522 3865104 8791044
1757710822 1522 3865104 8791044
1757710823 1522 3865104 8791044
1757710824 1522 3865488 8791044
1757710825 1522 3866000 8791044
1757710826 1523 3866384 8791044
1757710827 1523 3866768 8791044
1757710828 1523 3866768 8791044
1757710829 1522 3867152 8791044
1757710830 1522 3867536 8791044
1757710831 1522 3867920 8791044
1757710832 1522 3868688 8791044
1757710833 1522 3868688 8791044
1757710835 1522 3868688 8791044
1757710836 1522 3869072 8791044
1757710837 1522 3869456 8791044
1757710838 1522 3870224 8791044
1757710839 1522 3870608 8791044
1757710840 1522 3871376 8791044
1757710841 1522 3871760 8791044
1757710842 1523 3872528 8791044
1757710843 1523 3873296 8791044
1757710844 1523 3874064 8791044
1757710845 1522 3874448 8791044
1757710846 1522 3874832 8791044
1757710847 1522 3874832 8791044
1757710848 1522 3875600 8791044
1757710849 1522 3875600 8791044
1757710851 1522 3875984 8791044
1757710852 1522 3876752 8791044
1757710853 1522 3877136 8791044
1757710854 1522 3878032 8791044
1757710855 1522 3878032 8791044
1757710856 1522 3878032 8791044
1757710857 1522 3878032 8791044
1757710858 1523 3878800 8791044
1757710859 1523 3878800 8791044
1757710860 1523 3879568 8791044
1757710861 1522 3879568 8791044
1757710862 1522 3880336 8791044
1757710863 1522 3881104 8791044
1757710864 1522 3881488 8791044
1757710866 1522 3882256 8791044
1757710867 1522 3882256 8791044
1757710868 1522 3882256 8791044
1757710869 1522 3882256 8791044
1757710870 1522 3883024 8791044
1757710871 1522 3883408 8791044
1757710872 1523 3884176 8791044
1757710873 1523 3884944 8791044
1757710874 1523 3885328 8791044
1757710875 1523 3886224 8791044
1757710876 1522 3886608 8791044
1757710877 1522 3887376 8791044
1757710878 1522 3887376 8791044
1757710879 1522 3887760 8791044
1757710880 1522 3888144 8791044
1757710882 1522 3888528 8791044
1757710883 1522 3889296 8791044
1757710884 1522 3890064 8791044
1757710885 1523 3890832 8791044
1757710886 1523 3891216 8791044
1757710887 1523 3891600 8791044
1757710888 1523 3891600 8791044
1757710889 1523 3891600 8791044
1757710890 1523 3891600 8791044
1757710891 1522 3892368 8791044
1757710892 1522 3892368 8791044
1757710893 1522 3893136 8791044
1757710894 1522 3893904 8791044
1757710895 1522 3894672 8791044
1757710897 1522 3895056 8791044
1757710898 1522 3895952 8791044
1757710899 1522 3896336 8791044
1757710900 1522 3896336 8791044
1757710901 1522 3896336 8791044
1757710902 1522 3896720 8791044
1757710903 1523 3897488 8791044
1757710904 1523 3897872 8791044
1757710905 1523 3898640 8791044
1757710906 1522 3899408 8791044
1757710907 1522 3899792 8791044
1757710908 1522 3900176 8791044
1757710909 1522 3900560 8791044
1757710910 1522 3900944 8791044
1757710912 1522 3900944 8791044
1757710913 1522 3901712 8791044
1757710914 1522 3902096 8791044
1757710915 1522 3902864 8791044
1757710916 1523 3903760 8791044
1757710917 1523 3904144 8791044
1757710918 1523 3904912 8791044
1757710919 1523 3905296 8791044
1757710920 1523 3906064 8791044
1757710921 1523 3906064 8791044
1757710922 1522 3906064 8791044
1757710923 1522 3906064 8791044
1757710924 1522 3906832 8791044
1757710925 1522 3907216 8791044
1757710926 1522 3907984 8791044
1757710928 1522 3908496 8791044
1757710929 1522 3909264 8791044
1757710930 1522 3910032 8791044
1757710931 1523 3910416 8791044
1757710932 1523 3910800 8791044
1757710933 1523 3910800 8791044
1757710934 1523 3910800 8791044
1757710935 1523 3911184 8791044
1757710936 1523 3911952 8791044
1757710937 1523 3912848 8791044
1757710938 1522 3913232 8791044
1757710939 1522 3913232 8791044
1757710940 1522 3914000 8791044
1757710941 1522 3914384 8791044
1757710943 1522 3914768 8791044
1757710944 1522 3915536 8791044
1757710945 1522 3915920 8791044
1757710946 1523 3916688 8791044
1757710947 1523 3917072 8791044
1757710948 1523 3917840 8791044
1757710949 1523 3918224 8791044
1757710950 1523 3918608 8791044
1757710951 1523 3918992 8791044
1757710952 1523 3919376 8791044
1757710953 1522 3919760 8791044
1757710954 1522 3919760 8791044
1757710955 1522 3919760 8791044
1757710956 1522 3919760 8791044
1757710957 1522 3920528 8791044
1757710959 1522 3920912 8791044
1757710960 1523 3921808 8791044
1757710961 1523 3922192 8791044
1757710962 1523 3922960 8791044
1757710963 1523 3923344 8791044
1757710964 1523 3924112 8791044
1757710965 1523 3924496 8791044
1757710966 1523 3924496 8791044
1757710967 1523 3924496 8791044
1757710968 1522 3924880 8791044
1757710969 1522 3925264 8791044
1757710970 1522 3925264 8791044
1757710971 1522 3926032 8791044
1757710972 1522 3926032 8791044
1757710974 1522 3926800 8791044
1757710975 1523 3927184 8791044
1757710976 1523 3927952 8791044
1757710977 1523 3928720 8791044
1757710978 1523 3929104 8791044
1757710979 1523 3929872 8791044
1757710980 1523 3930256 8791044
1757710981 1523 3930640 8791044
1757710982 1523 3931152 8791044
1757710983 1523 3931152 8791044
1757710984 1522 3931920 8791044
1757710985 1522 3931920 8791044
1757710986 1522 3932816 8791044
1757710987 1523 3932816 8791044
1757710988 1523 3932816 8791044
1757710990 1523 3932816 8791044
1757710991 1523 3933584 8791044
1757710992 1523 3933968 8791044
1757710993 1523 3934736 8791044
1757710994 1523 3935120 8791044
1757710995 1523 3935888 8791044
1757710996 1523 3936656 8791044
1757710997 1523 3937552 8791044
1757710998 1523 3937552 8791044
1757710999 1522 3937552 8791044
1757711000 1522 3937552 8791044
1757711001 1522 3938064 8791044
1757711002 1522 3938448 8791044
1757711004 1522 3938832 8791044
1757711005 1523 3939600 8791044
1757711006 1523 3939984 8791044
1757711007 1523 3940752 8791044
1757711008 1523 3941520 8791044
1757711009 1523 3941904 8791044
1757711010 1523 3942288 8791044
1757711011 1523 3943056 8791044
1757711012 1523 3943440 8791044
1757711013 1523 3943824 8791044
1757711014 1522 3943824 8791044
1757711015 1522 3944208 8791044
1757711016 1523 3944592 8791044
1757711017 1523 3945360 8791044
1757711019 1523 3946128 8791044
1757711020 1523 3946512 8791044
1757711021 1523 3946512 8791044
1757711022 1523 3946512 8791044
1757711023 1523 3946896 8791044
1757711024 1523 3947280 8791044
1757711025 1523 3948048 8791044
1757711026 1523 3948432 8791044
1757711027 1523 3949200 8791044
1757711028 1524 3949968 8791044
1757711029 1523 3950352 8791044
1757711030 1523 3950736 8791044
1757711031 1523 3950736 8791044
1757711032 1523 3950736 8791044
1757711033 1523 3950736 8791044
1757711035 1523 3951504 8791044
1757711036 1523 3952272 8791044
1757711037 1523 3952656 8791044
1757711038 1523 3953424 8791044
1757711039 1523 3953808 8791044
1757711040 1523 3954576 8791044
1757711041 1523 3954960 8791044
1757711042 1523 3955728 8791044
1757711043 1523 3955728 8791044
1757711044 1524 3956240 8791044
1757711045 1523 3956624 8791044
1757711046 1523 3957008 8791044
1757711047 1523 3957392 8791044
1757711048 1523 3957904 8791044
1757711050 1523 3958672 8791044
1757711051 1523 3959056 8791044
1757711052 1523 3959824 8791044
1757711053 1523 3960592 8791044
1757711054 1523 3960592 8791044
1757711055 1523 3960592 8791044
1757711056 1523 3960592 8791044
1757711057 1523 3960976 8791044
1757711058 1524 3961744 8791044
1757711059 1524 3962512 8791044
1757711060 1523 3962896 8791044
1757711061 1523 3963280 8791044
1757711062 1523 3963664 8791044
1757711063 1523 3964048 8791044
1757711064 1523 3964048 8791044
1757711066 1523 3964048 8791044
1757711067 1523 3964048 8791044
1757711068 1523 3964816 8791044
1757711069 1523 3965200 8791044
1757711070 1523 3965968 8791044
1757711071 1523 3966736 8791044
1757711072 1523 3967120 8791044
1757711073 1523 3967888 8791044
1757711074 1524 3968272 8791044
1757711075 1524 3968272 8791044
1757711076 1523 3968656 8791044
1757711077 1523 3968656 8791044
1757711078 1523 3969040 8791044
1757711079 1523 3969808 8791044
1757711080 1523 3970192 8791044
1757711082 1523 3970960 8791044
1757711083 1523 3971728 8791044
1757711084 1523 3972496 8791044
1757711085 1523 3973264 8791044
1757711086 1523 3973648 8791044
1757711087 1524 3973648 8791044
1757711088 1524 3973648 8791044
1757711089 1524 3974032 8791044
1757711090 1524 3974032 8791044
1757711091 1524 3974800 8791044
1757711092 1523 3974800 8791044
1757711093 1523 3975184 8791044
1757711094 1523 3975568 8791044
1757711095 1523 3975952 8791044
1757711096 1523 3976720 8791044
1757711098 1523 3976720 8791044
1757711099 1523 3976720 8791044
1757711100 1523 3977104 8791044
1757711101 1523 3977488 8791044
1757711102 1523 3978256 8791044
1757711103 1523 3979024 8791044
1757711104 1523 3979408 8791044
1757711105 1524 3980176 8791044
1757711106 1524 3980176 8791044
1757711107 1523 3980560 8791044
1757711108 1523 3980560 8791044
1757711109 1523 3980944 8791044
1757711110 1523 3981712 8791044
1757711111 1523 3982096 8791044
1757711113 1523 3982992 8791044
1757711114 1523 3983760 8791044
1757711115 1523 3984528 8791044
1757711116 1524 3984912 8791044
1757711117 1524 3985680 8791044
1757711118 1524 3986448 8791044
1757711119 1524 3986832 8791044
1757711120 1524 3987216 8791044
1757711121 1524 3987216 8791044
1757711122 1523 3987216 8791044
1757711123 1523 3987600 8791044
1757711124 1523 3987984 8791044
1757711125 1523 3988368 8791044
1757711127 1523 3989136 8791044
1757711128 1523 3989648 8791044
1757711129 1523 3990416 8791044
1757711130 1523 3990800 8791044
1757711131 1523 3990800 8791044
1757711132 1523 3990800 8791044
1757711133 1523 3991184 8791044
1757711134 1524 3991952 8791044
1757711135 1524 3992336 8791044
1757711136 1524 3993104 8791044
1757711137 1523 3993488 8791044
1757711138 1523 3993872 8791044
1757711139 1523 3993872 8791044
1757711140 1523 3994640 8791044
1757711141 1523 3995408 8791044
1757711143 1523 3995792 8791044
1757711144 1523 3996560 8791044
1757711145 1523 3996944 8791044
1757711146 1524 3997712 8791044
1757711147 1524 3998480 8791044
1757711148 1524 3998864 8791044
1757711149 1524 3999632 8791044
1757711150 1524 4000528 8791044
1757711151 1524 4000912 8791044
1757711152 1523 4000912 8791044
1757711153 1523 4001296 8791044
1757711154 1523 4001296 8791044
1757711155 1523 4001296 8791044
1757711156 1523 4001680 8791044
1757711158 1523 4002576 8791044
1757711159 1523 4002960 8791044
1757711160 1523 4003728 8791044
1757711161 1523 4004240 8791044
1757711162 1524 4005008 8791044
1757711163 1524 4005392 8791044
1757711164 1524 4005392 8791044
1757711165 1524 4005392 8791044
1757711166 1524 4005776 8791044
1757711167 1524 4006544 8791044
1757711168 1523 4006544 8791044
1757711169 1523 4006928 8791044
1757711170 1523 4007312 8791044
1757711171 1523 4008080 8791044
1757711172 1523 4008464 8791044
1757711174 1523 4009232 8791044
1757711175 1523 4010000 8791044
1757711176 1523 4010384 8791044
1757711177 1524 4011152 8791044
1757711178 1524 4011920 8791044
1757711179 1524 4012688 8791044
1757711180 1524 4013072 8791044
1757711181 1524 4013840 8791044
1757711182 1524 4014224 8791044
1757711183 1524 4014224 8791044
1757711184 1523 4014224 8791044
1757711185 1523 4014608 8791044
1757711186 1523 4014608 8791044
1757711187 1523 4014608 8791044
1757711188 1523 4014608 8791044
1757711190 1523 4015120 8791044
1757711191 1523 4015888 8791044
1757711192 1523 4016272 8791044
1757711193 1524 4017040 8791044
1757711194 1524 4017424 8791044
1757711195 1524 4018192 8791044
1757711196 1524 4018192 8791044
1757711197 1524 4018192 8791044
1757711198 1524 4018192 8791044
1757711199 1523 4018576 8791044
1757711200 1523 4019088 8791044
1757711201 1523 4019472 8791044
1757711202 1523 4020240 8791044
1757711204 1523 4020624 8791044
1757711205 1523 4021520 8791044
1757711206 1523 4021904 8791044
1757711207 1524 4022672 8791044
1757711208 1524 4023440 8791044
1757711209 1524 4023824 8791044
1757711210 1524 4024592 8791044
1757711211 1524 4025360 8791044
1757711212 1524 4025744 8791044
1757711213 1524 4026128 8791044
1757711214 1523 4026896 8791044
1757711215 1523 4026896 8791044
1757711216 1523 4026896 8791044
1757711217 1523 4027280 8791044
1757711219 1523 4028048 8791044
1757711220 1523 4028432 8791044
1757711221 1524 4028432 8791044
1757711222 1524 4028432 8791044
1757711223 1524 4028944 8791044
1757711224 1524 4029328 8791044
1757711225 1524 4030096 8791044
1757711226 1524 4030864 8791044
1757711227 1524 4031248 8791044
1757711228 1523 4032016 8791044
1757711229 1523 4032016 8791044
1757711230 1523 4032016 8791044
1757711231 1523 4032016 8791044
1757711232 1523 4032784 8791044
1757711234 1523 4033168 8791044
1757711235 1523 4033936 8791044
1757711236 1523 4034320 8791044
1757711237 1524 4035088 8791044
1757711238 1524 4035856 8791044
1757711239 1524 4036624 8791044
1757711240 1524 4037008 8791044
1757711241 1524 4037904 8791044
1757711242 1524 4038672 8791044
1757711243 1524 4039056 8791044
1757711244 1523 4039440 8791044
1757711245 1523 4039824 8791044
1757711246 1523 4040208 8791044
1757711247 1523 4040208 8791044
1757711249 1523 4040208 8791044
1757711250 1523 4040208 8791044
1757711251 1523 4040976 8791044
1757711252 1523 4041360 8791044
1757711253 1524 4041744 8791044
1757711254 1524 4041744 8791044
1757711255 1524 4041744 8791044
1757711256 1524 4042128 8791044
1757711257 1524 4042512 8791044
1757711258 1524 4043280 8791044
1757711259 1523 4044048 8791044
1757711260 1523 4044816 8791044
1757711261 1523 4045200 8791044
1757711262 1523 4045200 8791044
1757711263 1523 4045200 8791044
1757711265 1523 4045200 8791044
1757711266 1523 4045968 8791044
1757711267 1523 4046736 8791044
1757711268 1523 4047120 8791044
1757711269 1523 4047888 8791044
1757711270 1524 4048784 8791044
1757711271 1524 4049168 8791044
1757711272 1524 4049936 8791044
1757711273 1524 4050704 8791044
1757711274 1523 4051088 8791044
1757711275 1523 4051600 8791044
1757711276 1523 4051600 8791044
1757711277 1523 4051984 8791044
1757711278 1523 4051984 8791044
1757711280 1523 4051984 8791044
1757711281 1523 4051984 8791044
1757711282 1523 4052752 8791044
1757711283 1523 4053136 8791044
1757711284 1523 4053904 8791044
1757711285 1524 4054288 8791044
1757711286 1524 4054672 8791044
1757711287 1524 4054672 8791044
1757711288 1524 4054672 8791044
1757711289 1523 4055056 8791044
1757711290 1523 4055824 8791044
1757711291 1523 4056208 8791044
1757711292 1523 4056592 8791044
1757711293 1523 4056592 8791044
1757711295 1523 4057104 8791044
1757711296 1523 4057104 8791044
1757711297 1523 4057104 8791044
1757711298 1523 4057104 8791044
1757711299 1523 4057872 8791044
1757711300 1523 4058640 8791044
1757711301 1524 4059408 8791044
1757711302 1524 4059792 8791044
1757711303 1524 4060688 8791044
1757711304 1523 4061072 8791044
1757711305 1523 4061456 8791044
1757711306 1523 4061840 8791044
1757711307 1523 4062608 8791044
1757711308 1523 4062608 8791044
1757711310 1523 4062608 8791044
1757711311 1523 4062608 8791044
1757711312 1523 4062992 8791044
1757711313 1523 4063760 8791044
1757711314 1523 4064144 8791044
1757711315 1523 4064912 8791044
1757711316 1523 4065296 8791044
1757711317 1524 4066064 8791044
1757711318 1524 4066832 8791044
1757711319 1523 4067216 8791044
1757711320 1523 4067216 8791044
1757711321 1523 4067216 8791044
1757711322 1523 4067600 8791044
1757711323 1523 4067984 8791044
1757711324 1523 4067984 8791044
1757711326 1523 4067984 8791044
1757711327 1523 4068752 8791044
1757711328 1523 4069136 8791044
1757711329 1523 4069136 8791044
1757711330 1523 4069136 8791044
1757711331 1523 4069520 8791044
1757711332 1523 4070288 8791044
1757711333 1523 4070672 8791044
1757711334 1524 4071440 8791044
1757711335 1523 4071824 8791044
1757711336 1523 4072208 8791044
1757711337 1523 4072976 8791044
1757711338 1523 4072976 8791044
1757711339 1523 4073360 8791044
1757711341 1523 4073744 8791044
1757711342 1523 4074512 8791044
1757711343 1523 4074896 8791044
1757711344 1523 4075664 8791044
1757711345 1523 4076432 8791044
1757711346 1523 4076816 8791044
1757711347 1523 4077584 8791044
1757711348 1523 4078352 8791044
1757711349 1524 4078736 8791044
1757711350 1524 4079504 8791044
1757711351 1524 4079888 8791044
1757711352 1523 4080272 8791044
1757711353 1523 4080272 8791044
1757711354 1523 4080272 8791044
1757711355 1523 4080656 8791044
1757711356 1523 4080656 8791044
1757711358 1523 4081040 8791044
1757711359 1523 4081424 8791044
1757711360 1523 4082192 8791044
1757711361 1523 4082704 8791044
1757711362 1523 4082704 8791044
1757711363 1523 4082704 8791044
1757711364 1523 4083088 8791044
1757711365 1523 4083472 8791044
1757711366 1524 4083984 8791044
1757711367 1523 4084752 8791044
1757711368 1523 4085136 8791044
1757711369 1523 4085520 8791044
1757711370 1523 4085904 8791044
1757711371 1523 4086672 8791044
1757711373 1523 4087056 8791044
1757711374 1523 4087440 8791044
1757711375 1523 4087824 8791044
1757711376 1523 4088592 8791044
1757711377 1523 4088976 8791044
1757711378 1523 4089744 8791044
1757711379 1523 4090512 8791044
1757711380 1524 4091408 8791044
1757711381 1524 4091792 8791044
1757711382 1523 4092560 8791044
1757711383 1523 4093328 8791044
1757711384 1523 4093712 8791044
1757711385 1523 4094480 8791044
1757711386 1523 4094480 8791044
1757711388 1523 4094480 8791044
1757711389 1523 4094480 8791044
1757711390 1523 4095248 8791044
1757711391 1523 4095632 8791044
1757711392 1523 4096400 8791044
1757711393 1524 4097168 8791044
1757711394 1524 4097168 8791044
1757711395 1524 4097168 8791044
1757711396 1524 4097168 8791044
1757711397 1523 4097552 8791044
1757711398 1523 4098064 8791044
1757711399 1523 4098832 8791044
1757711400 1523 4099216 8791044
1757711401 1523 4099216 8791044
1757711402 1523 4099728 8791044
1757711404 1523 4100496 8791044
1757711405 1523 4100880 8791044
1757711406 1523 4101648 8791044
1757711407 1523 4102416 8791044
1757711408 1523 4102800 8791044
1757711409 1523 4103568 8791044
1757711410 1523 4103952 8791044
1757711411 1524 4104720 8791044
1757711412 1524 4105104 8791044
1757711413 1523 4105872 8791044
1757711414 1523 4106640 8791044
1757711415 1523 4107408 8791044
1757711416 1523 4108176 8791044
1757711417 1523 4108176 8791044
1757711419 1523 4108176 8791044
1757711420 1523 4108176 8791044
1757711421 1523 4108176 8791044
1757711422 1523 4108176 8791044
1757711423 1523 4108944 8791044
1757711424 1523 4109328 8791044
1757711425 1523 4110096 8791044
1757711426 1524 4110864 8791044
1757711427 1524 4110864 8791044
1757711428 1524 4110864 8791044
1757711429 1524 4110864 8791044
1757711430 1523 4111248 8791044
1757711431 1523 4111760 8791044
1757711432 1523 4112144 8791044
1757711433 1523 4112656 8791044
1757711434 1523 4113424 8791044
1757711436 1523 4113808 8791044
1757711437 1523 4114576 8791044
1757711438 1523 4114960 8791044
1757711439 1523 4115728 8791044
1757711440 1523 4116496 8791044
1757711441 1523 4116880 8791044
1757711442 1524 4117648 8791044
1757711443 1524 4118416 8791044
1757711444 1524 4118800 8791044
1757711445 1523 4119568 8791044
1757711446 1523 4120336 8791044
1757711447 1523 4120848 8791044
1757711448 1523 4120848 8791044
1757711449 1523 4121232 8791044
1757711451 1523 4122000 8791044
1757711452 1523 4122384 8791044
1757711453 1523 4122384 8791044
1757711454 1523 4122384 8791044
1757711455 1523 4122768 8791044
1757711456 1523 4123152 8791044
1757711457 1524 4123920 8791044
1757711458 1524 4123920 8791044
1757711459 1524 4124432 8791044
1757711460 1524 4124816 8791044
1757711461 1524 4124816 8791044
1757711462 1523 4124816 8791044
1757711463 1523 4125200 8791044
1757711464 1523 4125584 8791044
1757711465 1523 4126352 8791044
1757711467 1523 4126736 8791044
1757711468 1523 4127504 8791044
1757711469 1523 4127888 8791044
1757711470 1523 4128656 8791044
1757711471 1523 4129424 8791044
1757711472 1523 4130320 8791044
1757711473 1524 4130704 8791044
1757711474 1524 4131472 8791044
1757711475 1524 4132240 8791044
1757711476 1523 4132624 8791044
1757711477 1523 4133392 8791044
1757711478 1523 4133776 8791044
1757711479 1523 4134160 8791044
1757711480 1523 4134160 8791044
1757711482 1523 4134928 8791044
1757711483 1523 4135696 8791044
1757711484 1523 4136208 8791044
1757711485 1524 4136976 8791044
1757711486 1524 4136976 8791044
1757711487 1524 4136976 8791044
1757711488 1524 4136976 8791044
1757711489 1524 4137744 8791044
1757711490 1524 4138128 8791044
1757711491 1523 4138512 8791044
1757711492 1523 4138896 8791044
1757711493 1523 4138896 8791044
1757711494 1523 4138896 8791044
1757711495 1523 4138896 8791044
1757711497 1523 4139280 8791044
1757711498 1523 4140048 8791044
1757711499 1523 4140816 8791044
1757711500 1523 4141328 8791044
1757711501 1523 4142096 8791044
1757711502 1524 4142864 8791044
1757711503 1524 4143248 8791044
1757711504 1524 4144016 8791044
1757711505 1524 4144784 8791044
1757711506 1523 4145168 8791044
1757711507 1523 4145936 8791044
1757711508 1523 4146320 8791044
1757711509 1523 4147088 8791044
1757711510 1523 4147088 8791044
1757711512 1523 4147472 8791044
1757711513 1524 4148240 8791044
1757711514 1524 4149008 8791044
1757711515 1524 4149776 8791044
1757711516 1524 4150160 8791044
1757711517 1524 4150928 8791044
1757711518 1524 4151312 8791044
1757711519 1524 4151312 8791044
1757711520 1524 4151312 8791044
1757711521 1523 4151312 8791044
1757711522 1523 4152080 8791044
1757711523 1523 4152080 8791044
1757711524 1523 4152848 8791044
1757711525 1523 4153232 8791044
1757711527 1523 4153232 8791044
1757711528 1523 4153232 8791044
1757711529 1523 4153232 8791044
1757711530 1523 4154000 8791044
1757711531 1524 4154768 8791044
1757711532 1524 4155152 8791044
1757711533 1524 4155920 8791044
1757711534 1524 4156688 8791044
1757711535 1524 4157072 8791044
1757711536 1524 4157968 8791044
1757711537 1523 4158352 8791044
1757711538 1523 4159120 8791044
1757711539 1523 4159888 8791044
1757711540 1524 4160656 8791044
1757711541 1524 4160656 8791044
1757711543 1524 4161040 8791044
1757711544 1524 4161424 8791044
1757711545 1524 4162192 8791044
1757711546 1524 4162960 8791044
1757711547 1524 4163344 8791044
1757711548 1524 4163728 8791044
1757711549 1524 4164112 8791044
1757711550 1524 4164496 8791044
1757711551 1524 4165392 8791044
1757711552 1524 4165392 8791044
1757711553 1523 4165392 8791044
1757711554 1523 4165392 8791044
1757711555 1523 4165776 8791044
1757711556 1523 4166544 8791044
1757711557 1523 4166928 8791044
1757711559 1524 4167312 8791044
1757711560 1524 4167312 8791044
1757711561 1524 4167312 8791044
1757711562 1524 4167696 8791044
1757711563 1524 4168080 8791044
1757711564 1524 4168848 8791044
1757711565 1524 4169616 8791044
1757711566 1524 4170000 8791044
1757711567 1524 4170768 8791044
1757711568 1523 4171536 8791044
1757711569 1523 4172304 8791044
1757711570 1523 4172688 8791044
1757711571 1524 4173456 8791044
1757711572 1524 4173456 8791044
1757711574 1524 4173840 8791044
1757711575 1524 4173840 8791044
1757711576 1524 4174608 8791044
1757711577 1524 4175120 8791044
1757711578 1524 4175888 8791044
1757711579 1524 4176272 8791044
1757711580 1524 4176656 8791044
1757711581 1524 4177424 8791044
1757711582 1524 4177808 8791044
1757711583 1523 4178320 8791044
1757711584 1523 4178704 8791044
1757711585 1523 4178704 8791044
1757711586 1523 4178704 8791044
1757711587 1524 4178704 8791044
1757711589 1524 4179088 8791044
1757711590 1524 4179856 8791044
1757711591 1524 4180624 8791044
1757711592 1524 4181008 8791044
1757711593 1524 4181008 8791044
1757711594 1524 4181008 8791044
1757711595 1524 4181392 8791044
1757711596 1524 4182160 8791044
1757711597 1524 4182544 8791044
1757711598 1524 4183440 8791044
1757711599 1523 4184208 8791044
1757711600 1524 4184592 8791044
1757711601 1524 4185360 8791044
1757711602 1524 4185744 8791044
1757711603 1524 4186512 8791044
1757711605 1524 4186512 8791044
1757711606 1524 4186896 8791044
1757711607 1524 4187664 8791044
1757711608 1524 4188048 8791044
1757711609 1524 4188816 8791044
1757711610 1524 4189200 8791044
1757711611 1524 4189584 8791044
1757711612 1524 4190352 8791044
1757711613 1524 4190736 8791044
1757711614 1524 4190736 8791044
1757711615 1524 4191632 8791044
1757711616 1524 4192016 8791044
1757711617 1524 4192784 8791044
1757711618 1524 4192784 8791044
1757711620 1524 4192784 8791044
1757711621 1524 4192784 8791044
1757711622 1524 4193168 8791044
1757711623 1524 4193936 8791044
1757711624 1524 4194320 8791044
1757711625 1524 4194704 8791044
1757711626 1524 4194704 8791044
1757711627 1524 4194704 8791044
1757711628 1524 4195088 8791044
1757711629 1524 4195856 8791044
1757711630 1524 4196624 8791044
1757711631 1524 4197008 8791044
1757711632 1524 4197776 8791044
1757711633 1524 4198160 8791044
1757711634 1524 4198544 8791044
1757711636 1524 4198544 8791044
1757711637 1524 4199312 8791044
1757711638 1524 4199696 8791044
1757711639 1524 4200464 8791044
1757711640 1524 4200848 8791044
1757711641 1524 4201616 8791044
1757711642 1524 4202128 8791044
1757711643 1524 4202512 8791044
1757711644 1524 4202896 8791044
1757711645 1524 4203280 8791044
1757711646 1524 4203664 8791044
1757711647 1524 4204560 8791044
1757711648 1524 4204944 8791044
1757711649 1524 4205712 8791044
1757711651 1524 4206096 8791044
1757711652 1524 4206480 8791044
1757711653 1524 4206480 8791044
1757711654 1524 4206480 8791044
1757711655 1524 4206864 8791044
1757711656 1524 4207632 8791044
1757711657 1524 4208016 8791044
1757711658 1524 4208400 8791044
1757711659 1524 4208400 8791044
1757711660 1524 4208400 8791044
1757711661 1524 4208784 8791044
1757711662 1524 4209552 8791044
1757711663 1524 4210320 8791044
1757711664 1524 4210704 8791044
1757711665 1524 4210704 8791044
1757711667 1524 4211088 8791044
1757711668 1524 4211856 8791044
1757711669 1524 4212240 8791044
1757711670 1524 4213008 8791044
1757711671 1524 4213392 8791044
1757711672 1524 4213776 8791044
1757711673 1524 4214160 8791044
1757711674 1524 4214928 8791044
1757711675 1524 4214928 8791044
1757711676 1524 4215824 8791044
1757711677 1524 4216208 8791044
1757711678 1524 4216976 8791044
1757711679 1524 4217360 8791044
1757711680 1524 4218128 8791044
1757711682 1524 4218512 8791044
1757711683 1524 4219280 8791044
1757711684 1524 4220048 8791044
1757711685 1524 4220048 8791044
1757711686 1524 4220048 8791044
1757711687 1524 4220048 8791044
1757711688 1524 4220816 8791044
1757711689 1524 4221584 8791044
1757711690 1524 4221968 8791044
1757711691 1524 4221968 8791044
1757711692 1524 4221968 8791044
1757711693 1524 4221968 8791044
1757711694 1524 4222352 8791044
1757711695 1524 4223120 8791044
1757711696 1524 4223504 8791044
1757711698 1524 4223888 8791044
1757711699 1524 4224272 8791044
1757711700 1524 4225040 8791044
1757711701 1524 4225424 8791044
1757711702 1524 4225424 8791044
1757711703 1524 4226192 8791044
1757711704 1524 4226576 8791044
1757711705 1524 4226960 8791044
1757711706 1524 4226960 8791044
1757711707 1524 4227728 8791044
1757711708 1524 4228112 8791044
1757711709 1524 4228496 8791044
1757711710 1524 4229392 8791044
1757711711 1524 4230160 8791044
1757711712 1524 4230928 8791044
1757711714 1524 4231312 8791044
1757711715 1524 4232080 8791044
1757711716 1524 4232464 8791044
1757711717 1524 4233232 8791044
1757711718 1524 4233616 8791044
1757711719 1524 4233616 8791044
1757711720 1524 4233616 8791044
1757711721 1524 4234000 8791044
1757711722 1525 4234768 8791044
1757711723 1524 4235536 8791044
1757711724 1524 4235536 8791044
1757711725 1524 4235536 8791044
1757711726 1524 4235536 8791044
1757711727 1524 4235920 8791044
1757711729 1524 4235920 8791044
1757711730 1524 4236304 8791044
1757711731 1524 4236688 8791044
1757711732 1524 4237072 8791044
1757711733 1524 4237456 8791044
1757711734 1524 4238224 8791044
1757711735 1524 4238608 8791044
1757711736 1524 4238992 8791044
1757711737 1524 4239376 8791044
1757711738 1524 4240272 8791044
1757711739 1524 4240656 8791044
1757711740 1524 4241552 8791044
1757711741 1524 4241936 8791044
1757711742 1524 4242704 8791044
1757711743 1524 4243472 8791044
1757711745 1524 4243856 8791044
1757711746 1524 4244624 8791044
1757711747 1524 4245008 8791044
1757711748 1524 4245776 8791044
1757711749 1524 4246544 8791044
1757711750 1524 4247312 8791044
1757711751 1525 4247696 8791044
1757711752 1525 4247696 8791044
1757711753 1525 4247696 8791044
1757711754 1525 4248080 8791044
1757711755 1524 4248464 8791044
1757711756 1524 4249232 8791044
1757711757 1524 4249232 8791044
1757711758 1524 4249232 8791044
1757711759 1524 4249232 8791044
1757711761 1524 4249232 8791044
1757711762 1524 4249616 8791044
1757711763 1524 4250384 8791044
1757711764 1524 4250768 8791044
1757711765 1524 4251152 8791044
1757711766 1524 4251536 8791044
1757711767 1524 4251920 8791044
1757711768 1524 4252688 8791044
1757711769 1525 4253072 8791044
1757711770 1524 4253968 8791044
1757711771 1524 4254352 8791044
1757711772 1524 4255120 8791044
1757711773 1524 4255888 8791044
1757711774 1524 4256272 8791044
1757711776 1524 4257040 8791044
1757711777 1524 4257424 8791044
1757711778 1524 4258192 8791044
1757711779 1524 4258960 8791044
1757711780 1525 4259728 8791044
1757711781 1525 4260496 8791044
1757711782 1525 4260880 8791044
1757711783 1525 4261776 8791044
1757711784 1525 4261776 8791044
1757711785 1525 4261776 8791044
1757711786 1524 4261776 8791044
1757711787 1524 4262160 8791044
1757711788 1524 4262928 8791044
1757711789 1524 4263312 8791044
1757711791 1524 4263312 8791044
1757711792 1524 4263312 8791044
1757711793 1524 4263696 8791044
1757711794 1524 4264080 8791044
1757711795 1524 4264464 8791044
1757711796 1524 4264848 8791044
1757711797 1525 4265616 8791044
1757711798 1525 4266000 8791044
1757711799 1525 4266896 8791044
1757711800 1524 4267280 8791044
1757711801 1524 4267664 8791044
1757711802 1524 4268432 8791044
1757711803 1524 4269200 8791044
1757711805 1524 4269968 8791044
1757711806 1524 4270352 8791044
1757711807 1524 4271120 8791044
1757711808 1524 4271504 8791044
1757711809 1525 4272272 8791044
1757711810 1525 4273040 8791044
1757711811 1525 4273424 8791044
1757711812 1525 4274192 8791044
1757711813 1525 4274960 8791044
1757711814 1525 4275344 8791044
1757711815 1524 4276240 8791044
1757711816 1524 4277008 8791044
1757711817 1524 4277008 8791044
1757711818 1524 4277008 8791044
1757711819 1524 4277008 8791044
1757711821 1524 4277392 8791044
1757711822 1525 4277392 8791044
1757711823 1525 4277392 8791044
1757711824 1524 4277392 8791044
1757711825 1525 4277392 8791044
1757711826 1525 4277392 8791044
1757711827 1525 4277904 8791044
1757711828 1525 4278672 8791044
1757711829 1525 4279056 8791044
1757711830 1524 4279952 8791044
1757711831 1524 4280336 8791044
1757711832 1524 4281104 8791044
1757711833 1524 4281488 8791044
1757711834 1524 4282256 8791044
1757711836 1524 4282640 8791044
1757711837 1524 4283408 8791044
1757711838 1525 4284176 8791044
1757711839 1525 4284560 8791044
1757711840 1525 4285328 8791044
1757711841 1525 4285712 8791044
1757711842 1525 4286480 8791044
1757711843 1525 4287376 8791044
1757711844 1525 4287760 8791044
1757711845 1525 4288528 8791044
1757711846 1524 4289296 8791044
1757711847 1524 4289680 8791044
1757711848 1525 4290448 8791044
1757711849 1525 4290832 8791044
1757711851 1525 4291216 8791044
1757711852 1525 4291216 8791044
1757711853 1525 4291216 8791044
1757711854 1525 4291600 8791044
1757711855 1525 4291984 8791044
1757711856 1525 4291984 8791044
1757711857 1525 4291984 8791044
1757711858 1525 4291984 8791044
1757711859 1525 4292496 8791044
1757711860 1525 4293264 8791044
1757711861 1524 4293648 8791044
1757711862 1524 4294416 8791044
1757711863 1524 4295184 8791044
1757711864 1524 4295568 8791044
1757711865 1524 4296336 8791044
1757711867 1524 4296720 8791044
1757711868 1525 4297488 8791044
1757711869 1525 4298256 8791044
1757711870 1525 4298640 8791044
1757711871 1525 4299408 8791044
1757711872 1525 4300176 8791044
1757711873 1525 4300560 8791044
1757711874 1525 4301328 8791044
1757711875 1525 4302096 8791044
1757711876 1524 4302608 8791044
1757711877 1525 4303376 8791044
1757711878 1525 4303760 8791044
1757711879 1525 4304656 8791044
1757711880 1525 4305424 8791044
1757711882 1525 4305808 8791044
1757711883 1525 4306192 8791044
1757711884 1525 4306576 8791044
1757711885 1525 4306576 8791044
1757711886 1525 4306576 8791044
1757711887 1525 4306576 8791044
1757711888 1525 4306960 8791044
1757711889 1525 4307344 8791044
1757711890 1525 4307344 8791044
1757711891 1525 4307344 8791044
1757711892 1524 4307344 8791044
1757711893 1524 4308112 8791044
1757711894 1524 4308880 8791044
1757711895 1524 4309264 8791044
1757711896 1524 4310032 8791044
1757711898 1525 4310800 8791044
1757711899 1525 4311568 8791044
1757711900 1525 4311952 8791044
1757711901 1525 4312720 8791044
1757711902 1525 4313104 8791044
1757711903 1525 4313872 8791044
1757711904 1525 4314640 8791044
1757711905 1525 4315408 8791044
1757711906 1525 4315792 8791044
1757711907 1524 4316560 8791044
1757711908 1525 4316944 8791044
1757711909 1525 4317712 8791044
1757711910 1525 4318608 8791044
1757711911 1525 4318992 8791044
1757711913 1525 4319376 8791044
1757711914 1525 4319376 8791044
1757711915 1525 4319376 8791044
1757711916 1525 4319376 8791044
1757711917 1525 4319376 8791044
1757711918 1525 4319376 8791044
1757711919 1525 4319376 8791044
1757711920 1525 4319376 8791044
1757711921 1525 4320144 8791044
1757711922 1525 4320144 8791044
1757711923 1524 4320144 8791044
1757711924 1524 4320144 8791044
1757711925 1524 4320912 8791044
1757711926 1524 4321296 8791044
1757711927 1524 4322064 8791044
1757711929 1525 4322448 8791044
1757711930 1525 4323216 8791044
1757711931 1525 4323984 8791044
1757711932 1525 4324496 8791044
1757711933 1525 4325264 8791044
1757711934 1525 4326032 8791044
1757711935 1525 4326416 8791044
1757711936 1525 4327184 8791044
1757711937 1525 4327952 8791044
1757711938 1525 4328848 8791044
1757711939 1525 4329232 8791044
1757711940 1525 4330000 8791044
1757711941 1525 4330384 8791044
1757711942 1525 4331152 8791044
1757711944 1525 4331536 8791044
1757711945 1525 4331920 8791044
1757711946 1525 4332304 8791044
1757711947 1525 4332688 8791044
1757711948 1525 4332688 8791044
1757711949 1525 4333072 8791044
1757711950 1525 4333584 8791044
1757711951 1525 4333584 8791044
1757711952 1525 4333584 8791044
1757711953 1525 4333584 8791044
1757711954 1524 4334352 8791044
1757711955 1524 4334352 8791044
1757711956 1524 4334352 8791044
1757711957 1524 4334352 8791044
1757711959 1525 4335120 8791044
1757711960 1525 4335888 8791044
1757711961 1525 4336272 8791044
1757711962 1525 4337040 8791044
1757711963 1525 4337424 8791044
1757711964 1525 4338192 8791044
1757711965 1525 4338576 8791044
1757711966 1525 4339472 8791044
1757711967 1525 4340240 8791044
1757711968 1525 4341008 8791044
1757711969 1525 4341392 8791044
1757711970 1525 4342160 8791044
1757711971 1525 4342928 8791044
1757711972 1525 4343312 8791044
1757711974 1525 4344080 8791044
1757711975 1525 4344464 8791044
1757711976 1525 4345232 8791044
1757711977 1525 4345232 8791044
1757711978 1525 4345232 8791044
1757711979 1525 4345232 8791044
1757711980 1525 4346000 8791044
1757711981 1525 4346384 8791044
1757711982 1525 4346768 8791044
1757711983 1525 4347536 8791044
1757711984 1525 4347536 8791044
1757711985 1525 4347536 8791044
1757711986 1525 4347536 8791044
1757711987 1525 4348304 8791044
1757711988 1525 4348304 8791044
1757711990 1525 4348304 8791044
1757711991 1525 4348304 8791044
1757711992 1525 4349072 8791044
1757711993 1525 4349840 8791044
1757711994 1525 4350608 8791044
1757711995 1525 4351376 8791044
1757711996 1525 4351760 8791044
1757711997 1525 4352528 8791044
1757711998 1525 4352912 8791044
1757711999 1525 4353680 8791044
1757712000 1525 4354064 8791044
1757712001 1525 4354832 8791044
1757712002 1525 4355216 8791044
1757712003 1525 4355984 8791044
1757712005 1525 4356368 8791044
1757712006 1525 4357264 8791044
1757712007 1525 4358032 8791044
1757712008 1525 4358032 8791044
1757712009 1525 4358032 8791044
1757712010 1525 4358032 8791044
1757712011 1525 4358032 8791044
1757712012 1525 4358416 8791044
1757712013 1525 4359184 8791044
1757712014 1525 4359568 8791044
1757712015 1525 4360336 8791044
1757712016 1525 4360720 8791044
1757712017 1525 4360720 8791044
1757712018 1525 4360720 8791044
1757712019 1525 4361104 8791044
1757712020 1525 4361488 8791044
1757712022 1525 4361488 8791044
1757712023 1525 4361488 8791044
1757712024 1525 4361872 8791044
1757712025 1525 4362256 8791044
1757712026 1525 4363024 8791044
1757712027 1525 4363792 8791044
1757712028 1525 4364176 8791044
1757712029 1525 4364944 8791044
1757712030 1525 4365712 8791044
1757712031 1525 4366096 8791044
1757712032 1525 4366864 8791044
1757712033 1525 4367248 8791044
1757712034 1525 4368016 8791044
1757712035 1525 4368400 8791044
1757712037 1525 4369296 8791044
1757712038 1525 4370064 8791044
1757712039 1525 4370064 8791044
1757712040 1525 4370064 8791044
1757712041 1525 4370064 8791044
1757712042 1525 4370576 8791044
1757712043 1525 4370960 8791044
1757712044 1525 4371728 8791044
1757712045 1525 4372112 8791044
1757712046 1525 4372880 8791044
1757712047 1525 4373264 8791044
1757712048 1525 4374032 8791044
1757712049 1525 4374416 8791044
1757712050 1525 4374800 8791044
1757712052 1525 4374800 8791044
1757712053 1525 4374800 8791044
1757712054 1525 4375184 8791044
1757712055 1525 4375184 8791044
1757712056 1525 4375184 8791044
1757712057 1525 4375568 8791044
1757712058 1525 4376336 8791044
1757712059 1525 4376720 8791044
1757712060 1525 4377488 8791044
1757712061 1525 4378256 8791044
1757712062 1525 4378640 8791044
1757712063 1525 4379408 8791044
1757712064 1525 4380176 8791044
1757712065 1525 4380944 8791044
1757712066 1525 4381456 8791044
1757712068 1525 4382224 8791044
1757712069 1525 4382224 8791044
1757712070 1525 4382608 8791044
1757712071 1525 4382608 8791044
1757712072 1525 4382608 8791044
1757712073 1525 4382608 8791044
1757712074 1525 4383376 8791044
1757712075 1525 4384144 8791044
1757712076 1525 4384528 8791044
1757712077 1525 4385296 8791044
1757712078 1525 4385680 8791044
1757712079 1525 4386448 8791044
1757712080 1525 4386832 8791044
1757712081 1525 4387600 8791044
1757712083 1525 4388368 8791044
1757712084 1525 4388368 8791044
1757712085 1525 4388368 8791044
1757712086 1525 4388368 8791044
1757712087 1525 4388752 8791044
1757712088 1525 4388752 8791044
1757712089 1525 4388752 8791044
1757712090 1525 4389136 8791044
1757712091 1525 4389904 8791044
1757712092 1525 4390288 8791044
1757712093 1525 4391056 8791044
1757712094 1525 4391824 8791044
1757712095 1525 4392592 8791044
1757712096 1525 4392976 8791044
1757712097 1525 4393872 8791044
1757712099 1525 4394256 8791044
1757712100 1525 4395024 8791044
1757712101 1525 4395024 8791044
1757712102 1525 4395024 8791044
1757712103 1525 4395024 8791044
1757712104 1525 4395024 8791044
1757712105 1525 4395792 8791044
1757712106 1525 4396176 8791044
1757712107 1525 4396944 8791044
1757712108 1525 4397712 8791044
1757712109 1525 4398096 8791044
1757712110 1525 4398864 8791044
1757712111 1525 4399632 8791044
1757712112 1525 4400016 8791044
1757712114 1525 4400784 8791044
1757712115 1525 4401552 8791044
1757712116 1525 4401936 8791044
1757712117 1525 4401936 8791044
1757712118 1525 4401936 8791044
1757712119 1525 4402320 8791044
1757712120 1525 4402320 8791044
1757712121 1525 4402320 8791044
1757712122 1525 4402320 8791044
1757712123 1525 4403216 8791044
1757712124 1525 4403600 8791044
1757712125 1525 4404368 8791044
1757712126 1525 4405136 8791044
1757712127 1525 4405520 8791044
1757712128 1525 4406288 8791044
1757712130 1525 4406672 8791044
1757712131 1525 4407440 8791044
1757712132 1525 4407824 8791044
1757712133 1525 4407824 8791044
1757712134 1525 4407824 8791044
1757712135 1525 4407824 8791044
1757712136 1525 4407824 8791044
1757712137 1525 4408592 8791044
1757712138 1525 4409488 8791044
1757712139 1525 4409872 8791044
1757712140 1525 4410640 8791044
1757712141 1525 4411408 8791044
1757712142 1525 4411792 8791044
1757712143 1525 4412560 8791044
1757712145 1525 4413328 8791044
1757712146 1525 4413712 8791044
1757712147 1525 4414480 8791044
1757712148 1525 4415248 8791044
1757712149 1525 4415632 8791044
1757712150 1525 4415632 8791044
1757712151 1525 4415632 8791044
1757712152 1525 4415632 8791044
1757712153 1525 4416016 8791044
1757712154 1525 4416016 8791044
1757712155 1525 4416016 8791044
1757712156 1525 4416528 8791044
1757712157 1525 4417296 8791044
1757712158 1525 4418064 8791044
1757712159 1525 4418832 8791044
1757712161 1525 4419216 8791044
1757712162 1525 4419984 8791044
1757712163 1525 4419984 8791044
1757712164 1525 4419984 8791044
1757712165 1525 4420368 8791044
1757712166 1525 4420368 8791044
1757712167 1525 4420368 8791044
1757712168 1525 4421136 8791044
1757712169 1525 4422032 8791044
1757712170 1525 4422416 8791044
1757712171 1525 4423184 8791044
1757712172 1525 4423952 8791044
1757712173 1525 4424720 8791044
1757712174 1525 4425104 8791044
1757712176 1525 4425872 8791044
1757712177 1525 4426256 8791044
1757712178 1525 4427024 8791044
1757712179 1525 4427920 8791044
1757712180 1525 4428688 8791044
1757712181 1525 4429072 8791044
1757712182 1525 4429840 8791044
1757712183 1525 4429840 8791044
1757712184 1526 4429840 8791044
1757712185 1525 4430224 8791044
1757712186 1525 4430224 8791044
1757712187 1525 4430224 8791044
1757712188 1525 4430224 8791044
1757712189 1525 4430992 8791044
1757712191 1525 4431376 8791044
1757712192 1525 4432272 8791044
1757712193 1525 4433040 8791044
1757712194 1525 4433040 8791044
1757712195 1525 4433040 8791044
1757712196 1525 4433040 8791044
1757712197 1525 4433040 8791044
1757712198 1525 4433424 8791044
1757712199 1525 4434192 8791044
1757712200 1525 4434576 8791044
1757712201 1525 4435344 8791044
1757712202 1525 4435728 8791044
1757712203 1525 4436496 8791044
1757712204 1525 4437264 8791044
1757712205 1525 4437648 8791044
1757712207 1525 4438416 8791044
1757712208 1525 4438928 8791044
1757712209 1525 4439696 8791044
1757712210 1525 4440464 8791044
1757712211 1525 4441232 8791044
1757712212 1525 4441616 8791044
1757712213 1525 4442384 8791044
1757712214 1526 4442768 8791044
1757712215 1526 4443536 8791044
1757712216 1526 4443920 8791044
1757712217 1525 4443920 8791044
1757712218 1525 4443920 8791044
1757712219 1525 4443920 8791044
1757712220 1525 4443920 8791044
1757712221 1525 4443920 8791044
1757712223 1525 4444688 8791044
1757712224 1525 4445456 8791044
1757712225 1525 4445456 8791044
1757712226 1525 4445456 8791044
1757712227 1525 4445456 8791044
1757712228 1525 4445456 8791044
1757712229 1525 4445840 8791044
1757712230 1525 4446224 8791044
1757712231 1525 4446992 8791044
1757712232 1525 4447760 8791044
1757712233 1525 4448144 8791044
1757712234 1525 4448912 8791044
1757712235 1525 4449296 8791044
1757712236 1525 4450064 8791044
1757712238 1525 4450448 8791044
1757712239 1525 4451216 8791044
1757712240 1525 4452112 8791044
1757712241 1525 4452880 8791044
1757712242 1525 4453648 8791044
1757712243 1525 4454032 8791044
1757712244 1526 4454800 8791044
1757712245 1526 4455184 8791044
1757712246 1526 4455952 8791044
1757712247 1526 4456720 8791044
1757712248 1525 4457104 8791044
1757712249 1525 4457488 8791044
1757712250 1525 4457488 8791044
1757712251 1525 4457488 8791044
1757712252 1525 4457488 8791044
1757712254 1525 4457488 8791044
1757712255 1525 4457872 8791044
1757712256 1525 4457872 8791044
1757712257 1525 4457872 8791044
1757712258 1525 4457872 8791044
1757712259 1525 4458256 8791044
1757712260 1525 4458256 8791044
1757712261 1525 4458640 8791044
1757712262 1525 4459408 8791044
1757712263 1525 4460176 8791044
1757712264 1525 4460560 8791044
1757712265 1525 4461328 8791044
1757712266 1525 4462224 8791044
1757712267 1525 4462992 8791044
1757712269 1525 4463376 8791044
1757712270 1525 4464144 8791044
1757712271 1525 4464528 8791044
1757712272 1525 4465296 8791044
1757712273 1525 4465680 8791044
1757712274 1525 4466448 8791044
1757712275 1526 4467216 8791044
1757712276 1526 4467984 8791044
1757712277 1526 4468752 8791044
1757712278 1526 4469136 8791044
1757712279 1525 4469904 8791044
1757712280 1525 4470288 8791044
1757712281 1525 4471184 8791044
1757712282 1525 4471568 8791044
1757712283 1525 4471568 8791044
1757712285 1525 4471568 8791044
1757712286 1525 4471568 8791044
1757712287 1525 4471568 8791044
1757712288 1525 4471568 8791044
1757712289 1525 4471568 8791044
1757712290 1525 4471568 8791044
1757712291 1525 4471568 8791044
1757712292 1525 4472336 8791044
1757712293 1525 4473104 8791044
1757712294 1525 4473488 8791044
1757712295 1525 4474256 8791044
1757712296 1525 4474640 8791044
1757712297 1525 4475536 8791044
1757712298 1525 4476304 8791044
1757712300 1525 4476688 8791044
1757712301 1525 4477456 8791044
1757712302 1525 4478224 8791044
1757712303 1525 4478608 8791044
1757712304 1525 4479376 8791044
1757712305 1526 4479760 8791044
1757712306 1526 4480528 8791044
1757712307 1526 4481296 8791044
1757712308 1526 4481680 8791044
1757712309 1525 4482448 8791044
1757712310 1525 4482832 8791044
1757712311 1525 4483728 8791044
1757712312 1525 4484496 8791044
1757712313 1525 4484880 8791044
1757712315 1525 4485648 8791044
1757712316 1525 4486032 8791044
1757712317 1526 4486032 8791044
1757712318 1525 4486032 8791044
1757712319 1525 4486032 8791044
1757712320 1525 4486032 8791044
1757712321 1525 4486032 8791044
1757712322 1525 4486032 8791044
1757712323 1525 4486928 8791044
1757712324 1525 4487696 8791044
1757712325 1525 4488080 8791044
1757712326 1525 4488848 8791044
1757712327 1525 4489232 8791044
1757712328 1525 4490000 8791044
1757712329 1525 4490384 8791044
1757712331 1525 4491152 8791044
1757712332 1525 4491920 8791044
1757712333 1525 4492688 8791044
1757712334 1525 4493072 8791044
1757712335 1525 4493840 8791044
1757712336 1526 4494608 8791044
1757712337 1526 4494992 8791044
1757712338 1526 4495760 8791044
1757712339 1526 4496144 8791044
1757712340 1525 4497040 8791044
1757712341 1525 4497424 8791044
1757712342 1525 4498192 8791044
1757712343 1525 4498960 8791044
1757712344 1525 4499728 8791044
1757712346 1525 4500112 8791044
1757712347 1526 4500496 8791044
1757712348 1526 4501264 8791044
1757712349 1526 4501648 8791044
1757712350 1526 4501648 8791044
1757712351 1526 4501648 8791044
1757712352 1525 4501648 8791044
1757712353 1525 4501648 8791044
1757712354 1525 4502032 8791044
1757712355 1525 4502416 8791044
1757712356 1525 4503184 8791044
1757712357 1525 4503952 8791044
1757712358 1525 4504720 8791044
1757712359 1525 4505488 8791044
1757712361 1525 4505872 8791044
1757712362 1525 4506640 8791044
1757712363 1525 4507024 8791044
1757712364 1525 4507792 8791044
1757712365 1525 4508176 8791044
1757712366 1526 4509072 8791044
1757712367 1526 4509840 8791044
1757712368 1526 4510608 8791044
1757712369 1526 4510992 8791044
1757712370 1525 4511760 8791044
1757712371 1525 4512528 8791044
1757712372 1525 4512912 8791044
1757712373 1525 4513680 8791044
1757712374 1525 4514064 8791044
1757712376 1525 4514832 8791044
1757712377 1526 4515216 8791044
1757712378 1526 4515984 8791044
1757712379 1526 4516368 8791044
1757712380 1526 4517136 8791044
1757712381 1526 4517136 8791044
1757712382 1526 4517136 8791044
1757712383 1526 4517136 8791044
1757712384 1526 4517136 8791044
1757712385 1525 4517136 8791044
1757712386 1525 4517136 8791044
1757712387 1525 4517904 8791044
1757712388 1525 4518288 8791044
1757712389 1525 4519056 8791044
1757712391 1525 4519568 8791044
1757712392 1525 4520336 8791044
1757712393 1525 4521104 8791044
1757712394 1525 4521872 8791044
1757712395 1525 4522256 8791044
1757712396 1526 4523024 8791044
1757712397 1526 4523024 8791044
1757712398 1526 4523024 8791044
1757712399 1526 4523024 8791044
1757712400 1526 4523024 8791044
1757712401 1525 4523024 8791044
1757712402 1525 4523024 8791044
1757712403 1525 4523024 8791044
1757712404 1525 4523024 8791044
1757712406 1525 4523024 8791044
1757712407 1526 4523024 8791044
1757712408 1526 4523024 8791044
1757712409 1526 4523024 8791044
1757712410 1526 4523024 8791044
1757712411 1526 4523024 8791044
1757712412 1526 4523024 8791044
1757712413 1526 4523024 8791044
1757712414 1526 4523024 8791044
1757712415 1526 4523024 8791044
1757712416 1525 4523024 8791044
1757712417 1525 4523024 8791044
1757712418 1525 4523024 8791044
1757712419 1525 4523024 8791044
1757712420 1525 4523024 8791044
1757712422 1525 4523024 8791044
1757712423 1525 4523024 8791044
1757712424 1525 4523024 8791044
1757712425 1525 4523024 8791044
1757712426 1526 4523024 8791044
1757712427 1526 4523024 8791044
1757712428 1526 4523024 8791044
1757712429 1526 4523024 8791044
1757712430 1526 4523024 8791044
1757712431 1526 4523024 8791044
1757712432 1525 4523024 8791044
1757712433 1525 4523024 8791044
1757712434 1525 4523024 8791044
1757712435 1525 4523024 8791044
1757712436 1526 4523024 8791044
1757712438 1526 4523024 8791044
1757712439 1526 4523024 8791044
1757712440 1526 4523024 8791044
1757712441 1526 4523024 8791044
1757712442 1526 4523024 8791044
1757712443 1526 4523024 8791044
1757712444 1526 4523024 8791044
1757712445 1526 4523024 8791044
1757712446 1526 4523024 8791044
1757712447 1525 4523024 8791044
1757712448 1525 4523024 8791044
1757712449 1525 4523024 8791044
1757712450 1525 4523024 8791044
1757712451 1525 4523024 8791044
1757712453 1525 4523024 8791044
1757712454 1525 4523024 8791044
1757712455 1525 4523024 8791044
1757712456 1525 4523024 8791044
1757712457 1526 4523024 8791044
1757712458 1526 4523024 8791044
1757712459 1526 4523024 8791044
1757712460 1526 4523024 8791044
1757712461 1526 4523024 8791044
1757712462 1526 4523024 8791044
1757712463 1525 4523024 8791044
1757712464 1525 4523024 8791044
1757712465 1525 4523024 8791044
1757712466 1526 4523024 8791044
1757712468 1526 4523024 8791044
1757712469 1526 4523024 8791044
1757712470 1526 4523024 8791044
1757712471 1526 4523024 8791044
1757712472 1526 4523024 8791044
1757712473 1526 4523024 8791044
1757712474 1526 4523024 8791044
1757712475 1526 4523024 8791044
1757712476 1526 4523024 8791044
1757712477 1526 4523024 8791044
1757712478 1525 4523024 8791044
1757712479 1525 4523024 8791044
1757712480 1525 4523024 8791044
1757712481 1525 4523024 8791044
1757712482 1525 4523024 8791044
1757712484 1525 4523024 8791044
1757712485 1525 4523024 8791044
1757712486 1525 4523024 8791044
1757712487 1526 4523024 8791044
1757712488 1526 4523024 8791044
1757712489 1526 4523024 8791044
1757712490 1526 4523024 8791044
1757712491 1526 4523024 8791044
1757712492 1526 4523024 8791044
1757712493 1525 4523024 8791044
1757712494 1525 4523024 8791044
1757712495 1525 4523024 8791044
1757712496 1525 4523024 8791044
1757712497 1526 4523024 8791044
1757712499 1526 4523024 8791044
1757712500 1526 4523024 8791044
1757712501 1526 4523024 8791044
1757712502 1526 4523024 8791044
1757712503 1526 4523024 8791044
1757712504 1526 4523024 8791044
1757712505 1526 4523024 8791044
1757712506 1526 4523024 8791044
1757712507 1526 4523024 8791044
1757712508 1526 4523024 8791044
1757712509 1525 4523024 8791044
1757712510 1525 3807896 5128932
1757712511 1525 3810072 5128932
1757712513 1526 3810072 5128932
1757712514 1526 3810072 5128932
1757712515 1526 3810072 5128932
1757712516 1526 3810072 5128932
1757712517 1526 3810072 5128932
1757712518 1526 3810072 5128932
1757712519 1526 3810072 5128932
1757712520 1525 5080888 7570340
