1757694282  0.0 15872 609920
1757694283  313 1250932 2958792
1757694284  207 1371184 2958792
1757694285  509 2438220 4558700
1757694286  692 2536268 4558700
1757694287  717 2206592 6154156
1757694288  768 2207744 6154156
1757694289  837 2207744 6154156
1757694290  788 2209024 6154156
1757694291  832 2209024 6154156
1757694292  866 2210304 6154156
1757694293  883 2211584 6154156
1757694294  893 2211584 6154156
1757694295  916 2212736 6154156
1757694296  939 2212736 6154156
1757694298  957 2214016 6154156
1757694299  975 2215296 6154156
1757694300  988 2215296 6154156
1757694301  998 2216576 6154156
1757694302 1006 2216576 6154156
1757694303 1016 2217856 6154156
1757694304 1028 2219008 6154156
1757694305 1037 2219008 6154156
1757694306 1046 2220288 6154156
1757694307 1049 2221568 6154156
1757694308 1057 2221568 6154156
1757694309 1064 2222848 6154156
1757694310 1034 2222848 6154156
1757694311 1041 2224000 6154156
1757694312 1048 2225280 6154156
1757694313 1054 2225280 6154156
1757694314 1054 2226560 6154156
1757694315 1055 2226560 6154156
1757694317 1058 2227840 6154156
1757694318 1062 2228992 6154156
1757694319 1061 2228992 6154156
1757694320 1061 2230272 6154156
1757694321 1065 2230272 6154156
1757694322 1070 2231424 6154156
1757694323 1074 2232704 6154156
1757694324 1076 2232704 6154156
1757694325 1075 2233984 6154156
1757694326 1077 2233984 6154156
1757694327 1081 2235136 6154156
1757694328 1082 2236416 6154156
1757694329 1085 2236416 6154156
1757694330 1067 2237696 6154156
1757694331 1068 2238976 6154156
1757694332 1069 2238976 6154156
1757694333 1071 2240128 6154156
1757694334 1072 2240128 6154156
1757694335 1072 2241280 6154156
1757694337 1076 2241280 6154156
1757694338 1078 2242560 6154156
1757694339 1082 2243840 6154156
1757694340 1084 2243840 6154156
1757694341 1086 2245120 6154156
1757694342 1087 2246400 6154156
1757694343 1090 2246400 6154156
1757694344 1093 2247680 6154156
1757694345 1095 2247680 6154156
1757694346 1097 2248832 6154156
1757694347 1098 2250112 6154156
1757694348 1098 2250112 6154156
1757694349 1098 2251392 6154156
1757694350 1082 2251392 6154156
1757694351 1082 2252672 6154156
1757694352 1085 2253824 6154156
1757694353 1085 2253824 6154156
1757694354 1087 2254976 6154156
1757694355 1089 2254976 6154156
1757694356 1088 2256256 6154156
1757694358 1087 2257536 6154156
1757694359 1088 2257536 6154156
1757694360 1089 2258816 6154156
1757694361 1091 2258816 6154156
1757694362 1093 2260096 6154156
1757694363 1094 2261376 6154156
1757694364 1096 2261376 6154156
1757694365 1098 2262656 6154156
1757694366 1099 2263808 6154156
1757694367 1100 2263808 6154156
1757694368 1101 2265088 6154156
1757694369 1103 2265088 6154156
1757694370 1104 2266368 6154156
1757694371 1106 2267648 6154156
1757694372 1095 2267648 6154156
1757694373 1097 2268800 6154156
1757694374 1097 2269952 6154156
1757694375 1099 2269952 6154156
1757694376 1101 2271232 6154156
1757694377 1102 2271232 6154156
1757694378 1103 2272512 6154156
1757694380 1105 2273792 6154156
1757694381 1105 2273792 6154156
1757694382 1103 2275072 6154156
1757694383 1102 2275072 6154156
1757694384 1104 2276352 6154156
1757694385 1105 2277632 6154156
1757694386 1107 2277632 6154156
1757694387 1106 2278784 6154156
1757694388 1106 2278784 6154156
1757694389 1106 2280064 6154156
1757694390 1108 2281344 6154156
1757694391 1109 2281344 6154156
1757694392 1109 2282624 6154156
1757694393 1110 2282624 6154156
1757694394 1102 2283904 6154156
1757694395 1103 2285184 6154156
1757694396 1104 2285184 6154156
1757694397 1106 2286464 6154156
1757694398 1105 2286464 6154156
1757694399 1106 2287616 6154156
1757694401 1107 2288896 6154156
1757694402 1108 2288896 6154156
1757694403 1108 2290176 6154156
1757694404 1109 2291456 6154156
1757694405 1110 2291456 6154156
1757694406 1111 2292608 6154156
1757694407 1112 2292608 6154156
1757694408 1113 2293888 6154156
1757694409 1115 2295168 6154156
1757694410 1115 2295168 6154156
1757694411 1116 2296448 6154156
1757694412 1115 2296448 6154156
1757694413 1106 2297728 6154156
1757694414 1106 2299008 6154156
1757694415 1106 2299008 6154156
1757694416 1107 2300160 6154156
1757694417 1107 2300160 6154156
1757694418 1107 2301440 6154156
1757694420 1107 2302720 6154156
1757694421 1108 2302720 6154156
1757694422 1109 2304000 6154156
1757694423 1110 2304000 6154156
1757694424 1111 2305280 6154156
1757694425 1112 2306432 6154156
1757694426 1113 2306432 6154156
1757694427 1114 2307712 6154156
1757694428 1115 2308992 6154156
1757694429 1115 2308992 6154156
1757694430 1116 2310272 6154156
1757694431 1116 2310272 6154156
1757694432 1116 2311424 6154156
1757694433 1116 2312704 6154156
1757694434 1110 2312704 6154156
1757694435 1110 2313856 6154156
1757694436 1111 2313856 6154156
1757694437 1112 2315008 6154156
1757694438 1113 2316288 6154156
1757694439 1113 2316288 6154156
1757694440 1114 2317568 6154156
1757694442 1115 2318848 6154156
1757694443 1114 2318848 6154156
1757694444 1114 2320128 6154156
1757694445 1114 2320128 6154156
1757694446 1115 2321408 6154156
1757694447 1115 2321408 6154156
1757694448 1115 2322560 6154156
1757694449 1115 2323840 6154156
1757694450 1114 2323840 6154156
1757694451 1115 2325120 6154156
1757694452 1116 2325120 6154156
1757694453 1116 2326400 6154156
1757694454 1116 2327552 6154156
1757694455 1111 2327552 6154156
1757694456 1112 2328832 6154156
1757694457 1112 2330112 6154156
1757694458 1113 2330112 6154156
1757694459 1113 2331392 6154156
1757694460 1114 2331392 6154156
1757694461 1114 2332544 6154156
1757694462 1115 2333824 6154156
1757694464 1116 2333824 6154156
1757694465 1116 2335104 6154156
1757694466 1116 2335104 6154156
1757694467 1116 2336384 6154156
1757694468 1116 2337664 6154156
1757694469 1117 2337664 6154156
1757694470 1118 2338816 6154156
1757694471 1118 2338816 6154156
1757694472 1119 2340096 6154156
1757694473 1119 2341376 6154156
1757694474 1119 2341376 6154156
1757694475 1118 2342528 6154156
1757694476 1119 2342528 6154156
1757694477 1119 2343808 6154156
1757694478 1114 2345088 6154156
1757694479 1115 2345088 6154156
1757694480 1114 2346368 6154156
1757694481 1113 2346368 6154156
1757694482 1114 2347648 6154156
1757694483 1114 2348928 6154156
1757694485 1115 2348928 6154156
1757694486 1116 2350208 6154156
1757694487 1116 2350208 6154156
1757694488 1117 2351360 6154156
1757694489 1117 2352640 6154156
1757694490 1117 2352640 6154156
1757694491 1118 2353920 6154156
1757694492 1118 2353920 6154156
1757694493 1119 2355200 6154156
1757694494 1119 2356480 6154156
1757694495 1120 2356480 6154156
1757694496 1120 2357760 6154156
1757694497 1121 2359040 6154156
1757694498 1116 2359040 6154156
1757694499 1116 2360192 6154156
1757694500 1116 2360192 6154156
1757694501 1117 2361472 6154156
1757694502 1117 2362752 6154156
1757694503 1118 2362752 6154156
1757694505 1118 2364032 6154156
1757694506 1117 2364032 6154156
1757694507 1117 2365184 6154156
1757694508 1117 2366336 6154156
1757694509 1118 2366336 6154156
1757694510 1118 2367616 6154156
1757694511 1118 2367616 6154156
1757694512 1118 2368896 6154156
1757694513 1118 2370176 6154156
1757694514 1117 2370176 6154156
1757694515 1118 2371328 6154156
1757694516 1118 2371328 6154156
1757694517 1119 2372608 6154156
1757694518 1119 2373888 6154156
1757694519 1115 2373888 6154156
1757694520 1116 2375168 6154156
1757694521 1116 2375168 6154156
1757694522 1117 2376320 6154156
1757694523 1117 2377600 6154156
1757694524 1118 2377600 6154156
1757694526 1119 2378880 6154156
1757694527 1119 2380160 6154156
1757694528 1120 2380160 6154156
1757694529 1120 2381312 6154156
1757694530 1120 2381312 6154156
1757694531 1120 2382592 6154156
1757694532 1120 2383872 6154156
1757694533 1120 2383872 6154156
1757694534 1121 2385152 6154156
1757694535 1121 2385152 6154156
1757694536 1121 2386432 6154156
1757694537 1121 2387712 6154156
1757694538 1121 2387712 6154156
1757694539 1122 2388864 6154156
1757694540 1118 2390144 6154156
1757694541 1119 2390144 6154156
1757694542 1119 2391296 6154156
1757694543 1118 2391296 6154156
1757694544 1118 2392576 6154156
1757694545 1119 2393856 6154156
1757694546 1119 2393856 6154156
1757694548 1119 2395136 6154156
1757694549 1119 2395136 6154156
1757694550 1119 2396416 6154156
1757694551 1120 2397568 6154156
1757694552 1120 2397568 6154156
1757694553 1121 2398848 6154156
1757694554 1121 2398848 6154156
1757694555 1121 2400128 6154156
1757694556 1122 2401408 6154156
1757694557 1122 2401408 6154156
1757694558 1122 2402560 6154156
1757694559 1123 2402560 6154156
1757694560 1119 2403840 6154156
1757694561 1120 2405120 6154156
1757694562 1120 2405120 6154156
1757694563 1120 2406272 6154156
1757694564 1119 2407552 6154156
1757694565 1120 2407552 6154156
1757694566 1120 2408704 6154156
1757694567 1120 2408704 6154156
1757694568 1119 2409984 6154156
1757694570 1120 2409984 6154156
1757694571 1120 2411264 6154156
1757694572 1121 2412544 6154156
1757694573 1121 2412544 6154156
1757694574 1121 2413824 6154156
1757694575 1121 2415104 6154156
1757694576 1121 2415104 6154156
1757694577 1122 2416256 6154156
1757694578 1122 2416256 6154156
1757694579 1122 2417408 6154156
1757694580 1122 2418688 6154156
1757694581 1122 2418688 6154156
1757694582 1118 2419968 6154156
1757694583 1119 2419968 6154156
1757694584 1119 2421248 6154156
1757694585 1120 2422528 6154156
1757694586 1120 2422528 6154156
1757694587 1121 2423808 6154156
1757694589 1121 2424960 6154156
1757694590 1121 2424960 6154156
1757694591 1122 2426240 6154156
1757694592 1122 2426240 6154156
1757694593 1123 2427520 6154156
1757694594 1123 2428800 6154156
1757694595 1123 2428800 6154156
1757694596 1123 2430080 6154156
1757694597 1123 2430080 6154156
1757694598 1123 2431232 6154156
1757694599 1123 2432512 6154156
1757694600 1123 2432512 6154156
1757694601 1123 2433792 6154156
1757694602 1120 2433792 6154156
1757694603 1120 2434944 6154156
1757694604 1120 2436224 6154156
1757694605 1121 2436224 6154156
1757694606 1120 2437504 6154156
1757694607 1120 2437504 6154156
1757694609 1121 2438656 6154156
1757694610 1121 2439808 6154156
1757694611 1121 2439808 6154156
1757694612 1122 2441088 6154156
1757694613 1122 2442368 6154156
1757694614 1122 2442368 6154156
1757694615 1122 2443648 6154156
1757694616 1122 2443648 6154156
1757694617 1123 2444928 6154156
1757694618 1123 2446208 6154156
1757694619 1123 2446208 6154156
1757694620 1124 2447488 6154156
1757694621 1124 2447488 6154156
1757694622 1121 2448640 6154156
1757694623 1122 2449920 6154156
1757694624 1122 2449920 6154156
1757694625 1122 2451200 6154156
1757694626 1123 2452480 6154156
1757694627 1123 2452480 6154156
1757694629 1123 2453760 6154156
1757694630 1123 2453760 6154156
1757694631 1122 2455040 6154156
1757694632 1122 2456320 6154156
1757694633 1123 2456320 6154156
1757694634 1123 2457472 6154156
1757694635 1124 2457472 6154156
1757694636 1124 2458752 6154156
1757694637 1124 2460032 6154156
1757694638 1124 2460032 6154156
1757694639 1124 2461312 6154156
1757694640 1121 2462592 6154156
1757694641 1122 2462592 6154156
1757694642 1122 2463872 6154156
1757694643 1122 2463872 6154156
1757694644 1123 2465152 6154156
1757694645 1122 2466432 6154156
1757694646 1122 2466432 6154156
1757694648 1122 2467712 6154156
1757694649 1123 2467712 6154156
1757694650 1123 2468992 6154156
1757694651 1123 2470144 6154156
1757694652 1124 2470144 6154156
1757694653 1124 2471424 6154156
1757694654 1124 2471424 6154156
1757694655 1124 2472576 6154156
1757694656 1125 2473856 6154156
1757694657 1125 2473856 6154156
1757694658 1125 2475008 6154156
1757694659 1123 2476288 6154156
1757694660 1123 2476288 6154156
1757694661 1123 2477568 6154156
1757694662 1122 2477568 6154156
1757694663 1122 2478848 6154156
1757694664 1122 2480128 6154156
1757694665 1123 2480128 6154156
1757694667 1123 2481280 6154156
1757694668 1123 2481280 6154156
1757694669 1123 2482560 6154156
1757694670 1123 2483840 6154156
1757694671 1123 2483840 6154156
1757694672 1124 2484992 6154156
1757694673 1124 2484992 6154156
1757694674 1124 2486272 6154156
1757694675 1125 2487552 6154156
1757694676 1125 2487552 6154156
1757694677 1125 2488832 6154156
1757694678 1125 2490112 6154156
1757694679 1122 2490112 6154156
1757694680 1122 2491392 6154156
1757694681 1123 2491392 6154156
1757694682 1123 2492672 6154156
1757694683 1123 2493952 6154156
1757694685 1124 2493952 6154156
1757694686 1124 2495232 6154156
1757694687 1124 2495232 6154156
1757694688 1124 2496384 6154156
1757694689 1125 2497664 6154156
1757694690 1125 2497664 6154156
1757694691 1125 2498944 6154156
1757694692 1125 2500096 6154156
1757694693 1125 2500096 6154156
1757694694 1125 2501376 6154156
1757694695 1125 2501376 6154156
1757694696 1125 2502656 6154156
1757694697 1125 2503936 6154156
1757694698 1123 2503936 6154156
1757694699 1123 2505216 6154156
1757694700 1123 2505216 6154156
1757694701 1123 2506496 6154156
1757694702 1123 2507776 6154156
1757694703 1124 2507776 6154156
1757694705 1124 2509056 6154156
1757694706 1124 2510208 6154156
1757694707 1124 2510208 6154156
1757694708 1125 2511488 6154156
1757694709 1125 2511488 6154156
1757694710 1125 2512768 6154156
1757694711 1125 2513920 6154156
1757694712 1125 2513920 6154156
1757694713 1125 2515200 6154156
1757694714 1126 2515200 6154156
1757694715 1126 2516480 6154156
1757694716 1126 2517760 6154156
1757694717 1124 2517760 6154156
1757694718 1124 2519040 6154156
1757694719 1124 2520320 6154156
1757694720 1124 2520320 6154156
1757694721 1125 2521472 6154156
1757694722 1124 2521472 6154156
1757694723 1124 2522624 6154156
1757694724 1124 2522624 6154156
1757694726 1124 2523776 6154156
1757694727 1124 2524928 6154156
1757694728 1124 2524928 6154156
1757694729 1124 2526208 6154156
1757694730 1124 2526208 6154156
1757694731 1124 2527488 6154156
1757694732 1124 2527488 6154156
1757694733 1124 2528768 6154156
1757694734 1124 2530048 6154156
1757694735 1124 2530048 6154156
1757694736 1125 2531200 6154156
1757694737 1125 2531200 6154156
1757694738 1125 2532480 6154156
1757694739 1125 2533760 6154156
1757694740 1123 2533760 6154156
1757694741 1123 2535040 6154156
1757694742 1124 2536320 6154156
1757694743 1124 2536320 6154156
1757694744 1124 2537472 6154156
1757694745 1124 2537472 6154156
1757694747 1124 2538624 6154156
1757694748 1124 2539904 6154156
1757694749 1124 2539904 6154156
1757694750 1124 2541184 6154156
1757694751 1124 2541184 6154156
1757694752 1124 2542464 6154156
1757694753 1124 2542464 6154156
1757694754 1124 2543616 6154156
1757694755 1124 2544768 6154156
1757694756 1124 2544768 6154156
1757694757 1124 2545920 6154156
1757694758 1125 2545920 6154156
1757694759 1125 2547072 6154156
1757694760 1125 2548352 6154156
1757694761 1124 2548352 6154156
1757694762 1122 2549632 6154156
1757694763 1122 2549632 6154156
1757694764 1122 2550912 6154156
1757694765 1123 2552192 6154156
1757694766 1123 2552192 6154156
1757694767 1123 2553344 6154156
1757694768 1123 2554624 6154156
1757694770 1124 2554624 6154156
1757694771 1124 2555904 6154156
1757694772 1124 2555904 6154156
1757694773 1124 2557184 6154156
1757694774 1125 2558336 6154156
1757694775 1125 2558336 6154156
1757694776 1125 2559616 6154156
1757694777 1125 2560896 6154156
1757694778 1125 2560896 6154156
1757694779 1125 2562176 6154156
1757694780 1125 2562176 6154156
1757694781 1125 2563328 6154156
1757694782 1123 2564608 6154156
1757694783 1123 2564608 6154156
1757694784 1123 2565760 6154156
1757694785 1123 2565760 6154156
1757694786 1123 2566912 6154156
1757694787 1123 2566912 6154156
1757694788 1123 2568192 6154156
1757694789 1124 2569472 6154156
1757694791 1124 2569472 6154156
1757694792 1124 2570752 6154156
1757694793 1124 2570752 6154156
1757694794 1123 2572032 6154156
1757694795 1123 2573312 6154156
1757694796 1124 2573312 6154156
1757694797 1124 2574592 6154156
1757694798 1124 2574592 6154156
1757694799 1124 2575872 6154156
1757694800 1125 2577024 6154156
1757694801 1125 2577024 6154156
1757694802 1125 2578304 6154156
1757694803 1125 2579584 6154156
1757694804 1126 2579584 6154156
1757694805 1124 2580864 6154156
1757694806 1124 2580864 6154156
1757694807 1124 2582016 6154156
1757694808 1124 2583296 6154156
1757694809 1124 2583296 6154156
1757694810 1124 2584576 6154156
1757694812 1124 2584576 6154156
1757694813 1124 2585856 6154156
1757694814 1125 2587008 6154156
1757694815 1124 2587008 6154156
1757694816 1124 2588160 6154156
1757694817 1124 2588160 6154156
1757694818 1125 2589440 6154156
1757694819 1125 2590720 6154156
1757694820 1125 2590720 6154156
1757694821 1125 2592000 6154156
1757694822 1125 2593280 6154156
1757694823 1125 2593280 6154156
1757694824 1125 2594560 6154156
1757694825 1125 2594560 6154156
1757694826 1125 2595712 6154156
1757694827 1125 2596992 6154156
1757694828 1123 2596992 6154156
1757694829 1123 2598272 6154156
1757694830 1124 2598272 6154156
1757694831 1124 2599552 6154156
1757694832 1124 2600832 6154156
1757694833 1124 2600832 6154156
1757694834 1124 2602112 6154156
1757694836 1125 2603264 6154156
1757694837 1125 2603264 6154156
1757694838 1125 2604544 6154156
1757694839 1125 2604544 6154156
1757694840 1125 2605824 6154156
1757694841 1126 2607104 6154156
1757694842 1126 2607104 6154156
1757694843 1126 2608384 6154156
1757694844 1126 2608384 6154156
1757694845 1125 2609664 6154156
1757694846 1125 2610944 6154156
1757694847 1125 2610944 6154156
1757694848 1125 2612224 6154156
1757694849 1125 2612224 6154156
1757694850 1125 2613376 6154156
1757694851 1123 2614656 6154156
1757694852 1124 2614656 6154156
1757694853 1124 2615936 6154156
1757694854 1124 2615936 6154156
1757694855 1124 2617216 6154156
1757694856 1124 2618368 6154156
1757694858 1124 2618368 6154156
1757694859 1124 2619648 6154156
1757694860 1124 2619648 6154156
1757694861 1124 2620928 6154156
1757694862 1124 2622208 6154156
1757694863 1124 2622208 6154156
1757694864 1124 2623360 6154156
1757694865 1124 2623360 6154156
1757694866 1124 2624640 6154156
1757694867 1124 2625920 6154156
1757694868 1125 2625920 6154156
1757694869 1125 2627072 6154156
1757694870 1125 2627072 6154156
1757694871 1123 2628352 6154156
1757694872 1124 2629632 6154156
1757694873 1124 2629632 6154156
1757694874 1124 2630912 6154156
1757694875 1124 2632064 6154156
1757694876 1124 2632064 6154156
1757694877 1123 2633216 6154156
1757694878 1123 2633216 6154156
1757694880 1123 2634496 6154156
1757694881 1123 2634496 6154156
1757694882 1124 2635648 6154156
1757694883 1124 2636928 6154156
1757694884 1124 2636928 6154156
1757694885 1124 2638208 6154156
1757694886 1124 2638208 6154156
1757694887 1124 2639488 6154156
1757694888 1124 2640768 6154156
1757694889 1124 2640768 6154156
1757694890 1124 2641920 6154156
1757694891 1124 2641920 6154156
1757694892 1123 2643200 6154156
1757694893 1122 2644480 6154156
1757694894 1123 2644480 6154156
1757694895 1123 2645760 6154156
1757694896 1123 2647040 6154156
1757694897 1123 2647040 6154156
1757694898 1123 2648320 6154156
1757694900 1123 2648320 6154156
1757694901 1124 2649600 6154156
1757694902 1124 2650752 6154156
1757694903 1124 2650752 6154156
1757694904 1124 2652032 6154156
1757694905 1124 2652032 6154156
1757694906 1124 2653312 6154156
1757694907 1124 2654592 6154156
1757694908 1124 2654592 6154156
1757694909 1124 2655872 6154156
1757694910 1124 2655872 6154156
1757694911 1124 2657152 6154156
1757694912 1123 2658304 6154156
1757694913 1123 2658304 6154156
1757694914 1123 2659584 6154156
1757694915 1123 2660864 6154156
1757694916 1123 2660864 6154156
1757694917 1123 2662144 6154156
1757694918 1123 2662144 6154156
1757694920 1123 2663296 6154156
1757694921 1123 2664576 6154156
1757694922 1124 2664576 6154156
1757694923 1124 2665856 6154156
1757694924 1124 2665856 6154156
1757694925 1124 2667136 6154156
1757694926 1124 2668416 6154156
1757694927 1124 2668416 6154156
1757694928 1124 2669696 6154156
1757694929 1124 2669696 6154156
1757694930 1124 2670848 6154156
1757694931 1124 2672128 6154156
1757694932 1123 2672128 6154156
1757694933 1123 2673408 6154156
1757694934 1123 2674688 6154156
1757694935 1123 2674688 6154156
1757694936 1123 2675968 6154156
1757694937 1124 2675968 6154156
1757694938 1124 2677248 6154156
1757694939 1124 2678528 6154156
1757694941 1124 2678528 6154156
1757694942 1124 2679680 6154156
1757694943 1124 2679680 6154156
1757694944 1124 2680960 6154156
1757694945 1124 2680960 6154156
1757694946 1124 2682112 6154156
1757694947 1124 2683392 6154156
1757694948 1124 2683392 6154156
1757694949 1124 2684672 6154156
1757694950 1124 2684672 6154156
1757694951 1124 2685952 6154156
1757694952 1124 2687232 6154156
1757694953 1124 2687232 6154156
1757694954 1124 2688512 6154156
1757694955 1123 2689792 6154156
1757694956 1123 2689792 6154156
1757694957 1123 2690944 6154156
1757694958 1123 2690944 6154156
1757694959 1123 2692224 6154156
1757694960 1123 2693504 6154156
1757694962 1123 2693504 6154156
1757694963 1124 2694784 6154156
1757694964 1124 2694784 6154156
1757694965 1124 2695936 6154156
1757694966 1124 2697216 6154156
1757694967 1124 2697216 6154156
1757694968 1124 2698496 6154156
1757694969 1124 2699648 6154156
1757694970 1125 2699648 6154156
1757694971 1124 2700928 6154156
1757694972 1124 2700928 6154156
1757694973 1124 2702080 6154156
1757694974 1123 2703360 6154156
1757694975 1123 2703360 6154156
1757694976 1123 2704640 6154156
1757694977 1123 2704640 6154156
1757694978 1123 2705920 6154156
1757694979 1123 2707200 6154156
1757694980 1123 2707200 6154156
1757694981 1123 2708352 6154156
1757694982 1123 2708352 6154156
1757694984 1123 2709632 6154156
1757694985 1124 2710912 6154156
1757694986 1124 2710912 6154156
1757694987 1124 2712192 6154156
1757694988 1124 2712192 6154156
1757694989 1124 2713344 6154156
1757694990 1124 2714624 6154156
1757694991 1124 2714624 6154156
1757694992 1124 2715904 6154156
1757694993 1124 2717184 6154156
1757694994 1124 2717184 6154156
1757694995 1124 2718336 6154156
1757694996 1125 2718336 6154156
1757694997 1125 2719616 6154156
1757694998 1125 2719616 6154156
1757694999 1123 2720896 6154156
1757695000 1123 2722176 6154156
1757695001 1123 2722176 6154156
1757695002 1123 2723456 6154156
1757695003 1123 2723456 6154156
1757695004 1123 2724736 6154156
1757695005 1123 2726016 6154156
1757695006 1124 2726016 6154156
1757695008 1124 2727168 6154156
1757695009 1124 2727168 6154156
1757695010 1124 2728448 6154156
1757695011 1124 2729728 6154156
1757695012 1123 2729728 6154156
1757695013 1123 2731008 6154156
1757695014 1124 2731008 6154156
1757695015 1124 2732288 6154156
1757695016 1124 2733440 6154156
1757695017 1124 2733440 6154156
1757695018 1124 2734592 6154156
1757695019 1124 2734592 6154156
1757695020 1124 2735872 6154156
1757695021 1125 2737152 6154156
1757695022 1125 2737152 6154156
1757695023 1123 2738304 6154156
1757695024 1123 2738304 6154156
1757695025 1123 2739584 6154156
1757695026 1123 2740864 6154156
1757695027 1123 2740864 6154156
1757695028 1123 2742144 6154156
1757695029 1124 2742144 6154156
1757695031 1124 2743424 6154156
1757695032 1124 2744576 6154156
1757695033 1124 2744576 6154156
1757695034 1124 2745856 6154156
1757695035 1124 2747136 6154156
1757695036 1124 2747136 6154156
1757695037 1124 2748416 6154156
1757695038 1125 2748416 6154156
1757695039 1125 2749696 6154156
1757695040 1125 2750976 6154156
1757695041 1125 2750976 6154156
1757695042 1125 2752256 6154156
1757695043 1124 2752256 6154156
1757695044 1124 2753536 6154156
1757695045 1124 2754816 6154156
1757695046 1123 2754816 6154156
1757695047 1123 2755968 6154156
1757695048 1123 2755968 6154156
1757695049 1123 2757248 6154156
1757695050 1124 2758400 6154156
1757695051 1124 2758400 6154156
1757695053 1124 2759680 6154156
1757695054 1124 2759680 6154156
1757695055 1124 2760960 6154156
1757695056 1124 2762240 6154156
1757695057 1124 2762240 6154156
1757695058 1124 2763520 6154156
1757695059 1124 2763520 6154156
1757695060 1124 2764800 6154156
1757695061 1124 2766080 6154156
1757695062 1125 2766080 6154156
1757695063 1125 2767360 6154156
1757695064 1125 2768512 6154156
1757695065 1125 2768512 6154156
1757695066 1125 2769792 6154156
1757695067 1125 2769792 6154156
1757695068 1124 2771072 6154156
1757695069 1124 2772352 6154156
1757695070 1124 2772352 6154156
1757695071 1124 2773632 6154156
1757695072 1124 2774912 6154156
1757695073 1124 2774912 6154156
1757695074 1124 2776064 6154156
1757695076 1124 2776064 6154156
1757695077 1124 2777344 6154156
1757695078 1124 2777344 6154156
1757695079 1124 2778624 6154156
1757695080 1124 2779904 6154156
1757695081 1125 2779904 6154156
1757695082 1125 2781056 6154156
1757695083 1125 2782336 6154156
1757695084 1125 2782336 6154156
1757695085 1125 2783616 6154156
1757695086 1125 2783616 6154156
1757695087 1125 2784896 6154156
1757695088 1125 2786176 6154156
1757695089 1125 2786176 6154156
1757695090 1125 2787328 6154156
1757695091 1124 2787328 6154156
1757695092 1124 2788608 6154156
1757695093 1124 2789888 6154156
1757695094 1125 2789888 6154156
1757695095 1125 2791168 6154156
1757695096 1125 2792320 6154156
1757695097 1125 2792320 6154156
1757695099 1125 2793600 6154156
1757695100 1125 2793600 6154156
1757695101 1125 2794880 6154156
1757695102 1125 2796160 6154156
1757695103 1125 2796160 6154156
1757695104 1126 2797312 6154156
1757695105 1125 2797312 6154156
1757695106 1125 2798464 6154156
1757695107 1125 2799616 6154156
1757695108 1125 2799616 6154156
1757695109 1125 2800896 6154156
1757695110 1126 2802176 6154156
1757695111 1124 2802176 6154156
1757695112 1125 2803456 6154156
1757695113 1125 2803456 6154156
1757695114 1125 2804736 6154156
1757695115 1125 2806016 6154156
1757695116 1125 2806016 6154156
1757695118 1125 2807296 6154156
1757695119 1125 2807296 6154156
1757695120 1125 2808576 6154156
1757695121 1125 2809856 6154156
1757695122 1125 2809856 6154156
1757695123 1125 2811136 6154156
1757695124 1125 2811136 6154156
1757695125 1125 2812288 6154156
1757695126 1126 2813568 6154156
1757695127 1125 2813568 6154156
1757695128 1126 2814848 6154156
1757695129 1126 2814848 6154156
1757695130 1126 2816128 6154156
1757695131 1126 2817280 6154156
1757695132 1126 2817280 6154156
1757695133 1126 2818560 6154156
1757695134 1125 2818560 6154156
1757695135 1125 2819840 6154156
1757695136 1125 2821120 6154156
1757695137 1125 2821120 6154156
1757695138 1125 2822272 6154156
1757695139 1125 2822272 6154156
1757695140 1125 2823552 6154156
1757695142 1125 2824832 6154156
1757695143 1125 2824832 6154156
1757695144 1125 2826112 6154156
1757695145 1125 2827264 6154156
1757695146 1125 2827264 6154156
1757695147 1125 2828544 6154156
1757695148 1125 2828544 6154156
1757695149 1126 2829824 6154156
1757695150 1125 2831104 6154156
1757695151 1126 2831104 6154156
1757695152 1126 2832256 6154156
1757695153 1126 2832256 6154156
1757695154 1126 2833536 6154156
1757695155 1126 2834688 6154156
1757695156 1126 2834688 6154156
1757695157 1125 2835968 6154156
1757695158 1124 2835968 6154156
1757695159 1125 2837248 6154156
1757695160 1125 2838528 6154156
1757695161 1125 2838528 6154156
1757695162 1125 2839680 6154156
1757695164 1125 2839680 6154156
1757695165 1125 2840960 6154156
1757695166 1125 2842240 6154156
1757695167 1125 2842240 6154156
1757695168 1125 2843520 6154156
1757695169 1125 2843520 6154156
1757695170 1125 2844800 6154156
1757695171 1125 2846080 6154156
1757695172 1125 2846080 6154156
1757695173 1126 2847232 6154156
1757695174 1126 2847232 6154156
1757695175 1126 2848512 6154156
1757695176 1124 2849664 6154156
1757695177 1125 2849664 6154156
1757695178 1125 2850944 6154156
1757695179 1125 2852224 6154156
1757695180 1125 2852224 6154156
1757695181 1125 2853376 6154156
1757695182 1125 2853376 6154156
1757695184 1125 2854656 6154156
1757695185 1126 2855808 6154156
1757695186 1125 2855808 6154156
1757695187 1125 2857088 6154156
1757695188 1125 2857088 6154156
1757695189 1125 2858240 6154156
1757695190 1125 2859520 6154156
1757695191 1125 2859520 6154156
1757695192 1125 2860800 6154156
1757695193 1126 2860800 6154156
1757695194 1126 2862080 6154156
1757695195 1126 2863232 6154156
1757695196 1126 2863232 6154156
1757695197 1125 2864512 6154156
1757695198 1125 2864512 6154156
1757695199 1124 2865792 6154156
1757695200 1125 2867072 6154156
1757695201 1125 2867072 6154156
1757695202 1125 2868352 6154156
1757695203 1125 2868352 6154156
1757695205 1125 2869504 6154156
1757695206 1125 2870784 6154156
1757695207 1125 2870784 6154156
1757695208 1125 2872064 6154156
1757695209 1125 2872064 6154156
1757695210 1125 2873216 6154156
1757695211 1125 2874496 6154156
1757695212 1125 2874496 6154156
1757695213 1125 2875776 6154156
1757695214 1125 2877056 6154156
1757695215 1126 2877056 6154156
1757695216 1126 2878336 6154156
1757695217 1125 2878336 6154156
1757695218 1125 2879616 6154156
1757695219 1125 2880896 6154156
1757695220 1124 2880896 6154156
1757695221 1124 2882176 6154156
1757695222 1125 2882176 6154156
1757695223 1125 2883328 6154156
1757695225 1125 2884608 6154156
1757695226 1125 2884608 6154156
1757695227 1125 2885888 6154156
1757695228 1125 2885888 6154156
1757695229 1125 2887168 6154156
1757695230 1125 2888448 6154156
1757695231 1125 2888448 6154156
1757695232 1125 2889728 6154156
1757695233 1125 2889728 6154156
1757695234 1125 2890880 6154156
1757695235 1125 2892160 6154156
1757695236 1125 2892160 6154156
1757695237 1126 2893440 6154156
1757695238 1125 2894592 6154156
1757695239 1125 2894592 6154156
1757695240 1125 2895872 6154156
1757695241 1124 2895872 6154156
1757695242 1124 2897152 6154156
1757695243 1124 2898432 6154156
1757695245 1125 2898432 6154156
1757695246 1125 2899712 6154156
1757695247 1125 2899712 6154156
1757695248 1125 2900864 6154156
1757695249 1125 2902144 6154156
1757695250 1125 2902144 6154156
1757695251 1125 2903296 6154156
1757695252 1125 2904576 6154156
1757695253 1125 2904576 6154156
1757695254 1125 2905856 6154156
1757695255 1125 2905856 6154156
1757695256 1125 2907136 6154156
1757695257 1125 2907136 6154156
1757695258 1125 2908288 6154156
1757695259 1125 2909568 6154156
1757695260 1125 2909568 6154156
1757695261 1124 2910848 6154156
1757695262 1124 2910848 6154156
1757695263 1124 2912128 6154156
1757695264 1124 2913408 6154156
1757695265 1124 2913408 6154156
1757695266 1124 2914688 6154156
1757695267 1124 2914688 6154156
1757695269 1124 2915968 6154156
1757695270 1125 2917248 6154156
1757695271 1125 2917248 6154156
1757695272 1125 2918528 6154156
1757695273 1125 2918528 6154156
1757695274 1125 2919808 6154156
1757695275 1125 2920960 6154156
1757695276 1125 2920960 6154156
1757695277 1125 2922240 6154156
1757695278 1125 2923520 6154156
1757695279 1125 2923520 6154156
1757695280 1125 2924800 6154156
1757695281 1125 2924800 6154156
1757695282 1124 2925952 6154156
1757695283 1124 2925952 6154156
1757695284 1124 2927232 6154156
1757695285 1124 2928512 6154156
1757695286 1124 2928512 6154156
1757695287 1124 2929792 6154156
1757695288 1124 2929792 6154156
1757695289 1124 2931072 6154156
1757695291 1124 2932224 6154156
1757695292 1124 2932224 6154156
1757695293 1124 2933504 6154156
1757695294 1124 2933504 6154156
1757695295 1124 2934784 6154156
1757695296 1124 2935936 6154156
1757695297 1124 2935936 6154156
1757695298 1125 2937216 6154156
1757695299 1125 2938368 6154156
1757695300 1125 2938368 6154156
1757695301 1125 2939648 6154156
1757695302 1125 2939648 6154156
1757695303 1125 2940928 6154156
1757695304 1125 2942208 6154156
1757695305 1125 2942208 6154156
1757695306 1124 2943360 6154156
1757695307 1124 2943360 6154156
1757695308 1124 2944640 6154156
1757695309 1124 2945920 6154156
1757695310 1124 2945920 6154156
1757695312 1124 2947200 6154156
1757695313 1124 2947200 6154156
1757695314 1124 2947200 6154156
1757695315 1124 2947200 6154156
1757695316 1124 2947200 6154156
1757695317 1124 2947200 6154156
1757695318 1124 2947200 6154156
1757695319 1124 2947200 6154156
1757695320 1124 2947200 6154156
1757695321 1124 2947200 6154156
1757695322 1124 2947200 6154156
1757695323 1124 2947200 6154156
1757695324 1124 2947200 6154156
1757695325 1123 2947200 6154156
1757695326 1123 2947200 6154156
1757695327 1123 2947200 6154156
1757695328 1124 2947200 6154156
1757695329 1124 2947200 6154156
1757695330 1124 2947200 6154156
1757695332 1124 2947200 6154156
1757695333 1124 2947200 6154156
1757695334 1124 2947200 6154156
1757695335 1124 2947200 6154156
1757695336 1124 2947200 6154156
1757695337 1124 2947200 6154156
1757695338 1125 2947200 6154156
1757695339 1124 2947200 6154156
1757695340 1125 2947200 6154156
1757695341 1125 2947200 6154156
1757695342 1125 2947200 6154156
1757695343 1125 2947200 6154156
1757695344 1124 2947200 6154156
1757695345 1124 2947200 6154156
1757695346 1124 2947200 6154156
1757695347 1124 2947200 6154156
1757695348 1124 2947200 6154156
1757695349 1124 2947200 6154156
1757695350 1124 2947200 6154156
1757695351 1124 2947200 6154156
1757695352 1124 2947200 6154156
1757695354 1124 2947200 6154156
1757695355 1124 2947200 6154156
1757695356 1124 2947200 6154156
1757695357 1124 2947200 6154156
1757695358 1124 2947200 6154156
1757695359 1124 2947200 6154156
1757695360 1124 2947200 6154156
1757695361 1124 2947200 6154156
1757695362 1124 2947200 6154156
1757695363 1124 2947200 6154156
1757695364 1124 2947200 6154156
1757695365 1124 2947200 6154156
1757695366 1124 2947200 6154156
1757695367 1124 2477600 3810916
1757695368 1125 2477600 3810916
1757695369 1124 2477600 3810916
1757695370 1125 2477600 3810916
1757695371 1125 3920368 6154156
