1757683191  0.0 16128 676480
1757683192  843 645824 2215016
1757683193 1125 662848 2215016
1757683194 1221 662848 2215016
1757683195 1231 644488 2638416
1757683196 1296 645128 2638416
1757683197 1358 646408 2638416
1757683198 1230 647304 2638416
1757683199 1279 648328 2638416
1757683200 1320 649224 2638416
1757683201 1355 650120 2638416
1757683203 1378 651144 2638416
1757683204 1404 652040 2638416
1757683205 1423 652936 2638416
1757683206 1441 653960 2638416
1757683207 1455 654856 2638416
1757683208 1469 656136 2638416
1757683209 1477 656776 2638416
1757683210 1489 658056 2638416
1757683211 1498 658952 2638416
1757683212 1507 659848 2638416
1757683213 1450 660872 2638416
1757683214 1460 661768 2638416
1757683215 1466 662920 2638416
1757683216 1462 663432 2638416
1757683217 1457 664456 2638416
1757683219 1463 665352 2638416
1757683220 1470 666248 2638416
1757683221 1477 667272 2638416
1757683222 1484 668168 2638416
1757683223 1488 669064 2638416
1757683224 1488 669704 2638416
1757683225 1489 670728 2638416
1757683226 1487 671368 2638416
1757683227 1486 672392 2638416
1757683228 1449 673288 2638416
1757683229 1454 674312 2638416
1757683230 1460 675208 2638416
1757683231 1466 676104 2638416
1757683232 1471 677128 2638416
1757683234 1476 678024 2638416
1757683235 1481 678920 2638416
1757683236 1486 680072 2638416
1757683237 1490 681096 2638416
1757683238 1494 681992 2638416
1757683239 1499 682888 2638416
1757683240 1501 683912 2638416
1757683241 1506 684936 2638416
1757683242 1509 685832 2638416
1757683243 1484 686728 2638416
1757683244 1488 687752 2638416
1757683245 1492 688648 2638416
1757683246 1494 689544 2638416
1757683247 1498 690568 2638416
1757683249 1500 691464 2638416
1757683250 1501 692488 2638416
1757683251 1502 693384 2638416
1757683252 1503 694280 2638416
1757683253 1506 695176 2638416
1757683254 1507 696200 2638416
1757683255 1507 696712 2638416
1757683256 1506 697480 2638416
1757683257 1506 698376 2638416
1757683258 1484 699400 2638416
1757683259 1485 700040 2638416
1757683260 1487 701064 2638416
1757683261 1488 701960 2638416
1757683262 1489 702600 2638416
1757683264 1492 703752 2638416
1757683265 1495 704776 2638416
1757683266 1497 705672 2638416
1757683267 1500 706568 2638416
1757683268 1502 707592 2638416
1757683269 1505 708872 2638416
1757683270 1507 709768 2638416
1757683271 1509 710792 2638416
1757683272 1511 711688 2638416
1757683273 1513 712584 2638416
1757683274 1497 713608 2638416
1757683275 1499 714376 2638416
1757683276 1502 715272 2638416
1757683277 1504 716296 2638416
1757683279 1506 717192 2638416
1757683280 1507 718216 2638416
1757683281 1510 719368 2638416
1757683282 1511 720392 2638416
1757683283 1512 721288 2638416
1757683284 1512 721928 2638416
1757683285 1511 722824 2638416
1757683286 1511 723592 2638416
1757683287 1511 724488 2638416
1757683288 1510 725384 2638416
1757683289 1510 726024 2638416
1757683290 1497 726920 2638416
1757683291 1498 727816 2638416
1757683292 1500 728840 2638416
1757683293 1501 729736 2638416
1757683295 1502 730248 2638416
1757683296 1502 731272 2638416
1757683297 1504 732168 2638416
1757683298 1506 733448 2638416
1757683299 1507 734344 2638416
1757683300 1509 735368 2638416
1757683301 1510 736264 2638416
1757683302 1512 737160 2638416
1757683303 1513 738184 2638416
1757683304 1515 739336 2638416
1757683305 1503 740360 2638416
1757683306 1505 741256 2638416
1757683307 1506 742152 2638416
1757683308 1508 743176 2638416
1757683309 1509 744072 2638416
1757683311 1511 745096 2638416
1757683312 1512 745992 2638416
1757683313 1513 747016 2638416
1757683314 1515 747912 2638416
1757683315 1515 748936 2638416
1757683316 1515 749832 2638416
1757683317 1513 750472 2638416
1757683318 1513 751112 2638416
1757683319 1513 752136 2638416
1757683320 1501 752904 2638416
1757683321 1502 753800 2638416
1757683322 1503 754824 2638416
1757683323 1505 755720 2638416
1757683324 1506 756616 2638416
1757683326 1508 757896 2638416
1757683327 1508 758408 2638416
1757683328 1509 759432 2638416
1757683329 1509 760328 2638416
1757683330 1509 761224 2638416
1757683331 1510 762120 2638416
1757683332 1511 762760 2638416
1757683333 1512 764040 2638416
1757683334 1513 764936 2638416
1757683335 1514 765960 2638416
1757683336 1505 766856 2638416
1757683337 1506 767752 2638416
1757683338 1508 769032 2638416
1757683339 1509 769928 2638416
1757683340 1510 770952 2638416
1757683342 1511 771848 2638416
1757683343 1512 772744 2638416
1757683344 1513 773768 2638416
1757683345 1514 774664 2638416
1757683346 1515 775432 2638416
1757683347 1515 776456 2638416
1757683348 1515 777480 2638416
1757683349 1515 778120 2638416
1757683350 1514 779144 2638416
1757683351 1505 779784 2638416
1757683352 1505 780680 2638416
1757683353 1507 781576 2638416
1757683354 1508 782472 2638416
1757683356 1509 783368 2638416
1757683357 1510 784264 2638416
1757683358 1511 785288 2638416
1757683359 1512 786568 2638416
1757683360 1512 787208 2638416
1757683361 1513 788104 2638416
1757683362 1513 789128 2638416
1757683363 1513 790024 2638416
1757683364 1514 790920 2638416
1757683365 1515 791944 2638416
1757683366 1508 792968 2638416
1757683367 1509 793864 2638416
1757683368 1510 795144 2638416
1757683369 1511 796040 2638416
1757683371 1512 796936 2638416
1757683372 1513 797832 2638416
1757683373 1514 798728 2638416
1757683374 1515 799752 2638416
1757683375 1516 800648 2638416
1757683376 1516 801672 2638416
1757683377 1517 802568 2638416
1757683378 1517 803464 2638416
1757683379 1517 804104 2638416
1757683380 1510 805128 2638416
1757683381 1509 806152 2638416
1757683382 1509 806664 2638416
1757683383 1509 807560 2638416
1757683384 1510 808584 2638416
1757683386 1510 809480 2638416
1757683387 1511 810376 2638416
1757683388 1512 811656 2638416
1757683389 1513 812552 2638416
1757683390 1514 813576 2638416
1757683391 1515 814600 2638416
1757683392 1516 815496 2638416
1757683393 1516 816392 2638416
1757683394 1516 817416 2638416
1757683395 1517 818184 2638416
1757683396 1509 819208 2638416
1757683397 1510 819976 2638416
1757683398 1511 819976 2638416
1757683399 1512 819976 2638416
1757683400 1513 819976 2638416
1757683402 1513 819976 2638416
1757683403 1514 819976 2638416
1757683404 1515 819976 2638416
1757683405 1516 819976 2638416
1757683406 1516 819976 2638416
1757683407 1517 819976 2638416
1757683408 1518 819976 2638416
1757683409 1518 819976 2638416
1757683410 1518 819976 2638416
1757683411 1512 819976 2638416
1757683412 1512 819976 2638416
1757683413 1512 819976 2638416
1757683414 1512 819976 2638416
1757683415 1513 819976 2638416
1757683417 1513 819976 2638416
1757683418 1513 819976 2638416
1757683419 1514 819976 2638416
1757683420 1515 819976 2638416
1757683421 1516 775564 2443548
