1757689340  0.0 15744 642688
1757689341  312 817116 2275184
1757689342  662 1605880 3191500
1757689343  896 1304892 4103324
1757689344 1027 1305660 4103324
1757689345 1075 1306428 4103324
1757689346  975 1307196 4103324
1757689347 1061 1308092 4103324
1757689348 1130 1308732 4103324
1757689349 1176 1309628 4103324
1757689350 1223 1310396 4103324
1757689352 1259 1311292 4103324
1757689353 1293 1312188 4103324
1757689354 1320 1312956 4103324
1757689355 1331 1313724 4103324
1757689356 1333 1314364 4103324
1757689357 1340 1315260 4103324
1757689358 1349 1316028 4103324
1757689359 1361 1316668 4103324
1757689360 1378 1317564 4103324
1757689361 1390 1318460 4103324
1757689362 1343 1319228 4103324
1757689363 1353 1320124 4103324
1757689364 1365 1320892 4103324
1757689365 1377 1321788 4103324
1757689366 1388 1322428 4103324
1757689368 1398 1323452 4103324
1757689369 1407 1324348 4103324
1757689370 1416 1325116 4103324
1757689371 1423 1326012 4103324
1757689372 1417 1326780 4103324
1757689373 1417 1327548 4103324
1757689374 1416 1328188 4103324
1757689375 1414 1328956 4103324
1757689376 1413 1329468 4103324
1757689377 1416 1330492 4103324
1757689378 1383 1331132 4103324
1757689379 1391 1332156 4103324
1757689380 1395 1332796 4103324
1757689381 1402 1333692 4103324
1757689382 1408 1334588 4103324
1757689384 1415 1335356 4103324
1757689385 1421 1336380 4103324
1757689386 1427 1337020 4103324
1757689387 1432 1338044 4103324
1757689388 1436 1338940 4103324
1757689389 1437 1339708 4103324
1757689390 1437 1340348 4103324
1757689391 1440 1341244 4103324
1757689392 1442 1341884 4103324
1757689393 1445 1342652 4103324
1757689394 1421 1343548 4103324
1757689395 1426 1344572 4103324
1757689396 1430 1345084 4103324
1757689397 1434 1346108 4103324
1757689399 1439 1346748 4103324
1757689400 1443 1347772 4103324
1757689401 1446 1348668 4103324
1757689402 1449 1349308 4103324
1757689403 1450 1350332 4103324
1757689404 1450 1351100 4103324
1757689405 1447 1351868 4103324
1757689406 1441 1352252 4103324
1757689407 1441 1352892 4103324
1757689408 1439 1353404 4103324
1757689409 1441 1354300 4103324
1757689410 1424 1355324 4103324
1757689411 1428 1355964 4103324
1757689412 1431 1356860 4103324
1757689413 1434 1357628 4103324
1757689414 1437 1358524 4103324
1757689416 1440 1359548 4103324
1757689417 1443 1360188 4103324
1757689418 1446 1361212 4103324
1757689419 1449 1361852 4103324
1757689420 1452 1362748 4103324
1757689421 1455 1363772 4103324
1757689422 1456 1364412 4103324
1757689423 1457 1365436 4103324
1757689424 1459 1366076 4103324
1757689425 1443 1367100 4103324
1757689426 1446 1367740 4103324
1757689427 1448 1368764 4103324
1757689428 1451 1369660 4103324
1757689429 1453 1370300 4103324
1757689431 1456 1371324 4103324
1757689432 1457 1371964 4103324
1757689433 1460 1372860 4103324
1757689434 1461 1373884 4103324
1757689435 1459 1374652 4103324
1757689436 1460 1375420 4103324
1757689437 1458 1376060 4103324
1757689438 1456 1376572 4103324
1757689439 1455 1377340 4103324
1757689440 1454 1378108 4103324
1757689441 1456 1379132 4103324
1757689442 1458 1379772 4103324
1757689443 1445 1380668 4103324
1757689444 1448 1381436 4103324
1757689445 1450 1382332 4103324
1757689446 1452 1383356 4103324
1757689447 1454 1383996 4103324
1757689449 1456 1384892 4103324
1757689450 1458 1385916 4103324
1757689451 1457 1386172 4103324
1757689452 1457 1387196 4103324
1757689453 1458 1387836 4103324
1757689454 1460 1388860 4103324
1757689455 1461 1389500 4103324
1757689456 1461 1390524 4103324
1757689457 1462 1391164 4103324
1757689458 1452 1392188 4103324
1757689459 1454 1392828 4103324
1757689460 1456 1393852 4103324
1757689461 1458 1394748 4103324
1757689462 1458 1395516 4103324
1757689464 1460 1396412 4103324
1757689465 1462 1397052 4103324
1757689466 1461 1397820 4103324
1757689467 1461 1398716 4103324
1757689468 1459 1399356 4103324
1757689469 1461 1399996 4103324
1757689470 1459 1400764 4103324
1757689471 1459 1401788 4103324
1757689472 1458 1402172 4103324
1757689473 1458 1403068 4103324
1757689474 1459 1403836 4103324
1757689475 1461 1404732 4103324
1757689476 1452 1405756 4103324
1757689477 1454 1406396 4103324
1757689478 1455 1407292 4103324
1757689479 1457 1408188 4103324
1757689480 1459 1408956 4103324
1757689482 1459 1409852 4103324
1757689483 1461 1410492 4103324
1757689484 1462 1411516 4103324
1757689485 1464 1412412 4103324
1757689486 1465 1413180 4103324
1757689487 1466 1414076 4103324
1757689488 1467 1414844 4103324
1757689489 1467 1415484 4103324
1757689490 1467 1416380 4103324
1757689491 1467 1417020 4103324
1757689492 1468 1417788 4103324
1757689493 1459 1418684 4103324
1757689494 1461 1419708 4103324
1757689495 1462 1420348 4103324
1757689496 1461 1421116 4103324
1757689497 1459 1421884 4103324
1757689498 1459 1422524 4103324
1757689500 1460 1423548 4103324
1757689501 1461 1424188 4103324
1757689502 1461 1425084 4103324
1757689503 1462 1425724 4103324
1757689504 1463 1426748 4103324
1757689505 1463 1427388 4103324
1757689506 1463 1428156 4103324
1757689507 1463 1429052 4103324
1757689508 1465 1429820 4103324
1757689509 1466 1430844 4103324
1757689510 1458 1431484 4103324
1757689511 1460 1432380 4103324
1757689512 1461 1433148 4103324
1757689513 1462 1434044 4103324
1757689514 1463 1435068 4103324
1757689516 1464 1435708 4103324
1757689517 1465 1436604 4103324
1757689518 1467 1437500 4103324
1757689519 1468 1438268 4103324
1757689520 1469 1439164 4103324
1757689521 1470 1440188 4103324
1757689522 1469 1440956 4103324
1757689523 1469 1441596 4103324
1757689524 1469 1442236 4103324
1757689525 1470 1443260 4103324
1757689526 1463 1443900 4103324
1757689527 1464 1444796 4103324
1757689528 1463 1445564 4103324
1757689529 1462 1446332 4103324
1757689530 1462 1447100 4103324
1757689532 1463 1447996 4103324
1757689533 1463 1448636 4103324
1757689534 1463 1449276 4103324
1757689535 1464 1450172 4103324
1757689536 1465 1451068 4103324
1757689537 1466 1451836 4103324
1757689538 1465 1452476 4103324
1757689539 1466 1453372 4103324
1757689540 1467 1454140 4103324
1757689541 1468 1455036 4103324
1757689542 1462 1455676 4103324
1757689543 1463 1456700 4103324
1757689544 1464 1457596 4103324
1757689545 1464 1458236 4103324
1757689546 1465 1459004 4103324
1757689548 1466 1459900 4103324
1757689549 1467 1460924 4103324
1757689550 1468 1461564 4103324
1757689551 1469 1462460 4103324
1757689552 1470 1463484 4103324
1757689553 1471 1464124 4103324
1757689554 1471 1465148 4103324
1757689555 1472 1465788 4103324
1757689556 1471 1466556 4103324
1757689557 1471 1467324 4103324
1757689558 1464 1467964 4103324
1757689559 1464 1468860 4103324
1757689560 1463 1469628 4103324
1757689561 1464 1470268 4103324
1757689562 1465 1471292 4103324
1757689563 1464 1471932 4103324
1757689565 1465 1472828 4103324
1757689566 1466 1473596 4103324
1757689567 1467 1474492 4103324
1757689568 1468 1475516 4103324
1757689569 1468 1476156 4103324
1757689570 1469 1476924 4103324
1757689571 1469 1477820 4103324
1757689572 1469 1478460 4103324
1757689573 1470 1479484 4103324
1757689574 1465 1480380 4103324
1757689575 1466 1481148 4103324
1757689576 1467 1482044 4103324
1757689577 1467 1482940 4103324
1757689579 1468 1483708 4103324
1757689580 1469 1484604 4103324
1757689581 1470 1485372 4103324
1757689582 1471 1486268 4103324
1757689583 1472 1487164 4103324
1757689584 1472 1487932 4103324
1757689585 1473 1488828 4103324
1757689586 1473 1489596 4103324
1757689587 1474 1490492 4103324
1757689588 1474 1491260 4103324
1757689589 1474 1492156 4103324
1757689590 1467 1492796 4103324
1757689591 1467 1493564 4103324
1757689592 1467 1494204 4103324
1757689593 1468 1495228 4103324
1757689594 1467 1495868 4103324
1757689596 1467 1496636 4103324
1757689597 1467 1497276 4103324
1757689598 1468 1498172 4103324
1757689599 1469 1498940 4103324
1757689600 1470 1499836 4103324
1757689601 1470 1500732 4103324
1757689602 1471 1501500 4103324
1757689603 1471 1502396 4103324
1757689604 1471 1503164 4103324
1757689605 1470 1503932 4103324
1757689606 1470 1504700 4103324
1757689607 1471 1505596 4103324
1757689608 1466 1506364 4103324
1757689609 1467 1507260 4103324
1757689610 1468 1508156 4103324
1757689611 1468 1508924 4103324
1757689612 1469 1509820 4103324
1757689614 1470 1510460 4103324
1757689615 1470 1511484 4103324
1757689616 1471 1512380 4103324
1757689617 1472 1513148 4103324
1757689618 1473 1514044 4103324
1757689619 1473 1514812 4103324
1757689620 1474 1515708 4103324
1757689621 1473 1516476 4103324
1757689622 1472 1517116 4103324
1757689623 1471 1517756 4103324
1757689624 1466 1518396 4103324
1757689625 1466 1519292 4103324
1757689626 1466 1520060 4103324
1757689627 1466 1520700 4103324
1757689628 1467 1521596 4103324
1757689629 1468 1522492 4103324
1757689631 1469 1523260 4103324
1757689632 1469 1524156 4103324
1757689633 1470 1525052 4103324
1757689634 1470 1525820 4103324
1757689635 1471 1526460 4103324
1757689636 1471 1527484 4103324
1757689637 1471 1528124 4103324
1757689638 1471 1528892 4103324
1757689639 1471 1529788 4103324
1757689640 1472 1530812 4103324
1757689641 1472 1531452 4103324
1757689642 1468 1532220 4103324
1757689643 1468 1533116 4103324
1757689644 1469 1534140 4103324
1757689645 1469 1534780 4103324
1757689646 1470 1535676 4103324
1757689648 1471 1536700 4103324
1757689649 1471 1537340 4103324
1757689650 1472 1538364 4103324
1757689651 1473 1539260 4103324
1757689652 1473 1540028 4103324
1757689653 1472 1540668 4103324
1757689654 1472 1541436 4103324
1757689655 1472 1542460 4103324
1757689656 1472 1543228 4103324
1757689657 1471 1543868 4103324
1757689658 1467 1544764 4103324
1757689659 1468 1545532 4103324
1757689660 1468 1546428 4103324
1757689661 1469 1547068 4103324
1757689662 1470 1548092 4103324
1757689664 1470 1548988 4103324
1757689665 1471 1549756 4103324
1757689666 1472 1550652 4103324
1757689667 1472 1551548 4103324
1757689668 1473 1552316 4103324
1757689669 1473 1553084 4103324
1757689670 1473 1553724 4103324
1757689671 1473 1554492 4103324
1757689672 1474 1555388 4103324
1757689673 1470 1556284 4103324
1757689674 1471 1557052 4103324
1757689675 1471 1557948 4103324
1757689676 1472 1558716 4103324
1757689677 1472 1559612 4103324
1757689679 1473 1560508 4103324
1757689680 1473 1561276 4103324
1757689681 1474 1562172 4103324
1757689682 1475 1563068 4103324
1757689683 1475 1563836 4103324
1757689684 1474 1564604 4103324
1757689685 1474 1565372 4103324
1757689686 1474 1566268 4103324
1757689687 1475 1567036 4103324
1757689688 1474 1567804 4103324
1757689689 1474 1568700 4103324
1757689690 1469 1569084 4103324
1757689691 1469 1570108 4103324
1757689692 1470 1570748 4103324
1757689693 1470 1571772 4103324
1757689694 1471 1572412 4103324
1757689695 1471 1573436 4103324
1757689697 1472 1574332 4103324
1757689698 1472 1575100 4103324
1757689699 1472 1575740 4103324
1757689700 1473 1576764 4103324
1757689701 1473 1577660 4103324
1757689702 1474 1578300 4103324
1757689703 1473 1579068 4103324
1757689704 1474 1579964 4103324
1757689705 1474 1580732 4103324
1757689706 1475 1581628 4103324
1757689707 1471 1582652 4103324
1757689708 1472 1583292 4103324
1757689709 1472 1584316 4103324
1757689710 1472 1584956 4103324
1757689712 1472 1585724 4103324
1757689713 1473 1586620 4103324
1757689714 1473 1587644 4103324
1757689715 1473 1588028 4103324
1757689716 1473 1588796 4103324
1757689717 1473 1589820 4103324
1757689718 1473 1590460 4103324
1757689719 1473 1591100 4103324
1757689720 1473 1592124 4103324
1757689721 1473 1592636 4103324
1757689722 1470 1593660 4103324
1757689723 1470 1594300 4103324
1757689724 1471 1595196 4103324
1757689725 1471 1595964 4103324
1757689726 1471 1596860 4103324
1757689728 1472 1597628 4103324
1757689729 1472 1598524 4103324
1757689730 1473 1599420 4103324
1757689731 1473 1600188 4103324
1757689732 1474 1601084 4103324
1757689733 1474 1601852 4103324
1757689734 1474 1602748 4103324
1757689735 1475 1603388 4103324
1757689736 1475 1604412 4103324
1757689737 1474 1604796 4103324
1757689738 1471 1605820 4103324
1757689739 1471 1606460 4103324
1757689740 1471 1607356 4103324
1757689741 1472 1608124 4103324
1757689742 1472 1609020 4103324
1757689744 1473 1609916 4103324
1757689745 1473 1610684 4103324
1757689746 1473 1611324 4103324
1757689747 1472 1612092 4103324
1757689748 1472 1612988 4103324
1757689749 1473 1613756 4103324
1757689750 1473 1614524 4103324
1757689751 1473 1615420 4103324
1757689752 1473 1616188 4103324
1757689753 1474 1617084 4103324
1757689754 1474 1617724 4103324
1757689755 1470 1618748 4103324
1757689756 1470 1619516 4103324
1757689757 1470 1620156 4103324
1757689758 1471 1621180 4103324
1757689759 1471 1621820 4103324
1757689761 1472 1622716 4103324
1757689762 1472 1623740 4103324
1757689763 1473 1624380 4103324
1757689764 1473 1625276 4103324
1757689765 1473 1626044 4103324
1757689766 1474 1626940 4103324
1757689767 1474 1627964 4103324
1757689768 1474 1628604 4103324
1757689769 1474 1629500 4103324
1757689770 1474 1630268 4103324
1757689771 1475 1630908 4103324
1757689772 1472 1631932 4103324
1757689773 1472 1632828 4103324
1757689774 1473 1633596 4103324
1757689775 1472 1634236 4103324
1757689776 1472 1635004 4103324
1757689778 1472 1635644 4103324
1757689779 1472 1636540 4103324
1757689780 1473 1637436 4103324
1757689781 1473 1638076 4103324
1757689782 1472 1638844 4103324
1757689783 1473 1639868 4103324
1757689784 1473 1640508 4103324
1757689785 1474 1641404 4103324
1757689786 1474 1642428 4103324
1757689787 1474 1643068 4103324
1757689788 1475 1644092 4103324
1757689789 1471 1644860 4103324
1757689790 1472 1645756 4103324
1757689791 1472 1646396 4103324
1757689792 1473 1647420 4103324
1757689793 1473 1648060 4103324
1757689795 1473 1648956 4103324
1757689796 1473 1649596 4103324
1757689797 1474 1650364 4103324
1757689798 1474 1651260 4103324
1757689799 1474 1652028 4103324
1757689800 1475 1652924 4103324
1757689801 1475 1653564 4103324
1757689802 1474 1654332 4103324
1757689803 1474 1654972 4103324
1757689804 1474 1655868 4103324
1757689805 1474 1656764 4103324
1757689806 1474 1657532 4103324
1757689807 1471 1658300 4103324
1757689808 1470 1659068 4103324
1757689809 1471 1659708 4103324
1757689810 1471 1660604 4103324
1757689811 1472 1661372 4103324
1757689812 1471 1662140 4103324
1757689814 1472 1663036 4103324
1757689815 1472 1664060 4103324
1757689816 1473 1664956 4103324
1757689817 1473 1665596 4103324
1757689818 1473 1666620 4103324
1757689819 1474 1667516 4103324
1757689820 1474 1668284 4103324
1757689821 1474 1669180 4103324
1757689822 1474 1669820 4103324
1757689823 1474 1670588 4103324
1757689824 1471 1671356 4103324
1757689825 1472 1672252 4103324
1757689826 1472 1673148 4103324
1757689827 1473 1673916 4103324
1757689828 1473 1674940 4103324
1757689830 1473 1675580 4103324
1757689831 1473 1676476 4103324
1757689832 1474 1677116 4103324
1757689833 1474 1678140 4103324
1757689834 1474 1678780 4103324
1757689835 1474 1679804 4103324
1757689836 1474 1680444 4103324
1757689837 1474 1681084 4103324
1757689838 1474 1681724 4103324
1757689839 1473 1682748 4103324
1757689840 1474 1683388 4103324
1757689841 1471 1684412 4103324
1757689842 1471 1685052 4103324
1757689843 1472 1685948 4103324
1757689844 1472 1686716 4103324
1757689845 1472 1687612 4103324
1757689847 1472 1688252 4103324
1757689848 1473 1689276 4103324
1757689849 1473 1689916 4103324
1757689850 1473 1690812 4103324
1757689851 1474 1691836 4103324
1757689852 1474 1692732 4103324
1757689853 1475 1693372 4103324
1757689854 1475 1694396 4103324
1757689855 1475 1695036 4103324
1757689856 1475 1695676 4103324
1757689857 1475 1696700 4103324
1757689858 1472 1697340 4103324
1757689859 1473 1698236 4103324
1757689860 1473 1699004 4103324
1757689861 1473 1699900 4103324
1757689863 1474 1700796 4103324
1757689864 1474 1701564 4103324
1757689865 1475 1702460 4103324
1757689866 1475 1703100 4103324
1757689867 1475 1704124 4103324
1757689868 1475 1704892 4103324
1757689869 1475 1705532 4103324
1757689870 1474 1706300 4103324
1757689871 1474 1707068 4103324
1757689872 1474 1708092 4103324
1757689873 1474 1708732 4103324
1757689874 1472 1709756 4103324
1757689875 1472 1710396 4103324
1757689876 1472 1711420 4103324
1757689877 1472 1712188 4103324
1757689878 1473 1713084 4103324
1757689880 1473 1713468 4103324
1757689881 1473 1713468 4103324
1757689882 1474 1713468 4103324
1757689883 1474 1713468 4103324
1757689884 1474 1713468 4103324
1757689885 1475 1713468 4103324
1757689886 1475 1713468 4103324
1757689887 1475 1713468 4103324
1757689888 1475 1713468 4103324
1757689889 1475 1713468 4103324
1757689890 1473 1713468 4103324
1757689891 1473 1713468 4103324
1757689892 1473 1713468 4103324
1757689893 1473 1713468 4103324
1757689894 1474 1713468 4103324
1757689896 1474 1713468 4103324
1757689897 1475 1713468 4103324
1757689898 1475 1713468 4103324
1757689899 1475 1713468 4103324
1757689900 1475 1713468 4103324
1757689901 1475 1713468 4103324
1757689902 1474 1713468 4103324
1757689903 1474 1713468 4103324
1757689904 1474 1713468 4103324
1757689905 1474 1713468 4103324
1757689906 1471 1713468 4103324
1757689907 1471 1713468 4103324
1757689908 1472 1713468 4103324
1757689909 1472 1713468 4103324
1757689910 1472 1713468 4103324
1757689912 1473 1713468 4103324
1757689913 1473 1713468 4103324
1757689914 1473 1713468 4103324
1757689915 1474 1713468 4103324
1757689916 1474 1713468 4103324
1757689917 1474 1713468 4103324
1757689918 1475 1713468 4103324
1757689919 1475 1436596 2785472
1757689920 1475 1463092 3224412
