1757685849  0.0 16512 676480
1757685850  317 662500 2275932
1757685851  665 1623688 3192252
1757685852  904 1305668 4104104
1757685853 1104 1306436 4104104
1757685854 1202 1307332 4104104
1757685855 1245 1307972 4104104
1757685856 1308 1308740 4104104
1757685857 1348 1309636 4104104
1757685858 1248 1310660 4104104
1757685859 1283 1311300 4104104
1757685860 1303 1312196 4104104
1757685861 1317 1312964 4104104
1757685862 1331 1313732 4104104
1757685864 1346 1314628 4104104
1757685865 1367 1315268 4104104
1757685866 1378 1316292 4104104
1757685867 1370 1316932 4104104
1757685868 1361 1317572 4104104
1757685869 1358 1318340 4104104
1757685870 1374 1318980 4104104
1757685871 1378 1319876 4104104
1757685872 1375 1320644 4104104
1757685873 1384 1321412 4104104
1757685874 1394 1322436 4104104
1757685875 1405 1323076 4104104
1757685876 1364 1324100 4104104
1757685877 1373 1324740 4104104
1757685878 1381 1325636 4104104
1757685879 1392 1326660 4104104
1757685880 1400 1327300 4104104
1757685882 1409 1328324 4104104
1757685883 1416 1328964 4104104
1757685884 1424 1329860 4104104
1757685885 1430 1330756 4104104
1757685886 1436 1331524 4104104
1757685887 1441 1332420 4104104
1757685888 1447 1333188 4104104
1757685889 1453 1334084 4104104
1757685890 1458 1334980 4104104
1757685891 1464 1335748 4104104
1757685892 1433 1336644 4104104
1757685893 1437 1337284 4104104
1757685894 1439 1338180 4104104
1757685895 1442 1338820 4104104
1757685897 1445 1339844 4104104
1757685898 1445 1340612 4104104
1757685899 1440 1341380 4104104
1757685900 1435 1342020 4104104
1757685901 1433 1342660 4104104
1757685902 1430 1343428 4104104
1757685903 1429 1344196 4104104
1757685904 1430 1344836 4104104
1757685905 1435 1345732 4104104
1757685906 1439 1346500 4104104
1757685907 1441 1347524 4104104
1757685908 1444 1348292 4104104
1757685909 1449 1349188 4104104
1757685910 1429 1350084 4104104
1757685911 1433 1350852 4104104
1757685912 1437 1351748 4104104
1757685913 1441 1352644 4104104
1757685915 1444 1353412 4104104
1757685916 1447 1354436 4104104
1757685917 1451 1355332 4104104
1757685918 1454 1356100 4104104
1757685919 1458 1356996 4104104
1757685920 1460 1357892 4104104
1757685921 1463 1358660 4104104
1757685922 1466 1359556 4104104
1757685923 1469 1360324 4104104
1757685924 1452 1361220 4104104
1757685925 1455 1362116 4104104
1757685926 1458 1362884 4104104
1757685927 1455 1363524 4104104
1757685928 1452 1364164 4104104
1757685929 1448 1364676 4104104
1757685931 1451 1365444 4104104
1757685932 1452 1366468 4104104
1757685933 1451 1367108 4104104
1757685934 1450 1367876 4104104
1757685935 1450 1368772 4104104
1757685936 1453 1369540 4104104
1757685937 1455 1370436 4104104
1757685938 1457 1371204 4104104
1757685939 1459 1372100 4104104
1757685940 1462 1372996 4104104
1757685941 1448 1373764 4104104
1757685942 1450 1374660 4104104
1757685943 1451 1375300 4104104
1757685944 1454 1376324 4104104
1757685945 1456 1377220 4104104
1757685947 1459 1377988 4104104
1757685948 1461 1378884 4104104
1757685949 1463 1379780 4104104
1757685950 1466 1380548 4104104
1757685951 1467 1381444 4104104
1757685952 1470 1382340 4104104
1757685953 1472 1383108 4104104
1757685954 1474 1384004 4104104
1757685955 1476 1384772 4104104
1757685956 1464 1385668 4104104
1757685957 1466 1386692 4104104
1757685958 1467 1387332 4104104
1757685959 1467 1388100 4104104
1757685960 1464 1388868 4104104
1757685962 1462 1389636 4104104
1757685963 1460 1390276 4104104
1757685964 1460 1390788 4104104
1757685965 1459 1391812 4104104
1757685966 1459 1392324 4104104
1757685967 1457 1392836 4104104
1757685968 1458 1393860 4104104
1757685969 1459 1394372 4104104
1757685970 1461 1395396 4104104
1757685971 1463 1396292 4104104
1757685972 1465 1396932 4104104
1757685973 1455 1397956 4104104
1757685974 1457 1398852 4104104
1757685975 1458 1399620 4104104
1757685976 1459 1400516 4104104
1757685977 1461 1401156 4104104
1757685979 1462 1402180 4104104
1757685980 1464 1402820 4104104
1757685981 1465 1403716 4104104
1757685982 1467 1404740 4104104
1757685983 1469 1405380 4104104
1757685984 1470 1406404 4104104
1757685985 1472 1407044 4104104
1757685986 1473 1407940 4104104
1757685987 1475 1408964 4104104
1757685988 1464 1409476 4104104
1757685989 1466 1410244 4104104
1757685990 1465 1411268 4104104
1757685991 1464 1412036 4104104
1757685992 1464 1412676 4104104
1757685993 1463 1413188 4104104
1757685995 1463 1413828 4104104
1757685996 1462 1414852 4104104
1757685997 1463 1415620 4104104
1757685998 1463 1416516 4104104
1757685999 1464 1417284 4104104
1757686000 1462 1418052 4104104
1757686001 1462 1418692 4104104
1757686002 1464 1419588 4104104
1757686003 1465 1420356 4104104
1757686004 1467 1421252 4104104
1757686005 1459 1422276 4104104
1757686006 1459 1422916 4104104
1757686007 1460 1423812 4104104
1757686008 1462 1424580 4104104
1757686010 1463 1425476 4104104
1757686011 1464 1426500 4104104
1757686012 1465 1427140 4104104
1757686013 1467 1428036 4104104
1757686014 1468 1428804 4104104
1757686015 1469 1429700 4104104
1757686016 1470 1430468 4104104
1757686017 1471 1431364 4104104
1757686018 1472 1432260 4104104
1757686019 1473 1433028 4104104
1757686020 1465 1433796 4104104
1757686021 1464 1434436 4104104
1757686022 1464 1435460 4104104
1757686023 1463 1436100 4104104
1757686024 1464 1436740 4104104
1757686025 1463 1437508 4104104
1757686027 1463 1438404 4104104
1757686028 1463 1439172 4104104
1757686029 1463 1439940 4104104
1757686030 1464 1440836 4104104
1757686031 1464 1441604 4104104
1757686032 1464 1442244 4104104
1757686033 1465 1443268 4104104
1757686034 1465 1443908 4104104
1757686035 1466 1444932 4104104
1757686036 1467 1445828 4104104
1757686037 1468 1446596 4104104
1757686038 1461 1447492 4104104
1757686039 1462 1448260 4104104
1757686040 1463 1449156 4104104
1757686041 1464 1449924 4104104
1757686043 1465 1450820 4104104
1757686044 1466 1451588 4104104
1757686045 1468 1452484 4104104
1757686046 1469 1453380 4104104
1757686047 1470 1454148 4104104
1757686048 1471 1455044 4104104
1757686049 1471 1455812 4104104
1757686050 1472 1456708 4104104
1757686051 1473 1457476 4104104
1757686052 1472 1458244 4104104
1757686053 1465 1458884 4104104
1757686054 1465 1459652 4104104
1757686055 1465 1460548 4104104
1757686056 1465 1461188 4104104
1757686057 1464 1461828 4104104
1757686058 1465 1462596 4104104
1757686060 1466 1463492 4104104
1757686061 1466 1464260 4104104
1757686062 1465 1465028 4104104
1757686063 1465 1465924 4104104
1757686064 1466 1466692 4104104
1757686065 1466 1467332 4104104
1757686066 1465 1467972 4104104
1757686067 1465 1468996 4104104
1757686068 1466 1469636 4104104
1757686069 1467 1470660 4104104
1757686070 1461 1471300 4104104
1757686071 1462 1472324 4104104
1757686072 1463 1472964 4104104
1757686073 1464 1473860 4104104
1757686074 1465 1474884 4104104
1757686075 1466 1475524 4104104
1757686077 1467 1476548 4104104
1757686078 1468 1477188 4104104
1757686079 1468 1478084 4104104
1757686080 1469 1479108 4104104
1757686081 1470 1479748 4104104
1757686082 1470 1480516 4104104
1757686083 1469 1481156 4104104
1757686084 1469 1481924 4104104
1757686085 1469 1482820 4104104
1757686086 1469 1483460 4104104
1757686087 1469 1484228 4104104
1757686088 1462 1484996 4104104
1757686089 1462 1485764 4104104
1757686090 1463 1486532 4104104
1757686091 1464 1487428 4104104
1757686092 1465 1488452 4104104
1757686094 1465 1488964 4104104
1757686095 1464 1489732 4104104
1757686096 1465 1490372 4104104
1757686097 1465 1491268 4104104
1757686098 1465 1492036 4104104
1757686099 1465 1492804 4104104
1757686100 1465 1493572 4104104
1757686101 1466 1494468 4104104
1757686102 1467 1495492 4104104
1757686103 1467 1496132 4104104
1757686104 1463 1497156 4104104
1757686105 1463 1498052 4104104
1757686106 1464 1498692 4104104
1757686107 1465 1499716 4104104
1757686109 1466 1500612 4104104
1757686110 1467 1501252 4104104
1757686111 1468 1502276 4104104
1757686112 1468 1502916 4104104
1757686113 1469 1503812 4104104
1757686114 1468 1504580 4104104
1757686115 1467 1505348 4104104
1757686116 1468 1505988 4104104
1757686117 1467 1506756 4104104
1757686118 1467 1507652 4104104
1757686119 1468 1508292 4104104
1757686120 1462 1509188 4104104
1757686121 1463 1509956 4104104
1757686122 1463 1510724 4104104
1757686123 1464 1511620 4104104
1757686124 1464 1512260 4104104
1757686126 1465 1513284 4104104
1757686127 1465 1513796 4104104
1757686128 1465 1514436 4104104
1757686129 1465 1515332 4104104
1757686130 1466 1516100 4104104
1757686131 1466 1516996 4104104
1757686132 1467 1517764 4104104
1757686133 1467 1518660 4104104
1757686134 1468 1519428 4104104
1757686135 1463 1520324 4104104
1757686136 1464 1521220 4104104
1757686137 1464 1521988 4104104
1757686138 1465 1522884 4104104
1757686139 1466 1523780 4104104
1757686141 1466 1524548 4104104
1757686142 1467 1525188 4104104
1757686143 1468 1526212 4104104
1757686144 1468 1527108 4104104
1757686145 1468 1527876 4104104
1757686146 1468 1528644 4104104
1757686147 1467 1529412 4104104
1757686148 1467 1530180 4104104
1757686149 1468 1531076 4104104
1757686150 1468 1532100 4104104
1757686151 1468 1532740 4104104
1757686152 1464 1533636 4104104
1757686153 1465 1534276 4104104
1757686154 1466 1535172 4104104
1757686155 1466 1536068 4104104
1757686157 1467 1536836 4104104
1757686158 1468 1537732 4104104
1757686159 1468 1538628 4104104
1757686160 1469 1539396 4104104
1757686161 1468 1540036 4104104
1757686162 1468 1540676 4104104
1757686163 1469 1541700 4104104
1757686164 1469 1542340 4104104
1757686165 1469 1543108 4104104
1757686166 1469 1544004 4104104
1757686167 1465 1545028 4104104
1757686168 1466 1545668 4104104
1757686169 1466 1546692 4104104
1757686170 1467 1547332 4104104
1757686171 1467 1548228 4104104
1757686173 1468 1549124 4104104
1757686174 1468 1549764 4104104
1757686175 1469 1550404 4104104
1757686176 1469 1551428 4104104
1757686177 1468 1552068 4104104
1757686178 1468 1552836 4104104
1757686179 1467 1553604 4104104
1757686180 1468 1554500 4104104
1757686181 1468 1555268 4104104
1757686182 1468 1555908 4104104
1757686183 1468 1556676 4104104
1757686184 1464 1557572 4104104
1757686185 1465 1558340 4104104
1757686186 1465 1559236 4104104
1757686187 1466 1559876 4104104
1757686188 1466 1560772 4104104
1757686189 1467 1561796 4104104
1757686191 1468 1562436 4104104
1757686192 1468 1563332 4104104
1757686193 1469 1564356 4104104
1757686194 1469 1564996 4104104
1757686195 1469 1566020 4104104
1757686196 1469 1566660 4104104
1757686197 1469 1567300 4104104
1757686198 1469 1567940 4104104
1757686199 1469 1568708 4104104
1757686200 1465 1569732 4104104
1757686201 1466 1570628 4104104
1757686202 1466 1571268 4104104
1757686203 1467 1572292 4104104
1757686204 1467 1572932 4104104
1757686206 1468 1573956 4104104
1757686207 1467 1574596 4104104
1757686208 1467 1575364 4104104
1757686209 1467 1576004 4104104
1757686210 1467 1577028 4104104
1757686211 1467 1577668 4104104
1757686212 1468 1578692 4104104
1757686213 1468 1579332 4104104
1757686214 1468 1580228 4104104
1757686215 1468 1580996 4104104
1757686216 1469 1582020 4104104
1757686217 1466 1582660 4104104
1757686218 1466 1583556 4104104
1757686219 1467 1584324 4104104
1757686220 1467 1585220 4104104
1757686221 1468 1586244 4104104
1757686223 1468 1586884 4104104
1757686224 1469 1587780 4104104
1757686225 1469 1588804 4104104
1757686226 1470 1589444 4104104
1757686227 1470 1590212 4104104
1757686228 1470 1591108 4104104
1757686229 1470 1591620 4104104
1757686230 1470 1592388 4104104
1757686231 1470 1593284 4104104
1757686232 1470 1593924 4104104
1757686233 1467 1594948 4104104
1757686234 1467 1595588 4104104
1757686235 1468 1596484 4104104
1757686236 1468 1597508 4104104
1757686237 1468 1598276 4104104
1757686239 1467 1599044 4104104
1757686240 1467 1599812 4104104
1757686241 1467 1600580 4104104
1757686242 1468 1601348 4104104
1757686243 1467 1601988 4104104
1757686244 1467 1602756 4104104
1757686245 1468 1603652 4104104
1757686246 1468 1604420 4104104
1757686247 1469 1605316 4104104
1757686248 1469 1606212 4104104
1757686249 1466 1606980 4104104
1757686250 1467 1607876 4104104
1757686251 1467 1608644 4104104
1757686252 1468 1609540 4104104
1757686253 1468 1610436 4104104
1757686255 1469 1611204 4104104
1757686256 1469 1612100 4104104
1757686257 1469 1612868 4104104
1757686258 1470 1613764 4104104
1757686259 1470 1614404 4104104
1757686260 1471 1615428 4104104
1757686261 1471 1616196 4104104
1757686262 1471 1617092 4104104
1757686263 1471 1617860 4104104
1757686264 1470 1618628 4104104
1757686265 1467 1619268 4104104
1757686266 1467 1620036 4104104
1757686267 1467 1620932 4104104
1757686268 1467 1621572 4104104
1757686269 1467 1622340 4104104
1757686270 1467 1622980 4104104
1757686272 1466 1623620 4104104
1757686273 1467 1624644 4104104
1757686274 1467 1625540 4104104
1757686275 1467 1626180 4104104
1757686276 1467 1626948 4104104
1757686277 1468 1627972 4104104
1757686278 1468 1628612 4104104
1757686279 1469 1629508 4104104
1757686280 1469 1630532 4104104
1757686281 1469 1631172 4104104
1757686282 1470 1632068 4104104
1757686283 1467 1632836 4104104
1757686284 1467 1633732 4104104
1757686285 1468 1634500 4104104
1757686286 1468 1635396 4104104
1757686288 1469 1636164 4104104
1757686289 1469 1637060 4104104
1757686290 1470 1637956 4104104
1757686291 1470 1638724 4104104
1757686292 1470 1639620 4104104
1757686293 1471 1640388 4104104
1757686294 1470 1641028 4104104
1757686295 1471 1641924 4104104
1757686296 1470 1642564 4104104
1757686297 1470 1643204 4104104
1757686298 1470 1643972 4104104
1757686299 1467 1644996 4104104
1757686300 1466 1645636 4104104
1757686301 1466 1646276 4104104
1757686302 1466 1647044 4104104
1757686303 1466 1647812 4104104
1757686305 1466 1648708 4104104
1757686306 1466 1649476 4104104
1757686307 1467 1650372 4104104
1757686308 1467 1651140 4104104
1757686309 1467 1652036 4104104
1757686310 1468 1652932 4104104
1757686311 1468 1653700 4104104
1757686312 1469 1654596 4104104
1757686313 1469 1655620 4104104
1757686314 1467 1656260 4104104
1757686315 1467 1657156 4104104
1757686316 1467 1657924 4104104
1757686317 1468 1658820 4104104
1757686318 1468 1659716 4104104
1757686320 1469 1660484 4104104
1757686321 1469 1661380 4104104
1757686322 1470 1662404 4104104
1757686323 1470 1663044 4104104
1757686324 1470 1663940 4104104
1757686325 1471 1664964 4104104
1757686326 1471 1665604 4104104
1757686327 1471 1666244 4104104
1757686328 1471 1667012 4104104
1757686329 1470 1667780 4104104
1757686330 1467 1668548 4104104
1757686331 1466 1669316 4104104
1757686332 1466 1669828 4104104
1757686333 1466 1670852 4104104
1757686334 1466 1671492 4104104
1757686335 1466 1672516 4104104
1757686337 1467 1673156 4104104
1757686338 1467 1674180 4104104
1757686339 1468 1674820 4104104
1757686340 1468 1675716 4104104
1757686341 1468 1676740 4104104
1757686342 1469 1677380 4104104
1757686343 1469 1678276 4104104
1757686344 1470 1679044 4104104
1757686345 1470 1679940 4104104
1757686346 1467 1680708 4104104
1757686347 1468 1681604 4104104
1757686348 1468 1682372 4104104
1757686349 1468 1683268 4104104
1757686350 1469 1684292 4104104
1757686352 1469 1684932 4104104
1757686353 1469 1685828 4104104
1757686354 1470 1686596 4104104
1757686355 1470 1687492 4104104
1757686356 1471 1688388 4104104
1757686357 1471 1689156 4104104
1757686358 1471 1689796 4104104
1757686359 1471 1690820 4104104
1757686360 1471 1691332 4104104
1757686361 1471 1692100 4104104
1757686362 1470 1692740 4104104
1757686363 1467 1693380 4104104
1757686364 1467 1694020 4104104
1757686365 1467 1695044 4104104
1757686366 1467 1695812 4104104
1757686367 1467 1696580 4104104
1757686369 1467 1697476 4104104
1757686370 1468 1698372 4104104
1757686371 1468 1699012 4104104
1757686372 1469 1700036 4104104
1757686373 1469 1700932 4104104
1757686374 1469 1701572 4104104
1757686375 1470 1702596 4104104
1757686376 1470 1703236 4104104
1757686377 1471 1704260 4104104
1757686378 1471 1705156 4104104
1757686379 1469 1706052 4104104
1757686380 1469 1706820 4104104
1757686381 1470 1707716 4104104
1757686382 1470 1708484 4104104
1757686383 1470 1709380 4104104
1757686385 1471 1710276 4104104
1757686386 1471 1711044 4104104
1757686387 1472 1711940 4104104
1757686388 1472 1712708 4104104
1757686389 1472 1713732 4104104
1757686390 1472 1714116 4104104
1757686391 1473 1714116 4104104
1757686392 1472 1714116 4104104
1757686393 1472 1714116 4104104
1757686394 1472 1714116 4104104
1757686395 1469 1714116 4104104
1757686396 1468 1714116 4104104
1757686397 1468 1714116 4104104
1757686398 1468 1714116 4104104
1757686399 1469 1714116 4104104
1757686401 1469 1714116 4104104
1757686402 1469 1714116 4104104
1757686403 1470 1714116 4104104
1757686404 1470 1714116 4104104
1757686405 1470 1714116 4104104
1757686406 1471 1714116 4104104
1757686407 1471 1714116 4104104
1757686408 1471 1714116 4104104
1757686409 1472 1714116 4104104
1757686410 1472 1714116 4104104
1757686411 1470 1714116 4104104
1757686412 1470 1714116 4104104
1757686413 1471 1714116 4104104
1757686414 1471 1714116 4104104
1757686415 1471 1714116 4104104
1757686417 1471 1714116 4104104
1757686418 1472 1714116 4104104
1757686419 1472 1714116 4104104
1757686420 1472 1714116 4104104
1757686421 1472 1714116 4104104
1757686422 1473 1714116 4104104
1757686423 1472 1714116 4104104
1757686424 1472 1714116 4104104
1757686425 1472 1714116 4104104
1757686426 1472 1714116 4104104
1757686427 1470 1714116 4104104
1757686428 1469 1714116 4104104
1757686429 1469 1437248 2786012
1757686430 1469 1437248 2786012
1757686431 1469 118948 1467644
