1757688174  0.0 16000 676480
1757688175  326 510720 1891440
1757688176  802 1405712 3192284
1757688177  999 1305748 4104132
1757688178 1121 1306388 4104132
1757688179 1235 1307284 4104132
1757688180 1287 1308052 4104132
1757688181 1333 1308948 4104132
1757688182 1356 1309716 4104132
1757688183 1241 1310612 4104132
1757688184 1282 1311508 4104132
1757688185 1313 1312276 4104132
1757688186 1336 1313172 4104132
1757688187 1360 1313940 4104132
1757688189 1382 1314836 4104132
1757688190 1389 1315604 4104132
1757688191 1398 1316500 4104132
1757688192 1398 1317140 4104132
1757688193 1404 1317780 4104132
1757688194 1418 1318804 4104132
1757688195 1429 1319444 4104132
1757688196 1422 1320212 4104132
1757688197 1419 1321108 4104132
1757688198 1413 1321620 4104132
1757688199 1413 1322260 4104132
1757688200 1409 1323284 4104132
1757688201 1409 1323924 4104132
1757688202 1367 1324564 4104132
1757688203 1377 1325588 4104132
1757688204 1387 1326228 4104132
1757688205 1395 1327124 4104132
1757688206 1400 1327764 4104132
1757688208 1409 1328788 4104132
1757688209 1416 1329684 4104132
1757688210 1424 1330324 4104132
1757688211 1429 1331348 4104132
1757688212 1436 1331988 4104132
1757688213 1441 1332884 4104132
1757688214 1444 1333652 4104132
1757688215 1443 1334292 4104132
1757688216 1444 1335316 4104132
1757688217 1449 1336084 4104132
1757688218 1421 1336980 4104132
1757688219 1427 1337876 4104132
1757688220 1432 1338644 4104132
1757688221 1438 1339540 4104132
1757688222 1441 1340308 4104132
1757688224 1444 1341204 4104132
1757688225 1446 1341844 4104132
1757688226 1448 1342868 4104132
1757688227 1445 1343508 4104132
1757688228 1444 1344276 4104132
1757688229 1442 1344916 4104132
1757688230 1444 1345684 4104132
1757688231 1444 1346580 4104132
1757688232 1445 1347348 4104132
1757688233 1448 1348244 4104132
1757688234 1451 1349012 4104132
1757688235 1432 1349908 4104132
1757688236 1435 1350548 4104132
1757688237 1437 1351444 4104132
1757688238 1440 1352212 4104132
1757688239 1443 1353108 4104132
1757688240 1446 1353876 4104132
1757688242 1449 1354772 4104132
1757688243 1452 1355412 4104132
1757688244 1455 1356308 4104132
1757688245 1458 1357332 4104132
1757688246 1461 1357972 4104132
1757688247 1463 1358868 4104132
1757688248 1464 1359636 4104132
1757688249 1466 1360532 4104132
1757688250 1468 1361300 4104132
1757688251 1471 1362196 4104132
1757688252 1455 1363092 4104132
1757688253 1457 1363732 4104132
1757688254 1460 1364756 4104132
1757688255 1460 1365396 4104132
1757688256 1461 1366164 4104132
1757688258 1456 1366932 4104132
1757688259 1452 1367572 4104132
1757688260 1453 1368212 4104132
1757688261 1455 1369108 4104132
1757688262 1455 1369876 4104132
1757688263 1455 1370900 4104132
1757688264 1457 1371668 4104132
1757688265 1460 1372564 4104132
1757688266 1462 1373460 4104132
1757688267 1464 1374228 4104132
1757688268 1451 1375124 4104132
1757688269 1453 1375892 4104132
1757688270 1456 1376916 4104132
1757688271 1457 1377684 4104132
1757688272 1459 1378580 4104132
1757688274 1460 1379348 4104132
1757688275 1461 1380244 4104132
1757688276 1464 1381012 4104132
1757688277 1465 1381908 4104132
1757688278 1468 1382804 4104132
1757688279 1469 1383572 4104132
1757688280 1470 1384340 4104132
1757688281 1471 1385108 4104132
1757688282 1472 1386004 4104132
1757688283 1473 1386772 4104132
1757688284 1475 1387668 4104132
1757688285 1463 1388308 4104132
1757688286 1465 1389204 4104132
1757688287 1467 1390100 4104132
1757688288 1465 1390612 4104132
1757688289 1463 1391508 4104132
1757688291 1462 1392276 4104132
1757688292 1462 1392916 4104132
1757688293 1461 1393684 4104132
1757688294 1462 1394708 4104132
1757688295 1463 1395348 4104132
1757688296 1465 1396244 4104132
1757688297 1467 1397268 4104132
1757688298 1468 1397908 4104132
1757688299 1470 1398804 4104132
1757688300 1459 1399572 4104132
1757688301 1461 1400468 4104132
1757688302 1461 1401236 4104132
1757688303 1463 1401876 4104132
1757688304 1464 1402900 4104132
1757688305 1466 1403796 4104132
1757688307 1468 1404436 4104132
1757688308 1469 1405460 4104132
1757688309 1471 1406356 4104132
1757688310 1472 1406996 4104132
1757688311 1473 1408020 4104132
1757688312 1475 1408660 4104132
1757688313 1475 1409428 4104132
1757688314 1474 1410324 4104132
1757688315 1473 1411092 4104132
1757688316 1474 1411860 4104132
1757688317 1475 1412884 4104132
1757688318 1466 1413524 4104132
1757688319 1465 1414420 4104132
1757688320 1466 1415188 4104132
1757688321 1465 1415828 4104132
1757688322 1465 1416596 4104132
1757688323 1462 1417236 4104132
1757688325 1461 1417876 4104132
1757688326 1462 1418772 4104132
1757688327 1463 1419412 4104132
1757688328 1465 1420436 4104132
1757688329 1465 1421076 4104132
1757688330 1467 1422100 4104132
1757688331 1468 1422740 4104132
1757688332 1469 1423764 4104132
1757688333 1470 1424276 4104132
1757688334 1462 1425300 4104132
1757688335 1464 1426196 4104132
1757688336 1465 1426964 4104132
1757688337 1466 1427860 4104132
1757688338 1468 1428500 4104132
1757688340 1468 1429524 4104132
1757688341 1470 1430164 4104132
1757688342 1471 1431188 4104132
1757688343 1472 1432084 4104132
1757688344 1473 1432724 4104132
1757688345 1474 1433748 4104132
1757688346 1476 1434388 4104132
1757688347 1476 1435412 4104132
1757688348 1476 1436052 4104132
1757688349 1476 1437076 4104132
1757688350 1468 1437716 4104132
1757688351 1467 1438484 4104132
1757688352 1466 1439252 4104132
1757688353 1466 1440020 4104132
1757688354 1466 1440916 4104132
1757688355 1466 1441556 4104132
1757688357 1466 1442324 4104132
1757688358 1466 1443348 4104132
1757688359 1466 1444116 4104132
1757688360 1467 1444756 4104132
1757688361 1468 1445652 4104132
1757688362 1469 1446548 4104132
1757688363 1470 1447316 4104132
1757688364 1471 1448212 4104132
1757688365 1472 1448980 4104132
1757688366 1473 1449876 4104132
1757688367 1466 1450644 4104132
1757688368 1467 1451540 4104132
1757688369 1468 1452436 4104132
1757688370 1469 1453204 4104132
1757688371 1470 1454100 4104132
1757688373 1471 1454868 4104132
1757688374 1472 1455764 4104132
1757688375 1473 1456660 4104132
1757688376 1474 1457300 4104132
1757688377 1475 1458324 4104132
1757688378 1476 1459220 4104132
1757688379 1477 1459860 4104132
1757688380 1477 1460884 4104132
1757688381 1477 1461524 4104132
1757688382 1475 1462292 4104132
1757688383 1467 1462932 4104132
1757688384 1467 1463444 4104132
1757688385 1467 1464212 4104132
1757688386 1467 1464980 4104132
1757688387 1467 1465876 4104132
1757688388 1467 1466516 4104132
1757688389 1467 1467156 4104132
1757688391 1466 1467924 4104132
1757688392 1466 1468692 4104132
1757688393 1467 1469588 4104132
1757688394 1468 1470484 4104132
1757688395 1469 1471252 4104132
1757688396 1470 1472148 4104132
1757688397 1471 1472916 4104132
1757688398 1472 1473812 4104132
1757688399 1472 1474708 4104132
1757688400 1473 1475348 4104132
1757688401 1468 1476244 4104132
1757688402 1469 1477012 4104132
1757688403 1470 1477908 4104132
1757688404 1470 1478804 4104132
1757688406 1471 1479572 4104132
1757688407 1472 1480468 4104132
1757688408 1473 1481236 4104132
1757688409 1474 1482132 4104132
1757688410 1474 1482900 4104132
1757688411 1475 1483796 4104132
1757688412 1475 1484820 4104132
1757688413 1474 1485204 4104132
1757688414 1472 1485972 4104132
1757688415 1472 1486740 4104132
1757688416 1472 1487636 4104132
1757688417 1466 1488404 4104132
1757688418 1467 1489300 4104132
1757688419 1468 1490068 4104132
1757688420 1469 1490964 4104132
1757688421 1469 1491860 4104132
1757688423 1469 1492628 4104132
1757688424 1470 1493268 4104132
1757688425 1469 1494164 4104132
1757688426 1470 1494804 4104132
1757688427 1469 1495572 4104132
1757688428 1470 1496212 4104132
1757688429 1471 1497236 4104132
1757688430 1472 1498132 4104132
1757688431 1473 1498900 4104132
1757688432 1468 1499796 4104132
1757688433 1469 1500436 4104132
1757688434 1469 1501332 4104132
1757688435 1470 1502228 4104132
1757688436 1471 1502996 4104132
1757688438 1471 1503892 4104132
1757688439 1472 1504660 4104132
1757688440 1473 1505556 4104132
1757688441 1473 1506196 4104132
1757688442 1474 1507220 4104132
1757688443 1474 1507860 4104132
1757688444 1474 1508628 4104132
1757688445 1473 1509268 4104132
1757688446 1472 1509908 4104132
1757688447 1472 1510932 4104132
1757688448 1471 1511700 4104132
1757688449 1467 1512340 4104132
1757688450 1467 1513236 4104132
1757688451 1468 1514260 4104132
1757688452 1469 1514900 4104132
1757688454 1470 1515924 4104132
1757688455 1470 1516564 4104132
1757688456 1470 1517460 4104132
1757688457 1470 1518228 4104132
1757688458 1470 1518996 4104132
1757688459 1471 1519892 4104132
1757688460 1471 1520660 4104132
1757688461 1472 1521556 4104132
1757688462 1472 1522196 4104132
1757688463 1473 1523220 4104132
1757688464 1469 1523860 4104132
1757688465 1469 1524756 4104132
1757688466 1470 1525780 4104132
1757688467 1471 1526420 4104132
1757688468 1471 1527316 4104132
1757688470 1472 1528340 4104132
1757688471 1473 1528980 4104132
1757688472 1474 1530004 4104132
1757688473 1474 1530900 4104132
1757688474 1474 1531540 4104132
1757688475 1474 1532180 4104132
1757688476 1473 1532692 4104132
1757688477 1473 1533460 4104132
1757688478 1473 1534484 4104132
1757688479 1473 1534996 4104132
1757688480 1472 1535764 4104132
1757688481 1472 1536788 4104132
1757688482 1468 1537428 4104132
1757688483 1469 1538324 4104132
1757688484 1469 1539348 4104132
1757688485 1470 1540116 4104132
1757688487 1471 1541140 4104132
1757688488 1471 1541780 4104132
1757688489 1472 1542804 4104132
1757688490 1471 1543444 4104132
1757688491 1471 1544212 4104132
1757688492 1471 1545108 4104132
1757688493 1472 1545748 4104132
1757688494 1473 1546644 4104132
1757688495 1473 1547412 4104132
1757688496 1474 1548308 4104132
1757688497 1475 1549332 4104132
1757688498 1471 1549972 4104132
1757688499 1471 1550868 4104132
1757688500 1472 1551636 4104132
1757688501 1473 1552532 4104132
1757688503 1473 1553556 4104132
1757688504 1474 1554196 4104132
1757688505 1474 1555220 4104132
1757688506 1473 1555860 4104132
1757688507 1473 1556372 4104132
1757688508 1473 1557268 4104132
1757688509 1473 1557908 4104132
1757688510 1473 1558676 4104132
1757688511 1473 1559572 4104132
1757688512 1473 1560340 4104132
1757688513 1473 1560980 4104132
1757688514 1472 1561748 4104132
1757688515 1468 1562772 4104132
1757688516 1469 1563668 4104132
1757688517 1470 1564308 4104132
1757688518 1470 1565332 4104132
1757688519 1470 1565972 4104132
1757688521 1471 1566996 4104132
1757688522 1471 1567636 4104132
1757688523 1471 1568276 4104132
1757688524 1471 1569044 4104132
1757688525 1471 1569684 4104132
1757688526 1471 1570580 4104132
1757688527 1472 1571604 4104132
1757688528 1472 1572244 4104132
1757688529 1473 1573140 4104132
1757688530 1474 1573908 4104132
1757688531 1470 1574804 4104132
1757688532 1471 1575828 4104132
1757688533 1471 1576468 4104132
1757688534 1472 1577364 4104132
1757688535 1472 1578388 4104132
1757688537 1472 1579028 4104132
1757688538 1471 1579540 4104132
1757688539 1471 1580436 4104132
1757688540 1471 1581076 4104132
1757688541 1471 1581716 4104132
1757688542 1471 1582612 4104132
1757688543 1472 1583252 4104132
1757688544 1472 1584020 4104132
1757688545 1472 1585044 4104132
1757688546 1472 1585812 4104132
1757688547 1472 1586580 4104132
1757688548 1468 1587476 4104132
1757688549 1469 1588244 4104132
1757688550 1469 1589140 4104132
1757688551 1470 1589780 4104132
1757688552 1470 1590804 4104132
1757688554 1471 1591700 4104132
1757688555 1471 1592468 4104132
1757688556 1471 1593108 4104132
1757688557 1471 1594004 4104132
1757688558 1471 1594772 4104132
1757688559 1472 1595668 4104132
1757688560 1472 1596308 4104132
1757688561 1472 1597204 4104132
1757688562 1473 1598228 4104132
1757688563 1474 1598868 4104132
1757688564 1470 1599764 4104132
1757688565 1471 1600532 4104132
1757688566 1471 1601556 4104132
1757688567 1471 1602068 4104132
1757688568 1470 1602836 4104132
1757688569 1470 1603604 4104132
1757688571 1470 1604500 4104132
1757688572 1470 1605140 4104132
1757688573 1471 1605780 4104132
1757688574 1471 1606676 4104132
1757688575 1472 1607700 4104132
1757688576 1472 1608340 4104132
1757688577 1473 1609364 4104132
1757688578 1473 1610260 4104132
1757688579 1473 1611028 4104132
1757688580 1470 1611796 4104132
1757688581 1470 1612692 4104132
1757688582 1470 1613460 4104132
1757688583 1471 1614356 4104132
1757688584 1471 1615252 4104132
1757688586 1472 1616020 4104132
1757688587 1472 1616916 4104132
1757688588 1473 1617684 4104132
1757688589 1473 1618580 4104132
1757688590 1473 1619604 4104132
1757688591 1473 1620244 4104132
1757688592 1474 1621140 4104132
1757688593 1474 1621908 4104132
1757688594 1475 1622804 4104132
1757688595 1475 1623572 4104132
1757688596 1472 1624212 4104132
1757688597 1472 1625236 4104132
1757688598 1471 1626004 4104132
1757688599 1471 1626772 4104132
1757688600 1471 1627412 4104132
1757688601 1471 1628308 4104132
1757688603 1471 1629076 4104132
1757688604 1471 1629844 4104132
1757688605 1472 1630740 4104132
1757688606 1472 1631508 4104132
1757688607 1472 1632404 4104132
1757688608 1473 1633044 4104132
1757688609 1473 1634068 4104132
1757688610 1473 1634708 4104132
1757688611 1473 1635732 4104132
1757688612 1473 1636372 4104132
1757688613 1473 1637012 4104132
1757688614 1470 1637908 4104132
1757688615 1471 1638676 4104132
1757688616 1471 1639572 4104132
1757688617 1472 1640212 4104132
1757688618 1472 1641236 4104132
1757688620 1472 1641876 4104132
1757688621 1473 1642772 4104132
1757688622 1473 1643796 4104132
1757688623 1473 1644436 4104132
1757688624 1473 1645204 4104132
1757688625 1473 1645972 4104132
1757688626 1474 1646868 4104132
1757688627 1474 1647764 4104132
1757688628 1474 1648532 4104132
1757688629 1473 1649044 4104132
1757688630 1473 1649684 4104132
1757688631 1470 1650708 4104132
1757688632 1470 1651348 4104132
1757688633 1470 1652116 4104132
1757688634 1470 1653012 4104132
1757688635 1470 1653908 4104132
1757688637 1471 1654676 4104132
1757688638 1471 1655700 4104132
1757688639 1472 1656340 4104132
1757688640 1472 1657364 4104132
1757688641 1472 1658260 4104132
1757688642 1473 1658900 4104132
1757688643 1473 1659796 4104132
1757688644 1473 1660564 4104132
1757688645 1473 1661588 4104132
1757688646 1473 1662228 4104132
1757688647 1471 1662868 4104132
1757688648 1471 1663764 4104132
1757688649 1471 1664788 4104132
1757688650 1472 1665684 4104132
1757688652 1472 1666452 4104132
1757688653 1473 1667348 4104132
1757688654 1473 1668244 4104132
1757688655 1473 1669012 4104132
1757688656 1473 1669524 4104132
1757688657 1473 1670292 4104132
1757688658 1474 1671188 4104132
1757688659 1473 1671956 4104132
1757688660 1473 1672468 4104132
1757688661 1473 1673236 4104132
1757688662 1470 1674132 4104132
1757688663 1470 1674900 4104132
1757688664 1470 1675668 4104132
1757688665 1470 1676436 4104132
1757688666 1470 1677332 4104132
1757688668 1470 1677972 4104132
1757688669 1471 1678996 4104132
1757688670 1471 1679892 4104132
1757688671 1472 1680532 4104132
1757688672 1472 1681556 4104132
1757688673 1472 1682196 4104132
1757688674 1473 1683220 4104132
1757688675 1473 1683860 4104132
1757688676 1474 1684756 4104132
1757688677 1474 1685652 4104132
1757688678 1471 1686420 4104132
1757688679 1471 1687188 4104132
1757688680 1471 1687956 4104132
1757688681 1471 1688852 4104132
1757688682 1472 1689492 4104132
1757688684 1472 1690516 4104132
1757688685 1472 1691412 4104132
1757688686 1473 1692052 4104132
1757688687 1473 1692948 4104132
1757688688 1474 1693716 4104132
1757688689 1474 1694612 4104132
1757688690 1474 1695380 4104132
1757688691 1473 1696020 4104132
1757688692 1472 1696788 4104132
1757688693 1473 1697428 4104132
1757688694 1473 1698324 4104132
1757688695 1469 1698964 4104132
1757688696 1470 1699732 4104132
1757688697 1470 1700628 4104132
1757688698 1470 1701268 4104132
1757688699 1471 1702292 4104132
1757688701 1471 1703188 4104132
1757688702 1472 1703828 4104132
1757688703 1472 1704852 4104132
1757688704 1472 1705492 4104132
1757688705 1473 1706516 4104132
1757688706 1473 1707156 4104132
1757688707 1473 1708052 4104132
1757688708 1473 1708692 4104132
1757688709 1474 1709716 4104132
1757688710 1474 1710356 4104132
1757688711 1474 1711380 4104132
1757688712 1471 1712020 4104132
1757688713 1471 1713044 4104132
1757688714 1472 1713684 4104132
1757688715 1472 1714452 4104132
1757688717 1473 1714452 4104132
1757688718 1473 1714452 4104132
1757688719 1473 1714452 4104132
1757688720 1474 1714452 4104132
1757688721 1474 1714452 4104132
1757688722 1473 1714452 4104132
1757688723 1473 1714452 4104132
1757688724 1473 1714452 4104132
1757688725 1473 1714452 4104132
1757688726 1472 1714452 4104132
1757688727 1473 1714452 4104132
1757688728 1470 1714452 4104132
1757688729 1471 1714452 4104132
1757688730 1471 1714452 4104132
1757688731 1472 1714452 4104132
1757688732 1472 1714452 4104132
1757688734 1472 1714452 4104132
1757688735 1472 1714452 4104132
1757688736 1473 1714452 4104132
1757688737 1473 1714452 4104132
1757688738 1473 1714452 4104132
1757688739 1474 1714452 4104132
1757688740 1474 1714452 4104132
1757688741 1474 1714452 4104132
1757688742 1475 1714452 4104132
1757688743 1475 1714452 4104132
1757688744 1473 1714452 4104132
1757688745 1472 1714452 4104132
1757688746 1473 1714452 4104132
1757688747 1473 1714452 4104132
1757688749 1473 1714452 4104132
1757688750 1474 1714452 4104132
1757688751 1474 1714452 4104132
1757688752 1474 1714452 4104132
1757688753 1474 1714452 4104132
1757688754 1473 1714452 4104132
1757688755 1473 1437604 2786044
1757688756 1473 1437604 2786044
1757688757 1472 1828792 3664956
