1757681825  0.0 16000 643712
1757681826  862 662792 2214876
1757681827 1231 644880 2638440
1757681828 1384 645776 2638440
1757681829 1458 646672 2638440
1757681830 1507 648080 2638440
1757681831 1314 648976 2638440
1757681832 1361 649872 2638440
1757681833 1394 650896 2638440
1757681834 1425 651792 2638440
1757681835 1438 652816 2638440
1757681837 1460 653712 2638440
1757681838 1453 654352 2638440
1757681839 1463 655248 2638440
1757681840 1479 656272 2638440
1757681841 1491 657168 2638440
1757681842 1501 658064 2638440
1757681843 1509 659344 2638440
1757681844 1519 660240 2638440
1757681845 1527 661264 2638440
1757681846 1534 662160 2638440
1757681847 1536 663184 2638440
1757681848 1529 663440 2638440
1757681849 1467 664336 2638440
1757681850 1472 665232 2638440
1757681851 1474 666000 2638440
1757681852 1473 666896 2638440
1757681853 1474 667536 2638440
1757681855 1472 668432 2638440
1757681856 1472 669456 2638440
1757681857 1473 670096 2638440
1757681858 1480 671504 2638440
1757681859 1486 672400 2638440
1757681860 1492 673424 2638440
1757681861 1497 674320 2638440
1757681862 1503 675216 2638440
1757681863 1508 676112 2638440
1757681864 1474 677136 2638440
1757681865 1480 678416 2638440
1757681866 1484 679184 2638440
1757681867 1489 680080 2638440
1757681868 1493 680976 2638440
1757681870 1497 681872 2638440
1757681871 1501 683152 2638440
1757681872 1505 684048 2638440
1757681873 1509 685072 2638440
1757681874 1513 685968 2638440
1757681875 1516 686864 2638440
1757681876 1519 687888 2638440
1757681877 1522 688784 2638440
1757681878 1524 689808 2638440
1757681879 1497 690704 2638440
1757681880 1499 691600 2638440
1757681881 1502 692496 2638440
1757681882 1503 693008 2638440
1757681883 1503 693904 2638440
1757681885 1503 694544 2638440
1757681886 1506 695568 2638440
1757681887 1506 696464 2638440
1757681888 1505 697104 2638440
1757681889 1505 698000 2638440
1757681890 1506 699024 2638440
1757681891 1508 699920 2638440
1757681892 1511 700816 2638440
1757681893 1513 702096 2638440
1757681894 1516 702992 2638440
1757681895 1496 704016 2638440
1757681896 1498 705040 2638440
1757681897 1501 705936 2638440
1757681898 1503 706832 2638440
1757681899 1506 707856 2638440
1757681901 1508 708752 2638440
1757681902 1510 709776 2638440
1757681903 1512 710672 2638440
1757681904 1514 711568 2638440
1757681905 1516 712464 2638440
1757681906 1518 713360 2638440
1757681907 1520 714640 2638440
1757681908 1522 715664 2638440
1757681909 1523 716560 2638440
1757681910 1523 717200 2638440
1757681911 1507 718096 2638440
1757681912 1509 719120 2638440
1757681913 1509 719888 2638440
1757681914 1509 720528 2638440
1757681915 1508 721552 2638440
1757681917 1509 722448 2638440
1757681918 1511 723344 2638440
1757681919 1513 724240 2638440
1757681920 1514 725264 2638440
1757681921 1514 725904 2638440
1757681922 1513 726800 2638440
1757681923 1513 727696 2638440
1757681924 1514 728720 2638440
1757681925 1516 729616 2638440
1757681926 1518 730512 2638440
1757681927 1504 731536 2638440
1757681928 1506 732432 2638440
1757681929 1508 733712 2638440
1757681930 1510 734608 2638440
1757681932 1511 735632 2638440
1757681933 1513 736528 2638440
1757681934 1515 737424 2638440
1757681935 1516 738704 2638440
1757681936 1518 739600 2638440
1757681937 1519 740624 2638440
1757681938 1521 741520 2638440
1757681939 1521 742416 2638440
1757681940 1522 743440 2638440
1757681941 1522 744080 2638440
1757681942 1510 745232 2638440
1757681943 1511 746256 2638440
1757681944 1511 746896 2638440
1757681945 1510 747408 2638440
1757681946 1511 748304 2638440
1757681948 1512 749328 2638440
1757681949 1513 750224 2638440
1757681950 1515 751504 2638440
1757681951 1516 752400 2638440
1757681952 1517 753296 2638440
1757681953 1518 754320 2638440
1757681954 1518 755216 2638440
1757681955 1518 756112 2638440
1757681956 1517 756752 2638440
1757681957 1517 757776 2638440
1757681958 1506 758672 2638440
1757681959 1508 759568 2638440
1757681960 1508 760592 2638440
1757681961 1509 761488 2638440
1757681962 1510 762384 2638440
1757681964 1512 763408 2638440
1757681965 1513 764304 2638440
1757681966 1514 765584 2638440
1757681967 1515 766480 2638440
1757681968 1517 767376 2638440
1757681969 1518 768272 2638440
1757681970 1518 769296 2638440
1757681971 1520 770192 2638440
1757681972 1519 771216 2638440
1757681973 1520 772112 2638440
1757681974 1511 773136 2638440
1757681975 1511 773776 2638440
1757681976 1510 774288 2638440
1757681977 1511 775312 2638440
1757681978 1512 776208 2638440
1757681980 1513 777232 2638440
1757681981 1514 778128 2638440
1757681982 1514 779024 2638440
1757681983 1516 780048 2638440
1757681984 1517 780944 2638440
1757681985 1518 781840 2638440
1757681986 1519 782736 2638440
1757681987 1519 783760 2638440
1757681988 1519 784656 2638440
1757681989 1510 785552 2638440
1757681990 1510 786448 2638440
1757681991 1510 787088 2638440
1757681992 1512 787984 2638440
1757681993 1512 789008 2638440
1757681995 1514 790160 2638440
1757681996 1514 791056 2638440
1757681997 1515 792080 2638440
1757681998 1516 792976 2638440
1757681999 1517 793872 2638440
1757682000 1518 794896 2638440
1757682001 1519 795920 2638440
1757682002 1520 796816 2638440
1757682003 1519 797840 2638440
1757682004 1520 798736 2638440
1757682005 1511 799376 2638440
1757682006 1512 800400 2638440
1757682007 1512 801424 2638440
1757682008 1512 801936 2638440
1757682010 1513 802832 2638440
1757682011 1514 803856 2638440
1757682012 1514 804752 2638440
1757682013 1515 805648 2638440
1757682014 1516 806928 2638440
1757682015 1517 807824 2638440
1757682016 1518 808848 2638440
1757682017 1519 809744 2638440
1757682018 1520 810640 2638440
1757682019 1520 811664 2638440
1757682020 1513 812560 2638440
1757682021 1513 813200 2638440
1757682022 1513 814096 2638440
1757682023 1513 815120 2638440
1757682024 1513 816016 2638440
1757682026 1514 816912 2638440
1757682027 1515 817936 2638440
1757682028 1515 818832 2638440
1757682029 1516 819728 2638440
1757682030 1517 820112 2638440
1757682031 1517 820112 2638440
1757682032 1518 820112 2638440
1757682033 1518 820112 2638440
1757682034 1519 820112 2638440
1757682035 1519 820112 2638440
1757682036 1511 820112 2638440
1757682037 1512 820112 2638440
1757682038 1512 820112 2638440
1757682039 1512 820112 2638440
1757682040 1513 820112 2638440
1757682042 1514 820112 2638440
1757682043 1514 820112 2638440
1757682044 1515 820112 2638440
1757682045 1516 820112 2638440
1757682046 1517 820112 2638440
1757682047 1517 820112 2638440
1757682048 1518 820112 2638440
1757682049 1518 820112 2638440
1757682050 1519 820112 2638440
1757682051 1520 820112 2638440
1757682052 1514 686816 2052904
