1757699739  0.0 15872 642688
1757699740  316 1218300 2958844
1757699741  209 1123512 2958844
1757699742  468 2438228 4558752
1757699743  641 2728788 4558752
1757699744  702 2206596 6154196
1757699745  788 2207748 6154196
1757699747  851 2207748 6154196
1757699748  902 2209028 6154196
1757699749  940 2209028 6154196
1757699750  971 2210180 6154196
1757699751  989 2211460 6154196
1757699752  997 2211460 6154196
1757699753 1012 2212740 6154196
1757699754 1028 2213892 6154196
1757699755 1044 2213892 6154196
1757699756 1056 2215172 6154196
1757699757 1058 2215172 6154196
1757699758 1067 2216452 6154196
1757699759 1078 2217732 6154196
1757699760 1087 2217732 6154196
1757699761 1044 2218884 6154196
1757699762 1054 2220164 6154196
1757699763 1061 2220164 6154196
1757699764 1068 2221316 6154196
1757699765 1067 2221316 6154196
1757699766 1072 2222468 6154196
1757699767 1068 2223748 6154196
1757699768 1065 2223748 6154196
1757699770 1069 2225028 6154196
1757699771 1073 2225028 6154196
1757699772 1079 2226308 6154196
1757699773 1082 2227460 6154196
1757699774 1086 2227460 6154196
1757699775 1090 2228740 6154196
1757699776 1092 2228740 6154196
1757699777 1096 2229892 6154196
1757699778 1100 2231172 6154196
1757699779 1104 2231172 6154196
1757699780 1107 2232452 6154196
1757699781 1111 2233732 6154196
1757699782 1114 2233732 6154196
1757699783 1114 2235012 6154196
1757699784 1115 2235012 6154196
1757699785 1090 2236164 6154196
1757699786 1090 2237444 6154196
1757699787 1090 2237444 6154196
1757699788 1090 2238596 6154196
1757699789 1093 2238596 6154196
1757699790 1096 2239876 6154196
1757699791 1098 2241156 6154196
1757699792 1101 2241156 6154196
1757699794 1103 2242436 6154196
1757699795 1105 2242436 6154196
1757699796 1107 2243716 6154196
1757699797 1109 2244868 6154196
1757699798 1107 2244868 6154196
1757699799 1107 2246148 6154196
1757699800 1109 2246148 6154196
1757699801 1110 2247428 6154196
1757699802 1111 2248708 6154196
1757699803 1113 2248708 6154196
1757699804 1115 2249988 6154196
1757699805 1100 2251140 6154196
1757699806 1102 2251140 6154196
1757699807 1104 2252420 6154196
1757699808 1106 2252420 6154196
1757699809 1108 2253572 6154196
1757699810 1110 2254852 6154196
1757699812 1112 2254852 6154196
1757699813 1114 2256132 6154196
1757699814 1116 2257412 6154196
1757699815 1116 2257412 6154196
1757699816 1117 2258692 6154196
1757699817 1118 2258692 6154196
1757699818 1119 2259972 6154196
1757699819 1118 2261252 6154196
1757699820 1118 2261252 6154196
1757699821 1120 2262532 6154196
1757699822 1121 2262532 6154196
1757699823 1123 2263812 6154196
1757699824 1124 2264964 6154196
1757699825 1125 2264964 6154196
1757699826 1112 2266244 6154196
1757699827 1113 2267524 6154196
1757699828 1114 2267524 6154196
1757699829 1114 2268804 6154196
1757699830 1114 2268804 6154196
1757699831 1115 2270084 6154196
1757699832 1117 2271364 6154196
1757699834 1117 2271364 6154196
1757699835 1118 2272644 6154196
1757699836 1117 2273924 6154196
1757699837 1117 2273924 6154196
1757699838 1118 2275076 6154196
1757699839 1119 2275076 6154196
1757699840 1120 2276356 6154196
1757699841 1121 2277636 6154196
1757699842 1123 2277636 6154196
1757699843 1124 2278788 6154196
1757699844 1126 2278788 6154196
1757699845 1127 2280068 6154196
1757699846 1128 2281348 6154196
1757699847 1129 2281348 6154196
1757699848 1119 2282628 6154196
1757699849 1119 2282628 6154196
1757699850 1117 2283780 6154196
1757699851 1117 2284932 6154196
1757699852 1119 2284932 6154196
1757699853 1120 2286212 6154196
1757699854 1120 2286212 6154196
1757699856 1121 2287492 6154196
1757699857 1120 2288772 6154196
1757699858 1121 2288772 6154196
1757699859 1121 2290052 6154196
1757699860 1122 2290052 6154196
1757699861 1121 2291204 6154196
1757699862 1121 2292484 6154196
1757699863 1122 2292484 6154196
1757699864 1123 2293764 6154196
1757699865 1124 2293764 6154196
1757699866 1124 2295044 6154196
1757699867 1123 2296324 6154196
1757699868 1124 2296324 6154196
1757699869 1116 2297604 6154196
1757699870 1117 2298884 6154196
1757699871 1118 2298884 6154196
1757699872 1119 2300036 6154196
1757699873 1120 2300036 6154196
1757699874 1121 2301316 6154196
1757699875 1122 2302596 6154196
1757699877 1123 2302596 6154196
1757699878 1124 2303876 6154196
1757699879 1125 2305028 6154196
1757699880 1125 2305028 6154196
1757699881 1125 2306308 6154196
1757699882 1124 2306308 6154196
1757699883 1122 2307588 6154196
1757699884 1122 2307588 6154196
1757699885 1123 2308740 6154196
1757699886 1123 2310020 6154196
1757699887 1123 2310020 6154196
1757699888 1124 2311300 6154196
1757699889 1125 2311300 6154196
1757699890 1118 2312580 6154196
1757699891 1118 2313860 6154196
1757699892 1118 2313860 6154196
1757699893 1118 2315012 6154196
1757699894 1119 2316164 6154196
1757699895 1119 2316164 6154196
1757699897 1120 2317316 6154196
1757699898 1121 2317316 6154196
1757699899 1121 2318596 6154196
1757699900 1121 2319876 6154196
1757699901 1121 2319876 6154196
1757699902 1121 2321028 6154196
1757699903 1121 2321028 6154196
1757699904 1122 2322180 6154196
1757699905 1123 2323460 6154196
1757699906 1124 2323460 6154196
1757699907 1124 2324740 6154196
1757699908 1124 2324740 6154196
1757699909 1125 2325892 6154196
1757699910 1126 2327172 6154196
1757699911 1120 2327172 6154196
1757699912 1120 2328452 6154196
1757699913 1120 2328452 6154196
1757699914 1120 2329732 6154196
1757699915 1119 2331012 6154196
1757699916 1119 2331012 6154196
1757699918 1119 2332164 6154196
1757699919 1119 2332164 6154196
1757699920 1120 2333444 6154196
1757699921 1121 2334724 6154196
1757699922 1121 2334724 6154196
1757699923 1121 2335876 6154196
1757699924 1121 2335876 6154196
1757699925 1122 2337156 6154196
1757699926 1123 2338436 6154196
1757699927 1122 2338436 6154196
1757699928 1123 2339716 6154196
1757699929 1123 2339716 6154196
1757699930 1124 2340996 6154196
1757699931 1119 2342148 6154196
1757699932 1119 2342148 6154196
1757699933 1119 2343428 6154196
1757699934 1119 2343428 6154196
1757699935 1119 2344708 6154196
1757699936 1119 2345988 6154196
1757699938 1120 2345988 6154196
1757699939 1121 2347268 6154196
1757699940 1121 2347268 6154196
1757699941 1121 2348548 6154196
1757699942 1122 2349828 6154196
1757699943 1122 2349828 6154196
1757699944 1122 2351108 6154196
1757699945 1122 2351108 6154196
1757699946 1122 2352260 6154196
1757699947 1122 2353540 6154196
1757699948 1122 2353540 6154196
1757699949 1121 2354820 6154196
1757699950 1121 2354820 6154196
1757699951 1121 2356100 6154196
1757699952 1121 2357380 6154196
1757699953 1122 2357380 6154196
1757699954 1122 2358660 6154196
1757699955 1121 2358660 6154196
1757699956 1117 2359812 6154196
1757699957 1117 2361092 6154196
1757699958 1117 2361092 6154196
1757699959 1118 2362372 6154196
1757699960 1118 2362372 6154196
1757699961 1119 2363652 6154196
1757699962 1120 2364804 6154196
1757699964 1120 2364804 6154196
1757699965 1121 2366084 6154196
1757699966 1120 2366084 6154196
1757699967 1121 2367364 6154196
1757699968 1120 2368516 6154196
1757699969 1121 2368516 6154196
1757699970 1121 2369796 6154196
1757699971 1121 2369796 6154196
1757699972 1122 2370948 6154196
1757699973 1123 2372228 6154196
1757699974 1123 2372228 6154196
1757699975 1123 2373508 6154196
1757699976 1122 2373508 6154196
1757699977 1123 2374788 6154196
1757699978 1123 2376068 6154196
1757699979 1123 2376068 6154196
1757699980 1118 2377348 6154196
1757699981 1118 2377348 6154196
1757699982 1118 2378628 6154196
1757699983 1119 2379780 6154196
1757699984 1119 2379780 6154196
1757699985 1119 2381060 6154196
1757699986 1119 2381060 6154196
1757699988 1119 2382340 6154196
1757699989 1119 2383620 6154196
1757699990 1120 2383620 6154196
1757699991 1120 2384900 6154196
1757699992 1121 2384900 6154196
1757699993 1121 2386180 6154196
1757699994 1122 2387460 6154196
1757699995 1122 2387460 6154196
1757699996 1122 2388612 6154196
1757699997 1123 2388612 6154196
1757699998 1123 2389764 6154196
1757699999 1123 2391044 6154196
1757700000 1119 2391044 6154196
1757700001 1119 2392324 6154196
1757700002 1119 2393604 6154196
1757700003 1120 2393604 6154196
1757700004 1120 2394756 6154196
1757700005 1121 2394756 6154196
1757700007 1120 2396036 6154196
1757700008 1120 2397316 6154196
1757700009 1120 2397316 6154196
1757700010 1120 2398468 6154196
1757700011 1121 2398468 6154196
1757700012 1121 2399748 6154196
1757700013 1121 2401028 6154196
1757700014 1122 2401028 6154196
1757700015 1122 2402308 6154196
1757700016 1122 2402308 6154196
1757700017 1122 2403588 6154196
1757700018 1122 2404868 6154196
1757700019 1122 2404868 6154196
1757700020 1122 2406020 6154196
1757700021 1119 2406020 6154196
1757700022 1119 2407300 6154196
1757700023 1120 2408580 6154196
1757700024 1120 2408580 6154196
1757700025 1120 2409860 6154196
1757700026 1121 2411140 6154196
1757700027 1121 2411140 6154196
1757700029 1122 2412420 6154196
1757700030 1122 2412420 6154196
1757700031 1123 2413572 6154196
1757700032 1122 2414852 6154196
1757700033 1123 2414852 6154196
1757700034 1123 2416004 6154196
1757700035 1123 2416004 6154196
1757700036 1124 2417284 6154196
1757700037 1124 2418564 6154196
1757700038 1124 2418564 6154196
1757700039 1124 2419844 6154196
1757700040 1124 2421124 6154196
1757700041 1121 2421124 6154196
1757700042 1121 2422404 6154196
1757700043 1121 2422404 6154196
1757700044 1122 2423684 6154196
1757700045 1122 2424964 6154196
1757700046 1122 2424964 6154196
1757700048 1121 2426244 6154196
1757700049 1121 2426244 6154196
1757700050 1121 2427396 6154196
1757700051 1122 2428676 6154196
1757700052 1122 2428676 6154196
1757700053 1122 2429956 6154196
1757700054 1123 2429956 6154196
1757700055 1123 2431236 6154196
1757700056 1124 2432388 6154196
1757700057 1124 2432388 6154196
1757700058 1124 2433668 6154196
1757700059 1124 2434948 6154196
1757700060 1125 2434948 6154196
1757700061 1122 2436228 6154196
1757700062 1122 2436228 6154196
1757700063 1122 2437380 6154196
1757700064 1122 2438660 6154196
1757700065 1123 2438660 6154196
1757700066 1123 2439940 6154196
1757700068 1123 2439940 6154196
1757700069 1122 2441220 6154196
1757700070 1122 2442500 6154196
1757700071 1122 2442500 6154196
1757700072 1123 2443780 6154196
1757700073 1123 2443780 6154196
1757700074 1123 2445060 6154196
1757700075 1124 2446340 6154196
1757700076 1124 2446340 6154196
1757700077 1124 2447492 6154196
1757700078 1124 2448772 6154196
1757700079 1124 2448772 6154196
1757700080 1124 2450052 6154196
1757700081 1121 2450052 6154196
1757700082 1121 2451204 6154196
1757700083 1122 2452484 6154196
1757700084 1122 2452484 6154196
1757700085 1122 2453764 6154196
1757700087 1123 2453764 6154196
1757700088 1123 2455044 6154196
1757700089 1123 2456196 6154196
1757700090 1123 2456196 6154196
1757700091 1123 2457476 6154196
1757700092 1124 2457476 6154196
1757700093 1124 2458756 6154196
1757700094 1124 2460036 6154196
1757700095 1125 2460036 6154196
1757700096 1125 2461188 6154196
1757700097 1125 2462468 6154196
1757700098 1126 2462468 6154196
1757700099 1125 2463748 6154196
1757700100 1125 2463748 6154196
1757700101 1124 2464900 6154196
1757700102 1122 2464900 6154196
1757700103 1122 2466180 6154196
1757700104 1122 2467460 6154196
1757700105 1123 2467460 6154196
1757700106 1123 2468612 6154196
1757700107 1123 2469892 6154196
1757700108 1124 2469892 6154196
1757700110 1124 2471172 6154196
1757700111 1124 2471172 6154196
1757700112 1123 2472324 6154196
1757700113 1122 2473604 6154196
1757700114 1123 2473604 6154196
1757700115 1123 2474756 6154196
1757700116 1123 2474756 6154196
1757700117 1124 2476036 6154196
1757700118 1124 2477316 6154196
1757700119 1124 2477316 6154196
1757700120 1124 2478596 6154196
1757700121 1125 2478596 6154196
1757700122 1125 2479748 6154196
1757700123 1125 2481028 6154196
1757700124 1122 2481028 6154196
1757700125 1123 2482308 6154196
1757700126 1123 2483588 6154196
1757700127 1123 2483588 6154196
1757700128 1124 2484740 6154196
1757700129 1124 2484740 6154196
1757700130 1123 2486020 6154196
1757700132 1123 2487300 6154196
1757700133 1123 2487300 6154196
1757700134 1123 2488452 6154196
1757700135 1124 2488452 6154196
1757700136 1124 2489732 6154196
1757700137 1124 2491012 6154196
1757700138 1125 2491012 6154196
1757700139 1125 2492292 6154196
1757700140 1125 2493444 6154196
1757700141 1125 2493444 6154196
1757700142 1125 2494596 6154196
1757700143 1125 2494596 6154196
1757700144 1125 2495876 6154196
1757700145 1125 2497156 6154196
1757700146 1122 2497156 6154196
1757700147 1123 2498436 6154196
1757700148 1123 2498436 6154196
1757700149 1123 2499588 6154196
1757700150 1123 2500868 6154196
1757700151 1123 2500868 6154196
1757700152 1124 2502020 6154196
1757700154 1124 2502020 6154196
1757700155 1124 2503300 6154196
1757700156 1124 2504580 6154196
1757700157 1125 2504580 6154196
1757700158 1125 2505732 6154196
1757700159 1125 2505732 6154196
1757700160 1125 2507012 6154196
1757700161 1125 2508292 6154196
1757700162 1125 2508292 6154196
1757700163 1125 2509572 6154196
1757700164 1125 2509572 6154196
1757700165 1125 2510724 6154196
1757700166 1125 2512004 6154196
1757700167 1125 2512004 6154196
1757700168 1123 2513284 6154196
1757700169 1123 2513284 6154196
1757700170 1123 2514564 6154196
1757700171 1123 2515844 6154196
1757700172 1123 2515844 6154196
1757700173 1123 2517124 6154196
1757700174 1123 2517124 6154196
1757700176 1124 2518404 6154196
1757700177 1124 2519684 6154196
1757700178 1124 2519684 6154196
1757700179 1124 2520964 6154196
1757700180 1124 2522116 6154196
1757700181 1124 2522116 6154196
1757700182 1124 2523396 6154196
1757700183 1125 2523396 6154196
1757700184 1125 2524676 6154196
1757700185 1125 2525956 6154196
1757700186 1126 2525956 6154196
1757700187 1126 2527108 6154196
1757700188 1123 2527108 6154196
1757700189 1124 2528388 6154196
1757700190 1124 2529668 6154196
1757700191 1124 2529668 6154196
1757700192 1124 2530948 6154196
1757700193 1123 2530948 6154196
1757700194 1123 2532228 6154196
1757700195 1122 2532228 6154196
1757700196 1123 2533508 6154196
1757700198 1123 2534788 6154196
1757700199 1123 2534788 6154196
1757700200 1123 2536068 6154196
1757700201 1123 2536068 6154196
1757700202 1123 2537348 6154196
1757700203 1123 2538628 6154196
1757700204 1123 2538628 6154196
1757700205 1123 2539908 6154196
1757700206 1123 2539908 6154196
1757700207 1124 2541188 6154196
1757700208 1124 2542340 6154196
1757700209 1124 2542340 6154196
1757700210 1124 2543620 6154196
1757700211 1121 2543620 6154196
1757700212 1122 2544772 6154196
1757700213 1122 2546052 6154196
1757700214 1122 2546052 6154196
1757700215 1122 2547332 6154196
1757700216 1122 2547332 6154196
1757700218 1123 2548612 6154196
1757700219 1123 2549764 6154196
1757700220 1123 2549764 6154196
1757700221 1123 2551044 6154196
1757700222 1124 2552324 6154196
1757700223 1123 2552324 6154196
1757700224 1123 2553604 6154196
1757700225 1123 2553604 6154196
1757700226 1122 2554884 6154196
1757700227 1122 2554884 6154196
1757700228 1122 2556164 6154196
1757700229 1123 2557444 6154196
1757700230 1122 2557444 6154196
1757700231 1122 2558724 6154196
1757700232 1122 2558724 6154196
1757700233 1122 2559876 6154196
1757700234 1123 2561156 6154196
1757700235 1120 2561156 6154196
1757700236 1120 2562436 6154196
1757700237 1119 2562436 6154196
1757700238 1119 2563588 6154196
1757700239 1119 2563588 6154196
1757700240 1120 2564868 6154196
1757700242 1120 2564868 6154196
1757700243 1120 2566148 6154196
1757700244 1120 2567428 6154196
1757700245 1120 2567428 6154196
1757700246 1120 2568708 6154196
1757700247 1121 2568708 6154196
1757700248 1121 2569860 6154196
1757700249 1121 2571140 6154196
1757700250 1121 2571140 6154196
1757700251 1122 2572292 6154196
1757700252 1122 2573444 6154196
1757700253 1122 2573444 6154196
1757700254 1120 2574724 6154196
1757700255 1120 2574724 6154196
1757700256 1119 2576004 6154196
1757700257 1119 2576004 6154196
1757700258 1119 2577156 6154196
1757700259 1119 2578436 6154196
1757700260 1119 2578436 6154196
1757700261 1119 2579716 6154196
1757700262 1119 2579716 6154196
1757700264 1119 2580996 6154196
1757700265 1119 2582276 6154196
1757700266 1118 2582276 6154196
1757700267 1118 2583428 6154196
1757700268 1119 2583428 6154196
1757700269 1119 2584708 6154196
1757700270 1119 2585988 6154196
1757700271 1119 2585988 6154196
1757700272 1120 2587268 6154196
1757700273 1120 2587268 6154196
1757700274 1119 2588548 6154196
1757700275 1119 2588548 6154196
1757700276 1119 2589700 6154196
1757700277 1119 2590980 6154196
1757700278 1117 2590980 6154196
1757700279 1118 2592260 6154196
1757700280 1118 2592260 6154196
1757700281 1118 2593540 6154196
1757700282 1118 2594820 6154196
1757700283 1119 2594820 6154196
1757700284 1119 2595972 6154196
1757700285 1119 2597124 6154196
1757700286 1118 2597124 6154196
1757700288 1119 2598404 6154196
1757700289 1118 2598404 6154196
1757700290 1119 2599684 6154196
1757700291 1119 2599684 6154196
1757700292 1119 2600964 6154196
1757700293 1119 2602244 6154196
1757700294 1120 2602244 6154196
1757700295 1120 2603396 6154196
1757700296 1120 2604676 6154196
1757700297 1119 2604676 6154196
1757700298 1119 2605956 6154196
1757700299 1120 2605956 6154196
1757700300 1120 2607236 6154196
1757700301 1118 2608388 6154196
1757700302 1118 2608388 6154196
1757700303 1118 2609668 6154196
1757700304 1119 2609668 6154196
1757700305 1119 2610948 6154196
1757700306 1119 2612228 6154196
1757700308 1119 2612228 6154196
1757700309 1119 2613508 6154196
1757700310 1119 2613508 6154196
1757700311 1119 2614788 6154196
1757700312 1120 2616068 6154196
1757700313 1120 2616068 6154196
1757700314 1120 2617348 6154196
1757700315 1120 2618628 6154196
1757700316 1121 2618628 6154196
1757700317 1120 2619780 6154196
1757700318 1120 2619780 6154196
1757700319 1120 2621060 6154196
1757700320 1121 2622340 6154196
1757700321 1121 2622340 6154196
1757700322 1119 2623620 6154196
1757700323 1119 2624900 6154196
1757700324 1120 2624900 6154196
1757700325 1120 2626052 6154196
1757700326 1120 2626052 6154196
1757700327 1120 2627332 6154196
1757700328 1120 2628612 6154196
1757700330 1120 2628612 6154196
1757700331 1120 2629892 6154196
1757700332 1120 2629892 6154196
1757700333 1120 2631172 6154196
1757700334 1121 2632324 6154196
1757700335 1121 2632324 6154196
1757700336 1121 2633604 6154196
1757700337 1121 2634884 6154196
1757700338 1121 2634884 6154196
1757700339 1122 2636036 6154196
1757700340 1122 2636036 6154196
1757700341 1122 2637316 6154196
1757700342 1120 2638596 6154196
1757700343 1120 2638596 6154196
1757700344 1120 2639748 6154196
1757700345 1120 2639748 6154196
1757700346 1120 2641028 6154196
1757700347 1120 2642308 6154196
1757700348 1120 2642308 6154196
1757700349 1120 2643460 6154196
1757700351 1120 2643460 6154196
1757700352 1120 2644740 6154196
1757700353 1121 2646020 6154196
1757700354 1121 2646020 6154196
1757700355 1121 2647300 6154196
1757700356 1121 2647300 6154196
1757700357 1121 2648580 6154196
1757700358 1121 2649860 6154196
1757700359 1121 2649860 6154196
1757700360 1121 2651140 6154196
1757700361 1121 2651140 6154196
1757700362 1121 2652420 6154196
1757700363 1121 2653572 6154196
1757700364 1121 2653572 6154196
1757700365 1120 2654852 6154196
1757700366 1120 2654852 6154196
1757700367 1120 2656132 6154196
1757700368 1120 2657412 6154196
1757700369 1120 2657412 6154196
1757700370 1121 2658564 6154196
1757700372 1121 2659844 6154196
1757700373 1121 2659844 6154196
1757700374 1121 2661124 6154196
1757700375 1121 2661124 6154196
1757700376 1121 2662404 6154196
1757700377 1121 2663684 6154196
1757700378 1121 2663684 6154196
1757700379 1121 2664836 6154196
1757700380 1121 2664836 6154196
1757700381 1121 2666116 6154196
1757700382 1121 2667268 6154196
1757700383 1121 2667268 6154196
1757700384 1121 2668420 6154196
1757700385 1120 2668420 6154196
1757700386 1120 2669700 6154196
1757700387 1120 2670980 6154196
1757700388 1120 2670980 6154196
1757700389 1120 2672260 6154196
1757700390 1120 2672260 6154196
1757700392 1121 2673540 6154196
1757700393 1121 2674820 6154196
1757700394 1121 2674820 6154196
1757700395 1121 2676100 6154196
1757700396 1121 2677252 6154196
1757700397 1121 2677252 6154196
1757700398 1121 2678532 6154196
1757700399 1121 2678532 6154196
1757700400 1122 2679812 6154196
1757700401 1122 2681092 6154196
1757700402 1122 2681092 6154196
1757700403 1122 2682244 6154196
1757700404 1122 2682244 6154196
1757700405 1122 2683396 6154196
1757700406 1122 2684676 6154196
1757700407 1120 2684676 6154196
1757700408 1120 2685828 6154196
1757700409 1120 2685828 6154196
1757700410 1120 2687108 6154196
1757700411 1120 2688388 6154196
1757700412 1120 2688388 6154196
1757700413 1120 2689668 6154196
1757700415 1120 2689668 6154196
1757700416 1120 2690948 6154196
1757700417 1121 2692100 6154196
1757700418 1121 2692100 6154196
1757700419 1121 2693380 6154196
1757700420 1121 2693380 6154196
1757700421 1121 2694532 6154196
1757700422 1121 2695812 6154196
1757700423 1121 2695812 6154196
1757700424 1121 2697092 6154196
1757700425 1122 2697092 6154196
1757700426 1122 2698244 6154196
1757700427 1122 2699524 6154196
1757700428 1122 2699524 6154196
1757700429 1121 2700804 6154196
1757700430 1121 2701956 6154196
1757700431 1121 2701956 6154196
1757700432 1121 2703236 6154196
1757700433 1121 2703236 6154196
1757700434 1121 2704516 6154196
1757700435 1121 2705796 6154196
1757700437 1122 2705796 6154196
1757700438 1122 2706948 6154196
1757700439 1122 2708228 6154196
1757700440 1122 2708228 6154196
1757700441 1121 2709508 6154196
1757700442 1121 2709508 6154196
1757700443 1121 2710788 6154196
1757700444 1121 2710788 6154196
1757700445 1121 2712068 6154196
1757700446 1122 2713348 6154196
1757700447 1122 2713348 6154196
1757700448 1122 2714628 6154196
1757700449 1122 2714628 6154196
1757700450 1122 2715908 6154196
1757700451 1121 2717188 6154196
1757700452 1121 2717188 6154196
1757700453 1121 2718468 6154196
1757700454 1121 2719620 6154196
1757700455 1121 2719620 6154196
1757700456 1121 2720900 6154196
1757700457 1122 2720900 6154196
1757700458 1122 2722180 6154196
1757700459 1122 2723332 6154196
1757700461 1122 2723332 6154196
1757700462 1122 2724612 6154196
1757700463 1122 2724612 6154196
1757700464 1122 2725892 6154196
1757700465 1122 2727172 6154196
1757700466 1123 2727172 6154196
1757700467 1123 2728452 6154196
1757700468 1123 2729732 6154196
1757700469 1123 2729732 6154196
1757700470 1123 2731012 6154196
1757700471 1123 2731012 6154196
1757700472 1123 2732292 6154196
1757700473 1121 2733572 6154196
1757700474 1121 2733572 6154196
1757700475 1121 2734724 6154196
1757700476 1121 2734724 6154196
1757700477 1121 2736004 6154196
1757700478 1122 2737284 6154196
1757700480 1122 2737284 6154196
1757700481 1122 2738436 6154196
1757700482 1122 2738436 6154196
1757700483 1122 2739716 6154196
1757700484 1122 2740996 6154196
1757700485 1122 2740996 6154196
1757700486 1122 2742276 6154196
1757700487 1122 2742276 6154196
1757700488 1122 2743556 6154196
1757700489 1122 2744836 6154196
1757700490 1123 2744836 6154196
1757700491 1123 2746116 6154196
1757700492 1123 2746116 6154196
1757700493 1123 2747268 6154196
1757700494 1121 2748548 6154196
1757700495 1122 2748548 6154196
1757700496 1122 2749700 6154196
1757700497 1122 2750980 6154196
1757700498 1122 2750980 6154196
1757700500 1122 2752260 6154196
1757700501 1122 2752260 6154196
1757700502 1122 2753540 6154196
1757700503 1122 2754692 6154196
1757700504 1122 2754692 6154196
1757700505 1122 2755972 6154196
1757700506 1122 2755972 6154196
1757700507 1122 2757252 6154196
1757700508 1122 2758532 6154196
1757700509 1122 2758532 6154196
1757700510 1122 2759812 6154196
1757700511 1122 2759812 6154196
1757700512 1122 2760964 6154196
1757700513 1122 2762116 6154196
1757700514 1121 2762116 6154196
1757700515 1121 2763396 6154196
1757700516 1122 2763396 6154196
1757700517 1122 2764676 6154196
1757700518 1122 2765956 6154196
1757700519 1122 2765956 6154196
1757700520 1122 2767108 6154196
1757700521 1122 2767108 6154196
1757700523 1122 2768388 6154196
1757700524 1122 2769668 6154196
1757700525 1122 2769668 6154196
1757700526 1123 2770948 6154196
1757700527 1123 2772228 6154196
1757700528 1123 2772228 6154196
1757700529 1123 2773380 6154196
1757700530 1123 2773380 6154196
1757700531 1123 2774660 6154196
1757700532 1123 2775812 6154196
1757700533 1123 2775812 6154196
1757700534 1123 2777092 6154196
1757700535 1123 2777092 6154196
1757700536 1123 2778372 6154196
1757700537 1122 2778372 6154196
1757700538 1121 2779652 6154196
1757700539 1122 2780804 6154196
1757700540 1122 2780804 6154196
1757700541 1122 2782084 6154196
1757700542 1122 2782084 6154196
1757700543 1122 2783364 6154196
1757700544 1122 2784644 6154196
1757700546 1122 2784644 6154196
1757700547 1122 2785924 6154196
1757700548 1122 2785924 6154196
1757700549 1122 2787076 6154196
1757700550 1123 2788356 6154196
1757700551 1123 2788356 6154196
1757700552 1123 2789636 6154196
1757700553 1123 2790916 6154196
1757700554 1123 2790916 6154196
1757700555 1123 2792068 6154196
1757700556 1123 2792068 6154196
1757700557 1124 2793348 6154196
1757700558 1124 2794628 6154196
1757700559 1124 2794628 6154196
1757700560 1124 2795908 6154196
1757700561 1123 2797188 6154196
1757700562 1123 2797188 6154196
1757700563 1122 2798468 6154196
1757700564 1123 2798468 6154196
1757700565 1123 2799748 6154196
1757700566 1123 2800900 6154196
1757700567 1123 2800900 6154196
1757700569 1123 2802180 6154196
1757700570 1123 2802180 6154196
1757700571 1123 2803460 6154196
1757700572 1123 2804740 6154196
1757700573 1123 2804740 6154196
1757700574 1123 2806020 6154196
1757700575 1123 2806020 6154196
1757700576 1123 2807300 6154196
1757700577 1123 2808452 6154196
1757700578 1123 2808452 6154196
1757700579 1123 2809732 6154196
1757700580 1123 2809732 6154196
1757700581 1124 2811012 6154196
1757700582 1124 2812292 6154196
1757700583 1123 2812292 6154196
1757700584 1123 2813444 6154196
1757700585 1123 2814724 6154196
1757700586 1123 2814724 6154196
1757700587 1123 2816004 6154196
1757700588 1123 2816004 6154196
1757700590 1123 2817284 6154196
1757700591 1124 2818436 6154196
1757700592 1124 2818436 6154196
1757700593 1124 2819716 6154196
1757700594 1124 2819716 6154196
1757700595 1123 2820996 6154196
1757700596 1123 2822276 6154196
1757700597 1123 2822276 6154196
1757700598 1124 2823428 6154196
1757700599 1124 2823428 6154196
1757700600 1124 2824580 6154196
1757700601 1124 2825860 6154196
1757700602 1124 2825860 6154196
1757700603 1124 2827140 6154196
1757700604 1123 2827140 6154196
1757700605 1123 2828420 6154196
1757700606 1123 2829700 6154196
1757700607 1123 2829700 6154196
1757700608 1123 2830980 6154196
1757700609 1123 2830980 6154196
1757700610 1123 2832260 6154196
1757700611 1123 2833412 6154196
1757700613 1123 2833412 6154196
1757700614 1123 2834564 6154196
1757700615 1123 2834564 6154196
1757700616 1123 2835844 6154196
1757700617 1124 2837124 6154196
1757700618 1124 2837124 6154196
1757700619 1124 2838404 6154196
1757700620 1124 2839684 6154196
1757700621 1124 2839684 6154196
1757700622 1124 2840964 6154196
1757700623 1124 2840964 6154196
1757700624 1124 2842116 6154196
1757700625 1123 2843396 6154196
1757700626 1123 2843396 6154196
1757700627 1123 2844548 6154196
1757700628 1123 2844548 6154196
1757700629 1123 2845828 6154196
1757700630 1123 2847108 6154196
1757700631 1123 2847108 6154196
1757700633 1123 2848388 6154196
1757700634 1123 2848388 6154196
1757700635 1123 2849668 6154196
1757700636 1123 2850948 6154196
1757700637 1123 2850948 6154196
1757700638 1123 2852100 6154196
1757700639 1123 2852100 6154196
1757700640 1124 2853380 6154196
1757700641 1124 2854660 6154196
1757700642 1124 2854660 6154196
1757700643 1124 2855940 6154196
1757700644 1124 2855940 6154196
1757700645 1123 2857220 6154196
1757700646 1123 2858372 6154196
1757700647 1123 2858372 6154196
1757700648 1123 2859652 6154196
1757700649 1123 2860932 6154196
1757700651 1124 2860932 6154196
1757700652 1124 2862212 6154196
1757700653 1124 2862212 6154196
1757700654 1124 2863364 6154196
1757700655 1124 2864644 6154196
1757700656 1124 2864644 6154196
1757700657 1124 2865924 6154196
1757700658 1124 2865924 6154196
1757700659 1124 2867204 6154196
1757700660 1124 2868484 6154196
1757700661 1124 2868484 6154196
1757700662 1124 2869764 6154196
1757700663 1124 2869764 6154196
1757700664 1124 2870916 6154196
1757700665 1123 2872196 6154196
1757700666 1123 2872196 6154196
1757700667 1123 2873348 6154196
1757700668 1123 2874628 6154196
1757700669 1123 2874628 6154196
1757700670 1123 2875908 6154196
1757700672 1123 2875908 6154196
1757700673 1123 2877188 6154196
1757700674 1124 2878340 6154196
1757700675 1124 2878340 6154196
1757700676 1124 2879620 6154196
1757700677 1124 2879620 6154196
1757700678 1124 2880900 6154196
1757700679 1124 2882180 6154196
1757700680 1124 2882180 6154196
1757700681 1124 2883332 6154196
1757700682 1124 2883332 6154196
1757700683 1125 2884612 6154196
1757700684 1123 2885892 6154196
1757700685 1124 2885892 6154196
1757700686 1123 2887172 6154196
1757700687 1123 2887172 6154196
1757700688 1123 2888452 6154196
1757700689 1124 2889604 6154196
1757700690 1124 2889604 6154196
1757700692 1124 2890884 6154196
1757700693 1124 2892164 6154196
1757700694 1124 2892164 6154196
1757700695 1124 2893444 6154196
1757700696 1124 2893444 6154196
1757700697 1124 2894724 6154196
1757700698 1124 2894724 6154196
1757700699 1124 2896004 6154196
1757700700 1124 2897284 6154196
1757700701 1124 2897284 6154196
1757700702 1124 2898436 6154196
1757700703 1124 2899716 6154196
1757700704 1124 2899716 6154196
1757700705 1124 2900996 6154196
1757700706 1123 2900996 6154196
1757700707 1123 2902276 6154196
1757700708 1123 2903428 6154196
1757700709 1124 2903428 6154196
1757700710 1124 2904580 6154196
1757700711 1124 2904580 6154196
1757700712 1124 2905860 6154196
1757700713 1124 2907140 6154196
1757700714 1124 2907140 6154196
1757700716 1124 2908420 6154196
1757700717 1124 2908420 6154196
1757700718 1124 2909700 6154196
1757700719 1124 2910980 6154196
1757700720 1124 2910980 6154196
1757700721 1124 2912260 6154196
1757700722 1124 2912260 6154196
1757700723 1124 2913540 6154196
1757700724 1124 2914692 6154196
1757700725 1124 2914692 6154196
1757700726 1124 2915972 6154196
1757700727 1124 2915972 6154196
1757700728 1124 2917252 6154196
1757700729 1124 2918532 6154196
1757700730 1124 2918532 6154196
1757700731 1123 2919812 6154196
1757700732 1124 2919812 6154196
1757700733 1124 2921092 6154196
1757700734 1124 2922372 6154196
1757700735 1124 2922372 6154196
1757700736 1124 2923652 6154196
1757700737 1124 2923652 6154196
1757700739 1124 2924804 6154196
1757700740 1124 2926084 6154196
1757700741 1124 2926084 6154196
1757700742 1124 2927236 6154196
1757700743 1124 2928516 6154196
1757700744 1125 2928516 6154196
1757700745 1125 2929796 6154196
1757700746 1125 2929796 6154196
1757700747 1125 2931076 6154196
1757700748 1125 2932228 6154196
1757700749 1125 2932228 6154196
1757700750 1125 2933508 6154196
1757700751 1125 2933508 6154196
1757700752 1125 2934788 6154196
1757700753 1125 2935940 6154196
1757700754 1124 2935940 6154196
1757700755 1124 2937220 6154196
1757700756 1124 2937220 6154196
1757700757 1124 2938500 6154196
1757700758 1124 2939652 6154196
1757700759 1124 2939652 6154196
1757700760 1124 2940932 6154196
1757700762 1124 2940932 6154196
1757700763 1124 2942212 6154196
1757700764 1124 2943492 6154196
1757700765 1124 2943492 6154196
1757700766 1124 2944772 6154196
1757700767 1125 2944772 6154196
1757700768 1125 2945924 6154196
1757700769 1125 2947204 6154196
1757700770 1125 2947204 6154196
1757700771 1125 2947204 6154196
1757700772 1125 2947204 6154196
1757700773 1125 2947204 6154196
1757700774 1125 2947204 6154196
1757700775 1125 2947204 6154196
1757700776 1124 2947204 6154196
1757700777 1124 2947204 6154196
1757700778 1125 2947204 6154196
1757700779 1124 2947204 6154196
1757700780 1124 2947204 6154196
1757700781 1124 2947204 6154196
1757700782 1125 2947204 6154196
1757700784 1125 2947204 6154196
1757700785 1125 2947204 6154196
1757700786 1125 2947204 6154196
1757700787 1125 2947204 6154196
1757700788 1125 2947204 6154196
1757700789 1125 2947204 6154196
1757700790 1125 2947204 6154196
1757700791 1125 2947204 6154196
1757700792 1125 2947204 6154196
1757700793 1125 2947204 6154196
1757700794 1125 2947204 6154196
1757700795 1125 2947204 6154196
1757700796 1125 2947204 6154196
1757700797 1124 2947204 6154196
1757700798 1124 2947204 6154196
1757700799 1124 2947204 6154196
1757700800 1124 2947204 6154196
1757700801 1125 2947204 6154196
1757700802 1124 2947204 6154196
1757700804 1125 2947204 6154196
1757700805 1125 2947204 6154196
1757700806 1125 2947204 6154196
1757700807 1125 2947204 6154196
1757700808 1125 2947204 6154196
1757700809 1125 2947204 6154196
1757700810 1125 2947204 6154196
1757700811 1125 2947204 6154196
1757700812 1125 2947204 6154196
1757700813 1125 2947204 6154196
1757700814 1125 2947204 6154196
1757700815 1125 2947204 6154196
1757700816 1125 2947204 6154196
1757700817 1126 2947204 6154196
1757700818 1126 2947204 6154196
1757700819 1125 2947204 6154196
1757700820 1125 2947204 6154196
1757700821 1125 2947204 6154196
1757700822 1125 2947204 6154196
1757700823 1125 2947204 6154196
1757700824 1125 2477824 3810956
1757700826 1125 2477824 3810956
1757700827 1126 2477824 3810956
1757700828 1126 2477824 3810956
1757700829 1127 3174952 5372944
