1757712520  0.0 15360 675456
1757712521  326 1168320 2616888
1757712522  214 2003524 3837756
1757712523  177 2899760 6279164
1757712524  464 3762608 6316568
1757712525  717 3762992 6316568
1757712527  792 4136496 6316568
1757712528  859 3352496 8791072
1757712529  964 3353264 8791072
1757712530 1037 3353648 8791072
1757712531 1098 3354032 8791072
1757712532 1150 3354928 8791072
1757712533 1195 3355696 8791072
1757712534 1231 3356080 8791072
1757712535 1262 3356848 8791072
1757712536 1277 3356848 8791072
1757712537 1217 3356848 8791072
1757712538 1236 3356848 8791072
1757712539 1250 3356848 8791072
1757712540 1271 3357232 8791072
1757712541 1290 3358128 8791072
1757712543 1309 3358896 8791072
1757712544 1324 3359280 8791072
1757712545 1340 3360048 8791072
1757712546 1353 3360432 8791072
1757712547 1366 3361200 8791072
1757712548 1375 3361968 8791072
1757712549 1387 3362352 8791072
1757712550 1391 3362736 8791072
1757712551 1394 3362736 8791072
1757712552 1353 3362736 8791072
1757712553 1361 3363120 8791072
1757712554 1371 3363632 8791072
1757712555 1379 3364400 8791072
1757712556 1388 3365168 8791072
1757712558 1395 3365552 8791072
1757712559 1403 3366448 8791072
1757712560 1410 3366832 8791072
1757712561 1416 3367216 8791072
1757712562 1422 3367984 8791072
1757712563 1428 3368752 8791072
1757712564 1435 3369520 8791072
1757712565 1440 3369904 8791072
1757712566 1445 3370672 8791072
1757712567 1445 3370672 8791072
1757712568 1416 3370672 8791072
1757712569 1417 3370672 8791072
1757712570 1418 3370672 8791072
1757712571 1422 3371056 8791072
1757712572 1428 3371824 8791072
1757712573 1433 3372592 8791072
1757712575 1437 3372976 8791072
1757712576 1442 3373744 8791072
1757712577 1446 3374128 8791072
1757712578 1450 3374896 8791072
1757712579 1454 3375792 8791072
1757712580 1458 3376560 8791072
1757712581 1462 3376944 8791072
1757712582 1465 3377712 8791072
1757712583 1466 3377712 8791072
1757712584 1443 3377712 8791072
1757712585 1444 3377712 8791072
1757712586 1447 3378608 8791072
1757712587 1450 3378992 8791072
1757712588 1454 3379760 8791072
1757712590 1457 3380528 8791072
1757712591 1459 3380912 8791072
1757712592 1462 3381296 8791072
1757712593 1465 3382064 8791072
1757712594 1468 3382832 8791072
1757712595 1471 3383216 8791072
1757712596 1474 3384112 8791072
1757712597 1476 3384880 8791072
1757712598 1477 3384880 8791072
1757712599 1477 3384880 8791072
1757712600 1459 3384880 8791072
1757712601 1460 3385264 8791072
1757712602 1461 3385264 8791072
1757712603 1464 3386160 8791072
1757712605 1466 3386544 8791072
1757712606 1469 3387312 8791072
1757712607 1472 3388080 8791072
1757712608 1474 3388848 8791072
1757712609 1476 3389232 8791072
1757712610 1479 3390000 8791072
1757712611 1481 3390768 8791072
1757712612 1483 3391152 8791072
1757712613 1485 3391920 8791072
1757712614 1486 3391920 8791072
1757712615 1473 3392688 8791072
1757712616 1473 3392688 8791072
1757712617 1473 3392688 8791072
1757712618 1473 3392688 8791072
1757712619 1475 3393456 8791072
1757712621 1477 3394224 8791072
1757712622 1479 3394608 8791072
1757712623 1481 3395376 8791072
1757712624 1483 3395760 8791072
1757712625 1485 3396528 8791072
1757712626 1487 3396912 8791072
1757712627 1489 3397680 8791072
1757712628 1491 3398576 8791072
1757712629 1491 3398576 8791072
1757712630 1478 3398960 8791072
1757712631 1478 3398960 8791072
1757712632 1478 3398960 8791072
1757712633 1480 3399344 8791072
1757712634 1482 3400112 8791072
1757712636 1483 3400496 8791072
1757712637 1485 3401264 8791072
1757712638 1487 3401648 8791072
1757712639 1488 3402416 8791072
1757712640 1490 3403184 8791072
1757712641 1491 3403568 8791072
1757712642 1492 3404336 8791072
1757712643 1494 3405232 8791072
1757712644 1496 3405616 8791072
1757712645 1497 3406384 8791072
1757712646 1487 3407152 8791072
1757712647 1488 3407536 8791072
1757712648 1490 3408304 8791072
1757712649 1490 3408304 8791072
1757712651 1490 3408304 8791072
1757712652 1490 3408304 8791072
1757712653 1491 3408688 8791072
1757712654 1492 3409072 8791072
1757712655 1493 3409840 8791072
1757712656 1495 3410608 8791072
1757712657 1496 3411376 8791072
1757712658 1498 3411760 8791072
1757712659 1499 3412528 8791072
1757712660 1499 3412528 8791072
1757712661 1488 3412528 8791072
1757712662 1488 3412528 8791072
1757712663 1488 3412528 8791072
1757712664 1489 3413296 8791072
1757712665 1490 3413808 8791072
1757712667 1492 3414576 8791072
1757712668 1493 3415344 8791072
1757712669 1495 3415728 8791072
1757712670 1496 3416496 8791072
1757712671 1497 3416880 8791072
1757712672 1498 3417648 8791072
1757712673 1500 3418416 8791072
1757712674 1501 3419184 8791072
1757712675 1502 3419568 8791072
1757712676 1503 3420336 8791072
1757712677 1494 3420720 8791072
1757712678 1496 3421616 8791072
1757712679 1497 3422384 8791072
1757712680 1498 3422768 8791072
1757712682 1499 3423536 8791072
1757712683 1499 3423536 8791072
1757712684 1499 3423536 8791072
1757712685 1498 3423536 8791072
1757712686 1499 3423920 8791072
1757712687 1500 3424688 8791072
1757712688 1502 3425456 8791072
1757712689 1502 3425840 8791072
1757712690 1503 3426352 8791072
1757712691 1503 3426736 8791072
1757712692 1496 3427120 8791072
1757712693 1496 3427120 8791072
1757712694 1496 3427120 8791072
1757712695 1496 3427120 8791072
1757712696 1496 3427504 8791072
1757712697 1497 3428272 8791072
1757712699 1498 3429040 8791072
1757712700 1499 3429808 8791072
1757712701 1500 3430192 8791072
1757712702 1501 3430960 8791072
1757712703 1502 3431344 8791072
1757712704 1503 3432112 8791072
1757712705 1504 3433008 8791072
1757712706 1505 3433392 8791072
1757712707 1506 3434160 8791072
1757712708 1499 3434544 8791072
1757712709 1500 3435312 8791072
1757712710 1501 3435696 8791072
1757712711 1502 3436464 8791072
1757712712 1502 3437232 8791072
1757712714 1503 3437616 8791072
1757712715 1504 3438384 8791072
1757712716 1504 3438384 8791072
1757712717 1504 3438384 8791072
1757712718 1504 3438384 8791072
1757712719 1505 3438384 8791072
1757712720 1505 3439152 8791072
1757712721 1506 3439536 8791072
1757712722 1506 3439920 8791072
1757712723 1500 3440304 8791072
1757712724 1499 3440304 8791072
1757712725 1500 3440304 8791072
1757712726 1500 3440816 8791072
1757712727 1500 3441200 8791072
1757712728 1501 3441968 8791072
1757712730 1502 3442352 8791072
1757712731 1503 3443120 8791072
1757712732 1504 3443504 8791072
1757712733 1505 3444272 8791072
1757712734 1506 3445040 8791072
1757712735 1506 3445808 8791072
1757712736 1507 3446192 8791072
1757712737 1508 3446960 8791072
1757712738 1509 3447728 8791072
1757712739 1503 3448112 8791072
1757712740 1504 3448880 8791072
1757712741 1504 3449264 8791072
1757712742 1505 3450160 8791072
1757712743 1506 3450544 8791072
1757712745 1507 3451312 8791072
1757712746 1507 3451696 8791072
1757712747 1508 3452464 8791072
1757712748 1509 3452848 8791072
1757712749 1509 3452848 8791072
1757712750 1509 3453232 8791072
1757712751 1509 3453232 8791072
1757712752 1509 3453232 8791072
1757712753 1509 3453232 8791072
1757712754 1510 3454000 8791072
1757712755 1503 3454000 8791072
1757712756 1503 3454000 8791072
1757712757 1503 3454000 8791072
1757712758 1504 3454768 8791072
1757712759 1504 3455152 8791072
1757712761 1505 3455920 8791072
1757712762 1506 3456688 8791072
1757712763 1507 3457072 8791072
1757712764 1507 3457840 8791072
1757712765 1508 3458608 8791072
1757712766 1509 3459376 8791072
1757712767 1510 3459760 8791072
1757712768 1510 3460528 8791072
1757712769 1511 3460912 8791072
1757712770 1512 3461680 8791072
1757712771 1506 3462064 8791072
1757712772 1507 3462832 8791072
1757712773 1508 3463600 8791072
1757712774 1508 3464496 8791072
1757712776 1509 3464880 8791072
1757712777 1510 3465264 8791072
1757712778 1510 3466160 8791072
1757712779 1511 3466928 8791072
1757712780 1512 3467312 8791072
1757712781 1512 3467696 8791072
1757712782 1512 3467696 8791072
1757712783 1512 3467696 8791072
1757712784 1511 3467696 8791072
1757712785 1511 3467696 8791072
1757712786 1506 3468080 8791072
1757712787 1506 3468080 8791072
1757712788 1506 3468464 8791072
1757712789 1507 3469232 8791072
1757712791 1507 3469616 8791072
1757712792 1508 3470384 8791072
1757712793 1509 3470768 8791072
1757712794 1509 3471536 8791072
1757712795 1510 3472304 8791072
1757712796 1511 3473072 8791072
1757712797 1511 3473456 8791072
1757712798 1512 3474224 8791072
1757712799 1512 3474992 8791072
1757712800 1513 3475376 8791072
1757712801 1508 3476144 8791072
1757712802 1509 3476528 8791072
1757712803 1509 3477296 8791072
1757712804 1510 3477680 8791072
1757712805 1511 3478448 8791072
1757712807 1511 3478832 8791072
1757712808 1512 3479728 8791072
1757712809 1512 3480496 8791072
1757712810 1513 3480880 8791072
1757712811 1514 3481648 8791072
1757712812 1514 3482416 8791072
1757712813 1515 3483184 8791072
1757712814 1514 3483184 8791072
1757712815 1514 3483184 8791072
1757712816 1509 3483184 8791072
1757712817 1508 3483184 8791072
1757712818 1508 3483184 8791072
1757712819 1508 3483568 8791072
1757712820 1509 3484336 8791072
1757712822 1509 3484720 8791072
1757712823 1510 3485488 8791072
1757712824 1510 3486256 8791072
1757712825 1511 3487024 8791072
1757712826 1512 3487408 8791072
1757712827 1512 3488176 8791072
1757712828 1513 3488560 8791072
1757712829 1513 3489456 8791072
1757712830 1514 3490224 8791072
1757712831 1514 3490608 8791072
1757712832 1510 3491376 8791072
1757712833 1510 3491760 8791072
1757712834 1511 3492528 8791072
1757712835 1511 3492912 8791072
1757712837 1512 3493680 8791072
1757712838 1512 3494064 8791072
1757712839 1513 3494832 8791072
1757712840 1514 3495216 8791072
1757712841 1514 3495984 8791072
1757712842 1515 3496752 8791072
1757712843 1515 3497648 8791072
1757712844 1516 3498032 8791072
1757712845 1516 3498416 8791072
1757712846 1516 3498800 8791072
1757712847 1511 3498800 8791072
1757712848 1511 3498800 8791072
1757712849 1510 3498800 8791072
1757712850 1510 3498800 8791072
1757712852 1510 3498800 8791072
1757712853 1511 3499568 8791072
1757712854 1511 3500336 8791072
1757712855 1512 3500720 8791072
1757712856 1512 3501488 8791072
1757712857 1513 3502256 8791072
1757712858 1513 3503024 8791072
1757712859 1514 3503408 8791072
1757712860 1514 3504176 8791072
1757712861 1515 3504560 8791072
1757712862 1511 3505456 8791072
1757712863 1511 3506224 8791072
1757712864 1512 3506608 8791072
1757712865 1512 3507376 8791072
1757712866 1513 3508144 8791072
1757712868 1513 3508528 8791072
1757712869 1514 3509296 8791072
1757712870 1514 3509680 8791072
1757712871 1515 3510448 8791072
1757712872 1515 3511216 8791072
1757712873 1516 3511728 8791072
1757712874 1516 3512496 8791072
1757712875 1517 3512880 8791072
1757712876 1517 3513264 8791072
1757712877 1513 3513648 8791072
1757712878 1513 3513648 8791072
1757712879 1513 3513648 8791072
1757712880 1513 3513648 8791072
1757712881 1513 3513648 8791072
1757712883 1513 3513648 8791072
1757712884 1513 3513648 8791072
1757712885 1513 3513648 8791072
1757712886 1513 3514416 8791072
1757712887 1514 3515184 8791072
1757712888 1514 3515952 8791072
1757712889 1515 3516336 8791072
1757712890 1515 3517104 8791072
1757712891 1516 3517872 8791072
1757712892 1512 3518256 8791072
1757712893 1513 3519024 8791072
1757712894 1513 3519408 8791072
1757712895 1513 3520304 8791072
1757712896 1514 3521200 8791072
1757712898 1514 3521968 8791072
1757712899 1515 3522352 8791072
1757712900 1515 3523120 8791072
1757712901 1515 3523504 8791072
1757712902 1516 3524272 8791072
1757712903 1516 3524656 8791072
1757712904 1517 3525424 8791072
1757712905 1517 3526192 8791072
1757712906 1518 3526576 8791072
1757712907 1514 3526576 8791072
1757712908 1514 3526960 8791072
1757712909 1514 3527344 8791072
1757712910 1514 3527344 8791072
1757712911 1514 3527344 8791072
1757712913 1515 3528112 8791072
1757712914 1515 3528112 8791072
1757712915 1515 3528112 8791072
1757712916 1515 3528112 8791072
1757712917 1515 3528112 8791072
1757712918 1515 3528112 8791072
1757712919 1516 3529008 8791072
1757712920 1516 3529776 8791072
1757712921 1517 3530160 8791072
1757712922 1513 3530928 8791072
1757712923 1514 3531696 8791072
1757712924 1514 3532080 8791072
1757712925 1514 3532848 8791072
1757712926 1515 3533616 8791072
1757712928 1515 3534000 8791072
1757712929 1516 3534768 8791072
1757712930 1516 3535152 8791072
1757712931 1516 3535920 8791072
1757712932 1517 3536688 8791072
1757712933 1517 3537584 8791072
1757712934 1518 3537968 8791072
1757712935 1518 3538736 8791072
1757712936 1518 3539120 8791072
1757712937 1515 3540016 8791072
1757712938 1515 3540016 8791072
1757712939 1515 3540400 8791072
1757712940 1515 3540400 8791072
1757712941 1515 3540784 8791072
1757712943 1515 3540784 8791072
1757712944 1516 3541168 8791072
1757712945 1516 3541936 8791072
1757712946 1517 3542704 8791072
1757712947 1517 3542704 8791072
1757712948 1517 3542704 8791072
1757712949 1517 3542704 8791072
1757712950 1517 3542704 8791072
1757712951 1517 3542704 8791072
1757712952 1518 3543472 8791072
1757712953 1514 3543856 8791072
1757712954 1515 3544624 8791072
1757712955 1515 3545392 8791072
1757712956 1516 3546160 8791072
1757712958 1516 3546544 8791072
1757712959 1516 3547312 8791072
1757712960 1517 3547696 8791072
1757712961 1517 3548592 8791072
1757712962 1517 3548976 8791072
1757712963 1518 3549744 8791072
1757712964 1518 3550512 8791072
1757712965 1519 3550896 8791072
1757712966 1519 3551664 8791072
1757712967 1519 3552432 8791072
1757712968 1516 3552432 8791072
1757712969 1516 3552816 8791072
1757712970 1516 3553200 8791072
1757712971 1516 3553200 8791072
1757712973 1516 3553584 8791072
1757712974 1517 3553584 8791072
1757712975 1517 3553968 8791072
1757712976 1517 3554736 8791072
1757712977 1517 3555504 8791072
1757712978 1518 3556272 8791072
1757712979 1518 3556656 8791072
1757712980 1518 3556656 8791072
1757712981 1518 3556656 8791072
1757712982 1518 3556656 8791072
1757712983 1515 3556656 8791072
1757712984 1515 3556656 8791072
1757712985 1516 3557424 8791072
1757712986 1516 3557808 8791072
1757712987 1517 3558576 8791072
1757712989 1517 3559344 8791072
1757712990 1517 3559728 8791072
1757712991 1517 3560496 8791072
1757712992 1518 3560880 8791072
1757712993 1518 3561648 8791072
1757712994 1519 3562416 8791072
1757712995 1519 3562800 8791072
1757712996 1519 3563696 8791072
1757712997 1520 3564464 8791072
1757712998 1517 3564848 8791072
1757712999 1517 3565232 8791072
1757713000 1517 3565616 8791072
1757713001 1517 3566128 8791072
1757713002 1517 3566128 8791072
1757713004 1517 3566512 8791072
1757713005 1517 3566512 8791072
1757713006 1517 3566896 8791072
1757713007 1518 3567664 8791072
1757713008 1518 3568432 8791072
1757713009 1519 3568816 8791072
1757713010 1519 3569584 8791072
1757713011 1519 3570352 8791072
1757713012 1520 3570736 8791072
1757713013 1520 3570736 8791072
1757713014 1517 3570736 8791072
1757713015 1517 3570736 8791072
1757713016 1517 3570736 8791072
1757713017 1517 3570736 8791072
1757713019 1517 3571120 8791072
1757713020 1518 3571888 8791072
1757713021 1518 3572400 8791072
1757713022 1518 3573168 8791072
1757713023 1519 3573552 8791072
1757713024 1519 3574320 8791072
1757713025 1519 3575088 8791072
1757713026 1519 3575472 8791072
1757713027 1520 3576240 8791072
1757713028 1520 3576624 8791072
1757713029 1517 3577392 8791072
1757713030 1518 3578160 8791072
1757713031 1518 3578160 8791072
1757713032 1518 3578544 8791072
1757713034 1518 3578544 8791072
1757713035 1518 3578544 8791072
1757713036 1518 3578928 8791072
1757713037 1518 3579312 8791072
1757713038 1519 3580080 8791072
1757713039 1519 3580848 8791072
1757713040 1519 3581232 8791072
1757713041 1520 3582000 8791072
1757713042 1520 3582768 8791072
1757713043 1517 3583152 8791072
1757713044 1518 3583920 8791072
1757713045 1518 3584304 8791072
1757713046 1518 3584304 8791072
1757713047 1518 3584304 8791072
1757713049 1518 3584304 8791072
1757713050 1518 3584304 8791072
1757713051 1518 3584304 8791072
1757713052 1519 3584688 8791072
1757713053 1519 3585456 8791072
1757713054 1519 3585840 8791072
1757713055 1520 3586608 8791072
1757713056 1520 3587376 8791072
1757713057 1520 3588144 8791072
1757713058 1521 3588528 8791072
1757713059 1518 3589296 8791072
1757713060 1518 3590192 8791072
1757713061 1519 3590576 8791072
1757713062 1519 3590960 8791072
1757713063 1519 3591344 8791072
1757713065 1519 3591344 8791072
1757713066 1519 3591728 8791072
1757713067 1519 3591728 8791072
1757713068 1519 3592240 8791072
1757713069 1519 3593008 8791072
1757713070 1520 3593392 8791072
1757713071 1520 3594160 8791072
1757713072 1520 3594928 8791072
1757713073 1520 3595312 8791072
1757713074 1518 3596080 8791072
1757713075 1518 3596848 8791072
1757713076 1519 3597232 8791072
1757713077 1519 3598000 8791072
1757713078 1519 3598384 8791072
1757713080 1519 3598384 8791072
1757713081 1519 3598384 8791072
1757713082 1519 3598384 8791072
1757713083 1519 3598384 8791072
1757713084 1519 3598384 8791072
1757713085 1520 3598768 8791072
1757713086 1520 3599536 8791072
1757713087 1520 3599920 8791072
1757713088 1521 3600688 8791072
1757713089 1521 3601456 8791072
1757713090 1519 3601840 8791072
1757713091 1519 3602736 8791072
1757713092 1519 3603504 8791072
1757713093 1519 3603888 8791072
1757713094 1519 3603888 8791072
1757713096 1519 3604272 8791072
1757713097 1519 3604784 8791072
1757713098 1519 3604784 8791072
1757713099 1519 3604784 8791072
1757713100 1520 3605552 8791072
1757713101 1520 3605936 8791072
1757713102 1520 3606704 8791072
1757713103 1520 3607472 8791072
1757713104 1521 3607856 8791072
1757713105 1518 3608752 8791072
1757713106 1519 3609520 8791072
1757713107 1519 3610416 8791072
1757713108 1519 3610800 8791072
1757713109 1520 3611568 8791072
1757713111 1520 3611952 8791072
1757713112 1520 3612336 8791072
1757713113 1520 3612336 8791072
1757713114 1520 3612336 8791072
1757713115 1520 3612336 8791072
1757713116 1520 3612336 8791072
1757713117 1520 3612336 8791072
1757713118 1521 3613104 8791072
1757713119 1521 3613872 8791072
1757713120 1519 3614256 8791072
1757713121 1519 3615024 8791072
1757713122 1519 3615792 8791072
1757713123 1520 3616176 8791072
1757713124 1520 3616944 8791072
1757713126 1520 3616944 8791072
1757713127 1520 3617328 8791072
1757713128 1520 3617328 8791072
1757713129 1520 3617712 8791072
1757713130 1520 3617712 8791072
1757713131 1520 3618096 8791072
1757713132 1520 3618864 8791072
1757713133 1521 3619632 8791072
1757713134 1521 3620016 8791072
1757713135 1521 3620784 8791072
1757713136 1519 3621168 8791072
1757713137 1519 3621936 8791072
1757713138 1520 3622704 8791072
1757713139 1520 3623088 8791072
1757713141 1520 3623472 8791072
1757713142 1520 3624240 8791072
1757713143 1521 3624624 8791072
1757713144 1521 3625392 8791072
1757713145 1521 3625392 8791072
1757713146 1521 3625392 8791072
1757713147 1521 3625392 8791072
1757713148 1521 3625776 8791072
1757713149 1521 3625776 8791072
1757713150 1521 3625776 8791072
1757713151 1519 3626544 8791072
1757713152 1519 3626928 8791072
1757713153 1520 3627696 8791072
1757713154 1520 3628464 8791072
1757713155 1520 3628848 8791072
1757713157 1520 3629232 8791072
1757713158 1520 3629744 8791072
1757713159 1521 3630128 8791072
1757713160 1521 3630128 8791072
1757713161 1521 3630128 8791072
1757713162 1521 3630512 8791072
1757713163 1521 3631280 8791072
1757713164 1521 3631664 8791072
1757713165 1521 3632560 8791072
1757713166 1519 3633328 8791072
1757713167 1520 3633712 8791072
1757713168 1520 3634480 8791072
1757713169 1520 3635248 8791072
1757713170 1520 3635632 8791072
1757713172 1521 3636400 8791072
1757713173 1521 3636784 8791072
1757713174 1521 3637552 8791072
1757713175 1521 3638448 8791072
1757713176 1521 3638832 8791072
1757713177 1522 3639600 8791072
1757713178 1522 3639600 8791072
1757713179 1522 3639600 8791072
1757713180 1522 3639600 8791072
1757713181 1522 3639984 8791072
1757713182 1520 3639984 8791072
1757713183 1520 3639984 8791072
1757713184 1520 3640368 8791072
1757713185 1520 3640752 8791072
1757713186 1521 3641520 8791072
1757713188 1521 3642288 8791072
1757713189 1521 3642288 8791072
1757713190 1521 3642672 8791072
1757713191 1521 3643056 8791072
1757713192 1521 3643056 8791072
1757713193 1521 3643056 8791072
1757713194 1521 3643824 8791072
1757713195 1521 3644592 8791072
1757713196 1522 3645360 8791072
1757713197 1520 3645744 8791072
1757713198 1520 3646640 8791072
1757713199 1520 3647024 8791072
1757713200 1520 3647792 8791072
1757713201 1521 3648560 8791072
1757713203 1521 3648944 8791072
1757713204 1521 3649328 8791072
1757713205 1521 3650096 8791072
1757713206 1521 3650480 8791072
1757713207 1522 3651248 8791072
1757713208 1522 3651632 8791072
1757713209 1522 3652400 8791072
1757713210 1522 3652784 8791072
1757713211 1522 3652784 8791072
1757713212 1520 3652784 8791072
1757713213 1520 3653168 8791072
1757713214 1521 3653168 8791072
1757713215 1521 3653168 8791072
1757713216 1521 3653168 8791072
1757713218 1521 3653936 8791072
1757713219 1521 3654320 8791072
1757713220 1521 3654704 8791072
1757713221 1521 3655088 8791072
1757713222 1521 3655088 8791072
1757713223 1521 3655088 8791072
1757713224 1521 3655472 8791072
1757713225 1522 3656240 8791072
1757713226 1522 3656752 8791072
1757713227 1520 3657520 8791072
1757713228 1520 3657904 8791072
1757713229 1520 3658672 8791072
1757713230 1520 3659056 8791072
1757713231 1521 3659824 8791072
1757713233 1521 3660592 8791072
1757713234 1521 3660976 8791072
1757713235 1521 3661872 8791072
1757713236 1522 3662256 8791072
1757713237 1522 3663024 8791072
1757713238 1522 3663408 8791072
1757713239 1522 3664176 8791072
1757713240 1522 3664944 8791072
1757713241 1523 3665328 8791072
1757713242 1523 3666224 8791072
1757713243 1521 3666608 8791072
1757713244 1521 3666608 8791072
1757713245 1521 3666608 8791072
1757713246 1521 3666992 8791072
1757713247 1521 3666992 8791072
1757713249 1521 3666992 8791072
1757713250 1521 3667376 8791072
1757713251 1522 3667376 8791072
1757713252 1522 3667760 8791072
1757713253 1522 3668144 8791072
1757713254 1522 3668144 8791072
1757713255 1522 3668144 8791072
1757713256 1522 3668528 8791072
1757713257 1522 3669296 8791072
1757713258 1520 3669680 8791072
1757713259 1520 3670448 8791072
1757713260 1521 3671216 8791072
1757713261 1521 3671600 8791072
1757713262 1521 3672368 8791072
1757713264 1521 3672752 8791072
1757713265 1521 3673520 8791072
1757713266 1522 3673904 8791072
1757713267 1522 3674672 8791072
1757713268 1522 3675056 8791072
1757713269 1522 3675952 8791072
1757713270 1522 3676720 8791072
1757713271 1523 3677104 8791072
1757713272 1523 3677872 8791072
1757713273 1523 3678640 8791072
1757713274 1521 3679024 8791072
1757713275 1521 3679792 8791072
1757713276 1522 3680176 8791072
1757713277 1522 3680176 8791072
1757713278 1522 3680176 8791072
1757713280 1522 3680560 8791072
1757713281 1522 3680944 8791072
1757713282 1522 3680944 8791072
1757713283 1522 3680944 8791072
1757713284 1522 3680944 8791072
1757713285 1522 3680944 8791072
1757713286 1522 3680944 8791072
1757713287 1522 3681712 8791072
1757713288 1522 3682096 8791072
1757713289 1520 3682864 8791072
1757713290 1521 3683632 8791072
1757713291 1521 3684016 8791072
1757713292 1521 3684784 8791072
1757713293 1521 3685168 8791072
1757713295 1521 3685936 8791072
1757713296 1522 3686320 8791072
1757713297 1522 3687088 8791072
1757713298 1522 3687856 8791072
1757713299 1522 3688240 8791072
1757713300 1522 3689008 8791072
1757713301 1523 3689392 8791072
1757713302 1523 3690288 8791072
1757713303 1523 3691056 8791072
1757713304 1521 3691824 8791072
1757713305 1521 3692208 8791072
1757713306 1522 3692976 8791072
1757713307 1522 3693744 8791072
1757713308 1522 3694128 8791072
1757713310 1522 3694512 8791072
1757713311 1522 3694512 8791072
1757713312 1522 3694512 8791072
1757713313 1522 3694512 8791072
1757713314 1522 3694896 8791072
1757713315 1522 3694896 8791072
1757713316 1522 3694896 8791072
1757713317 1522 3694896 8791072
1757713318 1522 3695280 8791072
1757713319 1522 3696048 8791072
1757713320 1521 3696432 8791072
1757713321 1521 3697200 8791072
1757713322 1521 3697584 8791072
1757713323 1521 3698352 8791072
1757713324 1522 3698736 8791072
1757713326 1522 3699504 8791072
1757713327 1522 3700016 8791072
1757713328 1522 3700784 8791072
1757713329 1522 3701168 8791072
1757713330 1522 3701936 8791072
1757713331 1523 3702704 8791072
1757713332 1523 3703088 8791072
1757713333 1523 3703856 8791072
1757713334 1523 3704624 8791072
1757713335 1522 3705008 8791072
1757713336 1522 3705776 8791072
1757713337 1522 3706544 8791072
1757713338 1522 3706928 8791072
1757713339 1522 3707824 8791072
1757713341 1523 3708208 8791072
1757713342 1523 3708976 8791072
1757713343 1523 3709360 8791072
1757713344 1523 3709360 8791072
1757713345 1523 3709360 8791072
1757713346 1523 3709360 8791072
1757713347 1523 3709360 8791072
1757713348 1523 3709360 8791072
1757713349 1523 3709360 8791072
1757713350 1521 3709744 8791072
1757713351 1521 3710512 8791072
1757713352 1521 3710896 8791072
1757713353 1521 3711792 8791072
1757713354 1522 3712560 8791072
1757713356 1522 3712944 8791072
1757713357 1522 3713712 8791072
1757713358 1522 3714096 8791072
1757713359 1522 3714864 8791072
1757713360 1523 3715248 8791072
1757713361 1523 3716016 8791072
1757713362 1523 3716784 8791072
1757713363 1523 3717168 8791072
1757713364 1523 3717936 8791072
1757713365 1524 3718704 8791072
1757713366 1522 3719600 8791072
1757713367 1522 3719984 8791072
1757713368 1522 3720752 8791072
1757713369 1522 3721136 8791072
1757713370 1523 3721904 8791072
1757713372 1523 3722800 8791072
1757713373 1523 3723568 8791072
1757713374 1523 3723952 8791072
1757713375 1523 3724336 8791072
1757713376 1523 3724336 8791072
1757713377 1523 3724336 8791072
1757713378 1523 3724336 8791072
1757713379 1523 3724336 8791072
1757713380 1523 3724720 8791072
1757713381 1521 3724720 8791072
1757713382 1521 3724720 8791072
1757713383 1522 3725104 8791072
1757713384 1522 3725488 8791072
1757713385 1522 3726256 8791072
1757713387 1522 3726640 8791072
1757713388 1522 3727536 8791072
1757713389 1522 3728048 8791072
1757713390 1523 3728816 8791072
1757713391 1523 3729584 8791072
1757713392 1523 3730352 8791072
1757713393 1523 3730736 8791072
1757713394 1523 3731504 8791072
1757713395 1524 3731888 8791072
1757713396 1522 3732656 8791072
1757713397 1522 3733040 8791072
1757713398 1522 3733808 8791072
1757713399 1523 3734576 8791072
1757713400 1523 3734960 8791072
1757713402 1523 3735728 8791072
1757713403 1523 3736496 8791072
1757713404 1523 3736880 8791072
1757713405 1523 3737648 8791072
1757713406 1523 3737648 8791072
1757713407 1524 3738160 8791072
1757713408 1524 3738544 8791072
1757713409 1523 3738544 8791072
1757713410 1523 3738544 8791072
1757713411 1523 3738544 8791072
1757713412 1522 3738928 8791072
1757713413 1522 3739696 8791072
1757713414 1522 3739696 8791072
1757713415 1522 3739696 8791072
1757713416 1522 3740080 8791072
1757713418 1522 3740464 8791072
1757713419 1523 3740848 8791072
1757713420 1523 3741616 8791072
1757713421 1523 3742512 8791072
1757713422 1523 3743280 8791072
1757713423 1523 3743664 8791072
1757713424 1523 3744432 8791072
1757713425 1524 3745200 8791072
1757713426 1524 3745584 8791072
1757713427 1522 3746352 8791072
1757713428 1522 3746736 8791072
1757713429 1523 3747504 8791072
1757713430 1523 3748272 8791072
1757713431 1523 3748656 8791072
1757713433 1523 3749424 8791072
1757713434 1523 3749808 8791072
1757713435 1523 3750576 8791072
1757713436 1524 3751344 8791072
1757713437 1524 3751344 8791072
1757713438 1524 3751728 8791072
1757713439 1524 3752112 8791072
1757713440 1524 3752112 8791072
1757713441 1524 3752112 8791072
1757713442 1522 3752112 8791072
1757713443 1522 3752112 8791072
1757713444 1522 3752496 8791072
1757713445 1522 3753264 8791072
1757713446 1523 3753648 8791072
1757713448 1523 3753648 8791072
1757713449 1523 3753648 8791072
1757713450 1523 3754032 8791072
1757713451 1523 3754800 8791072
1757713452 1523 3755184 8791072
1757713453 1523 3755952 8791072
1757713454 1523 3756336 8791072
1757713455 1524 3757104 8791072
1757713456 1524 3758000 8791072
1757713457 1522 3758384 8791072
1757713458 1522 3759152 8791072
1757713459 1523 3759920 8791072
1757713460 1523 3760304 8791072
1757713461 1523 3761072 8791072
1757713463 1523 3761840 8791072
1757713464 1523 3762224 8791072
1757713465 1524 3762992 8791072
1757713466 1524 3763760 8791072
1757713467 1524 3764144 8791072
1757713468 1524 3764528 8791072
1757713469 1524 3764912 8791072
1757713470 1524 3764912 8791072
1757713471 1524 3765296 8791072
1757713472 1524 3765296 8791072
1757713473 1523 3765680 8791072
1757713474 1523 3766064 8791072
1757713475 1523 3766064 8791072
1757713476 1523 3766064 8791072
1757713478 1523 3766448 8791072
1757713479 1523 3767216 8791072
1757713480 1523 3767728 8791072
1757713481 1523 3767728 8791072
1757713482 1523 3767728 8791072
1757713483 1523 3767728 8791072
1757713484 1524 3768496 8791072
1757713485 1524 3769264 8791072
1757713486 1524 3769648 8791072
1757713487 1524 3770416 8791072
1757713488 1523 3771184 8791072
1757713489 1523 3771568 8791072
1757713490 1523 3772336 8791072
1757713491 1523 3772720 8791072
1757713492 1523 3773616 8791072
1757713494 1523 3774384 8791072
1757713495 1524 3775152 8791072
1757713496 1524 3775920 8791072
1757713497 1524 3776304 8791072
1757713498 1524 3777072 8791072
1757713499 1524 3777072 8791072
1757713500 1524 3777840 8791072
1757713501 1524 3777840 8791072
1757713502 1524 3777840 8791072
1757713503 1523 3777840 8791072
1757713504 1523 3778608 8791072
1757713505 1523 3779376 8791072
1757713506 1523 3779760 8791072
1757713507 1523 3780144 8791072
1757713509 1523 3780144 8791072
1757713510 1523 3780144 8791072
1757713511 1523 3780528 8791072
1757713512 1524 3781296 8791072
1757713513 1524 3781680 8791072
1757713514 1524 3781680 8791072
1757713515 1524 3781680 8791072
1757713516 1524 3782064 8791072
1757713517 1524 3782448 8791072
1757713518 1524 3783216 8791072
1757713519 1523 3784112 8791072
1757713520 1523 3784496 8791072
1757713521 1523 3785264 8791072
1757713522 1523 3786032 8791072
1757713523 1523 3786800 8791072
1757713525 1524 3787184 8791072
1757713526 1524 3787952 8791072
1757713527 1524 3788336 8791072
1757713528 1524 3789104 8791072
1757713529 1524 3789488 8791072
1757713530 1524 3789872 8791072
1757713531 1524 3790256 8791072
1757713532 1524 3790256 8791072
1757713533 1524 3790640 8791072
1757713534 1523 3790640 8791072
1757713535 1523 3791408 8791072
1757713536 1523 3792176 8791072
1757713537 1523 3792560 8791072
1757713539 1523 3793328 8791072
1757713540 1523 3793712 8791072
1757713541 1523 3794096 8791072
1757713542 1523 3794096 8791072
1757713543 1523 3794096 8791072
1757713544 1524 3794480 8791072
1757713545 1524 3795248 8791072
1757713546 1524 3795632 8791072
1757713547 1524 3795632 8791072
1757713548 1524 3795632 8791072
1757713549 1523 3796016 8791072
1757713550 1523 3796400 8791072
1757713551 1523 3797168 8791072
1757713552 1523 3797552 8791072
1757713553 1523 3798320 8791072
1757713555 1523 3799088 8791072
1757713556 1523 3799856 8791072
1757713557 1524 3800624 8791072
1757713558 1524 3801008 8791072
1757713559 1524 3801776 8791072
1757713560 1524 3802160 8791072
1757713561 1524 3802160 8791072
1757713562 1524 3802544 8791072
1757713563 1524 3802928 8791072
1757713564 1524 3802928 8791072
1757713565 1523 3802928 8791072
1757713566 1523 3803312 8791072
1757713567 1523 3804080 8791072
1757713568 1523 3804848 8791072
1757713570 1523 3805360 8791072
1757713571 1523 3806128 8791072
1757713572 1524 3806512 8791072
1757713573 1524 3807280 8791072
1757713574 1524 3807280 8791072
1757713575 1524 3807280 8791072
1757713576 1524 3807280 8791072
1757713577 1524 3808048 8791072
1757713578 1524 3808560 8791072
1757713579 1524 3809328 8791072
1757713580 1523 3809328 8791072
1757713581 1523 3809328 8791072
1757713582 1523 3809328 8791072
1757713583 1523 3810096 8791072
1757713584 1523 3810480 8791072
1757713586 1524 3811248 8791072
1757713587 1524 3812016 8791072
1757713588 1524 3812400 8791072
1757713589 1524 3813296 8791072
1757713590 1524 3813680 8791072
1757713591 1524 3814448 8791072
1757713592 1524 3814448 8791072
1757713593 1524 3814832 8791072
1757713594 1524 3814832 8791072
1757713595 1523 3815216 8791072
1757713596 1523 3815216 8791072
1757713597 1523 3815600 8791072
1757713598 1523 3816368 8791072
1757713599 1523 3816880 8791072
1757713601 1523 3817264 8791072
1757713602 1524 3818032 8791072
1757713603 1524 3818800 8791072
1757713604 1524 3819568 8791072
1757713605 1524 3819952 8791072
1757713606 1524 3820720 8791072
1757713607 1524 3820720 8791072
1757713608 1524 3820720 8791072
1757713609 1524 3820720 8791072
1757713610 1523 3821488 8791072
1757713611 1523 3822256 8791072
1757713612 1523 3822640 8791072
1757713613 1523 3822640 8791072
1757713614 1524 3822640 8791072
1757713616 1524 3823024 8791072
1757713617 1524 3823408 8791072
1757713618 1524 3824176 8791072
1757713619 1524 3824560 8791072
1757713620 1524 3825328 8791072
1757713621 1524 3825840 8791072
1757713622 1524 3826480 8791072
1757713623 1524 3826864 8791072
1757713624 1525 3827248 8791072
1757713625 1525 3827248 8791072
1757713626 1523 3827248 8791072
1757713627 1523 3827248 8791072
1757713628 1523 3827632 8791072
1757713629 1523 3828400 8791072
1757713631 1524 3829168 8791072
1757713632 1524 3829552 8791072
1757713633 1524 3829936 8791072
1757713634 1524 3830832 8791072
1757713635 1524 3831600 8791072
1757713636 1524 3832368 8791072
1757713637 1524 3832752 8791072
1757713638 1525 3833520 8791072
1757713639 1525 3833904 8791072
1757713640 1525 3833904 8791072
1757713641 1523 3833904 8791072
1757713642 1523 3834288 8791072
1757713643 1524 3835056 8791072
1757713644 1524 3835440 8791072
1757713645 1524 3836208 8791072
1757713647 1524 3836208 8791072
1757713648 1524 3836208 8791072
1757713649 1524 3836208 8791072
1757713650 1524 3836976 8791072
1757713651 1524 3837744 8791072
1757713652 1524 3838256 8791072
1757713653 1525 3839024 8791072
1757713654 1525 3839024 8791072
1757713655 1525 3839408 8791072
1757713656 1525 3839408 8791072
1757713657 1523 3839408 8791072
1757713658 1523 3839792 8791072
1757713659 1523 3840176 8791072
1757713660 1524 3840944 8791072
1757713661 1524 3841456 8791072
1757713663 1524 3842224 8791072
1757713664 1524 3842608 8791072
1757713665 1524 3843376 8791072
1757713666 1524 3843760 8791072
1757713667 1524 3844656 8791072
1757713668 1525 3845424 8791072
1757713669 1525 3845808 8791072
1757713670 1525 3846704 8791072
1757713671 1525 3847472 8791072
1757713672 1524 3847856 8791072
1757713673 1524 3847856 8791072
1757713674 1524 3847856 8791072
1757713675 1524 3848240 8791072
1757713676 1524 3849136 8791072
1757713678 1524 3849904 8791072
1757713679 1524 3850288 8791072
1757713680 1524 3850288 8791072
1757713681 1524 3850672 8791072
1757713682 1524 3850672 8791072
1757713683 1524 3851056 8791072
1757713684 1525 3851824 8791072
1757713685 1525 3852208 8791072
1757713686 1525 3852208 8791072
1757713687 1525 3852208 8791072
1757713688 1523 3852592 8791072
1757713689 1523 3852976 8791072
1757713690 1523 3853360 8791072
1757713691 1524 3853744 8791072
1757713692 1524 3854128 8791072
1757713694 1524 3854896 8791072
1757713695 1524 3855280 8791072
1757713696 1524 3856048 8791072
1757713697 1524 3856816 8791072
1757713698 1524 3857584 8791072
1757713699 1524 3857968 8791072
1757713700 1525 3858352 8791072
1757713701 1525 3859120 8791072
1757713702 1525 3859888 8791072
1757713703 1524 3860272 8791072
1757713704 1524 3861040 8791072
1757713705 1524 3861424 8791072
1757713706 1524 3861424 8791072
1757713707 1524 3861424 8791072
1757713709 1524 3861936 8791072
1757713710 1524 3862704 8791072
1757713711 1524 3863472 8791072
1757713712 1524 3864240 8791072
1757713713 1524 3864240 8791072
1757713714 1525 3864240 8791072
1757713715 1525 3864240 8791072
1757713716 1525 3864240 8791072
1757713717 1525 3864624 8791072
1757713718 1523 3864624 8791072
1757713719 1523 3865008 8791072
1757713720 1523 3865008 8791072
1757713721 1524 3865776 8791072
1757713723 1524 3866160 8791072
1757713724 1524 3866928 8791072
1757713725 1524 3867312 8791072
1757713726 1524 3868080 8791072
1757713727 1524 3868464 8791072
1757713728 1524 3869232 8791072
1757713729 1524 3870000 8791072
1757713730 1525 3870384 8791072
1757713731 1525 3871152 8791072
1757713732 1525 3871920 8791072
1757713733 1524 3872688 8791072
1757713734 1524 3873200 8791072
1757713735 1524 3873968 8791072
1757713736 1524 3874352 8791072
1757713738 1524 3875120 8791072
1757713739 1524 3875504 8791072
1757713740 1524 3875504 8791072
1757713741 1524 3875504 8791072
1757713742 1525 3876272 8791072
1757713743 1525 3876656 8791072
1757713744 1525 3877424 8791072
1757713745 1525 3878192 8791072
1757713746 1525 3878192 8791072
1757713747 1525 3878192 8791072
1757713748 1524 3878192 8791072
1757713749 1524 3878192 8791072
1757713750 1524 3878576 8791072
1757713751 1524 3878576 8791072
1757713752 1524 3879088 8791072
1757713754 1524 3879856 8791072
1757713755 1524 3880240 8791072
1757713756 1524 3881008 8791072
1757713757 1524 3881776 8791072
1757713758 1524 3882160 8791072
1757713759 1525 3882928 8791072
1757713760 1525 3883312 8791072
1757713761 1525 3884080 8791072
1757713762 1525 3884848 8791072
1757713763 1524 3885616 8791072
1757713764 1524 3886000 8791072
1757713765 1524 3886896 8791072
1757713766 1524 3887280 8791072
1757713767 1524 3888048 8791072
1757713769 1524 3888816 8791072
1757713770 1525 3889200 8791072
1757713771 1525 3890096 8791072
1757713772 1525 3890096 8791072
1757713773 1525 3890096 8791072
1757713774 1525 3890480 8791072
1757713775 1525 3891248 8791072
1757713776 1525 3891632 8791072
1757713777 1525 3892016 8791072
1757713778 1525 3892400 8791072
1757713779 1524 3892400 8791072
1757713780 1524 3892400 8791072
1757713781 1524 3892400 8791072
1757713782 1524 3892400 8791072
1757713783 1524 3892400 8791072
1757713785 1524 3892784 8791072
1757713786 1524 3893552 8791072
1757713787 1524 3894320 8791072
1757713788 1524 3894704 8791072
1757713789 1524 3895472 8791072
1757713790 1524 3895856 8791072
1757713791 1525 3896624 8791072
1757713792 1525 3897392 8791072
1757713793 1525 3898288 8791072
1757713794 1525 3898672 8791072
1757713795 1524 3899440 8791072
1757713796 1524 3900208 8791072
1757713797 1524 3900592 8791072
1757713798 1524 3901360 8791072
1757713800 1524 3901744 8791072
1757713801 1525 3902512 8791072
1757713802 1525 3902896 8791072
1757713803 1525 3903664 8791072
1757713804 1525 3904432 8791072
1757713805 1525 3904432 8791072
1757713806 1525 3904432 8791072
1757713807 1525 3904432 8791072
1757713808 1525 3904816 8791072
1757713809 1525 3904816 8791072
1757713810 1524 3904816 8791072
1757713811 1524 3904816 8791072
1757713812 1524 3904816 8791072
1757713813 1524 3904816 8791072
1757713814 1524 3905200 8791072
1757713816 1524 3905584 8791072
1757713817 1524 3905968 8791072
1757713818 1524 3906736 8791072
1757713819 1524 3907120 8791072
1757713820 1524 3908016 8791072
1757713821 1524 3908784 8791072
1757713822 1525 3909552 8791072
1757713823 1525 3909936 8791072
1757713824 1525 3910704 8791072
1757713825 1525 3911088 8791072
1757713826 1524 3911856 8791072
1757713827 1524 3912624 8791072
1757713828 1524 3913008 8791072
1757713829 1524 3913776 8791072
1757713831 1524 3914544 8791072
1757713832 1525 3914928 8791072
1757713833 1525 3915824 8791072
1757713834 1525 3916592 8791072
1757713835 1525 3916976 8791072
1757713836 1525 3917872 8791072
1757713837 1525 3918256 8791072
1757713838 1525 3918256 8791072
1757713839 1525 3918256 8791072
1757713840 1525 3918256 8791072
1757713841 1524 3918256 8791072
1757713842 1524 3918640 8791072
1757713843 1524 3919024 8791072
1757713844 1524 3919408 8791072
1757713846 1524 3919408 8791072
1757713847 1524 3919408 8791072
1757713848 1524 3919792 8791072
1757713849 1524 3920176 8791072
1757713850 1524 3920944 8791072
1757713851 1524 3921328 8791072
1757713852 1524 3922096 8791072
1757713853 1525 3922864 8791072
1757713854 1525 3923248 8791072
1757713855 1525 3924016 8791072
1757713856 1524 3924400 8791072
1757713857 1524 3925168 8791072
1757713858 1524 3925552 8791072
1757713859 1524 3926448 8791072
1757713860 1524 3927216 8791072
1757713862 1524 3927984 8791072
1757713863 1525 3928368 8791072
1757713864 1525 3929136 8791072
1757713865 1525 3929904 8791072
1757713866 1525 3930288 8791072
1757713867 1525 3931056 8791072
1757713868 1525 3931440 8791072
1757713869 1525 3932208 8791072
1757713870 1525 3932592 8791072
1757713871 1524 3932592 8791072
1757713872 1524 3932592 8791072
1757713873 1524 3932592 8791072
1757713874 1524 3932976 8791072
1757713875 1524 3933488 8791072
1757713877 1524 3933872 8791072
1757713878 1524 3934256 8791072
1757713879 1524 3934640 8791072
1757713880 1524 3934640 8791072
1757713881 1524 3934640 8791072
1757713882 1524 3935024 8791072
1757713883 1525 3935792 8791072
1757713884 1525 3936176 8791072
1757713885 1525 3936944 8791072
1757713886 1525 3937712 8791072
1757713887 1524 3938480 8791072
1757713888 1524 3938864 8791072
1757713889 1524 3939632 8791072
1757713890 1524 3940400 8791072
1757713892 1524 3940784 8791072
1757713893 1524 3941680 8791072
1757713894 1525 3942064 8791072
1757713895 1525 3942832 8791072
1757713896 1525 3943600 8791072
1757713897 1525 3944368 8791072
1757713898 1525 3944752 8791072
1757713899 1525 3945520 8791072
1757713900 1525 3946288 8791072
1757713901 1525 3946672 8791072
1757713902 1524 3947056 8791072
1757713903 1524 3947056 8791072
1757713904 1524 3947056 8791072
1757713905 1524 3947056 8791072
1757713906 1524 3947440 8791072
1757713908 1524 3947440 8791072
1757713909 1524 3948208 8791072
1757713910 1524 3948592 8791072
1757713911 1525 3949360 8791072
1757713912 1525 3949360 8791072
1757713913 1525 3949360 8791072
1757713914 1525 3949360 8791072
1757713915 1525 3949744 8791072
1757713916 1525 3950512 8791072
1757713917 1525 3950896 8791072
1757713918 1524 3951664 8791072
1757713919 1524 3952048 8791072
1757713920 1524 3952816 8791072
1757713921 1524 3953712 8791072
1757713923 1524 3954480 8791072
1757713924 1525 3954864 8791072
1757713925 1525 3955632 8791072
1757713926 1525 3956016 8791072
1757713927 1525 3956912 8791072
1757713928 1525 3957680 8791072
1757713929 1525 3958064 8791072
1757713930 1525 3958832 8791072
1757713931 1525 3959216 8791072
1757713932 1525 3959984 8791072
1757713933 1524 3959984 8791072
1757713934 1524 3959984 8791072
1757713935 1524 3960368 8791072
1757713936 1524 3960368 8791072
1757713938 1524 3960368 8791072
1757713939 1524 3960368 8791072
1757713940 1524 3960752 8791072
1757713941 1524 3961520 8791072
1757713942 1525 3961904 8791072
1757713943 1525 3962672 8791072
1757713944 1525 3963440 8791072
1757713945 1525 3963440 8791072
1757713946 1525 3963440 8791072
1757713947 1525 3963440 8791072
1757713948 1524 3964208 8791072
1757713949 1524 3964976 8791072
1757713950 1524 3965360 8791072
1757713951 1524 3966256 8791072
1757713952 1524 3966640 8791072
1757713954 1525 3967408 8791072
1757713955 1525 3968176 8791072
1757713956 1525 3968560 8791072
1757713957 1525 3969456 8791072
1757713958 1525 3970224 8791072
1757713959 1525 3970992 8791072
1757713960 1525 3971376 8791072
1757713961 1525 3972144 8791072
1757713962 1525 3972528 8791072
1757713963 1524 3973296 8791072
1757713964 1525 3973680 8791072
1757713965 1525 3973680 8791072
1757713966 1524 3973680 8791072
1757713967 1524 3973680 8791072
1757713969 1525 3974064 8791072
1757713970 1525 3974448 8791072
1757713971 1525 3974448 8791072
1757713972 1525 3974448 8791072
1757713973 1525 3974832 8791072
1757713974 1525 3975600 8791072
1757713975 1525 3976496 8791072
1757713976 1525 3976880 8791072
1757713977 1525 3977648 8791072
1757713978 1525 3978032 8791072
1757713979 1524 3978032 8791072
1757713980 1524 3978032 8791072
1757713981 1524 3978416 8791072
1757713982 1524 3979184 8791072
1757713983 1524 3979568 8791072
1757713985 1525 3980336 8791072
1757713986 1525 3980720 8791072
1757713987 1525 3981488 8791072
1757713988 1525 3982384 8791072
1757713989 1525 3982768 8791072
1757713990 1525 3983536 8791072
1757713991 1525 3983920 8791072
1757713992 1525 3984688 8791072
1757713993 1525 3985456 8791072
1757713994 1526 3986224 8791072
1757713995 1525 3986608 8791072
1757713996 1525 3986608 8791072
1757713997 1525 3986608 8791072
1757713998 1525 3986608 8791072
1757713999 1525 3986608 8791072
1757714001 1525 3987376 8791072
1757714002 1525 3987376 8791072
1757714003 1525 3987760 8791072
1757714004 1525 3987760 8791072
1757714005 1525 3987760 8791072
1757714006 1525 3988528 8791072
1757714007 1525 3988912 8791072
1757714008 1525 3989680 8791072
1757714009 1525 3990448 8791072
1757714010 1524 3990832 8791072
1757714011 1524 3991216 8791072
1757714012 1524 3991216 8791072
1757714013 1524 3991216 8791072
1757714014 1525 3991600 8791072
1757714016 1525 3992368 8791072
1757714017 1525 3993136 8791072
1757714018 1525 3993904 8791072
1757714019 1525 3994288 8791072
1757714020 1525 3995056 8791072
1757714021 1525 3995440 8791072
1757714022 1525 3996208 8791072
1757714023 1525 3996592 8791072
1757714024 1525 3997488 8791072
1757714025 1525 3998256 8791072
1757714026 1525 3998640 8791072
1757714027 1525 3999024 8791072
1757714028 1525 3999024 8791072
1757714029 1525 3999408 8791072
1757714031 1525 3999408 8791072
1757714032 1525 3999792 8791072
1757714033 1525 4000176 8791072
1757714034 1525 4000560 8791072
1757714035 1525 4001328 8791072
1757714036 1525 4001328 8791072
1757714037 1525 4001328 8791072
1757714038 1525 4001328 8791072
1757714039 1525 4002096 8791072
1757714040 1525 4002480 8791072
1757714041 1524 4003248 8791072
1757714042 1524 4004016 8791072
1757714043 1525 4004784 8791072
1757714044 1525 4004784 8791072
1757714045 1525 4004784 8791072
1757714047 1525 4004784 8791072
1757714048 1525 4005168 8791072
1757714049 1525 4005936 8791072
1757714050 1525 4006320 8791072
1757714051 1525 4007216 8791072
1757714052 1525 4007984 8791072
1757714053 1525 4008368 8791072
1757714054 1525 4009136 8791072
1757714055 1525 4009904 8791072
1757714056 1526 4010288 8791072
1757714057 1525 4011056 8791072
1757714058 1525 4011440 8791072
1757714059 1525 4011824 8791072
1757714060 1525 4011824 8791072
1757714062 1525 4011824 8791072
1757714063 1525 4011824 8791072
1757714064 1525 4012208 8791072
1757714065 1525 4012976 8791072
1757714066 1525 4013360 8791072
1757714067 1525 4014128 8791072
1757714068 1525 4014512 8791072
1757714069 1525 4014512 8791072
1757714070 1525 4014512 8791072
1757714071 1525 4014896 8791072
1757714072 1524 4015664 8791072
1757714073 1525 4016048 8791072
1757714074 1525 4016816 8791072
1757714075 1525 4017712 8791072
1757714076 1525 4018096 8791072
1757714078 1525 4018480 8791072
1757714079 1525 4018480 8791072
1757714080 1525 4018480 8791072
1757714081 1525 4018864 8791072
1757714082 1525 4019248 8791072
1757714083 1525 4020016 8791072
1757714084 1525 4020912 8791072
1757714085 1526 4021296 8791072
1757714086 1526 4022064 8791072
1757714087 1525 4022832 8791072
1757714088 1525 4023600 8791072
1757714089 1525 4023984 8791072
1757714090 1525 4024368 8791072
1757714091 1525 4024368 8791072
1757714093 1525 4024368 8791072
1757714094 1525 4024368 8791072
1757714095 1525 4024368 8791072
1757714096 1525 4025136 8791072
1757714097 1525 4025904 8791072
1757714098 1525 4026288 8791072
1757714099 1525 4027056 8791072
1757714100 1525 4027824 8791072
1757714101 1526 4027824 8791072
1757714102 1525 4027824 8791072
1757714103 1525 4027824 8791072
1757714104 1525 4028592 8791072
1757714105 1525 4028976 8791072
1757714106 1525 4029744 8791072
1757714108 1525 4030128 8791072
1757714109 1525 4030896 8791072
1757714110 1525 4031280 8791072
1757714111 1525 4031664 8791072
1757714112 1525 4031664 8791072
1757714113 1525 4031664 8791072
1757714114 1525 4032560 8791072
1757714115 1525 4032944 8791072
1757714116 1526 4033712 8791072
1757714117 1526 4034096 8791072
1757714118 1525 4034864 8791072
1757714119 1525 4035248 8791072
1757714120 1525 4036016 8791072
1757714121 1525 4036400 8791072
1757714122 1525 4036400 8791072
1757714124 1525 4036784 8791072
1757714125 1525 4036784 8791072
1757714126 1525 4036784 8791072
1757714127 1525 4037168 8791072
1757714128 1525 4037936 8791072
1757714129 1525 4038704 8791072
1757714130 1525 4039088 8791072
1757714131 1525 4039856 8791072
1757714132 1526 4040624 8791072
1757714133 1525 4041136 8791072
1757714134 1525 4041520 8791072
1757714135 1525 4041520 8791072
1757714136 1525 4041520 8791072
1757714137 1525 4041904 8791072
1757714139 1525 4042800 8791072
1757714140 1525 4043568 8791072
1757714141 1525 4043952 8791072
1757714142 1525 4044720 8791072
1757714143 1525 4045104 8791072
1757714144 1526 4045488 8791072
1757714145 1526 4045488 8791072
1757714146 1526 4045488 8791072
1757714147 1526 4045872 8791072
1757714148 1526 4046640 8791072
1757714149 1525 4047024 8791072
1757714150 1525 4047792 8791072
1757714151 1525 4048560 8791072
1757714152 1525 4048560 8791072
1757714153 1525 4048560 8791072
1757714155 1525 4048560 8791072
1757714156 1525 4048560 8791072
1757714157 1525 4048944 8791072
1757714158 1525 4049712 8791072
1757714159 1525 4050480 8791072
1757714160 1525 4050864 8791072
1757714161 1525 4051632 8791072
1757714162 1525 4052016 8791072
1757714163 1526 4052784 8791072
1757714164 1526 4053680 8791072
1757714165 1525 4054064 8791072
1757714166 1525 4054832 8791072
1757714167 1525 4054832 8791072
1757714168 1525 4054832 8791072
1757714169 1525 4054832 8791072
1757714171 1525 4055728 8791072
1757714172 1525 4056496 8791072
1757714173 1525 4056880 8791072
1757714174 1525 4057648 8791072
1757714175 1526 4058416 8791072
1757714176 1526 4058800 8791072
1757714177 1526 4059184 8791072
1757714178 1526 4059184 8791072
1757714179 1526 4059184 8791072
1757714180 1526 4059568 8791072
1757714181 1525 4059952 8791072
1757714182 1525 4060720 8791072
1757714183 1525 4061104 8791072
1757714184 1525 4061104 8791072
1757714185 1525 4061104 8791072
1757714187 1525 4061104 8791072
1757714188 1525 4061104 8791072
1757714189 1525 4061872 8791072
1757714190 1525 4062640 8791072
1757714191 1525 4063152 8791072
1757714192 1525 4063920 8791072
1757714193 1526 4064688 8791072
1757714194 1526 4065072 8791072
1757714195 1526 4065840 8791072
1757714196 1525 4066608 8791072
1757714197 1525 4066992 8791072
1757714198 1525 4067760 8791072
1757714199 1525 4068144 8791072
1757714200 1525 4068528 8791072
1757714202 1525 4068528 8791072
1757714203 1525 4068528 8791072
1757714204 1525 4068912 8791072
1757714205 1525 4069680 8791072
1757714206 1526 4070448 8791072
1757714207 1526 4070832 8791072
1757714208 1526 4071600 8791072
1757714209 1526 4071984 8791072
1757714210 1526 4072752 8791072
1757714211 1526 4072752 8791072
1757714212 1525 4072752 8791072
1757714213 1525 4072752 8791072
1757714214 1525 4073136 8791072
1757714215 1525 4073136 8791072
1757714216 1525 4073136 8791072
1757714218 1525 4073136 8791072
1757714219 1525 4073520 8791072
1757714220 1525 4073904 8791072
1757714221 1525 4074288 8791072
1757714222 1525 4075056 8791072
1757714223 1525 4075824 8791072
1757714224 1526 4076592 8791072
1757714225 1526 4076976 8791072
1757714226 1526 4077744 8791072
1757714227 1525 4078512 8791072
1757714228 1525 4078896 8791072
1757714229 1525 4079792 8791072
1757714230 1525 4080560 8791072
1757714231 1525 4080944 8791072
1757714233 1525 4081712 8791072
1757714234 1525 4081712 8791072
1757714235 1525 4081712 8791072
1757714236 1525 4081712 8791072
1757714237 1526 4082480 8791072
1757714238 1526 4083248 8791072
1757714239 1526 4083632 8791072
1757714240 1526 4084400 8791072
1757714241 1526 4085168 8791072
1757714242 1526 4085552 8791072
1757714243 1525 4085936 8791072
1757714244 1525 4085936 8791072
1757714245 1525 4085936 8791072
1757714246 1525 4085936 8791072
1757714247 1525 4086320 8791072
1757714249 1525 4086320 8791072
1757714250 1525 4086320 8791072
1757714251 1525 4086320 8791072
1757714252 1525 4086704 8791072
1757714253 1525 4087472 8791072
1757714254 1525 4087856 8791072
1757714255 1525 4088624 8791072
1757714256 1526 4089392 8791072
1757714257 1526 4090288 8791072
1757714258 1525 4090672 8791072
1757714259 1525 4091568 8791072
1757714260 1525 4091952 8791072
1757714261 1525 4092720 8791072
1757714262 1525 4093488 8791072
1757714264 1525 4093488 8791072
1757714265 1525 4094256 8791072
1757714266 1525 4094640 8791072
1757714267 1525 4094640 8791072
1757714268 1525 4094640 8791072
1757714269 1526 4095024 8791072
1757714270 1526 4095408 8791072
1757714271 1526 4096304 8791072
1757714272 1526 4097072 8791072
1757714273 1526 4097456 8791072
1757714274 1525 4098224 8791072
1757714275 1525 4098992 8791072
1757714276 1525 4099376 8791072
1757714277 1525 4099376 8791072
1757714278 1525 4099376 8791072
1757714280 1525 4099376 8791072
1757714281 1525 4099376 8791072
1757714282 1525 4099376 8791072
1757714283 1525 4099760 8791072
1757714284 1525 4100144 8791072
1757714285 1525 4100912 8791072
1757714286 1525 4101680 8791072
1757714287 1525 4102064 8791072
1757714288 1525 4102832 8791072
1757714289 1525 4103600 8791072
1757714290 1525 4104368 8791072
1757714291 1525 4104752 8791072
1757714292 1525 4105648 8791072
1757714293 1525 4106032 8791072
1757714295 1525 4106800 8791072
1757714296 1525 4107184 8791072
1757714297 1525 4107952 8791072
1757714298 1525 4108720 8791072
1757714299 1525 4109104 8791072
1757714300 1525 4109104 8791072
1757714301 1525 4109104 8791072
1757714302 1526 4109488 8791072
1757714303 1526 4109872 8791072
1757714304 1526 4110640 8791072
1757714305 1525 4111408 8791072
1757714306 1525 4111792 8791072
1757714307 1525 4112176 8791072
1757714308 1525 4112176 8791072
1757714309 1525 4112176 8791072
1757714311 1525 4112176 8791072
1757714312 1525 4112176 8791072
1757714313 1525 4112560 8791072
1757714314 1525 4112560 8791072
1757714315 1525 4112944 8791072
1757714316 1525 4113712 8791072
1757714317 1525 4114096 8791072
1757714318 1525 4114864 8791072
1757714319 1525 4115248 8791072
1757714320 1525 4116016 8791072
1757714321 1525 4116784 8791072
1757714322 1525 4117680 8791072
1757714323 1525 4118064 8791072
1757714324 1525 4118832 8791072
1757714326 1525 4119728 8791072
1757714327 1525 4120112 8791072
1757714328 1525 4120880 8791072
1757714329 1525 4121264 8791072
1757714330 1525 4122032 8791072
1757714331 1525 4122800 8791072
1757714332 1525 4123184 8791072
1757714333 1525 4123184 8791072
1757714334 1525 4123184 8791072
1757714335 1526 4123568 8791072
1757714336 1525 4123952 8791072
1757714337 1525 4124720 8791072
1757714338 1525 4124720 8791072
1757714339 1525 4124720 8791072
1757714340 1525 4124720 8791072
1757714342 1525 4125104 8791072
1757714343 1525 4125104 8791072
1757714344 1525 4125104 8791072
1757714345 1525 4125104 8791072
1757714346 1525 4125104 8791072
1757714347 1525 4125872 8791072
1757714348 1525 4126256 8791072
1757714349 1525 4127024 8791072
1757714350 1525 4127408 8791072
1757714351 1525 4128176 8791072
1757714352 1524 4128944 8791072
1757714353 1524 4129840 8791072
1757714354 1525 4130224 8791072
1757714355 1525 4130992 8791072
1757714357 1525 4131376 8791072
1757714358 1525 4132144 8791072
1757714359 1525 4132912 8791072
1757714360 1525 4133296 8791072
1757714361 1525 4134064 8791072
1757714362 1525 4134448 8791072
1757714363 1525 4135216 8791072
1757714364 1525 4135600 8791072
1757714365 1525 4135984 8791072
1757714366 1525 4135984 8791072
1757714367 1525 4135984 8791072
1757714368 1525 4136368 8791072
1757714369 1525 4136752 8791072
1757714370 1525 4136752 8791072
1757714371 1525 4136752 8791072
1757714373 1525 4136752 8791072
1757714374 1525 4136752 8791072
1757714375 1525 4137520 8791072
1757714376 1525 4137520 8791072
1757714377 1525 4137520 8791072
1757714378 1525 4137520 8791072
1757714379 1525 4137520 8791072
1757714380 1525 4137904 8791072
1757714381 1525 4138672 8791072
1757714382 1525 4139568 8791072
1757714383 1524 4139952 8791072
1757714384 1524 4140720 8791072
1757714385 1524 4141104 8791072
1757714386 1525 4141872 8791072
1757714388 1525 4142256 8791072
1757714389 1525 4143024 8791072
1757714390 1525 4143408 8791072
1757714391 1525 4144176 8791072
1757714392 1525 4144944 8791072
1757714393 1525 4145712 8791072
1757714394 1525 4146096 8791072
1757714395 1525 4146992 8791072
1757714396 1525 4147760 8791072
1757714397 1525 4148144 8791072
1757714398 1525 4148528 8791072
1757714399 1525 4148528 8791072
1757714400 1525 4148528 8791072
1757714401 1525 4148528 8791072
1757714402 1525 4148528 8791072
1757714404 1525 4148528 8791072
1757714405 1525 4148912 8791072
1757714406 1525 4149296 8791072
1757714407 1525 4149296 8791072
1757714408 1525 4150064 8791072
1757714409 1525 4150448 8791072
1757714410 1525 4150832 8791072
1757714411 1525 4150832 8791072
1757714412 1525 4150832 8791072
1757714413 1524 4151216 8791072
1757714414 1524 4152112 8791072
1757714415 1524 4152496 8791072
1757714416 1524 4153264 8791072
1757714417 1524 4153648 8791072
1757714419 1524 4154032 8791072
1757714420 1525 4154800 8791072
1757714421 1525 4155568 8791072
1757714422 1525 4156336 8791072
1757714423 1525 4156720 8791072
1757714424 1525 4157488 8791072
1757714425 1525 4157872 8791072
1757714426 1525 4158640 8791072
1757714427 1525 4159024 8791072
1757714428 1524 4159792 8791072
1757714429 1524 4160176 8791072
1757714430 1525 4160944 8791072
1757714431 1525 4160944 8791072
1757714432 1524 4160944 8791072
1757714434 1524 4160944 8791072
1757714435 1524 4160944 8791072
1757714436 1525 4161712 8791072
1757714437 1525 4162096 8791072
1757714438 1525 4162480 8791072
1757714439 1525 4163248 8791072
1757714440 1525 4164016 8791072
1757714441 1525 4164400 8791072
1757714442 1525 4165296 8791072
1757714443 1525 4165296 8791072
1757714444 1524 4165296 8791072
1757714445 1524 4165296 8791072
1757714446 1524 4165680 8791072
1757714447 1524 4166448 8791072
1757714449 1524 4167216 8791072
1757714450 1525 4167600 8791072
1757714451 1525 4168368 8791072
1757714452 1525 4169136 8791072
1757714453 1525 4170032 8791072
1757714454 1525 4170416 8791072
1757714455 1525 4171184 8791072
1757714456 1525 4171568 8791072
1757714457 1525 4172336 8791072
1757714458 1525 4172720 8791072
1757714459 1525 4173488 8791072
1757714460 1525 4173872 8791072
1757714461 1525 4174640 8791072
1757714462 1525 4175024 8791072
1757714464 1525 4175024 8791072
1757714465 1525 4175024 8791072
1757714466 1525 4175024 8791072
1757714467 1525 4175024 8791072
1757714468 1525 4175408 8791072
1757714469 1525 4175408 8791072
1757714470 1525 4176176 8791072
1757714471 1525 4176944 8791072
1757714472 1525 4177328 8791072
1757714473 1525 4178096 8791072
1757714474 1524 4178992 8791072
1757714475 1524 4179376 8791072
1757714476 1524 4179760 8791072
1757714477 1524 4179760 8791072
1757714478 1525 4179760 8791072
1757714480 1525 4180144 8791072
1757714481 1525 4180912 8791072
1757714482 1525 4181296 8791072
1757714483 1525 4182192 8791072
1757714484 1525 4182576 8791072
1757714485 1525 4183344 8791072
1757714486 1525 4184112 8791072
1757714487 1525 4184496 8791072
1757714488 1525 4185264 8791072
1757714489 1525 4186032 8791072
1757714490 1525 4186416 8791072
1757714491 1525 4187184 8791072
1757714492 1525 4187952 8791072
1757714493 1525 4187952 8791072
1757714494 1525 4187952 8791072
1757714496 1525 4187952 8791072
1757714497 1525 4188720 8791072
1757714498 1525 4188720 8791072
1757714499 1525 4188720 8791072
1757714500 1525 4188720 8791072
1757714501 1525 4189488 8791072
1757714502 1525 4190256 8791072
1757714503 1525 4190640 8791072
1757714504 1525 4191536 8791072
1757714505 1524 4191920 8791072
1757714506 1525 4192688 8791072
1757714507 1525 4193456 8791072
1757714508 1525 4193840 8791072
1757714510 1525 4194224 8791072
1757714511 1525 4194224 8791072
1757714512 1525 4194224 8791072
1757714513 1525 4194608 8791072
1757714514 1525 4195376 8791072
1757714515 1525 4195760 8791072
1757714516 1525 4196528 8791072
1757714517 1525 4197424 8791072
1757714518 1525 4198192 8791072
1757714519 1525 4198576 8791072
1757714520 1525 4199344 8791072
1757714521 1525 4199728 8791072
1757714522 1525 4200496 8791072
1757714523 1525 4201264 8791072
1757714525 1525 4201264 8791072
1757714526 1525 4201648 8791072
1757714527 1525 4201648 8791072
1757714528 1525 4202032 8791072
1757714529 1525 4202800 8791072
1757714530 1525 4203184 8791072
1757714531 1525 4203184 8791072
1757714532 1525 4203184 8791072
1757714533 1525 4203568 8791072
1757714534 1525 4204464 8791072
1757714535 1525 4204848 8791072
1757714536 1524 4205616 8791072
1757714537 1524 4206384 8791072
1757714538 1525 4206768 8791072
1757714539 1525 4207536 8791072
1757714540 1525 4207920 8791072
1757714542 1525 4208688 8791072
1757714543 1525 4209072 8791072
1757714544 1525 4209072 8791072
1757714545 1525 4209072 8791072
1757714546 1525 4209456 8791072
1757714547 1525 4210352 8791072
1757714548 1525 4210736 8791072
1757714549 1525 4211504 8791072
1757714550 1525 4211888 8791072
1757714551 1525 4212656 8791072
1757714552 1525 4213040 8791072
1757714553 1525 4213808 8791072
1757714554 1525 4214576 8791072
1757714555 1525 4214960 8791072
1757714557 1525 4214960 8791072
1757714558 1525 4214960 8791072
1757714559 1525 4215728 8791072
1757714560 1525 4216112 8791072
1757714561 1525 4216880 8791072
1757714562 1525 4216880 8791072
1757714563 1525 4217264 8791072
1757714564 1525 4217264 8791072
1757714565 1525 4217264 8791072
1757714566 1525 4217648 8791072
1757714567 1524 4218416 8791072
1757714568 1525 4218800 8791072
1757714569 1525 4219696 8791072
1757714570 1525 4220464 8791072
1757714571 1525 4220848 8791072
1757714573 1525 4221616 8791072
1757714574 1525 4222000 8791072
1757714575 1525 4222768 8791072
1757714576 1525 4223152 8791072
1757714577 1525 4223152 8791072
1757714578 1525 4223152 8791072
1757714579 1525 4223536 8791072
1757714580 1525 4224304 8791072
1757714581 1525 4224816 8791072
1757714582 1525 4225584 8791072
1757714583 1525 4225968 8791072
1757714584 1525 4226736 8791072
1757714585 1525 4227504 8791072
1757714586 1525 4228272 8791072
1757714587 1525 4228272 8791072
1757714589 1525 4228272 8791072
1757714590 1525 4228272 8791072
1757714591 1525 4229040 8791072
1757714592 1525 4229808 8791072
1757714593 1525 4230192 8791072
1757714594 1525 4230576 8791072
1757714595 1525 4230960 8791072
1757714596 1525 4231344 8791072
1757714597 1525 4231344 8791072
1757714598 1525 4231344 8791072
1757714599 1525 4231728 8791072
1757714600 1525 4232496 8791072
1757714601 1525 4232880 8791072
1757714602 1525 4233648 8791072
1757714603 1525 4234544 8791072
1757714604 1525 4234928 8791072
1757714606 1525 4235696 8791072
1757714607 1525 4236592 8791072
1757714608 1525 4237360 8791072
1757714609 1525 4237360 8791072
1757714610 1525 4237360 8791072
1757714611 1525 4237360 8791072
1757714612 1525 4237744 8791072
1757714613 1525 4238512 8791072
1757714614 1525 4238896 8791072
1757714615 1525 4239664 8791072
1757714616 1525 4240432 8791072
1757714617 1525 4240816 8791072
1757714618 1525 4241200 8791072
1757714619 1525 4241200 8791072
1757714621 1525 4241200 8791072
1757714622 1525 4241968 8791072
1757714623 1525 4242352 8791072
1757714624 1525 4242352 8791072
1757714625 1525 4242736 8791072
1757714626 1525 4243504 8791072
1757714627 1525 4244272 8791072
1757714628 1525 4244656 8791072
1757714629 1525 4245168 8791072
1757714630 1525 4245168 8791072
1757714631 1525 4245168 8791072
1757714632 1525 4245552 8791072
1757714633 1525 4246320 8791072
1757714634 1525 4246704 8791072
1757714635 1525 4247472 8791072
1757714637 1525 4248240 8791072
1757714638 1525 4248624 8791072
1757714639 1525 4249392 8791072
1757714640 1525 4250288 8791072
1757714641 1525 4251056 8791072
1757714642 1525 4251440 8791072
1757714643 1525 4251440 8791072
1757714644 1525 4251440 8791072
1757714645 1526 4251440 8791072
1757714646 1525 4251824 8791072
1757714647 1525 4252592 8791072
1757714648 1525 4253360 8791072
1757714649 1525 4253360 8791072
1757714650 1525 4253360 8791072
1757714652 1525 4253744 8791072
1757714653 1525 4254512 8791072
1757714654 1525 4254896 8791072
1757714655 1525 4254896 8791072
1757714656 1525 4255280 8791072
1757714657 1525 4256176 8791072
1757714658 1525 4256944 8791072
1757714659 1525 4257328 8791072
1757714660 1525 4258096 8791072
1757714661 1526 4258864 8791072
1757714662 1525 4258864 8791072
1757714663 1525 4258864 8791072
1757714664 1525 4258864 8791072
1757714665 1525 4259632 8791072
1757714667 1525 4260400 8791072
1757714668 1525 4260784 8791072
1757714669 1525 4261552 8791072
1757714670 1525 4261936 8791072
1757714671 1525 4262704 8791072
1757714672 1525 4263472 8791072
1757714673 1526 4263856 8791072
1757714674 1526 4264624 8791072
1757714675 1526 4265008 8791072
1757714676 1526 4265008 8791072
1757714677 1525 4265008 8791072
1757714678 1525 4265392 8791072
1757714679 1525 4265392 8791072
1757714680 1525 4265392 8791072
1757714681 1525 4265776 8791072
1757714683 1525 4266160 8791072
1757714684 1525 4266544 8791072
1757714685 1525 4266928 8791072
1757714686 1525 4267312 8791072
1757714687 1525 4267696 8791072
1757714688 1525 4268464 8791072
1757714689 1525 4268848 8791072
1757714690 1525 4269616 8791072
1757714691 1526 4270384 8791072
1757714692 1526 4270896 8791072
1757714693 1525 4271664 8791072
1757714694 1525 4272432 8791072
1757714695 1525 4272432 8791072
1757714696 1525 4272432 8791072
1757714698 1525 4272432 8791072
1757714699 1525 4273200 8791072
1757714700 1525 4273584 8791072
1757714701 1525 4274352 8791072
1757714702 1525 4275120 8791072
1757714703 1526 4275504 8791072
1757714704 1526 4276272 8791072
1757714705 1526 4276656 8791072
1757714706 1526 4277424 8791072
1757714707 1526 4277808 8791072
1757714708 1525 4278576 8791072
1757714709 1525 4278576 8791072
1757714710 1525 4278576 8791072
1757714711 1525 4278576 8791072
1757714713 1525 4278576 8791072
1757714714 1525 4278576 8791072
1757714715 1525 4278960 8791072
1757714716 1525 4279344 8791072
1757714717 1525 4279728 8791072
1757714718 1525 4280496 8791072
1757714719 1525 4280880 8791072
1757714720 1525 4281648 8791072
1757714721 1526 4282416 8791072
1757714722 1526 4282800 8791072
1757714723 1526 4283568 8791072
1757714724 1525 4283952 8791072
1757714725 1525 4284720 8791072
1757714726 1525 4285488 8791072
1757714727 1525 4285872 8791072
1757714729 1525 4285872 8791072
1757714730 1525 4285872 8791072
1757714731 1525 4285872 8791072
1757714732 1525 4286640 8791072
1757714733 1526 4287408 8791072
1757714734 1526 4287792 8791072
1757714735 1526 4288560 8791072
1757714736 1526 4289328 8791072
1757714737 1526 4290096 8791072
1757714738 1526 4290480 8791072
1757714739 1525 4291376 8791072
1757714740 1525 4291760 8791072
1757714741 1525 4292528 8791072
1757714742 1525 4292528 8791072
1757714743 1525 4292528 8791072
1757714745 1525 4292528 8791072
1757714746 1525 4292528 8791072
1757714747 1525 4293296 8791072
1757714748 1525 4293680 8791072
1757714749 1525 4294576 8791072
1757714750 1526 4294960 8791072
1757714751 1526 4295728 8791072
1757714752 1526 4296112 8791072
1757714753 1526 4296880 8791072
1757714754 1525 4297648 8791072
1757714755 1525 4298032 8791072
1757714756 1525 4298800 8791072
1757714757 1525 4299568 8791072
1757714758 1525 4299952 8791072
1757714760 1525 4300720 8791072
1757714761 1526 4301104 8791072
1757714762 1526 4301104 8791072
1757714763 1526 4301104 8791072
1757714764 1526 4301488 8791072
1757714765 1526 4301872 8791072
1757714766 1526 4302640 8791072
1757714767 1526 4303024 8791072
1757714768 1526 4303920 8791072
1757714769 1525 4304688 8791072
1757714770 1525 4305200 8791072
1757714771 1525 4305584 8791072
1757714772 1525 4306352 8791072
1757714773 1525 4306352 8791072
1757714775 1525 4306352 8791072
1757714776 1525 4306352 8791072
1757714777 1525 4306352 8791072
1757714778 1525 4306352 8791072
1757714779 1525 4307248 8791072
1757714780 1526 4308016 8791072
1757714781 1526 4308400 8791072
1757714782 1526 4309168 8791072
1757714783 1526 4309552 8791072
1757714784 1526 4310448 8791072
1757714785 1525 4311216 8791072
1757714786 1525 4311600 8791072
1757714787 1525 4312368 8791072
1757714788 1525 4313136 8791072
1757714789 1525 4313520 8791072
1757714791 1526 4314288 8791072
1757714792 1526 4314672 8791072
1757714793 1526 4315440 8791072
1757714794 1526 4315824 8791072
1757714795 1526 4315824 8791072
1757714796 1526 4315824 8791072
1757714797 1526 4316208 8791072
1757714798 1526 4316976 8791072
1757714799 1526 4317360 8791072
1757714800 1526 4318128 8791072
1757714801 1525 4318512 8791072
1757714802 1525 4319280 8791072
1757714803 1526 4320048 8791072
1757714804 1526 4320048 8791072
1757714805 1526 4320048 8791072
1757714807 1525 4320432 8791072
1757714808 1525 4320432 8791072
1757714809 1525 4320816 8791072
1757714810 1525 4320816 8791072
1757714811 1526 4320816 8791072
1757714812 1526 4321200 8791072
1757714813 1526 4321968 8791072
1757714814 1526 4322736 8791072
1757714815 1526 4323120 8791072
1757714816 1526 4323888 8791072
1757714817 1525 4324656 8791072
1757714818 1525 4325040 8791072
1757714819 1525 4325936 8791072
1757714820 1525 4326320 8791072
1757714821 1526 4327088 8791072
1757714823 1526 4327856 8791072
1757714824 1526 4328240 8791072
1757714825 1526 4329008 8791072
1757714826 1526 4329776 8791072
1757714827 1526 4330160 8791072
1757714828 1526 4330160 8791072
1757714829 1526 4330160 8791072
1757714830 1526 4330544 8791072
1757714831 1526 4331440 8791072
1757714832 1525 4331824 8791072
1757714833 1525 4332592 8791072
1757714834 1526 4333360 8791072
1757714835 1526 4333360 8791072
1757714836 1526 4333360 8791072
1757714838 1526 4333360 8791072
1757714839 1526 4333360 8791072
1757714840 1526 4333744 8791072
1757714841 1526 4334512 8791072
1757714842 1526 4334512 8791072
1757714843 1526 4334512 8791072
1757714844 1526 4334512 8791072
1757714845 1526 4334896 8791072
1757714846 1526 4335664 8791072
1757714847 1526 4336048 8791072
1757714848 1525 4336816 8791072
1757714849 1525 4337584 8791072
1757714850 1525 4338096 8791072
1757714851 1525 4338864 8791072
1757714853 1526 4339632 8791072
1757714854 1526 4340016 8791072
1757714855 1526 4340784 8791072
1757714856 1526 4341168 8791072
1757714857 1526 4341936 8791072
1757714858 1526 4342704 8791072
1757714859 1526 4343472 8791072
1757714860 1526 4343472 8791072
1757714861 1526 4343472 8791072
1757714862 1526 4343472 8791072
1757714863 1525 4344240 8791072
1757714864 1526 4345008 8791072
1757714865 1526 4345520 8791072
1757714866 1526 4345904 8791072
1757714867 1526 4345904 8791072
1757714869 1526 4345904 8791072
1757714870 1526 4345904 8791072
1757714871 1526 4345904 8791072
1757714872 1526 4345904 8791072
1757714873 1526 4346672 8791072
1757714874 1526 4347440 8791072
1757714875 1526 4347440 8791072
1757714876 1526 4347440 8791072
1757714877 1526 4347440 8791072
1757714878 1526 4347824 8791072
1757714879 1526 4348592 8791072
1757714880 1525 4349360 8791072
1757714881 1525 4349744 8791072
1757714882 1525 4350640 8791072
1757714883 1525 4351024 8791072
1757714884 1526 4351792 8791072
1757714886 1526 4352560 8791072
1757714887 1526 4352944 8791072
1757714888 1526 4353712 8791072
1757714889 1526 4354096 8791072
1757714890 1526 4354864 8791072
1757714891 1526 4355632 8791072
1757714892 1526 4356400 8791072
1757714893 1526 4356400 8791072
1757714894 1525 4356400 8791072
1757714895 1526 4356400 8791072
1757714896 1526 4357168 8791072
1757714897 1526 4357552 8791072
1757714898 1526 4357552 8791072
1757714900 1526 4357552 8791072
1757714901 1526 4357552 8791072
1757714902 1526 4357552 8791072
1757714903 1526 4358320 8791072
1757714904 1526 4358704 8791072
1757714905 1526 4359472 8791072
1757714906 1526 4360240 8791072
1757714907 1526 4360624 8791072
1757714908 1526 4361008 8791072
1757714909 1526 4361008 8791072
1757714910 1525 4361008 8791072
1757714911 1525 4361392 8791072
1757714912 1525 4362160 8791072
1757714913 1526 4363056 8791072
1757714914 1526 4363440 8791072
1757714916 1526 4364208 8791072
1757714917 1526 4364592 8791072
1757714918 1526 4365360 8791072
1757714919 1526 4365744 8791072
1757714920 1526 4366512 8791072
1757714921 1526 4367280 8791072
1757714922 1526 4368048 8791072
1757714923 1526 4368432 8791072
1757714924 1526 4369200 8791072
1757714925 1526 4369968 8791072
1757714926 1526 4369968 8791072
1757714927 1526 4369968 8791072
1757714928 1526 4369968 8791072
1757714929 1526 4369968 8791072
1757714931 1526 4369968 8791072
1757714932 1526 4370352 8791072
1757714933 1526 4370352 8791072
1757714934 1526 4371120 8791072
1757714935 1526 4371504 8791072
1757714936 1526 4372272 8791072
1757714937 1526 4373040 8791072
1757714938 1526 4373424 8791072
1757714939 1526 4374192 8791072
1757714940 1526 4374576 8791072
1757714941 1526 4374960 8791072
1757714942 1526 4374960 8791072
1757714943 1526 4374960 8791072
1757714944 1526 4375344 8791072
1757714946 1526 4376112 8791072
1757714947 1526 4376496 8791072
1757714948 1526 4377264 8791072
1757714949 1526 4378160 8791072
1757714950 1526 4378544 8791072
1757714951 1526 4379312 8791072
1757714952 1526 4379696 8791072
1757714953 1526 4380464 8791072
1757714954 1526 4380848 8791072
1757714955 1526 4381616 8791072
1757714956 1526 4382384 8791072
1757714957 1526 4383152 8791072
1757714958 1526 4383536 8791072
1757714959 1526 4383536 8791072
1757714960 1526 4383536 8791072
1757714962 1526 4383920 8791072
1757714963 1526 4383920 8791072
1757714964 1526 4383920 8791072
1757714965 1526 4384688 8791072
1757714966 1526 4385072 8791072
1757714967 1526 4385840 8791072
1757714968 1526 4386224 8791072
1757714969 1526 4386992 8791072
1757714970 1526 4387760 8791072
1757714971 1526 4388144 8791072
1757714972 1526 4388912 8791072
1757714973 1526 4389680 8791072
1757714974 1526 4389680 8791072
1757714975 1526 4389680 8791072
1757714977 1526 4389680 8791072
1757714978 1526 4390064 8791072
1757714979 1526 4390832 8791072
1757714980 1526 4391216 8791072
1757714981 1526 4392112 8791072
1757714982 1526 4392112 8791072
1757714983 1526 4392880 8791072
1757714984 1526 4393648 8791072
1757714985 1526 4394032 8791072
1757714986 1526 4394800 8791072
1757714987 1526 4395184 8791072
1757714988 1526 4395952 8791072
1757714989 1526 4396720 8791072
1757714990 1526 4397104 8791072
1757714992 1526 4397488 8791072
1757714993 1526 4397488 8791072
1757714994 1526 4397488 8791072
1757714995 1526 4397488 8791072
1757714996 1526 4398256 8791072
1757714997 1526 4398640 8791072
1757714998 1526 4399536 8791072
1757714999 1526 4399920 8791072
1757715000 1526 4400688 8791072
1757715001 1526 4401456 8791072
1757715002 1526 4401840 8791072
1757715003 1526 4402224 8791072
1757715004 1526 4402992 8791072
1757715005 1526 4403760 8791072
1757715007 1526 4404144 8791072
1757715008 1526 4404528 8791072
1757715009 1526 4404528 8791072
1757715010 1526 4404528 8791072
1757715011 1526 4404912 8791072
1757715012 1526 4405296 8791072
1757715013 1526 4406064 8791072
1757715014 1526 4406832 8791072
1757715015 1526 4407344 8791072
1757715016 1526 4408112 8791072
1757715017 1526 4408880 8791072
1757715018 1526 4409264 8791072
1757715019 1526 4410032 8791072
1757715020 1526 4410800 8791072
1757715022 1526 4411184 8791072
1757715023 1526 4411568 8791072
1757715024 1526 4411568 8791072
1757715025 1526 4411952 8791072
1757715026 1526 4411952 8791072
1757715027 1526 4411952 8791072
1757715028 1526 4411952 8791072
1757715029 1526 4412720 8791072
1757715030 1526 4413104 8791072
1757715031 1526 4414000 8791072
1757715032 1525 4414768 8791072
1757715033 1526 4415152 8791072
1757715034 1526 4415920 8791072
1757715035 1526 4416688 8791072
1757715036 1526 4417072 8791072
1757715038 1526 4417840 8791072
1757715039 1526 4418224 8791072
1757715040 1526 4418992 8791072
1757715041 1526 4419376 8791072
1757715042 1526 4419376 8791072
1757715043 1526 4419376 8791072
1757715044 1526 4419760 8791072
1757715045 1526 4420528 8791072
1757715046 1526 4421424 8791072
1757715047 1526 4421808 8791072
1757715048 1526 4422704 8791072
1757715049 1526 4423472 8791072
1757715050 1526 4423856 8791072
1757715051 1526 4424624 8791072
1757715053 1526 4425008 8791072
1757715054 1526 4425392 8791072
1757715055 1526 4425392 8791072
1757715056 1526 4425392 8791072
1757715057 1526 4426160 8791072
1757715058 1526 4426160 8791072
1757715059 1526 4426160 8791072
1757715060 1526 4426160 8791072
1757715061 1526 4426544 8791072
1757715062 1526 4426928 8791072
1757715063 1525 4427696 8791072
1757715064 1526 4428592 8791072
1757715065 1526 4428976 8791072
1757715066 1526 4429744 8791072
1757715067 1526 4430512 8791072
1757715069 1526 4430896 8791072
1757715070 1526 4431664 8791072
1757715071 1526 4432432 8791072
1757715072 1526 4432944 8791072
1757715073 1526 4433712 8791072
1757715074 1526 4434096 8791072
1757715075 1526 4434096 8791072
1757715076 1526 4434096 8791072
1757715077 1526 4434480 8791072
1757715078 1526 4435248 8791072
1757715079 1526 4435632 8791072
1757715080 1526 4436400 8791072
1757715081 1526 4436912 8791072
1757715082 1526 4437680 8791072
1757715084 1526 4438064 8791072
1757715085 1526 4438064 8791072
1757715086 1526 4438064 8791072
1757715087 1526 4438064 8791072
1757715088 1526 4438448 8791072
1757715089 1526 4438832 8791072
1757715090 1526 4439344 8791072
1757715091 1526 4439728 8791072
1757715092 1526 4439728 8791072
1757715093 1526 4439728 8791072
1757715094 1526 4440112 8791072
1757715095 1526 4440880 8791072
1757715096 1526 4441648 8791072
1757715097 1526 4442032 8791072
1757715098 1526 4442800 8791072
1757715099 1526 4443568 8791072
1757715101 1526 4443952 8791072
1757715102 1526 4444720 8791072
1757715103 1526 4445104 8791072
1757715104 1526 4446000 8791072
1757715105 1526 4446768 8791072
1757715106 1526 4447536 8791072
1757715107 1526 4447920 8791072
1757715108 1526 4447920 8791072
1757715109 1526 4447920 8791072
1757715110 1526 4448304 8791072
1757715111 1526 4448816 8791072
1757715112 1526 4449584 8791072
1757715113 1526 4450352 8791072
1757715114 1526 4450736 8791072
1757715115 1526 4450736 8791072
1757715117 1526 4450736 8791072
1757715118 1526 4451120 8791072
1757715119 1526 4451504 8791072
1757715120 1526 4451888 8791072
1757715121 1526 4452272 8791072
1757715122 1526 4453040 8791072
1757715123 1526 4453808 8791072
1757715124 1526 4453808 8791072
1757715125 1526 4453808 8791072
1757715126 1526 4453808 8791072
1757715127 1526 4454576 8791072
1757715128 1526 4454960 8791072
1757715129 1526 4455856 8791072
1757715130 1526 4456240 8791072
1757715132 1526 4457008 8791072
1757715133 1526 4457776 8791072
1757715134 1526 4458544 8791072
1757715135 1526 4458928 8791072
1757715136 1526 4459696 8791072
1757715137 1526 4460464 8791072
1757715138 1526 4460848 8791072
1757715139 1526 4461616 8791072
1757715140 1526 4462000 8791072
1757715141 1526 4462000 8791072
1757715142 1526 4462000 8791072
1757715143 1526 4462384 8791072
1757715144 1526 4462768 8791072
1757715145 1526 4463536 8791072
1757715146 1526 4463536 8791072
1757715148 1526 4463536 8791072
1757715149 1526 4463920 8791072
1757715150 1526 4464304 8791072
1757715151 1526 4464304 8791072
1757715152 1526 4464688 8791072
1757715153 1526 4465456 8791072
1757715154 1526 4466224 8791072
1757715155 1526 4466992 8791072
1757715156 1526 4467376 8791072
1757715157 1526 4467760 8791072
1757715158 1526 4467760 8791072
1757715159 1526 4467760 8791072
1757715160 1526 4468144 8791072
1757715161 1526 4468912 8791072
1757715163 1526 4469296 8791072
1757715164 1526 4470064 8791072
1757715165 1526 4470832 8791072
1757715166 1526 4471216 8791072
1757715167 1526 4471984 8791072
1757715168 1526 4472368 8791072
1757715169 1526 4473136 8791072
1757715170 1526 4473904 8791072
1757715171 1526 4474288 8791072
1757715172 1526 4475056 8791072
1757715173 1526 4475440 8791072
1757715174 1526 4475440 8791072
1757715175 1526 4475440 8791072
1757715176 1526 4475440 8791072
1757715178 1526 4475440 8791072
1757715179 1526 4475440 8791072
1757715180 1526 4475952 8791072
1757715181 1526 4476336 8791072
1757715182 1526 4477104 8791072
1757715183 1526 4477104 8791072
1757715184 1526 4477872 8791072
1757715185 1526 4478256 8791072
1757715186 1526 4479024 8791072
1757715187 1526 4479792 8791072
1757715188 1526 4480560 8791072
1757715189 1526 4480944 8791072
1757715190 1526 4480944 8791072
1757715191 1526 4480944 8791072
1757715192 1526 4480944 8791072
1757715194 1526 4481712 8791072
1757715195 1526 4482480 8791072
1757715196 1526 4483248 8791072
1757715197 1526 4483632 8791072
1757715198 1526 4484400 8791072
1757715199 1526 4484784 8791072
1757715200 1526 4485552 8791072
1757715201 1526 4485936 8791072
1757715202 1526 4486704 8791072
1757715203 1526 4487472 8791072
1757715204 1526 4487856 8791072
1757715205 1526 4488624 8791072
1757715206 1526 4489008 8791072
1757715207 1526 4489008 8791072
1757715209 1526 4489008 8791072
1757715210 1526 4489008 8791072
1757715211 1526 4489008 8791072
1757715212 1526 4489008 8791072
1757715213 1526 4489392 8791072
1757715214 1526 4489776 8791072
1757715215 1526 4490544 8791072
1757715216 1526 4490928 8791072
1757715217 1526 4491824 8791072
1757715218 1526 4492592 8791072
1757715219 1526 4492976 8791072
1757715220 1526 4493744 8791072
1757715221 1526 4494512 8791072
1757715222 1526 4494896 8791072
1757715223 1526 4494896 8791072
1757715225 1526 4494896 8791072
1757715226 1526 4495280 8791072
1757715227 1526 4495664 8791072
1757715228 1526 4496432 8791072
1757715229 1526 4497200 8791072
1757715230 1526 4497584 8791072
1757715231 1526 4498352 8791072
1757715232 1526 4498736 8791072
1757715233 1526 4499504 8791072
1757715234 1526 4499888 8791072
1757715235 1526 4500656 8791072
1757715236 1526 4501552 8791072
1757715237 1526 4502320 8791072
1757715238 1526 4502704 8791072
1757715239 1526 4502704 8791072
1757715241 1526 4502704 8791072
1757715242 1526 4502704 8791072
1757715243 1526 4502704 8791072
1757715244 1526 4502704 8791072
1757715245 1526 4502704 8791072
1757715246 1526 4503088 8791072
1757715247 1526 4503856 8791072
1757715248 1526 4504624 8791072
1757715249 1526 4505008 8791072
1757715250 1526 4505776 8791072
1757715251 1526 4506544 8791072
1757715252 1526 4507312 8791072
1757715253 1526 4507696 8791072
1757715254 1526 4508464 8791072
1757715256 1526 4508848 8791072
1757715257 1526 4508848 8791072
1757715258 1526 4508848 8791072
1757715259 1526 4509232 8791072
1757715260 1526 4509616 8791072
1757715261 1526 4510512 8791072
1757715262 1526 4511280 8791072
1757715263 1526 4511792 8791072
1757715264 1526 4512560 8791072
1757715265 1526 4513328 8791072
1757715266 1526 4514096 8791072
1757715267 1526 4514480 8791072
1757715268 1526 4515248 8791072
1757715269 1526 4515632 8791072
1757715270 1526 4516016 8791072
1757715272 1526 4516016 8791072
1757715273 1526 4516016 8791072
1757715274 1526 4516016 8791072
1757715275 1526 4516016 8791072
1757715276 1526 4516400 8791072
1757715277 1526 4516784 8791072
1757715278 1526 4517680 8791072
1757715279 1526 4518064 8791072
1757715280 1526 4518832 8791072
1757715281 1526 4519216 8791072
1757715282 1526 4519984 8791072
1757715283 1526 4520368 8791072
1757715284 1526 4521136 8791072
1757715285 1526 4521904 8791072
1757715287 1526 4522288 8791072
1757715288 1526 4523056 8791072
1757715289 1526 4523056 8791072
1757715290 1526 4523056 8791072
1757715291 1526 4523056 8791072
1757715292 1526 4523056 8791072
1757715293 1526 4523056 8791072
1757715294 1526 4523056 8791072
1757715295 1526 4523056 8791072
1757715296 1526 4523056 8791072
1757715297 1526 4523056 8791072
1757715298 1526 4523056 8791072
1757715299 1526 4523056 8791072
1757715300 1526 4523056 8791072
1757715302 1526 4523056 8791072
1757715303 1526 4523056 8791072
1757715304 1526 4523056 8791072
1757715305 1526 4523056 8791072
1757715306 1526 4523056 8791072
1757715307 1526 4523056 8791072
1757715308 1526 4523056 8791072
1757715309 1526 4523056 8791072
1757715310 1526 4523056 8791072
1757715311 1526 4523056 8791072
1757715312 1526 4523056 8791072
1757715313 1526 4523056 8791072
1757715314 1526 4523056 8791072
1757715315 1526 4523056 8791072
1757715316 1526 4523056 8791072
1757715318 1526 4523056 8791072
1757715319 1526 4523056 8791072
1757715320 1526 4523056 8791072
1757715321 1526 4523056 8791072
1757715322 1526 4523056 8791072
1757715323 1526 4523056 8791072
1757715324 1526 4523056 8791072
1757715325 1526 4523056 8791072
1757715326 1526 4523056 8791072
1757715327 1526 4523056 8791072
1757715328 1526 4523056 8791072
1757715329 1526 4523056 8791072
1757715330 1526 4523056 8791072
1757715331 1526 4523056 8791072
1757715333 1526 4523056 8791072
1757715334 1526 4523056 8791072
1757715335 1526 4523056 8791072
1757715336 1526 4523056 8791072
1757715337 1526 4523056 8791072
1757715338 1526 4523056 8791072
1757715339 1526 4523056 8791072
1757715340 1526 4523056 8791072
1757715341 1526 4523056 8791072
1757715342 1526 4523056 8791072
1757715343 1526 4523056 8791072
1757715344 1526 4523056 8791072
1757715345 1526 4523056 8791072
1757715346 1526 4523056 8791072
1757715347 1526 4523056 8791072
1757715349 1526 4523056 8791072
1757715350 1526 4523056 8791072
1757715351 1526 4523056 8791072
1757715352 1526 4523056 8791072
1757715353 1526 4523056 8791072
1757715354 1526 4523056 8791072
1757715355 1526 4523056 8791072
1757715356 1526 4523056 8791072
1757715357 1526 4523056 8791072
1757715358 1526 4523056 8791072
1757715359 1526 4523056 8791072
1757715360 1526 4523056 8791072
1757715361 1526 4523056 8791072
1757715362 1526 4523056 8791072
1757715364 1526 4523056 8791072
1757715365 1526 4523056 8791072
1757715366 1526 4523056 8791072
1757715367 1526 4523056 8791072
1757715368 1526 4523056 8791072
1757715369 1526 4523056 8791072
1757715370 1526 4523056 8791072
1757715371 1526 4523056 8791072
1757715372 1526 4523056 8791072
1757715373 1526 4523056 8791072
1757715374 1526 4523056 8791072
1757715375 1526 4523056 8791072
1757715376 1526 4523056 8791072
1757715377 1526 4523056 8791072
1757715378 1526 4523056 8791072
1757715380 1526 4523056 8791072
1757715381 1526 4523056 8791072
1757715382 1526 4523056 8791072
1757715383 1526 4523056 8791072
1757715384 1526 4523056 8791072
1757715385 1526 4523056 8791072
1757715386 1526 4523056 8791072
1757715387 1526 4523056 8791072
1757715388 1526 4523056 8791072
1757715389 1526 4523056 8791072
1757715390 1526 4523056 8791072
1757715391 1526 4523056 8791072
1757715392 1526 4523056 8791072
1757715393 1526 4523056 8791072
1757715395 1526 4523056 8791072
1757715396 1526 4523056 8791072
1757715397 1526 4523056 8791072
1757715398 1526 4523056 8791072
1757715399 1526 4523056 8791072
1757715400 1526 4523056 8791072
1757715401 1526 4523056 8791072
1757715402 1526 4523056 8791072
1757715403 1526 4523056 8791072
1757715404 1526 4523056 8791072
1757715405 1526 4523056 8791072
1757715406 1526 4523056 8791072
1757715407 1526 4523056 8791072
1757715408 1526 4523056 8791072
1757715410 1526 4523056 8791072
1757715411 1526 4523056 8791072
1757715412 1526 3810304 5128960
1757715413 1526 3810304 5128960
1757715414 1526 3810304 5128960
1757715415 1526 3810304 5128960
1757715416 1526 3810304 5128960
1757715417 1526 3810304 5128960
1757715418 1526 3810304 5128960
1757715419 1526 3810304 5128960
1757715420 1526 5081116 7570368
