1757687590  0.0 15488 642688
1757687591  312 933436 2275236
1757687592  720 1404768 3191556
1757687593  930 1304612 4103408
1757687595 1112 1305252 4103408
1757687596 1219 1306276 4103408
1757687597 1298 1307172 4103408
1757687598 1349 1307812 4103408
1757687599 1393 1308836 4103408
1757687600 1404 1309476 4103408
1757687601 1434 1310500 4103408
1757687602 1448 1311140 4103408
1757687603 1461 1312164 4103408
1757687604 1473 1312804 4103408
1757687605 1390 1313700 4103408
1757687606 1404 1314340 4103408
1757687607 1405 1315364 4103408
1757687608 1403 1316132 4103408
1757687609 1401 1316772 4103408
1757687611 1412 1317540 4103408
1757687612 1415 1318436 4103408
1757687613 1411 1319204 4103408
1757687614 1420 1319844 4103408
1757687615 1432 1320868 4103408
1757687616 1440 1321636 4103408
1757687617 1439 1322276 4103408
1757687618 1444 1323044 4103408
1757687619 1446 1323812 4103408
1757687620 1450 1324708 4103408
1757687621 1403 1325476 4103408
1757687622 1412 1326372 4103408
1757687623 1417 1327140 4103408
1757687624 1421 1328036 4103408
1757687625 1424 1328676 4103408
1757687627 1429 1329572 4103408
1757687628 1436 1330340 4103408
1757687629 1442 1331236 4103408
1757687630 1449 1332004 4103408
1757687631 1453 1332900 4103408
1757687632 1459 1333796 4103408
1757687633 1463 1334564 4103408
1757687634 1468 1335460 4103408
1757687635 1472 1336228 4103408
1757687636 1444 1337124 4103408
1757687637 1447 1337892 4103408
1757687638 1446 1338532 4103408
1757687639 1441 1339172 4103408
1757687640 1440 1339812 4103408
1757687641 1441 1340836 4103408
1757687643 1438 1341476 4103408
1757687644 1440 1342116 4103408
1757687645 1444 1343140 4103408
1757687646 1449 1343780 4103408
1757687647 1452 1344804 4103408
1757687648 1457 1345700 4103408
1757687649 1460 1346340 4103408
1757687650 1464 1347364 4103408
1757687651 1466 1348004 4103408
1757687652 1465 1348772 4103408
1757687653 1443 1349668 4103408
1757687654 1444 1350436 4103408
1757687655 1448 1351332 4103408
1757687656 1450 1351972 4103408
1757687657 1450 1352868 4103408
1757687659 1446 1353380 4103408
1757687660 1447 1354276 4103408
1757687661 1450 1355044 4103408
1757687662 1454 1355812 4103408
1757687663 1457 1356580 4103408
1757687664 1460 1357476 4103408
1757687665 1462 1358244 4103408
1757687666 1460 1358884 4103408
1757687667 1462 1359908 4103408
1757687668 1464 1360548 4103408
1757687669 1448 1361444 4103408
1757687670 1446 1362084 4103408
1757687671 1444 1362852 4103408
1757687672 1442 1363492 4103408
1757687673 1440 1364260 4103408
1757687674 1442 1365028 4103408
1757687675 1445 1365924 4103408
1757687677 1448 1366948 4103408
1757687678 1450 1367588 4103408
1757687679 1453 1368484 4103408
1757687680 1455 1369252 4103408
1757687681 1457 1370148 4103408
1757687682 1459 1371172 4103408
1757687683 1462 1371812 4103408
1757687684 1464 1372708 4103408
1757687685 1465 1373476 4103408
1757687686 1451 1374372 4103408
1757687687 1452 1375140 4103408
1757687688 1455 1376036 4103408
1757687689 1455 1376804 4103408
1757687690 1456 1377700 4103408
1757687692 1454 1378468 4103408
1757687693 1455 1379108 4103408
1757687694 1455 1379876 4103408
1757687695 1458 1380772 4103408
1757687696 1459 1381284 4103408
1757687697 1460 1382180 4103408
1757687698 1462 1382948 4103408
1757687699 1464 1383972 4103408
1757687700 1466 1384868 4103408
1757687701 1464 1385508 4103408
1757687702 1451 1386276 4103408
1757687703 1448 1387044 4103408
1757687704 1447 1387684 4103408
1757687705 1448 1388452 4103408
1757687706 1450 1389348 4103408
1757687707 1451 1390116 4103408
1757687709 1454 1391012 4103408
1757687710 1456 1391908 4103408
1757687711 1457 1392676 4103408
1757687712 1459 1393572 4103408
1757687713 1461 1394596 4103408
1757687714 1463 1395236 4103408
1757687715 1464 1396132 4103408
1757687716 1466 1397156 4103408
1757687717 1467 1397796 4103408
1757687718 1468 1398692 4103408
1757687719 1457 1399460 4103408
1757687720 1458 1400228 4103408
1757687721 1459 1401124 4103408
1757687722 1461 1402020 4103408
1757687723 1462 1402788 4103408
1757687725 1462 1403812 4103408
1757687726 1462 1404580 4103408
1757687727 1461 1405092 4103408
1757687728 1462 1406116 4103408
1757687729 1463 1407012 4103408
1757687730 1465 1407652 4103408
1757687731 1466 1408676 4103408
1757687732 1465 1409316 4103408
1757687733 1463 1409956 4103408
1757687734 1463 1410724 4103408
1757687735 1452 1411364 4103408
1757687736 1454 1412260 4103408
1757687737 1456 1413156 4103408
1757687738 1457 1413924 4103408
1757687739 1459 1414820 4103408
1757687741 1460 1415460 4103408
1757687742 1461 1416484 4103408
1757687743 1462 1417124 4103408
1757687744 1462 1418020 4103408
1757687745 1464 1418788 4103408
1757687746 1465 1419684 4103408
1757687747 1467 1420324 4103408
1757687748 1467 1421348 4103408
1757687749 1469 1422244 4103408
1757687750 1470 1423012 4103408
1757687751 1462 1423908 4103408
1757687752 1461 1424676 4103408
1757687753 1462 1425444 4103408
1757687754 1463 1426340 4103408
1757687755 1465 1427236 4103408
1757687757 1466 1427876 4103408
1757687758 1466 1428772 4103408
1757687759 1466 1429540 4103408
1757687760 1466 1430436 4103408
1757687761 1468 1431076 4103408
1757687762 1468 1431844 4103408
1757687763 1467 1432740 4103408
1757687764 1466 1433252 4103408
1757687765 1467 1434148 4103408
1757687766 1466 1434916 4103408
1757687767 1458 1435684 4103408
1757687768 1459 1436580 4103408
1757687769 1460 1437476 4103408
1757687770 1461 1438244 4103408
1757687771 1462 1439140 4103408
1757687773 1463 1439908 4103408
1757687774 1464 1440804 4103408
1757687775 1465 1441572 4103408
1757687776 1466 1442468 4103408
1757687777 1468 1443364 4103408
1757687778 1469 1444132 4103408
1757687779 1470 1445028 4103408
1757687780 1471 1446052 4103408
1757687781 1472 1446692 4103408
1757687782 1466 1447588 4103408
1757687783 1466 1448356 4103408
1757687784 1466 1449252 4103408
1757687785 1466 1449892 4103408
1757687786 1466 1450532 4103408
1757687787 1467 1451556 4103408
1757687789 1468 1452324 4103408
1757687790 1469 1453220 4103408
1757687791 1469 1453988 4103408
1757687792 1470 1454756 4103408
1757687793 1470 1455524 4103408
1757687794 1469 1456164 4103408
1757687795 1469 1456804 4103408
1757687796 1469 1457572 4103408
1757687797 1468 1458596 4103408
1757687798 1469 1459236 4103408
1757687799 1462 1460132 4103408
1757687800 1463 1460900 4103408
1757687801 1464 1461796 4103408
1757687802 1465 1462436 4103408
1757687803 1466 1463460 4103408
1757687805 1467 1464484 4103408
1757687806 1468 1465124 4103408
1757687807 1468 1465892 4103408
1757687808 1469 1466788 4103408
1757687809 1470 1467684 4103408
1757687810 1471 1468452 4103408
1757687811 1472 1469348 4103408
1757687812 1473 1469988 4103408
1757687813 1473 1471012 4103408
1757687814 1474 1471908 4103408
1757687815 1475 1472548 4103408
1757687816 1469 1473572 4103408
1757687817 1470 1474468 4103408
1757687818 1470 1475236 4103408
1757687819 1470 1475876 4103408
1757687820 1471 1476772 4103408
1757687822 1472 1477540 4103408
1757687823 1473 1478436 4103408
1757687824 1472 1479204 4103408
1757687825 1471 1479844 4103408
1757687826 1470 1480612 4103408
1757687827 1470 1481252 4103408
1757687828 1470 1482020 4103408
1757687829 1469 1483044 4103408
1757687830 1470 1483684 4103408
1757687831 1471 1484708 4103408
1757687832 1465 1485348 4103408
1757687833 1466 1486244 4103408
1757687834 1467 1487268 4103408
1757687835 1468 1487908 4103408
1757687836 1468 1488932 4103408
1757687838 1469 1489572 4103408
1757687839 1470 1490468 4103408
1757687840 1470 1491236 4103408
1757687841 1471 1492132 4103408
1757687842 1472 1492900 4103408
1757687843 1473 1493796 4103408
1757687844 1474 1494692 4103408
1757687845 1474 1495460 4103408
1757687846 1475 1496356 4103408
1757687847 1470 1497380 4103408
1757687848 1471 1498020 4103408
1757687849 1472 1499044 4103408
1757687850 1473 1499940 4103408
1757687852 1472 1500580 4103408
1757687853 1472 1501220 4103408
1757687854 1472 1501988 4103408
1757687855 1473 1502884 4103408
1757687856 1473 1503652 4103408
1757687857 1472 1504164 4103408
1757687858 1471 1504932 4103408
1757687859 1470 1505700 4103408
1757687860 1470 1506468 4103408
1757687861 1470 1507364 4103408
1757687862 1471 1508132 4103408
1757687863 1466 1509028 4103408
1757687864 1467 1509796 4103408
1757687865 1468 1510692 4103408
1757687866 1468 1511588 4103408
1757687867 1469 1512356 4103408
1757687869 1469 1513252 4103408
1757687870 1470 1514020 4103408
1757687871 1471 1514916 4103408
1757687872 1472 1515812 4103408
1757687873 1472 1516580 4103408
1757687874 1473 1517476 4103408
1757687875 1474 1518244 4103408
1757687876 1475 1519140 4103408
1757687877 1475 1520164 4103408
1757687878 1476 1520804 4103408
1757687879 1471 1521700 4103408
1757687880 1472 1522468 4103408
1757687881 1473 1523108 4103408
1757687882 1473 1524132 4103408
1757687884 1474 1524772 4103408
1757687885 1474 1525796 4103408
1757687886 1474 1526436 4103408
1757687887 1474 1527460 4103408
1757687888 1474 1528228 4103408
1757687889 1473 1528996 4103408
1757687890 1473 1529764 4103408
1757687891 1472 1530404 4103408
1757687892 1471 1531172 4103408
1757687893 1471 1531812 4103408
1757687894 1471 1532452 4103408
1757687895 1472 1533348 4103408
1757687896 1468 1533988 4103408
1757687897 1468 1535012 4103408
1757687898 1469 1535652 4103408
1757687899 1469 1536548 4103408
1757687900 1469 1537316 4103408
1757687902 1470 1538212 4103408
1757687903 1471 1539236 4103408
1757687904 1472 1539876 4103408
1757687905 1472 1540900 4103408
1757687906 1473 1541796 4103408
1757687907 1473 1542436 4103408
1757687908 1474 1543460 4103408
1757687909 1475 1544356 4103408
1757687910 1475 1545124 4103408
1757687911 1476 1546020 4103408
1757687912 1472 1546660 4103408
1757687913 1472 1547684 4103408
1757687914 1473 1548580 4103408
1757687915 1474 1549220 4103408
1757687917 1474 1550244 4103408
1757687918 1473 1550756 4103408
1757687919 1472 1551524 4103408
1757687920 1472 1552420 4103408
1757687921 1472 1553188 4103408
1757687922 1471 1553700 4103408
1757687923 1471 1554468 4103408
1757687924 1471 1555236 4103408
1757687925 1472 1556004 4103408
1757687926 1472 1556900 4103408
1757687927 1473 1557668 4103408
1757687928 1473 1558564 4103408
1757687929 1469 1559332 4103408
1757687930 1470 1560356 4103408
1757687931 1470 1560996 4103408
1757687932 1471 1562020 4103408
1757687933 1471 1562660 4103408
1757687935 1471 1563556 4103408
1757687936 1472 1564580 4103408
1757687937 1473 1565220 4103408
1757687938 1473 1566244 4103408
1757687939 1474 1567140 4103408
1757687940 1474 1567780 4103408
1757687941 1475 1568676 4103408
1757687942 1476 1569444 4103408
1757687943 1476 1570340 4103408
1757687944 1477 1571364 4103408
1757687945 1473 1572004 4103408
1757687946 1474 1572900 4103408
1757687947 1474 1573668 4103408
1757687948 1474 1574692 4103408
1757687950 1473 1575460 4103408
1757687951 1473 1576100 4103408
1757687952 1472 1576740 4103408
1757687953 1472 1577380 4103408
1757687954 1472 1578020 4103408
1757687955 1473 1579044 4103408
1757687956 1473 1579940 4103408
1757687957 1473 1580708 4103408
1757687958 1473 1581348 4103408
1757687959 1474 1582372 4103408
1757687960 1474 1583140 4103408
1757687961 1470 1583780 4103408
1757687962 1471 1584804 4103408
1757687963 1471 1585700 4103408
1757687964 1472 1586596 4103408
1757687965 1473 1587364 4103408
1757687967 1473 1588260 4103408
1757687968 1474 1589156 4103408
1757687969 1474 1589924 4103408
1757687970 1475 1590820 4103408
1757687971 1475 1591588 4103408
1757687972 1475 1592612 4103408
1757687973 1476 1593252 4103408
1757687974 1476 1594148 4103408
1757687975 1477 1595172 4103408
1757687976 1474 1595812 4103408
1757687977 1474 1596836 4103408
1757687978 1474 1597348 4103408
1757687979 1474 1598372 4103408
1757687980 1473 1599012 4103408
1757687982 1474 1599780 4103408
1757687983 1474 1600420 4103408
1757687984 1473 1601188 4103408
1757687985 1473 1602084 4103408
1757687986 1473 1602852 4103408
1757687987 1474 1603748 4103408
1757687988 1474 1604516 4103408
1757687989 1475 1605412 4103408
1757687990 1475 1606180 4103408
1757687991 1475 1606948 4103408
1757687992 1475 1607844 4103408
1757687993 1472 1608612 4103408
1757687994 1472 1609508 4103408
1757687995 1473 1610404 4103408
1757687996 1473 1611172 4103408
1757687997 1474 1612068 4103408
1757687999 1474 1612964 4103408
1757688000 1474 1613732 4103408
1757688001 1475 1614372 4103408
1757688002 1475 1615396 4103408
1757688003 1476 1616036 4103408
1757688004 1476 1617060 4103408
1757688005 1476 1617956 4103408
1757688006 1477 1618724 4103408
1757688007 1477 1619620 4103408
1757688008 1474 1620260 4103408
1757688009 1475 1621284 4103408
1757688010 1474 1621924 4103408
1757688011 1474 1622564 4103408
1757688012 1474 1623204 4103408
1757688014 1474 1623844 4103408
1757688015 1473 1624612 4103408
1757688016 1473 1625380 4103408
1757688017 1473 1626020 4103408
1757688018 1472 1626916 4103408
1757688019 1473 1627684 4103408
1757688020 1473 1628580 4103408
1757688021 1474 1629220 4103408
1757688022 1474 1630116 4103408
1757688023 1474 1630884 4103408
1757688024 1474 1631780 4103408
1757688025 1471 1632548 4103408
1757688026 1471 1633316 4103408
1757688027 1471 1634212 4103408
1757688028 1472 1634852 4103408
1757688029 1472 1635876 4103408
1757688030 1472 1636516 4103408
1757688032 1473 1637540 4103408
1757688033 1473 1638180 4103408
1757688034 1474 1639076 4103408
1757688035 1474 1640100 4103408
1757688036 1475 1640740 4103408
1757688037 1475 1641636 4103408
1757688038 1475 1642404 4103408
1757688039 1476 1643300 4103408
1757688040 1476 1644068 4103408
1757688041 1476 1644964 4103408
1757688042 1472 1645348 4103408
1757688043 1472 1646372 4103408
1757688044 1472 1647140 4103408
1757688045 1472 1647908 4103408
1757688046 1472 1648676 4103408
1757688047 1472 1649572 4103408
1757688049 1473 1650212 4103408
1757688050 1473 1651236 4103408
1757688051 1473 1651876 4103408
1757688052 1473 1652644 4103408
1757688053 1473 1653540 4103408
1757688054 1474 1654436 4103408
1757688055 1474 1655204 4103408
1757688056 1474 1656100 4103408
1757688057 1475 1657124 4103408
1757688058 1474 1657764 4103408
1757688059 1472 1658404 4103408
1757688060 1472 1659300 4103408
1757688061 1472 1660196 4103408
1757688062 1473 1660836 4103408
1757688063 1473 1661860 4103408
1757688065 1473 1662500 4103408
1757688066 1474 1663396 4103408
1757688067 1474 1664292 4103408
1757688068 1475 1665188 4103408
1757688069 1475 1666084 4103408
1757688070 1476 1666852 4103408
1757688071 1476 1667748 4103408
1757688072 1476 1668388 4103408
1757688073 1475 1669156 4103408
1757688074 1475 1669796 4103408
1757688075 1472 1670820 4103408
1757688076 1472 1671716 4103408
1757688077 1472 1672356 4103408
1757688078 1473 1673380 4103408
1757688079 1473 1674020 4103408
1757688080 1474 1674916 4103408
1757688082 1473 1675556 4103408
1757688083 1473 1676324 4103408
1757688084 1473 1677092 4103408
1757688085 1473 1677988 4103408
1757688086 1474 1678756 4103408
1757688087 1474 1679652 4103408
1757688088 1475 1680548 4103408
1757688089 1475 1681316 4103408
1757688090 1475 1682212 4103408
1757688091 1475 1682980 4103408
1757688092 1472 1683748 4103408
1757688093 1472 1684644 4103408
1757688094 1473 1685668 4103408
1757688095 1473 1686308 4103408
1757688097 1474 1687204 4103408
1757688098 1474 1687844 4103408
1757688099 1474 1688868 4103408
1757688100 1475 1689764 4103408
1757688101 1475 1690404 4103408
1757688102 1476 1691428 4103408
1757688103 1475 1692196 4103408
1757688104 1475 1692836 4103408
1757688105 1474 1693604 4103408
1757688106 1474 1694244 4103408
1757688107 1474 1694884 4103408
1757688108 1474 1695780 4103408
1757688109 1474 1696548 4103408
1757688110 1472 1697188 4103408
1757688111 1472 1698212 4103408
1757688112 1472 1698980 4103408
1757688113 1473 1699876 4103408
1757688114 1473 1700644 4103408
1757688116 1473 1701668 4103408
1757688117 1473 1702308 4103408
1757688118 1473 1703204 4103408
1757688119 1473 1703972 4103408
1757688120 1474 1704868 4103408
1757688121 1474 1705508 4103408
1757688122 1474 1706276 4103408
1757688123 1474 1707044 4103408
1757688124 1474 1707812 4103408
1757688125 1474 1708452 4103408
1757688126 1474 1708964 4103408
1757688127 1472 1709988 4103408
1757688128 1472 1710884 4103408
1757688129 1473 1711652 4103408
1757688130 1473 1712548 4103408
1757688131 1473 1713444 4103408
1757688133 1474 1713700 4103408
1757688134 1474 1713700 4103408
1757688135 1473 1713700 4103408
1757688136 1473 1713700 4103408
1757688137 1473 1713700 4103408
1757688138 1473 1713700 4103408
1757688139 1473 1713700 4103408
1757688140 1473 1713700 4103408
1757688141 1474 1713700 4103408
1757688142 1474 1713700 4103408
1757688143 1472 1713700 4103408
1757688144 1472 1713700 4103408
1757688145 1473 1713700 4103408
1757688146 1473 1713700 4103408
1757688147 1473 1713700 4103408
1757688149 1473 1713700 4103408
1757688150 1473 1713700 4103408
1757688151 1473 1713700 4103408
1757688152 1474 1713700 4103408
1757688153 1474 1713700 4103408
1757688154 1474 1713700 4103408
1757688155 1475 1713700 4103408
1757688156 1475 1713700 4103408
1757688157 1475 1713700 4103408
1757688158 1475 1713700 4103408
1757688159 1472 1713700 4103408
1757688160 1473 1713700 4103408
1757688161 1473 1713700 4103408
1757688162 1473 1713700 4103408
1757688163 1474 1713700 4103408
1757688165 1474 1713700 4103408
1757688166 1473 1713700 4103408
1757688167 1473 1713700 4103408
1757688168 1473 1713700 4103408
1757688169 1473 1713700 4103408
1757688170 1473 1713700 4103408
1757688171 1473 1713700 4103408
1757688172 1474 1436968 2785556
1757688173 1474 1436968 2785556
