1757700829  0.0 16000 676480
1757700830  161 1164184 2616932
1757700831  142 1978396 3837636
1757700832  132 2811656 6279208
1757700833  340 3762440 6316616
1757700834  551 3762824 6316616
1757700835  698 3762952 6316616
1757700837  796 3763080 6316616
1757700838  799 3352048 8790988
1757700839  889 3352816 8790988
1757700840  957 3353200 8790988
1757700841 1001 3353200 8790988
1757700842 1033 3353584 8790988
1757700843 1073 3353584 8790988
1757700844 1114 3354480 8790988
1757700845 1146 3354864 8790988
1757700846 1178 3355632 8790988
1757700847 1140 3356016 8790988
1757700848 1168 3356784 8790988
1757700849 1192 3357552 8790988
1757700850 1214 3357936 8790988
1757700851 1228 3357936 8790988
1757700853 1241 3358704 8790988
1757700854 1257 3358704 8790988
1757700855 1273 3359472 8790988
1757700856 1289 3359856 8790988
1757700857 1303 3360624 8790988
1757700858 1315 3361008 8790988
1757700859 1322 3361008 8790988
1757700860 1331 3361008 8790988
1757700861 1336 3361392 8790988
1757700862 1347 3361776 8790988
1757700863 1318 3362672 8790988
1757700864 1328 3363440 8790988
1757700865 1338 3364208 8790988
1757700866 1347 3364592 8790988
1757700867 1353 3364592 8790988
1757700869 1358 3364592 8790988
1757700870 1365 3364592 8790988
1757700871 1370 3365488 8790988
1757700872 1374 3365488 8790988
1757700873 1377 3365488 8790988
1757700874 1383 3366256 8790988
1757700875 1390 3367024 8790988
1757700876 1395 3367408 8790988
1757700877 1401 3368176 8790988
1757700878 1379 3368560 8790988
1757700879 1385 3369328 8790988
1757700880 1391 3369712 8790988
1757700881 1395 3370480 8790988
1757700882 1397 3370480 8790988
1757700884 1402 3371248 8790988
1757700885 1407 3371632 8790988
1757700886 1412 3372400 8790988
1757700887 1417 3373296 8790988
1757700888 1421 3373680 8790988
1757700889 1425 3374448 8790988
1757700890 1429 3374832 8790988
1757700891 1433 3375216 8790988
1757700892 1435 3375216 8790988
1757700893 1438 3375216 8790988
1757700894 1418 3375600 8790988
1757700895 1421 3375984 8790988
1757700896 1425 3376752 8790988
1757700897 1428 3377136 8790988
1757700899 1432 3377904 8790988
1757700900 1435 3378288 8790988
1757700901 1437 3378288 8790988
1757700902 1437 3378288 8790988
1757700903 1436 3378672 8790988
1757700904 1436 3378672 8790988
1757700905 1439 3379440 8790988
1757700906 1442 3379952 8790988
1757700907 1445 3380720 8790988
1757700908 1448 3381232 8790988
1757700909 1451 3382000 8790988
1757700910 1436 3382768 8790988
1757700911 1439 3383152 8790988
1757700912 1441 3383536 8790988
1757700913 1442 3383920 8790988
1757700915 1444 3384304 8790988
1757700916 1447 3384816 8790988
1757700917 1450 3385584 8790988
1757700918 1452 3385968 8790988
1757700919 1455 3386736 8790988
1757700920 1457 3387504 8790988
1757700921 1460 3387888 8790988
1757700922 1462 3388656 8790988
1757700923 1464 3389424 8790988
1757700924 1467 3389808 8790988
1757700925 1452 3389808 8790988
1757700926 1454 3389808 8790988
1757700927 1455 3390320 8790988
1757700928 1458 3390704 8790988
1757700929 1460 3391472 8790988
1757700931 1462 3392240 8790988
1757700932 1464 3392624 8790988
1757700933 1464 3392624 8790988
1757700934 1464 3392624 8790988
1757700935 1463 3392880 8790988
1757700936 1464 3393008 8790988
1757700937 1465 3393392 8790988
1757700938 1467 3394160 8790988
1757700939 1469 3394544 8790988
1757700940 1470 3395312 8790988
1757700941 1459 3395696 8790988
1757700942 1461 3396464 8790988
1757700943 1462 3396848 8790988
1757700944 1463 3397232 8790988
1757700945 1465 3397616 8790988
1757700947 1467 3398384 8790988
1757700948 1468 3398768 8790988
1757700949 1470 3399536 8790988
1757700950 1472 3400304 8790988
1757700951 1474 3400688 8790988
1757700952 1476 3401456 8790988
1757700953 1477 3401840 8790988
1757700954 1479 3402608 8790988
1757700955 1480 3403376 8790988
1757700956 1482 3403760 8790988
1757700957 1472 3404656 8790988
1757700958 1473 3404656 8790988
1757700959 1473 3404656 8790988
1757700960 1474 3404656 8790988
1757700961 1476 3405424 8790988
1757700963 1477 3405808 8790988
1757700964 1477 3405808 8790988
1757700965 1477 3405808 8790988
1757700966 1478 3406192 8790988
1757700967 1479 3406192 8790988
1757700968 1479 3406192 8790988
1757700969 1480 3406576 8790988
1757700970 1482 3406960 8790988
1757700971 1483 3407856 8790988
1757700972 1474 3408240 8790988
1757700973 1475 3409008 8790988
1757700974 1476 3409392 8790988
1757700975 1476 3409392 8790988
1757700976 1478 3409776 8790988
1757700978 1479 3410544 8790988
1757700979 1480 3411312 8790988
1757700980 1482 3411824 8790988
1757700981 1483 3412592 8790988
1757700982 1484 3412976 8790988
1757700983 1486 3413744 8790988
1757700984 1487 3414512 8790988
1757700985 1488 3415280 8790988
1757700986 1489 3415664 8790988
1757700987 1491 3416432 8790988
1757700988 1482 3416816 8790988
1757700989 1484 3417584 8790988
1757700990 1485 3418352 8790988
1757700991 1486 3418352 8790988
1757700992 1486 3418352 8790988
1757700994 1486 3418352 8790988
1757700995 1487 3418352 8790988
1757700996 1487 3418352 8790988
1757700997 1487 3418352 8790988
1757700998 1487 3418736 8790988
1757700999 1488 3419120 8790988
1757701000 1489 3419120 8790988
1757701001 1489 3419120 8790988
1757701002 1490 3419504 8790988
1757701003 1491 3419888 8790988
1757701004 1483 3420656 8790988
1757701005 1484 3421424 8790988
1757701006 1484 3421424 8790988
1757701007 1485 3421808 8790988
1757701008 1486 3422192 8790988
1757701010 1487 3422576 8790988
1757701011 1488 3423472 8790988
1757701012 1489 3424240 8790988
1757701013 1491 3425008 8790988
1757701014 1492 3425392 8790988
1757701015 1493 3426160 8790988
1757701016 1494 3426928 8790988
1757701017 1495 3427312 8790988
1757701018 1496 3428080 8790988
1757701019 1489 3428464 8790988
1757701020 1490 3429232 8790988
1757701021 1491 3430000 8790988
1757701022 1492 3430384 8790988
1757701023 1493 3431152 8790988
1757701025 1492 3431152 8790988
1757701026 1492 3431152 8790988
1757701027 1492 3431152 8790988
1757701028 1493 3431536 8790988
1757701029 1493 3431920 8790988
1757701030 1494 3432688 8790988
1757701031 1495 3433456 8790988
1757701032 1496 3433456 8790988
1757701033 1496 3433456 8790988
1757701034 1490 3433456 8790988
1757701035 1490 3434224 8790988
1757701036 1491 3434608 8790988
1757701037 1492 3434992 8790988
1757701038 1492 3435504 8790988
1757701040 1493 3435888 8790988
1757701041 1494 3436272 8790988
1757701042 1494 3437040 8790988
1757701043 1495 3437424 8790988
1757701044 1496 3438192 8790988
1757701045 1497 3438960 8790988
1757701046 1498 3439472 8790988
1757701047 1499 3440240 8790988
1757701048 1500 3441008 8790988
1757701049 1500 3441392 8790988
1757701050 1495 3442160 8790988
1757701051 1495 3442928 8790988
1757701052 1496 3443312 8790988
1757701053 1497 3444080 8790988
1757701055 1498 3444080 8790988
1757701056 1498 3444464 8790988
1757701057 1498 3444464 8790988
1757701058 1498 3444464 8790988
1757701059 1498 3444464 8790988
1757701060 1498 3444464 8790988
1757701061 1499 3445360 8790988
1757701062 1500 3445744 8790988
1757701063 1501 3446512 8790988
1757701064 1501 3447280 8790988
1757701065 1496 3447280 8790988
1757701066 1496 3447280 8790988
1757701067 1496 3447280 8790988
1757701068 1496 3447280 8790988
1757701069 1497 3448048 8790988
1757701071 1497 3448048 8790988
1757701072 1498 3448816 8790988
1757701073 1499 3449584 8790988
1757701074 1500 3449968 8790988
1757701075 1500 3450736 8790988
1757701076 1501 3451504 8790988
1757701077 1502 3451888 8790988
1757701078 1502 3452784 8790988
1757701079 1503 3453552 8790988
1757701080 1504 3453936 8790988
1757701081 1499 3454704 8790988
1757701082 1499 3455088 8790988
1757701083 1500 3455856 8790988
1757701084 1501 3456624 8790988
1757701086 1501 3457008 8790988
1757701087 1501 3457392 8790988
1757701088 1501 3457392 8790988
1757701089 1502 3457776 8790988
1757701090 1502 3458160 8790988
1757701091 1503 3458544 8790988
1757701092 1503 3458544 8790988
1757701093 1503 3458544 8790988
1757701094 1504 3458928 8790988
1757701095 1505 3459696 8790988
1757701096 1500 3460464 8790988
1757701097 1500 3460848 8790988
1757701098 1500 3460848 8790988
1757701099 1500 3460848 8790988
1757701100 1500 3460848 8790988
1757701102 1501 3461232 8790988
1757701103 1501 3462128 8790988
1757701104 1502 3462512 8790988
1757701105 1503 3463280 8790988
1757701106 1503 3464048 8790988
1757701107 1504 3464816 8790988
1757701108 1505 3465200 8790988
1757701109 1505 3465968 8790988
1757701110 1506 3466736 8790988
1757701111 1501 3467120 8790988
1757701112 1502 3467888 8790988
1757701113 1503 3468272 8790988
1757701114 1503 3469040 8790988
1757701115 1504 3469552 8790988
1757701117 1504 3469936 8790988
1757701118 1504 3469936 8790988
1757701119 1504 3470320 8790988
1757701120 1505 3470704 8790988
1757701121 1505 3471472 8790988
1757701122 1506 3472240 8790988
1757701123 1507 3472624 8790988
1757701124 1507 3473008 8790988
1757701125 1507 3473008 8790988
1757701126 1502 3473008 8790988
1757701127 1503 3473392 8790988
1757701128 1503 3474160 8790988
1757701129 1504 3474544 8790988
1757701130 1504 3474544 8790988
1757701132 1504 3474544 8790988
1757701133 1504 3474544 8790988
1757701134 1505 3474928 8790988
1757701135 1505 3475312 8790988
1757701136 1506 3476080 8790988
1757701137 1506 3476464 8790988
1757701138 1507 3477232 8790988
1757701139 1507 3478000 8790988
1757701140 1508 3478512 8790988
1757701141 1508 3479280 8790988
1757701142 1504 3480048 8790988
1757701143 1505 3480432 8790988
1757701144 1505 3481200 8790988
1757701145 1506 3481584 8790988
1757701146 1506 3481968 8790988
1757701148 1506 3482352 8790988
1757701149 1506 3482352 8790988
1757701150 1507 3482736 8790988
1757701151 1507 3483120 8790988
1757701152 1508 3483888 8790988
1757701153 1508 3484272 8790988
1757701154 1509 3485168 8790988
1757701155 1509 3485936 8790988
1757701156 1510 3486320 8790988
1757701157 1505 3486704 8790988
1757701158 1506 3486704 8790988
1757701159 1506 3486704 8790988
1757701160 1506 3487088 8790988
1757701161 1506 3487472 8790988
1757701163 1507 3487472 8790988
1757701164 1507 3487856 8790988
1757701165 1507 3487856 8790988
1757701166 1507 3487856 8790988
1757701167 1507 3488240 8790988
1757701168 1507 3488624 8790988
1757701169 1508 3489392 8790988
1757701170 1508 3489776 8790988
1757701171 1509 3490544 8790988
1757701172 1509 3490928 8790988
1757701173 1505 3491696 8790988
1757701174 1506 3492464 8790988
1757701175 1506 3492848 8790988
1757701176 1507 3493232 8790988
1757701177 1507 3493616 8790988
1757701179 1507 3494384 8790988
1757701180 1508 3494384 8790988
1757701181 1508 3494384 8790988
1757701182 1508 3494768 8790988
1757701183 1508 3495536 8790988
1757701184 1509 3496304 8790988
1757701185 1509 3496688 8790988
1757701186 1510 3497456 8790988
1757701187 1510 3498352 8790988
1757701188 1507 3498736 8790988
1757701189 1507 3499504 8790988
1757701190 1508 3499504 8790988
1757701191 1508 3499888 8790988
1757701192 1508 3499888 8790988
1757701194 1508 3499888 8790988
1757701195 1508 3500272 8790988
1757701196 1508 3501040 8790988
1757701197 1509 3501424 8790988
1757701198 1509 3501424 8790988
1757701199 1509 3501424 8790988
1757701200 1510 3501424 8790988
1757701201 1510 3502192 8790988
1757701202 1510 3502576 8790988
1757701203 1511 3503344 8790988
1757701204 1507 3504240 8790988
1757701205 1508 3504624 8790988
1757701206 1508 3505008 8790988
1757701207 1508 3505392 8790988
1757701209 1509 3505776 8790988
1757701210 1509 3506160 8790988
1757701211 1509 3506544 8790988
1757701212 1509 3506544 8790988
1757701213 1510 3507440 8790988
1757701214 1510 3507824 8790988
1757701215 1511 3508592 8790988
1757701216 1511 3509360 8790988
1757701217 1511 3509744 8790988
1757701218 1512 3510512 8790988
1757701219 1508 3510896 8790988
1757701220 1509 3511664 8790988
1757701221 1509 3512048 8790988
1757701222 1509 3512816 8790988
1757701223 1510 3513200 8790988
1757701225 1509 3513200 8790988
1757701226 1510 3513200 8790988
1757701227 1510 3513200 8790988
1757701228 1510 3513968 8790988
1757701229 1511 3514736 8790988
1757701230 1511 3515120 8790988
1757701231 1511 3515120 8790988
1757701232 1511 3515120 8790988
1757701233 1512 3515120 8790988
1757701234 1508 3515888 8790988
1757701235 1509 3516784 8790988
1757701236 1509 3517168 8790988
1757701237 1509 3517552 8790988
1757701238 1509 3517936 8790988
1757701240 1510 3518704 8790988
1757701241 1510 3519216 8790988
1757701242 1510 3519216 8790988
1757701243 1510 3519600 8790988
1757701244 1510 3519984 8790988
1757701245 1511 3520752 8790988
1757701246 1511 3521520 8790988
1757701247 1512 3521904 8790988
1757701248 1512 3522800 8790988
1757701249 1512 3523568 8790988
1757701250 1509 3523952 8790988
1757701251 1510 3524720 8790988
1757701252 1510 3525488 8790988
1757701253 1511 3525872 8790988
1757701255 1511 3526640 8790988
1757701256 1511 3526640 8790988
1757701257 1511 3527024 8790988
1757701258 1511 3527024 8790988
1757701259 1511 3527024 8790988
1757701260 1512 3527408 8790988
1757701261 1512 3527792 8790988
1757701262 1512 3528560 8790988
1757701263 1513 3529072 8790988
1757701264 1513 3529072 8790988
1757701265 1509 3529072 8790988
1757701266 1510 3529072 8790988
1757701267 1510 3529840 8790988
1757701268 1510 3530224 8790988
1757701269 1510 3530992 8790988
1757701270 1511 3531376 8790988
1757701272 1511 3531376 8790988
1757701273 1511 3531760 8790988
1757701274 1511 3531760 8790988
1757701275 1511 3532528 8790988
1757701276 1512 3532912 8790988
1757701277 1512 3533680 8790988
1757701278 1513 3534448 8790988
1757701279 1513 3534832 8790988
1757701280 1513 3535600 8790988
1757701281 1510 3536368 8790988
1757701282 1511 3536752 8790988
1757701283 1511 3537520 8790988
1757701284 1512 3538032 8790988
1757701285 1512 3538800 8790988
1757701287 1512 3538800 8790988
1757701288 1512 3539184 8790988
1757701289 1512 3539568 8790988
1757701290 1513 3539952 8790988
1757701291 1513 3539952 8790988
1757701292 1513 3539952 8790988
1757701293 1513 3540336 8790988
1757701294 1514 3540720 8790988
1757701295 1514 3541488 8790988
1757701296 1514 3541488 8790988
1757701297 1511 3541488 8790988
1757701298 1511 3541488 8790988
1757701299 1511 3541872 8790988
1757701300 1512 3542640 8790988
1757701302 1512 3543024 8790988
1757701303 1512 3543024 8790988
1757701304 1512 3543024 8790988
1757701305 1512 3543408 8790988
1757701306 1512 3543792 8790988
1757701307 1513 3544560 8790988
1757701308 1513 3544944 8790988
1757701309 1513 3545712 8790988
1757701310 1514 3546480 8790988
1757701311 1514 3546992 8790988
1757701312 1511 3547760 8790988
1757701313 1511 3548144 8790988
1757701314 1512 3548912 8790988
1757701315 1512 3549680 8790988
1757701316 1513 3550064 8790988
1757701318 1512 3550064 8790988
1757701319 1513 3550832 8790988
1757701320 1513 3551216 8790988
1757701321 1513 3551600 8790988
1757701322 1514 3552368 8790988
1757701323 1514 3552752 8790988
1757701324 1514 3552752 8790988
1757701325 1514 3552752 8790988
1757701326 1514 3553136 8790988
1757701327 1512 3553520 8790988
1757701328 1512 3554288 8790988
1757701329 1512 3554288 8790988
1757701330 1512 3554288 8790988
1757701331 1512 3554288 8790988
1757701333 1512 3554672 8790988
1757701334 1513 3555056 8790988
1757701335 1513 3555440 8790988
1757701336 1513 3555440 8790988
1757701337 1513 3556208 8790988
1757701338 1513 3556976 8790988
1757701339 1514 3557488 8790988
1757701340 1514 3558256 8790988
1757701341 1514 3558640 8790988
1757701342 1515 3559408 8790988
1757701343 1512 3560176 8790988
1757701344 1512 3560560 8790988
1757701345 1513 3561328 8790988
1757701346 1513 3562096 8790988
1757701347 1514 3562864 8790988
1757701349 1514 3562864 8790988
1757701350 1514 3563632 8790988
1757701351 1514 3563632 8790988
1757701352 1514 3564400 8790988
1757701353 1515 3565296 8790988
1757701354 1515 3565680 8790988
1757701355 1515 3566448 8790988
1757701356 1515 3566832 8790988
1757701357 1515 3566832 8790988
1757701358 1513 3566832 8790988
1757701359 1513 3567216 8790988
1757701360 1513 3567600 8790988
1757701361 1513 3568368 8790988
1757701362 1513 3568368 8790988
1757701364 1513 3568368 8790988
1757701365 1513 3568368 8790988
1757701366 1514 3568752 8790988
1757701367 1514 3568752 8790988
1757701368 1514 3569648 8790988
1757701369 1514 3570416 8790988
1757701370 1515 3570800 8790988
1757701371 1515 3571568 8790988
1757701372 1515 3571952 8790988
1757701373 1513 3572720 8790988
1757701374 1513 3573104 8790988
1757701375 1513 3573872 8790988
1757701376 1514 3574640 8790988
1757701377 1514 3575408 8790988
1757701379 1514 3575792 8790988
1757701380 1515 3576176 8790988
1757701381 1515 3576688 8790988
1757701382 1515 3576688 8790988
1757701383 1515 3577456 8790988
1757701384 1515 3577840 8790988
1757701385 1516 3578608 8790988
1757701386 1516 3579376 8790988
1757701387 1516 3579760 8790988
1757701388 1516 3580144 8790988
1757701389 1514 3580528 8790988
1757701390 1514 3580528 8790988
1757701391 1514 3580528 8790988
1757701392 1514 3580528 8790988
1757701393 1514 3581296 8790988
1757701395 1514 3581296 8790988
1757701396 1515 3581296 8790988
1757701397 1515 3581296 8790988
1757701398 1515 3581680 8790988
1757701399 1515 3582448 8790988
1757701400 1515 3582832 8790988
1757701401 1516 3583600 8790988
1757701402 1516 3584368 8790988
1757701403 1516 3584752 8790988
1757701404 1514 3585520 8790988
1757701405 1514 3586288 8790988
1757701406 1514 3586672 8790988
1757701407 1515 3587440 8790988
1757701408 1515 3588336 8790988
1757701410 1515 3588720 8790988
1757701411 1516 3589488 8790988
1757701412 1515 3589488 8790988
1757701413 1516 3589872 8790988
1757701414 1516 3590256 8790988
1757701415 1516 3591024 8790988
1757701416 1517 3591792 8790988
1757701417 1517 3592176 8790988
1757701418 1517 3592560 8790988
1757701419 1517 3592944 8790988
1757701420 1515 3593712 8790988
1757701421 1515 3594096 8790988
1757701422 1515 3594480 8790988
1757701423 1515 3594480 8790988
1757701424 1515 3594480 8790988
1757701426 1515 3594864 8790988
1757701427 1515 3595376 8790988
1757701428 1516 3596144 8790988
1757701429 1515 3596144 8790988
1757701430 1516 3596144 8790988
1757701431 1516 3596144 8790988
1757701432 1516 3596912 8790988
1757701433 1516 3597296 8790988
1757701434 1517 3598064 8790988
1757701435 1517 3598832 8790988
1757701436 1515 3599216 8790988
1757701437 1515 3599984 8790988
1757701438 1515 3600752 8790988
1757701439 1515 3601520 8790988
1757701440 1516 3602032 8790988
1757701442 1516 3602800 8790988
1757701443 1516 3602800 8790988
1757701444 1516 3603568 8790988
1757701445 1516 3603568 8790988
1757701446 1517 3604336 8790988
1757701447 1517 3604720 8790988
1757701448 1517 3605488 8790988
1757701449 1517 3605872 8790988
1757701450 1517 3606640 8790988
1757701451 1515 3607024 8790988
1757701452 1515 3607408 8790988
1757701453 1516 3607792 8790988
1757701454 1516 3608560 8790988
1757701455 1516 3608944 8790988
1757701457 1516 3608944 8790988
1757701458 1516 3608944 8790988
1757701459 1516 3608944 8790988
1757701460 1516 3608944 8790988
1757701461 1517 3609712 8790988
1757701462 1517 3609712 8790988
1757701463 1517 3609712 8790988
1757701464 1517 3610096 8790988
1757701465 1517 3610864 8790988
1757701466 1517 3611248 8790988
1757701467 1515 3612016 8790988
1757701468 1516 3612400 8790988
1757701469 1516 3613168 8790988
1757701470 1516 3613936 8790988
1757701471 1516 3614320 8790988
1757701473 1517 3615216 8790988
1757701474 1517 3615600 8790988
1757701475 1517 3615984 8790988
1757701476 1517 3615984 8790988
1757701477 1517 3616880 8790988
1757701478 1517 3617264 8790988
1757701479 1518 3617648 8790988
1757701480 1518 3618416 8790988
1757701481 1518 3618800 8790988
1757701482 1518 3619184 8790988
1757701483 1516 3619952 8790988
1757701484 1516 3620336 8790988
1757701485 1516 3620336 8790988
1757701486 1517 3621232 8790988
1757701488 1517 3622000 8790988
1757701489 1517 3622768 8790988
1757701490 1517 3622768 8790988
1757701491 1517 3622768 8790988
1757701492 1517 3622768 8790988
1757701493 1517 3623536 8790988
1757701494 1518 3623920 8790988
1757701495 1518 3623920 8790988
1757701496 1518 3623920 8790988
1757701497 1516 3624304 8790988
1757701498 1516 3625072 8790988
1757701499 1516 3625456 8790988
1757701500 1517 3626224 8790988
1757701501 1517 3626992 8790988
1757701503 1517 3627376 8790988
1757701504 1517 3628144 8790988
1757701505 1517 3628528 8790988
1757701506 1518 3628528 8790988
1757701507 1518 3628912 8790988
1757701508 1518 3629680 8790988
1757701509 1518 3629680 8790988
1757701510 1518 3630448 8790988
1757701511 1518 3630832 8790988
1757701512 1516 3631600 8790988
1757701513 1517 3631984 8790988
1757701514 1517 3632368 8790988
1757701515 1517 3632752 8790988
1757701516 1517 3633136 8790988
1757701518 1517 3633520 8790988
1757701519 1518 3634416 8790988
1757701520 1518 3635184 8790988
1757701521 1518 3635568 8790988
1757701522 1518 3636336 8790988
1757701523 1518 3636336 8790988
1757701524 1518 3636336 8790988
1757701525 1518 3636336 8790988
1757701526 1518 3637104 8790988
1757701527 1518 3637104 8790988
1757701528 1518 3637104 8790988
1757701529 1516 3637104 8790988
1757701530 1516 3637872 8790988
1757701531 1517 3638640 8790988
1757701532 1517 3639024 8790988
1757701534 1517 3639792 8790988
1757701535 1517 3640176 8790988
1757701536 1518 3640944 8790988
1757701537 1518 3640944 8790988
1757701538 1518 3641328 8790988
1757701539 1518 3641712 8790988
1757701540 1518 3642096 8790988
1757701541 1518 3642864 8790988
1757701542 1519 3643248 8790988
1757701543 1517 3643632 8790988
1757701544 1517 3644016 8790988
1757701545 1517 3644912 8790988
1757701546 1517 3645296 8790988
1757701547 1517 3645680 8790988
1757701549 1517 3646448 8790988
1757701550 1518 3647216 8790988
1757701551 1518 3647600 8790988
1757701552 1518 3648368 8790988
1757701553 1518 3648752 8790988
1757701554 1518 3649136 8790988
1757701555 1519 3649520 8790988
1757701556 1519 3649520 8790988
1757701557 1519 3649520 8790988
1757701558 1519 3649520 8790988
1757701559 1517 3650288 8790988
1757701560 1517 3650672 8790988
1757701561 1517 3650672 8790988
1757701562 1517 3650672 8790988
1757701564 1518 3651568 8790988
1757701565 1518 3651952 8790988
1757701566 1518 3652720 8790988
1757701567 1518 3653488 8790988
1757701568 1518 3653488 8790988
1757701569 1518 3653872 8790988
1757701570 1518 3654256 8790988
1757701571 1519 3654768 8790988
1757701572 1519 3655152 8790988
1757701573 1519 3655920 8790988
1757701574 1517 3656304 8790988
1757701575 1517 3656688 8790988
1757701576 1517 3657072 8790988
1757701577 1517 3657840 8790988
1757701578 1518 3658224 8790988
1757701580 1518 3658992 8790988
1757701581 1518 3659760 8790988
1757701582 1518 3660144 8790988
1757701583 1519 3661040 8790988
1757701584 1519 3661424 8790988
1757701585 1519 3661808 8790988
1757701586 1519 3662576 8790988
1757701587 1519 3662960 8790988
1757701588 1519 3663728 8790988
1757701589 1520 3663728 8790988
1757701590 1518 3663728 8790988
1757701591 1518 3663728 8790988
1757701592 1518 3664496 8790988
1757701593 1518 3664496 8790988
1757701594 1518 3664496 8790988
1757701596 1518 3664496 8790988
1757701597 1518 3665264 8790988
1757701598 1518 3665648 8790988
1757701599 1519 3666032 8790988
1757701600 1519 3666032 8790988
1757701601 1519 3666032 8790988
1757701602 1519 3666800 8790988
1757701603 1519 3667184 8790988
1757701604 1519 3667952 8790988
1757701605 1517 3667952 8790988
1757701606 1517 3668720 8790988
1757701607 1518 3669232 8790988
1757701608 1518 3670000 8790988
1757701609 1518 3670384 8790988
1757701611 1518 3671152 8790988
1757701612 1519 3671536 8790988
1757701613 1519 3672304 8790988
1757701614 1519 3673072 8790988
1757701615 1519 3673456 8790988
1757701616 1519 3674224 8790988
1757701617 1519 3674608 8790988
1757701618 1520 3675376 8790988
1757701619 1520 3675760 8790988
1757701620 1518 3676656 8790988
1757701621 1518 3677424 8790988
1757701622 1518 3677424 8790988
1757701623 1519 3677424 8790988
1757701625 1519 3677424 8790988
1757701626 1519 3677808 8790988
1757701627 1519 3677808 8790988
1757701628 1519 3677808 8790988
1757701629 1519 3678192 8790988
1757701630 1519 3678960 8790988
1757701631 1519 3678960 8790988
1757701632 1519 3678960 8790988
1757701633 1519 3678960 8790988
1757701634 1519 3679344 8790988
1757701635 1519 3679728 8790988
1757701636 1518 3680496 8790988
1757701637 1518 3680496 8790988
1757701638 1518 3681264 8790988
1757701639 1518 3682032 8790988
1757701640 1518 3682416 8790988
1757701642 1519 3683184 8790988
1757701643 1519 3683952 8790988
1757701644 1519 3684336 8790988
1757701645 1519 3685104 8790988
1757701646 1519 3685872 8790988
1757701647 1520 3686384 8790988
1757701648 1520 3686768 8790988
1757701649 1520 3687152 8790988
1757701650 1520 3687920 8790988
1757701651 1518 3688688 8790988
1757701652 1519 3689072 8790988
1757701653 1519 3689840 8790988
1757701654 1519 3690608 8790988
1757701655 1519 3690608 8790988
1757701657 1519 3690608 8790988
1757701658 1519 3690608 8790988
1757701659 1519 3690992 8790988
1757701660 1519 3690992 8790988
1757701661 1519 3690992 8790988
1757701662 1519 3690992 8790988
1757701663 1519 3690992 8790988
1757701664 1520 3691760 8790988
1757701665 1520 3692144 8790988
1757701666 1518 3692528 8790988
1757701667 1518 3693296 8790988
1757701668 1518 3693680 8790988
1757701669 1518 3694448 8790988
1757701670 1519 3694832 8790988
1757701672 1519 3695600 8790988
1757701673 1519 3695984 8790988
1757701674 1519 3696752 8790988
1757701675 1519 3697520 8790988
1757701676 1520 3697904 8790988
1757701677 1520 3698672 8790988
1757701678 1520 3699056 8790988
1757701679 1520 3699440 8790988
1757701680 1520 3700208 8790988
1757701681 1519 3700976 8790988
1757701682 1519 3701360 8790988
1757701683 1519 3702128 8790988
1757701684 1519 3702512 8790988
1757701686 1519 3703280 8790988
1757701687 1520 3704048 8790988
1757701688 1520 3704432 8790988
1757701689 1520 3704816 8790988
1757701690 1520 3704816 8790988
1757701691 1520 3704816 8790988
1757701692 1520 3704816 8790988
1757701693 1520 3704816 8790988
1757701694 1520 3704816 8790988
1757701695 1520 3704816 8790988
1757701696 1520 3705200 8790988
1757701697 1518 3705968 8790988
1757701698 1518 3705968 8790988
1757701699 1518 3706864 8790988
1757701700 1519 3707632 8790988
1757701701 1519 3708016 8790988
1757701703 1519 3708784 8790988
1757701704 1519 3709168 8790988
1757701705 1519 3709936 8790988
1757701706 1520 3710704 8790988
1757701707 1520 3711472 8790988
1757701708 1520 3711856 8790988
1757701709 1520 3712624 8790988
1757701710 1520 3712624 8790988
1757701711 1520 3713392 8790988
1757701712 1519 3714160 8790988
1757701713 1519 3714544 8790988
1757701714 1519 3715440 8790988
1757701715 1519 3715952 8790988
1757701716 1520 3716720 8790988
1757701718 1520 3717488 8790988
1757701719 1520 3718000 8790988
1757701720 1520 3718768 8790988
1757701721 1520 3719536 8790988
1757701722 1520 3719536 8790988
1757701723 1520 3719536 8790988
1757701724 1520 3719536 8790988
1757701725 1520 3719536 8790988
1757701726 1520 3719536 8790988
1757701727 1518 3719536 8790988
1757701728 1518 3719920 8790988
1757701729 1518 3720304 8790988
1757701730 1519 3721072 8790988
1757701731 1519 3721456 8790988
1757701732 1519 3722224 8790988
1757701734 1519 3722992 8790988
1757701735 1519 3723504 8790988
1757701736 1519 3724272 8790988
1757701737 1520 3724656 8790988
1757701738 1520 3725424 8790988
1757701739 1520 3725808 8790988
1757701740 1520 3726576 8790988
1757701741 1520 3726960 8790988
1757701742 1520 3727728 8790988
1757701743 1519 3728112 8790988
1757701744 1519 3728880 8790988
1757701745 1519 3729648 8790988
1757701746 1519 3730032 8790988
1757701747 1520 3730928 8790988
1757701749 1520 3731696 8790988
1757701750 1520 3732464 8790988
1757701751 1520 3732848 8790988
1757701752 1520 3733616 8790988
1757701753 1521 3734000 8790988
1757701754 1521 3734768 8790988
1757701755 1521 3734768 8790988
1757701756 1521 3734768 8790988
1757701757 1520 3734768 8790988
1757701758 1519 3734768 8790988
1757701759 1519 3734768 8790988
1757701760 1519 3734768 8790988
1757701761 1519 3735536 8790988
1757701762 1519 3735920 8790988
1757701764 1519 3736688 8790988
1757701765 1519 3737456 8790988
1757701766 1520 3737840 8790988
1757701767 1520 3738608 8790988
1757701768 1520 3739376 8790988
1757701769 1520 3739760 8790988
1757701770 1520 3740528 8790988
1757701771 1521 3741424 8790988
1757701772 1521 3741424 8790988
1757701773 1519 3742320 8790988
1757701774 1519 3742704 8790988
1757701775 1520 3743472 8790988
1757701776 1520 3743856 8790988
1757701777 1520 3744624 8790988
1757701779 1520 3745392 8790988
1757701780 1520 3745776 8790988
1757701781 1520 3746544 8790988
1757701782 1521 3747312 8790988
1757701783 1521 3747696 8790988
1757701784 1521 3748464 8790988
1757701785 1521 3748848 8790988
1757701786 1521 3748848 8790988
1757701787 1521 3749232 8790988
1757701788 1519 3749232 8790988
1757701789 1519 3749232 8790988
1757701790 1519 3749232 8790988
1757701791 1519 3749232 8790988
1757701792 1519 3749232 8790988
1757701793 1519 3749232 8790988
1757701795 1520 3749616 8790988
1757701796 1520 3750000 8790988
1757701797 1520 3750768 8790988
1757701798 1520 3751536 8790988
1757701799 1520 3751920 8790988
1757701800 1520 3752688 8790988
1757701801 1521 3753456 8790988
1757701802 1521 3753840 8790988
1757701803 1521 3753840 8790988
1757701804 1519 3754608 8790988
1757701805 1520 3755504 8790988
1757701806 1520 3755888 8790988
1757701807 1520 3756656 8790988
1757701809 1520 3757424 8790988
1757701810 1520 3757808 8790988
1757701811 1520 3758576 8790988
1757701812 1521 3758960 8790988
1757701813 1521 3759728 8790988
1757701814 1521 3760496 8790988
1757701815 1521 3760880 8790988
1757701816 1521 3761264 8790988
1757701817 1521 3761648 8790988
1757701818 1521 3761648 8790988
1757701819 1520 3761648 8790988
1757701820 1520 3762416 8790988
1757701821 1520 3762416 8790988
1757701822 1520 3762416 8790988
1757701823 1520 3762416 8790988
1757701824 1520 3762416 8790988
1757701826 1520 3762416 8790988
1757701827 1520 3762416 8790988
1757701828 1520 3762800 8790988
1757701829 1520 3763696 8790988
1757701830 1520 3764464 8790988
1757701831 1521 3764848 8790988
1757701832 1521 3765616 8790988
1757701833 1521 3766000 8790988
1757701834 1521 3766384 8790988
1757701835 1521 3767152 8790988
1757701836 1520 3767920 8790988
1757701837 1520 3768304 8790988
1757701838 1520 3769072 8790988
1757701839 1520 3769456 8790988
1757701841 1520 3770224 8790988
1757701842 1521 3770992 8790988
1757701843 1521 3771376 8790988
1757701844 1521 3772144 8790988
1757701845 1521 3772528 8790988
1757701846 1521 3773296 8790988
1757701847 1521 3773680 8790988
1757701848 1521 3773680 8790988
1757701849 1521 3773680 8790988
1757701850 1521 3774064 8790988
1757701851 1521 3774448 8790988
1757701852 1520 3774832 8790988
1757701853 1520 3775728 8790988
1757701854 1520 3776112 8790988
1757701855 1520 3776112 8790988
1757701856 1520 3776112 8790988
1757701858 1520 3776112 8790988
1757701859 1520 3776112 8790988
1757701860 1520 3776496 8790988
1757701861 1521 3776880 8790988
1757701862 1521 3777648 8790988
1757701863 1521 3778416 8790988
1757701864 1521 3778800 8790988
1757701865 1521 3779312 8790988
1757701866 1521 3779696 8790988
1757701867 1521 3780464 8790988
1757701868 1520 3781232 8790988
1757701869 1520 3782000 8790988
1757701870 1520 3782384 8790988
1757701871 1521 3783152 8790988
1757701873 1521 3783536 8790988
1757701874 1521 3784304 8790988
1757701875 1521 3785072 8790988
1757701876 1521 3785456 8790988
1757701877 1521 3786224 8790988
1757701878 1521 3786224 8790988
1757701879 1521 3786608 8790988
1757701880 1521 3786608 8790988
1757701881 1521 3786608 8790988
1757701882 1521 3786992 8790988
1757701883 1520 3787760 8790988
1757701884 1520 3788144 8790988
1757701885 1520 3788912 8790988
1757701886 1521 3789680 8790988
1757701887 1521 3790064 8790988
1757701889 1521 3790064 8790988
1757701890 1521 3790064 8790988
1757701891 1521 3790064 8790988
1757701892 1521 3790064 8790988
1757701893 1521 3790064 8790988
1757701894 1521 3790832 8790988
1757701895 1521 3791600 8790988
1757701896 1521 3791984 8790988
1757701897 1521 3792368 8790988
1757701898 1521 3793136 8790988
1757701899 1520 3793520 8790988
1757701900 1520 3794288 8790988
1757701901 1521 3795056 8790988
1757701902 1521 3795952 8790988
1757701903 1521 3796336 8790988
1757701905 1521 3797104 8790988
1757701906 1521 3797488 8790988
1757701907 1521 3797872 8790988
1757701908 1521 3798640 8790988
1757701909 1521 3798640 8790988
1757701910 1521 3799408 8790988
1757701911 1521 3799408 8790988
1757701912 1521 3799408 8790988
1757701913 1522 3799920 8790988
1757701914 1520 3800688 8790988
1757701915 1520 3801456 8790988
1757701916 1521 3802224 8790988
1757701917 1521 3802608 8790988
1757701918 1521 3803376 8790988
1757701920 1521 3803760 8790988
1757701921 1521 3804656 8790988
1757701922 1521 3804656 8790988
1757701923 1521 3804656 8790988
1757701924 1521 3804656 8790988
1757701925 1521 3804656 8790988
1757701926 1521 3805040 8790988
1757701927 1521 3805040 8790988
1757701928 1522 3805808 8790988
1757701929 1522 3806192 8790988
1757701930 1520 3806960 8790988
1757701931 1520 3807728 8790988
1757701932 1520 3808112 8790988
1757701933 1521 3808880 8790988
1757701934 1521 3809264 8790988
1757701936 1521 3810032 8790988
1757701937 1521 3810800 8790988
1757701938 1521 3811184 8790988
1757701939 1521 3811568 8790988
1757701940 1521 3811952 8790988
1757701941 1521 3812336 8790988
1757701942 1521 3812336 8790988
1757701943 1521 3812720 8790988
1757701944 1521 3813104 8790988
1757701945 1520 3813488 8790988
1757701946 1520 3814256 8790988
1757701947 1521 3815024 8790988
1757701948 1521 3815408 8790988
1757701949 1521 3816176 8790988
1757701951 1521 3816688 8790988
1757701952 1521 3817456 8790988
1757701953 1521 3818224 8790988
1757701954 1521 3818608 8790988
1757701955 1521 3818608 8790988
1757701956 1521 3818608 8790988
1757701957 1521 3818608 8790988
1757701958 1521 3818608 8790988
1757701959 1521 3818992 8790988
1757701960 1520 3819760 8790988
1757701961 1520 3820528 8790988
1757701962 1521 3820912 8790988
1757701963 1521 3821680 8790988
1757701964 1521 3822064 8790988
1757701966 1521 3822832 8790988
1757701967 1521 3823216 8790988
1757701968 1521 3823984 8790988
1757701969 1521 3824368 8790988
1757701970 1521 3824752 8790988
1757701971 1522 3825520 8790988
1757701972 1522 3825904 8790988
1757701973 1522 3825904 8790988
1757701974 1522 3825904 8790988
1757701975 1520 3826288 8790988
1757701976 1520 3827184 8790988
1757701977 1521 3827568 8790988
1757701978 1521 3828336 8790988
1757701979 1521 3829104 8790988
1757701981 1521 3829488 8790988
1757701982 1521 3830256 8790988
1757701983 1521 3831024 8790988
1757701984 1521 3831408 8790988
1757701985 1522 3832176 8790988
1757701986 1522 3832560 8790988
1757701987 1522 3833328 8790988
1757701988 1522 3833328 8790988
1757701989 1522 3833328 8790988
1757701990 1520 3833328 8790988
1757701991 1521 3833328 8790988
1757701992 1521 3833712 8790988
1757701993 1521 3834480 8790988
1757701994 1521 3835248 8790988
1757701996 1521 3835760 8790988
1757701997 1521 3836528 8790988
1757701998 1521 3836912 8790988
1757701999 1521 3837680 8790988
1757702000 1521 3837680 8790988
1757702001 1522 3838448 8790988
1757702002 1522 3839216 8790988
1757702003 1522 3839600 8790988
1757702004 1522 3839600 8790988
1757702005 1522 3839600 8790988
1757702006 1521 3839984 8790988
1757702007 1521 3840880 8790988
1757702008 1521 3841648 8790988
1757702009 1521 3842032 8790988
1757702011 1521 3842800 8790988
1757702012 1521 3843184 8790988
1757702013 1521 3843952 8790988
1757702014 1522 3844336 8790988
1757702015 1522 3845104 8790988
1757702016 1522 3845872 8790988
1757702017 1522 3846640 8790988
1757702018 1522 3847024 8790988
1757702019 1522 3847792 8790988
1757702020 1522 3848176 8790988
1757702021 1521 3848176 8790988
1757702022 1521 3848176 8790988
1757702023 1521 3848176 8790988
1757702024 1521 3848176 8790988
1757702025 1521 3848560 8790988
1757702027 1521 3849328 8790988
1757702028 1521 3849712 8790988
1757702029 1522 3850480 8790988
1757702030 1522 3850480 8790988
1757702031 1522 3851248 8790988
1757702032 1522 3852016 8790988
1757702033 1522 3852400 8790988
1757702034 1522 3852784 8790988
1757702035 1522 3852784 8790988
1757702036 1521 3852784 8790988
1757702037 1521 3853680 8790988
1757702038 1521 3854064 8790988
1757702039 1521 3854832 8790988
1757702040 1521 3855600 8790988
1757702042 1521 3855984 8790988
1757702043 1521 3856752 8790988
1757702044 1522 3857520 8790988
1757702045 1522 3857904 8790988
1757702046 1522 3858672 8790988
1757702047 1522 3859056 8790988
1757702048 1522 3859824 8790988
1757702049 1522 3860208 8790988
1757702050 1522 3861104 8790988
1757702051 1521 3861488 8790988
1757702052 1521 3862256 8790988
1757702053 1521 3862640 8790988
1757702054 1522 3862640 8790988
1757702055 1521 3862640 8790988
1757702057 1521 3862640 8790988
1757702058 1521 3862640 8790988
1757702059 1522 3863024 8790988
1757702060 1522 3863792 8790988
1757702061 1522 3864304 8790988
1757702062 1522 3865072 8790988
1757702063 1522 3865456 8790988
1757702064 1522 3866224 8790988
1757702065 1522 3866608 8790988
1757702066 1521 3866608 8790988
1757702067 1521 3866608 8790988
1757702068 1521 3867376 8790988
1757702069 1521 3867760 8790988
1757702070 1521 3868528 8790988
1757702072 1522 3869424 8790988
1757702073 1522 3869808 8790988
1757702074 1522 3870576 8790988
1757702075 1522 3870960 8790988
1757702076 1522 3871728 8790988
1757702077 1522 3872496 8790988
1757702078 1522 3872880 8790988
1757702079 1522 3873648 8790988
1757702080 1523 3874416 8790988
1757702081 1521 3874800 8790988
1757702082 1521 3875184 8790988
1757702083 1522 3875952 8790988
1757702084 1522 3876720 8790988
1757702085 1522 3877104 8790988
1757702087 1522 3877488 8790988
1757702088 1522 3877872 8790988
1757702089 1522 3877872 8790988
1757702090 1522 3877872 8790988
1757702091 1522 3877872 8790988
1757702092 1522 3878256 8790988
1757702093 1522 3879152 8790988
1757702094 1522 3879536 8790988
1757702095 1522 3880304 8790988
1757702096 1522 3880304 8790988
1757702097 1521 3880304 8790988
1757702098 1521 3880688 8790988
1757702099 1521 3881584 8790988
1757702100 1521 3881968 8790988
1757702101 1521 3882736 8790988
1757702102 1522 3883504 8790988
1757702104 1522 3883888 8790988
1757702105 1522 3884656 8790988
1757702106 1522 3885040 8790988
1757702107 1522 3885808 8790988
1757702108 1522 3886576 8790988
1757702109 1522 3887088 8790988
1757702110 1522 3887856 8790988
1757702111 1523 3888624 8790988
1757702112 1523 3889008 8790988
1757702113 1522 3889392 8790988
1757702114 1522 3890160 8790988
1757702115 1522 3890544 8790988
1757702116 1522 3891312 8790988
1757702117 1522 3891696 8790988
1757702119 1522 3892464 8790988
1757702120 1522 3892848 8790988
1757702121 1522 3893232 8790988
1757702122 1522 3893232 8790988
1757702123 1522 3893232 8790988
1757702124 1522 3893232 8790988
1757702125 1522 3894000 8790988
1757702126 1522 3894768 8790988
1757702127 1522 3894768 8790988
1757702128 1522 3894768 8790988
1757702129 1521 3895152 8790988
1757702130 1521 3895920 8790988
1757702131 1521 3896304 8790988
1757702132 1522 3897200 8790988
1757702133 1522 3897584 8790988
1757702135 1522 3898352 8790988
1757702136 1522 3899120 8790988
1757702137 1522 3899504 8790988
1757702138 1522 3900400 8790988
1757702139 1522 3901168 8790988
1757702140 1522 3901936 8790988
1757702141 1523 3902320 8790988
1757702142 1523 3903088 8790988
1757702143 1523 3903472 8790988
1757702144 1522 3903856 8790988
1757702145 1522 3904240 8790988
1757702146 1522 3905008 8790988
1757702147 1522 3905776 8790988
1757702148 1522 3906160 8790988
1757702150 1522 3906928 8790988
1757702151 1522 3907696 8790988
1757702152 1523 3908080 8790988
1757702153 1523 3908592 8790988
1757702154 1523 3908592 8790988
1757702155 1523 3908592 8790988
1757702156 1523 3908592 8790988
1757702157 1523 3908976 8790988
1757702158 1523 3908976 8790988
1757702159 1521 3908976 8790988
1757702160 1521 3909360 8790988
1757702161 1522 3910128 8790988
1757702162 1522 3910640 8790988
1757702163 1522 3911408 8790988
1757702165 1522 3911792 8790988
1757702166 1522 3912560 8790988
1757702167 1522 3913328 8790988
1757702168 1522 3913712 8790988
1757702169 1522 3914480 8790988
1757702170 1522 3915248 8790988
1757702171 1523 3915632 8790988
1757702172 1523 3916400 8790988
1757702173 1523 3917168 8790988
1757702174 1523 3917552 8790988
1757702175 1522 3917936 8790988
1757702176 1522 3918704 8790988
1757702177 1522 3919088 8790988
1757702178 1522 3919856 8790988
1757702180 1522 3920240 8790988
1757702181 1522 3921008 8790988
1757702182 1523 3921392 8790988
1757702183 1523 3921776 8790988
1757702184 1523 3922544 8790988
1757702185 1523 3923312 8790988
1757702186 1523 3923696 8790988
1757702187 1523 3924080 8790988
1757702188 1523 3924080 8790988
1757702189 1523 3924080 8790988
1757702190 1522 3924080 8790988
1757702191 1522 3924080 8790988
1757702192 1522 3924848 8790988
1757702193 1522 3925232 8790988
1757702194 1522 3926000 8790988
1757702196 1522 3926768 8790988
1757702197 1522 3927664 8790988
1757702198 1522 3928048 8790988
1757702199 1522 3928816 8790988
1757702200 1522 3929200 8790988
1757702201 1523 3929968 8790988
1757702202 1523 3930352 8790988
1757702203 1523 3931120 8790988
1757702204 1523 3931888 8790988
1757702205 1522 3932272 8790988
1757702206 1522 3932656 8790988
1757702207 1522 3933040 8790988
1757702208 1522 3933808 8790988
1757702209 1522 3934576 8790988
1757702211 1522 3934960 8790988
1757702212 1523 3935856 8790988
1757702213 1523 3936240 8790988
1757702214 1523 3936624 8790988
1757702215 1523 3937392 8790988
1757702216 1523 3937776 8790988
1757702217 1523 3938672 8790988
1757702218 1523 3939440 8790988
1757702219 1523 3939824 8790988
1757702220 1522 3939824 8790988
1757702221 1522 3939824 8790988
1757702222 1522 3939824 8790988
1757702223 1522 3939824 8790988
1757702224 1522 3940592 8790988
1757702226 1522 3941360 8790988
1757702227 1522 3941744 8790988
1757702228 1522 3942512 8790988
1757702229 1522 3943280 8790988
1757702230 1523 3943664 8790988
1757702231 1523 3944432 8790988
1757702232 1523 3945328 8790988
1757702233 1523 3945712 8790988
1757702234 1523 3946480 8790988
1757702235 1523 3946864 8790988
1757702236 1522 3947632 8790988
1757702237 1522 3948016 8790988
1757702238 1522 3948400 8790988
1757702239 1522 3949168 8790988
1757702241 1522 3949552 8790988
1757702242 1523 3950320 8790988
1757702243 1523 3951088 8790988
1757702244 1523 3951472 8790988
1757702245 1523 3951856 8790988
1757702246 1523 3952240 8790988
1757702247 1523 3953008 8790988
1757702248 1523 3953392 8790988
1757702249 1523 3954160 8790988
1757702250 1523 3954672 8790988
1757702251 1522 3954672 8790988
1757702252 1522 3954672 8790988
1757702253 1522 3955056 8790988
1757702254 1522 3955056 8790988
1757702255 1522 3955056 8790988
1757702257 1522 3955056 8790988
1757702258 1522 3955824 8790988
1757702259 1522 3956592 8790988
1757702260 1523 3957360 8790988
1757702261 1523 3957744 8790988
1757702262 1523 3958512 8790988
1757702263 1523 3958896 8790988
1757702264 1523 3959664 8790988
1757702265 1523 3960560 8790988
1757702266 1522 3960944 8790988
1757702267 1522 3961328 8790988
1757702268 1522 3962096 8790988
1757702269 1522 3962608 8790988
1757702270 1523 3963376 8790988
1757702272 1523 3963760 8790988
1757702273 1523 3964528 8790988
1757702274 1523 3964912 8790988
1757702275 1523 3965680 8790988
1757702276 1523 3965680 8790988
1757702277 1523 3966448 8790988
1757702278 1523 3967216 8790988
1757702279 1523 3967984 8790988
1757702280 1523 3968368 8790988
1757702281 1522 3968752 8790988
1757702282 1522 3968752 8790988
1757702283 1522 3968752 8790988
1757702284 1522 3969136 8790988
1757702285 1523 3970032 8790988
1757702287 1523 3970416 8790988
1757702288 1523 3970416 8790988
1757702289 1523 3970416 8790988
1757702290 1523 3970416 8790988
1757702291 1523 3971184 8790988
1757702292 1523 3971952 8790988
1757702293 1523 3972336 8790988
1757702294 1523 3973104 8790988
1757702295 1523 3973872 8790988
1757702296 1523 3974256 8790988
1757702297 1522 3975024 8790988
1757702298 1522 3975024 8790988
1757702299 1522 3975920 8790988
1757702300 1522 3976688 8790988
1757702301 1523 3977072 8790988
1757702303 1523 3977840 8790988
1757702304 1523 3978224 8790988
1757702305 1523 3978992 8790988
1757702306 1523 3979376 8790988
1757702307 1523 3979760 8790988
1757702308 1523 3980144 8790988
1757702309 1523 3980912 8790988
1757702310 1523 3981680 8790988
1757702311 1523 3982064 8790988
1757702312 1522 3982448 8790988
1757702313 1522 3982448 8790988
1757702314 1522 3982448 8790988
1757702315 1523 3982832 8790988
1757702316 1523 3983600 8790988
1757702318 1523 3983984 8790988
1757702319 1523 3984752 8790988
1757702320 1523 3984752 8790988
1757702321 1523 3984752 8790988
1757702322 1523 3984752 8790988
1757702323 1523 3985136 8790988
1757702324 1523 3985904 8790988
1757702325 1523 3986288 8790988
1757702326 1523 3987056 8790988
1757702327 1523 3987952 8790988
1757702328 1522 3988336 8790988
1757702329 1522 3988720 8790988
1757702330 1522 3989488 8790988
1757702331 1523 3989872 8790988
1757702332 1523 3990640 8790988
1757702334 1523 3991024 8790988
1757702335 1523 3991792 8790988
1757702336 1523 3992176 8790988
1757702337 1523 3992560 8790988
1757702338 1523 3993328 8790988
1757702339 1523 3993712 8790988
1757702340 1523 3994480 8790988
1757702341 1523 3995248 8790988
1757702342 1523 3995632 8790988
1757702343 1523 3996016 8790988
1757702344 1522 3996016 8790988
1757702345 1522 3996016 8790988
1757702346 1523 3996784 8790988
1757702347 1523 3997168 8790988
1757702349 1523 3997936 8790988
1757702350 1523 3998704 8790988
1757702351 1523 3999088 8790988
1757702352 1523 3999984 8790988
1757702353 1523 3999984 8790988
1757702354 1523 3999984 8790988
1757702355 1523 3999984 8790988
1757702356 1523 4000368 8790988
1757702357 1523 4000752 8790988
1757702358 1523 4001520 8790988
1757702359 1522 4002288 8790988
1757702360 1522 4002288 8790988
1757702361 1523 4003056 8790988
1757702362 1523 4003440 8790988
1757702363 1523 4004208 8790988
1757702365 1523 4004976 8790988
1757702366 1523 4005360 8790988
1757702367 1523 4005744 8790988
1757702368 1523 4006128 8790988
1757702369 1523 4007024 8790988
1757702370 1523 4007408 8790988
1757702371 1523 4008176 8790988
1757702372 1524 4008944 8790988
1757702373 1524 4009328 8790988
1757702374 1524 4009712 8790988
1757702375 1523 4009712 8790988
1757702376 1523 4009712 8790988
1757702377 1523 4010480 8790988
1757702378 1523 4010864 8790988
1757702379 1523 4011632 8790988
1757702381 1523 4012400 8790988
1757702382 1523 4013168 8790988
1757702383 1523 4013552 8790988
1757702384 1523 4014320 8790988
1757702385 1523 4014704 8790988
1757702386 1523 4014704 8790988
1757702387 1523 4014704 8790988
1757702388 1523 4014704 8790988
1757702389 1523 4015088 8790988
1757702390 1523 4015472 8790988
1757702391 1523 4015856 8790988
1757702392 1523 4016240 8790988
1757702393 1523 4017008 8790988
1757702394 1523 4017776 8790988
1757702396 1523 4018160 8790988
1757702397 1523 4018544 8790988
1757702398 1523 4018928 8790988
1757702399 1523 4019696 8790988
1757702400 1523 4020208 8790988
1757702401 1523 4020976 8790988
1757702402 1523 4021360 8790988
1757702403 1523 4021744 8790988
1757702404 1524 4022512 8790988
1757702405 1524 4022512 8790988
1757702406 1523 4022512 8790988
1757702407 1523 4022896 8790988
1757702408 1523 4023664 8790988
1757702409 1523 4024048 8790988
1757702411 1523 4024816 8790988
1757702412 1523 4025200 8790988
1757702413 1523 4025968 8790988
1757702414 1523 4026352 8790988
1757702415 1523 4027120 8790988
1757702416 1523 4027888 8790988
1757702417 1523 4028784 8790988
1757702418 1524 4029168 8790988
1757702419 1524 4029168 8790988
1757702420 1524 4029168 8790988
1757702421 1523 4029168 8790988
1757702422 1523 4029168 8790988
1757702423 1523 4029552 8790988
1757702424 1523 4030320 8790988
1757702425 1523 4030704 8790988
1757702427 1523 4031472 8790988
1757702428 1523 4031856 8790988
1757702429 1523 4032240 8790988
1757702430 1523 4032624 8790988
1757702431 1523 4033392 8790988
1757702432 1523 4033776 8790988
1757702433 1523 4034160 8790988
1757702434 1523 4034928 8790988
1757702435 1524 4035312 8790988
1757702436 1524 4035312 8790988
1757702437 1523 4035696 8790988
1757702438 1523 4035696 8790988
1757702439 1523 4036080 8790988
1757702440 1523 4036848 8790988
1757702441 1523 4037232 8790988
1757702443 1523 4038128 8790988
1757702444 1523 4038896 8790988
1757702445 1523 4039280 8790988
1757702446 1523 4040048 8790988
1757702447 1523 4040432 8790988
1757702448 1523 4041200 8790988
1757702449 1524 4041584 8790988
1757702450 1524 4042352 8790988
1757702451 1524 4042736 8790988
1757702452 1524 4042736 8790988
1757702453 1523 4042736 8790988
1757702454 1523 4042736 8790988
1757702455 1523 4043120 8790988
1757702456 1523 4043504 8790988
1757702457 1523 4043888 8790988
1757702459 1523 4044784 8790988
1757702460 1523 4044784 8790988
1757702461 1523 4045552 8790988
1757702462 1523 4045936 8790988
1757702463 1523 4046704 8790988
1757702464 1523 4047472 8790988
1757702465 1524 4048368 8790988
1757702466 1524 4048368 8790988
1757702467 1524 4048368 8790988
1757702468 1523 4048368 8790988
1757702469 1523 4048368 8790988
1757702470 1523 4048752 8790988
1757702471 1523 4049520 8790988
1757702472 1523 4049904 8790988
1757702474 1523 4050672 8790988
1757702475 1523 4051056 8790988
1757702476 1523 4051824 8790988
1757702477 1523 4052592 8790988
1757702478 1523 4052976 8790988
1757702479 1524 4053744 8790988
1757702480 1524 4054128 8790988
1757702481 1524 4055024 8790988
1757702482 1524 4055792 8790988
1757702483 1524 4056176 8790988
1757702484 1523 4056560 8790988
1757702485 1523 4056560 8790988
1757702486 1523 4056560 8790988
1757702487 1523 4056560 8790988
1757702489 1523 4056560 8790988
1757702490 1523 4056944 8790988
1757702491 1523 4057840 8790988
1757702492 1523 4058224 8790988
1757702493 1523 4058992 8790988
1757702494 1523 4059376 8790988
1757702495 1523 4060144 8790988
1757702496 1524 4060528 8790988
1757702497 1524 4061296 8790988
1757702498 1524 4061296 8790988
1757702499 1523 4061296 8790988
1757702500 1523 4061808 8790988
1757702501 1523 4062192 8790988
1757702502 1523 4062576 8790988
1757702503 1523 4063344 8790988
1757702505 1523 4064112 8790988
1757702506 1523 4064496 8790988
1757702507 1523 4065264 8790988
1757702508 1523 4066032 8790988
1757702509 1523 4066416 8790988
1757702510 1524 4067184 8790988
1757702511 1524 4067952 8790988
1757702512 1524 4068336 8790988
1757702513 1524 4069104 8790988
1757702514 1523 4070000 8790988
1757702515 1523 4070384 8790988
1757702516 1523 4070384 8790988
1757702517 1523 4070384 8790988
1757702518 1523 4070384 8790988
1757702519 1523 4070384 8790988
1757702521 1523 4070384 8790988
1757702522 1523 4070384 8790988
1757702523 1523 4071152 8790988
1757702524 1523 4071920 8790988
1757702525 1523 4072304 8790988
1757702526 1523 4073072 8790988
1757702527 1524 4073456 8790988
1757702528 1524 4073840 8790988
1757702529 1524 4073840 8790988
1757702530 1523 4074224 8790988
1757702531 1523 4074608 8790988
1757702532 1523 4075376 8790988
1757702533 1523 4075760 8790988
1757702534 1523 4076528 8790988
1757702536 1523 4077296 8790988
1757702537 1523 4077680 8790988
1757702538 1523 4078576 8790988
1757702539 1523 4079344 8790988
1757702540 1524 4080112 8790988
1757702541 1524 4080496 8790988
1757702542 1524 4081264 8790988
1757702543 1524 4081648 8790988
1757702544 1524 4082416 8790988
1757702545 1524 4082800 8790988
1757702546 1523 4083568 8790988
1757702547 1523 4083952 8790988
1757702548 1523 4084336 8790988
1757702549 1523 4085104 8790988
1757702550 1523 4085104 8790988
1757702552 1523 4085104 8790988
1757702553 1523 4085104 8790988
1757702554 1523 4085104 8790988
1757702555 1523 4085104 8790988
1757702556 1523 4085488 8790988
1757702557 1524 4086384 8790988
1757702558 1524 4086768 8790988
1757702559 1524 4087152 8790988
1757702560 1524 4087152 8790988
1757702561 1523 4087152 8790988
1757702562 1523 4087664 8790988
1757702563 1523 4088432 8790988
1757702564 1523 4088816 8790988
1757702565 1523 4089584 8790988
1757702567 1523 4090352 8790988
1757702568 1523 4090736 8790988
1757702569 1523 4091504 8790988
1757702570 1523 4092272 8790988
1757702571 1524 4092656 8790988
1757702572 1524 4093424 8790988
1757702573 1524 4094192 8790988
1757702574 1524 4094576 8790988
1757702575 1524 4095472 8790988
1757702576 1523 4095856 8790988
1757702577 1523 4096624 8790988
1757702578 1523 4096624 8790988
1757702579 1523 4097392 8790988
1757702580 1523 4097776 8790988
1757702582 1523 4098160 8790988
1757702583 1524 4098928 8790988
1757702584 1524 4098928 8790988
1757702585 1524 4098928 8790988
1757702586 1524 4098928 8790988
1757702587 1524 4098928 8790988
1757702588 1524 4098928 8790988
1757702589 1524 4099312 8790988
1757702590 1524 4099696 8790988
1757702591 1524 4099696 8790988
1757702592 1523 4099696 8790988
1757702593 1523 4100464 8790988
1757702594 1523 4101232 8790988
1757702595 1523 4101616 8790988
1757702596 1523 4102384 8790988
1757702598 1523 4103152 8790988
1757702599 1523 4103536 8790988
1757702600 1523 4104304 8790988
1757702601 1524 4104688 8790988
1757702602 1524 4105584 8790988
1757702603 1524 4106352 8790988
1757702604 1524 4106736 8790988
1757702605 1524 4107504 8790988
1757702606 1524 4108272 8790988
1757702607 1523 4108656 8790988
1757702608 1523 4109040 8790988
1757702609 1523 4109808 8790988
1757702610 1523 4110192 8790988
1757702611 1523 4110576 8790988
1757702613 1524 4110960 8790988
1757702614 1524 4111344 8790988
1757702615 1524 4112112 8790988
1757702616 1524 4112880 8790988
1757702617 1524 4112880 8790988
1757702618 1524 4112880 8790988
1757702619 1524 4112880 8790988
1757702620 1524 4112880 8790988
1757702621 1524 4112880 8790988
1757702622 1523 4112880 8790988
1757702623 1523 4113264 8790988
1757702624 1523 4114032 8790988
1757702625 1523 4114416 8790988
1757702626 1523 4115184 8790988
1757702628 1523 4115568 8790988
1757702629 1523 4116336 8790988
1757702630 1524 4117104 8790988
1757702631 1524 4117488 8790988
1757702632 1524 4118256 8790988
1757702633 1524 4119024 8790988
1757702634 1524 4119408 8790988
1757702635 1524 4120176 8790988
1757702636 1524 4121072 8790988
1757702637 1523 4121456 8790988
1757702638 1523 4122224 8790988
1757702639 1523 4122608 8790988
1757702640 1523 4122992 8790988
1757702641 1524 4123760 8790988
1757702643 1524 4123760 8790988
1757702644 1524 4124144 8790988
1757702645 1524 4124528 8790988
1757702646 1524 4125296 8790988
1757702647 1524 4125680 8790988
1757702648 1524 4126448 8790988
1757702649 1524 4126832 8790988
1757702650 1524 4126832 8790988
1757702651 1524 4126832 8790988
1757702652 1524 4126832 8790988
1757702653 1523 4126832 8790988
1757702654 1523 4126832 8790988
1757702655 1523 4127216 8790988
1757702656 1523 4127984 8790988
1757702657 1523 4128368 8790988
1757702659 1523 4129136 8790988
1757702660 1523 4129904 8790988
1757702661 1523 4130288 8790988
1757702662 1524 4131056 8790988
1757702663 1524 4131440 8790988
1757702664 1524 4132208 8790988
1757702665 1524 4133104 8790988
1757702666 1524 4133488 8790988
1757702667 1524 4134256 8790988
1757702668 1524 4135024 8790988
1757702669 1523 4135792 8790988
1757702670 1523 4135792 8790988
1757702671 1523 4136560 8790988
1757702672 1524 4136944 8790988
1757702674 1524 4137328 8790988
1757702675 1524 4137712 8790988
1757702676 1524 4138480 8790988
1757702677 1524 4139248 8790988
1757702678 1524 4139632 8790988
1757702679 1524 4140400 8790988
1757702680 1524 4140784 8790988
1757702681 1524 4141168 8790988
1757702682 1524 4141552 8790988
1757702683 1523 4141552 8790988
1757702684 1523 4141552 8790988
1757702685 1523 4141552 8790988
1757702686 1523 4141552 8790988
1757702687 1523 4141552 8790988
1757702689 1523 4141936 8790988
1757702690 1523 4142832 8790988
1757702691 1524 4143600 8790988
1757702692 1524 4143984 8790988
1757702693 1524 4144752 8790988
1757702694 1524 4145136 8790988
1757702695 1524 4145904 8790988
1757702696 1524 4146672 8790988
1757702697 1524 4147056 8790988
1757702698 1524 4147824 8790988
1757702699 1523 4148592 8790988
1757702700 1523 4148976 8790988
1757702701 1523 4149360 8790988
1757702702 1524 4149744 8790988
1757702703 1524 4150128 8790988
1757702705 1524 4150512 8790988
1757702706 1524 4150896 8790988
1757702707 1524 4151792 8790988
1757702708 1524 4152560 8790988
1757702709 1524 4152944 8790988
1757702710 1524 4153712 8790988
1757702711 1524 4154096 8790988
1757702712 1524 4154992 8790988
1757702713 1524 4155376 8790988
1757702714 1523 4155376 8790988
1757702715 1523 4155376 8790988
1757702716 1523 4155376 8790988
1757702717 1523 4155376 8790988
1757702718 1523 4155376 8790988
1757702720 1524 4155376 8790988
1757702721 1524 4155376 8790988
1757702722 1524 4155760 8790988
1757702723 1524 4156528 8790988
1757702724 1524 4156912 8790988
1757702725 1524 4157680 8790988
1757702726 1524 4158448 8790988
1757702727 1524 4158832 8790988
1757702728 1524 4159600 8790988
1757702729 1523 4159984 8790988
1757702730 1524 4160752 8790988
1757702731 1524 4161520 8790988
1757702732 1524 4161904 8790988
1757702733 1524 4162416 8790988
1757702735 1524 4162800 8790988
1757702736 1524 4163184 8790988
1757702737 1524 4163568 8790988
1757702738 1524 4164336 8790988
1757702739 1524 4164720 8790988
1757702740 1524 4165488 8790988
1757702741 1524 4166256 8790988
1757702742 1524 4166640 8790988
1757702743 1524 4167024 8790988
1757702744 1524 4167792 8790988
1757702745 1524 4167792 8790988
1757702746 1524 4168176 8790988
1757702747 1524 4168176 8790988
1757702748 1524 4168176 8790988
1757702749 1524 4168176 8790988
1757702751 1524 4168176 8790988
1757702752 1524 4168560 8790988
1757702753 1524 4168560 8790988
1757702754 1524 4168560 8790988
1757702755 1524 4168944 8790988
1757702756 1524 4169328 8790988
1757702757 1524 4170096 8790988
1757702758 1524 4170992 8790988
1757702759 1524 4171376 8790988
1757702760 1523 4172144 8790988
1757702761 1524 4172912 8790988
1757702762 1524 4173296 8790988
1757702763 1524 4173680 8790988
1757702764 1524 4174064 8790988
1757702766 1524 4174448 8790988
1757702767 1524 4174832 8790988
1757702768 1524 4175216 8790988
1757702769 1524 4175984 8790988
1757702770 1524 4176880 8790988
1757702771 1524 4177264 8790988
1757702772 1524 4178032 8790988
1757702773 1524 4178416 8790988
1757702774 1524 4179184 8790988
1757702775 1524 4179568 8790988
1757702776 1524 4179568 8790988
1757702777 1524 4179568 8790988
1757702778 1524 4179952 8790988
1757702779 1524 4180720 8790988
1757702780 1524 4181616 8790988
1757702782 1524 4181616 8790988
1757702783 1524 4181616 8790988
1757702784 1524 4182000 8790988
1757702785 1524 4182000 8790988
1757702786 1524 4182000 8790988
1757702787 1524 4182000 8790988
1757702788 1524 4182384 8790988
1757702789 1524 4183152 8790988
1757702790 1524 4183536 8790988
1757702791 1524 4184304 8790988
1757702792 1524 4185200 8790988
1757702793 1524 4185968 8790988
1757702794 1524 4186352 8790988
1757702795 1524 4186352 8790988
1757702796 1524 4186736 8790988
1757702798 1524 4187120 8790988
1757702799 1524 4187888 8790988
1757702800 1524 4188656 8790988
1757702801 1524 4189424 8790988
1757702802 1524 4189808 8790988
1757702803 1524 4190192 8790988
1757702804 1524 4190960 8790988
1757702805 1524 4191344 8790988
1757702806 1524 4192112 8790988
1757702807 1524 4192496 8790988
1757702808 1524 4192496 8790988
1757702809 1524 4192496 8790988
1757702810 1524 4193392 8790988
1757702811 1524 4194160 8790988
1757702813 1524 4194928 8790988
1757702814 1524 4195312 8790988
1757702815 1524 4195312 8790988
1757702816 1524 4195312 8790988
1757702817 1524 4195312 8790988
1757702818 1524 4196080 8790988
1757702819 1524 4196080 8790988
1757702820 1524 4196080 8790988
1757702821 1524 4196080 8790988
1757702822 1524 4196848 8790988
1757702823 1524 4197616 8790988
1757702824 1524 4198384 8790988
1757702825 1524 4198768 8790988
1757702826 1524 4198768 8790988
1757702828 1524 4198768 8790988
1757702829 1524 4199536 8790988
1757702830 1524 4200304 8790988
1757702831 1524 4200688 8790988
1757702832 1524 4201456 8790988
1757702833 1524 4202224 8790988
1757702834 1524 4202224 8790988
1757702835 1524 4202992 8790988
1757702836 1524 4203376 8790988
1757702837 1524 4204144 8790988
1757702838 1524 4204144 8790988
1757702839 1524 4204144 8790988
1757702840 1524 4204144 8790988
1757702841 1524 4204144 8790988
1757702842 1524 4204912 8790988
1757702843 1524 4205680 8790988
1757702845 1524 4206064 8790988
1757702846 1524 4206832 8790988
1757702847 1524 4207216 8790988
1757702848 1524 4207600 8790988
1757702849 1524 4207600 8790988
1757702850 1524 4207600 8790988
1757702851 1524 4207984 8790988
1757702852 1524 4207984 8790988
1757702853 1524 4207984 8790988
1757702854 1524 4207984 8790988
1757702855 1524 4208496 8790988
1757702856 1524 4208880 8790988
1757702857 1524 4208880 8790988
1757702858 1524 4208880 8790988
1757702859 1524 4209264 8790988
1757702861 1524 4210032 8790988
1757702862 1524 4210416 8790988
1757702863 1524 4211312 8790988
1757702864 1524 4211696 8790988
1757702865 1524 4212464 8790988
1757702866 1524 4212848 8790988
1757702867 1524 4213744 8790988
1757702868 1524 4214128 8790988
1757702869 1524 4214512 8790988
1757702870 1524 4214512 8790988
1757702871 1524 4214896 8790988
1757702872 1524 4215280 8790988
1757702873 1524 4216048 8790988
1757702874 1524 4216432 8790988
1757702876 1524 4217200 8790988
1757702877 1524 4217968 8790988
1757702878 1524 4218352 8790988
1757702879 1524 4219120 8790988
1757702880 1524 4219888 8790988
1757702881 1524 4219888 8790988
1757702882 1524 4219888 8790988
1757702883 1524 4219888 8790988
1757702884 1524 4220400 8790988
1757702885 1524 4220400 8790988
1757702886 1524 4220400 8790988
1757702887 1524 4220784 8790988
1757702888 1524 4221168 8790988
1757702889 1524 4221168 8790988
1757702890 1524 4221552 8790988
1757702892 1524 4222320 8790988
1757702893 1524 4222704 8790988
1757702894 1524 4223088 8790988
1757702895 1524 4223856 8790988
1757702896 1524 4224240 8790988
1757702897 1524 4225008 8790988
1757702898 1524 4225392 8790988
1757702899 1524 4226160 8790988
1757702900 1524 4226160 8790988
1757702901 1524 4226160 8790988
1757702902 1524 4226544 8790988
1757702903 1524 4226928 8790988
1757702904 1524 4227696 8790988
1757702905 1524 4228464 8790988
1757702906 1524 4229232 8790988
1757702908 1524 4229616 8790988
1757702909 1524 4230512 8790988
1757702910 1524 4230896 8790988
1757702911 1524 4231664 8790988
1757702912 1524 4232432 8790988
1757702913 1524 4232816 8790988
1757702914 1524 4232816 8790988
1757702915 1524 4233200 8790988
1757702916 1524 4233200 8790988
1757702917 1524 4233584 8790988
1757702918 1524 4233584 8790988
1757702919 1524 4233584 8790988
1757702920 1524 4233584 8790988
1757702921 1524 4233968 8790988
1757702923 1524 4234736 8790988
1757702924 1524 4235504 8790988
1757702925 1524 4235888 8790988
1757702926 1524 4236656 8790988
1757702927 1524 4237168 8790988
1757702928 1524 4237936 8790988
1757702929 1524 4238320 8790988
1757702930 1524 4238704 8790988
1757702931 1524 4239088 8790988
1757702932 1524 4239088 8790988
1757702933 1524 4239472 8790988
1757702934 1524 4240240 8790988
1757702935 1524 4240624 8790988
1757702936 1524 4241392 8790988
1757702937 1524 4241776 8790988
1757702939 1524 4242544 8790988
1757702940 1524 4243312 8790988
1757702941 1524 4243696 8790988
1757702942 1524 4244464 8790988
1757702943 1524 4244976 8790988
1757702944 1524 4245744 8790988
1757702945 1525 4246512 8790988
1757702946 1525 4246896 8790988
1757702947 1525 4246896 8790988
1757702948 1524 4246896 8790988
1757702949 1524 4247280 8790988
1757702950 1524 4247664 8790988
1757702951 1524 4247664 8790988
1757702952 1524 4247664 8790988
1757702954 1524 4247664 8790988
1757702955 1524 4248048 8790988
1757702956 1524 4248816 8790988
1757702957 1524 4249200 8790988
1757702958 1524 4249968 8790988
1757702959 1524 4250352 8790988
1757702960 1524 4251120 8790988
1757702961 1524 4251504 8790988
1757702962 1524 4251888 8790988
1757702963 1524 4251888 8790988
1757702964 1524 4251888 8790988
1757702965 1524 4252656 8790988
1757702966 1524 4253424 8790988
1757702967 1524 4254192 8790988
1757702969 1524 4254576 8790988
1757702970 1524 4255472 8790988
1757702971 1524 4256240 8790988
1757702972 1524 4256752 8790988
1757702973 1524 4257520 8790988
1757702974 1524 4257904 8790988
1757702975 1524 4258672 8790988
1757702976 1524 4259056 8790988
1757702977 1525 4259824 8790988
1757702978 1525 4260592 8790988
1757702979 1524 4260976 8790988
1757702980 1524 4260976 8790988
1757702981 1524 4260976 8790988
1757702982 1524 4260976 8790988
1757702984 1524 4261360 8790988
1757702985 1524 4261360 8790988
1757702986 1524 4261360 8790988
1757702987 1524 4261360 8790988
1757702988 1524 4261744 8790988
1757702989 1524 4262128 8790988
1757702990 1524 4262896 8790988
1757702991 1524 4263280 8790988
1757702992 1524 4264048 8790988
1757702993 1524 4264432 8790988
1757702994 1524 4264432 8790988
1757702995 1524 4264816 8790988
1757702996 1524 4265200 8790988
1757702997 1524 4265968 8790988
1757702998 1524 4266736 8790988
1757703000 1524 4267120 8790988
1757703001 1524 4267888 8790988
1757703002 1524 4268272 8790988
1757703003 1524 4268656 8790988
1757703004 1524 4269552 8790988
1757703005 1524 4270320 8790988
1757703006 1524 4271088 8790988
1757703007 1524 4271472 8790988
1757703008 1524 4272240 8790988
1757703009 1524 4272624 8790988
1757703010 1524 4273392 8790988
1757703011 1524 4274160 8790988
1757703012 1524 4274544 8790988
1757703013 1524 4274544 8790988
1757703015 1524 4274544 8790988
1757703016 1524 4274544 8790988
1757703017 1524 4274544 8790988
1757703018 1524 4274928 8790988
1757703019 1524 4274928 8790988
1757703020 1524 4274928 8790988
1757703021 1524 4275312 8790988
1757703022 1524 4275696 8790988
1757703023 1524 4275696 8790988
1757703024 1524 4275696 8790988
1757703025 1523 4275696 8790988
1757703026 1523 4276080 8790988
1757703027 1524 4276464 8790988
1757703028 1524 4277232 8790988
1757703029 1524 4278000 8790988
1757703031 1524 4278384 8790988
1757703032 1524 4279152 8790988
1757703033 1524 4279920 8790988
1757703034 1524 4280688 8790988
1757703035 1524 4281072 8790988
1757703036 1524 4281968 8790988
1757703037 1524 4282352 8790988
1757703038 1524 4283120 8790988
1757703039 1524 4283504 8790988
1757703040 1524 4284272 8790988
1757703041 1524 4285040 8790988
1757703042 1524 4285424 8790988
1757703043 1524 4286320 8790988
1757703044 1524 4287088 8790988
1757703046 1524 4287472 8790988
1757703047 1524 4287472 8790988
1757703048 1524 4287472 8790988
1757703049 1524 4287856 8790988
1757703050 1524 4288368 8790988
1757703051 1524 4288752 8790988
1757703052 1524 4288752 8790988
1757703053 1524 4288752 8790988
1757703054 1524 4288752 8790988
1757703055 1523 4288752 8790988
1757703056 1523 4289136 8790988
1757703057 1523 4289136 8790988
1757703058 1523 4289520 8790988
1757703059 1523 4290288 8790988
1757703061 1524 4290672 8790988
1757703062 1524 4291440 8790988
1757703063 1524 4292336 8790988
1757703064 1524 4292720 8790988
1757703065 1524 4293616 8790988
1757703066 1524 4294000 8790988
1757703067 1524 4294768 8790988
1757703068 1524 4295152 8790988
1757703069 1524 4295920 8790988
1757703070 1523 4296688 8790988
1757703071 1524 4297456 8790988
1757703072 1524 4297840 8790988
1757703073 1524 4298608 8790988
1757703074 1524 4298992 8790988
1757703076 1524 4299760 8790988
1757703077 1524 4300656 8790988
1757703078 1524 4300656 8790988
1757703079 1524 4300656 8790988
1757703080 1524 4300656 8790988
1757703081 1524 4300656 8790988
1757703082 1524 4301040 8790988
1757703083 1524 4301552 8790988
1757703084 1524 4301552 8790988
1757703085 1523 4301552 8790988
1757703086 1523 4301552 8790988
1757703087 1523 4301552 8790988
1757703088 1523 4301936 8790988
1757703089 1523 4302320 8790988
1757703091 1523 4303088 8790988
1757703092 1523 4303472 8790988
1757703093 1524 4304240 8790988
1757703094 1524 4305008 8790988
1757703095 1524 4305392 8790988
1757703096 1524 4306160 8790988
1757703097 1524 4306928 8790988
1757703098 1524 4307440 8790988
1757703099 1524 4308208 8790988
1757703100 1524 4308976 8790988
1757703101 1523 4309360 8790988
1757703102 1523 4310128 8790988
1757703103 1524 4310512 8790988
1757703104 1524 4311280 8790988
1757703105 1524 4311664 8790988
1757703107 1524 4312432 8790988
1757703108 1524 4312816 8790988
1757703109 1524 4312816 8790988
1757703110 1524 4313200 8790988
1757703111 1524 4313584 8790988
1757703112 1524 4313968 8790988
1757703113 1524 4313968 8790988
1757703114 1524 4313968 8790988
1757703115 1524 4313968 8790988
1757703116 1523 4314352 8790988
1757703117 1523 4314352 8790988
1757703118 1523 4314352 8790988
1757703119 1523 4314352 8790988
1757703121 1523 4314736 8790988
1757703122 1523 4315504 8790988
1757703123 1523 4316272 8790988
1757703124 1524 4316656 8790988
1757703125 1524 4317424 8790988
1757703126 1524 4318192 8790988
1757703127 1524 4318576 8790988
1757703128 1524 4319344 8790988
1757703129 1524 4319728 8790988
1757703130 1524 4320496 8790988
1757703131 1523 4320880 8790988
1757703132 1523 4321648 8790988
1757703133 1523 4322416 8790988
1757703134 1524 4323184 8790988
1757703135 1524 4323568 8790988
1757703137 1524 4324336 8790988
1757703138 1524 4325104 8790988
1757703139 1524 4325488 8790988
1757703140 1524 4325488 8790988
1757703141 1524 4325488 8790988
1757703142 1524 4325488 8790988
1757703143 1524 4325872 8790988
1757703144 1524 4326256 8790988
1757703145 1523 4326256 8790988
1757703146 1523 4326256 8790988
1757703147 1523 4326256 8790988
1757703148 1523 4326640 8790988
1757703149 1523 4327024 8790988
1757703151 1523 4327024 8790988
1757703152 1523 4327024 8790988
1757703153 1523 4327024 8790988
1757703154 1523 4327792 8790988
1757703155 1523 4328176 8790988
1757703156 1524 4328944 8790988
1757703157 1524 4329328 8790988
1757703158 1524 4330096 8790988
1757703159 1524 4330864 8790988
1757703160 1523 4331632 8790988
1757703161 1523 4332144 8790988
1757703162 1523 4332912 8790988
1757703163 1523 4333680 8790988
1757703164 1523 4334064 8790988
1757703166 1524 4334832 8790988
1757703167 1524 4335216 8790988
1757703168 1524 4335984 8790988
1757703169 1524 4336368 8790988
1757703170 1524 4337136 8790988
1757703171 1524 4337136 8790988
1757703172 1524 4337904 8790988
1757703173 1524 4337904 8790988
1757703174 1524 4338288 8790988
1757703175 1524 4339056 8790988
1757703176 1523 4339440 8790988
1757703177 1523 4339824 8790988
1757703178 1523 4339824 8790988
1757703179 1523 4339824 8790988
1757703181 1523 4340336 8790988
1757703182 1523 4340336 8790988
1757703183 1524 4341104 8790988
1757703184 1524 4341488 8790988
1757703185 1524 4341488 8790988
1757703186 1524 4341488 8790988
1757703187 1524 4341872 8790988
1757703188 1524 4342256 8790988
1757703189 1524 4343024 8790988
1757703190 1524 4343792 8790988
1757703191 1523 4344176 8790988
1757703192 1523 4344944 8790988
1757703193 1523 4345712 8790988
1757703194 1524 4346096 8790988
1757703195 1524 4346864 8790988
1757703197 1524 4347632 8790988
1757703198 1524 4348016 8790988
1757703199 1524 4348784 8790988
1757703200 1524 4349168 8790988
1757703201 1524 4350064 8790988
1757703202 1524 4350448 8790988
1757703203 1524 4350448 8790988
1757703204 1524 4350832 8790988
1757703205 1524 4351216 8790988
1757703206 1524 4351600 8790988
1757703207 1523 4352368 8790988
1757703208 1524 4352752 8790988
1757703209 1524 4353136 8790988
1757703210 1524 4353520 8790988
1757703212 1524 4353520 8790988
1757703213 1524 4353520 8790988
1757703214 1524 4353904 8790988
1757703215 1524 4354672 8790988
1757703216 1524 4355056 8790988
1757703217 1524 4355440 8790988
1757703218 1524 4355440 8790988
1757703219 1524 4355440 8790988
1757703220 1524 4355824 8790988
1757703221 1524 4356592 8790988
1757703222 1523 4356976 8790988
1757703223 1523 4357744 8790988
1757703224 1524 4358512 8790988
1757703225 1524 4358896 8790988
1757703227 1524 4359664 8790988
1757703228 1524 4360048 8790988
1757703229 1524 4360816 8790988
1757703230 1524 4361584 8790988
1757703231 1524 4361968 8790988
1757703232 1524 4362864 8790988
1757703233 1524 4362864 8790988
1757703234 1524 4363248 8790988
1757703235 1524 4363248 8790988
1757703236 1523 4364016 8790988
1757703237 1523 4364400 8790988
1757703238 1524 4365168 8790988
1757703239 1524 4365168 8790988
1757703240 1524 4365552 8790988
1757703242 1524 4365936 8790988
1757703243 1524 4365936 8790988
1757703244 1524 4366320 8790988
1757703245 1524 4366320 8790988
1757703246 1524 4366320 8790988
1757703247 1524 4366832 8790988
1757703248 1524 4367600 8790988
1757703249 1524 4367984 8790988
1757703250 1524 4368368 8790988
1757703251 1524 4368368 8790988
1757703252 1523 4368368 8790988
1757703253 1523 4368752 8790988
1757703254 1524 4369520 8790988
1757703255 1524 4370288 8790988
1757703256 1524 4370672 8790988
1757703258 1524 4371440 8790988
1757703259 1524 4371824 8790988
1757703260 1524 4372720 8790988
1757703261 1524 4373104 8790988
1757703262 1524 4373872 8790988
1757703263 1524 4374640 8790988
1757703264 1524 4374640 8790988
1757703265 1524 4375024 8790988
1757703266 1524 4375408 8790988
1757703267 1524 4375792 8790988
1757703268 1524 4376176 8790988
1757703269 1524 4376944 8790988
1757703270 1524 4377328 8790988
1757703271 1524 4378096 8790988
1757703273 1524 4378480 8790988
1757703274 1524 4378864 8790988
1757703275 1524 4379376 8790988
1757703276 1524 4380144 8790988
1757703277 1524 4380528 8790988
1757703278 1524 4380528 8790988
1757703279 1524 4380528 8790988
1757703280 1524 4380912 8790988
1757703281 1524 4381680 8790988
1757703282 1524 4382064 8790988
1757703283 1524 4382576 8790988
1757703284 1524 4382576 8790988
1757703285 1524 4382576 8790988
1757703286 1524 4382960 8790988
1757703287 1524 4383728 8790988
1757703289 1524 4384112 8790988
1757703290 1524 4384880 8790988
1757703291 1524 4385648 8790988
1757703292 1524 4386032 8790988
1757703293 1524 4386800 8790988
1757703294 1524 4387184 8790988
1757703295 1524 4387568 8790988
1757703296 1524 4387952 8790988
1757703297 1524 4387952 8790988
1757703298 1524 4387952 8790988
1757703299 1524 4387952 8790988
1757703300 1524 4388336 8790988
1757703301 1524 4389104 8790988
1757703302 1524 4389488 8790988
1757703303 1524 4390256 8790988
1757703305 1524 4390256 8790988
1757703306 1524 4391024 8790988
1757703307 1524 4391792 8790988
1757703308 1524 4392176 8790988
1757703309 1524 4392944 8790988
1757703310 1524 4392944 8790988
1757703311 1524 4392944 8790988
1757703312 1524 4392944 8790988
1757703313 1524 4393712 8790988
1757703314 1524 4394096 8790988
1757703315 1524 4394864 8790988
1757703316 1524 4395248 8790988
1757703317 1524 4395248 8790988
1757703318 1524 4395248 8790988
1757703320 1524 4395760 8790988
1757703321 1524 4396528 8790988
1757703322 1524 4396912 8790988
1757703323 1524 4397680 8790988
1757703324 1524 4398064 8790988
1757703325 1524 4398832 8790988
1757703326 1524 4399216 8790988
1757703327 1524 4399216 8790988
1757703328 1524 4399216 8790988
1757703329 1524 4399600 8790988
1757703330 1524 4400368 8790988
1757703331 1524 4400752 8790988
1757703332 1524 4401520 8790988
1757703333 1524 4402032 8790988
1757703334 1524 4402416 8790988
1757703335 1524 4402800 8790988
1757703337 1524 4403568 8790988
1757703338 1524 4403952 8790988
1757703339 1524 4404720 8790988
1757703340 1524 4405488 8790988
1757703341 1524 4405872 8790988
1757703342 1524 4406640 8790988
1757703343 1524 4406640 8790988
1757703344 1524 4406640 8790988
1757703345 1524 4406640 8790988
1757703346 1524 4407536 8790988
1757703347 1524 4407920 8790988
1757703348 1524 4408688 8790988
1757703349 1524 4409072 8790988
1757703350 1524 4409072 8790988
1757703352 1524 4409072 8790988
1757703353 1524 4409456 8790988
1757703354 1524 4410224 8790988
1757703355 1524 4410608 8790988
1757703356 1524 4411376 8790988
1757703357 1524 4411760 8790988
1757703358 1524 4411760 8790988
1757703359 1524 4411760 8790988
1757703360 1524 4412144 8790988
1757703361 1524 4412912 8790988
1757703362 1524 4412912 8790988
1757703363 1524 4413680 8790988
1757703364 1524 4414064 8790988
1757703365 1524 4414448 8790988
1757703366 1524 4414832 8790988
1757703368 1524 4415600 8790988
1757703369 1524 4415984 8790988
1757703370 1524 4416752 8790988
1757703371 1524 4417136 8790988
1757703372 1524 4417904 8790988
1757703373 1524 4418672 8790988
1757703374 1524 4419440 8790988
1757703375 1524 4419824 8790988
1757703376 1524 4419824 8790988
1757703377 1524 4419824 8790988
1757703378 1524 4420208 8790988
1757703379 1524 4421104 8790988
1757703380 1524 4421488 8790988
1757703381 1524 4422256 8790988
1757703383 1524 4422640 8790988
1757703384 1524 4422640 8790988
1757703385 1524 4422640 8790988
1757703386 1524 4423024 8790988
1757703387 1524 4423408 8790988
1757703388 1524 4423920 8790988
1757703389 1524 4423920 8790988
1757703390 1524 4423920 8790988
1757703391 1524 4424688 8790988
1757703392 1524 4425072 8790988
1757703393 1524 4425456 8790988
1757703394 1524 4425840 8790988
1757703395 1524 4426608 8790988
1757703396 1524 4426608 8790988
1757703397 1524 4427120 8790988
1757703399 1524 4427888 8790988
1757703400 1524 4428656 8790988
1757703401 1524 4429424 8790988
1757703402 1524 4429808 8790988
1757703403 1524 4430576 8790988
1757703404 1524 4430960 8790988
1757703405 1524 4431728 8790988
1757703406 1524 4432112 8790988
1757703407 1525 4432880 8790988
1757703408 1525 4433264 8790988
1757703409 1524 4433264 8790988
1757703410 1524 4433264 8790988
1757703411 1524 4433648 8790988
1757703412 1524 4434416 8790988
1757703413 1524 4435184 8790988
1757703415 1524 4435568 8790988
1757703416 1524 4436336 8790988
1757703417 1524 4436336 8790988
1757703418 1524 4436336 8790988
1757703419 1524 4436336 8790988
1757703420 1524 4436336 8790988
1757703421 1524 4436720 8790988
1757703422 1524 4437104 8790988
1757703423 1524 4437488 8790988
1757703424 1524 4438256 8790988
1757703425 1524 4438640 8790988
1757703426 1524 4439408 8790988
1757703427 1524 4439792 8790988
1757703428 1524 4440176 8790988
1757703430 1524 4440944 8790988
1757703431 1524 4441840 8790988
1757703432 1524 4442224 8790988
1757703433 1524 4442992 8790988
1757703434 1524 4443760 8790988
1757703435 1524 4444144 8790988
1757703436 1524 4444912 8790988
1757703437 1525 4445296 8790988
1757703438 1525 4446064 8790988
1757703439 1524 4446448 8790988
1757703440 1524 4447216 8790988
1757703441 1524 4447600 8790988
1757703442 1524 4447600 8790988
1757703443 1524 4447600 8790988
1757703445 1524 4447984 8790988
1757703446 1524 4448752 8790988
1757703447 1524 4449136 8790988
1757703448 1524 4450032 8790988
1757703449 1524 4450416 8790988
1757703450 1524 4450416 8790988
1757703451 1524 4450416 8790988
1757703452 1524 4450416 8790988
1757703453 1524 4450800 8790988
1757703454 1524 4451184 8790988
1757703455 1524 4451952 8790988
1757703456 1524 4452336 8790988
1757703457 1524 4453104 8790988
1757703458 1524 4453104 8790988
1757703459 1524 4453872 8790988
1757703461 1524 4454640 8790988
1757703462 1524 4455408 8790988
1757703463 1524 4455792 8790988
1757703464 1524 4456560 8790988
1757703465 1524 4456944 8790988
1757703466 1524 4457712 8790988
1757703467 1525 4458480 8790988
1757703468 1525 4458864 8790988
1757703469 1525 4459632 8790988
1757703470 1524 4460016 8790988
1757703471 1524 4460784 8790988
1757703472 1524 4461552 8790988
1757703473 1524 4462320 8790988
1757703474 1524 4462320 8790988
1757703476 1524 4462320 8790988
1757703477 1524 4462320 8790988
1757703478 1524 4463088 8790988
1757703479 1525 4463984 8790988
1757703480 1525 4464368 8790988
1757703481 1525 4464368 8790988
1757703482 1525 4464368 8790988
1757703483 1525 4464368 8790988
1757703484 1525 4464368 8790988
1757703485 1525 4464368 8790988
1757703486 1524 4464752 8790988
1757703487 1524 4465648 8790988
1757703488 1524 4466032 8790988
1757703489 1524 4466800 8790988
1757703490 1524 4467184 8790988
1757703492 1524 4467952 8790988
1757703493 1524 4468336 8790988
1757703494 1524 4469104 8790988
1757703495 1524 4469872 8790988
1757703496 1524 4470384 8790988
1757703497 1524 4471152 8790988
1757703498 1525 4471536 8790988
1757703499 1525 4472304 8790988
1757703500 1525 4472688 8790988
1757703501 1524 4473456 8790988
1757703502 1524 4474352 8790988
1757703503 1524 4475120 8790988
1757703504 1524 4476016 8790988
1757703505 1524 4476400 8790988
1757703507 1524 4477168 8790988
1757703508 1524 4477168 8790988
1757703509 1524 4477168 8790988
1757703510 1524 4477168 8790988
1757703511 1525 4478064 8790988
1757703512 1525 4478064 8790988
1757703513 1525 4478448 8790988
1757703514 1525 4478448 8790988
1757703515 1525 4478832 8790988
1757703516 1525 4478832 8790988
1757703517 1524 4478832 8790988
1757703518 1524 4478832 8790988
1757703519 1524 4479216 8790988
1757703520 1524 4479600 8790988
1757703521 1524 4479984 8790988
1757703523 1524 4480752 8790988
1757703524 1524 4481520 8790988
1757703525 1524 4482288 8790988
1757703526 1524 4482672 8790988
1757703527 1524 4483568 8790988
1757703528 1524 4483952 8790988
1757703529 1525 4484720 8790988
1757703530 1525 4485488 8790988
1757703531 1525 4485872 8790988
1757703532 1524 4486640 8790988
1757703533 1524 4487408 8790988
1757703534 1524 4487792 8790988
1757703535 1524 4488560 8790988
1757703536 1524 4489328 8790988
1757703538 1524 4489712 8790988
1757703539 1525 4490480 8790988
1757703540 1525 4491248 8790988
1757703541 1525 4491248 8790988
1757703542 1525 4491248 8790988
1757703543 1525 4491248 8790988
1757703544 1524 4491248 8790988
1757703545 1524 4491248 8790988
1757703546 1525 4492016 8790988
1757703547 1525 4492528 8790988
1757703548 1524 4493296 8790988
1757703549 1524 4493296 8790988
1757703550 1524 4493296 8790988
1757703551 1524 4493296 8790988
1757703553 1524 4493680 8790988
1757703554 1524 4494448 8790988
1757703555 1524 4494832 8790988
1757703556 1524 4495600 8790988
1757703557 1524 4496368 8790988
1757703558 1524 4496752 8790988
1757703559 1524 4497520 8790988
1757703560 1525 4498288 8790988
1757703561 1525 4498672 8790988
1757703562 1525 4499440 8790988
1757703563 1524 4500208 8790988
1757703564 1524 4500592 8790988
1757703565 1524 4501360 8790988
1757703566 1524 4502128 8790988
1757703567 1524 4502512 8790988
1757703569 1524 4503408 8790988
1757703570 1524 4503792 8790988
1757703571 1525 4504560 8790988
1757703572 1525 4505328 8790988
1757703573 1525 4505712 8790988
1757703574 1525 4505712 8790988
1757703575 1525 4505712 8790988
1757703576 1525 4505712 8790988
1757703577 1525 4506480 8790988
1757703578 1524 4506864 8790988
1757703579 1524 4507248 8790988
1757703580 1524 4507632 8790988
1757703581 1524 4508016 8790988
1757703582 1524 4508016 8790988
1757703584 1524 4508016 8790988
1757703585 1524 4508016 8790988
1757703586 1524 4508784 8790988
1757703587 1524 4509552 8790988
1757703588 1524 4509936 8790988
1757703589 1524 4510704 8790988
1757703590 1524 4511088 8790988
1757703591 1525 4511856 8790988
1757703592 1525 4512368 8790988
1757703593 1524 4513136 8790988
1757703594 1524 4513904 8790988
1757703595 1524 4514672 8790988
1757703596 1524 4515056 8790988
1757703597 1524 4515824 8790988
1757703599 1524 4516592 8790988
1757703600 1524 4516976 8790988
1757703601 1525 4517744 8790988
1757703602 1525 4518128 8790988
1757703603 1525 4518512 8790988
1757703604 1525 4519280 8790988
1757703605 1525 4519280 8790988
1757703606 1525 4519280 8790988
1757703607 1525 4519280 8790988
1757703608 1524 4519280 8790988
1757703609 1524 4519280 8790988
1757703610 1524 4520048 8790988
1757703611 1524 4520944 8790988
1757703612 1524 4521328 8790988
1757703614 1524 4521712 8790988
1757703615 1524 4522096 8790988
1757703616 1524 4522480 8790988
1757703617 1524 4522480 8790988
1757703618 1524 4522480 8790988
1757703619 1524 4522864 8790988
1757703620 1524 4523248 8790988
1757703621 1525 4523248 8790988
1757703622 1525 4523248 8790988
1757703623 1525 4523248 8790988
1757703624 1524 4523248 8790988
1757703625 1524 4523248 8790988
1757703626 1524 4523248 8790988
1757703627 1524 4523248 8790988
1757703628 1524 4523248 8790988
1757703630 1524 4523248 8790988
1757703631 1524 4523248 8790988
1757703632 1525 4523248 8790988
1757703633 1525 4523248 8790988
1757703634 1525 4523248 8790988
1757703635 1525 4523248 8790988
1757703636 1525 4523248 8790988
1757703637 1525 4523248 8790988
1757703638 1525 4523248 8790988
1757703639 1525 4523248 8790988
1757703640 1524 4523248 8790988
1757703641 1524 4523248 8790988
1757703642 1524 4523248 8790988
1757703643 1524 4523248 8790988
1757703644 1524 4523248 8790988
1757703646 1524 4523248 8790988
1757703647 1524 4523248 8790988
1757703648 1524 4523248 8790988
1757703649 1525 4523248 8790988
1757703650 1525 4523248 8790988
1757703651 1525 4523248 8790988
1757703652 1525 4523248 8790988
1757703653 1525 4523248 8790988
1757703654 1525 4523248 8790988
1757703655 1525 4523248 8790988
1757703656 1524 4523248 8790988
1757703657 1524 4523248 8790988
1757703658 1524 4523248 8790988
1757703659 1524 4523248 8790988
1757703660 1524 4523248 8790988
1757703662 1525 4523248 8790988
1757703663 1525 4523248 8790988
1757703664 1525 4523248 8790988
1757703665 1525 4523248 8790988
1757703666 1525 4523248 8790988
1757703667 1525 4523248 8790988
1757703668 1525 4523248 8790988
1757703669 1525 4523248 8790988
1757703670 1525 4523248 8790988
1757703671 1524 4523248 8790988
1757703672 1524 4523248 8790988
1757703673 1524 4523248 8790988
1757703674 1524 4523248 8790988
1757703675 1524 4523248 8790988
1757703676 1524 4523248 8790988
1757703678 1524 4523248 8790988
1757703679 1524 4523248 8790988
1757703680 1525 4523248 8790988
1757703681 1525 4523248 8790988
1757703682 1525 4523248 8790988
1757703683 1525 4523248 8790988
1757703684 1525 4523248 8790988
1757703685 1525 4523248 8790988
1757703686 1525 4523248 8790988
1757703687 1524 4523248 8790988
1757703688 1524 4523248 8790988
1757703689 1524 4523248 8790988
1757703690 1524 4523248 8790988
1757703691 1524 4523248 8790988
1757703692 1525 4523248 8790988
1757703694 1525 4523248 8790988
1757703695 1525 4523248 8790988
1757703696 1525 4523248 8790988
1757703697 1525 4523248 8790988
1757703698 1525 4523248 8790988
1757703699 1525 4523248 8790988
1757703700 1525 4523248 8790988
1757703701 1525 4523248 8790988
1757703702 1525 4523248 8790988
1757703703 1524 4523248 8790988
1757703704 1524 4523248 8790988
1757703705 1524 4523248 8790988
1757703706 1524 4523248 8790988
1757703707 1524 4523248 8790988
1757703709 1524 4523248 8790988
1757703710 1524 4523248 8790988
1757703711 1525 4523248 8790988
1757703712 1525 4523248 8790988
1757703713 1525 4523248 8790988
1757703714 1525 4523248 8790988
1757703715 1525 4523248 8790988
1757703716 1525 4523248 8790988
1757703717 1525 4523248 8790988
1757703718 1525 4523248 8790988
1757703719 1524 4523248 8790988
1757703720 1524 4523248 8790988
1757703721 1524 4523248 8790988
1757703722 1525 4523248 8790988
1757703723 1525 4523248 8790988
1757703725 1525 4523248 8790988
1757703726 1525 4523248 8790988
1757703727 1525 4523248 8790988
1757703728 1525 4523248 8790988
1757703729 1525 4523248 8790988
1757703730 1525 4523248 8790988
1757703731 1525 4523248 8790988
1757703732 1525 4523248 8790988
1757703733 1525 4523248 8790988
1757703734 1524 4523248 8790988
1757703735 1524 4523248 8790988
1757703736 1524 4523248 8790988
1757703737 1524 4523248 8790988
1757703738 1524 4523248 8790988
1757703740 1524 4523248 8790988
1757703741 1525 4523248 8790988
1757703742 1525 3810008 5129392
1757703743 1525 3810008 5129392
1757703744 1525 3810008 5129392
1757703745 1525 3810008 5129392
1757703746 1525 3810008 5129392
1757703747 1525 3810008 5129392
1757703748 1524 3810008 5129392
1757703749 1524 3810008 5129392
1757703750 1524 5322516 8790988
