1757681727  0.0 15744 642688
1757681728 1293 230032 1759524
1757681729  938 231056 1759524
1757681730 1111 232080 1759524
1757681731 1221 233232 1759524
1757681732 1294 234384 1759524
1757681733 1352 235664 1759524
1757681734 1393 236816 1759524
1757681736 1423 237840 1759524
1757681737 1448 238992 1759524
1757681738 1471 240272 1759524
1757681739 1484 241296 1759524
1757681740 1499 242320 1759524
1757681741 1513 243600 1759524
1757681742 1521 244624 1759524
1757681743 1533 245776 1759524
1757681744 1541 246928 1759524
1757681745 1550 248080 1759524
1757681746 1478 249104 1759524
1757681747 1488 250384 1759524
1757681748 1497 251536 1759524
1757681749 1505 252688 1759524
1757681750 1513 253840 1759524
1757681752 1519 254992 1759524
1757681753 1526 256144 1759524
1757681754 1527 257296 1759524
1757681755 1526 258064 1759524
1757681756 1520 258960 1759524
1757681757 1518 259856 1759524
1757681758 1516 260752 1759524
1757681759 1517 261776 1759524
1757681760 1518 262672 1759524
1757681761 1479 263824 1759524
1757681762 1485 264848 1759524
1757681763 1490 266128 1759524
1757681764 1495 267280 1759524
1757681765 1499 268432 1759524
1757681767 1504 268688 1759524
1757681768 1508 268688 1759524
1757681769 1513 268688 1759524
1757681770 1517 268688 1759524
1757681771 1521 268688 1759524
1757681772 1524 268688 1759524
1757681773 1528 268688 1759524
1757681774 1531 268688 1759524
1757681775 1534 84108 1466980
