1757681530  0.0 15488 676480
1757681531 1400 231384 1760208
1757681532 1544 232536 1760208
1757681533 1585 233688 1760208
1757681534 1614 234968 1760208
1757681535 1624 235992 1760208
1757681536 1638 237144 1760208
1757681537 1642 238296 1760208
1757681538 1648 239576 1760208
1757681539 1630 240344 1760208
1757681540 1458 240856 1760208
1757681541 1463 241752 1760208
1757681542 1466 242648 1760208
1757681543 1482 243800 1760208
1757681544 1494 244824 1760208
1757681546 1506 246104 1760208
1757681547 1515 247000 1760208
1757681548 1525 248280 1760208
1757681549 1532 249432 1760208
1757681550 1540 250712 1760208
1757681551 1547 251736 1760208
1757681552 1553 252888 1760208
1757681553 1559 253912 1760208
1757681554 1559 254936 1760208
1757681555 1558 255704 1760208
1757681556 1497 256600 1760208
1757681557 1500 257624 1760208
1757681558 1504 258648 1760208
1757681559 1511 259928 1760208
1757681560 1516 260824 1760208
1757681562 1521 262104 1760208
1757681563 1526 263256 1760208
1757681564 1531 264408 1760208
1757681565 1535 265560 1760208
1757681566 1539 266584 1760208
1757681567 1544 267736 1760208
1757681568 1547 268888 1760208
1757681569 1550 269656 1760208
1757681570 1549 269656 1760208
1757681571 1549 269656 1760208
1757681572 1512 269656 1760208
1757681573 1512 269656 1760208
1757681574 1514 269656 1760208
1757681575 1518 269656 1760208
1757681577 1523 269656 1760208
1757681578 1526 269656 1760208
1757681579 1529 269656 1760208
