1757698647  0.0 15616 675456
1757698648  323 1215944 2958824
1757698649  212 1229632 2958824
1757698650  489 2437980 4558732
1757698651  728 2437980 4558732
1757698653  745 2206316 6154176
1757698654  831 2207596 6154176
1757698655  890 2207596 6154176
1757698656  935 2208876 6154176
1757698657  958 2208876 6154176
1757698658  985 2210028 6154176
1757698659 1010 2211308 6154176
1757698660 1028 2211308 6154176
1757698661 1044 2212588 6154176
1757698662 1051 2212588 6154176
1757698663 1066 2213868 6154176
1757698664 1076 2215020 6154176
1757698665 1087 2215020 6154176
1757698666 1038 2216300 6154176
1757698667 1043 2217580 6154176
1757698668 1040 2217580 6154176
1757698669 1046 2218860 6154176
1757698670 1050 2218860 6154176
1757698671 1054 2220012 6154176
1757698673 1063 2221292 6154176
1757698674 1070 2221292 6154176
1757698675 1076 2222444 6154176
1757698676 1076 2222444 6154176
1757698677 1075 2223724 6154176
1757698678 1076 2225004 6154176
1757698679 1076 2225004 6154176
1757698680 1077 2226284 6154176
1757698681 1079 2226284 6154176
1757698682 1085 2227436 6154176
1757698683 1089 2228716 6154176
1757698684 1093 2228716 6154176
1757698685 1097 2229868 6154176
1757698686 1073 2229868 6154176
1757698687 1078 2231148 6154176
1757698688 1077 2232428 6154176
1757698689 1080 2232428 6154176
1757698690 1084 2233708 6154176
1757698691 1088 2233708 6154176
1757698692 1091 2234988 6154176
1757698694 1095 2236140 6154176
1757698695 1096 2236140 6154176
1757698696 1099 2237420 6154176
1757698697 1102 2237420 6154176
1757698698 1104 2238700 6154176
1757698699 1103 2239852 6154176
1757698700 1104 2239852 6154176
1757698701 1105 2241132 6154176
1757698702 1105 2242412 6154176
1757698703 1108 2242412 6154176
1757698704 1111 2243692 6154176
1757698705 1094 2243692 6154176
1757698706 1095 2244844 6154176
1757698707 1098 2246124 6154176
1757698708 1097 2246124 6154176
1757698709 1098 2247404 6154176
1757698710 1098 2247404 6154176
1757698711 1098 2248684 6154176
1757698713 1101 2249964 6154176
1757698714 1101 2249964 6154176
1757698715 1104 2251116 6154176
1757698716 1106 2252396 6154176
1757698717 1108 2252396 6154176
1757698718 1110 2253676 6154176
1757698719 1112 2253676 6154176
1757698720 1114 2254956 6154176
1757698721 1116 2256236 6154176
1757698722 1117 2256236 6154176
1757698723 1118 2257388 6154176
1757698724 1105 2257388 6154176
1757698725 1106 2258668 6154176
1757698726 1108 2259948 6154176
1757698727 1110 2259948 6154176
1757698728 1111 2261228 6154176
1757698729 1111 2262380 6154176
1757698731 1112 2262380 6154176
1757698732 1113 2263660 6154176
1757698733 1112 2263660 6154176
1757698734 1113 2264940 6154176
1757698735 1113 2266220 6154176
1757698736 1114 2266220 6154176
1757698737 1114 2267372 6154176
1757698738 1115 2267372 6154176
1757698739 1115 2268652 6154176
1757698740 1117 2269932 6154176
1757698741 1118 2269932 6154176
1757698742 1117 2271212 6154176
1757698743 1104 2271212 6154176
1757698744 1105 2272364 6154176
1757698745 1107 2273644 6154176
1757698746 1108 2273644 6154176
1757698747 1109 2274796 6154176
1757698748 1111 2274796 6154176
1757698750 1112 2276076 6154176
1757698751 1113 2277356 6154176
1757698752 1115 2277356 6154176
1757698753 1116 2278636 6154176
1757698754 1117 2279788 6154176
1757698755 1118 2279788 6154176
1757698756 1119 2281068 6154176
1757698757 1120 2281068 6154176
1757698758 1121 2282348 6154176
1757698759 1121 2283628 6154176
1757698760 1121 2283628 6154176
1757698761 1122 2284908 6154176
1757698762 1123 2284908 6154176
1757698763 1113 2286188 6154176
1757698764 1114 2287468 6154176
1757698765 1115 2287468 6154176
1757698766 1115 2288748 6154176
1757698767 1115 2290028 6154176
1757698768 1115 2290028 6154176
1757698769 1116 2291308 6154176
1757698771 1117 2291308 6154176
1757698772 1118 2292588 6154176
1757698773 1118 2293740 6154176
1757698774 1118 2293740 6154176
1757698775 1119 2295020 6154176
1757698776 1119 2295020 6154176
1757698777 1119 2296300 6154176
1757698778 1120 2297580 6154176
1757698779 1120 2297580 6154176
1757698780 1121 2298732 6154176
1757698781 1122 2298732 6154176
1757698782 1123 2300012 6154176
1757698783 1123 2301292 6154176
1757698784 1124 2301292 6154176
1757698785 1117 2302444 6154176
1757698786 1118 2303724 6154176
1757698787 1119 2303724 6154176
1757698788 1120 2305004 6154176
1757698789 1119 2305004 6154176
1757698790 1119 2306284 6154176
1757698791 1120 2307564 6154176
1757698793 1120 2307564 6154176
1757698794 1121 2308716 6154176
1757698795 1119 2308716 6154176
1757698796 1119 2309996 6154176
1757698797 1120 2309996 6154176
1757698798 1120 2311148 6154176
1757698799 1119 2312300 6154176
1757698800 1118 2312300 6154176
1757698801 1118 2313452 6154176
1757698802 1119 2313452 6154176
1757698803 1120 2314732 6154176
1757698804 1121 2316012 6154176
1757698805 1121 2316012 6154176
1757698806 1122 2317164 6154176
1757698807 1115 2317164 6154176
1757698808 1115 2318444 6154176
1757698809 1115 2319596 6154176
1757698810 1115 2319596 6154176
1757698811 1115 2320876 6154176
1757698812 1116 2320876 6154176
1757698813 1117 2322156 6154176
1757698814 1118 2323308 6154176
1757698816 1118 2323308 6154176
1757698817 1119 2324588 6154176
1757698818 1120 2325868 6154176
1757698819 1121 2325868 6154176
1757698820 1121 2327148 6154176
1757698821 1121 2327148 6154176
1757698822 1121 2328428 6154176
1757698823 1121 2329708 6154176
1757698824 1122 2329708 6154176
1757698825 1122 2330988 6154176
1757698826 1122 2330988 6154176
1757698827 1122 2332268 6154176
1757698828 1123 2333420 6154176
1757698829 1123 2333420 6154176
1757698830 1123 2334700 6154176
1757698831 1123 2334700 6154176
1757698832 1116 2335980 6154176
1757698833 1116 2337260 6154176
1757698834 1117 2337260 6154176
1757698835 1117 2338540 6154176
1757698836 1117 2338540 6154176
1757698837 1117 2339820 6154176
1757698839 1118 2340972 6154176
1757698840 1119 2340972 6154176
1757698841 1119 2342252 6154176
1757698842 1119 2342252 6154176
1757698843 1119 2343532 6154176
1757698844 1120 2344812 6154176
1757698845 1120 2344812 6154176
1757698846 1121 2346092 6154176
1757698847 1122 2346092 6154176
1757698848 1122 2347372 6154176
1757698849 1122 2348524 6154176
1757698850 1123 2348524 6154176
1757698851 1118 2349804 6154176
1757698852 1117 2349804 6154176
1757698853 1118 2350956 6154176
1757698854 1118 2352236 6154176
1757698855 1119 2352236 6154176
1757698856 1119 2353516 6154176
1757698857 1119 2353516 6154176
1757698859 1120 2354796 6154176
1757698860 1120 2355948 6154176
1757698861 1120 2355948 6154176
1757698862 1120 2357228 6154176
1757698863 1120 2357484 6154176
1757698864 1121 2358508 6154176
1757698865 1121 2359788 6154176
1757698866 1120 2359788 6154176
1757698867 1120 2360940 6154176
1757698868 1120 2360940 6154176
1757698869 1121 2362220 6154176
1757698870 1122 2363500 6154176
1757698871 1117 2363500 6154176
1757698872 1116 2364780 6154176
1757698873 1117 2364780 6154176
1757698874 1117 2366060 6154176
1757698875 1117 2367212 6154176
1757698876 1117 2367212 6154176
1757698877 1117 2368492 6154176
1757698878 1118 2368492 6154176
1757698880 1118 2369772 6154176
1757698881 1119 2370924 6154176
1757698882 1119 2370924 6154176
1757698883 1119 2372204 6154176
1757698884 1119 2372204 6154176
1757698885 1119 2373484 6154176
1757698886 1120 2374764 6154176
1757698887 1120 2374764 6154176
1757698888 1120 2376044 6154176
1757698889 1120 2376044 6154176
1757698890 1121 2377196 6154176
1757698891 1121 2378348 6154176
1757698892 1121 2378348 6154176
1757698893 1121 2379628 6154176
1757698894 1122 2379628 6154176
1757698895 1122 2380908 6154176
1757698896 1118 2382188 6154176
1757698897 1118 2382188 6154176
1757698898 1117 2383468 6154176
1757698899 1117 2383468 6154176
1757698900 1118 2384620 6154176
1757698901 1118 2385900 6154176
1757698902 1118 2385900 6154176
1757698903 1119 2387180 6154176
1757698905 1119 2387180 6154176
1757698906 1120 2388460 6154176
1757698907 1120 2389612 6154176
1757698908 1120 2389612 6154176
1757698909 1120 2390892 6154176
1757698910 1120 2390892 6154176
1757698911 1121 2392172 6154176
1757698912 1121 2393452 6154176
1757698913 1121 2393452 6154176
1757698914 1121 2394732 6154176
1757698915 1122 2396012 6154176
1757698916 1122 2396012 6154176
1757698917 1118 2397292 6154176
1757698918 1119 2397292 6154176
1757698919 1119 2398572 6154176
1757698920 1119 2399852 6154176
1757698921 1119 2399852 6154176
1757698922 1119 2401132 6154176
1757698923 1119 2401132 6154176
1757698925 1120 2402412 6154176
1757698926 1120 2403564 6154176
1757698927 1121 2403564 6154176
1757698928 1121 2404844 6154176
1757698929 1121 2404844 6154176
1757698930 1121 2406124 6154176
1757698931 1121 2407404 6154176
1757698932 1121 2407404 6154176
1757698933 1121 2408556 6154176
1757698934 1122 2408556 6154176
1757698935 1122 2409836 6154176
1757698936 1123 2411116 6154176
1757698937 1123 2411116 6154176
1757698938 1124 2412396 6154176
1757698939 1120 2413676 6154176
1757698940 1120 2413676 6154176
1757698941 1120 2414828 6154176
1757698942 1120 2414828 6154176
1757698943 1120 2416108 6154176
1757698944 1121 2417388 6154176
1757698946 1121 2417388 6154176
1757698947 1121 2418540 6154176
1757698948 1122 2419820 6154176
1757698949 1122 2419820 6154176
1757698950 1123 2420972 6154176
1757698951 1122 2420972 6154176
1757698952 1123 2422252 6154176
1757698953 1123 2423532 6154176
1757698954 1123 2423532 6154176
1757698955 1123 2424812 6154176
1757698956 1123 2424812 6154176
1757698957 1124 2426092 6154176
1757698958 1124 2427372 6154176
1757698959 1124 2427372 6154176
1757698960 1120 2428652 6154176
1757698961 1121 2428652 6154176
1757698962 1121 2429932 6154176
1757698963 1121 2431084 6154176
1757698964 1121 2431084 6154176
1757698965 1122 2432364 6154176
1757698967 1122 2432364 6154176
1757698968 1122 2433644 6154176
1757698969 1123 2434924 6154176
1757698970 1123 2434924 6154176
1757698971 1123 2436076 6154176
1757698972 1123 2436076 6154176
1757698973 1123 2437356 6154176
1757698974 1123 2438636 6154176
1757698975 1123 2438636 6154176
1757698976 1123 2439916 6154176
1757698977 1123 2439916 6154176
1757698978 1124 2441196 6154176
1757698979 1124 2442348 6154176
1757698980 1124 2442348 6154176
1757698981 1121 2443500 6154176
1757698982 1120 2443500 6154176
1757698983 1120 2444780 6154176
1757698984 1121 2446060 6154176
1757698985 1121 2446060 6154176
1757698986 1121 2447340 6154176
1757698988 1122 2447340 6154176
1757698989 1122 2448492 6154176
1757698990 1122 2449772 6154176
1757698991 1123 2449772 6154176
1757698992 1123 2451052 6154176
1757698993 1123 2452332 6154176
1757698994 1123 2452332 6154176
1757698995 1123 2453612 6154176
1757698996 1124 2453612 6154176
1757698997 1124 2454764 6154176
1757698998 1124 2456044 6154176
1757698999 1124 2456044 6154176
1757699000 1124 2457324 6154176
1757699001 1122 2457324 6154176
1757699002 1122 2458604 6154176
1757699003 1122 2459756 6154176
1757699004 1122 2459756 6154176
1757699005 1122 2461036 6154176
1757699006 1121 2461036 6154176
1757699007 1121 2462188 6154176
1757699008 1121 2462188 6154176
1757699010 1121 2463468 6154176
1757699011 1122 2464620 6154176
1757699012 1122 2464620 6154176
1757699013 1122 2465900 6154176
1757699014 1122 2467180 6154176
1757699015 1122 2467180 6154176
1757699016 1122 2468460 6154176
1757699017 1122 2468460 6154176
1757699018 1123 2469740 6154176
1757699019 1123 2471020 6154176
1757699020 1123 2471020 6154176
1757699021 1123 2472300 6154176
1757699022 1123 2472300 6154176
1757699023 1120 2473580 6154176
1757699024 1120 2473580 6154176
1757699025 1121 2474860 6154176
1757699026 1121 2476012 6154176
1757699027 1121 2476012 6154176
1757699028 1121 2477292 6154176
1757699030 1121 2477292 6154176
1757699031 1121 2478572 6154176
1757699032 1121 2479852 6154176
1757699033 1122 2479852 6154176
1757699034 1122 2481132 6154176
1757699035 1122 2481132 6154176
1757699036 1122 2482412 6154176
1757699037 1122 2483692 6154176
1757699038 1123 2483692 6154176
1757699039 1123 2484844 6154176
1757699040 1123 2485996 6154176
1757699041 1122 2485996 6154176
1757699042 1123 2487276 6154176
1757699043 1120 2487276 6154176
1757699044 1120 2488556 6154176
1757699045 1120 2489836 6154176
1757699046 1120 2489836 6154176
1757699047 1121 2491116 6154176
1757699048 1121 2491116 6154176
1757699049 1121 2492268 6154176
1757699050 1121 2493548 6154176
1757699052 1121 2493548 6154176
1757699053 1121 2494700 6154176
1757699054 1122 2494700 6154176
1757699055 1122 2495980 6154176
1757699056 1122 2497260 6154176
1757699057 1122 2497260 6154176
1757699058 1123 2498540 6154176
1757699059 1123 2498540 6154176
1757699060 1123 2499820 6154176
1757699061 1123 2501100 6154176
1757699062 1123 2501100 6154176
1757699063 1121 2502252 6154176
1757699064 1121 2503532 6154176
1757699065 1121 2503532 6154176
1757699066 1121 2504812 6154176
1757699067 1121 2504812 6154176
1757699068 1122 2505964 6154176
1757699070 1122 2507244 6154176
1757699071 1122 2507244 6154176
1757699072 1122 2508524 6154176
1757699073 1123 2509804 6154176
1757699074 1122 2509804 6154176
1757699075 1122 2510956 6154176
1757699076 1122 2510956 6154176
1757699077 1122 2512236 6154176
1757699078 1123 2513516 6154176
1757699079 1123 2513516 6154176
1757699080 1123 2514796 6154176
1757699081 1123 2514796 6154176
1757699082 1124 2516076 6154176
1757699083 1121 2517356 6154176
1757699084 1122 2517356 6154176
1757699085 1122 2518636 6154176
1757699086 1122 2518636 6154176
1757699087 1122 2519916 6154176
1757699088 1122 2521068 6154176
1757699090 1122 2521068 6154176
1757699091 1123 2522348 6154176
1757699092 1123 2523628 6154176
1757699093 1123 2523628 6154176
1757699094 1123 2524908 6154176
1757699095 1123 2524908 6154176
1757699096 1123 2526188 6154176
1757699097 1123 2527340 6154176
1757699098 1124 2527340 6154176
1757699099 1124 2528620 6154176
1757699100 1124 2528620 6154176
1757699101 1124 2529900 6154176
1757699102 1122 2531180 6154176
1757699103 1122 2531180 6154176
1757699104 1122 2532332 6154176
1757699105 1122 2532332 6154176
1757699106 1122 2533612 6154176
1757699107 1122 2534892 6154176
1757699108 1122 2534892 6154176
1757699109 1122 2536044 6154176
1757699111 1122 2536044 6154176
1757699112 1123 2537324 6154176
1757699113 1123 2538476 6154176
1757699114 1123 2538476 6154176
1757699115 1123 2539756 6154176
1757699116 1123 2539756 6154176
1757699117 1123 2541036 6154176
1757699118 1123 2542188 6154176
1757699119 1124 2542188 6154176
1757699120 1124 2543468 6154176
1757699121 1124 2544748 6154176
1757699122 1124 2544748 6154176
1757699123 1122 2546028 6154176
1757699124 1122 2546028 6154176
1757699125 1122 2547180 6154176
1757699126 1122 2548460 6154176
1757699127 1122 2548460 6154176
1757699128 1122 2549740 6154176
1757699129 1122 2549740 6154176
1757699130 1122 2551020 6154176
1757699132 1122 2552300 6154176
1757699133 1123 2552300 6154176
1757699134 1123 2553580 6154176
1757699135 1123 2553580 6154176
1757699136 1123 2554860 6154176
1757699137 1123 2556140 6154176
1757699138 1123 2556140 6154176
1757699139 1123 2557292 6154176
1757699140 1123 2557292 6154176
1757699141 1123 2558572 6154176
1757699142 1123 2559852 6154176
1757699143 1123 2559852 6154176
1757699144 1122 2561132 6154176
1757699145 1122 2561132 6154176
1757699146 1122 2562412 6154176
1757699147 1122 2563564 6154176
1757699148 1122 2563564 6154176
1757699149 1122 2564844 6154176
1757699151 1122 2564844 6154176
1757699152 1123 2566124 6154176
1757699153 1123 2567404 6154176
1757699154 1123 2567404 6154176
1757699155 1123 2568556 6154176
1757699156 1123 2568556 6154176
1757699157 1123 2569836 6154176
1757699158 1123 2570988 6154176
1757699159 1123 2570988 6154176
1757699160 1123 2572268 6154176
1757699161 1123 2573548 6154176
1757699162 1123 2573548 6154176
1757699163 1124 2574828 6154176
1757699164 1122 2574828 6154176
1757699165 1122 2576108 6154176
1757699166 1122 2577388 6154176
1757699167 1122 2577388 6154176
1757699168 1122 2578668 6154176
1757699169 1122 2578668 6154176
1757699170 1123 2579820 6154176
1757699172 1122 2581100 6154176
1757699173 1122 2581100 6154176
1757699174 1122 2582380 6154176
1757699175 1123 2582380 6154176
1757699176 1123 2583660 6154176
1757699177 1123 2584812 6154176
1757699178 1123 2584812 6154176
1757699179 1123 2586092 6154176
1757699180 1123 2587372 6154176
1757699181 1123 2587372 6154176
1757699182 1124 2588652 6154176
1757699183 1124 2588652 6154176
1757699184 1124 2589804 6154176
1757699185 1122 2590956 6154176
1757699186 1122 2590956 6154176
1757699187 1122 2592236 6154176
1757699188 1122 2592236 6154176
1757699189 1123 2593388 6154176
1757699190 1123 2594668 6154176
1757699192 1123 2594668 6154176
1757699193 1123 2595948 6154176
1757699194 1123 2595948 6154176
1757699195 1123 2597228 6154176
1757699196 1123 2598380 6154176
1757699197 1123 2598380 6154176
1757699198 1124 2599660 6154176
1757699199 1124 2600940 6154176
1757699200 1124 2600940 6154176
1757699201 1124 2602220 6154176
1757699202 1124 2602220 6154176
1757699203 1122 2603500 6154176
1757699204 1122 2604780 6154176
1757699205 1122 2604780 6154176
1757699206 1123 2606060 6154176
1757699207 1123 2606060 6154176
1757699208 1123 2607212 6154176
1757699210 1123 2608492 6154176
1757699211 1123 2608492 6154176
1757699212 1123 2609772 6154176
1757699213 1123 2609772 6154176
1757699214 1123 2611052 6154176
1757699215 1123 2612204 6154176
1757699216 1123 2612204 6154176
1757699217 1123 2613484 6154176
1757699218 1124 2613484 6154176
1757699219 1124 2614764 6154176
1757699220 1124 2616044 6154176
1757699221 1124 2616044 6154176
1757699222 1124 2617324 6154176
1757699223 1124 2618604 6154176
1757699224 1123 2618604 6154176
1757699225 1123 2619884 6154176
1757699226 1123 2619884 6154176
1757699227 1123 2621164 6154176
1757699228 1123 2622316 6154176
1757699229 1123 2622316 6154176
1757699231 1123 2623468 6154176
1757699232 1123 2623468 6154176
1757699233 1123 2624748 6154176
1757699234 1123 2626028 6154176
1757699235 1123 2626028 6154176
1757699236 1124 2627180 6154176
1757699237 1124 2627180 6154176
1757699238 1124 2628460 6154176
1757699239 1124 2629740 6154176
1757699240 1124 2629740 6154176
1757699241 1124 2631020 6154176
1757699242 1124 2631020 6154176
1757699243 1124 2632300 6154176
1757699244 1122 2633580 6154176
1757699245 1122 2633580 6154176
1757699246 1123 2634732 6154176
1757699247 1123 2634732 6154176
1757699248 1123 2636012 6154176
1757699249 1123 2637292 6154176
1757699251 1123 2637292 6154176
1757699252 1123 2638572 6154176
1757699253 1124 2639724 6154176
1757699254 1124 2639724 6154176
1757699255 1124 2641004 6154176
1757699256 1124 2641004 6154176
1757699257 1124 2642284 6154176
1757699258 1124 2643436 6154176
1757699259 1124 2643436 6154176
1757699260 1124 2644716 6154176
1757699261 1124 2644716 6154176
1757699262 1124 2645996 6154176
1757699263 1124 2647148 6154176
1757699264 1123 2647148 6154176
1757699265 1123 2648428 6154176
1757699266 1123 2648428 6154176
1757699267 1123 2649708 6154176
1757699268 1123 2650860 6154176
1757699269 1124 2650860 6154176
1757699270 1124 2652140 6154176
1757699272 1123 2652140 6154176
1757699273 1123 2653420 6154176
1757699274 1123 2654700 6154176
1757699275 1124 2654700 6154176
1757699276 1124 2655852 6154176
1757699277 1124 2655852 6154176
1757699278 1124 2657132 6154176
1757699279 1124 2658412 6154176
1757699280 1124 2658412 6154176
1757699281 1124 2659692 6154176
1757699282 1125 2660844 6154176
1757699283 1125 2660844 6154176
1757699284 1125 2662124 6154176
1757699285 1123 2662124 6154176
1757699286 1123 2663404 6154176
1757699287 1124 2664684 6154176
1757699288 1123 2664684 6154176
1757699289 1123 2665964 6154176
1757699290 1123 2665964 6154176
1757699291 1123 2667244 6154176
1757699293 1123 2667244 6154176
1757699294 1123 2668524 6154176
1757699295 1123 2669676 6154176
1757699296 1123 2669676 6154176
1757699297 1124 2670956 6154176
1757699298 1124 2672236 6154176
1757699299 1124 2672236 6154176
1757699300 1124 2673516 6154176
1757699301 1124 2673516 6154176
1757699302 1124 2674796 6154176
1757699303 1124 2676076 6154176
1757699304 1124 2676076 6154176
1757699305 1124 2677356 6154176
1757699306 1124 2677356 6154176
1757699307 1122 2678508 6154176
1757699308 1123 2679788 6154176
1757699309 1123 2679788 6154176
1757699310 1123 2681068 6154176
1757699311 1123 2681068 6154176
1757699312 1123 2682348 6154176
1757699314 1124 2683500 6154176
1757699315 1124 2683500 6154176
1757699316 1124 2684780 6154176
1757699317 1124 2686060 6154176
1757699318 1124 2686060 6154176
1757699319 1124 2687340 6154176
1757699320 1125 2687340 6154176
1757699321 1125 2688620 6154176
1757699322 1125 2689900 6154176
1757699323 1125 2689900 6154176
1757699324 1125 2691052 6154176
1757699325 1125 2691052 6154176
1757699326 1123 2692332 6154176
1757699327 1123 2693612 6154176
1757699328 1124 2693612 6154176
1757699329 1124 2694892 6154176
1757699330 1124 2694892 6154176
1757699331 1124 2696172 6154176
1757699333 1124 2697452 6154176
1757699334 1124 2697452 6154176
1757699335 1124 2698604 6154176
1757699336 1124 2699884 6154176
1757699337 1124 2699884 6154176
1757699338 1124 2701164 6154176
1757699339 1124 2701164 6154176
1757699340 1124 2702444 6154176
1757699341 1124 2703596 6154176
1757699342 1125 2703596 6154176
1757699343 1125 2704748 6154176
1757699344 1125 2704748 6154176
1757699345 1125 2706028 6154176
1757699346 1124 2707308 6154176
1757699347 1124 2707308 6154176
1757699348 1124 2708588 6154176
1757699349 1124 2709740 6154176
1757699350 1124 2709740 6154176
1757699351 1124 2711020 6154176
1757699353 1125 2711020 6154176
1757699354 1125 2712300 6154176
1757699355 1125 2713580 6154176
1757699356 1125 2713580 6154176
1757699357 1125 2714732 6154176
1757699358 1125 2714732 6154176
1757699359 1125 2716012 6154176
1757699360 1125 2717292 6154176
1757699361 1125 2717292 6154176
1757699362 1125 2718572 6154176
1757699363 1126 2719724 6154176
1757699364 1126 2719724 6154176
1757699365 1124 2721004 6154176
1757699366 1124 2721004 6154176
1757699367 1124 2722284 6154176
1757699368 1124 2723564 6154176
1757699369 1124 2723564 6154176
1757699370 1124 2724716 6154176
1757699372 1124 2724716 6154176
1757699373 1124 2725996 6154176
1757699374 1124 2727276 6154176
1757699375 1124 2727276 6154176
1757699376 1125 2728556 6154176
1757699377 1125 2728556 6154176
1757699378 1125 2729836 6154176
1757699379 1125 2731116 6154176
1757699380 1125 2731116 6154176
1757699381 1125 2732396 6154176
1757699382 1125 2732396 6154176
1757699383 1125 2733676 6154176
1757699384 1126 2734828 6154176
1757699385 1126 2734828 6154176
1757699386 1124 2736108 6154176
1757699387 1124 2736108 6154176
1757699388 1124 2737388 6154176
1757699389 1124 2738540 6154176
1757699390 1124 2738540 6154176
1757699391 1124 2739820 6154176
1757699393 1125 2741100 6154176
1757699394 1125 2741100 6154176
1757699395 1125 2742380 6154176
1757699396 1125 2742380 6154176
1757699397 1125 2743660 6154176
1757699398 1125 2744940 6154176
1757699399 1125 2744940 6154176
1757699400 1125 2746092 6154176
1757699401 1125 2746092 6154176
1757699402 1125 2747372 6154176
1757699403 1125 2748652 6154176
1757699404 1125 2748652 6154176
1757699405 1124 2749932 6154176
1757699406 1124 2749932 6154176
1757699407 1124 2751212 6154176
1757699408 1124 2752492 6154176
1757699409 1124 2752492 6154176
1757699410 1125 2753772 6154176
1757699412 1125 2754924 6154176
1757699413 1125 2754924 6154176
1757699414 1125 2756204 6154176
1757699415 1125 2756204 6154176
1757699416 1125 2757484 6154176
1757699417 1125 2758636 6154176
1757699418 1125 2758636 6154176
1757699419 1125 2759788 6154176
1757699420 1125 2759788 6154176
1757699421 1126 2761068 6154176
1757699422 1125 2762348 6154176
1757699423 1125 2762348 6154176
1757699424 1125 2763628 6154176
1757699425 1124 2763628 6154176
1757699426 1124 2764780 6154176
1757699427 1124 2766060 6154176
1757699428 1124 2766060 6154176
1757699429 1124 2767340 6154176
1757699430 1124 2767340 6154176
1757699431 1124 2768492 6154176
1757699433 1125 2769772 6154176
1757699434 1125 2769772 6154176
1757699435 1125 2771052 6154176
1757699436 1125 2771052 6154176
1757699437 1125 2772332 6154176
1757699438 1125 2773484 6154176
1757699439 1125 2773484 6154176
1757699440 1125 2774764 6154176
1757699441 1125 2776044 6154176
1757699442 1126 2776044 6154176
1757699443 1126 2777324 6154176
1757699444 1125 2777324 6154176
1757699445 1125 2778604 6154176
1757699446 1125 2779756 6154176
1757699447 1125 2779756 6154176
1757699448 1125 2781036 6154176
1757699449 1125 2781036 6154176
1757699450 1125 2782316 6154176
1757699452 1125 2783596 6154176
1757699453 1125 2783596 6154176
1757699454 1125 2784876 6154176
1757699455 1125 2786156 6154176
1757699456 1125 2786156 6154176
1757699457 1125 2787436 6154176
1757699458 1126 2787436 6154176
1757699459 1126 2788588 6154176
1757699460 1125 2789868 6154176
1757699461 1125 2789868 6154176
1757699462 1126 2791148 6154176
1757699463 1126 2791148 6154176
1757699464 1126 2792428 6154176
1757699465 1126 2793580 6154176
1757699466 1125 2793580 6154176
1757699467 1125 2794860 6154176
1757699468 1125 2794860 6154176
1757699469 1125 2796140 6154176
1757699470 1125 2797292 6154176
1757699471 1125 2797292 6154176
1757699473 1125 2798572 6154176
1757699474 1125 2798572 6154176
1757699475 1125 2799852 6154176
1757699476 1125 2801132 6154176
1757699477 1126 2801132 6154176
1757699478 1126 2802284 6154176
1757699479 1126 2803564 6154176
1757699480 1126 2803564 6154176
1757699481 1126 2804716 6154176
1757699482 1126 2804716 6154176
1757699483 1126 2805996 6154176
1757699484 1126 2807276 6154176
1757699485 1125 2807276 6154176
1757699486 1125 2808428 6154176
1757699487 1125 2809708 6154176
1757699488 1125 2809708 6154176
1757699489 1125 2810988 6154176
1757699490 1125 2810988 6154176
1757699492 1125 2812268 6154176
1757699493 1125 2812268 6154176
1757699494 1125 2813548 6154176
1757699495 1125 2814700 6154176
1757699496 1125 2814700 6154176
1757699497 1126 2815980 6154176
1757699498 1126 2817260 6154176
1757699499 1126 2817260 6154176
1757699500 1126 2818540 6154176
1757699501 1126 2818540 6154176
1757699502 1126 2819820 6154176
1757699503 1126 2821100 6154176
1757699504 1126 2821100 6154176
1757699505 1125 2822252 6154176
1757699506 1125 2822252 6154176
1757699507 1125 2823532 6154176
1757699508 1125 2824812 6154176
1757699509 1125 2824812 6154176
1757699510 1125 2826092 6154176
1757699512 1125 2826092 6154176
1757699513 1126 2827244 6154176
1757699514 1126 2828524 6154176
1757699515 1126 2828524 6154176
1757699516 1126 2829804 6154176
1757699517 1126 2831084 6154176
1757699518 1126 2831084 6154176
1757699519 1126 2832364 6154176
1757699520 1126 2832364 6154176
1757699521 1126 2833516 6154176
1757699522 1126 2834796 6154176
1757699523 1126 2834796 6154176
1757699524 1126 2835948 6154176
1757699525 1126 2835948 6154176
1757699526 1126 2837228 6154176
1757699527 1125 2838380 6154176
1757699528 1125 2838380 6154176
1757699529 1125 2839660 6154176
1757699530 1125 2839660 6154176
1757699531 1126 2840940 6154176
1757699532 1126 2842220 6154176
1757699534 1126 2842220 6154176
1757699535 1126 2843500 6154176
1757699536 1126 2844780 6154176
1757699537 1126 2844780 6154176
1757699538 1126 2845932 6154176
1757699539 1126 2845932 6154176
1757699540 1126 2847212 6154176
1757699541 1126 2847212 6154176
1757699542 1126 2848492 6154176
1757699543 1126 2849772 6154176
1757699544 1126 2849772 6154176
1757699545 1127 2850924 6154176
1757699546 1127 2852204 6154176
1757699547 1127 2852204 6154176
1757699548 1126 2853356 6154176
1757699549 1126 2853356 6154176
1757699550 1126 2854636 6154176
1757699551 1126 2855916 6154176
1757699552 1126 2855916 6154176
1757699553 1126 2857196 6154176
1757699555 1126 2857196 6154176
1757699556 1125 2858476 6154176
1757699557 1126 2859756 6154176
1757699558 1126 2859756 6154176
1757699559 1126 2861036 6154176
1757699560 1126 2861036 6154176
1757699561 1126 2862316 6154176
1757699562 1126 2863596 6154176
1757699563 1126 2863596 6154176
1757699564 1126 2864876 6154176
1757699565 1127 2866156 6154176
1757699566 1126 2866156 6154176
1757699567 1126 2867308 6154176
1757699568 1126 2867308 6154176
1757699569 1126 2868588 6154176
1757699570 1126 2869868 6154176
1757699571 1126 2869868 6154176
1757699572 1126 2871020 6154176
1757699573 1126 2871020 6154176
1757699575 1126 2872300 6154176
1757699576 1126 2873580 6154176
1757699577 1126 2873580 6154176
1757699578 1126 2874860 6154176
1757699579 1126 2874860 6154176
1757699580 1126 2876012 6154176
1757699581 1126 2877292 6154176
1757699582 1127 2877292 6154176
1757699583 1126 2878444 6154176
1757699584 1126 2879724 6154176
1757699585 1126 2879724 6154176
1757699586 1126 2881004 6154176
1757699587 1126 2881004 6154176
1757699588 1126 2882284 6154176
1757699589 1125 2882284 6154176
1757699590 1125 2883564 6154176
1757699591 1125 2883564 6154176
1757699592 1125 2884844 6154176
1757699593 1125 2885996 6154176
1757699594 1125 2885996 6154176
1757699595 1125 2887276 6154176
1757699596 1126 2887276 6154176
1757699598 1126 2888428 6154176
1757699599 1126 2889708 6154176
1757699600 1126 2889708 6154176
1757699601 1126 2890988 6154176
1757699602 1126 2892268 6154176
1757699603 1126 2892268 6154176
1757699604 1126 2893548 6154176
1757699605 1126 2893548 6154176
1757699606 1126 2894700 6154176
1757699607 1126 2895980 6154176
1757699608 1126 2895980 6154176
1757699609 1126 2897260 6154176
1757699610 1127 2897260 6154176
1757699611 1125 2898540 6154176
1757699612 1125 2899692 6154176
1757699613 1125 2899692 6154176
1757699614 1125 2900972 6154176
1757699615 1125 2900972 6154176
1757699616 1126 2902252 6154176
1757699618 1126 2903404 6154176
1757699619 1126 2903404 6154176
1757699620 1126 2904684 6154176
1757699621 1126 2905964 6154176
1757699622 1126 2905964 6154176
1757699623 1126 2907244 6154176
1757699624 1126 2907244 6154176
1757699625 1126 2908524 6154176
1757699626 1126 2909804 6154176
1757699627 1126 2909804 6154176
1757699628 1126 2910956 6154176
1757699629 1127 2910956 6154176
1757699630 1127 2912236 6154176
1757699631 1127 2913516 6154176
1757699632 1126 2913516 6154176
1757699633 1126 2914796 6154176
1757699634 1126 2914796 6154176
1757699635 1126 2916076 6154176
1757699636 1126 2917356 6154176
1757699638 1126 2917356 6154176
1757699639 1126 2918636 6154176
1757699640 1126 2919788 6154176
1757699641 1126 2919788 6154176
1757699642 1126 2921068 6154176
1757699643 1126 2921068 6154176
1757699644 1126 2922220 6154176
1757699645 1126 2923500 6154176
1757699646 1126 2923500 6154176
1757699647 1126 2924780 6154176
1757699648 1126 2924780 6154176
1757699649 1127 2925932 6154176
1757699650 1126 2927212 6154176
1757699651 1126 2927212 6154176
1757699652 1126 2928492 6154176
1757699653 1125 2928492 6154176
1757699654 1125 2929772 6154176
1757699655 1126 2931052 6154176
1757699656 1126 2931052 6154176
1757699657 1126 2932332 6154176
1757699659 1126 2932332 6154176
1757699660 1126 2933612 6154176
1757699661 1126 2934892 6154176
1757699662 1126 2934892 6154176
1757699663 1126 2936044 6154176
1757699664 1126 2936044 6154176
1757699665 1126 2937324 6154176
1757699666 1126 2938604 6154176
1757699667 1126 2938604 6154176
1757699668 1126 2939884 6154176
1757699669 1126 2939884 6154176
1757699670 1126 2941164 6154176
1757699671 1126 2942444 6154176
1757699672 1126 2942444 6154176
1757699673 1126 2943724 6154176
1757699674 1125 2943724 6154176
1757699675 1125 2945004 6154176
1757699676 1125 2946284 6154176
1757699677 1125 2946284 6154176
1757699678 1125 2947564 6154176
1757699679 1125 2947564 6154176
1757699680 1125 2947564 6154176
1757699682 1126 2947564 6154176
1757699683 1126 2947564 6154176
1757699684 1126 2947564 6154176
1757699685 1126 2947564 6154176
1757699686 1126 2947564 6154176
1757699687 1126 2947564 6154176
1757699688 1126 2947564 6154176
1757699689 1126 2947564 6154176
1757699690 1126 2947564 6154176
1757699691 1126 2947564 6154176
1757699692 1126 2947564 6154176
1757699693 1126 2947564 6154176
1757699694 1126 2947564 6154176
1757699695 1126 2947564 6154176
1757699696 1125 2947564 6154176
1757699697 1125 2947564 6154176
1757699698 1125 2947564 6154176
1757699699 1125 2947564 6154176
1757699700 1125 2947564 6154176
1757699701 1125 2947564 6154176
1757699702 1125 2947564 6154176
1757699704 1126 2947564 6154176
1757699705 1125 2947564 6154176
1757699706 1125 2947564 6154176
1757699707 1125 2947564 6154176
1757699708 1126 2947564 6154176
1757699709 1126 2947564 6154176
1757699710 1126 2947564 6154176
1757699711 1126 2947564 6154176
1757699712 1126 2947564 6154176
1757699713 1126 2947564 6154176
1757699714 1126 2947564 6154176
1757699715 1126 2947564 6154176
1757699716 1125 2947564 6154176
1757699717 1125 2947564 6154176
1757699718 1125 2947564 6154176
1757699719 1125 2947564 6154176
1757699720 1125 2947564 6154176
1757699721 1125 2947564 6154176
1757699722 1126 2947564 6154176
1757699724 1126 2947564 6154176
1757699725 1126 2947564 6154176
1757699726 1126 2947564 6154176
1757699727 1126 2947564 6154176
1757699728 1126 2947564 6154176
1757699729 1126 2947564 6154176
1757699730 1126 2947564 6154176
1757699731 1126 2947564 6154176
1757699732 1126 2947564 6154176
1757699733 1126 2947564 6154176
1757699734 1126 2478076 3810936
1757699735 1127 2478076 3810936
1757699736 1126 2478076 3810936
1757699737 1126 2478076 3810936
1757699738 1127 2478076 3810936
