1757682966  0.0 16000 676480
1757682967  811 644372 2638384
1757682968 1253 645268 2638384
1757682969 1400 646292 2638384
1757682970 1461 647188 2638384
1757682971 1509 648084 2638384
1757682972 1538 649108 2638384
1757682973 1562 650004 2638384
1757682974 1554 650900 2638384
1757682975 1389 651668 2638384
1757682976 1390 652564 2638384
1757682977 1402 653076 2638384
1757682978 1420 654100 2638384
1757682979 1439 655508 2638384
1757682980 1456 656404 2638384
1757682982 1465 657044 2638384
1757682983 1476 658324 2638384
1757682984 1478 658964 2638384
1757682985 1483 659860 2638384
1757682986 1489 660884 2638384
1757682987 1499 661780 2638384
1757682988 1506 663060 2638384
1757682989 1514 663956 2638384
1757682990 1523 664852 2638384
1757682991 1470 665876 2638384
1757682992 1474 666772 2638384
1757682993 1477 667668 2638384
1757682994 1479 668692 2638384
1757682995 1484 669588 2638384
1757682997 1491 670484 2638384
1757682998 1497 671508 2638384
1757682999 1503 672404 2638384
1757683000 1508 673300 2638384
1757683001 1513 674324 2638384
1757683002 1518 675220 2638384
1757683003 1522 676500 2638384
1757683004 1527 677396 2638384
1757683005 1528 678292 2638384
1757683006 1491 678932 2638384
1757683007 1492 679828 2638384
1757683008 1492 680468 2638384
1757683009 1492 681492 2638384
1757683010 1496 682388 2638384
1757683012 1499 683412 2638384
1757683013 1504 684308 2638384
1757683014 1507 685204 2638384
1757683015 1511 686484 2638384
1757683016 1514 687380 2638384
1757683017 1515 688404 2638384
1757683018 1515 689044 2638384
1757683019 1516 690068 2638384
1757683020 1520 691092 2638384
1757683021 1523 691988 2638384
1757683022 1499 693268 2638384
1757683023 1502 694164 2638384
1757683024 1505 695188 2638384
1757683025 1505 696084 2638384
1757683026 1507 696980 2638384
1757683028 1508 698004 2638384
1757683029 1511 698900 2638384
1757683030 1514 699796 2638384
1757683031 1516 700820 2638384
1757683032 1519 701716 2638384
1757683033 1521 702996 2638384
1757683034 1524 703892 2638384
1757683035 1526 704916 2638384
1757683036 1528 705812 2638384
1757683037 1507 706708 2638384
1757683038 1506 707220 2638384
1757683039 1506 708116 2638384
1757683040 1506 709140 2638384
1757683042 1508 710164 2638384
1757683043 1510 711060 2638384
1757683044 1512 711956 2638384
1757683045 1514 712980 2638384
1757683046 1516 713876 2638384
1757683047 1518 714772 2638384
1757683048 1520 715796 2638384
1757683049 1521 716692 2638384
1757683050 1522 717588 2638384
1757683051 1522 718484 2638384
1757683052 1505 719380 2638384
1757683053 1508 720404 2638384
1757683054 1509 721300 2638384
1757683055 1511 722196 2638384
1757683056 1513 723220 2638384
1757683058 1515 724116 2638384
1757683059 1515 725140 2638384
1757683060 1514 725652 2638384
1757683061 1513 726292 2638384
1757683062 1514 727188 2638384
1757683063 1516 728084 2638384
1757683064 1517 729108 2638384
1757683065 1519 730260 2638384
1757683066 1521 731284 2638384
1757683067 1522 732180 2638384
1757683068 1522 733076 2638384
1757683069 1508 734100 2638384
1757683070 1507 734612 2638384
1757683071 1507 735380 2638384
1757683072 1508 736404 2638384
1757683073 1509 737300 2638384
1757683075 1511 738580 2638384
1757683076 1513 739476 2638384
1757683077 1514 740500 2638384
1757683078 1516 741396 2638384
1757683079 1517 742292 2638384
1757683080 1519 743188 2638384
1757683081 1520 744468 2638384
1757683082 1521 745364 2638384
1757683083 1522 746388 2638384
1757683084 1522 747156 2638384
1757683085 1509 748052 2638384
1757683086 1510 748948 2638384
1757683087 1511 749972 2638384
1757683088 1513 750868 2638384
1757683089 1514 751892 2638384
1757683091 1515 752788 2638384
1757683092 1516 753684 2638384
1757683093 1516 754708 2638384
1757683094 1517 755220 2638384
1757683095 1517 756244 2638384
1757683096 1518 757140 2638384
1757683097 1519 758036 2638384
1757683098 1521 759060 2638384
1757683099 1522 759956 2638384
1757683100 1521 760852 2638384
1757683101 1510 761492 2638384
1757683102 1510 762388 2638384
1757683103 1510 763028 2638384
1757683104 1511 763924 2638384
1757683105 1512 765204 2638384
1757683107 1514 766100 2638384
1757683108 1515 766996 2638384
1757683109 1516 768020 2638384
1757683110 1517 768916 2638384
1757683111 1518 769812 2638384
1757683112 1519 770836 2638384
1757683113 1520 771732 2638384
1757683114 1522 773012 2638384
1757683115 1522 773908 2638384
1757683116 1513 774548 2638384
1757683117 1512 775444 2638384
1757683118 1513 775956 2638384
1757683119 1514 776852 2638384
1757683120 1515 778132 2638384
1757683122 1516 779028 2638384
1757683123 1517 780052 2638384
1757683124 1518 780948 2638384
1757683125 1519 781844 2638384
1757683126 1519 782868 2638384
1757683127 1519 783508 2638384
1757683128 1519 784532 2638384
1757683129 1520 785428 2638384
1757683130 1520 786452 2638384
1757683131 1520 787348 2638384
1757683132 1520 787860 2638384
1757683133 1511 788756 2638384
1757683134 1511 789396 2638384
1757683135 1512 790292 2638384
1757683136 1513 791572 2638384
1757683137 1514 792468 2638384
1757683139 1515 793492 2638384
1757683140 1516 794388 2638384
1757683141 1516 795284 2638384
1757683142 1517 796564 2638384
1757683143 1518 797588 2638384
1757683144 1519 798484 2638384
1757683145 1520 799380 2638384
1757683146 1521 800276 2638384
1757683147 1522 801300 2638384
1757683148 1523 802196 2638384
1757683149 1515 803092 2638384
1757683150 1515 803988 2638384
1757683151 1515 805012 2638384
1757683152 1516 805908 2638384
1757683154 1517 806804 2638384
1757683155 1518 807828 2638384
1757683156 1519 808724 2638384
1757683157 1520 810004 2638384
1757683158 1521 810900 2638384
1757683159 1521 811796 2638384
1757683160 1521 812820 2638384
1757683161 1521 813716 2638384
1757683162 1521 814228 2638384
1757683163 1513 814996 2638384
1757683164 1513 816020 2638384
1757683165 1513 816916 2638384
1757683166 1514 817940 2638384
1757683167 1515 819220 2638384
1757683169 1516 820116 2638384
1757683170 1516 820116 2638384
1757683171 1517 820116 2638384
1757683172 1518 820116 2638384
1757683173 1519 820116 2638384
1757683174 1520 820116 2638384
1757683175 1521 820116 2638384
1757683176 1521 820116 2638384
1757683177 1522 820116 2638384
1757683178 1523 820116 2638384
1757683179 1516 820116 2638384
1757683180 1517 820116 2638384
1757683181 1518 820116 2638384
1757683182 1518 820116 2638384
1757683184 1519 820116 2638384
1757683185 1519 820116 2638384
1757683186 1520 820116 2638384
1757683187 1520 820116 2638384
1757683188 1521 820116 2638384
1757683189 1522 820116 2638384
1757683190 1522 820116 2638384
