1757682283  0.0 15744 643712
1757682284  814 644016 2638424
1757682285 1132 644784 2638424
1757682286 1218 645808 2638424
1757682287 1007 646448 2638424
1757682288 1085 647600 2638424
1757682289 1144 648240 2638424
1757682290 1196 649136 2638424
1757682291 1232 650032 2638424
1757682293 1273 650928 2638424
1757682294 1311 651952 2638424
1757682295 1343 652848 2638424
1757682296 1371 654128 2638424
1757682297 1390 655024 2638424
1757682298 1411 655920 2638424
1757682299 1428 656944 2638424
1757682300 1444 657840 2638424
1757682301 1456 658736 2638424
1757682302 1396 659760 2638424
1757682303 1406 660656 2638424
1757682304 1418 661680 2638424
1757682305 1428 662576 2638424
1757682306 1435 663472 2638424
1757682308 1446 664496 2638424
1757682309 1455 665648 2638424
1757682310 1464 666672 2638424
1757682311 1471 667568 2638424
1757682312 1479 668464 2638424
1757682313 1485 669488 2638424
1757682314 1492 670384 2638424
1757682315 1498 671280 2638424
1757682316 1502 672304 2638424
1757682317 1500 673200 2638424
1757682318 1453 673840 2638424
1757682319 1448 674480 2638424
1757682320 1450 675120 2638424
1757682321 1455 676144 2638424
1757682322 1459 676912 2638424
1757682324 1462 677936 2638424
1757682325 1464 678576 2638424
1757682326 1467 679472 2638424
1757682327 1472 680368 2638424
1757682328 1476 681392 2638424
1757682329 1481 682288 2638424
1757682330 1486 683568 2638424
1757682331 1490 684464 2638424
1757682332 1494 685360 2638424
1757682333 1498 686384 2638424
1757682334 1472 687280 2638424
1757682335 1475 688176 2638424
1757682336 1478 689200 2638424
1757682337 1482 690096 2638424
1757682339 1485 690992 2638424
1757682340 1489 691888 2638424
1757682341 1492 692912 2638424
1757682342 1495 694192 2638424
1757682343 1498 695088 2638424
1757682344 1501 695984 2638424
1757682345 1504 697008 2638424
1757682346 1506 697776 2638424
1757682347 1509 698800 2638424
1757682348 1509 699696 2638424
1757682349 1487 700720 2638424
1757682350 1487 701232 2638424
1757682351 1486 702128 2638424
1757682352 1487 703024 2638424
1757682353 1487 703664 2638424
1757682355 1490 704560 2638424
1757682356 1492 705456 2638424
1757682357 1493 706480 2638424
1757682358 1494 707504 2638424
1757682359 1495 708144 2638424
1757682360 1497 709040 2638424
1757682361 1499 709936 2638424
1757682362 1501 711216 2638424
1757682363 1504 712112 2638424
1757682364 1488 713136 2638424
1757682365 1490 714032 2638424
1757682366 1492 715056 2638424
1757682367 1494 715952 2638424
1757682368 1496 716848 2638424
1757682370 1498 718128 2638424
1757682371 1500 719024 2638424
1757682372 1502 719920 2638424
1757682373 1504 720944 2638424
1757682374 1506 721840 2638424
1757682375 1508 722864 2638424
1757682376 1510 723760 2638424
1757682377 1511 724656 2638424
1757682378 1513 725936 2638424
1757682379 1514 726576 2638424
1757682380 1499 727600 2638424
1757682381 1498 728112 2638424
1757682382 1498 729008 2638424
1757682383 1499 729904 2638424
1757682384 1500 730544 2638424
1757682386 1500 731568 2638424
1757682387 1501 732464 2638424
1757682388 1502 733488 2638424
1757682389 1504 734384 2638424
1757682390 1506 735280 2638424
1757682391 1506 736176 2638424
1757682392 1507 737200 2638424
1757682393 1508 738096 2638424
1757682394 1510 738992 2638424
1757682395 1497 740016 2638424
1757682396 1499 740912 2638424
1757682397 1500 741680 2638424
1757682398 1502 742576 2638424
1757682399 1503 743856 2638424
1757682401 1505 744752 2638424
1757682402 1506 745776 2638424
1757682403 1508 746672 2638424
1757682404 1509 747568 2638424
1757682405 1510 748592 2638424
1757682406 1512 749872 2638424
1757682407 1513 750768 2638424
1757682408 1515 751664 2638424
1757682409 1516 752688 2638424
1757682410 1506 753840 2638424
1757682411 1506 754608 2638424
1757682412 1505 755504 2638424
1757682413 1505 756144 2638424
1757682414 1505 757040 2638424
1757682415 1506 757936 2638424
1757682417 1507 758576 2638424
1757682418 1507 759600 2638424
1757682419 1507 760240 2638424
1757682420 1508 761264 2638424
1757682421 1506 761904 2638424
1757682422 1507 762800 2638424
1757682423 1508 763696 2638424
1757682424 1509 764720 2638424
1757682425 1509 765616 2638424
1757682426 1510 766512 2638424
1757682427 1500 767536 2638424
1757682428 1501 768432 2638424
1757682429 1503 769328 2638424
1757682430 1504 770352 2638424
1757682431 1505 771504 2638424
1757682433 1506 772144 2638424
1757682434 1507 773424 2638424
1757682435 1508 774320 2638424
1757682436 1509 775344 2638424
1757682437 1510 776240 2638424
1757682438 1511 777136 2638424
1757682439 1512 778160 2638424
1757682440 1514 779056 2638424
1757682441 1515 780336 2638424
1757682442 1505 781232 2638424
1757682443 1506 781872 2638424
1757682444 1504 782384 2638424
1757682445 1504 783408 2638424
1757682446 1505 784304 2638424
1757682448 1506 785328 2638424
1757682449 1507 786224 2638424
1757682450 1508 787120 2638424
1757682451 1509 788400 2638424
1757682452 1510 789296 2638424
1757682453 1510 790320 2638424
1757682454 1511 791216 2638424
1757682455 1512 792112 2638424
1757682456 1513 793136 2638424
1757682457 1504 794032 2638424
1757682458 1505 794928 2638424
1757682459 1505 795440 2638424
1757682460 1506 796464 2638424
1757682461 1507 797360 2638424
1757682463 1508 798640 2638424
1757682464 1509 799536 2638424
1757682465 1510 800432 2638424
1757682466 1511 801456 2638424
1757682467 1512 802352 2638424
1757682468 1512 803632 2638424
1757682469 1513 804528 2638424
1757682470 1514 805424 2638424
1757682471 1515 806448 2638424
1757682472 1516 807344 2638424
1757682473 1508 807984 2638424
1757682474 1508 808880 2638424
1757682475 1507 809648 2638424
1757682476 1508 810544 2638424
1757682477 1508 811056 2638424
1757682479 1509 812336 2638424
1757682480 1509 813232 2638424
1757682481 1510 814256 2638424
1757682482 1511 815152 2638424
1757682483 1512 816048 2638424
1757682484 1513 817072 2638424
1757682485 1513 817968 2638424
1757682486 1513 818864 2638424
1757682487 1513 819504 2638424
1757682488 1514 819504 2638424
1757682489 1507 819504 2638424
1757682490 1508 819504 2638424
1757682491 1508 819504 2638424
1757682492 1509 819504 2638424
1757682494 1509 819504 2638424
1757682495 1510 819504 2638424
1757682496 1511 819504 2638424
1757682497 1511 819504 2638424
1757682498 1512 819504 2638424
1757682499 1513 819504 2638424
1757682500 1514 819504 2638424
1757682501 1515 819504 2638424
1757682502 1516 819504 2638424
1757682503 1516 819504 2638424
1757682504 1510 819504 2638424
1757682505 1510 819504 2638424
1757682506 1510 819504 2638424
1757682507 1510 819504 2638424
1757682508 1509 819504 2638424
1757682510 1510 683188 2443108
