1757682053  0.0 13824 642536
1757682054  774 643552 2215008
1757682055 1165 663136 2215008
1757682056 1301 663136 2215008
1757682057 1348 644692 2638408
1757682058 1164 645716 2638408
1757682059 1236 646740 2638408
1757682060 1290 647636 2638408
1757682061 1331 648532 2638408
1757682063 1365 649556 2638408
1757682064 1393 650452 2638408
1757682065 1417 651348 2638408
1757682066 1416 652244 2638408
1757682067 1425 652884 2638408
1757682068 1438 653908 2638408
1757682069 1450 654932 2638408
1757682070 1458 655828 2638408
1757682071 1464 656596 2638408
1757682072 1476 657876 2638408
1757682073 1412 658388 2638408
1757682074 1424 659284 2638408
1757682075 1434 660308 2638408
1757682076 1446 661204 2638408
1757682077 1454 662228 2638408
1757682079 1464 663380 2638408
1757682080 1473 664276 2638408
1757682081 1481 665172 2638408
1757682082 1488 666196 2638408
1757682083 1494 667092 2638408
1757682084 1500 668372 2638408
1757682085 1504 669012 2638408
1757682086 1507 669908 2638408
1757682087 1508 670932 2638408
1757682088 1467 671572 2638408
1757682089 1470 672468 2638408
1757682090 1473 673492 2638408
1757682091 1475 674388 2638408
1757682092 1479 675284 2638408
1757682094 1485 676308 2638408
1757682095 1489 677204 2638408
1757682096 1494 678100 2638408
1757682097 1495 679124 2638408
1757682098 1495 680020 2638408
1757682099 1497 680916 2638408
1757682100 1500 681556 2638408
1757682101 1500 682324 2638408
1757682102 1503 683348 2638408
1757682103 1477 684244 2638408
1757682104 1479 685140 2638408
1757682105 1483 686164 2638408
1757682106 1487 687060 2638408
1757682108 1491 688340 2638408
1757682109 1494 689236 2638408
1757682110 1498 690132 2638408
1757682111 1501 691156 2638408
1757682112 1505 692052 2638408
1757682113 1504 692948 2638408
1757682114 1508 693972 2638408
1757682115 1510 694868 2638408
1757682116 1513 696148 2638408
1757682117 1493 697044 2638408
1757682118 1495 698068 2638408
1757682119 1497 698964 2638408
1757682120 1497 699604 2638408
1757682121 1496 700372 2638408
1757682123 1497 701012 2638408
1757682124 1498 702036 2638408
1757682125 1499 702932 2638408
1757682126 1502 703828 2638408
1757682127 1504 704852 2638408
1757682128 1505 705748 2638408
1757682129 1505 706772 2638408
1757682130 1504 707284 2638408
1757682131 1504 708308 2638408
1757682132 1503 708820 2638408
1757682133 1487 709844 2638408
1757682134 1489 710740 2638408
1757682135 1491 712020 2638408
1757682136 1493 712916 2638408
1757682137 1495 713940 2638408
1757682139 1498 714836 2638408
1757682140 1500 715732 2638408
1757682141 1502 716756 2638408
1757682142 1504 717652 2638408
1757682143 1506 718932 2638408
1757682144 1508 719828 2638408
1757682145 1510 720724 2638408
1757682146 1512 721748 2638408
1757682147 1514 722644 2638408
1757682148 1499 723540 2638408
1757682149 1501 724564 2638408
1757682150 1503 725460 2638408
1757682151 1505 726356 2638408
1757682152 1506 727380 2638408
1757682154 1506 728276 2638408
1757682155 1507 729172 2638408
1757682156 1507 730068 2638408
1757682157 1508 730708 2638408
1757682158 1508 731604 2638408
1757682159 1509 732628 2638408
1757682160 1507 733140 2638408
1757682161 1506 733780 2638408
1757682162 1507 734804 2638408
1757682163 1507 735700 2638408
1757682164 1496 736596 2638408
1757682165 1497 737492 2638408
1757682166 1499 738516 2638408
1757682167 1500 739540 2638408
1757682168 1501 740820 2638408
1757682170 1503 741844 2638408
1757682171 1504 742740 2638408
1757682172 1506 743636 2638408
1757682173 1507 744660 2638408
1757682174 1509 745556 2638408
1757682175 1510 746836 2638408
1757682176 1511 747732 2638408
1757682177 1513 748628 2638408
1757682178 1514 749652 2638408
1757682179 1515 750548 2638408
1757682180 1505 751444 2638408
1757682181 1506 752468 2638408
1757682182 1507 753364 2638408
1757682183 1508 754260 2638408
1757682184 1509 755284 2638408
1757682186 1510 756180 2638408
1757682187 1510 756820 2638408
1757682188 1510 757716 2638408
1757682189 1511 758740 2638408
1757682190 1512 759252 2638408
1757682191 1511 760148 2638408
1757682192 1510 760660 2638408
1757682193 1509 761300 2638408
1757682194 1510 762068 2638408
1757682195 1510 763092 2638408
1757682196 1501 763988 2638408
1757682197 1502 765012 2638408
1757682198 1502 765652 2638408
1757682199 1503 766932 2638408
1757682201 1504 767572 2638408
1757682202 1506 768724 2638408
1757682203 1507 769748 2638408
1757682204 1508 770644 2638408
1757682205 1509 771540 2638408
1757682206 1510 772564 2638408
1757682207 1511 773460 2638408
1757682208 1512 774484 2638408
1757682209 1513 775380 2638408
1757682210 1514 776276 2638408
1757682211 1506 777300 2638408
1757682212 1507 778068 2638408
1757682213 1508 779348 2638408
1757682214 1508 779988 2638408
1757682215 1510 781268 2638408
1757682217 1511 782164 2638408
1757682218 1512 783060 2638408
1757682219 1512 784084 2638408
1757682220 1512 784980 2638408
1757682221 1513 785876 2638408
1757682222 1513 786900 2638408
1757682223 1513 787412 2638408
1757682224 1512 788308 2638408
1757682225 1512 788820 2638408
1757682226 1503 789844 2638408
1757682227 1504 790740 2638408
1757682228 1505 792020 2638408
1757682229 1506 792916 2638408
1757682230 1507 793940 2638408
1757682232 1508 794836 2638408
1757682233 1509 795732 2638408
1757682234 1510 796756 2638408
1757682235 1511 797780 2638408
1757682236 1512 798676 2638408
1757682237 1513 799572 2638408
1757682238 1514 800596 2638408
1757682239 1515 801492 2638408
1757682240 1515 802388 2638408
1757682241 1508 803668 2638408
1757682242 1509 804564 2638408
1757682243 1510 805588 2638408
1757682244 1511 806484 2638408
1757682245 1512 807508 2638408
1757682247 1513 808404 2638408
1757682248 1514 809300 2638408
1757682249 1514 810580 2638408
1757682250 1515 811476 2638408
1757682251 1516 812500 2638408
1757682252 1516 813396 2638408
1757682253 1516 814292 2638408
1757682254 1516 814932 2638408
1757682255 1515 815572 2638408
1757682256 1507 816340 2638408
1757682257 1507 817364 2638408
1757682258 1508 818260 2638408
1757682259 1509 819156 2638408
1757682260 1509 819796 2638408
1757682262 1510 819796 2638408
1757682263 1511 819796 2638408
1757682264 1511 819796 2638408
1757682265 1512 819796 2638408
1757682266 1513 819796 2638408
1757682267 1514 819796 2638408
1757682268 1515 819796 2638408
1757682269 1515 819796 2638408
1757682270 1516 819796 2638408
1757682271 1510 819796 2638408
1757682272 1511 819796 2638408
1757682273 1511 819796 2638408
1757682274 1512 819796 2638408
1757682275 1513 819796 2638408
1757682277 1514 819796 2638408
1757682278 1514 819796 2638408
1757682279 1515 819796 2638408
1757682280 1516 819796 2638408
1757682281 1517 819796 2638408
1757682282 1517 819796 2638408
