1757683648  0.0 16000 643712
1757683649  805 645936 2215000
1757683650 1192 644804 2638400
1757683651 1347 645828 2638400
1757683652 1149 646724 2638400
1757683653 1232 647620 2638400
1757683654 1299 648900 2638400
1757683655 1343 649796 2638400
1757683656 1380 650820 2638400
1757683658 1399 651460 2638400
1757683659 1408 652356 2638400
1757683660 1431 653252 2638400
1757683661 1435 653892 2638400
1757683662 1435 654788 2638400
1757683663 1426 655428 2638400
1757683664 1432 656324 2638400
1757683665 1444 657348 2638400
1757683666 1458 658372 2638400
1757683667 1465 659012 2638400
1757683668 1404 660164 2638400
1757683669 1418 661188 2638400
1757683670 1428 662084 2638400
1757683671 1440 662980 2638400
1757683672 1448 664004 2638400
1757683674 1459 664900 2638400
1757683675 1466 665796 2638400
1757683676 1474 666820 2638400
1757683677 1478 667716 2638400
1757683678 1486 668612 2638400
1757683679 1492 669636 2638400
1757683680 1495 670532 2638400
1757683681 1496 671044 2638400
1757683682 1498 671940 2638400
1757683683 1461 672964 2638400
1757683684 1466 673860 2638400
1757683685 1471 674884 2638400
1757683686 1475 675780 2638400
1757683687 1481 676676 2638400
1757683689 1482 677700 2638400
1757683690 1483 678468 2638400
1757683691 1487 679364 2638400
1757683692 1487 680388 2638400
1757683693 1488 680900 2638400
1757683694 1490 681796 2638400
1757683695 1493 682820 2638400
1757683696 1494 683332 2638400
1757683697 1496 684228 2638400
1757683698 1498 685252 2638400
1757683699 1473 686148 2638400
1757683700 1476 687044 2638400
1757683701 1480 688068 2638400
1757683702 1483 688964 2638400
1757683703 1486 689860 2638400
1757683705 1489 690884 2638400
1757683706 1492 691780 2638400
1757683707 1496 692676 2638400
1757683708 1499 693700 2638400
1757683709 1502 694596 2638400
1757683710 1504 695620 2638400
1757683711 1507 696516 2638400
1757683712 1509 697412 2638400
1757683713 1511 698436 2638400
1757683714 1513 699332 2638400
1757683715 1491 700228 2638400
1757683716 1492 700868 2638400
1757683717 1495 701764 2638400
1757683718 1498 703044 2638400
1757683720 1497 703812 2638400
1757683721 1498 704708 2638400
1757683722 1500 705732 2638400
1757683723 1500 706756 2638400
1757683724 1499 707268 2638400
1757683725 1500 708292 2638400
1757683726 1502 709188 2638400
1757683727 1504 710084 2638400
1757683728 1505 711108 2638400
1757683729 1504 711620 2638400
1757683730 1503 712260 2638400
1757683731 1504 713284 2638400
1757683732 1489 714180 2638400
1757683733 1491 715076 2638400
1757683734 1493 716100 2638400
1757683735 1495 716996 2638400
1757683737 1498 717892 2638400
1757683738 1500 719172 2638400
1757683739 1502 720068 2638400
1757683740 1504 721092 2638400
1757683741 1505 721988 2638400
1757683742 1507 723012 2638400
1757683743 1509 723908 2638400
1757683744 1511 724804 2638400
1757683745 1512 725700 2638400
1757683746 1514 726596 2638400
1757683747 1500 727620 2638400
1757683748 1500 728260 2638400
1757683749 1501 729284 2638400
1757683750 1501 730180 2638400
1757683751 1501 730692 2638400
1757683753 1502 731588 2638400
1757683754 1502 732484 2638400
1757683755 1502 733380 2638400
1757683756 1502 734020 2638400
1757683757 1504 734916 2638400
1757683758 1505 735812 2638400
1757683759 1507 736836 2638400
1757683760 1507 737732 2638400
1757683761 1509 738756 2638400
1757683762 1496 739652 2638400
1757683763 1497 740548 2638400
1757683764 1497 741188 2638400
1757683765 1499 742084 2638400
1757683766 1500 743108 2638400
1757683768 1502 744004 2638400
1757683769 1503 745028 2638400
1757683770 1505 745924 2638400
1757683771 1506 746820 2638400
1757683772 1507 748228 2638400
1757683773 1509 749124 2638400
1757683774 1510 750020 2638400
1757683775 1512 751044 2638400
1757683776 1512 752068 2638400
1757683777 1502 752964 2638400
1757683778 1504 753860 2638400
1757683779 1505 754884 2638400
1757683780 1506 755780 2638400
1757683781 1506 756420 2638400
1757683783 1505 757316 2638400
1757683784 1506 758212 2638400
1757683785 1506 759236 2638400
1757683786 1506 759876 2638400
1757683787 1506 760644 2638400
1757683788 1507 761668 2638400
1757683789 1509 762564 2638400
1757683790 1510 763460 2638400
1757683791 1510 764356 2638400
1757683792 1501 765252 2638400
1757683793 1502 766276 2638400
1757683794 1503 767172 2638400
1757683795 1504 768196 2638400
1757683797 1505 769092 2638400
1757683798 1505 769988 2638400
1757683799 1506 770628 2638400
1757683800 1507 771652 2638400
1757683801 1508 772548 2638400
1757683802 1509 773572 2638400
1757683803 1510 774596 2638400
1757683804 1511 775492 2638400
1757683805 1512 776388 2638400
1757683806 1512 777412 2638400
1757683807 1504 778308 2638400
1757683808 1505 779204 2638400
1757683809 1506 780228 2638400
1757683810 1507 781124 2638400
1757683811 1508 782020 2638400
1757683813 1509 783300 2638400
1757683814 1509 783812 2638400
1757683815 1509 784836 2638400
1757683816 1508 785348 2638400
1757683817 1507 786372 2638400
1757683818 1507 787268 2638400
1757683819 1508 788292 2638400
1757683820 1509 789188 2638400
1757683821 1509 790084 2638400
1757683822 1510 790724 2638400
1757683823 1502 792004 2638400
1757683824 1503 792900 2638400
1757683825 1504 793924 2638400
1757683826 1505 794820 2638400
1757683827 1506 795844 2638400
1757683829 1507 796740 2638400
1757683830 1507 797380 2638400
1757683831 1508 798276 2638400
1757683832 1509 799300 2638400
1757683833 1509 800068 2638400
1757683834 1510 801092 2638400
1757683835 1511 801988 2638400
1757683836 1512 802884 2638400
1757683837 1513 803908 2638400
1757683838 1506 805060 2638400
1757683839 1507 806084 2638400
1757683840 1508 806980 2638400
1757683841 1508 807876 2638400
1757683843 1509 808900 2638400
1757683844 1510 809796 2638400
1757683845 1510 810436 2638400
1757683846 1510 811332 2638400
1757683847 1509 811972 2638400
1757683848 1509 812868 2638400
1757683849 1508 813380 2638400
1757683850 1508 813892 2638400
1757683851 1509 814916 2638400
1757683852 1510 815812 2638400
1757683853 1511 816708 2638400
1757683854 1504 817732 2638400
1757683855 1505 818884 2638400
1757683856 1506 819908 2638400
1757683857 1507 819908 2638400
1757683858 1508 819908 2638400
1757683860 1509 819908 2638400
1757683861 1509 819908 2638400
1757683862 1510 819908 2638400
1757683863 1510 819908 2638400
1757683864 1510 819908 2638400
1757683865 1511 819908 2638400
1757683866 1512 819908 2638400
1757683867 1512 819908 2638400
1757683868 1513 819908 2638400
1757683869 1507 819908 2638400
1757683870 1508 819908 2638400
1757683871 1509 819908 2638400
1757683872 1510 819908 2638400
1757683873 1510 819908 2638400
1757683875 1511 819908 2638400
1757683876 1511 819908 2638400
1757683877 1511 819908 2638400
1757683878 1511 819908 2638400
1757683879 1511 819908 2638400
1757683880 1511 654408 2052900
