1757685267  0.0 15872 642688
1757685268  318 748636 2275936
1757685269  657 1654528 3192252
1757685270  959 1306052 4104100
1757685271 1101 1306820 4104100
1757685272 1176 1307844 4104100
1757685273 1237 1308484 4104100
1757685274 1133 1309508 4104100
1757685275 1149 1310148 4104100
1757685276 1170 1310916 4104100
1757685277 1194 1311684 4104100
1757685278 1224 1312580 4104100
1757685279 1247 1313220 4104100
1757685281 1279 1314116 4104100
1757685282 1301 1314884 4104100
1757685283 1326 1315780 4104100
1757685284 1342 1316548 4104100
1757685285 1363 1317444 4104100
1757685286 1379 1318340 4104100
1757685287 1396 1319108 4104100
1757685288 1409 1320004 4104100
1757685289 1420 1320900 4104100
1757685290 1369 1321668 4104100
1757685291 1378 1322692 4104100
1757685292 1381 1323332 4104100
1757685293 1383 1324100 4104100
1757685294 1385 1324740 4104100
1757685296 1390 1325636 4104100
1757685297 1395 1326276 4104100
1757685298 1404 1327300 4104100
1757685299 1413 1328196 4104100
1757685300 1421 1328964 4104100
1757685301 1428 1329732 4104100
1757685302 1434 1330372 4104100
1757685303 1441 1331396 4104100
1757685304 1444 1332292 4104100
1757685305 1408 1332932 4104100
1757685306 1401 1333700 4104100
1757685307 1397 1334468 4104100
1757685308 1396 1335108 4104100
1757685309 1401 1335876 4104100
1757685310 1403 1336772 4104100
1757685312 1409 1337412 4104100
1757685313 1415 1338308 4104100
1757685314 1420 1339332 4104100
1757685315 1426 1340100 4104100
1757685316 1431 1340996 4104100
1757685317 1435 1341636 4104100
1757685318 1440 1342660 4104100
1757685319 1445 1343556 4104100
1757685320 1449 1344324 4104100
1757685321 1451 1345220 4104100
1757685322 1426 1345860 4104100
1757685323 1429 1346884 4104100
1757685324 1434 1347524 4104100
1757685325 1438 1348420 4104100
1757685326 1440 1349188 4104100
1757685328 1441 1350084 4104100
1757685329 1443 1350724 4104100
1757685330 1445 1351748 4104100
1757685331 1445 1352388 4104100
1757685332 1450 1353284 4104100
1757685333 1452 1353924 4104100
1757685334 1456 1354948 4104100
1757685335 1459 1355844 4104100
1757685336 1462 1356612 4104100
1757685337 1458 1357124 4104100
1757685338 1453 1357508 4104100
1757685339 1430 1358532 4104100
1757685340 1432 1359300 4104100
1757685341 1433 1359940 4104100
1757685342 1436 1360836 4104100
1757685343 1440 1361860 4104100
1757685345 1443 1362500 4104100
1757685346 1445 1363396 4104100
1757685347 1447 1364164 4104100
1757685348 1450 1365060 4104100
1757685349 1453 1366084 4104100
1757685350 1456 1366724 4104100
1757685351 1458 1367748 4104100
1757685352 1458 1368516 4104100
1757685353 1459 1368900 4104100
1757685354 1460 1369924 4104100
1757685355 1446 1370564 4104100
1757685356 1448 1371588 4104100
1757685357 1450 1372228 4104100
1757685358 1453 1373252 4104100
1757685359 1455 1374148 4104100
1757685361 1457 1374916 4104100
1757685362 1458 1375812 4104100
1757685363 1459 1376452 4104100
1757685364 1458 1377220 4104100
1757685365 1459 1378244 4104100
1757685366 1460 1378884 4104100
1757685367 1463 1379780 4104100
1757685368 1462 1380548 4104100
1757685369 1462 1381316 4104100
1757685370 1460 1382212 4104100
1757685371 1461 1382852 4104100
1757685372 1446 1383620 4104100
1757685373 1447 1384644 4104100
1757685374 1450 1385284 4104100
1757685375 1451 1386308 4104100
1757685377 1453 1387204 4104100
1757685378 1455 1387972 4104100
1757685379 1457 1388868 4104100
1757685380 1459 1389508 4104100
1757685381 1461 1390532 4104100
1757685382 1461 1391300 4104100
1757685383 1462 1392196 4104100
1757685384 1463 1392964 4104100
1757685385 1464 1393860 4104100
1757685386 1466 1394628 4104100
1757685387 1468 1395524 4104100
1757685388 1457 1396548 4104100
1757685389 1458 1397060 4104100
1757685390 1460 1397956 4104100
1757685391 1461 1398724 4104100
1757685392 1463 1399620 4104100
1757685394 1464 1400260 4104100
1757685395 1463 1401028 4104100
1757685396 1463 1401796 4104100
1757685397 1461 1402692 4104100
1757685398 1463 1403460 4104100
1757685399 1462 1404228 4104100
1757685400 1461 1404996 4104100
1757685401 1460 1405764 4104100
1757685402 1461 1406660 4104100
1757685403 1461 1407428 4104100
1757685404 1459 1408068 4104100
1757685405 1449 1409092 4104100
1757685406 1451 1409732 4104100
1757685407 1453 1410756 4104100
1757685409 1454 1411652 4104100
1757685410 1456 1412292 4104100
1757685411 1457 1413188 4104100
1757685412 1458 1413956 4104100
1757685413 1458 1414596 4104100
1757685414 1459 1415620 4104100
1757685415 1459 1416388 4104100
1757685416 1460 1417284 4104100
1757685417 1461 1418052 4104100
1757685418 1463 1418948 4104100
1757685419 1464 1419972 4104100
1757685420 1456 1420612 4104100
1757685421 1457 1421508 4104100
1757685422 1459 1422532 4104100
1757685423 1460 1423172 4104100
1757685425 1461 1424196 4104100
1757685426 1463 1424964 4104100
1757685427 1464 1425732 4104100
1757685428 1464 1426628 4104100
1757685429 1464 1427396 4104100
1757685430 1462 1428036 4104100
1757685431 1461 1428676 4104100
1757685432 1461 1429188 4104100
1757685433 1462 1429956 4104100
1757685434 1460 1430596 4104100
1757685435 1462 1431620 4104100
1757685436 1454 1432388 4104100
1757685437 1454 1433156 4104100
1757685438 1454 1433924 4104100
1757685439 1455 1434692 4104100
1757685440 1456 1435588 4104100
1757685442 1458 1436484 4104100
1757685443 1459 1437252 4104100
1757685444 1459 1438020 4104100
1757685445 1460 1438788 4104100
1757685446 1461 1439684 4104100
1757685447 1462 1440452 4104100
1757685448 1463 1441348 4104100
1757685449 1465 1442244 4104100
1757685450 1465 1443012 4104100
1757685451 1466 1443908 4104100
1757685452 1459 1444676 4104100
1757685453 1461 1445572 4104100
1757685454 1462 1446468 4104100
1757685455 1463 1447236 4104100
1757685457 1464 1448132 4104100
1757685458 1465 1448900 4104100
1757685459 1466 1449796 4104100
1757685460 1466 1450564 4104100
1757685461 1466 1451460 4104100
1757685462 1464 1452228 4104100
1757685463 1463 1452612 4104100
1757685464 1464 1453508 4104100
1757685465 1464 1454276 4104100
1757685466 1465 1455300 4104100
1757685467 1466 1455940 4104100
1757685468 1460 1456836 4104100
1757685469 1459 1457604 4104100
1757685470 1459 1458372 4104100
1757685471 1460 1459268 4104100
1757685472 1460 1460036 4104100
1757685473 1461 1460932 4104100
1757685475 1462 1461572 4104100
1757685476 1462 1462596 4104100
1757685477 1462 1463236 4104100
1757685478 1463 1464132 4104100
1757685479 1464 1464900 4104100
1757685480 1465 1465796 4104100
1757685481 1466 1466564 4104100
1757685482 1467 1467460 4104100
1757685483 1467 1468228 4104100
1757685484 1468 1469124 4104100
1757685485 1462 1470020 4104100
1757685486 1463 1470660 4104100
1757685487 1464 1471556 4104100
1757685488 1465 1472324 4104100
1757685489 1466 1473220 4104100
1757685490 1466 1473988 4104100
1757685492 1465 1474628 4104100
1757685493 1464 1475396 4104100
1757685494 1465 1476164 4104100
1757685495 1465 1476932 4104100
1757685496 1464 1477828 4104100
1757685497 1465 1478596 4104100
1757685498 1466 1479492 4104100
1757685499 1467 1480132 4104100
1757685500 1467 1481156 4104100
1757685501 1469 1482052 4104100
1757685502 1462 1482820 4104100
1757685503 1463 1483460 4104100
1757685504 1462 1484484 4104100
1757685505 1463 1485124 4104100
1757685506 1463 1486020 4104100
1757685507 1464 1486788 4104100
1757685509 1465 1487684 4104100
1757685510 1465 1488452 4104100
1757685511 1466 1489348 4104100
1757685512 1467 1490116 4104100
1757685513 1468 1491012 4104100
1757685514 1469 1491908 4104100
1757685515 1469 1492676 4104100
1757685516 1470 1493572 4104100
1757685517 1471 1494212 4104100
1757685518 1471 1495236 4104100
1757685519 1466 1495876 4104100
1757685520 1467 1496900 4104100
1757685521 1468 1497796 4104100
1757685522 1469 1498436 4104100
1757685523 1468 1499460 4104100
1757685525 1467 1500228 4104100
1757685526 1468 1500868 4104100
1757685527 1468 1501636 4104100
1757685528 1467 1502276 4104100
1757685529 1467 1503044 4104100
1757685530 1467 1504068 4104100
1757685531 1468 1504708 4104100
1757685532 1469 1505604 4104100
1757685533 1469 1506628 4104100
1757685534 1470 1507268 4104100
1757685535 1464 1508164 4104100
1757685536 1464 1508804 4104100
1757685537 1464 1509572 4104100
1757685538 1465 1510468 4104100
1757685539 1465 1511236 4104100
1757685541 1465 1511876 4104100
1757685542 1466 1512644 4104100
1757685543 1467 1513668 4104100
1757685544 1468 1514308 4104100
1757685545 1468 1515332 4104100
1757685546 1469 1515972 4104100
1757685547 1469 1516996 4104100
1757685548 1470 1517636 4104100
1757685549 1470 1518532 4104100
1757685550 1471 1519300 4104100
1757685551 1466 1520196 4104100
1757685552 1467 1521092 4104100
1757685553 1468 1521860 4104100
1757685554 1467 1522628 4104100
1757685555 1466 1523268 4104100
1757685556 1466 1524036 4104100
1757685558 1467 1524932 4104100
1757685559 1466 1525700 4104100
1757685560 1467 1526724 4104100
1757685561 1467 1527108 4104100
1757685562 1466 1528004 4104100
1757685563 1466 1528772 4104100
1757685564 1467 1529412 4104100
1757685565 1467 1530308 4104100
1757685566 1467 1530948 4104100
1757685567 1468 1531972 4104100
1757685568 1468 1532740 4104100
1757685569 1463 1533636 4104100
1757685570 1463 1534404 4104100
1757685571 1464 1535172 4104100
1757685572 1464 1536068 4104100
1757685573 1465 1537092 4104100
1757685575 1465 1537732 4104100
1757685576 1466 1538756 4104100
1757685577 1467 1539396 4104100
1757685578 1467 1540420 4104100
1757685579 1468 1541444 4104100
1757685580 1468 1542084 4104100
1757685581 1469 1542980 4104100
1757685582 1470 1543876 4104100
1757685583 1471 1544644 4104100
1757685584 1471 1545540 4104100
1757685585 1467 1546308 4104100
1757685586 1466 1546948 4104100
1757685587 1465 1547716 4104100
1757685588 1466 1548612 4104100
1757685589 1466 1549380 4104100
1757685590 1467 1550276 4104100
1757685592 1467 1551044 4104100
1757685593 1468 1551940 4104100
1757685594 1468 1552708 4104100
1757685595 1468 1553604 4104100
1757685596 1468 1554372 4104100
1757685597 1468 1555012 4104100
1757685598 1469 1555908 4104100
1757685599 1469 1556804 4104100
1757685600 1470 1557572 4104100
1757685601 1466 1558468 4104100
1757685602 1465 1559108 4104100
1757685603 1465 1559748 4104100
1757685604 1466 1560644 4104100
1757685605 1466 1561284 4104100
1757685606 1467 1562308 4104100
1757685608 1467 1562948 4104100
1757685609 1468 1563972 4104100
1757685610 1468 1564612 4104100
1757685611 1468 1565380 4104100
1757685612 1469 1566276 4104100
1757685613 1470 1567172 4104100
1757685614 1470 1567940 4104100
1757685615 1471 1568836 4104100
1757685616 1471 1569732 4104100
1757685617 1471 1570500 4104100
1757685618 1470 1571012 4104100
1757685619 1466 1571908 4104100
1757685620 1467 1572676 4104100
1757685621 1467 1573572 4104100
1757685622 1467 1574340 4104100
1757685623 1467 1575236 4104100
1757685624 1468 1576004 4104100
1757685626 1468 1576900 4104100
1757685627 1468 1577540 4104100
1757685628 1467 1578180 4104100
1757685629 1467 1578948 4104100
1757685630 1468 1579972 4104100
1757685631 1468 1580612 4104100
1757685632 1469 1581636 4104100
1757685633 1469 1582276 4104100
1757685634 1469 1583172 4104100
1757685635 1469 1583940 4104100
1757685636 1469 1584580 4104100
1757685637 1466 1585604 4104100
1757685638 1466 1586244 4104100
1757685639 1467 1587268 4104100
1757685640 1467 1588164 4104100
1757685641 1468 1588804 4104100
1757685643 1468 1589828 4104100
1757685644 1469 1590724 4104100
1757685645 1470 1591364 4104100
1757685646 1470 1592388 4104100
1757685647 1471 1593412 4104100
1757685648 1471 1594052 4104100
1757685649 1471 1594692 4104100
1757685650 1471 1595716 4104100
1757685651 1470 1596484 4104100
1757685652 1467 1596996 4104100
1757685653 1467 1598020 4104100
1757685654 1468 1598660 4104100
1757685655 1468 1599684 4104100
1757685656 1468 1600452 4104100
1757685658 1468 1601348 4104100
1757685659 1469 1602116 4104100
1757685660 1469 1602756 4104100
1757685661 1468 1603524 4104100
1757685662 1468 1604164 4104100
1757685663 1468 1605060 4104100
1757685664 1468 1605828 4104100
1757685665 1469 1606724 4104100
1757685666 1469 1607492 4104100
1757685667 1470 1608388 4104100
1757685668 1466 1609156 4104100
1757685669 1466 1610052 4104100
1757685670 1467 1610820 4104100
1757685671 1467 1611460 4104100
1757685672 1467 1612356 4104100
1757685674 1468 1613380 4104100
1757685675 1468 1614020 4104100
1757685676 1468 1614916 4104100
1757685677 1469 1615684 4104100
1757685678 1469 1616580 4104100
1757685679 1470 1617476 4104100
1757685680 1470 1618116 4104100
1757685681 1469 1618756 4104100
1757685682 1469 1619524 4104100
1757685683 1469 1620292 4104100
1757685684 1469 1621316 4104100
1757685685 1466 1621956 4104100
1757685686 1467 1622852 4104100
1757685687 1467 1623492 4104100
1757685688 1467 1624132 4104100
1757685689 1467 1625156 4104100
1757685690 1467 1625924 4104100
1757685692 1468 1626820 4104100
1757685693 1468 1627460 4104100
1757685694 1468 1628484 4104100
1757685695 1468 1629124 4104100
1757685696 1468 1629892 4104100
1757685697 1468 1630660 4104100
1757685698 1469 1631428 4104100
1757685699 1469 1632324 4104100
1757685700 1470 1633092 4104100
1757685701 1470 1633988 4104100
1757685702 1470 1634756 4104100
1757685703 1470 1635396 4104100
1757685704 1467 1636420 4104100
1757685705 1468 1637316 4104100
1757685706 1468 1637956 4104100
1757685707 1468 1638980 4104100
1757685709 1469 1639620 4104100
1757685710 1469 1640644 4104100
1757685711 1469 1641284 4104100
1757685712 1469 1642052 4104100
1757685713 1469 1642820 4104100
1757685714 1469 1643716 4104100
1757685715 1469 1644484 4104100
1757685716 1470 1645380 4104100
1757685717 1470 1646404 4104100
1757685718 1470 1647044 4104100
1757685719 1467 1647684 4104100
1757685720 1467 1648708 4104100
1757685721 1467 1649348 4104100
1757685722 1468 1650372 4104100
1757685723 1468 1651012 4104100
1757685725 1469 1652036 4104100
1757685726 1469 1652676 4104100
1757685727 1469 1653700 4104100
1757685728 1469 1654340 4104100
1757685729 1469 1655108 4104100
1757685730 1469 1655748 4104100
1757685731 1469 1656644 4104100
1757685732 1470 1657284 4104100
1757685733 1470 1658308 4104100
1757685734 1470 1659076 4104100
1757685735 1467 1659972 4104100
1757685736 1467 1660612 4104100
1757685737 1467 1661380 4104100
1757685738 1468 1662276 4104100
1757685740 1468 1663300 4104100
1757685741 1469 1663940 4104100
1757685742 1469 1664708 4104100
1757685743 1469 1665604 4104100
1757685744 1468 1666372 4104100
1757685745 1468 1667012 4104100
1757685746 1469 1667908 4104100
1757685747 1468 1668676 4104100
1757685748 1469 1669444 4104100
1757685749 1469 1670340 4104100
1757685750 1469 1671364 4104100
1757685751 1466 1672004 4104100
1757685752 1467 1673028 4104100
1757685753 1467 1673668 4104100
1757685754 1468 1674564 4104100
1757685755 1468 1675588 4104100
1757685757 1469 1676228 4104100
1757685758 1469 1677252 4104100
1757685759 1469 1677892 4104100
1757685760 1469 1678916 4104100
1757685761 1469 1679428 4104100
1757685762 1470 1680452 4104100
1757685763 1470 1681092 4104100
1757685764 1470 1681988 4104100
1757685765 1470 1682628 4104100
1757685766 1471 1683652 4104100
1757685767 1468 1684292 4104100
1757685768 1468 1685060 4104100
1757685769 1468 1685572 4104100
1757685770 1468 1686596 4104100
1757685771 1468 1687492 4104100
1757685773 1469 1688260 4104100
1757685774 1469 1688900 4104100
1757685775 1468 1689668 4104100
1757685776 1468 1690308 4104100
1757685777 1468 1691332 4104100
1757685778 1468 1692100 4104100
1757685779 1468 1692740 4104100
1757685780 1468 1693764 4104100
1757685781 1469 1694404 4104100
1757685782 1469 1695300 4104100
1757685783 1469 1696324 4104100
1757685784 1467 1696964 4104100
1757685785 1467 1697860 4104100
1757685786 1468 1698884 4104100
1757685787 1468 1699524 4104100
1757685788 1468 1700548 4104100
1757685790 1469 1701444 4104100
1757685791 1469 1702084 4104100
1757685792 1470 1703108 4104100
1757685793 1470 1704004 4104100
1757685794 1470 1704772 4104100
1757685795 1469 1705412 4104100
1757685796 1469 1706180 4104100
1757685797 1469 1706820 4104100
1757685798 1470 1707716 4104100
1757685799 1470 1708740 4104100
1757685800 1470 1709508 4104100
1757685801 1467 1710276 4104100
1757685802 1468 1711172 4104100
1757685803 1468 1711812 4104100
1757685804 1468 1712708 4104100
1757685805 1468 1713348 4104100
1757685806 1467 1713988 4104100
1757685807 1467 1714756 4104100
1757685809 1468 1714756 4104100
1757685810 1468 1714756 4104100
1757685811 1468 1714756 4104100
1757685812 1468 1714756 4104100
1757685813 1468 1714756 4104100
1757685814 1468 1714756 4104100
1757685815 1468 1714756 4104100
1757685816 1469 1714756 4104100
1757685817 1469 1714756 4104100
1757685818 1470 1714756 4104100
1757685819 1470 1714756 4104100
1757685820 1468 1714756 4104100
1757685821 1468 1714756 4104100
1757685822 1468 1714756 4104100
1757685823 1469 1714756 4104100
1757685824 1469 1714756 4104100
1757685826 1469 1714756 4104100
1757685827 1470 1714756 4104100
1757685828 1469 1714756 4104100
1757685829 1469 1714756 4104100
1757685830 1470 1714756 4104100
1757685831 1470 1714756 4104100
1757685832 1470 1714756 4104100
1757685833 1471 1714756 4104100
1757685834 1471 1714756 4104100
1757685835 1471 1714756 4104100
1757685836 1468 1714756 4104100
1757685837 1468 1714756 4104100
1757685838 1468 1714756 4104100
1757685839 1468 1714756 4104100
1757685840 1468 1714756 4104100
1757685842 1468 1714756 4104100
1757685843 1468 1714756 4104100
1757685844 1468 1714756 4104100
1757685845 1469 1714756 4104100
1757685846 1469 1714756 4104100
1757685847 1469 1437868 2786012
1757685848 1469 1437868 2786012
