1757727127  0.0 15104 675456
1757727128  325 1169052 2617624
1757727129  213 1981088 3838464
1757727130  176 2808460 6279872
1757727132  433 3763596 6317276
1757727133  664 3763852 6317276
1757727134  813 3763980 6317276
1757727135  928 3763980 6317276
1757727136 1007 3764108 6317276
1757727137 1043 3764108 6317276
1757727138 1033 3353216 8791776
1757727139 1093 3353984 8791776
1757727140 1135 3354368 8791776
1757727141 1163 3354368 8791776
1757727142 1108 3354368 8791776
1757727143 1130 3354368 8791776
1757727144 1151 3354368 8791776
1757727145 1160 3354368 8791776
1757727146 1173 3355264 8791776
1757727148 1195 3355648 8791776
1757727149 1219 3356416 8791776
1757727150 1239 3356800 8791776
1757727151 1258 3357696 8791776
1757727152 1272 3358080 8791776
1757727153 1289 3358848 8791776
1757727154 1305 3359616 8791776
1757727155 1319 3360000 8791776
1757727156 1333 3360768 8791776
1757727157 1344 3361536 8791776
1757727158 1312 3362304 8791776
1757727159 1323 3362688 8791776
1757727160 1334 3363456 8791776
1757727161 1344 3363840 8791776
1757727162 1354 3364608 8791776
1757727164 1363 3365120 8791776
1757727165 1370 3365504 8791776
1757727166 1375 3365504 8791776
1757727167 1380 3365504 8791776
1757727168 1385 3365504 8791776
1757727169 1389 3365504 8791776
1757727170 1394 3365504 8791776
1757727171 1396 3365504 8791776
1757727172 1399 3365888 8791776
1757727173 1400 3365888 8791776
1757727174 1373 3365888 8791776
1757727175 1375 3365888 8791776
1757727176 1378 3365888 8791776
1757727177 1385 3366656 8791776
1757727178 1390 3367040 8791776
1757727180 1396 3367808 8791776
1757727181 1400 3368192 8791776
1757727182 1405 3368960 8791776
1757727183 1410 3369344 8791776
1757727184 1415 3370112 8791776
1757727185 1420 3370496 8791776
1757727186 1425 3371264 8791776
1757727187 1429 3372032 8791776
1757727188 1433 3372800 8791776
1757727189 1414 3373568 8791776
1757727190 1418 3373952 8791776
1757727191 1423 3374720 8791776
1757727192 1427 3375104 8791776
1757727193 1431 3375872 8791776
1757727195 1435 3376256 8791776
1757727196 1439 3377024 8791776
1757727197 1442 3377408 8791776
1757727198 1445 3377792 8791776
1757727199 1447 3377792 8791776
1757727200 1449 3378176 8791776
1757727201 1450 3378176 8791776
1757727202 1448 3378176 8791776
1757727203 1446 3378176 8791776
1757727204 1445 3378176 8791776
1757727205 1428 3378176 8791776
1757727206 1429 3378176 8791776
1757727207 1430 3378176 8791776
1757727208 1431 3378176 8791776
1757727210 1433 3378944 8791776
1757727211 1436 3379456 8791776
1757727212 1439 3380224 8791776
1757727213 1442 3380992 8791776
1757727214 1445 3381376 8791776
1757727215 1447 3382144 8791776
1757727216 1449 3382528 8791776
1757727217 1452 3383424 8791776
1757727218 1453 3383808 8791776
1757727219 1456 3384576 8791776
1757727220 1443 3384960 8791776
1757727221 1445 3385728 8791776
1757727222 1448 3386112 8791776
1757727223 1450 3386880 8791776
1757727224 1453 3387648 8791776
1757727226 1455 3388032 8791776
1757727227 1457 3388800 8791776
1757727228 1460 3389568 8791776
1757727229 1462 3389952 8791776
1757727230 1464 3390848 8791776
1757727231 1466 3391232 8791776
1757727232 1467 3391232 8791776
1757727233 1466 3391232 8791776
1757727234 1465 3391232 8791776
1757727235 1465 3391232 8791776
1757727236 1452 3391232 8791776
1757727237 1453 3391232 8791776
1757727238 1455 3391616 8791776
1757727239 1456 3392384 8791776
1757727241 1458 3392768 8791776
1757727242 1460 3393536 8791776
1757727243 1462 3394304 8791776
1757727244 1464 3394688 8791776
1757727245 1466 3395584 8791776
1757727246 1468 3395968 8791776
1757727247 1470 3396736 8791776
1757727248 1471 3397504 8791776
1757727249 1473 3397888 8791776
1757727250 1475 3398656 8791776
1757727251 1464 3399040 8791776
1757727252 1466 3399808 8791776
1757727253 1468 3400576 8791776
1757727254 1470 3400960 8791776
1757727255 1471 3401728 8791776
1757727257 1473 3402496 8791776
1757727258 1474 3402880 8791776
1757727259 1476 3403648 8791776
1757727260 1478 3404416 8791776
1757727261 1479 3404800 8791776
1757727262 1481 3405568 8791776
1757727263 1482 3405952 8791776
1757727264 1482 3405952 8791776
1757727265 1481 3405952 8791776
1757727266 1482 3405952 8791776
1757727267 1471 3405952 8791776
1757727268 1471 3405952 8791776
1757727269 1471 3405952 8791776
1757727270 1473 3406336 8791776
1757727272 1474 3407104 8791776
1757727273 1476 3407872 8791776
1757727274 1477 3408256 8791776
1757727275 1478 3409024 8791776
1757727276 1480 3409792 8791776
1757727277 1481 3410176 8791776
1757727278 1483 3410944 8791776
1757727279 1484 3411712 8791776
1757727280 1485 3412096 8791776
1757727281 1477 3412992 8791776
1757727282 1478 3413760 8791776
1757727283 1479 3414144 8791776
1757727284 1481 3414912 8791776
1757727285 1482 3415680 8791776
1757727287 1483 3416192 8791776
1757727288 1484 3416960 8791776
1757727289 1485 3417344 8791776
1757727290 1487 3418112 8791776
1757727291 1488 3418496 8791776
1757727292 1489 3419264 8791776
1757727293 1490 3420032 8791776
1757727294 1491 3420416 8791776
1757727295 1491 3420416 8791776
1757727296 1491 3420416 8791776
1757727297 1483 3421312 8791776
1757727298 1483 3421312 8791776
1757727299 1483 3421312 8791776
1757727300 1483 3421312 8791776
1757727301 1484 3421312 8791776
1757727303 1484 3421312 8791776
1757727304 1485 3422080 8791776
1757727305 1486 3422848 8791776
1757727306 1487 3423232 8791776
1757727307 1489 3424000 8791776
1757727308 1490 3424768 8791776
1757727309 1491 3425536 8791776
1757727310 1492 3425920 8791776
1757727311 1493 3426816 8791776
1757727312 1486 3427200 8791776
1757727313 1487 3427968 8791776
1757727314 1488 3428736 8791776
1757727315 1489 3429504 8791776
1757727316 1490 3429888 8791776
1757727318 1491 3430656 8791776
1757727319 1492 3431040 8791776
1757727320 1493 3431808 8791776
1757727321 1494 3432576 8791776
1757727322 1495 3432960 8791776
1757727323 1496 3433728 8791776
1757727324 1497 3434240 8791776
1757727325 1498 3435008 8791776
1757727326 1498 3435008 8791776
1757727327 1498 3435392 8791776
1757727328 1491 3435776 8791776
1757727329 1491 3435776 8791776
1757727330 1491 3436160 8791776
1757727331 1492 3436160 8791776
1757727333 1492 3436160 8791776
1757727334 1492 3436160 8791776
1757727335 1493 3436160 8791776
1757727336 1493 3436160 8791776
1757727337 1494 3436928 8791776
1757727338 1495 3437312 8791776
1757727339 1496 3438080 8791776
1757727340 1497 3438848 8791776
1757727341 1498 3439232 8791776
1757727342 1499 3440000 8791776
1757727343 1492 3440768 8791776
1757727344 1493 3441536 8791776
1757727345 1494 3441920 8791776
1757727346 1495 3442816 8791776
1757727348 1496 3443200 8791776
1757727349 1497 3443968 8791776
1757727350 1498 3444352 8791776
1757727351 1499 3445120 8791776
1757727352 1499 3445888 8791776
1757727353 1500 3446272 8791776
1757727354 1501 3447168 8791776
1757727355 1502 3447936 8791776
1757727356 1503 3448704 8791776
1757727357 1503 3448704 8791776
1757727358 1496 3448704 8791776
1757727359 1497 3449088 8791776
1757727360 1497 3449472 8791776
1757727361 1497 3449472 8791776
1757727362 1498 3450240 8791776
1757727364 1498 3450624 8791776
1757727365 1499 3450624 8791776
1757727366 1499 3450624 8791776
1757727367 1499 3450624 8791776
1757727368 1499 3450624 8791776
1757727369 1500 3451008 8791776
1757727370 1501 3451776 8791776
1757727371 1501 3452160 8791776
1757727372 1502 3452928 8791776
1757727373 1503 3453440 8791776
1757727374 1497 3454208 8791776
1757727375 1498 3454976 8791776
1757727376 1499 3455744 8791776
1757727377 1500 3456128 8791776
1757727379 1500 3456896 8791776
1757727380 1501 3457664 8791776
1757727381 1502 3458048 8791776
1757727382 1502 3458432 8791776
1757727383 1503 3459200 8791776
1757727384 1504 3459968 8791776
1757727385 1504 3460352 8791776
1757727386 1505 3461120 8791776
1757727387 1506 3461504 8791776
1757727388 1506 3461888 8791776
1757727389 1500 3461888 8791776
1757727390 1501 3462272 8791776
1757727391 1501 3462656 8791776
1757727392 1501 3463040 8791776
1757727393 1502 3463424 8791776
1757727395 1502 3463808 8791776
1757727396 1503 3464704 8791776
1757727397 1504 3465088 8791776
1757727398 1504 3465088 8791776
1757727399 1504 3465088 8791776
1757727400 1504 3465088 8791776
1757727401 1504 3465088 8791776
1757727402 1505 3465472 8791776
1757727403 1500 3466240 8791776
1757727404 1501 3466624 8791776
1757727405 1502 3467392 8791776
1757727406 1502 3467776 8791776
1757727407 1503 3468544 8791776
1757727409 1503 3469312 8791776
1757727410 1504 3470080 8791776
1757727411 1505 3470464 8791776
1757727412 1505 3470848 8791776
1757727413 1506 3471616 8791776
1757727414 1506 3472384 8791776
1757727415 1507 3473152 8791776
1757727416 1508 3473664 8791776
1757727417 1508 3474432 8791776
1757727418 1509 3474816 8791776
1757727419 1504 3475200 8791776
1757727420 1504 3475200 8791776
1757727421 1504 3475584 8791776
1757727422 1504 3475968 8791776
1757727423 1504 3475968 8791776
1757727425 1505 3476864 8791776
1757727426 1505 3477248 8791776
1757727427 1506 3478016 8791776
1757727428 1507 3478784 8791776
1757727429 1507 3479552 8791776
1757727430 1508 3479936 8791776
1757727431 1508 3479936 8791776
1757727432 1508 3479936 8791776
1757727433 1508 3479936 8791776
1757727434 1503 3479936 8791776
1757727435 1504 3480320 8791776
1757727436 1504 3481088 8791776
1757727437 1505 3481856 8791776
1757727438 1505 3482624 8791776
1757727440 1506 3483008 8791776
1757727441 1506 3483904 8791776
1757727442 1507 3484288 8791776
1757727443 1508 3485056 8791776
1757727444 1508 3485440 8791776
1757727445 1509 3486208 8791776
1757727446 1509 3486976 8791776
1757727447 1510 3487360 8791776
1757727448 1510 3488128 8791776
1757727449 1511 3488512 8791776
1757727450 1506 3488512 8791776
1757727451 1506 3488512 8791776
1757727452 1507 3489280 8791776
1757727453 1506 3489280 8791776
1757727454 1507 3489664 8791776
1757727456 1507 3490048 8791776
1757727457 1508 3490816 8791776
1757727458 1508 3491584 8791776
1757727459 1509 3492352 8791776
1757727460 1509 3492736 8791776
1757727461 1510 3493504 8791776
1757727462 1510 3494272 8791776
1757727463 1511 3494656 8791776
1757727464 1511 3494656 8791776
1757727465 1506 3494656 8791776
1757727466 1506 3494656 8791776
1757727467 1506 3494656 8791776
1757727468 1507 3495040 8791776
1757727469 1507 3495936 8791776
1757727471 1508 3496704 8791776
1757727472 1508 3497088 8791776
1757727473 1509 3497856 8791776
1757727474 1509 3498624 8791776
1757727475 1510 3499008 8791776
1757727476 1510 3499776 8791776
1757727477 1511 3500544 8791776
1757727478 1511 3500928 8791776
1757727479 1512 3501696 8791776
1757727480 1512 3501696 8791776
1757727481 1508 3502080 8791776
1757727482 1508 3502080 8791776
1757727483 1508 3502464 8791776
1757727484 1508 3502848 8791776
1757727486 1508 3503232 8791776
1757727487 1509 3503744 8791776
1757727488 1509 3504512 8791776
1757727489 1510 3505280 8791776
1757727490 1510 3506048 8791776
1757727491 1511 3506432 8791776
1757727492 1511 3507200 8791776
1757727493 1512 3507584 8791776
1757727494 1512 3508352 8791776
1757727495 1513 3509120 8791776
1757727496 1509 3509888 8791776
1757727497 1509 3509888 8791776
1757727498 1509 3509888 8791776
1757727499 1509 3509888 8791776
1757727500 1509 3509888 8791776
1757727502 1510 3510656 8791776
1757727503 1510 3511040 8791776
1757727504 1511 3511808 8791776
1757727505 1511 3512192 8791776
1757727506 1512 3512960 8791776
1757727507 1512 3513728 8791776
1757727508 1513 3514112 8791776
1757727509 1513 3514880 8791776
1757727510 1513 3515264 8791776
1757727511 1513 3515264 8791776
1757727512 1510 3516032 8791776
1757727513 1510 3516032 8791776
1757727514 1510 3516416 8791776
1757727515 1510 3516416 8791776
1757727517 1510 3516416 8791776
1757727518 1510 3517184 8791776
1757727519 1511 3518080 8791776
1757727520 1511 3518848 8791776
1757727521 1512 3519232 8791776
1757727522 1512 3520000 8791776
1757727523 1513 3520768 8791776
1757727524 1513 3521152 8791776
1757727525 1514 3521920 8791776
1757727526 1510 3522304 8791776
1757727527 1511 3523072 8791776
1757727528 1511 3523840 8791776
1757727529 1512 3524608 8791776
1757727531 1512 3524608 8791776
1757727532 1512 3524608 8791776
1757727533 1512 3524608 8791776
1757727534 1512 3524992 8791776
1757727535 1512 3525504 8791776
1757727536 1513 3526272 8791776
1757727537 1513 3527040 8791776
1757727538 1513 3527424 8791776
1757727539 1514 3528192 8791776
1757727540 1514 3528576 8791776
1757727541 1511 3528960 8791776
1757727542 1511 3528960 8791776
1757727543 1511 3529344 8791776
1757727544 1511 3529344 8791776
1757727545 1511 3529728 8791776
1757727547 1511 3529728 8791776
1757727548 1511 3529728 8791776
1757727549 1512 3530240 8791776
1757727550 1512 3531008 8791776
1757727551 1513 3531904 8791776
1757727552 1513 3532288 8791776
1757727553 1513 3533056 8791776
1757727554 1514 3533440 8791776
1757727555 1514 3534208 8791776
1757727556 1514 3534592 8791776
1757727557 1511 3535360 8791776
1757727558 1512 3536128 8791776
1757727559 1512 3536512 8791776
1757727560 1513 3537280 8791776
1757727562 1513 3538048 8791776
1757727563 1513 3538432 8791776
1757727564 1513 3538944 8791776
1757727565 1513 3538944 8791776
1757727566 1513 3538944 8791776
1757727567 1513 3539328 8791776
1757727568 1514 3539712 8791776
1757727569 1514 3540480 8791776
1757727570 1515 3541248 8791776
1757727571 1515 3541632 8791776
1757727572 1512 3541632 8791776
1757727573 1512 3542016 8791776
1757727574 1512 3542016 8791776
1757727575 1512 3542784 8791776
1757727577 1513 3543168 8791776
1757727578 1513 3543168 8791776
1757727579 1513 3543936 8791776
1757727580 1513 3544320 8791776
1757727581 1514 3545088 8791776
1757727582 1514 3545984 8791776
1757727583 1514 3546368 8791776
1757727584 1515 3547136 8791776
1757727585 1515 3547520 8791776
1757727586 1515 3548288 8791776
1757727587 1512 3549056 8791776
1757727588 1513 3549440 8791776
1757727589 1513 3550208 8791776
1757727590 1514 3550976 8791776
1757727591 1514 3551360 8791776
1757727593 1514 3552128 8791776
1757727594 1515 3552896 8791776
1757727595 1515 3553408 8791776
1757727596 1515 3554176 8791776
1757727597 1515 3554176 8791776
1757727598 1515 3554176 8791776
1757727599 1515 3554176 8791776
1757727600 1516 3554560 8791776
1757727601 1516 3555328 8791776
1757727602 1513 3555328 8791776
1757727603 1513 3555328 8791776
1757727604 1513 3555328 8791776
1757727605 1513 3555712 8791776
1757727606 1513 3556096 8791776
1757727608 1514 3556864 8791776
1757727609 1514 3556864 8791776
1757727610 1514 3557248 8791776
1757727611 1514 3557632 8791776
1757727612 1514 3558400 8791776
1757727613 1515 3558912 8791776
1757727614 1515 3559680 8791776
1757727615 1515 3560064 8791776
1757727616 1516 3560832 8791776
1757727617 1516 3561600 8791776
1757727618 1513 3561984 8791776
1757727619 1514 3562752 8791776
1757727620 1514 3563520 8791776
1757727621 1514 3563904 8791776
1757727622 1514 3564672 8791776
1757727624 1515 3565056 8791776
1757727625 1515 3565824 8791776
1757727626 1516 3566720 8791776
1757727627 1516 3567104 8791776
1757727628 1516 3567872 8791776
1757727629 1517 3568640 8791776
1757727630 1517 3568640 8791776
1757727631 1517 3568640 8791776
1757727632 1516 3568640 8791776
1757727633 1514 3569024 8791776
1757727634 1514 3569024 8791776
1757727635 1514 3569408 8791776
1757727636 1514 3569792 8791776
1757727637 1514 3570560 8791776
1757727639 1515 3570944 8791776
1757727640 1515 3571328 8791776
1757727641 1515 3571712 8791776
1757727642 1515 3572096 8791776
1757727643 1515 3572864 8791776
1757727644 1516 3573248 8791776
1757727645 1516 3574016 8791776
1757727646 1516 3574400 8791776
1757727647 1517 3575296 8791776
1757727648 1514 3576064 8791776
1757727649 1514 3576832 8791776
1757727650 1515 3577216 8791776
1757727651 1515 3577984 8791776
1757727652 1515 3578752 8791776
1757727654 1516 3579136 8791776
1757727655 1516 3579904 8791776
1757727656 1516 3580288 8791776
1757727657 1517 3581056 8791776
1757727658 1517 3581824 8791776
1757727659 1517 3582208 8791776
1757727660 1518 3582976 8791776
1757727661 1518 3583872 8791776
1757727662 1518 3584256 8791776
1757727663 1515 3584256 8791776
1757727664 1515 3584256 8791776
1757727665 1515 3584256 8791776
1757727666 1515 3584256 8791776
1757727667 1515 3585024 8791776
1757727669 1515 3585920 8791776
1757727670 1516 3586304 8791776
1757727671 1516 3586304 8791776
1757727672 1516 3586688 8791776
1757727673 1516 3587456 8791776
1757727674 1516 3587840 8791776
1757727675 1517 3588608 8791776
1757727676 1517 3589376 8791776
1757727677 1517 3589760 8791776
1757727678 1517 3590528 8791776
1757727679 1515 3590912 8791776
1757727680 1515 3591680 8791776
1757727681 1516 3592064 8791776
1757727682 1516 3592832 8791776
1757727683 1516 3593216 8791776
1757727685 1516 3593984 8791776
1757727686 1517 3594752 8791776
1757727687 1517 3595136 8791776
1757727688 1517 3595904 8791776
1757727689 1518 3596800 8791776
1757727690 1518 3597568 8791776
1757727691 1518 3597952 8791776
1757727692 1519 3598720 8791776
1757727693 1519 3599232 8791776
1757727694 1516 3600000 8791776
1757727695 1517 3600384 8791776
1757727696 1517 3600768 8791776
1757727697 1516 3600768 8791776
1757727698 1516 3600768 8791776
1757727700 1516 3600768 8791776
1757727701 1516 3601152 8791776
1757727702 1516 3601152 8791776
1757727703 1516 3601920 8791776
1757727704 1517 3602688 8791776
1757727705 1517 3603072 8791776
1757727706 1517 3603840 8791776
1757727707 1518 3604224 8791776
1757727708 1518 3604992 8791776
1757727709 1515 3605760 8791776
1757727710 1516 3606144 8791776
1757727711 1516 3606912 8791776
1757727712 1516 3607680 8791776
1757727713 1517 3608192 8791776
1757727715 1517 3608960 8791776
1757727716 1517 3609344 8791776
1757727717 1517 3610112 8791776
1757727718 1518 3610880 8791776
1757727719 1518 3611264 8791776
1757727720 1518 3612032 8791776
1757727721 1519 3612416 8791776
1757727722 1519 3613184 8791776
1757727723 1519 3613952 8791776
1757727724 1517 3614336 8791776
1757727725 1517 3615104 8791776
1757727726 1517 3615488 8791776
1757727727 1517 3616000 8791776
1757727728 1517 3616000 8791776
1757727730 1517 3616000 8791776
1757727731 1517 3616000 8791776
1757727732 1517 3616000 8791776
1757727733 1517 3616000 8791776
1757727734 1517 3616896 8791776
1757727735 1517 3617664 8791776
1757727736 1518 3618048 8791776
1757727737 1518 3618816 8791776
1757727738 1518 3619200 8791776
1757727739 1518 3619968 8791776
1757727740 1516 3620736 8791776
1757727741 1516 3621120 8791776
1757727742 1517 3621888 8791776
1757727743 1517 3622272 8791776
1757727744 1517 3623040 8791776
1757727746 1517 3623808 8791776
1757727747 1518 3624320 8791776
1757727748 1518 3625088 8791776
1757727749 1518 3625856 8791776
1757727750 1519 3626240 8791776
1757727751 1519 3627008 8791776
1757727752 1519 3627392 8791776
1757727753 1519 3628160 8791776
1757727754 1519 3628544 8791776
1757727755 1517 3629312 8791776
1757727756 1518 3629696 8791776
1757727757 1518 3630464 8791776
1757727758 1518 3630464 8791776
1757727759 1518 3630848 8791776
1757727761 1518 3631232 8791776
1757727762 1518 3631616 8791776
1757727763 1518 3632000 8791776
1757727764 1518 3632000 8791776
1757727765 1518 3632000 8791776
1757727766 1518 3632000 8791776
1757727767 1518 3632768 8791776
1757727768 1518 3633152 8791776
1757727769 1519 3633920 8791776
1757727770 1519 3634688 8791776
1757727771 1517 3635200 8791776
1757727772 1517 3635968 8791776
1757727773 1517 3636352 8791776
1757727774 1518 3637120 8791776
1757727775 1518 3637504 8791776
1757727777 1518 3638272 8791776
1757727778 1518 3639040 8791776
1757727779 1519 3639808 8791776
1757727780 1519 3640192 8791776
1757727781 1519 3640960 8791776
1757727782 1519 3641728 8791776
1757727783 1520 3642112 8791776
1757727784 1520 3642496 8791776
1757727785 1520 3643264 8791776
1757727786 1518 3643648 8791776
1757727787 1518 3644544 8791776
1757727788 1518 3644928 8791776
1757727789 1518 3645312 8791776
1757727790 1518 3645312 8791776
1757727792 1519 3645696 8791776
1757727793 1519 3646464 8791776
1757727794 1519 3647232 8791776
1757727795 1519 3647232 8791776
1757727796 1519 3647232 8791776
1757727797 1519 3647232 8791776
1757727798 1519 3647232 8791776
1757727799 1519 3647232 8791776
1757727800 1519 3647744 8791776
1757727801 1519 3648512 8791776
1757727802 1519 3649280 8791776
1757727803 1517 3649664 8791776
1757727804 1518 3650432 8791776
1757727805 1518 3651200 8791776
1757727806 1518 3651584 8791776
1757727808 1518 3652352 8791776
1757727809 1519 3652864 8791776
1757727810 1519 3653632 8791776
1757727811 1519 3654016 8791776
1757727812 1519 3654784 8791776
1757727813 1520 3655168 8791776
1757727814 1520 3655936 8791776
1757727815 1520 3656320 8791776
1757727816 1520 3656704 8791776
1757727817 1520 3657472 8791776
1757727818 1518 3657856 8791776
1757727819 1519 3658624 8791776
1757727820 1519 3658624 8791776
1757727821 1519 3658624 8791776
1757727822 1519 3659392 8791776
1757727824 1519 3660160 8791776
1757727825 1519 3660544 8791776
1757727826 1519 3660544 8791776
1757727827 1519 3660928 8791776
1757727828 1520 3661696 8791776
1757727829 1520 3661696 8791776
1757727830 1520 3661696 8791776
1757727831 1520 3661696 8791776
1757727832 1520 3661696 8791776
1757727833 1520 3662464 8791776
1757727834 1518 3662848 8791776
1757727835 1518 3663616 8791776
1757727836 1518 3664000 8791776
1757727837 1519 3664768 8791776
1757727838 1519 3665152 8791776
1757727840 1519 3665920 8791776
1757727841 1519 3666688 8791776
1757727842 1519 3667072 8791776
1757727843 1520 3667968 8791776
1757727844 1520 3668736 8791776
1757727845 1520 3669120 8791776
1757727846 1520 3669504 8791776
1757727847 1521 3670272 8791776
1757727848 1521 3670656 8791776
1757727849 1519 3671424 8791776
1757727850 1519 3671808 8791776
1757727851 1519 3671808 8791776
1757727852 1519 3672192 8791776
1757727853 1519 3672960 8791776
1757727855 1520 3673728 8791776
1757727856 1520 3673728 8791776
1757727857 1520 3673728 8791776
1757727858 1520 3674496 8791776
1757727859 1520 3675264 8791776
1757727860 1520 3675648 8791776
1757727861 1520 3676032 8791776
1757727862 1521 3676032 8791776
1757727863 1521 3676032 8791776
1757727864 1521 3676032 8791776
1757727865 1519 3676416 8791776
1757727866 1519 3676800 8791776
1757727867 1519 3677696 8791776
1757727868 1519 3678080 8791776
1757727870 1519 3678848 8791776
1757727871 1520 3679616 8791776
1757727872 1520 3680000 8791776
1757727873 1520 3680768 8791776
1757727874 1520 3681536 8791776
1757727875 1521 3681920 8791776
1757727876 1521 3682816 8791776
1757727877 1521 3683200 8791776
1757727878 1521 3683584 8791776
1757727879 1521 3684352 8791776
1757727880 1519 3685120 8791776
1757727881 1520 3685120 8791776
1757727882 1520 3685504 8791776
1757727883 1520 3685504 8791776
1757727885 1520 3686272 8791776
1757727886 1520 3686656 8791776
1757727887 1520 3687040 8791776
1757727888 1520 3687040 8791776
1757727889 1520 3687424 8791776
1757727890 1520 3688192 8791776
1757727891 1521 3688576 8791776
1757727892 1521 3689344 8791776
1757727893 1521 3689728 8791776
1757727894 1521 3690496 8791776
1757727895 1521 3690496 8791776
1757727896 1519 3690496 8791776
1757727897 1519 3690496 8791776
1757727898 1519 3690496 8791776
1757727899 1520 3690880 8791776
1757727901 1520 3691648 8791776
1757727902 1520 3692032 8791776
1757727903 1520 3692800 8791776
1757727904 1520 3693568 8791776
1757727905 1521 3693952 8791776
1757727906 1521 3694720 8791776
1757727907 1521 3695104 8791776
1757727908 1521 3695616 8791776
1757727909 1521 3696384 8791776
1757727910 1522 3697152 8791776
1757727911 1520 3697536 8791776
1757727912 1520 3697920 8791776
1757727913 1520 3697920 8791776
1757727914 1520 3698304 8791776
1757727916 1520 3699072 8791776
1757727917 1520 3699456 8791776
1757727918 1520 3699840 8791776
1757727919 1520 3699840 8791776
1757727920 1520 3700224 8791776
1757727921 1521 3701120 8791776
1757727922 1521 3701888 8791776
1757727923 1521 3702656 8791776
1757727924 1521 3703040 8791776
1757727925 1522 3703808 8791776
1757727926 1520 3704192 8791776
1757727927 1520 3704576 8791776
1757727928 1520 3704576 8791776
1757727929 1520 3704576 8791776
1757727930 1520 3704576 8791776
1757727932 1520 3704576 8791776
1757727933 1520 3704960 8791776
1757727934 1520 3705728 8791776
1757727935 1521 3706624 8791776
1757727936 1521 3707008 8791776
1757727937 1521 3707776 8791776
1757727938 1521 3708160 8791776
1757727939 1521 3708928 8791776
1757727940 1521 3709312 8791776
1757727941 1522 3710080 8791776
1757727942 1520 3710848 8791776
1757727943 1520 3710848 8791776
1757727944 1520 3710848 8791776
1757727945 1520 3711232 8791776
1757727947 1520 3712000 8791776
1757727948 1521 3712384 8791776
1757727949 1521 3712768 8791776
1757727950 1521 3712768 8791776
1757727951 1521 3713536 8791776
1757727952 1521 3713920 8791776
1757727953 1521 3714688 8791776
1757727954 1521 3715072 8791776
1757727955 1522 3715840 8791776
1757727956 1522 3716736 8791776
1757727957 1520 3717120 8791776
1757727958 1520 3717888 8791776
1757727959 1520 3718272 8791776
1757727960 1521 3718656 8791776
1757727961 1521 3718656 8791776
1757727963 1521 3718656 8791776
1757727964 1521 3718656 8791776
1757727965 1521 3718656 8791776
1757727966 1521 3719040 8791776
1757727967 1521 3719808 8791776
1757727968 1521 3720192 8791776
1757727969 1521 3720576 8791776
1757727970 1522 3721344 8791776
1757727971 1522 3721856 8791776
1757727972 1520 3722624 8791776
1757727973 1520 3723008 8791776
1757727974 1520 3723776 8791776
1757727975 1520 3723776 8791776
1757727976 1520 3724160 8791776
1757727978 1521 3724544 8791776
1757727979 1521 3724928 8791776
1757727980 1521 3725312 8791776
1757727981 1521 3725312 8791776
1757727982 1521 3726080 8791776
1757727983 1521 3726464 8791776
1757727984 1521 3727232 8791776
1757727985 1521 3727616 8791776
1757727986 1522 3728384 8791776
1757727987 1522 3729280 8791776
1757727988 1520 3729664 8791776
1757727989 1520 3730432 8791776
1757727990 1521 3731200 8791776
1757727991 1521 3731584 8791776
1757727993 1521 3732352 8791776
1757727994 1521 3732352 8791776
1757727995 1521 3732352 8791776
1757727996 1521 3732352 8791776
1757727997 1521 3732352 8791776
1757727998 1521 3732352 8791776
1757727999 1521 3732736 8791776
1757728000 1522 3733504 8791776
1757728001 1522 3733888 8791776
1757728002 1522 3734656 8791776
1757728003 1520 3735424 8791776
1757728004 1521 3735808 8791776
1757728005 1521 3736192 8791776
1757728006 1521 3736192 8791776
1757728007 1521 3736576 8791776
1757728009 1521 3736960 8791776
1757728010 1521 3737728 8791776
1757728011 1521 3738112 8791776
1757728012 1521 3738112 8791776
1757728013 1521 3738496 8791776
1757728014 1521 3739264 8791776
1757728015 1522 3740032 8791776
1757728016 1522 3740416 8791776
1757728017 1522 3741184 8791776
1757728018 1520 3741952 8791776
1757728019 1521 3742336 8791776
1757728020 1521 3743104 8791776
1757728021 1521 3743872 8791776
1757728022 1521 3744384 8791776
1757728024 1521 3745152 8791776
1757728025 1521 3745536 8791776
1757728026 1522 3746304 8791776
1757728027 1522 3746304 8791776
1757728028 1522 3746304 8791776
1757728029 1522 3746304 8791776
1757728030 1522 3746304 8791776
1757728031 1522 3746304 8791776
1757728032 1522 3746688 8791776
1757728033 1522 3747456 8791776
1757728034 1522 3747840 8791776
1757728035 1520 3748224 8791776
1757728036 1520 3748992 8791776
1757728037 1520 3748992 8791776
1757728038 1520 3749376 8791776
1757728039 1521 3749760 8791776
1757728040 1521 3750528 8791776
1757728042 1521 3750528 8791776
1757728043 1521 3750912 8791776
1757728044 1521 3751296 8791776
1757728045 1521 3752192 8791776
1757728046 1521 3752576 8791776
1757728047 1522 3753344 8791776
1757728048 1522 3754112 8791776
1757728049 1522 3754880 8791776
1757728050 1522 3755264 8791776
1757728051 1521 3756032 8791776
1757728052 1521 3756800 8791776
1757728053 1521 3757184 8791776
1757728054 1521 3757952 8791776
1757728055 1521 3758336 8791776
1757728057 1522 3759104 8791776
1757728058 1522 3760000 8791776
1757728059 1522 3760384 8791776
1757728060 1522 3760768 8791776
1757728061 1522 3760768 8791776
1757728062 1522 3760768 8791776
1757728063 1522 3760768 8791776
1757728064 1522 3760768 8791776
1757728065 1522 3761152 8791776
1757728066 1521 3761536 8791776
1757728067 1521 3761920 8791776
1757728068 1521 3761920 8791776
1757728069 1521 3762304 8791776
1757728070 1521 3763072 8791776
1757728072 1521 3763456 8791776
1757728073 1521 3763456 8791776
1757728074 1521 3763840 8791776
1757728075 1521 3764224 8791776
1757728076 1522 3764992 8791776
1757728077 1522 3765760 8791776
1757728078 1522 3766528 8791776
1757728079 1522 3766912 8791776
1757728080 1522 3767680 8791776
1757728081 1521 3768064 8791776
1757728082 1521 3768832 8791776
1757728083 1521 3769216 8791776
1757728084 1521 3770112 8791776
1757728085 1521 3770880 8791776
1757728087 1522 3771648 8791776
1757728088 1522 3772032 8791776
1757728089 1522 3772800 8791776
1757728090 1522 3773568 8791776
1757728091 1522 3773952 8791776
1757728092 1522 3774336 8791776
1757728093 1522 3774336 8791776
1757728094 1522 3774336 8791776
1757728095 1522 3774336 8791776
1757728096 1523 3774336 8791776
1757728097 1521 3774336 8791776
1757728098 1521 3774336 8791776
1757728099 1521 3774336 8791776
1757728100 1521 3774720 8791776
1757728101 1521 3775488 8791776
1757728103 1521 3775872 8791776
1757728104 1521 3775872 8791776
1757728105 1521 3776256 8791776
1757728106 1522 3777024 8791776
1757728107 1522 3777408 8791776
1757728108 1522 3778304 8791776
1757728109 1522 3779072 8791776
1757728110 1522 3779456 8791776
1757728111 1522 3780224 8791776
1757728112 1521 3780992 8791776
1757728113 1521 3781376 8791776
1757728114 1521 3782144 8791776
1757728115 1522 3782912 8791776
1757728116 1522 3783424 8791776
1757728118 1522 3784192 8791776
1757728119 1522 3784576 8791776
1757728120 1522 3785344 8791776
1757728121 1522 3786112 8791776
1757728122 1522 3786496 8791776
1757728123 1523 3786880 8791776
1757728124 1523 3787776 8791776
1757728125 1523 3788160 8791776
1757728126 1523 3788160 8791776
1757728127 1523 3788160 8791776
1757728128 1521 3788160 8791776
1757728129 1521 3788160 8791776
1757728130 1521 3788160 8791776
1757728131 1521 3788160 8791776
1757728132 1521 3788544 8791776
1757728134 1521 3789312 8791776
1757728135 1521 3789312 8791776
1757728136 1521 3789696 8791776
1757728137 1522 3790464 8791776
1757728138 1522 3790848 8791776
1757728139 1522 3791616 8791776
1757728140 1522 3792000 8791776
1757728141 1522 3792768 8791776
1757728142 1522 3793536 8791776
1757728143 1523 3794432 8791776
1757728144 1521 3794816 8791776
1757728145 1521 3795584 8791776
1757728146 1522 3796352 8791776
1757728147 1522 3796736 8791776
1757728149 1522 3797504 8791776
1757728150 1522 3797888 8791776
1757728151 1522 3798656 8791776
1757728152 1522 3799424 8791776
1757728153 1522 3799808 8791776
1757728154 1523 3800192 8791776
1757728155 1523 3800960 8791776
1757728156 1523 3801728 8791776
1757728157 1523 3802240 8791776
1757728158 1523 3802624 8791776
1757728159 1522 3802624 8791776
1757728160 1522 3802624 8791776
1757728161 1522 3803008 8791776
1757728162 1522 3803008 8791776
1757728163 1522 3803008 8791776
1757728165 1522 3803008 8791776
1757728166 1522 3803008 8791776
1757728167 1522 3803392 8791776
1757728168 1522 3804160 8791776
1757728169 1522 3804544 8791776
1757728170 1522 3805312 8791776
1757728171 1522 3806080 8791776
1757728172 1523 3806848 8791776
1757728173 1523 3807232 8791776
1757728174 1521 3808000 8791776
1757728175 1522 3808384 8791776
1757728176 1522 3809152 8791776
1757728177 1522 3809536 8791776
1757728178 1522 3810432 8791776
1757728180 1522 3811200 8791776
1757728181 1522 3811968 8791776
1757728182 1522 3812352 8791776
1757728183 1523 3813120 8791776
1757728184 1523 3813504 8791776
1757728185 1523 3813888 8791776
1757728186 1523 3814656 8791776
1757728187 1523 3815424 8791776
1757728188 1523 3815808 8791776
1757728189 1523 3816576 8791776
1757728190 1522 3816960 8791776
1757728191 1522 3817344 8791776
1757728192 1522 3817344 8791776
1757728193 1522 3817344 8791776
1757728194 1522 3817728 8791776
1757728196 1522 3818112 8791776
1757728197 1522 3818112 8791776
1757728198 1522 3818112 8791776
1757728199 1522 3818496 8791776
1757728200 1522 3819264 8791776
1757728201 1522 3819648 8791776
1757728202 1522 3820032 8791776
1757728203 1523 3820800 8791776
1757728204 1523 3821184 8791776
1757728205 1522 3822080 8791776
1757728206 1522 3822848 8791776
1757728207 1522 3823616 8791776
1757728208 1522 3824000 8791776
1757728209 1522 3824768 8791776
1757728211 1522 3825152 8791776
1757728212 1522 3825920 8791776
1757728213 1523 3826304 8791776
1757728214 1523 3827200 8791776
1757728215 1523 3827584 8791776
1757728216 1523 3828352 8791776
1757728217 1523 3829120 8791776
1757728218 1523 3829504 8791776
1757728219 1523 3830272 8791776
1757728220 1523 3830656 8791776
1757728221 1522 3831040 8791776
1757728222 1522 3831808 8791776
1757728223 1522 3831808 8791776
1757728224 1522 3831808 8791776
1757728226 1522 3831808 8791776
1757728227 1522 3831808 8791776
1757728228 1522 3832192 8791776
1757728229 1522 3832192 8791776
1757728230 1522 3832192 8791776
1757728231 1522 3832192 8791776
1757728232 1523 3832576 8791776
1757728233 1523 3833344 8791776
1757728234 1523 3833728 8791776
1757728235 1523 3834624 8791776
1757728236 1522 3835008 8791776
1757728237 1522 3835776 8791776
1757728238 1522 3836544 8791776
1757728239 1522 3837312 8791776
1757728240 1522 3837696 8791776
1757728242 1522 3838464 8791776
1757728243 1523 3839232 8791776
1757728244 1523 3839616 8791776
1757728245 1523 3840000 8791776
1757728246 1523 3840384 8791776
1757728247 1523 3841152 8791776
1757728248 1523 3842048 8791776
1757728249 1523 3842432 8791776
1757728250 1523 3843200 8791776
1757728251 1524 3843584 8791776
1757728252 1522 3844352 8791776
1757728253 1523 3844736 8791776
1757728254 1523 3845120 8791776
1757728255 1522 3845120 8791776
1757728256 1523 3846016 8791776
1757728258 1523 3846016 8791776
1757728259 1523 3846016 8791776
1757728260 1523 3846400 8791776
1757728261 1523 3846784 8791776
1757728262 1523 3847168 8791776
1757728263 1523 3847168 8791776
1757728264 1523 3847168 8791776
1757728265 1523 3847552 8791776
1757728266 1523 3848448 8791776
1757728267 1523 3848832 8791776
1757728268 1522 3849600 8791776
1757728269 1522 3850368 8791776
1757728270 1522 3850752 8791776
1757728271 1522 3851520 8791776
1757728272 1523 3852288 8791776
1757728274 1523 3852672 8791776
1757728275 1523 3853440 8791776
1757728276 1523 3853824 8791776
1757728277 1523 3854592 8791776
1757728278 1523 3854976 8791776
1757728279 1523 3855744 8791776
1757728280 1523 3856128 8791776
1757728281 1524 3856512 8791776
1757728282 1524 3857280 8791776
1757728283 1522 3857664 8791776
1757728284 1523 3858432 8791776
1757728285 1523 3858432 8791776
1757728286 1523 3858432 8791776
1757728287 1523 3859200 8791776
1757728289 1523 3859584 8791776
1757728290 1523 3859584 8791776
1757728291 1523 3859584 8791776
1757728292 1523 3859584 8791776
1757728293 1523 3859584 8791776
1757728294 1523 3860352 8791776
1757728295 1523 3860352 8791776
1757728296 1523 3860352 8791776
1757728297 1523 3860736 8791776
1757728298 1523 3861120 8791776
1757728299 1522 3861888 8791776
1757728300 1522 3862272 8791776
1757728301 1522 3863040 8791776
1757728302 1522 3863808 8791776
1757728303 1523 3864192 8791776
1757728305 1523 3864960 8791776
1757728306 1523 3865344 8791776
1757728307 1523 3865728 8791776
1757728308 1523 3866496 8791776
1757728309 1523 3867264 8791776
1757728310 1523 3867648 8791776
1757728311 1523 3868032 8791776
1757728312 1524 3868928 8791776
1757728313 1524 3869696 8791776
1757728314 1523 3870080 8791776
1757728315 1523 3870848 8791776
1757728316 1523 3871232 8791776
1757728317 1523 3871232 8791776
1757728318 1523 3871616 8791776
1757728320 1523 3872000 8791776
1757728321 1523 3872000 8791776
1757728322 1523 3872384 8791776
1757728323 1523 3873152 8791776
1757728324 1523 3873152 8791776
1757728325 1523 3873152 8791776
1757728326 1523 3873536 8791776
1757728327 1523 3873920 8791776
1757728328 1523 3874304 8791776
1757728329 1523 3874304 8791776
1757728330 1522 3874304 8791776
1757728331 1522 3874688 8791776
1757728332 1523 3875456 8791776
1757728333 1523 3876224 8791776
1757728334 1523 3877120 8791776
1757728336 1523 3877504 8791776
1757728337 1523 3877888 8791776
1757728338 1523 3878784 8791776
1757728339 1523 3879168 8791776
1757728340 1523 3879936 8791776
1757728341 1523 3880704 8791776
1757728342 1524 3881088 8791776
1757728343 1524 3881856 8791776
1757728344 1524 3882240 8791776
1757728345 1523 3883008 8791776
1757728346 1523 3883776 8791776
1757728347 1523 3883776 8791776
1757728348 1523 3883776 8791776
1757728349 1523 3884160 8791776
1757728351 1523 3884544 8791776
1757728352 1523 3884544 8791776
1757728353 1523 3885312 8791776
1757728354 1523 3885696 8791776
1757728355 1523 3886464 8791776
1757728356 1523 3887360 8791776
1757728357 1523 3887360 8791776
1757728358 1523 3887360 8791776
1757728359 1523 3887360 8791776
1757728360 1523 3888256 8791776
1757728361 1523 3888640 8791776
1757728362 1522 3888640 8791776
1757728363 1522 3888640 8791776
1757728364 1522 3889024 8791776
1757728365 1523 3889408 8791776
1757728366 1523 3890176 8791776
1757728368 1523 3890560 8791776
1757728369 1523 3890944 8791776
1757728370 1523 3891712 8791776
1757728371 1523 3892480 8791776
1757728372 1523 3892864 8791776
1757728373 1523 3893248 8791776
1757728374 1523 3894016 8791776
1757728375 1524 3894784 8791776
1757728376 1524 3895552 8791776
1757728377 1523 3895936 8791776
1757728378 1523 3896320 8791776
1757728379 1523 3896320 8791776
1757728380 1523 3896704 8791776
1757728381 1523 3897088 8791776
1757728383 1523 3897088 8791776
1757728384 1523 3897856 8791776
1757728385 1523 3898240 8791776
1757728386 1523 3899008 8791776
1757728387 1523 3899392 8791776
1757728388 1523 3900160 8791776
1757728389 1524 3900928 8791776
1757728390 1524 3900928 8791776
1757728391 1524 3900928 8791776
1757728392 1524 3900928 8791776
1757728393 1523 3901696 8791776
1757728394 1523 3902080 8791776
1757728395 1523 3902080 8791776
1757728396 1523 3902080 8791776
1757728397 1523 3902080 8791776
1757728399 1523 3902464 8791776
1757728400 1523 3903232 8791776
1757728401 1523 3904000 8791776
1757728402 1523 3904384 8791776
1757728403 1523 3905152 8791776
1757728404 1523 3905664 8791776
1757728405 1524 3906432 8791776
1757728406 1524 3906816 8791776
1757728407 1524 3907584 8791776
1757728408 1524 3907968 8791776
1757728409 1523 3908736 8791776
1757728410 1523 3908736 8791776
1757728411 1523 3909248 8791776
1757728412 1523 3909632 8791776
1757728413 1523 3909632 8791776
1757728415 1523 3910016 8791776
1757728416 1523 3910400 8791776
1757728417 1523 3911168 8791776
1757728418 1523 3912064 8791776
1757728419 1523 3912448 8791776
1757728420 1524 3913216 8791776
1757728421 1524 3913984 8791776
1757728422 1524 3914368 8791776
1757728423 1524 3914368 8791776
1757728424 1524 3914368 8791776
1757728425 1523 3914752 8791776
1757728426 1523 3915520 8791776
1757728427 1523 3915520 8791776
1757728428 1523 3915520 8791776
1757728429 1523 3915520 8791776
1757728431 1523 3915904 8791776
1757728432 1523 3916288 8791776
1757728433 1523 3917184 8791776
1757728434 1523 3917568 8791776
1757728435 1523 3918336 8791776
1757728436 1524 3918720 8791776
1757728437 1524 3919488 8791776
1757728438 1524 3920256 8791776
1757728439 1524 3920640 8791776
1757728440 1523 3921408 8791776
1757728441 1523 3921792 8791776
1757728442 1523 3921792 8791776
1757728443 1523 3921792 8791776
1757728444 1523 3922176 8791776
1757728446 1523 3922560 8791776
1757728447 1523 3923328 8791776
1757728448 1523 3923712 8791776
1757728449 1523 3924480 8791776
1757728450 1524 3925248 8791776
1757728451 1524 3925632 8791776
1757728452 1524 3926400 8791776
1757728453 1524 3927168 8791776
1757728454 1524 3927552 8791776
1757728455 1523 3927936 8791776
1757728456 1523 3927936 8791776
1757728457 1523 3927936 8791776
1757728458 1523 3928320 8791776
1757728459 1523 3928704 8791776
1757728460 1523 3929088 8791776
1757728462 1523 3929088 8791776
1757728463 1523 3929088 8791776
1757728464 1523 3929472 8791776
1757728465 1523 3929856 8791776
1757728466 1523 3930624 8791776
1757728467 1524 3931008 8791776
1757728468 1524 3931776 8791776
1757728469 1524 3932160 8791776
1757728470 1524 3932928 8791776
1757728471 1524 3933824 8791776
1757728472 1523 3933824 8791776
1757728473 1523 3934208 8791776
1757728474 1523 3934208 8791776
1757728475 1523 3934208 8791776
1757728476 1523 3934720 8791776
1757728478 1523 3935488 8791776
1757728479 1523 3936256 8791776
1757728480 1523 3936640 8791776
1757728481 1523 3937408 8791776
1757728482 1524 3937792 8791776
1757728483 1524 3938560 8791776
1757728484 1524 3939328 8791776
1757728485 1524 3940096 8791776
1757728486 1524 3940480 8791776
1757728487 1523 3941376 8791776
1757728488 1523 3941376 8791776
1757728489 1523 3941376 8791776
1757728490 1523 3941376 8791776
1757728491 1523 3942144 8791776
1757728493 1523 3942528 8791776
1757728494 1523 3943296 8791776
1757728495 1523 3943296 8791776
1757728496 1524 3943296 8791776
1757728497 1524 3943296 8791776
1757728498 1524 3943680 8791776
1757728499 1524 3944448 8791776
1757728500 1524 3945216 8791776
1757728501 1524 3945984 8791776
1757728502 1524 3946368 8791776
1757728503 1523 3946368 8791776
1757728504 1523 3946752 8791776
1757728505 1523 3946752 8791776
1757728506 1523 3946752 8791776
1757728508 1523 3947136 8791776
1757728509 1523 3947904 8791776
1757728510 1523 3948672 8791776
1757728511 1523 3949184 8791776
1757728512 1524 3949952 8791776
1757728513 1524 3950720 8791776
1757728514 1524 3951104 8791776
1757728515 1524 3951872 8791776
1757728516 1524 3952256 8791776
1757728517 1524 3953024 8791776
1757728518 1523 3953792 8791776
1757728519 1523 3954176 8791776
1757728520 1523 3954560 8791776
1757728521 1523 3954944 8791776
1757728523 1524 3954944 8791776
1757728524 1524 3954944 8791776
1757728525 1524 3955456 8791776
1757728526 1524 3955840 8791776
1757728527 1524 3956608 8791776
1757728528 1524 3956608 8791776
1757728529 1524 3956608 8791776
1757728530 1524 3956608 8791776
1757728531 1524 3957376 8791776
1757728532 1524 3958144 8791776
1757728533 1523 3958528 8791776
1757728534 1523 3958528 8791776
1757728535 1523 3958528 8791776
1757728536 1523 3958912 8791776
1757728537 1523 3958912 8791776
1757728539 1523 3959680 8791776
1757728540 1523 3960064 8791776
1757728541 1523 3960832 8791776
1757728542 1524 3961600 8791776
1757728543 1524 3961984 8791776
1757728544 1524 3962880 8791776
1757728545 1524 3963264 8791776
1757728546 1524 3964032 8791776
1757728547 1524 3964800 8791776
1757728548 1523 3965184 8791776
1757728549 1523 3965952 8791776
1757728550 1523 3966336 8791776
1757728551 1523 3966720 8791776
1757728552 1524 3967488 8791776
1757728554 1524 3968256 8791776
1757728555 1524 3968256 8791776
1757728556 1524 3968256 8791776
1757728557 1524 3968256 8791776
1757728558 1524 3969024 8791776
1757728559 1524 3969792 8791776
1757728560 1524 3970176 8791776
1757728561 1524 3970176 8791776
1757728562 1524 3970176 8791776
1757728563 1523 3970560 8791776
1757728564 1523 3970944 8791776
1757728565 1523 3970944 8791776
1757728566 1523 3970944 8791776
1757728567 1523 3970944 8791776
1757728569 1523 3971712 8791776
1757728570 1523 3972096 8791776
1757728571 1524 3972864 8791776
1757728572 1524 3973632 8791776
1757728573 1524 3974016 8791776
1757728574 1524 3974784 8791776
1757728575 1524 3975168 8791776
1757728576 1524 3975936 8791776
1757728577 1524 3976832 8791776
1757728578 1524 3977216 8791776
1757728579 1523 3977984 8791776
1757728580 1523 3978752 8791776
1757728581 1524 3979136 8791776
1757728582 1524 3979520 8791776
1757728584 1524 3980288 8791776
1757728585 1524 3981056 8791776
1757728586 1524 3981440 8791776
1757728587 1524 3981824 8791776
1757728588 1524 3981824 8791776
1757728589 1524 3981824 8791776
1757728590 1524 3982208 8791776
1757728591 1524 3982592 8791776
1757728592 1524 3983360 8791776
1757728593 1524 3984128 8791776
1757728594 1524 3984128 8791776
1757728595 1523 3984128 8791776
1757728596 1523 3984128 8791776
1757728597 1523 3984128 8791776
1757728599 1523 3984128 8791776
1757728600 1524 3985024 8791776
1757728601 1524 3985408 8791776
1757728602 1524 3986176 8791776
1757728603 1524 3986944 8791776
1757728604 1524 3987328 8791776
1757728605 1524 3988096 8791776
1757728606 1524 3988480 8791776
1757728607 1524 3989248 8791776
1757728608 1524 3989632 8791776
1757728609 1523 3990400 8791776
1757728610 1524 3991168 8791776
1757728611 1524 3991936 8791776
1757728612 1524 3991936 8791776
1757728613 1524 3992832 8791776
1757728615 1524 3993600 8791776
1757728616 1524 3993984 8791776
1757728617 1524 3994752 8791776
1757728618 1524 3995136 8791776
1757728619 1524 3995904 8791776
1757728620 1524 3996288 8791776
1757728621 1524 3996288 8791776
1757728622 1524 3996288 8791776
1757728623 1525 3996672 8791776
1757728624 1524 3997056 8791776
1757728625 1524 3997824 8791776
1757728626 1524 3997824 8791776
1757728627 1524 3997824 8791776
1757728628 1524 3997824 8791776
1757728630 1524 3997824 8791776
1757728631 1524 3998592 8791776
1757728632 1524 3998976 8791776
1757728633 1524 3999872 8791776
1757728634 1524 4000640 8791776
1757728635 1524 4001024 8791776
1757728636 1524 4001792 8791776
1757728637 1524 4002560 8791776
1757728638 1524 4002944 8791776
1757728639 1524 4003712 8791776
1757728640 1524 4004480 8791776
1757728641 1524 4004864 8791776
1757728642 1524 4005760 8791776
1757728643 1524 4006144 8791776
1757728645 1524 4006912 8791776
1757728646 1524 4007296 8791776
1757728647 1524 4008064 8791776
1757728648 1524 4008448 8791776
1757728649 1524 4009216 8791776
1757728650 1524 4009600 8791776
1757728651 1524 4010368 8791776
1757728652 1525 4011136 8791776
1757728653 1525 4011520 8791776
1757728654 1525 4011520 8791776
1757728655 1524 4011520 8791776
1757728656 1524 4011904 8791776
1757728657 1524 4011904 8791776
1757728658 1524 4011904 8791776
1757728659 1524 4011904 8791776
1757728661 1524 4011904 8791776
1757728662 1524 4012288 8791776
1757728663 1524 4012288 8791776
1757728664 1524 4012672 8791776
1757728665 1524 4013056 8791776
1757728666 1524 4013824 8791776
1757728667 1524 4014592 8791776
1757728668 1524 4014976 8791776
1757728669 1524 4015872 8791776
1757728670 1524 4016640 8791776
1757728671 1524 4017024 8791776
1757728672 1524 4017792 8791776
1757728673 1524 4018176 8791776
1757728674 1524 4018560 8791776
1757728675 1524 4019328 8791776
1757728677 1524 4020096 8791776
1757728678 1524 4020480 8791776
1757728679 1524 4020864 8791776
1757728680 1524 4021632 8791776
1757728681 1524 4022400 8791776
1757728682 1524 4022912 8791776
1757728683 1525 4023680 8791776
1757728684 1525 4024064 8791776
1757728685 1525 4024832 8791776
1757728686 1524 4025216 8791776
1757728687 1524 4025216 8791776
1757728688 1524 4025216 8791776
1757728689 1524 4025216 8791776
1757728690 1524 4025216 8791776
1757728692 1524 4025600 8791776
1757728693 1524 4025984 8791776
1757728694 1524 4026368 8791776
1757728695 1524 4026368 8791776
1757728696 1524 4026368 8791776
1757728697 1524 4026752 8791776
1757728698 1524 4027136 8791776
1757728699 1524 4027904 8791776
1757728700 1524 4028672 8791776
1757728701 1524 4029440 8791776
1757728702 1524 4029824 8791776
1757728703 1524 4030592 8791776
1757728704 1524 4030976 8791776
1757728705 1524 4030976 8791776
1757728706 1524 4030976 8791776
1757728707 1524 4031872 8791776
1757728709 1524 4032640 8791776
1757728710 1524 4033024 8791776
1757728711 1524 4033920 8791776
1757728712 1524 4034304 8791776
1757728713 1524 4035072 8791776
1757728714 1524 4035840 8791776
1757728715 1524 4036224 8791776
1757728716 1525 4036992 8791776
1757728717 1525 4037760 8791776
1757728718 1525 4037760 8791776
1757728719 1524 4038144 8791776
1757728720 1524 4038144 8791776
1757728721 1524 4038144 8791776
1757728722 1524 4038144 8791776
1757728724 1524 4038528 8791776
1757728725 1524 4039296 8791776
1757728726 1524 4040064 8791776
1757728727 1524 4040064 8791776
1757728728 1524 4040064 8791776
1757728729 1524 4040064 8791776
1757728730 1524 4040448 8791776
1757728731 1524 4041344 8791776
1757728732 1524 4041728 8791776
1757728733 1524 4042496 8791776
1757728734 1524 4043264 8791776
1757728735 1524 4043264 8791776
1757728736 1524 4044032 8791776
1757728737 1524 4044416 8791776
1757728739 1524 4045312 8791776
1757728740 1524 4045696 8791776
1757728741 1524 4046464 8791776
1757728742 1524 4047232 8791776
1757728743 1524 4047616 8791776
1757728744 1524 4048384 8791776
1757728745 1524 4049152 8791776
1757728746 1524 4049920 8791776
1757728747 1525 4050304 8791776
1757728748 1525 4050688 8791776
1757728749 1524 4051072 8791776
1757728750 1524 4051072 8791776
1757728751 1524 4051456 8791776
1757728752 1524 4051456 8791776
1757728753 1524 4051456 8791776
1757728755 1524 4051456 8791776
1757728756 1524 4052224 8791776
1757728757 1524 4052736 8791776
1757728758 1524 4053504 8791776
1757728759 1524 4054272 8791776
1757728760 1524 4054272 8791776
1757728761 1524 4054272 8791776
1757728762 1524 4054272 8791776
1757728763 1524 4054656 8791776
1757728764 1524 4055424 8791776
1757728765 1524 4055808 8791776
1757728766 1524 4056576 8791776
1757728767 1524 4056960 8791776
1757728768 1524 4057728 8791776
1757728770 1524 4058112 8791776
1757728771 1524 4058880 8791776
1757728772 1524 4059648 8791776
1757728773 1524 4060032 8791776
1757728774 1524 4060800 8791776
1757728775 1524 4061184 8791776
1757728776 1525 4062080 8791776
1757728777 1525 4062464 8791776
1757728778 1525 4062848 8791776
1757728779 1524 4063616 8791776
1757728780 1524 4064000 8791776
1757728781 1524 4064384 8791776
1757728782 1524 4064768 8791776
1757728783 1524 4064768 8791776
1757728785 1524 4064768 8791776
1757728786 1524 4064768 8791776
1757728787 1524 4064768 8791776
1757728788 1524 4064768 8791776
1757728789 1524 4065152 8791776
1757728790 1524 4065920 8791776
1757728791 1524 4066304 8791776
1757728792 1524 4067072 8791776
1757728793 1525 4067456 8791776
1757728794 1525 4067456 8791776
1757728795 1524 4067456 8791776
1757728796 1524 4067456 8791776
1757728797 1524 4068224 8791776
1757728798 1524 4068608 8791776
1757728799 1524 4069376 8791776
1757728801 1524 4069760 8791776
1757728802 1524 4070528 8791776
1757728803 1524 4070912 8791776
1757728804 1524 4071680 8791776
1757728805 1524 4072064 8791776
1757728806 1524 4072832 8791776
1757728807 1525 4073600 8791776
1757728808 1525 4073984 8791776
1757728809 1525 4074368 8791776
1757728810 1524 4074752 8791776
1757728811 1524 4075520 8791776
1757728812 1524 4075520 8791776
1757728813 1524 4075904 8791776
1757728814 1524 4075904 8791776
1757728816 1524 4076416 8791776
1757728817 1524 4077184 8791776
1757728818 1524 4077568 8791776
1757728819 1524 4077568 8791776
1757728820 1524 4077568 8791776
1757728821 1524 4077952 8791776
1757728822 1524 4078336 8791776
1757728823 1524 4079104 8791776
1757728824 1525 4079488 8791776
1757728825 1525 4080256 8791776
1757728826 1524 4080640 8791776
1757728827 1524 4080640 8791776
1757728828 1524 4080640 8791776
1757728829 1524 4081024 8791776
1757728831 1524 4081792 8791776
1757728832 1524 4082176 8791776
1757728833 1524 4082944 8791776
1757728834 1524 4083328 8791776
1757728835 1524 4084096 8791776
1757728836 1524 4084864 8791776
1757728837 1525 4085632 8791776
1757728838 1525 4086016 8791776
1757728839 1525 4086784 8791776
1757728840 1525 4086784 8791776
1757728841 1524 4087552 8791776
1757728842 1524 4087936 8791776
1757728843 1524 4087936 8791776
1757728844 1524 4088704 8791776
1757728846 1524 4088704 8791776
1757728847 1524 4089088 8791776
1757728848 1524 4089472 8791776
1757728849 1524 4090240 8791776
1757728850 1524 4090624 8791776
1757728851 1524 4091520 8791776
1757728852 1524 4091520 8791776
1757728853 1524 4091520 8791776
1757728854 1525 4091520 8791776
1757728855 1525 4092288 8791776
1757728856 1524 4093184 8791776
1757728857 1524 4093568 8791776
1757728858 1524 4093952 8791776
1757728859 1524 4094336 8791776
1757728860 1524 4094336 8791776
1757728862 1524 4094336 8791776
1757728863 1524 4094720 8791776
1757728864 1524 4095488 8791776
1757728865 1524 4095872 8791776
1757728866 1524 4096640 8791776
1757728867 1525 4097024 8791776
1757728868 1525 4097792 8791776
1757728869 1525 4098176 8791776
1757728870 1524 4098944 8791776
1757728871 1524 4099328 8791776
1757728872 1524 4099712 8791776
1757728873 1524 4100480 8791776
1757728874 1524 4100480 8791776
1757728876 1524 4100864 8791776
1757728877 1524 4100864 8791776
1757728878 1524 4101248 8791776
1757728879 1524 4101632 8791776
1757728880 1524 4102400 8791776
1757728881 1524 4102912 8791776
1757728882 1525 4103808 8791776
1757728883 1525 4104576 8791776
1757728884 1525 4104960 8791776
1757728885 1525 4104960 8791776
1757728886 1524 4104960 8791776
1757728887 1524 4105344 8791776
1757728888 1524 4105728 8791776
1757728889 1524 4106496 8791776
1757728890 1524 4106880 8791776
1757728892 1524 4107648 8791776
1757728893 1524 4107648 8791776
1757728894 1524 4107648 8791776
1757728895 1524 4107648 8791776
1757728896 1524 4108416 8791776
1757728897 1525 4108800 8791776
1757728898 1525 4109568 8791776
1757728899 1525 4110336 8791776
1757728900 1525 4110720 8791776
1757728901 1524 4111616 8791776
1757728902 1524 4112000 8791776
1757728903 1524 4112384 8791776
1757728904 1524 4112768 8791776
1757728905 1524 4113152 8791776
1757728907 1524 4113536 8791776
1757728908 1524 4113536 8791776
1757728909 1524 4113920 8791776
1757728910 1524 4114304 8791776
1757728911 1524 4115072 8791776
1757728912 1525 4115840 8791776
1757728913 1525 4116224 8791776
1757728914 1525 4116992 8791776
1757728915 1525 4117760 8791776
1757728916 1524 4118144 8791776
1757728917 1524 4118528 8791776
1757728918 1524 4118528 8791776
1757728919 1524 4118528 8791776
1757728920 1524 4118912 8791776
1757728922 1524 4119680 8791776
1757728923 1524 4120448 8791776
1757728924 1524 4120832 8791776
1757728925 1525 4121600 8791776
1757728926 1525 4121600 8791776
1757728927 1525 4121600 8791776
1757728928 1525 4121600 8791776
1757728929 1525 4121984 8791776
1757728930 1525 4122368 8791776
1757728931 1525 4123264 8791776
1757728932 1524 4124032 8791776
1757728933 1524 4124544 8791776
1757728934 1524 4124928 8791776
1757728935 1524 4125312 8791776
1757728936 1524 4125696 8791776
1757728938 1524 4125696 8791776
1757728939 1524 4125696 8791776
1757728940 1524 4126080 8791776
1757728941 1524 4126848 8791776
1757728942 1525 4127232 8791776
1757728943 1525 4128000 8791776
1757728944 1525 4128384 8791776
1757728945 1525 4129152 8791776
1757728946 1525 4129920 8791776
1757728947 1524 4130688 8791776
1757728948 1524 4131072 8791776
1757728949 1524 4131840 8791776
1757728950 1524 4132352 8791776
1757728951 1524 4132352 8791776
1757728953 1524 4132352 8791776
1757728954 1524 4132736 8791776
1757728955 1525 4133120 8791776
1757728956 1525 4133504 8791776
1757728957 1525 4134400 8791776
1757728958 1525 4135168 8791776
1757728959 1525 4135168 8791776
1757728960 1525 4135168 8791776
1757728961 1525 4135168 8791776
1757728962 1524 4135936 8791776
1757728963 1524 4135936 8791776
1757728964 1524 4136704 8791776
1757728965 1524 4137088 8791776
1757728966 1524 4137472 8791776
1757728968 1524 4137472 8791776
1757728969 1524 4137856 8791776
1757728970 1524 4137856 8791776
1757728971 1524 4138240 8791776
1757728972 1525 4139008 8791776
1757728973 1525 4139392 8791776
1757728974 1525 4140160 8791776
1757728975 1525 4140928 8791776
1757728976 1525 4141312 8791776
1757728977 1525 4141696 8791776
1757728978 1524 4142464 8791776
1757728979 1524 4143232 8791776
1757728980 1524 4144000 8791776
1757728981 1524 4144512 8791776
1757728983 1524 4144896 8791776
1757728984 1525 4145280 8791776
1757728985 1525 4145280 8791776
1757728986 1525 4145280 8791776
1757728987 1525 4145664 8791776
1757728988 1525 4146432 8791776
1757728989 1525 4146816 8791776
1757728990 1525 4147584 8791776
1757728991 1525 4147968 8791776
1757728992 1525 4148352 8791776
1757728993 1525 4148352 8791776
1757728994 1524 4148352 8791776
1757728995 1524 4148736 8791776
1757728996 1524 4149504 8791776
1757728997 1524 4149504 8791776
1757728999 1524 4149888 8791776
1757729000 1524 4150272 8791776
1757729001 1524 4150272 8791776
1757729002 1524 4150656 8791776
1757729003 1525 4151040 8791776
1757729004 1525 4151808 8791776
1757729005 1525 4152576 8791776
1757729006 1525 4153088 8791776
1757729007 1525 4153856 8791776
1757729008 1525 4154240 8791776
1757729009 1524 4155008 8791776
1757729010 1524 4155776 8791776
1757729011 1524 4156544 8791776
1757729012 1524 4156928 8791776
1757729013 1524 4157312 8791776
1757729015 1525 4158080 8791776
1757729016 1525 4158848 8791776
1757729017 1525 4158848 8791776
1757729018 1525 4158848 8791776
1757729019 1525 4158848 8791776
1757729020 1525 4159616 8791776
1757729021 1525 4160000 8791776
1757729022 1525 4160768 8791776
1757729023 1525 4161536 8791776
1757729024 1524 4161920 8791776
1757729025 1524 4162304 8791776
1757729026 1524 4162304 8791776
1757729027 1524 4162304 8791776
1757729028 1524 4162304 8791776
1757729030 1524 4162688 8791776
1757729031 1524 4163072 8791776
1757729032 1524 4163072 8791776
1757729033 1525 4163456 8791776
1757729034 1525 4164224 8791776
1757729035 1525 4164608 8791776
1757729036 1525 4165376 8791776
1757729037 1525 4166272 8791776
1757729038 1525 4166656 8791776
1757729039 1524 4167424 8791776
1757729040 1524 4168192 8791776
1757729041 1524 4168576 8791776
1757729042 1524 4169344 8791776
1757729043 1524 4169728 8791776
1757729045 1525 4170496 8791776
1757729046 1525 4170880 8791776
1757729047 1525 4171648 8791776
1757729048 1525 4172032 8791776
1757729049 1525 4172800 8791776
1757729050 1525 4172800 8791776
1757729051 1525 4172800 8791776
1757729052 1525 4172800 8791776
1757729053 1525 4173184 8791776
1757729054 1525 4173952 8791776
1757729055 1524 4174720 8791776
1757729056 1524 4174720 8791776
1757729057 1524 4175104 8791776
1757729058 1525 4175488 8791776
1757729059 1525 4175488 8791776
1757729061 1525 4175488 8791776
1757729062 1524 4175488 8791776
1757729063 1524 4175872 8791776
1757729064 1525 4176256 8791776
1757729065 1525 4177024 8791776
1757729066 1525 4177408 8791776
1757729067 1525 4178176 8791776
1757729068 1525 4178944 8791776
1757729069 1525 4179328 8791776
1757729070 1525 4180096 8791776
1757729071 1524 4180480 8791776
1757729072 1524 4181248 8791776
1757729073 1525 4181632 8791776
1757729074 1525 4182400 8791776
1757729076 1525 4183296 8791776
1757729077 1525 4183680 8791776
1757729078 1525 4184448 8791776
1757729079 1525 4184832 8791776
1757729080 1525 4185600 8791776
1757729081 1525 4185984 8791776
1757729082 1525 4186752 8791776
1757729083 1525 4186752 8791776
1757729084 1525 4186752 8791776
1757729085 1524 4186752 8791776
1757729086 1524 4187520 8791776
1757729087 1524 4187904 8791776
1757729088 1525 4188288 8791776
1757729089 1525 4189184 8791776
1757729091 1525 4189184 8791776
1757729092 1525 4189952 8791776
1757729093 1525 4189952 8791776
1757729094 1525 4189952 8791776
1757729095 1525 4189952 8791776
1757729096 1525 4190720 8791776
1757729097 1525 4191232 8791776
1757729098 1525 4192128 8791776
1757729099 1525 4192896 8791776
1757729100 1525 4193280 8791776
1757729101 1524 4194048 8791776
1757729102 1524 4194432 8791776
1757729103 1524 4195200 8791776
1757729104 1525 4195584 8791776
1757729105 1525 4196352 8791776
1757729107 1525 4196736 8791776
1757729108 1525 4197504 8791776
1757729109 1525 4198272 8791776
1757729110 1525 4198656 8791776
1757729111 1525 4199552 8791776
1757729112 1525 4200320 8791776
1757729113 1525 4201088 8791776
1757729114 1525 4201472 8791776
1757729115 1525 4201856 8791776
1757729116 1525 4201856 8791776
1757729117 1525 4201856 8791776
1757729118 1525 4202240 8791776
1757729119 1525 4203008 8791776
1757729120 1525 4203392 8791776
1757729122 1525 4203776 8791776
1757729123 1525 4204160 8791776
1757729124 1525 4204160 8791776
1757729125 1525 4204544 8791776
1757729126 1525 4204544 8791776
1757729127 1525 4204544 8791776
1757729128 1525 4204544 8791776
1757729129 1525 4205312 8791776
1757729130 1525 4206080 8791776
1757729131 1525 4206464 8791776
1757729132 1524 4207232 8791776
1757729133 1524 4208000 8791776
1757729134 1525 4208768 8791776
1757729135 1525 4209152 8791776
1757729137 1525 4209536 8791776
1757729138 1525 4210432 8791776
1757729139 1525 4211200 8791776
1757729140 1525 4211584 8791776
1757729141 1525 4211968 8791776
1757729142 1525 4212736 8791776
1757729143 1525 4213504 8791776
1757729144 1525 4213888 8791776
1757729145 1525 4214784 8791776
1757729146 1525 4215552 8791776
1757729147 1525 4215936 8791776
1757729148 1525 4215936 8791776
1757729149 1525 4215936 8791776
1757729150 1525 4215936 8791776
1757729151 1525 4216320 8791776
1757729153 1525 4216704 8791776
1757729154 1525 4217088 8791776
1757729155 1525 4217088 8791776
1757729156 1525 4217088 8791776
1757729157 1525 4217856 8791776
1757729158 1525 4218240 8791776
1757729159 1525 4218240 8791776
1757729160 1525 4218240 8791776
1757729161 1525 4218624 8791776
1757729162 1525 4219008 8791776
1757729163 1524 4219776 8791776
1757729164 1525 4220672 8791776
1757729165 1525 4221056 8791776
1757729166 1525 4221440 8791776
1757729168 1525 4222208 8791776
1757729169 1525 4222592 8791776
1757729170 1525 4223360 8791776
1757729171 1525 4223744 8791776
1757729172 1525 4224512 8791776
1757729173 1525 4224896 8791776
1757729174 1525 4225664 8791776
1757729175 1525 4226432 8791776
1757729176 1525 4227200 8791776
1757729177 1525 4227584 8791776
1757729178 1525 4228480 8791776
1757729179 1525 4228480 8791776
1757729180 1525 4229248 8791776
1757729181 1525 4229248 8791776
1757729182 1525 4229248 8791776
1757729184 1525 4229248 8791776
1757729185 1525 4229632 8791776
1757729186 1525 4229632 8791776
1757729187 1525 4230016 8791776
1757729188 1525 4230400 8791776
1757729189 1525 4231168 8791776
1757729190 1525 4231936 8791776
1757729191 1525 4232320 8791776
1757729192 1525 4232320 8791776
1757729193 1524 4232320 8791776
1757729194 1524 4232320 8791776
1757729195 1525 4233088 8791776
1757729196 1525 4233600 8791776
1757729197 1525 4234368 8791776
1757729199 1525 4234752 8791776
1757729200 1525 4235520 8791776
1757729201 1525 4235904 8791776
1757729202 1525 4236672 8791776
1757729203 1525 4237056 8791776
1757729204 1525 4237824 8791776
1757729205 1525 4238592 8791776
1757729206 1525 4238976 8791776
1757729207 1525 4239744 8791776
1757729208 1525 4240640 8791776
1757729209 1525 4241024 8791776
1757729210 1525 4241024 8791776
1757729211 1525 4241792 8791776
1757729212 1525 4242560 8791776
1757729213 1525 4243328 8791776
1757729215 1525 4243328 8791776
1757729216 1525 4243328 8791776
1757729217 1525 4243328 8791776
1757729218 1525 4243328 8791776
1757729219 1525 4243712 8791776
1757729220 1525 4244480 8791776
1757729221 1525 4245248 8791776
1757729222 1525 4245632 8791776
1757729223 1525 4246528 8791776
1757729224 1525 4246912 8791776
1757729225 1525 4246912 8791776
1757729226 1525 4246912 8791776
1757729227 1525 4246912 8791776
1757729228 1525 4247680 8791776
1757729230 1525 4248064 8791776
1757729231 1525 4248832 8791776
1757729232 1525 4249216 8791776
1757729233 1525 4249984 8791776
1757729234 1525 4250368 8791776
1757729235 1525 4251136 8791776
1757729236 1525 4251904 8791776
1757729237 1525 4252672 8791776
1757729238 1525 4253056 8791776
1757729239 1525 4253952 8791776
1757729240 1525 4253952 8791776
1757729241 1525 4254720 8791776
1757729242 1525 4255488 8791776
1757729243 1525 4255872 8791776
1757729245 1525 4256640 8791776
1757729246 1525 4257024 8791776
1757729247 1525 4257408 8791776
1757729248 1525 4257792 8791776
1757729249 1525 4257792 8791776
1757729250 1525 4257792 8791776
1757729251 1525 4258176 8791776
1757729252 1525 4259072 8791776
1757729253 1525 4259840 8791776
1757729254 1525 4260608 8791776
1757729255 1525 4260992 8791776
1757729256 1525 4261760 8791776
1757729257 1525 4262144 8791776
1757729258 1525 4262144 8791776
1757729259 1525 4262144 8791776
1757729261 1525 4262144 8791776
1757729262 1525 4262528 8791776
1757729263 1525 4263296 8791776
1757729264 1525 4263680 8791776
1757729265 1525 4264448 8791776
1757729266 1525 4265216 8791776
1757729267 1525 4265600 8791776
1757729268 1525 4266368 8791776
1757729269 1525 4267264 8791776
1757729270 1525 4267648 8791776
1757729271 1525 4268032 8791776
1757729272 1525 4268416 8791776
1757729273 1525 4269184 8791776
1757729274 1525 4269952 8791776
1757729276 1525 4270336 8791776
1757729277 1525 4271104 8791776
1757729278 1525 4271488 8791776
1757729279 1525 4271488 8791776
1757729280 1525 4271488 8791776
1757729281 1525 4271488 8791776
1757729282 1525 4271488 8791776
1757729283 1525 4271488 8791776
1757729284 1525 4272256 8791776
1757729285 1525 4273024 8791776
1757729286 1525 4273408 8791776
1757729287 1525 4274176 8791776
1757729288 1525 4274560 8791776
1757729289 1525 4275456 8791776
1757729291 1525 4275840 8791776
1757729292 1525 4275840 8791776
1757729293 1525 4275840 8791776
1757729294 1525 4275840 8791776
1757729295 1525 4276608 8791776
1757729296 1525 4277376 8791776
1757729297 1525 4277760 8791776
1757729298 1525 4278528 8791776
1757729299 1525 4279296 8791776
1757729300 1525 4280064 8791776
1757729301 1525 4280448 8791776
1757729302 1525 4280832 8791776
1757729303 1525 4281600 8791776
1757729304 1525 4281984 8791776
1757729305 1525 4282752 8791776
1757729307 1525 4283136 8791776
1757729308 1525 4283904 8791776
1757729309 1525 4283904 8791776
1757729310 1525 4284672 8791776
1757729311 1525 4284672 8791776
1757729312 1525 4285056 8791776
1757729313 1525 4285440 8791776
1757729314 1525 4285440 8791776
1757729315 1525 4285440 8791776
1757729316 1525 4285824 8791776
1757729317 1525 4286592 8791776
1757729318 1525 4286976 8791776
1757729319 1525 4287488 8791776
1757729320 1525 4287872 8791776
1757729322 1525 4288640 8791776
1757729323 1525 4289408 8791776
1757729324 1525 4289792 8791776
1757729325 1525 4289792 8791776
1757729326 1525 4289792 8791776
1757729327 1525 4289792 8791776
1757729328 1525 4290560 8791776
1757729329 1525 4290944 8791776
1757729330 1525 4291840 8791776
1757729331 1525 4292608 8791776
1757729332 1525 4292608 8791776
1757729333 1525 4293376 8791776
1757729334 1525 4294144 8791776
1757729335 1525 4294528 8791776
1757729336 1525 4295296 8791776
1757729338 1525 4296064 8791776
1757729339 1525 4296448 8791776
1757729340 1525 4296832 8791776
1757729341 1525 4297600 8791776
1757729342 1525 4297600 8791776
1757729343 1525 4297600 8791776
1757729344 1525 4297984 8791776
1757729345 1525 4298752 8791776
1757729346 1525 4299136 8791776
1757729347 1525 4299136 8791776
1757729348 1525 4299136 8791776
1757729349 1525 4299520 8791776
1757729350 1525 4299904 8791776
1757729351 1525 4300672 8791776
1757729353 1525 4301056 8791776
1757729354 1525 4301824 8791776
1757729355 1525 4302208 8791776
1757729356 1525 4302976 8791776
1757729357 1525 4303872 8791776
1757729358 1525 4303872 8791776
1757729359 1525 4303872 8791776
1757729360 1525 4303872 8791776
1757729361 1525 4304256 8791776
1757729362 1525 4305024 8791776
1757729363 1525 4305024 8791776
1757729364 1525 4305792 8791776
1757729365 1525 4306176 8791776
1757729366 1525 4306944 8791776
1757729368 1525 4307712 8791776
1757729369 1525 4308096 8791776
1757729370 1525 4308864 8791776
1757729371 1525 4308864 8791776
1757729372 1525 4309632 8791776
1757729373 1525 4309632 8791776
1757729374 1525 4309632 8791776
1757729375 1525 4310400 8791776
1757729376 1525 4311168 8791776
1757729377 1525 4311552 8791776
1757729378 1525 4312320 8791776
1757729379 1525 4312704 8791776
1757729380 1525 4312704 8791776
1757729381 1525 4312704 8791776
1757729382 1525 4313088 8791776
1757729384 1525 4313856 8791776
1757729385 1525 4314240 8791776
1757729386 1525 4314624 8791776
1757729387 1525 4315392 8791776
1757729388 1525 4316160 8791776
1757729389 1525 4316544 8791776
1757729390 1525 4317312 8791776
1757729391 1525 4317312 8791776
1757729392 1525 4317312 8791776
1757729393 1525 4317696 8791776
1757729394 1525 4317696 8791776
1757729395 1525 4318464 8791776
1757729396 1525 4319232 8791776
1757729397 1525 4320000 8791776
1757729399 1525 4320384 8791776
1757729400 1525 4321152 8791776
1757729401 1525 4321664 8791776
1757729402 1525 4322048 8791776
1757729403 1525 4322432 8791776
1757729404 1525 4322432 8791776
1757729405 1525 4322432 8791776
1757729406 1525 4323200 8791776
1757729407 1525 4323968 8791776
1757729408 1525 4324352 8791776
1757729409 1525 4325120 8791776
1757729410 1525 4325504 8791776
1757729411 1525 4325888 8791776
1757729412 1525 4326272 8791776
1757729414 1525 4326272 8791776
1757729415 1525 4326272 8791776
1757729416 1525 4326656 8791776
1757729417 1525 4327552 8791776
1757729418 1525 4328320 8791776
1757729419 1525 4328704 8791776
1757729420 1525 4329472 8791776
1757729421 1525 4330240 8791776
1757729422 1525 4330624 8791776
1757729423 1525 4331008 8791776
1757729424 1525 4331392 8791776
1757729425 1525 4331392 8791776
1757729426 1525 4331392 8791776
1757729427 1525 4331776 8791776
1757729428 1525 4332544 8791776
1757729430 1525 4332928 8791776
1757729431 1525 4333696 8791776
1757729432 1525 4334080 8791776
1757729433 1525 4334464 8791776
1757729434 1525 4334848 8791776
1757729435 1525 4334848 8791776
1757729436 1525 4334848 8791776
1757729437 1525 4335744 8791776
1757729438 1525 4336512 8791776
1757729439 1525 4337280 8791776
1757729440 1525 4337664 8791776
1757729441 1525 4338048 8791776
1757729442 1525 4338432 8791776
1757729443 1525 4338816 8791776
1757729445 1525 4339584 8791776
1757729446 1525 4339584 8791776
1757729447 1525 4339584 8791776
1757729448 1525 4339584 8791776
1757729449 1525 4340352 8791776
1757729450 1525 4340736 8791776
1757729451 1525 4341504 8791776
1757729452 1525 4342400 8791776
1757729453 1525 4342784 8791776
1757729454 1525 4343552 8791776
1757729455 1525 4343936 8791776
1757729456 1525 4344832 8791776
1757729457 1525 4344832 8791776
1757729458 1525 4344832 8791776
1757729459 1525 4344832 8791776
1757729460 1525 4345728 8791776
1757729462 1525 4346112 8791776
1757729463 1525 4346880 8791776
1757729464 1525 4347264 8791776
1757729465 1525 4347648 8791776
1757729466 1525 4347648 8791776
1757729467 1525 4347648 8791776
1757729468 1525 4348416 8791776
1757729469 1525 4348800 8791776
1757729470 1525 4349568 8791776
1757729471 1525 4349952 8791776
1757729472 1525 4350336 8791776
1757729473 1525 4350720 8791776
1757729474 1525 4351488 8791776
1757729475 1525 4352256 8791776
1757729477 1525 4352640 8791776
1757729478 1525 4353536 8791776
1757729479 1525 4353536 8791776
1757729480 1525 4353536 8791776
1757729481 1525 4353536 8791776
1757729482 1525 4354304 8791776
1757729483 1525 4355072 8791776
1757729484 1525 4355456 8791776
1757729485 1525 4355840 8791776
1757729486 1525 4356608 8791776
1757729487 1525 4356992 8791776
1757729488 1525 4357760 8791776
1757729489 1525 4358528 8791776
1757729490 1525 4358528 8791776
1757729491 1525 4358528 8791776
1757729493 1525 4358528 8791776
1757729494 1525 4358912 8791776
1757729495 1525 4359296 8791776
1757729496 1525 4359680 8791776
1757729497 1525 4359680 8791776
1757729498 1525 4359680 8791776
1757729499 1525 4360064 8791776
1757729500 1525 4360832 8791776
1757729501 1525 4361600 8791776
1757729502 1525 4361600 8791776
1757729503 1525 4362368 8791776
1757729504 1525 4362752 8791776
1757729505 1525 4363520 8791776
1757729506 1525 4364288 8791776
1757729508 1525 4364672 8791776
1757729509 1525 4365440 8791776
1757729510 1525 4365824 8791776
1757729511 1525 4366592 8791776
1757729512 1525 4366592 8791776
1757729513 1525 4366592 8791776
1757729514 1525 4366976 8791776
1757729515 1525 4367360 8791776
1757729516 1525 4367744 8791776
1757729517 1525 4368512 8791776
1757729518 1525 4368896 8791776
1757729519 1525 4369792 8791776
1757729520 1525 4370560 8791776
1757729521 1525 4370560 8791776
1757729522 1525 4370944 8791776
1757729524 1525 4371328 8791776
1757729525 1525 4371328 8791776
1757729526 1525 4371328 8791776
1757729527 1525 4371328 8791776
1757729528 1525 4371328 8791776
1757729529 1525 4371712 8791776
1757729530 1525 4372096 8791776
1757729531 1525 4372864 8791776
1757729532 1525 4373248 8791776
1757729533 1525 4373632 8791776
1757729534 1525 4374400 8791776
1757729535 1525 4374784 8791776
1757729536 1525 4375680 8791776
1757729537 1525 4376064 8791776
1757729539 1525 4376832 8791776
1757729540 1525 4377216 8791776
1757729541 1525 4378112 8791776
1757729542 1525 4378496 8791776
1757729543 1525 4379264 8791776
1757729544 1525 4380032 8791776
1757729545 1525 4380032 8791776
1757729546 1525 4380032 8791776
1757729547 1525 4380032 8791776
1757729548 1525 4380800 8791776
1757729549 1525 4381568 8791776
1757729550 1525 4382336 8791776
1757729551 1525 4382720 8791776
1757729552 1525 4383488 8791776
1757729554 1525 4383872 8791776
1757729555 1525 4384640 8791776
1757729556 1525 4385536 8791776
1757729557 1525 4385920 8791776
1757729558 1525 4385920 8791776
1757729559 1525 4385920 8791776
1757729560 1525 4385920 8791776
1757729561 1525 4386688 8791776
1757729562 1525 4387456 8791776
1757729563 1525 4387840 8791776
1757729564 1525 4388224 8791776
1757729565 1525 4388992 8791776
1757729566 1525 4389376 8791776
1757729567 1525 4390144 8791776
1757729569 1525 4390656 8791776
1757729570 1525 4391424 8791776
1757729571 1525 4391808 8791776
1757729572 1525 4392576 8791776
1757729573 1525 4393344 8791776
1757729574 1525 4393728 8791776
1757729575 1525 4394496 8791776
1757729576 1525 4395264 8791776
1757729577 1525 4395264 8791776
1757729578 1525 4395264 8791776
1757729579 1525 4395264 8791776
1757729580 1525 4396032 8791776
1757729581 1525 4396544 8791776
1757729582 1525 4397312 8791776
1757729584 1525 4398080 8791776
1757729585 1525 4398464 8791776
1757729586 1525 4399232 8791776
1757729587 1525 4400000 8791776
1757729588 1525 4400384 8791776
1757729589 1525 4400384 8791776
1757729590 1525 4400384 8791776
1757729591 1525 4400384 8791776
1757729592 1525 4400384 8791776
1757729593 1525 4400384 8791776
1757729594 1525 4400384 8791776
1757729595 1525 4400768 8791776
1757729596 1525 4401152 8791776
1757729597 1525 4401920 8791776
1757729598 1525 4402304 8791776
1757729600 1525 4403072 8791776
1757729601 1525 4403840 8791776
1757729602 1525 4404224 8791776
1757729603 1525 4404992 8791776
1757729604 1525 4405376 8791776
1757729605 1525 4406144 8791776
1757729606 1525 4406912 8791776
1757729607 1525 4407296 8791776
1757729608 1525 4407808 8791776
1757729609 1525 4408576 8791776
1757729610 1525 4408576 8791776
1757729611 1525 4408576 8791776
1757729612 1525 4408576 8791776
1757729613 1525 4409344 8791776
1757729615 1525 4409728 8791776
1757729616 1525 4410496 8791776
1757729617 1525 4411264 8791776
1757729618 1525 4412032 8791776
1757729619 1525 4412416 8791776
1757729620 1525 4412416 8791776
1757729621 1525 4412416 8791776
1757729622 1525 4412800 8791776
1757729623 1525 4413184 8791776
1757729624 1525 4413184 8791776
1757729625 1525 4413184 8791776
1757729626 1525 4413184 8791776
1757729627 1525 4413568 8791776
1757729628 1525 4414336 8791776
1757729629 1525 4414720 8791776
1757729631 1525 4415488 8791776
1757729632 1525 4416256 8791776
1757729633 1525 4416640 8791776
1757729634 1525 4417408 8791776
1757729635 1525 4418176 8791776
1757729636 1525 4418560 8791776
1757729637 1525 4419328 8791776
1757729638 1525 4419328 8791776
1757729639 1525 4420224 8791776
1757729640 1525 4420992 8791776
1757729641 1525 4421376 8791776
1757729642 1525 4422144 8791776
1757729643 1525 4422144 8791776
1757729644 1525 4422144 8791776
1757729646 1525 4422144 8791776
1757729647 1525 4422912 8791776
1757729648 1525 4423680 8791776
1757729649 1525 4424448 8791776
1757729650 1525 4424832 8791776
1757729651 1525 4424832 8791776
1757729652 1525 4424832 8791776
1757729653 1525 4425216 8791776
1757729654 1525 4425984 8791776
1757729655 1525 4426368 8791776
1757729656 1525 4426752 8791776
1757729657 1525 4426752 8791776
1757729658 1525 4426752 8791776
1757729659 1525 4427136 8791776
1757729661 1525 4427904 8791776
1757729662 1525 4428288 8791776
1757729663 1525 4429056 8791776
1757729664 1525 4429824 8791776
1757729665 1525 4430208 8791776
1757729666 1525 4430976 8791776
1757729667 1525 4431360 8791776
1757729668 1525 4432128 8791776
1757729669 1525 4432512 8791776
1757729670 1525 4432896 8791776
1757729671 1525 4433664 8791776
1757729672 1525 4434560 8791776
1757729673 1525 4434944 8791776
1757729674 1525 4435712 8791776
1757729676 1525 4436480 8791776
1757729677 1525 4436480 8791776
1757729678 1525 4436480 8791776
1757729679 1525 4436480 8791776
1757729680 1525 4437248 8791776
1757729681 1525 4437632 8791776
1757729682 1525 4437632 8791776
1757729683 1525 4437632 8791776
1757729684 1525 4438016 8791776
1757729685 1525 4438784 8791776
1757729686 1525 4439168 8791776
1757729687 1525 4439936 8791776
1757729688 1525 4440448 8791776
1757729689 1525 4440832 8791776
1757729690 1525 4440832 8791776
1757729692 1525 4440832 8791776
1757729693 1525 4440832 8791776
1757729694 1525 4441600 8791776
1757729695 1525 4441984 8791776
1757729696 1525 4442752 8791776
1757729697 1525 4443136 8791776
1757729698 1525 4443904 8791776
1757729699 1525 4444288 8791776
1757729700 1525 4444672 8791776
1757729701 1525 4445440 8791776
1757729702 1525 4446336 8791776
1757729703 1525 4447104 8791776
1757729704 1525 4447488 8791776
1757729705 1525 4448256 8791776
1757729707 1525 4448640 8791776
1757729708 1525 4449408 8791776
1757729709 1525 4449920 8791776
1757729710 1525 4449920 8791776
1757729711 1525 4449920 8791776
1757729712 1525 4450304 8791776
1757729713 1525 4450304 8791776
1757729714 1525 4450304 8791776
1757729715 1525 4450688 8791776
1757729716 1525 4451072 8791776
1757729717 1525 4451840 8791776
1757729718 1525 4452736 8791776
1757729719 1525 4453120 8791776
1757729720 1525 4453504 8791776
1757729722 1525 4454272 8791776
1757729723 1525 4454656 8791776
1757729724 1525 4454656 8791776
1757729725 1525 4454656 8791776
1757729726 1525 4455040 8791776
1757729727 1525 4455808 8791776
1757729728 1525 4456192 8791776
1757729729 1525 4456960 8791776
1757729730 1525 4457344 8791776
1757729731 1525 4457728 8791776
1757729732 1525 4458496 8791776
1757729733 1525 4459264 8791776
1757729734 1525 4460032 8791776
1757729735 1525 4460416 8791776
1757729736 1525 4461184 8791776
1757729738 1525 4461568 8791776
1757729739 1525 4462336 8791776
1757729740 1525 4463104 8791776
1757729741 1525 4463488 8791776
1757729742 1525 4463872 8791776
1757729743 1525 4463872 8791776
1757729744 1525 4463872 8791776
1757729745 1525 4463872 8791776
1757729746 1525 4464640 8791776
1757729747 1525 4465024 8791776
1757729748 1525 4465792 8791776
1757729749 1525 4466560 8791776
1757729750 1525 4466944 8791776
1757729751 1525 4466944 8791776
1757729753 1525 4467712 8791776
1757729754 1525 4468480 8791776
1757729755 1525 4469248 8791776
1757729756 1525 4469632 8791776
1757729757 1525 4469632 8791776
1757729758 1525 4469632 8791776
1757729759 1525 4470016 8791776
1757729760 1525 4470400 8791776
1757729761 1525 4470400 8791776
1757729762 1525 4471168 8791776
1757729763 1525 4471936 8791776
1757729764 1525 4472704 8791776
1757729765 1525 4473088 8791776
1757729766 1525 4473984 8791776
1757729768 1525 4474368 8791776
1757729769 1525 4475136 8791776
1757729770 1525 4475904 8791776
1757729771 1525 4476288 8791776
1757729772 1525 4477056 8791776
1757729773 1525 4477440 8791776
1757729774 1525 4477824 8791776
1757729775 1525 4477824 8791776
1757729776 1525 4477824 8791776
1757729777 1525 4477824 8791776
1757729778 1525 4478208 8791776
1757729779 1525 4478976 8791776
1757729780 1525 4479744 8791776
1757729781 1525 4479744 8791776
1757729782 1525 4480128 8791776
1757729784 1525 4480896 8791776
1757729785 1525 4481664 8791776
1757729786 1525 4482560 8791776
1757729787 1525 4482944 8791776
1757729788 1525 4483712 8791776
1757729789 1525 4484096 8791776
1757729790 1525 4484096 8791776
1757729791 1525 4484096 8791776
1757729792 1525 4484096 8791776
1757729793 1525 4484992 8791776
1757729794 1525 4485376 8791776
1757729795 1525 4486144 8791776
1757729796 1525 4486912 8791776
1757729797 1525 4487296 8791776
1757729799 1525 4488064 8791776
1757729800 1525 4488832 8791776
1757729801 1525 4489216 8791776
1757729802 1525 4489984 8791776
1757729803 1525 4490368 8791776
1757729804 1526 4491136 8791776
1757729805 1526 4491520 8791776
1757729806 1526 4491520 8791776
1757729807 1526 4491520 8791776
1757729808 1525 4491520 8791776
1757729809 1525 4491520 8791776
1757729810 1525 4491520 8791776
1757729811 1525 4491904 8791776
1757729812 1525 4492288 8791776
1757729814 1525 4493184 8791776
1757729815 1525 4493696 8791776
1757729816 1525 4494464 8791776
1757729817 1525 4494848 8791776
1757729818 1525 4495616 8791776
1757729819 1525 4496384 8791776
1757729820 1525 4496768 8791776
1757729821 1525 4497536 8791776
1757729822 1526 4497920 8791776
1757729823 1525 4497920 8791776
1757729824 1525 4497920 8791776
1757729825 1525 4497920 8791776
1757729826 1525 4498688 8791776
1757729827 1525 4499072 8791776
1757729828 1525 4499840 8791776
1757729830 1525 4500608 8791776
1757729831 1525 4501376 8791776
1757729832 1525 4501760 8791776
1757729833 1525 4502656 8791776
1757729834 1525 4503040 8791776
1757729835 1526 4503808 8791776
1757729836 1525 4503808 8791776
1757729837 1525 4503808 8791776
1757729838 1525 4503808 8791776
1757729839 1525 4504576 8791776
1757729840 1525 4505472 8791776
1757729841 1525 4505472 8791776
1757729842 1525 4505472 8791776
1757729843 1525 4505472 8791776
1757729845 1525 4506240 8791776
1757729846 1525 4506624 8791776
1757729847 1525 4507392 8791776
1757729848 1525 4507776 8791776
1757729849 1525 4508544 8791776
1757729850 1525 4508928 8791776
1757729851 1525 4509696 8791776
1757729852 1526 4510464 8791776
1757729853 1526 4510848 8791776
1757729854 1525 4511232 8791776
1757729855 1525 4511616 8791776
1757729856 1525 4511616 8791776
1757729857 1525 4511616 8791776
1757729858 1525 4512000 8791776
1757729860 1525 4512384 8791776
1757729861 1525 4513280 8791776
1757729862 1525 4514048 8791776
1757729863 1525 4514816 8791776
1757729864 1525 4515200 8791776
1757729865 1525 4515968 8791776
1757729866 1526 4516352 8791776
1757729867 1526 4516352 8791776
1757729868 1526 4516352 8791776
1757729869 1526 4516736 8791776
1757729870 1525 4517632 8791776
1757729871 1525 4518400 8791776
1757729872 1525 4518784 8791776
1757729873 1525 4519168 8791776
1757729874 1525 4519168 8791776
1757729876 1525 4519168 8791776
1757729877 1525 4519552 8791776
1757729878 1525 4519936 8791776
1757729879 1525 4520832 8791776
1757729880 1525 4521600 8791776
1757729881 1525 4521984 8791776
1757729882 1526 4522752 8791776
1757729883 1526 4523136 8791776
1757729884 1526 4523904 8791776
1757729885 1525 4523904 8791776
1757729886 1525 4524288 8791776
1757729887 1525 4524288 8791776
1757729888 1525 4524288 8791776
1757729889 1525 4524288 8791776
1757729891 1525 4524288 8791776
1757729892 1525 4524288 8791776
1757729893 1525 4524288 8791776
1757729894 1525 4524288 8791776
1757729895 1525 4524288 8791776
1757729896 1526 4524288 8791776
1757729897 1526 4524288 8791776
1757729898 1526 4524288 8791776
1757729899 1526 4524288 8791776
1757729900 1525 4524288 8791776
1757729901 1525 4524288 8791776
1757729902 1525 4524288 8791776
1757729903 1525 4524288 8791776
1757729904 1525 4524288 8791776
1757729906 1525 4524288 8791776
1757729907 1525 4524288 8791776
1757729908 1525 4524288 8791776
1757729909 1525 4524288 8791776
1757729910 1525 4524288 8791776
1757729911 1525 4524288 8791776
1757729912 1526 4524288 8791776
1757729913 1526 4524288 8791776
1757729914 1526 4524288 8791776
1757729915 1525 4524288 8791776
1757729916 1525 4524288 8791776
1757729917 1525 4524288 8791776
1757729918 1525 4524288 8791776
1757729919 1525 4524288 8791776
1757729921 1525 4524288 8791776
1757729922 1525 4524288 8791776
1757729923 1525 4524288 8791776
1757729924 1525 4524288 8791776
1757729925 1525 4524288 8791776
1757729926 1526 4524288 8791776
1757729927 1526 4524288 8791776
1757729928 1526 4524288 8791776
1757729929 1526 4524288 8791776
1757729930 1525 4524288 8791776
1757729931 1525 4524288 8791776
1757729932 1525 4524288 8791776
1757729933 1525 4524288 8791776
1757729934 1525 4524288 8791776
1757729936 1525 4524288 8791776
1757729937 1525 4524288 8791776
1757729938 1525 4524288 8791776
1757729939 1525 4524288 8791776
1757729940 1525 4524288 8791776
1757729941 1525 4524288 8791776
1757729942 1525 4524288 8791776
1757729943 1526 4524288 8791776
1757729944 1526 4524288 8791776
1757729945 1526 4524288 8791776
1757729946 1525 4524288 8791776
1757729947 1525 4524288 8791776
1757729948 1525 4524288 8791776
1757729949 1525 4524288 8791776
1757729951 1525 4524288 8791776
1757729952 1525 4524288 8791776
1757729953 1525 4524288 8791776
1757729954 1525 4524288 8791776
1757729955 1526 4524288 8791776
1757729956 1526 4524288 8791776
1757729957 1526 4524288 8791776
1757729958 1526 4524288 8791776
1757729959 1526 4524288 8791776
1757729960 1526 4524288 8791776
1757729961 1525 4524288 8791776
1757729962 1525 4524288 8791776
1757729963 1525 4524288 8791776
1757729964 1525 4524288 8791776
1757729965 1525 4524288 8791776
1757729967 1525 4524288 8791776
1757729968 1525 4524288 8791776
1757729969 1525 4524288 8791776
1757729970 1525 4524288 8791776
1757729971 1525 4524288 8791776
1757729972 1526 4524288 8791776
1757729973 1526 4524288 8791776
1757729974 1526 4524288 8791776
1757729975 1526 4524288 8791776
1757729976 1525 4524288 8791776
1757729977 1525 4524288 8791776
1757729978 1525 4524288 8791776
1757729979 1525 4524288 8791776
1757729980 1525 4524288 8791776
1757729981 1525 4524288 8791776
1757729983 1525 4524288 8791776
1757729984 1525 4524288 8791776
1757729985 1525 4524288 8791776
1757729986 1526 4524288 8791776
1757729987 1526 4524288 8791776
1757729988 1526 4524288 8791776
1757729989 1526 4524288 8791776
1757729990 1526 4524288 8791776
1757729991 1526 4524288 8791776
1757729992 1525 4524288 8791776
1757729993 1525 4524288 8791776
1757729994 1525 4524288 8791776
1757729995 1525 4524288 8791776
1757729996 1525 4524288 8791776
1757729998 1525 4524288 8791776
1757729999 1525 4524288 8791776
1757730000 1525 4524288 8791776
1757730001 1525 4524288 8791776
1757730002 1525 4524288 8791776
1757730003 1526 4524288 8791776
1757730004 1526 4524288 8791776
1757730005 1526 4524288 8791776
1757730006 1526 4524288 8791776
1757730007 1526 4524288 8791776
1757730008 1525 4524288 8791776
1757730009 1525 4524288 8791776
1757730010 1525 4524288 8791776
1757730011 1525 3810876 5129664
1757730012 1525 3810876 5129664
1757730014 1525 3810876 5129664
1757730015 1525 3810876 5129664
1757730016 1525 3810876 5129664
1757730017 1526 3810876 5129664
1757730018 1526 3810876 5129664
1757730019 1526 3810876 5129664
1757730020 1525 5081900 7571072
