1757692103  0.0 15616 642688
1757692104  291 1228856 2959536
1757692105  197 1435124 2959536
1757692106  509 2438672 4559448
1757692107  648 2867856 4559448
1757692108  731 2207040 6154892
1757692109  819 2208320 6154892
1757692110  881 2208320 6154892
1757692111  903 2209472 6154892
1757692112  946 2210624 6154892
1757692113  890 2210624 6154892
1757692114  921 2211904 6154892
1757692115  934 2211904 6154892
1757692116  944 2213184 6154892
1757692117  952 2214336 6154892
1757692118  968 2214336 6154892
1757692119  984 2215488 6154892
1757692121  999 2215488 6154892
1757692122 1013 2216640 6154892
1757692123 1019 2217920 6154892
1757692124 1030 2217920 6154892
1757692125 1039 2219200 6154892
1757692126 1049 2219200 6154892
1757692127 1057 2220480 6154892
1757692128 1065 2221760 6154892
1757692129 1072 2221760 6154892
1757692130 1078 2223040 6154892
1757692131 1084 2224320 6154892
1757692132 1086 2224320 6154892
1757692133 1087 2225600 6154892
1757692134 1043 2225600 6154892
1757692135 1043 2226752 6154892
1757692136 1046 2228032 6154892
1757692137 1053 2228032 6154892
1757692138 1055 2229312 6154892
1757692139 1061 2229312 6154892
1757692140 1065 2230592 6154892
1757692142 1066 2231744 6154892
1757692143 1069 2231744 6154892
1757692144 1070 2233024 6154892
1757692145 1075 2233024 6154892
1757692146 1078 2234304 6154892
1757692147 1079 2235584 6154892
1757692148 1079 2235584 6154892
1757692149 1082 2236864 6154892
1757692150 1083 2236864 6154892
1757692151 1085 2238144 6154892
1757692152 1088 2239296 6154892
1757692153 1091 2239296 6154892
1757692154 1095 2240576 6154892
1757692155 1098 2240576 6154892
1757692156 1081 2241856 6154892
1757692157 1084 2243008 6154892
1757692158 1087 2243008 6154892
1757692159 1090 2244288 6154892
1757692160 1091 2245568 6154892
1757692161 1093 2245568 6154892
1757692162 1094 2246848 6154892
1757692164 1095 2246848 6154892
1757692165 1094 2248128 6154892
1757692166 1093 2249408 6154892
1757692167 1089 2249408 6154892
1757692168 1088 2250560 6154892
1757692169 1089 2250560 6154892
1757692170 1091 2251840 6154892
1757692171 1093 2253120 6154892
1757692172 1096 2253120 6154892
1757692173 1095 2254272 6154892
1757692174 1097 2254272 6154892
1757692175 1099 2255552 6154892
1757692176 1100 2256832 6154892
1757692177 1088 2256832 6154892
1757692178 1087 2258112 6154892
1757692179 1089 2258112 6154892
1757692180 1089 2259392 6154892
1757692181 1090 2260672 6154892
1757692182 1092 2260672 6154892
1757692183 1094 2261952 6154892
1757692184 1096 2261952 6154892
1757692186 1097 2263104 6154892
1757692187 1099 2264384 6154892
1757692188 1099 2264384 6154892
1757692189 1101 2265664 6154892
1757692190 1102 2266944 6154892
1757692191 1104 2266944 6154892
1757692192 1104 2268096 6154892
1757692193 1105 2268096 6154892
1757692194 1107 2269376 6154892
1757692195 1106 2270656 6154892
1757692196 1106 2270656 6154892
1757692197 1107 2271808 6154892
1757692198 1108 2271808 6154892
1757692199 1107 2273088 6154892
1757692200 1106 2273088 6154892
1757692201 1094 2274368 6154892
1757692202 1096 2275520 6154892
1757692203 1097 2275520 6154892
1757692204 1096 2276800 6154892
1757692205 1098 2277952 6154892
1757692206 1098 2277952 6154892
1757692207 1100 2279232 6154892
1757692209 1099 2279232 6154892
1757692210 1100 2280512 6154892
1757692211 1100 2280512 6154892
1757692212 1101 2281792 6154892
1757692213 1102 2283072 6154892
1757692214 1103 2283072 6154892
1757692215 1104 2284352 6154892
1757692216 1105 2285504 6154892
1757692217 1107 2285504 6154892
1757692218 1107 2286784 6154892
1757692219 1108 2286784 6154892
1757692220 1109 2287936 6154892
1757692221 1111 2289216 6154892
1757692222 1112 2289216 6154892
1757692223 1103 2290496 6154892
1757692224 1104 2290496 6154892
1757692225 1104 2291776 6154892
1757692226 1104 2293056 6154892
1757692227 1103 2293056 6154892
1757692228 1104 2294336 6154892
1757692229 1105 2294336 6154892
1757692231 1106 2295616 6154892
1757692232 1107 2296896 6154892
1757692233 1107 2296896 6154892
1757692234 1106 2298176 6154892
1757692235 1105 2298176 6154892
1757692236 1106 2299328 6154892
1757692237 1107 2300608 6154892
1757692238 1108 2300608 6154892
1757692239 1108 2301888 6154892
1757692240 1108 2301888 6154892
1757692241 1108 2303168 6154892
1757692242 1109 2304320 6154892
1757692243 1110 2304320 6154892
1757692244 1111 2305600 6154892
1757692245 1112 2306880 6154892
1757692246 1105 2306880 6154892
1757692247 1106 2308160 6154892
1757692248 1106 2308160 6154892
1757692249 1107 2309440 6154892
1757692250 1108 2310720 6154892
1757692251 1109 2310720 6154892
1757692252 1110 2312000 6154892
1757692253 1110 2312000 6154892
1757692255 1111 2313152 6154892
1757692256 1111 2314432 6154892
1757692257 1111 2314432 6154892
1757692258 1111 2315584 6154892
1757692259 1111 2315584 6154892
1757692260 1111 2316736 6154892
1757692261 1112 2318016 6154892
1757692262 1113 2318016 6154892
1757692263 1113 2319296 6154892
1757692264 1114 2319296 6154892
1757692265 1114 2320576 6154892
1757692266 1113 2321856 6154892
1757692267 1113 2321856 6154892
1757692268 1113 2323008 6154892
1757692269 1106 2323008 6154892
1757692270 1106 2324288 6154892
1757692271 1106 2325568 6154892
1757692272 1107 2325568 6154892
1757692273 1107 2326848 6154892
1757692274 1108 2326848 6154892
1757692276 1109 2328000 6154892
1757692277 1110 2329280 6154892
1757692278 1111 2329280 6154892
1757692279 1111 2330560 6154892
1757692280 1112 2331840 6154892
1757692281 1112 2331840 6154892
1757692282 1113 2333120 6154892
1757692283 1113 2333120 6154892
1757692284 1113 2334272 6154892
1757692285 1114 2335552 6154892
1757692286 1114 2335552 6154892
1757692287 1114 2336832 6154892
1757692288 1114 2336832 6154892
1757692289 1113 2338112 6154892
1757692290 1108 2338112 6154892
1757692291 1109 2339392 6154892
1757692292 1110 2340672 6154892
1757692293 1110 2340672 6154892
1757692294 1111 2341952 6154892
1757692296 1112 2343104 6154892
1757692297 1111 2343104 6154892
1757692298 1112 2344384 6154892
1757692299 1112 2344384 6154892
1757692300 1112 2345664 6154892
1757692301 1111 2346816 6154892
1757692302 1111 2346816 6154892
1757692303 1112 2347968 6154892
1757692304 1112 2347968 6154892
1757692305 1113 2349248 6154892
1757692306 1114 2350528 6154892
1757692307 1114 2350528 6154892
1757692308 1110 2351808 6154892
1757692309 1110 2352960 6154892
1757692310 1111 2352960 6154892
1757692311 1111 2354240 6154892
1757692312 1112 2354240 6154892
1757692313 1112 2355520 6154892
1757692315 1113 2356800 6154892
1757692316 1113 2356800 6154892
1757692317 1113 2358080 6154892
1757692318 1114 2358080 6154892
1757692319 1114 2359232 6154892
1757692320 1113 2360512 6154892
1757692321 1113 2360512 6154892
1757692322 1114 2361664 6154892
1757692323 1114 2361664 6154892
1757692324 1115 2362944 6154892
1757692325 1115 2364224 6154892
1757692326 1116 2364224 6154892
1757692327 1116 2365504 6154892
1757692328 1111 2366784 6154892
1757692329 1111 2366784 6154892
1757692330 1111 2368064 6154892
1757692331 1111 2368064 6154892
1757692332 1109 2369344 6154892
1757692333 1109 2369344 6154892
1757692334 1109 2370624 6154892
1757692335 1109 2370624 6154892
1757692336 1110 2371776 6154892
1757692338 1110 2373056 6154892
1757692339 1111 2373056 6154892
1757692340 1111 2374336 6154892
1757692341 1112 2375616 6154892
1757692342 1112 2375616 6154892
1757692343 1112 2376768 6154892
1757692344 1112 2376768 6154892
1757692345 1113 2378048 6154892
1757692346 1113 2378048 6154892
1757692347 1113 2379200 6154892
1757692348 1113 2380352 6154892
1757692349 1113 2380352 6154892
1757692350 1109 2381632 6154892
1757692351 1108 2381632 6154892
1757692352 1109 2382912 6154892
1757692353 1109 2384192 6154892
1757692354 1110 2384192 6154892
1757692355 1110 2385472 6154892
1757692356 1110 2385472 6154892
1757692358 1111 2386624 6154892
1757692359 1111 2387904 6154892
1757692360 1111 2387904 6154892
1757692361 1112 2389184 6154892
1757692362 1112 2390336 6154892
1757692363 1112 2390336 6154892
1757692364 1111 2391616 6154892
1757692365 1111 2391616 6154892
1757692366 1111 2392896 6154892
1757692367 1111 2392896 6154892
1757692368 1112 2394176 6154892
1757692369 1112 2395328 6154892
1757692370 1113 2395328 6154892
1757692371 1109 2396608 6154892
1757692372 1110 2397888 6154892
1757692373 1110 2397888 6154892
1757692374 1110 2399168 6154892
1757692375 1110 2399168 6154892
1757692376 1110 2400448 6154892
1757692377 1111 2401728 6154892
1757692379 1111 2401728 6154892
1757692380 1111 2403008 6154892
1757692381 1112 2403008 6154892
1757692382 1111 2404288 6154892
1757692383 1112 2405568 6154892
1757692384 1112 2405568 6154892
1757692385 1112 2406848 6154892
1757692386 1113 2406848 6154892
1757692387 1113 2408128 6154892
1757692388 1114 2409408 6154892
1757692389 1114 2409408 6154892
1757692390 1114 2410688 6154892
1757692391 1114 2410688 6154892
1757692392 1114 2411968 6154892
1757692393 1114 2411968 6154892
1757692394 1110 2413248 6154892
1757692395 1110 2414400 6154892
1757692396 1111 2414400 6154892
1757692397 1110 2415552 6154892
1757692398 1109 2415552 6154892
1757692399 1109 2416832 6154892
1757692400 1109 2416832 6154892
1757692401 1109 2418112 6154892
1757692403 1109 2419264 6154892
1757692404 1110 2419264 6154892
1757692405 1110 2420544 6154892
1757692406 1111 2421824 6154892
1757692407 1111 2421824 6154892
1757692408 1111 2423104 6154892
1757692409 1111 2423104 6154892
1757692410 1111 2424256 6154892
1757692411 1112 2425536 6154892
1757692412 1112 2425536 6154892
1757692413 1112 2426816 6154892
1757692414 1112 2426816 6154892
1757692415 1112 2427968 6154892
1757692416 1112 2429248 6154892
1757692417 1109 2429248 6154892
1757692418 1109 2430528 6154892
1757692419 1110 2430528 6154892
1757692420 1110 2431808 6154892
1757692421 1110 2432960 6154892
1757692422 1110 2432960 6154892
1757692424 1111 2434240 6154892
1757692425 1111 2434240 6154892
1757692426 1111 2435520 6154892
1757692427 1111 2436800 6154892
1757692428 1112 2436800 6154892
1757692429 1112 2438080 6154892
1757692430 1112 2438080 6154892
1757692431 1111 2439232 6154892
1757692432 1111 2439232 6154892
1757692433 1111 2440512 6154892
1757692434 1111 2441792 6154892
1757692435 1111 2441792 6154892
1757692436 1112 2442944 6154892
1757692437 1112 2442944 6154892
1757692438 1109 2444224 6154892
1757692439 1109 2445504 6154892
1757692440 1109 2445504 6154892
1757692441 1110 2446784 6154892
1757692442 1110 2448064 6154892
1757692443 1110 2448064 6154892
1757692445 1110 2449344 6154892
1757692446 1111 2449344 6154892
1757692447 1111 2450624 6154892
1757692448 1112 2451776 6154892
1757692449 1112 2451776 6154892
1757692450 1112 2453056 6154892
1757692451 1112 2453056 6154892
1757692452 1113 2454336 6154892
1757692453 1112 2455616 6154892
1757692454 1112 2455616 6154892
1757692455 1113 2456896 6154892
1757692456 1113 2456896 6154892
1757692457 1113 2458176 6154892
1757692458 1114 2459328 6154892
1757692459 1111 2459328 6154892
1757692460 1111 2460608 6154892
1757692461 1112 2461888 6154892
1757692462 1112 2461888 6154892
1757692463 1112 2463040 6154892
1757692464 1111 2463040 6154892
1757692466 1111 2464320 6154892
1757692467 1112 2465600 6154892
1757692468 1112 2465600 6154892
1757692469 1112 2466752 6154892
1757692470 1112 2466752 6154892
1757692471 1113 2468032 6154892
1757692472 1113 2469312 6154892
1757692473 1113 2469312 6154892
1757692474 1113 2470592 6154892
1757692475 1113 2470592 6154892
1757692476 1114 2471872 6154892
1757692477 1114 2473024 6154892
1757692478 1114 2473024 6154892
1757692479 1114 2474304 6154892
1757692480 1112 2474304 6154892
1757692481 1112 2475584 6154892
1757692482 1112 2476864 6154892
1757692483 1112 2476864 6154892
1757692484 1112 2478016 6154892
1757692485 1112 2478016 6154892
1757692486 1113 2479296 6154892
1757692487 1113 2480576 6154892
1757692489 1113 2480576 6154892
1757692490 1114 2481856 6154892
1757692491 1114 2483008 6154892
1757692492 1114 2483008 6154892
1757692493 1115 2484288 6154892
1757692494 1115 2484288 6154892
1757692495 1115 2485568 6154892
1757692496 1115 2486848 6154892
1757692497 1115 2486848 6154892
1757692498 1114 2488128 6154892
1757692499 1114 2488128 6154892
1757692500 1114 2489408 6154892
1757692501 1115 2490688 6154892
1757692502 1115 2490688 6154892
1757692503 1115 2491968 6154892
1757692504 1112 2491968 6154892
1757692505 1113 2493248 6154892
1757692506 1113 2494528 6154892
1757692507 1113 2494528 6154892
1757692508 1114 2495808 6154892
1757692510 1114 2495808 6154892
1757692511 1114 2497088 6154892
1757692512 1114 2498240 6154892
1757692513 1114 2498240 6154892
1757692514 1114 2499520 6154892
1757692515 1114 2499520 6154892
1757692516 1115 2500800 6154892
1757692517 1115 2502080 6154892
1757692518 1115 2502080 6154892
1757692519 1115 2503360 6154892
1757692520 1115 2503360 6154892
1757692521 1116 2504512 6154892
1757692522 1116 2505792 6154892
1757692523 1116 2505792 6154892
1757692524 1114 2507072 6154892
1757692525 1114 2508352 6154892
1757692526 1114 2508352 6154892
1757692527 1114 2509504 6154892
1757692528 1114 2509504 6154892
1757692529 1114 2510656 6154892
1757692530 1114 2510656 6154892
1757692532 1114 2511936 6154892
1757692533 1114 2513216 6154892
1757692534 1114 2513216 6154892
1757692535 1114 2514368 6154892
1757692536 1114 2514368 6154892
1757692537 1114 2515648 6154892
1757692538 1114 2516928 6154892
1757692539 1115 2516928 6154892
1757692540 1115 2518208 6154892
1757692541 1115 2518208 6154892
1757692542 1115 2519360 6154892
1757692543 1116 2520640 6154892
1757692544 1115 2520640 6154892
1757692545 1115 2521792 6154892
1757692546 1116 2521792 6154892
1757692547 1113 2523072 6154892
1757692548 1114 2524352 6154892
1757692549 1114 2524352 6154892
1757692550 1114 2525632 6154892
1757692551 1114 2525632 6154892
1757692552 1114 2526912 6154892
1757692553 1115 2528064 6154892
1757692554 1115 2528064 6154892
1757692556 1115 2529344 6154892
1757692557 1116 2530496 6154892
1757692558 1116 2530496 6154892
1757692559 1116 2531776 6154892
1757692560 1116 2531776 6154892
1757692561 1116 2533056 6154892
1757692562 1116 2534336 6154892
1757692563 1116 2534336 6154892
1757692564 1116 2535616 6154892
1757692565 1116 2535616 6154892
1757692566 1116 2536896 6154892
1757692567 1116 2538048 6154892
1757692568 1116 2538048 6154892
1757692569 1114 2539328 6154892
1757692570 1115 2539328 6154892
1757692571 1115 2540608 6154892
1757692572 1115 2541888 6154892
1757692573 1115 2541888 6154892
1757692574 1115 2543040 6154892
1757692576 1115 2543040 6154892
1757692577 1115 2544192 6154892
1757692578 1116 2545472 6154892
1757692579 1116 2545472 6154892
1757692580 1116 2546752 6154892
1757692581 1116 2548032 6154892
1757692582 1116 2548032 6154892
1757692583 1117 2549312 6154892
1757692584 1117 2549312 6154892
1757692585 1117 2550464 6154892
1757692586 1117 2551744 6154892
1757692587 1117 2551744 6154892
1757692588 1118 2553024 6154892
1757692589 1116 2553024 6154892
1757692590 1116 2554304 6154892
1757692591 1116 2555584 6154892
1757692592 1116 2555584 6154892
1757692593 1116 2556864 6154892
1757692594 1116 2556864 6154892
1757692595 1116 2558144 6154892
1757692596 1116 2559296 6154892
1757692598 1116 2559296 6154892
1757692599 1116 2560576 6154892
1757692600 1116 2560576 6154892
1757692601 1117 2561728 6154892
1757692602 1117 2563008 6154892
1757692603 1117 2563008 6154892
1757692604 1117 2564288 6154892
1757692605 1117 2565568 6154892
1757692606 1117 2565568 6154892
1757692607 1117 2566720 6154892
1757692608 1118 2566720 6154892
1757692609 1118 2568000 6154892
1757692610 1116 2569280 6154892
1757692611 1116 2569280 6154892
1757692612 1116 2570560 6154892
1757692613 1116 2570560 6154892
1757692614 1117 2571840 6154892
1757692615 1117 2572992 6154892
1757692617 1117 2572992 6154892
1757692618 1117 2574272 6154892
1757692619 1118 2575552 6154892
1757692620 1118 2575552 6154892
1757692621 1118 2576832 6154892
1757692622 1118 2576832 6154892
1757692623 1118 2578112 6154892
1757692624 1119 2579392 6154892
1757692625 1119 2579392 6154892
1757692626 1119 2580672 6154892
1757692627 1119 2580672 6154892
1757692628 1117 2581952 6154892
1757692629 1117 2583232 6154892
1757692630 1117 2583232 6154892
1757692631 1117 2584384 6154892
1757692632 1117 2585664 6154892
1757692634 1117 2585664 6154892
1757692635 1118 2586944 6154892
1757692636 1118 2586944 6154892
1757692637 1118 2588096 6154892
1757692638 1118 2589248 6154892
1757692639 1118 2589248 6154892
1757692640 1118 2590528 6154892
1757692641 1118 2590528 6154892
1757692642 1118 2591808 6154892
1757692643 1118 2592960 6154892
1757692644 1119 2592960 6154892
1757692645 1119 2594240 6154892
1757692646 1119 2594240 6154892
1757692647 1117 2595520 6154892
1757692648 1117 2596800 6154892
1757692649 1118 2596800 6154892
1757692650 1118 2597952 6154892
1757692651 1118 2599232 6154892
1757692652 1118 2599232 6154892
1757692654 1118 2600384 6154892
1757692655 1118 2600384 6154892
1757692656 1119 2601664 6154892
1757692657 1119 2602944 6154892
1757692658 1119 2602944 6154892
1757692659 1119 2604224 6154892
1757692660 1119 2604224 6154892
1757692661 1119 2605376 6154892
1757692662 1119 2606656 6154892
1757692663 1119 2606656 6154892
1757692664 1119 2607808 6154892
1757692665 1119 2607808 6154892
1757692666 1119 2609088 6154892
1757692667 1117 2610368 6154892
1757692668 1117 2610368 6154892
1757692669 1117 2611648 6154892
1757692670 1117 2611648 6154892
1757692671 1118 2612800 6154892
1757692672 1118 2614080 6154892
1757692673 1118 2614080 6154892
1757692675 1118 2615360 6154892
1757692676 1118 2615360 6154892
1757692677 1118 2616640 6154892
1757692678 1118 2617920 6154892
1757692679 1119 2617920 6154892
1757692680 1119 2619072 6154892
1757692681 1119 2619072 6154892
1757692682 1119 2620352 6154892
1757692683 1119 2621504 6154892
1757692684 1119 2621504 6154892
1757692685 1119 2622784 6154892
1757692686 1119 2622784 6154892
1757692687 1119 2624064 6154892
1757692688 1120 2625344 6154892
1757692689 1120 2625344 6154892
1757692690 1118 2626624 6154892
1757692691 1118 2626624 6154892
1757692692 1118 2627776 6154892
1757692693 1118 2629056 6154892
1757692694 1118 2629056 6154892
1757692696 1119 2630336 6154892
1757692697 1118 2631488 6154892
1757692698 1119 2631488 6154892
1757692699 1119 2632640 6154892
1757692700 1119 2632640 6154892
1757692701 1119 2633792 6154892
1757692702 1119 2634944 6154892
1757692703 1119 2634944 6154892
1757692704 1119 2636224 6154892
1757692705 1119 2636224 6154892
1757692706 1120 2637504 6154892
1757692707 1120 2638784 6154892
1757692708 1120 2638784 6154892
1757692709 1120 2640064 6154892
1757692710 1120 2640064 6154892
1757692711 1118 2641344 6154892
1757692712 1119 2642624 6154892
1757692713 1119 2642624 6154892
1757692714 1119 2643904 6154892
1757692715 1119 2645184 6154892
1757692716 1119 2645184 6154892
1757692718 1119 2646464 6154892
1757692719 1119 2646464 6154892
1757692720 1120 2647744 6154892
1757692721 1120 2648896 6154892
1757692722 1120 2648896 6154892
1757692723 1120 2650176 6154892
1757692724 1120 2651456 6154892
1757692725 1120 2651456 6154892
1757692726 1120 2652608 6154892
1757692727 1121 2652608 6154892
1757692728 1121 2653888 6154892
1757692729 1120 2655168 6154892
1757692730 1120 2655168 6154892
1757692731 1119 2656448 6154892
1757692732 1119 2656448 6154892
1757692733 1119 2657728 6154892
1757692734 1119 2657728 6154892
1757692735 1119 2659008 6154892
1757692736 1119 2660160 6154892
1757692737 1119 2660160 6154892
1757692739 1119 2661440 6154892
1757692740 1119 2661440 6154892
1757692741 1120 2662592 6154892
1757692742 1120 2663872 6154892
1757692743 1120 2663872 6154892
1757692744 1120 2665152 6154892
1757692745 1120 2666432 6154892
1757692746 1121 2666432 6154892
1757692747 1120 2667712 6154892
1757692748 1120 2667712 6154892
1757692749 1121 2668992 6154892
1757692750 1121 2670272 6154892
1757692751 1121 2670272 6154892
1757692752 1120 2671552 6154892
1757692753 1120 2671552 6154892
1757692754 1120 2672832 6154892
1757692755 1120 2673984 6154892
1757692756 1120 2673984 6154892
1757692757 1120 2675264 6154892
1757692759 1120 2675264 6154892
1757692760 1120 2676544 6154892
1757692761 1120 2677824 6154892
1757692762 1120 2677824 6154892
1757692763 1120 2679104 6154892
1757692764 1120 2679104 6154892
1757692765 1120 2680384 6154892
1757692766 1120 2681664 6154892
1757692767 1120 2681664 6154892
1757692768 1121 2682944 6154892
1757692769 1121 2682944 6154892
1757692770 1121 2684096 6154892
1757692771 1121 2685376 6154892
1757692772 1119 2685376 6154892
1757692773 1120 2686656 6154892
1757692774 1120 2687808 6154892
1757692775 1120 2687808 6154892
1757692776 1120 2689088 6154892
1757692777 1120 2689088 6154892
1757692779 1120 2690368 6154892
1757692780 1120 2691648 6154892
1757692781 1120 2691648 6154892
1757692782 1120 2692800 6154892
1757692783 1121 2692800 6154892
1757692784 1121 2694080 6154892
1757692785 1121 2695360 6154892
1757692786 1121 2695360 6154892
1757692787 1121 2696640 6154892
1757692788 1121 2696640 6154892
1757692789 1122 2697920 6154892
1757692790 1122 2699200 6154892
1757692791 1122 2699200 6154892
1757692792 1120 2700352 6154892
1757692793 1120 2700352 6154892
1757692794 1120 2701632 6154892
1757692795 1120 2702784 6154892
1757692796 1120 2702784 6154892
1757692797 1120 2703936 6154892
1757692798 1120 2703936 6154892
1757692800 1120 2705216 6154892
1757692801 1120 2706496 6154892
1757692802 1120 2706496 6154892
1757692803 1120 2707776 6154892
1757692804 1121 2709056 6154892
1757692805 1121 2709056 6154892
1757692806 1121 2710336 6154892
1757692807 1121 2710336 6154892
1757692808 1120 2711488 6154892
1757692809 1121 2711488 6154892
1757692810 1121 2712768 6154892
1757692811 1121 2714048 6154892
1757692812 1121 2714048 6154892
1757692813 1121 2715328 6154892
1757692814 1122 2716480 6154892
1757692815 1120 2716480 6154892
1757692816 1120 2717760 6154892
1757692817 1120 2717760 6154892
1757692818 1120 2719040 6154892
1757692819 1121 2720320 6154892
1757692820 1121 2720320 6154892
1757692821 1121 2721600 6154892
1757692823 1121 2721600 6154892
1757692824 1121 2722880 6154892
1757692825 1121 2724032 6154892
1757692826 1121 2724032 6154892
1757692827 1121 2725312 6154892
1757692828 1121 2725312 6154892
1757692829 1121 2726592 6154892
1757692830 1121 2727872 6154892
1757692831 1121 2727872 6154892
1757692832 1121 2729152 6154892
1757692833 1121 2729152 6154892
1757692834 1121 2730432 6154892
1757692835 1121 2731584 6154892
1757692836 1121 2731584 6154892
1757692837 1120 2732736 6154892
1757692838 1120 2732736 6154892
1757692839 1120 2734016 6154892
1757692840 1120 2735296 6154892
1757692841 1120 2735296 6154892
1757692842 1120 2736576 6154892
1757692843 1121 2736576 6154892
1757692844 1121 2737856 6154892
1757692846 1121 2739136 6154892
1757692847 1121 2739136 6154892
1757692848 1121 2740288 6154892
1757692849 1121 2740288 6154892
1757692850 1121 2741440 6154892
1757692851 1122 2742720 6154892
1757692852 1122 2742720 6154892
1757692853 1122 2744000 6154892
1757692854 1122 2745280 6154892
1757692855 1122 2745280 6154892
1757692856 1122 2746560 6154892
1757692857 1122 2746560 6154892
1757692858 1120 2747840 6154892
1757692859 1120 2747840 6154892
1757692860 1120 2749120 6154892
1757692861 1120 2750400 6154892
1757692862 1120 2750400 6154892
1757692863 1120 2751680 6154892
1757692864 1120 2751680 6154892
1757692866 1121 2752832 6154892
1757692867 1121 2754112 6154892
1757692868 1121 2754112 6154892
1757692869 1121 2755392 6154892
1757692870 1121 2755392 6154892
1757692871 1121 2756672 6154892
1757692872 1121 2757824 6154892
1757692873 1121 2757824 6154892
1757692874 1122 2759104 6154892
1757692875 1122 2760384 6154892
1757692876 1122 2760384 6154892
1757692877 1122 2761664 6154892
1757692878 1122 2761664 6154892
1757692879 1122 2762944 6154892
1757692880 1122 2764224 6154892
1757692881 1121 2764224 6154892
1757692882 1121 2765376 6154892
1757692883 1121 2765376 6154892
1757692884 1121 2766656 6154892
1757692885 1121 2767808 6154892
1757692886 1121 2767808 6154892
1757692887 1121 2769088 6154892
1757692888 1121 2769088 6154892
1757692890 1121 2770368 6154892
1757692891 1121 2771520 6154892
1757692892 1121 2771520 6154892
1757692893 1121 2772800 6154892
1757692894 1121 2772800 6154892
1757692895 1122 2774080 6154892
1757692896 1122 2775360 6154892
1757692897 1122 2775360 6154892
1757692898 1122 2776640 6154892
1757692899 1122 2777920 6154892
1757692900 1122 2777920 6154892
1757692901 1122 2779200 6154892
1757692902 1121 2779200 6154892
1757692903 1121 2780352 6154892
1757692904 1121 2781632 6154892
1757692905 1121 2781632 6154892
1757692906 1122 2782912 6154892
1757692907 1122 2784064 6154892
1757692909 1122 2784064 6154892
1757692910 1122 2785344 6154892
1757692911 1122 2785344 6154892
1757692912 1122 2786624 6154892
1757692913 1122 2787904 6154892
1757692914 1123 2787904 6154892
1757692915 1123 2789056 6154892
1757692916 1123 2789056 6154892
1757692917 1123 2790336 6154892
1757692918 1122 2791616 6154892
1757692919 1123 2791616 6154892
1757692920 1123 2792768 6154892
1757692921 1123 2792768 6154892
1757692922 1123 2793920 6154892
1757692923 1121 2795200 6154892
1757692924 1121 2795200 6154892
1757692925 1121 2796480 6154892
1757692926 1121 2796480 6154892
1757692927 1121 2797632 6154892
1757692928 1121 2798912 6154892
1757692929 1121 2798912 6154892
1757692931 1121 2800192 6154892
1757692932 1121 2800192 6154892
1757692933 1122 2801472 6154892
1757692934 1122 2802624 6154892
1757692935 1122 2802624 6154892
1757692936 1122 2803904 6154892
1757692937 1122 2803904 6154892
1757692938 1122 2805184 6154892
1757692939 1122 2806464 6154892
1757692940 1122 2806464 6154892
1757692941 1123 2807744 6154892
1757692942 1123 2808896 6154892
1757692943 1122 2808896 6154892
1757692944 1122 2810176 6154892
1757692945 1122 2810176 6154892
1757692946 1122 2811456 6154892
1757692947 1122 2812736 6154892
1757692948 1122 2812736 6154892
1757692949 1122 2813888 6154892
1757692950 1122 2813888 6154892
1757692952 1122 2815168 6154892
1757692953 1122 2816448 6154892
1757692954 1122 2816448 6154892
1757692955 1122 2817728 6154892
1757692956 1122 2817728 6154892
1757692957 1122 2819008 6154892
1757692958 1122 2820288 6154892
1757692959 1122 2820288 6154892
1757692960 1122 2821440 6154892
1757692961 1122 2821440 6154892
1757692962 1122 2822720 6154892
1757692963 1122 2824000 6154892
1757692964 1123 2824000 6154892
1757692965 1123 2825280 6154892
1757692966 1121 2825280 6154892
1757692967 1122 2826560 6154892
1757692968 1122 2827840 6154892
1757692969 1122 2827840 6154892
1757692970 1122 2829120 6154892
1757692971 1122 2830272 6154892
1757692973 1122 2830272 6154892
1757692974 1122 2831552 6154892
1757692975 1123 2831552 6154892
1757692976 1123 2832832 6154892
1757692977 1123 2834112 6154892
1757692978 1123 2834112 6154892
1757692979 1123 2835392 6154892
1757692980 1123 2835392 6154892
1757692981 1123 2836544 6154892
1757692982 1123 2837824 6154892
1757692983 1123 2837824 6154892
1757692984 1123 2839104 6154892
1757692985 1123 2840384 6154892
1757692986 1122 2840384 6154892
1757692987 1122 2841664 6154892
1757692988 1122 2841664 6154892
1757692989 1122 2842816 6154892
1757692990 1122 2842816 6154892
1757692991 1122 2843968 6154892
1757692992 1122 2845248 6154892
1757692994 1122 2845248 6154892
1757692995 1122 2846528 6154892
1757692996 1122 2847680 6154892
1757692997 1122 2847680 6154892
1757692998 1122 2848960 6154892
1757692999 1123 2848960 6154892
1757693000 1123 2850112 6154892
1757693001 1123 2851392 6154892
1757693002 1123 2851392 6154892
1757693003 1123 2852672 6154892
1757693004 1123 2853952 6154892
1757693005 1123 2853952 6154892
1757693006 1123 2855232 6154892
1757693007 1122 2855232 6154892
1757693008 1122 2856512 6154892
1757693009 1122 2857664 6154892
1757693010 1122 2857664 6154892
1757693011 1122 2858944 6154892
1757693012 1122 2858944 6154892
1757693013 1122 2860224 6154892
1757693014 1122 2860224 6154892
1757693016 1122 2861504 6154892
1757693017 1122 2862656 6154892
1757693018 1122 2862656 6154892
1757693019 1122 2863936 6154892
1757693020 1122 2863936 6154892
1757693021 1122 2865216 6154892
1757693022 1122 2866368 6154892
1757693023 1122 2866368 6154892
1757693024 1122 2867648 6154892
1757693025 1122 2867648 6154892
1757693026 1122 2868800 6154892
1757693027 1122 2870080 6154892
1757693028 1123 2870080 6154892
1757693029 1123 2871360 6154892
1757693030 1123 2871360 6154892
1757693031 1122 2872640 6154892
1757693032 1122 2873792 6154892
1757693033 1122 2873792 6154892
1757693034 1122 2875072 6154892
1757693035 1122 2875072 6154892
1757693036 1122 2876352 6154892
1757693037 1122 2877632 6154892
1757693039 1122 2877632 6154892
1757693040 1122 2878912 6154892
1757693041 1122 2880192 6154892
1757693042 1122 2880192 6154892
1757693043 1123 2881472 6154892
1757693044 1123 2881472 6154892
1757693045 1123 2882752 6154892
1757693046 1123 2884032 6154892
1757693047 1123 2884032 6154892
1757693048 1123 2885184 6154892
1757693049 1123 2885184 6154892
1757693050 1123 2886464 6154892
1757693051 1123 2887744 6154892
1757693052 1122 2887744 6154892
1757693053 1122 2889024 6154892
1757693054 1122 2889024 6154892
1757693055 1122 2890176 6154892
1757693056 1122 2891456 6154892
1757693057 1122 2891456 6154892
1757693059 1122 2892736 6154892
1757693060 1122 2892736 6154892
1757693061 1122 2894016 6154892
1757693062 1122 2895168 6154892
1757693063 1122 2895168 6154892
1757693064 1123 2896448 6154892
1757693065 1123 2897728 6154892
1757693066 1123 2897728 6154892
1757693067 1123 2898880 6154892
1757693068 1123 2898880 6154892
1757693069 1123 2900160 6154892
1757693070 1123 2901440 6154892
1757693071 1123 2901440 6154892
1757693072 1123 2902720 6154892
1757693073 1122 2902720 6154892
1757693074 1122 2903872 6154892
1757693075 1122 2905152 6154892
1757693076 1122 2905152 6154892
1757693077 1122 2906304 6154892
1757693078 1122 2906304 6154892
1757693080 1122 2907584 6154892
1757693081 1122 2908736 6154892
1757693082 1122 2908736 6154892
1757693083 1122 2910016 6154892
1757693084 1123 2910016 6154892
1757693085 1123 2911296 6154892
1757693086 1123 2912576 6154892
1757693087 1123 2912576 6154892
1757693088 1123 2913856 6154892
1757693089 1123 2913856 6154892
1757693090 1123 2915136 6154892
1757693091 1123 2916416 6154892
1757693092 1122 2916416 6154892
1757693093 1122 2917696 6154892
1757693094 1122 2917696 6154892
1757693095 1122 2918976 6154892
1757693096 1122 2920256 6154892
1757693097 1122 2920256 6154892
1757693098 1122 2921408 6154892
1757693100 1123 2922688 6154892
1757693101 1123 2922688 6154892
1757693102 1123 2923968 6154892
1757693103 1122 2923968 6154892
1757693104 1123 2925248 6154892
1757693105 1123 2926528 6154892
1757693106 1123 2926528 6154892
1757693107 1123 2927680 6154892
1757693108 1123 2927680 6154892
1757693109 1123 2928960 6154892
1757693110 1123 2928960 6154892
1757693111 1123 2930240 6154892
1757693112 1123 2931520 6154892
1757693113 1123 2931520 6154892
1757693114 1122 2932800 6154892
1757693115 1122 2933952 6154892
1757693116 1122 2933952 6154892
1757693117 1122 2935232 6154892
1757693118 1122 2935232 6154892
1757693119 1122 2936384 6154892
1757693120 1122 2937664 6154892
1757693121 1122 2937664 6154892
1757693123 1123 2938944 6154892
1757693124 1123 2938944 6154892
1757693125 1123 2940224 6154892
1757693126 1123 2941504 6154892
1757693127 1123 2941504 6154892
1757693128 1123 2942784 6154892
1757693129 1123 2943936 6154892
1757693130 1123 2943936 6154892
1757693131 1123 2945216 6154892
1757693132 1123 2945216 6154892
1757693133 1123 2946496 6154892
1757693134 1123 2947776 6154892
1757693135 1123 2947776 6154892
1757693136 1123 2947776 6154892
1757693137 1122 2947776 6154892
1757693138 1122 2947776 6154892
1757693139 1122 2947776 6154892
1757693140 1122 2947776 6154892
1757693141 1122 2947776 6154892
1757693142 1122 2947776 6154892
1757693143 1122 2947776 6154892
1757693144 1122 2947776 6154892
1757693146 1122 2947776 6154892
1757693147 1123 2947776 6154892
1757693148 1123 2947776 6154892
1757693149 1123 2947776 6154892
1757693150 1123 2947776 6154892
1757693151 1123 2947776 6154892
1757693152 1123 2947776 6154892
1757693153 1123 2947776 6154892
1757693154 1123 2947776 6154892
1757693155 1123 2947776 6154892
1757693156 1123 2947776 6154892
1757693157 1123 2947776 6154892
1757693158 1123 2947776 6154892
1757693159 1123 2947776 6154892
1757693160 1122 2947776 6154892
1757693161 1122 2947776 6154892
1757693162 1123 2947776 6154892
1757693163 1123 2947776 6154892
1757693164 1123 2947776 6154892
1757693165 1123 2947776 6154892
1757693166 1123 2947776 6154892
1757693168 1123 2947776 6154892
1757693169 1123 2947776 6154892
1757693170 1123 2947776 6154892
1757693171 1123 2947776 6154892
1757693172 1123 2947776 6154892
1757693173 1123 2947776 6154892
1757693174 1123 2947776 6154892
1757693175 1123 2947776 6154892
1757693176 1123 2947776 6154892
1757693177 1123 2947776 6154892
1757693178 1123 2947776 6154892
1757693179 1123 2947776 6154892
1757693180 1123 2947776 6154892
1757693181 1123 2947776 6154892
1757693182 1122 2947776 6154892
1757693183 1122 2947776 6154892
1757693184 1122 2947776 6154892
1757693185 1122 2947776 6154892
1757693186 1122 2947776 6154892
1757693187 1122 2947776 6154892
1757693188 1122 2947776 6154892
1757693190 1123 2408608 3811412
1757693191 1123 2478368 3811412
1757693192 1123 2478368 3811412
1757693193 1124 2478368 3811412
1757693194 1124 2478368 3811412
