1757682510  0.0 15744 675456
1757682511  819 644080 2638412
1757682512 1241 644976 2638412
1757682513 1383 646000 2638412
1757682515 1464 646896 2638412
1757682516 1507 647920 2638412
1757682517 1530 648944 2638412
1757682518 1533 649840 2638412
1757682519 1532 650608 2638412
1757682520 1537 651504 2638412
1757682521 1545 652400 2638412
1757682522 1557 653424 2638412
1757682523 1567 654704 2638412
1757682524 1459 655728 2638412
1757682525 1467 656624 2638412
1757682526 1475 657648 2638412
1757682527 1484 658544 2638412
1757682528 1496 659440 2638412
1757682530 1505 660464 2638412
1757682531 1515 661360 2638412
1757682532 1523 662256 2638412
1757682533 1530 663280 2638412
1757682534 1536 664176 2638412
1757682535 1543 665456 2638412
1757682536 1548 666352 2638412
1757682537 1546 666992 2638412
1757682538 1544 668016 2638412
1757682539 1542 668912 2638412
1757682540 1490 669424 2638412
1757682541 1494 670448 2638412
1757682542 1501 671344 2638412
1757682543 1505 672240 2638412
1757682545 1510 673136 2638412
1757682546 1515 674160 2638412
1757682547 1520 675056 2638412
1757682548 1523 676080 2638412
1757682549 1526 676976 2638412
1757682550 1530 677872 2638412
1757682551 1532 678768 2638412
1757682552 1534 679792 2638412
1757682553 1534 680688 2638412
1757682554 1537 681328 2638412
1757682555 1505 682224 2638412
1757682556 1509 683120 2638412
1757682557 1511 684016 2638412
1757682558 1513 684656 2638412
1757682559 1514 685680 2638412
1757682561 1515 686576 2638412
1757682562 1519 687472 2638412
1757682563 1520 688496 2638412
1757682564 1523 689392 2638412
1757682565 1526 690416 2638412
1757682566 1529 691312 2638412
1757682567 1531 692208 2638412
1757682568 1530 693232 2638412
1757682569 1530 694128 2638412
1757682570 1503 694640 2638412
1757682571 1505 695664 2638412
1757682572 1507 696560 2638412
1757682573 1510 697456 2638412
1757682574 1513 698480 2638412
1757682576 1515 699376 2638412
1757682577 1517 700144 2638412
1757682578 1519 701168 2638412
1757682579 1521 702064 2638412
1757682580 1523 703088 2638412
1757682581 1526 703984 2638412
1757682582 1528 705264 2638412
1757682583 1530 706160 2638412
1757682584 1532 707184 2638412
1757682585 1511 707824 2638412
1757682586 1512 708720 2638412
1757682587 1514 709744 2638412
1757682588 1516 710640 2638412
1757682589 1518 711920 2638412
1757682591 1520 712944 2638412
1757682592 1520 713456 2638412
1757682593 1521 714480 2638412
1757682594 1521 715376 2638412
1757682595 1523 716272 2638412
1757682596 1525 717296 2638412
1757682597 1527 718192 2638412
1757682598 1529 719088 2638412
1757682599 1528 719984 2638412
1757682600 1527 720624 2638412
1757682601 1510 721392 2638412
1757682602 1510 722160 2638412
1757682603 1512 723056 2638412
1757682604 1513 723952 2638412
1757682605 1515 725232 2638412
1757682607 1517 726256 2638412
1757682608 1518 727152 2638412
1757682609 1520 728048 2638412
1757682610 1521 729072 2638412
1757682611 1523 729968 2638412
1757682612 1524 730864 2638412
1757682613 1526 731760 2638412
1757682614 1527 732784 2638412
1757682615 1529 734064 2638412
1757682616 1516 734960 2638412
1757682617 1517 735856 2638412
1757682618 1518 736880 2638412
1757682619 1518 737520 2638412
1757682620 1519 738672 2638412
1757682622 1520 739312 2638412
1757682623 1522 740336 2638412
1757682624 1523 741488 2638412
1757682625 1524 742512 2638412
1757682626 1524 743024 2638412
1757682627 1525 744048 2638412
1757682628 1524 745072 2638412
1757682629 1525 745968 2638412
1757682630 1525 746736 2638412
1757682631 1525 747248 2638412
1757682632 1512 748272 2638412
1757682633 1513 749168 2638412
1757682634 1514 750064 2638412
1757682635 1515 751088 2638412
1757682636 1516 751984 2638412
1757682638 1518 753008 2638412
1757682639 1519 753904 2638412
1757682640 1519 754800 2638412
1757682641 1521 755824 2638412
1757682642 1522 756720 2638412
1757682643 1523 758000 2638412
1757682644 1524 759024 2638412
1757682645 1525 759920 2638412
1757682646 1527 760944 2638412
1757682647 1516 761840 2638412
1757682648 1518 762736 2638412
1757682649 1519 763632 2638412
1757682650 1519 764656 2638412
1757682651 1520 765552 2638412
1757682653 1520 766192 2638412
1757682654 1520 767088 2638412
1757682655 1521 767984 2638412
1757682656 1523 769008 2638412
1757682657 1524 769904 2638412
1757682658 1525 770800 2638412
1757682659 1525 771824 2638412
1757682660 1525 772720 2638412
1757682661 1524 773488 2638412
1757682662 1523 774000 2638412
1757682663 1512 775024 2638412
1757682664 1513 775536 2638412
1757682665 1514 776816 2638412
1757682666 1515 777712 2638412
1757682667 1516 778736 2638412
1757682669 1517 779632 2638412
1757682670 1518 780528 2638412
1757682671 1519 781552 2638412
1757682672 1520 782448 2638412
1757682673 1521 783344 2638412
1757682674 1522 784624 2638412
1757682675 1522 785264 2638412
1757682676 1523 786160 2638412
1757682677 1524 787440 2638412
1757682678 1525 788336 2638412
1757682679 1517 789232 2638412
1757682680 1518 790128 2638412
1757682681 1519 791152 2638412
1757682682 1520 792048 2638412
1757682683 1521 792944 2638412
1757682685 1521 793968 2638412
1757682686 1521 794864 2638412
1757682687 1522 795760 2638412
1757682688 1523 796656 2638412
1757682689 1524 797936 2638412
1757682690 1525 798960 2638412
1757682691 1525 799472 2638412
1757682692 1525 800496 2638412
1757682693 1524 801136 2638412
1757682694 1523 802160 2638412
1757682695 1515 802800 2638412
1757682696 1516 803952 2638412
1757682697 1517 804848 2638412
1757682698 1517 805872 2638412
1757682700 1518 806768 2638412
1757682701 1519 807664 2638412
1757682702 1519 808560 2638412
1757682703 1520 809584 2638412
1757682704 1521 810480 2638412
1757682705 1522 811376 2638412
1757682706 1523 812400 2638412
1757682707 1524 813296 2638412
1757682708 1524 814320 2638412
1757682709 1517 815216 2638412
1757682710 1518 816112 2638412
1757682711 1519 817136 2638412
1757682712 1520 818288 2638412
1757682713 1520 819312 2638412
1757682715 1521 819952 2638412
1757682716 1522 819952 2638412
1757682717 1523 819952 2638412
1757682718 1523 819952 2638412
1757682719 1523 819952 2638412
1757682720 1523 819952 2638412
1757682721 1524 819952 2638412
1757682722 1524 819952 2638412
1757682723 1525 819952 2638412
1757682724 1525 819952 2638412
1757682725 1524 819952 2638412
1757682726 1516 819952 2638412
1757682727 1516 819952 2638412
1757682728 1517 819952 2638412
1757682729 1517 819952 2638412
1757682730 1518 819952 2638412
1757682732 1518 819952 2638412
1757682733 1519 819952 2638412
1757682734 1520 819952 2638412
1757682735 1520 819952 2638412
1757682736 1521 819952 2638412
1757682737 1522 819952 2638412
1757682738 1523 686964 2052912
