1757683881  0.0 16000 643712
1757683882  834 646544 2215716
1757683883 1193 663824 2215716
1757683884 1310 645984 2639116
1757683885 1407 646880 2639116
1757683886 1460 647776 2639116
1757683887 1497 649056 2639116
1757683888 1527 650080 2639116
1757683889 1373 650976 2639116
1757683890 1405 651872 2639116
1757683891 1426 652896 2639116
1757683892 1449 653792 2639116
1757683893 1464 654688 2639116
1757683895 1481 655584 2639116
1757683896 1487 656480 2639116
1757683897 1492 657376 2639116
1757683898 1492 658400 2639116
1757683899 1501 659296 2639116
1757683900 1512 660192 2639116
1757683901 1520 661216 2639116
1757683902 1528 662368 2639116
1757683903 1535 663392 2639116
1757683904 1542 664288 2639116
1757683905 1485 665184 2639116
1757683906 1487 666208 2639116
1757683907 1493 667232 2639116
1757683908 1493 668256 2639116
1757683910 1490 669024 2639116
1757683911 1494 669920 2639116
1757683912 1501 670944 2639116
1757683913 1505 671840 2639116
1757683914 1507 672480 2639116
1757683915 1508 673376 2639116
1757683916 1510 674016 2639116
1757683917 1514 674912 2639116
1757683918 1518 676192 2639116
1757683919 1522 677088 2639116
1757683920 1489 677984 2639116
1757683921 1493 678880 2639116
1757683922 1498 679904 2639116
1757683923 1502 680800 2639116
1757683925 1506 681696 2639116
1757683926 1511 682976 2639116
1757683927 1514 683872 2639116
1757683928 1518 684896 2639116
1757683929 1520 685792 2639116
1757683930 1521 686688 2639116
1757683931 1522 687712 2639116
1757683932 1525 688736 2639116
1757683933 1528 689632 2639116
1757683934 1531 690528 2639116
1757683935 1506 691552 2639116
1757683936 1507 692448 2639116
1757683937 1509 693344 2639116
1757683938 1510 694240 2639116
1757683939 1510 694752 2639116
1757683941 1509 695776 2639116
1757683942 1512 696672 2639116
1757683943 1513 697568 2639116
1757683944 1515 698464 2639116
1757683945 1517 699360 2639116
1757683946 1520 700384 2639116
1757683947 1522 701280 2639116
1757683948 1520 702176 2639116
1757683949 1520 703072 2639116
1757683950 1521 704096 2639116
1757683951 1502 704992 2639116
1757683952 1505 705888 2639116
1757683953 1507 706912 2639116
1757683954 1509 707808 2639116
1757683955 1512 709088 2639116
1757683957 1514 710112 2639116
1757683958 1516 711008 2639116
1757683959 1518 712032 2639116
1757683960 1520 712928 2639116
1757683961 1523 713824 2639116
1757683962 1524 714720 2639116
1757683963 1525 715744 2639116
1757683964 1525 716640 2639116
1757683965 1526 717536 2639116
1757683966 1510 718560 2639116
1757683967 1511 719584 2639116
1757683968 1512 720608 2639116
1757683969 1512 721120 2639116
1757683970 1512 722016 2639116
1757683971 1512 722912 2639116
1757683973 1514 723808 2639116
1757683974 1515 724832 2639116
1757683975 1517 725728 2639116
1757683976 1518 726752 2639116
1757683977 1520 727648 2639116
1757683978 1521 728544 2639116
1757683979 1523 729824 2639116
1757683980 1524 730464 2639116
1757683981 1524 731360 2639116
1757683982 1523 731872 2639116
1757683983 1510 732896 2639116
1757683984 1512 734176 2639116
1757683985 1513 735072 2639116
1757683986 1515 735968 2639116
1757683987 1516 736992 2639116
1757683989 1518 737888 2639116
1757683990 1519 738912 2639116
1757683991 1521 739808 2639116
1757683992 1522 740704 2639116
1757683993 1524 741728 2639116
1757683994 1525 742880 2639116
1757683995 1526 743904 2639116
1757683996 1526 744800 2639116
1757683997 1527 745440 2639116
1757683998 1513 746336 2639116
1757683999 1513 747104 2639116
1757684000 1513 747744 2639116
1757684001 1513 748640 2639116
1757684002 1513 749664 2639116
1757684003 1515 750560 2639116
1757684005 1516 751584 2639116
1757684006 1517 752480 2639116
1757684007 1519 753376 2639116
1757684008 1520 754656 2639116
1757684009 1521 755552 2639116
1757684010 1523 756576 2639116
1757684011 1524 757472 2639116
1757684012 1525 758368 2639116
1757684013 1525 759392 2639116
1757684014 1514 760416 2639116
1757684015 1515 761056 2639116
1757684016 1515 762336 2639116
1757684017 1517 763232 2639116
1757684018 1518 764128 2639116
1757684020 1519 765152 2639116
1757684021 1520 766048 2639116
1757684022 1521 766944 2639116
1757684023 1523 767968 2639116
1757684024 1524 769120 2639116
1757684025 1525 770144 2639116
1757684026 1526 771168 2639116
1757684027 1527 772064 2639116
1757684028 1528 772960 2639116
1757684029 1518 773984 2639116
1757684030 1517 774880 2639116
1757684031 1516 775392 2639116
1757684032 1516 776416 2639116
1757684033 1516 777056 2639116
1757684035 1517 777952 2639116
1757684036 1518 779232 2639116
1757684037 1519 780128 2639116
1757684038 1520 781024 2639116
1757684039 1521 782048 2639116
1757684040 1522 782944 2639116
1757684041 1523 783840 2639116
1757684042 1524 784864 2639116
1757684043 1525 785760 2639116
1757684044 1526 786656 2639116
1757684045 1518 787936 2639116
1757684046 1518 788448 2639116
1757684047 1519 789600 2639116
1757684048 1519 790496 2639116
1757684050 1519 791392 2639116
1757684051 1520 792416 2639116
1757684052 1521 793312 2639116
1757684053 1522 794208 2639116
1757684054 1523 795488 2639116
1757684055 1524 796512 2639116
1757684056 1525 797536 2639116
1757684057 1526 798432 2639116
1757684058 1527 799328 2639116
1757684059 1528 800224 2639116
1757684060 1519 801120 2639116
1757684061 1520 802144 2639116
1757684062 1519 802656 2639116
1757684063 1518 803296 2639116
1757684064 1517 803936 2639116
1757684066 1518 804832 2639116
1757684067 1519 806112 2639116
1757684068 1520 806752 2639116
1757684069 1521 807904 2639116
1757684070 1521 808928 2639116
1757684071 1522 809824 2639116
1757684072 1523 810848 2639116
1757684073 1524 811744 2639116
1757684074 1525 813024 2639116
1757684075 1518 813920 2639116
1757684076 1519 814816 2639116
1757684077 1520 815840 2639116
1757684078 1520 816736 2639116
1757684079 1521 817632 2639116
1757684081 1521 818656 2639116
1757684082 1521 819424 2639116
1757684083 1522 820448 2639116
1757684084 1523 820832 2639116
1757684085 1524 820832 2639116
1757684086 1524 820832 2639116
1757684087 1525 820832 2639116
1757684088 1526 820832 2639116
1757684089 1526 820832 2639116
1757684090 1520 820832 2639116
1757684091 1520 820832 2639116
1757684092 1520 820832 2639116
1757684093 1520 820832 2639116
1757684094 1520 820832 2639116
1757684096 1520 820832 2639116
1757684097 1520 820832 2639116
1757684098 1520 820832 2639116
1757684099 1521 820832 2639116
1757684100 1521 820832 2639116
1757684101 1522 820832 2639116
1757684102 1523 820832 2639116
1757684103 1523 820832 2639116
1757684104 1524 820832 2639116
1757684105 1518 820832 2639116
1757684106 1519 687676 2053616
