1757684107  0.0 16000 675456
1757684108  322 499508 1890728
1757684109  659 1653444 3191572
1757684110  957 1304888 4103420
1757684111 1138 1305912 4103420
1757684112 1245 1306552 4103420
1757684113 1300 1307576 4103420
1757684114 1331 1308216 4103420
1757684115 1339 1308984 4103420
1757684116 1366 1309880 4103420
1757684117 1396 1310648 4103420
1757684118 1305 1311544 4103420
1757684119 1332 1312440 4103420
1757684120 1358 1313208 4103420
1757684121 1371 1314104 4103420
1757684122 1366 1314872 4103420
1757684124 1376 1315512 4103420
1757684125 1377 1316280 4103420
1757684126 1374 1317176 4103420
1757684127 1385 1317944 4103420
1757684128 1396 1318584 4103420
1757684129 1397 1319480 4103420
1757684130 1401 1320248 4103420
1757684131 1402 1320888 4103420
1757684132 1412 1321912 4103420
1757684133 1418 1322552 4103420
1757684134 1427 1323448 4103420
1757684135 1387 1324344 4103420
1757684136 1394 1324984 4103420
1757684137 1402 1326008 4103420
1757684138 1410 1326648 4103420
1757684140 1420 1327544 4103420
1757684141 1425 1328312 4103420
1757684142 1432 1329208 4103420
1757684143 1436 1329848 4103420
1757684144 1443 1330872 4103420
1757684145 1449 1331768 4103420
1757684146 1450 1332536 4103420
1757684147 1453 1333304 4103420
1757684148 1452 1334328 4103420
1757684149 1456 1334968 4103420
1757684150 1461 1335864 4103420
1757684151 1432 1336632 4103420
1757684152 1436 1337528 4103420
1757684153 1436 1338296 4103420
1757684154 1435 1338936 4103420
1757684155 1438 1339832 4103420
1757684157 1438 1340600 4103420
1757684158 1439 1341496 4103420
1757684159 1442 1342136 4103420
1757684160 1447 1343160 4103420
1757684161 1451 1343800 4103420
1757684162 1453 1344824 4103420
1757684163 1454 1345592 4103420
1757684164 1456 1346488 4103420
1757684165 1457 1347128 4103420
1757684166 1436 1348152 4103420
1757684167 1441 1348792 4103420
1757684168 1444 1349816 4103420
1757684169 1448 1350712 4103420
1757684170 1452 1351480 4103420
1757684172 1455 1352376 4103420
1757684173 1459 1353272 4103420
1757684174 1462 1354040 4103420
1757684175 1465 1354936 4103420
1757684176 1468 1355832 4103420
1757684177 1472 1356600 4103420
1757684178 1474 1357496 4103420
1757684179 1475 1358136 4103420
1757684180 1476 1359032 4103420
1757684181 1477 1359672 4103420
1757684182 1460 1360696 4103420
1757684183 1460 1361336 4103420
1757684184 1460 1362360 4103420
1757684185 1459 1363000 4103420
1757684186 1460 1363640 4103420
1757684188 1457 1364280 4103420
1757684189 1455 1365048 4103420
1757684190 1455 1365816 4103420
1757684191 1455 1366584 4103420
1757684192 1458 1367608 4103420
1757684193 1460 1368504 4103420
1757684194 1463 1369144 4103420
1757684195 1464 1370040 4103420
1757684196 1463 1370680 4103420
1757684197 1463 1371320 4103420
1757684198 1463 1371960 4103420
1757684199 1450 1372984 4103420
1757684200 1452 1373880 4103420
1757684201 1454 1374520 4103420
1757684202 1457 1375544 4103420
1757684203 1459 1376440 4103420
1757684205 1462 1377336 4103420
1757684206 1464 1378104 4103420
1757684207 1466 1379000 4103420
1757684208 1469 1380024 4103420
1757684209 1470 1380664 4103420
1757684210 1472 1381688 4103420
1757684211 1472 1382328 4103420
1757684212 1474 1383224 4103420
1757684213 1474 1383992 4103420
1757684214 1460 1384760 4103420
1757684215 1459 1385528 4103420
1757684216 1459 1386296 4103420
1757684217 1460 1387064 4103420
1757684218 1459 1387832 4103420
1757684220 1457 1388600 4103420
1757684221 1458 1389496 4103420
1757684222 1460 1390136 4103420
1757684223 1461 1391160 4103420
1757684224 1464 1392056 4103420
1757684225 1465 1392824 4103420
1757684226 1466 1393720 4103420
1757684227 1467 1394616 4103420
1757684228 1469 1395384 4103420
1757684229 1470 1396280 4103420
1757684230 1470 1397048 4103420
1757684231 1458 1397816 4103420
1757684232 1458 1398584 4103420
1757684233 1459 1399352 4103420
1757684234 1460 1400120 4103420
1757684235 1462 1401016 4103420
1757684237 1464 1402040 4103420
1757684238 1466 1402680 4103420
1757684239 1467 1403576 4103420
1757684240 1468 1404600 4103420
1757684241 1470 1405240 4103420
1757684242 1472 1406136 4103420
1757684243 1473 1407032 4103420
1757684244 1474 1407800 4103420
1757684245 1476 1408696 4103420
1757684246 1475 1409464 4103420
1757684247 1474 1410232 4103420
1757684248 1462 1410872 4103420
1757684249 1463 1411640 4103420
1757684250 1463 1412408 4103420
1757684251 1463 1413432 4103420
1757684253 1464 1414072 4103420
1757684254 1466 1415096 4103420
1757684255 1467 1415992 4103420
1757684256 1468 1416632 4103420
1757684257 1470 1417656 4103420
1757684258 1471 1418552 4103420
1757684259 1472 1419192 4103420
1757684260 1473 1420216 4103420
1757684261 1475 1421112 4103420
1757684262 1465 1421880 4103420
1757684263 1466 1422776 4103420
1757684264 1466 1423544 4103420
1757684265 1467 1424184 4103420
1757684266 1469 1425208 4103420
1757684268 1470 1426104 4103420
1757684269 1471 1427000 4103420
1757684270 1473 1427768 4103420
1757684271 1474 1428664 4103420
1757684272 1474 1429432 4103420
1757684273 1476 1430328 4103420
1757684274 1477 1431224 4103420
1757684275 1478 1431992 4103420
1757684276 1480 1432888 4103420
1757684277 1479 1433912 4103420
1757684278 1470 1434680 4103420
1757684279 1470 1435320 4103420
1757684280 1470 1436344 4103420
1757684281 1469 1436728 4103420
1757684282 1468 1437624 4103420
1757684283 1469 1438392 4103420
1757684285 1470 1439288 4103420
1757684286 1471 1440056 4103420
1757684287 1472 1440952 4103420
1757684288 1473 1441848 4103420
1757684289 1474 1442616 4103420
1757684290 1475 1443512 4103420
1757684291 1475 1444280 4103420
1757684292 1476 1444920 4103420
1757684293 1476 1445816 4103420
1757684294 1478 1446584 4103420
1757684295 1470 1447480 4103420
1757684296 1471 1448248 4103420
1757684297 1472 1449144 4103420
1757684299 1472 1450040 4103420
1757684300 1473 1451064 4103420
1757684301 1473 1451704 4103420
1757684302 1474 1452600 4103420
1757684303 1475 1453368 4103420
1757684304 1476 1454264 4103420
1757684305 1476 1455032 4103420
1757684306 1478 1456056 4103420
1757684307 1478 1456824 4103420
1757684308 1479 1457464 4103420
1757684309 1471 1458232 4103420
1757684310 1471 1459128 4103420
1757684311 1471 1459896 4103420
1757684312 1469 1460280 4103420
1757684313 1468 1460920 4103420
1757684314 1468 1461944 4103420
1757684316 1469 1462584 4103420
1757684317 1470 1463608 4103420
1757684318 1471 1464632 4103420
1757684319 1471 1465272 4103420
1757684320 1472 1466168 4103420
1757684321 1473 1466808 4103420
1757684322 1474 1467832 4103420
1757684323 1475 1468728 4103420
1757684324 1476 1469496 4103420
1757684325 1477 1470392 4103420
1757684326 1471 1471032 4103420
1757684327 1472 1472056 4103420
1757684328 1473 1473080 4103420
1757684329 1473 1473720 4103420
1757684330 1474 1474616 4103420
1757684332 1474 1475384 4103420
1757684333 1475 1476280 4103420
1757684334 1476 1476920 4103420
1757684335 1477 1477944 4103420
1757684336 1478 1478840 4103420
1757684337 1479 1479480 4103420
1757684338 1479 1480504 4103420
1757684339 1480 1481144 4103420
1757684340 1479 1481784 4103420
1757684341 1479 1482808 4103420
1757684342 1474 1483704 4103420
1757684343 1474 1484472 4103420
1757684344 1473 1485240 4103420
1757684345 1473 1485880 4103420
1757684347 1473 1486776 4103420
1757684348 1474 1487672 4103420
1757684349 1475 1488312 4103420
1757684350 1475 1489336 4103420
1757684351 1476 1489976 4103420
1757684352 1477 1490872 4103420
1757684353 1478 1491640 4103420
1757684354 1478 1492536 4103420
1757684355 1479 1493432 4103420
1757684356 1480 1494200 4103420
1757684357 1475 1495096 4103420
1757684358 1476 1495992 4103420
1757684359 1477 1496632 4103420
1757684360 1478 1497656 4103420
1757684362 1478 1498296 4103420
1757684363 1478 1499192 4103420
1757684364 1478 1499960 4103420
1757684365 1478 1500600 4103420
1757684366 1478 1501624 4103420
1757684367 1479 1502264 4103420
1757684368 1479 1503160 4103420
1757684369 1480 1503928 4103420
1757684370 1481 1504824 4103420
1757684371 1481 1505592 4103420
1757684372 1480 1506616 4103420
1757684373 1475 1507256 4103420
1757684374 1476 1508280 4103420
1757684375 1475 1509048 4103420
1757684376 1475 1509688 4103420
1757684377 1475 1510328 4103420
1757684379 1475 1511224 4103420
1757684380 1475 1511992 4103420
1757684381 1475 1512760 4103420
1757684382 1476 1513656 4103420
1757684383 1477 1514296 4103420
1757684384 1477 1515192 4103420
1757684385 1477 1515960 4103420
1757684386 1478 1516856 4103420
1757684387 1479 1517624 4103420
1757684388 1479 1518520 4103420
1757684389 1475 1519288 4103420
1757684390 1475 1520184 4103420
1757684391 1476 1520952 4103420
1757684392 1477 1521848 4103420
1757684393 1477 1522744 4103420
1757684395 1478 1523512 4103420
1757684396 1478 1524408 4103420
1757684397 1478 1525176 4103420
1757684398 1478 1526072 4103420
1757684399 1478 1526840 4103420
1757684400 1478 1527480 4103420
1757684401 1479 1528504 4103420
1757684402 1479 1529144 4103420
1757684403 1479 1529784 4103420
1757684404 1478 1530680 4103420
1757684405 1479 1531320 4103420
1757684406 1478 1532088 4103420
1757684407 1473 1532984 4103420
1757684408 1473 1533752 4103420
1757684409 1474 1534648 4103420
1757684410 1474 1535416 4103420
1757684411 1474 1536184 4103420
1757684413 1474 1537208 4103420
1757684414 1475 1537848 4103420
1757684415 1475 1538744 4103420
1757684416 1476 1539512 4103420
1757684417 1476 1540408 4103420
1757684418 1477 1541304 4103420
1757684419 1478 1542072 4103420
1757684420 1478 1542968 4103420
1757684421 1479 1543736 4103420
1757684422 1475 1544632 4103420
1757684423 1476 1545528 4103420
1757684424 1476 1546296 4103420
1757684425 1477 1547192 4103420
1757684426 1478 1548216 4103420
1757684428 1478 1548856 4103420
1757684429 1479 1549752 4103420
1757684430 1479 1550520 4103420
1757684431 1479 1551416 4103420
1757684432 1480 1552056 4103420
1757684433 1480 1553080 4103420
1757684434 1480 1553720 4103420
1757684435 1479 1554360 4103420
1757684436 1480 1555256 4103420
1757684437 1480 1556024 4103420
1757684438 1475 1556792 4103420
1757684439 1475 1557688 4103420
1757684440 1475 1558456 4103420
1757684441 1476 1559352 4103420
1757684442 1476 1560120 4103420
1757684443 1476 1561016 4103420
1757684445 1477 1561656 4103420
1757684446 1476 1562424 4103420
1757684447 1477 1563448 4103420
1757684448 1478 1564344 4103420
1757684449 1478 1564984 4103420
1757684450 1479 1566008 4103420
1757684451 1479 1566648 4103420
1757684452 1480 1567672 4103420
1757684453 1480 1568312 4103420
1757684454 1481 1569336 4103420
1757684455 1477 1570232 4103420
1757684456 1478 1570872 4103420
1757684457 1478 1571896 4103420
1757684458 1479 1572792 4103420
1757684460 1479 1573432 4103420
1757684461 1480 1574456 4103420
1757684462 1480 1575096 4103420
1757684463 1480 1575736 4103420
1757684464 1480 1576760 4103420
1757684465 1480 1577528 4103420
1757684466 1479 1578296 4103420
1757684467 1480 1578936 4103420
1757684468 1480 1579832 4103420
1757684469 1480 1580600 4103420
1757684470 1479 1581240 4103420
1757684471 1475 1582008 4103420
1757684472 1476 1582904 4103420
1757684473 1476 1583800 4103420
1757684474 1477 1584568 4103420
1757684475 1477 1585464 4103420
1757684477 1477 1586104 4103420
1757684478 1477 1587000 4103420
1757684479 1478 1587768 4103420
1757684480 1478 1588664 4103420
1757684481 1479 1589304 4103420
1757684482 1479 1590328 4103420
1757684483 1479 1590968 4103420
1757684484 1480 1591864 4103420
1757684485 1480 1592888 4103420
1757684486 1481 1593528 4103420
1757684487 1477 1594552 4103420
1757684488 1478 1595192 4103420
1757684489 1478 1596088 4103420
1757684490 1478 1596856 4103420
1757684491 1479 1597752 4103420
1757684493 1479 1598520 4103420
1757684494 1480 1599416 4103420
1757684495 1480 1600056 4103420
1757684496 1480 1601080 4103420
1757684497 1480 1601848 4103420
1757684498 1479 1602616 4103420
1757684499 1479 1603256 4103420
1757684500 1479 1603896 4103420
1757684501 1479 1604920 4103420
1757684502 1478 1605688 4103420
1757684503 1478 1606200 4103420
1757684504 1479 1606968 4103420
1757684505 1475 1607864 4103420
1757684506 1476 1608888 4103420
1757684507 1476 1609528 4103420
1757684508 1477 1610424 4103420
1757684510 1477 1611192 4103420
1757684511 1477 1611960 4103420
1757684512 1477 1612728 4103420
1757684513 1477 1613624 4103420
1757684514 1477 1614392 4103420
1757684515 1478 1615032 4103420
1757684516 1478 1616056 4103420
1757684517 1479 1616952 4103420
1757684518 1479 1617592 4103420
1757684519 1480 1618616 4103420
1757684520 1481 1619640 4103420
1757684521 1477 1620280 4103420
1757684522 1478 1621176 4103420
1757684523 1478 1621944 4103420
1757684524 1479 1622840 4103420
1757684526 1479 1623736 4103420
1757684527 1479 1624504 4103420
1757684528 1479 1625400 4103420
1757684529 1479 1625784 4103420
1757684530 1478 1626552 4103420
1757684531 1477 1627320 4103420
1757684532 1476 1628088 4103420
1757684533 1476 1628728 4103420
1757684534 1477 1629624 4103420
1757684535 1477 1630392 4103420
1757684536 1477 1631416 4103420
1757684537 1478 1632312 4103420
1757684538 1475 1632952 4103420
1757684539 1475 1633976 4103420
1757684540 1476 1634872 4103420
1757684541 1476 1635640 4103420
1757684542 1477 1636536 4103420
1757684544 1477 1637176 4103420
1757684545 1477 1638200 4103420
1757684546 1477 1638840 4103420
1757684547 1478 1639864 4103420
1757684548 1478 1640760 4103420
1757684549 1478 1641400 4103420
1757684550 1479 1642424 4103420
1757684551 1479 1643064 4103420
1757684552 1480 1643960 4103420
1757684553 1480 1644600 4103420
1757684554 1477 1645624 4103420
1757684555 1477 1646264 4103420
1757684556 1478 1647288 4103420
1757684557 1478 1648184 4103420
1757684558 1478 1648824 4103420
1757684559 1478 1649592 4103420
1757684561 1477 1650360 4103420
1757684562 1477 1651000 4103420
1757684563 1476 1651640 4103420
1757684564 1476 1652408 4103420
1757684565 1476 1653304 4103420
1757684566 1476 1654072 4103420
1757684567 1477 1654968 4103420
1757684568 1477 1655736 4103420
1757684569 1478 1656632 4103420
1757684570 1478 1657656 4103420
1757684571 1475 1658424 4103420
1757684572 1476 1659320 4103420
1757684573 1476 1660216 4103420
1757684574 1477 1660856 4103420
1757684575 1477 1661880 4103420
1757684577 1477 1662520 4103420
1757684578 1477 1663544 4103420
1757684579 1477 1664184 4103420
1757684580 1478 1665208 4103420
1757684581 1478 1665848 4103420
1757684582 1478 1666744 4103420
1757684583 1479 1667512 4103420
1757684584 1479 1668408 4103420
1757684585 1479 1669176 4103420
1757684586 1477 1670072 4103420
1757684587 1477 1670968 4103420
1757684588 1478 1671736 4103420
1757684589 1477 1672248 4103420
1757684590 1477 1673016 4103420
1757684591 1477 1673784 4103420
1757684593 1477 1674552 4103420
1757684594 1477 1675320 4103420
1757684595 1477 1676088 4103420
1757684596 1477 1676984 4103420
1757684597 1477 1677624 4103420
1757684598 1477 1678648 4103420
1757684599 1477 1679544 4103420
1757684600 1478 1680312 4103420
1757684601 1478 1681208 4103420
1757684602 1479 1682104 4103420
1757684603 1479 1682744 4103420
1757684604 1476 1683768 4103420
1757684605 1477 1684408 4103420
1757684606 1477 1685304 4103420
1757684607 1477 1686328 4103420
1757684608 1478 1686968 4103420
1757684610 1478 1687992 4103420
1757684611 1478 1688760 4103420
1757684612 1478 1689528 4103420
1757684613 1478 1690424 4103420
1757684614 1479 1691064 4103420
1757684615 1479 1692088 4103420
1757684616 1479 1692984 4103420
1757684617 1480 1693752 4103420
1757684618 1480 1694648 4103420
1757684619 1477 1695288 4103420
1757684620 1477 1696312 4103420
1757684621 1477 1696952 4103420
1757684622 1477 1697720 4103420
1757684623 1477 1698232 4103420
1757684624 1477 1699128 4103420
1757684625 1477 1699768 4103420
1757684627 1476 1700536 4103420
1757684628 1476 1701048 4103420
1757684629 1476 1701816 4103420
1757684630 1476 1702584 4103420
1757684631 1476 1703480 4103420
1757684632 1477 1704248 4103420
1757684633 1477 1705144 4103420
1757684634 1477 1706168 4103420
1757684635 1478 1706808 4103420
1757684636 1478 1707576 4103420
1757684637 1475 1708472 4103420
1757684638 1476 1709496 4103420
1757684639 1476 1710136 4103420
1757684640 1476 1711160 4103420
1757684641 1477 1712056 4103420
1757684643 1477 1712696 4103420
1757684644 1477 1713464 4103420
1757684645 1477 1713464 4103420
1757684646 1477 1713464 4103420
1757684647 1478 1713464 4103420
1757684648 1478 1713464 4103420
1757684649 1479 1713464 4103420
1757684650 1479 1713464 4103420
1757684651 1478 1713464 4103420
1757684652 1478 1713464 4103420
1757684653 1476 1713464 4103420
1757684654 1476 1713464 4103420
1757684655 1476 1713464 4103420
1757684656 1475 1713464 4103420
1757684657 1476 1713464 4103420
1757684659 1476 1713464 4103420
1757684660 1476 1713464 4103420
1757684661 1477 1713464 4103420
1757684662 1477 1713464 4103420
1757684663 1477 1713464 4103420
1757684664 1477 1713464 4103420
1757684665 1477 1713464 4103420
1757684666 1477 1713464 4103420
1757684667 1477 1713464 4103420
1757684668 1478 1713464 4103420
1757684669 1478 1713464 4103420
1757684670 1476 1713464 4103420
1757684671 1476 1713464 4103420
1757684672 1476 1713464 4103420
1757684673 1476 1713464 4103420
1757684674 1476 1713464 4103420
1757684676 1477 1713464 4103420
1757684677 1477 1713464 4103420
1757684678 1477 1713464 4103420
1757684679 1477 1713464 4103420
1757684680 1478 1713464 4103420
1757684681 1478 1713464 4103420
1757684682 1478 1713464 4103420
1757684683 1477 1713464 4103420
1757684684 1477 1436572 2785568
1757684685 1477 1579924 3663964
