1757693195  0.0 13568 642536
1757693196  326 1213888 2958856
1757693197  213 1194840 2958856
1757693198  487 2437920 4558768
1757693199  766 2437920 4558768
1757693200  623 2206216 6154208
1757693201  688 2206216 6154208
1757693202  743 2207496 6154208
1757693203  785 2208776 6154208
1757693204  829 2208776 6154208
1757693205  869 2209928 6154208
1757693206  889 2209928 6154208
1757693207  918 2211208 6154208
1757693209  941 2212360 6154208
1757693210  962 2212360 6154208
1757693211  979 2213640 6154208
1757693212  994 2214792 6154208
1757693213 1009 2214792 6154208
1757693214 1021 2216072 6154208
1757693215 1033 2216072 6154208
1757693216 1041 2217224 6154208
1757693217 1047 2218504 6154208
1757693218 1052 2218504 6154208
1757693219 1055 2219784 6154208
1757693220 1057 2219784 6154208
1757693221 1065 2221064 6154208
1757693222 1033 2222216 6154208
1757693223 1041 2222216 6154208
1757693224 1042 2223368 6154208
1757693225 1046 2223368 6154208
1757693226 1046 2224648 6154208
1757693227 1045 2225928 6154208
1757693228 1048 2225928 6154208
1757693230 1053 2227080 6154208
1757693231 1058 2227080 6154208
1757693232 1062 2228360 6154208
1757693233 1065 2229640 6154208
1757693234 1066 2229640 6154208
1757693235 1068 2230920 6154208
1757693236 1072 2232200 6154208
1757693237 1076 2232200 6154208
1757693238 1080 2233480 6154208
1757693239 1082 2233480 6154208
1757693240 1085 2234760 6154208
1757693241 1089 2235912 6154208
1757693242 1092 2235912 6154208
1757693243 1073 2237192 6154208
1757693244 1076 2237192 6154208
1757693245 1080 2238472 6154208
1757693246 1083 2239624 6154208
1757693247 1086 2239624 6154208
1757693248 1089 2240904 6154208
1757693249 1088 2242184 6154208
1757693251 1089 2242184 6154208
1757693252 1091 2243464 6154208
1757693253 1094 2243464 6154208
1757693254 1091 2244744 6154208
1757693255 1093 2244744 6154208
1757693256 1094 2245896 6154208
1757693257 1096 2247176 6154208
1757693258 1096 2247176 6154208
1757693259 1094 2248456 6154208
1757693260 1093 2248456 6154208
1757693261 1096 2249736 6154208
1757693262 1097 2251016 6154208
1757693263 1097 2251016 6154208
1757693264 1096 2252296 6154208
1757693265 1082 2252296 6154208
1757693266 1084 2253576 6154208
1757693267 1087 2254728 6154208
1757693268 1089 2254728 6154208
1757693269 1091 2256008 6154208
1757693271 1093 2257160 6154208
1757693272 1095 2257160 6154208
1757693273 1097 2258440 6154208
1757693274 1099 2258440 6154208
1757693275 1100 2259720 6154208
1757693276 1102 2261000 6154208
1757693277 1104 2261000 6154208
1757693278 1106 2262280 6154208
1757693279 1108 2263560 6154208
1757693280 1109 2263560 6154208
1757693281 1111 2264840 6154208
1757693282 1110 2264840 6154208
1757693283 1111 2266120 6154208
1757693284 1111 2267400 6154208
1757693285 1100 2267400 6154208
1757693286 1101 2268680 6154208
1757693287 1103 2268680 6154208
1757693288 1105 2269832 6154208
1757693289 1105 2271112 6154208
1757693290 1104 2271112 6154208
1757693291 1103 2272392 6154208
1757693292 1103 2272392 6154208
1757693294 1104 2273672 6154208
1757693295 1105 2274952 6154208
1757693296 1104 2274952 6154208
1757693297 1104 2276232 6154208
1757693298 1102 2276232 6154208
1757693299 1104 2277384 6154208
1757693300 1104 2277384 6154208
1757693301 1105 2278664 6154208
1757693302 1106 2279944 6154208
1757693303 1107 2279944 6154208
1757693304 1108 2281096 6154208
1757693305 1109 2281096 6154208
1757693306 1111 2282376 6154208
1757693307 1112 2283656 6154208
1757693308 1101 2283656 6154208
1757693309 1102 2284936 6154208
1757693310 1103 2284936 6154208
1757693311 1104 2286216 6154208
1757693312 1105 2287368 6154208
1757693313 1107 2287368 6154208
1757693314 1108 2288648 6154208
1757693316 1108 2289928 6154208
1757693317 1109 2289928 6154208
1757693318 1110 2291208 6154208
1757693319 1111 2291208 6154208
1757693320 1112 2292360 6154208
1757693321 1112 2293512 6154208
1757693322 1111 2293512 6154208
1757693323 1111 2294664 6154208
1757693324 1112 2294664 6154208
1757693325 1112 2295816 6154208
1757693326 1111 2297096 6154208
1757693327 1112 2297096 6154208
1757693328 1112 2298376 6154208
1757693329 1104 2298376 6154208
1757693330 1105 2299656 6154208
1757693331 1106 2300936 6154208
1757693332 1107 2300936 6154208
1757693333 1108 2302216 6154208
1757693334 1109 2303368 6154208
1757693336 1110 2303368 6154208
1757693337 1111 2304520 6154208
1757693338 1112 2304520 6154208
1757693339 1113 2305800 6154208
1757693340 1114 2307080 6154208
1757693341 1115 2307080 6154208
1757693342 1115 2308360 6154208
1757693343 1116 2309640 6154208
1757693344 1117 2309640 6154208
1757693345 1118 2310792 6154208
1757693346 1119 2310792 6154208
1757693347 1119 2312072 6154208
1757693348 1118 2312072 6154208
1757693349 1119 2313352 6154208
1757693350 1119 2314504 6154208
1757693351 1113 2314504 6154208
1757693352 1112 2315784 6154208
1757693353 1112 2315784 6154208
1757693354 1113 2317064 6154208
1757693355 1114 2318344 6154208
1757693356 1113 2318344 6154208
1757693357 1112 2319624 6154208
1757693358 1111 2319624 6154208
1757693360 1112 2320776 6154208
1757693361 1112 2322056 6154208
1757693362 1113 2322056 6154208
1757693363 1114 2323336 6154208
1757693364 1114 2323336 6154208
1757693365 1115 2324616 6154208
1757693366 1115 2325896 6154208
1757693367 1116 2325896 6154208
1757693368 1116 2327176 6154208
1757693369 1117 2327176 6154208
1757693370 1118 2328456 6154208
1757693371 1119 2329736 6154208
1757693372 1119 2329736 6154208
1757693373 1114 2330888 6154208
1757693374 1115 2332168 6154208
1757693375 1115 2332168 6154208
1757693376 1116 2333448 6154208
1757693377 1117 2333448 6154208
1757693378 1117 2334728 6154208
1757693380 1118 2335880 6154208
1757693381 1118 2335880 6154208
1757693382 1118 2337160 6154208
1757693383 1117 2337160 6154208
1757693384 1117 2338440 6154208
1757693385 1118 2339720 6154208
1757693386 1119 2339720 6154208
1757693387 1119 2341000 6154208
1757693388 1119 2342280 6154208
1757693389 1119 2342280 6154208
1757693390 1118 2343560 6154208
1757693391 1118 2343560 6154208
1757693392 1118 2344712 6154208
1757693393 1119 2345864 6154208
1757693394 1114 2345864 6154208
1757693395 1114 2347144 6154208
1757693396 1115 2347144 6154208
1757693397 1116 2348296 6154208
1757693398 1116 2349576 6154208
1757693399 1117 2349576 6154208
1757693401 1118 2350856 6154208
1757693402 1118 2352136 6154208
1757693403 1119 2352136 6154208
1757693404 1119 2353288 6154208
1757693405 1120 2353288 6154208
1757693406 1121 2354568 6154208
1757693407 1121 2355848 6154208
1757693408 1122 2355848 6154208
1757693409 1122 2357128 6154208
1757693410 1123 2358408 6154208
1757693411 1124 2358408 6154208
1757693412 1124 2359688 6154208
1757693413 1124 2359688 6154208
1757693414 1118 2360968 6154208
1757693415 1117 2360968 6154208
1757693416 1118 2362248 6154208
1757693417 1118 2363528 6154208
1757693418 1118 2363528 6154208
1757693419 1118 2364680 6154208
1757693420 1118 2365960 6154208
1757693422 1118 2365960 6154208
1757693423 1119 2367112 6154208
1757693424 1119 2367112 6154208
1757693425 1119 2368264 6154208
1757693426 1119 2369544 6154208
1757693427 1120 2369544 6154208
1757693428 1120 2370824 6154208
1757693429 1121 2370824 6154208
1757693430 1121 2372104 6154208
1757693431 1121 2373256 6154208
1757693432 1122 2373256 6154208
1757693433 1122 2374408 6154208
1757693434 1123 2374408 6154208
1757693435 1123 2375688 6154208
1757693436 1123 2376968 6154208
1757693437 1119 2376968 6154208
1757693438 1120 2378248 6154208
1757693439 1120 2379400 6154208
1757693440 1121 2379400 6154208
1757693441 1121 2380680 6154208
1757693442 1122 2380680 6154208
1757693443 1122 2381960 6154208
1757693445 1122 2383240 6154208
1757693446 1122 2383240 6154208
1757693447 1122 2384392 6154208
1757693448 1122 2384392 6154208
1757693449 1122 2385672 6154208
1757693450 1122 2386952 6154208
1757693451 1122 2386952 6154208
1757693452 1122 2388232 6154208
1757693453 1123 2389512 6154208
1757693454 1123 2389512 6154208
1757693455 1123 2390792 6154208
1757693456 1123 2390792 6154208
1757693457 1123 2391944 6154208
1757693458 1124 2393224 6154208
1757693459 1120 2393224 6154208
1757693460 1120 2394376 6154208
1757693461 1121 2394376 6154208
1757693462 1121 2395656 6154208
1757693463 1122 2396936 6154208
1757693464 1122 2396936 6154208
1757693466 1123 2398216 6154208
1757693467 1123 2399368 6154208
1757693468 1124 2399368 6154208
1757693469 1124 2400648 6154208
1757693470 1125 2400648 6154208
1757693471 1125 2401800 6154208
1757693472 1125 2403080 6154208
1757693473 1126 2403080 6154208
1757693474 1126 2404360 6154208
1757693475 1126 2404360 6154208
1757693476 1126 2405640 6154208
1757693477 1126 2406920 6154208
1757693478 1126 2406920 6154208
1757693479 1122 2408200 6154208
1757693480 1122 2408200 6154208
1757693481 1121 2409352 6154208
1757693482 1121 2410632 6154208
1757693483 1121 2410632 6154208
1757693484 1122 2411912 6154208
1757693485 1122 2411912 6154208
1757693486 1122 2413192 6154208
1757693487 1122 2414472 6154208
1757693489 1123 2414472 6154208
1757693490 1122 2415752 6154208
1757693491 1123 2415752 6154208
1757693492 1123 2417032 6154208
1757693493 1123 2418312 6154208
1757693494 1124 2418312 6154208
1757693495 1124 2419592 6154208
1757693496 1125 2419592 6154208
1757693497 1125 2420872 6154208
1757693498 1125 2422152 6154208
1757693499 1126 2422152 6154208
1757693500 1126 2423432 6154208
1757693501 1127 2424584 6154208
1757693502 1123 2424584 6154208
1757693503 1124 2425736 6154208
1757693504 1124 2425736 6154208
1757693505 1124 2427016 6154208
1757693506 1124 2428296 6154208
1757693508 1124 2428296 6154208
1757693509 1125 2429576 6154208
1757693510 1125 2430856 6154208
1757693511 1125 2430856 6154208
1757693512 1125 2432008 6154208
1757693513 1124 2432008 6154208
1757693514 1124 2433288 6154208
1757693515 1124 2433288 6154208
1757693516 1124 2434440 6154208
1757693517 1125 2435720 6154208
1757693518 1125 2435720 6154208
1757693519 1125 2437000 6154208
1757693520 1125 2438280 6154208
1757693521 1126 2438280 6154208
1757693522 1125 2439432 6154208
1757693523 1125 2439432 6154208
1757693524 1126 2440712 6154208
1757693525 1122 2440712 6154208
1757693526 1122 2441992 6154208
1757693527 1123 2443272 6154208
1757693528 1123 2443272 6154208
1757693529 1124 2444424 6154208
1757693530 1124 2445704 6154208
1757693531 1124 2445704 6154208
1757693532 1125 2446856 6154208
1757693534 1125 2446856 6154208
1757693535 1125 2448136 6154208
1757693536 1125 2449416 6154208
1757693537 1125 2449416 6154208
1757693538 1125 2450568 6154208
1757693539 1125 2450568 6154208
1757693540 1125 2451848 6154208
1757693541 1126 2453000 6154208
1757693542 1126 2453000 6154208
1757693543 1126 2454152 6154208
1757693544 1126 2454152 6154208
1757693545 1125 2455432 6154208
1757693546 1125 2456712 6154208
1757693547 1126 2456712 6154208
1757693548 1123 2457992 6154208
1757693549 1123 2457992 6154208
1757693550 1124 2459272 6154208
1757693551 1124 2460552 6154208
1757693552 1124 2460552 6154208
1757693554 1125 2461832 6154208
1757693555 1125 2461832 6154208
1757693556 1125 2463112 6154208
1757693557 1125 2464392 6154208
1757693558 1125 2464392 6154208
1757693559 1125 2465672 6154208
1757693560 1126 2466952 6154208
1757693561 1126 2466952 6154208
1757693562 1126 2468232 6154208
1757693563 1127 2468232 6154208
1757693564 1127 2469512 6154208
1757693565 1127 2470664 6154208
1757693566 1127 2470664 6154208
1757693567 1127 2471944 6154208
1757693568 1128 2471944 6154208
1757693569 1124 2473224 6154208
1757693570 1124 2474376 6154208
1757693571 1125 2474376 6154208
1757693572 1125 2475656 6154208
1757693573 1125 2475656 6154208
1757693574 1125 2476936 6154208
1757693576 1125 2478216 6154208
1757693577 1125 2478216 6154208
1757693578 1125 2479496 6154208
1757693579 1125 2479496 6154208
1757693580 1125 2480648 6154208
1757693581 1125 2481928 6154208
1757693582 1126 2481928 6154208
1757693583 1126 2483208 6154208
1757693584 1126 2483208 6154208
1757693585 1126 2484488 6154208
1757693586 1127 2485768 6154208
1757693587 1127 2485768 6154208
1757693588 1124 2487048 6154208
1757693589 1124 2488328 6154208
1757693590 1124 2488328 6154208
1757693591 1124 2489608 6154208
1757693592 1124 2489608 6154208
1757693593 1125 2490888 6154208
1757693594 1125 2492040 6154208
1757693596 1125 2492040 6154208
1757693597 1126 2493320 6154208
1757693598 1126 2493320 6154208
1757693599 1126 2494600 6154208
1757693600 1126 2495752 6154208
1757693601 1126 2495752 6154208
1757693602 1126 2497032 6154208
1757693603 1126 2497032 6154208
1757693604 1126 2498184 6154208
1757693605 1127 2499464 6154208
1757693606 1126 2499464 6154208
1757693607 1126 2500744 6154208
1757693608 1126 2500744 6154208
1757693609 1124 2502024 6154208
1757693610 1124 2503176 6154208
1757693611 1124 2503176 6154208
1757693612 1123 2504456 6154208
1757693613 1124 2504456 6154208
1757693614 1124 2505736 6154208
1757693615 1124 2507016 6154208
1757693617 1124 2507016 6154208
1757693618 1125 2508168 6154208
1757693619 1125 2508168 6154208
1757693620 1125 2509448 6154208
1757693621 1125 2510600 6154208
1757693622 1125 2510600 6154208
1757693623 1125 2511880 6154208
1757693624 1125 2511880 6154208
1757693625 1126 2513160 6154208
1757693626 1126 2514440 6154208
1757693627 1126 2514440 6154208
1757693628 1126 2515720 6154208
1757693629 1127 2516872 6154208
1757693630 1127 2516872 6154208
1757693631 1124 2518152 6154208
1757693632 1124 2518152 6154208
1757693633 1124 2519432 6154208
1757693634 1125 2520712 6154208
1757693635 1125 2520712 6154208
1757693636 1125 2521992 6154208
1757693638 1125 2521992 6154208
1757693639 1125 2523272 6154208
1757693640 1125 2524552 6154208
1757693641 1126 2524552 6154208
1757693642 1126 2525832 6154208
1757693643 1126 2525832 6154208
1757693644 1126 2527112 6154208
1757693645 1126 2528264 6154208
1757693646 1126 2528264 6154208
1757693647 1126 2529544 6154208
1757693648 1126 2530824 6154208
1757693649 1124 2530824 6154208
1757693650 1124 2532104 6154208
1757693651 1125 2532104 6154208
1757693652 1125 2533256 6154208
1757693653 1125 2534536 6154208
1757693654 1125 2534536 6154208
1757693655 1125 2535688 6154208
1757693657 1125 2535688 6154208
1757693658 1125 2536968 6154208
1757693659 1126 2538248 6154208
1757693660 1126 2538248 6154208
1757693661 1126 2539528 6154208
1757693662 1126 2539528 6154208
1757693663 1126 2540808 6154208
1757693664 1126 2541960 6154208
1757693665 1126 2541960 6154208
1757693666 1126 2543240 6154208
1757693667 1126 2543240 6154208
1757693668 1127 2544392 6154208
1757693669 1126 2545672 6154208
1757693670 1124 2545672 6154208
1757693671 1124 2546824 6154208
1757693672 1125 2546824 6154208
1757693673 1125 2548104 6154208
1757693674 1125 2549384 6154208
1757693675 1125 2549384 6154208
1757693677 1125 2550664 6154208
1757693678 1125 2550664 6154208
1757693679 1125 2551944 6154208
1757693680 1126 2553224 6154208
1757693681 1126 2553224 6154208
1757693682 1126 2554376 6154208
1757693683 1126 2555656 6154208
1757693684 1127 2555656 6154208
1757693685 1127 2556936 6154208
1757693686 1127 2556936 6154208
1757693687 1127 2558088 6154208
1757693688 1127 2559368 6154208
1757693689 1127 2559368 6154208
1757693690 1127 2560648 6154208
1757693691 1125 2560648 6154208
1757693692 1125 2561928 6154208
1757693693 1125 2563080 6154208
1757693694 1125 2563080 6154208
1757693695 1125 2564360 6154208
1757693696 1125 2564360 6154208
1757693698 1125 2565512 6154208
1757693699 1126 2566792 6154208
1757693700 1126 2566792 6154208
1757693701 1126 2568072 6154208
1757693702 1125 2568072 6154208
1757693703 1126 2569352 6154208
1757693704 1126 2570632 6154208
1757693705 1126 2570632 6154208
1757693706 1126 2571912 6154208
1757693707 1126 2573064 6154208
1757693708 1127 2573064 6154208
1757693709 1127 2574344 6154208
1757693710 1127 2574344 6154208
1757693711 1127 2575624 6154208
1757693712 1127 2576904 6154208
1757693713 1125 2576904 6154208
1757693714 1125 2578184 6154208
1757693715 1126 2578184 6154208
1757693716 1125 2579464 6154208
1757693717 1126 2580744 6154208
1757693718 1126 2580744 6154208
1757693720 1126 2581896 6154208
1757693721 1126 2581896 6154208
1757693722 1126 2583176 6154208
1757693723 1126 2584456 6154208
1757693724 1126 2584456 6154208
1757693725 1126 2585736 6154208
1757693726 1126 2585736 6154208
1757693727 1126 2587016 6154208
1757693728 1126 2588296 6154208
1757693729 1126 2588296 6154208
1757693730 1126 2589576 6154208
1757693731 1127 2589576 6154208
1757693732 1126 2590856 6154208
1757693733 1126 2592136 6154208
1757693734 1126 2592136 6154208
1757693735 1124 2593288 6154208
1757693736 1125 2593288 6154208
1757693737 1124 2594568 6154208
1757693738 1125 2595848 6154208
1757693739 1125 2595848 6154208
1757693740 1125 2597128 6154208
1757693741 1125 2597128 6154208
1757693743 1125 2598408 6154208
1757693744 1125 2599688 6154208
1757693745 1125 2599688 6154208
1757693746 1126 2600840 6154208
1757693747 1126 2600840 6154208
1757693748 1126 2602120 6154208
1757693749 1126 2602120 6154208
1757693750 1126 2603272 6154208
1757693751 1126 2604552 6154208
1757693752 1126 2604552 6154208
1757693753 1126 2605832 6154208
1757693754 1126 2607112 6154208
1757693755 1126 2607112 6154208
1757693756 1125 2608264 6154208
1757693757 1124 2608264 6154208
1757693758 1124 2609544 6154208
1757693759 1125 2610824 6154208
1757693760 1125 2610824 6154208
1757693761 1125 2612104 6154208
1757693762 1125 2612104 6154208
1757693764 1125 2613384 6154208
1757693765 1125 2614664 6154208
1757693766 1125 2614664 6154208
1757693767 1125 2615944 6154208
1757693768 1125 2615944 6154208
1757693769 1126 2617224 6154208
1757693770 1126 2618376 6154208
1757693771 1126 2618376 6154208
1757693772 1126 2619656 6154208
1757693773 1127 2620936 6154208
1757693774 1127 2620936 6154208
1757693775 1127 2622216 6154208
1757693776 1127 2622216 6154208
1757693777 1125 2623368 6154208
1757693778 1125 2624648 6154208
1757693779 1125 2624648 6154208
1757693780 1126 2625928 6154208
1757693781 1126 2627208 6154208
1757693782 1126 2627208 6154208
1757693783 1126 2628488 6154208
1757693785 1126 2628488 6154208
1757693786 1127 2629640 6154208
1757693787 1126 2630792 6154208
1757693788 1126 2630792 6154208
1757693789 1126 2632072 6154208
1757693790 1126 2632072 6154208
1757693791 1126 2633352 6154208
1757693792 1126 2634632 6154208
1757693793 1127 2634632 6154208
1757693794 1127 2635912 6154208
1757693795 1127 2635912 6154208
1757693796 1126 2637064 6154208
1757693797 1127 2638344 6154208
1757693798 1127 2638344 6154208
1757693799 1127 2639624 6154208
1757693800 1125 2639624 6154208
1757693801 1125 2640904 6154208
1757693802 1126 2642184 6154208
1757693803 1126 2642184 6154208
1757693804 1126 2643336 6154208
1757693805 1126 2644616 6154208
1757693806 1126 2644616 6154208
1757693807 1126 2645896 6154208
1757693808 1126 2645896 6154208
1757693810 1126 2647048 6154208
1757693811 1126 2648328 6154208
1757693812 1126 2648328 6154208
1757693813 1127 2649608 6154208
1757693814 1127 2649608 6154208
1757693815 1127 2650888 6154208
1757693816 1127 2652168 6154208
1757693817 1127 2652168 6154208
1757693818 1127 2653448 6154208
1757693819 1127 2653448 6154208
1757693820 1127 2654600 6154208
1757693821 1127 2654600 6154208
1757693822 1127 2655752 6154208
1757693823 1127 2657032 6154208
1757693824 1127 2657032 6154208
1757693825 1125 2658312 6154208
1757693826 1125 2658312 6154208
1757693827 1125 2659592 6154208
1757693828 1125 2660872 6154208
1757693829 1125 2660872 6154208
1757693830 1125 2662152 6154208
1757693831 1126 2663304 6154208
1757693833 1126 2663304 6154208
1757693834 1126 2664584 6154208
1757693835 1126 2664584 6154208
1757693836 1126 2665864 6154208
1757693837 1126 2667144 6154208
1757693838 1127 2667144 6154208
1757693839 1127 2668424 6154208
1757693840 1127 2668424 6154208
1757693841 1127 2669576 6154208
1757693842 1127 2670856 6154208
1757693843 1127 2670856 6154208
1757693844 1127 2672008 6154208
1757693845 1127 2673288 6154208
1757693846 1128 2673288 6154208
1757693847 1126 2674568 6154208
1757693848 1126 2674568 6154208
1757693849 1126 2675848 6154208
1757693850 1126 2677000 6154208
1757693851 1126 2677000 6154208
1757693852 1126 2678280 6154208
1757693853 1126 2678280 6154208
1757693855 1126 2679560 6154208
1757693856 1126 2679560 6154208
1757693857 1126 2680712 6154208
1757693858 1126 2681992 6154208
1757693859 1126 2681992 6154208
1757693860 1126 2683272 6154208
1757693861 1126 2684552 6154208
1757693862 1126 2684552 6154208
1757693863 1127 2685704 6154208
1757693864 1127 2685704 6154208
1757693865 1127 2686984 6154208
1757693866 1127 2688264 6154208
1757693867 1127 2688264 6154208
1757693868 1126 2689544 6154208
1757693869 1126 2690824 6154208
1757693870 1126 2690824 6154208
1757693871 1126 2692104 6154208
1757693872 1126 2692104 6154208
1757693873 1126 2693384 6154208
1757693875 1127 2694536 6154208
1757693876 1127 2694536 6154208
1757693877 1127 2695688 6154208
1757693878 1127 2695688 6154208
1757693879 1127 2696968 6154208
1757693880 1127 2698120 6154208
1757693881 1127 2698120 6154208
1757693882 1127 2699400 6154208
1757693883 1127 2699400 6154208
1757693884 1127 2700680 6154208
1757693885 1127 2701960 6154208
1757693886 1127 2701960 6154208
1757693887 1127 2703240 6154208
1757693888 1125 2703240 6154208
1757693889 1125 2704520 6154208
1757693890 1126 2705800 6154208
1757693891 1126 2705800 6154208
1757693892 1126 2707080 6154208
1757693893 1126 2708360 6154208
1757693895 1126 2708360 6154208
1757693896 1127 2709512 6154208
1757693897 1127 2709512 6154208
1757693898 1127 2710792 6154208
1757693899 1127 2712072 6154208
1757693900 1127 2712072 6154208
1757693901 1127 2713224 6154208
1757693902 1128 2714504 6154208
1757693903 1128 2714504 6154208
1757693904 1128 2715784 6154208
1757693905 1128 2715784 6154208
1757693906 1128 2717064 6154208
1757693907 1128 2718216 6154208
1757693908 1127 2718216 6154208
1757693909 1127 2719496 6154208
1757693910 1127 2720776 6154208
1757693911 1127 2720776 6154208
1757693912 1127 2722056 6154208
1757693913 1127 2722056 6154208
1757693914 1127 2723208 6154208
1757693916 1127 2724488 6154208
1757693917 1127 2724488 6154208
1757693918 1127 2725768 6154208
1757693919 1127 2725768 6154208
1757693920 1127 2727048 6154208
1757693921 1127 2728328 6154208
1757693922 1127 2728328 6154208
1757693923 1127 2729480 6154208
1757693924 1127 2729480 6154208
1757693925 1128 2730760 6154208
1757693926 1128 2731912 6154208
1757693927 1128 2731912 6154208
1757693928 1128 2733192 6154208
1757693929 1127 2733192 6154208
1757693930 1127 2734472 6154208
1757693931 1127 2735752 6154208
1757693932 1127 2735752 6154208
1757693933 1127 2737032 6154208
1757693934 1127 2738312 6154208
1757693935 1128 2738312 6154208
1757693937 1128 2739592 6154208
1757693938 1128 2739592 6154208
1757693939 1128 2740872 6154208
1757693940 1128 2742024 6154208
1757693941 1128 2742024 6154208
1757693942 1128 2743304 6154208
1757693943 1128 2743304 6154208
1757693944 1128 2744456 6154208
1757693945 1128 2745608 6154208
1757693946 1128 2745608 6154208
1757693947 1128 2746888 6154208
1757693948 1128 2746888 6154208
1757693949 1128 2748168 6154208
1757693950 1127 2749448 6154208
1757693951 1127 2749448 6154208
1757693952 1127 2750728 6154208
1757693953 1127 2750728 6154208
1757693954 1127 2752008 6154208
1757693955 1127 2753288 6154208
1757693957 1127 2753288 6154208
1757693958 1127 2754440 6154208
1757693959 1128 2755720 6154208
1757693960 1128 2755720 6154208
1757693961 1128 2757000 6154208
1757693962 1128 2757000 6154208
1757693963 1128 2758280 6154208
1757693964 1128 2759432 6154208
1757693965 1128 2759432 6154208
1757693966 1128 2760712 6154208
1757693967 1129 2760712 6154208
1757693968 1129 2761864 6154208
1757693969 1129 2763144 6154208
1757693970 1127 2763144 6154208
1757693971 1128 2764424 6154208
1757693972 1128 2765704 6154208
1757693973 1128 2765704 6154208
1757693974 1128 2766984 6154208
1757693975 1127 2766984 6154208
1757693976 1127 2768264 6154208
1757693978 1127 2769544 6154208
1757693979 1128 2769544 6154208
1757693980 1128 2770696 6154208
1757693981 1128 2770696 6154208
1757693982 1128 2771976 6154208
1757693983 1128 2773256 6154208
1757693984 1128 2773256 6154208
1757693985 1128 2774536 6154208
1757693986 1128 2774536 6154208
1757693987 1128 2775816 6154208
1757693988 1127 2776968 6154208
1757693989 1127 2776968 6154208
1757693990 1127 2778120 6154208
1757693991 1127 2779400 6154208
1757693992 1127 2779400 6154208
1757693993 1128 2780680 6154208
1757693994 1128 2780680 6154208
1757693996 1128 2781960 6154208
1757693997 1128 2783112 6154208
1757693998 1128 2783112 6154208
1757693999 1128 2784392 6154208
1757694000 1129 2785672 6154208
1757694001 1129 2785672 6154208
1757694002 1129 2786952 6154208
1757694003 1129 2786952 6154208
1757694004 1129 2788232 6154208
1757694005 1129 2789512 6154208
1757694006 1129 2789512 6154208
1757694007 1129 2790792 6154208
1757694008 1128 2790792 6154208
1757694009 1129 2792072 6154208
1757694010 1129 2793352 6154208
1757694011 1129 2793352 6154208
1757694012 1127 2794632 6154208
1757694013 1127 2794632 6154208
1757694014 1127 2795784 6154208
1757694015 1128 2797064 6154208
1757694016 1128 2797064 6154208
1757694018 1128 2798344 6154208
1757694019 1128 2798344 6154208
1757694020 1128 2799624 6154208
1757694021 1128 2800904 6154208
1757694022 1128 2800904 6154208
1757694023 1128 2802184 6154208
1757694024 1128 2802184 6154208
1757694025 1128 2803336 6154208
1757694026 1129 2804488 6154208
1757694027 1129 2804488 6154208
1757694028 1129 2805768 6154208
1757694029 1129 2807048 6154208
1757694030 1129 2807048 6154208
1757694031 1129 2808328 6154208
1757694032 1128 2808328 6154208
1757694033 1128 2809480 6154208
1757694034 1128 2810760 6154208
1757694035 1128 2810760 6154208
1757694036 1128 2811912 6154208
1757694038 1128 2813192 6154208
1757694039 1128 2813192 6154208
1757694040 1128 2814472 6154208
1757694041 1128 2814472 6154208
1757694042 1128 2815752 6154208
1757694043 1128 2817032 6154208
1757694044 1128 2817032 6154208
1757694045 1128 2818312 6154208
1757694046 1128 2818312 6154208
1757694047 1128 2819592 6154208
1757694048 1129 2820872 6154208
1757694049 1129 2820872 6154208
1757694050 1129 2822152 6154208
1757694051 1128 2822152 6154208
1757694052 1128 2823432 6154208
1757694053 1128 2824712 6154208
1757694054 1128 2824712 6154208
1757694055 1128 2825864 6154208
1757694056 1128 2825864 6154208
1757694057 1128 2827144 6154208
1757694059 1128 2828424 6154208
1757694060 1128 2828424 6154208
1757694061 1128 2829576 6154208
1757694062 1129 2830856 6154208
1757694063 1129 2830856 6154208
1757694064 1129 2832136 6154208
1757694065 1129 2832136 6154208
1757694066 1129 2833416 6154208
1757694067 1129 2834568 6154208
1757694068 1129 2834568 6154208
1757694069 1129 2835848 6154208
1757694070 1129 2835848 6154208
1757694071 1129 2837128 6154208
1757694072 1128 2838280 6154208
1757694073 1128 2838280 6154208
1757694074 1128 2839560 6154208
1757694075 1128 2839560 6154208
1757694076 1128 2840840 6154208
1757694078 1128 2842120 6154208
1757694079 1128 2842120 6154208
1757694080 1128 2843400 6154208
1757694081 1129 2844552 6154208
1757694082 1129 2844552 6154208
1757694083 1129 2845832 6154208
1757694084 1129 2845832 6154208
1757694085 1129 2846984 6154208
1757694086 1129 2848264 6154208
1757694087 1129 2848264 6154208
1757694088 1129 2849544 6154208
1757694089 1129 2849544 6154208
1757694090 1129 2850824 6154208
1757694091 1129 2851976 6154208
1757694092 1128 2851976 6154208
1757694093 1128 2853256 6154208
1757694094 1128 2853256 6154208
1757694095 1128 2854536 6154208
1757694096 1128 2855816 6154208
1757694097 1129 2855816 6154208
1757694098 1129 2856968 6154208
1757694100 1129 2858248 6154208
1757694101 1129 2858248 6154208
1757694102 1128 2859400 6154208
1757694103 1129 2859400 6154208
1757694104 1129 2860680 6154208
1757694105 1129 2861960 6154208
1757694106 1128 2861960 6154208
1757694107 1128 2863240 6154208
1757694108 1128 2863240 6154208
1757694109 1129 2864520 6154208
1757694110 1129 2865672 6154208
1757694111 1129 2865672 6154208
1757694112 1129 2866952 6154208
1757694113 1129 2866952 6154208
1757694114 1128 2868232 6154208
1757694115 1128 2869384 6154208
1757694116 1128 2869384 6154208
1757694117 1128 2870664 6154208
1757694118 1128 2871944 6154208
1757694119 1128 2871944 6154208
1757694121 1128 2873224 6154208
1757694122 1129 2873224 6154208
1757694123 1129 2874504 6154208
1757694124 1129 2875784 6154208
1757694125 1129 2875784 6154208
1757694126 1129 2876936 6154208
1757694127 1129 2878216 6154208
1757694128 1129 2878216 6154208
1757694129 1129 2879368 6154208
1757694130 1129 2879368 6154208
1757694131 1129 2880648 6154208
1757694132 1129 2881928 6154208
1757694133 1129 2881928 6154208
1757694134 1129 2883080 6154208
1757694135 1129 2883080 6154208
1757694136 1129 2884360 6154208
1757694137 1128 2885640 6154208
1757694138 1128 2885640 6154208
1757694139 1128 2886920 6154208
1757694140 1128 2886920 6154208
1757694141 1128 2888200 6154208
1757694142 1128 2888200 6154208
1757694143 1128 2889480 6154208
1757694144 1128 2890632 6154208
1757694145 1128 2890632 6154208
1757694147 1129 2891912 6154208
1757694148 1129 2893192 6154208
1757694149 1129 2893192 6154208
1757694150 1129 2894472 6154208
1757694151 1129 2894472 6154208
1757694152 1129 2895624 6154208
1757694153 1129 2896904 6154208
1757694154 1129 2896904 6154208
1757694155 1129 2898184 6154208
1757694156 1129 2898184 6154208
1757694157 1129 2899464 6154208
1757694158 1130 2900616 6154208
1757694159 1130 2900616 6154208
1757694160 1130 2901896 6154208
1757694161 1129 2903176 6154208
1757694162 1128 2903176 6154208
1757694163 1128 2904456 6154208
1757694164 1128 2904456 6154208
1757694165 1128 2905608 6154208
1757694166 1129 2905608 6154208
1757694167 1129 2906888 6154208
1757694169 1129 2908168 6154208
1757694170 1128 2908168 6154208
1757694171 1128 2909320 6154208
1757694172 1128 2909320 6154208
1757694173 1128 2910600 6154208
1757694174 1129 2911880 6154208
1757694175 1129 2911880 6154208
1757694176 1129 2913160 6154208
1757694177 1129 2913160 6154208
1757694178 1129 2914440 6154208
1757694179 1129 2915592 6154208
1757694180 1129 2915592 6154208
1757694181 1129 2916872 6154208
1757694182 1129 2918024 6154208
1757694183 1129 2918024 6154208
1757694184 1128 2919304 6154208
1757694185 1128 2919304 6154208
1757694186 1128 2920584 6154208
1757694187 1129 2921864 6154208
1757694188 1129 2921864 6154208
1757694189 1129 2923016 6154208
1757694190 1129 2923016 6154208
1757694192 1129 2924296 6154208
1757694193 1129 2925576 6154208
1757694194 1129 2925576 6154208
1757694195 1129 2926856 6154208
1757694196 1129 2926856 6154208
1757694197 1129 2928136 6154208
1757694198 1129 2929288 6154208
1757694199 1129 2929288 6154208
1757694200 1129 2930568 6154208
1757694201 1129 2931848 6154208
1757694202 1129 2931848 6154208
1757694203 1129 2933128 6154208
1757694204 1128 2933128 6154208
1757694205 1128 2934408 6154208
1757694206 1129 2935688 6154208
1757694207 1129 2935688 6154208
1757694208 1129 2936840 6154208
1757694209 1129 2938120 6154208
1757694211 1129 2938120 6154208
1757694212 1129 2939400 6154208
1757694213 1129 2939400 6154208
1757694214 1129 2940680 6154208
1757694215 1129 2941832 6154208
1757694216 1129 2941832 6154208
1757694217 1129 2943112 6154208
1757694218 1129 2943112 6154208
1757694219 1129 2944392 6154208
1757694220 1129 2944392 6154208
1757694221 1129 2945672 6154208
1757694222 1129 2946952 6154208
1757694223 1129 2946952 6154208
1757694224 1129 2946952 6154208
1757694225 1128 2946952 6154208
1757694226 1128 2946952 6154208
1757694227 1128 2946952 6154208
1757694228 1128 2946952 6154208
1757694229 1129 2946952 6154208
1757694230 1129 2946952 6154208
1757694231 1129 2946952 6154208
1757694233 1129 2946952 6154208
1757694234 1129 2946952 6154208
1757694235 1129 2946952 6154208
1757694236 1129 2946952 6154208
1757694237 1129 2946952 6154208
1757694238 1129 2946952 6154208
1757694239 1129 2946952 6154208
1757694240 1129 2946952 6154208
1757694241 1129 2946952 6154208
1757694242 1129 2946952 6154208
1757694243 1130 2946952 6154208
1757694244 1128 2946952 6154208
1757694245 1129 2946952 6154208
1757694246 1128 2946952 6154208
1757694247 1129 2946952 6154208
1757694248 1129 2946952 6154208
1757694249 1129 2946952 6154208
1757694250 1129 2946952 6154208
1757694252 1129 2946952 6154208
1757694253 1129 2946952 6154208
1757694254 1129 2946952 6154208
1757694255 1129 2946952 6154208
1757694256 1129 2946952 6154208
1757694257 1129 2946952 6154208
1757694258 1129 2946952 6154208
1757694259 1129 2946952 6154208
1757694260 1129 2946952 6154208
1757694261 1129 2946952 6154208
1757694262 1129 2946952 6154208
1757694263 1129 2946952 6154208
1757694264 1128 2946952 6154208
1757694265 1128 2946952 6154208
1757694266 1129 2946952 6154208
1757694267 1128 2946952 6154208
1757694268 1129 2946952 6154208
1757694269 1129 2946952 6154208
1757694270 1129 2946952 6154208
1757694272 1129 2946952 6154208
1757694273 1129 2946952 6154208
1757694274 1129 2946952 6154208
1757694275 1129 2946952 6154208
1757694276 1129 2946952 6154208
1757694277 1129 2946952 6154208
1757694278 1130 2477920 3810968
1757694279 1130 2477920 3810968
1757694280 1131 2477920 3810968
1757694281 1131 2477920 3810968
