1757691010  0.0 13696 642536
1757691011  312 1193512 2958828
1757691012  207 1024996 2958828
1757691013  467 2438144 4558740
1757691014  639 2750848 4558740
1757691015  726 2206440 6154184
1757691017  802 2207720 6154184
1757691018  852 2207720 6154184
1757691019  895 2208872 6154184
1757691020  933 2210152 6154184
1757691021  965 2210152 6154184
1757691022  979 2211304 6154184
1757691023  993 2211304 6154184
1757691024  999 2212584 6154184
1757691025 1002 2212584 6154184
1757691026 1003 2213736 6154184
1757691027 1013 2214888 6154184
1757691028 1016 2214888 6154184
1757691029 1026 2216168 6154184
1757691030 1038 2216168 6154184
1757691031  998 2217448 6154184
1757691032 1010 2218600 6154184
1757691033 1020 2218600 6154184
1757691034 1030 2219880 6154184
1757691035 1038 2221160 6154184
1757691036 1047 2221160 6154184
1757691038 1054 2222312 6154184
1757691039 1061 2222312 6154184
1757691040 1068 2223592 6154184
1757691041 1073 2224872 6154184
1757691042 1076 2224872 6154184
1757691043 1076 2226152 6154184
1757691044 1078 2226152 6154184
1757691045 1078 2227432 6154184
1757691046 1083 2228712 6154184
1757691047 1087 2228712 6154184
1757691048 1091 2229864 6154184
1757691049 1094 2229864 6154184
1757691050 1094 2231144 6154184
1757691051 1068 2232424 6154184
1757691052 1072 2232424 6154184
1757691053 1076 2233704 6154184
1757691054 1078 2233704 6154184
1757691055 1080 2234856 6154184
1757691056 1079 2236136 6154184
1757691057 1079 2236136 6154184
1757691059 1079 2237416 6154184
1757691060 1079 2237416 6154184
1757691061 1082 2238696 6154184
1757691062 1084 2239848 6154184
1757691063 1087 2239848 6154184
1757691064 1090 2241128 6154184
1757691065 1093 2241128 6154184
1757691066 1095 2242408 6154184
1757691067 1098 2243688 6154184
1757691068 1100 2243688 6154184
1757691069 1100 2244968 6154184
1757691070 1103 2246248 6154184
1757691071 1105 2246248 6154184
1757691072 1108 2247528 6154184
1757691073 1108 2247528 6154184
1757691074 1093 2248808 6154184
1757691075 1094 2250088 6154184
1757691076 1096 2250088 6154184
1757691077 1097 2251240 6154184
1757691078 1099 2251240 6154184
1757691080 1101 2252520 6154184
1757691081 1103 2253672 6154184
1757691082 1105 2253672 6154184
1757691083 1105 2254952 6154184
1757691084 1105 2256232 6154184
1757691085 1107 2256232 6154184
1757691086 1107 2257512 6154184
1757691087 1106 2257512 6154184
1757691088 1105 2258792 6154184
1757691089 1106 2260072 6154184
1757691090 1106 2260072 6154184
1757691091 1105 2261352 6154184
1757691092 1107 2261352 6154184
1757691093 1095 2262632 6154184
1757691094 1097 2263784 6154184
1757691095 1099 2263784 6154184
1757691096 1100 2265064 6154184
1757691097 1102 2265064 6154184
1757691098 1102 2266216 6154184
1757691100 1104 2267496 6154184
1757691101 1106 2267496 6154184
1757691102 1107 2268776 6154184
1757691103 1109 2268776 6154184
1757691104 1109 2270056 6154184
1757691105 1111 2271208 6154184
1757691106 1112 2271208 6154184
1757691107 1113 2272360 6154184
1757691108 1113 2272360 6154184
1757691109 1113 2273640 6154184
1757691110 1114 2274920 6154184
1757691111 1114 2274920 6154184
1757691112 1105 2276200 6154184
1757691113 1105 2276200 6154184
1757691114 1107 2277480 6154184
1757691115 1107 2278760 6154184
1757691116 1108 2278760 6154184
1757691117 1107 2280040 6154184
1757691118 1106 2281320 6154184
1757691119 1105 2281320 6154184
1757691121 1106 2282472 6154184
1757691122 1107 2282472 6154184
1757691123 1106 2283752 6154184
1757691124 1108 2283752 6154184
1757691125 1109 2285032 6154184
1757691126 1110 2286312 6154184
1757691127 1110 2286312 6154184
1757691128 1112 2287592 6154184
1757691129 1112 2288744 6154184
1757691130 1113 2288744 6154184
1757691131 1114 2290024 6154184
1757691132 1115 2290024 6154184
1757691133 1116 2291304 6154184
1757691134 1117 2292584 6154184
1757691135 1110 2292584 6154184
1757691136 1110 2293736 6154184
1757691137 1112 2293736 6154184
1757691138 1113 2295016 6154184
1757691139 1114 2296296 6154184
1757691140 1115 2296296 6154184
1757691141 1114 2297576 6154184
1757691143 1114 2298856 6154184
1757691144 1114 2298856 6154184
1757691145 1114 2300008 6154184
1757691146 1115 2300008 6154184
1757691147 1115 2301288 6154184
1757691148 1115 2301288 6154184
1757691149 1115 2302440 6154184
1757691150 1114 2303720 6154184
1757691151 1113 2303720 6154184
1757691152 1114 2304872 6154184
1757691153 1113 2304872 6154184
1757691154 1113 2306152 6154184
1757691155 1114 2306152 6154184
1757691156 1107 2307432 6154184
1757691157 1108 2308712 6154184
1757691158 1109 2308712 6154184
1757691159 1109 2309992 6154184
1757691160 1110 2311144 6154184
1757691161 1110 2311144 6154184
1757691162 1110 2312424 6154184
1757691164 1111 2312424 6154184
1757691165 1111 2313704 6154184
1757691166 1112 2313704 6154184
1757691167 1112 2314856 6154184
1757691168 1113 2316008 6154184
1757691169 1114 2316008 6154184
1757691170 1115 2317288 6154184
1757691171 1115 2318568 6154184
1757691172 1116 2318568 6154184
1757691173 1117 2319848 6154184
1757691174 1117 2319848 6154184
1757691175 1118 2321128 6154184
1757691176 1118 2322408 6154184
1757691177 1118 2322408 6154184
1757691178 1112 2323560 6154184
1757691179 1113 2323560 6154184
1757691180 1113 2324840 6154184
1757691181 1113 2326120 6154184
1757691183 1112 2326120 6154184
1757691184 1112 2327400 6154184
1757691185 1112 2327400 6154184
1757691186 1112 2328552 6154184
1757691187 1113 2329832 6154184
1757691188 1113 2329832 6154184
1757691189 1115 2331112 6154184
1757691190 1115 2332392 6154184
1757691191 1116 2332392 6154184
1757691192 1117 2333672 6154184
1757691193 1118 2333672 6154184
1757691194 1118 2334952 6154184
1757691195 1119 2336104 6154184
1757691196 1114 2336104 6154184
1757691197 1114 2337384 6154184
1757691198 1115 2338664 6154184
1757691199 1115 2338664 6154184
1757691200 1116 2339944 6154184
1757691201 1116 2339944 6154184
1757691202 1117 2341224 6154184
1757691204 1118 2342504 6154184
1757691205 1118 2342504 6154184
1757691206 1119 2343656 6154184
1757691207 1120 2343656 6154184
1757691208 1119 2344936 6154184
1757691209 1119 2346216 6154184
1757691210 1120 2346216 6154184
1757691211 1120 2347368 6154184
1757691212 1120 2347368 6154184
1757691213 1119 2348520 6154184
1757691214 1118 2349800 6154184
1757691215 1118 2349800 6154184
1757691216 1117 2351080 6154184
1757691217 1118 2351080 6154184
1757691218 1118 2352360 6154184
1757691219 1114 2353640 6154184
1757691220 1114 2353640 6154184
1757691221 1115 2354792 6154184
1757691222 1115 2354792 6154184
1757691223 1116 2356072 6154184
1757691224 1117 2357352 6154184
1757691226 1117 2357352 6154184
1757691227 1118 2358632 6154184
1757691228 1118 2358632 6154184
1757691229 1119 2359784 6154184
1757691230 1119 2360936 6154184
1757691231 1120 2360936 6154184
1757691232 1120 2362216 6154184
1757691233 1120 2363368 6154184
1757691234 1121 2363368 6154184
1757691235 1122 2364648 6154184
1757691236 1122 2364648 6154184
1757691237 1118 2365928 6154184
1757691238 1118 2367208 6154184
1757691239 1118 2367208 6154184
1757691240 1119 2368488 6154184
1757691241 1119 2369768 6154184
1757691242 1119 2369768 6154184
1757691244 1119 2371048 6154184
1757691245 1119 2371048 6154184
1757691246 1118 2372200 6154184
1757691247 1118 2373480 6154184
1757691248 1118 2373480 6154184
1757691249 1118 2374760 6154184
1757691250 1118 2374760 6154184
1757691251 1118 2376040 6154184
1757691252 1119 2376040 6154184
1757691253 1119 2377320 6154184
1757691254 1120 2378600 6154184
1757691255 1120 2378600 6154184
1757691256 1121 2379880 6154184
1757691257 1121 2381160 6154184
1757691258 1121 2381160 6154184
1757691259 1117 2382312 6154184
1757691260 1118 2382312 6154184
1757691261 1118 2383592 6154184
1757691262 1118 2384872 6154184
1757691263 1119 2384872 6154184
1757691264 1119 2386024 6154184
1757691265 1120 2386024 6154184
1757691266 1120 2387304 6154184
1757691268 1121 2388584 6154184
1757691269 1121 2388584 6154184
1757691270 1121 2389864 6154184
1757691271 1122 2391144 6154184
1757691272 1122 2391144 6154184
1757691273 1123 2392424 6154184
1757691274 1123 2392424 6154184
1757691275 1122 2393576 6154184
1757691276 1121 2393576 6154184
1757691277 1121 2394856 6154184
1757691278 1120 2396136 6154184
1757691279 1120 2396136 6154184
1757691280 1120 2397416 6154184
1757691281 1116 2397416 6154184
1757691282 1116 2398696 6154184
1757691283 1117 2399976 6154184
1757691284 1117 2399976 6154184
1757691285 1117 2401128 6154184
1757691286 1118 2401128 6154184
1757691287 1118 2402408 6154184
1757691289 1119 2403688 6154184
1757691290 1119 2403688 6154184
1757691291 1119 2404840 6154184
1757691292 1120 2404840 6154184
1757691293 1120 2406120 6154184
1757691294 1121 2407400 6154184
1757691295 1121 2407400 6154184
1757691296 1122 2408552 6154184
1757691297 1122 2409832 6154184
1757691298 1123 2409832 6154184
1757691299 1123 2411112 6154184
1757691300 1124 2411112 6154184
1757691301 1120 2412392 6154184
1757691302 1121 2413544 6154184
1757691303 1121 2413544 6154184
1757691304 1121 2414824 6154184
1757691305 1122 2416104 6154184
1757691306 1121 2416104 6154184
1757691307 1121 2417256 6154184
1757691308 1120 2417256 6154184
1757691309 1120 2418536 6154184
1757691311 1120 2418536 6154184
1757691312 1120 2419816 6154184
1757691313 1120 2421096 6154184
1757691314 1120 2421096 6154184
1757691315 1120 2422376 6154184
1757691316 1120 2422376 6154184
1757691317 1121 2423656 6154184
1757691318 1121 2424808 6154184
1757691319 1122 2424808 6154184
1757691320 1122 2426088 6154184
1757691321 1122 2427368 6154184
1757691322 1123 2427368 6154184
1757691323 1123 2428648 6154184
1757691324 1124 2428648 6154184
1757691325 1124 2429800 6154184
1757691326 1121 2431080 6154184
1757691327 1121 2431080 6154184
1757691328 1122 2432360 6154184
1757691329 1122 2433640 6154184
1757691330 1122 2433640 6154184
1757691331 1122 2434792 6154184
1757691333 1123 2434792 6154184
1757691334 1123 2436072 6154184
1757691335 1123 2436072 6154184
1757691336 1123 2437352 6154184
1757691337 1123 2438632 6154184
1757691338 1123 2438632 6154184
1757691339 1122 2439912 6154184
1757691340 1122 2439912 6154184
1757691341 1122 2441192 6154184
1757691342 1122 2442344 6154184
1757691343 1122 2442344 6154184
1757691344 1122 2443624 6154184
1757691345 1122 2443624 6154184
1757691346 1122 2444776 6154184
1757691347 1122 2446056 6154184
1757691348 1119 2446056 6154184
1757691349 1120 2447336 6154184
1757691350 1120 2447336 6154184
1757691351 1120 2448616 6154184
1757691352 1121 2449896 6154184
1757691353 1121 2449896 6154184
1757691355 1121 2451176 6154184
1757691356 1122 2451176 6154184
1757691357 1122 2452456 6154184
1757691358 1122 2453736 6154184
1757691359 1123 2453736 6154184
1757691360 1123 2454888 6154184
1757691361 1123 2456168 6154184
1757691362 1124 2456168 6154184
1757691363 1124 2457320 6154184
1757691364 1124 2457320 6154184
1757691365 1124 2458600 6154184
1757691366 1125 2459880 6154184
1757691367 1125 2459880 6154184
1757691368 1125 2461160 6154184
1757691369 1121 2461160 6154184
1757691370 1121 2462312 6154184
1757691371 1122 2463592 6154184
1757691372 1121 2463592 6154184
1757691373 1121 2464872 6154184
1757691374 1121 2464872 6154184
1757691375 1121 2466152 6154184
1757691377 1121 2466152 6154184
1757691378 1121 2467432 6154184
1757691379 1121 2468712 6154184
1757691380 1121 2468712 6154184
1757691381 1122 2469864 6154184
1757691382 1122 2471144 6154184
1757691383 1122 2471144 6154184
1757691384 1123 2472424 6154184
1757691385 1123 2472424 6154184
1757691386 1123 2473576 6154184
1757691387 1123 2474856 6154184
1757691388 1124 2474856 6154184
1757691389 1124 2476136 6154184
1757691390 1121 2477416 6154184
1757691391 1121 2477416 6154184
1757691392 1122 2478568 6154184
1757691393 1122 2478568 6154184
1757691394 1122 2479848 6154184
1757691395 1123 2481128 6154184
1757691396 1123 2481128 6154184
1757691398 1123 2482280 6154184
1757691399 1124 2482280 6154184
1757691400 1124 2483560 6154184
1757691401 1123 2484840 6154184
1757691402 1124 2484840 6154184
1757691403 1124 2485992 6154184
1757691404 1124 2487272 6154184
1757691405 1124 2487272 6154184
1757691406 1124 2488552 6154184
1757691407 1124 2488552 6154184
1757691408 1124 2489832 6154184
1757691409 1124 2491112 6154184
1757691410 1122 2491112 6154184
1757691411 1121 2492264 6154184
1757691412 1122 2492264 6154184
1757691413 1122 2493544 6154184
1757691414 1122 2494824 6154184
1757691416 1123 2494824 6154184
1757691417 1123 2495976 6154184
1757691418 1123 2495976 6154184
1757691419 1123 2497256 6154184
1757691420 1123 2498536 6154184
1757691421 1124 2498536 6154184
1757691422 1124 2499816 6154184
1757691423 1124 2500968 6154184
1757691424 1125 2500968 6154184
1757691425 1125 2502248 6154184
1757691426 1125 2502248 6154184
1757691427 1126 2503528 6154184
1757691428 1123 2504808 6154184
1757691429 1123 2504808 6154184
1757691430 1123 2506088 6154184
1757691431 1122 2506088 6154184
1757691432 1122 2507240 6154184
1757691433 1123 2507240 6154184
1757691434 1122 2508392 6154184
1757691436 1123 2509544 6154184
1757691437 1123 2509544 6154184
1757691438 1123 2510824 6154184
1757691439 1123 2510824 6154184
1757691440 1123 2512104 6154184
1757691441 1123 2513384 6154184
1757691442 1123 2513384 6154184
1757691443 1123 2514536 6154184
1757691444 1123 2514536 6154184
1757691445 1123 2515816 6154184
1757691446 1123 2517096 6154184
1757691447 1123 2517096 6154184
1757691448 1121 2518376 6154184
1757691449 1120 2518376 6154184
1757691450 1121 2519656 6154184
1757691451 1121 2519656 6154184
1757691452 1121 2520808 6154184
1757691453 1121 2522088 6154184
1757691454 1122 2522088 6154184
1757691456 1122 2523368 6154184
1757691457 1122 2524648 6154184
1757691458 1123 2524648 6154184
1757691459 1123 2525928 6154184
1757691460 1123 2525928 6154184
1757691461 1123 2527208 6154184
1757691462 1122 2528360 6154184
1757691463 1122 2528360 6154184
1757691464 1123 2529640 6154184
1757691465 1122 2529640 6154184
1757691466 1122 2530920 6154184
1757691467 1123 2532200 6154184
1757691468 1120 2532200 6154184
1757691469 1121 2533480 6154184
1757691470 1121 2533480 6154184
1757691471 1121 2534632 6154184
1757691472 1121 2535912 6154184
1757691473 1121 2535912 6154184
1757691475 1121 2537064 6154184
1757691476 1121 2537064 6154184
1757691477 1122 2538344 6154184
1757691478 1122 2539624 6154184
1757691479 1122 2539624 6154184
1757691480 1122 2540904 6154184
1757691481 1122 2542184 6154184
1757691482 1123 2542184 6154184
1757691483 1123 2543336 6154184
1757691484 1123 2543336 6154184
1757691485 1123 2544616 6154184
1757691486 1123 2545896 6154184
1757691487 1123 2545896 6154184
1757691488 1124 2547176 6154184
1757691489 1122 2547176 6154184
1757691490 1122 2548328 6154184
1757691491 1122 2549480 6154184
1757691492 1122 2549480 6154184
1757691493 1121 2550760 6154184
1757691494 1121 2550760 6154184
1757691495 1121 2552040 6154184
1757691496 1121 2553320 6154184
1757691498 1121 2553320 6154184
1757691499 1121 2554472 6154184
1757691500 1122 2554472 6154184
1757691501 1122 2555752 6154184
1757691502 1122 2557032 6154184
1757691503 1122 2557032 6154184
1757691504 1123 2558312 6154184
1757691505 1123 2558312 6154184
1757691506 1123 2559592 6154184
1757691507 1123 2560744 6154184
1757691508 1123 2560744 6154184
1757691509 1123 2562024 6154184
1757691510 1121 2563176 6154184
1757691511 1121 2563176 6154184
1757691512 1121 2564456 6154184
1757691513 1122 2564456 6154184
1757691514 1122 2565736 6154184
1757691515 1122 2567016 6154184
1757691517 1122 2567016 6154184
1757691518 1123 2568296 6154184
1757691519 1123 2569448 6154184
1757691520 1123 2569448 6154184
1757691521 1123 2570728 6154184
1757691522 1123 2570728 6154184
1757691523 1123 2572008 6154184
1757691524 1123 2573288 6154184
1757691525 1123 2573288 6154184
1757691526 1123 2574568 6154184
1757691527 1123 2574568 6154184
1757691528 1123 2575848 6154184
1757691529 1123 2577128 6154184
1757691530 1122 2577128 6154184
1757691531 1122 2578408 6154184
1757691532 1122 2578408 6154184
1757691533 1122 2579560 6154184
1757691534 1122 2580840 6154184
1757691535 1122 2580840 6154184
1757691536 1123 2582120 6154184
1757691538 1123 2582120 6154184
1757691539 1123 2583400 6154184
1757691540 1123 2584680 6154184
1757691541 1123 2584680 6154184
1757691542 1123 2585832 6154184
1757691543 1123 2585832 6154184
1757691544 1123 2587112 6154184
1757691545 1123 2588392 6154184
1757691546 1123 2588392 6154184
1757691547 1123 2589672 6154184
1757691548 1124 2589672 6154184
1757691549 1124 2590952 6154184
1757691550 1124 2592104 6154184
1757691551 1122 2592104 6154184
1757691552 1122 2593384 6154184
1757691553 1122 2594664 6154184
1757691554 1122 2594664 6154184
1757691555 1122 2595944 6154184
1757691556 1122 2595944 6154184
1757691557 1122 2597224 6154184
1757691558 1122 2597224 6154184
1757691560 1122 2598504 6154184
1757691561 1123 2599656 6154184
1757691562 1123 2599656 6154184
1757691563 1123 2600936 6154184
1757691564 1123 2602216 6154184
1757691565 1124 2602216 6154184
1757691566 1124 2603368 6154184
1757691567 1124 2603368 6154184
1757691568 1124 2604648 6154184
1757691569 1124 2605928 6154184
1757691570 1124 2605928 6154184
1757691571 1124 2607208 6154184
1757691572 1122 2607208 6154184
1757691573 1123 2608360 6154184
1757691574 1123 2609640 6154184
1757691575 1122 2609640 6154184
1757691576 1123 2610920 6154184
1757691577 1123 2610920 6154184
1757691579 1123 2612200 6154184
1757691580 1123 2613352 6154184
1757691581 1123 2613352 6154184
1757691582 1124 2614632 6154184
1757691583 1124 2615912 6154184
1757691584 1123 2615912 6154184
1757691585 1123 2617192 6154184
1757691586 1123 2617192 6154184
1757691587 1123 2618472 6154184
1757691588 1123 2618472 6154184
1757691589 1123 2619624 6154184
1757691590 1123 2620904 6154184
1757691591 1123 2620904 6154184
1757691592 1122 2622184 6154184
1757691593 1122 2622184 6154184
1757691594 1122 2623464 6154184
1757691595 1122 2624744 6154184
1757691596 1123 2624744 6154184
1757691597 1123 2625896 6154184
1757691599 1123 2627176 6154184
1757691600 1123 2627176 6154184
1757691601 1123 2628456 6154184
1757691602 1124 2628456 6154184
1757691603 1124 2629736 6154184
1757691604 1124 2630888 6154184
1757691605 1124 2630888 6154184
1757691606 1124 2632168 6154184
1757691607 1124 2633448 6154184
1757691608 1124 2633448 6154184
1757691609 1124 2634728 6154184
1757691610 1122 2634728 6154184
1757691611 1123 2635880 6154184
1757691612 1123 2637160 6154184
1757691613 1123 2637160 6154184
1757691614 1123 2638440 6154184
1757691615 1123 2638440 6154184
1757691616 1123 2639720 6154184
1757691617 1123 2641000 6154184
1757691618 1122 2641000 6154184
1757691620 1122 2642152 6154184
1757691621 1123 2642152 6154184
1757691622 1123 2643432 6154184
1757691623 1123 2644712 6154184
1757691624 1123 2644712 6154184
1757691625 1123 2645864 6154184
1757691626 1123 2645864 6154184
1757691627 1124 2647144 6154184
1757691628 1124 2648424 6154184
1757691629 1124 2648424 6154184
1757691630 1124 2649704 6154184
1757691631 1124 2649704 6154184
1757691632 1123 2650984 6154184
1757691633 1123 2652264 6154184
1757691634 1123 2652264 6154184
1757691635 1123 2653416 6154184
1757691636 1123 2654696 6154184
1757691638 1124 2654696 6154184
1757691639 1123 2655976 6154184
1757691640 1123 2655976 6154184
1757691641 1123 2657128 6154184
1757691642 1124 2658408 6154184
1757691643 1124 2658408 6154184
1757691644 1124 2659688 6154184
1757691645 1123 2659688 6154184
1757691646 1123 2660968 6154184
1757691647 1123 2662120 6154184
1757691648 1123 2662120 6154184
1757691649 1123 2663400 6154184
1757691650 1123 2663400 6154184
1757691651 1122 2664680 6154184
1757691652 1122 2665960 6154184
1757691653 1122 2665960 6154184
1757691654 1122 2667240 6154184
1757691655 1123 2667240 6154184
1757691657 1123 2668392 6154184
1757691658 1123 2669672 6154184
1757691659 1123 2669672 6154184
1757691660 1123 2670952 6154184
1757691661 1123 2672104 6154184
1757691662 1123 2672104 6154184
1757691663 1124 2673384 6154184
1757691664 1124 2673384 6154184
1757691665 1124 2674664 6154184
1757691666 1124 2675816 6154184
1757691667 1124 2675816 6154184
1757691668 1125 2677096 6154184
1757691669 1123 2677096 6154184
1757691670 1123 2678376 6154184
1757691671 1123 2679656 6154184
1757691672 1123 2679656 6154184
1757691673 1123 2680936 6154184
1757691674 1123 2682088 6154184
1757691675 1123 2682088 6154184
1757691677 1123 2683368 6154184
1757691678 1123 2683368 6154184
1757691679 1123 2684648 6154184
1757691680 1123 2685928 6154184
1757691681 1123 2685928 6154184
1757691682 1123 2687208 6154184
1757691683 1124 2687208 6154184
1757691684 1124 2688488 6154184
1757691685 1124 2689640 6154184
1757691686 1124 2689640 6154184
1757691687 1124 2690920 6154184
1757691688 1124 2690920 6154184
1757691689 1123 2692200 6154184
1757691690 1123 2693480 6154184
1757691691 1123 2693480 6154184
1757691692 1123 2694760 6154184
1757691693 1123 2694760 6154184
1757691695 1124 2696040 6154184
1757691696 1124 2697192 6154184
1757691697 1124 2697192 6154184
1757691698 1124 2698472 6154184
1757691699 1124 2699752 6154184
1757691700 1124 2699752 6154184
1757691701 1125 2701032 6154184
1757691702 1125 2701032 6154184
1757691703 1125 2702184 6154184
1757691704 1125 2703464 6154184
1757691705 1125 2703464 6154184
1757691706 1124 2704744 6154184
1757691707 1124 2704744 6154184
1757691708 1123 2705896 6154184
1757691709 1123 2707176 6154184
1757691710 1123 2707176 6154184
1757691711 1123 2708456 6154184
1757691712 1123 2708456 6154184
1757691713 1123 2709608 6154184
1757691714 1123 2709608 6154184
1757691715 1123 2710888 6154184
1757691717 1123 2712168 6154184
1757691718 1123 2712168 6154184
1757691719 1123 2713448 6154184
1757691720 1123 2714728 6154184
1757691721 1124 2714728 6154184
1757691722 1124 2716008 6154184
1757691723 1124 2716008 6154184
1757691724 1124 2717288 6154184
1757691725 1124 2718440 6154184
1757691726 1125 2718440 6154184
1757691727 1125 2719720 6154184
1757691728 1125 2721000 6154184
1757691729 1125 2721000 6154184
1757691730 1125 2722280 6154184
1757691731 1124 2722280 6154184
1757691732 1124 2723560 6154184
1757691733 1124 2724712 6154184
1757691734 1124 2724712 6154184
1757691735 1124 2725992 6154184
1757691736 1124 2727272 6154184
1757691737 1124 2727272 6154184
1757691739 1124 2728552 6154184
1757691740 1124 2728552 6154184
1757691741 1124 2729704 6154184
1757691742 1124 2729704 6154184
1757691743 1123 2730984 6154184
1757691744 1123 2732264 6154184
1757691745 1124 2732264 6154184
1757691746 1124 2733416 6154184
1757691747 1124 2733416 6154184
1757691748 1124 2734696 6154184
1757691749 1124 2735976 6154184
1757691750 1124 2735976 6154184
1757691751 1124 2737256 6154184
1757691752 1124 2737256 6154184
1757691753 1125 2738408 6154184
1757691754 1123 2739688 6154184
1757691755 1123 2739688 6154184
1757691756 1123 2740968 6154184
1757691757 1124 2740968 6154184
1757691758 1124 2742248 6154184
1757691759 1124 2743400 6154184
1757691760 1124 2743400 6154184
1757691762 1124 2744680 6154184
1757691763 1124 2745960 6154184
1757691764 1125 2745960 6154184
1757691765 1125 2747240 6154184
1757691766 1125 2747240 6154184
1757691767 1125 2748392 6154184
1757691768 1125 2749672 6154184
1757691769 1125 2749672 6154184
1757691770 1125 2750952 6154184
1757691771 1125 2750952 6154184
1757691772 1125 2752104 6154184
1757691773 1124 2753384 6154184
1757691774 1124 2753384 6154184
1757691775 1124 2754664 6154184
1757691776 1123 2754664 6154184
1757691777 1123 2755944 6154184
1757691778 1123 2757224 6154184
1757691779 1124 2757224 6154184
1757691780 1124 2758504 6154184
1757691781 1124 2758504 6154184
1757691782 1124 2759784 6154184
1757691784 1124 2760936 6154184
1757691785 1124 2760936 6154184
1757691786 1124 2762216 6154184
1757691787 1124 2762216 6154184
1757691788 1124 2763496 6154184
1757691789 1125 2764776 6154184
1757691790 1125 2764776 6154184
1757691791 1125 2765928 6154184
1757691792 1125 2767208 6154184
1757691793 1125 2767208 6154184
1757691794 1125 2768488 6154184
1757691795 1125 2768488 6154184
1757691796 1126 2769768 6154184
1757691797 1124 2770920 6154184
1757691798 1124 2770920 6154184
1757691799 1124 2772200 6154184
1757691800 1124 2772200 6154184
1757691801 1124 2773480 6154184
1757691802 1124 2774760 6154184
1757691804 1124 2774760 6154184
1757691805 1124 2775912 6154184
1757691806 1124 2775912 6154184
1757691807 1124 2777192 6154184
1757691808 1124 2778472 6154184
1757691809 1124 2778472 6154184
1757691810 1124 2779624 6154184
1757691811 1124 2779624 6154184
1757691812 1124 2780904 6154184
1757691813 1125 2782184 6154184
1757691814 1125 2782184 6154184
1757691815 1125 2783464 6154184
1757691816 1125 2784616 6154184
1757691817 1125 2784616 6154184
1757691818 1124 2785896 6154184
1757691819 1124 2785896 6154184
1757691820 1124 2787176 6154184
1757691821 1124 2788456 6154184
1757691822 1124 2788456 6154184
1757691823 1125 2789608 6154184
1757691824 1125 2789608 6154184
1757691826 1125 2790888 6154184
1757691827 1125 2792168 6154184
1757691828 1125 2792168 6154184
1757691829 1125 2793448 6154184
1757691830 1125 2793448 6154184
1757691831 1125 2794728 6154184
1757691832 1125 2796008 6154184
1757691833 1125 2796008 6154184
1757691834 1125 2797288 6154184
1757691835 1126 2798568 6154184
1757691836 1125 2798568 6154184
1757691837 1125 2799848 6154184
1757691838 1125 2799848 6154184
1757691839 1125 2801128 6154184
1757691840 1124 2801128 6154184
1757691841 1124 2802280 6154184
1757691842 1124 2803560 6154184
1757691843 1124 2803560 6154184
1757691844 1124 2804712 6154184
1757691846 1124 2805992 6154184
1757691847 1124 2805992 6154184
1757691848 1125 2807272 6154184
1757691849 1125 2807272 6154184
1757691850 1125 2808552 6154184
1757691851 1125 2809832 6154184
1757691852 1125 2809832 6154184
1757691853 1125 2811112 6154184
1757691854 1125 2811112 6154184
1757691855 1125 2812264 6154184
1757691856 1125 2813544 6154184
1757691857 1124 2813544 6154184
1757691858 1124 2814824 6154184
1757691859 1124 2814824 6154184
1757691860 1124 2816104 6154184
1757691861 1124 2816104 6154184
1757691862 1124 2817384 6154184
1757691863 1124 2817384 6154184
1757691864 1124 2818664 6154184
1757691866 1124 2819944 6154184
1757691867 1124 2819944 6154184
1757691868 1124 2821096 6154184
1757691869 1124 2822376 6154184
1757691870 1124 2822376 6154184
1757691871 1124 2823656 6154184
1757691872 1124 2823656 6154184
1757691873 1124 2824936 6154184
1757691874 1124 2826216 6154184
1757691875 1124 2826216 6154184
1757691876 1124 2827368 6154184
1757691877 1124 2827368 6154184
1757691878 1124 2828648 6154184
1757691879 1123 2829928 6154184
1757691880 1123 2829928 6154184
1757691881 1123 2831208 6154184
1757691882 1123 2831208 6154184
1757691883 1124 2832360 6154184
1757691884 1124 2833640 6154184
1757691885 1124 2833640 6154184
1757691886 1124 2834792 6154184
1757691888 1124 2836072 6154184
1757691889 1124 2836072 6154184
1757691890 1124 2837352 6154184
1757691891 1124 2837352 6154184
1757691892 1124 2838632 6154184
1757691893 1124 2839912 6154184
1757691894 1124 2839912 6154184
1757691895 1125 2841064 6154184
1757691896 1125 2841064 6154184
1757691897 1125 2842344 6154184
1757691898 1125 2843496 6154184
1757691899 1123 2843496 6154184
1757691900 1124 2844776 6154184
1757691901 1124 2844776 6154184
1757691902 1123 2846056 6154184
1757691903 1123 2847336 6154184
1757691904 1123 2847336 6154184
1757691906 1124 2848616 6154184
1757691907 1124 2848616 6154184
1757691908 1124 2849896 6154184
1757691909 1124 2851048 6154184
1757691910 1124 2851048 6154184
1757691911 1124 2852328 6154184
1757691912 1124 2852328 6154184
1757691913 1124 2853480 6154184
1757691914 1124 2854760 6154184
1757691915 1125 2854760 6154184
1757691916 1125 2856040 6154184
1757691917 1125 2857320 6154184
1757691918 1125 2857320 6154184
1757691919 1125 2858472 6154184
1757691920 1125 2858472 6154184
1757691921 1124 2859752 6154184
1757691922 1124 2861032 6154184
1757691923 1124 2861032 6154184
1757691924 1124 2862312 6154184
1757691925 1124 2862312 6154184
1757691926 1124 2863464 6154184
1757691927 1124 2864744 6154184
1757691928 1124 2864744 6154184
1757691929 1124 2866024 6154184
1757691930 1124 2866024 6154184
1757691932 1124 2867304 6154184
1757691933 1124 2867304 6154184
1757691934 1124 2868456 6154184
1757691935 1124 2869736 6154184
1757691936 1124 2869736 6154184
1757691937 1124 2871016 6154184
1757691938 1124 2871016 6154184
1757691939 1124 2872296 6154184
1757691940 1124 2873576 6154184
1757691941 1124 2873576 6154184
1757691942 1124 2874728 6154184
1757691943 1124 2874728 6154184
1757691944 1124 2876008 6154184
1757691945 1125 2877288 6154184
1757691946 1124 2877288 6154184
1757691947 1124 2878568 6154184
1757691948 1124 2879848 6154184
1757691949 1124 2879848 6154184
1757691950 1124 2881000 6154184
1757691951 1124 2881000 6154184
1757691952 1124 2882280 6154184
1757691954 1124 2883560 6154184
1757691955 1124 2883560 6154184
1757691956 1124 2884840 6154184
1757691957 1124 2884840 6154184
1757691958 1124 2886120 6154184
1757691959 1124 2887400 6154184
1757691960 1124 2887400 6154184
1757691961 1124 2888680 6154184
1757691962 1125 2889832 6154184
1757691963 1125 2889832 6154184
1757691964 1125 2891112 6154184
1757691965 1125 2891112 6154184
1757691966 1124 2892392 6154184
1757691967 1124 2893672 6154184
1757691968 1124 2893672 6154184
1757691969 1124 2894824 6154184
1757691970 1123 2894824 6154184
1757691971 1124 2896104 6154184
1757691972 1124 2896104 6154184
1757691974 1124 2897384 6154184
1757691975 1124 2898664 6154184
1757691976 1124 2898664 6154184
1757691977 1124 2899944 6154184
1757691978 1124 2901224 6154184
1757691979 1124 2901224 6154184
1757691980 1124 2902504 6154184
1757691981 1124 2902504 6154184
1757691982 1124 2903784 6154184
1757691983 1124 2903784 6154184
1757691984 1124 2904936 6154184
1757691985 1125 2906216 6154184
1757691986 1124 2906216 6154184
1757691987 1124 2907496 6154184
1757691988 1123 2907496 6154184
1757691989 1123 2908776 6154184
1757691990 1124 2909928 6154184
1757691991 1123 2909928 6154184
1757691992 1123 2911208 6154184
1757691993 1123 2911208 6154184
1757691994 1124 2912360 6154184
1757691995 1124 2913640 6154184
1757691997 1124 2913640 6154184
1757691998 1124 2914920 6154184
1757691999 1124 2916200 6154184
1757692000 1124 2916200 6154184
1757692001 1124 2917480 6154184
1757692002 1124 2917480 6154184
1757692003 1124 2918632 6154184
1757692004 1124 2919912 6154184
1757692005 1124 2919912 6154184
1757692006 1124 2921192 6154184
1757692007 1124 2921192 6154184
1757692008 1124 2922344 6154184
1757692009 1125 2923624 6154184
1757692010 1125 2923624 6154184
1757692011 1123 2924904 6154184
1757692012 1123 2924904 6154184
1757692013 1124 2926056 6154184
1757692014 1124 2927208 6154184
1757692015 1124 2927208 6154184
1757692016 1124 2928488 6154184
1757692017 1124 2929768 6154184
1757692019 1124 2929768 6154184
1757692020 1124 2931048 6154184
1757692021 1124 2931048 6154184
1757692022 1124 2932328 6154184
1757692023 1124 2933608 6154184
1757692024 1124 2933608 6154184
1757692025 1124 2934888 6154184
1757692026 1124 2934888 6154184
1757692027 1124 2936168 6154184
1757692028 1125 2937448 6154184
1757692029 1125 2937448 6154184
1757692030 1125 2938728 6154184
1757692031 1125 2940008 6154184
1757692032 1124 2940008 6154184
1757692033 1124 2941288 6154184
1757692034 1124 2941288 6154184
1757692035 1124 2942440 6154184
1757692036 1124 2943720 6154184
1757692037 1124 2943720 6154184
1757692039 1124 2945000 6154184
1757692040 1124 2945000 6154184
1757692041 1124 2946152 6154184
1757692042 1124 2947432 6154184
1757692043 1124 2947432 6154184
1757692044 1124 2947432 6154184
1757692045 1124 2947432 6154184
1757692046 1124 2947432 6154184
1757692047 1125 2947432 6154184
1757692048 1125 2947432 6154184
1757692049 1125 2947432 6154184
1757692050 1125 2947432 6154184
1757692051 1125 2947432 6154184
1757692052 1125 2947432 6154184
1757692053 1125 2947432 6154184
1757692054 1124 2947432 6154184
1757692055 1124 2947432 6154184
1757692056 1124 2947432 6154184
1757692057 1124 2947432 6154184
1757692058 1124 2947432 6154184
1757692059 1124 2947432 6154184
1757692060 1124 2947432 6154184
1757692062 1124 2947432 6154184
1757692063 1124 2947432 6154184
1757692064 1125 2947432 6154184
1757692065 1125 2947432 6154184
1757692066 1125 2947432 6154184
1757692067 1125 2947432 6154184
1757692068 1125 2947432 6154184
1757692069 1125 2947432 6154184
1757692070 1125 2947432 6154184
1757692071 1125 2947432 6154184
1757692072 1125 2947432 6154184
1757692073 1125 2947432 6154184
1757692074 1125 2947432 6154184
1757692075 1124 2947432 6154184
1757692076 1124 2947432 6154184
1757692077 1124 2947432 6154184
1757692078 1124 2947432 6154184
1757692079 1124 2947432 6154184
1757692080 1124 2947432 6154184
1757692082 1124 2947432 6154184
1757692083 1124 2947432 6154184
1757692084 1124 2947432 6154184
1757692085 1124 2947432 6154184
1757692086 1124 2947432 6154184
1757692087 1124 2947432 6154184
1757692088 1124 2947432 6154184
1757692089 1124 2947432 6154184
1757692090 1124 2947432 6154184
1757692091 1125 2947432 6154184
1757692092 1125 2947432 6154184
1757692093 1125 2947432 6154184
1757692094 1125 2947432 6154184
1757692095 1125 2947432 6154184
1757692096 1124 2947432 6154184
1757692097 1124 2476852 3810944
1757692098 1125 2478004 3810944
1757692100 1125 2478004 3810944
1757692101 1126 2478004 3810944
1757692102 1126 2478004 3810944
