1757684686  0.0 13312 642536
1757684687  299 933228 2275232
1757684688  704 1404816 3191552
1757684689  918 1304560 4103400
1757684690 1087 1305456 4103400
1757684691 1207 1306096 4103400
1757684692 1283 1306992 4103400
1757684693 1336 1307760 4103400
1757684694 1380 1308656 4103400
1757684695 1404 1309680 4103400
1757684696 1412 1310448 4103400
1757684697 1298 1311088 4103400
1757684698 1320 1311984 4103400
1757684699 1344 1312752 4103400
1757684700 1365 1313648 4103400
1757684701 1372 1314416 4103400
1757684703 1391 1315312 4103400
1757684704 1404 1316208 4103400
1757684705 1418 1316976 4103400
1757684706 1431 1317872 4103400
1757684707 1442 1318768 4103400
1757684708 1451 1319536 4103400
1757684709 1455 1320432 4103400
1757684710 1460 1321200 4103400
1757684711 1463 1322096 4103400
1757684712 1409 1322736 4103400
1757684713 1405 1323504 4103400
1757684714 1413 1324400 4103400
1757684715 1421 1325040 4103400
1757684716 1425 1326064 4103400
1757684718 1424 1326704 4103400
1757684719 1422 1327344 4103400
1757684720 1430 1328368 4103400
1757684721 1435 1329136 4103400
1757684722 1442 1330032 4103400
1757684723 1447 1330928 4103400
1757684724 1453 1331696 4103400
1757684725 1457 1332464 4103400
1757684726 1461 1333104 4103400
1757684727 1466 1334000 4103400
1757684728 1436 1334896 4103400
1757684729 1439 1335664 4103400
1757684730 1440 1336304 4103400
1757684731 1444 1337328 4103400
1757684732 1447 1338096 4103400
1757684734 1452 1338992 4103400
1757684735 1455 1339888 4103400
1757684736 1459 1340656 4103400
1757684737 1463 1341552 4103400
1757684738 1467 1342192 4103400
1757684739 1471 1343216 4103400
1757684740 1475 1344112 4103400
1757684741 1475 1344752 4103400
1757684742 1470 1345520 4103400
1757684743 1471 1346288 4103400
1757684744 1468 1347056 4103400
1757684745 1446 1347824 4103400
1757684746 1448 1348592 4103400
1757684747 1449 1349488 4103400
1757684748 1447 1350128 4103400
1757684749 1444 1350896 4103400
1757684750 1446 1351664 4103400
1757684752 1450 1352560 4103400
1757684753 1454 1353584 4103400
1757684754 1457 1354224 4103400
1757684755 1461 1355120 4103400
1757684756 1463 1355888 4103400
1757684757 1466 1356784 4103400
1757684758 1469 1357808 4103400
1757684759 1472 1358448 4103400
1757684760 1475 1359344 4103400
1757684761 1477 1360368 4103400
1757684762 1457 1361008 4103400
1757684763 1456 1361648 4103400
1757684764 1455 1362288 4103400
1757684765 1458 1363312 4103400
1757684766 1461 1363952 4103400
1757684767 1462 1364848 4103400
1757684769 1465 1365616 4103400
1757684770 1466 1366640 4103400
1757684771 1469 1367408 4103400
1757684772 1471 1368176 4103400
1757684773 1472 1368944 4103400
1757684774 1474 1369840 4103400
1757684775 1469 1370608 4103400
1757684776 1465 1371248 4103400
1757684777 1465 1372016 4103400
1757684778 1465 1372784 4103400
1757684779 1461 1373552 4103400
1757684780 1460 1374192 4103400
1757684781 1446 1375088 4103400
1757684782 1448 1375856 4103400
1757684783 1450 1376880 4103400
1757684784 1453 1377776 4103400
1757684785 1455 1378544 4103400
1757684787 1457 1379440 4103400
1757684788 1459 1380208 4103400
1757684789 1461 1381104 4103400
1757684790 1463 1382000 4103400
1757684791 1465 1382768 4103400
1757684792 1468 1383664 4103400
1757684793 1469 1384304 4103400
1757684794 1471 1385328 4103400
1757684795 1472 1385968 4103400
1757684796 1471 1386992 4103400
1757684797 1458 1387504 4103400
1757684798 1459 1388144 4103400
1757684799 1461 1389168 4103400
1757684800 1462 1389808 4103400
1757684801 1464 1390832 4103400
1757684803 1465 1391472 4103400
1757684804 1466 1392496 4103400
1757684805 1466 1393264 4103400
1757684806 1465 1393776 4103400
1757684807 1466 1394800 4103400
1757684808 1466 1395568 4103400
1757684809 1464 1396208 4103400
1757684810 1462 1396720 4103400
1757684811 1462 1397744 4103400
1757684812 1464 1398512 4103400
1757684813 1465 1399280 4103400
1757684814 1454 1400048 4103400
1757684815 1456 1401072 4103400
1757684816 1458 1401712 4103400
1757684817 1459 1402608 4103400
1757684819 1461 1403632 4103400
1757684820 1463 1404272 4103400
1757684821 1465 1405168 4103400
1757684822 1466 1406192 4103400
1757684823 1467 1406832 4103400
1757684824 1468 1407856 4103400
1757684825 1469 1408496 4103400
1757684826 1471 1409520 4103400
1757684827 1472 1410160 4103400
1757684828 1462 1411056 4103400
1757684829 1463 1411696 4103400
1757684830 1464 1412720 4103400
1757684831 1464 1413488 4103400
1757684832 1465 1414384 4103400
1757684834 1466 1415152 4103400
1757684835 1467 1416048 4103400
1757684836 1468 1416944 4103400
1757684837 1466 1417456 4103400
1757684838 1467 1418352 4103400
1757684839 1468 1419120 4103400
1757684840 1467 1419888 4103400
1757684841 1465 1420528 4103400
1757684842 1465 1421552 4103400
1757684843 1465 1422320 4103400
1757684844 1467 1423216 4103400
1757684845 1458 1423984 4103400
1757684846 1459 1424880 4103400
1757684847 1461 1425520 4103400
1757684848 1462 1426544 4103400
1757684849 1463 1427440 4103400
1757684851 1465 1428208 4103400
1757684852 1466 1429104 4103400
1757684853 1468 1430000 4103400
1757684854 1469 1430768 4103400
1757684855 1469 1431664 4103400
1757684856 1471 1432432 4103400
1757684857 1472 1433328 4103400
1757684858 1473 1434096 4103400
1757684859 1474 1434992 4103400
1757684860 1467 1435888 4103400
1757684861 1468 1436656 4103400
1757684862 1468 1437424 4103400
1757684863 1468 1438064 4103400
1757684864 1468 1438832 4103400
1757684866 1468 1439728 4103400
1757684867 1469 1440368 4103400
1757684868 1469 1441136 4103400
1757684869 1469 1442160 4103400
1757684870 1468 1442928 4103400
1757684871 1466 1443440 4103400
1757684872 1467 1444336 4103400
1757684873 1467 1444976 4103400
1757684874 1465 1445744 4103400
1757684875 1464 1446384 4103400
1757684876 1465 1447408 4103400
1757684877 1466 1448304 4103400
1757684878 1467 1448944 4103400
1757684879 1461 1449968 4103400
1757684880 1462 1450864 4103400
1757684881 1463 1451632 4103400
1757684882 1464 1452528 4103400
1757684884 1465 1453424 4103400
1757684885 1466 1454448 4103400
1757684886 1467 1455088 4103400
1757684887 1468 1455984 4103400
1757684888 1470 1457008 4103400
1757684889 1471 1457648 4103400
1757684890 1471 1458672 4103400
1757684891 1472 1459568 4103400
1757684892 1473 1460208 4103400
1757684893 1474 1461232 4103400
1757684894 1467 1461744 4103400
1757684895 1467 1462768 4103400
1757684896 1466 1463536 4103400
1757684897 1466 1464304 4103400
1757684898 1467 1464944 4103400
1757684900 1466 1465712 4103400
1757684901 1465 1466352 4103400
1757684902 1465 1467376 4103400
1757684903 1465 1468016 4103400
1757684904 1465 1468784 4103400
1757684905 1466 1469680 4103400
1757684906 1467 1470448 4103400
1757684907 1467 1471216 4103400
1757684908 1466 1471984 4103400
1757684909 1466 1472624 4103400
1757684910 1467 1473392 4103400
1757684911 1467 1474288 4103400
1757684912 1462 1475056 4103400
1757684913 1463 1475952 4103400
1757684914 1464 1476848 4103400
1757684915 1464 1477616 4103400
1757684916 1466 1478512 4103400
1757684918 1466 1479280 4103400
1757684919 1467 1480176 4103400
1757684920 1468 1481072 4103400
1757684921 1469 1481840 4103400
1757684922 1470 1482736 4103400
1757684923 1470 1483376 4103400
1757684924 1471 1484400 4103400
1757684925 1471 1485040 4103400
1757684926 1472 1486064 4103400
1757684927 1472 1486704 4103400
1757684928 1473 1487600 4103400
1757684929 1466 1488368 4103400
1757684930 1466 1489008 4103400
1757684931 1465 1489648 4103400
1757684932 1463 1490416 4103400
1757684933 1464 1491184 4103400
1757684935 1464 1492080 4103400
1757684936 1465 1492720 4103400
1757684937 1466 1493616 4103400
1757684938 1467 1494640 4103400
1757684939 1467 1495280 4103400
1757684940 1467 1496304 4103400
1757684941 1468 1496944 4103400
1757684942 1468 1497840 4103400
1757684943 1469 1498608 4103400
1757684944 1469 1499504 4103400
1757684945 1465 1500400 4103400
1757684946 1465 1501168 4103400
1757684947 1466 1502064 4103400
1757684948 1467 1502832 4103400
1757684949 1467 1503728 4103400
1757684951 1468 1504496 4103400
1757684952 1469 1505520 4103400
1757684953 1469 1506416 4103400
1757684954 1470 1507056 4103400
1757684955 1470 1507952 4103400
1757684956 1471 1508720 4103400
1757684957 1471 1509616 4103400
1757684958 1471 1510256 4103400
1757684959 1472 1511280 4103400
1757684960 1473 1511920 4103400
1757684961 1468 1512944 4103400
1757684962 1467 1513712 4103400
1757684963 1465 1514480 4103400
1757684964 1465 1515120 4103400
1757684965 1465 1515888 4103400
1757684966 1465 1516656 4103400
1757684968 1465 1517552 4103400
1757684969 1466 1518192 4103400
1757684970 1467 1519216 4103400
1757684971 1468 1520112 4103400
1757684972 1468 1520880 4103400
1757684973 1469 1521776 4103400
1757684974 1469 1522416 4103400
1757684975 1469 1523056 4103400
1757684976 1469 1523952 4103400
1757684977 1470 1524720 4103400
1757684978 1465 1525616 4103400
1757684979 1466 1526384 4103400
1757684980 1466 1527280 4103400
1757684981 1467 1528048 4103400
1757684982 1467 1528944 4103400
1757684984 1468 1529968 4103400
1757684985 1469 1530608 4103400
1757684986 1469 1531632 4103400
1757684987 1469 1532272 4103400
1757684988 1469 1533040 4103400
1757684989 1470 1534064 4103400
1757684990 1470 1534960 4103400
1757684991 1471 1535728 4103400
1757684992 1472 1536624 4103400
1757684993 1472 1537264 4103400
1757684994 1467 1538288 4103400
1757684995 1466 1538928 4103400
1757684996 1466 1539568 4103400
1757684997 1465 1540336 4103400
1757684998 1466 1540976 4103400
1757685000 1466 1541872 4103400
1757685001 1467 1542512 4103400
1757685002 1467 1543408 4103400
1757685003 1468 1544432 4103400
1757685004 1468 1545072 4103400
1757685005 1469 1546096 4103400
1757685006 1469 1546608 4103400
1757685007 1469 1547632 4103400
1757685008 1469 1548400 4103400
1757685009 1470 1549296 4103400
1757685010 1471 1550192 4103400
1757685011 1467 1550960 4103400
1757685012 1467 1551856 4103400
1757685013 1468 1552624 4103400
1757685014 1468 1553520 4103400
1757685015 1469 1554160 4103400
1757685017 1469 1555056 4103400
1757685018 1469 1555696 4103400
1757685019 1469 1556336 4103400
1757685020 1470 1557360 4103400
1757685021 1470 1558000 4103400
1757685022 1470 1559024 4103400
1757685023 1471 1559920 4103400
1757685024 1471 1560688 4103400
1757685025 1471 1561584 4103400
1757685026 1470 1562096 4103400
1757685027 1470 1562864 4103400
1757685028 1466 1563760 4103400
1757685029 1465 1564528 4103400
1757685030 1465 1565296 4103400
1757685031 1465 1566192 4103400
1757685032 1466 1566960 4103400
1757685033 1466 1567856 4103400
1757685035 1467 1568752 4103400
1757685036 1468 1569520 4103400
1757685037 1468 1570416 4103400
1757685038 1469 1571440 4103400
1757685039 1469 1572080 4103400
1757685040 1468 1572720 4103400
1757685041 1468 1573360 4103400
1757685042 1468 1574128 4103400
1757685043 1468 1575024 4103400
1757685044 1469 1575792 4103400
1757685045 1469 1576560 4103400
1757685046 1469 1577328 4103400
1757685047 1465 1578096 4103400
1757685048 1466 1578992 4103400
1757685049 1466 1579888 4103400
1757685050 1467 1580528 4103400
1757685052 1467 1581424 4103400
1757685053 1468 1582192 4103400
1757685054 1468 1583088 4103400
1757685055 1469 1583984 4103400
1757685056 1469 1584752 4103400
1757685057 1469 1585520 4103400
1757685058 1469 1586288 4103400
1757685059 1469 1587184 4103400
1757685060 1469 1587952 4103400
1757685061 1469 1588848 4103400
1757685062 1465 1589488 4103400
1757685063 1465 1590256 4103400
1757685064 1465 1591024 4103400
1757685065 1465 1591920 4103400
1757685066 1466 1592560 4103400
1757685068 1466 1593584 4103400
1757685069 1467 1594480 4103400
1757685070 1467 1595248 4103400
1757685071 1468 1596144 4103400
1757685072 1468 1596784 4103400
1757685073 1468 1597424 4103400
1757685074 1468 1598192 4103400
1757685075 1468 1599216 4103400
1757685076 1468 1599984 4103400
1757685077 1468 1600880 4103400
1757685078 1469 1601520 4103400
1757685079 1465 1602288 4103400
1757685080 1466 1603184 4103400
1757685081 1466 1604208 4103400
1757685082 1466 1604848 4103400
1757685083 1467 1605744 4103400
1757685085 1467 1606512 4103400
1757685086 1468 1607408 4103400
1757685087 1468 1608176 4103400
1757685088 1468 1608816 4103400
1757685089 1468 1609584 4103400
1757685090 1467 1610608 4103400
1757685091 1467 1611248 4103400
1757685092 1468 1611888 4103400
1757685093 1468 1612912 4103400
1757685094 1468 1613552 4103400
1757685095 1465 1614448 4103400
1757685096 1465 1615088 4103400
1757685097 1465 1616112 4103400
1757685098 1466 1616752 4103400
1757685099 1466 1617648 4103400
1757685101 1467 1618672 4103400
1757685102 1467 1619312 4103400
1757685103 1468 1620208 4103400
1757685104 1468 1621232 4103400
1757685105 1469 1621872 4103400
1757685106 1469 1622640 4103400
1757685107 1469 1623536 4103400
1757685108 1468 1624304 4103400
1757685109 1469 1625072 4103400
1757685110 1469 1625968 4103400
1757685111 1466 1626992 4103400
1757685112 1466 1627632 4103400
1757685113 1467 1628528 4103400
1757685114 1467 1629168 4103400
1757685115 1468 1630192 4103400
1757685117 1468 1631088 4103400
1757685118 1468 1631728 4103400
1757685119 1469 1632752 4103400
1757685120 1468 1633136 4103400
1757685121 1468 1633904 4103400
1757685122 1468 1634544 4103400
1757685123 1468 1635568 4103400
1757685124 1468 1636208 4103400
1757685125 1469 1637104 4103400
1757685126 1469 1638128 4103400
1757685127 1470 1638768 4103400
1757685128 1466 1639536 4103400
1757685129 1466 1640304 4103400
1757685130 1466 1641328 4103400
1757685131 1466 1642096 4103400
1757685132 1467 1642992 4103400
1757685134 1467 1643632 4103400
1757685135 1468 1644656 4103400
1757685136 1468 1645552 4103400
1757685137 1469 1646320 4103400
1757685138 1469 1646960 4103400
1757685139 1468 1647728 4103400
1757685140 1468 1648496 4103400
1757685141 1468 1649392 4103400
1757685142 1468 1650160 4103400
1757685143 1465 1651056 4103400
1757685144 1466 1651696 4103400
1757685145 1466 1652720 4103400
1757685146 1466 1653488 4103400
1757685147 1467 1654256 4103400
1757685149 1467 1655280 4103400
1757685150 1468 1656176 4103400
1757685151 1468 1656944 4103400
1757685152 1467 1657584 4103400
1757685153 1467 1658224 4103400
1757685154 1468 1659120 4103400
1757685155 1468 1659888 4103400
1757685156 1468 1660784 4103400
1757685157 1468 1661552 4103400
1757685158 1469 1662448 4103400
1757685159 1466 1663088 4103400
1757685160 1467 1664112 4103400
1757685161 1467 1664752 4103400
1757685162 1467 1665520 4103400
1757685163 1467 1666544 4103400
1757685165 1467 1667184 4103400
1757685166 1467 1668208 4103400
1757685167 1468 1668848 4103400
1757685168 1468 1669616 4103400
1757685169 1468 1670256 4103400
1757685170 1468 1671280 4103400
1757685171 1468 1671664 4103400
1757685172 1468 1672304 4103400
1757685173 1468 1673328 4103400
1757685174 1468 1673968 4103400
1757685175 1468 1674864 4103400
1757685176 1466 1675632 4103400
1757685177 1466 1676528 4103400
1757685178 1467 1677424 4103400
1757685179 1467 1678192 4103400
1757685180 1467 1679088 4103400
1757685182 1468 1679856 4103400
1757685183 1467 1680496 4103400
1757685184 1468 1681520 4103400
1757685185 1467 1682160 4103400
1757685186 1467 1682928 4103400
1757685187 1468 1683824 4103400
1757685188 1468 1684720 4103400
1757685189 1469 1685744 4103400
1757685190 1469 1686384 4103400
1757685191 1467 1687408 4103400
1757685192 1467 1688304 4103400
1757685193 1468 1688944 4103400
1757685194 1468 1689968 4103400
1757685195 1468 1690608 4103400
1757685197 1468 1691632 4103400
1757685198 1468 1692400 4103400
1757685199 1468 1693040 4103400
1757685200 1468 1693936 4103400
1757685201 1468 1694960 4103400
1757685202 1469 1695600 4103400
1757685203 1469 1696496 4103400
1757685204 1469 1697264 4103400
1757685205 1469 1697904 4103400
1757685206 1469 1698672 4103400
1757685207 1466 1699568 4103400
1757685208 1467 1700336 4103400
1757685209 1467 1701232 4103400
1757685210 1468 1702128 4103400
1757685211 1468 1702896 4103400
1757685213 1468 1703792 4103400
1757685214 1468 1704432 4103400
1757685215 1467 1705200 4103400
1757685216 1467 1705840 4103400
1757685217 1467 1706608 4103400
1757685218 1467 1707248 4103400
1757685219 1468 1708272 4103400
1757685220 1468 1709168 4103400
1757685221 1468 1709936 4103400
1757685222 1469 1710832 4103400
1757685223 1466 1711472 4103400
1757685224 1467 1712496 4103400
1757685225 1467 1713392 4103400
1757685226 1468 1713392 4103400
1757685228 1468 1713392 4103400
1757685229 1468 1713392 4103400
1757685230 1468 1713392 4103400
1757685231 1468 1713392 4103400
1757685232 1468 1713392 4103400
1757685233 1468 1713392 4103400
1757685234 1468 1713392 4103400
1757685235 1469 1713392 4103400
1757685236 1469 1713392 4103400
1757685237 1469 1713392 4103400
1757685238 1470 1713392 4103400
1757685239 1467 1713392 4103400
1757685240 1467 1713392 4103400
1757685241 1467 1713392 4103400
1757685242 1468 1713392 4103400
1757685243 1468 1713392 4103400
1757685245 1468 1713392 4103400
1757685246 1468 1713392 4103400
1757685247 1467 1713392 4103400
1757685248 1468 1713392 4103400
1757685249 1468 1713392 4103400
1757685250 1468 1713392 4103400
1757685251 1468 1713392 4103400
1757685252 1469 1713392 4103400
1757685253 1469 1713392 4103400
1757685254 1469 1713392 4103400
1757685255 1467 1713392 4103400
1757685256 1468 1713392 4103400
1757685257 1468 1713392 4103400
1757685258 1468 1713392 4103400
1757685259 1469 1713392 4103400
1757685260 1469 1713392 4103400
1757685262 1468 1713392 4103400
1757685263 1468 1713392 4103400
1757685264 1468 1713392 4103400
1757685265 1468 1489464 3663944
1757685266 1469 1436644 2785548
