1757681775  3.0 13440 642536
1757681776  711 231316 1760184
1757681777 1028 232596 1760184
1757681778 1198 233748 1760184
1757681779 1279 234644 1760184
1757681780 1350 235924 1760184
1757681782 1395 237076 1760184
1757681783 1431 238228 1760184
1757681784 1455 239252 1760184
1757681785 1480 240532 1760184
1757681786 1495 241428 1760184
1757681787 1489 242452 1760184
1757681788 1480 243348 1760184
1757681789 1473 244116 1760184
1757681790 1471 245012 1760184
1757681791 1385 245908 1760184
1757681792 1399 247060 1760184
1757681793 1414 248212 1760184
1757681794 1428 249364 1760184
1757681795 1439 250516 1760184
1757681797 1451 251668 1760184
1757681798 1458 252820 1760184
1757681799 1468 253972 1760184
1757681800 1477 255252 1760184
1757681801 1485 256404 1760184
1757681802 1493 257556 1760184
1757681803 1498 258580 1760184
1757681804 1505 259732 1760184
1757681805 1510 261012 1760184
1757681806 1516 262164 1760184
1757681807 1475 263188 1760184
1757681808 1482 264468 1760184
1757681809 1487 265620 1760184
1757681810 1493 266772 1760184
1757681811 1499 268052 1760184
1757681813 1503 269204 1760184
1757681814 1508 269588 1760184
1757681815 1512 269588 1760184
1757681816 1516 269588 1760184
1757681817 1519 269588 1760184
1757681818 1519 269588 1760184
1757681819 1522 269588 1760184
1757681820 1522 269588 1760184
1757681821 1517 269588 1760184
1757681822 1482 269588 1760184
1757681823 1480 269588 1760184
1757681824 1484 269588 1760184
