1757706704  0.0 15360 609920
1757706705  299 1133232 2616876
1757706706  200 1944116 3837744
1757706707  168 3005984 6279152
1757706708  468 3762592 6316552
1757706709  678 3763104 6316552
1757706710  826 3763104 6316552
1757706711  930 3763104 6316552
1757706712  909 3347176 8790876
1757706713  996 3352552 8791056
1757706714 1066 3353320 8791056
1757706715 1122 3354088 8791056
1757706716 1078 3354856 8791056
1757706717 1123 3355240 8791056
1757706718 1159 3356008 8791056
1757706719 1193 3356776 8791056
1757706720 1219 3357160 8791056
1757706722 1245 3357928 8791056
1757706723 1268 3358440 8791056
1757706724 1290 3359208 8791056
1757706725 1305 3359592 8791056
1757706726 1316 3359976 8791056
1757706727 1327 3359976 8791056
1757706728 1333 3359976 8791056
1757706729 1344 3359976 8791056
1757706730 1354 3360360 8791056
1757706731 1316 3360872 8791056
1757706732 1327 3361640 8791056
1757706733 1340 3362024 8791056
1757706734 1351 3362792 8791056
1757706735 1362 3363688 8791056
1757706737 1368 3363688 8791056
1757706738 1374 3363688 8791056
1757706739 1380 3363688 8791056
1757706740 1385 3364072 8791056
1757706741 1393 3364840 8791056
1757706742 1398 3364840 8791056
1757706743 1403 3364840 8791056
1757706744 1407 3364840 8791056
1757706745 1414 3365608 8791056
1757706746 1421 3366376 8791056
1757706747 1395 3367144 8791056
1757706748 1400 3367528 8791056
1757706749 1406 3368296 8791056
1757706750 1413 3369064 8791056
1757706751 1418 3369576 8791056
1757706753 1424 3370344 8791056
1757706754 1428 3370728 8791056
1757706755 1433 3371496 8791056
1757706756 1437 3371880 8791056
1757706757 1439 3371880 8791056
1757706758 1440 3371880 8791056
1757706759 1441 3371880 8791056
1757706760 1444 3371880 8791056
1757706761 1446 3372264 8791056
1757706762 1424 3373032 8791056
1757706763 1428 3373416 8791056
1757706764 1433 3374184 8791056
1757706765 1437 3374568 8791056
1757706767 1441 3375336 8791056
1757706768 1444 3376104 8791056
1757706769 1448 3376872 8791056
1757706770 1450 3376872 8791056
1757706771 1452 3376872 8791056
1757706772 1454 3376872 8791056
1757706773 1456 3377256 8791056
1757706774 1459 3378152 8791056
1757706775 1461 3378152 8791056
1757706776 1463 3378152 8791056
1757706777 1444 3378536 8791056
1757706778 1448 3379304 8791056
1757706779 1451 3379688 8791056
1757706780 1454 3380456 8791056
1757706781 1456 3380840 8791056
1757706783 1458 3381352 8791056
1757706784 1461 3382120 8791056
1757706785 1464 3382504 8791056
1757706786 1467 3383272 8791056
1757706787 1468 3383656 8791056
1757706788 1469 3383656 8791056
1757706789 1469 3383656 8791056
1757706790 1469 3384040 8791056
1757706791 1470 3384040 8791056
1757706792 1472 3384424 8791056
1757706793 1458 3384808 8791056
1757706794 1460 3385576 8791056
1757706795 1463 3386344 8791056
1757706796 1465 3387112 8791056
1757706797 1468 3387880 8791056
1757706799 1470 3388264 8791056
1757706800 1472 3389032 8791056
1757706801 1474 3389416 8791056
1757706802 1477 3390184 8791056
1757706803 1477 3390184 8791056
1757706804 1479 3390184 8791056
1757706805 1479 3390184 8791056
1757706806 1481 3391080 8791056
1757706807 1483 3391848 8791056
1757706808 1470 3391848 8791056
1757706809 1471 3391848 8791056
1757706810 1472 3392232 8791056
1757706811 1474 3392616 8791056
1757706812 1476 3393384 8791056
1757706814 1478 3393768 8791056
1757706815 1479 3394536 8791056
1757706816 1481 3395304 8791056
1757706817 1483 3395688 8791056
1757706818 1484 3396072 8791056
1757706819 1484 3396072 8791056
1757706820 1485 3396072 8791056
1757706821 1485 3396072 8791056
1757706822 1486 3396840 8791056
1757706823 1487 3396840 8791056
1757706824 1476 3397608 8791056
1757706825 1478 3398376 8791056
1757706826 1480 3398760 8791056
1757706827 1481 3399528 8791056
1757706829 1483 3399912 8791056
1757706830 1484 3400680 8791056
1757706831 1486 3401448 8791056
1757706832 1488 3402216 8791056
1757706833 1489 3403112 8791056
1757706834 1491 3403496 8791056
1757706835 1492 3404264 8791056
1757706836 1493 3404264 8791056
1757706837 1494 3404264 8791056
1757706838 1494 3404264 8791056
1757706839 1485 3405032 8791056
1757706840 1485 3405416 8791056
1757706841 1486 3405416 8791056
1757706842 1487 3405416 8791056
1757706843 1488 3405800 8791056
1757706845 1489 3406568 8791056
1757706846 1490 3406952 8791056
1757706847 1492 3407720 8791056
1757706848 1493 3408488 8791056
1757706849 1494 3409000 8791056
1757706850 1494 3409000 8791056
1757706851 1494 3409000 8791056
1757706852 1493 3409000 8791056
1757706853 1494 3409384 8791056
1757706854 1495 3409768 8791056
1757706855 1486 3410152 8791056
1757706856 1488 3410920 8791056
1757706857 1489 3411688 8791056
1757706858 1490 3412072 8791056
1757706859 1491 3412840 8791056
1757706861 1492 3413224 8791056
1757706862 1493 3413992 8791056
1757706863 1495 3414760 8791056
1757706864 1495 3415144 8791056
1757706865 1497 3415912 8791056
1757706866 1498 3416680 8791056
1757706867 1499 3417576 8791056
1757706868 1500 3417960 8791056
1757706869 1500 3418344 8791056
1757706870 1501 3418344 8791056
1757706871 1492 3418344 8791056
1757706872 1493 3418728 8791056
1757706873 1494 3419112 8791056
1757706874 1495 3419112 8791056
1757706875 1495 3419112 8791056
1757706877 1495 3419496 8791056
1757706878 1497 3420392 8791056
1757706879 1498 3421160 8791056
1757706880 1498 3421544 8791056
1757706881 1498 3421544 8791056
1757706882 1498 3421928 8791056
1757706883 1498 3421928 8791056
1757706884 1499 3421928 8791056
1757706885 1500 3422312 8791056
1757706886 1501 3423080 8791056
1757706887 1493 3423464 8791056
1757706888 1494 3424232 8791056
1757706889 1495 3425000 8791056
1757706890 1496 3425384 8791056
1757706892 1497 3426152 8791056
1757706893 1498 3426664 8791056
1757706894 1499 3427432 8791056
1757706895 1500 3428200 8791056
1757706896 1501 3428584 8791056
1757706897 1502 3429352 8791056
1757706898 1503 3430248 8791056
1757706899 1504 3430632 8791056
1757706900 1505 3431400 8791056
1757706901 1506 3431784 8791056
1757706902 1498 3432168 8791056
1757706903 1499 3432168 8791056
1757706904 1499 3432168 8791056
1757706905 1500 3432552 8791056
1757706907 1501 3432936 8791056
1757706908 1501 3432936 8791056
1757706909 1501 3432936 8791056
1757706910 1502 3433320 8791056
1757706911 1503 3434088 8791056
1757706912 1503 3434088 8791056
1757706913 1503 3434088 8791056
1757706914 1503 3434088 8791056
1757706915 1503 3434472 8791056
1757706916 1504 3434472 8791056
1757706917 1497 3435240 8791056
1757706918 1498 3435624 8791056
1757706919 1499 3436392 8791056
1757706920 1500 3437160 8791056
1757706921 1501 3437928 8791056
1757706923 1502 3438312 8791056
1757706924 1503 3439208 8791056
1757706925 1503 3439976 8791056
1757706926 1504 3440360 8791056
1757706927 1505 3441128 8791056
1757706928 1506 3441896 8791056
1757706929 1507 3442280 8791056
1757706930 1507 3443048 8791056
1757706931 1508 3443816 8791056
1757706932 1502 3444200 8791056
1757706933 1503 3444968 8791056
1757706934 1504 3445736 8791056
1757706935 1504 3445736 8791056
1757706936 1505 3445736 8791056
1757706938 1505 3445736 8791056
1757706939 1505 3446120 8791056
1757706940 1505 3446120 8791056
1757706941 1506 3446120 8791056
1757706942 1506 3446120 8791056
1757706943 1506 3446120 8791056
1757706944 1506 3446504 8791056
1757706945 1506 3446504 8791056
1757706946 1506 3446504 8791056
1757706947 1507 3447272 8791056
1757706948 1501 3447656 8791056
1757706949 1502 3448040 8791056
1757706950 1503 3448808 8791056
1757706951 1503 3449192 8791056
1757706952 1504 3449960 8791056
1757706954 1505 3450728 8791056
1757706955 1505 3451496 8791056
1757706956 1506 3451880 8791056
1757706957 1507 3452776 8791056
1757706958 1507 3453160 8791056
1757706959 1508 3453928 8791056
1757706960 1509 3454696 8791056
1757706961 1510 3455464 8791056
1757706962 1510 3455848 8791056
1757706963 1511 3456616 8791056
1757706964 1506 3457384 8791056
1757706965 1506 3457768 8791056
1757706966 1507 3458536 8791056
1757706967 1508 3458920 8791056
1757706968 1508 3459304 8791056
1757706970 1508 3459304 8791056
1757706971 1509 3459304 8791056
1757706972 1509 3459816 8791056
1757706973 1509 3459816 8791056
1757706974 1509 3459816 8791056
1757706975 1509 3459816 8791056
1757706976 1509 3459816 8791056
1757706977 1508 3459816 8791056
1757706978 1509 3460200 8791056
1757706979 1509 3460200 8791056
1757706980 1509 3460200 8791056
1757706981 1504 3460712 8791056
1757706982 1505 3461480 8791056
1757706983 1505 3462248 8791056
1757706984 1506 3462632 8791056
1757706985 1506 3463400 8791056
1757706987 1507 3464168 8791056
1757706988 1508 3464552 8791056
1757706989 1508 3465320 8791056
1757706990 1509 3465704 8791056
1757706991 1509 3466472 8791056
1757706992 1510 3467240 8791056
1757706993 1511 3467624 8791056
1757706994 1511 3468392 8791056
1757706995 1512 3469160 8791056
1757706996 1507 3469544 8791056
1757706997 1508 3470312 8791056
1757706998 1508 3470696 8791056
1757706999 1509 3471592 8791056
1757707000 1509 3472360 8791056
1757707002 1510 3472744 8791056
1757707003 1510 3472744 8791056
1757707004 1510 3472744 8791056
1757707005 1511 3472744 8791056
1757707006 1510 3472744 8791056
1757707007 1510 3472744 8791056
1757707008 1510 3472744 8791056
1757707009 1510 3472744 8791056
1757707010 1510 3473128 8791056
1757707011 1506 3473512 8791056
1757707012 1506 3474280 8791056
1757707013 1507 3475176 8791056
1757707014 1507 3475560 8791056
1757707015 1508 3476328 8791056
1757707017 1509 3477096 8791056
1757707018 1509 3477864 8791056
1757707019 1510 3478248 8791056
1757707020 1510 3479016 8791056
1757707021 1511 3479784 8791056
1757707022 1511 3480168 8791056
1757707023 1512 3480936 8791056
1757707024 1512 3481320 8791056
1757707025 1513 3482088 8791056
1757707026 1513 3482472 8791056
1757707027 1514 3483240 8791056
1757707028 1509 3484008 8791056
1757707029 1510 3484520 8791056
1757707030 1511 3485288 8791056
1757707031 1511 3485672 8791056
1757707033 1512 3486440 8791056
1757707034 1512 3487208 8791056
1757707035 1512 3487592 8791056
1757707036 1512 3487592 8791056
1757707037 1512 3487592 8791056
1757707038 1512 3487592 8791056
1757707039 1512 3487592 8791056
1757707040 1512 3487592 8791056
1757707041 1511 3487592 8791056
1757707042 1512 3487976 8791056
1757707043 1508 3488360 8791056
1757707044 1508 3489128 8791056
1757707045 1509 3489512 8791056
1757707046 1509 3490408 8791056
1757707047 1510 3490792 8791056
1757707049 1510 3491560 8791056
1757707050 1511 3492328 8791056
1757707051 1511 3492712 8791056
1757707052 1512 3493480 8791056
1757707053 1512 3494248 8791056
1757707054 1513 3495016 8791056
1757707055 1513 3495400 8791056
1757707056 1514 3496168 8791056
1757707057 1514 3496552 8791056
1757707058 1511 3497320 8791056
1757707059 1511 3497832 8791056
1757707060 1512 3498600 8791056
1757707061 1512 3499368 8791056
1757707063 1513 3500136 8791056
1757707064 1513 3500520 8791056
1757707065 1513 3501288 8791056
1757707066 1514 3502056 8791056
1757707067 1514 3502440 8791056
1757707068 1514 3502440 8791056
1757707069 1514 3502440 8791056
1757707070 1514 3502440 8791056
1757707071 1514 3502824 8791056
1757707072 1514 3502824 8791056
1757707073 1510 3502824 8791056
1757707074 1510 3502824 8791056
1757707075 1510 3503592 8791056
1757707076 1511 3503976 8791056
1757707077 1511 3504744 8791056
1757707079 1511 3505512 8791056
1757707080 1512 3506280 8791056
1757707081 1512 3506664 8791056
1757707082 1513 3507432 8791056
1757707083 1513 3507816 8791056
1757707084 1514 3508584 8791056
1757707085 1514 3509352 8791056
1757707086 1515 3509736 8791056
1757707087 1515 3510632 8791056
1757707088 1515 3511400 8791056
1757707089 1512 3512168 8791056
1757707090 1512 3512552 8791056
1757707091 1513 3513320 8791056
1757707092 1513 3513704 8791056
1757707093 1514 3514472 8791056
1757707095 1514 3515368 8791056
1757707096 1515 3516136 8791056
1757707097 1515 3516520 8791056
1757707098 1515 3517288 8791056
1757707099 1516 3517672 8791056
1757707100 1516 3517672 8791056
1757707101 1516 3517672 8791056
1757707102 1515 3517672 8791056
1757707103 1515 3517672 8791056
1757707104 1511 3517672 8791056
1757707105 1512 3517672 8791056
1757707106 1512 3517672 8791056
1757707107 1512 3518056 8791056
1757707109 1513 3518824 8791056
1757707110 1513 3519208 8791056
1757707111 1513 3519976 8791056
1757707112 1514 3520744 8791056
1757707113 1514 3521128 8791056
1757707114 1515 3521896 8791056
1757707115 1515 3522664 8791056
1757707116 1515 3523048 8791056
1757707117 1516 3523816 8791056
1757707118 1516 3524200 8791056
1757707119 1513 3524968 8791056
1757707120 1513 3525352 8791056
1757707121 1514 3526248 8791056
1757707122 1514 3527016 8791056
1757707123 1515 3527400 8791056
1757707125 1515 3528168 8791056
1757707126 1515 3528936 8791056
1757707127 1516 3529704 8791056
1757707128 1516 3530088 8791056
1757707129 1517 3530856 8791056
1757707130 1517 3531240 8791056
1757707131 1517 3531240 8791056
1757707132 1517 3531240 8791056
1757707133 1517 3531240 8791056
1757707134 1513 3531240 8791056
1757707135 1513 3531240 8791056
1757707136 1513 3531240 8791056
1757707137 1513 3531240 8791056
1757707138 1514 3531240 8791056
1757707140 1514 3531240 8791056
1757707141 1514 3532008 8791056
1757707142 1514 3532392 8791056
1757707143 1515 3533160 8791056
1757707144 1515 3533544 8791056
1757707145 1515 3534440 8791056
1757707146 1516 3534824 8791056
1757707147 1516 3535208 8791056
1757707148 1516 3536104 8791056
1757707149 1517 3536872 8791056
1757707150 1517 3537256 8791056
1757707151 1514 3538024 8791056
1757707152 1514 3538792 8791056
1757707153 1515 3539176 8791056
1757707154 1515 3539944 8791056
1757707156 1516 3540328 8791056
1757707157 1516 3541096 8791056
1757707158 1516 3541864 8791056
1757707159 1517 3542632 8791056
1757707160 1517 3543016 8791056
1757707161 1517 3543912 8791056
1757707162 1517 3543912 8791056
1757707163 1517 3543912 8791056
1757707164 1517 3543912 8791056
1757707165 1517 3543912 8791056
1757707166 1514 3544680 8791056
1757707167 1514 3544680 8791056
1757707168 1515 3544680 8791056
1757707169 1515 3544680 8791056
1757707170 1515 3544680 8791056
1757707172 1515 3544680 8791056
1757707173 1515 3544680 8791056
1757707174 1515 3545448 8791056
1757707175 1516 3545832 8791056
1757707176 1516 3546600 8791056
1757707177 1516 3546984 8791056
1757707178 1517 3547752 8791056
1757707179 1517 3548136 8791056
1757707180 1517 3548904 8791056
1757707181 1515 3549672 8791056
1757707182 1515 3550440 8791056
1757707183 1515 3550824 8791056
1757707184 1516 3551720 8791056
1757707185 1516 3552488 8791056
1757707187 1516 3552872 8791056
1757707188 1517 3553640 8791056
1757707189 1517 3554024 8791056
1757707190 1517 3554792 8791056
1757707191 1518 3555176 8791056
1757707192 1518 3555944 8791056
1757707193 1518 3556328 8791056
1757707194 1518 3556328 8791056
1757707195 1518 3556328 8791056
1757707196 1518 3556328 8791056
1757707197 1515 3556712 8791056
1757707198 1515 3556712 8791056
1757707199 1516 3557480 8791056
1757707200 1516 3558248 8791056
1757707201 1516 3558248 8791056
1757707203 1516 3558248 8791056
1757707204 1516 3558248 8791056
1757707205 1516 3558248 8791056
1757707206 1516 3558248 8791056
1757707207 1517 3558632 8791056
1757707208 1517 3559400 8791056
1757707209 1517 3559784 8791056
1757707210 1518 3560552 8791056
1757707211 1518 3561448 8791056
1757707212 1515 3561832 8791056
1757707213 1516 3562600 8791056
1757707214 1516 3562984 8791056
1757707215 1516 3563752 8791056
1757707216 1517 3564520 8791056
1757707218 1517 3564904 8791056
1757707219 1517 3565672 8791056
1757707220 1518 3566440 8791056
1757707221 1518 3567208 8791056
1757707222 1518 3567592 8791056
1757707223 1519 3568360 8791056
1757707224 1519 3568872 8791056
1757707225 1519 3568872 8791056
1757707226 1519 3568872 8791056
1757707227 1516 3568872 8791056
1757707228 1516 3568872 8791056
1757707229 1516 3569256 8791056
1757707230 1516 3570024 8791056
1757707231 1517 3570408 8791056
1757707233 1517 3571176 8791056
1757707234 1517 3571560 8791056
1757707235 1517 3571560 8791056
1757707236 1517 3571560 8791056
1757707237 1517 3571560 8791056
1757707238 1517 3571560 8791056
1757707239 1518 3571944 8791056
1757707240 1518 3572328 8791056
1757707241 1518 3573096 8791056
1757707242 1519 3573864 8791056
1757707243 1516 3574248 8791056
1757707244 1516 3575016 8791056
1757707245 1517 3575400 8791056
1757707246 1517 3576168 8791056
1757707248 1517 3577064 8791056
1757707249 1517 3577448 8791056
1757707250 1518 3578216 8791056
1757707251 1518 3578984 8791056
1757707252 1518 3579368 8791056
1757707253 1519 3580136 8791056
1757707254 1519 3580904 8791056
1757707255 1519 3581288 8791056
1757707256 1519 3581672 8791056
1757707257 1519 3581672 8791056
1757707258 1516 3581672 8791056
1757707259 1516 3581672 8791056
1757707260 1516 3582440 8791056
1757707261 1517 3582440 8791056
1757707262 1517 3583208 8791056
1757707264 1517 3583976 8791056
1757707265 1517 3584360 8791056
1757707266 1518 3585128 8791056
1757707267 1518 3585896 8791056
1757707268 1518 3585896 8791056
1757707269 1518 3585896 8791056
1757707270 1518 3585896 8791056
1757707271 1518 3585896 8791056
1757707272 1518 3585896 8791056
1757707273 1519 3586408 8791056
1757707274 1516 3587176 8791056
1757707275 1516 3587944 8791056
1757707276 1517 3588712 8791056
1757707277 1517 3589096 8791056
1757707278 1517 3589992 8791056
1757707280 1518 3590760 8791056
1757707281 1518 3591144 8791056
1757707282 1518 3591912 8791056
1757707283 1518 3592296 8791056
1757707284 1519 3593064 8791056
1757707285 1519 3593832 8791056
1757707286 1519 3594600 8791056
1757707287 1519 3594600 8791056
1757707288 1519 3594600 8791056
1757707289 1517 3594600 8791056
1757707290 1517 3594600 8791056
1757707291 1517 3595368 8791056
1757707292 1517 3595752 8791056
1757707293 1517 3596520 8791056
1757707295 1518 3596904 8791056
1757707296 1518 3597672 8791056
1757707297 1518 3598440 8791056
1757707298 1518 3599208 8791056
1757707299 1519 3599592 8791056
1757707300 1519 3600488 8791056
1757707301 1519 3600488 8791056
1757707302 1519 3600488 8791056
1757707303 1519 3600488 8791056
1757707304 1519 3600488 8791056
1757707305 1517 3600488 8791056
1757707306 1517 3601256 8791056
1757707307 1517 3601640 8791056
1757707308 1518 3602408 8791056
1757707309 1518 3603176 8791056
1757707311 1518 3603560 8791056
1757707312 1518 3604328 8791056
1757707313 1519 3605096 8791056
1757707314 1519 3605480 8791056
1757707315 1519 3606248 8791056
1757707316 1519 3606632 8791056
1757707317 1520 3607400 8791056
1757707318 1520 3607784 8791056
1757707319 1520 3607784 8791056
1757707320 1517 3607784 8791056
1757707321 1517 3607784 8791056
1757707322 1517 3608168 8791056
1757707323 1517 3608168 8791056
1757707324 1518 3608936 8791056
1757707326 1518 3609704 8791056
1757707327 1518 3610472 8791056
1757707328 1519 3610856 8791056
1757707329 1519 3611624 8791056
1757707330 1519 3612008 8791056
1757707331 1519 3612776 8791056
1757707332 1520 3613544 8791056
1757707333 1520 3613928 8791056
1757707334 1520 3614312 8791056
1757707335 1518 3614312 8791056
1757707336 1518 3614312 8791056
1757707337 1518 3614312 8791056
1757707338 1518 3614312 8791056
1757707339 1518 3615080 8791056
1757707341 1518 3615848 8791056
1757707342 1518 3616232 8791056
1757707343 1519 3617000 8791056
1757707344 1519 3617384 8791056
1757707345 1519 3618152 8791056
1757707346 1519 3619048 8791056
1757707347 1520 3619816 8791056
1757707348 1520 3620200 8791056
1757707349 1520 3620584 8791056
1757707350 1518 3620968 8791056
1757707351 1518 3620968 8791056
1757707352 1518 3620968 8791056
1757707353 1518 3621480 8791056
1757707354 1518 3621864 8791056
1757707356 1518 3622248 8791056
1757707357 1518 3623016 8791056
1757707358 1519 3623400 8791056
1757707359 1519 3624168 8791056
1757707360 1519 3624936 8791056
1757707361 1519 3625320 8791056
1757707362 1520 3626088 8791056
1757707363 1520 3626856 8791056
1757707364 1520 3627752 8791056
1757707365 1520 3628136 8791056
1757707366 1518 3628904 8791056
1757707367 1519 3628904 8791056
1757707368 1519 3628904 8791056
1757707369 1519 3628904 8791056
1757707371 1519 3628904 8791056
1757707372 1519 3629288 8791056
1757707373 1519 3630056 8791056
1757707374 1519 3630824 8791056
1757707375 1520 3631208 8791056
1757707376 1520 3631976 8791056
1757707377 1520 3632360 8791056
1757707378 1520 3633128 8791056
1757707379 1520 3633512 8791056
1757707380 1521 3634280 8791056
1757707381 1518 3634280 8791056
1757707382 1518 3634280 8791056
1757707383 1518 3634280 8791056
1757707384 1518 3634664 8791056
1757707386 1519 3635048 8791056
1757707387 1519 3635816 8791056
1757707388 1519 3636200 8791056
1757707389 1519 3637096 8791056
1757707390 1520 3637864 8791056
1757707391 1520 3638248 8791056
1757707392 1520 3639016 8791056
1757707393 1520 3639400 8791056
1757707394 1521 3640168 8791056
1757707395 1521 3640936 8791056
1757707396 1519 3641320 8791056
1757707397 1519 3642088 8791056
1757707398 1519 3642472 8791056
1757707399 1519 3643240 8791056
1757707401 1520 3643624 8791056
1757707402 1520 3643624 8791056
1757707403 1520 3643624 8791056
1757707404 1520 3643624 8791056
1757707405 1520 3644008 8791056
1757707406 1520 3644776 8791056
1757707407 1520 3645160 8791056
1757707408 1521 3645928 8791056
1757707409 1521 3646824 8791056
1757707410 1521 3647208 8791056
1757707411 1519 3647976 8791056
1757707412 1519 3647976 8791056
1757707413 1519 3648360 8791056
1757707414 1519 3648360 8791056
1757707415 1519 3648360 8791056
1757707417 1519 3648744 8791056
1757707418 1519 3649128 8791056
1757707419 1520 3650024 8791056
1757707420 1520 3650792 8791056
1757707421 1520 3651560 8791056
1757707422 1520 3651944 8791056
1757707423 1520 3652712 8791056
1757707424 1521 3653096 8791056
1757707425 1521 3653864 8791056
1757707426 1519 3654248 8791056
1757707427 1519 3655144 8791056
1757707428 1520 3655912 8791056
1757707429 1520 3656808 8791056
1757707430 1520 3657192 8791056
1757707432 1520 3657960 8791056
1757707433 1520 3658728 8791056
1757707434 1521 3658728 8791056
1757707435 1521 3658728 8791056
1757707436 1521 3658728 8791056
1757707437 1521 3658728 8791056
1757707438 1521 3659112 8791056
1757707439 1521 3659880 8791056
1757707440 1521 3660264 8791056
1757707441 1519 3661032 8791056
1757707442 1520 3661800 8791056
1757707443 1520 3661800 8791056
1757707444 1520 3661800 8791056
1757707445 1520 3662184 8791056
1757707447 1519 3662184 8791056
1757707448 1520 3662568 8791056
1757707449 1520 3662952 8791056
1757707450 1520 3663336 8791056
1757707451 1520 3664104 8791056
1757707452 1520 3664488 8791056
1757707453 1521 3665256 8791056
1757707454 1521 3666024 8791056
1757707455 1521 3666792 8791056
1757707456 1519 3667176 8791056
1757707457 1519 3667944 8791056
1757707458 1520 3668712 8791056
1757707459 1520 3669096 8791056
1757707460 1520 3669864 8791056
1757707462 1520 3670248 8791056
1757707463 1521 3671144 8791056
1757707464 1521 3671528 8791056
1757707465 1521 3672296 8791056
1757707466 1521 3673064 8791056
1757707467 1521 3673064 8791056
1757707468 1521 3673064 8791056
1757707469 1521 3673064 8791056
1757707470 1521 3673064 8791056
1757707471 1520 3673832 8791056
1757707472 1520 3674600 8791056
1757707473 1520 3674984 8791056
1757707474 1520 3675368 8791056
1757707475 1520 3675368 8791056
1757707477 1520 3675752 8791056
1757707478 1520 3675752 8791056
1757707479 1520 3676136 8791056
1757707480 1520 3676520 8791056
1757707481 1520 3676904 8791056
1757707482 1521 3677672 8791056
1757707483 1521 3678056 8791056
1757707484 1521 3678824 8791056
1757707485 1521 3679592 8791056
1757707486 1521 3679976 8791056
1757707487 1520 3680872 8791056
1757707488 1520 3681640 8791056
1757707489 1520 3682024 8791056
1757707491 1521 3682792 8791056
1757707492 1521 3683560 8791056
1757707493 1521 3684328 8791056
1757707494 1521 3684712 8791056
1757707495 1521 3685480 8791056
1757707496 1522 3686248 8791056
1757707497 1522 3686632 8791056
1757707498 1522 3687400 8791056
1757707499 1522 3687784 8791056
1757707500 1522 3688168 8791056
1757707501 1520 3688168 8791056
1757707502 1520 3688168 8791056
1757707503 1520 3688168 8791056
1757707504 1521 3688936 8791056
1757707506 1521 3689320 8791056
1757707507 1521 3689320 8791056
1757707508 1521 3689320 8791056
1757707509 1520 3689320 8791056
1757707510 1521 3689704 8791056
1757707511 1521 3690088 8791056
1757707512 1521 3690472 8791056
1757707513 1521 3691240 8791056
1757707514 1521 3692008 8791056
1757707515 1521 3692520 8791056
1757707516 1522 3693288 8791056
1757707517 1520 3694056 8791056
1757707518 1520 3694440 8791056
1757707519 1520 3695336 8791056
1757707520 1521 3695720 8791056
1757707521 1521 3696488 8791056
1757707523 1521 3697256 8791056
1757707524 1521 3698024 8791056
1757707525 1521 3698408 8791056
1757707526 1522 3699176 8791056
1757707527 1522 3699944 8791056
1757707528 1522 3700328 8791056
1757707529 1522 3701096 8791056
1757707530 1522 3701480 8791056
1757707531 1523 3702376 8791056
1757707532 1521 3703144 8791056
1757707533 1521 3703528 8791056
1757707534 1521 3703528 8791056
1757707535 1521 3703528 8791056
1757707536 1521 3703528 8791056
1757707538 1521 3703528 8791056
1757707539 1521 3703528 8791056
1757707540 1521 3703528 8791056
1757707541 1521 3703912 8791056
1757707542 1521 3704296 8791056
1757707543 1521 3704680 8791056
1757707544 1521 3705064 8791056
1757707545 1521 3705832 8791056
1757707546 1522 3706216 8791056
1757707547 1522 3706984 8791056
1757707548 1520 3707368 8791056
1757707549 1520 3708136 8791056
1757707550 1521 3708904 8791056
1757707551 1521 3709288 8791056
1757707552 1521 3710056 8791056
1757707554 1521 3710952 8791056
1757707555 1521 3711336 8791056
1757707556 1522 3712104 8791056
1757707557 1522 3712488 8791056
1757707558 1522 3713256 8791056
1757707559 1522 3714024 8791056
1757707560 1522 3714408 8791056
1757707561 1522 3715176 8791056
1757707562 1523 3716072 8791056
1757707563 1521 3716456 8791056
1757707564 1521 3717224 8791056
1757707565 1521 3717992 8791056
1757707566 1522 3718376 8791056
1757707567 1521 3718376 8791056
1757707569 1521 3718376 8791056
1757707570 1521 3718376 8791056
1757707571 1521 3718376 8791056
1757707572 1521 3718376 8791056
1757707573 1521 3718376 8791056
1757707574 1521 3718376 8791056
1757707575 1521 3719144 8791056
1757707576 1522 3719912 8791056
1757707577 1522 3720296 8791056
1757707578 1522 3721064 8791056
1757707579 1522 3721448 8791056
1757707580 1520 3722216 8791056
1757707581 1521 3722600 8791056
1757707582 1521 3723368 8791056
1757707583 1521 3724136 8791056
1757707585 1521 3724904 8791056
1757707586 1521 3725288 8791056
1757707587 1522 3726056 8791056
1757707588 1522 3726824 8791056
1757707589 1522 3727208 8791056
1757707590 1522 3727976 8791056
1757707591 1522 3728744 8791056
1757707592 1522 3729128 8791056
1757707593 1523 3729896 8791056
1757707594 1523 3730792 8791056
1757707595 1521 3731176 8791056
1757707596 1521 3731944 8791056
1757707597 1522 3732712 8791056
1757707598 1522 3733096 8791056
1757707599 1522 3733480 8791056
1757707601 1522 3733480 8791056
1757707602 1521 3733480 8791056
1757707603 1521 3733480 8791056
1757707604 1521 3733480 8791056
1757707605 1521 3733864 8791056
1757707606 1522 3734760 8791056
1757707607 1522 3735144 8791056
1757707608 1522 3735912 8791056
1757707609 1522 3736296 8791056
1757707610 1521 3737064 8791056
1757707611 1521 3737832 8791056
1757707612 1521 3738216 8791056
1757707613 1521 3738984 8791056
1757707614 1521 3739368 8791056
1757707615 1521 3740136 8791056
1757707617 1521 3740904 8791056
1757707618 1522 3741416 8791056
1757707619 1522 3742184 8791056
1757707620 1522 3742952 8791056
1757707621 1522 3743336 8791056
1757707622 1522 3744104 8791056
1757707623 1523 3744872 8791056
1757707624 1523 3745256 8791056
1757707625 1523 3746024 8791056
1757707626 1521 3746792 8791056
1757707627 1522 3747176 8791056
1757707628 1522 3747944 8791056
1757707629 1522 3748712 8791056
1757707630 1522 3748712 8791056
1757707632 1522 3749096 8791056
1757707633 1522 3749096 8791056
1757707634 1522 3749096 8791056
1757707635 1522 3749096 8791056
1757707636 1522 3749096 8791056
1757707637 1522 3749864 8791056
1757707638 1522 3750248 8791056
1757707639 1522 3751016 8791056
1757707640 1522 3751400 8791056
1757707641 1522 3752168 8791056
1757707642 1521 3752936 8791056
1757707643 1521 3753832 8791056
1757707644 1521 3754216 8791056
1757707645 1521 3754984 8791056
1757707647 1522 3755752 8791056
1757707648 1522 3756136 8791056
1757707649 1522 3756904 8791056
1757707650 1522 3757288 8791056
1757707651 1522 3758056 8791056
1757707652 1522 3758824 8791056
1757707653 1523 3759592 8791056
1757707654 1523 3759976 8791056
1757707655 1523 3760872 8791056
1757707656 1523 3761256 8791056
1757707657 1522 3762024 8791056
1757707658 1522 3762792 8791056
1757707659 1522 3763176 8791056
1757707660 1522 3763944 8791056
1757707661 1522 3764328 8791056
1757707663 1522 3764328 8791056
1757707664 1522 3764328 8791056
1757707665 1522 3764328 8791056
1757707666 1522 3764712 8791056
1757707667 1522 3764712 8791056
1757707668 1522 3764712 8791056
1757707669 1522 3764712 8791056
1757707670 1522 3765096 8791056
1757707671 1522 3765864 8791056
1757707672 1522 3766248 8791056
1757707673 1521 3767016 8791056
1757707674 1521 3767784 8791056
1757707675 1521 3768168 8791056
1757707676 1521 3769064 8791056
1757707677 1522 3769448 8791056
1757707679 1522 3770216 8791056
1757707680 1522 3770984 8791056
1757707681 1522 3771368 8791056
1757707682 1522 3772136 8791056
1757707683 1522 3772904 8791056
1757707684 1523 3773672 8791056
1757707685 1523 3774056 8791056
1757707686 1523 3774824 8791056
1757707687 1523 3775208 8791056
1757707688 1522 3775976 8791056
1757707689 1522 3776872 8791056
1757707690 1522 3777256 8791056
1757707691 1522 3778024 8791056
1757707692 1522 3778408 8791056
1757707694 1522 3778792 8791056
1757707695 1522 3778792 8791056
1757707696 1522 3778792 8791056
1757707697 1522 3778792 8791056
1757707698 1522 3778792 8791056
1757707699 1522 3778792 8791056
1757707700 1522 3778792 8791056
1757707701 1522 3778792 8791056
1757707702 1522 3778792 8791056
1757707703 1522 3779560 8791056
1757707704 1521 3779944 8791056
1757707705 1521 3780840 8791056
1757707706 1521 3781608 8791056
1757707707 1521 3782376 8791056
1757707708 1522 3782760 8791056
1757707710 1522 3783528 8791056
1757707711 1522 3783912 8791056
1757707712 1522 3784680 8791056
1757707713 1522 3785448 8791056
1757707714 1522 3786216 8791056
1757707715 1523 3786600 8791056
1757707716 1523 3787368 8791056
1757707717 1523 3788264 8791056
1757707718 1523 3788648 8791056
1757707719 1522 3789416 8791056
1757707720 1522 3790184 8791056
1757707721 1522 3790568 8791056
1757707722 1522 3790952 8791056
1757707723 1522 3791720 8791056
1757707725 1522 3791720 8791056
1757707726 1522 3791720 8791056
1757707727 1522 3792104 8791056
1757707728 1522 3792104 8791056
1757707729 1522 3792872 8791056
1757707730 1523 3793256 8791056
1757707731 1523 3793640 8791056
1757707732 1523 3794024 8791056
1757707733 1523 3794024 8791056
1757707734 1523 3794024 8791056
1757707735 1521 3794024 8791056
1757707736 1521 3794408 8791056
1757707737 1522 3795176 8791056
1757707738 1522 3795944 8791056
1757707739 1522 3796328 8791056
1757707741 1522 3797096 8791056
1757707742 1522 3797480 8791056
1757707743 1522 3798248 8791056
1757707744 1522 3799016 8791056
1757707745 1523 3799784 8791056
1757707746 1523 3800296 8791056
1757707747 1523 3801064 8791056
1757707748 1523 3801448 8791056
1757707749 1523 3802216 8791056
1757707750 1522 3802984 8791056
1757707751 1522 3803368 8791056
1757707752 1522 3804136 8791056
1757707753 1522 3804904 8791056
1757707754 1523 3805288 8791056
1757707756 1523 3805672 8791056
1757707757 1523 3805672 8791056
1757707758 1523 3806056 8791056
1757707759 1523 3806056 8791056
1757707760 1523 3806440 8791056
1757707761 1523 3806824 8791056
1757707762 1523 3807208 8791056
1757707763 1523 3808104 8791056
1757707764 1523 3808872 8791056
1757707765 1522 3808872 8791056
1757707766 1522 3808872 8791056
1757707767 1522 3808872 8791056
1757707768 1522 3809256 8791056
1757707769 1522 3809640 8791056
1757707771 1522 3810024 8791056
1757707772 1522 3810792 8791056
1757707773 1522 3811176 8791056
1757707774 1523 3811944 8791056
1757707775 1523 3812712 8791056
1757707776 1523 3813096 8791056
1757707777 1523 3813864 8791056
1757707778 1523 3814632 8791056
1757707779 1523 3815016 8791056
1757707780 1523 3815912 8791056
1757707781 1522 3816296 8791056
1757707782 1522 3817064 8791056
1757707783 1522 3817832 8791056
1757707784 1523 3818216 8791056
1757707786 1523 3819112 8791056
1757707787 1523 3819496 8791056
1757707788 1523 3819496 8791056
1757707789 1523 3819496 8791056
1757707790 1523 3819496 8791056
1757707791 1523 3819880 8791056
1757707792 1523 3819880 8791056
1757707793 1523 3820648 8791056
1757707794 1523 3821416 8791056
1757707795 1523 3821800 8791056
1757707796 1522 3822568 8791056
1757707797 1522 3823336 8791056
1757707798 1522 3823336 8791056
1757707799 1522 3823336 8791056
1757707800 1522 3823336 8791056
1757707802 1522 3823336 8791056
1757707803 1522 3823720 8791056
1757707804 1522 3824488 8791056
1757707805 1523 3825384 8791056
1757707806 1523 3826152 8791056
1757707807 1523 3826536 8791056
1757707808 1523 3827304 8791056
1757707809 1523 3828072 8791056
1757707810 1523 3828456 8791056
1757707811 1523 3829352 8791056
1757707812 1522 3829352 8791056
1757707813 1522 3830120 8791056
1757707814 1522 3830504 8791056
1757707815 1523 3831272 8791056
1757707817 1523 3832040 8791056
1757707818 1523 3832424 8791056
1757707819 1523 3832424 8791056
1757707820 1523 3832424 8791056
1757707821 1523 3832808 8791056
1757707822 1523 3832808 8791056
1757707823 1523 3833576 8791056
1757707824 1523 3833960 8791056
1757707825 1523 3834728 8791056
1757707826 1523 3835112 8791056
1757707827 1522 3835880 8791056
1757707828 1522 3836264 8791056
1757707829 1522 3837032 8791056
1757707830 1523 3837800 8791056
1757707831 1523 3837800 8791056
1757707833 1523 3837800 8791056
1757707834 1523 3837800 8791056
1757707835 1523 3837800 8791056
1757707836 1523 3838184 8791056
1757707837 1523 3838952 8791056
1757707838 1523 3839336 8791056
1757707839 1523 3840104 8791056
1757707840 1523 3841000 8791056
1757707841 1523 3841768 8791056
1757707842 1522 3842152 8791056
1757707843 1522 3842920 8791056
1757707844 1522 3843304 8791056
1757707845 1523 3844200 8791056
1757707846 1523 3844968 8791056
1757707848 1523 3845352 8791056
1757707849 1523 3846120 8791056
1757707850 1523 3846120 8791056
1757707851 1523 3846120 8791056
1757707852 1523 3846120 8791056
1757707853 1523 3846504 8791056
1757707854 1523 3846888 8791056
1757707855 1523 3847656 8791056
1757707856 1523 3848552 8791056
1757707857 1522 3848936 8791056
1757707858 1522 3849704 8791056
1757707859 1522 3850088 8791056
1757707860 1523 3850856 8791056
1757707861 1523 3851624 8791056
1757707863 1523 3852392 8791056
1757707864 1523 3852776 8791056
1757707865 1523 3852776 8791056
1757707866 1523 3852776 8791056
1757707867 1523 3852776 8791056
1757707868 1523 3852776 8791056
1757707869 1523 3853160 8791056
1757707870 1523 3853928 8791056
1757707871 1523 3854696 8791056
1757707872 1522 3855080 8791056
1757707873 1522 3855848 8791056
1757707874 1523 3856616 8791056
1757707875 1523 3857000 8791056
1757707876 1523 3857896 8791056
1757707878 1523 3858280 8791056
1757707879 1523 3859048 8791056
1757707880 1523 3859816 8791056
1757707881 1523 3859816 8791056
1757707882 1523 3859816 8791056
1757707883 1523 3859816 8791056
1757707884 1523 3859816 8791056
1757707885 1523 3860584 8791056
1757707886 1523 3860968 8791056
1757707887 1522 3861352 8791056
1757707888 1522 3862248 8791056
1757707889 1522 3862632 8791056
1757707890 1523 3863400 8791056
1757707891 1523 3864168 8791056
1757707893 1523 3864552 8791056
1757707894 1523 3865320 8791056
1757707895 1523 3866088 8791056
1757707896 1523 3866856 8791056
1757707897 1523 3867240 8791056
1757707898 1523 3867240 8791056
1757707899 1523 3867240 8791056
1757707900 1523 3867240 8791056
1757707901 1523 3867240 8791056
1757707902 1523 3867624 8791056
1757707903 1522 3868008 8791056
1757707904 1522 3868776 8791056
1757707905 1523 3869160 8791056
1757707906 1523 3869928 8791056
1757707907 1523 3870696 8791056
1757707909 1523 3871080 8791056
1757707910 1523 3871848 8791056
1757707911 1523 3872232 8791056
1757707912 1523 3872744 8791056
1757707913 1523 3872744 8791056
1757707914 1523 3873128 8791056
1757707915 1523 3873128 8791056
1757707916 1523 3873512 8791056
1757707917 1523 3873896 8791056
1757707918 1523 3874280 8791056
1757707919 1522 3875048 8791056
1757707920 1522 3875432 8791056
1757707921 1523 3876200 8791056
1757707922 1523 3876584 8791056
1757707923 1523 3877352 8791056
1757707925 1523 3878120 8791056
1757707926 1523 3878888 8791056
1757707927 1523 3879272 8791056
1757707928 1523 3880040 8791056
1757707929 1524 3880808 8791056
1757707930 1524 3881192 8791056
1757707931 1524 3881192 8791056
1757707932 1524 3881192 8791056
1757707933 1524 3881192 8791056
1757707934 1523 3881192 8791056
1757707935 1523 3881192 8791056
1757707936 1523 3881960 8791056
1757707937 1523 3882728 8791056
1757707938 1523 3883240 8791056
1757707940 1523 3884008 8791056
1757707941 1523 3884776 8791056
1757707942 1523 3885160 8791056
1757707943 1523 3885928 8791056
1757707944 1523 3885928 8791056
1757707945 1523 3885928 8791056
1757707946 1523 3886440 8791056
1757707947 1523 3886440 8791056
1757707948 1523 3886824 8791056
1757707949 1524 3887592 8791056
1757707950 1522 3887976 8791056
1757707951 1523 3888744 8791056
1757707952 1523 3889512 8791056
1757707953 1523 3889896 8791056
1757707954 1523 3890664 8791056
1757707956 1523 3891432 8791056
1757707957 1523 3892200 8791056
1757707958 1523 3892584 8791056
1757707959 1523 3893352 8791056
1757707960 1524 3893736 8791056
1757707961 1524 3894504 8791056
1757707962 1524 3895272 8791056
1757707963 1524 3895656 8791056
1757707964 1524 3895656 8791056
1757707965 1523 3895656 8791056
1757707966 1523 3895656 8791056
1757707967 1523 3895656 8791056
1757707968 1523 3895656 8791056
1757707969 1523 3896424 8791056
1757707971 1523 3897192 8791056
1757707972 1523 3897704 8791056
1757707973 1523 3898472 8791056
1757707974 1524 3898856 8791056
1757707975 1524 3899240 8791056
1757707976 1524 3899240 8791056
1757707977 1524 3899240 8791056
1757707978 1523 3899240 8791056
1757707979 1524 3899624 8791056
1757707980 1524 3900008 8791056
1757707981 1523 3900392 8791056
1757707982 1523 3901160 8791056
1757707983 1523 3901928 8791056
1757707984 1523 3902696 8791056
1757707985 1523 3903080 8791056
1757707987 1523 3903848 8791056
1757707988 1523 3904616 8791056
1757707989 1523 3905128 8791056
1757707990 1524 3905896 8791056
1757707991 1524 3906280 8791056
1757707992 1524 3907048 8791056
1757707993 1524 3907816 8791056
1757707994 1524 3908584 8791056
1757707995 1524 3908968 8791056
1757707996 1523 3909352 8791056
1757707997 1523 3909352 8791056
1757707998 1523 3909352 8791056
1757707999 1523 3909352 8791056
1757708000 1523 3909352 8791056
1757708002 1523 3909736 8791056
1757708003 1523 3910120 8791056
1757708004 1523 3911016 8791056
1757708005 1524 3911400 8791056
1757708006 1524 3912168 8791056
1757708007 1524 3912168 8791056
1757708008 1524 3912168 8791056
1757708009 1524 3912168 8791056
1757708010 1524 3912168 8791056
1757708011 1523 3912552 8791056
1757708012 1523 3912936 8791056
1757708013 1523 3913704 8791056
1757708014 1523 3914472 8791056
1757708016 1523 3914984 8791056
1757708017 1523 3915752 8791056
1757708018 1523 3916520 8791056
1757708019 1523 3916904 8791056
1757708020 1524 3917672 8791056
1757708021 1524 3918056 8791056
1757708022 1524 3918824 8791056
1757708023 1524 3919592 8791056
1757708024 1524 3919976 8791056
1757708025 1523 3920744 8791056
1757708026 1523 3921512 8791056
1757708027 1523 3921896 8791056
1757708028 1523 3922664 8791056
1757708029 1524 3923048 8791056
1757708031 1524 3923048 8791056
1757708032 1524 3923048 8791056
1757708033 1524 3923048 8791056
1757708034 1524 3923048 8791056
1757708035 1524 3923048 8791056
1757708036 1524 3923816 8791056
1757708037 1524 3924200 8791056
1757708038 1524 3924584 8791056
1757708039 1524 3924584 8791056
1757708040 1523 3924584 8791056
1757708041 1523 3924584 8791056
1757708042 1523 3925096 8791056
1757708043 1523 3925864 8791056
1757708044 1523 3926248 8791056
1757708046 1523 3927016 8791056
1757708047 1523 3927784 8791056
1757708048 1523 3928552 8791056
1757708049 1524 3929320 8791056
1757708050 1524 3929704 8791056
1757708051 1524 3930472 8791056
1757708052 1524 3930856 8791056
1757708053 1524 3931624 8791056
1757708054 1524 3932008 8791056
1757708055 1523 3932904 8791056
1757708056 1523 3933672 8791056
1757708057 1523 3934056 8791056
1757708058 1524 3934824 8791056
1757708059 1524 3935592 8791056
1757708061 1524 3935976 8791056
1757708062 1524 3936744 8791056
1757708063 1524 3936744 8791056
1757708064 1524 3936744 8791056
1757708065 1524 3936744 8791056
1757708066 1524 3936744 8791056
1757708067 1524 3936744 8791056
1757708068 1524 3936744 8791056
1757708069 1524 3937128 8791056
1757708070 1524 3937128 8791056
1757708071 1524 3937128 8791056
1757708072 1523 3937128 8791056
1757708073 1523 3937512 8791056
1757708074 1523 3938280 8791056
1757708075 1523 3938664 8791056
1757708077 1523 3939432 8791056
1757708078 1523 3940200 8791056
1757708079 1524 3940968 8791056
1757708080 1524 3941352 8791056
1757708081 1524 3942120 8791056
1757708082 1524 3943016 8791056
1757708083 1524 3943400 8791056
1757708084 1524 3944168 8791056
1757708085 1524 3944936 8791056
1757708086 1524 3945704 8791056
1757708087 1523 3946088 8791056
1757708088 1523 3946856 8791056
1757708089 1524 3947240 8791056
1757708090 1524 3948008 8791056
1757708091 1524 3948392 8791056
1757708093 1524 3949160 8791056
1757708094 1524 3949928 8791056
1757708095 1524 3950312 8791056
1757708096 1524 3950696 8791056
1757708097 1524 3950696 8791056
1757708098 1524 3950696 8791056
1757708099 1524 3950696 8791056
1757708100 1524 3950696 8791056
1757708101 1524 3950696 8791056
1757708102 1524 3950696 8791056
1757708103 1524 3950696 8791056
1757708104 1523 3950696 8791056
1757708105 1523 3951080 8791056
1757708106 1523 3951464 8791056
1757708107 1523 3952232 8791056
1757708108 1523 3953000 8791056
1757708110 1523 3953896 8791056
1757708111 1523 3954280 8791056
1757708112 1524 3955048 8791056
1757708113 1524 3955432 8791056
1757708114 1524 3956200 8791056
1757708115 1524 3956584 8791056
1757708116 1524 3957352 8791056
1757708117 1524 3958120 8791056
1757708118 1524 3958888 8791056
1757708119 1524 3959272 8791056
1757708120 1523 3960168 8791056
1757708121 1524 3960936 8791056
1757708122 1524 3961320 8791056
1757708123 1524 3962088 8791056
1757708125 1524 3962472 8791056
1757708126 1524 3963240 8791056
1757708127 1524 3964008 8791056
1757708128 1524 3964776 8791056
1757708129 1524 3964776 8791056
1757708130 1524 3964776 8791056
1757708131 1524 3964776 8791056
1757708132 1524 3964776 8791056
1757708133 1524 3964776 8791056
1757708134 1524 3964776 8791056
1757708135 1523 3964776 8791056
1757708136 1523 3965160 8791056
1757708137 1523 3966056 8791056
1757708138 1523 3966440 8791056
1757708140 1523 3967208 8791056
1757708141 1523 3967976 8791056
1757708142 1524 3968744 8791056
1757708143 1524 3969128 8791056
1757708144 1524 3969896 8791056
1757708145 1524 3970664 8791056
1757708146 1524 3971176 8791056
1757708147 1524 3971944 8791056
1757708148 1524 3972328 8791056
1757708149 1524 3973096 8791056
1757708150 1523 3973864 8791056
1757708151 1524 3974248 8791056
1757708152 1524 3975016 8791056
1757708153 1524 3975784 8791056
1757708154 1524 3976680 8791056
1757708156 1524 3977064 8791056
1757708157 1524 3977832 8791056
1757708158 1524 3978216 8791056
1757708159 1524 3978984 8791056
1757708160 1524 3979368 8791056
1757708161 1524 3980136 8791056
1757708162 1524 3980136 8791056
1757708163 1524 3980136 8791056
1757708164 1524 3980136 8791056
1757708165 1524 3980136 8791056
1757708166 1523 3980136 8791056
1757708167 1523 3980136 8791056
1757708168 1523 3980904 8791056
1757708169 1523 3981288 8791056
1757708171 1523 3982056 8791056
1757708172 1524 3982824 8791056
1757708173 1524 3983208 8791056
1757708174 1524 3983976 8791056
1757708175 1524 3984744 8791056
1757708176 1524 3985512 8791056
1757708177 1524 3986024 8791056
1757708178 1524 3986792 8791056
1757708179 1524 3987176 8791056
1757708180 1524 3987944 8791056
1757708181 1524 3988328 8791056
1757708182 1524 3989096 8791056
1757708183 1524 3989864 8791056
1757708184 1524 3990632 8791056
1757708185 1524 3991016 8791056
1757708187 1524 3991784 8791056
1757708188 1524 3992552 8791056
1757708189 1524 3992936 8791056
1757708190 1524 3993832 8791056
1757708191 1525 3994216 8791056
1757708192 1525 3994984 8791056
1757708193 1525 3995752 8791056
1757708194 1525 3995752 8791056
1757708195 1525 3995752 8791056
1757708196 1524 3995752 8791056
1757708197 1524 3995752 8791056
1757708198 1523 3995752 8791056
1757708199 1523 3995752 8791056
1757708200 1523 3995752 8791056
1757708201 1524 3996136 8791056
1757708203 1524 3996904 8791056
1757708204 1524 3997288 8791056
1757708205 1524 3998056 8791056
1757708206 1524 3998824 8791056
1757708207 1524 3999208 8791056
1757708208 1524 3999976 8791056
1757708209 1524 4000872 8791056
1757708210 1524 4001256 8791056
1757708211 1524 4002024 8791056
1757708212 1524 4002408 8791056
1757708213 1524 4003176 8791056
1757708214 1524 4003944 8791056
1757708215 1524 4004712 8791056
1757708216 1524 4005224 8791056
1757708218 1524 4005992 8791056
1757708219 1524 4006376 8791056
1757708220 1524 4007144 8791056
1757708221 1524 4007528 8791056
1757708222 1524 4008296 8791056
1757708223 1525 4009064 8791056
1757708224 1525 4009448 8791056
1757708225 1525 4009832 8791056
1757708226 1525 4009832 8791056
1757708227 1524 4009832 8791056
1757708228 1524 4009832 8791056
1757708229 1524 4009832 8791056
1757708230 1524 4010216 8791056
1757708231 1524 4010216 8791056
1757708233 1524 4010216 8791056
1757708234 1524 4010216 8791056
1757708235 1524 4010600 8791056
1757708236 1524 4011368 8791056
1757708237 1524 4011752 8791056
1757708238 1524 4012520 8791056
1757708239 1524 4013288 8791056
1757708240 1524 4013672 8791056
1757708241 1524 4014440 8791056
1757708242 1525 4014824 8791056
1757708243 1524 4015592 8791056
1757708244 1524 4015976 8791056
1757708245 1524 4016872 8791056
1757708246 1524 4017640 8791056
1757708248 1524 4018408 8791056
1757708249 1524 4018792 8791056
1757708250 1524 4019560 8791056
1757708251 1524 4020328 8791056
1757708252 1524 4020712 8791056
1757708253 1525 4021608 8791056
1757708254 1525 4021992 8791056
1757708255 1525 4022760 8791056
1757708256 1525 4022760 8791056
1757708257 1525 4023144 8791056
1757708258 1524 4023144 8791056
1757708259 1524 4023144 8791056
1757708260 1524 4023144 8791056
1757708261 1524 4023144 8791056
1757708262 1524 4023144 8791056
1757708264 1524 4023528 8791056
1757708265 1524 4023912 8791056
1757708266 1524 4023912 8791056
1757708267 1524 4023912 8791056
1757708268 1524 4024296 8791056
1757708269 1524 4025064 8791056
1757708270 1524 4025448 8791056
1757708271 1524 4026216 8791056
1757708272 1524 4026984 8791056
1757708273 1524 4027368 8791056
1757708274 1524 4028136 8791056
1757708275 1524 4028520 8791056
1757708276 1524 4029416 8791056
1757708277 1524 4030184 8791056
1757708279 1524 4030952 8791056
1757708280 1524 4031336 8791056
1757708281 1524 4032104 8791056
1757708282 1524 4032872 8791056
1757708283 1524 4033256 8791056
1757708284 1524 4034024 8791056
1757708285 1525 4034408 8791056
1757708286 1525 4035176 8791056
1757708287 1525 4035176 8791056
1757708288 1524 4035176 8791056
1757708289 1524 4035176 8791056
1757708290 1524 4035176 8791056
1757708291 1524 4035560 8791056
1757708292 1524 4036456 8791056
1757708294 1524 4036456 8791056
1757708295 1524 4036456 8791056
1757708296 1524 4036840 8791056
1757708297 1524 4037224 8791056
1757708298 1524 4037224 8791056
1757708299 1524 4037224 8791056
1757708300 1524 4037224 8791056
1757708301 1524 4037992 8791056
1757708302 1524 4038376 8791056
1757708303 1523 4039144 8791056
1757708304 1524 4039912 8791056
1757708305 1524 4040296 8791056
1757708306 1524 4041064 8791056
1757708307 1524 4041832 8791056
1757708309 1524 4042216 8791056
1757708310 1524 4042984 8791056
1757708311 1524 4043368 8791056
1757708312 1524 4044136 8791056
1757708313 1524 4044520 8791056
1757708314 1524 4045288 8791056
1757708315 1525 4046056 8791056
1757708316 1525 4046824 8791056
1757708317 1525 4047208 8791056
1757708318 1525 4047592 8791056
1757708319 1524 4047592 8791056
1757708320 1524 4047592 8791056
1757708321 1524 4047592 8791056
1757708322 1524 4047976 8791056
1757708324 1524 4048744 8791056
1757708325 1524 4049128 8791056
1757708326 1524 4049896 8791056
1757708327 1524 4049896 8791056
1757708328 1524 4049896 8791056
1757708329 1524 4050280 8791056
1757708330 1524 4050664 8791056
1757708331 1524 4051048 8791056
1757708332 1524 4051048 8791056
1757708333 1524 4051048 8791056
1757708334 1524 4051432 8791056
1757708335 1524 4052200 8791056
1757708336 1524 4052584 8791056
1757708337 1524 4053352 8791056
1757708338 1524 4053736 8791056
1757708340 1524 4054504 8791056
1757708341 1524 4055400 8791056
1757708342 1524 4055784 8791056
1757708343 1524 4056552 8791056
1757708344 1524 4056936 8791056
1757708345 1525 4057704 8791056
1757708346 1525 4058472 8791056
1757708347 1525 4059240 8791056
1757708348 1525 4059624 8791056
1757708349 1525 4060008 8791056
1757708350 1524 4060008 8791056
1757708351 1524 4060008 8791056
1757708352 1524 4060392 8791056
1757708353 1524 4060392 8791056
1757708354 1524 4061160 8791056
1757708356 1524 4061672 8791056
1757708357 1524 4062440 8791056
1757708358 1524 4063208 8791056
1757708359 1524 4063976 8791056
1757708360 1524 4063976 8791056
1757708361 1524 4063976 8791056
1757708362 1524 4063976 8791056
1757708363 1525 4064744 8791056
1757708364 1525 4064744 8791056
1757708365 1524 4064744 8791056
1757708366 1524 4064744 8791056
1757708367 1524 4065128 8791056
1757708368 1524 4065896 8791056
1757708369 1524 4066280 8791056
1757708370 1524 4066664 8791056
1757708372 1524 4067432 8791056
1757708373 1524 4068200 8791056
1757708374 1524 4068712 8791056
1757708375 1524 4069480 8791056
1757708376 1524 4070248 8791056
1757708377 1524 4070632 8791056
1757708378 1525 4071400 8791056
1757708379 1525 4071784 8791056
1757708380 1525 4072552 8791056
1757708381 1524 4072552 8791056
1757708382 1524 4072552 8791056
1757708383 1524 4072552 8791056
1757708384 1524 4072552 8791056
1757708385 1524 4073320 8791056
1757708386 1524 4073704 8791056
1757708387 1524 4074472 8791056
1757708389 1524 4075240 8791056
1757708390 1524 4075624 8791056
1757708391 1524 4076520 8791056
1757708392 1524 4076904 8791056
1757708393 1524 4076904 8791056
1757708394 1524 4076904 8791056
1757708395 1524 4076904 8791056
1757708396 1524 4077800 8791056
1757708397 1524 4078184 8791056
1757708398 1524 4078184 8791056
1757708399 1524 4078184 8791056
1757708400 1524 4078568 8791056
1757708401 1524 4079336 8791056
1757708402 1524 4079720 8791056
1757708404 1524 4080104 8791056
1757708405 1524 4080872 8791056
1757708406 1524 4081640 8791056
1757708407 1524 4082024 8791056
1757708408 1524 4082792 8791056
1757708409 1524 4083560 8791056
1757708410 1525 4083944 8791056
1757708411 1525 4084712 8791056
1757708412 1525 4084712 8791056
1757708413 1524 4084712 8791056
1757708414 1524 4084712 8791056
1757708415 1524 4085096 8791056
1757708416 1524 4085096 8791056
1757708417 1524 4085864 8791056
1757708419 1524 4086760 8791056
1757708420 1524 4087528 8791056
1757708421 1524 4087912 8791056
1757708422 1524 4088680 8791056
1757708423 1524 4089448 8791056
1757708424 1524 4089832 8791056
1757708425 1524 4090216 8791056
1757708426 1524 4090600 8791056
1757708427 1524 4090600 8791056
1757708428 1525 4090600 8791056
1757708429 1524 4091496 8791056
1757708430 1524 4091880 8791056
1757708431 1524 4091880 8791056
1757708432 1524 4091880 8791056
1757708434 1524 4092264 8791056
1757708435 1524 4093032 8791056
1757708436 1524 4093416 8791056
1757708437 1524 4094184 8791056
1757708438 1524 4094568 8791056
1757708439 1524 4095336 8791056
1757708440 1524 4095720 8791056
1757708441 1525 4096488 8791056
1757708442 1525 4096872 8791056
1757708443 1525 4096872 8791056
1757708444 1524 4096872 8791056
1757708445 1524 4097256 8791056
1757708446 1524 4097256 8791056
1757708447 1524 4097256 8791056
1757708448 1524 4098024 8791056
1757708450 1524 4098792 8791056
1757708451 1524 4099176 8791056
1757708452 1524 4099944 8791056
1757708453 1524 4100328 8791056
1757708454 1524 4101096 8791056
1757708455 1524 4101864 8791056
1757708456 1524 4102248 8791056
1757708457 1524 4102760 8791056
1757708458 1525 4103528 8791056
1757708459 1525 4103528 8791056
1757708460 1524 4103528 8791056
1757708461 1524 4103912 8791056
1757708462 1524 4104296 8791056
1757708463 1524 4104680 8791056
1757708464 1524 4104680 8791056
1757708466 1524 4104680 8791056
1757708467 1524 4105064 8791056
1757708468 1524 4105832 8791056
1757708469 1524 4106216 8791056
1757708470 1524 4107112 8791056
1757708471 1524 4107880 8791056
1757708472 1524 4108264 8791056
1757708473 1524 4108648 8791056
1757708474 1524 4108648 8791056
1757708475 1524 4108648 8791056
1757708476 1524 4108648 8791056
1757708477 1524 4108648 8791056
1757708478 1524 4109032 8791056
1757708479 1524 4109800 8791056
1757708480 1524 4110184 8791056
1757708482 1524 4110952 8791056
1757708483 1524 4111720 8791056
1757708484 1524 4112104 8791056
1757708485 1524 4112872 8791056
1757708486 1524 4113640 8791056
1757708487 1524 4114024 8791056
1757708488 1524 4114792 8791056
1757708489 1524 4115304 8791056
1757708490 1524 4116072 8791056
1757708491 1524 4116456 8791056
1757708492 1524 4116456 8791056
1757708493 1524 4116456 8791056
1757708494 1524 4117224 8791056
1757708495 1524 4117608 8791056
1757708497 1524 4117992 8791056
1757708498 1524 4117992 8791056
1757708499 1524 4117992 8791056
1757708500 1524 4118376 8791056
1757708501 1524 4118760 8791056
1757708502 1524 4119528 8791056
1757708503 1524 4120296 8791056
1757708504 1524 4120680 8791056
1757708505 1524 4120680 8791056
1757708506 1524 4120680 8791056
1757708507 1524 4121064 8791056
1757708508 1524 4121448 8791056
1757708509 1524 4121448 8791056
1757708510 1524 4121832 8791056
1757708512 1524 4122600 8791056
1757708513 1524 4123496 8791056
1757708514 1524 4123880 8791056
1757708515 1524 4124648 8791056
1757708516 1524 4125416 8791056
1757708517 1524 4125800 8791056
1757708518 1524 4126568 8791056
1757708519 1524 4127336 8791056
1757708520 1524 4127720 8791056
1757708521 1525 4128488 8791056
1757708522 1524 4128872 8791056
1757708523 1524 4129640 8791056
1757708524 1524 4130024 8791056
1757708525 1524 4130024 8791056
1757708526 1524 4130024 8791056
1757708528 1524 4130792 8791056
1757708529 1524 4131560 8791056
1757708530 1524 4131560 8791056
1757708531 1524 4131560 8791056
1757708532 1524 4131560 8791056
1757708533 1524 4131944 8791056
1757708534 1524 4132712 8791056
1757708535 1525 4133096 8791056
1757708536 1524 4133480 8791056
1757708537 1524 4133480 8791056
1757708538 1524 4133864 8791056
1757708539 1524 4134632 8791056
1757708540 1524 4134632 8791056
1757708541 1524 4135016 8791056
1757708543 1524 4135784 8791056
1757708544 1524 4136168 8791056
1757708545 1524 4136936 8791056
1757708546 1524 4137448 8791056
1757708547 1524 4138216 8791056
1757708548 1524 4138984 8791056
1757708549 1524 4139368 8791056
1757708550 1525 4140136 8791056
1757708551 1525 4140904 8791056
1757708552 1525 4141288 8791056
1757708553 1524 4142056 8791056
1757708554 1524 4142824 8791056
1757708555 1524 4143208 8791056
1757708556 1524 4143976 8791056
1757708558 1524 4143976 8791056
1757708559 1524 4143976 8791056
1757708560 1524 4143976 8791056
1757708561 1524 4144872 8791056
1757708562 1524 4145640 8791056
1757708563 1525 4146024 8791056
1757708564 1525 4146024 8791056
1757708565 1525 4146024 8791056
1757708566 1525 4146024 8791056
1757708567 1525 4146024 8791056
1757708568 1524 4146024 8791056
1757708569 1524 4146792 8791056
1757708570 1524 4147176 8791056
1757708571 1524 4147176 8791056
1757708572 1524 4147944 8791056
1757708574 1524 4148328 8791056
1757708575 1524 4149096 8791056
1757708576 1524 4149864 8791056
1757708577 1524 4150248 8791056
1757708578 1524 4151016 8791056
1757708579 1524 4151400 8791056
1757708580 1525 4152168 8791056
1757708581 1525 4152552 8791056
1757708582 1525 4153320 8791056
1757708583 1525 4153704 8791056
1757708584 1524 4154472 8791056
1757708585 1524 4155368 8791056
1757708586 1524 4155752 8791056
1757708587 1524 4156520 8791056
1757708589 1524 4157288 8791056
1757708590 1524 4158056 8791056
1757708591 1524 4158056 8791056
1757708592 1525 4158056 8791056
1757708593 1525 4158056 8791056
1757708594 1525 4158824 8791056
1757708595 1525 4159208 8791056
1757708596 1525 4159976 8791056
1757708597 1525 4159976 8791056
1757708598 1525 4159976 8791056
1757708599 1524 4159976 8791056
1757708600 1524 4160360 8791056
1757708601 1524 4160360 8791056
1757708602 1524 4160744 8791056
1757708603 1524 4161128 8791056
1757708605 1524 4161896 8791056
1757708606 1524 4162664 8791056
1757708607 1524 4163048 8791056
1757708608 1524 4163816 8791056
1757708609 1524 4164200 8791056
1757708610 1525 4164968 8791056
1757708611 1525 4165864 8791056
1757708612 1525 4166248 8791056
1757708613 1525 4167016 8791056
1757708614 1525 4167400 8791056
1757708615 1524 4168168 8791056
1757708616 1524 4168936 8791056
1757708617 1524 4169704 8791056
1757708618 1524 4170088 8791056
1757708620 1524 4170856 8791056
1757708621 1525 4171624 8791056
1757708622 1525 4172008 8791056
1757708623 1525 4172776 8791056
1757708624 1525 4172776 8791056
1757708625 1525 4172776 8791056
1757708626 1525 4173160 8791056
1757708627 1525 4173928 8791056
1757708628 1525 4174312 8791056
1757708629 1525 4174312 8791056
1757708630 1524 4174312 8791056
1757708631 1524 4174312 8791056
1757708632 1524 4174312 8791056
1757708633 1524 4174696 8791056
1757708635 1524 4175592 8791056
1757708636 1524 4175976 8791056
1757708637 1524 4176744 8791056
1757708638 1524 4177128 8791056
1757708639 1525 4177896 8791056
1757708640 1525 4178280 8791056
1757708641 1525 4179048 8791056
1757708642 1525 4179816 8791056
1757708643 1525 4180584 8791056
1757708644 1525 4180968 8791056
1757708645 1524 4181736 8791056
1757708646 1524 4182504 8791056
1757708647 1524 4183016 8791056
1757708648 1524 4183784 8791056
1757708650 1525 4184168 8791056
1757708651 1525 4184936 8791056
1757708652 1525 4185704 8791056
1757708653 1525 4186088 8791056
1757708654 1525 4186856 8791056
1757708655 1525 4187624 8791056
1757708656 1525 4188008 8791056
1757708657 1525 4188008 8791056
1757708658 1525 4188008 8791056
1757708659 1525 4188008 8791056
1757708660 1524 4188008 8791056
1757708661 1524 4188392 8791056
1757708662 1524 4189160 8791056
1757708663 1524 4189160 8791056
1757708665 1524 4189160 8791056
1757708666 1524 4189160 8791056
1757708667 1524 4190056 8791056
1757708668 1524 4190440 8791056
1757708669 1525 4191208 8791056
1757708670 1525 4191976 8791056
1757708671 1525 4192360 8791056
1757708672 1525 4193128 8791056
1757708673 1525 4193896 8791056
1757708674 1525 4194664 8791056
1757708675 1524 4195048 8791056
1757708676 1524 4195816 8791056
1757708677 1524 4196200 8791056
1757708678 1524 4196968 8791056
1757708679 1525 4197480 8791056
1757708681 1525 4198248 8791056
1757708682 1525 4199016 8791056
1757708683 1525 4199784 8791056
1757708684 1525 4200552 8791056
1757708685 1525 4200936 8791056
1757708686 1525 4201704 8791056
1757708687 1525 4202088 8791056
1757708688 1525 4202856 8791056
1757708689 1525 4203240 8791056
1757708690 1524 4203240 8791056
1757708691 1524 4203240 8791056
1757708692 1524 4203240 8791056
1757708693 1524 4204008 8791056
1757708695 1524 4204008 8791056
1757708696 1525 4204008 8791056
1757708697 1525 4204008 8791056
1757708698 1525 4204008 8791056
1757708699 1525 4204392 8791056
1757708700 1525 4205160 8791056
1757708701 1525 4205544 8791056
1757708702 1525 4206312 8791056
1757708703 1525 4206696 8791056
1757708704 1525 4207592 8791056
1757708705 1525 4208360 8791056
1757708706 1524 4208744 8791056
1757708707 1524 4209512 8791056
1757708708 1524 4210280 8791056
1757708709 1525 4210664 8791056
1757708710 1525 4211432 8791056
1757708712 1525 4212200 8791056
1757708713 1525 4212584 8791056
1757708714 1525 4213352 8791056
1757708715 1525 4214120 8791056
1757708716 1525 4214504 8791056
1757708717 1525 4215400 8791056
1757708718 1525 4216168 8791056
1757708719 1525 4216936 8791056
1757708720 1525 4217320 8791056
1757708721 1525 4217320 8791056
1757708722 1525 4217320 8791056
1757708723 1525 4217320 8791056
1757708724 1524 4217320 8791056
1757708725 1525 4217320 8791056
1757708727 1525 4218216 8791056
1757708728 1525 4218984 8791056
1757708729 1525 4219368 8791056
1757708730 1525 4219368 8791056
1757708731 1525 4219368 8791056
1757708732 1525 4219752 8791056
1757708733 1525 4220136 8791056
1757708734 1525 4221032 8791056
1757708735 1525 4221800 8791056
1757708736 1524 4222184 8791056
1757708737 1524 4222952 8791056
1757708738 1524 4223336 8791056
1757708739 1525 4224104 8791056
1757708740 1525 4224872 8791056
1757708741 1525 4225256 8791056
1757708743 1525 4226024 8791056
1757708744 1525 4226792 8791056
1757708745 1525 4227176 8791056
1757708746 1525 4227944 8791056
1757708747 1525 4228712 8791056
1757708748 1525 4229096 8791056
1757708749 1525 4229864 8791056
1757708750 1525 4230760 8791056
1757708751 1525 4230760 8791056
1757708752 1525 4231144 8791056
1757708753 1525 4231144 8791056
1757708754 1525 4232040 8791056
1757708755 1525 4232040 8791056
1757708756 1525 4232040 8791056
1757708758 1525 4232040 8791056
1757708759 1525 4232936 8791056
1757708760 1525 4233320 8791056
1757708761 1525 4234088 8791056
1757708762 1525 4234472 8791056
1757708763 1525 4234472 8791056
1757708764 1525 4234472 8791056
1757708765 1525 4234856 8791056
1757708766 1525 4235240 8791056
1757708767 1525 4236008 8791056
1757708768 1524 4236776 8791056
1757708769 1524 4237160 8791056
1757708770 1525 4237928 8791056
1757708771 1525 4238312 8791056
1757708772 1525 4239080 8791056
1757708774 1525 4239976 8791056
1757708775 1525 4240744 8791056
1757708776 1525 4241128 8791056
1757708777 1525 4241896 8791056
1757708778 1525 4242664 8791056
1757708779 1525 4243048 8791056
1757708780 1525 4243816 8791056
1757708781 1525 4244584 8791056
1757708782 1525 4244584 8791056
1757708783 1525 4244584 8791056
1757708784 1525 4244968 8791056
1757708785 1525 4245352 8791056
1757708786 1525 4245736 8791056
1757708787 1525 4245736 8791056
1757708788 1525 4245736 8791056
1757708790 1525 4245736 8791056
1757708791 1525 4246120 8791056
1757708792 1525 4246504 8791056
1757708793 1525 4247272 8791056
1757708794 1525 4248168 8791056
1757708795 1525 4248552 8791056
1757708796 1525 4248552 8791056
1757708797 1525 4248552 8791056
1757708798 1525 4248552 8791056
1757708799 1524 4249320 8791056
1757708800 1525 4249704 8791056
1757708801 1525 4250472 8791056
1757708802 1525 4250856 8791056
1757708803 1525 4251624 8791056
1757708805 1525 4252392 8791056
1757708806 1525 4253160 8791056
1757708807 1525 4253672 8791056
1757708808 1525 4254440 8791056
1757708809 1525 4254824 8791056
1757708810 1525 4255592 8791056
1757708811 1525 4256360 8791056
1757708812 1525 4256744 8791056
1757708813 1525 4256744 8791056
1757708814 1525 4256744 8791056
1757708815 1525 4257128 8791056
1757708816 1525 4257896 8791056
1757708817 1525 4257896 8791056
1757708818 1525 4257896 8791056
1757708819 1525 4258664 8791056
1757708821 1525 4259048 8791056
1757708822 1525 4259048 8791056
1757708823 1525 4259048 8791056
1757708824 1525 4259432 8791056
1757708825 1525 4260200 8791056
1757708826 1525 4260584 8791056
1757708827 1525 4261352 8791056
1757708828 1525 4261736 8791056
1757708829 1525 4262120 8791056
1757708830 1525 4262120 8791056
1757708831 1525 4262120 8791056
1757708832 1525 4262504 8791056
1757708833 1525 4263272 8791056
1757708834 1525 4263656 8791056
1757708836 1525 4264424 8791056
1757708837 1525 4265192 8791056
1757708838 1525 4265704 8791056
1757708839 1525 4266472 8791056
1757708840 1525 4267240 8791056
1757708841 1525 4268008 8791056
1757708842 1525 4268392 8791056
1757708843 1525 4268776 8791056
1757708844 1525 4268776 8791056
1757708845 1525 4268776 8791056
1757708846 1525 4269544 8791056
1757708847 1525 4269928 8791056
1757708848 1525 4269928 8791056
1757708849 1525 4270696 8791056
1757708850 1525 4271080 8791056
1757708852 1525 4271848 8791056
1757708853 1525 4272616 8791056
1757708854 1525 4273000 8791056
1757708855 1525 4273000 8791056
1757708856 1525 4273000 8791056
1757708857 1525 4273384 8791056
1757708858 1525 4273896 8791056
1757708859 1525 4274664 8791056
1757708860 1525 4275432 8791056
1757708861 1525 4275816 8791056
1757708862 1525 4275816 8791056
1757708863 1525 4275816 8791056
1757708864 1525 4275816 8791056
1757708865 1525 4276200 8791056
1757708866 1525 4276968 8791056
1757708868 1525 4277736 8791056
1757708869 1525 4278504 8791056
1757708870 1525 4278888 8791056
1757708871 1525 4279656 8791056
1757708872 1525 4280424 8791056
1757708873 1525 4280808 8791056
1757708874 1525 4280808 8791056
1757708875 1525 4280808 8791056
1757708876 1525 4281576 8791056
1757708877 1525 4281960 8791056
1757708878 1525 4282344 8791056
1757708879 1525 4282344 8791056
1757708880 1525 4283112 8791056
1757708881 1525 4283880 8791056
1757708883 1525 4284392 8791056
1757708884 1525 4285160 8791056
1757708885 1525 4285544 8791056
1757708886 1525 4286312 8791056
1757708887 1525 4286696 8791056
1757708888 1525 4286696 8791056
1757708889 1525 4286696 8791056
1757708890 1525 4287080 8791056
1757708891 1525 4287464 8791056
1757708892 1526 4288232 8791056
1757708893 1525 4289000 8791056
1757708894 1525 4289768 8791056
1757708895 1525 4289768 8791056
1757708896 1525 4289768 8791056
1757708897 1525 4289768 8791056
1757708899 1525 4290152 8791056
1757708900 1525 4290920 8791056
1757708901 1525 4291304 8791056
1757708902 1525 4292200 8791056
1757708903 1525 4292968 8791056
1757708904 1525 4293352 8791056
1757708905 1525 4293352 8791056
1757708906 1525 4293736 8791056
1757708907 1525 4294120 8791056
1757708908 1525 4294888 8791056
1757708909 1525 4295272 8791056
1757708910 1525 4295272 8791056
1757708911 1525 4296040 8791056
1757708912 1525 4296424 8791056
1757708914 1525 4297192 8791056
1757708915 1525 4297576 8791056
1757708916 1525 4298344 8791056
1757708917 1525 4299112 8791056
1757708918 1525 4299496 8791056
1757708919 1525 4300264 8791056
1757708920 1525 4300648 8791056
1757708921 1525 4300648 8791056
1757708922 1525 4300648 8791056
1757708923 1526 4301032 8791056
1757708924 1525 4301800 8791056
1757708925 1525 4302568 8791056
1757708926 1525 4303080 8791056
1757708927 1525 4303848 8791056
1757708928 1525 4304232 8791056
1757708930 1525 4304232 8791056
1757708931 1525 4304232 8791056
1757708932 1525 4304616 8791056
1757708933 1525 4305384 8791056
1757708934 1525 4305768 8791056
1757708935 1526 4306536 8791056
1757708936 1525 4306536 8791056
1757708937 1525 4306536 8791056
1757708938 1526 4306920 8791056
1757708939 1525 4307688 8791056
1757708940 1525 4308456 8791056
1757708941 1525 4308456 8791056
1757708942 1525 4308840 8791056
1757708943 1525 4309608 8791056
1757708945 1525 4309992 8791056
1757708946 1525 4310760 8791056
1757708947 1525 4311144 8791056
1757708948 1525 4311912 8791056
1757708949 1525 4312680 8791056
1757708950 1525 4313064 8791056
1757708951 1526 4313832 8791056
1757708952 1526 4314600 8791056
1757708953 1526 4314600 8791056
1757708954 1526 4314600 8791056
1757708955 1525 4314600 8791056
1757708956 1525 4315496 8791056
1757708957 1525 4315880 8791056
1757708958 1525 4316648 8791056
1757708960 1525 4317032 8791056
1757708961 1525 4317800 8791056
1757708962 1525 4318184 8791056
1757708963 1525 4318184 8791056
1757708964 1526 4318184 8791056
1757708965 1526 4318568 8791056
1757708966 1526 4319080 8791056
1757708967 1526 4319464 8791056
1757708968 1526 4319464 8791056
1757708969 1525 4319848 8791056
1757708970 1525 4320616 8791056
1757708971 1525 4321128 8791056
1757708972 1525 4321512 8791056
1757708973 1525 4321512 8791056
1757708975 1525 4322280 8791056
1757708976 1525 4322664 8791056
1757708977 1525 4323432 8791056
1757708978 1525 4324328 8791056
1757708979 1525 4324712 8791056
1757708980 1525 4325480 8791056
1757708981 1526 4325864 8791056
1757708982 1526 4325864 8791056
1757708983 1526 4326248 8791056
1757708984 1526 4327016 8791056
1757708985 1525 4327400 8791056
1757708986 1525 4327784 8791056
1757708987 1525 4327784 8791056
1757708988 1525 4327784 8791056
1757708989 1525 4328552 8791056
1757708991 1525 4328936 8791056
1757708992 1525 4329704 8791056
1757708993 1525 4330472 8791056
1757708994 1525 4330984 8791056
1757708995 1526 4331368 8791056
1757708996 1526 4331368 8791056
1757708997 1526 4331368 8791056
1757708998 1526 4331752 8791056
1757708999 1526 4331752 8791056
1757709000 1525 4331752 8791056
1757709001 1525 4332520 8791056
1757709002 1525 4332520 8791056
1757709003 1525 4332520 8791056
1757709004 1525 4332520 8791056
1757709005 1525 4332904 8791056
1757709007 1525 4333672 8791056
1757709008 1525 4334056 8791056
1757709009 1525 4334824 8791056
1757709010 1525 4335592 8791056
1757709011 1525 4335976 8791056
1757709012 1525 4336744 8791056
1757709013 1525 4337512 8791056
1757709014 1526 4337896 8791056
1757709015 1526 4338664 8791056
1757709016 1526 4339048 8791056
1757709017 1525 4339816 8791056
1757709018 1525 4340712 8791056
1757709019 1525 4340712 8791056
1757709020 1525 4340712 8791056
1757709022 1525 4340712 8791056
1757709023 1525 4341608 8791056
1757709024 1525 4342376 8791056
1757709025 1525 4343144 8791056
1757709026 1526 4343528 8791056
1757709027 1526 4344296 8791056
1757709028 1526 4344680 8791056
1757709029 1526 4344680 8791056
1757709030 1526 4344680 8791056
1757709031 1526 4344680 8791056
1757709032 1525 4344680 8791056
1757709033 1525 4345448 8791056
1757709034 1525 4345832 8791056
1757709035 1525 4345832 8791056
1757709036 1525 4346216 8791056
1757709038 1525 4346984 8791056
1757709039 1525 4347752 8791056
1757709040 1525 4348136 8791056
1757709041 1525 4348904 8791056
1757709042 1525 4349288 8791056
1757709043 1525 4350184 8791056
1757709044 1525 4350568 8791056
1757709045 1526 4351336 8791056
1757709046 1526 4352104 8791056
1757709047 1525 4352872 8791056
1757709048 1525 4353640 8791056
1757709049 1525 4354024 8791056
1757709050 1525 4354792 8791056
1757709052 1525 4355176 8791056
1757709053 1525 4355176 8791056
1757709054 1525 4355176 8791056
1757709055 1525 4355560 8791056
1757709056 1525 4356328 8791056
1757709057 1526 4356712 8791056
1757709058 1526 4357480 8791056
1757709059 1526 4358248 8791056
1757709060 1526 4358632 8791056
1757709061 1526 4358632 8791056
1757709062 1525 4358632 8791056
1757709063 1525 4358632 8791056
1757709064 1525 4359016 8791056
1757709065 1525 4359016 8791056
1757709066 1525 4359400 8791056
1757709068 1525 4359784 8791056
1757709069 1525 4360552 8791056
1757709070 1525 4361320 8791056
1757709071 1525 4361704 8791056
1757709072 1525 4362472 8791056
1757709073 1525 4363240 8791056
1757709074 1526 4363624 8791056
1757709075 1526 4364392 8791056
1757709076 1526 4365160 8791056
1757709077 1526 4365544 8791056
1757709078 1525 4366440 8791056
1757709079 1525 4366824 8791056
1757709080 1525 4367592 8791056
1757709081 1525 4368360 8791056
1757709082 1525 4368744 8791056
1757709084 1525 4369512 8791056
1757709085 1526 4369896 8791056
1757709086 1526 4369896 8791056
1757709087 1526 4369896 8791056
1757709088 1526 4370280 8791056
1757709089 1526 4370664 8791056
1757709090 1526 4371432 8791056
1757709091 1526 4371816 8791056
1757709092 1526 4371816 8791056
1757709093 1525 4371816 8791056
1757709094 1525 4371816 8791056
1757709095 1525 4371816 8791056
1757709096 1525 4371816 8791056
1757709097 1525 4371816 8791056
1757709098 1525 4372200 8791056
1757709100 1525 4372968 8791056
1757709101 1525 4373352 8791056
1757709102 1525 4374120 8791056
1757709103 1525 4374888 8791056
1757709104 1525 4375272 8791056
1757709105 1525 4376040 8791056
1757709106 1526 4376808 8791056
1757709107 1526 4377704 8791056
1757709108 1526 4378088 8791056
1757709109 1525 4378856 8791056
1757709110 1525 4379240 8791056
1757709111 1525 4380008 8791056
1757709112 1525 4380776 8791056
1757709113 1525 4381544 8791056
1757709115 1525 4381928 8791056
1757709116 1525 4382696 8791056
1757709117 1526 4383464 8791056
1757709118 1526 4383464 8791056
1757709119 1526 4383848 8791056
1757709120 1526 4383848 8791056
1757709121 1526 4384360 8791056
1757709122 1526 4384744 8791056
1757709123 1526 4384744 8791056
1757709124 1526 4384744 8791056
1757709125 1525 4385128 8791056
1757709126 1525 4385896 8791056
1757709127 1525 4386408 8791056
1757709128 1525 4386408 8791056
1757709129 1525 4386408 8791056
1757709130 1525 4386408 8791056
1757709132 1525 4386792 8791056
1757709133 1525 4387560 8791056
1757709134 1525 4387944 8791056
1757709135 1525 4388712 8791056
1757709136 1525 4389096 8791056
1757709137 1525 4389864 8791056
1757709138 1526 4390632 8791056
1757709139 1526 4391016 8791056
1757709140 1526 4391912 8791056
1757709141 1526 4392680 8791056
1757709142 1525 4393064 8791056
1757709143 1525 4393832 8791056
1757709144 1525 4394728 8791056
1757709145 1525 4395112 8791056
1757709146 1525 4395880 8791056
1757709148 1525 4396264 8791056
1757709149 1526 4397032 8791056
1757709150 1526 4397800 8791056
1757709151 1526 4398184 8791056
1757709152 1526 4398184 8791056
1757709153 1526 4398184 8791056
1757709154 1526 4398184 8791056
1757709155 1526 4398184 8791056
1757709156 1525 4398568 8791056
1757709157 1525 4398952 8791056
1757709158 1525 4399336 8791056
1757709159 1525 4399336 8791056
1757709160 1525 4399720 8791056
1757709162 1525 4399720 8791056
1757709163 1525 4399720 8791056
1757709164 1525 4400104 8791056
1757709165 1525 4400616 8791056
1757709166 1525 4401384 8791056
1757709167 1525 4401768 8791056
1757709168 1526 4402536 8791056
1757709169 1526 4403304 8791056
1757709170 1526 4404072 8791056
1757709171 1525 4404456 8791056
1757709172 1525 4405224 8791056
1757709173 1525 4405608 8791056
1757709174 1525 4406504 8791056
1757709175 1525 4407272 8791056
1757709177 1525 4407656 8791056
1757709178 1525 4408424 8791056
1757709179 1526 4408808 8791056
1757709180 1526 4409576 8791056
1757709181 1526 4410344 8791056
1757709182 1526 4410728 8791056
1757709183 1526 4411496 8791056
1757709184 1526 4411496 8791056
1757709185 1526 4411496 8791056
1757709186 1525 4411496 8791056
1757709187 1525 4411880 8791056
1757709188 1525 4412648 8791056
1757709189 1525 4413032 8791056
1757709190 1525 4413032 8791056
1757709192 1525 4413416 8791056
1757709193 1525 4414184 8791056
1757709194 1525 4414568 8791056
1757709195 1525 4414568 8791056
1757709196 1525 4414568 8791056
1757709197 1525 4414568 8791056
1757709198 1526 4415336 8791056
1757709199 1526 4416104 8791056
1757709200 1526 4416872 8791056
1757709201 1526 4417256 8791056
1757709202 1525 4418024 8791056
1757709203 1525 4418408 8791056
1757709204 1525 4419176 8791056
1757709205 1525 4419944 8791056
1757709206 1525 4420456 8791056
1757709208 1525 4421224 8791056
1757709209 1526 4421608 8791056
1757709210 1526 4422376 8791056
1757709211 1526 4423144 8791056
1757709212 1526 4423528 8791056
1757709213 1526 4424296 8791056
1757709214 1526 4424680 8791056
1757709215 1526 4425448 8791056
1757709216 1526 4425448 8791056
1757709217 1526 4425832 8791056
1757709218 1525 4425832 8791056
1757709219 1525 4425832 8791056
1757709220 1525 4426216 8791056
1757709221 1525 4426216 8791056
1757709222 1525 4426600 8791056
1757709224 1525 4427368 8791056
1757709225 1525 4428136 8791056
1757709226 1525 4428520 8791056
1757709227 1526 4429288 8791056
1757709228 1526 4429288 8791056
1757709229 1526 4429288 8791056
1757709230 1526 4429288 8791056
1757709231 1526 4430056 8791056
1757709232 1526 4430440 8791056
1757709233 1525 4431336 8791056
1757709234 1525 4432104 8791056
1757709235 1525 4432488 8791056
1757709236 1525 4433256 8791056
1757709237 1525 4434024 8791056
1757709239 1525 4434792 8791056
1757709240 1526 4435176 8791056
1757709241 1526 4435944 8791056
1757709242 1526 4436328 8791056
1757709243 1526 4437096 8791056
1757709244 1526 4437864 8791056
1757709245 1526 4438376 8791056
1757709246 1526 4439144 8791056
1757709247 1526 4439144 8791056
1757709248 1526 4439144 8791056
1757709249 1525 4439528 8791056
1757709250 1525 4439912 8791056
1757709251 1525 4439912 8791056
1757709252 1525 4439912 8791056
1757709254 1525 4440296 8791056
1757709255 1525 4441064 8791056
1757709256 1525 4441448 8791056
1757709257 1526 4442216 8791056
1757709258 1526 4442984 8791056
1757709259 1526 4443368 8791056
1757709260 1526 4444136 8791056
1757709261 1526 4444136 8791056
1757709262 1526 4444136 8791056
1757709263 1526 4444520 8791056
1757709264 1525 4444904 8791056
1757709265 1525 4445672 8791056
1757709266 1525 4446568 8791056
1757709267 1525 4446952 8791056
1757709268 1525 4447720 8791056
1757709270 1526 4448488 8791056
1757709271 1526 4448872 8791056
1757709272 1526 4449640 8791056
1757709273 1526 4450408 8791056
1757709274 1526 4450792 8791056
1757709275 1526 4451560 8791056
1757709276 1526 4452328 8791056
1757709277 1526 4452712 8791056
1757709278 1526 4452712 8791056
1757709279 1525 4452712 8791056
1757709280 1525 4453480 8791056
1757709281 1525 4453992 8791056
1757709282 1525 4453992 8791056
1757709283 1525 4453992 8791056
1757709284 1525 4453992 8791056
1757709286 1525 4453992 8791056
1757709287 1525 4454760 8791056
1757709288 1525 4455528 8791056
1757709289 1526 4455912 8791056
1757709290 1526 4456680 8791056
1757709291 1526 4457064 8791056
1757709292 1526 4457832 8791056
1757709293 1526 4458600 8791056
1757709294 1526 4458600 8791056
1757709295 1525 4458600 8791056
1757709296 1525 4458600 8791056
1757709297 1525 4459368 8791056
1757709298 1525 4459752 8791056
1757709299 1525 4460520 8791056
1757709301 1525 4461288 8791056
1757709302 1526 4461672 8791056
1757709303 1526 4462568 8791056
1757709304 1526 4463336 8791056
1757709305 1526 4463720 8791056
1757709306 1526 4464488 8791056
1757709307 1526 4465256 8791056
1757709308 1526 4465640 8791056
1757709309 1526 4465640 8791056
1757709310 1526 4465640 8791056
1757709311 1525 4466152 8791056
1757709312 1525 4466920 8791056
1757709313 1525 4467304 8791056
1757709314 1525 4467304 8791056
1757709315 1525 4468072 8791056
1757709317 1525 4468072 8791056
1757709318 1525 4468072 8791056
1757709319 1525 4468072 8791056
1757709320 1526 4468840 8791056
1757709321 1526 4469736 8791056
1757709322 1526 4470120 8791056
1757709323 1526 4470888 8791056
1757709324 1526 4471272 8791056
1757709325 1526 4472040 8791056
1757709326 1526 4472808 8791056
1757709327 1525 4472808 8791056
1757709328 1525 4472808 8791056
1757709329 1525 4472808 8791056
1757709330 1525 4473576 8791056
1757709332 1525 4473960 8791056
1757709333 1526 4474728 8791056
1757709334 1526 4475496 8791056
1757709335 1526 4475880 8791056
1757709336 1526 4476648 8791056
1757709337 1526 4477416 8791056
1757709338 1526 4477800 8791056
1757709339 1526 4478696 8791056
1757709340 1526 4479080 8791056
1757709341 1526 4479080 8791056
1757709342 1525 4479080 8791056
1757709343 1525 4479464 8791056
1757709344 1525 4479464 8791056
1757709345 1525 4479976 8791056
1757709347 1525 4480744 8791056
1757709348 1526 4481128 8791056
1757709349 1526 4481896 8791056
1757709350 1526 4481896 8791056
1757709351 1526 4481896 8791056
1757709352 1526 4482280 8791056
1757709353 1526 4482664 8791056
1757709354 1526 4483432 8791056
1757709355 1526 4484200 8791056
1757709356 1526 4484584 8791056
1757709357 1525 4485352 8791056
1757709358 1525 4486120 8791056
1757709359 1525 4486504 8791056
1757709360 1525 4486504 8791056
1757709361 1526 4486504 8791056
1757709363 1526 4486888 8791056
1757709364 1526 4487272 8791056
1757709365 1526 4488040 8791056
1757709366 1526 4488808 8791056
1757709367 1526 4489192 8791056
1757709368 1526 4489960 8791056
1757709369 1526 4490344 8791056
1757709370 1526 4491112 8791056
1757709371 1526 4491496 8791056
1757709372 1526 4492008 8791056
1757709373 1525 4492008 8791056
1757709374 1525 4492008 8791056
1757709375 1525 4492008 8791056
1757709376 1525 4492392 8791056
1757709378 1525 4493160 8791056
1757709379 1526 4493544 8791056
1757709380 1526 4494312 8791056
1757709381 1526 4494696 8791056
1757709382 1526 4495464 8791056
1757709383 1526 4495464 8791056
1757709384 1526 4495464 8791056
1757709385 1526 4495464 8791056
1757709386 1526 4496232 8791056
1757709387 1526 4497000 8791056
1757709388 1525 4497896 8791056
1757709389 1525 4498280 8791056
1757709390 1525 4499048 8791056
1757709391 1526 4499816 8791056
1757709392 1526 4500200 8791056
1757709394 1526 4500200 8791056
1757709395 1526 4500200 8791056
1757709396 1526 4500200 8791056
1757709397 1526 4500584 8791056
1757709398 1526 4501352 8791056
1757709399 1526 4502120 8791056
1757709400 1526 4502504 8791056
1757709401 1526 4503272 8791056
1757709402 1526 4504040 8791056
1757709403 1525 4504040 8791056
1757709404 1525 4504040 8791056
1757709405 1525 4504424 8791056
1757709406 1525 4504424 8791056
1757709408 1525 4504808 8791056
1757709409 1526 4505192 8791056
1757709410 1526 4505960 8791056
1757709411 1526 4506728 8791056
1757709412 1526 4507112 8791056
1757709413 1526 4507880 8791056
1757709414 1526 4508776 8791056
1757709415 1526 4508776 8791056
1757709416 1526 4508776 8791056
1757709417 1526 4508776 8791056
1757709418 1525 4509160 8791056
1757709419 1525 4509928 8791056
1757709420 1525 4510696 8791056
1757709421 1526 4511464 8791056
1757709422 1526 4511848 8791056
1757709424 1526 4512616 8791056
1757709425 1526 4513384 8791056
1757709426 1526 4513768 8791056
1757709427 1526 4514152 8791056
1757709428 1526 4514152 8791056
1757709429 1526 4514152 8791056
1757709430 1526 4514536 8791056
1757709431 1526 4515304 8791056
1757709432 1526 4515688 8791056
1757709433 1526 4516456 8791056
1757709434 1525 4516456 8791056
1757709435 1525 4516456 8791056
1757709436 1525 4516456 8791056
1757709437 1525 4516456 8791056
1757709438 1525 4516456 8791056
1757709440 1525 4516840 8791056
1757709441 1526 4517608 8791056
1757709442 1526 4518376 8791056
1757709443 1526 4519144 8791056
1757709444 1526 4519528 8791056
1757709445 1526 4520296 8791056
1757709446 1526 4521064 8791056
1757709447 1526 4521448 8791056
1757709448 1526 4521832 8791056
1757709449 1526 4521832 8791056
1757709450 1525 4521832 8791056
1757709451 1525 4522216 8791056
1757709452 1526 4522984 8791056
1757709453 1526 4522984 8791056
1757709455 1526 4522984 8791056
1757709456 1526 4522984 8791056
1757709457 1526 4522984 8791056
1757709458 1526 4522984 8791056
1757709459 1526 4522984 8791056
1757709460 1526 4522984 8791056
1757709461 1526 4522984 8791056
1757709462 1526 4522984 8791056
1757709463 1526 4522984 8791056
1757709464 1526 4522984 8791056
1757709465 1526 4522984 8791056
1757709466 1525 4522984 8791056
1757709467 1525 4522984 8791056
1757709468 1525 4522984 8791056
1757709469 1525 4522984 8791056
1757709470 1525 4522984 8791056
1757709472 1525 4522984 8791056
1757709473 1526 4522984 8791056
1757709474 1526 4522984 8791056
1757709475 1526 4522984 8791056
1757709476 1526 4522984 8791056
1757709477 1526 4522984 8791056
1757709478 1526 4522984 8791056
1757709479 1526 4522984 8791056
1757709480 1526 4522984 8791056
1757709481 1525 4522984 8791056
1757709482 1525 4522984 8791056
1757709483 1525 4522984 8791056
1757709484 1526 4522984 8791056
1757709485 1526 4522984 8791056
1757709487 1526 4522984 8791056
1757709488 1526 4522984 8791056
1757709489 1526 4522984 8791056
1757709490 1526 4522984 8791056
1757709491 1526 4522984 8791056
1757709492 1526 4522984 8791056
1757709493 1526 4522984 8791056
1757709494 1526 4522984 8791056
1757709495 1526 4522984 8791056
1757709496 1526 4522984 8791056
1757709497 1525 4522984 8791056
1757709498 1525 4522984 8791056
1757709499 1525 4522984 8791056
1757709500 1525 4522984 8791056
1757709501 1525 4522984 8791056
1757709503 1526 4522984 8791056
1757709504 1526 4522984 8791056
1757709505 1526 4522984 8791056
1757709506 1526 4522984 8791056
1757709507 1526 4522984 8791056
1757709508 1526 4522984 8791056
1757709509 1526 4522984 8791056
1757709510 1526 4522984 8791056
1757709511 1526 4522984 8791056
1757709512 1525 4522984 8791056
1757709513 1526 4522984 8791056
1757709514 1526 4522984 8791056
1757709515 1526 4522984 8791056
1757709516 1526 4522984 8791056
1757709518 1526 4522984 8791056
1757709519 1526 4522984 8791056
1757709520 1526 4522984 8791056
1757709521 1526 4522984 8791056
1757709522 1526 4522984 8791056
1757709523 1526 4522984 8791056
1757709524 1526 4522984 8791056
1757709525 1526 4522984 8791056
1757709526 1526 4522984 8791056
1757709527 1526 4522984 8791056
1757709528 1525 4522984 8791056
1757709529 1525 4522984 8791056
1757709530 1525 4522984 8791056
1757709531 1525 4522984 8791056
1757709533 1526 4522984 8791056
1757709534 1526 4522984 8791056
1757709535 1526 4522984 8791056
1757709536 1526 4522984 8791056
1757709537 1526 4522984 8791056
1757709538 1526 4522984 8791056
1757709539 1526 4522984 8791056
1757709540 1526 4522984 8791056
1757709541 1526 4522984 8791056
1757709542 1526 4522984 8791056
1757709543 1526 4522984 8791056
1757709544 1526 4522984 8791056
1757709545 1526 4522984 8791056
1757709546 1526 4522984 8791056
1757709547 1526 4522984 8791056
1757709549 1526 4522984 8791056
1757709550 1526 4522984 8791056
1757709551 1526 4522984 8791056
1757709552 1526 4522984 8791056
1757709553 1526 4522984 8791056
1757709554 1526 4522984 8791056
1757709555 1526 4522984 8791056
1757709556 1526 4522984 8791056
1757709557 1526 4522984 8791056
1757709558 1526 4522984 8791056
1757709559 1526 4522984 8791056
1757709560 1526 4522984 8791056
1757709561 1525 4522984 8791056
1757709562 1525 4522984 8791056
1757709563 1526 4522984 8791056
1757709565 1526 4522984 8791056
1757709566 1526 4522984 8791056
1757709567 1526 4522984 8791056
1757709568 1526 4522984 8791056
1757709569 1526 3183480 5128944
1757709570 1526 3810296 5128944
1757709571 1526 3810296 5128944
1757709572 1526 3810296 5128944
1757709573 1526 3810296 5128944
1757709574 1526 3810296 5128944
1757709575 1526 3810296 5128944
1757709577 1526 3810296 5128944
1757709578 1526 5032248 7570352
