1759751876  0.0 16128 676408
1759751877  201 1239428 3083988
1759751878  151 2665876 5476568
1759751879  135 4816020 5476568
1759751880  127 4096268 5476568
1759751881  122 2759960 5476568
1759751882  119 4101400 5476568
1759751883  116 5851940 7869148
1759751884  114 5245976 7869148
1759751885  113 7208728 7869148
1759751887  215 7267512 7902432
1759751888  349 7270584 7902432
1759751889  445 7270584 7902432
1759751890  523 7270584 7902432
1759751891  604 7270584 7902432
1759751892  673 7270584 7902432
1759751893  733 7270584 7902432
1759751894  785 7270584 7902432
1759751895  792 7270584 7902432
1759751896  838 7270584 7902432
1759751897  880 7270584 7902432
1759751898  918 7270584 7902432
1759751900  952 7270584 7902432
1759751901  982 7270584 7902432
1759751902 1011 7270584 7902432
1759751903 1035 7270584 7902432
1759751904 1060 7270584 7902432
1759751905 1083 7270584 7902432
1759751906 1100 7270584 7902432
1759751907 1078 7270584 7902432
1759751908 1089 7270584 7902432
1759751909 1103 7270584 7902432
1759751910 1115 7270584 7902432
