1759751480  0.0 17024 676672
1759751481  215 1293028 2449224
1759751482  106 2791384 4207040
1759751483  105 2871784 4207040
1759751484  104 2301672 4207040
1759751485  104 3716688 5964856
1759751486  104 4040936 5964856
1759751487  138 4373048 5998140
1759751489  312 5358228 5998140
1759751490  451 5358228 5998140
1759751491  566 5358228 5998140
1759751492  661 5358228 5998140
1759751493  740 5358228 5998140
1759751494  806 5358228 5998140
1759751495  862 5358228 5998140
1759751496  911 5358228 5998140
1759751497  910 5358228 5998140
1759751499  951 5358228 5998140
1759751500  981 5358228 5998140
1759751501 1006 5358228 5998140
1759751502 1038 5358228 5998140
