1755169678  0.0 17024 676400
1755171009  0.0 16512 676400
1755171010  327 328364 2757168
1755171011  214 1448364 3977872
1755171012  177 1935532 3977872
1755171013  158 2435628 3977872
1755171014  147 3354576 5198576
1755171015  140 2038096 3977872
1755171016  134 2907472 5198576
1755171017  130 3447376 5198576
1755171018  114 3497904 5198576
1755171019  113 2594224 3978928
1755171020  220 3863344 5235328
1755171021  337 3863344 5235328
1755171022  434 3863344 5235328
1755171024  522 3863344 5235328
1755171025  597 3863344 5235328
1755171026  658 3863344 5235328
1755171027  707 3863344 5235328
1755171028  722 201336 1573216
