1755169678  0.0 17664 676996
1755170952  0.0 16896 676400
1755170953  326 326364 2757172
1755170954  214 1471708 3977876
1755170955  177 1966684 3977876
1755170956  158 2464860 3977876
1755170957  147 3556240 5198580
1755170958  139 2254752 3977876
1755170959  134 2996640 5198580
1755170960  130 3535264 5198580
1755170961  127 3998072 6419284
1755170962  125 2596224 3981208
1755170963  263 3863552 5235332
1755170964  340 3863552 5235332
1755170965  424 3863552 5235332
1755170966  495 3863552 5235332
1755170967  554 3863552 5235332
1755170969  610 3863552 5235332
1755170970  661 3863552 5235332
1755170971  685 1711860 4014628
