1759751979  0.0 16512 676408
1759751980  205 1269496 3816412
1759751981  154 2596600 3816412
1759751982  136 3849492 6941416
1759751983  128 5047572 6941416
1759751984  123 6239508 6941416
1759751985  119 4628348 6941416
1759751986  117 6281084 6941416
1759751987  115 4083600 6941416
1759751988  113 5412752 6941416
1759751989  112 6696116 10066420
1759751990  102 7886004 10066420
1759751991  102 9073844 10066420
1759751992  102 7270288 10066420
1759751993  102 9324176 10066420
1759751994  152 8433616 10099704
1759751995  244 9474000 10099704
1759751997  325 9474000 10099704
1759751998  397 9474000 10099704
1759751999  463 9474000 10099704
1759752000  523 9474000 10099704
1759752001  571 9474000 10099704
1759752002  610 9474000 10099704
1759752003  647 9474000 10099704
1759752004  663 9474000 10099704
1759752005  701 9474000 10099704
1759752006  737 9474000 10099704
1759752007  771 9474000 10099704
1759752009  803 9474000 10099704
1759752010  829 9474000 10099704
1759752011  847 9474000 10099704
1759752012  867 9474000 10099704
1759752013  880 9474000 10099704
1759752014  896 9474000 10099704
1759752015  915 9474000 10099704
1759752016  910 9474000 10099704
1759752017  929 9474000 10099704
1759752018  949 9474000 10099704
1759752019  967 9474000 10099704
1759752021  984 9474000 10099704
1759752022 1001 9474000 10099704
1759752023 1017 9474000 10099704
1759752024 1032 9474000 10099704
1759752025 1047 9474000 10099704
1759752026 1062 9474000 10099704
1759752027 1054 9474000 10099704
1759752028 1067 9474000 10099704
1759752029 1079 9474000 10099704
