1759751571  0.0 16256 676408
1759751572  207 1266056 2449224
1759751573  155 3315452 4207040
1759751574  137 3339660 4207040
1759751575  128 2598416 4207040
1759751576  123 4246904 5964856
1759751577  120 4416400 5964856
1759751578  196 5106068 5998140
1759751579  362 5358100 5998140
1759751580  446 5358100 5998140
1759751581  543 5358100 5998140
1759751582  624 5358100 5998140
1759751583  698 5358100 5998140
1759751585  759 5358100 5998140
1759751586  820 5358100 5998140
1759751587  873 5358100 5998140
1759751588  919 5358100 5998140
1759751589  959 5358100 5998140
1759751590  997 5358100 5998140
1759751591 1033 5358100 5998140
1759751592 1065 5358100 5998140
1759751593 1038 5358100 5998140
