1755169682  0.0 17536 676996
1755172245  0.0 16640 676400
1755172246  327 334064 4661340
1755172247  214 1590768 4661340
1755172248  177 2849904 4661340
1755172249  159 3564016 7786344
1755172250  147 4023024 7786344
1755172251  140 4487280 7786344
1755172252  134 4951152 7786344
1755172253  130 5411440 7786344
1755172254  127 5884144 7786344
1755172255  125 6384240 7786344
1755172256  123 5908704 7786344
1755172257  121 8807008 10911348
1755172258  120 3355872 7786344
1755172259  118 4679904 7786344
1755172260  117 5991520 7786344
1755172261  109 6768992 10911348
1755172262  109 7303136 10911348
1755172263  109 7839584 10911348
1755172264  108 8375392 10911348
1755172265  108 8910560 10911348
1755172266  108 9446240 10911348
1755172267  108 8794840 10911348
1755172268  107 11721176 14036352
1755172269  107 9216052 10911348
1755172270  144 9598808 10948372
1755172272  203 9598808 10948372
1755172273  257 9598808 10948372
1755172274  307 9598808 10948372
1755172275  354 9598808 10948372
1755172276  397 9598808 10948372
1755172277  438 9598808 10948372
1755172278  477 9598808 10948372
1755172279  497 9598808 10948372
1755172280  526 9598808 10948372
1755172281  553 9598808 10948372
1755172283  583 9598808 10948372
1755172284  605 9598808 10948372
1755172285  630 9598808 10948372
1755172286  650 9598808 10948372
1755172287  669 9598808 10948372
1755172288  690 9598808 10948372
1755172289  712 9598808 10948372
1755172290  716 9598808 10948372
1755172291  738 9598808 10948372
1755172292  758 9598808 10948372
1755172293  778 9598808 10948372
1755172295  795 9598808 10948372
1755172296  810 9598808 10948372
1755172297  823 9598808 10948372
1755172298  838 9598808 10948372
1755172299  853 9598808 10948372
1755172300  869 9598808 10948372
1755172301  884 9598808 10948372
1755172302  899 9598808 10948372
1755172303  896 9598808 10948372
