1759751842  0.0 16256 676408
1759751843  208 1282604 3083988
1759751844  155 2721464 5476568
1759751845  137 4816312 5476568
1759751846  129 4087472 5476568
1759751847  123 2731580 5476568
1759751848  120 4070972 5476568
1759751849  103 5817428 7869148
1759751850  103 5229768 7869148
1759751851  102 7208520 7869148
1759751852  187 7194936 7902432
1759751853  313 7270712 7902432
1759751855  420 7270712 7902432
1759751856  513 7270712 7902432
1759751857  592 7270712 7902432
1759751858  647 7270712 7902432
1759751859  700 7270712 7902432
1759751860  751 7270712 7902432
1759751861  801 7270712 7902432
1759751862  802 7270712 7902432
1759751863  840 7270712 7902432
1759751864  875 7270712 7902432
1759751865  910 7270712 7902432
1759751867  942 7270712 7902432
1759751868  972 7270712 7902432
1759751869  999 7270712 7902432
1759751870 1024 7270712 7902432
1759751871 1047 7270712 7902432
1759751872 1069 7270712 7902432
1759751873 1089 7270712 7902432
1759751874 1070 7270712 7902432
1759751875 1080 7270712 7902432
