1759751640  0.0 13312 609696
1759751641  205 1259836 3083988
1759751642  154 2706892 5476568
1759751643  136 4815948 5476568
1759751644  128 4161348 5476568
1759751645  123 2804944 5476568
1759751646  119 4140240 5476568
1759751647  117 5896924 7869148
1759751649  115 5256656 7869148
1759751650  114 7208400 7869148
1759751651  206 7265072 7902432
1759751652  329 7270320 7902432
1759751653  445 7270320 7902432
1759751654  543 7270320 7902432
1759751655  626 7270320 7902432
1759751656  685 7270320 7902432
1759751657  741 7270320 7902432
1759751658  744 7270320 7902432
1759751659  794 7270320 7902432
1759751660  840 7270320 7902432
1759751662  882 7270320 7902432
1759751663  920 7270320 7902432
1759751664  954 7270320 7902432
1759751665  986 7270320 7902432
1759751666 1015 7270320 7902432
1759751667 1041 7270320 7902432
1759751668 1065 7270320 7902432
1759751669 1051 7270320 7902432
1759751670 1069 7270320 7902432
1759751671 1084 7270320 7902432
1759751672 1098 7270320 7902432
1759751674 1117 7270320 7902432
