1755169681  0.0 16768 676400
1755171569  0.0 15744 676400
1755171570  162 336056 3929040
1755171571  142 1640504 3929040
1755171572  132 2672568 6321620
1755171573  126 3100856 6321620
1755171574  122 3533880 6321620
1755171575  119 3971256 6321620
1755171576  117 4421688 6321620
1755171577  116 4877624 6321620
1755171578  114 4951256 8714200
1755171579  113 4936284 6321620
1755171580  112 2962728 6321620
1755171581  112 4266792 6321620
1755171583  111 5170600 8714200
1755171584  110 5653928 8714200
1755171585  110 6137384 8714200
1755171586  109 6621864 8714200
1755171587  109 7105960 8714200
1755171588  109 6444460 8714200
1755171589  108 9362220 11106780
1755171590  108 4939692 6324920
1755171591  175 7394092 8751112
1755171592  230 7394092 8751112
1755171593  289 7394092 8751112
1755171594  341 7394092 8751112
1755171595  371 7394092 8751112
1755171596  410 7394092 8751112
1755171597  445 7394092 8751112
1755171598  478 7394092 8751112
1755171600  518 7394092 8751112
1755171601  556 7394092 8751112
1755171602  589 7394092 8751112
1755171603  623 7394092 8751112
1755171604  653 7394092 8751112
1755171605  684 7394092 8751112
1755171606  693 7394092 8751112
1755171607  719 7394092 8751112
1755171608  745 7394092 8751112
1755171609  768 7394092 8751112
1755171611  790 7394092 8751112
1755171612  811 7394092 8751112
1755171613  819 979836 3965952
