1759752390  0.0 17280 677008
1759752391  210 1287864 3816412
1759752392  155 2627256 3816412
1759752393  138 3859796 6941416
1759752394  129 5018964 6941416
1759752395  124 6180180 6941416
1759752396  120 4517308 6941416
1759752397  117 6281020 6941416
1759752398  116 4007808 6941416
1759752400  114 5351296 6941416
1759752401  113 6634744 10066420
1759752402  112 7789816 10066420
1759752403  111 8944888 10066420
1759752404  110 7019604 10066420
1759752405  110 9058260 10066420
1759752406  148 7893072 10099704
1759752407  246 9474128 10099704
1759752408  323 9474128 10099704
1759752409  396 9474128 10099704
1759752410  457 9474128 10099704
1759752411  486 9474128 10099704
1759752412  536 9474128 10099704
1759752413  582 9474128 10099704
1759752414  622 9474128 10099704
1759752416  664 9474128 10099704
1759752417  703 9474128 10099704
1759752418  736 9474128 10099704
1759752419  766 9474128 10099704
1759752420  788 9474128 10099704
1759752421  812 9474128 10099704
1759752422  835 9474128 10099704
1759752423  832 9474128 10099704
1759752424  857 9474128 10099704
1759752425  881 9474128 10099704
1759752426  904 9474128 10099704
1759752428  926 9474128 10099704
1759752429  946 9474128 10099704
1759752430  965 9474128 10099704
1759752431  983 9474128 10099704
1759752432 1001 9474128 10099704
1759752433 1018 9474128 10099704
1759752434 1032 9474128 10099704
1759752435 1048 9474128 10099704
1759752436 1040 9474128 10099704
1759752437 1054 9474128 10099704
1759752438 1066 9474128 10099704
1759752440 1077 9474128 10099704
1759752441 1088 9474128 10099704
