1755169679  0.0 17792 676996
1755171085  0.0 16000 675376
1755171086  312 299188 2757044
1755171087  207 1441204 3977748
1755171088  172 1921844 3977748
1755171089  155 2409012 3977748
1755171090  144 3155584 5198452
1755171091  137 1992696 3977748
1755171092  132 2878968 5198452
1755171093  129 3401464 5198452
1755171094  126 3174360 5198452
1755171095  123 2594008 3978788
1755171096  236 3863768 5235480
1755171097  360 3863768 5235480
1755171098  424 3863768 5235480
1755171099  505 3863768 5235480
1755171100  574 3863768 5235480
1755171101  629 3863768 5235480
1755171103  687 3863768 5235480
1755171104  708 201704 1573368
