1759751708  0.0 16384 676408
1759751709  212 1284576 3083988
1759751710  157 2751980 5476568
1759751711  139 4816108 5476568
1759751712  130 4171364 5476568
1759751713  124 2819440 5476568
1759751714  121 4164976 5476568
1759751715  118 5954432 7869148
1759751716  116 5318132 7869148
1759751717  114 7208820 7869148
1759751718  221 7270456 7902432
1759751719  307 7270456 7902432
1759751720  398 7270456 7902432
1759751721  487 7270456 7902432
1759751723  568 7270456 7902432
1759751724  640 7270456 7902432
1759751725  704 7270456 7902432
1759751726  760 7270456 7902432
1759751727  809 7270456 7902432
1759751728  855 7270456 7902432
1759751729  895 7270456 7902432
1759751730  891 7270456 7902432
1759751731  925 7270456 7902432
1759751732  952 7270456 7902432
1759751733  976 7270456 7902432
1759751735  997 7270456 7902432
1759751736 1022 7270456 7902432
1759751737 1045 7270456 7902432
1759751738 1066 7270456 7902432
1759751739 1085 7270456 7902432
1759751740 1104 7270456 7902432
