1755169678  0.0 14976 675376
1755171066  0.0 15872 642608
1755171067  300 320620 2757108
1755171068  202 1458156 3977812
1755171069  168 1943660 3977812
1755171070  152 2428652 3977812
1755171071  142 3235092 5198516
1755171072  135 2084116 3977812
1755171073  130 2913556 5198516
1755171074  127 3434004 5198516
1755171075  124 3346420 5198516
1755171076  122 2593780 3978852
1755171077  234 3863412 5235468
1755171078  357 3863412 5235468
1755171079  430 3863412 5235468
1755171080  516 3863412 5235468
1755171081  585 3863412 5235468
1755171082  647 3863412 5235468
1755171084  698 3863412 5235468
1755171085  717 201396 1573356
