1755169678  0.0 16768 676400
1755170971  0.0 17536 677000
1755170972  322 341928 2757044
1755170973  212 1457960 3977748
1755170974  176 1932584 3977748
1755170975  158 2413480 3977748
1755170976  146 3084400 5198452
1755170977  139 2021872 3977748
1755170978  134 2892272 5198452
1755170979  130 3416816 5198452
1755170980  127 3260880 5198452
1755170981  113 2594256 3978996
1755170982  216 3863632 5235488
1755170983  313 3863632 5235488
1755170984  405 3863632 5235488
1755170986  486 3863632 5235488
1755170987  559 3863632 5235488
1755170988  629 3863632 5235488
1755170989  689 3863632 5235488
1755170990  721 201564 1573376
