1755169679  0.0 17792 676996
1755171133 16.0 15616 675376
1755171134  150 291332 3294152
1755171135  134 1587076 3294152
1755171136  126 2271364 5051968
1755171137  121 2752260 5051968
1755171138  118 3239812 5051968
1755171139  116 2186436 5051968
1755171140  114 5195076 6809784
1755171141  113 2592324 5051968
1755171142  112 3765444 6809784
1755171143  111 4287044 6809784
1755171144  110 4809028 6809784
1755171146  110 5333060 6809784
1755171147  109 6099900 8567600
1755171148  109 3669692 5053808
1755171149  191 5482684 6846812
1755171150  274 5482684 6846812
1755171151  348 5482684 6846812
1755171152  412 5482684 6846812
1755171153  464 5482684 6846812
1755171154  512 5482684 6846812
1755171155  559 5482684 6846812
1755171156  577 5482684 6846812
1755171157  619 5482684 6846812
1755171158  660 5482684 6846812
1755171160  700 5482684 6846812
1755171161  736 5482684 6846812
1755171162  761 5482684 6846812
