1759752030  0.0 16128 676408
1759752031  215 1298348 3816412
1759752032  106 2641840 3816412
1759752033  105 3882444 6941416
1759752034  104 5033424 6941416
1759752035  104 6202836 6941416
1759752036  103 4518332 6941416
1759752037  103 6281148 6941416
1759752038  103 3966928 6941416
1759752039  103 5310416 6941416
1759752040  103 6595828 10066420
1759752041  103 7765236 10066420
1759752042  103 8936692 10066420
1759752043  103 7011536 10066420
1759752045  103 8931152 10066420
1759752046  128 7573568 10099704
1759752047  205 9474504 10099704
1759752048  282 9474504 10099704
1759752049  357 9474504 10099704
1759752050  425 9474504 10099704
1759752051  485 9474504 10099704
1759752052  542 9474504 10099704
1759752053  568 9474504 10099704
1759752054  613 9474504 10099704
1759752055  655 9474504 10099704
1759752057  694 9474504 10099704
1759752058  731 9474504 10099704
1759752059  764 9474504 10099704
1759752060  796 9474504 10099704
1759752061  825 9474504 10099704
1759752062  853 9474504 10099704
1759752063  879 9474504 10099704
1759752064  872 9474504 10099704
1759752065  891 9474504 10099704
1759752066  909 9474504 10099704
1759752067  930 9474504 10099704
1759752069  950 9474504 10099704
1759752070  968 9474504 10099704
1759752071  987 9474504 10099704
1759752072 1005 9474504 10099704
1759752073 1021 9474504 10099704
1759752074 1036 9474504 10099704
1759752075 1026 9474504 10099704
1759752076 1034 9474504 10099704
1759752077 1041 9474504 10099704
1759752078 1047 9474504 10099704
1759752080 1056 9474504 10099704
1759752081 1068 9474504 10099704
