1755169679  0.0 17536 676996
1755171104  0.0 15104 675376
1755171105  326 320180 3294280
1755171106  214 1584180 3294280
1755171107  177 2243764 5052096
1755171108  158 2705332 5052096
1755171109  147 3169332 5052096
1755171110  140 3638580 5052096
1755171111  134 4530440 6809912
1755171112  130 2324232 5052096
1755171113  127 3649928 5052096
1755171114  125 4157192 6809912
1755171115  123 4653960 6809912
1755171116  121 5150600 6809912
1755171117  119 4889444 6809912
1755171118  118 5425116 6809912
1755171119  160 5482724 6846956
1755171120  244 5482724 6846956
1755171121  313 5482724 6846956
1755171122  379 5482724 6846956
1755171124  438 5482724 6846956
1755171125  491 5482724 6846956
1755171126  541 5482724 6846956
1755171127  592 5482724 6846956
1755171128  640 5482724 6846956
1755171129  682 5482724 6846956
1755171130  723 5482724 6846956
1755171131  733 5482724 6846956
1755171132  764 5482724 6846956
