1759752236  0.0 14848 675384
1759752237  208 1257144 3816412
1759752238  155 2600632 3816412
1759752239  137 3841240 6941416
1759752240  129 4967640 6941416
1759752241  123 6137048 6941416
1759752242  120 4357824 6941416
1759752243  117 6281024 6941416
1759752244  115 3821396 6941416
1759752245  114 5162836 6941416
1759752246  113 6468728 10066420
1759752247  112 7646328 10066420
1759752248  111 8819832 10066420
1759752249  110 6813012 10066420
1759752250  110 8768340 10066420
1759752251  139 7419732 10099704
1759752252  232 9473876 10099704
1759752253  288 9473876 10099704
1759752254  352 9473876 10099704
1759752255  418 9473876 10099704
1759752256  479 9473876 10099704
1759752258  533 9473876 10099704
1759752259  585 9473876 10099704
1759752260  634 9473876 10099704
1759752261  678 9473876 10099704
1759752262  717 9473876 10099704
1759752263  751 9473876 10099704
1759752264  778 9473876 10099704
1759752265  777 9473876 10099704
1759752266  801 9473876 10099704
1759752267  828 9473876 10099704
1759752269  855 9473876 10099704
1759752270  881 9473876 10099704
1759752271  904 9473876 10099704
1759752272  927 9473876 10099704
1759752273  948 9473876 10099704
1759752274  968 9473876 10099704
1759752275  987 9473876 10099704
1759752276  980 9473876 10099704
1759752277  995 9473876 10099704
1759752278 1009 9473876 10099704
1759752279 1023 9473876 10099704
1759752281 1035 9473876 10099704
1759752282 1048 9473876 10099704
1759752283 1060 9473876 10099704
1759752284 1067 9473876 10099704
1759752285 1074 9473876 10099704
1759752286 1085 9473876 10099704
