1759752442  0.0 15744 642616
1759752443  202 1275708 3816412
1759752444  152 2613052 3816412
1759752445  135 3513688 6941416
1759752446  127 4697432 6941416
1759752447  122 5875032 6941416
1759752448  119 4005056 6941416
1759752449  116 6019136 6941416
1759752450  115 3653592 6941416
1759752451  113 4962264 6941416
1759752452  112 6284540 10066420
1759752453  111 7458044 10066420
1759752454  110 8619260 10066420
1759752455  110 6465880 10066420
1759752456  109 8490200 10066420
1759752457  112 6409876 10099704
1759752458  210 9474004 10099704
1759752459  282 9474004 10099704
1759752460  357 9474004 10099704
1759752461  424 9474004 10099704
1759752462  485 9474004 10099704
1759752464  541 9474004 10099704
1759752465  592 9474004 10099704
1759752466  639 9474004 10099704
1759752467  680 9474004 10099704
1759752468  719 9474004 10099704
1759752469  752 9474004 10099704
1759752470  785 9474004 10099704
1759752471  785 9474004 10099704
1759752472  815 9474004 10099704
1759752473  837 9474004 10099704
1759752475  863 9474004 10099704
1759752476  887 9474004 10099704
1759752477  911 9474004 10099704
1759752478  930 9474004 10099704
1759752479  947 9474004 10099704
1759752480  964 9474004 10099704
1759752481  979 9474004 10099704
1759752482  991 9474004 10099704
1759752483  980 9474004 10099704
1759752484  990 9474004 10099704
1759752485 1000 9474004 10099704
1759752486 1013 9474004 10099704
1759752488 1025 9474004 10099704
1759752489 1039 9474004 10099704
1759752490 1054 9474004 10099704
1759752491 1067 9474004 10099704
1759752492 1080 9474004 10099704
1759752493 1093 9474004 10099704
