1755169682  0.0 16768 676400
1755171948  0.0 16000 676400
1755171949  314 338764 4661476
1755171950  208 1608396 4661476
1755171951  173 2868428 4661476
1755171952  155 3580108 7786480
1755171953  145 4036300 7786480
1755171954  138 4500812 7786480
1755171955  133 4965196 7786480
1755171956  129 5431500 7786480
1755171957  126 5907276 7786480
1755171958  124 6389708 7786480
1755171959  122 5948580 7786480
1755171960  120 8821924 10911484
1755171961  119 3349156 7786480
1755171962  117 4663460 7786480
1755171963  116 5951396 7786480
1755171964  116 6734884 10911484
1755171965  108 7242660 10911484
1755171966  108 7750180 10911484
1755171967  108 8252964 10911484
1755171968  107 8761380 10911484
1755171969  107 9268004 10911484
1755171970  107 7596720 10911484
1755171971  107 10566960 14036488
1755171972  107 9526460 10911484
1755171973  117 9599024 10948264
1755171975  176 9599024 10948264
1755171976  232 9599024 10948264
1755171977  283 9599024 10948264
1755171978  331 9599024 10948264
1755171979  377 9599024 10948264
1755171980  419 9599024 10948264
1755171981  445 9599024 10948264
1755171982  481 9599024 10948264
1755171983  514 9599024 10948264
1755171984  543 9599024 10948264
1755171986  571 9599024 10948264
1755171987  597 9599024 10948264
1755171988  624 9599024 10948264
1755171989  652 9599024 10948264
1755171990  675 9599024 10948264
1755171991  699 9599024 10948264
1755171992  721 9599024 10948264
1755171993  727 9599024 10948264
1755171994  744 9599024 10948264
1755171995  761 9599024 10948264
1755171996  778 9599024 10948264
1755171998  790 9599024 10948264
1755171999  804 9599024 10948264
1755172000  819 9599024 10948264
1755172001  836 9599024 10948264
1755172002  848 9599024 10948264
1755172003  861 9599024 10948264
1755172004  872 9599024 10948264
1755172005  884 9599024 10948264
1755172006  884 9599024 10948264
1755172007  897 9599024 10948264
