1755169679  0.0 17024 676536
1755171162  0.0 16256 676400
1755171163  309 310344 3294160
1755171164  205 1613640 3294160
1755171165  171 2276936 5051976
1755171166  154 2755400 5051976
1755171167  144 3242184 5051976
1755171168  137 2149668 5051976
1755171169  132 5140644 6809792
1755171170  128 2561828 5051976
1755171172  125 3754148 6809792
1755171173  123 4276004 6809792
1755171174  121 4799140 6809792
1755171175  119 5324580 6809792
1755171176  118 6047644 8567608
1755171177  117 3669404 5053764
1755171178  210 5482140 6846816
1755171179  307 5482140 6846816
1755171180  388 5482140 6846816
1755171181  463 5482140 6846816
1755171182  522 5482140 6846816
1755171183  548 5482140 6846816
1755171184  587 5482140 6846816
1755171185  624 5482140 6846816
1755171187  659 5482140 6846816
1755171188  691 5482140 6846816
1755171189  725 5482140 6846816
1755171190  761 5482140 6846816
1755171191  795 5482140 6846816
