1759751808  0.0 15872 642616
1759751809  209 1264308 3083988
1759751810  155 2645696 5476568
1759751811  138 4816320 5476568
1759751812  129 4121656 5476568
1759751813  123 2764360 5476568
1759751814  120 4091464 5476568
1759751815  117 5833812 7869148
1759751816  115 5234376 7869148
1759751817  114 7209032 7869148
1759751818  195 7263676 7902432
1759751819  318 7270716 7902432
1759751820  427 7270716 7902432
1759751821  519 7270716 7902432
1759751823  598 7270716 7902432
1759751824  667 7270716 7902432
1759751825  728 7270716 7902432
1759751826  777 7270716 7902432
1759751827  814 7270716 7902432
1759751828  850 7270716 7902432
1759751829  889 7270716 7902432
1759751830  925 7270716 7902432
1759751831  917 7270716 7902432
1759751832  947 7270716 7902432
1759751833  973 7270716 7902432
1759751834 1001 7270716 7902432
1759751836 1026 7270716 7902432
1759751837 1050 7270716 7902432
1759751838 1071 7270716 7902432
1759751839 1092 7270716 7902432
1759751840 1109 7270716 7902432
1759751841 1124 7270716 7902432
