1755169679  0.0 17536 676996
1755171251  0.0 15872 675376
1755171252  294 276980 3294200
1755171253  198 1563636 3294200
1755171254  166 2264692 5052016
1755171255  150 2748020 5052016
1755171256  141 3248500 5052016
1755171257  134 2264628 5052016
1755171258  130 5229620 6809832
1755171259  126 2653876 5052016
1755171260  124 3785652 6809832
1755171261  121 4301876 6809832
1755171262  120 4814516 6809832
1755171263  118 5327156 6809832
1755171264  117 6008412 8567648
1755171265  116 3668316 5053208
1755171266  205 5482588 6846664
1755171267  299 5482588 6846664
1755171268  361 5482588 6846664
1755171269  431 5482588 6846664
1755171270  495 5482588 6846664
1755171272  552 5482588 6846664
1755171273  606 5482588 6846664
1755171274  655 5482588 6846664
1755171275  699 5482588 6846664
1755171276  742 5482588 6846664
1755171277  778 5482588 6846664
1755171278  809 5482588 6846664
1755171279  803 5482588 6846664
