1759751594  0.0 15872 642616
1759751595  204 1274472 2449224
1759751596  153 2908000 4207040
1759751597  136 2897008 4207040
1759751598  128 2293232 4207040
1759751599  122 3726680 5964856
1759751600  119 4068336 5964856
1759751601  155 4213144 5998140
1759751603  348 5357976 5998140
1759751604  500 5357976 5998140
1759751605  620 5357976 5998140
1759751606  719 5357976 5998140
1759751607  798 5357976 5998140
1759751608  852 5357976 5998140
1759751609  899 5357976 5998140
1759751610  892 5357976 5998140
1759751611  939 5357976 5998140
1759751612  979 5357976 5998140
1759751613 1013 5357976 5998140
1759751615 1041 5357976 5998140
1759751616 1061 5357976 5998140
1759751617 1080 5357976 5998140
