1759751741  0.0 15872 676408
1759751742  215 1290788 3083988
1759751743  158 2670132 5476568
1759751744  140 4484660 5476568
1759751745  130 3740332 5476568
1759751746  125 2553272 5476568
1759751747  121 3900856 5476568
1759751748  118 5526468 7869148
1759751749  116 4987832 7869148
1759751750  115 6996536 7869148
1759751751  180 7270580 7902432
1759751752  302 7270580 7902432
1759751753  411 7270580 7902432
1759751754  504 7270580 7902432
1759751756  584 7270580 7902432
1759751757  655 7270580 7902432
1759751758  716 7270580 7902432
1759751759  771 7270580 7902432
1759751760  821 7270580 7902432
1759751761  863 7270580 7902432
1759751762  903 7270580 7902432
1759751763  896 7270580 7902432
1759751764  921 7270580 7902432
1759751765  945 7270580 7902432
1759751767  975 7270580 7902432
1759751768 1001 7270580 7902432
1759751769 1025 7270580 7902432
1759751770 1047 7270580 7902432
1759751771 1068 7270580 7902432
1759751772 1088 7270580 7902432
1759751773 1106 7270580 7902432
1759751774 1125 7270580 7902432
