1759752184  0.0 16128 676408
1759752185  215 1295992 3816412
1759752186  159 2637440 3816412
1759752187  140 3873948 6941416
1759752188  104 5045404 6941416
1759752189  104 6216860 6941416
1759752190  104 4526084 6941416
1759752191  103 6280708 6941416
1759752192  103 3909224 6941416
1759752193  103 5256856 6941416
1759752194  103 6560700 10066420
1759752195  103 7728060 10066420
1759752196  103 8895420 10066420
1759752197  103 6925848 10066420
1759752198  103 8923160 10066420
1759752200  132 7520084 10099704
1759752201  219 9474004 10099704
1759752202  290 9474004 10099704
1759752203  355 9474004 10099704
1759752204  415 9474004 10099704
1759752205  475 9474004 10099704
1759752206  531 9474004 10099704
1759752207  558 9474004 10099704
1759752208  604 9474004 10099704
1759752209  647 9474004 10099704
1759752210  687 9474004 10099704
1759752212  719 9474004 10099704
1759752213  747 9474004 10099704
1759752214  774 9474004 10099704
1759752215  800 9474004 10099704
1759752216  823 9474004 10099704
1759752217  845 9474004 10099704
1759752218  867 9474004 10099704
1759752219  890 9474004 10099704
1759752220  888 9474004 10099704
1759752221  902 9474004 10099704
1759752222  919 9474004 10099704
1759752223  936 9474004 10099704
1759752225  955 9474004 10099704
1759752226  973 9474004 10099704
1759752227  988 9474004 10099704
1759752228 1005 9474004 10099704
1759752229 1020 9474004 10099704
1759752230 1036 9474004 10099704
1759752231 1050 9474004 10099704
1759752232 1060 9474004 10099704
1759752233 1048 9474004 10099704
1759752234 1057 9474004 10099704
1759752235 1067 3224040 6974184
