1755169680  0.0 16384 676400
1755171440  0.0 16768 676400
1755171441  327 365848 3929044
1755171442  215 1677976 3929044
1755171443  177 2696216 6321624
1755171444  158 3154712 6321624
1755171445  147 3613592 6321624
1755171446  140 4074264 6321624
1755171447  134 4538392 6321624
1755171448  130 2843496 6321624
1755171449  127 5902312 8714204
1755171450  125 3299808 6321624
1755171451  123 3836264 6321624
1755171452  121 5019112 8714204
1755171453  120 5521000 8714204
1755171454  118 6023016 8714204
1755171455  117 6525288 8714204
1755171456  109 7027560 8714204
1755171457  109 5987692 8714204
1755171458  109 8975724 11106784
1755171459  108 4937708 6322664
1755171460  169 7393900 8751116
1755171461  239 7393900 8751116
1755171463  299 7393900 8751116
1755171464  352 7393900 8751116
1755171465  404 7393900 8751116
1755171466  450 7393900 8751116
1755171467  491 7393900 8751116
1755171468  527 7393900 8751116
1755171469  563 7393900 8751116
1755171470  577 7393900 8751116
1755171471  607 7393900 8751116
1755171472  637 7393900 8751116
1755171474  665 7393900 8751116
1755171475  696 7393900 8751116
1755171476  724 7393900 8751116
1755171477  750 7393900 8751116
1755171478  771 7393900 8751116
1755171479  793 7393900 8751116
1755171480  813 7393900 8751116
1755171481  813 7393900 8751116
1755171482  824 7393900 8751116
