1759752132  0.0 16896 676408
1759752133  210 1300212 3816412
1759752134  156 2647796 3816412
1759752136  138 3874192 6941416
1759752137  129 5039508 6941416
1759752138  124 6204820 6941416
1759752139  120 4461308 6941416
1759752140  118 6281084 6941416
1759752141  116 3905424 6941416
1759752142  114 5238672 6941416
1759752143  113 6542516 10066420
1759752144  112 7713972 10066420
1759752145  111 8899764 10066420
1759752146  110 6915628 10066420
1759752147  110 8920236 10066420
1759752148  143 7741388 10099704
1759752149  234 9474252 10099704
1759752150  318 9474252 10099704
1759752151  395 9474252 10099704
1759752152  441 9474252 10099704
1759752153  501 9474252 10099704
1759752154  557 9474252 10099704
1759752156  607 9474252 10099704
1759752157  653 9474252 10099704
1759752158  693 9474252 10099704
1759752159  725 9474252 10099704
1759752160  753 9474252 10099704
1759752161  785 9474252 10099704
1759752162  817 9474252 10099704
1759752163  819 9474252 10099704
1759752164  847 9474252 10099704
1759752165  873 9474252 10099704
1759752167  896 9474252 10099704
1759752168  919 9474252 10099704
1759752169  940 9474252 10099704
1759752170  956 9474252 10099704
1759752171  972 9474252 10099704
1759752172  986 9474252 10099704
1759752173 1001 9474252 10099704
1759752174 1018 9474252 10099704
1759752175 1010 9474252 10099704
1759752176 1024 9474252 10099704
1759752177 1037 9474252 10099704
1759752179 1049 9474252 10099704
1759752180 1059 9474252 10099704
1759752181 1071 9474252 10099704
1759752182 1081 9474252 10099704
1759752183 1092 9474252 10099704
1759752184 1102 9474252 10099704
