1755169680  0.0 16896 676400
1755171367  0.0 16768 676400
1755171369  324 346536 3294156
1755171370  213 1654952 3294156
1755171371  176 2283816 5051972
1755171372  158 2755368 5051972
1755171373  147 3225768 5051972
1755171374  139 1934556 5051972
1755171375  134 4908380 6809788
1755171376  130 2443228 5051972
1755171377  127 3704412 6809788
1755171378  124 4215772 6809788
1755171379  122 4725084 6809788
1755171380  121 5239516 6809788
1755171381  119 5521732 8567604
1755171382  118 4377444 6809788
1755171383  188 5482308 6846820
1755171384  284 5482308 6846820
1755171385  370 5482308 6846820
1755171386  421 5482308 6846820
1755171387  488 5482308 6846820
1755171388  542 5482308 6846820
1755171389  594 5482308 6846820
1755171391  642 5482308 6846820
1755171392  687 5482308 6846820
1755171393  728 5482308 6846820
1755171394  767 5482308 6846820
1755171395  799 5482308 6846820
1755171396  819 5482308 6846820
