1755169679  0.0 16640 676400
1755171280  0.0 16128 676400
1755171281  303 253100 3294280
1755171282  203 1516972 3294280
1755171283  169 2233132 5052096
1755171284  152 2687532 5052096
1755171285  142 3160876 5052096
1755171286  136 3648812 5052096
1755171287  131 4506876 6809912
1755171288  127 2259092 5052096
1755171289  125 3563028 5052096
1755171290  122 4124436 6809912
1755171291  120 4621332 6809912
1755171292  119 5119380 6809912
1755171293  118 4681648 6809912
1755171294  117 5425028 6809912
1755171295  150 5482636 6846700
1755171296  241 5482636 6846700
1755171297  324 5482636 6846700
1755171298  396 5482636 6846700
1755171300  464 5482636 6846700
1755171301  522 5482636 6846700
1755171302  577 5482636 6846700
1755171303  628 5482636 6846700
1755171304  673 5482636 6846700
1755171305  713 5482636 6846700
1755171306  747 5482636 6846700
1755171307  755 5482636 6846700
1755171308  784 5482636 6846700
