1755169682  0.0 16512 676400
1755172185  0.0 17664 678024
1755172186  313 300792 4661464
1755172187  208 1556472 4661464
1755172188  173 2821880 4661464
1755172190  155 3572088 7786468
1755172191  144 4034424 7786468
1755172192  137 4527992 7786468
1755172193  132 5029368 7786468
1755172194  129 5532664 7786468
1755172195  126 6034040 7786468
1755172196  123 3713308 7786468
1755172197  121 6587036 10911472
1755172198  120 9239708 10911472
1755172199  119 3598628 7786468
1755172200  117 4913956 7786468
1755172201  116 6225828 7786468
1755172202  115 6842404 10911472
1755172203  115 7351972 10911472
1755172204  114 7862564 10911472
1755172205  113 8371492 10911472
1755172206  113 8882724 10911472
1755172207  112 9393444 10911472
1755172208  112 8415112 10911472
1755172209  111 11358984 14036476
1755172210  111 9526164 10911472
1755172211  145 9598728 10948384
1755172212  198 9598728 10948384
1755172213  252 9598728 10948384
1755172214  304 9598728 10948384
1755172216  350 9598728 10948384
1755172217  388 9598728 10948384
1755172218  424 9598728 10948384
1755172219  458 9598728 10948384
1755172220  492 9598728 10948384
1755172221  520 9598728 10948384
1755172222  545 9598728 10948384
1755172223  554 9598728 10948384
1755172224  578 9598728 10948384
1755172225  603 9598728 10948384
1755172226  630 9598728 10948384
1755172227  652 9598728 10948384
1755172229  673 9598728 10948384
1755172230  692 9598728 10948384
1755172231  712 9598728 10948384
1755172232  732 9598728 10948384
1755172233  751 9598728 10948384
1755172234  771 9598728 10948384
1755172235  789 9598728 10948384
1755172236  807 9598728 10948384
1755172237  822 9598728 10948384
1755172238  824 9598728 10948384
1755172239  840 9598728 10948384
1755172240  855 9598728 10948384
1755172241  871 9598728 10948384
1755172243  885 9598728 10948384
1755172244  899 9598728 10948384
1755172245  899 223772 1573372
