1759751911  0.0 15872 643640
1759751912  208 1284512 3083988
1759751913  155 2745776 5476568
1759751914  138 4816048 5476568
1759751915  129 4198952 5476568
1759751916  123 2807076 5476568
1759751917  120 4148532 5476568
1759751918  117 5929792 7869148
1759751919  115 5297588 7869148
1759751920  114 7208756 7869148
1759751921  208 7243576 7902432
1759751922  338 7270456 7902432
1759751923  412 7270456 7902432
1759751924  501 7270456 7902432
1759751925  580 7270456 7902432
1759751927  651 7270456 7902432
1759751928  713 7270456 7902432
1759751929  768 7270456 7902432
1759751930  817 7270456 7902432
1759751931  859 7270456 7902432
1759751932  900 7270456 7902432
1759751933  937 7270456 7902432
1759751934  971 7270456 7902432
1759751935  962 7270456 7902432
1759751936  991 7270456 7902432
1759751937 1012 7270456 7902432
1759751939 1030 7270456 7902432
1759751940 1048 7270456 7902432
1759751941 1068 7270456 7902432
1759751942 1084 7270456 7902432
1759751943 1097 7270456 7902432
1759751944 1109 7270456 7902432
