1755169679  0.0 16896 676400
1755171221  0.0 17920 677000
1755171222  325 356636 3294280
1755171223  214 1613212 3294280
1755171224  177 2254876 5052096
1755171225  158 2713756 5052096
1755171226  147 3175836 5052096
1755171227  139 3643036 5052096
1755171228  134 4517936 6809912
1755171229  130 2297520 5052096
1755171231  127 3610544 5052096
1755171232  125 4159408 6809912
1755171233  122 4672048 6809912
1755171234  121 5187760 6809912
1755171235  119 5259980 6809912
1755171236  118 5424964 6809912
1755171237  186 5482316 6846680
1755171238  280 5482316 6846680
1755171239  366 5482316 6846680
1755171240  440 5482316 6846680
1755171241  508 5482316 6846680
1755171242  543 5482316 6846680
1755171243  597 5482316 6846680
1755171244  647 5482316 6846680
1755171246  692 5482316 6846680
1755171247  729 5482316 6846680
1755171248  758 5482316 6846680
1755171249  786 5482316 6846680
1755171250  812 5482316 6846680
