1755169681  0.0 16896 676400
1755171784  0.0 16512 676400
1755171785  314 285092 3928912
1755171786  208 1548836 3928912
1755171787  173 2637988 6321492
1755171788  155 3083556 6321492
1755171789  145 3530020 6321492
1755171790  138 3978532 6321492
1755171792  133 4435364 6321492
1755171793  129 4898980 6321492
1755171794  126 5099440 8714072
1755171795  123 4936372 6321492
1755171796  122 3429680 6321492
1755171797  120 4739248 6321492
1755171798  119 5345072 8714072
1755171799  117 5830064 8714072
1755171800  116 6315568 8714072
1755171801  116 6801712 8714072
1755171802  115 7285936 8714072
1755171803  114 7576148 11106652
1755171804  113 7328856 8714072
1755171805  143 7394388 8751100
1755171806  219 7394388 8751100
1755171807  288 7394388 8751100
1755171808  336 7394388 8751100
1755171809  392 7394388 8751100
1755171810  438 7394388 8751100
1755171812  477 7394388 8751100
1755171813  517 7394388 8751100
1755171814  556 7394388 8751100
1755171815  585 7394388 8751100
1755171816  613 7394388 8751100
1755171817  639 7394388 8751100
1755171818  665 7394388 8751100
1755171819  675 7394388 8751100
1755171820  704 7394388 8751100
1755171821  732 7394388 8751100
1755171823  756 7394388 8751100
1755171824  782 7394388 8751100
1755171825  804 7394388 8751100
1755171826  827 7394388 8751100
1755171827  843 7394388 8751100
