1755169678  0.0 16768 676536
1755171047  0.0 15232 675376
1755171048  319 309420 2757040
1755171049  211 1443244 3977744
1755171050  175 1917612 3977744
1755171051  157 2399532 3977744
1755171052  146 3044808 5198448
1755171053  138 2006600 3977744
1755171054  133 2884936 5198448
1755171055  129 3411656 5198448
1755171056  126 3233832 5198448
1755171057  124 2594088 3978992
1755171058  231 3863336 5235460
1755171059  335 3863336 5235460
1755171060  429 3863336 5235460
1755171061  474 3863336 5235460
1755171062  541 3863336 5235460
1755171063  601 3863336 5235460
1755171064  663 3863336 5235460
1755171066  682 443648 2794052
