1755176586  0.0 15744 675388
1755176587  299 1178332 2616792
1755176588  200 2057440 3837660
1755176589  168 2939196 5058364
1755176590  262 4941036 9975024
1755176591  461 4949292 9975568
1755176592  648 4949292 9975568
1755176593  771 4949292 9975568
1755176595  863 4949676 9975568
1755176596  939 4949676 9975568
1755176597 1012 4949676 9975568
1755176598 1075 4949804 9975568
1755176599 1123 4949804 9975568
1755176600 1163 4949932 9975568
1755176601 1116 4949932 9975568
1755176602 1147 4949932 9975568
1755176603 1172 4950060 9975568
1755176605 1196 4950060 9975568
1755176606 1218 4950060 9975568
1755176607 1233 4950060 9975568
1755176608 1255 4950060 9975568
1755176609 1275 4950060 9975568
1755176610 1294 4950060 9975568
1755176611 1308 4950060 9975568
1755176612 1272 4950060 9975568
1755176613 1284 4950060 9975568
1755176614 1295 4950060 9975568
1755176616 1301 4950060 9975568
1755176617 1308 4950060 9975568
1755176618 1319 4950060 9975568
1755176619 1331 4950060 9975568
1755176620 1342 4950060 9975568
1755176621 1349 4950060 9975568
1755176622 1323 4950060 9975568
1755176623 1333 4950060 9975568
1755176624 1339 4950060 9975568
1755176626 1348 4950060 9975568
1755176627 1354 4950060 9975568
1755176628 1364 4950060 9975568
1755176629 1372 4950060 9975568
1755176630 1381 4950060 9975568
1755176631 1388 4950060 9975568
1755176632 1365 4950060 9975568
1755176633 1372 4950060 9975568
1755176634 1380 4950060 9975568
1755176636 1387 4950188 9975568
1755176637 1394 4950188 9975568
1755176638 1398 4950188 9975568
1755176639 1403 4950188 9975568
1755176640 1407 4950188 9975568
1755176641 1410 4950444 9975568
1755176642 1391 4950444 9975568
1755176643 1397 4950572 9975568
1755176644 1403 4950572 9975568
1755176646 1407 4950828 9975568
1755176647 1408 4950828 9975568
1755176648 1408 4950828 9975568
1755176649 1410 4950828 9975568
1755176650 1412 4950828 9975568
1755176651 1416 4951468 9975568
1755176652 1420 4951468 9975568
1755176653 1403 4951596 9975568
1755176654 1408 4951596 9975568
1755176655 1411 4951596 9975568
1755176657 1415 4951852 9975568
1755176658 1418 4951852 9975568
1755176659 1422 4951852 9975568
1755176660 1426 4951852 9975568
1755176661 1431 4951852 9975568
1755176662 1435 4952108 9975568
1755176663 1419 4952108 9975568
1755176664 1423 4952108 9975568
1755176666 1427 4952108 9975568
1755176667 1431 4952108 9975568
1755176668 1435 4952108 9975568
1755176669 1439 4952108 9975568
1755176670 1442 4952108 9975568
1755176671 1446 4952108 9975568
1755176672 1432 4952108 9975568
1755176673 1434 4952108 9975568
1755176674 1437 4952108 9975568
1755176676 1439 4952108 9975568
1755176677 1441 4952108 9975568
1755176678 1443 4952108 9975568
1755176679 1444 4952108 9975568
1755176680 1444 4952108 9975568
1755176681 1446 4952108 9975568
1755176682 1432 4952236 9975568
1755176683 1433 4952236 9975568
1755176684 1435 4952236 9975568
1755176685 1436 4952236 9975568
1755176687 1439 4952492 9975568
1755176688 1441 4952492 9975568
1755176689 1443 4952620 9975568
1755176690 1445 4952620 9975568
1755176691 1449 4952620 9975568
1755176692 1451 4952748 9975568
1755176693 1441 4952748 9975568
1755176694 1443 4952876 9975568
1755176695 1445 4953388 9975568
1755176697 1447 4953388 9975568
1755176698 1450 4953516 9975568
1755176699 1453 4953772 9975568
1755176700 1455 4953772 9975568
1755176701 1458 4953900 9975568
1755176702 1460 4953900 9975568
1755176703 1450 4953900 9975568
1755176704 1452 4954156 9975568
1755176705 1454 4954156 9975568
1755176706 1456 4954156 9975568
1755176708 1457 4954156 9975568
1755176709 1458 4954156 9975568
1755176710 1458 4954156 9975568
1755176711 1458 4954156 9975568
1755176712 1458 4954156 9975568
1755176713 1461 4954156 9975568
1755176714 1450 4954156 9975568
1755176715 1451 4954156 9975568
1755176716 1451 4954284 9975568
1755176718 1451 4954284 9975568
1755176719 1453 4954284 9975568
1755176720 1455 4954284 9975568
1755176721 1456 4954284 9975568
1755176722 1458 4954412 9975568
1755176723 1461 4954412 9975568
1755176724 1463 4954668 9975568
1755176725 1454 4954668 9975568
1755176726 1456 4954668 9975568
1755176727 1458 4954924 9975568
1755176729 1459 4954924 9975568
1755176730 1461 4955180 9975568
1755176731 1463 4955436 9975568
1755176732 1465 4955948 9975568
1755176733 1467 4955948 9975568
1755176734 1468 4955948 9975568
1755176735 1461 4955948 9975568
1755176736 1462 4955948 9975568
1755176737 1464 4956204 9975568
1755176739 1466 4956204 9975568
1755176740 1468 4956204 9975568
1755176741 1468 4956204 9975568
1755176742 1468 4956204 9975568
1755176743 1468 4956204 9975568
1755176744 1469 4956332 9975568
1755176745 1461 4956332 9975568
1755176746 1461 4956332 9975568
1755176747 1462 4956332 9975568
1755176749 1463 4956332 9975568
1755176750 1464 4956460 9975568
1755176751 1465 4956588 9975568
1755176752 1465 4956588 9975568
1755176753 1466 4956716 9975568
1755176754 1468 4957100 9975568
1755176755 1470 4957100 9975568
1755176756 1463 4957228 9975568
1755176757 1464 4957740 9975568
1755176758 1465 4957868 9975568
1755176760 1467 4957868 9975568
1755176761 1468 4957868 9975568
1755176762 1469 4958124 9975568
1755176763 1471 4958252 9975568
1755176764 1472 4958252 9975568
1755176765 1474 4958380 9975568
1755176766 1475 4958380 9975568
1755176767 1468 4958508 9975568
1755176768 1469 4958508 9975568
1755176769 1471 4958764 9975568
1755176771 1472 4958764 9975568
1755176772 1474 4959276 9975568
1755176773 1474 4959404 9975568
1755176774 1474 4959404 9975568
1755176775 1475 4959916 9975568
1755176776 1476 4959916 9975568
1755176777 1476 4959916 9975568
1755176778 1468 4960044 9975568
1755176779 1469 4960172 9975568
1755176780 1470 4960300 9975568
1755176781 1471 4960300 9975568
1755176783 1472 4960300 9975568
1755176784 1472 4960428 9975568
1755176785 1473 4960556 9975568
1755176786 1474 4960556 9975568
1755176787 1475 4961068 9975568
1755176788 1476 4961452 9975568
1755176789 1477 4961580 9975568
1755176790 1470 4961836 9975568
1755176791 1471 4962220 9975568
1755176792 1473 4962604 9975568
1755176793 1474 4962604 9975568
1755176795 1475 4963372 9975568
1755176796 1476 4964268 9975568
1755176797 1477 4965036 9975568
1755176798 1477 4966572 9975568
1755176799 1476 5024340 9975568
1755176800 1475 5188216 9975568
1755176801 1472 5579432 9975568
1755176802 1470 5825192 9975568
1755176803 1467 5825192 9975568
1755176804 1466 7048012 9975568
1755176805 1453 7410508 9975568
1755176806 1447 7410508 9975568
1755176807 1443 8258636 9975568
1755176808 1443 8258636 9975568
1755176809 1444 8258636 9975568
1755176811 1443 8258636 9975568
1755176812 1443 8258636 9975568
1755176813 1444 8258636 9975568
1755176814 1442 8258636 9975568
1755176815 1442 8258892 9975568
1755176816 1443 8258892 9975568
1755176817 1444 8258892 9975568
1755176818 1438 8258892 9975568
1755176819 1439 8258892 9975568
1755176820 1440 8258892 9975568
1755176821 1440 8258892 9975568
1755176823 1442 8258892 9975568
1755176824 1443 8258892 9975568
1755176825 1444 8258892 9975568
1755176826 1445 8258892 9975568
1755176827 1446 8258892 9975568
1755176828 1447 8258892 9975568
1755176829 1448 8258892 9975568
1755176830 1443 8258892 9975568
1755176831 1444 8258892 9975568
1755176832 1446 8258892 9975568
1755176833 1447 8258892 9975568
1755176835 1447 8258892 9975568
1755176836 1447 8258892 9975568
1755176837 1448 8258892 9975568
1755176838 1449 8258892 9975568
1755176839 1450 8258892 9975568
1755176840 1450 8258892 9975568
1755176841 1451 8258892 9975568
1755176842 1447 8258892 9975568
1755176843 1448 8258892 9975568
1755176844 1448 8258892 9975568
1755176846 1449 8258892 9975568
1755176847 1449 8258892 9975568
1755176848 1450 8258892 9975568
1755176849 1451 8258892 9975568
1755176850 1452 8258892 9975568
1755176851 1452 8258892 9975568
1755176852 1453 8258892 9975568
1755176853 1448 8258892 9975568
1755176854 1449 8258892 9975568
1755176855 1450 8258892 9975568
1755176856 1451 8258892 9975568
1755176858 1452 8258892 9975568
1755176859 1453 8258892 9975568
1755176860 1454 8258892 9975568
1755176861 1455 8258892 9975568
1755176862 1456 8258892 9975568
1755176863 1457 8258892 9975568
1755176864 1453 8258892 9975568
1755176865 1453 8258892 9975568
1755176866 1453 8258892 9975568
1755176868 1454 8258892 9975568
1755176869 1454 8258892 9975568
1755176870 1455 8258892 9975568
1755176871 1455 8258892 9975568
1755176872 1456 8258892 9975568
1755176873 1457 5025092 6345148
1755176874 1458 5025092 6345148
1755176875 1454 5025092 6345148
1755176876 1455 5025092 6345148
1755176878 1456 5025092 6345148
1755176879 1456 5025092 6345148
1755176880 1457 5025092 6345148
1755176881 1457 5025092 6345148
1755176882 1458 5025092 6345148
1755176883 1458 3804432 5124444
1755176884 1458 3804432 5124444
1755176885 1454 3804432 5124444
1755176886 1454 3804432 5124444
1755176887 1455 3804432 5124444
1755176888 1456 3804432 5124444
1755176890 1457 3804432 5124444
1755176891 1457 3804432 5124444
1755176892 1454 6295920 8786556
