1755189392  0.0 15872 675388
1755189393  313 1127604 3788660
1755189394  208 2507072 6181420
1755189395  173 4749632 6181420
1755189396  155 4082360 6181420
1755189397  144 2618176 6181420
1755189398  137 6455764 8574000
1755189399  132 9625564 18145820
1755189401  257 9630392 18178588
1755189402  424 9634488 18178588
1755189403  550 9640820 18179236
1755189404  657 9640820 18179236
1755189405  745 9640820 18179236
1755189406  824 9640820 18179236
1755189407  827 9640820 18179236
1755189408  879 9640820 18179236
1755189410  931 9640820 18179236
1755189411  969 9640820 18179236
1755189412 1002 9640820 18179236
1755189413 1034 9640820 18179236
1755189414 1059 9640820 18179236
1755189415 1080 9640820 18179236
1755189416 1099 9640820 18179236
1755189417 1068 9640820 18179236
1755189418 1084 9640820 18179236
1755189419 1102 9640820 18179236
1755189420 1124 9640948 18179236
1755189422 1145 9640948 18179236
1755189423 1164 9640948 18179236
1755189424 1183 9640948 18179236
1755189425 1200 9640948 18179236
1755189426 1218 9640948 18179236
1755189427 1198 9640948 18179236
1755189428 1213 9640948 18179236
1755189429 1222 9640948 18179236
1755189431 1234 9640948 18179236
1755189432 1245 9640948 18179236
1755189433 1252 9640948 18179236
1755189434 1264 9640948 18179236
1755189435 1275 9640948 18179236
1755189436 1287 9641076 18179236
1755189437 1269 9641076 18179236
1755189438 1280 9641076 18179236
1755189439 1290 9641076 18179236
1755189441 1299 9641076 18179236
1755189442 1308 9641076 18179236
1755189443 1317 9641204 18179236
1755189444 1323 9641204 18179236
1755189445 1326 9641204 18179236
1755189446 1329 9642100 18179236
1755189447 1308 9642100 18179236
1755189448 1313 9642100 18179236
1755189450 1316 9642100 18179236
1755189451 1322 9642100 18179236
1755189452 1327 9642100 18179236
1755189453 1332 9642484 18179236
1755189454 1337 9642484 18179236
1755189455 1344 9642484 18179236
1755189456 1329 9642484 18179236
1755189457 1336 9642868 18179236
1755189458 1342 9642868 18179236
1755189460 1349 9642868 18179236
1755189461 1352 9642868 18179236
1755189462 1355 9642868 18179236
1755189463 1360 9642868 18179236
1755189464 1365 9642868 18179236
1755189465 1371 9642868 18179236
1755189466 1356 9642868 18179236
1755189467 1362 9642868 18179236
1755189468 1367 9642868 18179236
1755189470 1372 9642868 18179236
1755189471 1377 9642868 18179236
1755189472 1380 9642868 18179236
1755189473 1385 9642868 18179236
1755189474 1389 9642868 18179236
1755189475 1394 9642868 18179236
1755189476 1380 9642868 18179236
1755189477 1382 9642868 18179236
1755189478 1383 9642868 18179236
1755189480 1384 9642868 18179236
1755189481 1385 9642868 18179236
1755189482 1386 9642868 18179236
1755189483 1390 9642868 18179236
1755189484 1393 9642868 18179236
1755189485 1397 9642868 18179236
1755189486 1384 9642868 18179236
1755189487 1387 9642868 18179236
1755189488 1389 9642868 18179236
1755189489 1392 9642868 18179236
1755189491 1395 9642868 18179236
1755189492 1397 9642868 18179236
1755189493 1399 9642868 18179236
1755189494 1402 9642868 18179236
1755189495 1406 9642868 18179236
1755189496 1396 9642868 18179236
1755189497 1400 9642868 18179236
1755189498 1403 9642868 18179236
1755189500 1406 9642868 18179236
1755189501 1409 9642868 18179236
1755189502 1413 9642868 18179236
1755189503 1415 9642868 18179236
1755189504 1418 9642868 18179236
1755189505 1409 9642868 18179236
1755189506 1412 9642868 18179236
1755189507 1414 9642868 18179236
1755189509 1415 9642868 18179236
1755189510 1416 9642868 18179236
1755189511 1417 9642868 18179236
1755189512 1419 9642868 18179236
1755189513 1419 9642868 18179236
1755189514 1421 9642868 18179236
1755189515 1423 9642868 18179236
1755189516 1413 9642868 18179236
1755189517 1415 9642868 18179236
1755189518 1417 9642868 18179236
1755189520 1420 9642868 18179236
1755189521 1421 9642868 18179236
1755189522 1423 9642868 18179236
1755189523 1424 9642868 18179236
1755189524 1424 9642868 18179236
1755189525 1426 9642868 18179236
1755189526 1417 9642868 18179236
1755189527 1420 9642996 18179236
1755189528 1422 9642996 18179236
1755189530 1425 9642996 18179236
1755189531 1427 9642996 18179236
1755189532 1429 9642996 18179236
1755189533 1431 9642996 18179236
1755189534 1433 9642996 18179236
1755189535 1435 9642996 18179236
1755189536 1428 9642996 18179236
1755189537 1430 9642996 18179236
1755189538 1432 9642996 18179236
1755189540 1434 9643252 18179236
1755189541 1434 9643252 18179236
1755189542 1435 9643252 18179236
1755189543 1436 9643252 18179236
1755189544 1437 9643252 18179236
1755189545 1437 9643508 18179236
1755189546 1439 9643508 18179236
1755189547 1431 9643508 18179236
1755189548 1433 9643508 18179236
1755189549 1434 9643764 18179236
1755189551 1435 9643764 18179236
1755189552 1437 9643764 18179236
1755189553 1438 9643764 18179236
1755189554 1440 9643764 18179236
1755189555 1440 9644788 18179236
1755189556 1440 9644788 18179236
1755189557 1432 9644788 18179236
1755189558 1433 9644788 18179236
1755189559 1435 9644788 18179236
1755189561 1437 9644788 18179236
1755189562 1439 9644788 18179236
1755189563 1440 9644788 18179236
1755189564 1442 9644788 18179236
1755189565 1444 9644788 18179236
1755189566 1446 9644788 18179236
1755189567 1439 9644788 18179236
1755189568 1441 9644788 18179236
1755189569 1442 9644788 18179236
1755189571 1444 9644788 18179236
1755189572 1444 9644916 18179236
1755189573 1445 9644916 18179236
1755189574 1446 9644916 18179236
1755189575 1446 9644916 18179236
1755189576 1447 9644916 18179236
1755189577 1448 9644916 18179236
1755189578 1442 9644916 18179236
1755189579 1444 9644916 18179236
1755189581 1445 9644916 18179236
1755189582 1447 9644916 18179236
1755189583 1448 9644916 18179236
1755189584 1449 9644916 18179236
1755189585 1450 9644916 18179236
1755189586 1450 9644916 18179236
1755189587 1443 9644916 18179236
1755189588 1444 9644916 18179236
1755189589 1445 9644916 18179236
1755189591 1446 9644916 18179236
1755189592 1447 9644916 18179236
1755189593 1448 9644916 18179236
1755189594 1449 9644916 18179236
1755189595 1451 9644916 18179236
1755189596 1452 9644916 18179236
1755189597 1447 9644916 18179236
1755189598 1448 9644916 18179236
1755189599 1449 9644916 18179236
1755189601 1451 9644916 18179236
1755189602 1452 9644916 18179236
1755189603 1452 9644916 18179236
1755189604 1453 9644916 18179236
1755189605 1453 9644916 18179236
1755189606 1454 9644916 18179236
1755189607 1447 9644916 18179236
1755189608 1449 9644916 18179236
1755189609 1450 9644916 18179236
1755189611 1452 9644916 18179236
1755189612 1453 9644916 18179236
1755189613 1454 9644916 18179236
1755189614 1456 9644916 18179236
1755189615 1457 9644916 18179236
1755189616 1458 9644916 18179236
1755189617 1453 9645044 18179236
1755189618 1453 9645044 18179236
1755189620 1453 9645044 18179236
1755189621 1454 9645044 18179236
1755189622 1455 9645172 18179236
1755189623 1456 9645172 18179236
1755189624 1457 9645172 18179236
1755189625 1458 9645172 18179236
1755189626 1452 9645172 18179236
1755189627 1453 9645172 18179236
1755189628 1454 9645172 18179236
1755189630 1455 9645556 18179236
1755189631 1457 9645556 18179236
1755189632 1458 9645556 18179236
1755189633 1459 9645684 18179236
1755189634 1460 9645684 18179236
1755189635 1460 9645684 18179236
1755189636 1454 9645684 18179236
1755189637 1455 9645684 18179236
1755189638 1455 9645812 18179236
1755189640 1456 9645812 18179236
1755189641 1457 9645812 18179236
1755189642 1458 9646324 18179236
1755189643 1459 9646324 18179236
1755189644 1461 9646324 18179236
1755189645 1462 9646708 18179236
1755189646 1457 9646708 18179236
1755189647 1458 9646708 18179236
1755189648 1459 9646708 18179236
1755189650 1460 9646708 18179236
1755189651 1460 9646708 18179236
1755189652 1461 9646836 18179236
1755189653 1462 9646836 18179236
1755189654 1463 9646836 18179236
1755189655 1458 9646836 18179236
1755189656 1458 9646836 18179236
1755189657 1459 9646836 18179236
1755189659 1460 9646836 18179236
1755189660 1461 9646964 18179236
1755189661 1461 9646964 18179236
1755189662 1462 9646964 18179236
1755189663 1463 9646964 18179236
1755189664 1464 9646964 18179236
1755189665 1465 9646964 18179236
1755189666 1460 9646964 18179236
1755189667 1460 9646964 18179236
1755189668 1460 9646964 18179236
1755189670 1461 9646964 18179236
1755189671 1461 9646964 18179236
1755189672 1462 9646964 18179236
1755189673 1463 9646964 18179236
1755189674 1464 9646964 18179236
1755189675 1464 9646964 18179236
1755189676 1460 9646964 18179236
1755189677 1461 9646964 18179236
1755189678 1462 9646964 18179236
1755189679 1463 9646964 18179236
1755189681 1464 9646964 18179236
1755189682 1465 9646964 18179236
1755189683 1465 9646964 18179236
1755189684 1466 9646964 18179236
1755189685 1467 9646964 18179236
1755189686 1463 9646964 18179236
1755189687 1463 9646964 18179236
1755189688 1464 9646964 18179236
1755189689 1465 9646964 18179236
1755189691 1465 9646964 18179236
1755189692 1465 9646964 18179236
1755189693 1466 9646964 18179236
1755189694 1466 9646964 18179236
1755189695 1467 9647220 18179236
1755189696 1467 9647220 18179236
1755189697 1468 9647220 18179236
1755189698 1463 9647220 18179236
1755189699 1464 9647220 18179236
1755189700 1464 9647220 18179236
1755189702 1464 9647220 18179236
1755189703 1464 9647604 18179236
1755189704 1465 9647604 18179236
1755189705 1466 9647604 18179236
1755189706 1466 9647732 18179236
1755189707 1467 9647732 18179236
1755189708 1468 9647732 18179236
1755189709 1464 9647732 18179236
1755189710 1465 9647732 18179236
1755189711 1466 9647732 18179236
1755189713 1467 9647732 18179236
1755189714 1467 9647732 18179236
1755189715 1468 9648244 18179236
1755189716 1469 9648244 18179236
1755189717 1469 9648500 18179236
1755189718 1470 9648500 18179236
1755189719 1467 9648500 18179236
1755189720 1468 9648628 18179236
1755189721 1468 9648628 18179236
1755189723 1469 9648628 18179236
1755189724 1469 9648756 18179236
1755189725 1469 9648756 18179236
1755189726 1470 9648756 18179236
1755189727 1470 9649012 18179236
1755189728 1471 9649012 18179236
1755189729 1471 9649012 18179236
1755189730 1471 9649012 18179236
1755189731 1466 9649012 18179236
1755189732 1466 9649012 18179236
1755189733 1466 9649012 18179236
1755189735 1467 9649012 18179236
1755189736 1468 9649012 18179236
1755189737 1468 9649012 18179236
1755189738 1469 9649012 18179236
1755189739 1470 9649012 18179236
1755189740 1471 9649012 18179236
1755189741 1467 9649012 18179236
1755189742 1468 9649012 18179236
1755189743 1469 9649012 18179236
1755189745 1469 9649012 18179236
1755189746 1469 9649012 18179236
1755189747 1470 9649012 18179236
1755189748 1471 9649012 18179236
1755189749 1472 9649012 18179236
1755189750 1473 9649012 18179236
1755189751 1469 9649012 18179236
1755189752 1470 9649012 18179236
1755189753 1471 9649012 18179236
1755189755 1471 9649140 18179236
1755189756 1472 9649140 18179236
1755189757 1473 9649268 18179236
1755189758 1473 9649268 18179236
1755189759 1474 9649268 18179236
1755189760 1474 9649396 18179236
1755189761 1470 9649396 18179236
1755189762 1470 9649396 18179236
1755189763 1470 9649396 18179236
1755189765 1470 9649396 18179236
1755189766 1470 9649396 18179236
1755189767 1470 9649652 18179236
1755189768 1471 9649652 18179236
1755189769 1472 9649908 18179236
1755189770 1472 9649908 18179236
1755189771 1473 9650164 18179236
1755189772 1470 9650164 18179236
1755189773 1471 9650292 18179236
1755189775 1471 9650292 18179236
1755189776 1472 9650292 18179236
1755189777 1472 9650548 18179236
1755189778 1473 9650548 18179236
1755189779 1473 9650804 18179236
1755189780 1474 9650804 18179236
1755189781 1475 9650804 18179236
1755189782 1472 9650804 18179236
1755189783 1472 9650932 18179236
1755189785 1473 9650932 18179236
1755189786 1474 9651060 18179236
1755189787 1474 9651060 18179236
1755189788 1475 9651060 18179236
1755189789 1476 9651060 18179236
1755189790 1476 9651060 18179236
1755189791 1473 9651060 18179236
1755189792 1473 9651060 18179236
1755189793 1473 9651060 18179236
1755189794 1473 9651060 18179236
1755189796 1473 9651060 18179236
1755189797 1472 9651060 18179236
1755189798 1473 9651060 18179236
1755189799 1473 9651060 18179236
1755189800 1473 9651060 18179236
1755189801 1474 9651060 18179236
1755189802 1474 9651060 18179236
1755189803 1472 9651060 18179236
1755189804 1472 9651060 18179236
1755189805 1473 9651060 18179236
1755189807 1473 9651060 18179236
1755189808 1473 9651316 18179236
1755189809 1474 9651316 18179236
1755189810 1475 9651444 18179236
1755189811 1475 9651444 18179236
1755189812 1476 9651700 18179236
1755189813 1473 9651700 18179236
1755189814 1474 9651700 18179236
1755189815 1474 9651956 18179236
1755189817 1475 9651956 18179236
1755189818 1475 9652212 18179236
1755189819 1476 9652212 18179236
1755189820 1477 9652340 18179236
1755189821 1477 9652468 18179236
1755189822 1478 9652468 18179236
1755189823 1475 9652724 18179236
1755189824 1475 9652724 18179236
1755189825 1475 9652724 18179236
1755189827 1475 9652724 18179236
1755189828 1475 9652724 18179236
1755189829 1475 9653108 18179236
1755189830 1476 9653108 18179236
1755189831 1476 9653108 18179236
1755189832 1476 9653108 18179236
1755189833 1473 9653108 18179236
1755189834 1474 9653108 18179236
1755189835 1474 9653108 18179236
1755189836 1475 9653108 18179236
1755189838 1475 9653108 18179236
1755189839 1476 9653108 18179236
1755189840 1476 9653108 18179236
1755189841 1476 9653108 18179236
1755189842 1477 9653108 18179236
1755189843 1477 9653108 18179236
1755189844 1475 9653108 18179236
1755189845 1475 9653108 18179236
1755189846 1476 9653364 18179236
1755189848 1476 9653364 18179236
1755189849 1477 9653364 18179236
1755189850 1477 9653620 18179236
1755189851 1478 9653748 18179236
1755189852 1478 9653748 18179236
1755189853 1479 9653748 18179236
1755189854 1479 9653876 18179236
1755189855 1476 9654132 18179236
1755189856 1477 9654260 18179236
1755189857 1477 9654388 18179236
1755189859 1477 9654388 18179236
1755189860 1477 9654644 18179236
1755189861 1478 9654644 18179236
1755189862 1478 9654644 18179236
1755189863 1478 9654900 18179236
1755189864 1479 9654900 18179236
1755189865 1479 9654900 18179236
1755189866 1476 9655028 18179236
1755189867 1476 9655028 18179236
1755189868 1477 9655028 18179236
1755189870 1477 9655028 18179236
1755189871 1477 9655156 18179236
1755189872 1477 9655156 18179236
1755189873 1478 9655156 18179236
1755189874 1478 9655156 18179236
1755189875 1479 9655156 18179236
1755189876 1476 9655156 18179236
1755189877 1477 9655156 18179236
1755189878 1478 9655284 18179236
1755189880 1478 9655284 18179236
1755189881 1479 9655668 18179236
1755189882 1479 9655668 18179236
1755189883 1480 9655924 18179236
1755189884 1480 9656180 18179236
1755189885 1481 9656180 18179236
1755189886 1478 9656308 18179236
1755189887 1478 9656308 18179236
1755189888 1478 9656564 18179236
1755189889 1478 9656564 18179236
1755189891 1479 9656564 18179236
1755189892 1479 9656692 18179236
1755189893 1480 9656948 18179236
1755189894 1480 9657076 18179236
1755189895 1481 9657204 18179236
1755189896 1478 9657204 18179236
1755189897 1479 9657204 18179236
1755189898 1479 9657204 18179236
1755189899 1479 9657204 18179236
1755189901 1479 9657204 18179236
1755189902 1479 9657204 18179236
1755189903 1479 9657332 18179236
1755189904 1479 9657716 18179236
1755189905 1480 9658100 18179236
1755189906 1480 9658100 18179236
1755189907 1478 9658100 18179236
1755189908 1478 9658100 18179236
1755189909 1479 9658484 18179236
1755189910 1479 9658612 18179236
1755189912 1480 9658612 18179236
1755189913 1480 9659124 18179236
1755189914 1481 9659252 18179236
1755189915 1481 9659252 18179236
1755189916 1481 9659380 18179236
1755189917 1482 9659508 18179236
1755189918 1482 9659764 18179236
1755189919 1479 9660020 18179236
1755189920 1479 9660020 18179236
1755189921 1480 9660148 18179236
1755189923 1480 9660148 18179236
1755189924 1480 9660276 18179236
1755189925 1481 9660660 18179236
1755189926 1481 9660788 18179236
1755189927 1482 9661300 18179236
1755189928 1482 9661300 18179236
1755189929 1483 9661940 18179236
1755189930 1483 9662324 18179236
1755189931 1481 9662324 18179236
1755189932 1481 9662580 18179236
1755189933 1481 9662580 18179236
1755189934 1481 9662708 18179236
1755189936 1481 9662964 18179236
1755189937 1481 9663348 18179236
1755189938 1481 9663476 18179236
1755189939 1482 9664500 18179236
1755189940 1481 9665652 18179236
1755189941 1481 9688332 18179236
1755189942 1481 9774380 18179236
1755189943 1480 9964944 18179236
1755189944 1479 10093968 18179236
1755189945 1479 10093968 18179236
1755189946 1477 10827220 18179236
1755189947 1472 11134508 18179236
1755189948 1472 11339308 18179236
1755189949 1472 11339308 18179236
1755189950 1471 11339308 18179236
1755189951 1469 11339308 18179236
1755189953 1469 11339308 18179236
1755189954 1469 12805864 18179236
1755189955 1466 13733608 18179236
1755189956 1464 14413544 18179236
1755189957 1462 14450408 18179236
1755189958 1459 14450408 18179236
1755189959 1457 14450408 18179236
1755189960 1454 16023308 18179236
1755189961 1455 16095756 18179236
1755189962 1455 16095756 18179236
1755189963 1456 16095756 18179236
1755189964 1456 16095756 18179236
1755189965 1453 16095756 18179236
1755189966 1454 16095756 18179236
1755189967 1454 16095756 18179236
1755189969 1452 16095756 18179236
1755189970 1452 16095756 18179236
1755189971 1453 16095756 18179236
1755189972 1453 16095756 18179236
1755189973 1453 16095756 18179236
1755189974 1453 16095756 18179236
1755189975 1454 16095756 18179236
1755189976 1454 16095756 18179236
1755189977 1453 16095756 18179236
1755189978 1449 16096012 18179236
1755189979 1450 16096012 18179236
1755189980 1450 16096012 18179236
1755189981 1450 16096012 18179236
1755189983 1450 16096012 18179236
1755189984 1450 16096012 18179236
1755189985 1450 16096012 18179236
1755189986 1451 16096012 18179236
1755189987 1451 16096012 18179236
1755189988 1452 16096012 18179236
1755189989 1452 16096012 18179236
1755189990 1450 16096012 18179236
1755189991 1451 16096012 18179236
1755189992 1451 16096012 18179236
1755189993 1452 16096012 18179236
1755189995 1452 16096012 18179236
1755189996 1452 16096012 18179236
1755189997 1452 16096012 18179236
1755189998 1453 16096012 18179236
1755189999 1453 16096012 18179236
1755190000 1453 16096012 18179236
1755190001 1453 16096012 18179236
1755190002 1451 16096012 18179236
1755190003 1451 16096012 18179236
1755190004 1451 16096012 18179236
1755190005 1452 16096012 18179236
1755190007 1452 16096012 18179236
1755190008 1453 16096012 18179236
1755190009 1453 16096012 18179236
1755190010 1454 16096012 18179236
1755190011 1454 16096012 18179236
1755190012 1454 16096012 18179236
1755190013 1454 16096012 18179236
1755190014 1452 16096012 18179236
1755190015 1452 16096012 18179236
1755190016 1453 16096012 18179236
1755190018 1453 16096012 18179236
1755190019 1454 16096012 18179236
1755190020 1454 16096012 18179236
1755190021 1454 16096012 18179236
1755190022 1455 16096012 18179236
1755190023 1455 16096012 18179236
1755190024 1456 16096012 18179236
1755190025 1454 16096012 18179236
1755190026 1454 16096012 18179236
1755190027 1454 16096012 18179236
1755190029 1455 16096012 18179236
1755190030 1455 16096012 18179236
1755190031 1455 16096012 18179236
1755190032 1456 16096012 18179236
1755190033 1456 16096012 18179236
1755190034 1456 16096012 18179236
1755190035 1454 16096012 18179236
1755190036 1454 16096012 18179236
1755190037 1455 16096012 18179236
1755190038 1455 16096012 18179236
1755190040 1455 16096012 18179236
1755190041 1456 16096012 18179236
1755190042 1456 16096012 18179236
1755190043 1456 16096012 18179236
1755190044 1456 16096012 18179236
1755190045 1457 16096012 18179236
1755190046 1457 16096012 18179236
1755190047 1455 16096012 18179236
1755190048 1455 16096012 18179236
1755190049 1455 16096012 18179236
1755190050 1456 16096012 18179236
1755190052 1456 16096012 18179236
1755190053 1456 16096012 18179236
1755190054 1457 16096012 18179236
1755190055 1457 16096012 18179236
1755190056 1458 16096012 18179236
1755190057 1458 16096012 18179236
1755190058 1458 16096012 18179236
1755190059 1456 16096012 18179236
1755190060 1457 16096012 18179236
1755190061 1457 16096012 18179236
1755190063 1457 16096012 18179236
1755190064 1458 16096012 18179236
1755190065 1458 16096012 18179236
1755190066 1459 16096012 18179236
1755190067 1459 16096012 18179236
1755190068 1459 16096012 18179236
1755190069 1459 16096012 18179236
1755190070 1459 16096012 18179236
1755190071 1457 16096012 18179236
1755190072 1457 16096012 18179236
1755190073 1458 16096012 18179236
1755190075 1458 16096012 18179236
1755190076 1458 16096012 18179236
1755190077 1458 16096012 18179236
1755190078 1458 16096012 18179236
1755190079 1459 16096012 18179236
1755190080 1459 16096012 18179236
1755190081 1459 16096012 18179236
1755190082 1458 16096012 18179236
1755190083 1458 16096012 18179236
1755190084 1458 16096012 18179236
1755190085 1459 16096012 18179236
1755190087 1459 16096012 18179236
1755190088 1460 16096012 18179236
1755190089 1460 16096012 18179236
1755190090 1460 16096012 18179236
1755190091 1460 16096012 18179236
1755190092 1461 16096012 18179236
1755190093 1459 16096012 18179236
1755190094 1459 16096012 18179236
1755190095 1460 16096012 18179236
1755190096 1460 16096012 18179236
1755190098 1460 16096012 18179236
1755190099 1461 16096012 18179236
1755190100 1461 16096012 18179236
1755190101 1462 16096012 18179236
1755190102 1462 16096012 18179236
1755190103 1462 16096012 18179236
1755190104 1460 16096012 18179236
1755190105 1460 16096012 18179236
1755190106 1460 16096012 18179236
1755190108 1460 16096012 18179236
1755190109 1460 16096012 18179236
1755190110 1460 16096012 18179236
1755190111 1461 16096012 18179236
1755190112 1461 16096012 18179236
1755190113 1462 16096012 18179236
1755190114 1460 16096012 18179236
1755190115 1460 16096012 18179236
1755190116 1461 16096012 18179236
1755190118 1461 16096012 18179236
1755190119 1461 16096012 18179236
1755190120 1462 16096012 18179236
1755190121 1462 16096012 18179236
1755190122 1462 16096012 18179236
1755190123 1462 8799184 11032764
1755190124 1462 9741264 11032764
1755190125 1461 9741264 11032764
1755190126 1461 9741264 11032764
1755190127 1461 9741264 11032764
1755190129 1462 9741264 11032764
1755190130 1462 9741264 11032764
1755190131 1463 9741264 11032764
1755190132 1463 9741264 11032764
1755190133 1463 9741264 11032764
1755190134 1464 9741264 11032764
1755190135 1464 9741264 11032764
1755190136 1462 9741264 11032764
1755190137 1462 9741264 11032764
1755190138 1462 9741264 11032764
1755190140 1462 9741264 11032764
1755190141 1462 9741264 11032764
1755190142 1462 9741264 11032764
1755190143 1462 9741264 11032764
1755190144 1463 9741264 11032764
1755190145 1463 9741264 11032764
1755190146 1463 9741264 11032764
1755190147 1463 9741264 11032764
1755190148 1461 7348588 8640184
1755190149 1462 7348588 8640184
1755190150 1462 7348588 8640184
1755190152 1462 7348588 8640184
1755190153 1462 7348588 8640184
1755190154 1463 7348588 8640184
1755190155 1463 7348588 8640184
1755190156 1463 7348588 8640184
1755190157 1463 7348588 8640184
1755190158 1462 7348588 8640184
1755190159 1462 7348588 8640184
1755190160 1463 7348588 8640184
1755190162 1463 7348588 8640184
1755190163 1463 7348588 8640184
1755190164 1464 7348588 8640184
1755190165 1464 7348588 8640184
1755190166 1464 7348588 8640184
1755190167 1465 7348588 8640184
1755190168 1465 7348588 8640184
1755190169 1463 7348588 8640184
1755190170 1463 7348588 8640184
1755190171 1463 7348588 8640184
1755190172 1461 9811216 13425344
1755190173 1459 12338016 16117000
