1755175320  0.0 16768 676412
1755175322  318 1242636 2958776
1755175323  210 1039944 2958776
1755175324  309 3185484 6898664
1755175325  670 3188044 6899188
1755175326  871 3188044 6899188
1755175327 1016 3188044 6899188
1755175328 1112 3188044 6899188
1755175329 1188 3188044 6899188
1755175330 1125 3188044 6899188
1755175331 1167 3188044 6899188
1755175332 1204 3188044 6899188
1755175334 1234 3188172 6899188
1755175335 1262 3188172 6899188
1755175336 1288 3188428 6899188
1755175337 1310 3188428 6899188
1755175338 1324 3189580 6899188
1755175339 1337 3189708 6899188
1755175340 1349 3189836 6899188
1755175341 1292 3189836 6899188
1755175342 1312 3189964 6899188
1755175343 1328 3189964 6899188
1755175345 1344 3189964 6899188
1755175346 1358 3189964 6899188
1755175347 1374 3189964 6899188
1755175348 1384 3189964 6899188
1755175349 1393 3190092 6899188
1755175350 1400 3190092 6899188
1755175351 1360 3190092 6899188
1755175352 1372 3190092 6899188
1755175353 1382 3190092 6899188
1755175355 1393 3190092 6899188
1755175356 1402 3190092 6899188
1755175357 1412 3190092 6899188
1755175358 1421 3190092 6899188
1755175359 1429 3190092 6899188
1755175360 1437 3190092 6899188
1755175361 1409 3190092 6899188
1755175362 1417 3190092 6899188
1755175363 1425 3190092 6899188
1755175365 1432 3190092 6899188
1755175366 1437 3190092 6899188
1755175367 1442 3190348 6899188
1755175368 1442 3190476 6899188
1755175369 1442 3190476 6899188
1755175370 1441 3191116 6899188
1755175371 1443 3191116 6899188
1755175372 1418 3191500 6899188
1755175373 1424 3191756 6899188
1755175374 1429 3191756 6899188
1755175376 1434 3191884 6899188
1755175377 1440 3192012 6899188
1755175378 1445 3192012 6899188
1755175379 1451 3192012 6899188
1755175380 1456 3192140 6899188
1755175381 1460 3192140 6899188
1755175382 1438 3192140 6899188
1755175383 1441 3192140 6899188
1755175384 1443 3192140 6899188
1755175386 1446 3192140 6899188
1755175387 1451 3192140 6899188
1755175388 1455 3192140 6899188
1755175389 1459 3192140 6899188
1755175390 1462 3192140 6899188
1755175391 1467 3192140 6899188
1755175392 1470 3192140 6899188
1755175393 1454 3192908 6899188
1755175394 1457 3193164 6899188
1755175395 1461 3193548 6899188
1755175397 1465 3193804 6899188
1755175398 1469 3193932 6899188
1755175399 1470 3194060 6899188
1755175400 1470 3194060 6899188
1755175401 1469 3194188 6899188
1755175402 1468 3194188 6899188
1755175403 1469 3194188 6899188
1755175404 1453 3194188 6899188
1755175405 1456 3194188 6899188
1755175406 1459 3194188 6899188
1755175408 1461 3194188 6899188
1755175409 1465 3194188 6899188
1755175410 1467 3194316 6899188
1755175411 1470 3194572 6899188
1755175412 1473 3195212 6899188
1755175413 1475 3195340 6899188
1755175414 1478 3195724 6899188
1755175415 1465 3195980 6899188
1755175416 1467 3196236 6899188
1755175417 1468 3196236 6899188
1755175419 1470 3196236 6899188
1755175420 1471 3196236 6899188
1755175421 1474 3196236 6899188
1755175422 1476 3196236 6899188
1755175423 1478 3196492 6899188
1755175424 1480 3197004 6899188
1755175425 1483 3197772 6899188
1755175426 1485 3198156 6899188
1755175427 1473 3198284 6899188
1755175428 1475 3198412 6899188
1755175429 1476 3198540 6899188
1755175430 1476 3198796 6899188
1755175432 1476 3198796 6899188
1755175433 1478 3200332 6899188
1755175434 1479 3200332 6899188
1755175435 1480 3200972 6899188
1755175436 1481 3201356 6899188
1755175437 1482 3201996 6899188
1755175438 1481 3202508 6899188
1755175439 1481 3302564 6899188
1755175440 1477 3598212 6899188
1755175441 1473 3755908 6899188
1755175442 1468 4538324 6899188
1755175443 1445 4769748 6899188
1755175444 1436 5316692 6899188
1755175445 1438 5316692 6899188
1755175446 1439 5316692 6899188
1755175448 1438 5316692 6899188
1755175449 1439 5316820 6899188
1755175450 1441 5316820 6899188
1755175451 1442 5316820 6899188
1755175452 1443 5316820 6899188
1755175453 1444 5316820 6899188
1755175454 1446 5316820 6899188
1755175455 1448 5316820 6899188
1755175456 1440 5316820 6899188
1755175457 1442 5316820 6899188
1755175458 1444 5316820 6899188
1755175459 1445 5316820 6899188
1755175461 1446 5316820 6899188
1755175462 1447 5316820 6899188
1755175463 1448 5316820 6899188
1755175464 1449 5316820 6899188
1755175465 1450 5316820 6899188
1755175466 1452 5316820 6899188
1755175467 1453 5316820 6899188
1755175468 1444 5316820 6899188
1755175469 1446 5316820 6899188
1755175470 1446 5316820 6899188
1755175471 1448 5316820 6899188
1755175473 1449 5316820 6899188
1755175474 1451 5316820 6899188
1755175475 1452 5316820 6899188
1755175476 1454 5316820 6899188
1755175477 1456 5316820 6899188
1755175478 1457 5316820 6899188
1755175479 1459 5316820 6899188
1755175480 1451 3254676 4587340
1755175481 1453 3254676 4587340
1755175482 1455 3254676 4587340
1755175484 1456 3254676 4587340
1755175485 1456 2473328 3806088
1755175486 1456 2473328 3806088
1755175487 1457 2473328 3806088
1755175488 1458 2473328 3806088
1755175489 1459 2676212 5368592
