1755176276  0.0 16256 676412
1755176277  328 1184644 2616844
1755176278  214 2045448 3837684
1755176279  177 2884068 5058388
1755176280  252 4941076 9975048
1755176281  441 4945756 9975048
1755176282  622 4949596 9975592
1755176283  753 4949596 9975592
1755176285  864 4949852 9975592
1755176286  937 4949852 9975592
1755176287 1007 4949852 9975592
1755176288 1058 4949980 9975592
1755176289 1111 4949980 9975592
1755176290 1151 4949980 9975592
1755176291 1109 4949980 9975592
1755176292 1137 4949980 9975592
1755176293 1167 4949980 9975592
1755176295 1191 4949980 9975592
1755176296 1212 4949980 9975592
1755176297 1238 4950108 9975592
1755176298 1259 4950108 9975592
1755176299 1282 4950108 9975592
1755176300 1243 4950108 9975592
1755176301 1254 4950108 9975592
1755176302 1265 4950108 9975592
1755176303 1279 4950108 9975592
1755176305 1301 4950108 9975592
1755176306 1312 4950108 9975592
1755176307 1320 4950108 9975592
1755176308 1331 4950108 9975592
1755176309 1304 4950108 9975592
1755176310 1317 4950108 9975592
1755176311 1330 4950108 9975592
1755176313 1336 4950108 9975592
1755176314 1346 4950108 9975592
1755176315 1354 4950108 9975592
1755176316 1362 4950108 9975592
1755176317 1370 4950108 9975592
1755176318 1375 4950108 9975592
1755176319 1350 4950108 9975592
1755176320 1359 4950108 9975592
1755176321 1365 4950108 9975592
1755176322 1373 4950108 9975592
1755176324 1382 4950108 9975592
1755176325 1389 4950108 9975592
1755176326 1397 4950108 9975592
1755176327 1401 4950108 9975592
1755176328 1406 4950108 9975592
1755176329 1384 4950108 9975592
1755176330 1389 4950108 9975592
1755176331 1393 4950236 9975592
1755176333 1395 4950236 9975592
1755176334 1398 4950236 9975592
1755176335 1403 4950236 9975592
1755176336 1409 4950236 9975592
1755176337 1414 4950620 9975592
1755176338 1417 4950620 9975592
1755176339 1396 4951004 9975592
1755176340 1400 4951004 9975592
1755176341 1403 4951004 9975592
1755176342 1407 4951388 9975592
1755176344 1411 4951388 9975592
1755176345 1414 4951900 9975592
1755176346 1418 4951900 9975592
1755176347 1421 4952028 9975592
1755176348 1426 4952028 9975592
1755176349 1427 4952028 9975592
1755176350 1412 4952028 9975592
1755176351 1415 4952156 9975592
1755176352 1419 4952156 9975592
1755176354 1422 4952156 9975592
1755176355 1426 4952156 9975592
1755176356 1431 4952156 9975592
1755176357 1434 4952156 9975592
1755176358 1439 4952156 9975592
1755176359 1442 4952156 9975592
1755176360 1429 4952156 9975592
1755176361 1432 4952156 9975592
1755176362 1434 4952156 9975592
1755176364 1435 4952156 9975592
1755176365 1435 4952156 9975592
1755176366 1436 4952156 9975592
1755176367 1438 4952156 9975592
1755176368 1442 4952156 9975592
1755176369 1445 4952156 9975592
1755176370 1432 4952156 9975592
1755176371 1434 4952156 9975592
1755176372 1436 4952284 9975592
1755176373 1437 4952284 9975592
1755176375 1439 4952284 9975592
1755176376 1440 4952284 9975592
1755176377 1440 4952284 9975592
1755176378 1443 4952284 9975592
1755176379 1446 4952412 9975592
1755176380 1449 4952412 9975592
1755176381 1449 4952412 9975592
1755176382 1437 4952796 9975592
1755176383 1440 4952796 9975592
1755176384 1442 4953308 9975592
1755176386 1445 4953436 9975592
1755176387 1448 4953436 9975592
1755176388 1451 4953692 9975592
1755176389 1453 4953692 9975592
1755176390 1456 4953692 9975592
1755176391 1458 4954076 9975592
1755176392 1448 4954076 9975592
1755176393 1451 4954076 9975592
1755176394 1453 4954204 9975592
1755176396 1454 4954204 9975592
1755176397 1455 4954204 9975592
1755176398 1455 4954204 9975592
1755176399 1456 4954204 9975592
1755176400 1458 4954204 9975592
1755176401 1459 4954204 9975592
1755176402 1449 4954204 9975592
1755176403 1451 4954204 9975592
1755176404 1453 4954204 9975592
1755176406 1455 4954204 9975592
1755176407 1457 4954204 9975592
1755176408 1457 4954204 9975592
1755176409 1458 4954204 9975592
1755176410 1458 4954204 9975592
1755176411 1459 4954204 9975592
1755176412 1450 4954332 9975592
1755176413 1451 4954332 9975592
1755176414 1454 4954332 9975592
1755176416 1455 4954460 9975592
1755176417 1458 4954588 9975592
1755176418 1459 4955100 9975592
1755176419 1461 4955356 9975592
1755176420 1463 4955356 9975592
1755176421 1465 4955484 9975592
1755176422 1467 4955484 9975592
1755176423 1459 4955868 9975592
1755176424 1461 4955996 9975592
1755176426 1462 4956252 9975592
1755176427 1463 4956252 9975592
1755176428 1464 4956252 9975592
1755176429 1465 4956252 9975592
1755176430 1467 4956252 9975592
1755176431 1468 4956252 9975592
1755176432 1469 4956252 9975592
1755176433 1460 4956252 9975592
1755176434 1461 4956252 9975592
1755176435 1462 4956252 9975592
1755176437 1463 4956380 9975592
1755176438 1464 4956380 9975592
1755176439 1466 4956380 9975592
1755176440 1466 4956380 9975592
1755176441 1468 4956380 9975592
1755176442 1468 4956508 9975592
1755176443 1468 4956508 9975592
1755176444 1460 4956508 9975592
1755176445 1461 4956636 9975592
1755176446 1463 4957276 9975592
1755176448 1465 4957532 9975592
1755176449 1466 4957788 9975592
1755176450 1468 4958044 9975592
1755176451 1470 4958044 9975592
1755176452 1471 4958172 9975592
1755176453 1472 4958300 9975592
1755176454 1466 4958300 9975592
1755176455 1467 4958428 9975592
1755176456 1469 4958428 9975592
1755176458 1470 4958428 9975592
1755176459 1470 4958428 9975592
1755176460 1471 4958428 9975592
1755176461 1472 4958556 9975592
1755176462 1473 4958556 9975592
1755176463 1475 4958812 9975592
1755176464 1475 4958940 9975592
1755176465 1469 4959836 9975592
1755176466 1469 4959964 9975592
1755176467 1470 4959964 9975592
1755176468 1470 4960092 9975592
1755176470 1471 4960092 9975592
1755176471 1472 4960348 9975592
1755176472 1472 4960348 9975592
1755176473 1473 4960476 9975592
1755176474 1474 4960476 9975592
1755176475 1475 4960604 9975592
1755176476 1475 4960604 9975592
1755176477 1469 4960732 9975592
1755176478 1469 4960732 9975592
1755176479 1470 4960860 9975592
1755176480 1472 4961756 9975592
1755176482 1473 4962012 9975592
1755176483 1474 4962396 9975592
1755176484 1475 4962524 9975592
1755176485 1476 4962780 9975592
1755176486 1477 4962908 9975592
1755176487 1477 4964060 9975592
1755176488 1478 4964828 9975592
1755176489 1478 4966492 9975592
1755176490 1472 4966748 9975592
1755176491 1470 4968412 9975592
1755176492 1471 5081752 9975592
1755176493 1469 5188248 9975592
1755176494 1465 5757640 9975592
1755176496 1465 5825224 9975592
1755176497 1461 5825224 9975592
1755176498 1459 7047996 9975592
1755176499 1453 7410492 9975592
1755176500 1447 7410492 9975592
1755176501 1444 8258748 9975592
1755176502 1444 8258748 9975592
1755176503 1444 8258748 9975592
1755176504 1443 8258748 9975592
1755176505 1438 8258748 9975592
1755176506 1438 8258748 9975592
1755176507 1436 8258748 9975592
1755176508 1437 8259004 9975592
1755176510 1438 8259004 9975592
1755176511 1438 8259004 9975592
1755176512 1439 8259004 9975592
1755176513 1440 8259004 9975592
1755176514 1441 8259004 9975592
1755176515 1442 8259004 9975592
1755176516 1443 8259004 9975592
1755176517 1445 8259004 9975592
1755176518 1440 8259004 9975592
1755176519 1441 8259004 9975592
1755176520 1442 8259004 9975592
1755176522 1442 8259004 9975592
1755176523 1443 8259004 9975592
1755176524 1444 8259004 9975592
1755176525 1445 8259004 9975592
1755176526 1446 8259004 9975592
1755176527 1446 8259004 9975592
1755176528 1447 8259004 9975592
1755176529 1448 8259004 9975592
1755176530 1443 8259004 9975592
1755176531 1444 8259004 9975592
1755176532 1445 8259004 9975592
1755176534 1446 8259004 9975592
1755176535 1446 8259004 9975592
1755176536 1447 8259004 9975592
1755176537 1447 8259004 9975592
1755176538 1448 8259004 9975592
1755176539 1449 8259004 9975592
1755176540 1450 8259004 9975592
1755176541 1445 8259004 9975592
1755176542 1446 8259004 9975592
1755176543 1447 8259004 9975592
1755176544 1448 8259004 9975592
1755176546 1448 8259004 9975592
1755176547 1449 8259004 9975592
1755176548 1450 8259004 9975592
1755176549 1451 8259004 9975592
1755176550 1452 8259004 9975592
1755176551 1453 8259004 9975592
1755176552 1448 8259004 9975592
1755176553 1449 8259004 9975592
1755176554 1450 8259004 9975592
1755176555 1450 8259004 9975592
1755176557 1451 8259004 9975592
1755176558 1452 8259004 9975592
1755176559 1453 8259004 9975592
1755176560 1453 8259004 9975592
1755176561 1454 8259004 9975592
1755176562 1455 8259004 9975592
1755176563 1456 8259004 9975592
1755176564 1451 8259004 9975592
1755176565 1452 8259004 9975592
1755176566 1453 5024896 6345172
1755176568 1453 5024896 6345172
1755176569 1454 5024896 6345172
1755176570 1454 5024896 6345172
1755176571 1455 5024896 6345172
1755176572 1455 5024896 6345172
1755176573 1456 5024896 6345172
1755176574 1457 5024896 6345172
1755176575 1453 5024896 6345172
1755176576 1453 3804240 5124468
1755176577 1454 3804240 5124468
1755176579 1454 3804240 5124468
1755176580 1455 3804240 5124468
1755176581 1456 3804240 5124468
1755176582 1456 3804240 5124468
1755176583 1457 3804240 5124468
1755176584 1457 3804240 5124468
1755176585 1456 5075140 7565876
