1759772814  0.0 17536 677056
1759772815  205 1243516 3084060
1759772816  154 2651656 5476640
1759772818  136 4816008 5476640
1759772819  128 4050176 5476640
1759772820  123 2820480 22227020
1759772821  119 4647040 22227020
1759772822  117 4816768 22227020
1759772823  314 4821248 22259788
1759772824  453 4824448 22259788
1759772825  581 4830208 22260360
1759772826  683 4830208 22260360
1759772827  773 4830208 22260360
1759772828  781 4830208 22260360
1759772829  841 4830208 22260360
1759772830  895 4830336 22260360
1759772831  942 4830336 22260360
1759772833  986 4830336 22260360
1759772834 1024 4830336 22260360
1759772835 1051 4830336 22260360
1759772836 1082 4830336 22260360
1759772837 1110 4830336 22260360
1759772838 1137 4830336 22260360
1759772839 1115 4830336 22260360
1759772840 1137 4830336 22260360
1759772841 1159 4830336 22260360
1759772843 1179 4830336 22260360
1759772844 1188 4830336 22260360
1759772845 1199 4830336 22260360
1759772846 1205 4830336 22260360
1759772847 1213 4830336 22260360
1759772848 1219 4830336 22260360
1759772849 1228 4830336 22260360
1759772850 1240 4830336 22260360
1759772851 1219 4830336 22260360
1759772852 1233 4830336 22260360
1759772853 1245 4830464 22260360
1759772855 1255 4830464 22260360
1759772856 1266 4830464 22260360
1759772857 1277 4830464 22260360
1759772858 1288 4830464 22260360
1759772859 1295 4830592 22260360
1759772860 1304 4830592 22260360
1759772861 1286 4830592 22260360
1759772862 1295 4830592 22260360
1759772863 1304 4830592 22260360
1759772865 1312 4830720 22260360
1759772866 1318 4830720 22260360
1759772867 1323 4830720 22260360
1759772868 1331 4830720 22260360
1759772869 1337 4830720 22260360
1759772870 1344 4831104 22260360
1759772871 1351 4831104 22260360
1759772872 1334 4831104 22260360
1759772873 1340 4831104 22260360
1759772874 1344 4831104 22260360
1759772876 1348 4831744 22260360
1759772877 1353 4831744 22260360
1759772878 1358 4831744 22260360
1759772879 1359 4831744 22260360
1759772880 1360 4831744 22260360
1759772881 1362 4831872 22260360
1759772882 1365 4831872 22260360
1759772883 1347 4831872 22260360
1759772884 1351 4831872 22260360
1759772885 1355 4831872 22260360
1759772886 1360 4831872 22260360
1759772888 1365 4832000 22260360
1759772889 1369 4832000 22260360
1759772890 1373 4832000 22260360
1759772891 1377 4832000 22260360
1759772892 1382 4832000 22260360
1759772893 1385 4832000 22260360
1759772894 1372 4832000 22260360
1759772895 1376 4832000 22260360
1759772896 1379 4832000 22260360
1759772897 1382 4832000 22260360
1759772899 1387 4832000 22260360
1759772900 1390 4832000 22260360
1759772901 1394 4832000 22260360
1759772902 1398 4832000 22260360
1759772903 1402 4832128 22260360
1759772904 1405 4832128 22260360
1759772905 1406 4832128 22260360
1759772906 1393 4832128 22260360
1759772907 1395 4832128 22260360
1759772908 1398 4832128 22260360
1759772910 1399 4832128 22260360
1759772911 1403 4832128 22260360
1759772912 1405 4832128 22260360
1759772913 1406 4832128 22260360
1759772914 1408 4832256 22260360
1759772915 1409 4832256 22260360
1759772916 1410 4832256 22260360
1759772917 1398 4832256 22260360
1759772918 1400 4832256 22260360
1759772919 1401 4832256 22260360
1759772921 1405 4832256 22260360
1759772922 1408 4832256 22260360
1759772923 1410 4832256 22260360
1759772924 1413 4832256 22260360
1759772925 1416 4832256 22260360
1759772926 1419 4832256 22260360
1759772927 1421 4832256 22260360
1759772928 1410 4832256 22260360
1759772929 1413 4832256 22260360
1759772930 1415 4832256 22260360
1759772932 1418 4832256 22260360
1759772933 1421 4832256 22260360
1759772934 1423 4832256 22260360
1759772935 1425 4832256 22260360
1759772936 1426 4832256 22260360
1759772937 1427 4832256 22260360
1759772938 1429 4832256 22260360
1759772939 1430 4832256 22260360
1759772940 1419 4832256 22260360
1759772941 1421 4832256 22260360
1759772942 1424 4832256 22260360
1759772944 1425 4832256 22260360
1759772945 1427 4832256 22260360
1759772946 1429 4832256 22260360
1759772947 1430 4832256 22260360
1759772948 1431 4832256 22260360
1759772949 1432 4832256 22260360
1759772950 1432 4832256 22260360
1759772951 1423 4832256 22260360
1759772952 1424 4832256 22260360
1759772953 1425 4832256 22260360
1759772954 1428 4832256 22260360
1759772956 1430 4832384 22260360
1759772957 1432 4832384 22260360
1759772958 1434 4832384 22260360
1759772959 1436 4832384 22260360
1759772960 1437 4832384 22260360
1759772961 1439 4832384 22260360
1759772962 1431 4832384 22260360
1759772963 1433 4832384 22260360
1759772964 1435 4832384 22260360
1759772966 1437 4832640 22260360
1759772967 1438 4832640 22260360
1759772968 1438 4832640 22260360
1759772969 1439 4832640 22260360
1759772970 1440 4832640 22260360
1759772971 1441 4832896 22260360
1759772972 1442 4832896 22260360
1759772973 1435 4832896 22260360
1759772974 1436 4832896 22260360
1759772975 1438 4833152 22260360
1759772977 1440 4833152 22260360
1759772978 1441 4833152 22260360
1759772979 1443 4833152 22260360
1759772980 1444 4833152 22260360
1759772981 1445 4833152 22260360
1759772982 1445 4833152 22260360
1759772983 1446 4833152 22260360
1759772984 1447 4833152 22260360
1759772985 1439 4833536 22260360
1759772986 1440 4833536 22260360
1759772987 1441 4833536 22260360
1759772989 1442 4833536 22260360
1759772990 1444 4833664 22260360
1759772991 1445 4833664 22260360
1759772992 1446 4833664 22260360
1759772993 1447 4833664 22260360
1759772994 1449 4833664 22260360
1759772995 1450 4834048 22260360
1759772996 1444 4834048 22260360
1759772997 1445 4834048 22260360
1759772998 1445 4834048 22260360
1759772999 1446 4834176 22260360
1759773001 1447 4834176 22260360
1759773002 1447 4834176 22260360
1759773003 1448 4834176 22260360
1759773004 1449 4834176 22260360
1759773005 1451 4834176 22260360
1759773006 1452 4834176 22260360
1759773007 1446 4834176 22260360
1759773008 1447 4834304 22260360
1759773009 1449 4834304 22260360
1759773011 1450 4834304 22260360
1759773012 1451 4834304 22260360
1759773013 1452 4834304 22260360
1759773014 1453 4834304 22260360
1759773015 1454 4834304 22260360
1759773016 1455 4834304 22260360
1759773017 1456 4834304 22260360
1759773018 1449 4834304 22260360
1759773019 1450 4834304 22260360
1759773020 1450 4834304 22260360
1759773022 1451 4834304 22260360
1759773023 1451 4834304 22260360
1759773024 1452 4834304 22260360
1759773025 1453 4834304 22260360
1759773026 1454 4834304 22260360
1759773027 1456 4834304 22260360
1759773028 1457 4834304 22260360
1759773029 1457 4834304 22260360
1759773030 1450 4834304 22260360
1759773031 1451 4834304 22260360
1759773032 1451 4834304 22260360
1759773034 1452 4834304 22260360
1759773035 1453 4834304 22260360
1759773036 1455 4834304 22260360
1759773037 1456 4834304 22260360
1759773038 1457 4834304 22260360
1759773039 1458 4834304 22260360
1759773040 1459 4834304 22260360
1759773041 1454 4834304 22260360
1759773042 1455 4834304 22260360
1759773043 1456 4834304 22260360
1759773045 1457 4834304 22260360
1759773046 1458 4834304 22260360
1759773047 1459 4834304 22260360
1759773048 1460 4834304 22260360
1759773049 1461 4834304 22260360
1759773050 1462 4834304 22260360
1759773051 1462 4834304 22260360
1759773052 1457 4834304 22260360
1759773053 1457 4834432 22260360
1759773054 1457 4834432 22260360
1759773056 1458 4834432 22260360
1759773057 1458 4834432 22260360
1759773058 1459 4834560 22260360
1759773059 1460 4834560 22260360
1759773060 1460 4834560 22260360
1759773061 1460 4834560 22260360
1759773062 1461 4834560 22260360
1759773063 1455 4834560 22260360
1759773064 1456 4834560 22260360
1759773065 1457 4834560 22260360
1759773066 1458 4834944 22260360
1759773068 1459 4834944 22260360
1759773069 1460 4834944 22260360
1759773070 1461 4834944 22260360
1759773071 1462 4834944 22260360
1759773072 1463 4834944 22260360
1759773073 1463 4834944 22260360
1759773074 1464 4835328 22260360
1759773075 1459 4835328 22260360
1759773076 1460 4835328 22260360
1759773077 1461 4835584 22260360
1759773079 1462 4835584 22260360
1759773080 1463 4835584 22260360
1759773081 1464 4835584 22260360
1759773082 1465 4835968 22260360
1759773083 1466 4835968 22260360
1759773084 1466 4835968 22260360
1759773085 1461 4835968 22260360
1759773086 1462 4835968 22260360
1759773087 1462 4835968 22260360
1759773088 1463 4835968 22260360
1759773090 1463 4836224 22260360
1759773091 1463 4836224 22260360
1759773092 1463 4836224 22260360
1759773093 1463 4836224 22260360
1759773094 1463 4836224 22260360
1759773095 1464 4836224 22260360
1759773096 1465 4836224 22260360
1759773097 1461 4836224 22260360
1759773098 1462 4836352 22260360
1759773099 1462 4836352 22260360
1759773101 1463 4836352 22260360
1759773102 1464 4836352 22260360
1759773103 1465 4836352 22260360
1759773104 1466 4836352 22260360
1759773105 1467 4836352 22260360
1759773106 1467 4836352 22260360
1759773107 1468 4836352 22260360
1759773108 1464 4836352 22260360
1759773109 1465 4836352 22260360
1759773110 1465 4836352 22260360
1759773112 1466 4836352 22260360
1759773113 1467 4836352 22260360
1759773114 1468 4836352 22260360
1759773115 1469 4836352 22260360
1759773116 1469 4836352 22260360
1759773117 1470 4836352 22260360
1759773118 1471 4836352 22260360
1759773119 1466 4836352 22260360
1759773120 1467 4836352 22260360
1759773121 1466 4836352 22260360
1759773123 1467 4836352 22260360
1759773124 1466 4836352 22260360
1759773125 1466 4836352 22260360
1759773126 1466 4836352 22260360
1759773127 1467 4836352 22260360
1759773128 1468 4836480 22260360
1759773129 1468 4836480 22260360
1759773130 1465 4836480 22260360
1759773131 1465 4836480 22260360
1759773132 1466 4836480 22260360
1759773134 1467 4836480 22260360
1759773135 1468 4836608 22260360
1759773136 1468 4836608 22260360
1759773137 1469 4836608 22260360
1759773138 1470 4836736 22260360
1759773139 1470 4836736 22260360
1759773140 1467 4836736 22260360
1759773141 1468 4836992 22260360
1759773142 1468 4836992 22260360
1759773144 1469 4836992 22260360
1759773145 1470 4836992 22260360
1759773146 1471 4836992 22260360
1759773147 1471 4837376 22260360
1759773148 1472 4837376 22260360
1759773149 1472 4837376 22260360
1759773150 1473 4837376 22260360
1759773151 1469 4837376 22260360
1759773152 1470 4837376 22260360
1759773153 1470 4837504 22260360
1759773154 1469 4837504 22260360
1759773156 1469 4837504 22260360
1759773157 1469 4837504 22260360
1759773158 1470 4837760 22260360
1759773159 1470 4837760 22260360
1759773160 1470 4837760 22260360
1759773161 1471 4838144 22260360
1759773162 1471 4838144 22260360
1759773163 1468 4838144 22260360
1759773164 1468 4838144 22260360
1759773165 1469 4838144 22260360
1759773167 1469 4838144 22260360
1759773168 1470 4838272 22260360
1759773169 1471 4838272 22260360
1759773170 1471 4838272 22260360
1759773171 1472 4838400 22260360
1759773172 1473 4838400 22260360
1759773173 1473 4838400 22260360
1759773174 1470 4838400 22260360
1759773175 1471 4838400 22260360
1759773176 1471 4838400 22260360
1759773178 1472 4838400 22260360
1759773179 1472 4838400 22260360
1759773180 1473 4838400 22260360
1759773181 1474 4838400 22260360
1759773182 1474 4838400 22260360
1759773183 1475 4838400 22260360
1759773184 1475 4838400 22260360
1759773185 1471 4838400 22260360
1759773186 1471 4838400 22260360
1759773187 1471 4838400 22260360
1759773188 1471 4838400 22260360
1759773189 1471 4838400 22260360
1759773191 1471 4838400 22260360
1759773192 1472 4838400 22260360
1759773193 1472 4838528 22260360
1759773194 1472 4838528 22260360
1759773195 1472 4838528 22260360
1759773196 1473 4838528 22260360
1759773197 1473 4838528 22260360
1759773198 1474 4838528 22260360
1759773199 1470 4838528 22260360
1759773200 1471 4838528 22260360
1759773201 1472 4838528 22260360
1759773203 1472 4838528 22260360
1759773204 1473 4838784 22260360
1759773205 1474 4838784 22260360
1759773206 1474 4838784 22260360
1759773207 1475 4838784 22260360
1759773208 1475 4838784 22260360
1759773209 1472 4839040 22260360
1759773210 1472 4839040 22260360
1759773211 1473 4839296 22260360
1759773212 1473 4839296 22260360
1759773214 1474 4839552 22260360
1759773215 1474 4839552 22260360
1759773216 1474 4839552 22260360
1759773217 1474 4839680 22260360
1759773218 1475 4839680 22260360
1759773219 1475 4839680 22260360
1759773220 1476 4840192 22260360
1759773221 1472 4840192 22260360
1759773222 1473 4840192 22260360
1759773223 1473 4840192 22260360
1759773224 1473 4840192 22260360
1759773226 1474 4840192 22260360
1759773227 1474 4840192 22260360
1759773228 1474 4840192 22260360
1759773229 1474 4840192 22260360
1759773230 1475 4840192 22260360
1759773231 1475 4840192 22260360
1759773232 1476 4840320 22260360
1759773233 1472 4840320 22260360
1759773234 1473 4840320 22260360
1759773235 1474 4840320 22260360
1759773236 1474 4840448 22260360
1759773238 1475 4840448 22260360
1759773239 1475 4840448 22260360
1759773240 1476 4840448 22260360
1759773241 1476 4840448 22260360
1759773242 1477 4840448 22260360
1759773243 1477 4840448 22260360
1759773244 1478 4840448 22260360
1759773245 1475 4840448 22260360
1759773246 1475 4840448 22260360
1759773247 1475 4840448 22260360
1759773249 1475 4840448 22260360
1759773250 1475 4840448 22260360
1759773251 1476 4840576 22260360
1759773252 1476 4840576 22260360
1759773253 1477 4840576 22260360
1759773254 1477 4840576 22260360
1759773255 1478 4840704 22260360
1759773256 1475 4840704 22260360
1759773257 1475 4840704 22260360
1759773258 1475 4840704 22260360
1759773260 1475 4840704 22260360
1759773261 1476 4840960 22260360
1759773262 1476 4840960 22260360
1759773263 1476 4840960 22260360
1759773264 1477 4840960 22260360
1759773265 1477 4841344 22260360
1759773266 1477 4841344 22260360
1759773267 1475 4841856 22260360
1759773268 1475 4841856 22260360
1759773269 1476 4841984 22260360
1759773270 1476 4841984 22260360
1759773272 1476 4841984 22260360
1759773273 1477 4841984 22260360
1759773274 1477 4842240 22260360
1759773275 1478 4842240 22260360
1759773276 1478 4842240 22260360
1759773277 1479 4842240 22260360
1759773278 1479 4842240 22260360
1759773279 1476 4842240 22260360
1759773280 1476 4842240 22260360
1759773281 1476 4842240 22260360
1759773283 1477 4842368 22260360
1759773284 1477 4842368 22260360
1759773285 1478 4842368 22260360
1759773286 1478 4842496 22260360
1759773287 1479 4842496 22260360
1759773288 1479 4842496 22260360
1759773289 1479 4842496 22260360
1759773290 1477 4842496 22260360
1759773291 1477 4842496 22260360
1759773293 1477 4842496 22260360
1759773294 1478 4842496 22260360
1759773295 1478 4842624 22260360
1759773296 1479 4842624 22260360
1759773297 1479 4842624 22260360
1759773298 1479 4842624 22260360
1759773299 1479 4842624 22260360
1759773300 1477 4842752 22260360
1759773301 1477 4842752 22260360
1759773302 1477 4842880 22260360
1759773303 1478 4843008 22260360
1759773305 1478 4843008 22260360
1759773306 1478 4843392 22260360
1759773307 1479 4843520 22260360
1759773308 1479 4843520 22260360
1759773309 1479 4843648 22260360
1759773310 1479 4843648 22260360
1759773311 1480 4843648 22260360
1759773312 1477 4843776 22260360
1759773313 1477 4844032 22260360
1759773314 1478 4844160 22260360
1759773316 1478 4844160 22260360
1759773317 1479 4844288 22260360
1759773318 1479 4844288 22260360
1759773319 1480 4844416 22260360
1759773320 1480 4844416 22260360
1759773321 1480 4844416 22260360
1759773322 1481 4844416 22260360
1759773323 1478 4844416 22260360
1759773324 1479 4844416 22260360
1759773325 1479 4844544 22260360
1759773326 1479 4844544 22260360
1759773328 1479 4844544 22260360
1759773329 1480 4844544 22260360
1759773330 1480 4844544 22260360
1759773331 1480 4844544 22260360
1759773332 1481 4844800 22260360
1759773333 1481 4844800 22260360
1759773334 1481 4844800 22260360
1759773335 1481 4844928 22260360
1759773336 1479 4844928 22260360
1759773337 1479 4845056 22260360
1759773338 1480 4845056 22260360
1759773340 1480 4845312 22260360
1759773341 1480 4845568 22260360
1759773342 1480 4845568 22260360
1759773343 1480 4845824 22260360
1759773344 1481 4845952 22260360
1759773345 1481 4846080 22260360
1759773346 1479 4846336 22260360
1759773347 1479 4846464 22260360
1759773348 1480 4846464 22260360
1759773349 1480 4846464 22260360
1759773351 1480 4846464 22260360
1759773352 1481 4846464 22260360
1759773353 1481 4846464 22260360
1759773354 1481 4846464 22260360
1759773355 1482 4846592 22260360
1759773356 1482 4846592 22260360
1759773357 1483 4846720 22260360
1759773358 1480 4846848 22260360
1759773359 1480 4847104 22260360
1759773360 1481 4847104 22260360
1759773361 1481 4847104 22260360
1759773363 1481 4847232 22260360
1759773364 1481 4847360 22260360
1759773365 1482 4847872 22260360
1759773366 1482 4848000 22260360
1759773367 1482 4848256 22260360
1759773368 1482 4848256 22260360
1759773369 1482 4848384 22260360
1759773370 1480 4848384 22260360
1759773371 1480 4848512 22260360
1759773372 1480 4848512 22260360
1759773373 1480 4848512 22260360
1759773375 1481 4848512 22260360
1759773376 1481 4848640 22260360
1759773377 1481 4848896 22260360
1759773378 1482 4849024 22260360
1759773379 1482 4849024 22260360
1759773380 1482 4849024 22260360
1759773381 1483 4849280 22260360
1759773382 1483 4850048 22260360
1759773383 1481 4850176 22260360
1759773384 1481 4850432 22260360
1759773385 1482 4850560 22260360
1759773386 1482 4850688 22260360
1759773388 1482 4850816 22260360
1759773389 1483 4851072 22260360
1759773390 1483 4851200 22260360
1759773391 1483 4852096 22260360
1759773392 1484 4852608 22260360
1759773393 1484 4852736 22260360
1759773394 1484 4852736 22260360
1759773395 1484 4852736 22260360
1759773396 1484 4852992 22260360
1759773397 1482 4854656 22260360
1759773398 1482 5463424 22260360
1759773399 1480 8049152 22260360
1759773400 1478 9640320 22260360
1759773401 1478 9640320 22260360
1759773403 1478 9640320 22260360
1759773404 1478 9640704 22260360
1759773405 1478 9708288 22260360
1759773406 1478 9747200 22260360
1759773407 1477 9868416 22260360
1759773408 1476 10067840 22260360
1759773409 1474 10067840 22260360
1759773410 1473 10067840 22260360
1759773411 1472 10067840 22260360
1759773412 1470 10373504 22260360
1759773413 1468 10776192 22260360
1759773414 1465 10834560 22260360
1759773415 1463 10834560 22260360
1759773416 1462 11314304 22260360
1759773417 1459 11314304 22260360
1759773418 1459 11316608 22260360
1759773419 1458 11316608 22260360
1759773420 1455 11316608 22260360
1759773421 1453 11316608 22260360
1759773422 1451 11316608 22260360
1759773423 1451 11316608 22260360
1759773425 1450 11316608 22260360
1759773426 1449 11556352 22260360
1759773427 1447 11806848 22260360
1759773428 1445 12057856 22260360
1759773429 1442 12310400 22260360
1759773430 1440 12563200 22260360
1759773431 1438 12815872 22260360
1759773432 1436 13073280 22260360
1759773433 1434 13543936 22260360
1759773434 1431 14010240 22260360
1759773435 1429 14416384 22260360
1759773436 1427 14425984 22260360
1759773437 1425 14425984 22260360
1759773438 1423 14425984 22260360
1759773439 1421 14425984 22260360
1759773440 1419 14425984 22260360
1759773441 1417 14425984 22260360
1759773442 1415 14425984 22260360
1759773443 1412 15233408 22260360
1759773444 1411 16071168 22260360
1759773445 1410 16071168 22260360
1759773446 1410 16071168 22260360
1759773447 1411 16071168 22260360
1759773448 1411 16071168 22260360
1759773450 1411 16071168 22260360
1759773451 1412 16071168 22260360
1759773452 1412 16071168 22260360
1759773453 1410 16071168 22260360
1759773454 1408 16071168 22260360
1759773455 1407 16071168 22260360
1759773456 1407 16071168 22260360
1759773457 1407 16071168 22260360
1759773458 1407 16071168 22260360
1759773459 1406 16071168 22260360
1759773460 1406 16071168 22260360
1759773461 1406 16071168 22260360
1759773463 1407 16071168 22260360
1759773464 1406 16071168 22260360
1759773465 1404 16071168 22260360
1759773466 1402 16071168 22260360
1759773467 1400 16071168 22260360
1759773468 1399 16071168 22260360
1759773469 1400 16071168 22260360
1759773470 1400 16071168 22260360
1759773471 1401 16071168 22260360
1759773472 1401 16071168 22260360
1759773473 1401 16071168 22260360
1759773474 1402 16071168 22260360
1759773475 1400 16071168 22260360
1759773476 1401 16071168 22260360
1759773477 1401 16071168 22260360
1759773479 1402 16071168 22260360
1759773480 1402 16071168 22260360
1759773481 1402 16071168 22260360
1759773482 1403 16071168 22260360
1759773483 1403 16071168 22260360
1759773484 1404 16071168 22260360
1759773485 1404 16071168 22260360
1759773486 1405 16071168 22260360
1759773487 1403 16071168 22260360
1759773488 1403 16071168 22260360
1759773489 1404 16071168 22260360
1759773491 1404 16071168 22260360
1759773492 1404 16071168 22260360
1759773493 1405 16071168 22260360
1759773494 1405 16071168 22260360
1759773495 1405 16071168 22260360
1759773496 1405 16071168 22260360
1759773497 1405 16071168 22260360
1759773498 1405 16071168 22260360
1759773499 1405 16071168 22260360
1759773500 1405 16071168 22260360
1759773501 1404 16071168 22260360
1759773502 1404 16071168 22260360
1759773503 1404 16071168 22260360
1759773504 1405 16071168 22260360
1759773506 1405 16071168 22260360
1759773507 1406 16071168 22260360
1759773508 1406 16071168 22260360
1759773509 1407 16071168 22260360
1759773510 1407 16071168 22260360
1759773511 1407 16071168 22260360
1759773512 1406 16071168 22260360
1759773513 1406 16071168 22260360
1759773514 1407 16071168 22260360
1759773515 1407 16071168 22260360
1759773517 1408 16071168 22260360
1759773518 1408 16071168 22260360
1759773519 1408 16071168 22260360
1759773520 1409 16071168 22260360
1759773521 1409 16071168 22260360
1759773522 1409 16071168 22260360
1759773523 1410 16071168 22260360
1759773524 1408 16071168 22260360
1759773525 1409 16071168 22260360
1759773526 1408 16071168 22260360
1759773527 1408 16071168 22260360
1759773528 1408 16071168 22260360
1759773530 1409 16071168 22260360
1759773531 1409 16071168 22260360
1759773532 1409 16071168 22260360
1759773533 1410 16071168 22260360
1759773534 1410 16071168 22260360
1759773535 1410 16071168 22260360
1759773536 1410 16071168 22260360
1759773537 1411 16071168 22260360
1759773538 1409 16071168 22260360
1759773539 1409 16071168 22260360
1759773540 1410 16071168 22260360
1759773541 1410 16071168 22260360
1759773543 1411 16071168 22260360
1759773544 1411 16071168 22260360
1759773545 1411 16071168 22260360
1759773546 1412 16071168 22260360
1759773547 1412 16071168 22260360
1759773548 1412 16071168 22260360
1759773549 1413 16071168 22260360
1759773550 1411 16071168 22260360
1759773551 1412 16071168 22260360
1759773552 1412 16071168 22260360
1759773553 1412 16071168 22260360
1759773555 1413 16071168 22260360
1759773556 1413 16071168 22260360
1759773557 1413 16071168 22260360
1759773558 1414 16071168 22260360
1759773559 1414 16071168 22260360
1759773560 1414 16071168 22260360
1759773561 1414 16071168 22260360
1759773562 1414 16071168 22260360
1759773563 1413 16071168 22260360
1759773564 1413 16071168 22260360
1759773565 1413 16071168 22260360
1759773566 1413 16071168 22260360
1759773568 1414 16071168 22260360
1759773569 1414 16071168 22260360
1759773570 1414 16071168 22260360
1759773571 1415 16071168 22260360
1759773572 1415 16071168 22260360
1759773573 1415 16071168 22260360
1759773574 1416 16071168 22260360
1759773575 1414 16071168 22260360
1759773576 1415 16071168 22260360
1759773577 1415 16071168 22260360
1759773579 1415 16071168 22260360
1759773580 1416 16071168 22260360
1759773581 1416 16071168 22260360
1759773582 1416 16071168 22260360
1759773583 1417 16071168 22260360
1759773584 1417 16071168 22260360
1759773585 1418 16071168 22260360
1759773586 1416 16071168 22260360
1759773587 1416 16071168 22260360
1759773588 1417 16071168 22260360
1759773589 1417 16071168 22260360
1759773591 1417 16071168 22260360
1759773592 1417 16071168 22260360
1759773593 1417 16071168 22260360
1759773594 1418 16071168 22260360
1759773595 1418 16071168 22260360
1759773596 1418 16071168 22260360
1759773597 1418 16071168 22260360
1759773598 1419 16071168 22260360
1759773599 1417 16071168 22260360
1759773600 1417 16071168 22260360
1759773601 1418 16071168 22260360
1759773603 1418 16071168 22260360
1759773604 1418 16071168 22260360
1759773605 1418 16071168 22260360
1759773606 1419 16071168 22260360
1759773607 1419 16071168 22260360
1759773608 1419 16071168 22260360
1759773609 1420 16071168 22260360
1759773610 1420 16071168 22260360
1759773611 1419 16071168 22260360
1759773612 1419 16071168 22260360
1759773613 1419 16071168 22260360
1759773615 1420 16071168 22260360
1759773616 1420 16071168 22260360
1759773617 1420 16071168 22260360
1759773618 1421 16071168 22260360
1759773619 1421 16071168 22260360
1759773620 1421 16071168 22260360
1759773621 1421 16071168 22260360
1759773622 1420 16071168 22260360
1759773623 1420 16071168 22260360
1759773624 1420 16071168 22260360
1759773625 1420 16071168 22260360
1759773627 1421 16071168 22260360
1759773628 1421 16071168 22260360
1759773629 1421 16071168 22260360
1759773630 1421 16071168 22260360
1759773631 1422 16071168 22260360
1759773632 1422 16071168 22260360
1759773633 1422 16071168 22260360
1759773634 1422 16071168 22260360
1759773635 1420 18463472 22260360
1759773636 1418 19834124 22260360
1759773637 1416 20701316 22260360
1759773638 1416 9283480 12687996
1759773639 1416 9734040 12687996
1759773641 1416 9734040 12687996
1759773642 1417 9734040 12687996
1759773643 1417 9734040 12687996
1759773644 1417 9734040 12687996
1759773645 1417 9734040 12687996
1759773646 1418 9734040 12687996
1759773647 1418 9734040 12687996
1759773648 1419 9734040 12687996
1759773649 1417 9734040 12687996
1759773650 1418 9734040 12687996
1759773651 1418 9734040 12687996
1759773653 1418 9734040 12687996
1759773654 1418 9734040 12687996
1759773655 1418 9734040 12687996
1759773656 1418 9734040 12687996
1759773657 1419 9734040 12687996
1759773658 1419 9734040 12687996
1759773659 1419 9734040 12687996
1759773660 1418 12126864 15080576
1759773661 1418 12126864 15080576
1759773662 1418 12126864 15080576
1759773663 1419 12126864 15080576
1759773665 1419 12126864 15080576
1759773666 1419 12126864 15080576
1759773667 1419 12126864 15080576
1759773668 1419 12126864 15080576
1759773669 1420 12126864 15080576
1759773670 1420 12126864 15080576
1759773671 1420 12126864 15080576
1759773672 1420 12126864 15080576
1759773673 1419 12126864 15080576
1759773674 1419 12126864 15080576
1759773675 1420 12126864 15080576
1759773676 1420 12126864 15080576
1759773678 1420 12126864 15080576
1759773679 1420 12126864 15080576
1759773680 1421 12126864 15080576
1759773681 1421 12126864 15080576
1759773682 1421 12126864 15080576
1759773683 1422 12126864 15080576
1759773684 1420 12126864 15080576
1759773685 1420 7272452 7902836
1759773686 1421 7272452 7902836
1759773688 1421 7272452 7902836
1759773689 1421 7272452 7902836
1759773690 1421 7272452 7902836
1759773691 1422 7272452 7902836
1759773692 1422 7272452 7902836
1759773693 1422 7272452 7902836
1759773694 1423 7272452 7902836
1759773695 1421 7272452 7902836
1759773696 1421 7272452 7902836
1759773697 1422 7272452 7902836
1759773698 1422 7272452 7902836
1759773700 1422 7272452 7902836
1759773701 1422 7272452 7902836
1759773702 1422 7272452 7902836
1759773703 1423 7272452 7902836
1759773704 1423 7272452 7902836
1759773705 1423 7272452 7902836
1759773706 1423 7272452 7902836
1759773707 1422 7272452 7902836
1759773708 1422 7272452 7902836
1759773709 1423 7334660 10295416
1759773710 1421 10509708 15080576
