1755198697  0.0 16000 675388
1755198698  312 1137096 4521088
1755198699  207 2476488 4521088
1755198701  172 3737572 7646256
1755198702  155 4913124 7646256
1755198703  144 6088676 7646256
1755198704  137 4385996 7646256
1755198705  132 6304332 7646256
1755198706  128 3691740 7646256
1755198707  126 5252324 7646256
1755198708  123 8354468 10771260
1755198709  121 12555068 23272988
1755198710  145 12559912 23305756
1755198711  267 12564736 23305756
1755198712  375 12566844 23305912
1755198713  424 12571708 23306424
1755198714  501 12571708 23306424
1755198715  571 12571708 23306424
1755198717  632 12571708 23306424
1755198718  685 12571708 23306424
1755198719  733 12571708 23306424
1755198720  771 12571708 23306424
1755198721  807 12571708 23306424
1755198722  847 12571708 23306424
1755198723  883 12571708 23306424
1755198724  882 12571708 23306424
1755198725  912 12571708 23306424
1755198727  942 12571708 23306424
1755198728  966 12571836 23306424
1755198729  992 12571836 23306424
1755198730 1013 12571836 23306424
1755198731 1031 12571836 23306424
1755198732 1049 12571836 23306424
1755198733 1062 12571836 23306424
1755198734 1050 12572348 23306424
1755198735 1067 12572348 23306424
1755198736 1081 12572348 23306424
1755198737 1092 12572348 23306424
1755198739 1103 12572348 23306424
1755198740 1112 12572348 23306424
1755198741 1124 12572348 23306424
1755198742 1135 12572348 23306424
1755198743 1144 12572476 23306424
1755198744 1154 12572476 23306424
1755198745 1140 12572476 23306424
1755198746 1152 12572476 23306424
1755198747 1163 12572476 23306424
1755198749 1174 12572476 23306424
1755198750 1184 12572604 23306424
1755198751 1194 12572604 23306424
1755198752 1202 12572604 23306424
1755198753 1210 12572604 23306424
1755198754 1220 12572604 23306424
1755198755 1208 12572604 23306424
1755198756 1217 12572604 23306424
1755198757 1225 12572604 23306424
1755198759 1234 12572604 23306424
1755198760 1240 12572604 23306424
1755198761 1247 12572604 23306424
1755198762 1254 12572604 23306424
1755198763 1261 12572604 23306424
1755198764 1268 12572604 23306424
1755198765 1272 12572604 23306424
1755198766 1258 12572604 23306424
1755198767 1263 12572604 23306424
1755198768 1266 12572604 23306424
1755198770 1270 12572604 23306424
1755198771 1274 12572732 23306424
1755198772 1280 12572732 23306424
1755198773 1286 12572732 23306424
1755198774 1291 12572732 23306424
1755198775 1295 12572732 23306424
1755198776 1280 12572732 23306424
1755198777 1284 12572732 23306424
1755198778 1288 12572860 23306424
1755198779 1293 12572860 23306424
1755198781 1299 12572860 23306424
1755198782 1304 12572860 23306424
1755198783 1308 12572860 23306424
1755198784 1311 12572860 23306424
1755198785 1316 12572860 23306424
1755198786 1306 12572860 23306424
1755198787 1311 12572860 23306424
1755198788 1315 12572860 23306424
1755198790 1320 12572860 23306424
1755198791 1326 12573244 23306424
1755198792 1329 12573244 23306424
1755198793 1333 12573244 23306424
1755198794 1337 12573244 23306424
1755198795 1342 12573244 23306424
1755198796 1332 12573244 23306424
1755198797 1335 12573244 23306424
1755198798 1338 12573244 23306424
1755198800 1340 12573244 23306424
1755198801 1341 12573244 23306424
1755198802 1342 12573244 23306424
1755198803 1345 12573244 23306424
1755198804 1348 12573244 23306424
1755198805 1351 12573372 23306424
1755198806 1342 12573372 23306424
1755198807 1344 12573372 23306424
1755198808 1348 12573372 23306424
1755198810 1350 12573372 23306424
1755198811 1352 12573372 23306424
1755198812 1354 12573500 23306424
1755198813 1357 12573500 23306424
1755198814 1359 12573500 23306424
1755198815 1362 12573500 23306424
1755198816 1353 12573500 23306424
1755198817 1356 12573500 23306424
1755198818 1360 12573500 23306424
1755198820 1363 12573500 23306424
1755198821 1366 12573500 23306424
1755198822 1369 12573500 23306424
1755198823 1372 12573500 23306424
1755198824 1374 12573500 23306424
1755198825 1377 12573756 23306424
1755198826 1369 12573756 23306424
1755198827 1372 12573756 23306424
1755198828 1375 12573756 23306424
1755198830 1377 12573756 23306424
1755198831 1379 12573756 23306424
1755198832 1380 12573756 23306424
1755198833 1381 12573756 23306424
1755198834 1383 12573756 23306424
1755198835 1384 12573756 23306424
1755198836 1376 12573756 23306424
1755198837 1377 12573756 23306424
1755198838 1379 12573756 23306424
1755198840 1381 12573756 23306424
1755198841 1383 12573756 23306424
1755198842 1386 12573756 23306424
1755198843 1388 12573756 23306424
1755198844 1390 12573756 23306424
1755198845 1392 12573756 23306424
1755198846 1383 12573756 23306424
1755198847 1384 12573756 23306424
1755198848 1386 12573756 23306424
1755198850 1388 12573756 23306424
1755198851 1390 12573756 23306424
1755198852 1392 12573756 23306424
1755198853 1394 12573756 23306424
1755198854 1396 12573756 23306424
1755198855 1398 12573756 23306424
1755198856 1392 12573756 23306424
1755198857 1394 12573756 23306424
1755198858 1395 12573756 23306424
1755198860 1397 12573756 23306424
1755198861 1399 12573756 23306424
1755198862 1400 12573756 23306424
1755198863 1401 12573756 23306424
1755198864 1402 12574012 23306424
1755198865 1404 12574012 23306424
1755198866 1406 12574012 23306424
1755198867 1400 12574012 23306424
1755198868 1401 12574012 23306424
1755198869 1402 12574012 23306424
1755198871 1403 12574012 23306424
1755198872 1404 12574012 23306424
1755198873 1406 12574012 23306424
1755198874 1408 12574012 23306424
1755198875 1409 12574012 23306424
1755198876 1403 12574012 23306424
1755198877 1405 12574268 23306424
1755198878 1406 12574268 23306424
1755198879 1406 12574268 23306424
1755198881 1406 12574268 23306424
1755198882 1406 12574268 23306424
1755198883 1406 12574268 23306424
1755198884 1408 12574524 23306424
1755198885 1410 12574524 23306424
1755198886 1411 12574524 23306424
1755198887 1413 12574524 23306424
1755198888 1407 12574524 23306424
1755198889 1409 12574524 23306424
1755198890 1410 12574524 23306424
1755198892 1412 12574524 23306424
1755198893 1412 12574524 23306424
1755198894 1413 12574524 23306424
1755198895 1414 12574524 23306424
1755198896 1416 12574652 23306424
1755198897 1417 12574652 23306424
1755198898 1412 12574652 23306424
1755198899 1413 12574652 23306424
1755198900 1414 12574652 23306424
1755198902 1416 12574652 23306424
1755198903 1416 12574652 23306424
1755198904 1417 12574652 23306424
1755198905 1418 12574652 23306424
1755198906 1419 12574652 23306424
1755198907 1420 12574652 23306424
1755198908 1422 12574780 23306424
1755198909 1416 12574780 23306424
1755198910 1417 12574780 23306424
1755198911 1419 12574780 23306424
1755198913 1420 12574780 23306424
1755198914 1421 12574908 23306424
1755198915 1422 12574908 23306424
1755198916 1423 12574908 23306424
1755198917 1423 12574908 23306424
1755198918 1425 12574908 23306424
1755198919 1420 12575036 23306424
1755198920 1421 12575036 23306424
1755198921 1422 12575036 23306424
1755198923 1423 12575036 23306424
1755198924 1424 12575036 23306424
1755198925 1424 12575036 23306424
1755198926 1425 12575164 23306424
1755198927 1426 12575164 23306424
1755198928 1427 12575164 23306424
1755198929 1422 12575164 23306424
1755198930 1423 12575164 23306424
1755198931 1425 12575420 23306424
1755198933 1426 12575420 23306424
1755198934 1427 12575420 23306424
1755198935 1428 12575420 23306424
1755198936 1429 12575420 23306424
1755198937 1430 12575420 23306424
1755198938 1431 12575420 23306424
1755198939 1432 12575420 23306424
1755198940 1426 12575420 23306424
1755198941 1427 12575420 23306424
1755198942 1428 12575420 23306424
1755198944 1429 12575548 23306424
1755198945 1431 12575548 23306424
1755198946 1432 12575548 23306424
1755198947 1433 12575548 23306424
1755198948 1434 12575548 23306424
1755198949 1429 12575676 23306424
1755198950 1430 12575676 23306424
1755198951 1430 12575676 23306424
1755198953 1431 12575676 23306424
1755198954 1431 12575676 23306424
1755198955 1432 12575676 23306424
1755198956 1433 12575804 23306424
1755198957 1434 12575804 23306424
1755198958 1435 12575804 23306424
1755198959 1430 12575804 23306424
1755198960 1431 12575804 23306424
1755198961 1432 12575804 23306424
1755198963 1434 12575804 23306424
1755198964 1435 12575804 23306424
1755198965 1435 12575804 23306424
1755198966 1436 12575804 23306424
1755198967 1437 12575804 23306424
1755198968 1439 12575804 23306424
1755198969 1434 12575804 23306424
1755198970 1435 12575804 23306424
1755198971 1436 12575804 23306424
1755198973 1436 12575804 23306424
1755198974 1437 12575804 23306424
1755198975 1437 12575804 23306424
1755198976 1438 12575804 23306424
1755198977 1439 12575804 23306424
1755198978 1440 12575804 23306424
1755198979 1441 12575804 23306424
1755198980 1437 12575804 23306424
1755198981 1438 12575804 23306424
1755198982 1439 12575804 23306424
1755198984 1439 12575804 23306424
1755198985 1439 12575804 23306424
1755198986 1439 12575804 23306424
1755198987 1440 12575804 23306424
1755198988 1440 12575804 23306424
1755198989 1440 12575804 23306424
1755198990 1441 12576188 23306424
1755198991 1437 12576188 23306424
1755198992 1438 12576188 23306424
1755198994 1439 12576188 23306424
1755198995 1440 12576188 23306424
1755198996 1441 12576188 23306424
1755198997 1441 12576188 23306424
1755198998 1442 12576188 23306424
1755198999 1443 12576188 23306424
1755199000 1444 12576444 23306424
1755199001 1440 12576444 23306424
1755199002 1442 12576444 23306424
1755199003 1442 12576444 23306424
1755199005 1443 12576444 23306424
1755199006 1443 12576444 23306424
1755199007 1444 12576444 23306424
1755199008 1444 12576444 23306424
1755199009 1445 12576444 23306424
1755199010 1445 12576572 23306424
1755199011 1446 12576700 23306424
1755199012 1442 12576700 23306424
1755199013 1443 12576700 23306424
1755199014 1443 12576700 23306424
1755199016 1444 12576700 23306424
1755199017 1445 12576700 23306424
1755199018 1445 12576700 23306424
1755199019 1446 12576700 23306424
1755199020 1446 12576700 23306424
1755199021 1446 12576700 23306424
1755199022 1446 12576700 23306424
1755199023 1443 12576700 23306424
1755199024 1444 12576700 23306424
1755199025 1445 12576700 23306424
1755199027 1446 12576700 23306424
1755199028 1446 12576700 23306424
1755199029 1447 12576700 23306424
1755199030 1448 12576700 23306424
1755199031 1449 12576700 23306424
1755199032 1449 12576828 23306424
1755199033 1446 12576828 23306424
1755199034 1447 12576828 23306424
1755199035 1447 12576828 23306424
1755199037 1448 12576956 23306424
1755199038 1448 12576956 23306424
1755199039 1449 12576956 23306424
1755199040 1450 12576956 23306424
1755199041 1451 12577340 23306424
1755199042 1451 12577340 23306424
1755199043 1447 12577340 23306424
1755199044 1447 12577340 23306424
1755199045 1448 12577340 23306424
1755199047 1449 12577340 23306424
1755199048 1449 12577340 23306424
1755199049 1450 12577340 23306424
1755199050 1451 12577340 23306424
1755199051 1451 12577340 23306424
1755199052 1448 12577468 23306424
1755199053 1448 12577468 23306424
1755199054 1449 12577468 23306424
1755199055 1449 12577468 23306424
1755199057 1450 12577468 23306424
1755199058 1450 12577596 23306424
1755199059 1451 12577596 23306424
1755199060 1451 12577596 23306424
1755199061 1452 12577596 23306424
1755199062 1453 12577596 23306424
1755199063 1450 12577596 23306424
1755199064 1451 12577596 23306424
1755199066 1452 12577596 23306424
1755199067 1452 12577596 23306424
1755199068 1452 12577724 23306424
1755199069 1453 12577724 23306424
1755199070 1454 12577724 23306424
1755199071 1454 12577724 23306424
1755199072 1455 12577724 23306424
1755199073 1452 12577724 23306424
1755199074 1452 12577724 23306424
1755199075 1453 12577724 23306424
1755199077 1453 12577852 23306424
1755199078 1453 12577852 23306424
1755199079 1453 12577852 23306424
1755199080 1454 12577852 23306424
1755199081 1454 12577852 23306424
1755199082 1455 12577980 23306424
1755199083 1455 12577980 23306424
1755199084 1452 12577980 23306424
1755199085 1453 12577980 23306424
1755199087 1454 12577980 23306424
1755199088 1454 12577980 23306424
1755199089 1455 12577980 23306424
1755199090 1455 12577980 23306424
1755199091 1455 12577980 23306424
1755199092 1456 12577980 23306424
1755199093 1456 12577980 23306424
1755199094 1453 12577980 23306424
1755199095 1454 12577980 23306424
1755199097 1455 12577980 23306424
1755199098 1455 12577980 23306424
1755199099 1456 12577980 23306424
1755199100 1456 12577980 23306424
1755199101 1457 12578236 23306424
1755199102 1458 12578236 23306424
1755199103 1455 12578236 23306424
1755199104 1455 12578236 23306424
1755199105 1456 12578492 23306424
1755199107 1456 12578492 23306424
1755199108 1457 12578492 23306424
1755199109 1457 12578492 23306424
1755199110 1458 12578620 23306424
1755199111 1458 12578620 23306424
1755199112 1458 12578620 23306424
1755199113 1455 12578620 23306424
1755199114 1455 12578620 23306424
1755199115 1456 12578620 23306424
1755199117 1456 12578620 23306424
1755199118 1457 12578620 23306424
1755199119 1458 12578620 23306424
1755199120 1458 12578620 23306424
1755199121 1459 12578620 23306424
1755199122 1460 12578620 23306424
1755199123 1456 12578620 23306424
1755199124 1457 12578748 23306424
1755199125 1457 12578748 23306424
1755199127 1458 12578748 23306424
1755199128 1458 12578748 23306424
1755199129 1459 12578876 23306424
1755199130 1459 12578876 23306424
1755199131 1459 12578876 23306424
1755199132 1460 12578876 23306424
1755199133 1457 12579132 23306424
1755199134 1458 12579132 23306424
1755199135 1458 12579132 23306424
1755199137 1459 12579132 23306424
1755199138 1459 12579260 23306424
1755199139 1460 12579260 23306424
1755199140 1460 12579260 23306424
1755199141 1461 12579260 23306424
1755199142 1461 12579388 23306424
1755199143 1462 12579388 23306424
1755199144 1458 12579388 23306424
1755199145 1459 12579388 23306424
1755199146 1459 12579388 23306424
1755199148 1459 12579388 23306424
1755199149 1460 12579388 23306424
1755199150 1460 12579388 23306424
1755199151 1461 12579516 23306424
1755199152 1461 12579516 23306424
1755199153 1462 12579516 23306424
1755199154 1462 12579644 23306424
1755199155 1460 12579644 23306424
1755199156 1460 12579644 23306424
1755199157 1461 12579644 23306424
1755199159 1461 12579772 23306424
1755199160 1461 12579772 23306424
1755199161 1461 12579772 23306424
1755199162 1462 12579772 23306424
1755199163 1462 12579772 23306424
1755199164 1463 12579772 23306424
1755199165 1460 12579772 23306424
1755199166 1460 12579772 23306424
1755199167 1461 12579772 23306424
1755199169 1461 12579772 23306424
1755199170 1462 12579772 23306424
1755199171 1462 12580028 23306424
1755199172 1463 12580028 23306424
1755199173 1463 12580028 23306424
1755199174 1464 12580028 23306424
1755199175 1461 12580028 23306424
1755199176 1461 12580028 23306424
1755199177 1461 12580028 23306424
1755199179 1462 12580028 23306424
1755199180 1462 12580028 23306424
1755199181 1462 12580028 23306424
1755199182 1463 12580028 23306424
1755199183 1463 12580028 23306424
1755199184 1463 12580028 23306424
1755199185 1463 12580028 23306424
1755199186 1464 12580028 23306424
1755199187 1462 12580028 23306424
1755199188 1462 12580028 23306424
1755199190 1463 12580028 23306424
1755199191 1463 12580028 23306424
1755199192 1464 12580028 23306424
1755199193 1464 12580028 23306424
1755199194 1464 12580028 23306424
1755199195 1464 12580412 23306424
1755199196 1464 12580412 23306424
1755199197 1462 12580412 23306424
1755199198 1462 12580412 23306424
1755199199 1462 12580412 23306424
1755199201 1463 12580412 23306424
1755199202 1463 12580412 23306424
1755199203 1464 12580412 23306424
1755199204 1464 12580668 23306424
1755199205 1465 12580668 23306424
1755199206 1465 12580668 23306424
1755199207 1463 12580668 23306424
1755199208 1463 12580668 23306424
1755199209 1463 12580668 23306424
1755199211 1464 12580924 23306424
1755199212 1464 12580924 23306424
1755199213 1465 12580924 23306424
1755199214 1465 12580924 23306424
1755199215 1466 12580924 23306424
1755199216 1466 12580924 23306424
1755199217 1463 12580924 23306424
1755199218 1464 12581180 23306424
1755199219 1464 12581180 23306424
1755199220 1464 12581180 23306424
1755199222 1465 12581180 23306424
1755199223 1465 12581180 23306424
1755199224 1466 12581180 23306424
1755199225 1466 12581180 23306424
1755199226 1466 12581436 23306424
1755199227 1466 12581436 23306424
1755199228 1467 12581436 23306424
1755199229 1464 12581436 23306424
1755199230 1464 12581436 23306424
1755199231 1464 12581436 23306424
1755199233 1465 12581436 23306424
1755199234 1465 12581564 23306424
1755199235 1465 12581564 23306424
1755199236 1466 12581564 23306424
1755199237 1466 12581820 23306424
1755199238 1467 12581820 23306424
1755199239 1467 12581820 23306424
1755199240 1464 12581820 23306424
1755199241 1465 12581820 23306424
1755199242 1465 12581820 23306424
1755199244 1466 12581820 23306424
1755199245 1466 12581820 23306424
1755199246 1467 12581948 23306424
1755199247 1467 12581948 23306424
1755199248 1467 12581948 23306424
1755199249 1468 12581948 23306424
1755199250 1465 12581948 23306424
1755199251 1465 12581948 23306424
1755199252 1466 12581948 23306424
1755199254 1466 12582076 23306424
1755199255 1467 12582076 23306424
1755199256 1467 12582076 23306424
1755199257 1467 12582076 23306424
1755199258 1468 12582076 23306424
1755199259 1468 12582076 23306424
1755199260 1468 12582076 23306424
1755199261 1466 12582076 23306424
1755199262 1466 12582076 23306424
1755199263 1466 12582204 23306424
1755199265 1467 12582204 23306424
1755199266 1467 12582204 23306424
1755199267 1467 12582204 23306424
1755199268 1467 12582204 23306424
1755199269 1468 12582204 23306424
1755199270 1468 12582332 23306424
1755199271 1466 12582332 23306424
1755199272 1466 12582332 23306424
1755199273 1467 12582460 23306424
1755199275 1467 12582460 23306424
1755199276 1468 12582588 23306424
1755199277 1468 12582588 23306424
1755199278 1468 12582588 23306424
1755199279 1469 12582844 23306424
1755199280 1469 12582844 23306424
1755199281 1467 12582844 23306424
1755199282 1468 12582844 23306424
1755199283 1468 12582844 23306424
1755199285 1468 12582844 23306424
1755199286 1468 12583100 23306424
1755199287 1468 12583100 23306424
1755199288 1469 12583100 23306424
1755199289 1469 12583100 23306424
1755199290 1469 12583100 23306424
1755199291 1467 12583100 23306424
1755199292 1467 12583100 23306424
1755199293 1468 12583100 23306424
1755199295 1468 12583228 23306424
1755199296 1469 12583228 23306424
1755199297 1469 12583228 23306424
1755199298 1469 12583612 23306424
1755199299 1470 12583612 23306424
1755199300 1470 12583612 23306424
1755199301 1468 12583612 23306424
1755199302 1468 12583612 23306424
1755199303 1468 12583740 23306424
1755199304 1468 12583740 23306424
1755199306 1469 12583740 23306424
1755199307 1469 12583868 23306424
1755199308 1469 12583868 23306424
1755199309 1470 12583996 23306424
1755199310 1470 12583996 23306424
1755199311 1471 12583996 23306424
1755199312 1469 12583996 23306424
1755199313 1469 12583996 23306424
1755199314 1470 12583996 23306424
1755199316 1470 12583996 23306424
1755199317 1470 12583996 23306424
1755199318 1470 12583996 23306424
1755199319 1470 12583996 23306424
1755199320 1470 12583996 23306424
1755199321 1470 12583996 23306424
1755199322 1468 12583996 23306424
1755199323 1469 12584252 23306424
1755199324 1469 12584252 23306424
1755199326 1470 12584252 23306424
1755199327 1470 12584252 23306424
1755199328 1470 12584252 23306424
1755199329 1471 12584380 23306424
1755199330 1471 12584380 23306424
1755199331 1471 12584508 23306424
1755199332 1470 12584508 23306424
1755199333 1469 12584508 23306424
1755199334 1470 12584508 23306424
1755199335 1470 12584508 23306424
1755199337 1470 12584892 23306424
1755199338 1470 12584892 23306424
1755199339 1471 12584892 23306424
1755199340 1471 12584892 23306424
1755199341 1471 12584892 23306424
1755199342 1472 12584892 23306424
1755199343 1470 12584892 23306424
1755199344 1470 12584892 23306424
1755199345 1471 12585020 23306424
1755199347 1471 12585020 23306424
1755199348 1471 12585148 23306424
1755199349 1472 12585148 23306424
1755199350 1472 12585148 23306424
1755199351 1472 12585532 23306424
1755199352 1472 12585532 23306424
1755199353 1470 12585532 23306424
1755199354 1470 12585660 23306424
1755199355 1470 12585660 23306424
1755199356 1470 12585660 23306424
1755199358 1471 12585660 23306424
1755199359 1471 12585788 23306424
1755199360 1472 12585788 23306424
1755199361 1472 12585788 23306424
1755199362 1472 12585788 23306424
1755199363 1473 12585916 23306424
1755199364 1471 12585916 23306424
1755199365 1471 12586044 23306424
1755199366 1471 12586044 23306424
1755199368 1472 12586044 23306424
1755199369 1472 12586044 23306424
1755199370 1472 12586172 23306424
1755199371 1472 12586172 23306424
1755199372 1472 12586172 23306424
1755199373 1473 12586172 23306424
1755199374 1471 12586172 23306424
1755199375 1471 12586172 23306424
1755199376 1472 12586300 23306424
1755199377 1472 12586300 23306424
1755199379 1472 12586428 23306424
1755199380 1473 12586428 23306424
1755199381 1473 12586428 23306424
1755199382 1473 12586428 23306424
1755199383 1473 12586812 23306424
1755199384 1473 12586812 23306424
1755199385 1472 12586940 23306424
1755199386 1472 12586940 23306424
1755199387 1472 12586940 23306424
1755199388 1472 12586940 23306424
1755199390 1472 12586940 23306424
1755199391 1472 12586940 23306424
1755199392 1473 12587068 23306424
1755199393 1473 12587068 23306424
1755199394 1474 12587068 23306424
1755199395 1474 12587324 23306424
1755199396 1472 12587324 23306424
1755199397 1472 12587324 23306424
1755199398 1473 12587324 23306424
1755199400 1473 12587580 23306424
1755199401 1473 12587708 23306424
1755199402 1474 12587708 23306424
1755199403 1474 12587708 23306424
1755199404 1474 12587708 23306424
1755199405 1474 12587836 23306424
1755199406 1474 12587836 23306424
1755199407 1472 12587964 23306424
1755199408 1473 12587964 23306424
1755199409 1473 12587964 23306424
1755199411 1473 12588092 23306424
1755199412 1473 12588092 23306424
1755199413 1474 12588220 23306424
1755199414 1474 12588220 23306424
1755199415 1474 12588220 23306424
1755199416 1474 12588220 23306424
1755199417 1475 12588348 23306424
1755199418 1473 12588348 23306424
1755199419 1473 12588348 23306424
1755199420 1474 12588732 23306424
1755199422 1474 12588732 23306424
1755199423 1474 12588860 23306424
1755199424 1474 12588988 23306424
1755199425 1474 12588988 23306424
1755199426 1475 12588988 23306424
1755199427 1475 12588988 23306424
1755199428 1475 12588988 23306424
1755199429 1473 12588988 23306424
1755199430 1474 12589244 23306424
1755199431 1474 12589244 23306424
1755199433 1474 12589372 23306424
1755199434 1474 12589628 23306424
1755199435 1475 12589628 23306424
1755199436 1475 12589756 23306424
1755199437 1475 12589756 23306424
1755199438 1475 12589756 23306424
1755199439 1476 12589884 23306424
1755199440 1474 12589884 23306424
1755199441 1474 12589884 23306424
1755199442 1474 12590012 23306424
1755199443 1474 12590268 23306424
1755199445 1474 12590268 23306424
1755199446 1475 12590268 23306424
1755199447 1475 12590268 23306424
1755199448 1475 12590268 23306424
1755199449 1476 12590396 23306424
1755199450 1476 12590524 23306424
1755199451 1474 12590780 23306424
1755199452 1475 12590780 23306424
1755199453 1475 12590780 23306424
1755199455 1475 12590908 23306424
1755199456 1476 12591036 23306424
1755199457 1476 12591164 23306424
1755199458 1476 12591164 23306424
1755199459 1476 12591164 23306424
1755199460 1476 12591420 23306424
1755199461 1475 12591676 23306424
1755199462 1475 12591804 23306424
1755199463 1475 12591932 23306424
1755199465 1475 12591932 23306424
1755199466 1476 12592060 23306424
1755199467 1476 12592060 23306424
1755199468 1476 12592316 23306424
1755199469 1477 12592316 23306424
1755199470 1477 12592444 23306424
1755199471 1477 12592444 23306424
1755199472 1475 12592572 23306424
1755199473 1476 12592572 23306424
1755199474 1475 12592700 23306424
1755199475 1475 12592828 23306424
1755199477 1476 12593084 23306424
1755199478 1476 12593212 23306424
1755199479 1476 12593340 23306424
1755199480 1476 12593596 23306424
1755199481 1477 12593596 23306424
1755199482 1477 12593852 23306424
1755199483 1477 12594236 23306424
1755199484 1476 12594236 23306424
1755199485 1476 12594364 23306424
1755199486 1476 12594492 23306424
1755199488 1477 12594620 23306424
1755199489 1477 12594876 23306424
1755199490 1477 12595132 23306424
1755199491 1477 12595388 23306424
1755199492 1477 12595388 23306424
1755199493 1477 12595516 23306424
1755199494 1477 12595644 23306424
1755199495 1478 12596284 23306424
1755199496 1476 12596412 23306424
1755199497 1476 12596412 23306424
1755199498 1477 12596924 23306424
1755199499 1477 12597436 23306424
1755199501 1477 12598204 23306424
1755199502 1477 12598460 23306424
1755199503 1477 12599996 23306424
1755199504 1476 12600252 23306424
1755199505 1476 12600892 23306424
1755199506 1476 12632268 23306424
1755199507 1476 12632268 23306424
1755199508 1476 12741860 23306424
1755199509 1476 12940612 23306424
1755199510 1473 13159748 23306424
1755199511 1472 13159748 23306424
1755199512 1472 13159748 23306424
1755199513 1471 13159748 23306424
1755199515 1470 14030248 23306424
1755199516 1468 14161320 23306424
1755199517 1467 14786040 23306424
1755199518 1467 14786040 23306424
1755199519 1467 14786040 23306424
1755199520 1467 14786040 23306424
1755199521 1466 14786040 23306424
1755199522 1464 14786040 23306424
1755199523 1464 14786040 23306424
1755199524 1464 14786040 23306424
1755199525 1462 14786040 23306424
1755199526 1461 17913560 23306424
1755199527 1459 17913560 23306424
1755199528 1458 17913560 23306424
1755199529 1456 17946380 23306424
1755199530 1455 18683660 23306424
1755199531 1453 18849548 23306424
1755199532 1451 18849548 23306424
1755199533 1450 18849548 23306424
1755199534 1448 18849548 23306424
1755199536 1447 18849548 23306424
1755199537 1445 19861276 23306424
1755199538 1444 20996252 23306424
1755199539 1444 20996252 23306424
1755199540 1444 20996252 23306424
1755199541 1445 20996252 23306424
1755199542 1445 20996252 23306424
1755199543 1445 20996252 23306424
1755199544 1443 20996252 23306424
1755199545 1444 20996252 23306424
1755199546 1444 20996252 23306424
1755199548 1444 20996252 23306424
1755199549 1444 20996252 23306424
1755199550 1443 20996252 23306424
1755199551 1443 20996252 23306424
1755199552 1443 20996252 23306424
1755199553 1444 20996252 23306424
1755199554 1444 20996252 23306424
1755199555 1444 20996252 23306424
1755199556 1444 20996252 23306424
1755199557 1443 20996252 23306424
1755199558 1443 20996252 23306424
1755199559 1443 20996252 23306424
1755199561 1443 20996252 23306424
1755199562 1443 20996252 23306424
1755199563 1442 20996252 23306424
1755199564 1441 20996252 23306424
1755199565 1439 20996508 23306424
1755199566 1440 20996508 23306424
1755199567 1440 20996508 23306424
1755199568 1440 20996508 23306424
1755199569 1440 20996508 23306424
1755199570 1440 20996508 23306424
1755199571 1439 20996508 23306424
1755199572 1439 20996508 23306424
1755199573 1440 20996508 23306424
1755199575 1440 20996508 23306424
1755199576 1440 20996508 23306424
1755199577 1440 20996508 23306424
1755199578 1440 20996508 23306424
1755199579 1441 20996508 23306424
1755199580 1441 20996508 23306424
1755199581 1441 20996508 23306424
1755199582 1441 20996508 23306424
1755199583 1440 20996508 23306424
1755199584 1440 20996508 23306424
1755199585 1440 20996508 23306424
1755199587 1441 20996508 23306424
1755199588 1441 20996508 23306424
1755199589 1441 20996508 23306424
1755199590 1442 20996508 23306424
1755199591 1442 20996508 23306424
1755199592 1442 20996508 23306424
1755199593 1442 20996508 23306424
1755199594 1441 20996508 23306424
1755199595 1441 20996508 23306424
1755199596 1441 20996508 23306424
1755199597 1441 20996508 23306424
1755199599 1441 20996508 23306424
1755199600 1442 20996508 23306424
1755199601 1442 20996508 23306424
1755199602 1442 20996508 23306424
1755199603 1442 20996508 23306424
1755199604 1443 20996508 23306424
1755199605 1443 20996508 23306424
1755199606 1442 20996508 23306424
1755199607 1442 20996508 23306424
1755199608 1442 20996508 23306424
1755199609 1442 20996508 23306424
1755199611 1442 20996508 23306424
1755199612 1443 20996508 23306424
1755199613 1443 20996508 23306424
1755199614 1443 20996508 23306424
1755199615 1443 20996508 23306424
1755199616 1444 20996508 23306424
1755199617 1444 20996508 23306424
1755199618 1443 20996508 23306424
1755199619 1443 20996508 23306424
1755199620 1443 20996508 23306424
1755199622 1443 20996508 23306424
1755199623 1444 20996508 23306424
1755199624 1444 20996508 23306424
1755199625 1444 20996508 23306424
1755199626 1444 20996508 23306424
1755199627 1444 20996508 23306424
1755199628 1444 20996508 23306424
1755199629 1444 20996508 23306424
1755199630 1443 20996508 23306424
1755199631 1443 20996508 23306424
1755199632 1443 20996508 23306424
1755199634 1444 20996508 23306424
1755199635 1444 20996508 23306424
1755199636 1444 20996508 23306424
1755199637 1444 20996508 23306424
1755199638 1445 20996508 23306424
1755199639 1445 20996508 23306424
1755199640 1445 20996508 23306424
1755199641 1444 20996508 23306424
1755199642 1444 20996508 23306424
1755199643 1444 20996508 23306424
1755199644 1445 20996508 23306424
1755199646 1445 20996508 23306424
1755199647 1445 20996508 23306424
1755199648 1445 20996508 23306424
1755199649 1445 20996508 23306424
1755199650 1445 20996508 23306424
1755199651 1446 20996508 23306424
1755199652 1446 20996508 23306424
1755199653 1445 20996508 23306424
1755199654 1445 20996508 23306424
1755199655 1445 20996508 23306424
1755199657 1446 20996508 23306424
1755199658 1446 20996508 23306424
1755199659 1446 20996508 23306424
1755199660 1446 20996508 23306424
1755199661 1446 20996508 23306424
1755199662 1446 20996508 23306424
1755199663 1446 20996508 23306424
1755199664 1445 20996508 23306424
1755199665 1445 20996508 23306424
1755199666 1445 20996508 23306424
1755199668 1446 20996508 23306424
1755199669 1446 20996508 23306424
1755199670 1446 20996508 23306424
1755199671 1447 20996508 23306424
1755199672 1447 20996508 23306424
1755199673 1447 20996508 23306424
1755199674 1447 20996508 23306424
1755199675 1446 20996508 23306424
1755199676 1446 20996508 23306424
1755199677 1446 20996508 23306424
1755199678 1447 20996508 23306424
1755199680 1447 20996508 23306424
1755199681 1447 20996508 23306424
1755199682 1447 20996508 23306424
1755199683 1447 20996508 23306424
1755199684 1448 20996508 23306424
1755199685 1448 20996508 23306424
1755199686 1448 20996508 23306424
1755199687 1447 20996508 23306424
1755199688 1447 20996508 23306424
1755199689 1447 20996508 23306424
1755199691 1447 20996508 23306424
1755199692 1447 20996508 23306424
1755199693 1447 20996508 23306424
1755199694 1447 20996508 23306424
1755199695 1447 20996508 23306424
1755199696 1447 20996508 23306424
1755199697 1448 20996508 23306424
1755199698 1446 20996508 23306424
1755199699 1447 20996508 23306424
1755199700 1447 20996508 23306424
1755199701 1447 20996508 23306424
1755199703 1447 20996508 23306424
1755199704 1448 20996508 23306424
1755199705 1448 20996508 23306424
1755199706 1448 20996508 23306424
1755199707 1448 20996508 23306424
1755199708 1449 20996508 23306424
1755199709 1448 20996508 23306424
1755199710 1448 20996508 23306424
1755199711 1448 20996508 23306424
1755199712 1448 20996508 23306424
1755199713 1448 20996508 23306424
1755199715 1448 20996508 23306424
1755199716 1448 20996508 23306424
1755199717 1448 20996508 23306424
1755199718 1449 20996508 23306424
1755199719 1449 20996508 23306424
1755199720 1449 20996508 23306424
1755199721 1448 20996508 23306424
1755199722 1448 20996508 23306424
1755199723 1448 20996508 23306424
1755199724 1448 20996508 23306424
1755199726 1448 20996508 23306424
1755199727 1448 20996508 23306424
1755199728 1448 20996508 23306424
1755199729 1449 20996508 23306424
1755199730 1449 20996508 23306424
1755199731 1449 20996508 23306424
1755199732 1448 20996508 23306424
1755199733 1448 20996508 23306424
1755199734 1448 20996508 23306424
1755199736 1449 20996508 23306424
1755199737 1449 20996508 23306424
1755199738 1449 20996508 23306424
1755199739 1449 20996508 23306424
1755199740 1450 20996508 23306424
1755199741 1450 20996508 23306424
1755199742 1450 20996508 23306424
1755199743 1450 20996508 23306424
1755199744 1449 20996508 23306424
1755199745 1449 20996508 23306424
1755199746 1449 20996508 23306424
1755199748 1449 20996508 23306424
1755199749 1449 20996508 23306424
1755199750 1449 20996508 23306424
1755199751 1449 20996508 23306424
1755199752 1450 20996508 23306424
1755199753 1450 20996508 23306424
1755199754 1450 20996508 23306424
1755199755 1449 20996508 23306424
1755199756 1449 20996508 23306424
1755199757 1449 20996508 23306424
1755199758 1449 20996508 23306424
1755199760 1449 20996508 23306424
1755199761 1449 20996508 23306424
1755199762 1450 20996508 23306424
1755199763 1450 20996508 23306424
1755199764 1450 20996508 23306424
1755199765 1450 20996508 23306424
1755199766 1450 20996508 23306424
1755199767 1449 20996508 23306424
1755199768 1449 20996508 23306424
1755199769 1450 20996508 23306424
1755199771 1450 20996508 23306424
1755199772 1450 20996508 23306424
1755199773 1450 20996508 23306424
1755199774 1451 20996508 23306424
1755199775 1451 20996508 23306424
1755199776 1451 20996508 23306424
1755199777 1450 20996508 23306424
1755199778 1450 20996508 23306424
1755199779 1450 20996508 23306424
1755199780 1450 20996508 23306424
1755199782 1451 20996508 23306424
1755199783 1451 20996508 23306424
1755199784 1451 20996508 23306424
1755199785 1451 20996508 23306424
1755199786 1451 20996508 23306424
1755199787 1451 20996508 23306424
1755199788 1451 20996508 23306424
1755199789 1450 20996508 23306424
1755199790 1451 20996508 23306424
1755199791 1450 10932104 13962468
1755199793 1450 12683400 13962468
1755199794 1451 12683400 13962468
1755199795 1451 12683400 13962468
1755199796 1451 12683400 13962468
1755199797 1451 12683400 13962468
1755199798 1451 12683400 13962468
1755199799 1450 12683400 13962468
1755199800 1450 12683400 13962468
1755199801 1450 12683400 13962468
1755199802 1451 12683400 13962468
1755199804 1451 12683400 13962468
1755199805 1451 12683400 13962468
1755199806 1451 12683400 13962468
1755199807 1451 12683400 13962468
1755199808 1452 12683400 13962468
1755199809 1452 12683400 13962468
1755199810 1451 12683400 13962468
1755199811 1451 12683400 13962468
1755199812 1451 12683400 13962468
1755199814 1451 12683400 13962468
1755199815 1451 12683400 13962468
1755199816 1451 12683400 13962468
1755199817 1452 12683400 13962468
1755199818 1451 12683400 13962468
1755199819 1452 12683400 13962468
1755199820 1452 12683400 13962468
1755199821 1452 12683400 13962468
1755199822 1451 12683400 13962468
1755199823 1451 12683400 13962468
1755199824 1452 12683400 13962468
1755199826 1452 12683400 13962468
1755199827 1452 12683400 13962468
1755199828 1452 12683400 13962468
1755199829 1452 9558400 10837464
1755199830 1452 9558400 10837464
1755199831 1452 9558400 10837464
1755199832 1452 9558400 10837464
1755199833 1451 9558400 10837464
1755199834 1451 9558400 10837464
1755199835 1451 9558400 10837464
1755199837 1452 9558400 10837464
1755199838 1452 9558400 10837464
1755199839 1452 9558400 10837464
1755199840 1452 9558400 10837464
1755199841 1453 9558400 10837464
1755199842 1453 9558400 10837464
1755199843 1453 9558400 10837464
1755199844 1452 9558400 10837464
1755199845 1452 9558400 10837464
1755199846 1452 9558400 10837464
1755199847 1452 9558400 10837464
1755199849 1452 9558400 10837464
1755199850 1452 9558400 10837464
1755199851 1452 9558400 10837464
1755199852 1452 9558400 10837464
1755199853 1453 9558400 10837464
1755199854 1453 9558400 10837464
1755199855 1453 9558400 10837464
1755199856 1452 9558400 10837464
1755199857 1452 9558400 10837464
1755199858 1453 9558400 10837464
1755199860 1453 9558400 10837464
1755199861 1453 9558400 10837464
1755199862 1453 9558400 10837464
1755199863 1453 9558400 10837464
1755199864 1454 9558400 10837464
1755199865 1453 10445180 17087472
1755199866 1452 12763516 17087472
1755199867 1451 15888404 20212476
1755199868 1450 6433632 7712460
