1755173173  0.0 16896 676412
1755173174  774 842572 2797140
1755173175 1247 842572 2797140
1755173177 1353 842572 2797140
1755173178 1419 842572 2797140
1755173179 1414 842572 2797140
1755173180 1407 842572 2797140
1755173181 1412 842572 2797140
1755173182 1445 842572 2797140
1755173183 1466 842828 2797140
1755173184 1471 842828 2797140
1755173185 1355 842828 2797140
1755173186 1376 843212 2797140
1755173187 1400 844364 2797140
1755173188 1417 844620 2797140
1755173190 1437 844620 2797140
1755173191 1452 845004 2797140
1755173192 1465 846668 2797140
1755173193 1475 951100 2797140
1755173194 1450 1386136 2797140
1755173195 1463 1387032 2797140
1755173196 1473 1387032 2797140
1755173197 1423 664108 2015612
1755173198 1432 687612 2048380
