1755197538  0.0 17024 676544
1755197539  307 1143116 4521096
1755197540  205 2488652 4521096
1755197541  171 3764200 7646292
1755197542  153 4972520 7646292
1755197543  143 6182888 7646292
1755197544  136 4508368 7646292
1755197545  132 6304336 7646292
1755197546  128 3751016 7646292
1755197547  113 5416040 7646292
1755197548  112 9232932 10771296
1755197549  111 12555068 23273024
1755197550  153 12560296 23305792
1755197551  266 12564760 23305792
1755197553  360 12566904 23305944
1755197554  445 12571512 23306456
1755197555  521 12571512 23306456
1755197556  587 12571512 23306456
1755197557  649 12571512 23306456
1755197558  691 12571512 23306456
1755197559  704 12571512 23306456
1755197560  747 12571640 23306456
1755197561  785 12571640 23306456
1755197563  822 12571640 23306456
1755197564  857 12571640 23306456
1755197565  889 12571640 23306456
1755197566  907 12571640 23306456
1755197567  926 12571640 23306456
1755197568  946 12572024 23306456
1755197569  933 12572024 23306456
1755197570  954 12572024 23306456
1755197571  979 12572024 23306456
1755197573 1000 12572024 23306456
1755197574 1018 12572024 23306456
1755197575 1036 12572024 23306456
1755197576 1054 12572536 23306456
1755197577 1069 12572536 23306456
1755197578 1085 12572536 23306456
1755197579 1073 12572536 23306456
1755197580 1087 12572536 23306456
1755197581 1102 12572536 23306456
1755197583 1116 12572536 23306456
1755197584 1128 12572536 23306456
1755197585 1141 12572536 23306456
1755197586 1152 12572536 23306456
1755197587 1165 12572536 23306456
1755197588 1176 12572536 23306456
1755197589 1161 12572792 23306456
1755197590 1167 12572792 23306456
1755197591 1177 12572792 23306456
1755197592 1185 12572792 23306456
1755197594 1195 12572792 23306456
1755197595 1203 12572792 23306456
1755197596 1211 12572792 23306456
1755197597 1220 12572792 23306456
1755197598 1228 12572792 23306456
1755197599 1216 12572792 23306456
1755197600 1220 12572792 23306456
1755197601 1224 12572792 23306456
1755197602 1228 12572792 23306456
1755197604 1231 12573176 23306456
1755197605 1236 12573176 23306456
1755197606 1243 12573176 23306456
1755197607 1251 12573176 23306456
1755197608 1257 12573176 23306456
1755197609 1261 12573176 23306456
1755197610 1267 12573176 23306456
1755197611 1255 12573176 23306456
1755197612 1262 12573176 23306456
1755197613 1269 12573176 23306456
1755197615 1274 12573176 23306456
1755197616 1279 12573176 23306456
1755197617 1285 12573176 23306456
1755197618 1290 12573176 23306456
1755197619 1296 12573176 23306456
1755197620 1300 12573176 23306456
1755197621 1289 12573176 23306456
1755197622 1292 12573176 23306456
1755197623 1297 12573176 23306456
1755197625 1301 12573176 23306456
1755197626 1305 12573176 23306456
1755197627 1309 12573176 23306456
1755197628 1313 12573176 23306456
1755197629 1317 12573176 23306456
1755197630 1322 12573304 23306456
1755197631 1311 12573304 23306456
1755197632 1315 12573304 23306456
1755197633 1320 12573304 23306456
1755197635 1323 12573304 23306456
1755197636 1324 12573304 23306456
1755197637 1324 12573304 23306456
1755197638 1322 12573304 23306456
1755197639 1325 12573304 23306456
1755197640 1328 12573304 23306456
1755197641 1332 12573304 23306456
1755197642 1322 12573304 23306456
1755197643 1326 12573304 23306456
1755197644 1330 12573432 23306456
1755197646 1334 12573432 23306456
1755197647 1336 12573432 23306456
1755197648 1340 12573432 23306456
1755197649 1343 12573432 23306456
1755197650 1346 12573432 23306456
1755197651 1349 12573432 23306456
1755197652 1352 12573432 23306456
1755197653 1342 12573432 23306456
1755197654 1343 12573432 23306456
1755197655 1347 12573432 23306456
1755197657 1350 12573432 23306456
1755197658 1352 12573432 23306456
1755197659 1355 12573432 23306456
1755197660 1358 12573432 23306456
1755197661 1360 12573432 23306456
1755197662 1363 12573432 23306456
1755197663 1355 12573432 23306456
1755197664 1358 12573432 23306456
1755197665 1361 12573432 23306456
1755197667 1363 12573432 23306456
1755197668 1366 12573432 23306456
1755197669 1368 12573432 23306456
1755197670 1369 12573432 23306456
1755197671 1370 12573432 23306456
1755197672 1371 12573432 23306456
1755197673 1372 12573432 23306456
1755197674 1364 12573432 23306456
1755197675 1367 12573432 23306456
1755197676 1369 12573432 23306456
1755197678 1371 12573432 23306456
1755197679 1373 12573432 23306456
1755197680 1375 12573432 23306456
1755197681 1378 12573432 23306456
1755197682 1380 12573432 23306456
1755197683 1382 12573432 23306456
1755197684 1374 12573432 23306456
1755197685 1376 12573432 23306456
1755197686 1377 12573432 23306456
1755197688 1379 12573432 23306456
1755197689 1381 12573432 23306456
1755197690 1384 12573432 23306456
1755197691 1386 12573432 23306456
1755197692 1388 12573432 23306456
1755197693 1390 12573432 23306456
1755197694 1383 12573432 23306456
1755197695 1385 12573432 23306456
1755197696 1387 12573944 23306456
1755197698 1389 12573944 23306456
1755197699 1392 12573944 23306456
1755197700 1394 12573944 23306456
1755197701 1396 12573944 23306456
1755197702 1398 12573944 23306456
1755197703 1391 12573944 23306456
1755197704 1392 12573944 23306456
1755197705 1392 12573944 23306456
1755197707 1393 12573944 23306456
1755197708 1394 12573944 23306456
1755197709 1395 12574072 23306456
1755197710 1397 12574072 23306456
1755197711 1398 12574072 23306456
1755197712 1400 12574072 23306456
1755197713 1394 12574072 23306456
1755197714 1396 12574072 23306456
1755197715 1397 12574200 23306456
1755197716 1398 12574200 23306456
1755197718 1398 12574200 23306456
1755197719 1400 12574200 23306456
1755197720 1402 12574200 23306456
1755197721 1404 12574456 23306456
1755197722 1405 12574456 23306456
1755197723 1399 12574456 23306456
1755197724 1401 12574456 23306456
1755197725 1403 12574456 23306456
1755197726 1404 12574456 23306456
1755197728 1405 12574584 23306456
1755197729 1407 12574584 23306456
1755197730 1409 12574584 23306456
1755197731 1411 12574584 23306456
1755197732 1412 12574584 23306456
1755197733 1407 12575096 23306456
1755197734 1409 12575096 23306456
1755197735 1410 12575096 23306456
1755197737 1412 12575096 23306456
1755197738 1412 12575096 23306456
1755197739 1414 12575224 23306456
1755197740 1414 12575224 23306456
1755197741 1414 12575224 23306456
1755197742 1414 12575224 23306456
1755197743 1408 12575224 23306456
1755197744 1410 12575224 23306456
1755197745 1412 12575224 23306456
1755197747 1413 12575224 23306456
1755197748 1413 12575224 23306456
1755197749 1415 12575224 23306456
1755197750 1415 12575224 23306456
1755197751 1417 12575224 23306456
1755197752 1418 12575224 23306456
1755197753 1413 12575224 23306456
1755197754 1414 12575224 23306456
1755197755 1415 12575224 23306456
1755197757 1417 12575224 23306456
1755197758 1418 12575352 23306456
1755197759 1419 12575352 23306456
1755197760 1421 12575352 23306456
1755197761 1422 12575352 23306456
1755197762 1424 12575352 23306456
1755197763 1419 12575352 23306456
1755197764 1420 12575352 23306456
1755197765 1421 12575352 23306456
1755197767 1423 12575352 23306456
1755197768 1424 12575352 23306456
1755197769 1425 12575480 23306456
1755197770 1426 12575480 23306456
1755197771 1427 12575480 23306456
1755197772 1428 12575480 23306456
1755197773 1422 12575480 23306456
1755197774 1423 12575480 23306456
1755197775 1423 12575480 23306456
1755197777 1424 12575480 23306456
1755197778 1424 12575480 23306456
1755197779 1425 12575480 23306456
1755197780 1425 12575480 23306456
1755197781 1426 12575480 23306456
1755197782 1427 12575480 23306456
1755197783 1428 12575480 23306456
1755197784 1423 12575480 23306456
1755197785 1424 12575480 23306456
1755197787 1426 12575480 23306456
1755197788 1427 12575480 23306456
1755197789 1428 12575480 23306456
1755197790 1429 12575480 23306456
1755197791 1430 12575480 23306456
1755197792 1431 12575480 23306456
1755197793 1427 12575480 23306456
1755197794 1428 12575480 23306456
1755197795 1430 12575480 23306456
1755197797 1430 12575480 23306456
1755197798 1432 12575480 23306456
1755197799 1432 12575480 23306456
1755197800 1433 12575480 23306456
1755197801 1435 12575480 23306456
1755197802 1436 12575480 23306456
1755197803 1431 12575480 23306456
1755197804 1432 12575480 23306456
1755197805 1433 12575480 23306456
1755197807 1434 12575480 23306456
1755197808 1435 12575480 23306456
1755197809 1435 12575480 23306456
1755197810 1435 12575480 23306456
1755197811 1435 12575480 23306456
1755197812 1435 12575480 23306456
1755197813 1430 12575480 23306456
1755197814 1431 12575480 23306456
1755197815 1432 12575608 23306456
1755197816 1433 12575608 23306456
1755197818 1434 12575608 23306456
1755197819 1435 12575608 23306456
1755197820 1436 12575608 23306456
1755197821 1437 12575736 23306456
1755197822 1438 12575736 23306456
1755197823 1434 12575736 23306456
1755197824 1435 12575736 23306456
1755197825 1436 12575864 23306456
1755197827 1437 12575864 23306456
1755197828 1438 12575864 23306456
1755197829 1439 12575864 23306456
1755197830 1440 12575864 23306456
1755197831 1440 12575864 23306456
1755197832 1441 12575864 23306456
1755197833 1437 12575864 23306456
1755197834 1438 12575864 23306456
1755197835 1439 12576376 23306456
1755197837 1440 12576376 23306456
1755197838 1441 12576376 23306456
1755197839 1442 12576376 23306456
1755197840 1443 12576376 23306456
1755197841 1443 12576504 23306456
1755197842 1443 12576504 23306456
1755197843 1438 12576504 23306456
1755197844 1438 12576504 23306456
1755197845 1438 12576504 23306456
1755197846 1439 12576504 23306456
1755197848 1439 12577144 23306456
1755197849 1440 12577144 23306456
1755197850 1441 12577144 23306456
1755197851 1442 12577144 23306456
1755197852 1443 12577144 23306456
1755197853 1444 12577144 23306456
1755197854 1440 12577144 23306456
1755197855 1441 12577144 23306456
1755197856 1442 12577272 23306456
1755197858 1443 12577272 23306456
1755197859 1444 12577272 23306456
1755197860 1445 12577272 23306456
1755197861 1445 12577272 23306456
1755197862 1446 12577272 23306456
1755197863 1442 12577272 23306456
1755197864 1443 12577272 23306456
1755197865 1444 12577272 23306456
1755197867 1445 12577400 23306456
1755197868 1445 12577400 23306456
1755197869 1446 12577400 23306456
1755197870 1447 12577400 23306456
1755197871 1448 12577400 23306456
1755197872 1449 12577400 23306456
1755197873 1445 12577400 23306456
1755197874 1445 12577400 23306456
1755197875 1445 12577400 23306456
1755197876 1445 12577400 23306456
1755197878 1446 12577400 23306456
1755197879 1446 12577400 23306456
1755197880 1446 12577400 23306456
1755197881 1446 12577400 23306456
1755197882 1447 12577400 23306456
1755197883 1447 12577528 23306456
1755197884 1448 12577528 23306456
1755197885 1445 12577528 23306456
1755197886 1446 12577528 23306456
1755197888 1447 12577528 23306456
1755197889 1448 12577528 23306456
1755197890 1448 12577528 23306456
1755197891 1449 12577528 23306456
1755197892 1450 12577528 23306456
1755197893 1450 12577528 23306456
1755197894 1447 12577528 23306456
1755197895 1447 12577528 23306456
1755197896 1448 12577528 23306456
1755197898 1449 12577528 23306456
1755197899 1449 12577528 23306456
1755197900 1450 12577528 23306456
1755197901 1451 12577528 23306456
1755197902 1452 12577528 23306456
1755197903 1453 12577528 23306456
1755197904 1449 12577528 23306456
1755197905 1450 12577528 23306456
1755197906 1450 12577528 23306456
1755197908 1450 12577528 23306456
1755197909 1451 12577528 23306456
1755197910 1451 12577528 23306456
1755197911 1452 12577528 23306456
1755197912 1452 12577528 23306456
1755197913 1453 12577528 23306456
1755197914 1449 12577528 23306456
1755197915 1450 12577528 23306456
1755197916 1450 12577528 23306456
1755197918 1451 12577528 23306456
1755197919 1451 12577528 23306456
1755197920 1452 12577528 23306456
1755197921 1453 12577528 23306456
1755197922 1454 12577528 23306456
1755197923 1454 12577656 23306456
1755197924 1451 12577656 23306456
1755197925 1451 12577656 23306456
1755197926 1452 12577656 23306456
1755197928 1452 12577784 23306456
1755197929 1453 12577784 23306456
1755197930 1454 12577784 23306456
1755197931 1454 12577784 23306456
1755197932 1455 12577912 23306456
1755197933 1456 12577912 23306456
1755197934 1453 12577912 23306456
1755197935 1453 12577912 23306456
1755197936 1453 12578040 23306456
1755197938 1454 12578040 23306456
1755197939 1454 12578040 23306456
1755197940 1455 12578040 23306456
1755197941 1455 12578040 23306456
1755197942 1456 12578040 23306456
1755197943 1457 12578040 23306456
1755197944 1454 12578040 23306456
1755197945 1454 12578040 23306456
1755197946 1454 12578552 23306456
1755197947 1455 12578552 23306456
1755197949 1455 12578552 23306456
1755197950 1455 12578552 23306456
1755197951 1456 12578936 23306456
1755197952 1456 12578936 23306456
1755197953 1456 12578936 23306456
1755197954 1457 12578936 23306456
1755197955 1454 12579064 23306456
1755197956 1454 12579064 23306456
1755197957 1455 12579064 23306456
1755197959 1456 12579064 23306456
1755197960 1456 12579192 23306456
1755197961 1457 12579192 23306456
1755197962 1457 12579192 23306456
1755197963 1458 12579192 23306456
1755197964 1459 12579192 23306456
1755197965 1456 12579192 23306456
1755197966 1456 12579192 23306456
1755197967 1457 12579192 23306456
1755197969 1457 12579320 23306456
1755197970 1457 12579320 23306456
1755197971 1457 12579320 23306456
1755197972 1458 12579320 23306456
1755197973 1458 12579448 23306456
1755197974 1459 12579448 23306456
1755197975 1456 12579448 23306456
1755197976 1457 12579448 23306456
1755197977 1458 12579576 23306456
1755197979 1458 12579576 23306456
1755197980 1459 12579576 23306456
1755197981 1459 12579576 23306456
1755197982 1459 12579576 23306456
1755197983 1460 12579576 23306456
1755197984 1460 12579576 23306456
1755197985 1457 12579576 23306456
1755197986 1457 12579576 23306456
1755197987 1458 12579576 23306456
1755197989 1458 12579576 23306456
1755197990 1459 12579576 23306456
1755197991 1459 12579576 23306456
1755197992 1460 12579576 23306456
1755197993 1460 12579576 23306456
1755197994 1461 12579576 23306456
1755197995 1458 12579576 23306456
1755197996 1459 12579576 23306456
1755197997 1459 12579576 23306456
1755197999 1459 12579704 23306456
1755198000 1460 12579704 23306456
1755198001 1460 12579704 23306456
1755198002 1460 12579704 23306456
1755198003 1460 12579704 23306456
1755198004 1461 12579704 23306456
1755198005 1458 12579704 23306456
1755198006 1459 12579704 23306456
1755198007 1460 12579704 23306456
1755198008 1460 12579704 23306456
1755198010 1461 12579704 23306456
1755198011 1461 12579704 23306456
1755198012 1462 12579704 23306456
1755198013 1463 12579704 23306456
1755198014 1463 12579832 23306456
1755198015 1460 12579832 23306456
1755198016 1460 12579832 23306456
1755198017 1460 12579832 23306456
1755198018 1461 12579960 23306456
1755198020 1461 12579960 23306456
1755198021 1461 12579960 23306456
1755198022 1461 12579960 23306456
1755198023 1462 12580088 23306456
1755198024 1462 12580088 23306456
1755198025 1463 12580088 23306456
1755198026 1460 12580088 23306456
1755198027 1461 12580088 23306456
1755198028 1461 12580088 23306456
1755198030 1462 12580088 23306456
1755198031 1462 12580216 23306456
1755198032 1462 12580216 23306456
1755198033 1462 12580216 23306456
1755198034 1463 12580216 23306456
1755198035 1463 12580600 23306456
1755198036 1461 12580600 23306456
1755198037 1461 12580600 23306456
1755198038 1462 12580856 23306456
1755198040 1462 12580856 23306456
1755198041 1463 12580856 23306456
1755198042 1463 12581112 23306456
1755198043 1464 12581112 23306456
1755198044 1465 12581112 23306456
1755198045 1465 12581112 23306456
1755198046 1463 12581112 23306456
1755198047 1463 12581112 23306456
1755198048 1463 12581240 23306456
1755198050 1464 12581240 23306456
1755198051 1464 12581240 23306456
1755198052 1464 12581240 23306456
1755198053 1464 12581368 23306456
1755198054 1465 12581368 23306456
1755198055 1465 12581368 23306456
1755198056 1462 12581368 23306456
1755198057 1462 12581368 23306456
1755198058 1463 12581496 23306456
1755198059 1463 12581496 23306456
1755198061 1464 12581496 23306456
1755198062 1464 12581496 23306456
1755198063 1464 12581496 23306456
1755198064 1465 12581496 23306456
1755198065 1465 12581624 23306456
1755198066 1465 12581624 23306456
1755198067 1463 12581624 23306456
1755198068 1463 12581752 23306456
1755198069 1464 12581752 23306456
1755198071 1464 12581752 23306456
1755198072 1465 12581752 23306456
1755198073 1465 12581752 23306456
1755198074 1466 12581752 23306456
1755198075 1466 12581752 23306456
1755198076 1467 12581752 23306456
1755198077 1464 12581752 23306456
1755198078 1465 12581752 23306456
1755198079 1465 12581752 23306456
1755198081 1466 12581752 23306456
1755198082 1466 12581752 23306456
1755198083 1466 12581752 23306456
1755198084 1467 12581752 23306456
1755198085 1467 12581752 23306456
1755198086 1467 12581752 23306456
1755198087 1467 12581752 23306456
1755198088 1465 12581752 23306456
1755198089 1465 12581752 23306456
1755198090 1465 12581752 23306456
1755198092 1466 12581752 23306456
1755198093 1466 12581752 23306456
1755198094 1466 12581752 23306456
1755198095 1466 12581752 23306456
1755198096 1466 12581752 23306456
1755198097 1467 12581880 23306456
1755198098 1464 12581880 23306456
1755198099 1465 12581880 23306456
1755198100 1465 12581880 23306456
1755198102 1466 12581880 23306456
1755198103 1466 12582136 23306456
1755198104 1467 12582136 23306456
1755198105 1467 12582264 23306456
1755198106 1468 12582264 23306456
1755198107 1468 12582264 23306456
1755198108 1466 12582520 23306456
1755198109 1466 12582520 23306456
1755198110 1467 12582520 23306456
1755198112 1467 12582776 23306456
1755198113 1468 12582776 23306456
1755198114 1468 12582776 23306456
1755198115 1468 12583032 23306456
1755198116 1469 12583032 23306456
1755198117 1469 12583160 23306456
1755198118 1467 12583160 23306456
1755198119 1467 12583160 23306456
1755198120 1467 12583160 23306456
1755198121 1467 12583160 23306456
1755198123 1468 12583160 23306456
1755198124 1468 12583160 23306456
1755198125 1468 12583288 23306456
1755198126 1468 12583288 23306456
1755198127 1468 12583288 23306456
1755198128 1468 12583672 23306456
1755198129 1466 12583672 23306456
1755198130 1466 12583672 23306456
1755198131 1467 12583672 23306456
1755198132 1467 12583672 23306456
1755198134 1468 12583800 23306456
1755198135 1468 12583800 23306456
1755198136 1469 12583800 23306456
1755198137 1469 12583800 23306456
1755198138 1470 12583800 23306456
1755198139 1467 12583800 23306456
1755198140 1468 12583800 23306456
1755198141 1468 12583800 23306456
1755198143 1469 12583800 23306456
1755198144 1469 12583800 23306456
1755198145 1469 12583800 23306456
1755198146 1470 12583800 23306456
1755198147 1470 12583800 23306456
1755198148 1470 12583800 23306456
1755198149 1471 12583800 23306456
1755198150 1469 12583800 23306456
1755198151 1469 12583800 23306456
1755198152 1469 12583800 23306456
1755198154 1470 12583800 23306456
1755198155 1470 12583800 23306456
1755198156 1470 12583800 23306456
1755198157 1470 12583800 23306456
1755198158 1470 12583800 23306456
1755198159 1470 12583928 23306456
1755198160 1470 12583928 23306456
1755198161 1468 12583928 23306456
1755198162 1468 12583928 23306456
1755198163 1469 12584056 23306456
1755198165 1469 12584312 23306456
1755198166 1469 12584312 23306456
1755198167 1470 12584440 23306456
1755198168 1470 12584440 23306456
1755198169 1471 12584696 23306456
1755198170 1471 12584696 23306456
1755198171 1469 12584824 23306456
1755198172 1470 12584824 23306456
1755198173 1470 12584824 23306456
1755198175 1470 12584952 23306456
1755198176 1471 12584952 23306456
1755198177 1471 12585208 23306456
1755198178 1471 12585208 23306456
1755198179 1472 12585208 23306456
1755198180 1472 12585208 23306456
1755198181 1470 12585336 23306456
1755198182 1470 12585336 23306456
1755198183 1471 12585464 23306456
1755198185 1471 12585464 23306456
1755198186 1471 12585464 23306456
1755198187 1472 12585592 23306456
1755198188 1472 12585592 23306456
1755198189 1472 12585848 23306456
1755198190 1472 12585848 23306456
1755198191 1470 12585848 23306456
1755198192 1470 12585848 23306456
1755198193 1470 12585848 23306456
1755198195 1471 12585848 23306456
1755198196 1471 12585848 23306456
1755198197 1471 12585848 23306456
1755198198 1471 12585848 23306456
1755198199 1472 12585848 23306456
1755198200 1472 12585848 23306456
1755198201 1472 12585848 23306456
1755198202 1470 12585848 23306456
1755198203 1471 12585848 23306456
1755198204 1471 12585848 23306456
1755198206 1472 12585848 23306456
1755198207 1472 12585848 23306456
1755198208 1472 12585848 23306456
1755198209 1472 12585848 23306456
1755198210 1473 12585976 23306456
1755198211 1473 12586104 23306456
1755198212 1471 12586104 23306456
1755198213 1472 12586488 23306456
1755198214 1472 12586488 23306456
1755198216 1472 12586488 23306456
1755198217 1473 12586488 23306456
1755198218 1473 12586744 23306456
1755198219 1473 12586744 23306456
1755198220 1473 12586872 23306456
1755198221 1473 12586872 23306456
1755198222 1471 12586872 23306456
1755198223 1472 12587128 23306456
1755198224 1472 12587128 23306456
1755198225 1472 12587128 23306456
1755198227 1472 12587128 23306456
1755198228 1472 12587128 23306456
1755198229 1473 12587128 23306456
1755198230 1473 12587128 23306456
1755198231 1473 12587128 23306456
1755198232 1473 12587640 23306456
1755198233 1471 12587640 23306456
1755198234 1472 12587640 23306456
1755198235 1472 12587896 23306456
1755198237 1473 12587896 23306456
1755198238 1473 12587896 23306456
1755198239 1473 12587896 23306456
1755198240 1473 12587896 23306456
1755198241 1474 12587896 23306456
1755198242 1474 12587896 23306456
1755198243 1472 12587896 23306456
1755198244 1473 12587896 23306456
1755198245 1473 12587896 23306456
1755198246 1473 12587896 23306456
1755198248 1473 12587896 23306456
1755198249 1474 12588024 23306456
1755198250 1474 12588024 23306456
1755198251 1474 12588152 23306456
1755198252 1474 12588152 23306456
1755198253 1474 12588280 23306456
1755198254 1473 12588280 23306456
1755198255 1473 12588408 23306456
1755198256 1473 12588664 23306456
1755198257 1473 12588664 23306456
1755198259 1474 12588664 23306456
1755198260 1474 12588920 23306456
1755198261 1474 12588920 23306456
1755198262 1474 12589048 23306456
1755198263 1475 12589304 23306456
1755198264 1475 12589304 23306456
1755198265 1473 12589304 23306456
1755198266 1473 12589304 23306456
1755198267 1473 12589432 23306456
1755198268 1474 12589560 23306456
1755198270 1474 12589688 23306456
1755198271 1474 12589688 23306456
1755198272 1475 12589688 23306456
1755198273 1475 12589816 23306456
1755198274 1475 12589944 23306456
1755198275 1476 12589944 23306456
1755198276 1474 12589944 23306456
1755198277 1474 12589944 23306456
1755198278 1474 12589944 23306456
1755198280 1475 12589944 23306456
1755198281 1475 12589944 23306456
1755198282 1475 12589944 23306456
1755198283 1475 12590072 23306456
1755198284 1475 12590200 23306456
1755198285 1476 12590328 23306456
1755198286 1474 12590584 23306456
1755198287 1474 12590712 23306456
1755198288 1475 12590840 23306456
1755198290 1475 12591096 23306456
1755198291 1475 12591224 23306456
1755198292 1475 12591224 23306456
1755198293 1476 12591224 23306456
1755198294 1476 12591352 23306456
1755198295 1476 12591480 23306456
1755198296 1476 12591608 23306456
1755198297 1475 12591736 23306456
1755198298 1475 12591736 23306456
1755198300 1475 12591736 23306456
1755198301 1475 12591864 23306456
1755198302 1475 12591864 23306456
1755198303 1476 12591864 23306456
1755198304 1476 12592120 23306456
1755198305 1476 12592120 23306456
1755198306 1477 12592120 23306456
1755198307 1475 12592120 23306456
1755198308 1475 12592632 23306456
1755198309 1475 12592760 23306456
1755198311 1476 12592760 23306456
1755198312 1476 12593144 23306456
1755198313 1476 12593272 23306456
1755198314 1476 12593272 23306456
1755198315 1476 12593400 23306456
1755198316 1477 12593528 23306456
1755198317 1477 12593784 23306456
1755198318 1477 12593784 23306456
1755198319 1476 12593784 23306456
1755198320 1476 12594040 23306456
1755198321 1476 12594040 23306456
1755198323 1476 12594168 23306456
1755198324 1477 12594552 23306456
1755198325 1477 12594680 23306456
1755198326 1477 12594808 23306456
1755198327 1477 12594936 23306456
1755198328 1477 12595192 23306456
1755198329 1478 12595576 23306456
1755198330 1478 12595832 23306456
1755198331 1476 12595832 23306456
1755198332 1476 12595832 23306456
1755198333 1476 12596088 23306456
1755198334 1477 12596216 23306456
1755198336 1477 12596216 23306456
1755198337 1477 12596600 23306456
1755198338 1477 12596984 23306456
1755198339 1477 12597624 23306456
1755198340 1478 12597880 23306456
1755198341 1478 12598264 23306456
1755198342 1478 12599032 23306456
1755198343 1478 12599928 23306456
1755198344 1475 12600952 23306456
1755198345 1475 12632492 23306456
1755198346 1475 12741956 23306456
1755198347 1475 12741956 23306456
1755198349 1474 13123020 23306456
1755198350 1473 13159884 23306456
1755198351 1473 13159884 23306456
1755198352 1472 13159884 23306456
1755198353 1471 13942312 23306456
1755198354 1470 14161448 23306456
1755198355 1468 14161448 23306456
1755198356 1467 14786088 23306456
1755198357 1468 14786088 23306456
1755198358 1467 14786088 23306456
1755198359 1468 14786088 23306456
1755198360 1466 14786088 23306456
1755198361 1464 14786088 23306456
1755198362 1464 14786088 23306456
1755198363 1464 14786088 23306456
1755198364 1462 14786088 23306456
1755198365 1461 17913596 23306456
1755198366 1460 17913596 23306456
1755198367 1458 17913596 23306456
1755198368 1456 18261756 23306456
1755198369 1455 18849532 23306456
1755198370 1453 18849532 23306456
1755198371 1452 18849532 23306456
1755198372 1450 18849532 23306456
1755198374 1448 18849532 23306456
1755198375 1447 19025732 23306456
1755198376 1445 20686660 23306456
1755198377 1445 20989892 23306456
1755198378 1445 20989892 23306456
1755198379 1445 20989892 23306456
1755198380 1446 20989892 23306456
1755198381 1446 20989892 23306456
1755198382 1446 20989892 23306456
1755198383 1445 20989892 23306456
1755198384 1445 20989892 23306456
1755198385 1445 20989892 23306456
1755198386 1446 20989892 23306456
1755198388 1445 20989892 23306456
1755198389 1444 20989892 23306456
1755198390 1445 20989892 23306456
1755198391 1445 20989892 23306456
1755198392 1445 20989892 23306456
1755198393 1445 20989892 23306456
1755198394 1445 20989892 23306456
1755198395 1444 20989892 23306456
1755198396 1444 20989892 23306456
1755198397 1444 20989892 23306456
1755198398 1444 20989892 23306456
1755198400 1445 20989892 23306456
1755198401 1444 20989892 23306456
1755198402 1442 20989892 23306456
1755198403 1441 20989892 23306456
1755198404 1441 20990148 23306456
1755198405 1441 20990148 23306456
1755198406 1442 20990148 23306456
1755198407 1442 20990148 23306456
1755198408 1442 20990148 23306456
1755198409 1441 20990148 23306456
1755198410 1441 20990148 23306456
1755198411 1441 20990148 23306456
1755198413 1442 20990148 23306456
1755198414 1442 20990148 23306456
1755198415 1442 20990148 23306456
1755198416 1443 20990148 23306456
1755198417 1443 20990148 23306456
1755198418 1443 20990148 23306456
1755198419 1443 20990148 23306456
1755198420 1442 20990148 23306456
1755198421 1442 20990148 23306456
1755198422 1443 20990148 23306456
1755198424 1443 20990148 23306456
1755198425 1443 20990148 23306456
1755198426 1443 20990148 23306456
1755198427 1444 20990148 23306456
1755198428 1444 20990148 23306456
1755198429 1444 20990148 23306456
1755198430 1444 20990148 23306456
1755198431 1444 20990148 23306456
1755198432 1443 20990148 23306456
1755198433 1443 20990148 23306456
1755198434 1443 20990148 23306456
1755198435 1443 20990148 23306456
1755198437 1443 20990148 23306456
1755198438 1444 20990148 23306456
1755198439 1444 20990148 23306456
1755198440 1444 20990148 23306456
1755198441 1444 20990148 23306456
1755198442 1445 20990148 23306456
1755198443 1443 20990148 23306456
1755198444 1444 20990148 23306456
1755198445 1444 20990148 23306456
1755198447 1444 20990148 23306456
1755198448 1445 20990148 23306456
1755198449 1445 20990148 23306456
1755198450 1445 20990148 23306456
1755198451 1446 20990148 23306456
1755198452 1446 20990148 23306456
1755198453 1446 20990148 23306456
1755198454 1445 20990148 23306456
1755198455 1445 20990148 23306456
1755198456 1445 20990148 23306456
1755198458 1446 20990148 23306456
1755198459 1446 20990148 23306456
1755198460 1446 20990148 23306456
1755198461 1446 20990148 23306456
1755198462 1446 20990148 23306456
1755198463 1446 20990148 23306456
1755198464 1447 20990148 23306456
1755198465 1445 20990148 23306456
1755198466 1445 20990148 23306456
1755198467 1446 20990148 23306456
1755198469 1446 20990148 23306456
1755198470 1446 20990148 23306456
1755198471 1446 20990148 23306456
1755198472 1446 20990148 23306456
1755198473 1446 20990148 23306456
1755198474 1447 20990148 23306456
1755198475 1447 20990148 23306456
1755198476 1446 20990148 23306456
1755198477 1446 20990148 23306456
1755198478 1446 20990148 23306456
1755198479 1446 20990148 23306456
1755198481 1447 20990148 23306456
1755198482 1447 20990148 23306456
1755198483 1447 20990148 23306456
1755198484 1447 20990148 23306456
1755198485 1448 20990148 23306456
1755198486 1448 20990148 23306456
1755198487 1448 20990148 23306456
1755198488 1448 20990148 23306456
1755198489 1447 20990148 23306456
1755198490 1447 20990148 23306456
1755198491 1448 20990148 23306456
1755198493 1448 20990148 23306456
1755198494 1448 20990148 23306456
1755198495 1448 20990148 23306456
1755198496 1448 20990148 23306456
1755198497 1448 20990148 23306456
1755198498 1449 20990148 23306456
1755198499 1447 20990148 23306456
1755198500 1447 20990148 23306456
1755198501 1447 20990148 23306456
1755198502 1448 20990148 23306456
1755198504 1448 20990148 23306456
1755198505 1448 20990148 23306456
1755198506 1448 20990148 23306456
1755198507 1448 20990148 23306456
1755198508 1449 20990148 23306456
1755198509 1449 20990148 23306456
1755198510 1448 20990148 23306456
1755198511 1448 20990148 23306456
1755198512 1448 20990148 23306456
1755198514 1449 20990148 23306456
1755198515 1449 20990148 23306456
1755198516 1449 20990148 23306456
1755198517 1450 20990148 23306456
1755198518 1450 20990148 23306456
1755198519 1450 20990148 23306456
1755198520 1450 20990148 23306456
1755198521 1449 20990148 23306456
1755198522 1449 20990148 23306456
1755198523 1449 20990148 23306456
1755198524 1449 20990148 23306456
1755198526 1450 20990148 23306456
1755198527 1450 20990148 23306456
1755198528 1450 20990148 23306456
1755198529 1450 20990148 23306456
1755198530 1450 20990148 23306456
1755198531 1450 20990148 23306456
1755198532 1450 20990148 23306456
1755198533 1449 20990148 23306456
1755198534 1449 20990148 23306456
1755198535 1449 20990148 23306456
1755198536 1449 20990148 23306456
1755198538 1450 20990148 23306456
1755198539 1450 20990148 23306456
1755198540 1450 20990148 23306456
1755198541 1450 20990148 23306456
1755198542 1451 20990148 23306456
1755198543 1451 20990148 23306456
1755198544 1450 20990148 23306456
1755198545 1450 20990148 23306456
1755198546 1450 20990148 23306456
1755198547 1450 20990148 23306456
1755198549 1451 20990148 23306456
1755198550 1451 20990148 23306456
1755198551 1451 20990148 23306456
1755198552 1451 20990148 23306456
1755198553 1451 20990148 23306456
1755198554 1452 20990148 23306456
1755198555 1450 20990148 23306456
1755198556 1451 20990148 23306456
1755198557 1451 20990148 23306456
1755198559 1451 20990148 23306456
1755198560 1451 20990148 23306456
1755198561 1452 20990148 23306456
1755198562 1452 20990148 23306456
1755198563 1452 20990148 23306456
1755198564 1452 20990148 23306456
1755198565 1452 20990148 23306456
1755198566 1452 20990148 23306456
1755198567 1451 20990148 23306456
1755198568 1451 20990148 23306456
1755198569 1451 20990148 23306456
1755198571 1452 20990148 23306456
1755198572 1452 20990148 23306456
1755198573 1452 20990148 23306456
1755198574 1452 20990148 23306456
1755198575 1452 20990148 23306456
1755198576 1453 20990148 23306456
1755198577 1453 20990148 23306456
1755198578 1452 20990148 23306456
1755198579 1452 20990148 23306456
1755198580 1452 20990148 23306456
1755198582 1452 20990148 23306456
1755198583 1452 20990148 23306456
1755198584 1453 20990148 23306456
1755198585 1453 20990148 23306456
1755198586 1453 20990148 23306456
1755198587 1453 20990148 23306456
1755198588 1453 20990148 23306456
1755198589 1454 20990148 23306456
1755198590 1452 20990148 23306456
1755198591 1453 20990148 23306456
1755198592 1453 20990148 23306456
1755198594 1453 20990148 23306456
1755198595 1453 20990148 23306456
1755198596 1453 20990148 23306456
1755198597 1453 20990148 23306456
1755198598 1454 20990148 23306456
1755198599 1454 20990148 23306456
1755198600 1454 20990148 23306456
1755198601 1453 20990148 23306456
1755198602 1453 20990148 23306456
1755198603 1453 20990148 23306456
1755198605 1453 20990148 23306456
1755198606 1453 20990148 23306456
1755198607 1454 20990148 23306456
1755198608 1454 20990148 23306456
1755198609 1454 20990148 23306456
1755198610 1454 20990148 23306456
1755198611 1455 20990148 23306456
1755198612 1453 20990148 23306456
1755198613 1453 20990148 23306456
1755198614 1453 20990148 23306456
1755198615 1454 20990148 23306456
1755198617 1454 20990148 23306456
1755198618 1454 20990148 23306456
1755198619 1454 20990148 23306456
1755198620 1454 10262072 13962500
1755198621 1454 12683424 13962500
1755198622 1453 12683424 13962500
1755198623 1454 12683424 13962500
1755198624 1454 12683424 13962500
1755198625 1454 12683424 13962500
1755198627 1454 12683424 13962500
1755198628 1454 12683424 13962500
1755198629 1454 12683424 13962500
1755198630 1455 12683424 13962500
1755198631 1455 12683424 13962500
1755198632 1455 12683424 13962500
1755198633 1455 12683424 13962500
1755198634 1455 12683424 13962500
1755198635 1454 12683424 13962500
1755198636 1454 12683424 13962500
1755198637 1455 12683424 13962500
1755198639 1455 12683424 13962500
1755198640 1455 12683424 13962500
1755198641 1455 12683424 13962500
1755198642 1455 12683424 13962500
1755198643 1455 12683424 13962500
1755198644 1455 12683424 13962500
1755198645 1455 12683424 13962500
1755198646 1454 12683424 13962500
1755198647 1454 12683424 13962500
1755198648 1455 12683424 13962500
1755198650 1455 12683424 13962500
1755198651 1455 12683424 13962500
1755198652 1455 12683424 13962500
1755198653 1455 12683424 13962500
1755198654 1456 12683424 13962500
1755198655 1456 12683424 13962500
1755198656 1456 12683424 13962500
1755198657 1455 12683424 13962500
1755198658 1454 9558440 10837496
1755198659 1455 9558440 10837496
1755198660 1455 9558440 10837496
1755198662 1455 9558440 10837496
1755198663 1455 9558440 10837496
1755198664 1455 9558440 10837496
1755198665 1456 9558440 10837496
1755198666 1456 9558440 10837496
1755198667 1456 9558440 10837496
1755198668 1455 9558440 10837496
1755198669 1455 9558440 10837496
1755198670 1455 9558440 10837496
1755198671 1456 9558440 10837496
1755198673 1456 9558440 10837496
1755198674 1456 9558440 10837496
1755198675 1456 9558440 10837496
1755198676 1456 9558440 10837496
1755198677 1456 9558440 10837496
1755198678 1456 9558440 10837496
1755198679 1455 9558440 10837496
1755198680 1455 9558440 10837496
1755198681 1455 9558440 10837496
1755198683 1456 9558440 10837496
1755198684 1456 9558440 10837496
1755198685 1456 9558440 10837496
1755198686 1456 9558440 10837496
1755198687 1456 9558440 10837496
1755198688 1456 9558440 10837496
1755198689 1457 9558440 10837496
1755198690 1456 9558440 10837496
1755198691 1456 9558440 10837496
1755198692 1456 9558440 10837496
1755198693 1456 9558440 10837496
1755198695 1456 10922360 17087504
1755198696 1455 13805456 20212508
1755198697 1453 16069760 20603136
