1759754743  0.0 16512 676452
1759754744  215 1411756 2253984
1759754745  159 1266348 7723992
1759754746  379 1596844 7756760
1759754747  700 1601708 7757352
1759754748  754 1601708 7757352
1759754749  893 1601708 7757352
1759754750  994 1601708 7757352
1759754752 1050 1601708 7757352
1759754753 1098 1601708 7757352
1759754754 1149 1601836 7757352
1759754755 1195 1601836 7757352
1759754756 1235 1601836 7757352
1759754757 1262 1601836 7757352
1759754758 1289 1601836 7757352
1759754759 1315 1602092 7757352
1759754760 1263 1602988 7757352
1759754761 1286 1602988 7757352
1759754762 1304 1603244 7757352
1759754764 1317 1603244 7757352
1759754765 1330 1603500 7757352
1759754766 1341 1603500 7757352
1759754767 1353 1603500 7757352
1759754768 1367 1603500 7757352
1759754769 1379 1603500 7757352
1759754770 1392 1603500 7757352
1759754771 1354 1603500 7757352
1759754772 1364 1603628 7757352
1759754773 1373 1603628 7757352
1759754774 1384 1603628 7757352
1759754776 1389 1603628 7757352
1759754777 1392 1603628 7757352
1759754778 1393 1603628 7757352
1759754779 1394 1603628 7757352
1759754780 1395 1603756 7757352
1759754781 1399 1603756 7757352
1759754782 1406 1603756 7757352
1759754783 1408 1603756 7757352
1759754784 1414 1603756 7757352
1759754785 1388 1603756 7757352
1759754786 1396 1603756 7757352
1759754787 1401 1603756 7757352
1759754789 1408 1603756 7757352
1759754790 1413 1603884 7757352
1759754791 1417 1603884 7757352
1759754792 1423 1603884 7757352
1759754793 1428 1603884 7757352
1759754794 1433 1603884 7757352
1759754795 1438 1604396 7757352
1759754796 1444 1604524 7757352
1759754797 1422 1604780 7757352
1759754798 1425 1605036 7757352
1759754799 1428 1605036 7757352
1759754801 1431 1605164 7757352
1759754802 1433 1605292 7757352
1759754803 1438 1605420 7757352
1759754804 1443 1605420 7757352
1759754805 1447 1605548 7757352
1759754806 1451 1605676 7757352
1759754807 1452 1605676 7757352
1759754808 1453 1605676 7757352
1759754809 1433 1605804 7757352
1759754810 1437 1605804 7757352
1759754811 1438 1605804 7757352
1759754813 1441 1605804 7757352
1759754814 1441 1605804 7757352
1759754815 1441 1605804 7757352
1759754816 1445 1605804 7757352
1759754817 1448 1605804 7757352
1759754818 1450 1605804 7757352
1759754819 1453 1606060 7757352
1759754820 1456 1606060 7757352
1759754821 1441 1606060 7757352
1759754822 1444 1606060 7757352
1759754823 1447 1606316 7757352
1759754825 1449 1606572 7757352
1759754826 1452 1606828 7757352
1759754827 1456 1607212 7757352
1759754828 1458 1607212 7757352
1759754829 1465 1607468 7757352
1759754830 1451 1607724 7757352
1759754831 1453 1607724 7757352
1759754832 1455 1607724 7757352
1759754833 1457 1607724 7757352
1759754835 1458 1607852 7757352
1759754836 1460 1607852 7757352
1759754837 1462 1607852 7757352
1759754838 1463 1607852 7757352
1759754839 1464 1607980 7757352
1759754840 1465 1607980 7757352
1759754841 1467 1608108 7757352
1759754842 1454 1608364 7757352
1759754843 1457 1608364 7757352
1759754844 1459 1608748 7757352
1759754845 1459 1609004 7757352
1759754847 1458 1609388 7757352
1759754848 1459 1609388 7757352
1759754849 1460 1609516 7757352
1759754850 1463 1609516 7757352
1759754851 1465 1609900 7757352
1759754852 1467 1609900 7757352
1759754853 1468 1609900 7757352
1759754854 1471 1610028 7757352
1759754855 1459 1610284 7757352
1759754856 1461 1610412 7757352
1759754857 1463 1611436 7757352
1759754858 1466 1611564 7757352
1759754860 1467 1611948 7757352
1759754861 1469 1611948 7757352
1759754862 1471 1612460 7757352
1759754863 1473 1612588 7757352
1759754864 1475 1613868 7757352
1759754865 1476 1615276 7757352
1759754866 1470 3178924 7757352
1759754867 1471 3183660 7757352
1759754868 1471 3211948 7757352
1759754869 1469 3321132 7757352
1759754870 1454 3321132 7757352
1759754871 1446 3570988 7757352
1759754872 1442 3729708 7757352
1759754873 1433 3729708 7757352
1759754874 1427 3949868 7757352
1759754875 1417 4231084 7757352
1759754876 1408 4673708 7757352
1759754878 1398 4743596 7757352
1759754879 1388 4743596 7757352
1759754880 1383 5289900 7757352
1759754881 1385 5289900 7757352
1759754882 1381 5291436 7757352
1759754883 1383 5291436 7757352
1759754884 1378 5291436 7757352
1759754885 1377 5291564 7757352
1759754886 1380 5291564 7757352
1759754887 1382 5291564 7757352
1759754888 1374 5291564 7757352
1759754889 1377 5291564 7757352
1759754890 1379 5291564 7757352
1759754891 1381 5291564 7757352
1759754893 1383 5291564 7757352
1759754894 1385 5291564 7757352
1759754895 1387 5291564 7757352
1759754896 1389 5291564 7757352
1759754897 1391 5291564 7757352
1759754898 1393 5291564 7757352
1759754899 1395 5291564 7757352
1759754900 1395 5291564 7757352
1759754901 1387 5291564 7757352
1759754902 1387 5291564 7757352
1759754903 1389 5291564 7757352
1759754904 1390 5291564 7757352
1759754906 1392 5291564 7757352
1759754907 1394 5291564 7757352
1759754908 1395 5291564 7757352
1759754909 1396 5291564 7757352
1759754910 1397 5291564 7757352
1759754911 1399 5291564 7757352
1759754912 1400 5291564 7757352
1759754913 1401 5291564 7757352
1759754914 1394 5291564 7757352
1759754915 1396 5291564 7757352
1759754916 1397 5291564 7757352
1759754917 1399 5291564 7757352
1759754919 1401 5291564 7757352
1759754920 1396 6853456 7757352
1759754921 1394 3235772 4631100
1759754922 1395 3235772 4631100
1759754923 1397 3235772 4631100
1759754924 1399 3875524 5412352
1759754925 1401 4017348 5412352
1759754926 1395 4017348 5412352
1759754927 1397 4017348 5412352
1759754928 1398 2153224 3068596
1759754929 1400 2415656 3068596
1759754931 1401 2415656 3068596
1759754932 1402 2415656 3068596
1759754933 1402 2415656 3068596
