1755175152  0.0 16768 676412
1755175153  301 1197800 2958768
1755175154  202 1040300 2958768
1755175155  293 3185716 6898656
1755175156  634 3188276 6899184
1755175157  811 3188276 6899184
1755175158  952 3188276 6899184
1755175159  925 3188276 6899184
1755175160 1000 3188276 6899184
1755175161 1061 3188276 6899184
1755175162 1109 3188404 6899184
1755175164 1150 3188404 6899184
1755175165 1194 3188404 6899184
1755175166 1234 3188660 6899184
1755175167 1266 3188660 6899184
1755175168 1296 3188788 6899184
1755175169 1320 3189812 6899184
1755175170 1275 3190068 6899184
1755175171 1298 3190068 6899184
1755175172 1318 3190196 6899184
1755175174 1338 3190196 6899184
1755175175 1355 3190196 6899184
1755175176 1371 3190196 6899184
1755175177 1385 3190196 6899184
1755175178 1396 3190196 6899184
1755175179 1404 3190196 6899184
1755175180 1362 3190196 6899184
1755175181 1370 3190196 6899184
1755175182 1376 3190196 6899184
1755175183 1382 3190196 6899184
1755175185 1387 3190196 6899184
1755175186 1394 3190196 6899184
1755175187 1392 3190196 6899184
1755175188 1397 3190196 6899184
1755175189 1405 3190196 6899184
1755175190 1415 3190324 6899184
1755175191 1387 3190324 6899184
1755175192 1395 3190324 6899184
1755175193 1403 3190324 6899184
1755175195 1406 3190324 6899184
1755175196 1412 3190324 6899184
1755175197 1415 3190324 6899184
1755175198 1420 3190452 6899184
1755175199 1427 3190452 6899184
1755175200 1433 3190708 6899184
1755175201 1409 3191092 6899184
1755175202 1416 3191348 6899184
1755175203 1423 3191988 6899184
1755175205 1429 3192244 6899184
1755175206 1435 3192244 6899184
1755175207 1440 3192244 6899184
1755175208 1446 3192244 6899184
1755175209 1450 3192244 6899184
1755175210 1457 3192244 6899184
1755175211 1437 3192244 6899184
1755175212 1440 3192244 6899184
1755175213 1440 3192244 6899184
1755175214 1440 3192244 6899184
1755175216 1440 3192244 6899184
1755175217 1441 3192244 6899184
1755175218 1443 3192244 6899184
1755175219 1446 3192372 6899184
1755175220 1450 3192372 6899184
1755175221 1454 3192372 6899184
1755175222 1438 3192372 6899184
1755175223 1441 3192500 6899184
1755175224 1446 3192628 6899184
1755175225 1448 3192884 6899184
1755175227 1451 3193012 6899184
1755175228 1456 3194036 6899184
1755175229 1458 3194164 6899184
1755175230 1461 3194164 6899184
1755175231 1463 3194164 6899184
1755175232 1465 3194164 6899184
1755175233 1450 3194164 6899184
1755175234 1453 3194164 6899184
1755175235 1456 3194420 6899184
1755175237 1459 3194420 6899184
1755175238 1463 3194420 6899184
1755175239 1465 3194420 6899184
1755175240 1468 3194420 6899184
1755175241 1471 3194676 6899184
1755175242 1474 3195188 6899184
1755175243 1476 3195316 6899184
1755175244 1462 3196084 6899184
1755175245 1462 3196084 6899184
1755175246 1463 3196212 6899184
1755175248 1463 3196212 6899184
1755175249 1463 3196212 6899184
1755175250 1464 3196212 6899184
1755175251 1466 3196340 6899184
1755175252 1468 3196468 6899184
1755175253 1471 3196468 6899184
1755175254 1473 3196468 6899184
1755175255 1475 3196724 6899184
1755175256 1463 3197236 6899184
1755175257 1465 3197492 6899184
1755175258 1467 3198260 6899184
1755175259 1469 3198516 6899184
1755175261 1471 3198644 6899184
1755175262 1473 3199028 6899184
1755175263 1475 3200180 6899184
1755175264 1477 3200308 6899184
1755175265 1477 3200436 6899184
1755175266 1478 3200692 6899184
1755175267 1480 3201460 6899184
1755175268 1479 3214084 6899184
1755175269 1479 3348424 6899184
1755175270 1462 3756072 6899184
1755175271 1459 4132984 6899184
1755175272 1448 4769912 6899184
1755175273 1437 4778104 6899184
1755175274 1435 5316984 6899184
1755175276 1434 5316984 6899184
1755175277 1435 5316984 6899184
1755175278 1431 5317112 6899184
1755175279 1432 5317112 6899184
1755175280 1433 5317112 6899184
1755175281 1433 5317112 6899184
1755175282 1433 5317112 6899184
1755175283 1434 5317112 6899184
1755175284 1436 5317112 6899184
1755175285 1428 5317112 6899184
1755175286 1430 5317112 6899184
1755175287 1432 5317112 6899184
1755175289 1434 5317112 6899184
1755175290 1436 5317112 6899184
1755175291 1438 5317112 6899184
1755175292 1440 5317112 6899184
1755175293 1442 5317112 6899184
1755175294 1444 5317112 6899184
1755175295 1446 5317112 6899184
1755175296 1438 5317112 6899184
1755175297 1439 5317112 6899184
1755175298 1440 5317112 6899184
1755175299 1441 5317112 6899184
1755175301 1443 5317112 6899184
1755175302 1444 5317112 6899184
1755175303 1447 5317112 6899184
1755175304 1448 5317112 6899184
1755175305 1450 5317112 6899184
1755175306 1451 5317112 6899184
1755175307 1443 5317112 6899184
1755175308 1443 5317112 6899184
1755175309 1444 5317112 6899184
1755175310 1445 3254872 4587336
1755175312 1446 3254872 4587336
1755175313 1448 3254872 4587336
1755175314 1448 3254872 4587336
1755175315 1449 3254872 4587336
1755175316 1450 2473524 3806084
1755175317 1451 2473524 3806084
1755175318 1453 2473524 3806084
1755175319 1445 2473524 3806084
1755175320 1440 4165400 6247500
