1755173101  0.0 17024 676412
1755173102  827 842736 2797168
1755173103 1260 842736 2797168
1755173104 1400 842736 2797168
1755173105 1479 842736 2797168
1755173106 1525 842736 2797168
1755173107 1336 842736 2797168
1755173108 1378 842864 2797168
1755173109 1405 843120 2797168
1755173110 1421 843376 2797168
1755173112 1425 844528 2797168
1755173113 1434 844656 2797168
1755173114 1447 844656 2797168
1755173115 1463 844784 2797168
1755173116 1477 844784 2797168
1755173117 1486 844912 2797168
1755173118 1489 844912 2797168
1755173119 1499 846704 2797168
1755173120 1432 847984 2797168
1755173121 1435 887560 2797168
1755173122 1418 1246720 2797168
1755173123 1414 1387008 2797168
1755173125 1427 1387008 2797168
1755173126 1437 1387008 2797168
1755173127 1449 687380 2048408
