1755172998  0.0 16512 676412
1755172999  715 842220 2797136
1755173000  806 842220 2797136
1755173001 1025 842348 2797136
1755173002 1166 842348 2797136
1755173003 1257 842348 2797136
1755173005 1325 842348 2797136
1755173006 1371 842476 2797136
1755173007 1406 844012 2797136
1755173008 1423 844268 2797136
1755173009 1438 844268 2797136
1755173010 1449 844396 2797136
1755173011 1455 844396 2797136
1755173012 1466 844396 2797136
1755173013 1381 844396 2797136
1755173014 1402 844652 2797136
1755173015 1417 846316 2797136
1755173016 1430 887260 2797136
1755173018 1407 1385556 2797136
1755173019 1420 1386452 2797136
1755173020 1437 1386452 2797136
1755173021 1448 663528 2015608
1755173022 1455 902616 2439008
