1755173521  0.0 16640 676412
1755173522  321 817008 2275160
1755173523  639 1819956 4506356
1755173524  756 1819956 4506356
1755173525  946 1819956 4506356
1755173526 1079 1819956 4506356
1755173527 1156 1819956 4506356
1755173529 1203 1819956 4506356
1755173530 1241 1819956 4506356
1755173531 1263 1819956 4506356
1755173532 1304 1820084 4506356
1755173533 1338 1820212 4506356
1755173534 1371 1820340 4506356
1755173535 1392 1820340 4506356
1755173536 1329 1820724 4506356
1755173537 1352 1821876 4506356
1755173538 1372 1822004 4506356
1755173540 1392 1822004 4506356
1755173541 1405 1822004 4506356
1755173542 1420 1822004 4506356
1755173543 1432 1822004 4506356
1755173544 1445 1822004 4506356
1755173545 1455 1822004 4506356
1755173546 1466 1822004 4506356
1755173547 1421 1822004 4506356
1755173548 1431 1822132 4506356
1755173549 1440 1822388 4506356
1755173550 1446 1822516 4506356
1755173552 1448 1822644 4506356
1755173553 1445 1822644 4506356
1755173554 1442 1823156 4506356
1755173555 1445 1823796 4506356
1755173556 1453 1824052 4506356
1755173557 1460 1824052 4506356
1755173558 1467 1824052 4506356
1755173559 1433 1824052 4506356
1755173560 1436 1824052 4506356
1755173561 1439 1824052 4506356
1755173562 1442 1824052 4506356
1755173564 1449 1824180 4506356
1755173565 1454 1824820 4506356
1755173566 1460 1825716 4506356
1755173567 1465 1826100 4506356
1755173568 1470 1826100 4506356
1755173569 1475 1826356 4506356
1755173570 1479 1827508 4506356
1755173571 1484 1828148 4506356
1755173572 1455 1830452 4506356
1755173573 1454 2055828 4506356
1755173574 1446 2588360 4506356
1755173575 1428 3024832 4506356
1755173576 1432 3024832 4506356
1755173578 1434 3026112 4506356
1755173579 1439 3026112 4506356
1755173580 1443 3026112 4506356
1755173581 1447 3026112 4506356
1755173582 1451 3026112 4506356
1755173583 1455 3026112 4506356
1755173584 1455 3026112 4506356
1755173585 1457 3026112 4506356
1755173586 1435 3026112 4506356
1755173587 1436 3026112 4506356
1755173588 1438 3026112 4506356
1755173589 1441 3026112 4506356
1755173591 1445 3026112 4506356
1755173592 1445 3026112 4506356
1755173593 1446 3026112 4506356
1755173594 1447 1874280 3220352
1755173595 1449 1434828 2780896
1755173596 1453 1434828 2780896
1755173597 1447 116724 1462528
