1759758937  0.0 15360 675428
1759758938  208 1323088 3132888
1759758939  155 2141328 3132888
1759758940  137 2472856 11679380
1759758941  370 2476568 11712148
1759758942  637 2482456 11712760
1759758943  817 2482456 11712760
1759758944  827 2482584 11712760
1759758945  920 2483480 11712760
1759758946  997 2483480 11712760
1759758948 1064 2483736 11712760
1759758949 1117 2483736 11712760
1759758950 1163 2483736 11712760
1759758951 1203 2483736 11712760
1759758952 1237 2483736 11712760
1759758953 1270 2483992 11712760
1759758954 1296 2483992 11712760
1759758955 1250 2483992 11712760
1759758956 1262 2483992 11712760
1759758957 1269 2483992 11712760
1759758959 1276 2483992 11712760
1759758960 1282 2483992 11712760
1759758961 1291 2483992 11712760
1759758962 1305 2483992 11712760
1759758963 1321 2483992 11712760
1759758964 1337 2483992 11712760
1759758965 1349 2483992 11712760
1759758966 1313 2483992 11712760
1759758967 1326 2483992 11712760
1759758968 1338 2483992 11712760
1759758970 1347 2483992 11712760
1759758971 1355 2483992 11712760
1759758972 1361 2483992 11712760
1759758973 1368 2483992 11712760
1759758974 1374 2483992 11712760
1759758975 1383 2484120 11712760
1759758976 1390 2484120 11712760
1759758977 1398 2484120 11712760
1759758978 1372 2484120 11712760
1759758979 1378 2484120 11712760
1759758980 1385 2484120 11712760
1759758982 1393 2484120 11712760
1759758983 1400 2484120 11712760
1759758984 1406 2484120 11712760
1759758985 1412 2484120 11712760
1759758986 1419 2484120 11712760
1759758987 1423 2484248 11712760
1759758988 1425 2484248 11712760
1759758989 1427 2484248 11712760
1759758990 1401 2484248 11712760
1759758991 1401 2484248 11712760
1759758992 1401 2484248 11712760
1759758994 1404 2484248 11712760
1759758995 1408 2484248 11712760
1759758996 1413 2484248 11712760
1759758997 1417 2484504 11712760
1759758998 1420 2484504 11712760
1759758999 1425 2484504 11712760
1759759000 1430 2484504 11712760
1759759001 1413 2484760 11712760
1759759002 1417 2484760 11712760
1759759003 1421 2485144 11712760
1759759005 1424 2485144 11712760
1759759006 1427 2485144 11712760
1759759007 1429 2485656 11712760
1759759008 1432 2485656 11712760
1759759009 1435 2485784 11712760
1759759010 1439 2485784 11712760
1759759011 1443 2485912 11712760
1759759012 1428 2485912 11712760
1759759013 1431 2486040 11712760
1759759014 1435 2486040 11712760
1759759015 1439 2486040 11712760
1759759017 1442 2486040 11712760
1759759018 1445 2486040 11712760
1759759019 1447 2486040 11712760
1759759020 1448 2486040 11712760
1759759021 1449 2486040 11712760
1759759022 1450 2486040 11712760
1759759023 1451 2486040 11712760
1759759024 1436 2486040 11712760
1759759025 1438 2486040 11712760
1759759026 1439 2486168 11712760
1759759028 1441 2486168 11712760
1759759029 1442 2486168 11712760
1759759030 1444 2486168 11712760
1759759031 1446 2486168 11712760
1759759032 1448 2486168 11712760
1759759033 1451 2486168 11712760
1759759034 1454 2486168 11712760
1759759035 1442 2486168 11712760
1759759036 1444 2486168 11712760
1759759037 1447 2486168 11712760
1759759038 1449 2486168 11712760
1759759040 1450 2486296 11712760
1759759041 1452 2486296 11712760
1759759042 1453 2486296 11712760
1759759043 1455 2486296 11712760
1759759044 1458 2486296 11712760
1759759045 1460 2486424 11712760
1759759046 1462 2486552 11712760
1759759047 1452 2486680 11712760
1759759048 1454 2486680 11712760
1759759049 1456 2486936 11712760
1759759051 1457 2486936 11712760
1759759052 1457 2487064 11712760
1759759053 1458 2487064 11712760
1759759054 1458 2487064 11712760
1759759055 1459 2487832 11712760
1759759056 1460 2487832 11712760
1759759057 1462 2487832 11712760
1759759058 1452 2487832 11712760
1759759059 1454 2487832 11712760
1759759060 1455 2487832 11712760
1759759061 1456 2487832 11712760
1759759063 1457 2488088 11712760
1759759064 1458 2488088 11712760
1759759065 1460 2488088 11712760
1759759066 1462 2488088 11712760
1759759067 1464 2488088 11712760
1759759068 1466 2488088 11712760
1759759069 1468 2488088 11712760
1759759070 1459 2488088 11712760
1759759071 1461 2488216 11712760
1759759072 1462 2488216 11712760
1759759074 1463 2488216 11712760
1759759075 1464 2488216 11712760
1759759076 1465 2488216 11712760
1759759077 1466 2488216 11712760
1759759078 1468 2488344 11712760
1759759079 1469 2488344 11712760
1759759080 1471 2488472 11712760
1759759081 1471 2488600 11712760
1759759082 1461 2488600 11712760
1759759083 1462 2488600 11712760
1759759084 1462 2488600 11712760
1759759085 1463 2488600 11712760
1759759087 1463 2488600 11712760
1759759088 1465 2488600 11712760
1759759089 1467 2488856 11712760
1759759090 1468 2488856 11712760
1759759091 1469 2489240 11712760
1759759092 1471 2489496 11712760
1759759093 1472 2489752 11712760
1759759094 1464 2489752 11712760
1759759095 1465 2489880 11712760
1759759096 1466 2490008 11712760
1759759098 1466 2490008 11712760
1759759099 1467 2490136 11712760
1759759100 1469 2490136 11712760
1759759101 1470 2490136 11712760
1759759102 1472 2490264 11712760
1759759103 1474 2490264 11712760
1759759104 1475 2490264 11712760
1759759105 1468 2490264 11712760
1759759106 1469 2490264 11712760
1759759107 1470 2490264 11712760
1759759109 1471 2490264 11712760
1759759110 1471 2490264 11712760
1759759111 1472 2490392 11712760
1759759112 1473 2490520 11712760
1759759113 1473 2490520 11712760
1759759114 1474 2490520 11712760
1759759115 1474 2490520 11712760
1759759116 1475 2490520 11712760
1759759117 1466 2490648 11712760
1759759118 1467 2490648 11712760
1759759119 1468 2491160 11712760
1759759120 1470 2491416 11712760
1759759122 1471 2491544 11712760
1759759123 1472 2491672 11712760
1759759124 1473 2492056 11712760
1759759125 1474 2492056 11712760
1759759126 1476 2492184 11712760
1759759127 1477 2492312 11712760
1759759128 1478 2492312 11712760
1759759129 1471 2492312 11712760
1759759130 1472 2492312 11712760
1759759131 1472 2492312 11712760
1759759133 1473 2492312 11712760
1759759134 1474 2492568 11712760
1759759135 1475 2492696 11712760
1759759136 1476 2492696 11712760
1759759137 1477 2492696 11712760
1759759138 1479 2492824 11712760
1759759139 1480 2493208 11712760
1759759140 1481 2493336 11712760
1759759141 1474 2493720 11712760
1759759142 1475 2493848 11712760
1759759143 1475 2494104 11712760
1759759144 1474 2494104 11712760
1759759146 1475 2494360 11712760
1759759147 1475 2494360 11712760
1759759148 1475 2494360 11712760
1759759149 1476 2494360 11712760
1759759150 1477 2494488 11712760
1759759151 1478 2494616 11712760
1759759152 1479 2494872 11712760
1759759153 1479 2494872 11712760
1759759154 1474 2494872 11712760
1759759155 1474 2495512 11712760
1759759156 1475 2496024 11712760
1759759157 1476 2496408 11712760
1759759159 1477 2496536 11712760
1759759160 1478 2496664 11712760
1759759161 1479 2496920 11712760
1759759162 1480 2497688 11712760
1759759163 1481 2498328 11712760
1759759164 1481 2498456 11712760
1759759165 1482 2498584 11712760
1759759166 1482 2498584 11712760
1759759167 1483 2500504 11712760
1759759168 1478 4812952 11712760
1759759169 1471 4996120 11712760
1759759170 1471 5092760 11712760
1759759171 1468 5164312 11712760
1759759172 1465 5291544 11712760
1759759173 1459 5554968 11712760
1759759174 1455 5800856 11712760
1759759175 1454 5800856 11712760
1759759177 1449 5800856 11712760
1759759178 1445 5800856 11712760
1759759179 1444 5886232 11712760
1759759180 1438 6150040 11712760
1759759181 1433 6415128 11712760
1759759182 1428 6680856 11712760
1759759183 1422 7156632 11712760
1759759184 1417 7386392 11712760
1759759185 1411 7386392 11712760
1759759186 1406 7386392 11712760
1759759187 1401 7386392 11712760
1759759188 1397 8234904 11712760
1759759189 1398 8234904 11712760
1759759190 1399 8234904 11712760
1759759191 1396 8234904 11712760
1759759192 1389 8234904 11712760
1759759193 1391 8234904 11712760
1759759194 1392 8234904 11712760
1759759195 1387 8234904 11712760
1759759196 1384 8235032 11712760
1759759198 1385 8235032 11712760
1759759199 1386 8235032 11712760
1759759200 1387 8235032 11712760
1759759201 1387 8235032 11712760
1759759202 1389 8235032 11712760
1759759203 1390 8235032 11712760
1759759204 1391 8235032 11712760
1759759205 1392 8235032 11712760
1759759206 1393 8235032 11712760
1759759207 1388 8235032 11712760
1759759208 1388 8235032 11712760
1759759209 1388 8235032 11712760
1759759210 1388 8235032 11712760
1759759212 1389 8235032 11712760
1759759213 1390 8235032 11712760
1759759214 1391 8235032 11712760
1759759215 1392 8235032 11712760
1759759216 1393 8235032 11712760
1759759217 1394 8235032 11712760
1759759218 1395 8235032 11712760
1759759219 1391 8235032 11712760
1759759220 1392 8235032 11712760
1759759221 1393 8235032 11712760
1759759222 1395 8235032 11712760
1759759224 1396 8235032 11712760
1759759225 1397 8235032 11712760
1759759226 1398 8235032 11712760
1759759227 1399 8235032 11712760
1759759228 1400 8235032 11712760
1759759229 1401 8235032 11712760
1759759230 1402 8235032 11712760
1759759231 1402 8235032 11712760
1759759232 1398 8235032 11712760
1759759233 1399 8235032 11712760
1759759234 1400 8235032 11712760
1759759235 1401 8235032 11712760
1759759237 1402 8235032 11712760
1759759238 1402 8235032 11712760
1759759239 1402 8235032 11712760
1759759240 1403 8235032 11712760
1759759241 1403 8235032 11712760
1759759242 1404 8235032 11712760
1759759243 1404 8235032 11712760
1759759244 1404 8235032 11712760
1759759245 1401 8235032 11712760
1759759246 1402 8235032 11712760
1759759247 1402 8235032 11712760
1759759248 1403 8235032 11712760
1759759250 1404 8235032 11712760
1759759251 1405 8235032 11712760
1759759252 1406 8235032 11712760
1759759253 1407 8235032 11712760
1759759254 1408 8235032 11712760
1759759255 1409 8235032 11712760
1759759256 1410 8235032 11712760
1759759257 1411 8235032 11712760
1759759258 1407 8235032 11712760
1759759259 1408 8235032 11712760
1759759260 1409 8235032 11712760
1759759262 1410 8548572 11712760
1759759263 1406 10675988 11712760
1759759264 1404 5011456 6828380
1759759265 1405 5011456 6828380
1759759266 1406 5011456 6828380
1759759267 1406 5011456 6828380
1759759268 1407 5011456 6828380
1759759269 1407 5011456 6828380
1759759270 1407 5011456 6828380
1759759271 1404 5011456 6828380
1759759272 1404 6232308 8049084
1759759273 1404 6232308 8049084
1759759274 1404 6232308 8049084
1759759276 1405 6232308 8049084
1759759277 1405 6232308 8049084
1759759278 1406 6232308 8049084
1759759279 1406 6232308 8049084
1759759280 1407 6232308 8049084
1759759281 1408 6232308 8049084
1759759282 1409 3741856 4386972
1759759283 1406 3741856 4386972
1759759284 1407 3741856 4386972
1759759285 1407 3741856 4386972
1759759286 1408 3741856 4386972
1759759287 1409 3741856 4386972
1759759289 1409 3741856 4386972
1759759290 1410 3741856 4386972
1759759291 1408 6086192 8049084
