1755202188  0.0 16768 676412
1755202189  320 1176036 4521096
1755202190  211 2527716 4521096
1755202191  175 3803136 7646292
1755202192  157 5033984 7646292
1755202193  146 6268928 7646292
1755202194  139 4707560 7646292
1755202195  133 6304488 7646292
1755202196  130 3980664 7646292
1755202197  127 5633400 7646292
1755202198  124 10086740 13896300
1755202199  122 12555220 23273024
1755202200  178 12560448 23305792
1755202201  275 12562808 23305792
1755202202  332 12564856 23305792
1755202203  412 12567028 23305944
1755202204  486 12571508 23306456
1755202206  555 12571508 23306456
1755202207  617 12571508 23306456
1755202208  672 12571508 23306456
1755202209  723 12571508 23306456
1755202210  769 12571508 23306456
1755202211  810 12571892 23306456
1755202212  815 12571892 23306456
1755202213  850 12571892 23306456
1755202214  879 12571892 23306456
1755202216  908 12571892 23306456
1755202217  935 12571892 23306456
1755202218  954 12572276 23306456
1755202219  973 12572276 23306456
1755202220  990 12572276 23306456
1755202221 1009 12572276 23306456
1755202222 1002 12572276 23306456
1755202223 1022 12572276 23306456
1755202224 1039 12572276 23306456
1755202226 1054 12572660 23306456
1755202227 1066 12572660 23306456
1755202228 1076 12572660 23306456
1755202229 1093 12572660 23306456
1755202230 1105 12572660 23306456
1755202231 1119 12572660 23306456
1755202232 1129 12572660 23306456
1755202233 1115 12572916 23306456
1755202234 1127 12572916 23306456
1755202235 1136 12572916 23306456
1755202237 1147 12572916 23306456
1755202238 1156 12572916 23306456
1755202239 1167 12572916 23306456
1755202240 1177 12573044 23306456
1755202241 1188 12573044 23306456
1755202242 1176 12573044 23306456
1755202243 1187 12573044 23306456
1755202244 1196 12573044 23306456
1755202246 1205 12573044 23306456
1755202247 1214 12573172 23306456
1755202248 1222 12573172 23306456
1755202249 1229 12573172 23306456
1755202250 1233 12573172 23306456
1755202251 1238 12573172 23306456
1755202252 1225 12573172 23306456
1755202253 1233 12573172 23306456
1755202254 1240 12573172 23306456
1755202255 1248 12573172 23306456
1755202257 1256 12573300 23306456
1755202258 1262 12573300 23306456
1755202259 1266 12573300 23306456
1755202260 1269 12573300 23306456
1755202261 1273 12573300 23306456
1755202262 1259 12573300 23306456
1755202263 1265 12573300 23306456
1755202264 1269 12573300 23306456
1755202266 1275 12573300 23306456
1755202267 1281 12573300 23306456
1755202268 1287 12573428 23306456
1755202269 1293 12573428 23306456
1755202270 1296 12573428 23306456
1755202271 1300 12573428 23306456
1755202272 1288 12573428 23306456
1755202273 1292 12573428 23306456
1755202274 1297 12573428 23306456
1755202276 1302 12573428 23306456
1755202277 1306 12573428 23306456
1755202278 1311 12573428 23306456
1755202279 1315 12573428 23306456
1755202280 1320 12573428 23306456
1755202281 1322 12573428 23306456
1755202282 1324 12573556 23306456
1755202283 1313 12573556 23306456
1755202284 1315 12573556 23306456
1755202285 1320 12573556 23306456
1755202287 1324 12573556 23306456
1755202288 1328 12573556 23306456
1755202289 1332 12573556 23306456
1755202290 1335 12573556 23306456
1755202291 1337 12573556 23306456
1755202292 1328 12573556 23306456
1755202293 1330 12573556 23306456
1755202294 1331 12573556 23306456
1755202296 1333 12573556 23306456
1755202297 1334 12573556 23306456
1755202298 1337 12573556 23306456
1755202299 1340 12573556 23306456
1755202300 1344 12573556 23306456
1755202301 1347 12573556 23306456
1755202302 1351 12573556 23306456
1755202303 1354 12573556 23306456
1755202304 1345 12573556 23306456
1755202305 1347 12573556 23306456
1755202306 1349 12573556 23306456
1755202308 1352 12573556 23306456
1755202309 1354 12573556 23306456
1755202310 1357 12573556 23306456
1755202311 1360 12573556 23306456
1755202312 1362 12573556 23306456
1755202313 1363 12573556 23306456
1755202314 1355 12573556 23306456
1755202315 1356 12573556 23306456
1755202316 1357 12573556 23306456
1755202318 1360 12573556 23306456
1755202319 1363 12573556 23306456
1755202320 1366 12573556 23306456
1755202321 1368 12573556 23306456
1755202322 1369 12573556 23306456
1755202323 1371 12573556 23306456
1755202324 1362 12573556 23306456
1755202325 1363 12573556 23306456
1755202326 1363 12573556 23306456
1755202328 1364 12573556 23306456
1755202329 1366 12573556 23306456
1755202330 1368 12573556 23306456
1755202331 1369 12573556 23306456
1755202332 1371 12573556 23306456
1755202333 1374 12573556 23306456
1755202334 1377 12573556 23306456
1755202335 1370 12573556 23306456
1755202336 1372 12573556 23306456
1755202337 1375 12573556 23306456
1755202339 1377 12573556 23306456
1755202340 1378 12573556 23306456
1755202341 1379 12573556 23306456
1755202342 1381 12573556 23306456
1755202343 1382 12573556 23306456
1755202344 1382 12573556 23306456
1755202345 1384 12573556 23306456
1755202346 1377 12573556 23306456
1755202347 1380 12573556 23306456
1755202348 1382 12573556 23306456
1755202350 1384 12573556 23306456
1755202351 1386 12573940 23306456
1755202352 1388 12573940 23306456
1755202353 1390 12573940 23306456
1755202354 1391 12573940 23306456
1755202355 1384 12573940 23306456
1755202356 1386 12573940 23306456
1755202357 1388 12573940 23306456
1755202358 1389 12573940 23306456
1755202360 1392 12573940 23306456
1755202361 1394 12573940 23306456
1755202362 1395 12573940 23306456
1755202363 1397 12574452 23306456
1755202364 1398 12574452 23306456
1755202365 1391 12574452 23306456
1755202366 1393 12574452 23306456
1755202367 1395 12574452 23306456
1755202369 1397 12574452 23306456
1755202370 1399 12574708 23306456
1755202371 1400 12574708 23306456
1755202372 1402 12574708 23306456
1755202373 1404 12574708 23306456
1755202374 1405 12574708 23306456
1755202375 1398 12574964 23306456
1755202376 1399 12574964 23306456
1755202378 1400 12574964 23306456
1755202379 1401 12574964 23306456
1755202380 1403 12574964 23306456
1755202381 1405 12574964 23306456
1755202382 1407 12574964 23306456
1755202383 1408 12574964 23306456
1755202384 1402 12574964 23306456
1755202385 1403 12574964 23306456
1755202386 1404 12574964 23306456
1755202388 1405 12574964 23306456
1755202389 1407 12575220 23306456
1755202390 1408 12575220 23306456
1755202391 1410 12575220 23306456
1755202392 1411 12575220 23306456
1755202393 1413 12575220 23306456
1755202394 1407 12575476 23306456
1755202395 1409 12575476 23306456
1755202396 1410 12575476 23306456
1755202398 1411 12575476 23306456
1755202399 1412 12575476 23306456
1755202400 1413 12575476 23306456
1755202401 1414 12575476 23306456
1755202402 1415 12575476 23306456
1755202403 1417 12575476 23306456
1755202404 1412 12575476 23306456
1755202405 1414 12575476 23306456
1755202406 1414 12575476 23306456
1755202408 1415 12575476 23306456
1755202409 1416 12575476 23306456
1755202410 1417 12575476 23306456
1755202411 1417 12575476 23306456
1755202412 1418 12575476 23306456
1755202413 1419 12575476 23306456
1755202414 1414 12575476 23306456
1755202415 1415 12575476 23306456
1755202416 1416 12575476 23306456
1755202417 1417 12575476 23306456
1755202419 1418 12575604 23306456
1755202420 1419 12575604 23306456
1755202421 1420 12575604 23306456
1755202422 1422 12575604 23306456
1755202423 1423 12575604 23306456
1755202424 1424 12575604 23306456
1755202425 1420 12575604 23306456
1755202426 1421 12575604 23306456
1755202427 1422 12575604 23306456
1755202429 1424 12575604 23306456
1755202430 1425 12575604 23306456
1755202431 1426 12575604 23306456
1755202432 1426 12575604 23306456
1755202433 1427 12575604 23306456
1755202434 1422 12575604 23306456
1755202435 1423 12575604 23306456
1755202436 1424 12575604 23306456
1755202437 1425 12575604 23306456
1755202439 1426 12575604 23306456
1755202440 1426 12575604 23306456
1755202441 1428 12575604 23306456
1755202442 1429 12575604 23306456
1755202443 1430 12575604 23306456
1755202444 1430 12575604 23306456
1755202445 1423 12575604 23306456
1755202446 1422 12575604 23306456
1755202447 1422 12575604 23306456
1755202448 1423 12575604 23306456
1755202450 1424 12575604 23306456
1755202451 1425 12575604 23306456
1755202452 1426 12575604 23306456
1755202453 1427 12575604 23306456
1755202454 1428 12575604 23306456
1755202455 1424 12575604 23306456
1755202456 1425 12575604 23306456
1755202457 1427 12575604 23306456
1755202459 1428 12575604 23306456
1755202460 1429 12575604 23306456
1755202461 1430 12575604 23306456
1755202462 1431 12575604 23306456
1755202463 1432 12575604 23306456
1755202464 1433 12575604 23306456
1755202465 1429 12575604 23306456
1755202466 1430 12575604 23306456
1755202467 1430 12575604 23306456
1755202469 1431 12575604 23306456
1755202470 1431 12575732 23306456
1755202471 1431 12575732 23306456
1755202472 1433 12575732 23306456
1755202473 1434 12575732 23306456
1755202474 1435 12575732 23306456
1755202475 1431 12575860 23306456
1755202476 1432 12575860 23306456
1755202477 1432 12575860 23306456
1755202479 1432 12575860 23306456
1755202480 1433 12575860 23306456
1755202481 1433 12576116 23306456
1755202482 1434 12576116 23306456
1755202483 1434 12576116 23306456
1755202484 1435 12576116 23306456
1755202485 1431 12576116 23306456
1755202486 1432 12576244 23306456
1755202487 1433 12576244 23306456
1755202489 1434 12576244 23306456
1755202490 1435 12576244 23306456
1755202491 1436 12576628 23306456
1755202492 1437 12576628 23306456
1755202493 1438 12576628 23306456
1755202494 1439 12576628 23306456
1755202495 1435 12576628 23306456
1755202496 1436 12576884 23306456
1755202497 1437 12576884 23306456
1755202499 1438 12576884 23306456
1755202500 1439 12576884 23306456
1755202501 1439 12576884 23306456
1755202502 1439 12577140 23306456
1755202503 1439 12577140 23306456
1755202504 1440 12577140 23306456
1755202505 1441 12577140 23306456
1755202506 1437 12577140 23306456
1755202507 1438 12577268 23306456
1755202508 1439 12577268 23306456
1755202510 1439 12577268 23306456
1755202511 1439 12577268 23306456
1755202512 1440 12577524 23306456
1755202513 1441 12577524 23306456
1755202514 1441 12577524 23306456
1755202515 1442 12577524 23306456
1755202516 1438 12577524 23306456
1755202517 1439 12577524 23306456
1755202518 1440 12577524 23306456
1755202520 1440 12577524 23306456
1755202521 1441 12577524 23306456
1755202522 1442 12577524 23306456
1755202523 1443 12577524 23306456
1755202524 1444 12577524 23306456
1755202525 1445 12577524 23306456
1755202526 1441 12577524 23306456
1755202527 1442 12577524 23306456
1755202528 1443 12577524 23306456
1755202530 1444 12577524 23306456
1755202531 1445 12577524 23306456
1755202532 1445 12577524 23306456
1755202533 1445 12577652 23306456
1755202534 1446 12577652 23306456
1755202535 1446 12577652 23306456
1755202536 1442 12577652 23306456
1755202537 1443 12577652 23306456
1755202538 1443 12577652 23306456
1755202539 1444 12577652 23306456
1755202541 1444 12577652 23306456
1755202542 1445 12577652 23306456
1755202543 1446 12577652 23306456
1755202544 1446 12577652 23306456
1755202545 1447 12577652 23306456
1755202546 1448 12577652 23306456
1755202547 1445 12577652 23306456
1755202548 1445 12577652 23306456
1755202549 1445 12577652 23306456
1755202551 1446 12577652 23306456
1755202552 1446 12577652 23306456
1755202553 1447 12577652 23306456
1755202554 1448 12577652 23306456
1755202555 1449 12577652 23306456
1755202556 1446 12577652 23306456
1755202557 1446 12577652 23306456
1755202558 1447 12577652 23306456
1755202560 1448 12577652 23306456
1755202561 1449 12577652 23306456
1755202562 1449 12577652 23306456
1755202563 1450 12577652 23306456
1755202564 1450 12577652 23306456
1755202565 1451 12577652 23306456
1755202566 1447 12577652 23306456
1755202567 1448 12577652 23306456
1755202568 1449 12577652 23306456
1755202570 1449 12577652 23306456
1755202571 1450 12577652 23306456
1755202572 1450 12577652 23306456
1755202573 1450 12577652 23306456
1755202574 1450 12577652 23306456
1755202575 1451 12577652 23306456
1755202576 1448 12577652 23306456
1755202577 1449 12577652 23306456
1755202578 1450 12577652 23306456
1755202580 1450 12577652 23306456
1755202581 1451 12577652 23306456
1755202582 1452 12577908 23306456
1755202583 1452 12577908 23306456
1755202584 1452 12578036 23306456
1755202585 1453 12578036 23306456
1755202586 1450 12578036 23306456
1755202587 1450 12578292 23306456
1755202588 1451 12578292 23306456
1755202590 1452 12578292 23306456
1755202591 1452 12578292 23306456
1755202592 1453 12578420 23306456
1755202593 1454 12578420 23306456
1755202594 1454 12578420 23306456
1755202595 1455 12578420 23306456
1755202596 1451 12578676 23306456
1755202597 1452 12578676 23306456
1755202598 1452 12578676 23306456
1755202599 1453 12578676 23306456
1755202601 1454 12579060 23306456
1755202602 1454 12579060 23306456
1755202603 1454 12579060 23306456
1755202604 1454 12579060 23306456
1755202605 1454 12579188 23306456
1755202606 1454 12579188 23306456
1755202607 1451 12579188 23306456
1755202608 1452 12579188 23306456
1755202609 1453 12579188 23306456
1755202611 1453 12579188 23306456
1755202612 1454 12579188 23306456
1755202613 1455 12579188 23306456
1755202614 1455 12579444 23306456
1755202615 1456 12579444 23306456
1755202616 1457 12579444 23306456
1755202617 1454 12579444 23306456
1755202618 1454 12579572 23306456
1755202619 1455 12579572 23306456
1755202621 1455 12579572 23306456
1755202622 1455 12579572 23306456
1755202623 1456 12579572 23306456
1755202624 1457 12579572 23306456
1755202625 1457 12579572 23306456
1755202626 1457 12579572 23306456
1755202627 1454 12579572 23306456
1755202628 1455 12579572 23306456
1755202629 1455 12579572 23306456
1755202631 1456 12579572 23306456
1755202632 1456 12579572 23306456
1755202633 1457 12579572 23306456
1755202634 1457 12579572 23306456
1755202635 1457 12579572 23306456
1755202636 1458 12579700 23306456
1755202637 1458 12579700 23306456
1755202638 1455 12579700 23306456
1755202639 1456 12579700 23306456
1755202640 1455 12579700 23306456
1755202642 1456 12579700 23306456
1755202643 1456 12579700 23306456
1755202644 1457 12579700 23306456
1755202645 1457 12579700 23306456
1755202646 1458 12579700 23306456
1755202647 1459 12579700 23306456
1755202648 1456 12579700 23306456
1755202649 1457 12579700 23306456
1755202650 1457 12579700 23306456
1755202652 1458 12579700 23306456
1755202653 1458 12579700 23306456
1755202654 1458 12579700 23306456
1755202655 1458 12579700 23306456
1755202656 1459 12579700 23306456
1755202657 1458 12579700 23306456
1755202658 1458 12579700 23306456
1755202659 1459 12579700 23306456
1755202660 1456 12579700 23306456
1755202661 1457 12579700 23306456
1755202662 1458 12579700 23306456
1755202664 1458 12579700 23306456
1755202665 1458 12579700 23306456
1755202666 1459 12579700 23306456
1755202667 1459 12579700 23306456
1755202668 1460 12579700 23306456
1755202669 1460 12579956 23306456
1755202670 1457 12579956 23306456
1755202671 1458 12579956 23306456
1755202672 1458 12579956 23306456
1755202674 1459 12580212 23306456
1755202675 1459 12580212 23306456
1755202676 1459 12580212 23306456
1755202677 1460 12580340 23306456
1755202678 1460 12580340 23306456
1755202679 1461 12580340 23306456
1755202680 1458 12580340 23306456
1755202681 1459 12580724 23306456
1755202682 1460 12580724 23306456
1755202684 1460 12580724 23306456
1755202685 1461 12580852 23306456
1755202686 1461 12580852 23306456
1755202687 1462 12580852 23306456
1755202688 1462 12580852 23306456
1755202689 1462 12580852 23306456
1755202690 1459 12580852 23306456
1755202691 1459 12580852 23306456
1755202692 1460 12581108 23306456
1755202694 1460 12581108 23306456
1755202695 1461 12581108 23306456
1755202696 1461 12581108 23306456
1755202697 1461 12581108 23306456
1755202698 1462 12581108 23306456
1755202699 1462 12581108 23306456
1755202700 1462 12581236 23306456
1755202701 1460 12581236 23306456
1755202702 1461 12581236 23306456
1755202703 1461 12581236 23306456
1755202705 1462 12581236 23306456
1755202706 1462 12581236 23306456
1755202707 1462 12581492 23306456
1755202708 1463 12581492 23306456
1755202709 1463 12581492 23306456
1755202710 1463 12581492 23306456
1755202711 1461 12581620 23306456
1755202712 1462 12581620 23306456
1755202713 1462 12581620 23306456
1755202715 1463 12581620 23306456
1755202716 1463 12581620 23306456
1755202717 1464 12581620 23306456
1755202718 1464 12581620 23306456
1755202719 1464 12581620 23306456
1755202720 1464 12581620 23306456
1755202721 1462 12581620 23306456
1755202722 1462 12581620 23306456
1755202723 1463 12581620 23306456
1755202725 1463 12581620 23306456
1755202726 1463 12581620 23306456
1755202727 1463 12581620 23306456
1755202728 1463 12581620 23306456
1755202729 1464 12581748 23306456
1755202730 1464 12581748 23306456
1755202731 1464 12581748 23306456
1755202732 1462 12581748 23306456
1755202733 1463 12581748 23306456
1755202734 1463 12581748 23306456
1755202736 1464 12581748 23306456
1755202737 1464 12581748 23306456
1755202738 1465 12581748 23306456
1755202739 1465 12581748 23306456
1755202740 1466 12581748 23306456
1755202741 1466 12581748 23306456
1755202742 1464 12582260 23306456
1755202743 1464 12582260 23306456
1755202744 1464 12582260 23306456
1755202746 1465 12582260 23306456
1755202747 1465 12582260 23306456
1755202748 1466 12582260 23306456
1755202749 1466 12582516 23306456
1755202750 1466 12582516 23306456
1755202751 1466 12582516 23306456
1755202752 1464 12582644 23306456
1755202753 1465 12582644 23306456
1755202754 1465 12582644 23306456
1755202756 1465 12582644 23306456
1755202757 1466 12582644 23306456
1755202758 1466 12582644 23306456
1755202759 1466 12582644 23306456
1755202760 1466 12582644 23306456
1755202761 1466 12582644 23306456
1755202762 1464 12582772 23306456
1755202763 1464 12582772 23306456
1755202764 1465 12582772 23306456
1755202765 1465 12582772 23306456
1755202767 1466 12582772 23306456
1755202768 1466 12582772 23306456
1755202769 1467 12583028 23306456
1755202770 1467 12583028 23306456
1755202771 1468 12583284 23306456
1755202772 1468 12583284 23306456
1755202773 1466 12583284 23306456
1755202774 1466 12583668 23306456
1755202775 1467 12583668 23306456
1755202777 1467 12583668 23306456
1755202778 1467 12583668 23306456
1755202779 1468 12583668 23306456
1755202780 1468 12583668 23306456
1755202781 1468 12583668 23306456
1755202782 1468 12583668 23306456
1755202783 1468 12583668 23306456
1755202784 1466 12583668 23306456
1755202785 1467 12583668 23306456
1755202786 1467 12583668 23306456
1755202788 1468 12583668 23306456
1755202789 1468 12583668 23306456
1755202790 1468 12583668 23306456
1755202791 1468 12583668 23306456
1755202792 1468 12583668 23306456
1755202793 1468 12583668 23306456
1755202794 1468 12583668 23306456
1755202795 1469 12583668 23306456
1755202796 1466 12583668 23306456
1755202797 1467 12583668 23306456
1755202798 1467 12583796 23306456
1755202800 1468 12583796 23306456
1755202801 1468 12583924 23306456
1755202802 1468 12583924 23306456
1755202803 1469 12583924 23306456
1755202804 1469 12584052 23306456
1755202805 1470 12584052 23306456
1755202806 1468 12584180 23306456
1755202807 1468 12584180 23306456
1755202808 1469 12584436 23306456
1755202810 1469 12584436 23306456
1755202811 1469 12584564 23306456
1755202812 1470 12584564 23306456
1755202813 1469 12584564 23306456
1755202814 1470 12584692 23306456
1755202815 1470 12584692 23306456
1755202816 1468 12584692 23306456
1755202817 1468 12584692 23306456
1755202818 1469 12584692 23306456
1755202819 1469 12584820 23306456
1755202821 1469 12584820 23306456
1755202822 1469 12584820 23306456
1755202823 1470 12584820 23306456
1755202824 1470 12584820 23306456
1755202825 1470 12584820 23306456
1755202826 1471 12584820 23306456
1755202827 1468 12584948 23306456
1755202828 1469 12584948 23306456
1755202829 1469 12584948 23306456
1755202831 1469 12585460 23306456
1755202832 1469 12585460 23306456
1755202833 1470 12585588 23306456
1755202834 1470 12585588 23306456
1755202835 1471 12585588 23306456
1755202836 1471 12585588 23306456
1755202837 1469 12585588 23306456
1755202838 1470 12585588 23306456
1755202839 1470 12585716 23306456
1755202841 1470 12585716 23306456
1755202842 1471 12585716 23306456
1755202843 1471 12585716 23306456
1755202844 1471 12585716 23306456
1755202845 1471 12585716 23306456
1755202846 1471 12585716 23306456
1755202847 1471 12585716 23306456
1755202848 1471 12585716 23306456
1755202849 1471 12585716 23306456
1755202850 1470 12585716 23306456
1755202851 1470 12585716 23306456
1755202852 1470 12585716 23306456
1755202854 1470 12585844 23306456
1755202855 1470 12585844 23306456
1755202856 1471 12585844 23306456
1755202857 1471 12586228 23306456
1755202858 1471 12586228 23306456
1755202859 1472 12586356 23306456
1755202860 1470 12586484 23306456
1755202861 1470 12586484 23306456
1755202862 1471 12586484 23306456
1755202864 1471 12586484 23306456
1755202865 1471 12586740 23306456
1755202866 1471 12586740 23306456
1755202867 1472 12586740 23306456
1755202868 1472 12586740 23306456
1755202869 1472 12586868 23306456
1755202870 1471 12586868 23306456
1755202871 1471 12586996 23306456
1755202872 1471 12586996 23306456
1755202874 1472 12586996 23306456
1755202875 1472 12587252 23306456
1755202876 1472 12587252 23306456
1755202877 1472 12587252 23306456
1755202878 1473 12587252 23306456
1755202879 1473 12587508 23306456
1755202880 1471 12587508 23306456
1755202881 1471 12587508 23306456
1755202882 1471 12587508 23306456
1755202883 1471 12587636 23306456
1755202884 1472 12587636 23306456
1755202886 1472 12587636 23306456
1755202887 1472 12587636 23306456
1755202888 1472 12587636 23306456
1755202889 1472 12587636 23306456
1755202890 1473 12587764 23306456
1755202891 1473 12587764 23306456
1755202892 1471 12587764 23306456
1755202893 1472 12587764 23306456
1755202894 1472 12587764 23306456
1755202895 1472 12587764 23306456
1755202897 1473 12587764 23306456
1755202898 1473 12587764 23306456
1755202899 1473 12588020 23306456
1755202900 1473 12588404 23306456
1755202901 1473 12588404 23306456
1755202902 1474 12588404 23306456
1755202903 1472 12588404 23306456
1755202904 1472 12588532 23306456
1755202905 1473 12588916 23306456
1755202906 1473 12588916 23306456
1755202908 1473 12588916 23306456
1755202909 1473 12589172 23306456
1755202910 1474 12589172 23306456
1755202911 1474 12589172 23306456
1755202912 1474 12589300 23306456
1755202913 1475 12589300 23306456
1755202914 1473 12589300 23306456
1755202915 1473 12589428 23306456
1755202916 1473 12589428 23306456
1755202918 1473 12589556 23306456
1755202919 1473 12589684 23306456
1755202920 1473 12589684 23306456
1755202921 1474 12589684 23306456
1755202922 1474 12589684 23306456
1755202923 1475 12589684 23306456
1755202924 1473 12589812 23306456
1755202925 1473 12589812 23306456
1755202926 1474 12589812 23306456
1755202928 1474 12589940 23306456
1755202929 1474 12590068 23306456
1755202930 1475 12590068 23306456
1755202931 1475 12590068 23306456
1755202932 1475 12590452 23306456
1755202933 1475 12590452 23306456
1755202934 1475 12590580 23306456
1755202935 1474 12590580 23306456
1755202936 1474 12590836 23306456
1755202937 1474 12590964 23306456
1755202939 1474 12590964 23306456
1755202940 1475 12591092 23306456
1755202941 1475 12591220 23306456
1755202942 1475 12591348 23306456
1755202943 1476 12591476 23306456
1755202944 1476 12591476 23306456
1755202945 1474 12591476 23306456
1755202946 1475 12591732 23306456
1755202947 1475 12591732 23306456
1755202949 1475 12591732 23306456
1755202950 1475 12591860 23306456
1755202951 1475 12591860 23306456
1755202952 1475 12591988 23306456
1755202953 1475 12591988 23306456
1755202954 1476 12592116 23306456
1755202955 1476 12592372 23306456
1755202956 1475 12592372 23306456
1755202957 1475 12592500 23306456
1755202958 1475 12592884 23306456
1755202960 1476 12593012 23306456
1755202961 1476 12593140 23306456
1755202962 1476 12593268 23306456
1755202963 1476 12593396 23306456
1755202964 1477 12593396 23306456
1755202965 1477 12593652 23306456
1755202966 1477 12593780 23306456
1755202967 1475 12593908 23306456
1755202968 1476 12594036 23306456
1755202969 1475 12594164 23306456
1755202970 1476 12594292 23306456
1755202972 1476 12594420 23306456
1755202973 1476 12594420 23306456
1755202974 1477 12594932 23306456
1755202975 1477 12595060 23306456
1755202976 1477 12595316 23306456
1755202977 1477 12595444 23306456
1755202978 1478 12595572 23306456
1755202979 1476 12595572 23306456
1755202980 1476 12595700 23306456
1755202981 1476 12596084 23306456
1755202982 1476 12596468 23306456
1755202984 1476 12596468 23306456
1755202985 1477 12596468 23306456
1755202986 1477 12596468 23306456
1755202987 1477 12597236 23306456
1755202988 1477 12597492 23306456
1755202989 1478 12597876 23306456
1755202990 1478 12598516 23306456
1755202991 1478 12599540 23306456
1755202992 1478 12600308 23306456
1755202993 1475 12605812 23306456
1755202994 1475 12632560 23306456
1755202995 1475 12742024 23306456
1755202996 1475 12940776 23306456
1755202998 1474 13159912 23306456
1755202999 1473 13159912 23306456
1755203000 1472 13159912 23306456
1755203001 1472 13159912 23306456
1755203002 1471 13942396 23306456
1755203003 1469 14161620 23306456
1755203004 1467 14180052 23306456
1755203005 1467 14786260 23306456
1755203006 1467 14786260 23306456
1755203007 1467 14786260 23306456
1755203008 1467 14786260 23306456
1755203009 1466 14786260 23306456
1755203010 1464 14786260 23306456
1755203011 1462 14786260 23306456
1755203012 1462 14786260 23306456
1755203013 1462 14960500 23306456
1755203014 1461 17913716 23306456
1755203015 1459 17913716 23306456
1755203016 1458 17913716 23306456
1755203018 1456 18655092 23306456
1755203019 1454 18849652 23306456
1755203020 1453 18849652 23306456
1755203021 1451 18849652 23306456
1755203022 1449 18849652 23306456
1755203023 1448 18849652 23306456
1755203024 1446 20004724 23306456
1755203025 1445 20994472 23306456
1755203026 1446 20994472 23306456
1755203027 1446 20994472 23306456
1755203028 1446 20994472 23306456
1755203029 1447 20994472 23306456
1755203030 1445 20994472 23306456
1755203031 1446 20994472 23306456
1755203032 1446 20994472 23306456
1755203034 1446 20994472 23306456
1755203035 1446 20994472 23306456
1755203036 1446 20994472 23306456
1755203037 1445 20994472 23306456
1755203038 1445 20994472 23306456
1755203039 1445 20994472 23306456
1755203040 1445 20994472 23306456
1755203041 1444 20994472 23306456
1755203042 1444 20994472 23306456
1755203043 1444 20994472 23306456
1755203045 1444 20994472 23306456
1755203046 1444 20994472 23306456
1755203047 1445 20994472 23306456
1755203048 1445 20994472 23306456
1755203049 1445 20994472 23306456
1755203050 1444 20994472 23306456
1755203051 1443 20994472 23306456
1755203052 1442 20994600 23306456
1755203053 1442 20994600 23306456
1755203054 1441 20994600 23306456
1755203055 1441 20994600 23306456
1755203056 1441 20994600 23306456
1755203057 1442 20994600 23306456
1755203059 1442 20994600 23306456
1755203060 1442 20994600 23306456
1755203061 1443 20994600 23306456
1755203062 1443 20994600 23306456
1755203063 1443 20994600 23306456
1755203064 1443 20994600 23306456
1755203065 1443 20994600 23306456
1755203066 1442 20994600 23306456
1755203067 1442 20994600 23306456
1755203068 1443 20994600 23306456
1755203069 1443 20994600 23306456
1755203071 1443 20994600 23306456
1755203072 1443 20994600 23306456
1755203073 1443 20994600 23306456
1755203074 1443 20994600 23306456
1755203075 1443 20994600 23306456
1755203076 1444 20994600 23306456
1755203077 1444 20994600 23306456
1755203078 1443 20994600 23306456
1755203079 1443 20994600 23306456
1755203080 1443 20994600 23306456
1755203081 1444 20994600 23306456
1755203083 1444 20994600 23306456
1755203084 1444 20994600 23306456
1755203085 1444 20994600 23306456
1755203086 1444 20994600 23306456
1755203087 1445 20994600 23306456
1755203088 1445 20994600 23306456
1755203089 1445 20994600 23306456
1755203090 1444 20994600 23306456
1755203091 1444 20994600 23306456
1755203092 1445 20994600 23306456
1755203094 1445 20994600 23306456
1755203095 1445 20994600 23306456
1755203096 1445 20994600 23306456
1755203097 1445 20994600 23306456
1755203098 1446 20994600 23306456
1755203099 1446 20994600 23306456
1755203100 1446 20994600 23306456
1755203101 1445 20994600 23306456
1755203102 1445 20994600 23306456
1755203103 1445 20994600 23306456
1755203105 1445 20994600 23306456
1755203106 1445 20994600 23306456
1755203107 1445 20994600 23306456
1755203108 1446 20994600 23306456
1755203109 1446 20994600 23306456
1755203110 1446 20994600 23306456
1755203111 1447 20994600 23306456
1755203112 1445 20994600 23306456
1755203113 1446 20994600 23306456
1755203114 1446 20994600 23306456
1755203115 1446 20994600 23306456
1755203117 1446 20994600 23306456
1755203118 1446 20994600 23306456
1755203119 1447 20994600 23306456
1755203120 1447 20994600 23306456
1755203121 1447 20994600 23306456
1755203122 1447 20994600 23306456
1755203123 1446 20994600 23306456
1755203124 1446 20994600 23306456
1755203125 1446 20994600 23306456
1755203126 1447 20994600 23306456
1755203128 1447 20994600 23306456
1755203129 1447 20994600 23306456
1755203130 1448 20994600 23306456
1755203131 1448 20994600 23306456
1755203132 1448 20994600 23306456
1755203133 1448 20994600 23306456
1755203134 1447 20994600 23306456
1755203135 1447 20994600 23306456
1755203136 1447 20994600 23306456
1755203137 1447 20994600 23306456
1755203139 1447 20994600 23306456
1755203140 1448 20994600 23306456
1755203141 1448 20994600 23306456
1755203142 1448 20994600 23306456
1755203143 1448 20994600 23306456
1755203144 1449 20994600 23306456
1755203145 1449 20994600 23306456
1755203146 1448 20994600 23306456
1755203147 1448 20994600 23306456
1755203148 1448 20994600 23306456
1755203149 1448 20994600 23306456
1755203151 1449 20994600 23306456
1755203152 1449 20994600 23306456
1755203153 1449 20994600 23306456
1755203154 1449 20994600 23306456
1755203155 1449 20994600 23306456
1755203156 1450 20994600 23306456
1755203157 1448 20994600 23306456
1755203158 1448 20994600 23306456
1755203159 1449 20994600 23306456
1755203160 1449 20994600 23306456
1755203162 1449 20994600 23306456
1755203163 1449 20994600 23306456
1755203164 1450 20994600 23306456
1755203165 1450 20994600 23306456
1755203166 1450 20994600 23306456
1755203167 1450 20994600 23306456
1755203168 1450 20994600 23306456
1755203169 1449 20994600 23306456
1755203170 1449 20994600 23306456
1755203171 1449 20994600 23306456
1755203173 1449 20994600 23306456
1755203174 1450 20994600 23306456
1755203175 1450 20994600 23306456
1755203176 1450 20994600 23306456
1755203177 1450 20994600 23306456
1755203178 1451 20994600 23306456
1755203179 1451 20994600 23306456
1755203180 1451 20994600 23306456
1755203181 1450 20994600 23306456
1755203182 1450 20994600 23306456
1755203183 1450 20994600 23306456
1755203185 1451 20994600 23306456
1755203186 1451 20994600 23306456
1755203187 1451 20994600 23306456
1755203188 1451 20994600 23306456
1755203189 1451 20994600 23306456
1755203190 1451 20994600 23306456
1755203191 1452 20994600 23306456
1755203192 1450 20994600 23306456
1755203193 1451 20994600 23306456
1755203194 1451 20994600 23306456
1755203196 1451 20994600 23306456
1755203197 1452 20994600 23306456
1755203198 1452 20994600 23306456
1755203199 1452 20994600 23306456
1755203200 1452 20994600 23306456
1755203201 1452 20994600 23306456
1755203202 1452 20994600 23306456
1755203203 1451 20994600 23306456
1755203204 1451 20994600 23306456
1755203205 1451 20994600 23306456
1755203207 1452 20994600 23306456
1755203208 1452 20994600 23306456
1755203209 1452 20994600 23306456
1755203210 1452 20994600 23306456
1755203211 1453 20994600 23306456
1755203212 1453 20994600 23306456
1755203213 1452 20994600 23306456
1755203214 1452 20994600 23306456
1755203215 1452 20994600 23306456
1755203217 1452 20994600 23306456
1755203218 1453 20994600 23306456
1755203219 1453 20994600 23306456
1755203220 1453 20994600 23306456
1755203221 1453 20994600 23306456
1755203222 1453 20994600 23306456
1755203223 1453 20994600 23306456
1755203224 1452 20994600 23306456
1755203225 1452 20994600 23306456
1755203226 1453 20994600 23306456
1755203228 1453 20994600 23306456
1755203229 1453 20994600 23306456
1755203230 1453 20994600 23306456
1755203231 1453 20994600 23306456
1755203232 1453 20994600 23306456
1755203233 1454 20994600 23306456
1755203234 1454 20994600 23306456
1755203235 1453 20994600 23306456
1755203236 1453 20994600 23306456
1755203237 1453 20994600 23306456
1755203238 1453 20994600 23306456
1755203240 1454 20994600 23306456
1755203241 1454 20994600 23306456
1755203242 1454 20994600 23306456
1755203243 1454 20994600 23306456
1755203244 1454 20994600 23306456
1755203245 1455 20994600 23306456
1755203246 1455 20994600 23306456
1755203247 1454 20994600 23306456
1755203248 1454 20994600 23306456
1755203249 1454 20994600 23306456
1755203251 1454 20994600 23306456
1755203252 1454 20994600 23306456
1755203253 1454 20994600 23306456
1755203254 1454 20994600 23306456
1755203255 1455 20994600 23306456
1755203256 1455 20994600 23306456
1755203257 1455 20994600 23306456
1755203258 1454 20994600 23306456
1755203259 1454 20994600 23306456
1755203260 1454 20994600 23306456
1755203261 1454 20994600 23306456
1755203263 1455 20994600 23306456
1755203264 1455 20994600 23306456
1755203265 1455 20994600 23306456
1755203266 1455 20994600 23306456
1755203267 1455 20994600 23306456
1755203268 1456 9489512 10804728
1755203269 1454 12683060 13962500
1755203270 1454 12683060 13962500
1755203271 1455 12683060 13962500
1755203273 1455 12683060 13962500
1755203274 1455 12683060 13962500
1755203275 1455 12683060 13962500
1755203276 1455 12683060 13962500
1755203277 1455 12683060 13962500
1755203278 1456 12683060 13962500
1755203279 1456 12683060 13962500
1755203280 1456 12683060 13962500
1755203281 1455 12683060 13962500
1755203282 1455 12683060 13962500
1755203283 1455 12683060 13962500
1755203285 1455 12683060 13962500
1755203286 1455 12683060 13962500
1755203287 1456 12683060 13962500
1755203288 1456 12683060 13962500
1755203289 1456 12683060 13962500
1755203290 1456 12683060 13962500
1755203291 1456 12683060 13962500
1755203292 1455 12683060 13962500
1755203293 1455 12683060 13962500
1755203294 1455 12683060 13962500
1755203295 1455 12683060 13962500
1755203297 1456 12683060 13962500
1755203298 1456 12683060 13962500
1755203299 1456 12683060 13962500
1755203300 1456 12683060 13962500
1755203301 1456 12683060 13962500
1755203302 1457 12683060 13962500
1755203303 1457 12683060 13962500
1755203304 1456 12683060 13962500
1755203305 1456 8838828 10837496
1755203306 1456 9558060 10837496
1755203307 1456 9558060 10837496
1755203309 1456 9558060 10837496
1755203310 1456 9558060 10837496
1755203311 1456 9558060 10837496
1755203312 1456 9558060 10837496
1755203313 1456 9558060 10837496
1755203314 1457 9558060 10837496
1755203315 1457 9558060 10837496
1755203316 1456 9558060 10837496
1755203317 1456 9558060 10837496
1755203318 1456 9558060 10837496
1755203320 1456 9558060 10837496
1755203321 1456 9558060 10837496
1755203322 1456 9558060 10837496
1755203323 1457 9558060 10837496
1755203324 1457 9558060 10837496
1755203325 1457 9558060 10837496
1755203326 1456 9558060 10837496
1755203327 1456 9558060 10837496
1755203328 1456 9558060 10837496
1755203329 1456 9558060 10837496
1755203331 1456 9558060 10837496
1755203332 1457 9558060 10837496
1755203333 1457 9558060 10837496
1755203334 1457 9558060 10837496
1755203335 1457 9558060 10837496
1755203336 1457 9558060 10837496
1755203337 1458 9558060 10837496
1755203338 1457 9558060 10837496
1755203339 1457 9558060 10837496
1755203340 1457 9558060 10837496
1755203342 1457 10496036 17087504
1755203343 1456 12830268 20212508
1755203344 1455 15903532 20603136
