1755175490  0.0 17792 677012
1755175491  323 1289644 2958760
1755175492  213 1199724 2958760
1755175493  360 3185524 6898648
1755175494  669 3188212 6899176
1755175495  839 3188212 6899176
1755175496  844 3188212 6899176
1755175497  952 3188212 6899176
1755175498 1032 3188212 6899176
1755175500 1105 3188212 6899176
1755175501 1164 3188212 6899176
1755175502 1202 3188212 6899176
1755175503 1235 3188212 6899176
1755175504 1263 3188340 6899176
1755175505 1279 3188340 6899176
1755175506 1301 3188724 6899176
1755175507 1249 3189748 6899176
1755175508 1275 3189748 6899176
1755175509 1292 3189748 6899176
1755175511 1313 3189748 6899176
1755175512 1330 3189748 6899176
1755175513 1350 3189748 6899176
1755175514 1363 3189748 6899176
1755175515 1377 3189748 6899176
1755175516 1391 3189748 6899176
1755175517 1353 3189748 6899176
1755175518 1362 3189748 6899176
1755175519 1369 3189748 6899176
1755175520 1376 3189748 6899176
1755175522 1380 3189748 6899176
1755175523 1385 3189876 6899176
1755175524 1389 3189876 6899176
1755175525 1395 3190004 6899176
1755175526 1399 3190004 6899176
1755175527 1408 3190004 6899176
1755175528 1380 3190132 6899176
1755175529 1388 3190132 6899176
1755175530 1396 3190132 6899176
1755175531 1404 3190260 6899176
1755175533 1412 3190260 6899176
1755175534 1419 3190260 6899176
1755175535 1427 3190260 6899176
1755175536 1433 3190260 6899176
1755175537 1437 3190260 6899176
1755175538 1441 3190388 6899176
1755175539 1415 3191156 6899176
1755175540 1419 3191284 6899176
1755175541 1423 3191284 6899176
1755175543 1430 3191540 6899176
1755175544 1435 3191668 6899176
1755175545 1441 3191796 6899176
1755175546 1447 3191796 6899176
1755175547 1452 3191796 6899176
1755175548 1457 3191796 6899176
1755175549 1437 3191924 6899176
1755175550 1442 3191924 6899176
1755175551 1445 3192052 6899176
1755175553 1446 3192180 6899176
1755175554 1445 3192180 6899176
1755175555 1445 3192180 6899176
1755175556 1445 3192180 6899176
1755175557 1446 3192180 6899176
1755175558 1450 3192180 6899176
1755175559 1454 3192180 6899176
1755175560 1458 3192308 6899176
1755175561 1440 3192308 6899176
1755175562 1444 3192436 6899176
1755175563 1449 3192564 6899176
1755175565 1453 3192948 6899176
1755175566 1456 3193460 6899176
1755175567 1460 3193844 6899176
1755175568 1462 3193844 6899176
1755175569 1466 3193844 6899176
1755175570 1469 3193844 6899176
1755175571 1454 3193972 6899176
1755175572 1456 3193972 6899176
1755175573 1458 3194228 6899176
1755175575 1460 3194228 6899176
1755175576 1461 3194228 6899176
1755175577 1464 3194228 6899176
1755175578 1467 3194228 6899176
1755175579 1470 3194484 6899176
1755175580 1473 3194868 6899176
1755175581 1475 3194996 6899176
1755175582 1461 3195252 6899176
1755175583 1463 3195636 6899176
1755175584 1464 3195764 6899176
1755175585 1465 3195764 6899176
1755175587 1465 3195764 6899176
1755175588 1465 3195764 6899176
1755175589 1466 3195892 6899176
1755175590 1468 3195892 6899176
1755175591 1468 3196276 6899176
1755175592 1470 3196276 6899176
1755175593 1472 3196276 6899176
1755175594 1460 3196532 6899176
1755175595 1463 3197044 6899176
1755175596 1465 3197684 6899176
1755175597 1467 3197812 6899176
1755175599 1469 3197940 6899176
1755175600 1471 3198452 6899176
1755175601 1473 3198964 6899176
1755175602 1475 3199860 6899176
1755175603 1477 3200500 6899176
1755175604 1476 3214148 6899176
1755175605 1476 3348232 6899176
1755175606 1471 3755936 6899176
1755175607 1454 3755936 6899176
1755175608 1448 4538352 6899176
1755175609 1437 4769776 6899176
1755175610 1430 5316720 6899176
1755175611 1432 5316720 6899176
1755175613 1432 5316720 6899176
1755175614 1430 5316720 6899176
1755175615 1429 5316848 6899176
1755175616 1429 5316848 6899176
1755175617 1430 5316848 6899176
1755175618 1432 5316848 6899176
1755175619 1434 5316848 6899176
1755175620 1435 5316848 6899176
1755175621 1426 5316848 6899176
1755175622 1427 5316848 6899176
1755175623 1428 5316848 6899176
1755175624 1430 5316848 6899176
1755175626 1433 5316848 6899176
1755175627 1434 5316848 6899176
1755175628 1437 5316848 6899176
1755175629 1438 5316848 6899176
1755175630 1440 5316848 6899176
1755175631 1442 5316848 6899176
1755175632 1444 5316848 6899176
1755175633 1436 5316848 6899176
1755175634 1438 5316848 6899176
1755175635 1440 5316848 6899176
1755175637 1442 5316848 6899176
1755175638 1444 5316848 6899176
1755175639 1445 5316848 6899176
1755175640 1446 5316848 6899176
1755175641 1447 5316848 6899176
1755175642 1448 5316848 6899176
1755175643 1449 5316848 6899176
1755175644 1450 5316848 6899176
1755175645 1442 5316848 6899176
1755175646 1442 5316848 6899176
1755175647 1443 5316848 6899176
1755175648 1444 3254736 4587328
1755175650 1445 3254736 4587328
1755175651 1447 3254736 4587328
1755175652 1449 3254736 4587328
1755175653 1450 2473388 3806076
1755175654 1450 2473388 3806076
1755175655 1450 2473388 3806076
1755175656 1450 2473388 3806076
1755175657 1451 2473388 3806076
1755175658 1437 129740 1462320
