1755181815  0.0 16768 676412
1755181816  327 1191444 3153896
1755181817  214 3179272 4911904
1755181818  177 3310360 4911904
1755181819  158 3314832 4911904
1755181820  122 7086680 13702268
1755181821  287 7094064 13735036
1755181822  474 7100464 13735660
1755181824  612 7100464 13735660
1755181825  729 7100464 13735660
1755181826  819 7100464 13735660
1755181827  898 7100464 13735660
1755181828  959 7100464 13735660
1755181829 1010 7100464 13735660
1755181830 1056 7100464 13735660
1755181831 1035 7100464 13735660
1755181832 1076 7100464 13735660
1755181834 1109 7100464 13735660
1755181835 1141 7100464 13735660
1755181836 1170 7100464 13735660
1755181837 1198 7100464 13735660
1755181838 1213 7100464 13735660
1755181839 1227 7100464 13735660
1755181840 1190 7100464 13735660
1755181841 1197 7100464 13735660
1755181842 1203 7100464 13735660
1755181843 1209 7100464 13735660
1755181845 1222 7100464 13735660
1755181846 1233 7100464 13735660
1755181847 1250 7100464 13735660
1755181848 1264 7100464 13735660
1755181849 1276 7100464 13735660
1755181850 1253 7100464 13735660
1755181851 1267 7100464 13735660
1755181852 1280 7100464 13735660
1755181854 1292 7100464 13735660
1755181855 1304 7100464 13735660
1755181856 1314 7100464 13735660
1755181857 1325 7100464 13735660
1755181858 1335 7100464 13735660
1755181859 1345 7100464 13735660
1755181860 1324 7100464 13735660
1755181861 1331 7100592 13735660
1755181862 1339 7100592 13735660
1755181864 1347 7100592 13735660
1755181865 1355 7100592 13735660
1755181866 1363 7100592 13735660
1755181867 1370 7100592 13735660
1755181868 1379 7100592 13735660
1755181869 1358 7100592 13735660
1755181870 1361 7100592 13735660
1755181871 1365 7100592 13735660
1755181873 1369 7101104 13735660
1755181874 1373 7101232 13735660
1755181875 1375 7101232 13735660
1755181876 1379 7101232 13735660
1755181877 1380 7101488 13735660
1755181878 1382 7101488 13735660
1755181879 1365 7101488 13735660
1755181880 1367 7101488 13735660
1755181881 1372 7102256 13735660
1755181883 1377 7102256 13735660
1755181884 1383 7102256 13735660
1755181885 1388 7102512 13735660
1755181886 1393 7102512 13735660
1755181887 1398 7102512 13735660
1755181888 1403 7102512 13735660
1755181889 1389 7102512 13735660
1755181890 1394 7102512 13735660
1755181892 1399 7102512 13735660
1755181893 1402 7102512 13735660
1755181894 1406 7102512 13735660
1755181895 1410 7102512 13735660
1755181896 1415 7102512 13735660
1755181897 1418 7102512 13735660
1755181898 1405 7102512 13735660
1755181899 1409 7102512 13735660
1755181900 1412 7102512 13735660
1755181902 1413 7102512 13735660
1755181903 1414 7102512 13735660
1755181904 1416 7102512 13735660
1755181905 1418 7102512 13735660
1755181906 1420 7102512 13735660
1755181907 1423 7102512 13735660
1755181908 1411 7102512 13735660
1755181909 1413 7102512 13735660
1755181910 1415 7102512 13735660
1755181912 1415 7102512 13735660
1755181913 1416 7102512 13735660
1755181914 1418 7102512 13735660
1755181915 1420 7102512 13735660
1755181916 1423 7102512 13735660
1755181917 1426 7102512 13735660
1755181918 1415 7102512 13735660
1755181919 1419 7102512 13735660
1755181920 1422 7102512 13735660
1755181922 1425 7102512 13735660
1755181923 1427 7102512 13735660
1755181924 1430 7102512 13735660
1755181925 1432 7102512 13735660
1755181926 1435 7102512 13735660
1755181927 1437 7102512 13735660
1755181928 1428 7102640 13735660
1755181929 1430 7102640 13735660
1755181930 1432 7102640 13735660
1755181931 1434 7102640 13735660
1755181933 1434 7102640 13735660
1755181934 1435 7102640 13735660
1755181935 1436 7102640 13735660
1755181936 1437 7102640 13735660
1755181937 1438 7102640 13735660
1755181938 1441 7102640 13735660
1755181939 1432 7102640 13735660
1755181940 1434 7102640 13735660
1755181941 1436 7102640 13735660
1755181943 1439 7102640 13735660
1755181944 1439 7102640 13735660
1755181945 1441 7103024 13735660
1755181946 1442 7103024 13735660
1755181947 1442 7103024 13735660
1755181948 1444 7103152 13735660
1755181949 1434 7103664 13735660
1755181950 1436 7103664 13735660
1755181951 1438 7104048 13735660
1755181953 1440 7104048 13735660
1755181954 1442 7104048 13735660
1755181955 1444 7104304 13735660
1755181956 1445 7104304 13735660
1755181957 1448 7104432 13735660
1755181958 1450 7104432 13735660
1755181959 1442 7104432 13735660
1755181960 1444 7104560 13735660
1755181961 1446 7104560 13735660
1755181963 1448 7104560 13735660
1755181964 1449 7104560 13735660
1755181965 1449 7104560 13735660
1755181966 1449 7104560 13735660
1755181967 1450 7104560 13735660
1755181968 1451 7104560 13735660
1755181969 1452 7104560 13735660
1755181970 1445 7104560 13735660
1755181971 1447 7104560 13735660
1755181972 1448 7104560 13735660
1755181974 1450 7104560 13735660
1755181975 1451 7104560 13735660
1755181976 1452 7104560 13735660
1755181977 1455 7104560 13735660
1755181978 1456 7104560 13735660
1755181979 1457 7104560 13735660
1755181980 1449 7104560 13735660
1755181981 1450 7104560 13735660
1755181982 1450 7104560 13735660
1755181984 1451 7104560 13735660
1755181985 1452 7104560 13735660
1755181986 1453 7104560 13735660
1755181987 1455 7104560 13735660
1755181988 1456 7104560 13735660
1755181989 1458 7104688 13735660
1755181990 1451 7104688 13735660
1755181991 1453 7104688 13735660
1755181992 1454 7104688 13735660
1755181994 1456 7104688 13735660
1755181995 1457 7104688 13735660
1755181996 1458 7104688 13735660
1755181997 1458 7104688 13735660
1755181998 1458 7104688 13735660
1755181999 1459 7104688 13735660
1755182000 1459 7104816 13735660
1755182001 1453 7104816 13735660
1755182002 1454 7104944 13735660
1755182003 1456 7104944 13735660
1755182005 1457 7105456 13735660
1755182006 1458 7105456 13735660
1755182007 1459 7105712 13735660
1755182008 1461 7105712 13735660
1755182009 1462 7105840 13735660
1755182010 1464 7105840 13735660
1755182011 1458 7106096 13735660
1755182012 1459 7106096 13735660
1755182013 1460 7106096 13735660
1755182015 1461 7106352 13735660
1755182016 1461 7106352 13735660
1755182017 1462 7106608 13735660
1755182018 1463 7106608 13735660
1755182019 1463 7106608 13735660
1755182020 1463 7106608 13735660
1755182021 1457 7106608 13735660
1755182022 1459 7106608 13735660
1755182023 1460 7106608 13735660
1755182025 1461 7106608 13735660
1755182026 1463 7106608 13735660
1755182027 1464 7106608 13735660
1755182028 1464 7106608 13735660
1755182029 1464 7106608 13735660
1755182030 1465 7106608 13735660
1755182031 1458 7106608 13735660
1755182032 1459 7106608 13735660
1755182033 1461 7106608 13735660
1755182035 1462 7106608 13735660
1755182036 1463 7106736 13735660
1755182037 1464 7106736 13735660
1755182038 1465 7106736 13735660
1755182039 1466 7106736 13735660
1755182040 1467 7106736 13735660
1755182041 1469 7106736 13735660
1755182042 1463 7106736 13735660
1755182043 1465 7106736 13735660
1755182045 1466 7106736 13735660
1755182046 1467 7106864 13735660
1755182047 1468 7106864 13735660
1755182048 1469 7106992 13735660
1755182049 1469 7106992 13735660
1755182050 1470 7107248 13735660
1755182051 1470 7107248 13735660
1755182052 1464 7107248 13735660
1755182053 1464 7107248 13735660
1755182054 1465 7107632 13735660
1755182056 1466 7107760 13735660
1755182057 1467 7108144 13735660
1755182058 1468 7108144 13735660
1755182059 1468 7108272 13735660
1755182060 1468 7108272 13735660
1755182061 1469 7108272 13735660
1755182062 1469 7108272 13735660
1755182063 1464 7108272 13735660
1755182064 1465 7108400 13735660
1755182065 1466 7108400 13735660
1755182067 1467 7108400 13735660
1755182068 1468 7108528 13735660
1755182069 1469 7108528 13735660
1755182070 1469 7108528 13735660
1755182071 1470 7108656 13735660
1755182072 1472 7108656 13735660
1755182073 1467 7108656 13735660
1755182074 1468 7108656 13735660
1755182075 1469 7108656 13735660
1755182077 1470 7108784 13735660
1755182078 1471 7108784 13735660
1755182079 1472 7108784 13735660
1755182080 1473 7108912 13735660
1755182081 1474 7108912 13735660
1755182082 1474 7108912 13735660
1755182083 1469 7108912 13735660
1755182084 1470 7108912 13735660
1755182085 1470 7108912 13735660
1755182086 1471 7108912 13735660
1755182088 1471 7108912 13735660
1755182089 1472 7108912 13735660
1755182090 1472 7109168 13735660
1755182091 1472 7109168 13735660
1755182092 1472 7109296 13735660
1755182093 1473 7109296 13735660
1755182094 1468 7109552 13735660
1755182095 1469 7110320 13735660
1755182096 1470 7110320 13735660
1755182098 1471 7110320 13735660
1755182099 1471 7110320 13735660
1755182100 1472 7110320 13735660
1755182101 1473 7110448 13735660
1755182102 1474 7110576 13735660
1755182103 1475 7110576 13735660
1755182104 1470 7110576 13735660
1755182105 1471 7110576 13735660
1755182106 1472 7110704 13735660
1755182107 1473 7110704 13735660
1755182109 1474 7110704 13735660
1755182110 1475 7110704 13735660
1755182111 1476 7110960 13735660
1755182112 1477 7110960 13735660
1755182113 1477 7110960 13735660
1755182114 1478 7110960 13735660
1755182115 1474 7111216 13735660
1755182116 1475 7111216 13735660
1755182117 1475 7111344 13735660
1755182119 1475 7111344 13735660
1755182120 1476 7111600 13735660
1755182121 1476 7111856 13735660
1755182122 1476 7111856 13735660
1755182123 1476 7111856 13735660
1755182124 1476 7112368 13735660
1755182125 1476 7112368 13735660
1755182126 1472 7112496 13735660
1755182127 1473 7112496 13735660
1755182128 1473 7112496 13735660
1755182130 1474 7112496 13735660
1755182131 1475 7112496 13735660
1755182132 1476 7112624 13735660
1755182133 1476 7112624 13735660
1755182134 1477 7112752 13735660
1755182135 1478 7112880 13735660
1755182136 1474 7113008 13735660
1755182137 1475 7113264 13735660
1755182138 1475 7113392 13735660
1755182139 1476 7113520 13735660
1755182141 1477 7113904 13735660
1755182142 1478 7114288 13735660
1755182143 1478 7114288 13735660
1755182144 1479 7114544 13735660
1755182145 1480 7114544 13735660
1755182146 1480 7114544 13735660
1755182147 1477 7114672 13735660
1755182148 1477 7114928 13735660
1755182149 1478 7115056 13735660
1755182150 1479 7115056 13735660
1755182152 1479 7115312 13735660
1755182153 1479 7115568 13735660
1755182154 1479 7115568 13735660
1755182155 1479 7115568 13735660
1755182156 1479 7115696 13735660
1755182157 1479 7116080 13735660
1755182158 1479 7116464 13735660
1755182159 1480 7116464 13735660
1755182160 1476 7116464 13735660
1755182161 1477 7116464 13735660
1755182162 1477 7116720 13735660
1755182163 1478 7116976 13735660
1755182165 1478 7117232 13735660
1755182166 1479 7118000 13735660
1755182167 1480 7118512 13735660
1755182168 1480 7118896 13735660
1755182169 1481 7120560 13735660
1755182170 1480 7120944 13735660
1755182171 1480 7201424 13735660
1755182172 1480 7340720 13735660
1755182173 1478 7439024 13735660
1755182174 1477 7879400 13735660
1755182175 1470 8354536 13735660
1755182176 1470 8354536 13735660
1755182177 1468 8354536 13735660
1755182178 1467 8354536 13735660
1755182179 1466 9614176 13735660
1755182180 1462 10113888 13735660
1755182181 1458 10638220 13735660
1755182182 1455 10638220 13735660
1755182184 1451 10757004 13735660
1755182185 1447 11486092 13735660
1755182186 1446 11851276 13735660
1755182187 1446 11851276 13735660
1755182188 1447 11851276 13735660
1755182189 1447 11851276 13735660
1755182190 1448 11851276 13735660
1755182191 1446 11851276 13735660
1755182192 1443 11851276 13735660
1755182193 1443 11851276 13735660
1755182194 1444 11851276 13735660
1755182196 1444 11851276 13735660
1755182197 1442 11851276 13735660
1755182198 1442 11851532 13735660
1755182199 1443 11851532 13735660
1755182200 1443 11851532 13735660
1755182201 1444 11851532 13735660
1755182202 1445 11851532 13735660
1755182203 1445 11851532 13735660
1755182204 1442 11851532 13735660
1755182205 1443 11851532 13735660
1755182206 1444 11851532 13735660
1755182207 1444 11851532 13735660
1755182209 1445 11851532 13735660
1755182210 1446 11851532 13735660
1755182211 1446 11851532 13735660
1755182212 1447 11851532 13735660
1755182213 1448 11851532 13735660
1755182214 1448 11851532 13735660
1755182215 1448 11851532 13735660
1755182216 1445 11851532 13735660
1755182217 1445 11851532 13735660
1755182218 1445 11851532 13735660
1755182220 1446 11851532 13735660
1755182221 1446 11851532 13735660
1755182222 1447 11851532 13735660
1755182223 1447 11851532 13735660
1755182224 1447 11851532 13735660
1755182225 1448 11851532 13735660
1755182226 1448 11851532 13735660
1755182227 1445 11851532 13735660
1755182228 1446 11851532 13735660
1755182229 1446 11851532 13735660
1755182230 1447 11851532 13735660
1755182232 1448 11851532 13735660
1755182233 1448 11851532 13735660
1755182234 1449 11851532 13735660
1755182235 1449 11851532 13735660
1755182236 1450 11851532 13735660
1755182237 1451 11851532 13735660
1755182238 1448 11851532 13735660
1755182239 1448 11851532 13735660
1755182240 1449 11851532 13735660
1755182241 1450 11851532 13735660
1755182243 1450 11851532 13735660
1755182244 1451 11851532 13735660
1755182245 1451 11851532 13735660
1755182246 1452 11851532 13735660
1755182247 1452 11851532 13735660
1755182248 1452 11851532 13735660
1755182249 1452 11851532 13735660
1755182250 1449 11851532 13735660
1755182251 1450 11851532 13735660
1755182252 1450 11851532 13735660
1755182253 1451 11851532 13735660
1755182255 1451 11851532 13735660
1755182256 1451 11851532 13735660
1755182257 1452 11851532 13735660
1755182258 1452 11851532 13735660
1755182259 1452 11851532 13735660
1755182260 1453 11851532 13735660
1755182261 1453 11851532 13735660
1755182262 1450 11851532 13735660
1755182263 1451 11851532 13735660
1755182264 1452 11851532 13735660
1755182265 1452 11851532 13735660
1755182267 1453 11851532 13735660
1755182268 1453 11851532 13735660
1755182269 1454 11851532 13735660
1755182270 1454 11851532 13735660
1755182271 1455 11851532 13735660
1755182272 1455 11851532 13735660
1755182273 1456 11851532 13735660
1755182274 1453 11851532 13735660
1755182275 1454 11851532 13735660
1755182276 1454 11851532 13735660
1755182277 1455 11851532 13735660
1755182279 1455 11851532 13735660
1755182280 1455 11851532 13735660
1755182281 1455 11851532 13735660
1755182282 1456 11851532 13735660
1755182283 1456 11851532 13735660
1755182284 1457 11851532 13735660
1755182285 1457 11851532 13735660
1755182286 1454 11851532 13735660
1755182287 1454 11851532 13735660
1755182288 1455 11851532 13735660
1755182289 1455 11851532 13735660
1755182291 1456 11851532 13735660
1755182292 1456 6133168 8493696
1755182293 1456 7188060 8493696
1755182294 1456 7188060 8493696
1755182295 1457 7188060 8493696
1755182296 1454 7188060 8493696
1755182297 1455 7188060 8493696
1755182298 1455 7188060 8493696
1755182299 1456 7188060 8493696
1755182301 1456 7188060 8493696
1755182302 1457 7188060 8493696
1755182303 1457 7188060 8493696
1755182304 1458 7188060 8493696
1755182305 1459 7188060 8493696
1755182306 1459 7188060 8493696
1755182307 1457 7188060 8493696
1755182308 1456 5430292 6735880
1755182309 1457 5430292 6735880
1755182311 1457 5430292 6735880
1755182312 1457 5430292 6735880
1755182313 1457 5430292 6735880
1755182314 1457 5430292 6735880
1755182315 1458 5430292 6735880
1755182316 1458 5430292 6735880
1755182317 1459 5430292 6735880
1755182318 1456 5430292 6735880
1755182319 1457 5430292 6735880
1755182320 1457 5430292 6735880
1755182321 1457 5430292 6735880
1755182323 1457 5430292 6735880
1755182324 1457 5749048 10251512
1755182325 1455 9005992 12009328
