1755188603  0.0 18176 678036
1755188604  308 1148000 3788704
1755188605  205 2494700 6181420
1755188606  128 4737260 6181420
1755188607  123 4076516 6181420
1755188608  120 2611948 6181420
1755188609  117 6480256 8574000
1755188610  115 9625352 18145820
1755188611  227 9630052 18178588
1755188612  377 9634148 18178588
1755188614  490 9640760 18179236
1755188615  586 9640760 18179236
1755188616  659 9640760 18179236
1755188617  715 9640760 18179236
1755188618  775 9640760 18179236
1755188619  787 9640760 18179236
1755188620  835 9640760 18179236
1755188621  884 9640760 18179236
1755188623  926 9640760 18179236
1755188624  966 9640760 18179236
1755188625  999 9640760 18179236
1755188626 1031 9640760 18179236
1755188627 1055 9640760 18179236
1755188628 1076 9640760 18179236
1755188629 1099 9640760 18179236
1755188630 1075 9640760 18179236
1755188631 1099 9640888 18179236
1755188632 1120 9640888 18179236
1755188634 1140 9640888 18179236
1755188635 1151 9640888 18179236
1755188636 1163 9640888 18179236
1755188637 1174 9640888 18179236
1755188638 1182 9640888 18179236
1755188639 1194 9640888 18179236
1755188640 1207 9640888 18179236
1755188641 1219 9640888 18179236
1755188642 1200 9640888 18179236
1755188643 1213 9640888 18179236
1755188644 1226 9640888 18179236
1755188646 1237 9640888 18179236
1755188647 1249 9641144 18179236
1755188648 1253 9641144 18179236
1755188649 1259 9641144 18179236
1755188650 1266 9641144 18179236
1755188651 1273 9641144 18179236
1755188652 1255 9641144 18179236
1755188653 1266 9641272 18179236
1755188655 1274 9641272 18179236
1755188656 1283 9641400 18179236
1755188657 1292 9641400 18179236
1755188658 1300 9641784 18179236
1755188659 1308 9641784 18179236
1755188660 1316 9641784 18179236
1755188661 1299 9641784 18179236
1755188662 1302 9641784 18179236
1755188663 1308 9642040 18179236
1755188664 1312 9642040 18179236
1755188666 1315 9642040 18179236
1755188667 1319 9642040 18179236
1755188668 1323 9642040 18179236
1755188669 1326 9642040 18179236
1755188670 1330 9642168 18179236
1755188671 1333 9642168 18179236
1755188672 1316 9642168 18179236
1755188673 1319 9642168 18179236
1755188674 1324 9642168 18179236
1755188676 1330 9642296 18179236
1755188677 1336 9642296 18179236
1755188678 1341 9642296 18179236
1755188679 1345 9642296 18179236
1755188680 1347 9642296 18179236
1755188681 1350 9642424 18179236
1755188682 1338 9642424 18179236
1755188683 1342 9642424 18179236
1755188684 1345 9642424 18179236
1755188686 1348 9642424 18179236
1755188687 1351 9642424 18179236
1755188688 1355 9642424 18179236
1755188689 1360 9642424 18179236
1755188690 1364 9642424 18179236
1755188691 1369 9642424 18179236
1755188692 1358 9642424 18179236
1755188693 1362 9642424 18179236
1755188694 1366 9642424 18179236
1755188696 1370 9642424 18179236
1755188697 1371 9642424 18179236
1755188698 1371 9642424 18179236
1755188699 1372 9642424 18179236
1755188700 1374 9642424 18179236
1755188701 1376 9642424 18179236
1755188702 1364 9642424 18179236
1755188703 1367 9642424 18179236
1755188704 1368 9642424 18179236
1755188705 1370 9642424 18179236
1755188707 1374 9642424 18179236
1755188708 1377 9642424 18179236
1755188709 1381 9642424 18179236
1755188710 1383 9642424 18179236
1755188711 1384 9642424 18179236
1755188712 1374 9642552 18179236
1755188713 1376 9642552 18179236
1755188714 1379 9642552 18179236
1755188716 1382 9642552 18179236
1755188717 1385 9642552 18179236
1755188718 1388 9642552 18179236
1755188719 1389 9642552 18179236
1755188720 1391 9642552 18179236
1755188721 1393 9642552 18179236
1755188722 1396 9642552 18179236
1755188723 1387 9642552 18179236
1755188724 1390 9642552 18179236
1755188726 1393 9642552 18179236
1755188727 1396 9642680 18179236
1755188728 1398 9642680 18179236
1755188729 1399 9642680 18179236
1755188730 1400 9642680 18179236
1755188731 1400 9642680 18179236
1755188732 1402 9642808 18179236
1755188733 1392 9642808 18179236
1755188734 1393 9642808 18179236
1755188735 1395 9642808 18179236
1755188737 1397 9642808 18179236
1755188738 1399 9642808 18179236
1755188739 1402 9642808 18179236
1755188740 1405 9642808 18179236
1755188741 1407 9643064 18179236
1755188742 1408 9643064 18179236
1755188743 1399 9643064 18179236
1755188744 1400 9643064 18179236
1755188745 1402 9643064 18179236
1755188747 1405 9643064 18179236
1755188748 1407 9643064 18179236
1755188749 1410 9643064 18179236
1755188750 1412 9643064 18179236
1755188751 1414 9643064 18179236
1755188752 1407 9643064 18179236
1755188753 1407 9643064 18179236
1755188754 1409 9643064 18179236
1755188756 1410 9643192 18179236
1755188757 1411 9643192 18179236
1755188758 1413 9643192 18179236
1755188759 1416 9643192 18179236
1755188760 1416 9643192 18179236
1755188761 1417 9643576 18179236
1755188762 1409 9643576 18179236
1755188763 1409 9643576 18179236
1755188764 1410 9643576 18179236
1755188765 1410 9643576 18179236
1755188767 1411 9643704 18179236
1755188768 1412 9643704 18179236
1755188769 1413 9643704 18179236
1755188770 1415 9643704 18179236
1755188771 1417 9644088 18179236
1755188772 1419 9644088 18179236
1755188773 1412 9644088 18179236
1755188774 1413 9644088 18179236
1755188775 1413 9644088 18179236
1755188777 1414 9644088 18179236
1755188778 1416 9644088 18179236
1755188779 1418 9644088 18179236
1755188780 1420 9644216 18179236
1755188781 1422 9644216 18179236
1755188782 1423 9644216 18179236
1755188783 1417 9644216 18179236
1755188784 1419 9644216 18179236
1755188785 1421 9644216 18179236
1755188787 1423 9644216 18179236
1755188788 1424 9644472 18179236
1755188789 1425 9644472 18179236
1755188790 1426 9644472 18179236
1755188791 1427 9644472 18179236
1755188792 1427 9644472 18179236
1755188793 1420 9644472 18179236
1755188794 1421 9644472 18179236
1755188795 1422 9644472 18179236
1755188797 1422 9644472 18179236
1755188798 1423 9644472 18179236
1755188799 1425 9644472 18179236
1755188800 1425 9644472 18179236
1755188801 1426 9644472 18179236
1755188802 1427 9644472 18179236
1755188803 1421 9644472 18179236
1755188804 1423 9644472 18179236
1755188805 1423 9644472 18179236
1755188807 1424 9644472 18179236
1755188808 1425 9644600 18179236
1755188809 1427 9644600 18179236
1755188810 1428 9644600 18179236
1755188811 1430 9644600 18179236
1755188812 1432 9644600 18179236
1755188813 1426 9644600 18179236
1755188814 1428 9644600 18179236
1755188815 1430 9644600 18179236
1755188817 1431 9644600 18179236
1755188818 1433 9644600 18179236
1755188819 1434 9644600 18179236
1755188820 1435 9644600 18179236
1755188821 1437 9644600 18179236
1755188822 1437 9644600 18179236
1755188823 1431 9644600 18179236
1755188824 1432 9644600 18179236
1755188825 1432 9644600 18179236
1755188827 1433 9644728 18179236
1755188828 1433 9644728 18179236
1755188829 1434 9644728 18179236
1755188830 1435 9644728 18179236
1755188831 1437 9644984 18179236
1755188832 1438 9644984 18179236
1755188833 1433 9644984 18179236
1755188834 1434 9644984 18179236
1755188835 1435 9644984 18179236
1755188837 1435 9644984 18179236
1755188838 1435 9644984 18179236
1755188839 1436 9645240 18179236
1755188840 1438 9645240 18179236
1755188841 1439 9645240 18179236
1755188842 1435 9645368 18179236
1755188843 1436 9645368 18179236
1755188844 1437 9645368 18179236
1755188846 1439 9645368 18179236
1755188847 1440 9645368 18179236
1755188848 1441 9645368 18179236
1755188849 1442 9645496 18179236
1755188850 1444 9645496 18179236
1755188851 1439 9645496 18179236
1755188852 1441 9645752 18179236
1755188853 1441 9645752 18179236
1755188855 1442 9645752 18179236
1755188856 1443 9645752 18179236
1755188857 1444 9646008 18179236
1755188858 1444 9646008 18179236
1755188859 1444 9646008 18179236
1755188860 1444 9646008 18179236
1755188861 1439 9646136 18179236
1755188862 1440 9646136 18179236
1755188863 1441 9646136 18179236
1755188865 1443 9646264 18179236
1755188866 1444 9646264 18179236
1755188867 1445 9646264 18179236
1755188868 1445 9646392 18179236
1755188869 1445 9646392 18179236
1755188870 1446 9646392 18179236
1755188871 1441 9646392 18179236
1755188872 1442 9646392 18179236
1755188873 1443 9646392 18179236
1755188874 1444 9646392 18179236
1755188876 1445 9646520 18179236
1755188877 1446 9646520 18179236
1755188878 1447 9646520 18179236
1755188879 1448 9646520 18179236
1755188880 1449 9646520 18179236
1755188881 1450 9646520 18179236
1755188882 1446 9646648 18179236
1755188883 1447 9646648 18179236
1755188885 1448 9646648 18179236
1755188886 1448 9646648 18179236
1755188887 1449 9646648 18179236
1755188888 1450 9646648 18179236
1755188889 1450 9646648 18179236
1755188890 1451 9646648 18179236
1755188891 1447 9646648 18179236
1755188892 1447 9646648 18179236
1755188893 1448 9646648 18179236
1755188894 1448 9646648 18179236
1755188896 1449 9646648 18179236
1755188897 1450 9646648 18179236
1755188898 1450 9646648 18179236
1755188899 1451 9646648 18179236
1755188900 1452 9646648 18179236
1755188901 1452 9646648 18179236
1755188902 1448 9646648 18179236
1755188903 1449 9646648 18179236
1755188904 1450 9646648 18179236
1755188906 1450 9646648 18179236
1755188907 1451 9646648 18179236
1755188908 1451 9646648 18179236
1755188909 1452 9646648 18179236
1755188910 1453 9646648 18179236
1755188911 1454 9647288 18179236
1755188912 1450 9647288 18179236
1755188913 1451 9647288 18179236
1755188914 1452 9647288 18179236
1755188916 1453 9647288 18179236
1755188917 1453 9647544 18179236
1755188918 1454 9647544 18179236
1755188919 1455 9647544 18179236
1755188920 1455 9647672 18179236
1755188921 1455 9647672 18179236
1755188922 1452 9647672 18179236
1755188923 1453 9647800 18179236
1755188924 1453 9647800 18179236
1755188925 1454 9647800 18179236
1755188927 1455 9647800 18179236
1755188928 1456 9647800 18179236
1755188929 1456 9647800 18179236
1755188930 1456 9648312 18179236
1755188931 1456 9648312 18179236
1755188932 1457 9648312 18179236
1755188933 1453 9648312 18179236
1755188934 1454 9648312 18179236
1755188935 1455 9648312 18179236
1755188937 1456 9648312 18179236
1755188938 1456 9648312 18179236
1755188939 1457 9648440 18179236
1755188940 1457 9648440 18179236
1755188941 1458 9648440 18179236
1755188942 1459 9648440 18179236
1755188943 1455 9648440 18179236
1755188944 1456 9648440 18179236
1755188945 1457 9648440 18179236
1755188947 1457 9648440 18179236
1755188948 1457 9648440 18179236
1755188949 1458 9648440 18179236
1755188950 1458 9648440 18179236
1755188951 1459 9648440 18179236
1755188952 1459 9648568 18179236
1755188953 1456 9648568 18179236
1755188954 1457 9648696 18179236
1755188955 1457 9648696 18179236
1755188957 1458 9648696 18179236
1755188958 1459 9648696 18179236
1755188959 1460 9648696 18179236
1755188960 1460 9648696 18179236
1755188961 1461 9648696 18179236
1755188962 1461 9648696 18179236
1755188963 1461 9648696 18179236
1755188964 1458 9648696 18179236
1755188965 1458 9648696 18179236
1755188966 1459 9648696 18179236
1755188968 1460 9648696 18179236
1755188969 1460 9648696 18179236
1755188970 1461 9648696 18179236
1755188971 1462 9648952 18179236
1755188972 1462 9648952 18179236
1755188973 1463 9648952 18179236
1755188974 1459 9648952 18179236
1755188975 1460 9648952 18179236
1755188976 1460 9649336 18179236
1755188978 1461 9649336 18179236
1755188979 1461 9649336 18179236
1755188980 1461 9649336 18179236
1755188981 1462 9649336 18179236
1755188982 1462 9649336 18179236
1755188983 1463 9649720 18179236
1755188984 1460 9649720 18179236
1755188985 1460 9649720 18179236
1755188986 1461 9649720 18179236
1755188988 1462 9650104 18179236
1755188989 1462 9650104 18179236
1755188990 1463 9650232 18179236
1755188991 1464 9650232 18179236
1755188992 1464 9650360 18179236
1755188993 1465 9650360 18179236
1755188994 1461 9650360 18179236
1755188995 1462 9650360 18179236
1755188996 1463 9650360 18179236
1755188998 1463 9650488 18179236
1755188999 1463 9650488 18179236
1755189000 1464 9650488 18179236
1755189001 1464 9650488 18179236
1755189002 1465 9650488 18179236
1755189003 1466 9650488 18179236
1755189004 1463 9650616 18179236
1755189005 1463 9650616 18179236
1755189006 1464 9650616 18179236
1755189008 1464 9650616 18179236
1755189009 1464 9650616 18179236
1755189010 1464 9650616 18179236
1755189011 1464 9650616 18179236
1755189012 1465 9650616 18179236
1755189013 1465 9650744 18179236
1755189014 1466 9650744 18179236
1755189015 1463 9650744 18179236
1755189016 1463 9650744 18179236
1755189017 1464 9650744 18179236
1755189019 1465 9650744 18179236
1755189020 1466 9650744 18179236
1755189021 1466 9650744 18179236
1755189022 1467 9650744 18179236
1755189023 1467 9651256 18179236
1755189024 1468 9651256 18179236
1755189025 1464 9651256 18179236
1755189026 1465 9651256 18179236
1755189027 1466 9651384 18179236
1755189029 1466 9651384 18179236
1755189030 1467 9651384 18179236
1755189031 1468 9651384 18179236
1755189032 1468 9651640 18179236
1755189033 1468 9651640 18179236
1755189034 1469 9651896 18179236
1755189035 1466 9651896 18179236
1755189036 1466 9652024 18179236
1755189037 1467 9652280 18179236
1755189039 1467 9652280 18179236
1755189040 1468 9652280 18179236
1755189041 1468 9652280 18179236
1755189042 1468 9652408 18179236
1755189043 1468 9652408 18179236
1755189044 1468 9652408 18179236
1755189045 1468 9652408 18179236
1755189046 1466 9652408 18179236
1755189047 1466 9652408 18179236
1755189048 1467 9652536 18179236
1755189050 1467 9652664 18179236
1755189051 1468 9652664 18179236
1755189052 1468 9652664 18179236
1755189053 1469 9652664 18179236
1755189054 1469 9652664 18179236
1755189055 1470 9652664 18179236
1755189056 1467 9652664 18179236
1755189057 1467 9652664 18179236
1755189058 1468 9652792 18179236
1755189060 1469 9652792 18179236
1755189061 1469 9653048 18179236
1755189062 1470 9653048 18179236
1755189063 1471 9653048 18179236
1755189064 1471 9653304 18179236
1755189065 1472 9653304 18179236
1755189066 1469 9653560 18179236
1755189067 1469 9653560 18179236
1755189068 1470 9653560 18179236
1755189069 1470 9653560 18179236
1755189071 1470 9653816 18179236
1755189072 1470 9653816 18179236
1755189073 1470 9653944 18179236
1755189074 1470 9653944 18179236
1755189075 1471 9654072 18179236
1755189076 1471 9654072 18179236
1755189077 1468 9654072 18179236
1755189078 1469 9654328 18179236
1755189079 1469 9654328 18179236
1755189080 1469 9654328 18179236
1755189082 1470 9654456 18179236
1755189083 1470 9654456 18179236
1755189084 1471 9654456 18179236
1755189085 1471 9654456 18179236
1755189086 1472 9654712 18179236
1755189087 1472 9654712 18179236
1755189088 1470 9654712 18179236
1755189089 1470 9654712 18179236
1755189090 1471 9654712 18179236
1755189092 1471 9654840 18179236
1755189093 1472 9654968 18179236
1755189094 1472 9655096 18179236
1755189095 1473 9655096 18179236
1755189096 1473 9655224 18179236
1755189097 1474 9655224 18179236
1755189098 1472 9655352 18179236
1755189099 1472 9655736 18179236
1755189100 1473 9655864 18179236
1755189102 1473 9655864 18179236
1755189103 1473 9655992 18179236
1755189104 1473 9655992 18179236
1755189105 1473 9656120 18179236
1755189106 1473 9656120 18179236
1755189107 1473 9656376 18179236
1755189108 1474 9656504 18179236
1755189109 1472 9656504 18179236
1755189110 1472 9656504 18179236
1755189111 1472 9656504 18179236
1755189113 1472 9656632 18179236
1755189114 1473 9656632 18179236
1755189115 1473 9656632 18179236
1755189116 1474 9657016 18179236
1755189117 1474 9657016 18179236
1755189118 1474 9657144 18179236
1755189119 1472 9657144 18179236
1755189120 1472 9657528 18179236
1755189121 1473 9657528 18179236
1755189123 1473 9657656 18179236
1755189124 1474 9657912 18179236
1755189125 1474 9658040 18179236
1755189126 1475 9658424 18179236
1755189127 1475 9658552 18179236
1755189128 1476 9658552 18179236
1755189129 1476 9658680 18179236
1755189130 1474 9658680 18179236
1755189131 1474 9658808 18179236
1755189132 1475 9659320 18179236
1755189133 1475 9659320 18179236
1755189135 1475 9659320 18179236
1755189136 1475 9659576 18179236
1755189137 1475 9659704 18179236
1755189138 1475 9659704 18179236
1755189139 1475 9659704 18179236
1755189140 1476 9660088 18179236
1755189141 1476 9660344 18179236
1755189142 1474 9660600 18179236
1755189143 1474 9660600 18179236
1755189144 1474 9660728 18179236
1755189145 1475 9660984 18179236
1755189147 1475 9660984 18179236
1755189148 1475 9661496 18179236
1755189149 1476 9661624 18179236
1755189150 1476 9661624 18179236
1755189151 1476 9662264 18179236
1755189152 1477 9662392 18179236
1755189153 1477 9662904 18179236
1755189154 1477 9663672 18179236
1755189155 1475 9664568 18179236
1755189156 1474 9665336 18179236
1755189157 1474 9688180 18179236
1755189158 1474 9774568 18179236
1755189159 1473 10057252 18179236
1755189161 1472 10096164 18179236
1755189162 1472 10096164 18179236
1755189163 1470 10862192 18179236
1755189164 1468 11198064 18179236
1755189165 1468 11341424 18179236
1755189166 1468 11341424 18179236
1755189167 1467 11341424 18179236
1755189168 1465 11341424 18179236
1755189169 1465 11341424 18179236
1755189170 1465 12177144 18179236
1755189171 1463 13735672 18179236
1755189172 1460 14311160 18179236
1755189173 1455 14450424 18179236
1755189174 1453 14450424 18179236
1755189175 1451 14450424 18179236
1755189176 1448 15859528 18179236
1755189177 1448 16097480 18179236
1755189178 1449 16097480 18179236
1755189179 1449 16097480 18179236
1755189181 1449 16097480 18179236
1755189182 1449 16097480 18179236
1755189183 1449 16097480 18179236
1755189184 1450 16097480 18179236
1755189185 1449 16097480 18179236
1755189186 1449 16097480 18179236
1755189187 1449 16097480 18179236
1755189188 1447 16097480 18179236
1755189189 1447 16097480 18179236
1755189190 1448 16097480 18179236
1755189191 1448 16097480 18179236
1755189193 1448 16097480 18179236
1755189194 1448 16097480 18179236
1755189195 1446 16097608 18179236
1755189196 1446 16097608 18179236
1755189197 1447 16097608 18179236
1755189198 1447 16097608 18179236
1755189199 1447 16097608 18179236
1755189200 1447 16097608 18179236
1755189201 1445 16097608 18179236
1755189202 1446 16097608 18179236
1755189203 1446 16097608 18179236
1755189204 1446 16097608 18179236
1755189206 1446 16097608 18179236
1755189207 1447 16097608 18179236
1755189208 1447 16097608 18179236
1755189209 1448 16097608 18179236
1755189210 1448 16097608 18179236
1755189211 1448 16097608 18179236
1755189212 1448 16097608 18179236
1755189213 1446 16097608 18179236
1755189214 1447 16097608 18179236
1755189215 1447 16097608 18179236
1755189217 1447 16097608 18179236
1755189218 1448 16097608 18179236
1755189219 1448 16097608 18179236
1755189220 1449 16097608 18179236
1755189221 1449 16097608 18179236
1755189222 1449 16097608 18179236
1755189223 1450 16097608 18179236
1755189224 1448 16097608 18179236
1755189225 1448 16097608 18179236
1755189226 1449 16097608 18179236
1755189228 1449 16097608 18179236
1755189229 1449 16097608 18179236
1755189230 1449 16097608 18179236
1755189231 1450 16097608 18179236
1755189232 1450 16097608 18179236
1755189233 1451 16097608 18179236
1755189234 1451 16097608 18179236
1755189235 1449 16097608 18179236
1755189236 1449 16097608 18179236
1755189237 1450 16097608 18179236
1755189238 1450 16097608 18179236
1755189240 1450 16097608 18179236
1755189241 1450 16097608 18179236
1755189242 1451 16097608 18179236
1755189243 1451 16097608 18179236
1755189244 1451 16097608 18179236
1755189245 1452 16097608 18179236
1755189246 1452 16097608 18179236
1755189247 1450 16097608 18179236
1755189248 1450 16097608 18179236
1755189249 1451 16097608 18179236
1755189251 1451 16097608 18179236
1755189252 1451 16097608 18179236
1755189253 1452 16097608 18179236
1755189254 1452 16097608 18179236
1755189255 1453 16097608 18179236
1755189256 1453 16097608 18179236
1755189257 1451 16097608 18179236
1755189258 1452 16097608 18179236
1755189259 1452 16097608 18179236
1755189260 1452 16097608 18179236
1755189262 1452 16097608 18179236
1755189263 1452 16097608 18179236
1755189264 1453 16097608 18179236
1755189265 1453 16097608 18179236
1755189266 1454 16097608 18179236
1755189267 1454 16097608 18179236
1755189268 1454 16097608 18179236
1755189269 1453 16097608 18179236
1755189270 1453 16097608 18179236
1755189271 1453 16097608 18179236
1755189273 1453 16097608 18179236
1755189274 1453 16097608 18179236
1755189275 1454 16097608 18179236
1755189276 1454 16097608 18179236
1755189277 1454 16097608 18179236
1755189278 1455 16097608 18179236
1755189279 1455 16097608 18179236
1755189280 1453 16097608 18179236
1755189281 1454 16097608 18179236
1755189282 1454 16097608 18179236
1755189284 1454 16097608 18179236
1755189285 1455 16097608 18179236
1755189286 1455 16097608 18179236
1755189287 1455 16097608 18179236
1755189288 1456 16097608 18179236
1755189289 1456 16097608 18179236
1755189290 1456 16097608 18179236
1755189291 1454 16097608 18179236
1755189292 1454 16097608 18179236
1755189293 1454 16097608 18179236
1755189294 1455 16097608 18179236
1755189296 1455 16097608 18179236
1755189297 1455 16097608 18179236
1755189298 1456 16097608 18179236
1755189299 1456 16097608 18179236
1755189300 1457 16097608 18179236
1755189301 1457 16097608 18179236
1755189302 1457 16097608 18179236
1755189303 1456 16097608 18179236
1755189304 1456 16097608 18179236
1755189305 1456 16097608 18179236
1755189307 1456 16097608 18179236
1755189308 1456 16097608 18179236
1755189309 1457 16097608 18179236
1755189310 1457 16097608 18179236
1755189311 1457 16097608 18179236
1755189312 1458 16097608 18179236
1755189313 1458 16097608 18179236
1755189314 1456 16097608 18179236
1755189315 1456 16097608 18179236
1755189316 1457 16097608 18179236
1755189317 1457 16097608 18179236
1755189319 1457 16097608 18179236
1755189320 1458 16097608 18179236
1755189321 1458 16097608 18179236
1755189322 1458 16097608 18179236
1755189323 1458 16097608 18179236
1755189324 1458 16097608 18179236
1755189325 1457 16097608 18179236
1755189326 1457 16097608 18179236
1755189327 1457 16097608 18179236
1755189329 1458 16097608 18179236
1755189330 1458 16097608 18179236
1755189331 1458 16097608 18179236
1755189332 1459 16097608 18179236
1755189333 1459 16097608 18179236
1755189334 1459 16097608 18179236
1755189335 1460 16097608 18179236
1755189336 1458 16097608 18179236
1755189337 1458 16097608 18179236
1755189338 1459 16097608 18179236
1755189340 1459 16097608 18179236
1755189341 1459 7463060 11032764
1755189342 1459 9740952 11032764
1755189343 1459 9740952 11032764
1755189344 1459 9740952 11032764
1755189345 1460 9740952 11032764
1755189346 1460 9740952 11032764
1755189347 1458 9740952 11032764
1755189348 1459 9740952 11032764
1755189349 1459 9740952 11032764
1755189351 1459 9740952 11032764
1755189352 1459 9740952 11032764
1755189353 1459 9740952 11032764
1755189354 1459 9740952 11032764
1755189355 1459 9740952 11032764
1755189356 1460 9740952 11032764
1755189357 1460 9740952 11032764
1755189358 1460 9740952 11032764
1755189359 1459 9740952 11032764
1755189360 1459 9740952 11032764
1755189361 1459 9740952 11032764
1755189363 1460 9740952 11032764
1755189364 1460 9740952 11032764
1755189365 1460 9740952 11032764
1755189366 1460 7348296 8640184
1755189367 1460 7348296 8640184
1755189368 1460 7348296 8640184
1755189369 1461 7348296 8640184
1755189370 1459 7348296 8640184
1755189371 1459 7348296 8640184
1755189372 1460 7348296 8640184
1755189374 1460 7348296 8640184
1755189375 1460 7348296 8640184
1755189376 1460 7348296 8640184
1755189377 1461 7348296 8640184
1755189378 1461 7348296 8640184
1755189379 1461 7348296 8640184
1755189380 1462 7348296 8640184
1755189381 1460 7348296 8640184
1755189382 1460 7348296 8640184
1755189383 1460 7348296 8640184
1755189385 1460 7348296 8640184
1755189386 1460 7348296 8640184
1755189387 1460 7348296 8640184
1755189388 1460 7348296 8640184
1755189389 1461 7348296 8640184
1755189390 1460 8463296 13425344
1755189391 1459 12030016 15817924
1755189392 1457 7938772 11630916
