1759765600  0.0 16640 676452
1759765601  215 1294720 3084060
1759765602  159 2778508 5476640
1759765603  140 4816012 5476640
1759765604  130 4295044 5476640
1759765605  125 3080716 22227020
1759765606  121 4816652 22227020
1759765608  159 4817676 22259788
1759765609  332 4820748 22259788
1759765610  474 4824076 22259788
1759765611  585 4830348 22260360
1759765612  679 4830348 22260360
1759765613  760 4830348 22260360
1759765614  835 4830348 22260360
1759765615  839 4830348 22260360
1759765616  896 4830348 22260360
1759765617  944 4830348 22260360
1759765619  987 4830348 22260360
1759765620 1026 4830348 22260360
1759765621 1059 4830348 22260360
1759765622 1091 4830476 22260360
1759765623 1114 4830476 22260360
1759765624 1132 4830476 22260360
1759765625 1151 4830476 22260360
1759765626 1127 4830476 22260360
1759765627 1150 4830476 22260360
1759765628 1169 4830604 22260360
1759765630 1184 4830604 22260360
1759765631 1198 4830604 22260360
1759765632 1210 4830604 22260360
1759765633 1220 4830604 22260360
1759765634 1235 4830604 22260360
1759765635 1247 4830604 22260360
1759765636 1257 4830604 22260360
1759765637 1231 4830604 22260360
1759765638 1239 4830604 22260360
1759765639 1248 4830604 22260360
1759765641 1260 4830604 22260360
1759765642 1271 4830604 22260360
1759765643 1279 4830604 22260360
1759765644 1286 4830604 22260360
1759765645 1294 4830604 22260360
1759765646 1300 4830604 22260360
1759765647 1309 4830604 22260360
1759765648 1290 4830604 22260360
1759765649 1299 4830604 22260360
1759765650 1308 4830604 22260360
1759765652 1314 4830604 22260360
1759765653 1321 4830860 22260360
1759765654 1328 4830860 22260360
1759765655 1332 4830860 22260360
1759765656 1336 4830860 22260360
1759765657 1341 4830860 22260360
1759765658 1348 4831244 22260360
1759765659 1354 4831244 22260360
1759765660 1337 4831244 22260360
1759765661 1344 4831244 22260360
1759765662 1350 4831244 22260360
1759765664 1353 4831756 22260360
1759765665 1357 4831756 22260360
1759765666 1361 4831756 22260360
1759765667 1363 4831756 22260360
1759765668 1365 4831756 22260360
1759765669 1368 4831756 22260360
1759765670 1351 4831884 22260360
1759765671 1356 4831884 22260360
1759765672 1360 4831884 22260360
1759765673 1365 4831884 22260360
1759765675 1370 4831884 22260360
1759765676 1375 4831884 22260360
1759765677 1379 4831884 22260360
1759765678 1382 4831884 22260360
1759765679 1384 4831884 22260360
1759765680 1387 4831884 22260360
1759765681 1373 4831884 22260360
1759765682 1377 4831884 22260360
1759765683 1381 4831884 22260360
1759765684 1385 4831884 22260360
1759765686 1386 4831884 22260360
1759765687 1388 4831884 22260360
1759765688 1390 4831884 22260360
1759765689 1393 4831884 22260360
1759765690 1396 4831884 22260360
1759765691 1400 4831884 22260360
1759765692 1403 4832012 22260360
1759765693 1407 4832012 22260360
1759765694 1394 4832012 22260360
1759765695 1397 4832012 22260360
1759765696 1400 4832012 22260360
1759765698 1402 4832012 22260360
1759765699 1403 4832012 22260360
1759765700 1404 4832012 22260360
1759765701 1405 4832012 22260360
1759765702 1405 4832012 22260360
1759765703 1406 4832012 22260360
1759765704 1409 4832012 22260360
1759765705 1398 4832012 22260360
1759765706 1401 4832012 22260360
1759765707 1404 4832012 22260360
1759765708 1407 4832140 22260360
1759765710 1410 4832140 22260360
1759765711 1413 4832140 22260360
1759765712 1415 4832140 22260360
1759765713 1417 4832140 22260360
1759765714 1419 4832140 22260360
1759765715 1420 4832140 22260360
1759765716 1409 4832140 22260360
1759765717 1410 4832140 22260360
1759765718 1411 4832140 22260360
1759765720 1413 4832140 22260360
1759765721 1416 4832268 22260360
1759765722 1418 4832268 22260360
1759765723 1421 4832268 22260360
1759765724 1423 4832268 22260360
1759765725 1425 4832396 22260360
1759765726 1427 4832396 22260360
1759765727 1417 4832396 22260360
1759765728 1419 4832396 22260360
1759765729 1421 4832396 22260360
1759765730 1422 4832396 22260360
1759765732 1424 4832396 22260360
1759765733 1424 4832396 22260360
1759765734 1425 4832396 22260360
1759765735 1426 4832396 22260360
1759765736 1428 4832652 22260360
1759765737 1430 4832652 22260360
1759765738 1432 4832652 22260360
1759765739 1423 4832652 22260360
1759765740 1425 4832652 22260360
1759765741 1427 4832652 22260360
1759765743 1429 4832652 22260360
1759765744 1432 4832652 22260360
1759765745 1434 4832652 22260360
1759765746 1435 4832652 22260360
1759765747 1437 4832652 22260360
1759765748 1436 4832652 22260360
1759765749 1436 4832652 22260360
1759765750 1427 4832652 22260360
1759765751 1428 4832652 22260360
1759765752 1430 4832652 22260360
1759765754 1432 4832652 22260360
1759765755 1433 4832652 22260360
1759765756 1435 4832652 22260360
1759765757 1437 4832652 22260360
1759765758 1438 4832652 22260360
1759765759 1439 4832652 22260360
1759765760 1441 4832652 22260360
1759765761 1432 4832780 22260360
1759765762 1434 4832780 22260360
1759765763 1435 4832780 22260360
1759765764 1436 4832780 22260360
1759765766 1437 4832780 22260360
1759765767 1439 4832908 22260360
1759765768 1440 4832908 22260360
1759765769 1441 4832908 22260360
1759765770 1442 4832908 22260360
1759765771 1443 4833164 22260360
1759765772 1436 4833164 22260360
1759765773 1438 4833164 22260360
1759765774 1440 4833164 22260360
1759765776 1441 4833804 22260360
1759765777 1443 4833804 22260360
1759765778 1444 4833804 22260360
1759765779 1446 4833804 22260360
1759765780 1446 4833932 22260360
1759765781 1447 4833932 22260360
1759765782 1447 4833932 22260360
1759765783 1440 4833932 22260360
1759765784 1441 4833932 22260360
1759765785 1442 4833932 22260360
1759765787 1443 4833932 22260360
1759765788 1444 4833932 22260360
1759765789 1445 4833932 22260360
1759765790 1446 4833932 22260360
1759765791 1447 4833932 22260360
1759765792 1448 4833932 22260360
1759765793 1442 4833932 22260360
1759765794 1443 4833932 22260360
1759765795 1444 4833932 22260360
1759765796 1445 4833932 22260360
1759765798 1446 4833932 22260360
1759765799 1447 4833932 22260360
1759765800 1449 4834060 22260360
1759765801 1450 4834060 22260360
1759765802 1450 4834060 22260360
1759765803 1451 4834060 22260360
1759765804 1452 4834060 22260360
1759765805 1446 4834060 22260360
1759765806 1447 4834060 22260360
1759765807 1448 4834060 22260360
1759765809 1450 4834060 22260360
1759765810 1451 4834060 22260360
1759765811 1451 4834060 22260360
1759765812 1451 4834060 22260360
1759765813 1452 4834060 22260360
1759765814 1453 4834316 22260360
1759765815 1454 4834316 22260360
1759765816 1448 4834316 22260360
1759765817 1449 4834316 22260360
1759765818 1449 4834316 22260360
1759765820 1450 4834316 22260360
1759765821 1450 4834316 22260360
1759765822 1451 4834316 22260360
1759765823 1451 4834316 22260360
1759765824 1452 4834444 22260360
1759765825 1453 4834444 22260360
1759765826 1454 4834444 22260360
1759765827 1449 4834444 22260360
1759765828 1450 4834444 22260360
1759765829 1451 4834444 22260360
1759765831 1452 4834444 22260360
1759765832 1453 4834444 22260360
1759765833 1454 4834444 22260360
1759765834 1456 4834444 22260360
1759765835 1457 4834444 22260360
1759765836 1457 4834700 22260360
1759765837 1458 4834700 22260360
1759765838 1452 4834700 22260360
1759765839 1453 4834700 22260360
1759765840 1454 4834700 22260360
1759765842 1455 4834700 22260360
1759765843 1455 4834700 22260360
1759765844 1456 4834700 22260360
1759765845 1456 4834700 22260360
1759765846 1457 4834700 22260360
1759765847 1458 4834700 22260360
1759765848 1459 4834700 22260360
1759765849 1454 4834700 22260360
1759765850 1454 4834700 22260360
1759765851 1455 4834700 22260360
1759765853 1455 4834700 22260360
1759765854 1455 4834700 22260360
1759765855 1456 4834700 22260360
1759765856 1457 4834700 22260360
1759765857 1458 4834700 22260360
1759765858 1459 4834700 22260360
1759765859 1459 4834700 22260360
1759765860 1454 4834700 22260360
1759765861 1455 4834700 22260360
1759765862 1456 4835084 22260360
1759765864 1457 4835084 22260360
1759765865 1458 4835084 22260360
1759765866 1459 4835212 22260360
1759765867 1460 4835212 22260360
1759765868 1461 4835212 22260360
1759765869 1462 4835468 22260360
1759765870 1463 4835468 22260360
1759765871 1458 4835468 22260360
1759765872 1458 4835468 22260360
1759765873 1459 4835852 22260360
1759765875 1459 4835852 22260360
1759765876 1459 4835852 22260360
1759765877 1460 4835852 22260360
1759765878 1460 4835980 22260360
1759765879 1461 4835980 22260360
1759765880 1462 4835980 22260360
1759765881 1462 4835980 22260360
1759765882 1458 4835980 22260360
1759765883 1459 4835980 22260360
1759765884 1459 4835980 22260360
1759765886 1460 4836108 22260360
1759765887 1460 4836108 22260360
1759765888 1461 4836108 22260360
1759765889 1461 4836108 22260360
1759765890 1461 4836108 22260360
1759765891 1462 4836108 22260360
1759765892 1463 4836108 22260360
1759765893 1459 4836108 22260360
1759765894 1459 4836108 22260360
1759765895 1460 4836108 22260360
1759765897 1461 4836108 22260360
1759765898 1462 4836108 22260360
1759765899 1463 4836108 22260360
1759765900 1464 4836108 22260360
1759765901 1465 4836236 22260360
1759765902 1465 4836236 22260360
1759765903 1466 4836236 22260360
1759765904 1462 4836492 22260360
1759765905 1462 4836492 22260360
1759765906 1462 4836492 22260360
1759765907 1462 4836492 22260360
1759765909 1462 4836492 22260360
1759765910 1463 4836492 22260360
1759765911 1463 4836492 22260360
1759765912 1464 4836492 22260360
1759765913 1464 4836620 22260360
1759765914 1465 4836620 22260360
1759765915 1465 4836620 22260360
1759765916 1462 4836620 22260360
1759765917 1462 4836620 22260360
1759765918 1463 4836620 22260360
1759765920 1464 4836620 22260360
1759765921 1464 4836620 22260360
1759765922 1465 4836620 22260360
1759765923 1465 4836620 22260360
1759765924 1465 4836620 22260360
1759765925 1465 4836620 22260360
1759765926 1466 4836620 22260360
1759765927 1463 4836748 22260360
1759765928 1463 4836748 22260360
1759765929 1464 4836748 22260360
1759765930 1465 4836748 22260360
1759765932 1466 4836748 22260360
1759765933 1466 4836748 22260360
1759765934 1467 4837004 22260360
1759765935 1468 4837004 22260360
1759765936 1469 4837004 22260360
1759765937 1469 4837004 22260360
1759765938 1465 4837004 22260360
1759765939 1465 4837004 22260360
1759765940 1465 4837132 22260360
1759765941 1465 4837132 22260360
1759765943 1465 4837132 22260360
1759765944 1465 4837132 22260360
1759765945 1466 4837132 22260360
1759765946 1466 4837132 22260360
1759765947 1467 4837132 22260360
1759765948 1468 4837644 22260360
1759765949 1468 4837644 22260360
1759765950 1465 4837644 22260360
1759765951 1466 4837644 22260360
1759765952 1466 4837644 22260360
1759765953 1466 4837644 22260360
1759765955 1467 4837772 22260360
1759765956 1467 4837772 22260360
1759765957 1467 4837772 22260360
1759765958 1468 4837900 22260360
1759765959 1468 4837900 22260360
1759765960 1469 4837900 22260360
1759765961 1469 4838156 22260360
1759765962 1466 4838156 22260360
1759765963 1467 4838156 22260360
1759765964 1467 4838156 22260360
1759765966 1468 4838156 22260360
1759765967 1469 4838156 22260360
1759765968 1469 4838284 22260360
1759765969 1470 4838284 22260360
1759765970 1470 4838284 22260360
1759765971 1470 4838284 22260360
1759765972 1470 4838412 22260360
1759765973 1470 4838412 22260360
1759765974 1466 4838412 22260360
1759765975 1467 4838412 22260360
1759765976 1467 4838412 22260360
1759765978 1467 4838540 22260360
1759765979 1468 4838540 22260360
1759765980 1469 4838540 22260360
1759765981 1469 4838668 22260360
1759765982 1470 4838668 22260360
1759765983 1471 4838668 22260360
1759765984 1471 4838668 22260360
1759765985 1468 4838668 22260360
1759765986 1468 4838668 22260360
1759765987 1469 4838668 22260360
1759765989 1469 4838668 22260360
1759765990 1470 4838796 22260360
1759765991 1470 4838796 22260360
1759765992 1471 4838796 22260360
1759765993 1471 4838796 22260360
1759765994 1471 4838796 22260360
1759765995 1472 4838796 22260360
1759765996 1469 4838796 22260360
1759765997 1470 4838796 22260360
1759765998 1470 4838924 22260360
1759766000 1471 4838924 22260360
1759766001 1471 4838924 22260360
1759766002 1471 4838924 22260360
1759766003 1471 4838924 22260360
1759766004 1471 4839052 22260360
1759766005 1471 4839052 22260360
1759766006 1472 4839052 22260360
1759766007 1472 4839180 22260360
1759766008 1469 4839180 22260360
1759766009 1469 4839180 22260360
1759766010 1469 4839180 22260360
1759766011 1470 4839180 22260360
1759766013 1470 4839308 22260360
1759766014 1471 4839564 22260360
1759766015 1471 4839564 22260360
1759766016 1472 4839692 22260360
1759766017 1472 4839692 22260360
1759766018 1473 4839948 22260360
1759766019 1470 4839948 22260360
1759766020 1470 4839948 22260360
1759766021 1471 4839948 22260360
1759766022 1472 4839948 22260360
1759766024 1472 4840076 22260360
1759766025 1473 4840076 22260360
1759766026 1473 4840204 22260360
1759766027 1473 4840204 22260360
1759766028 1473 4840204 22260360
1759766029 1474 4840332 22260360
1759766030 1474 4840332 22260360
1759766031 1471 4840588 22260360
1759766032 1471 4840588 22260360
1759766033 1471 4840588 22260360
1759766034 1471 4840588 22260360
1759766036 1471 4840588 22260360
1759766037 1471 4840588 22260360
1759766038 1472 4840716 22260360
1759766039 1472 4840716 22260360
1759766040 1473 4840716 22260360
1759766041 1473 4840716 22260360
1759766042 1474 4840716 22260360
1759766043 1471 4840716 22260360
1759766044 1471 4840716 22260360
1759766045 1471 4840716 22260360
1759766046 1472 4840716 22260360
1759766048 1472 4840716 22260360
1759766049 1472 4840716 22260360
1759766050 1473 4840716 22260360
1759766051 1473 4840716 22260360
1759766052 1474 4840844 22260360
1759766053 1475 4840844 22260360
1759766054 1472 4840844 22260360
1759766055 1472 4840844 22260360
1759766056 1473 4840972 22260360
1759766057 1473 4840972 22260360
1759766059 1474 4841100 22260360
1759766060 1474 4841100 22260360
1759766061 1475 4841228 22260360
1759766062 1475 4841228 22260360
1759766063 1475 4841356 22260360
1759766064 1475 4841356 22260360
1759766065 1475 4841356 22260360
1759766066 1472 4841484 22260360
1759766067 1472 4841484 22260360
1759766068 1472 4841484 22260360
1759766070 1473 4841612 22260360
1759766071 1473 4841740 22260360
1759766072 1474 4841740 22260360
1759766073 1474 4841868 22260360
1759766074 1475 4841868 22260360
1759766075 1475 4842252 22260360
1759766076 1476 4842380 22260360
1759766077 1473 4842380 22260360
1759766078 1473 4842380 22260360
1759766079 1473 4842636 22260360
1759766080 1473 4842636 22260360
1759766082 1474 4842636 22260360
1759766083 1474 4842636 22260360
1759766084 1475 4842636 22260360
1759766085 1475 4842764 22260360
1759766086 1476 4842764 22260360
1759766087 1476 4842764 22260360
1759766088 1477 4842764 22260360
1759766089 1474 4842764 22260360
1759766090 1475 4842764 22260360
1759766091 1475 4842764 22260360
1759766093 1476 4842764 22260360
1759766094 1476 4842764 22260360
1759766095 1476 4842764 22260360
1759766096 1476 4842892 22260360
1759766097 1476 4842892 22260360
1759766098 1476 4843020 22260360
1759766099 1476 4843020 22260360
1759766100 1476 4843148 22260360
1759766101 1474 4843148 22260360
1759766102 1474 4843276 22260360
1759766103 1475 4843276 22260360
1759766105 1475 4843276 22260360
1759766106 1475 4843404 22260360
1759766107 1476 4843404 22260360
1759766108 1476 4843788 22260360
1759766109 1477 4843788 22260360
1759766110 1477 4843788 22260360
1759766111 1477 4843788 22260360
1759766112 1474 4844172 22260360
1759766113 1475 4844300 22260360
1759766114 1475 4844300 22260360
1759766115 1475 4844428 22260360
1759766117 1476 4844428 22260360
1759766118 1476 4844556 22260360
1759766119 1477 4844556 22260360
1759766120 1477 4844684 22260360
1759766121 1478 4844684 22260360
1759766122 1478 4844684 22260360
1759766123 1479 4844812 22260360
1759766124 1476 4844812 22260360
1759766125 1476 4844812 22260360
1759766126 1477 4844812 22260360
1759766128 1477 4844812 22260360
1759766129 1477 4844812 22260360
1759766130 1476 4844812 22260360
1759766131 1476 4845068 22260360
1759766132 1477 4845068 22260360
1759766133 1477 4845068 22260360
1759766134 1477 4845196 22260360
1759766135 1478 4845324 22260360
1759766136 1475 4845452 22260360
1759766137 1476 4845452 22260360
1759766138 1476 4845708 22260360
1759766140 1477 4845964 22260360
1759766141 1477 4846092 22260360
1759766142 1478 4846092 22260360
1759766143 1478 4846092 22260360
1759766144 1478 4846220 22260360
1759766145 1478 4846220 22260360
1759766146 1479 4846476 22260360
1759766147 1479 4846476 22260360
1759766148 1476 4846732 22260360
1759766149 1477 4846732 22260360
1759766150 1477 4846732 22260360
1759766152 1478 4846732 22260360
1759766153 1478 4846988 22260360
1759766154 1479 4846988 22260360
1759766155 1479 4846988 22260360
1759766156 1480 4847116 22260360
1759766157 1480 4847244 22260360
1759766158 1477 4847244 22260360
1759766159 1477 4847372 22260360
1759766160 1477 4847500 22260360
1759766161 1477 4847884 22260360
1759766163 1478 4847884 22260360
1759766164 1478 4848012 22260360
1759766165 1478 4848012 22260360
1759766166 1478 4848140 22260360
1759766167 1478 4848140 22260360
1759766168 1479 4848268 22260360
1759766169 1479 4848396 22260360
1759766170 1479 4848652 22260360
1759766171 1477 4848652 22260360
1759766172 1477 4848908 22260360
1759766173 1478 4849164 22260360
1759766174 1478 4849164 22260360
1759766176 1478 4849548 22260360
1759766177 1479 4849548 22260360
1759766178 1479 4849932 22260360
1759766179 1479 4849932 22260360
1759766180 1480 4849932 22260360
1759766181 1480 4850060 22260360
1759766182 1480 4850188 22260360
1759766183 1480 4850444 22260360
1759766184 1478 4850828 22260360
1759766185 1478 4851212 22260360
1759766186 1479 4851212 22260360
1759766187 1479 4851596 22260360
1759766189 1479 4851596 22260360
1759766190 1479 4851980 22260360
1759766191 1479 4851980 22260360
1759766192 1479 4851980 22260360
1759766193 1480 4852364 22260360
1759766194 1480 4853260 22260360
1759766195 1480 4853644 22260360
1759766196 1481 4855052 22260360
1759766197 1479 7247628 22260360
1759766198 1477 9640460 22260360
1759766199 1474 9640460 22260360
1759766200 1475 9660940 22260360
1759766201 1475 9746572 22260360
1759766202 1474 9746572 22260360
1759766203 1472 9992332 22260360
1759766204 1471 10068108 22260360
1759766205 1470 10068108 22260360
1759766206 1468 10068108 22260360
1759766208 1467 10224396 22260360
1759766209 1465 10488076 22260360
1759766210 1463 10834188 22260360
1759766211 1460 10834188 22260360
1759766212 1458 10834188 22260360
1759766213 1457 11314316 22260360
1759766214 1457 11314316 22260360
1759766215 1457 11316620 22260360
1759766216 1456 11316620 22260360
1759766217 1454 11316620 22260360
1759766218 1452 11316620 22260360
1759766219 1450 11316620 22260360
1759766220 1449 11316620 22260360
1759766221 1448 11316620 22260360
1759766222 1448 11316620 22260360
1759766223 1447 11572364 22260360
1759766224 1442 11833740 22260360
1759766225 1440 12096268 22260360
1759766226 1438 12357132 22260360
1759766227 1436 12618892 22260360
1759766228 1434 12880396 22260360
1759766229 1432 13210892 22260360
1759766230 1430 13702284 22260360
1759766231 1428 14194188 22260360
1759766232 1425 14426124 22260360
1759766233 1423 14426124 22260360
1759766234 1421 14426124 22260360
1759766235 1419 14426124 22260360
1759766237 1417 14426124 22260360
1759766238 1415 14426124 22260360
1759766239 1413 14426124 22260360
1759766240 1411 14463372 22260360
1759766241 1409 15831948 22260360
1759766242 1409 16071436 22260360
1759766243 1410 16071436 22260360
1759766244 1410 16071436 22260360
1759766245 1410 16071436 22260360
1759766246 1411 16071436 22260360
1759766247 1411 16071436 22260360
1759766248 1409 16071436 22260360
1759766249 1409 16071436 22260360
1759766250 1407 16071436 22260360
1759766251 1405 16071436 22260360
1759766252 1403 16071436 22260360
1759766254 1404 16071436 22260360
1759766255 1404 16071436 22260360
1759766256 1404 16071436 22260360
1759766257 1405 16071436 22260360
1759766258 1405 16071436 22260360
1759766259 1406 16071436 22260360
1759766260 1406 16071436 22260360
1759766261 1406 16071436 22260360
1759766262 1404 16071436 22260360
1759766263 1402 16071436 22260360
1759766264 1398 16071436 22260360
1759766265 1397 16071564 22260360
1759766266 1397 16071564 22260360
1759766267 1398 16071564 22260360
1759766268 1398 16071564 22260360
1759766270 1399 16071564 22260360
1759766271 1399 16071564 22260360
1759766272 1399 16071564 22260360
1759766273 1400 16071564 22260360
1759766274 1400 16071564 22260360
1759766275 1401 16071564 22260360
1759766276 1401 16071564 22260360
1759766277 1401 16071564 22260360
1759766278 1400 16071564 22260360
1759766279 1400 16071564 22260360
1759766280 1400 16071564 22260360
1759766281 1400 16071564 22260360
1759766283 1400 16071564 22260360
1759766284 1400 16071564 22260360
1759766285 1401 16071564 22260360
1759766286 1401 16071564 22260360
1759766287 1402 16071564 22260360
1759766288 1402 16071564 22260360
1759766289 1402 16071564 22260360
1759766290 1403 16071564 22260360
1759766291 1401 16071564 22260360
1759766292 1402 16071564 22260360
1759766293 1402 16071564 22260360
1759766294 1402 16071564 22260360
1759766296 1403 16071564 22260360
1759766297 1403 16071564 22260360
1759766298 1403 16071564 22260360
1759766299 1403 16071564 22260360
1759766300 1404 16071564 22260360
1759766301 1404 16071564 22260360
1759766302 1405 16071564 22260360
1759766303 1405 16071564 22260360
1759766304 1404 16071564 22260360
1759766305 1404 16071564 22260360
1759766306 1404 16071564 22260360
1759766307 1405 16071564 22260360
1759766309 1405 16071564 22260360
1759766310 1406 16071564 22260360
1759766311 1406 16071564 22260360
1759766312 1406 16071564 22260360
1759766313 1406 16071564 22260360
1759766314 1406 16071564 22260360
1759766315 1407 16071564 22260360
1759766316 1405 16071564 22260360
1759766317 1405 16071564 22260360
1759766318 1405 16071564 22260360
1759766319 1406 16071564 22260360
1759766321 1406 16071564 22260360
1759766322 1407 16071564 22260360
1759766323 1407 16071564 22260360
1759766324 1407 16071564 22260360
1759766325 1408 16071564 22260360
1759766326 1408 16071564 22260360
1759766327 1409 16071564 22260360
1759766328 1409 16071564 22260360
1759766329 1407 16071564 22260360
1759766330 1407 16071564 22260360
1759766331 1407 16071564 22260360
1759766332 1408 16071564 22260360
1759766334 1408 16071564 22260360
1759766335 1409 16071564 22260360
1759766336 1409 16071564 22260360
1759766337 1409 16071564 22260360
1759766338 1410 16071564 22260360
1759766339 1410 16071564 22260360
1759766340 1410 16071564 22260360
1759766341 1409 16071564 22260360
1759766342 1409 16071564 22260360
1759766343 1409 16071564 22260360
1759766344 1410 16071564 22260360
1759766346 1410 16071564 22260360
1759766347 1410 16071564 22260360
1759766348 1410 16071564 22260360
1759766349 1410 16071564 22260360
1759766350 1410 16071564 22260360
1759766351 1411 16071564 22260360
1759766352 1411 16071564 22260360
1759766353 1412 16071564 22260360
1759766354 1410 16071564 22260360
1759766355 1411 16071564 22260360
1759766356 1411 16071564 22260360
1759766358 1411 16071564 22260360
1759766359 1412 16071564 22260360
1759766360 1412 16071564 22260360
1759766361 1412 16071564 22260360
1759766362 1413 16071564 22260360
1759766363 1413 16071564 22260360
1759766364 1413 16071564 22260360
1759766365 1413 16071564 22260360
1759766366 1413 16071564 22260360
1759766367 1412 16071564 22260360
1759766368 1412 16071564 22260360
1759766369 1413 16071564 22260360
1759766371 1413 16071564 22260360
1759766372 1413 16071564 22260360
1759766373 1414 16071564 22260360
1759766374 1414 16071564 22260360
1759766375 1414 16071564 22260360
1759766376 1415 16071564 22260360
1759766377 1415 16071564 22260360
1759766378 1415 16071564 22260360
1759766379 1413 16071564 22260360
1759766380 1414 16071564 22260360
1759766381 1414 16071564 22260360
1759766383 1414 16071564 22260360
1759766384 1414 16071564 22260360
1759766385 1415 16071564 22260360
1759766386 1415 16071564 22260360
1759766387 1416 16071564 22260360
1759766388 1416 16071564 22260360
1759766389 1416 16071564 22260360
1759766390 1415 16071564 22260360
1759766391 1415 16071564 22260360
1759766392 1415 16071564 22260360
1759766393 1416 16071564 22260360
1759766395 1416 16071564 22260360
1759766396 1416 16071564 22260360
1759766397 1417 16071564 22260360
1759766398 1417 16071564 22260360
1759766399 1417 16071564 22260360
1759766400 1417 16071564 22260360
1759766401 1417 16071564 22260360
1759766402 1418 16071564 22260360
1759766403 1418 16071564 22260360
1759766404 1416 16071564 22260360
1759766405 1417 16071564 22260360
1759766406 1417 16071564 22260360
1759766407 1417 16071564 22260360
1759766409 1417 16071564 22260360
1759766410 1417 16071564 22260360
1759766411 1418 16071564 22260360
1759766412 1418 16071564 22260360
1759766413 1418 16071564 22260360
1759766414 1419 16071564 22260360
1759766415 1419 16071564 22260360
1759766416 1417 16071564 22260360
1759766417 1418 16071564 22260360
1759766418 1418 16071564 22260360
1759766419 1418 16071564 22260360
1759766421 1419 16071564 22260360
1759766422 1419 16071564 22260360
1759766423 1419 16071564 22260360
1759766424 1419 16071564 22260360
1759766425 1420 16071564 22260360
1759766426 1420 16071564 22260360
1759766427 1420 16071564 22260360
1759766428 1419 16071564 22260360
1759766429 1419 16071564 22260360
1759766430 1420 16071564 22260360
1759766431 1420 16071564 22260360
1759766433 1420 16071564 22260360
1759766434 1420 16071564 22260360
1759766435 1420 16071564 22260360
1759766436 1420 17540068 22260360
1759766437 1419 18463972 22260360
1759766438 1417 20855296 22260360
1759766439 1416 12243020 15081392
1759766440 1415 9734172 12687996
1759766441 1415 9734172 12687996
1759766442 1416 9734172 12687996
1759766443 1416 9734172 12687996
1759766444 1415 9734172 12687996
1759766445 1415 9734172 12687996
1759766446 1415 9734172 12687996
1759766447 1416 9734172 12687996
1759766449 1416 9734172 12687996
1759766450 1416 9734172 12687996
1759766451 1416 9734172 12687996
1759766452 1417 9734172 12687996
1759766453 1417 9734172 12687996
1759766454 1417 9734172 12687996
1759766455 1417 9734172 12687996
1759766456 1416 9734172 12687996
1759766457 1416 9734172 12687996
1759766458 1417 9734172 12687996
1759766459 1417 9734172 12687996
1759766461 1417 9836252 15080576
1759766462 1418 12126996 15080576
1759766463 1418 12126996 15080576
1759766464 1418 12126996 15080576
1759766465 1418 12126996 15080576
1759766466 1418 12126996 15080576
1759766467 1419 12126996 15080576
1759766468 1417 12126996 15080576
1759766469 1417 12126996 15080576
1759766470 1417 12126996 15080576
1759766471 1417 12126996 15080576
1759766473 1418 12126996 15080576
1759766474 1418 12126996 15080576
1759766475 1418 12126996 15080576
1759766476 1419 12126996 15080576
1759766477 1419 12126996 15080576
1759766478 1419 12126996 15080576
1759766479 1420 12126996 15080576
1759766480 1418 12126996 15080576
1759766481 1419 12126996 15080576
1759766482 1419 12126996 15080576
1759766483 1419 12126996 15080576
1759766485 1419 12126996 15080576
1759766486 1419 7341836 12687996
1759766487 1420 7272584 7902836
1759766488 1420 7272584 7902836
1759766489 1420 7272584 7902836
1759766490 1421 7272584 7902836
1759766491 1421 7272584 7902836
1759766492 1419 7272584 7902836
1759766493 1420 7272584 7902836
1759766494 1420 7272584 7902836
1759766495 1420 7272584 7902836
1759766497 1421 7272584 7902836
1759766498 1421 7272584 7902836
1759766499 1421 7272584 7902836
1759766500 1421 7272584 7902836
1759766501 1421 7272584 7902836
1759766502 1421 7272584 7902836
1759766503 1421 7272584 7902836
1759766504 1420 7272584 7902836
1759766505 1420 7272584 7902836
1759766506 1421 7272584 7902836
1759766508 1421 7272584 7902836
1759766509 1421 7272584 7902836
1759766510 1422 7272584 7902836
1759766511 1420 9831952 15080576
