1759769215  0.0 17152 676584
1759769216  210 1295024 3084060
1759769217  156 2784956 5476640
1759769218  138 4816192 5476640
1759769219  129 4281144 5476640
1759769220  124 3042880 22227020
1759769221  120 4816960 22227020
1759769222  166 4818112 22259788
1759769223  353 4821824 22259788
1759769224  452 4825920 22259788
1759769225  566 4830400 22260360
1759769226  661 4830400 22260360
1759769228  744 4830400 22260360
1759769229  811 4830400 22260360
1759769230  866 4830400 22260360
1759769231  919 4830528 22260360
1759769232  965 4830528 22260360
1759769233 1007 4830528 22260360
1759769234 1045 4830528 22260360
1759769235 1026 4830528 22260360
1759769236 1055 4830528 22260360
1759769237 1079 4830528 22260360
1759769239 1100 4830528 22260360
1759769240 1118 4830528 22260360
1759769241 1131 4830528 22260360
1759769242 1149 4830528 22260360
1759769243 1164 4830528 22260360
1759769244 1179 4830528 22260360
1759769245 1192 4830528 22260360
1759769246 1206 4830528 22260360
1759769247 1182 4830528 22260360
1759769248 1197 4830528 22260360
1759769249 1211 4830656 22260360
1759769251 1220 4830656 22260360
1759769252 1228 4830656 22260360
1759769253 1235 4830656 22260360
1759769254 1241 4830656 22260360
1759769255 1251 4830656 22260360
1759769256 1262 4830656 22260360
1759769257 1273 4830656 22260360
1759769258 1283 4830656 22260360
1759769259 1265 4830656 22260360
1759769260 1273 4830656 22260360
1759769261 1281 4830784 22260360
1759769263 1290 4830784 22260360
1759769264 1299 4830784 22260360
1759769265 1308 4830784 22260360
1759769266 1316 4830784 22260360
1759769267 1324 4830912 22260360
1759769268 1331 4830912 22260360
1759769269 1338 4830912 22260360
1759769270 1320 4830912 22260360
1759769271 1325 4830912 22260360
1759769272 1326 4831680 22260360
1759769274 1330 4831680 22260360
1759769275 1334 4831680 22260360
1759769276 1339 4831680 22260360
1759769277 1344 4831680 22260360
1759769278 1349 4832064 22260360
1759769279 1352 4832064 22260360
1759769280 1356 4832064 22260360
1759769281 1358 4832064 22260360
1759769282 1361 4832064 22260360
1759769283 1344 4832064 22260360
1759769284 1346 4832064 22260360
1759769285 1349 4832448 22260360
1759769287 1353 4832448 22260360
1759769288 1358 4832448 22260360
1759769289 1363 4832448 22260360
1759769290 1368 4832448 22260360
1759769291 1373 4832448 22260360
1759769292 1375 4832448 22260360
1759769293 1362 4832448 22260360
1759769294 1367 4832448 22260360
1759769295 1370 4832448 22260360
1759769296 1374 4832448 22260360
1759769298 1378 4832448 22260360
1759769299 1383 4832448 22260360
1759769300 1387 4832448 22260360
1759769301 1390 4832448 22260360
1759769302 1394 4832448 22260360
1759769303 1396 4832448 22260360
1759769304 1398 4832448 22260360
1759769305 1386 4832448 22260360
1759769306 1389 4832448 22260360
1759769308 1392 4832448 22260360
1759769309 1394 4832448 22260360
1759769310 1396 4832448 22260360
1759769311 1400 4832448 22260360
1759769312 1402 4832448 22260360
1759769313 1403 4832448 22260360
1759769314 1402 4832448 22260360
1759769315 1388 4832448 22260360
1759769316 1389 4832448 22260360
1759769317 1390 4832448 22260360
1759769318 1393 4832448 22260360
1759769320 1396 4832448 22260360
1759769321 1399 4832448 22260360
1759769322 1402 4832448 22260360
1759769323 1405 4832448 22260360
1759769324 1407 4832448 22260360
1759769325 1410 4832448 22260360
1759769326 1413 4832448 22260360
1759769327 1403 4832448 22260360
1759769328 1406 4832448 22260360
1759769329 1409 4832448 22260360
1759769331 1412 4832448 22260360
1759769332 1414 4832448 22260360
1759769333 1417 4832448 22260360
1759769334 1419 4832448 22260360
1759769335 1420 4832448 22260360
1759769336 1422 4832448 22260360
1759769337 1412 4832448 22260360
1759769338 1415 4832448 22260360
1759769339 1417 4832448 22260360
1759769340 1419 4832448 22260360
1759769342 1420 4832448 22260360
1759769343 1422 4832448 22260360
1759769344 1423 4832448 22260360
1759769345 1424 4832448 22260360
1759769346 1425 4832448 22260360
1759769347 1425 4832448 22260360
1759769348 1414 4832448 22260360
1759769349 1414 4832448 22260360
1759769350 1416 4832448 22260360
1759769351 1418 4832448 22260360
1759769353 1420 4832448 22260360
1759769354 1423 4832576 22260360
1759769355 1424 4832576 22260360
1759769356 1426 4832576 22260360
1759769357 1428 4832576 22260360
1759769358 1430 4832704 22260360
1759769359 1432 4832704 22260360
1759769360 1424 4832704 22260360
1759769361 1426 4832704 22260360
1759769362 1428 4832704 22260360
1759769364 1430 4832704 22260360
1759769365 1431 4832704 22260360
1759769366 1433 4832704 22260360
1759769367 1434 4832704 22260360
1759769368 1436 4832704 22260360
1759769369 1437 4832704 22260360
1759769370 1430 4832704 22260360
1759769371 1432 4832704 22260360
1759769372 1434 4832960 22260360
1759769374 1436 4832960 22260360
1759769375 1437 4832960 22260360
1759769376 1437 4832960 22260360
1759769377 1437 4833088 22260360
1759769378 1437 4833088 22260360
1759769379 1437 4833088 22260360
1759769380 1438 4833088 22260360
1759769381 1438 4833088 22260360
1759769382 1438 4833088 22260360
1759769383 1438 4833600 22260360
1759769384 1430 4833600 22260360
1759769385 1431 4833600 22260360
1759769386 1432 4833600 22260360
1759769388 1434 4833984 22260360
1759769389 1435 4833984 22260360
1759769390 1437 4833984 22260360
1759769391 1439 4833984 22260360
1759769392 1440 4834240 22260360
1759769393 1442 4834240 22260360
1759769394 1435 4834240 22260360
1759769395 1437 4834240 22260360
1759769396 1438 4834496 22260360
1759769397 1439 4834496 22260360
1759769399 1440 4834496 22260360
1759769400 1442 4834496 22260360
1759769401 1443 4834496 22260360
1759769402 1445 4834496 22260360
1759769403 1445 4834496 22260360
1759769404 1447 4834496 22260360
1759769405 1448 4834496 22260360
1759769406 1442 4834496 22260360
1759769407 1443 4834496 22260360
1759769408 1444 4834496 22260360
1759769410 1444 4834496 22260360
1759769411 1443 4834496 22260360
1759769412 1443 4834496 22260360
1759769413 1443 4834496 22260360
1759769414 1445 4834496 22260360
1759769415 1446 4834496 22260360
1759769416 1447 4834496 22260360
1759769417 1440 4834496 22260360
1759769418 1441 4834496 22260360
1759769419 1442 4834496 22260360
1759769421 1443 4834496 22260360
1759769422 1444 4834496 22260360
1759769423 1445 4834496 22260360
1759769424 1447 4834496 22260360
1759769425 1448 4834496 22260360
1759769426 1449 4834496 22260360
1759769427 1450 4834496 22260360
1759769428 1445 4834496 22260360
1759769429 1445 4834496 22260360
1759769430 1446 4834496 22260360
1759769432 1447 4834496 22260360
1759769433 1448 4834496 22260360
1759769434 1450 4834496 22260360
1759769435 1451 4834496 22260360
1759769436 1452 4834496 22260360
1759769437 1453 4834496 22260360
1759769438 1454 4834496 22260360
1759769439 1448 4834496 22260360
1759769440 1449 4834496 22260360
1759769441 1449 4834496 22260360
1759769442 1450 4834496 22260360
1759769444 1450 4834496 22260360
1759769445 1450 4834496 22260360
1759769446 1451 4834496 22260360
1759769447 1452 4834624 22260360
1759769448 1453 4834624 22260360
1759769449 1454 4834624 22260360
1759769450 1448 4834624 22260360
1759769451 1449 4834752 22260360
1759769452 1450 4834752 22260360
1759769453 1450 4834752 22260360
1759769455 1451 4834752 22260360
1759769456 1452 4834880 22260360
1759769457 1453 4834880 22260360
1759769458 1454 4834880 22260360
1759769459 1455 4835008 22260360
1759769460 1456 4835008 22260360
1759769461 1451 4835008 22260360
1759769462 1452 4835008 22260360
1759769463 1453 4835008 22260360
1759769465 1454 4835008 22260360
1759769466 1455 4835008 22260360
1759769467 1456 4835264 22260360
1759769468 1457 4835264 22260360
1759769469 1458 4835264 22260360
1759769470 1459 4835264 22260360
1759769471 1459 4835264 22260360
1759769472 1454 4835264 22260360
1759769473 1454 4835264 22260360
1759769474 1454 4835264 22260360
1759769476 1455 4835392 22260360
1759769477 1456 4835392 22260360
1759769478 1457 4835392 22260360
1759769479 1457 4835392 22260360
1759769480 1458 4835520 22260360
1759769481 1458 4835520 22260360
1759769482 1458 4835520 22260360
1759769483 1454 4835520 22260360
1759769484 1455 4836288 22260360
1759769485 1456 4836288 22260360
1759769486 1456 4836288 22260360
1759769488 1456 4836288 22260360
1759769489 1456 4836416 22260360
1759769490 1457 4836416 22260360
1759769491 1458 4836416 22260360
1759769492 1458 4836544 22260360
1759769493 1459 4836544 22260360
1759769494 1460 4836544 22260360
1759769495 1455 4836544 22260360
1759769496 1456 4836544 22260360
1759769497 1457 4836544 22260360
1759769499 1458 4836544 22260360
1759769500 1459 4836544 22260360
1759769501 1460 4836544 22260360
1759769502 1461 4836544 22260360
1759769503 1461 4836544 22260360
1759769504 1461 4836544 22260360
1759769505 1461 4836544 22260360
1759769506 1461 4836544 22260360
1759769507 1457 4836544 22260360
1759769508 1458 4836544 22260360
1759769509 1459 4836544 22260360
1759769511 1459 4836544 22260360
1759769512 1460 4836544 22260360
1759769513 1460 4836544 22260360
1759769514 1461 4836544 22260360
1759769515 1461 4836544 22260360
1759769516 1462 4836544 22260360
1759769517 1462 4836544 22260360
1759769518 1458 4836544 22260360
1759769519 1459 4836544 22260360
1759769520 1460 4836544 22260360
1759769521 1460 4836544 22260360
1759769523 1461 4836672 22260360
1759769524 1461 4836672 22260360
1759769525 1461 4836672 22260360
1759769526 1462 4836672 22260360
1759769527 1463 4836672 22260360
1759769528 1464 4836672 22260360
1759769529 1460 4836672 22260360
1759769530 1460 4836672 22260360
1759769531 1461 4836672 22260360
1759769532 1462 4836672 22260360
1759769534 1462 4836672 22260360
1759769535 1462 4836672 22260360
1759769536 1463 4836672 22260360
1759769537 1463 4837056 22260360
1759769538 1463 4837056 22260360
1759769539 1464 4837056 22260360
1759769540 1464 4837184 22260360
1759769541 1461 4837184 22260360
1759769542 1461 4837184 22260360
1759769543 1462 4837312 22260360
1759769545 1463 4837312 22260360
1759769546 1463 4837312 22260360
1759769547 1464 4837312 22260360
1759769548 1464 4837312 22260360
1759769549 1465 4837312 22260360
1759769550 1465 4837312 22260360
1759769551 1466 4837312 22260360
1759769552 1462 4837312 22260360
1759769553 1463 4837312 22260360
1759769554 1464 4837440 22260360
1759769556 1463 4837440 22260360
1759769557 1464 4837440 22260360
1759769558 1464 4837696 22260360
1759769559 1464 4837696 22260360
1759769560 1465 4837696 22260360
1759769561 1466 4837952 22260360
1759769562 1467 4837952 22260360
1759769563 1463 4837952 22260360
1759769564 1464 4838336 22260360
1759769565 1464 4838336 22260360
1759769566 1464 4838336 22260360
1759769568 1464 4838336 22260360
1759769569 1464 4838336 22260360
1759769570 1465 4838336 22260360
1759769571 1465 4838592 22260360
1759769572 1466 4838592 22260360
1759769573 1467 4838592 22260360
1759769574 1468 4838592 22260360
1759769575 1464 4838592 22260360
1759769576 1465 4838592 22260360
1759769577 1465 4838592 22260360
1759769579 1466 4838592 22260360
1759769580 1466 4838592 22260360
1759769581 1467 4838592 22260360
1759769582 1467 4838592 22260360
1759769583 1468 4838592 22260360
1759769584 1468 4838592 22260360
1759769585 1468 4838592 22260360
1759769586 1469 4838592 22260360
1759769587 1465 4838592 22260360
1759769588 1466 4838592 22260360
1759769589 1466 4838592 22260360
1759769591 1466 4838592 22260360
1759769592 1467 4838592 22260360
1759769593 1467 4838592 22260360
1759769594 1467 4838592 22260360
1759769595 1468 4838592 22260360
1759769596 1469 4838720 22260360
1759769597 1469 4838720 22260360
1759769598 1469 4838720 22260360
1759769599 1465 4838720 22260360
1759769600 1465 4838848 22260360
1759769601 1466 4838848 22260360
1759769602 1466 4838848 22260360
1759769604 1467 4839104 22260360
1759769605 1468 4839104 22260360
1759769606 1468 4839104 22260360
1759769607 1469 4839104 22260360
1759769608 1469 4839360 22260360
1759769609 1470 4839360 22260360
1759769610 1467 4839360 22260360
1759769611 1467 4839360 22260360
1759769612 1468 4839360 22260360
1759769614 1469 4839360 22260360
1759769615 1469 4839360 22260360
1759769616 1470 4839360 22260360
1759769617 1470 4839360 22260360
1759769618 1470 4839360 22260360
1759769619 1470 4839360 22260360
1759769620 1471 4839360 22260360
1759769621 1471 4839488 22260360
1759769622 1468 4839616 22260360
1759769623 1469 4839616 22260360
1759769624 1469 4840256 22260360
1759769626 1469 4840256 22260360
1759769627 1470 4840256 22260360
1759769628 1470 4840384 22260360
1759769629 1470 4840384 22260360
1759769630 1470 4840384 22260360
1759769631 1470 4840640 22260360
1759769632 1470 4840640 22260360
1759769633 1467 4840640 22260360
1759769634 1468 4840640 22260360
1759769635 1468 4840640 22260360
1759769636 1469 4840640 22260360
1759769638 1469 4840640 22260360
1759769639 1470 4840640 22260360
1759769640 1470 4840640 22260360
1759769641 1471 4840640 22260360
1759769642 1471 4840640 22260360
1759769643 1472 4840640 22260360
1759769644 1473 4840640 22260360
1759769645 1470 4840640 22260360
1759769646 1470 4840640 22260360
1759769647 1471 4840640 22260360
1759769649 1471 4840640 22260360
1759769650 1471 4840640 22260360
1759769651 1471 4840640 22260360
1759769652 1472 4840640 22260360
1759769653 1472 4840640 22260360
1759769654 1472 4840768 22260360
1759769655 1473 4840768 22260360
1759769656 1470 4840896 22260360
1759769657 1471 4840896 22260360
1759769658 1471 4840896 22260360
1759769659 1471 4840896 22260360
1759769661 1471 4840896 22260360
1759769662 1471 4841152 22260360
1759769663 1471 4841152 22260360
1759769664 1471 4841152 22260360
1759769665 1472 4841408 22260360
1759769666 1472 4841408 22260360
1759769667 1473 4841408 22260360
1759769668 1470 4841408 22260360
1759769669 1470 4841408 22260360
1759769670 1471 4841408 22260360
1759769672 1471 4841408 22260360
1759769673 1472 4841536 22260360
1759769674 1472 4841536 22260360
1759769675 1473 4841792 22260360
1759769676 1473 4841792 22260360
1759769677 1474 4842048 22260360
1759769678 1474 4842048 22260360
1759769679 1472 4842432 22260360
1759769680 1472 4842432 22260360
1759769681 1472 4842432 22260360
1759769683 1473 4842560 22260360
1759769684 1473 4842560 22260360
1759769685 1474 4842688 22260360
1759769686 1474 4842688 22260360
1759769687 1474 4842688 22260360
1759769688 1474 4842688 22260360
1759769689 1475 4842688 22260360
1759769690 1472 4842688 22260360
1759769691 1472 4842688 22260360
1759769692 1472 4842688 22260360
1759769693 1472 4842816 22260360
1759769695 1472 4842816 22260360
1759769696 1472 4842816 22260360
1759769697 1473 4842816 22260360
1759769698 1473 4842816 22260360
1759769699 1473 4842816 22260360
1759769700 1474 4842816 22260360
1759769701 1474 4842816 22260360
1759769702 1472 4842944 22260360
1759769703 1472 4843072 22260360
1759769704 1473 4843072 22260360
1759769706 1473 4843072 22260360
1759769707 1474 4843200 22260360
1759769708 1474 4843200 22260360
1759769709 1475 4843584 22260360
1759769710 1475 4843712 22260360
1759769711 1475 4843712 22260360
1759769712 1475 4843712 22260360
1759769713 1473 4843840 22260360
1759769714 1474 4843840 22260360
1759769715 1474 4843968 22260360
1759769717 1475 4844352 22260360
1759769718 1475 4844352 22260360
1759769719 1475 4844352 22260360
1759769720 1476 4844352 22260360
1759769721 1476 4844352 22260360
1759769722 1476 4844352 22260360
1759769723 1476 4844352 22260360
1759769724 1476 4844480 22260360
1759769725 1473 4844480 22260360
1759769726 1473 4844736 22260360
1759769727 1473 4844736 22260360
1759769728 1474 4844736 22260360
1759769729 1474 4844736 22260360
1759769731 1474 4844736 22260360
1759769732 1474 4844864 22260360
1759769733 1474 4844864 22260360
1759769734 1475 4844864 22260360
1759769735 1475 4844992 22260360
1759769736 1476 4844992 22260360
1759769737 1476 4844992 22260360
1759769738 1474 4844992 22260360
1759769739 1474 4845248 22260360
1759769740 1475 4845248 22260360
1759769742 1475 4845504 22260360
1759769743 1476 4845504 22260360
1759769744 1476 4845504 22260360
1759769745 1476 4845888 22260360
1759769746 1477 4845888 22260360
1759769747 1477 4846144 22260360
1759769748 1478 4846400 22260360
1759769749 1475 4846400 22260360
1759769750 1476 4846400 22260360
1759769751 1476 4846400 22260360
1759769752 1476 4846400 22260360
1759769754 1476 4846656 22260360
1759769755 1476 4846656 22260360
1759769756 1476 4846784 22260360
1759769757 1476 4846784 22260360
1759769758 1476 4846912 22260360
1759769759 1477 4847168 22260360
1759769760 1477 4847168 22260360
1759769761 1477 4847296 22260360
1759769762 1475 4847296 22260360
1759769763 1475 4847296 22260360
1759769764 1475 4847296 22260360
1759769766 1475 4847296 22260360
1759769767 1476 4847424 22260360
1759769768 1476 4847424 22260360
1759769769 1477 4847680 22260360
1759769770 1477 4848064 22260360
1759769771 1477 4848320 22260360
1759769772 1478 4848320 22260360
1759769773 1478 4848448 22260360
1759769774 1476 4848448 22260360
1759769775 1476 4848576 22260360
1759769776 1476 4848960 22260360
1759769777 1477 4849216 22260360
1759769779 1477 4849344 22260360
1759769780 1477 4849344 22260360
1759769781 1478 4849344 22260360
1759769782 1478 4849472 22260360
1759769783 1479 4849600 22260360
1759769784 1479 4849728 22260360
1759769785 1479 4849984 22260360
1759769786 1479 4849984 22260360
1759769787 1476 4850240 22260360
1759769788 1476 4850240 22260360
1759769789 1476 4850240 22260360
1759769790 1476 4850752 22260360
1759769791 1477 4850880 22260360
1759769793 1477 4851392 22260360
1759769794 1477 4851392 22260360
1759769795 1478 4851392 22260360
1759769796 1478 4851648 22260360
1759769797 1478 4852160 22260360
1759769798 1478 4852288 22260360
1759769799 1478 4852416 22260360
1759769800 1479 4852800 22260360
1759769801 1479 4853312 22260360
1759769802 1477 4853568 22260360
1759769803 1477 4855488 22260360
1759769804 1476 6665664 22260360
1759769805 1474 9207104 22260360
1759769806 1473 9661248 22260360
1759769807 1473 9746752 22260360
1759769809 1472 9746752 22260360
1759769810 1471 9936576 22260360
1759769811 1470 10068032 22260360
1759769812 1468 10068032 22260360
1759769813 1467 10068032 22260360
1759769814 1466 10181568 22260360
1759769815 1464 10468672 22260360
1759769816 1462 10834752 22260360
1759769817 1459 10834752 22260360
1759769818 1457 10908864 22260360
1759769819 1457 11314368 22260360
1759769820 1456 11316544 22260360
1759769821 1456 11316544 22260360
1759769822 1454 11316544 22260360
1759769823 1452 11316544 22260360
1759769824 1450 11316544 22260360
1759769825 1447 11316544 22260360
1759769826 1447 11316544 22260360
1759769827 1445 11316544 22260360
1759769828 1443 11606080 22260360
1759769829 1441 11858752 22260360
1759769830 1439 12110528 22260360
1759769831 1437 12361280 22260360
1759769832 1435 12612160 22260360
1759769833 1432 12863808 22260360
1759769834 1430 13164992 22260360
1759769835 1428 13640384 22260360
1759769836 1426 14114624 22260360
1759769838 1424 14426432 22260360
1759769839 1422 14426432 22260360
1759769840 1420 14426432 22260360
1759769841 1418 14426432 22260360
1759769842 1415 14426432 22260360
1759769843 1413 14426432 22260360
1759769844 1411 14426432 22260360
1759769845 1409 14426432 22260360
1759769846 1407 15241792 22260360
1759769847 1406 16072512 22260360
1759769848 1406 16072512 22260360
1759769849 1406 16072512 22260360
1759769850 1407 16072512 22260360
1759769851 1407 16072512 22260360
1759769852 1405 16072512 22260360
1759769853 1406 16072512 22260360
1759769854 1406 16072512 22260360
1759769855 1405 16072512 22260360
1759769856 1403 16072512 22260360
1759769857 1401 16072512 22260360
1759769859 1401 16072512 22260360
1759769860 1401 16072512 22260360
1759769861 1402 16072512 22260360
1759769862 1402 16072512 22260360
1759769863 1402 16072512 22260360
1759769864 1403 16072512 22260360
1759769865 1403 16072512 22260360
1759769866 1403 16072512 22260360
1759769867 1399 16072512 22260360
1759769868 1397 16072512 22260360
1759769869 1395 16072512 22260360
1759769870 1393 16072512 22260360
1759769871 1394 16072640 22260360
1759769872 1394 16072640 22260360
1759769874 1395 16072640 22260360
1759769875 1395 16072640 22260360
1759769876 1396 16072640 22260360
1759769877 1396 16072640 22260360
1759769878 1396 16072640 22260360
1759769879 1396 16072640 22260360
1759769880 1396 16072640 22260360
1759769881 1397 16072640 22260360
1759769882 1395 16072640 22260360
1759769883 1395 16072640 22260360
1759769884 1395 16072640 22260360
1759769886 1396 16072640 22260360
1759769887 1396 16072640 22260360
1759769888 1396 16072640 22260360
1759769889 1397 16072640 22260360
1759769890 1397 16072640 22260360
1759769891 1397 16072640 22260360
1759769892 1398 16072640 22260360
1759769893 1398 16072640 22260360
1759769894 1397 16072640 22260360
1759769895 1397 16072640 22260360
1759769896 1398 16072640 22260360
1759769898 1398 16072640 22260360
1759769899 1398 16072640 22260360
1759769900 1398 16072640 22260360
1759769901 1398 16072640 22260360
1759769902 1399 16072640 22260360
1759769903 1399 16072640 22260360
1759769904 1400 16072640 22260360
1759769905 1400 16072640 22260360
1759769906 1399 16072640 22260360
1759769907 1399 16072640 22260360
1759769908 1399 16072640 22260360
1759769909 1400 16072640 22260360
1759769911 1400 16072640 22260360
1759769912 1400 16072640 22260360
1759769913 1400 16072640 22260360
1759769914 1401 16072640 22260360
1759769915 1401 16072640 22260360
1759769916 1401 16072640 22260360
1759769917 1402 16072640 22260360
1759769918 1402 16072640 22260360
1759769919 1401 16072640 22260360
1759769920 1401 16072640 22260360
1759769921 1401 16072640 22260360
1759769922 1401 16072640 22260360
1759769924 1402 16072640 22260360
1759769925 1402 16072640 22260360
1759769926 1403 16072640 22260360
1759769927 1403 16072640 22260360
1759769928 1403 16072640 22260360
1759769929 1404 16072640 22260360
1759769930 1404 16072640 22260360
1759769931 1402 16072640 22260360
1759769932 1403 16072640 22260360
1759769933 1403 16072640 22260360
1759769934 1403 16072640 22260360
1759769936 1404 16072640 22260360
1759769937 1404 16072640 22260360
1759769938 1405 16072640 22260360
1759769939 1405 16072640 22260360
1759769940 1405 16072640 22260360
1759769941 1405 16072640 22260360
1759769942 1406 16072640 22260360
1759769943 1406 16072640 22260360
1759769944 1404 16072640 22260360
1759769945 1404 16072640 22260360
1759769946 1405 16072640 22260360
1759769947 1405 16072640 22260360
1759769949 1406 16072640 22260360
1759769950 1406 16072640 22260360
1759769951 1406 16072640 22260360
1759769952 1407 16072640 22260360
1759769953 1407 16072640 22260360
1759769954 1407 16072640 22260360
1759769955 1408 16072640 22260360
1759769956 1406 16072640 22260360
1759769957 1406 16072640 22260360
1759769958 1407 16072640 22260360
1759769959 1407 16072640 22260360
1759769961 1407 16072640 22260360
1759769962 1408 16072640 22260360
1759769963 1408 16072640 22260360
1759769964 1408 16072640 22260360
1759769965 1409 16072640 22260360
1759769966 1409 16072640 22260360
1759769967 1409 16072640 22260360
1759769968 1409 16072640 22260360
1759769969 1408 16072640 22260360
1759769970 1408 16072640 22260360
1759769971 1408 16072640 22260360
1759769973 1409 16072640 22260360
1759769974 1409 16072640 22260360
1759769975 1409 16072640 22260360
1759769976 1409 16072640 22260360
1759769977 1410 16072640 22260360
1759769978 1410 16072640 22260360
1759769979 1411 16072640 22260360
1759769980 1409 16072640 22260360
1759769981 1409 16072640 22260360
1759769982 1410 16072640 22260360
1759769983 1410 16072640 22260360
1759769985 1411 16072640 22260360
1759769986 1411 16072640 22260360
1759769987 1411 16072640 22260360
1759769988 1412 16072640 22260360
1759769989 1412 16072640 22260360
1759769990 1412 16072640 22260360
1759769991 1412 16072640 22260360
1759769992 1413 16072640 22260360
1759769993 1411 16072640 22260360
1759769994 1411 16072640 22260360
1759769995 1412 16072640 22260360
1759769997 1412 16072640 22260360
1759769998 1413 16072640 22260360
1759769999 1413 16072640 22260360
1759770000 1413 16072640 22260360
1759770001 1413 16072640 22260360
1759770002 1413 16072640 22260360
1759770003 1413 16072640 22260360
1759770004 1414 16072640 22260360
1759770005 1412 16072640 22260360
1759770006 1412 16072640 22260360
1759770007 1413 16072640 22260360
1759770009 1413 16072640 22260360
1759770010 1413 16072640 22260360
1759770011 1414 16072640 22260360
1759770012 1414 16072640 22260360
1759770013 1414 16072640 22260360
1759770014 1415 16072640 22260360
1759770015 1415 16072640 22260360
1759770016 1415 16072640 22260360
1759770017 1414 16072640 22260360
1759770018 1414 16072640 22260360
1759770019 1415 16072640 22260360
1759770020 1415 16072640 22260360
1759770022 1415 16072640 22260360
1759770023 1415 16072640 22260360
1759770024 1416 16072640 22260360
1759770025 1416 16072640 22260360
1759770026 1416 16072640 22260360
1759770027 1416 16072640 22260360
1759770028 1417 16072640 22260360
1759770029 1415 16072640 22260360
1759770030 1416 16072640 22260360
1759770031 1416 16072640 22260360
1759770032 1416 16072640 22260360
1759770034 1416 16072640 22260360
1759770035 1416 16072640 22260360
1759770036 1416 16072640 22260360
1759770037 1416 16072640 22260360
1759770038 1417 16072640 22260360
1759770039 1417 16072640 22260360
1759770040 1418 16072640 22260360
1759770041 1417 18464828 22260360
1759770042 1416 18465212 22260360
1759770043 1414 20856872 22260360
1759770044 1412 9295988 15081392
1759770045 1411 9734424 12687996
1759770046 1411 9734424 12687996
1759770047 1412 9734424 12687996
1759770048 1412 9734424 12687996
1759770050 1412 9734424 12687996
1759770051 1413 9734424 12687996
1759770052 1413 9734424 12687996
1759770053 1413 9734424 12687996
1759770054 1414 9734424 12687996
1759770055 1414 9734424 12687996
1759770056 1414 9734424 12687996
1759770057 1413 9734424 12687996
1759770058 1413 9734424 12687996
1759770059 1413 9734424 12687996
1759770060 1413 9734424 12687996
1759770062 1414 9734424 12687996
1759770063 1414 9734424 12687996
1759770064 1414 9734424 12687996
1759770065 1414 9734424 12687996
1759770066 1414 9734424 12687996
1759770067 1415 12127248 15080576
1759770068 1415 12127248 15080576
1759770069 1413 12127248 15080576
1759770070 1413 12127248 15080576
1759770071 1414 12127248 15080576
1759770072 1414 12127248 15080576
1759770074 1414 12127248 15080576
1759770075 1415 12127248 15080576
1759770076 1415 12127248 15080576
1759770077 1415 12127248 15080576
1759770078 1416 12127248 15080576
1759770079 1416 12127248 15080576
1759770080 1416 12127248 15080576
1759770081 1415 12127248 15080576
1759770082 1415 12127248 15080576
1759770083 1416 12127248 15080576
1759770085 1416 12127248 15080576
1759770086 1416 12127248 15080576
1759770087 1417 12127248 15080576
1759770088 1417 12127248 15080576
1759770089 1417 12127248 15080576
1759770090 1417 12127248 15080576
1759770091 1418 6408404 7902836
1759770092 1416 7272740 7902836
1759770093 1416 7272740 7902836
1759770094 1417 7272740 7902836
1759770095 1417 7272740 7902836
1759770096 1417 7272740 7902836
1759770098 1417 7272740 7902836
1759770099 1417 7272740 7902836
1759770100 1417 7272740 7902836
1759770101 1418 7272740 7902836
1759770102 1418 7272740 7902836
1759770103 1418 7272740 7902836
1759770104 1418 7272740 7902836
1759770105 1417 7272740 7902836
1759770106 1417 7272740 7902836
1759770107 1417 7272740 7902836
1759770108 1418 7272740 7902836
1759770110 1418 7272740 7902836
1759770111 1418 7272740 7902836
1759770112 1419 7272740 7902836
1759770113 1419 7272740 7902836
1759770114 1419 7272740 7902836
1759770115 1420 7272740 7902836
1759770116 1418 10391212 15080576
