1759757866  0.0 15488 642660
1759757867  189 1278320 3132888
1759757868  146 2061744 3132888
1759757869  131 2377656 11679380
1759757870  333 2476216 11712148
1759757871  596 2482616 11712760
1759757872  763 2482616 11712760
1759757873  890 2482616 11712760
1759757874  994 2483384 11712760
1759757875 1078 2483384 11712760
1759757876 1037 2483384 11712760
1759757877 1094 2483768 11712760
1759757878 1141 2483768 11712760
1759757880 1180 2483768 11712760
1759757881 1210 2483768 11712760
1759757882 1240 2483768 11712760
1759757883 1268 2483896 11712760
1759757884 1292 2483896 11712760
1759757885 1315 2483896 11712760
1759757886 1335 2483896 11712760
1759757887 1289 2483896 11712760
1759757888 1303 2483896 11712760
1759757889 1316 2483896 11712760
1759757891 1327 2483896 11712760
1759757892 1337 2483896 11712760
1759757893 1352 2483896 11712760
1759757894 1364 2483896 11712760
1759757895 1376 2484024 11712760
1759757896 1383 2484024 11712760
1759757897 1388 2484024 11712760
1759757898 1347 2484024 11712760
1759757899 1348 2484024 11712760
1759757900 1349 2484024 11712760
1759757901 1355 2484152 11712760
1759757903 1361 2484152 11712760
1759757904 1371 2484152 11712760
1759757905 1379 2484152 11712760
1759757906 1387 2484152 11712760
1759757907 1395 2484152 11712760
1759757908 1403 2484152 11712760
1759757909 1411 2484152 11712760
1759757910 1384 2484152 11712760
1759757911 1388 2484152 11712760
1759757912 1395 2484152 11712760
1759757914 1401 2484152 11712760
1759757915 1408 2484152 11712760
1759757916 1414 2484152 11712760
1759757917 1420 2484152 11712760
1759757918 1426 2484152 11712760
1759757919 1432 2484152 11712760
1759757920 1411 2484152 11712760
1759757921 1417 2484152 11712760
1759757922 1420 2484152 11712760
1759757923 1422 2484152 11712760
1759757925 1425 2484280 11712760
1759757926 1427 2484280 11712760
1759757927 1431 2484280 11712760
1759757928 1432 2484664 11712760
1759757929 1434 2484664 11712760
1759757930 1434 2484664 11712760
1759757931 1435 2484664 11712760
1759757932 1437 2484664 11712760
1759757933 1417 2484664 11712760
1759757934 1419 2485432 11712760
1759757935 1422 2485432 11712760
1759757937 1425 2485432 11712760
1759757938 1428 2485432 11712760
1759757939 1432 2485560 11712760
1759757940 1436 2485560 11712760
1759757941 1438 2485560 11712760
1759757942 1441 2485816 11712760
1759757943 1445 2485816 11712760
1759757944 1430 2485944 11712760
1759757945 1433 2485944 11712760
1759757946 1437 2485944 11712760
1759757948 1441 2486200 11712760
1759757949 1445 2486200 11712760
1759757950 1448 2486200 11712760
1759757951 1451 2486200 11712760
1759757952 1454 2486200 11712760
1759757953 1457 2486200 11712760
1759757954 1460 2486200 11712760
1759757955 1446 2486200 11712760
1759757956 1449 2486200 11712760
1759757957 1450 2486200 11712760
1759757959 1450 2486200 11712760
1759757960 1450 2486200 11712760
1759757961 1450 2486200 11712760
1759757962 1451 2486200 11712760
1759757963 1452 2486200 11712760
1759757964 1454 2486200 11712760
1759757965 1456 2486200 11712760
1759757966 1444 2486200 11712760
1759757967 1446 2486200 11712760
1759757968 1448 2486200 11712760
1759757970 1449 2486200 11712760
1759757971 1449 2486200 11712760
1759757972 1450 2486328 11712760
1759757973 1453 2486328 11712760
1759757974 1455 2486328 11712760
1759757975 1458 2486584 11712760
1759757976 1460 2486584 11712760
1759757977 1463 2486712 11712760
1759757978 1452 2486968 11712760
1759757979 1454 2486968 11712760
1759757980 1456 2487096 11712760
1759757982 1459 2487096 11712760
1759757983 1461 2487480 11712760
1759757984 1463 2487736 11712760
1759757985 1465 2487736 11712760
1759757986 1467 2487736 11712760
1759757987 1469 2487992 11712760
1759757988 1471 2487992 11712760
1759757989 1461 2487992 11712760
1759757990 1461 2487992 11712760
1759757991 1461 2488120 11712760
1759757993 1460 2488120 11712760
1759757994 1460 2488120 11712760
1759757995 1461 2488120 11712760
1759757996 1462 2488120 11712760
1759757997 1464 2488120 11712760
1759757998 1466 2488248 11712760
1759757999 1468 2488248 11712760
1759758000 1459 2488248 11712760
1759758001 1460 2488248 11712760
1759758002 1460 2488248 11712760
1759758004 1461 2488248 11712760
1759758005 1462 2488248 11712760
1759758006 1463 2488248 11712760
1759758007 1464 2488248 11712760
1759758008 1466 2488504 11712760
1759758009 1468 2488504 11712760
1759758010 1470 2488504 11712760
1759758011 1471 2488632 11712760
1759758012 1462 2488760 11712760
1759758013 1464 2488888 11712760
1759758014 1466 2488888 11712760
1759758016 1467 2489016 11712760
1759758017 1469 2489144 11712760
1759758018 1470 2489144 11712760
1759758019 1472 2489144 11712760
1759758020 1473 2489272 11712760
1759758021 1475 2489912 11712760
1759758022 1475 2489912 11712760
1759758023 1465 2490040 11712760
1759758024 1465 2490040 11712760
1759758025 1465 2490168 11712760
1759758026 1466 2490168 11712760
1759758028 1466 2490168 11712760
1759758029 1467 2490168 11712760
1759758030 1468 2490296 11712760
1759758031 1470 2490296 11712760
1759758032 1471 2490296 11712760
1759758033 1472 2490296 11712760
1759758034 1474 2490296 11712760
1759758035 1466 2490424 11712760
1759758036 1467 2490424 11712760
1759758037 1468 2490424 11712760
1759758038 1469 2490424 11712760
1759758040 1470 2490424 11712760
1759758041 1471 2490680 11712760
1759758042 1472 2490680 11712760
1759758043 1473 2490808 11712760
1759758044 1475 2490936 11712760
1759758045 1476 2491192 11712760
1759758046 1477 2491192 11712760
1759758047 1470 2491320 11712760
1759758048 1472 2491448 11712760
1759758049 1473 2491832 11712760
1759758051 1474 2492088 11712760
1759758052 1475 2492088 11712760
1759758053 1476 2492088 11712760
1759758054 1476 2492344 11712760
1759758055 1476 2492344 11712760
1759758056 1476 2492344 11712760
1759758057 1477 2492344 11712760
1759758058 1478 2492472 11712760
1759758059 1471 2492472 11712760
1759758060 1471 2492472 11712760
1759758061 1472 2492472 11712760
1759758062 1472 2492472 11712760
1759758064 1473 2492600 11712760
1759758065 1475 2492984 11712760
1759758066 1476 2492984 11712760
1759758067 1477 2492984 11712760
1759758068 1478 2493240 11712760
1759758069 1479 2493880 11712760
1759758070 1480 2494008 11712760
1759758071 1474 2494264 11712760
1759758072 1474 2494264 11712760
1759758073 1475 2494264 11712760
1759758074 1475 2494392 11712760
1759758076 1476 2494520 11712760
1759758077 1477 2494520 11712760
1759758078 1478 2494776 11712760
1759758079 1479 2494904 11712760
1759758080 1480 2494904 11712760
1759758081 1481 2495288 11712760
1759758082 1482 2496184 11712760
1759758083 1483 2496440 11712760
1759758084 1476 2496440 11712760
1759758085 1476 2496440 11712760
1759758086 1477 2496568 11712760
1759758087 1477 2496568 11712760
1759758089 1478 2496824 11712760
1759758090 1478 2496952 11712760
1759758091 1479 2497464 11712760
1759758092 1480 2498488 11712760
1759758093 1480 2498488 11712760
1759758094 1481 2498616 11712760
1759758095 1481 2498872 11712760
1759758096 1482 2499128 11712760
1759758097 1480 3710392 11712760
1759758098 1477 4951864 11712760
1759758099 1471 5042872 11712760
1759758100 1468 5164088 11712760
1759758101 1465 5271480 11712760
1759758102 1459 5554872 11712760
1759758103 1455 5800376 11712760
1759758104 1454 5800376 11712760
1759758105 1449 5800376 11712760
1759758107 1446 5800376 11712760
1759758108 1444 5939768 11712760
1759758109 1438 6209720 11712760
1759758110 1433 6479928 11712760
1759758111 1427 6789176 11712760
1759758112 1422 7296952 11712760
1759758113 1417 7386168 11712760
1759758114 1411 7386168 11712760
1759758115 1406 7386168 11712760
1759758116 1401 7417656 11712760
1759758117 1399 8235832 11712760
1759758118 1399 8235832 11712760
1759758119 1399 8235832 11712760
1759758120 1398 8235832 11712760
1759758121 1395 8235832 11712760
1759758122 1390 8235832 11712760
1759758123 1391 8235832 11712760
1759758124 1390 8235832 11712760
1759758125 1385 8235832 11712760
1759758126 1384 8236088 11712760
1759758127 1385 8236088 11712760
1759758129 1386 8236088 11712760
1759758130 1387 8236088 11712760
1759758131 1388 8236088 11712760
1759758132 1389 8236088 11712760
1759758133 1390 8236088 11712760
1759758134 1391 8236088 11712760
1759758135 1392 8236088 11712760
1759758136 1393 8236088 11712760
1759758137 1389 8236088 11712760
1759758138 1390 8236088 11712760
1759758139 1390 8236088 11712760
1759758140 1390 8236088 11712760
1759758141 1391 8236088 11712760
1759758142 1392 8236088 11712760
1759758144 1393 8236088 11712760
1759758145 1394 8236088 11712760
1759758146 1395 8236088 11712760
1759758147 1395 8236088 11712760
1759758148 1395 8236088 11712760
1759758149 1396 8236088 11712760
1759758150 1397 8236088 11712760
1759758151 1393 8236088 11712760
1759758152 1394 8236088 11712760
1759758153 1395 8236088 11712760
1759758154 1395 8236088 11712760
1759758156 1396 8236088 11712760
1759758157 1397 8236088 11712760
1759758158 1399 8236088 11712760
1759758159 1400 8236088 11712760
1759758160 1400 8236088 11712760
1759758161 1401 8236088 11712760
1759758162 1402 8236088 11712760
1759758163 1402 8236088 11712760
1759758164 1399 8236088 11712760
1759758165 1400 8236088 11712760
1759758166 1400 8236088 11712760
1759758167 1401 8236088 11712760
1759758169 1402 8236088 11712760
1759758170 1403 8236088 11712760
1759758171 1404 8236088 11712760
1759758172 1405 8236088 11712760
1759758173 1405 8236088 11712760
1759758174 1406 8236088 11712760
1759758175 1406 8236088 11712760
1759758176 1407 8236088 11712760
1759758177 1407 8236088 11712760
1759758178 1403 8236088 11712760
1759758179 1404 8236088 11712760
1759758180 1404 8236088 11712760
1759758182 1404 8236088 11712760
1759758183 1405 8236088 11712760
1759758184 1406 8236088 11712760
1759758185 1407 8236088 11712760
1759758186 1407 8236088 11712760
1759758187 1408 8236088 11712760
1759758188 1409 8236088 11712760
1759758189 1410 8236088 11712760
1759758190 1407 8236088 11712760
1759758191 1407 8236088 11712760
1759758192 1408 8236088 11712760
1759758193 1409 8236088 11712760
1759758195 1409 8236088 11712760
1759758196 1410 8236088 11712760
1759758197 1411 8236088 11712760
1759758198 1408 9456800 11712760
1759758199 1405 4627636 6828380
1759758200 1406 5011584 6828380
1759758201 1407 5011584 6828380
1759758202 1408 5011584 6828380
1759758203 1408 5011584 6828380
1759758204 1405 5011584 6828380
1759758205 1406 5011584 6828380
1759758206 1406 5011584 6828380
1759758208 1407 6232412 8049084
1759758209 1407 6232412 8049084
1759758210 1407 6232412 8049084
1759758211 1407 6232412 8049084
1759758212 1408 6232412 8049084
1759758213 1408 6232412 8049084
1759758214 1408 6232412 8049084
1759758215 1405 6232412 8049084
1759758216 1405 6232412 8049084
1759758217 1406 3741924 4386972
1759758218 1407 3741924 4386972
1759758220 1408 3741924 4386972
1759758221 1408 3741924 4386972
1759758222 1409 3741924 4386972
1759758223 1410 3741924 4386972
1759758224 1411 3741924 4386972
1759758225 1412 3741924 4386972
1759758226 1410 6231668 8049084
