1759753373  0.0 16768 676452
1759753374  208 618152 4647508
1759753375  652 917288 4680848
1759753376  959 917288 4680848
1759753377 1161 917288 4680848
1759753378 1004 917288 4680848
1759753379 1060 917288 4680848
1759753380 1107 917288 4680848
1759753382 1158 917288 4680848
1759753383 1202 917288 4680848
1759753384 1241 917288 4680848
1759753385 1267 917288 4680848
1759753386 1286 917288 4680848
1759753387 1306 917288 4680848
1759753388 1324 917288 4680848
1759753389 1337 917288 4680848
1759753390 1280 917416 4680848
1759753391 1295 917672 4680848
1759753392 1311 917800 4680848
1759753394 1325 918184 4680848
1759753395 1335 918184 4680848
1759753396 1348 918568 4680848
1759753397 1353 918824 4680848
1759753398 1359 918952 4680848
1759753399 1364 918952 4680848
1759753400 1366 919080 4680848
1759753401 1365 919080 4680848
1759753402 1370 919080 4680848
1759753403 1335 919208 4680848
1759753404 1346 919208 4680848
1759753405 1353 919208 4680848
1759753406 1361 919336 4680848
1759753408 1368 919336 4680848
1759753409 1371 919464 4680848
1759753410 1373 919464 4680848
1759753411 1377 919464 4680848
1759753412 1385 919592 4680848
1759753413 1393 920104 4680848
1759753414 1400 920232 4680848
1759753415 1374 920232 4680848
1759753416 1379 920360 4680848
1759753417 1386 921000 4680848
1759753418 1392 921128 4680848
1759753420 1397 921128 4680848
1759753421 1404 921256 4680848
1759753422 1410 921512 4680848
1759753423 1415 921640 4680848
1759753424 1420 922152 4680848
1759753425 1425 922280 4680848
1759753426 1429 922408 4680848
1759753427 1434 923176 4680848
1759753428 1438 923432 4680848
1759753429 1443 923944 4680848
1759753430 1421 924072 4680848
1759753431 1422 924200 4680848
1759753432 1423 924328 4680848
1759753433 1426 924840 4680848
1759753435 1430 926120 4680848
1759753436 1426 1823912 4680848
1759753437 1425 1938600 4680848
1759753438 1412 2117288 4680848
1759753439 1398 2354984 4680848
1759753440 1379 2686888 4680848
1759753441 1360 2922536 4680848
1759753442 1358 2998184 4680848
1759753443 1356 3001128 4680848
1759753444 1357 3001768 4680848
1759753445 1361 3001768 4680848
1759753446 1365 3001768 4680848
1759753447 1369 3001768 4680848
1759753448 1355 3001768 4680848
1759753449 1359 3001768 4680848
1759753450 1363 3001768 4680848
1759753451 1367 3001768 4680848
1759753453 1371 3001768 4680848
1759753454 1375 3001768 4680848
1759753455 1379 3001768 4680848
1759753456 1383 3001768 4680848
1759753457 1379 1851540 2922100
1759753458 1383 1851540 2922100
1759753459 1387 2291872 3361556
1759753460 1374 1383184 2043188
1759753461 1377 1383184 2043188
