1759754086  0.0 15744 675428
1759754087  213 693868 4647508
1759754088  668 913900 4680276
1759754089  949 917100 4680848
1759754090 1088 917100 4680848
1759754092 1193 917100 4680848
1759754093 1274 917228 4680848
1759754094 1337 917228 4680848
1759754095 1360 917356 4680848
1759754096 1389 917484 4680848
1759754097 1419 917484 4680848
1759754098 1447 917612 4680848
1759754099 1356 917612 4680848
1759754100 1382 917612 4680848
1759754101 1404 917612 4680848
1759754102 1419 917612 4680848
1759754104 1429 917868 4680848
1759754105 1436 918636 4680848
1759754106 1444 918636 4680848
1759754107 1450 918892 4680848
1759754108 1461 919148 4680848
1759754109 1473 919148 4680848
1759754110 1483 919148 4680848
1759754111 1493 919148 4680848
1759754112 1444 919148 4680848
1759754113 1454 919404 4680848
1759754114 1459 919404 4680848
1759754116 1458 919532 4680848
1759754117 1458 919532 4680848
1759754118 1462 919788 4680848
1759754119 1464 919788 4680848
1759754120 1464 919788 4680848
1759754121 1466 919788 4680848
1759754122 1468 919788 4680848
1759754123 1471 920044 4680848
1759754124 1478 920300 4680848
1759754125 1445 920684 4680848
1759754126 1448 921068 4680848
1759754127 1451 921196 4680848
1759754128 1457 921324 4680848
1759754130 1463 921452 4680848
1759754131 1468 921708 4680848
1759754132 1473 921836 4680848
1759754133 1478 921836 4680848
1759754134 1483 922092 4680848
1759754135 1487 922860 4680848
1759754136 1491 923372 4680848
1759754137 1494 923628 4680848
1759754138 1467 923628 4680848
1759754139 1469 923756 4680848
1759754140 1472 923884 4680848
1759754141 1476 924780 4680848
1759754142 1479 925932 4680848
1759754144 1474 1808364 4680848
1759754145 1471 1887084 4680848
1759754146 1459 2117484 4680848
1759754147 1448 2223340 4680848
1759754148 1426 2619884 4680848
1759754149 1405 2686956 4680848
1759754150 1396 2998380 4680848
1759754151 1393 3001324 4680848
1759754152 1385 3001324 4680848
1759754153 1388 3001708 4680848
1759754154 1392 3001708 4680848
1759754155 1376 3001708 4680848
1759754156 1380 3001708 4680848
1759754157 1383 3001708 4680848
1759754159 1386 3001708 4680848
1759754160 1390 3001708 4680848
1759754161 1394 3001708 4680848
1759754162 1398 3001708 4680848
1759754163 1402 3001708 4680848
1759754164 1406 3001708 4680848
1759754165 1410 3001708 4680848
1759754166 1405 1851424 2922100
1759754167 1391 1851424 2922100
1759754168 1397 2291620 3361556
1759754170 1403 1382932 2043188
1759754171 1405 1382932 2043188
1759754172 1402 64516 724820
