1759759648  0.0 15232 675428
1759759649  196 1245904 2449296
1759759650  149 3309636 4207112
1759759651  134 3332180 4207112
1759759652  126 3077468 16513684
1759759653  173 3548636 16546452
1759759654  419 3552604 16546452
1759759655  603 3559772 16547144
1759759656  739 3559772 16547144
1759759657  847 3559772 16547144
1759759658  847 3559772 16547144
1759759659  922 3559900 16547144
1759759660  982 3559900 16547144
1759759662 1034 3559900 16547144
1759759663 1079 3559900 16547144
1759759664 1119 3559900 16547144
1759759665 1154 3559900 16547144
1759759666 1185 3559900 16547144
1759759667 1214 3559900 16547144
1759759668 1181 3559900 16547144
1759759669 1206 3559900 16547144
1759759670 1229 3559900 16547144
1759759671 1248 3559900 16547144
1759759673 1265 3559900 16547144
1759759674 1282 3559900 16547144
1759759675 1293 3559900 16547144
1759759676 1298 3559900 16547144
1759759677 1303 3559900 16547144
1759759678 1308 3559900 16547144
1759759679 1312 3559900 16547144
1759759680 1278 3559900 16547144
1759759681 1283 3559900 16547144
1759759682 1291 3559900 16547144
1759759684 1300 3559900 16547144
1759759685 1309 3559900 16547144
1759759686 1318 3559900 16547144
1759759687 1335 3559900 16547144
1759759688 1344 3559900 16547144
1759759689 1321 3559900 16547144
1759759690 1330 3559900 16547144
1759759691 1339 3559900 16547144
1759759693 1348 3559900 16547144
1759759694 1356 3559900 16547144
1759759695 1364 3559900 16547144
1759759696 1371 3559900 16547144
1759759697 1379 3559900 16547144
1759759698 1385 3559900 16547144
1759759699 1392 3559900 16547144
1759759700 1372 3559900 16547144
1759759701 1378 3559900 16547144
1759759702 1384 3559900 16547144
1759759704 1390 3559900 16547144
1759759705 1396 3559900 16547144
1759759706 1401 3559900 16547144
1759759707 1403 3559900 16547144
1759759708 1405 3559900 16547144
1759759709 1407 3559900 16547144
1759759710 1408 3559900 16547144
1759759711 1386 3559900 16547144
1759759712 1386 3560284 16547144
1759759713 1389 3560284 16547144
1759759714 1393 3560412 16547144
1759759716 1396 3560412 16547144
1759759717 1398 3561308 16547144
1759759718 1400 3561308 16547144
1759759719 1403 3561308 16547144
1759759720 1408 3561436 16547144
1759759721 1413 3561436 16547144
1759759722 1398 3561436 16547144
1759759723 1401 3561436 16547144
1759759724 1406 3561820 16547144
1759759725 1409 3561820 16547144
1759759727 1412 3561820 16547144
1759759728 1415 3561820 16547144
1759759729 1420 3561820 16547144
1759759730 1424 3561820 16547144
1759759731 1428 3561820 16547144
1759759732 1432 3561820 16547144
1759759733 1418 3561820 16547144
1759759734 1422 3561948 16547144
1759759735 1425 3561948 16547144
1759759737 1428 3561948 16547144
1759759738 1431 3561948 16547144
1759759739 1432 3561948 16547144
1759759740 1433 3561948 16547144
1759759741 1434 3561948 16547144
1759759742 1435 3561948 16547144
1759759743 1436 3561948 16547144
1759759744 1436 3561948 16547144
1759759745 1423 3561948 16547144
1759759746 1425 3561948 16547144
1759759747 1426 3561948 16547144
1759759749 1428 3561948 16547144
1759759750 1430 3561948 16547144
1759759751 1432 3561948 16547144
1759759752 1433 3561948 16547144
1759759753 1435 3561948 16547144
1759759754 1437 3561948 16547144
1759759755 1440 3561948 16547144
1759759756 1429 3561948 16547144
1759759757 1431 3561948 16547144
1759759758 1434 3561948 16547144
1759759759 1436 3561948 16547144
1759759761 1439 3561948 16547144
1759759762 1441 3561948 16547144
1759759763 1443 3561948 16547144
1759759764 1445 3561948 16547144
1759759765 1448 3561948 16547144
1759759766 1450 3561948 16547144
1759759767 1440 3561948 16547144
1759759768 1442 3561948 16547144
1759759769 1443 3561948 16547144
1759759770 1444 3561948 16547144
1759759772 1445 3561948 16547144
1759759773 1446 3561948 16547144
1759759774 1446 3561948 16547144
1759759775 1447 3561948 16547144
1759759776 1449 3561948 16547144
1759759777 1451 3561948 16547144
1759759778 1453 3561948 16547144
1759759779 1443 3561948 16547144
1759759780 1443 3561948 16547144
1759759781 1444 3562204 16547144
1759759783 1446 3562204 16547144
1759759784 1447 3562204 16547144
1759759785 1448 3562204 16547144
1759759786 1449 3562332 16547144
1759759787 1450 3562332 16547144
1759759788 1451 3562460 16547144
1759759789 1453 3562588 16547144
1759759790 1445 3562588 16547144
1759759791 1447 3562972 16547144
1759759792 1449 3562972 16547144
1759759794 1451 3562972 16547144
1759759795 1452 3563484 16547144
1759759796 1454 3563484 16547144
1759759797 1456 3563484 16547144
1759759798 1457 3563740 16547144
1759759799 1458 3563740 16547144
1759759800 1459 3563740 16547144
1759759801 1459 3563740 16547144
1759759802 1450 3563740 16547144
1759759803 1450 3563740 16547144
1759759804 1450 3563868 16547144
1759759806 1451 3563868 16547144
1759759807 1452 3563868 16547144
1759759808 1453 3563996 16547144
1759759809 1455 3563996 16547144
1759759810 1457 3563996 16547144
1759759811 1458 3563996 16547144
1759759812 1459 3563996 16547144
1759759813 1452 3563996 16547144
1759759814 1453 3563996 16547144
1759759815 1454 3563996 16547144
1759759816 1454 3563996 16547144
1759759818 1455 3563996 16547144
1759759819 1456 3563996 16547144
1759759820 1457 3563996 16547144
1759759821 1458 3563996 16547144
1759759822 1459 3563996 16547144
1759759823 1460 3563996 16547144
1759759824 1453 3563996 16547144
1759759825 1455 3563996 16547144
1759759826 1456 3563996 16547144
1759759827 1458 3563996 16547144
1759759829 1459 3563996 16547144
1759759830 1460 3563996 16547144
1759759831 1462 3563996 16547144
1759759832 1463 3563996 16547144
1759759833 1463 3563996 16547144
1759759834 1464 3563996 16547144
1759759835 1464 3563996 16547144
1759759836 1456 3563996 16547144
1759759837 1457 3563996 16547144
1759759838 1458 3563996 16547144
1759759840 1459 3563996 16547144
1759759841 1461 3563996 16547144
1759759842 1462 3563996 16547144
1759759843 1463 3564124 16547144
1759759844 1464 3564252 16547144
1759759845 1465 3564252 16547144
1759759846 1466 3564380 16547144
1759759847 1460 3564380 16547144
1759759848 1461 3564508 16547144
1759759849 1462 3564636 16547144
1759759851 1462 3564636 16547144
1759759852 1463 3564636 16547144
1759759853 1464 3564636 16547144
1759759854 1464 3565020 16547144
1759759855 1465 3565020 16547144
1759759856 1466 3565020 16547144
1759759857 1466 3565276 16547144
1759759858 1461 3565276 16547144
1759759859 1462 3565660 16547144
1759759860 1463 3565660 16547144
1759759861 1464 3565660 16547144
1759759863 1465 3565660 16547144
1759759864 1466 3565788 16547144
1759759865 1466 3565788 16547144
1759759866 1466 3565788 16547144
1759759867 1466 3565916 16547144
1759759868 1467 3565916 16547144
1759759869 1467 3565916 16547144
1759759870 1461 3565916 16547144
1759759871 1462 3565916 16547144
1759759872 1463 3565916 16547144
1759759873 1464 3565916 16547144
1759759875 1465 3566044 16547144
1759759876 1466 3566044 16547144
1759759877 1467 3566044 16547144
1759759878 1468 3566044 16547144
1759759879 1469 3566044 16547144
1759759880 1470 3566044 16547144
1759759881 1471 3566044 16547144
1759759882 1466 3566044 16547144
1759759883 1467 3566044 16547144
1759759884 1467 3566044 16547144
1759759886 1468 3566044 16547144
1759759887 1468 3566044 16547144
1759759888 1468 3566044 16547144
1759759889 1469 3566044 16547144
1759759890 1470 3566044 16547144
1759759891 1470 3566172 16547144
1759759892 1471 3566172 16547144
1759759893 1472 3566428 16547144
1759759894 1467 3566428 16547144
1759759895 1468 3566556 16547144
1759759896 1468 3566556 16547144
1759759898 1468 3566684 16547144
1759759899 1469 3566684 16547144
1759759900 1469 3566684 16547144
1759759901 1470 3566684 16547144
1759759902 1470 3566684 16547144
1759759903 1471 3566684 16547144
1759759904 1472 3566684 16547144
1759759905 1467 3566940 16547144
1759759906 1468 3566940 16547144
1759759907 1468 3567196 16547144
1759759909 1469 3567452 16547144
1759759910 1470 3567452 16547144
1759759911 1471 3567836 16547144
1759759912 1472 3567836 16547144
1759759913 1473 3567836 16547144
1759759914 1474 3567964 16547144
1759759915 1475 3567964 16547144
1759759916 1470 3567964 16547144
1759759917 1471 3567964 16547144
1759759918 1471 3567964 16547144
1759759919 1472 3567964 16547144
1759759921 1472 3567964 16547144
1759759922 1472 3567964 16547144
1759759923 1473 3567964 16547144
1759759924 1473 3567964 16547144
1759759925 1473 3567964 16547144
1759759926 1474 3567964 16547144
1759759927 1474 3567964 16547144
1759759928 1475 3567964 16547144
1759759929 1470 3567964 16547144
1759759930 1470 3567964 16547144
1759759931 1471 3568092 16547144
1759759933 1471 3568092 16547144
1759759934 1471 3568348 16547144
1759759935 1472 3568348 16547144
1759759936 1473 3568348 16547144
1759759937 1473 3568476 16547144
1759759938 1474 3568476 16547144
1759759939 1475 3568604 16547144
1759759940 1476 3568860 16547144
1759759941 1472 3568860 16547144
1759759942 1472 3568860 16547144
1759759943 1473 3568860 16547144
1759759945 1474 3569244 16547144
1759759946 1475 3569372 16547144
1759759947 1476 3569372 16547144
1759759948 1476 3569500 16547144
1759759949 1477 3569756 16547144
1759759950 1478 3570012 16547144
1759759951 1479 3570012 16547144
1759759952 1474 3570012 16547144
1759759953 1475 3570012 16547144
1759759954 1475 3570012 16547144
1759759955 1475 3570012 16547144
1759759957 1476 3570012 16547144
1759759958 1476 3570012 16547144
1759759959 1476 3570012 16547144
1759759960 1475 3570012 16547144
1759759961 1475 3570012 16547144
1759759962 1476 3570012 16547144
1759759963 1476 3570140 16547144
1759759964 1476 3570140 16547144
1759759965 1472 3570140 16547144
1759759966 1473 3570524 16547144
1759759967 1474 3570524 16547144
1759759969 1474 3570780 16547144
1759759970 1475 3570780 16547144
1759759971 1475 3570780 16547144
1759759972 1476 3570908 16547144
1759759973 1477 3570908 16547144
1759759974 1477 3571164 16547144
1759759975 1478 3571292 16547144
1759759976 1479 3571548 16547144
1759759977 1475 3571548 16547144
1759759978 1476 3571676 16547144
1759759979 1476 3571676 16547144
1759759980 1477 3571676 16547144
1759759982 1478 3572060 16547144
1759759983 1478 3572060 16547144
1759759984 1479 3572060 16547144
1759759985 1480 3572188 16547144
1759759986 1480 3572316 16547144
1759759987 1481 3572316 16547144
1759759988 1481 3572572 16547144
1759759989 1477 3572572 16547144
1759759990 1477 3572572 16547144
1759759991 1476 3572700 16547144
1759759992 1476 3572828 16547144
1759759994 1476 3572956 16547144
1759759995 1476 3573084 16547144
1759759996 1476 3573212 16547144
1759759997 1477 3573212 16547144
1759759998 1478 3573468 16547144
1759759999 1478 3573596 16547144
1759760000 1479 3573724 16547144
1759760001 1475 3573724 16547144
1759760002 1476 3574236 16547144
1759760003 1476 3574236 16547144
1759760004 1477 3574364 16547144
1759760006 1477 3574364 16547144
1759760007 1478 3574876 16547144
1759760008 1479 3575004 16547144
1759760009 1479 3575132 16547144
1759760010 1480 3575260 16547144
1759760011 1480 3575388 16547144
1759760012 1481 3575644 16547144
1759760013 1481 3575900 16547144
1759760014 1482 3576668 16547144
1759760015 1478 3576796 16547144
1759760016 1479 3577180 16547144
1759760017 1480 3577308 16547144
1759760018 1480 3577692 16547144
1759760020 1481 3578716 16547144
1759760021 1481 3579484 16547144
1759760022 1481 3579996 16547144
1759760023 1481 3580124 16547144
1759760024 1481 3580252 16547144
1759760025 1480 3580636 16547144
1759760026 1480 3580764 16547144
1759760027 1480 3885020 16547144
1759760028 1477 6622812 16547144
1759760029 1476 7110492 16547144
1759760030 1476 7174236 16547144
1759760031 1470 7367004 16547144
1759760032 1469 7410012 16547144
1759760033 1467 7410012 16547144
1759760034 1464 7639004 16547144
1759760035 1461 7973084 16547144
1759760036 1457 7973084 16547144
1759760037 1455 8326492 16547144
1759760039 1455 8329564 16547144
1759760040 1452 8329564 16547144
1759760041 1449 8329564 16547144
1759760042 1446 8329564 16547144
1759760043 1446 8329564 16547144
1759760044 1443 8615772 16547144
1759760045 1440 8880092 16547144
1759760046 1437 9144540 16547144
1759760047 1433 9408860 16547144
1759760048 1430 9718108 16547144
1759760049 1427 10216796 16547144
1759760050 1423 10613852 16547144
1759760051 1420 10613852 16547144
1759760052 1417 10613852 16547144
1759760053 1414 10613852 16547144
1759760054 1410 10613852 16547144
1759760055 1407 10613852 16547144
1759760056 1404 11520604 16547144
1759760057 1400 11827804 16547144
1759760058 1401 11827804 16547144
1759760059 1401 11827804 16547144
1759760060 1402 11827804 16547144
1759760062 1402 11827804 16547144
1759760063 1400 11827804 16547144
1759760064 1397 11827804 16547144
1759760065 1397 11827804 16547144
1759760066 1398 11827804 16547144
1759760067 1399 11827804 16547144
1759760068 1399 11827804 16547144
1759760069 1400 11827804 16547144
1759760070 1396 11827804 16547144
1759760071 1393 11827804 16547144
1759760072 1393 11827932 16547144
1759760073 1390 11827932 16547144
1759760074 1391 11827932 16547144
1759760075 1392 11827932 16547144
1759760076 1392 11827932 16547144
1759760078 1393 11827932 16547144
1759760079 1394 11827932 16547144
1759760080 1394 11827932 16547144
1759760081 1395 11827932 16547144
1759760082 1396 11827932 16547144
1759760083 1397 11827932 16547144
1759760084 1397 11827932 16547144
1759760085 1397 11827932 16547144
1759760086 1394 11827932 16547144
1759760087 1394 11827932 16547144
1759760088 1394 11827932 16547144
1759760089 1395 11827932 16547144
1759760091 1395 11827932 16547144
1759760092 1395 11827932 16547144
1759760093 1396 11827932 16547144
1759760094 1396 11827932 16547144
1759760095 1396 11827932 16547144
1759760096 1397 11827932 16547144
1759760097 1398 11827932 16547144
1759760098 1398 11827932 16547144
1759760099 1399 11827932 16547144
1759760100 1396 11827932 16547144
1759760101 1397 11827932 16547144
1759760102 1398 11827932 16547144
1759760103 1398 11827932 16547144
1759760105 1399 11827932 16547144
1759760106 1400 11827932 16547144
1759760107 1400 11827932 16547144
1759760108 1401 11827932 16547144
1759760109 1402 11827932 16547144
1759760110 1402 11827932 16547144
1759760111 1403 11827932 16547144
1759760112 1401 11827932 16547144
1759760113 1401 11827932 16547144
1759760114 1402 11827932 16547144
1759760116 1402 11827932 16547144
1759760117 1402 11827932 16547144
1759760118 1403 11827932 16547144
1759760119 1403 11827932 16547144
1759760120 1403 11827932 16547144
1759760121 1404 11827932 16547144
1759760122 1404 11827932 16547144
1759760123 1405 11827932 16547144
1759760124 1405 11827932 16547144
1759760125 1402 11827932 16547144
1759760126 1403 11827932 16547144
1759760127 1403 11827932 16547144
1759760128 1403 11827932 16547144
1759760130 1404 11827932 16547144
1759760131 1405 11827932 16547144
1759760132 1405 11827932 16547144
1759760133 1406 11827932 16547144
1759760134 1406 11827932 16547144
1759760135 1407 11827932 16547144
1759760136 1405 11827932 16547144
1759760137 1406 11827932 16547144
1759760138 1407 11827932 16547144
1759760140 1407 11827932 16547144
1759760141 1408 11827932 16547144
1759760142 1408 11827932 16547144
1759760143 1409 11827932 16547144
1759760144 1410 11827932 16547144
1759760145 1410 11827932 16547144
1759760146 1411 11827932 16547144
1759760147 1411 11827932 16547144
1759760148 1408 11827932 16547144
1759760149 1408 11827932 16547144
1759760150 1409 11827932 16547144
1759760152 1409 11827932 16547144
1759760153 1410 11827932 16547144
1759760154 1410 11827932 16547144
1759760155 1411 11827932 16547144
1759760156 1411 11827932 16547144
1759760157 1411 11827932 16547144
1759760158 1412 11827932 16547144
1759760159 1412 11827932 16547144
1759760160 1409 11827932 16547144
1759760161 1410 11827932 16547144
1759760162 1410 11827932 16547144
1759760163 1411 11827932 16547144
1759760165 1411 11827932 16547144
1759760166 1412 11827932 16547144
1759760167 1412 11827932 16547144
1759760168 1413 11827932 16547144
1759760169 1414 11827932 16547144
1759760170 1414 11827932 16547144
1759760171 1415 11827932 16547144
1759760172 1415 11827932 16547144
1759760173 1413 11827932 16547144
1759760174 1414 11827932 16547144
1759760175 1414 11827932 16547144
1759760177 1415 11827932 16547144
1759760178 1415 11827932 16547144
1759760179 1414 13585660 16547144
1759760180 1411 12643664 16547144
1759760181 1411 7178080 9514020
1759760182 1411 7178080 9514020
1759760183 1411 7178080 9514020
1759760184 1412 7178080 9514020
1759760185 1413 7178080 9514020
1759760186 1410 7178080 9514020
1759760187 1411 7178080 9514020
1759760188 1411 7178080 9514020
1759760190 1412 7178080 9514020
1759760191 1412 7178080 9514020
1759760192 1412 7178080 9514020
1759760193 1413 7178080 9514020
1759760194 1413 7178080 9514020
1759760195 1413 8935868 11271836
1759760196 1414 8935868 11271836
1759760197 1412 8935868 11271836
1759760198 1412 8935868 11271836
1759760199 1413 8935868 11271836
1759760200 1413 8935868 11271836
1759760202 1414 8935868 11271836
1759760203 1414 8935868 11271836
1759760204 1415 8935868 11271836
1759760205 1415 8935868 11271836
1759760206 1416 8935868 11271836
1759760207 1416 8935868 11271836
1759760208 1417 8935868 11271836
1759760209 1415 8935868 11271836
1759760210 1415 8935868 11271836
1759760211 1415 5360824 5998388
1759760213 1415 5360824 5998388
1759760214 1415 5360824 5998388
1759760215 1416 5360824 5998388
1759760216 1416 5360824 5998388
1759760217 1417 5360824 5998388
1759760218 1417 5360824 5998388
1759760219 1418 5360824 5998388
1759760220 1416 5360824 5998388
1759760221 1416 5360824 5998388
1759760222 1417 5360824 5998388
1759760223 1417 5360824 5998388
1759760225 1417 5360824 5998388
1759760226 1418 5360824 5998388
1759760227 1417 5835176 9514020
