1755173747  0.0 15872 676412
1755173748  292 933244 2275196
1755173750  625 1820232 4506388
1755173751  984 1820232 4506388
1755173752 1174 1820232 4506388
1755173753 1282 1820232 4506388
1755173754 1333 1820232 4506388
1755173755 1368 1820232 4506388
1755173756 1389 1820232 4506388
1755173757 1261 1820232 4506388
1755173758 1290 1820360 4506388
1755173759 1318 1820360 4506388
1755173760 1346 1820360 4506388
1755173762 1376 1820488 4506388
1755173763 1394 1820872 4506388
1755173764 1416 1821768 4506388
1755173765 1430 1821896 4506388
1755173766 1449 1822024 4506388
1755173767 1463 1822152 4506388
1755173768 1406 1822152 4506388
1755173769 1420 1822152 4506388
1755173770 1432 1822280 4506388
1755173772 1445 1822280 4506388
1755173773 1448 1822280 4506388
1755173774 1456 1822280 4506388
1755173775 1464 1822280 4506388
1755173776 1475 1822408 4506388
1755173777 1483 1822536 4506388
1755173778 1484 1822664 4506388
1755173779 1439 1822920 4506388
1755173780 1441 1823048 4506388
1755173781 1448 1823560 4506388
1755173782 1455 1824200 4506388
1755173784 1463 1824200 4506388
1755173785 1469 1824200 4506388
1755173786 1476 1824328 4506388
1755173787 1481 1824328 4506388
1755173788 1486 1824328 4506388
1755173789 1489 1824328 4506388
1755173790 1491 1824584 4506388
1755173791 1458 1824712 4506388
1755173792 1460 1824840 4506388
1755173793 1462 1825480 4506388
1755173794 1465 1825608 4506388
1755173796 1469 1826120 4506388
1755173797 1473 1826376 4506388
1755173798 1478 1826376 4506388
1755173799 1482 1826888 4506388
1755173800 1486 1828168 4506388
1755173801 1491 1830728 4506388
1755173802 1490 1914800 4506388
1755173803 1483 2144208 4506388
1755173804 1436 2830340 4506388
1755173805 1437 3025284 4506388
1755173806 1438 3026180 4506388
1755173807 1443 3026180 4506388
1755173809 1448 3026180 4506388
1755173810 1449 3026180 4506388
1755173811 1450 3026180 4506388
1755173812 1451 3026180 4506388
1755173813 1455 3026180 4506388
1755173814 1459 3026180 4506388
1755173815 1463 3026180 4506388
1755173816 1467 3026180 4506388
1755173817 1449 3026180 4506388
1755173818 1453 1402672 2748160
1755173819 1456 1874160 3220384
1755173821 1460 1434672 2780928
1755173822 1462 1434672 2780928
