1759754362  0.0 16256 676452
1759754363  216 1317728 2253984
1759754364  159 1232480 7723992
1759754365  413 1597664 7756760
1759754366  727 1602016 7757352
1759754367  929 1602016 7757352
1759754368 1057 1602016 7757352
1759754369  979 1602016 7757352
1759754370 1044 1602016 7757352
1759754371 1091 1602016 7757352
1759754372 1126 1602016 7757352
1759754374 1166 1602016 7757352
1759754375 1198 1602016 7757352
1759754376 1224 1602016 7757352
1759754377 1241 1602016 7757352
1759754378 1269 1602016 7757352
1759754379 1294 1602144 7757352
1759754380 1318 1602144 7757352
1759754381 1272 1603424 7757352
1759754382 1292 1603552 7757352
1759754383 1311 1603552 7757352
1759754384 1328 1603808 7757352
1759754386 1344 1603808 7757352
1759754387 1358 1603808 7757352
1759754388 1369 1603808 7757352
1759754389 1379 1603808 7757352
1759754390 1386 1603808 7757352
1759754391 1389 1603808 7757352
1759754392 1397 1603808 7757352
1759754393 1359 1603808 7757352
1759754394 1371 1603808 7757352
1759754395 1380 1603808 7757352
1759754397 1389 1603808 7757352
1759754398 1398 1603808 7757352
1759754399 1406 1603808 7757352
1759754400 1412 1603936 7757352
1759754401 1414 1603936 7757352
1759754402 1416 1603936 7757352
1759754403 1419 1603936 7757352
1759754404 1426 1603936 7757352
1759754405 1399 1604064 7757352
1759754406 1403 1604064 7757352
1759754407 1404 1604064 7757352
1759754409 1405 1604064 7757352
1759754410 1410 1604064 7757352
1759754411 1414 1604064 7757352
1759754412 1420 1604064 7757352
1759754413 1425 1604320 7757352
1759754414 1431 1604448 7757352
1759754415 1436 1604576 7757352
1759754416 1441 1604960 7757352
1759754417 1420 1604960 7757352
1759754418 1425 1605472 7757352
1759754419 1429 1605728 7757352
1759754421 1434 1605728 7757352
1759754422 1436 1605728 7757352
1759754423 1441 1605728 7757352
1759754424 1443 1605856 7757352
1759754425 1445 1605856 7757352
1759754426 1447 1605856 7757352
1759754427 1447 1605856 7757352
1759754428 1450 1605856 7757352
1759754429 1433 1605856 7757352
1759754430 1437 1605856 7757352
1759754431 1441 1605984 7757352
1759754433 1442 1605984 7757352
1759754434 1448 1606112 7757352
1759754435 1451 1606112 7757352
1759754436 1455 1606112 7757352
1759754437 1439 1606112 7757352
1759754438 1442 1606112 7757352
1759754439 1442 1606112 7757352
1759754440 1444 1606112 7757352
1759754442 1446 1606240 7757352
1759754443 1448 1606496 7757352
1759754444 1450 1606496 7757352
1759754445 1454 1607136 7757352
1759754446 1457 1607264 7757352
1759754447 1460 1607392 7757352
1759754448 1463 1607776 7757352
1759754449 1449 1607904 7757352
1759754450 1452 1608032 7757352
1759754451 1454 1608032 7757352
1759754453 1457 1608032 7757352
1759754454 1459 1608032 7757352
1759754455 1462 1608160 7757352
1759754456 1464 1608160 7757352
1759754457 1467 1608160 7757352
1759754458 1468 1608288 7757352
1759754459 1469 1608416 7757352
1759754460 1455 1608416 7757352
1759754461 1456 1608416 7757352
1759754462 1458 1608416 7757352
1759754463 1459 1608800 7757352
1759754465 1459 1609056 7757352
1759754466 1460 1609312 7757352
1759754467 1463 1609568 7757352
1759754468 1465 1609952 7757352
1759754469 1467 1610080 7757352
1759754470 1468 1610080 7757352
1759754471 1469 1610080 7757352
1759754472 1471 1610208 7757352
1759754473 1460 1610336 7757352
1759754474 1461 1610464 7757352
1759754475 1462 1610464 7757352
1759754476 1463 1610464 7757352
1759754477 1464 1610848 7757352
1759754479 1466 1611488 7757352
1759754480 1468 1611872 7757352
1759754481 1470 1612128 7757352
1759754482 1472 1612256 7757352
1759754483 1473 1612512 7757352
1759754484 1474 1613280 7757352
1759754485 1476 1614176 7757352
1759754486 1478 1615328 7757352
1759754487 1472 3179104 7757352
1759754488 1461 3264352 7757352
1759754489 1457 3321440 7757352
1759754490 1448 3571296 7757352
1759754491 1443 3729376 7757352
1759754492 1437 3729376 7757352
1759754493 1429 4004576 7757352
1759754495 1419 4292064 7757352
1759754496 1410 4743648 7757352
1759754497 1400 4743648 7757352
1759754498 1390 4754144 7757352
1759754499 1388 5289696 7757352
1759754500 1386 5289696 7757352
1759754501 1387 5291488 7757352
1759754502 1386 5291488 7757352
1759754503 1380 5291616 7757352
1759754504 1382 5291616 7757352
1759754505 1384 5291616 7757352
1759754506 1387 5291616 7757352
1759754507 1379 5291616 7757352
1759754508 1380 5291616 7757352
1759754509 1381 5291616 7757352
1759754510 1383 5291616 7757352
1759754512 1385 5291616 7757352
1759754513 1386 5291616 7757352
1759754514 1388 5291616 7757352
1759754515 1390 5291616 7757352
1759754516 1392 5291616 7757352
1759754517 1394 5291616 7757352
1759754518 1395 5291616 7757352
1759754519 1397 5291616 7757352
1759754520 1390 5291616 7757352
1759754521 1392 5291616 7757352
1759754522 1394 5291616 7757352
1759754523 1396 5291616 7757352
1759754525 1397 5291616 7757352
1759754526 1397 5291616 7757352
1759754527 1398 5291616 7757352
1759754528 1398 5291616 7757352
1759754529 1400 5291616 7757352
1759754530 1402 5291616 7757352
1759754531 1404 5291616 7757352
1759754532 1405 5291616 7757352
1759754533 1398 5291616 7757352
1759754534 1399 5291616 7757352
1759754535 1401 5291616 7757352
1759754536 1400 6072796 7757352
1759754538 1395 3236156 4631100
1759754539 1397 3236156 4631100
1759754540 1399 3236156 4631100
1759754541 1400 3236156 4631100
1759754542 1401 4017476 5412352
1759754543 1402 4017476 5412352
1759754544 1402 4017476 5412352
1759754545 1404 4017476 5412352
1759754546 1398 4017476 5412352
1759754547 1399 2415912 3068596
1759754548 1401 2415912 3068596
1759754549 1402 2415912 3068596
1759754551 1404 2415912 3068596
