1759753999  0.0 15744 675428
1759754000  210 701264 4647508
1759754001  737 917456 4680848
1759754002  953 917456 4680848
1759754003 1080 917456 4680848
1759754004 1177 917456 4680848
1759754005 1236 917456 4680848
1759754006 1305 917456 4680848
1759754007 1356 917456 4680848
1759754008 1257 917456 4680848
1759754009 1300 917456 4680848
1759754010 1332 917456 4680848
1759754012 1361 917584 4680848
1759754013 1384 917840 4680848
1759754014 1397 917840 4680848
1759754015 1407 917968 4680848
1759754016 1415 918224 4680848
1759754017 1424 918992 4680848
1759754018 1438 918992 4680848
1759754019 1450 919120 4680848
1759754020 1396 919120 4680848
1759754021 1405 919248 4680848
1759754022 1416 919504 4680848
1759754023 1426 919504 4680848
1759754025 1437 919504 4680848
1759754026 1445 919504 4680848
1759754027 1446 919504 4680848
1759754028 1449 919504 4680848
1759754029 1452 919504 4680848
1759754030 1460 919632 4680848
1759754031 1468 919760 4680848
1759754032 1473 920016 4680848
1759754033 1432 920144 4680848
1759754034 1439 920912 4680848
1759754035 1444 920912 4680848
1759754036 1447 920912 4680848
1759754038 1450 921040 4680848
1759754039 1454 921040 4680848
1759754040 1460 921552 4680848
1759754041 1465 921552 4680848
1759754042 1470 921552 4680848
1759754043 1475 921552 4680848
1759754044 1480 921936 4680848
1759754045 1485 922448 4680848
1759754046 1458 922960 4680848
1759754047 1462 923216 4680848
1759754048 1464 923216 4680848
1759754049 1465 923472 4680848
1759754050 1467 923600 4680848
1759754052 1471 923856 4680848
1759754053 1474 923984 4680848
1759754054 1477 924880 4680848
1759754055 1481 925904 4680848
1759754056 1476 1732048 4680848
1759754057 1476 1824336 4680848
1759754058 1473 1887056 4680848
1759754059 1461 2117200 4680848
1759754060 1451 2217680 4680848
1759754061 1429 2586320 4680848
1759754062 1408 2687184 4680848
1759754063 1378 2998224 4680848
1759754064 1377 3000912 4680848
1759754065 1372 3001552 4680848
1759754066 1377 3001552 4680848
1759754068 1381 3001552 4680848
1759754069 1386 3001552 4680848
1759754070 1388 3001552 4680848
1759754071 1391 3001552 4680848
1759754072 1394 3001552 4680848
1759754073 1398 3001552 4680848
1759754074 1402 3001552 4680848
1759754075 1405 3001552 4680848
1759754076 1391 3001552 4680848
1759754077 1395 3001552 4680848
1759754078 1399 3001552 4680848
1759754079 1399 3828200 4680848
1759754080 1398 1851788 2922100
1759754082 1401 2291768 3361556
1759754083 1403 2291768 3361556
1759754084 1404 2291768 3361556
1759754085 1406 1383044 2043188
1759754086 1408 1573428 2922100
