1759773711  0.0 16256 676452
1759773712  215 1280344 3084060
1759773713  159 2733540 5476640
1759773714  140 4815972 5476640
1759773715  130 4087644 5476640
1759773716  125 2800644 22227020
1759773717  121 4581124 22227020
1759773718  103 4816644 22227020
1759773719  262 4820356 22259788
1759773720  406 4824324 22259788
1759773721  523 4830340 22260360
1759773723  624 4830340 22260360
1759773724  705 4830340 22260360
1759773725  778 4830340 22260360
1759773726  840 4830340 22260360
1759773727  896 4830340 22260360
1759773728  940 4830340 22260360
1759773729  974 4830340 22260360
1759773730  956 4830340 22260360
1759773731  983 4830340 22260360
1759773732 1012 4830340 22260360
1759773733 1040 4830340 22260360
1759773735 1069 4830340 22260360
1759773736 1090 4830340 22260360
1759773737 1108 4830340 22260360
1759773738 1120 4830340 22260360
1759773739 1134 4830340 22260360
1759773740 1152 4830340 22260360
1759773741 1170 4830340 22260360
1759773742 1186 4830340 22260360
1759773743 1167 4830340 22260360
1759773744 1184 4830468 22260360
1759773745 1193 4830468 22260360
1759773747 1202 4830468 22260360
1759773748 1214 4830468 22260360
1759773749 1221 4830468 22260360
1759773750 1230 4830468 22260360
1759773751 1242 4830468 22260360
1759773752 1253 4830468 22260360
1759773753 1234 4830468 22260360
1759773754 1244 4830468 22260360
1759773755 1255 4830468 22260360
1759773756 1265 4830596 22260360
1759773758 1275 4830596 22260360
1759773759 1285 4830596 22260360
1759773760 1290 4830596 22260360
1759773761 1299 4830596 22260360
1759773762 1307 4830724 22260360
1759773763 1314 4830724 22260360
1759773764 1319 4830724 22260360
1759773765 1300 4830724 22260360
1759773766 1304 4830724 22260360
1759773767 1310 4830980 22260360
1759773769 1316 4830980 22260360
1759773770 1320 4830980 22260360
1759773771 1324 4830980 22260360
1759773772 1326 4830980 22260360
1759773773 1330 4830980 22260360
1759773774 1333 4832004 22260360
1759773775 1339 4832004 22260360
1759773776 1325 4832004 22260360
1759773777 1327 4832004 22260360
1759773778 1331 4832004 22260360
1759773779 1333 4832004 22260360
1759773781 1336 4832260 22260360
1759773782 1338 4832260 22260360
1759773783 1343 4832260 22260360
1759773784 1348 4832260 22260360
1759773785 1353 4832260 22260360
1759773786 1358 4832388 22260360
1759773787 1363 4832388 22260360
1759773788 1350 4832388 22260360
1759773789 1355 4832388 22260360
1759773790 1359 4832388 22260360
1759773792 1363 4832388 22260360
1759773793 1368 4832388 22260360
1759773794 1372 4832388 22260360
1759773795 1376 4832388 22260360
1759773796 1380 4832388 22260360
1759773797 1384 4832388 22260360
1759773798 1371 4832388 22260360
1759773799 1374 4832388 22260360
1759773800 1375 4832388 22260360
1759773802 1377 4832388 22260360
1759773803 1380 4832388 22260360
1759773804 1384 4832388 22260360
1759773805 1387 4832388 22260360
1759773806 1389 4832388 22260360
1759773807 1392 4832388 22260360
1759773808 1393 4832388 22260360
1759773809 1379 4832388 22260360
1759773810 1381 4832388 22260360
1759773811 1382 4832388 22260360
1759773812 1383 4832388 22260360
1759773814 1386 4832388 22260360
1759773815 1389 4832388 22260360
1759773816 1392 4832388 22260360
1759773817 1395 4832388 22260360
1759773818 1398 4832388 22260360
1759773819 1401 4832388 22260360
1759773820 1391 4832388 22260360
1759773821 1394 4832388 22260360
1759773822 1397 4832388 22260360
1759773824 1400 4832388 22260360
1759773825 1402 4832388 22260360
1759773826 1405 4832388 22260360
1759773827 1407 4832388 22260360
1759773828 1410 4832388 22260360
1759773829 1411 4832388 22260360
1759773830 1414 4832388 22260360
1759773831 1416 4832388 22260360
1759773832 1405 4832388 22260360
1759773833 1406 4832388 22260360
1759773834 1408 4832388 22260360
1759773836 1409 4832388 22260360
1759773837 1412 4832388 22260360
1759773838 1415 4832388 22260360
1759773839 1416 4832388 22260360
1759773840 1416 4832388 22260360
1759773841 1416 4832388 22260360
1759773842 1417 4832388 22260360
1759773843 1406 4832388 22260360
1759773844 1406 4832388 22260360
1759773845 1408 4832388 22260360
1759773846 1411 4832388 22260360
1759773848 1413 4832388 22260360
1759773849 1415 4832516 22260360
1759773850 1417 4832516 22260360
1759773851 1420 4832516 22260360
1759773852 1422 4832516 22260360
1759773853 1424 4832516 22260360
1759773854 1415 4832516 22260360
1759773855 1417 4832516 22260360
1759773856 1419 4832516 22260360
1759773858 1421 4832516 22260360
1759773859 1423 4832516 22260360
1759773860 1425 4832516 22260360
1759773861 1427 4832516 22260360
1759773862 1429 4832516 22260360
1759773863 1430 4832516 22260360
1759773864 1431 4832516 22260360
1759773865 1424 4832516 22260360
1759773866 1425 4832516 22260360
1759773867 1426 4832900 22260360
1759773868 1427 4833028 22260360
1759773870 1428 4833028 22260360
1759773871 1430 4833028 22260360
1759773872 1431 4833028 22260360
1759773873 1431 4833028 22260360
1759773874 1431 4833284 22260360
1759773875 1431 4833284 22260360
1759773876 1422 4833284 22260360
1759773877 1424 4833284 22260360
1759773878 1424 4833284 22260360
1759773879 1425 4833284 22260360
1759773880 1427 4833284 22260360
1759773882 1429 4833284 22260360
1759773883 1430 4833284 22260360
1759773884 1432 4833540 22260360
1759773885 1433 4833540 22260360
1759773886 1435 4833540 22260360
1759773887 1437 4833540 22260360
1759773888 1430 4833796 22260360
1759773889 1432 4833796 22260360
1759773890 1433 4833796 22260360
1759773891 1434 4833796 22260360
1759773893 1436 4834180 22260360
1759773894 1438 4834180 22260360
1759773895 1439 4834180 22260360
1759773896 1439 4834180 22260360
1759773897 1441 4834308 22260360
1759773898 1442 4834308 22260360
1759773899 1436 4834308 22260360
1759773900 1438 4834308 22260360
1759773901 1438 4834436 22260360
1759773902 1439 4834436 22260360
1759773904 1439 4834436 22260360
1759773905 1439 4834436 22260360
1759773906 1439 4834436 22260360
1759773907 1440 4834436 22260360
1759773908 1440 4834436 22260360
1759773909 1441 4834436 22260360
1759773910 1442 4834436 22260360
1759773911 1435 4834436 22260360
1759773912 1436 4834436 22260360
1759773913 1438 4834436 22260360
1759773915 1439 4834436 22260360
1759773916 1440 4834436 22260360
1759773917 1441 4834436 22260360
1759773918 1442 4834436 22260360
1759773919 1443 4834436 22260360
1759773920 1445 4834436 22260360
1759773921 1446 4834436 22260360
1759773922 1440 4834436 22260360
1759773923 1442 4834436 22260360
1759773924 1443 4834436 22260360
1759773926 1444 4834436 22260360
1759773927 1445 4834436 22260360
1759773928 1446 4834436 22260360
1759773929 1447 4834436 22260360
1759773930 1448 4834436 22260360
1759773931 1449 4834436 22260360
1759773932 1451 4834436 22260360
1759773933 1452 4834436 22260360
1759773934 1445 4834436 22260360
1759773935 1445 4834436 22260360
1759773936 1445 4834436 22260360
1759773938 1445 4834436 22260360
1759773939 1445 4834436 22260360
1759773940 1446 4834436 22260360
1759773941 1448 4834436 22260360
1759773942 1449 4834436 22260360
1759773943 1450 4834436 22260360
1759773944 1450 4834436 22260360
1759773945 1445 4834436 22260360
1759773946 1445 4834564 22260360
1759773947 1446 4834564 22260360
1759773949 1447 4834564 22260360
1759773950 1448 4834564 22260360
1759773951 1449 4834564 22260360
1759773952 1450 4834564 22260360
1759773953 1451 4834564 22260360
1759773954 1452 4834692 22260360
1759773955 1453 4834820 22260360
1759773956 1448 4834820 22260360
1759773957 1449 4834820 22260360
1759773958 1450 4834820 22260360
1759773960 1451 4834820 22260360
1759773961 1452 4834820 22260360
1759773962 1453 4835076 22260360
1759773963 1454 4835076 22260360
1759773964 1455 4835076 22260360
1759773965 1456 4835076 22260360
1759773966 1456 4835332 22260360
1759773967 1451 4835332 22260360
1759773968 1451 4835332 22260360
1759773969 1451 4835332 22260360
1759773971 1451 4835716 22260360
1759773972 1451 4835716 22260360
1759773973 1451 4835716 22260360
1759773974 1452 4835716 22260360
1759773975 1453 4835716 22260360
1759773976 1454 4835716 22260360
1759773977 1455 4835716 22260360
1759773978 1455 4835972 22260360
1759773979 1455 4835972 22260360
1759773980 1450 4835972 22260360
1759773981 1451 4835972 22260360
1759773982 1452 4836228 22260360
1759773984 1453 4836228 22260360
1759773985 1454 4836228 22260360
1759773986 1455 4836228 22260360
1759773987 1456 4836228 22260360
1759773988 1456 4836228 22260360
1759773989 1457 4836228 22260360
1759773990 1453 4836228 22260360
1759773991 1453 4836228 22260360
1759773992 1454 4836228 22260360
1759773993 1455 4836228 22260360
1759773995 1456 4836228 22260360
1759773996 1457 4836228 22260360
1759773997 1458 4836356 22260360
1759773998 1458 4836356 22260360
1759773999 1458 4836356 22260360
1759774000 1458 4836356 22260360
1759774001 1459 4836356 22260360
1759774002 1454 4836484 22260360
1759774003 1455 4836484 22260360
1759774004 1455 4836484 22260360
1759774006 1456 4836484 22260360
1759774007 1456 4836484 22260360
1759774008 1457 4836484 22260360
1759774009 1458 4836484 22260360
1759774010 1459 4836484 22260360
1759774011 1459 4836484 22260360
1759774012 1460 4836484 22260360
1759774013 1456 4836484 22260360
1759774014 1456 4836484 22260360
1759774015 1456 4836484 22260360
1759774017 1457 4836484 22260360
1759774018 1458 4836612 22260360
1759774019 1458 4836612 22260360
1759774020 1459 4836612 22260360
1759774021 1460 4836612 22260360
1759774022 1460 4836612 22260360
1759774023 1461 4836612 22260360
1759774024 1457 4836740 22260360
1759774025 1458 4836740 22260360
1759774026 1458 4836740 22260360
1759774027 1459 4836740 22260360
1759774029 1460 4836740 22260360
1759774030 1460 4836740 22260360
1759774031 1461 4836868 22260360
1759774032 1461 4836868 22260360
1759774033 1461 4836868 22260360
1759774034 1461 4836868 22260360
1759774035 1458 4836868 22260360
1759774036 1459 4836868 22260360
1759774037 1459 4836868 22260360
1759774038 1460 4836996 22260360
1759774040 1460 4836996 22260360
1759774041 1461 4836996 22260360
1759774042 1461 4836996 22260360
1759774043 1461 4836996 22260360
1759774044 1462 4836996 22260360
1759774045 1463 4836996 22260360
1759774046 1464 4837380 22260360
1759774047 1460 4837380 22260360
1759774048 1460 4837380 22260360
1759774049 1461 4837380 22260360
1759774051 1461 4837508 22260360
1759774052 1462 4837508 22260360
1759774053 1462 4837764 22260360
1759774054 1463 4837764 22260360
1759774055 1463 4837764 22260360
1759774056 1464 4837892 22260360
1759774057 1464 4837892 22260360
1759774058 1461 4837892 22260360
1759774059 1462 4838148 22260360
1759774060 1462 4838148 22260360
1759774062 1462 4838148 22260360
1759774063 1462 4838276 22260360
1759774064 1463 4838276 22260360
1759774065 1463 4838276 22260360
1759774066 1464 4838276 22260360
1759774067 1464 4838276 22260360
1759774068 1461 4838276 22260360
1759774069 1461 4838276 22260360
1759774070 1462 4838276 22260360
1759774071 1463 4838276 22260360
1759774073 1463 4838276 22260360
1759774074 1464 4838276 22260360
1759774075 1464 4838276 22260360
1759774076 1464 4838276 22260360
1759774077 1465 4838276 22260360
1759774078 1465 4838276 22260360
1759774079 1466 4838532 22260360
1759774080 1463 4838532 22260360
1759774081 1463 4838532 22260360
1759774082 1464 4838532 22260360
1759774084 1464 4838532 22260360
1759774085 1465 4838660 22260360
1759774086 1465 4838660 22260360
1759774087 1465 4838660 22260360
1759774088 1466 4838660 22260360
1759774089 1466 4838660 22260360
1759774090 1463 4838660 22260360
1759774091 1464 4838788 22260360
1759774092 1464 4838788 22260360
1759774094 1465 4838916 22260360
1759774095 1465 4838916 22260360
1759774096 1465 4838916 22260360
1759774097 1465 4838916 22260360
1759774098 1466 4838916 22260360
1759774099 1466 4838916 22260360
1759774100 1467 4839044 22260360
1759774101 1464 4839044 22260360
1759774102 1464 4839044 22260360
1759774103 1465 4839044 22260360
1759774105 1466 4839044 22260360
1759774106 1466 4839044 22260360
1759774107 1467 4839044 22260360
1759774108 1467 4839044 22260360
1759774109 1467 4839044 22260360
1759774110 1468 4839044 22260360
1759774111 1468 4839044 22260360
1759774112 1465 4839300 22260360
1759774113 1466 4839300 22260360
1759774115 1467 4839684 22260360
1759774116 1467 4839684 22260360
1759774117 1468 4839812 22260360
1759774118 1468 4839812 22260360
1759774119 1468 4839812 22260360
1759774120 1468 4839940 22260360
1759774121 1469 4839940 22260360
1759774122 1466 4839940 22260360
1759774123 1466 4839940 22260360
1759774124 1466 4839940 22260360
1759774125 1466 4840324 22260360
1759774127 1467 4840324 22260360
1759774128 1467 4840324 22260360
1759774129 1467 4840324 22260360
1759774130 1468 4840324 22260360
1759774131 1468 4840324 22260360
1759774132 1469 4840324 22260360
1759774133 1469 4840324 22260360
1759774134 1466 4840324 22260360
1759774135 1467 4840324 22260360
1759774136 1468 4840452 22260360
1759774138 1468 4840452 22260360
1759774139 1469 4840452 22260360
1759774140 1469 4840452 22260360
1759774141 1470 4840580 22260360
1759774142 1470 4840580 22260360
1759774143 1470 4840708 22260360
1759774144 1471 4840708 22260360
1759774145 1468 4840708 22260360
1759774146 1468 4840836 22260360
1759774147 1468 4840836 22260360
1759774149 1469 4840836 22260360
1759774150 1469 4840836 22260360
1759774151 1470 4841092 22260360
1759774152 1470 4841092 22260360
1759774153 1471 4841092 22260360
1759774154 1471 4841092 22260360
1759774155 1471 4841092 22260360
1759774156 1468 4841092 22260360
1759774157 1468 4841092 22260360
1759774158 1468 4841092 22260360
1759774159 1468 4841220 22260360
1759774161 1468 4841220 22260360
1759774162 1469 4841220 22260360
1759774163 1469 4841220 22260360
1759774164 1470 4841220 22260360
1759774165 1470 4841220 22260360
1759774166 1471 4841476 22260360
1759774167 1472 4841476 22260360
1759774168 1469 4841604 22260360
1759774169 1469 4841604 22260360
1759774170 1470 4841604 22260360
1759774172 1470 4841988 22260360
1759774173 1471 4841988 22260360
1759774174 1471 4841988 22260360
1759774175 1472 4841988 22260360
1759774176 1472 4842116 22260360
1759774177 1472 4842116 22260360
1759774178 1473 4842244 22260360
1759774179 1472 4842244 22260360
1759774180 1469 4842244 22260360
1759774181 1470 4842372 22260360
1759774183 1470 4842500 22260360
1759774184 1471 4842500 22260360
1759774185 1471 4842500 22260360
1759774186 1472 4842500 22260360
1759774187 1472 4842628 22260360
1759774188 1472 4842628 22260360
1759774189 1471 4842628 22260360
1759774190 1471 4842628 22260360
1759774191 1468 4842628 22260360
1759774192 1469 4842884 22260360
1759774193 1469 4842884 22260360
1759774195 1470 4842884 22260360
1759774196 1470 4842884 22260360
1759774197 1471 4843012 22260360
1759774198 1471 4843012 22260360
1759774199 1472 4843140 22260360
1759774200 1472 4843140 22260360
1759774201 1473 4843140 22260360
1759774202 1470 4843268 22260360
1759774203 1471 4843268 22260360
1759774204 1471 4843268 22260360
1759774206 1472 4843268 22260360
1759774207 1472 4843396 22260360
1759774208 1472 4843396 22260360
1759774209 1473 4843524 22260360
1759774210 1473 4843780 22260360
1759774211 1473 4843908 22260360
1759774212 1473 4844164 22260360
1759774213 1474 4844164 22260360
1759774214 1471 4844164 22260360
1759774215 1472 4844164 22260360
1759774216 1472 4844164 22260360
1759774218 1472 4844292 22260360
1759774219 1472 4844420 22260360
1759774220 1473 4844420 22260360
1759774221 1473 4844420 22260360
1759774222 1473 4844420 22260360
1759774223 1473 4844548 22260360
1759774224 1473 4844548 22260360
1759774225 1470 4844548 22260360
1759774226 1471 4844548 22260360
1759774227 1471 4844676 22260360
1759774228 1472 4844804 22260360
1759774230 1472 4844932 22260360
1759774231 1473 4844932 22260360
1759774232 1473 4844932 22260360
1759774233 1473 4844932 22260360
1759774234 1474 4845060 22260360
1759774235 1474 4845188 22260360
1759774236 1475 4845316 22260360
1759774237 1472 4845316 22260360
1759774238 1473 4845316 22260360
1759774239 1473 4845444 22260360
1759774240 1473 4845444 22260360
1759774242 1474 4845700 22260360
1759774243 1474 4846212 22260360
1759774244 1475 4846212 22260360
1759774245 1475 4846212 22260360
1759774246 1475 4846212 22260360
1759774247 1475 4846340 22260360
1759774248 1475 4846468 22260360
1759774249 1473 4846468 22260360
1759774250 1473 4846468 22260360
1759774251 1473 4846468 22260360
1759774252 1473 4846468 22260360
1759774253 1473 4846468 22260360
1759774255 1474 4846852 22260360
1759774256 1474 4846852 22260360
1759774257 1474 4846980 22260360
1759774258 1474 4846980 22260360
1759774259 1475 4846980 22260360
1759774260 1475 4847236 22260360
1759774261 1475 4847236 22260360
1759774262 1473 4847364 22260360
1759774263 1473 4847364 22260360
1759774264 1474 4847364 22260360
1759774266 1474 4847620 22260360
1759774267 1475 4848004 22260360
1759774268 1475 4848132 22260360
1759774269 1476 4848388 22260360
1759774270 1476 4848388 22260360
1759774271 1476 4848516 22260360
1759774272 1477 4848516 22260360
1759774273 1475 4848644 22260360
1759774274 1475 4848900 22260360
1759774275 1475 4849028 22260360
1759774277 1476 4849284 22260360
1759774278 1476 4849540 22260360
1759774279 1476 4849540 22260360
1759774280 1476 4849540 22260360
1759774281 1476 4849668 22260360
1759774282 1476 4849668 22260360
1759774283 1476 4849668 22260360
1759774284 1476 4849924 22260360
1759774285 1474 4850308 22260360
1759774286 1475 4850564 22260360
1759774287 1475 4850692 22260360
1759774288 1475 4850948 22260360
1759774290 1476 4851076 22260360
1759774291 1476 4851460 22260360
1759774292 1476 4851588 22260360
1759774293 1476 4851716 22260360
1759774294 1476 4851716 22260360
1759774295 1477 4852228 22260360
1759774296 1477 4852484 22260360
1759774297 1477 4853124 22260360
1759774298 1478 4853636 22260360
1759774299 1476 4854788 22260360
1759774300 1474 6950788 22260360
1759774301 1472 9553412 22260360
1759774302 1472 9661444 22260360
1759774303 1472 9747076 22260360
1759774304 1471 9747076 22260360
1759774305 1470 9885444 22260360
1759774307 1469 10067844 22260360
1759774308 1468 10067844 22260360
1759774309 1466 10067844 22260360
1759774310 1465 10115332 22260360
1759774311 1463 10378756 22260360
1759774312 1461 10733060 22260360
1759774313 1459 10834564 22260360
1759774314 1456 10834564 22260360
1759774315 1454 11314180 22260360
1759774316 1454 11314180 22260360
1759774317 1454 11316484 22260360
1759774318 1453 11316484 22260360
1759774319 1451 11316484 22260360
1759774320 1448 11316484 22260360
1759774321 1446 11316484 22260360
1759774322 1444 11316484 22260360
1759774323 1443 11316484 22260360
1759774324 1442 11527300 22260360
1759774325 1440 11787652 22260360
1759774326 1438 12047876 22260360
1759774327 1436 12308228 22260360
1759774328 1434 12570116 22260360
1759774329 1431 12831620 22260360
1759774330 1429 13122564 22260360
1759774332 1427 13617156 22260360
1759774333 1425 14110468 22260360
1759774334 1423 14426372 22260360
1759774335 1421 14426372 22260360
1759774336 1419 14426372 22260360
1759774337 1417 14426372 22260360
1759774338 1414 14426372 22260360
1759774339 1412 14426372 22260360
1759774340 1410 14426372 22260360
1759774341 1408 14426372 22260360
1759774342 1406 15599236 22260360
1759774343 1406 16071684 22260360
1759774344 1406 16071684 22260360
1759774345 1406 16071684 22260360
1759774346 1406 16071684 22260360
1759774347 1404 16071684 22260360
1759774348 1404 16071684 22260360
1759774349 1404 16071684 22260360
1759774350 1405 16071684 22260360
1759774351 1404 16071684 22260360
1759774353 1402 16071684 22260360
1759774354 1400 16071684 22260360
1759774355 1400 16071684 22260360
1759774356 1400 16071684 22260360
1759774357 1400 16071684 22260360
1759774358 1400 16071684 22260360
1759774359 1401 16071684 22260360
1759774360 1401 16071684 22260360
1759774361 1401 16071684 22260360
1759774362 1400 16071684 22260360
1759774363 1400 16071684 22260360
1759774364 1398 16071684 22260360
1759774365 1396 16071684 22260360
1759774366 1394 16071684 22260360
1759774367 1393 16071812 22260360
1759774368 1394 16071812 22260360
1759774370 1394 16071812 22260360
1759774371 1395 16071812 22260360
1759774372 1395 16071812 22260360
1759774373 1396 16071812 22260360
1759774374 1396 16071812 22260360
1759774375 1396 16071812 22260360
1759774376 1396 16071812 22260360
1759774377 1397 16071812 22260360
1759774378 1395 16071812 22260360
1759774379 1395 16071812 22260360
1759774380 1395 16071812 22260360
1759774382 1396 16071812 22260360
1759774383 1396 16071812 22260360
1759774384 1396 16071812 22260360
1759774385 1397 16071812 22260360
1759774386 1397 16071812 22260360
1759774387 1398 16071812 22260360
1759774388 1398 16071812 22260360
1759774389 1399 16071812 22260360
1759774390 1399 16071812 22260360
1759774391 1397 16071812 22260360
1759774392 1398 16071812 22260360
1759774393 1398 16071812 22260360
1759774394 1398 16071812 22260360
1759774396 1398 16071812 22260360
1759774397 1399 16071812 22260360
1759774398 1399 16071812 22260360
1759774399 1400 16071812 22260360
1759774400 1400 16071812 22260360
1759774401 1401 16071812 22260360
1759774402 1401 16071812 22260360
1759774403 1399 16071812 22260360
1759774404 1400 16071812 22260360
1759774405 1400 16071812 22260360
1759774406 1400 16071812 22260360
1759774408 1400 16071812 22260360
1759774409 1400 16071812 22260360
1759774410 1401 16071812 22260360
1759774411 1401 16071812 22260360
1759774412 1402 16071812 22260360
1759774413 1402 16071812 22260360
1759774414 1402 16071812 22260360
1759774415 1402 16071812 22260360
1759774416 1401 16071812 22260360
1759774417 1401 16071812 22260360
1759774418 1402 16071812 22260360
1759774419 1402 16071812 22260360
1759774421 1402 16071812 22260360
1759774422 1403 16071812 22260360
1759774423 1403 16071812 22260360
1759774424 1404 16071812 22260360
1759774425 1404 16071812 22260360
1759774426 1404 16071812 22260360
1759774427 1404 16071812 22260360
1759774428 1405 16071812 22260360
1759774429 1403 16071812 22260360
1759774430 1403 16071812 22260360
1759774431 1404 16071812 22260360
1759774432 1404 16071812 22260360
1759774434 1405 16071812 22260360
1759774435 1405 16071812 22260360
1759774436 1405 16071812 22260360
1759774437 1405 16071812 22260360
1759774438 1405 16071812 22260360
1759774439 1406 16071812 22260360
1759774440 1406 16071812 22260360
1759774441 1406 16071812 22260360
1759774442 1405 16071812 22260360
1759774443 1405 16071812 22260360
1759774444 1406 16071812 22260360
1759774445 1406 16071812 22260360
1759774447 1406 16071812 22260360
1759774448 1406 16071812 22260360
1759774449 1407 16071812 22260360
1759774450 1407 16071812 22260360
1759774451 1407 16071812 22260360
1759774452 1408 16071812 22260360
1759774453 1408 16071812 22260360
1759774454 1407 16071812 22260360
1759774455 1407 16071812 22260360
1759774456 1408 16071812 22260360
1759774458 1408 16071812 22260360
1759774459 1408 16071812 22260360
1759774460 1408 16071812 22260360
1759774461 1409 16071812 22260360
1759774462 1409 16071812 22260360
1759774463 1409 16071812 22260360
1759774464 1410 16071812 22260360
1759774465 1410 16071812 22260360
1759774466 1408 16071812 22260360
1759774467 1409 16071812 22260360
1759774468 1409 16071812 22260360
1759774469 1409 16071812 22260360
1759774471 1409 16071812 22260360
1759774472 1410 16071812 22260360
1759774473 1410 16071812 22260360
1759774474 1410 16071812 22260360
1759774475 1411 16071812 22260360
1759774476 1411 16071812 22260360
1759774477 1410 16071812 22260360
1759774478 1410 16071812 22260360
1759774479 1410 16071812 22260360
1759774480 1410 16071812 22260360
1759774482 1411 16071812 22260360
1759774483 1411 16071812 22260360
1759774484 1411 16071812 22260360
1759774485 1412 16071812 22260360
1759774486 1412 16071812 22260360
1759774487 1412 16071812 22260360
1759774488 1413 16071812 22260360
1759774489 1413 16071812 22260360
1759774490 1411 16071812 22260360
1759774491 1412 16071812 22260360
1759774492 1412 16071812 22260360
1759774493 1412 16071812 22260360
1759774495 1413 16071812 22260360
1759774496 1413 16071812 22260360
1759774497 1413 16071812 22260360
1759774498 1413 16071812 22260360
1759774499 1413 16071812 22260360
1759774500 1413 16071812 22260360
1759774501 1414 16071812 22260360
1759774502 1414 16071812 22260360
1759774503 1412 16071812 22260360
1759774504 1413 16071812 22260360
1759774505 1413 16071812 22260360
1759774507 1414 16071812 22260360
1759774508 1414 16071812 22260360
1759774509 1414 16071812 22260360
1759774510 1415 16071812 22260360
1759774511 1415 16071812 22260360
1759774512 1415 16071812 22260360
1759774513 1416 16071812 22260360
1759774514 1416 16071812 22260360
1759774515 1414 16071812 22260360
1759774516 1414 16071812 22260360
1759774517 1415 16071812 22260360
1759774519 1415 16071812 22260360
1759774520 1415 16071812 22260360
1759774521 1416 16071812 22260360
1759774522 1416 16071812 22260360
1759774523 1416 16071812 22260360
1759774524 1417 16071812 22260360
1759774525 1417 16071812 22260360
1759774526 1417 16071812 22260360
1759774527 1416 16071812 22260360
1759774528 1416 16071812 22260360
1759774529 1416 16071812 22260360
1759774530 1416 16071812 22260360
1759774531 1416 16071812 22260360
1759774533 1416 16071812 22260360
1759774534 1417 16071812 22260360
1759774535 1417 16071812 22260360
1759774536 1417 16071812 22260360
1759774537 1418 16071812 22260360
1759774538 1418 16071812 22260360
1759774539 1418 16071812 22260360
1759774540 1417 16071812 22260360
1759774541 1416 18463996 22260360
1759774542 1415 18464252 22260360
1759774543 1413 19554200 22260360
1759774544 1412 20857112 22260360
1759774545 1411 9255196 12687996
1759774547 1411 9734428 12687996
1759774548 1411 9734428 12687996
1759774549 1412 9734428 12687996
1759774550 1412 9734428 12687996
1759774551 1412 9734428 12687996
1759774552 1413 9734428 12687996
1759774553 1411 9734428 12687996
1759774554 1412 9734428 12687996
1759774555 1412 9734428 12687996
1759774557 1412 9734428 12687996
1759774558 1413 9734428 12687996
1759774559 1413 9734428 12687996
1759774560 1413 9734428 12687996
1759774561 1413 9734428 12687996
1759774562 1413 9734428 12687996
1759774563 1413 9734428 12687996
1759774564 1413 9734428 12687996
1759774565 1412 9734428 12687996
1759774566 1412 9734428 12687996
1759774567 1413 10690836 15080576
1759774569 1413 12127252 15080576
1759774570 1413 12127252 15080576
1759774571 1414 12127252 15080576
1759774572 1414 12127252 15080576
1759774573 1414 12127252 15080576
1759774574 1415 12127252 15080576
1759774575 1415 12127252 15080576
1759774576 1414 12127252 15080576
1759774577 1414 12127252 15080576
1759774578 1414 12127252 15080576
1759774579 1415 12127252 15080576
1759774581 1415 12127252 15080576
1759774582 1415 12127252 15080576
1759774583 1415 12127252 15080576
1759774584 1415 12127252 15080576
1759774585 1416 12127252 15080576
1759774586 1416 12127252 15080576
1759774587 1416 12127252 15080576
1759774588 1415 12127252 15080576
1759774589 1415 12127252 15080576
1759774590 1416 12127252 15080576
1759774592 1416 12127252 15080576
1759774593 1416 7272840 7902836
1759774594 1416 7272840 7902836
1759774595 1416 7272840 7902836
1759774596 1416 7272840 7902836
1759774597 1416 7272840 7902836
1759774598 1416 7272840 7902836
1759774599 1417 7272840 7902836
1759774600 1415 7272840 7902836
1759774601 1416 7272840 7902836
1759774602 1416 7272840 7902836
1759774603 1416 7272840 7902836
1759774605 1417 7272840 7902836
1759774606 1417 7272840 7902836
1759774607 1417 7272840 7902836
1759774608 1417 7272840 7902836
1759774609 1418 7272840 7902836
1759774610 1418 7272840 7902836
1759774611 1418 7272840 7902836
1759774612 1417 7272840 7902836
1759774613 1417 7272840 7902836
1759774614 1418 7272840 7902836
1759774615 1418 7272840 7902836
1759774617 1417 9005832 12687996
1759774618 1416 83524 569112
