1759770117  0.0 17776 677056
1759770118  214 1296976 3084060
1759770119  158 2423380 5476640
1759770120  139 4122212 5476640
1759770121  130 3438684 5476640
1759770122  124 4234344 5476640
1759770123  121 4096988 22227020
1759770124  118 4816860 22227020
1759770125  233 4819420 22259788
1759770126  368 4822620 22259788
1759770127  444 4825180 22259788
1759770128  546 4830428 22260360
1759770129  626 4830428 22260360
1759770131  701 4830428 22260360
1759770132  769 4830428 22260360
1759770133  829 4830428 22260360
1759770134  882 4830428 22260360
1759770135  928 4830428 22260360
1759770136  963 4830428 22260360
1759770137  994 4830428 22260360
1759770138  977 4830428 22260360
1759770139 1002 4830428 22260360
1759770140 1030 4830428 22260360
1759770142 1057 4830428 22260360
1759770143 1083 4830428 22260360
1759770144 1107 4830428 22260360
1759770145 1123 4830428 22260360
1759770146 1143 4830428 22260360
1759770147 1163 4830428 22260360
1759770148 1145 4830428 22260360
1759770149 1163 4830428 22260360
1759770150 1179 4830428 22260360
1759770152 1194 4830428 22260360
1759770153 1209 4830428 22260360
1759770154 1223 4830428 22260360
1759770155 1236 4830428 22260360
1759770156 1242 4830428 22260360
1759770157 1247 4830556 22260360
1759770158 1253 4830556 22260360
1759770159 1228 4830556 22260360
1759770160 1234 4830556 22260360
1759770161 1244 4830556 22260360
1759770162 1254 4830556 22260360
1759770164 1264 4830556 22260360
1759770165 1273 4830556 22260360
1759770166 1282 4830556 22260360
1759770167 1290 4830556 22260360
1759770168 1297 4830556 22260360
1759770169 1305 4830684 22260360
1759770170 1312 4830684 22260360
1759770171 1293 4830684 22260360
1759770172 1299 4830684 22260360
1759770173 1304 4830684 22260360
1759770175 1309 4830684 22260360
1759770176 1314 4830940 22260360
1759770177 1320 4830940 22260360
1759770178 1326 4830940 22260360
1759770179 1332 4830940 22260360
1759770180 1339 4830940 22260360
1759770181 1344 4831452 22260360
1759770182 1329 4831452 22260360
1759770183 1335 4831452 22260360
1759770184 1340 4831452 22260360
1759770186 1345 4831708 22260360
1759770187 1348 4831708 22260360
1759770188 1350 4831708 22260360
1759770189 1353 4831708 22260360
1759770190 1355 4831708 22260360
1759770191 1357 4831708 22260360
1759770192 1358 4831708 22260360
1759770193 1359 4831708 22260360
1759770194 1344 4831836 22260360
1759770195 1349 4831836 22260360
1759770196 1354 4831836 22260360
1759770197 1358 4832092 22260360
1759770199 1362 4832092 22260360
1759770200 1366 4832092 22260360
1759770201 1370 4832092 22260360
1759770202 1374 4832092 22260360
1759770203 1378 4832220 22260360
1759770204 1382 4832220 22260360
1759770205 1369 4832220 22260360
1759770206 1371 4832220 22260360
1759770207 1372 4832220 22260360
1759770208 1375 4832220 22260360
1759770210 1377 4832220 22260360
1759770211 1381 4832220 22260360
1759770212 1384 4832220 22260360
1759770213 1388 4832220 22260360
1759770214 1391 4832220 22260360
1759770215 1394 4832220 22260360
1759770216 1398 4832220 22260360
1759770217 1386 4832220 22260360
1759770218 1388 4832220 22260360
1759770219 1389 4832220 22260360
1759770221 1390 4832220 22260360
1759770222 1391 4832220 22260360
1759770223 1393 4832220 22260360
1759770224 1396 4832220 22260360
1759770225 1399 4832220 22260360
1759770226 1401 4832220 22260360
1759770227 1403 4832220 22260360
1759770228 1404 4832220 22260360
1759770229 1393 4832220 22260360
1759770230 1395 4832476 22260360
1759770231 1398 4832476 22260360
1759770233 1401 4832476 22260360
1759770234 1404 4832476 22260360
1759770235 1406 4832476 22260360
1759770236 1409 4832476 22260360
1759770237 1411 4832476 22260360
1759770238 1413 4832476 22260360
1759770239 1416 4832476 22260360
1759770240 1406 4832476 22260360
1759770241 1407 4832476 22260360
1759770242 1409 4832476 22260360
1759770244 1410 4832476 22260360
1759770245 1413 4832476 22260360
1759770246 1415 4832476 22260360
1759770247 1417 4832476 22260360
1759770248 1419 4832476 22260360
1759770249 1420 4832476 22260360
1759770250 1421 4832476 22260360
1759770251 1411 4832476 22260360
1759770252 1412 4832476 22260360
1759770253 1414 4832476 22260360
1759770255 1416 4832476 22260360
1759770256 1418 4832476 22260360
1759770257 1421 4832476 22260360
1759770258 1423 4832476 22260360
1759770259 1425 4832476 22260360
1759770260 1426 4832476 22260360
1759770261 1417 4832476 22260360
1759770262 1418 4832476 22260360
1759770263 1420 4832476 22260360
1759770265 1422 4832476 22260360
1759770266 1424 4832476 22260360
1759770267 1425 4832476 22260360
1759770268 1427 4832476 22260360
1759770269 1428 4832476 22260360
1759770270 1430 4832476 22260360
1759770271 1431 4832476 22260360
1759770272 1433 4832476 22260360
1759770273 1426 4832476 22260360
1759770274 1427 4832476 22260360
1759770275 1428 4832604 22260360
1759770277 1430 4832604 22260360
1759770278 1431 4832604 22260360
1759770279 1432 4832604 22260360
1759770280 1432 4832604 22260360
1759770281 1433 4832860 22260360
1759770282 1433 4832860 22260360
1759770283 1434 4832860 22260360
1759770284 1427 4832860 22260360
1759770285 1429 4832860 22260360
1759770286 1430 4833116 22260360
1759770288 1432 4833116 22260360
1759770289 1433 4833116 22260360
1759770290 1435 4833116 22260360
1759770291 1436 4833500 22260360
1759770292 1438 4833500 22260360
1759770293 1439 4833500 22260360
1759770294 1441 4833500 22260360
1759770295 1434 4833500 22260360
1759770296 1434 4833500 22260360
1759770297 1435 4833500 22260360
1759770299 1436 4833500 22260360
1759770300 1438 4833884 22260360
1759770301 1439 4833884 22260360
1759770302 1441 4833884 22260360
1759770303 1442 4833884 22260360
1759770304 1444 4834012 22260360
1759770305 1438 4834012 22260360
1759770306 1440 4834012 22260360
1759770307 1441 4834012 22260360
1759770309 1443 4834012 22260360
1759770310 1443 4834012 22260360
1759770311 1443 4834012 22260360
1759770312 1443 4834012 22260360
1759770313 1443 4834012 22260360
1759770314 1443 4834268 22260360
1759770315 1444 4834268 22260360
1759770316 1438 4834268 22260360
1759770317 1440 4834268 22260360
1759770318 1441 4834268 22260360
1759770320 1442 4834268 22260360
1759770321 1444 4834268 22260360
1759770322 1445 4834268 22260360
1759770323 1446 4834268 22260360
1759770324 1447 4834268 22260360
1759770325 1449 4834268 22260360
1759770326 1450 4834396 22260360
1759770327 1444 4834396 22260360
1759770328 1445 4834396 22260360
1759770329 1446 4834396 22260360
1759770331 1446 4834396 22260360
1759770332 1447 4834396 22260360
1759770333 1447 4834396 22260360
1759770334 1448 4834396 22260360
1759770335 1449 4834524 22260360
1759770336 1451 4834524 22260360
1759770337 1452 4834524 22260360
1759770338 1447 4834524 22260360
1759770339 1448 4834524 22260360
1759770340 1449 4834524 22260360
1759770341 1449 4834524 22260360
1759770343 1450 4834524 22260360
1759770344 1450 4834524 22260360
1759770345 1450 4834524 22260360
1759770346 1450 4834524 22260360
1759770347 1451 4834524 22260360
1759770348 1452 4834524 22260360
1759770349 1447 4834524 22260360
1759770350 1448 4834524 22260360
1759770351 1449 4834524 22260360
1759770353 1450 4834524 22260360
1759770354 1451 4834524 22260360
1759770355 1452 4834524 22260360
1759770356 1453 4834524 22260360
1759770357 1454 4834524 22260360
1759770358 1455 4834524 22260360
1759770359 1456 4834524 22260360
1759770360 1451 4834524 22260360
1759770361 1452 4834652 22260360
1759770362 1453 4834652 22260360
1759770364 1453 4834652 22260360
1759770365 1454 4834652 22260360
1759770366 1454 4834780 22260360
1759770367 1455 4834780 22260360
1759770368 1456 4834780 22260360
1759770369 1457 4834908 22260360
1759770370 1458 4834908 22260360
1759770371 1454 4834908 22260360
1759770372 1454 4834908 22260360
1759770373 1454 4835036 22260360
1759770375 1454 4835036 22260360
1759770376 1455 4835036 22260360
1759770377 1455 4835036 22260360
1759770378 1456 4835164 22260360
1759770379 1457 4835164 22260360
1759770380 1457 4835164 22260360
1759770381 1458 4835164 22260360
1759770382 1453 4835420 22260360
1759770383 1453 4835548 22260360
1759770384 1454 4835548 22260360
1759770385 1455 4835548 22260360
1759770387 1456 4835676 22260360
1759770388 1457 4835676 22260360
1759770389 1458 4835676 22260360
1759770390 1459 4835932 22260360
1759770391 1460 4835932 22260360
1759770392 1461 4835932 22260360
1759770393 1456 4836060 22260360
1759770394 1457 4836060 22260360
1759770395 1458 4836060 22260360
1759770397 1459 4836060 22260360
1759770398 1460 4836060 22260360
1759770399 1460 4836060 22260360
1759770400 1461 4836060 22260360
1759770401 1461 4836188 22260360
1759770402 1462 4836188 22260360
1759770403 1462 4836188 22260360
1759770404 1457 4836188 22260360
1759770405 1457 4836188 22260360
1759770406 1458 4836188 22260360
1759770408 1459 4836188 22260360
1759770409 1459 4836188 22260360
1759770410 1460 4836316 22260360
1759770411 1461 4836316 22260360
1759770412 1462 4836316 22260360
1759770413 1463 4836444 22260360
1759770414 1463 4836444 22260360
1759770415 1458 4836444 22260360
1759770416 1459 4836444 22260360
1759770417 1459 4836444 22260360
1759770419 1460 4836444 22260360
1759770420 1461 4836444 22260360
1759770421 1462 4836444 22260360
1759770422 1462 4836444 22260360
1759770423 1463 4836444 22260360
1759770424 1464 4836572 22260360
1759770425 1464 4836572 22260360
1759770426 1460 4836572 22260360
1759770427 1461 4836572 22260360
1759770428 1462 4836572 22260360
1759770429 1463 4836572 22260360
1759770431 1463 4836572 22260360
1759770432 1464 4836572 22260360
1759770433 1464 4836572 22260360
1759770434 1464 4836572 22260360
1759770435 1464 4836572 22260360
1759770436 1464 4836572 22260360
1759770437 1465 4836572 22260360
1759770438 1460 4836572 22260360
1759770439 1461 4836572 22260360
1759770440 1462 4836572 22260360
1759770442 1463 4836572 22260360
1759770443 1463 4836700 22260360
1759770444 1464 4836700 22260360
1759770445 1465 4836700 22260360
1759770446 1466 4836956 22260360
1759770447 1466 4836956 22260360
1759770448 1467 4836956 22260360
1759770449 1463 4836956 22260360
1759770450 1463 4836956 22260360
1759770451 1464 4836956 22260360
1759770453 1464 4837084 22260360
1759770454 1465 4837084 22260360
1759770455 1465 4837084 22260360
1759770456 1466 4837212 22260360
1759770457 1467 4837212 22260360
1759770458 1467 4837212 22260360
1759770459 1468 4837724 22260360
1759770460 1464 4837724 22260360
1759770461 1465 4837724 22260360
1759770462 1466 4837724 22260360
1759770464 1466 4837724 22260360
1759770465 1467 4837724 22260360
1759770466 1467 4837980 22260360
1759770467 1467 4837980 22260360
1759770468 1467 4837980 22260360
1759770469 1467 4837980 22260360
1759770470 1467 4838108 22260360
1759770471 1468 4838108 22260360
1759770472 1464 4838236 22260360
1759770473 1465 4838236 22260360
1759770474 1466 4838236 22260360
1759770476 1466 4838236 22260360
1759770477 1467 4838236 22260360
1759770478 1468 4838236 22260360
1759770479 1468 4838364 22260360
1759770480 1469 4838364 22260360
1759770481 1470 4838364 22260360
1759770482 1466 4838364 22260360
1759770483 1467 4838364 22260360
1759770484 1467 4838492 22260360
1759770485 1467 4838492 22260360
1759770487 1468 4838492 22260360
1759770488 1468 4838492 22260360
1759770489 1469 4838492 22260360
1759770490 1469 4838492 22260360
1759770491 1470 4838492 22260360
1759770492 1470 4838492 22260360
1759770493 1471 4838492 22260360
1759770494 1468 4838492 22260360
1759770495 1469 4838492 22260360
1759770496 1469 4838620 22260360
1759770498 1469 4838620 22260360
1759770499 1469 4838620 22260360
1759770500 1470 4838620 22260360
1759770501 1470 4838620 22260360
1759770502 1469 4838620 22260360
1759770503 1469 4838620 22260360
1759770504 1469 4838748 22260360
1759770505 1470 4838748 22260360
1759770506 1467 4838748 22260360
1759770507 1467 4838748 22260360
1759770508 1468 4838748 22260360
1759770509 1469 4838876 22260360
1759770511 1469 4838876 22260360
1759770512 1470 4838876 22260360
1759770513 1470 4838876 22260360
1759770514 1471 4839004 22260360
1759770515 1472 4839004 22260360
1759770516 1472 4839004 22260360
1759770517 1469 4839004 22260360
1759770518 1469 4839004 22260360
1759770519 1470 4839004 22260360
1759770520 1470 4839260 22260360
1759770522 1470 4839260 22260360
1759770523 1471 4839644 22260360
1759770524 1471 4839644 22260360
1759770525 1472 4839644 22260360
1759770526 1472 4840028 22260360
1759770527 1473 4840028 22260360
1759770528 1469 4840028 22260360
1759770529 1470 4840028 22260360
1759770530 1470 4840028 22260360
1759770531 1470 4840028 22260360
1759770533 1470 4840028 22260360
1759770534 1471 4840156 22260360
1759770535 1471 4840156 22260360
1759770536 1472 4840156 22260360
1759770537 1472 4840412 22260360
1759770538 1472 4840412 22260360
1759770539 1473 4840412 22260360
1759770540 1470 4840412 22260360
1759770541 1470 4840412 22260360
1759770542 1471 4840412 22260360
1759770544 1471 4840412 22260360
1759770545 1472 4840412 22260360
1759770546 1472 4840412 22260360
1759770547 1473 4840540 22260360
1759770548 1473 4840540 22260360
1759770549 1474 4840540 22260360
1759770550 1474 4840668 22260360
1759770551 1475 4840668 22260360
1759770552 1472 4840668 22260360
1759770553 1472 4840668 22260360
1759770554 1472 4840668 22260360
1759770556 1472 4840668 22260360
1759770557 1473 4840796 22260360
1759770558 1473 4840796 22260360
1759770559 1473 4840796 22260360
1759770560 1473 4840796 22260360
1759770561 1474 4840796 22260360
1759770562 1474 4840796 22260360
1759770563 1474 4840796 22260360
1759770564 1471 4840924 22260360
1759770565 1472 4840924 22260360
1759770566 1472 4841052 22260360
1759770568 1473 4841052 22260360
1759770569 1473 4841052 22260360
1759770570 1473 4841052 22260360
1759770571 1474 4841308 22260360
1759770572 1474 4841308 22260360
1759770573 1474 4841308 22260360
1759770574 1474 4841436 22260360
1759770575 1475 4841564 22260360
1759770576 1472 4841564 22260360
1759770577 1473 4841692 22260360
1759770578 1473 4841692 22260360
1759770580 1474 4841820 22260360
1759770581 1474 4841820 22260360
1759770582 1475 4841948 22260360
1759770583 1475 4841948 22260360
1759770584 1476 4842204 22260360
1759770585 1476 4842332 22260360
1759770586 1473 4842332 22260360
1759770587 1474 4842588 22260360
1759770588 1474 4842588 22260360
1759770589 1474 4842588 22260360
1759770591 1474 4842588 22260360
1759770592 1474 4842588 22260360
1759770593 1474 4842588 22260360
1759770594 1474 4842588 22260360
1759770595 1475 4842588 22260360
1759770596 1475 4842588 22260360
1759770597 1476 4842716 22260360
1759770598 1473 4842716 22260360
1759770599 1474 4842716 22260360
1759770600 1474 4842716 22260360
1759770601 1474 4842972 22260360
1759770603 1475 4842972 22260360
1759770604 1475 4843100 22260360
1759770605 1475 4843100 22260360
1759770606 1475 4843100 22260360
1759770607 1475 4843100 22260360
1759770608 1476 4843100 22260360
1759770609 1476 4843100 22260360
1759770610 1477 4843100 22260360
1759770611 1474 4843228 22260360
1759770612 1474 4843228 22260360
1759770613 1475 4843228 22260360
1759770615 1475 4843356 22260360
1759770616 1476 4843356 22260360
1759770617 1476 4843612 22260360
1759770618 1477 4843868 22260360
1759770619 1477 4843868 22260360
1759770620 1477 4843868 22260360
1759770621 1478 4843868 22260360
1759770622 1475 4843868 22260360
1759770623 1475 4844252 22260360
1759770624 1474 4844252 22260360
1759770625 1474 4844252 22260360
1759770627 1475 4844636 22260360
1759770628 1475 4844636 22260360
1759770629 1476 4844636 22260360
1759770630 1476 4844636 22260360
1759770631 1477 4844636 22260360
1759770632 1477 4844636 22260360
1759770633 1478 4844764 22260360
1759770634 1475 4844764 22260360
1759770635 1476 4844764 22260360
1759770636 1476 4845020 22260360
1759770638 1477 4845020 22260360
1759770639 1477 4845148 22260360
1759770640 1477 4845148 22260360
1759770641 1477 4845148 22260360
1759770642 1478 4845148 22260360
1759770643 1478 4845148 22260360
1759770644 1478 4845148 22260360
1759770645 1476 4845404 22260360
1759770646 1476 4845404 22260360
1759770647 1477 4845532 22260360
1759770649 1477 4845660 22260360
1759770650 1477 4845788 22260360
1759770651 1478 4845916 22260360
1759770652 1478 4846428 22260360
1759770653 1478 4846428 22260360
1759770654 1478 4846428 22260360
1759770655 1478 4846684 22260360
1759770656 1476 4846684 22260360
1759770657 1476 4846684 22260360
1759770658 1476 4846684 22260360
1759770659 1477 4846684 22260360
1759770661 1477 4846812 22260360
1759770662 1477 4846812 22260360
1759770663 1478 4846940 22260360
1759770664 1478 4847068 22260360
1759770665 1478 4847196 22260360
1759770666 1479 4847196 22260360
1759770667 1479 4847324 22260360
1759770668 1477 4847452 22260360
1759770669 1477 4847452 22260360
1759770670 1478 4847580 22260360
1759770672 1478 4847580 22260360
1759770673 1478 4847836 22260360
1759770674 1479 4848220 22260360
1759770675 1478 4848220 22260360
1759770676 1479 4848220 22260360
1759770677 1479 4848604 22260360
1759770678 1479 4848732 22260360
1759770679 1480 4848988 22260360
1759770680 1480 4848988 22260360
1759770681 1478 4849116 22260360
1759770682 1478 4849244 22260360
1759770683 1478 4849372 22260360
1759770685 1478 4849372 22260360
1759770686 1479 4849500 22260360
1759770687 1479 4849500 22260360
1759770688 1479 4849628 22260360
1759770689 1479 4849884 22260360
1759770690 1480 4850396 22260360
1759770691 1480 4850524 22260360
1759770692 1480 4850780 22260360
1759770693 1480 4850780 22260360
1759770694 1478 4851036 22260360
1759770695 1478 4851164 22260360
1759770696 1478 4851420 22260360
1759770697 1479 4851548 22260360
1759770699 1479 4852060 22260360
1759770700 1480 4852700 22260360
1759770701 1480 4853084 22260360
1759770702 1480 4853596 22260360
1759770703 1480 5268700 22260360
1759770704 1478 7864924 22260360
1759770705 1477 9640796 22260360
1759770706 1477 9640796 22260360
1759770707 1477 9661276 22260360
1759770708 1477 9661276 22260360
1759770709 1476 9747164 22260360
1759770710 1473 9811420 22260360
1759770711 1471 10067932 22260360
1759770712 1470 10067932 22260360
1759770713 1469 10067932 22260360
1759770714 1468 10083932 22260360
1759770716 1466 10369756 22260360
1759770717 1463 10738908 22260360
1759770718 1461 10834524 22260360
1759770719 1459 10834524 22260360
1759770720 1457 11312860 22260360
1759770721 1457 11312860 22260360
1759770722 1457 11315036 22260360
1759770723 1456 11315036 22260360
1759770724 1453 11315036 22260360
1759770725 1451 11315036 22260360
1759770726 1449 11315036 22260360
1759770727 1448 11315036 22260360
1759770728 1448 11315036 22260360
1759770729 1448 11466332 22260360
1759770730 1445 11709660 22260360
1759770731 1443 11952476 22260360
1759770732 1441 12195292 22260360
1759770733 1439 12438108 22260360
1759770734 1434 12681436 22260360
1759770735 1432 12923740 22260360
1759770736 1430 13261532 22260360
1759770737 1428 13723356 22260360
1759770738 1426 14180316 22260360
1759770739 1424 14426204 22260360
1759770740 1422 14426204 22260360
1759770741 1419 14426204 22260360
1759770742 1417 14426204 22260360
1759770743 1415 14426204 22260360
1759770744 1413 14426204 22260360
1759770745 1411 14426204 22260360
1759770747 1409 14426204 22260360
1759770748 1407 15184348 22260360
1759770749 1406 16073436 22260360
1759770750 1406 16073436 22260360
1759770751 1407 16073436 22260360
1759770752 1407 16073436 22260360
1759770753 1408 16073436 22260360
1759770754 1408 16073436 22260360
1759770755 1409 16073436 22260360
1759770756 1407 16073436 22260360
1759770757 1405 16073436 22260360
1759770758 1403 16073436 22260360
1759770759 1401 16073436 22260360
1759770760 1402 16073436 22260360
1759770761 1402 16073436 22260360
1759770763 1403 16073436 22260360
1759770764 1403 16073436 22260360
1759770765 1404 16073436 22260360
1759770766 1404 16073436 22260360
1759770767 1404 16073436 22260360
1759770768 1403 16073436 22260360
1759770769 1401 16073436 22260360
1759770770 1399 16073436 22260360
1759770771 1397 16073692 22260360
1759770772 1398 16073692 22260360
1759770773 1396 16073692 22260360
1759770774 1396 16073692 22260360
1759770775 1396 16073692 22260360
1759770776 1397 16073692 22260360
1759770778 1397 16073692 22260360
1759770779 1397 16073692 22260360
1759770780 1397 16073692 22260360
1759770781 1398 16073692 22260360
1759770782 1398 16073692 22260360
1759770783 1399 16073692 22260360
1759770784 1399 16073692 22260360
1759770785 1400 16073692 22260360
1759770786 1398 16073692 22260360
1759770787 1398 16073692 22260360
1759770788 1399 16073692 22260360
1759770789 1399 16073692 22260360
1759770791 1399 16073692 22260360
1759770792 1400 16073692 22260360
1759770793 1400 16073692 22260360
1759770794 1400 16073692 22260360
1759770795 1401 16073692 22260360
1759770796 1401 16073692 22260360
1759770797 1402 16073692 22260360
1759770798 1402 16073692 22260360
1759770799 1400 16073692 22260360
1759770800 1401 16073692 22260360
1759770801 1401 16073692 22260360
1759770803 1402 16073692 22260360
1759770804 1402 16073692 22260360
1759770805 1402 16073692 22260360
1759770806 1402 16073692 22260360
1759770807 1403 16073692 22260360
1759770808 1403 16073692 22260360
1759770809 1403 16073692 22260360
1759770810 1403 16073692 22260360
1759770811 1402 16073692 22260360
1759770812 1402 16073692 22260360
1759770813 1402 16073692 22260360
1759770814 1403 16073692 22260360
1759770816 1403 16073692 22260360
1759770817 1404 16073692 22260360
1759770818 1404 16073692 22260360
1759770819 1404 16073692 22260360
1759770820 1405 16073692 22260360
1759770821 1405 16073692 22260360
1759770822 1405 16073692 22260360
1759770823 1404 16073692 22260360
1759770824 1404 16073692 22260360
1759770825 1404 16073692 22260360
1759770826 1405 16073692 22260360
1759770827 1405 16073692 22260360
1759770829 1405 16073692 22260360
1759770830 1406 16073692 22260360
1759770831 1406 16073692 22260360
1759770832 1406 16073692 22260360
1759770833 1407 16073692 22260360
1759770834 1407 16073692 22260360
1759770835 1407 16073692 22260360
1759770836 1406 16073692 22260360
1759770837 1406 16073692 22260360
1759770838 1407 16073692 22260360
1759770840 1407 16073692 22260360
1759770841 1407 16073692 22260360
1759770842 1407 16073692 22260360
1759770843 1407 16073692 22260360
1759770844 1407 16073692 22260360
1759770845 1408 16073692 22260360
1759770846 1408 16073692 22260360
1759770847 1408 16073692 22260360
1759770848 1409 16073692 22260360
1759770849 1407 16073692 22260360
1759770850 1408 16073692 22260360
1759770851 1408 16073692 22260360
1759770853 1409 16073692 22260360
1759770854 1409 16073692 22260360
1759770855 1409 16073692 22260360
1759770856 1410 16073692 22260360
1759770857 1410 16073692 22260360
1759770858 1410 16073692 22260360
1759770859 1411 16073692 22260360
1759770860 1409 16073692 22260360
1759770861 1409 16073692 22260360
1759770862 1410 16073692 22260360
1759770863 1410 16073692 22260360
1759770865 1410 16073692 22260360
1759770866 1411 16073692 22260360
1759770867 1411 16073692 22260360
1759770868 1411 16073692 22260360
1759770869 1412 16073692 22260360
1759770870 1412 16073692 22260360
1759770871 1413 16073692 22260360
1759770872 1411 16073692 22260360
1759770873 1411 16073692 22260360
1759770874 1411 16073692 22260360
1759770875 1411 16073692 22260360
1759770877 1411 16073692 22260360
1759770878 1412 16073692 22260360
1759770879 1412 16073692 22260360
1759770880 1412 16073692 22260360
1759770881 1413 16073692 22260360
1759770882 1413 16073692 22260360
1759770883 1413 16073692 22260360
1759770884 1414 16073692 22260360
1759770885 1412 16073692 22260360
1759770886 1413 16073692 22260360
1759770887 1413 16073692 22260360
1759770889 1414 16073692 22260360
1759770890 1414 16073692 22260360
1759770891 1414 16073692 22260360
1759770892 1414 16073692 22260360
1759770893 1414 16073692 22260360
1759770894 1415 16073692 22260360
1759770895 1415 16073692 22260360
1759770896 1413 16073692 22260360
1759770897 1414 16073692 22260360
1759770898 1414 16073692 22260360
1759770900 1415 16073692 22260360
1759770901 1415 16073692 22260360
1759770902 1415 16073692 22260360
1759770903 1416 16073692 22260360
1759770904 1416 16073692 22260360
1759770905 1416 16073692 22260360
1759770906 1416 16073692 22260360
1759770907 1416 16073692 22260360
1759770908 1416 16073692 22260360
1759770909 1415 16073692 22260360
1759770910 1415 16073692 22260360
1759770911 1415 16073692 22260360
1759770912 1416 16073692 22260360
1759770914 1416 16073692 22260360
1759770915 1416 16073692 22260360
1759770916 1417 16073692 22260360
1759770917 1417 16073692 22260360
1759770918 1417 16073692 22260360
1759770919 1418 16073692 22260360
1759770920 1418 16073692 22260360
1759770921 1418 16073692 22260360
1759770922 1417 16073692 22260360
1759770923 1417 16073692 22260360
1759770924 1417 16073692 22260360
1759770925 1418 16073692 22260360
1759770927 1418 16073692 22260360
1759770928 1418 16073692 22260360
1759770929 1418 16073692 22260360
1759770930 1418 16073692 22260360
1759770931 1419 16073692 22260360
1759770932 1419 16073692 22260360
1759770933 1420 16073692 22260360
1759770934 1418 16073692 22260360
1759770935 1418 16073692 22260360
1759770936 1418 16073692 22260360
1759770937 1419 16073692 22260360
1759770939 1419 16073692 22260360
1759770940 1419 16073692 22260360
1759770941 1419 16073692 22260360
1759770942 1419 16073692 22260360
1759770943 1420 16073692 22260360
1759770944 1420 17351780 22260360
1759770945 1418 18466148 22260360
1759770946 1417 18466404 22260360
1759770947 1415 20857944 22260360
1759770948 1413 7357504 15081392
1759770949 1414 9734172 12687996
1759770950 1412 9734172 12687996
1759770951 1413 9734172 12687996
1759770952 1413 9734172 12687996
1759770954 1413 9734172 12687996
1759770955 1414 9734172 12687996
1759770956 1414 9734172 12687996
1759770957 1414 9734172 12687996
1759770958 1414 9734172 12687996
1759770959 1415 9734172 12687996
1759770960 1415 9734172 12687996
1759770961 1415 9734172 12687996
1759770962 1414 9734172 12687996
1759770963 1414 9734172 12687996
1759770964 1414 9734172 12687996
1759770966 1415 9734172 12687996
1759770967 1415 9734172 12687996
1759770968 1415 9734172 12687996
1759770969 1415 9734172 12687996
1759770970 1415 9734172 12687996
1759770971 1415 12126868 15080576
1759770972 1416 12126868 15080576
1759770973 1414 12126868 15080576
1759770974 1415 12126868 15080576
1759770975 1415 12126868 15080576
1759770976 1415 12126868 15080576
1759770978 1415 12126868 15080576
1759770979 1416 12126868 15080576
1759770980 1416 12126868 15080576
1759770981 1416 12126868 15080576
1759770982 1417 12126868 15080576
1759770983 1417 12126868 15080576
1759770984 1417 12126868 15080576
1759770985 1416 12126868 15080576
1759770986 1416 12126868 15080576
1759770987 1416 12126868 15080576
1759770989 1417 12126868 15080576
1759770990 1417 12126868 15080576
1759770991 1417 12126868 15080576
1759770992 1418 12126868 15080576
1759770993 1418 12126868 15080576
1759770994 1418 12126868 15080576
1759770995 1419 6953008 7902836
1759770996 1417 7272496 7902836
1759770997 1417 7272496 7902836
1759770998 1417 7272496 7902836
1759771000 1417 7272496 7902836
1759771001 1417 7272496 7902836
1759771002 1418 7272496 7902836
1759771003 1418 7272496 7902836
1759771004 1418 7272496 7902836
1759771005 1419 7272496 7902836
1759771006 1419 7272496 7902836
1759771007 1418 7272496 7902836
1759771008 1418 7272496 7902836
1759771009 1418 7272496 7902836
1759771010 1418 7272496 7902836
1759771011 1418 7272496 7902836
1759771013 1419 7272496 7902836
1759771014 1419 7272496 7902836
1759771015 1419 7272496 7902836
1759771016 1419 7272496 7902836
1759771017 1420 7272496 7902836
1759771018 1420 7272496 7902836
1759771019 1420 7272496 7902836
1759771020 1418 8884656 12687996
1759771021 1417 2361360 3117676
