1755177506  0.0 15104 675388
1755177507  309 1100596 2616804
1755177508  206 1905600 3837680
1755177509  171 2795812 5058384
1755177511  262 4941268 9975044
1755177512  529 4945684 9975044
1755177513  723 4949396 9975592
1755177514  857 4949396 9975592
1755177515  955 4949524 9975592
1755177516 1026 4949524 9975592
1755177517 1092 4949524 9975592
1755177518 1053 4949780 9975592
1755177519 1103 4949780 9975592
1755177521 1153 4949908 9975592
1755177522 1188 4949908 9975592
1755177523 1210 4949908 9975592
1755177524 1240 4949908 9975592
1755177525 1268 4949908 9975592
1755177526 1293 4949908 9975592
1755177527 1253 4949908 9975592
1755177528 1278 4949908 9975592
1755177529 1290 4949908 9975592
1755177530 1308 4949908 9975592
1755177532 1324 4949908 9975592
1755177533 1339 4949908 9975592
1755177534 1348 4950036 9975592
1755177535 1355 4950036 9975592
1755177536 1355 4950036 9975592
1755177537 1359 4950036 9975592
1755177538 1324 4950036 9975592
1755177539 1332 4950036 9975592
1755177540 1344 4950036 9975592
1755177542 1354 4950036 9975592
1755177543 1363 4950036 9975592
1755177544 1369 4950036 9975592
1755177545 1379 4950164 9975592
1755177546 1383 4950164 9975592
1755177547 1391 4950164 9975592
1755177548 1365 4950164 9975592
1755177549 1373 4950164 9975592
1755177550 1381 4950164 9975592
1755177552 1389 4950164 9975592
1755177553 1398 4950164 9975592
1755177554 1400 4950164 9975592
1755177555 1406 4950164 9975592
1755177556 1413 4950164 9975592
1755177557 1420 4950164 9975592
1755177558 1398 4950164 9975592
1755177559 1405 4950164 9975592
1755177560 1410 4950164 9975592
1755177562 1415 4950164 9975592
1755177563 1421 4950164 9975592
1755177564 1427 4950164 9975592
1755177565 1432 4950292 9975592
1755177566 1437 4950292 9975592
1755177567 1441 4950804 9975592
1755177568 1418 4950804 9975592
1755177569 1419 4951700 9975592
1755177570 1420 4951700 9975592
1755177572 1422 4951700 9975592
1755177573 1423 4951700 9975592
1755177574 1428 4951700 9975592
1755177575 1431 4951828 9975592
1755177576 1432 4951828 9975592
1755177577 1435 4951828 9975592
1755177578 1419 4951956 9975592
1755177579 1422 4951956 9975592
1755177580 1426 4951956 9975592
1755177582 1431 4951956 9975592
1755177583 1434 4951956 9975592
1755177584 1438 4951956 9975592
1755177585 1441 4951956 9975592
1755177586 1443 4951956 9975592
1755177587 1447 4951956 9975592
1755177588 1451 4951956 9975592
1755177589 1437 4951956 9975592
1755177590 1441 4952084 9975592
1755177592 1445 4952084 9975592
1755177593 1447 4952084 9975592
1755177594 1450 4952212 9975592
1755177595 1453 4952212 9975592
1755177596 1457 4952212 9975592
1755177597 1460 4952212 9975592
1755177598 1446 4952212 9975592
1755177599 1449 4952212 9975592
1755177600 1451 4952212 9975592
1755177602 1452 4952212 9975592
1755177603 1454 4952212 9975592
1755177604 1454 4952212 9975592
1755177605 1454 4952212 9975592
1755177606 1454 4952212 9975592
1755177607 1453 4952212 9975592
1755177608 1454 4952212 9975592
1755177609 1443 4952340 9975592
1755177610 1445 4952340 9975592
1755177611 1448 4952340 9975592
1755177613 1450 4953236 9975592
1755177614 1453 4953492 9975592
1755177615 1456 4953492 9975592
1755177616 1457 4953748 9975592
1755177617 1459 4953748 9975592
1755177618 1461 4953748 9975592
1755177619 1451 4953876 9975592
1755177620 1453 4954004 9975592
1755177621 1456 4954004 9975592
1755177623 1458 4954004 9975592
1755177624 1460 4954004 9975592
1755177625 1462 4954004 9975592
1755177626 1464 4954132 9975592
1755177627 1466 4954132 9975592
1755177628 1468 4954132 9975592
1755177629 1458 4954132 9975592
1755177630 1460 4954260 9975592
1755177631 1461 4954260 9975592
1755177632 1463 4954260 9975592
1755177634 1465 4954260 9975592
1755177635 1467 4954260 9975592
1755177636 1469 4954260 9975592
1755177637 1469 4954260 9975592
1755177638 1469 4954260 9975592
1755177639 1468 4954260 9975592
1755177640 1457 4954260 9975592
1755177641 1457 4954260 9975592
1755177642 1459 4954260 9975592
1755177644 1461 4954388 9975592
1755177645 1463 4954516 9975592
1755177646 1465 4954644 9975592
1755177647 1467 4954900 9975592
1755177648 1467 4954900 9975592
1755177649 1469 4955284 9975592
1755177650 1471 4955540 9975592
1755177651 1462 4955924 9975592
1755177652 1465 4956052 9975592
1755177653 1466 4956052 9975592
1755177655 1468 4956052 9975592
1755177656 1469 4956180 9975592
1755177657 1471 4956180 9975592
1755177658 1473 4956180 9975592
1755177659 1474 4956308 9975592
1755177660 1476 4956308 9975592
1755177661 1467 4956308 9975592
1755177662 1469 4956308 9975592
1755177663 1470 4956308 9975592
1755177665 1471 4956308 9975592
1755177666 1473 4956308 9975592
1755177667 1474 4956308 9975592
1755177668 1475 4956308 9975592
1755177669 1476 4956308 9975592
1755177670 1477 4956308 9975592
1755177671 1478 4956564 9975592
1755177672 1469 4956564 9975592
1755177673 1469 4957076 9975592
1755177674 1470 4957460 9975592
1755177676 1470 4957588 9975592
1755177677 1471 4957844 9975592
1755177678 1473 4957972 9975592
1755177679 1473 4958100 9975592
1755177680 1474 4958100 9975592
1755177681 1476 4958228 9975592
1755177682 1469 4958228 9975592
1755177683 1470 4958356 9975592
1755177684 1472 4958356 9975592
1755177685 1473 4958356 9975592
1755177687 1474 4958356 9975592
1755177688 1475 4958356 9975592
1755177689 1476 4958484 9975592
1755177690 1478 4958612 9975592
1755177691 1479 4958612 9975592
1755177692 1480 4958996 9975592
1755177693 1480 4959764 9975592
1755177694 1474 4959892 9975592
1755177695 1475 4960020 9975592
1755177696 1476 4960276 9975592
1755177698 1477 4960276 9975592
1755177699 1478 4960404 9975592
1755177700 1479 4960404 9975592
1755177701 1479 4960404 9975592
1755177702 1480 4960404 9975592
1755177703 1481 4960532 9975592
1755177704 1483 4960788 9975592
1755177705 1476 4961684 9975592
1755177706 1477 4961812 9975592
1755177707 1477 4962196 9975592
1755177708 1477 4962324 9975592
1755177710 1478 4962324 9975592
1755177711 1478 4962324 9975592
1755177712 1479 4962324 9975592
1755177713 1480 4962452 9975592
1755177714 1481 4963348 9975592
1755177715 1482 4964244 9975592
1755177716 1483 4964372 9975592
1755177717 1482 4966676 9975592
1755177718 1482 4983104 9975592
1755177719 1475 5187988 9975592
1755177720 1473 5187988 9975592
1755177721 1469 5824964 9975592
1755177722 1469 5824964 9975592
1755177723 1466 5824964 9975592
1755177725 1462 7047768 9975592
1755177726 1456 7410264 9975592
1755177727 1450 7797336 9975592
1755177728 1449 8258520 9975592
1755177729 1450 8258520 9975592
1755177730 1450 8258520 9975592
1755177731 1449 8258520 9975592
1755177732 1450 8258520 9975592
1755177733 1450 8258520 9975592
1755177734 1447 8258648 9975592
1755177735 1442 8258648 9975592
1755177736 1444 8258648 9975592
1755177737 1445 8258648 9975592
1755177738 1446 8258648 9975592
1755177740 1447 8258648 9975592
1755177741 1447 8258648 9975592
1755177742 1447 8258648 9975592
1755177743 1447 8258648 9975592
1755177744 1448 8258648 9975592
1755177745 1449 8258648 9975592
1755177746 1450 8258648 9975592
1755177747 1445 8258648 9975592
1755177748 1446 8258648 9975592
1755177749 1447 8258648 9975592
1755177751 1448 8258648 9975592
1755177752 1449 8258648 9975592
1755177753 1450 8258648 9975592
1755177754 1451 8258648 9975592
1755177755 1451 8258648 9975592
1755177756 1452 8258648 9975592
1755177757 1453 8258648 9975592
1755177758 1449 8258648 9975592
1755177759 1450 8258648 9975592
1755177760 1450 8258648 9975592
1755177762 1451 8258648 9975592
1755177763 1451 8258648 9975592
1755177764 1452 8258648 9975592
1755177765 1453 8258648 9975592
1755177766 1454 8258648 9975592
1755177767 1455 8258648 9975592
1755177768 1457 8258648 9975592
1755177769 1451 8258648 9975592
1755177770 1452 8258648 9975592
1755177771 1453 8258648 9975592
1755177772 1454 8258648 9975592
1755177774 1455 8258648 9975592
1755177775 1455 8258648 9975592
1755177776 1455 8258648 9975592
1755177777 1455 8258648 9975592
1755177778 1456 8258648 9975592
1755177779 1457 8258648 9975592
1755177780 1457 8258648 9975592
1755177781 1453 8258648 9975592
1755177782 1454 8258648 9975592
1755177783 1454 8258648 9975592
1755177784 1455 8258648 9975592
1755177786 1456 8258648 9975592
1755177787 1456 8258648 9975592
1755177788 1457 8258648 9975592
1755177789 1458 8258648 9975592
1755177790 1459 8258648 9975592
1755177791 1459 5024868 6345172
1755177792 1459 5024868 6345172
1755177793 1455 5024868 6345172
1755177794 1455 5024868 6345172
1755177795 1456 5024868 6345172
1755177797 1457 5024868 6345172
1755177798 1458 5024868 6345172
1755177799 1458 5024868 6345172
1755177800 1458 3804208 5124468
1755177801 1459 3804208 5124468
1755177802 1460 3804208 5124468
1755177803 1461 3804208 5124468
1755177804 1457 3804208 5124468
1755177805 1457 3804208 5124468
1755177806 1458 3804208 5124468
1755177807 1458 3804208 5124468
1755177809 1458 4360272 7565876
1755177810 1453 4059252 6650348
