1759753048  0.0 16256 676452
1759753049  932 426888 2483252
1759753051 1309 427656 2483252
1759753052 1432 427656 2483252
1759753053 1492 427656 2483252
1759753054 1508 427656 2483252
1759753055 1538 427784 2483252
1759753056 1560 427784 2483252
1759753057 1578 427784 2483252
1759753058 1578 427912 2483252
1759753059 1439 429192 2483252
1759753060 1459 429704 2483252
1759753061 1475 429832 2483252
1759753062 1482 429832 2483252
1759753064 1489 429832 2483252
1759753065 1495 429832 2483252
1759753066 1506 431496 2483252
1759753067 1516 497416 2483252
1759753068 1509 859912 2483252
1759753069 1487 1016328 2483252
1759753070 1433 1360520 2483252
1759753071 1429 1361416 2483252
1759753072 1435 1361544 2483252
1759753073 1446 1361544 2483252
1759753074 1401 1361544 2483252
1759753075 1412 1361544 2483252
1759753076 1415 1052364 1896696
