1759762590  0.0 16768 676452
1759762591  215 1270216 2449296
1759762592  159 3247804 4207112
1759762593  140 3245260 4207112
1759762594  130 2964308 16513684
1759762595  159 3547988 16546452
1759762596  356 3552596 16546452
1759762597  524 3559380 16547144
1759762598  657 3559380 16547144
1759762600  760 3559380 16547144
1759762601  835 3559380 16547144
1759762602  900 3559380 16547144
1759762603  961 3559380 16547144
1759762604 1013 3559380 16547144
1759762605 1060 3559508 16547144
1759762606 1091 3559508 16547144
1759762607 1116 3559508 16547144
1759762608 1080 3559508 16547144
1759762609 1105 3559508 16547144
1759762610 1133 3559636 16547144
1759762612 1160 3559636 16547144
1759762613 1183 3559636 16547144
1759762614 1203 3559636 16547144
1759762615 1223 3559636 16547144
1759762616 1244 3559636 16547144
1759762617 1261 3559636 16547144
1759762618 1277 3559636 16547144
1759762619 1244 3559636 16547144
1759762620 1254 3559636 16547144
1759762621 1263 3559636 16547144
1759762623 1272 3559636 16547144
1759762624 1276 3559636 16547144
1759762625 1282 3559636 16547144
1759762626 1289 3559636 16547144
1759762627 1295 3559636 16547144
1759762628 1304 3559636 16547144
1759762629 1315 3559636 16547144
1759762630 1292 3559636 16547144
1759762631 1302 3559636 16547144
1759762632 1306 3559636 16547144
1759762634 1315 3559636 16547144
1759762635 1324 3559636 16547144
1759762636 1332 3559764 16547144
1759762637 1340 3559764 16547144
1759762638 1347 3559764 16547144
1759762639 1355 3559764 16547144
1759762640 1359 3559764 16547144
1759762641 1337 3559764 16547144
1759762642 1342 3559764 16547144
1759762643 1346 3559764 16547144
1759762645 1352 3559764 16547144
1759762646 1359 3559764 16547144
1759762647 1365 3559764 16547144
1759762648 1371 3559764 16547144
1759762649 1377 3559764 16547144
1759762650 1382 3559764 16547144
1759762651 1384 3560148 16547144
1759762652 1363 3560148 16547144
1759762653 1366 3560148 16547144
1759762654 1368 3560148 16547144
1759762656 1372 3560276 16547144
1759762657 1376 3560276 16547144
1759762658 1380 3560276 16547144
1759762659 1383 3560276 16547144
1759762660 1386 3561172 16547144
1759762661 1389 3561172 16547144
1759762662 1392 3561172 16547144
1759762663 1376 3561172 16547144
1759762664 1378 3561172 16547144
1759762665 1382 3561172 16547144
1759762667 1387 3561172 16547144
1759762668 1391 3561428 16547144
1759762669 1394 3561428 16547144
1759762670 1398 3561428 16547144
1759762671 1401 3561428 16547144
1759762672 1404 3561428 16547144
1759762673 1408 3561428 16547144
1759762674 1395 3561428 16547144
1759762675 1397 3561428 16547144
1759762676 1399 3561428 16547144
1759762678 1402 3561428 16547144
1759762679 1404 3561428 16547144
1759762680 1407 3561428 16547144
1759762681 1410 3561428 16547144
1759762682 1412 3561428 16547144
1759762683 1413 3561556 16547144
1759762684 1414 3561556 16547144
1759762685 1416 3561556 16547144
1759762686 1402 3561556 16547144
1759762687 1404 3561556 16547144
1759762688 1407 3561556 16547144
1759762690 1410 3561556 16547144
1759762691 1412 3561556 16547144
1759762692 1415 3561556 16547144
1759762693 1418 3561556 16547144
1759762694 1420 3561556 16547144
1759762695 1421 3561556 16547144
1759762696 1408 3561556 16547144
1759762697 1410 3561556 16547144
1759762698 1412 3561684 16547144
1759762700 1415 3561684 16547144
1759762701 1417 3561684 16547144
1759762702 1420 3561684 16547144
1759762703 1422 3561684 16547144
1759762704 1425 3561684 16547144
1759762705 1427 3561684 16547144
1759762706 1430 3561684 16547144
1759762707 1420 3561684 16547144
1759762708 1422 3561684 16547144
1759762709 1424 3561684 16547144
1759762711 1425 3561684 16547144
1759762712 1426 3561684 16547144
1759762713 1427 3561684 16547144
1759762714 1428 3561684 16547144
1759762715 1429 3561684 16547144
1759762716 1430 3561684 16547144
1759762717 1431 3561684 16547144
1759762718 1421 3561684 16547144
1759762719 1423 3561684 16547144
1759762720 1424 3561684 16547144
1759762722 1426 3561684 16547144
1759762723 1428 3561812 16547144
1759762724 1430 3561812 16547144
1759762725 1432 3561812 16547144
1759762726 1434 3562196 16547144
1759762727 1435 3562196 16547144
1759762728 1436 3562196 16547144
1759762729 1427 3562324 16547144
1759762730 1427 3562324 16547144
1759762731 1429 3562324 16547144
1759762732 1430 3562452 16547144
1759762734 1432 3562708 16547144
1759762735 1433 3562708 16547144
1759762736 1435 3562708 16547144
1759762737 1437 3562708 16547144
1759762738 1438 3562708 16547144
1759762739 1440 3563092 16547144
1759762740 1442 3563092 16547144
1759762741 1433 3563092 16547144
1759762742 1435 3563348 16547144
1759762743 1436 3563348 16547144
1759762744 1437 3563476 16547144
1759762746 1437 3563476 16547144
1759762747 1437 3563476 16547144
1759762748 1437 3563476 16547144
1759762749 1438 3563476 16547144
1759762750 1438 3563476 16547144
1759762751 1433 3563476 16547144
1759762752 1434 3563476 16547144
1759762753 1436 3563476 16547144
1759762755 1437 3563476 16547144
1759762756 1439 3563604 16547144
1759762757 1441 3563604 16547144
1759762758 1442 3563604 16547144
1759762759 1442 3563604 16547144
1759762760 1444 3563604 16547144
1759762761 1445 3563604 16547144
1759762762 1438 3563604 16547144
1759762763 1440 3563604 16547144
1759762764 1440 3563604 16547144
1759762766 1441 3563604 16547144
1759762767 1442 3563732 16547144
1759762768 1443 3563732 16547144
1759762769 1445 3563732 16547144
1759762770 1446 3563732 16547144
1759762771 1448 3563732 16547144
1759762772 1441 3563732 16547144
1759762773 1443 3563732 16547144
1759762774 1444 3563732 16547144
1759762775 1445 3563732 16547144
1759762777 1446 3563732 16547144
1759762778 1447 3563732 16547144
1759762779 1446 3563732 16547144
1759762780 1446 3563732 16547144
1759762781 1446 3563732 16547144
1759762782 1446 3563860 16547144
1759762783 1447 3563860 16547144
1759762784 1440 3563988 16547144
1759762785 1442 3563988 16547144
1759762786 1443 3564116 16547144
1759762788 1445 3564116 16547144
1759762789 1446 3564116 16547144
1759762790 1447 3564372 16547144
1759762791 1447 3564372 16547144
1759762792 1449 3564500 16547144
1759762793 1450 3564500 16547144
1759762794 1451 3564500 16547144
1759762795 1452 3564500 16547144
1759762796 1446 3564500 16547144
1759762797 1447 3564884 16547144
1759762798 1448 3564884 16547144
1759762800 1449 3564884 16547144
1759762801 1449 3564884 16547144
1759762802 1450 3564884 16547144
1759762803 1451 3565268 16547144
1759762804 1452 3565268 16547144
1759762805 1453 3565396 16547144
1759762806 1454 3565396 16547144
1759762807 1449 3565524 16547144
1759762808 1450 3565524 16547144
1759762809 1450 3565524 16547144
1759762811 1450 3565652 16547144
1759762812 1450 3565652 16547144
1759762813 1450 3565652 16547144
1759762814 1450 3565652 16547144
1759762815 1450 3565652 16547144
1759762816 1451 3565652 16547144
1759762817 1452 3565652 16547144
1759762818 1447 3565652 16547144
1759762819 1448 3565652 16547144
1759762820 1449 3565652 16547144
1759762822 1450 3565652 16547144
1759762823 1450 3565652 16547144
1759762824 1451 3565780 16547144
1759762825 1452 3565780 16547144
1759762826 1453 3565780 16547144
1759762827 1455 3565780 16547144
1759762828 1456 3565780 16547144
1759762829 1451 3565780 16547144
1759762830 1452 3565780 16547144
1759762831 1453 3565908 16547144
1759762833 1453 3565908 16547144
1759762834 1454 3566036 16547144
1759762835 1455 3566036 16547144
1759762836 1455 3566036 16547144
1759762837 1456 3566164 16547144
1759762838 1457 3566164 16547144
1759762839 1458 3566292 16547144
1759762840 1453 3566292 16547144
1759762841 1453 3566292 16547144
1759762842 1453 3566292 16547144
1759762843 1453 3566420 16547144
1759762845 1453 3566420 16547144
1759762846 1454 3566804 16547144
1759762847 1455 3566804 16547144
1759762848 1455 3566804 16547144
1759762849 1456 3566804 16547144
1759762850 1456 3566804 16547144
1759762851 1457 3567188 16547144
1759762852 1452 3567316 16547144
1759762853 1453 3567316 16547144
1759762854 1453 3567444 16547144
1759762856 1454 3567444 16547144
1759762857 1455 3567444 16547144
1759762858 1456 3567444 16547144
1759762859 1457 3567572 16547144
1759762860 1458 3567572 16547144
1759762861 1459 3567572 16547144
1759762862 1455 3567700 16547144
1759762863 1455 3567700 16547144
1759762864 1456 3567700 16547144
1759762865 1457 3567700 16547144
1759762867 1458 3567700 16547144
1759762868 1459 3567700 16547144
1759762869 1459 3567700 16547144
1759762870 1460 3567828 16547144
1759762871 1460 3567828 16547144
1759762872 1460 3567828 16547144
1759762873 1460 3567828 16547144
1759762874 1455 3567956 16547144
1759762875 1456 3567956 16547144
1759762876 1456 3567956 16547144
1759762878 1457 3567956 16547144
1759762879 1457 3568084 16547144
1759762880 1458 3568084 16547144
1759762881 1459 3568212 16547144
1759762882 1459 3568340 16547144
1759762883 1460 3568340 16547144
1759762884 1460 3568468 16547144
1759762885 1460 3568468 16547144
1759762886 1456 3568596 16547144
1759762887 1457 3568724 16547144
1759762888 1458 3568852 16547144
1759762890 1458 3568852 16547144
1759762891 1459 3569236 16547144
1759762892 1460 3569364 16547144
1759762893 1461 3569492 16547144
1759762894 1461 3569492 16547144
1759762895 1462 3569492 16547144
1759762896 1463 3569492 16547144
1759762897 1459 3569748 16547144
1759762898 1460 3569748 16547144
1759762899 1461 3569748 16547144
1759762901 1461 3569748 16547144
1759762902 1462 3569748 16547144
1759762903 1462 3569748 16547144
1759762904 1462 3569748 16547144
1759762905 1462 3569748 16547144
1759762906 1461 3569748 16547144
1759762907 1462 3569748 16547144
1759762908 1462 3569748 16547144
1759762909 1462 3569748 16547144
1759762910 1459 3570004 16547144
1759762911 1459 3570132 16547144
1759762912 1460 3570260 16547144
1759762914 1461 3570388 16547144
1759762915 1461 3570644 16547144
1759762916 1462 3570644 16547144
1759762917 1462 3570644 16547144
1759762918 1462 3570900 16547144
1759762919 1462 3571028 16547144
1759762920 1463 3571412 16547144
1759762921 1464 3571540 16547144
1759762922 1460 3571540 16547144
1759762923 1461 3571540 16547144
1759762924 1462 3571668 16547144
1759762926 1462 3571796 16547144
1759762927 1463 3571796 16547144
1759762928 1464 3571796 16547144
1759762929 1464 3571796 16547144
1759762930 1465 3571924 16547144
1759762931 1466 3571924 16547144
1759762932 1466 3572052 16547144
1759762933 1463 3572308 16547144
1759762934 1463 3572308 16547144
1759762935 1463 3572564 16547144
1759762936 1463 3572564 16547144
1759762938 1463 3572564 16547144
1759762939 1463 3572692 16547144
1759762940 1463 3572820 16547144
1759762941 1464 3572948 16547144
1759762942 1464 3573460 16547144
1759762943 1465 3573588 16547144
1759762944 1465 3573588 16547144
1759762945 1466 3573844 16547144
1759762946 1462 3573844 16547144
1759762947 1463 3573972 16547144
1759762948 1463 3573972 16547144
1759762949 1464 3574100 16547144
1759762951 1464 3574228 16547144
1759762952 1464 3574228 16547144
1759762953 1464 3574228 16547144
1759762954 1465 3574612 16547144
1759762955 1465 3574740 16547144
1759762956 1466 3575124 16547144
1759762957 1467 3575508 16547144
1759762958 1467 3575892 16547144
1759762959 1464 3576020 16547144
1759762960 1464 3576148 16547144
1759762961 1465 3576276 16547144
1759762962 1466 3576788 16547144
1759762964 1466 3577300 16547144
1759762965 1467 3578068 16547144
1759762966 1467 3578196 16547144
1759762967 1467 3578452 16547144
1759762968 1467 3578452 16547144
1759762969 1467 3578708 16547144
1759762970 1468 3579860 16547144
1759762971 1468 3579860 16547144
1759762972 1468 3579988 16547144
1759762973 1468 3580116 16547144
1759762974 1464 3580372 16547144
1759762975 1461 5981396 16547144
1759762976 1460 7109972 16547144
1759762977 1460 7174100 16547144
1759762978 1458 7313364 16547144
1759762979 1457 7409876 16547144
1759762981 1455 7409876 16547144
1759762982 1453 7555540 16547144
1759762983 1450 7939156 16547144
1759762984 1446 7972948 16547144
1759762985 1444 8325332 16547144
1759762986 1443 8328788 16547144
1759762987 1442 8328788 16547144
1759762988 1439 8328788 16547144
1759762989 1435 8328788 16547144
1759762990 1434 8328788 16547144
1759762991 1434 8435028 16547144
1759762992 1430 8689108 16547144
1759762993 1427 8943828 16547144
1759762994 1424 9198548 16547144
1759762995 1420 9453396 16547144
1759762996 1417 9787348 16547144
1759762997 1414 10265428 16547144
1759762998 1411 10613716 16547144
1759762999 1408 10613716 16547144
1759763000 1404 10613716 16547144
1759763001 1401 10613716 16547144
1759763002 1398 10613716 16547144
1759763003 1392 10613716 16547144
1759763004 1388 11339092 16547144
1759763005 1388 11828948 16547144
1759763006 1388 11828948 16547144
1759763007 1389 11828948 16547144
1759763008 1389 11828948 16547144
1759763010 1390 11828948 16547144
1759763011 1387 11828948 16547144
1759763012 1384 11828948 16547144
1759763013 1385 11828948 16547144
1759763014 1386 11828948 16547144
1759763015 1386 11828948 16547144
1759763016 1387 11828948 16547144
1759763017 1387 11828948 16547144
1759763018 1384 11828948 16547144
1759763019 1381 11828948 16547144
1759763020 1377 11829076 16547144
1759763021 1378 11829076 16547144
1759763022 1378 11829076 16547144
1759763023 1379 11829076 16547144
1759763025 1380 11829076 16547144
1759763026 1380 11829076 16547144
1759763027 1381 11829076 16547144
1759763028 1382 11829076 16547144
1759763029 1382 11829076 16547144
1759763030 1382 11829076 16547144
1759763031 1383 11829076 16547144
1759763032 1383 11829076 16547144
1759763033 1380 11829076 16547144
1759763034 1381 11829076 16547144
1759763035 1382 11829076 16547144
1759763036 1382 11829076 16547144
1759763038 1383 11829076 16547144
1759763039 1383 11829076 16547144
1759763040 1384 11829076 16547144
1759763041 1384 11829076 16547144
1759763042 1384 11829076 16547144
1759763043 1385 11829076 16547144
1759763044 1386 11829076 16547144
1759763045 1386 11829076 16547144
1759763046 1384 11829076 16547144
1759763047 1385 11829076 16547144
1759763048 1385 11829076 16547144
1759763050 1386 11829076 16547144
1759763051 1386 11829076 16547144
1759763052 1387 11829076 16547144
1759763053 1387 11829076 16547144
1759763054 1388 11829076 16547144
1759763055 1389 11829076 16547144
1759763056 1389 11829076 16547144
1759763057 1390 11829076 16547144
1759763058 1388 11829076 16547144
1759763059 1388 11829076 16547144
1759763060 1388 11829076 16547144
1759763061 1388 11829076 16547144
1759763063 1389 11829076 16547144
1759763064 1389 11829076 16547144
1759763065 1390 11829076 16547144
1759763066 1390 11829076 16547144
1759763067 1391 11829076 16547144
1759763068 1391 11829076 16547144
1759763069 1392 11829076 16547144
1759763070 1392 11829076 16547144
1759763071 1390 11829076 16547144
1759763072 1390 11829076 16547144
1759763073 1390 11829076 16547144
1759763074 1391 11829076 16547144
1759763076 1392 11829076 16547144
1759763077 1392 11829076 16547144
1759763078 1393 11829076 16547144
1759763079 1393 11829076 16547144
1759763080 1394 11829076 16547144
1759763081 1395 11829076 16547144
1759763082 1395 11829076 16547144
1759763083 1395 11829076 16547144
1759763084 1393 11829076 16547144
1759763085 1393 11829076 16547144
1759763086 1394 11829076 16547144
1759763088 1395 11829076 16547144
1759763089 1395 11829076 16547144
1759763090 1396 11829076 16547144
1759763091 1396 11829076 16547144
1759763092 1396 11829076 16547144
1759763093 1397 11829076 16547144
1759763094 1397 11829076 16547144
1759763095 1397 11829076 16547144
1759763096 1395 11829076 16547144
1759763097 1396 11829076 16547144
1759763098 1396 11829076 16547144
1759763099 1397 11829076 16547144
1759763101 1398 11829076 16547144
1759763102 1398 11829076 16547144
1759763103 1399 11829076 16547144
1759763104 1399 11829076 16547144
1759763105 1399 11829076 16547144
1759763106 1400 11829076 16547144
1759763107 1400 11829076 16547144
1759763108 1401 11829076 16547144
1759763109 1398 11829076 16547144
1759763110 1399 11829076 16547144
1759763111 1400 11829076 16547144
1759763113 1400 11829076 16547144
1759763114 1401 11829076 16547144
1759763115 1401 11829076 16547144
1759763116 1402 11829076 16547144
1759763117 1402 11829076 16547144
1759763118 1403 11829076 16547144
1759763119 1403 11829076 16547144
1759763120 1404 11829076 16547144
1759763121 1402 11829076 16547144
1759763122 1402 11829076 16547144
1759763123 1402 11829076 16547144
1759763125 1402 11829076 16547144
1759763126 1402 11829076 16547144
1759763127 1403 11829076 16547144
1759763128 1403 11829076 16547144
1759763129 1404 11829076 16547144
1759763130 1405 11829076 16547144
1759763131 1405 11829076 16547144
1759763132 1406 11829076 16547144
1759763133 1402 13681348 16547144
1759763134 1399 9100908 11272648
1759763135 1399 7177412 9514020
1759763136 1400 7177412 9514020
1759763138 1400 7177412 9514020
1759763139 1401 7177412 9514020
1759763140 1401 7177412 9514020
1759763141 1401 7177412 9514020
1759763142 1401 7177412 9514020
1759763143 1402 7177412 9514020
1759763144 1403 7177412 9514020
1759763145 1403 7177412 9514020
1759763146 1401 7177412 9514020
1759763147 1402 7177412 9514020
1759763148 1402 8304744 11271836
1759763150 1403 8935528 11271836
1759763151 1403 8935528 11271836
1759763152 1403 8935528 11271836
1759763153 1403 8935528 11271836
1759763154 1404 8935528 11271836
1759763155 1404 8935528 11271836
1759763156 1404 8935528 11271836
1759763157 1404 8935528 11271836
1759763158 1402 8935528 11271836
1759763159 1402 8935528 11271836
1759763160 1403 8935528 11271836
1759763161 1403 8935528 11271836
1759763163 1404 8935528 11271836
1759763164 1404 8935528 11271836
1759763165 1405 4750532 5998388
1759763166 1405 5360836 5998388
1759763167 1405 5360836 5998388
1759763168 1406 5360836 5998388
1759763169 1406 5360836 5998388
1759763170 1404 5360836 5998388
1759763171 1405 5360836 5998388
1759763172 1405 5360836 5998388
1759763174 1406 5360836 5998388
1759763175 1406 5360836 5998388
1759763176 1406 5360836 5998388
1759763177 1407 5360836 5998388
1759763178 1407 5360836 5998388
1759763179 1408 5360836 5998388
1759763180 1408 5360836 5998388
1759763181 1407 7039236 9514020
