1759755127  0.0 15744 675428
1759755128  207 1348616 2253984
1759755129  154 1005708 7723992
1759755130  354 1597324 7756760
1759755131  682 1601932 7757352
1759755132  888 1601932 7757352
1759755133  884 1602188 7757352
1759755134  987 1602188 7757352
1759755135 1061 1602188 7757352
1759755137 1114 1602188 7757352
1759755138 1159 1602188 7757352
1759755139 1196 1602188 7757352
1759755140 1228 1602188 7757352
1759755141 1262 1602316 7757352
1759755142 1293 1602316 7757352
1759755143 1320 1602444 7757352
1759755144 1268 1603340 7757352
1759755145 1291 1603340 7757352
1759755146 1311 1603852 7757352
1759755148 1331 1603980 7757352
1759755149 1347 1603980 7757352
1759755150 1358 1603980 7757352
1759755151 1359 1603980 7757352
1759755152 1362 1603980 7757352
1759755153 1369 1603980 7757352
1759755154 1380 1603980 7757352
1759755155 1337 1603980 7757352
1759755156 1344 1603980 7757352
1759755157 1349 1603980 7757352
1759755158 1360 1603980 7757352
1759755160 1370 1603980 7757352
1759755161 1380 1603980 7757352
1759755162 1389 1603980 7757352
1759755163 1397 1603980 7757352
1759755164 1406 1603980 7757352
1759755165 1414 1603980 7757352
1759755166 1420 1603980 7757352
1759755167 1393 1603980 7757352
1759755168 1401 1603980 7757352
1759755169 1409 1604108 7757352
1759755171 1413 1604108 7757352
1759755172 1418 1604108 7757352
1759755173 1422 1604108 7757352
1759755174 1425 1604236 7757352
1759755175 1430 1604236 7757352
1759755176 1435 1604492 7757352
1759755177 1441 1604492 7757352
1759755178 1447 1605004 7757352
1759755179 1424 1605260 7757352
1759755180 1430 1605644 7757352
1759755181 1433 1605644 7757352
1759755183 1434 1605772 7757352
1759755184 1434 1605772 7757352
1759755185 1435 1605772 7757352
1759755186 1436 1605900 7757352
1759755187 1435 1605900 7757352
1759755188 1436 1606028 7757352
1759755189 1439 1606028 7757352
1759755190 1443 1606028 7757352
1759755191 1425 1606028 7757352
1759755192 1430 1606028 7757352
1759755193 1433 1606028 7757352
1759755195 1442 1606028 7757352
1759755196 1445 1606028 7757352
1759755197 1450 1606028 7757352
1759755198 1453 1606156 7757352
1759755199 1457 1606156 7757352
1759755200 1441 1606156 7757352
1759755201 1445 1606156 7757352
1759755202 1448 1606412 7757352
1759755204 1452 1606924 7757352
1759755205 1455 1606924 7757352
1759755206 1457 1606924 7757352
1759755207 1459 1607436 7757352
1759755208 1460 1607692 7757352
1759755209 1462 1607820 7757352
1759755210 1465 1607820 7757352
1759755211 1468 1608076 7757352
1759755212 1454 1608076 7757352
1759755213 1454 1608076 7757352
1759755214 1454 1608076 7757352
1759755216 1456 1608076 7757352
1759755217 1456 1608076 7757352
1759755218 1456 1608076 7757352
1759755219 1455 1608076 7757352
1759755220 1454 1608076 7757352
1759755221 1457 1608076 7757352
1759755222 1459 1608076 7757352
1759755223 1462 1608332 7757352
1759755224 1449 1608332 7757352
1759755225 1452 1609228 7757352
1759755226 1454 1609484 7757352
1759755228 1456 1609484 7757352
1759755229 1459 1609612 7757352
1759755230 1461 1609996 7757352
1759755231 1463 1610124 7757352
1759755232 1466 1610124 7757352
1759755233 1468 1610124 7757352
1759755234 1470 1610252 7757352
1759755235 1472 1610508 7757352
1759755236 1461 1610764 7757352
1759755237 1463 1611532 7757352
1759755238 1465 1611660 7757352
1759755239 1466 1611916 7757352
1759755241 1467 1612172 7757352
1759755242 1468 1612172 7757352
1759755243 1469 1612172 7757352
1759755244 1471 1612556 7757352
1759755245 1471 1612556 7757352
1759755246 1471 1612556 7757352
1759755247 1471 1612556 7757352
1759755248 1472 1612812 7757352
1759755249 1472 1612940 7757352
1759755250 1460 1613324 7757352
1759755251 1460 1613708 7757352
1759755252 1461 1613836 7757352
1759755253 1462 1613964 7757352
1759755254 1463 1614220 7757352
1759755256 1465 1615500 7757352
1759755257 1459 3179020 7757352
1759755258 1460 3271692 7757352
1759755259 1456 3321356 7757352
1759755260 1447 3571212 7757352
1759755261 1443 3729292 7757352
1759755262 1435 3729292 7757352
1759755263 1428 3978252 7757352
1759755264 1418 4246924 7757352
1759755265 1409 4671884 7757352
1759755266 1399 4743436 7757352
1759755267 1390 4743436 7757352
1759755268 1384 5291148 7757352
1759755269 1385 5291148 7757352
1759755270 1382 5292172 7757352
1759755271 1375 5292172 7757352
1759755272 1367 5292172 7757352
1759755273 1369 5292172 7757352
1759755274 1370 5292172 7757352
1759755275 1371 5292172 7757352
1759755277 1371 5292172 7757352
1759755278 1372 5292172 7757352
1759755279 1374 5292172 7757352
1759755280 1374 5292172 7757352
1759755281 1376 5292172 7757352
1759755282 1377 5292172 7757352
1759755283 1378 5292172 7757352
1759755284 1371 5292172 7757352
1759755285 1372 5292172 7757352
1759755286 1373 5292172 7757352
1759755287 1374 5292172 7757352
1759755289 1376 5292172 7757352
1759755290 1378 5292172 7757352
1759755291 1380 5292172 7757352
1759755292 1382 5292172 7757352
1759755293 1384 5292172 7757352
1759755294 1386 5292172 7757352
1759755295 1388 5292172 7757352
1759755296 1389 5292172 7757352
1759755297 1391 5292172 7757352
1759755298 1385 5292172 7757352
1759755299 1387 5292172 7757352
1759755300 1388 5292172 7757352
1759755302 1390 5292172 7757352
1759755303 1392 5292172 7757352
1759755304 1394 5292172 7757352
1759755305 1395 5292172 7757352
1759755306 1397 5292172 7757352
1759755307 1397 5292172 7757352
1759755308 1398 5292172 7757352
1759755309 1398 5292172 7757352
1759755310 1391 5292172 7757352
1759755311 1392 5292172 7757352
1759755312 1391 6072728 7757352
1759755313 1384 6594696 7757352
1759755314 1384 3236100 4631100
1759755316 1385 3236100 4631100
1759755317 1387 3236100 4631100
1759755318 1388 4017620 5412352
1759755319 1389 4017620 5412352
1759755320 1390 4017620 5412352
1759755321 1391 4017620 5412352
1759755322 1392 4017620 5412352
1759755323 1394 2415916 3068596
1759755324 1388 2415916 3068596
1759755325 1390 2415916 3068596
1759755326 1392 2415916 3068596
