1759764367  0.0 15872 676452
1759764368  213 1276468 2449296
1759764369  158 3327912 4207112
1759764370  139 3298872 4207112
1759764371  104 2951512 16513684
1759764372  108 3547864 16546452
1759764373  304 3551064 16546452
1759764374  429 3553880 16546452
1759764376  535 3559512 16547144
1759764377  632 3559512 16547144
1759764378  715 3559512 16547144
1759764379  792 3559512 16547144
1759764380  860 3559640 16547144
1759764381  921 3559640 16547144
1759764382  972 3559640 16547144
1759764383 1016 3559640 16547144
1759764384  993 3559640 16547144
1759764385 1030 3559640 16547144
1759764386 1053 3559640 16547144
1759764387 1083 3559640 16547144
1759764389 1109 3559640 16547144
1759764390 1136 3559640 16547144
1759764391 1157 3559640 16547144
1759764392 1179 3559640 16547144
1759764393 1197 3559640 16547144
1759764394 1216 3559640 16547144
1759764395 1191 3559640 16547144
1759764396 1208 3559768 16547144
1759764397 1224 3559768 16547144
1759764399 1238 3559768 16547144
1759764400 1251 3559768 16547144
1759764401 1263 3559768 16547144
1759764402 1274 3559768 16547144
1759764403 1285 3559768 16547144
1759764404 1293 3559768 16547144
1759764405 1298 3559768 16547144
1759764406 1270 3559768 16547144
1759764407 1274 3559768 16547144
1759764408 1282 3559768 16547144
1759764409 1286 3559768 16547144
1759764411 1293 3559768 16547144
1759764412 1299 3559768 16547144
1759764413 1305 3559768 16547144
1759764414 1313 3559768 16547144
1759764415 1320 3559768 16547144
1759764416 1326 3559768 16547144
1759764417 1332 3559768 16547144
1759764418 1314 3559768 16547144
1759764419 1319 3559768 16547144
1759764420 1326 3559768 16547144
1759764422 1333 3559768 16547144
1759764423 1337 3560024 16547144
1759764424 1343 3560024 16547144
1759764425 1350 3560024 16547144
1759764426 1355 3560024 16547144
1759764427 1361 3560024 16547144
1759764428 1366 3560024 16547144
1759764429 1350 3560152 16547144
1759764430 1355 3560152 16547144
1759764431 1359 3560152 16547144
1759764433 1363 3560152 16547144
1759764434 1367 3560280 16547144
1759764435 1370 3560280 16547144
1759764436 1372 3560280 16547144
1759764437 1374 3560280 16547144
1759764438 1378 3560280 16547144
1759764439 1382 3560280 16547144
1759764440 1366 3560408 16547144
1759764441 1370 3560408 16547144
1759764442 1372 3560664 16547144
1759764443 1374 3560664 16547144
1759764445 1376 3560664 16547144
1759764446 1378 3560664 16547144
1759764447 1380 3561176 16547144
1759764448 1382 3561176 16547144
1759764449 1386 3561176 16547144
1759764450 1390 3561304 16547144
1759764451 1376 3561304 16547144
1759764452 1380 3561304 16547144
1759764453 1382 3561304 16547144
1759764454 1386 3561432 16547144
1759764456 1389 3561432 16547144
1759764457 1393 3561432 16547144
1759764458 1396 3561560 16547144
1759764459 1400 3561560 16547144
1759764460 1403 3561560 16547144
1759764461 1406 3561560 16547144
1759764462 1408 3561560 16547144
1759764463 1396 3561560 16547144
1759764464 1398 3561560 16547144
1759764465 1401 3561560 16547144
1759764467 1402 3561560 16547144
1759764468 1403 3561560 16547144
1759764469 1405 3561688 16547144
1759764470 1408 3561688 16547144
1759764471 1411 3561688 16547144
1759764472 1413 3561688 16547144
1759764473 1416 3561688 16547144
1759764474 1405 3561688 16547144
1759764475 1406 3561688 16547144
1759764476 1408 3561688 16547144
1759764478 1409 3561688 16547144
1759764479 1410 3561688 16547144
1759764480 1411 3561816 16547144
1759764481 1413 3561816 16547144
1759764482 1414 3561816 16547144
1759764483 1415 3561816 16547144
1759764484 1417 3561816 16547144
1759764485 1407 3561816 16547144
1759764486 1409 3561816 16547144
1759764487 1412 3561816 16547144
1759764488 1414 3561816 16547144
1759764490 1417 3561816 16547144
1759764491 1419 3561816 16547144
1759764492 1421 3561816 16547144
1759764493 1422 3561816 16547144
1759764494 1424 3561944 16547144
1759764495 1426 3561944 16547144
1759764496 1416 3561944 16547144
1759764497 1416 3562072 16547144
1759764498 1416 3562072 16547144
1759764499 1417 3562072 16547144
1759764501 1418 3562072 16547144
1759764502 1420 3562200 16547144
1759764503 1421 3562200 16547144
1759764504 1422 3562200 16547144
1759764505 1423 3562200 16547144
1759764506 1423 3562200 16547144
1759764507 1424 3562200 16547144
1759764508 1415 3562328 16547144
1759764509 1415 3562328 16547144
1759764510 1416 3562328 16547144
1759764511 1417 3562328 16547144
1759764513 1417 3562456 16547144
1759764514 1416 3562456 16547144
1759764515 1416 3562456 16547144
1759764516 1416 3562456 16547144
1759764517 1417 3562456 16547144
1759764518 1418 3562456 16547144
1759764519 1419 3562584 16547144
1759764520 1420 3562712 16547144
1759764521 1411 3562712 16547144
1759764522 1413 3562840 16547144
1759764523 1413 3562840 16547144
1759764525 1414 3562840 16547144
1759764526 1415 3562840 16547144
1759764527 1416 3563352 16547144
1759764528 1416 3563352 16547144
1759764529 1416 3563352 16547144
1759764530 1417 3563352 16547144
1759764531 1418 3563352 16547144
1759764532 1419 3563352 16547144
1759764533 1411 3563608 16547144
1759764534 1412 3563608 16547144
1759764535 1413 3563608 16547144
1759764536 1414 3563736 16547144
1759764538 1415 3563736 16547144
1759764539 1415 3563736 16547144
1759764540 1416 3563736 16547144
1759764541 1417 3563736 16547144
1759764542 1418 3563736 16547144
1759764543 1419 3563736 16547144
1759764544 1419 3563736 16547144
1759764545 1411 3563736 16547144
1759764546 1411 3563736 16547144
1759764547 1411 3563736 16547144
1759764548 1412 3563736 16547144
1759764550 1412 3563736 16547144
1759764551 1413 3563736 16547144
1759764552 1413 3563736 16547144
1759764553 1413 3563736 16547144
1759764554 1414 3563736 16547144
1759764555 1415 3563736 16547144
1759764556 1408 3563736 16547144
1759764557 1409 3563864 16547144
1759764558 1409 3563864 16547144
1759764559 1410 3563864 16547144
1759764561 1410 3563992 16547144
1759764562 1411 3563992 16547144
1759764563 1412 3563992 16547144
1759764564 1413 3563992 16547144
1759764565 1413 3563992 16547144
1759764566 1414 3563992 16547144
1759764567 1414 3563992 16547144
1759764568 1414 3563992 16547144
1759764569 1408 3563992 16547144
1759764570 1409 3564120 16547144
1759764571 1410 3564120 16547144
1759764572 1410 3564120 16547144
1759764574 1411 3564120 16547144
1759764575 1412 3564120 16547144
1759764576 1412 3564248 16547144
1759764577 1412 3564248 16547144
1759764578 1413 3564248 16547144
1759764579 1413 3564248 16547144
1759764580 1413 3564248 16547144
1759764581 1413 3564248 16547144
1759764582 1407 3564248 16547144
1759764583 1407 3564248 16547144
1759764584 1407 3564632 16547144
1759764585 1407 3564632 16547144
1759764587 1407 3564632 16547144
1759764588 1407 3564760 16547144
1759764589 1407 3564760 16547144
1759764590 1408 3564888 16547144
1759764591 1408 3565016 16547144
1759764592 1409 3565016 16547144
1759764593 1409 3565272 16547144
1759764594 1410 3565272 16547144
1759764595 1405 3565272 16547144
1759764596 1405 3565656 16547144
1759764597 1406 3565656 16547144
1759764599 1407 3565656 16547144
1759764600 1407 3565656 16547144
1759764601 1408 3565656 16547144
1759764602 1409 3565656 16547144
1759764603 1409 3565656 16547144
1759764604 1410 3565656 16547144
1759764605 1410 3565656 16547144
1759764606 1411 3565656 16547144
1759764607 1406 3565656 16547144
1759764608 1406 3565656 16547144
1759764609 1407 3565656 16547144
1759764611 1408 3565656 16547144
1759764612 1408 3565784 16547144
1759764613 1409 3565784 16547144
1759764614 1409 3565784 16547144
1759764615 1409 3566040 16547144
1759764616 1409 3566040 16547144
1759764617 1410 3566040 16547144
1759764618 1410 3566040 16547144
1759764619 1404 3566040 16547144
1759764620 1404 3566040 16547144
1759764621 1404 3566040 16547144
1759764623 1405 3566040 16547144
1759764624 1406 3566040 16547144
1759764625 1406 3566040 16547144
1759764626 1407 3566040 16547144
1759764627 1408 3566040 16547144
1759764628 1408 3566040 16547144
1759764629 1404 3566040 16547144
1759764630 1404 3566168 16547144
1759764631 1405 3566168 16547144
1759764632 1405 3566296 16547144
1759764634 1406 3566296 16547144
1759764635 1406 3566296 16547144
1759764636 1407 3566296 16547144
1759764637 1408 3566680 16547144
1759764638 1408 3566680 16547144
1759764639 1408 3566680 16547144
1759764640 1409 3566680 16547144
1759764641 1410 3566680 16547144
1759764642 1405 3566936 16547144
1759764643 1406 3566936 16547144
1759764645 1407 3567064 16547144
1759764646 1407 3567064 16547144
1759764647 1407 3567320 16547144
1759764648 1408 3567320 16547144
1759764649 1407 3567320 16547144
1759764650 1408 3567320 16547144
1759764651 1408 3567448 16547144
1759764652 1403 3567448 16547144
1759764653 1403 3567704 16547144
1759764654 1403 3567704 16547144
1759764655 1404 3567704 16547144
1759764657 1404 3567832 16547144
1759764658 1404 3567832 16547144
1759764659 1405 3567960 16547144
1759764660 1406 3567960 16547144
1759764661 1406 3567960 16547144
1759764662 1406 3568088 16547144
1759764663 1407 3568088 16547144
1759764664 1403 3568088 16547144
1759764665 1403 3568088 16547144
1759764666 1404 3568088 16547144
1759764667 1405 3568088 16547144
1759764669 1405 3568088 16547144
1759764670 1406 3568088 16547144
1759764671 1406 3568088 16547144
1759764672 1407 3568088 16547144
1759764673 1407 3568088 16547144
1759764674 1408 3568088 16547144
1759764675 1408 3568088 16547144
1759764676 1408 3568216 16547144
1759764677 1404 3568216 16547144
1759764678 1405 3568216 16547144
1759764679 1405 3568472 16547144
1759764681 1405 3568472 16547144
1759764682 1406 3568472 16547144
1759764683 1406 3568472 16547144
1759764684 1406 3568856 16547144
1759764685 1406 3568856 16547144
1759764686 1406 3568856 16547144
1759764687 1406 3568856 16547144
1759764688 1402 3568984 16547144
1759764689 1402 3568984 16547144
1759764690 1402 3569240 16547144
1759764691 1402 3569496 16547144
1759764692 1403 3569496 16547144
1759764694 1403 3569496 16547144
1759764695 1404 3569752 16547144
1759764696 1405 3569752 16547144
1759764697 1405 3569752 16547144
1759764698 1406 3570008 16547144
1759764699 1406 3570136 16547144
1759764700 1407 3570136 16547144
1759764701 1403 3570136 16547144
1759764702 1403 3570136 16547144
1759764703 1404 3570136 16547144
1759764705 1404 3570136 16547144
1759764706 1405 3570136 16547144
1759764707 1405 3570136 16547144
1759764708 1405 3570136 16547144
1759764709 1406 3570136 16547144
1759764710 1406 3570136 16547144
1759764711 1406 3570136 16547144
1759764712 1407 3570136 16547144
1759764713 1403 3570392 16547144
1759764714 1404 3570648 16547144
1759764715 1404 3570648 16547144
1759764716 1404 3570776 16547144
1759764718 1404 3570904 16547144
1759764719 1404 3570904 16547144
1759764720 1404 3571032 16547144
1759764721 1405 3571160 16547144
1759764722 1404 3571160 16547144
1759764723 1405 3571288 16547144
1759764724 1405 3571416 16547144
1759764725 1401 3571416 16547144
1759764726 1402 3571416 16547144
1759764727 1402 3572056 16547144
1759764728 1403 3572184 16547144
1759764730 1404 3572184 16547144
1759764731 1404 3572184 16547144
1759764732 1404 3572184 16547144
1759764733 1405 3572184 16547144
1759764734 1405 3572184 16547144
1759764735 1405 3572184 16547144
1759764736 1406 3572184 16547144
1759764737 1406 3572184 16547144
1759764738 1402 3572184 16547144
1759764739 1403 3572312 16547144
1759764740 1403 3572312 16547144
1759764741 1403 3572696 16547144
1759764743 1404 3572696 16547144
1759764744 1404 3572952 16547144
1759764745 1405 3573464 16547144
1759764746 1405 3573464 16547144
1759764747 1405 3573464 16547144
1759764748 1406 3573464 16547144
1759764749 1406 3573592 16547144
1759764750 1406 3573720 16547144
1759764751 1406 3574104 16547144
1759764752 1402 3574232 16547144
1759764753 1402 3574232 16547144
1759764754 1403 3574232 16547144
1759764755 1403 3574232 16547144
1759764757 1403 3574232 16547144
1759764758 1403 3574232 16547144
1759764759 1403 3574232 16547144
1759764760 1404 3574232 16547144
1759764761 1404 3574872 16547144
1759764762 1405 3575128 16547144
1759764763 1405 3575384 16547144
1759764764 1405 3575384 16547144
1759764765 1402 3575512 16547144
1759764766 1403 3575896 16547144
1759764767 1403 3576280 16547144
1759764768 1403 3576280 16547144
1759764769 1403 3576280 16547144
1759764771 1404 3576280 16547144
1759764772 1404 3576664 16547144
1759764773 1404 3576920 16547144
1759764774 1405 3577432 16547144
1759764775 1405 3577816 16547144
1759764776 1406 3578328 16547144
1759764777 1406 3578840 16547144
1759764778 1406 3578840 16547144
1759764779 1406 3781336 16547144
1759764780 1403 5966040 16547144
1759764781 1398 7110104 16547144
1759764782 1398 7171544 16547144
1759764783 1397 7174104 16547144
1759764784 1396 7313496 16547144
1759764785 1395 7410264 16547144
1759764786 1393 7410264 16547144
1759764787 1392 7410264 16547144
1759764789 1389 7708760 16547144
1759764790 1386 7973208 16547144
1759764791 1383 7973208 16547144
1759764792 1382 8326360 16547144
1759764793 1381 8329688 16547144
1759764794 1380 8329688 16547144
1759764795 1377 8329688 16547144
1759764796 1374 8329688 16547144
1759764797 1372 8329688 16547144
1759764798 1372 8329688 16547144
1759764799 1371 8509912 16547144
1759764800 1368 8756440 16547144
1759764801 1365 9000152 16547144
1759764802 1362 9242968 16547144
1759764803 1359 9482968 16547144
1759764804 1356 9805656 16547144
1759764805 1353 10226136 16547144
1759764806 1350 10599256 16547144
1759764807 1344 10613720 16547144
1759764808 1342 10613720 16547144
1759764809 1339 10613720 16547144
1759764810 1336 10613720 16547144
1759764811 1333 10613720 16547144
1759764812 1331 10696024 16547144
1759764813 1328 11827288 16547144
1759764814 1329 11827288 16547144
1759764816 1330 11827288 16547144
1759764817 1330 11827288 16547144
1759764818 1331 11827288 16547144
1759764819 1330 11827288 16547144
1759764820 1327 11827288 16547144
1759764821 1326 11827288 16547144
1759764822 1327 11827288 16547144
1759764823 1327 11827288 16547144
1759764824 1328 11827288 16547144
1759764825 1328 11827288 16547144
1759764826 1325 11827288 16547144
1759764827 1323 11827288 16547144
1759764828 1321 11827288 16547144
1759764829 1318 11827288 16547144
1759764830 1319 11827416 16547144
1759764832 1319 11827416 16547144
1759764833 1320 11827416 16547144
1759764834 1321 11827416 16547144
1759764835 1322 11827416 16547144
1759764836 1322 11827416 16547144
1759764837 1323 11827416 16547144
1759764838 1324 11827416 16547144
1759764839 1324 11827416 16547144
1759764840 1325 11827416 16547144
1759764841 1323 11827416 16547144
1759764842 1323 11827416 16547144
1759764843 1324 11827416 16547144
1759764845 1325 11827416 16547144
1759764846 1325 11827416 16547144
1759764847 1326 11827416 16547144
1759764848 1327 11827416 16547144
1759764849 1328 11827416 16547144
1759764850 1328 11827416 16547144
1759764851 1329 11827416 16547144
1759764852 1329 11827416 16547144
1759764853 1330 11827416 16547144
1759764854 1328 11827416 16547144
1759764855 1328 11827416 16547144
1759764856 1329 11827416 16547144
1759764857 1329 11827416 16547144
1759764859 1329 11827416 16547144
1759764860 1330 11827416 16547144
1759764861 1330 11827416 16547144
1759764862 1331 11827416 16547144
1759764863 1332 11827416 16547144
1759764864 1332 11827416 16547144
1759764865 1333 11827416 16547144
1759764866 1331 11827416 16547144
1759764867 1332 11827416 16547144
1759764868 1333 11827416 16547144
1759764870 1333 11827416 16547144
1759764871 1334 11827416 16547144
1759764872 1335 11827416 16547144
1759764873 1335 11827416 16547144
1759764874 1336 11827416 16547144
1759764875 1336 11827416 16547144
1759764876 1337 11827416 16547144
1759764877 1337 11827416 16547144
1759764878 1336 11827416 16547144
1759764879 1336 11827416 16547144
1759764880 1337 11827416 16547144
1759764881 1338 11827416 16547144
1759764883 1338 11827416 16547144
1759764884 1339 11827416 16547144
1759764885 1339 11827416 16547144
1759764886 1340 11827416 16547144
1759764887 1340 11827416 16547144
1759764888 1340 11827416 16547144
1759764889 1341 11827416 16547144
1759764890 1341 11827416 16547144
1759764891 1339 11827416 16547144
1759764892 1340 11827416 16547144
1759764893 1340 11827416 16547144
1759764894 1341 11827416 16547144
1759764896 1341 11827416 16547144
1759764897 1342 11827416 16547144
1759764898 1343 11827416 16547144
1759764899 1343 11827416 16547144
1759764900 1344 11827416 16547144
1759764901 1344 11827416 16547144
1759764902 1345 11827416 16547144
1759764903 1343 11827416 16547144
1759764904 1343 11827416 16547144
1759764905 1344 11827416 16547144
1759764906 1344 11827416 16547144
1759764908 1345 11827416 16547144
1759764909 1346 11827416 16547144
1759764910 1347 11827416 16547144
1759764911 1347 11827416 16547144
1759764912 1348 11827416 16547144
1759764913 1348 11827416 16547144
1759764914 1349 11827416 16547144
1759764915 1347 11827416 16547144
1759764916 1348 11827416 16547144
1759764917 1348 11827416 16547144
1759764919 1349 11827416 16547144
1759764920 1349 11827416 16547144
1759764921 1349 11827416 16547144
1759764922 1350 11827416 16547144
1759764923 1350 11827416 16547144
1759764924 1351 11827416 16547144
1759764925 1351 11827416 16547144
1759764926 1351 11827416 16547144
1759764927 1349 11827416 16547144
1759764928 1350 11827416 16547144
1759764929 1350 11827416 16547144
1759764930 1351 11827416 16547144
1759764932 1352 11827416 16547144
1759764933 1352 11827416 16547144
1759764934 1352 11827416 16547144
1759764935 1353 11827416 16547144
1759764936 1353 11827416 16547144
1759764937 1354 11827416 16547144
1759764938 1354 11827416 16547144
1759764939 1355 11827416 16547144
1759764940 1353 11827416 16547144
1759764941 1353 12714260 16547144
1759764942 1351 14248988 16547144
1759764943 1349 7935444 11272648
1759764944 1349 7177820 9514020
1759764946 1350 7177820 9514020
1759764947 1350 7177820 9514020
1759764948 1351 7177820 9514020
1759764949 1351 7177820 9514020
1759764950 1352 7177820 9514020
1759764951 1352 7177820 9514020
1759764952 1352 7177820 9514020
1759764953 1353 7177820 9514020
1759764954 1351 7177820 9514020
1759764955 1351 7177820 9514020
1759764956 1352 7177820 9514020
1759764958 1352 8274028 11271836
1759764959 1353 8935532 11271836
1759764960 1353 8935532 11271836
1759764961 1354 8935532 11271836
1759764962 1354 8935532 11271836
1759764963 1354 8935532 11271836
1759764964 1355 8935532 11271836
1759764965 1353 8935532 11271836
1759764966 1353 8935532 11271836
1759764967 1354 8935532 11271836
1759764968 1354 8935532 11271836
1759764970 1355 8935532 11271836
1759764971 1355 8935532 11271836
1759764972 1356 8935532 11271836
1759764973 1357 8935532 11271836
1759764974 1357 5360840 5998388
1759764975 1358 5360840 5998388
1759764976 1358 5360840 5998388
1759764977 1356 5360840 5998388
1759764978 1357 5360840 5998388
1759764979 1357 5360840 5998388
1759764981 1358 5360840 5998388
1759764982 1358 5360840 5998388
1759764983 1359 5360840 5998388
1759764984 1359 5360840 5998388
1759764985 1359 5360840 5998388
1759764986 1360 5360840 5998388
1759764987 1360 5360840 5998388
1759764988 1358 5360840 5998388
1759764989 1357 7421432 11271836
