1759764990  0.0 16768 676452
1759764991  215 1264184 2449296
1759764992  159 3297072 4207112
1759764993  140 3304640 4207112
1759764994  130 2962380 16513684
1759764995  159 3548108 16546452
1759764996  386 3551436 16546452
1759764997  541 3554892 16546452
1759764998  591 3559500 16547144
1759764999  703 3559500 16547144
1759765000  793 3559500 16547144
1759765002  866 3559500 16547144
1759765003  929 3559500 16547144
1759765004  983 3559500 16547144
1759765005 1034 3559500 16547144
1759765006 1076 3559500 16547144
1759765007 1112 3559500 16547144
1759765008 1141 3559500 16547144
1759765009 1169 3559500 16547144
1759765010 1139 3559500 16547144
1759765011 1162 3559500 16547144
1759765012 1184 3559500 16547144
1759765014 1198 3559500 16547144
1759765015 1214 3559500 16547144
1759765016 1229 3559500 16547144
1759765017 1246 3559500 16547144
1759765018 1263 3559500 16547144
1759765019 1275 3559500 16547144
1759765020 1243 3559500 16547144
1759765021 1253 3559500 16547144
1759765022 1262 3559500 16547144
1759765023 1275 3559500 16547144
1759765025 1286 3559500 16547144
1759765026 1294 3559500 16547144
1759765027 1301 3559500 16547144
1759765028 1304 3559500 16547144
1759765029 1307 3559500 16547144
1759765030 1314 3559500 16547144
1759765031 1292 3559500 16547144
1759765032 1303 3559500 16547144
1759765033 1312 3559500 16547144
1759765035 1321 3559500 16547144
1759765036 1329 3559500 16547144
1759765037 1337 3559500 16547144
1759765038 1345 3559500 16547144
1759765039 1350 3559500 16547144
1759765040 1357 3559500 16547144
1759765041 1364 3559500 16547144
1759765042 1344 3559500 16547144
1759765043 1350 3559500 16547144
1759765044 1352 3559500 16547144
1759765045 1356 3559500 16547144
1759765047 1359 3559500 16547144
1759765048 1365 3559500 16547144
1759765049 1371 3559500 16547144
1759765050 1376 3559500 16547144
1759765051 1381 3559500 16547144
1759765052 1387 3560012 16547144
1759765053 1369 3560140 16547144
1759765054 1372 3560140 16547144
1759765055 1375 3560140 16547144
1759765056 1377 3560268 16547144
1759765058 1381 3560268 16547144
1759765059 1385 3560268 16547144
1759765060 1387 3560268 16547144
1759765061 1387 3560780 16547144
1759765062 1389 3560780 16547144
1759765063 1392 3560780 16547144
1759765064 1395 3560780 16547144
1759765065 1380 3560908 16547144
1759765066 1385 3560908 16547144
1759765067 1388 3560908 16547144
1759765069 1392 3561292 16547144
1759765070 1395 3561292 16547144
1759765071 1399 3561292 16547144
1759765072 1403 3561292 16547144
1759765073 1406 3561420 16547144
1759765074 1409 3561420 16547144
1759765075 1412 3561420 16547144
1759765076 1397 3561420 16547144
1759765077 1399 3561420 16547144
1759765078 1401 3561420 16547144
1759765080 1404 3561420 16547144
1759765081 1407 3561420 16547144
1759765082 1410 3561420 16547144
1759765083 1413 3561420 16547144
1759765084 1416 3561548 16547144
1759765085 1419 3561548 16547144
1759765086 1422 3561548 16547144
1759765087 1409 3561548 16547144
1759765088 1410 3561548 16547144
1759765089 1411 3561548 16547144
1759765090 1412 3561548 16547144
1759765092 1412 3561548 16547144
1759765093 1414 3561548 16547144
1759765094 1417 3561548 16547144
1759765095 1419 3561548 16547144
1759765096 1420 3561548 16547144
1759765097 1422 3561548 16547144
1759765098 1423 3561548 16547144
1759765099 1412 3561548 16547144
1759765100 1414 3561548 16547144
1759765101 1417 3561548 16547144
1759765103 1420 3561548 16547144
1759765104 1422 3561548 16547144
1759765105 1425 3561548 16547144
1759765106 1427 3561548 16547144
1759765107 1428 3561548 16547144
1759765108 1429 3561548 16547144
1759765109 1430 3561548 16547144
1759765110 1420 3561548 16547144
1759765111 1422 3561548 16547144
1759765112 1424 3561548 16547144
1759765114 1426 3561548 16547144
1759765115 1428 3561548 16547144
1759765116 1430 3561548 16547144
1759765117 1432 3561548 16547144
1759765118 1435 3561548 16547144
1759765119 1436 3561548 16547144
1759765120 1427 3561548 16547144
1759765121 1429 3561548 16547144
1759765122 1429 3561548 16547144
1759765123 1429 3561676 16547144
1759765125 1430 3561676 16547144
1759765126 1431 3561676 16547144
1759765127 1434 3561676 16547144
1759765128 1436 3561676 16547144
1759765129 1437 3561676 16547144
1759765130 1438 3562188 16547144
1759765131 1429 3562188 16547144
1759765132 1430 3562188 16547144
1759765133 1431 3562188 16547144
1759765134 1433 3562572 16547144
1759765136 1435 3562572 16547144
1759765137 1437 3562572 16547144
1759765138 1438 3562572 16547144
1759765139 1438 3562572 16547144
1759765140 1439 3562572 16547144
1759765141 1440 3563084 16547144
1759765142 1432 3563084 16547144
1759765143 1434 3563084 16547144
1759765144 1436 3563212 16547144
1759765145 1437 3563212 16547144
1759765147 1439 3563212 16547144
1759765148 1440 3563212 16547144
1759765149 1442 3563212 16547144
1759765150 1443 3563468 16547144
1759765151 1445 3563468 16547144
1759765152 1446 3563468 16547144
1759765153 1439 3563596 16547144
1759765154 1439 3563596 16547144
1759765155 1440 3563596 16547144
1759765156 1441 3563596 16547144
1759765158 1442 3563596 16547144
1759765159 1443 3563596 16547144
1759765160 1444 3563596 16547144
1759765161 1445 3563596 16547144
1759765162 1446 3563596 16547144
1759765163 1447 3563596 16547144
1759765164 1448 3563596 16547144
1759765165 1441 3563596 16547144
1759765166 1442 3563596 16547144
1759765167 1443 3563596 16547144
1759765169 1444 3563596 16547144
1759765170 1445 3563596 16547144
1759765171 1445 3563596 16547144
1759765172 1446 3563596 16547144
1759765173 1447 3563596 16547144
1759765174 1448 3563596 16547144
1759765175 1449 3563596 16547144
1759765176 1443 3563596 16547144
1759765177 1444 3563596 16547144
1759765178 1445 3563596 16547144
1759765180 1446 3563596 16547144
1759765181 1447 3563596 16547144
1759765182 1449 3563596 16547144
1759765183 1450 3563596 16547144
1759765184 1451 3563596 16547144
1759765185 1452 3563596 16547144
1759765186 1452 3563596 16547144
1759765187 1453 3563724 16547144
1759765188 1447 3563724 16547144
1759765189 1448 3563852 16547144
1759765190 1449 3563852 16547144
1759765192 1449 3563852 16547144
1759765193 1450 3564236 16547144
1759765194 1451 3564236 16547144
1759765195 1452 3564364 16547144
1759765196 1453 3564364 16547144
1759765197 1454 3564364 16547144
1759765198 1455 3564492 16547144
1759765199 1449 3564492 16547144
1759765200 1450 3564748 16547144
1759765201 1450 3564748 16547144
1759765203 1449 3564748 16547144
1759765204 1449 3565004 16547144
1759765205 1450 3565004 16547144
1759765206 1451 3565004 16547144
1759765207 1452 3565004 16547144
1759765208 1453 3565004 16547144
1759765209 1454 3565260 16547144
1759765210 1454 3565260 16547144
1759765211 1449 3565388 16547144
1759765212 1450 3565388 16547144
1759765213 1450 3565516 16547144
1759765215 1450 3565516 16547144
1759765216 1451 3565516 16547144
1759765217 1451 3565516 16547144
1759765218 1451 3565516 16547144
1759765219 1451 3565516 16547144
1759765220 1452 3565516 16547144
1759765221 1452 3565516 16547144
1759765222 1453 3565644 16547144
1759765223 1447 3565644 16547144
1759765224 1447 3565644 16547144
1759765225 1447 3565644 16547144
1759765227 1448 3565644 16547144
1759765228 1448 3565644 16547144
1759765229 1448 3565644 16547144
1759765230 1448 3565644 16547144
1759765231 1449 3565644 16547144
1759765232 1449 3565644 16547144
1759765233 1449 3565644 16547144
1759765234 1448 3565644 16547144
1759765235 1447 3565644 16547144
1759765236 1440 3565644 16547144
1759765237 1440 3565644 16547144
1759765238 1441 3565644 16547144
1759765240 1441 3565772 16547144
1759765241 1442 3565772 16547144
1759765242 1442 3565772 16547144
1759765243 1443 3566028 16547144
1759765244 1443 3566028 16547144
1759765245 1444 3566028 16547144
1759765246 1444 3566028 16547144
1759765247 1440 3566284 16547144
1759765248 1440 3566284 16547144
1759765249 1440 3566284 16547144
1759765250 1440 3566412 16547144
1759765252 1441 3566412 16547144
1759765253 1441 3566412 16547144
1759765254 1441 3566412 16547144
1759765255 1442 3566412 16547144
1759765256 1443 3566412 16547144
1759765257 1443 3566668 16547144
1759765258 1444 3566668 16547144
1759765259 1438 3566924 16547144
1759765260 1439 3566924 16547144
1759765261 1439 3566924 16547144
1759765262 1439 3566924 16547144
1759765264 1439 3566924 16547144
1759765265 1439 3567180 16547144
1759765266 1439 3567180 16547144
1759765267 1439 3567180 16547144
1759765268 1439 3567180 16547144
1759765269 1439 3567180 16547144
1759765270 1439 3567180 16547144
1759765271 1434 3567180 16547144
1759765272 1434 3567308 16547144
1759765273 1435 3567308 16547144
1759765274 1435 3567436 16547144
1759765276 1436 3567436 16547144
1759765277 1436 3567564 16547144
1759765278 1437 3567564 16547144
1759765279 1437 3567564 16547144
1759765280 1437 3567564 16547144
1759765281 1437 3567692 16547144
1759765282 1437 3567692 16547144
1759765283 1433 3567692 16547144
1759765284 1433 3567692 16547144
1759765285 1434 3567948 16547144
1759765286 1434 3568204 16547144
1759765288 1435 3568204 16547144
1759765289 1435 3568204 16547144
1759765290 1435 3568204 16547144
1759765291 1436 3568204 16547144
1759765292 1436 3568204 16547144
1759765293 1437 3568332 16547144
1759765294 1437 3568332 16547144
1759765295 1437 3568332 16547144
1759765296 1432 3568332 16547144
1759765297 1431 3568460 16547144
1759765298 1432 3568460 16547144
1759765300 1432 3568460 16547144
1759765301 1432 3568460 16547144
1759765302 1433 3568588 16547144
1759765303 1433 3568588 16547144
1759765304 1433 3568716 16547144
1759765305 1433 3568716 16547144
1759765306 1433 3568844 16547144
1759765307 1433 3568844 16547144
1759765308 1433 3569100 16547144
1759765309 1429 3569100 16547144
1759765310 1429 3569100 16547144
1759765311 1429 3569100 16547144
1759765312 1429 3569100 16547144
1759765314 1430 3569100 16547144
1759765315 1430 3569100 16547144
1759765316 1431 3569100 16547144
1759765317 1431 3569100 16547144
1759765318 1431 3569100 16547144
1759765319 1432 3569484 16547144
1759765320 1432 3569484 16547144
1759765321 1429 3569740 16547144
1759765322 1429 3569740 16547144
1759765323 1430 3569996 16547144
1759765324 1430 3570380 16547144
1759765326 1431 3570380 16547144
1759765327 1431 3570380 16547144
1759765328 1431 3570380 16547144
1759765329 1430 3570380 16547144
1759765330 1430 3570380 16547144
1759765331 1431 3570380 16547144
1759765332 1431 3570380 16547144
1759765333 1431 3570508 16547144
1759765334 1428 3570508 16547144
1759765335 1428 3570508 16547144
1759765336 1429 3570636 16547144
1759765337 1429 3570636 16547144
1759765339 1429 3570764 16547144
1759765340 1429 3570764 16547144
1759765341 1429 3570764 16547144
1759765342 1430 3570892 16547144
1759765343 1430 3570892 16547144
1759765344 1430 3571020 16547144
1759765345 1431 3571020 16547144
1759765346 1432 3571148 16547144
1759765347 1432 3571276 16547144
1759765348 1429 3571276 16547144
1759765349 1430 3571404 16547144
1759765350 1431 3571660 16547144
1759765352 1431 3572044 16547144
1759765353 1432 3572300 16547144
1759765354 1433 3572428 16547144
1759765355 1434 3572428 16547144
1759765356 1435 3572428 16547144
1759765357 1435 3572556 16547144
1759765358 1436 3572556 16547144
1759765359 1436 3572684 16547144
1759765360 1432 3572684 16547144
1759765361 1433 3572940 16547144
1759765362 1433 3572940 16547144
1759765363 1433 3572940 16547144
1759765365 1433 3572940 16547144
1759765366 1434 3573068 16547144
1759765367 1435 3573324 16547144
1759765368 1436 3573580 16547144
1759765369 1436 3573836 16547144
1759765370 1437 3573964 16547144
1759765371 1438 3574476 16547144
1759765372 1438 3574476 16547144
1759765373 1434 3574476 16547144
1759765374 1434 3574476 16547144
1759765375 1435 3574604 16547144
1759765376 1435 3574732 16547144
1759765378 1436 3574988 16547144
1759765379 1437 3574988 16547144
1759765380 1437 3575244 16547144
1759765381 1438 3575628 16547144
1759765382 1439 3575884 16547144
1759765383 1439 3576524 16547144
1759765384 1440 3576652 16547144
1759765385 1440 3577164 16547144
1759765386 1437 3577676 16547144
1759765387 1438 3578316 16547144
1759765388 1438 3579212 16547144
1759765389 1439 3579212 16547144
1759765391 1439 3579468 16547144
1759765392 1438 4321484 16547144
1759765393 1435 7000908 16547144
1759765394 1435 7110092 16547144
1759765395 1435 7173964 16547144
1759765396 1434 7313228 16547144
1759765397 1432 7409740 16547144
1759765398 1430 7409740 16547144
1759765399 1429 7496524 16547144
1759765400 1426 7794636 16547144
1759765401 1422 7972812 16547144
1759765402 1419 8124620 16547144
1759765403 1418 8328780 16547144
1759765404 1418 8328780 16547144
1759765405 1415 8328780 16547144
1759765406 1412 8328780 16547144
1759765407 1410 8328780 16547144
1759765408 1407 8328780 16547144
1759765409 1404 8625356 16547144
1759765410 1401 8885580 16547144
1759765411 1398 9145676 16547144
1759765412 1395 9405388 16547144
1759765413 1392 9702220 16547144
1759765414 1389 10190156 16547144
1759765415 1386 10613068 16547144
1759765416 1383 10613196 16547144
1759765418 1380 10613196 16547144
1759765419 1377 10613196 16547144
1759765420 1374 10613196 16547144
1759765421 1371 10613196 16547144
1759765422 1368 10890572 16547144
1759765423 1366 11825996 16547144
1759765424 1367 11825996 16547144
1759765425 1367 11825996 16547144
1759765426 1368 11825996 16547144
1759765427 1369 11825996 16547144
1759765428 1366 11825996 16547144
1759765429 1363 11825996 16547144
1759765430 1361 11825996 16547144
1759765431 1362 11825996 16547144
1759765432 1362 11825996 16547144
1759765433 1363 11825996 16547144
1759765435 1364 11825996 16547144
1759765436 1361 11825996 16547144
1759765437 1358 11825996 16547144
1759765438 1357 11825996 16547144
1759765439 1358 11825996 16547144
1759765440 1358 11825996 16547144
1759765441 1359 11825996 16547144
1759765442 1360 11825996 16547144
1759765443 1357 11825996 16547144
1759765444 1358 11825996 16547144
1759765445 1359 11825996 16547144
1759765446 1359 11825996 16547144
1759765448 1360 11825996 16547144
1759765449 1361 11825996 16547144
1759765450 1362 11825996 16547144
1759765451 1362 11825996 16547144
1759765452 1363 11825996 16547144
1759765453 1363 11825996 16547144
1759765454 1363 11825996 16547144
1759765455 1364 11825996 16547144
1759765456 1362 11825996 16547144
1759765457 1363 11825996 16547144
1759765458 1363 11825996 16547144
1759765459 1364 11825996 16547144
1759765461 1365 11825996 16547144
1759765462 1365 11825996 16547144
1759765463 1366 11825996 16547144
1759765464 1366 11825996 16547144
1759765465 1367 11825996 16547144
1759765466 1367 11825996 16547144
1759765467 1368 11825996 16547144
1759765468 1365 11825996 16547144
1759765469 1366 11825996 16547144
1759765470 1367 11825996 16547144
1759765471 1367 11825996 16547144
1759765473 1368 11825996 16547144
1759765474 1368 11825996 16547144
1759765475 1369 11825996 16547144
1759765476 1369 11825996 16547144
1759765477 1370 11825996 16547144
1759765478 1371 11825996 16547144
1759765479 1371 11825996 16547144
1759765480 1372 11825996 16547144
1759765481 1370 11825996 16547144
1759765482 1370 11825996 16547144
1759765483 1371 11825996 16547144
1759765485 1371 11825996 16547144
1759765486 1371 11825996 16547144
1759765487 1372 11825996 16547144
1759765488 1373 11825996 16547144
1759765489 1373 11825996 16547144
1759765490 1374 11825996 16547144
1759765491 1375 11825996 16547144
1759765492 1375 11825996 16547144
1759765493 1373 11825996 16547144
1759765494 1373 11825996 16547144
1759765495 1374 11825996 16547144
1759765496 1374 11825996 16547144
1759765497 1375 11825996 16547144
1759765499 1375 11825996 16547144
1759765500 1375 11825996 16547144
1759765501 1376 11825996 16547144
1759765502 1377 11825996 16547144
1759765503 1377 11825996 16547144
1759765504 1378 11825996 16547144
1759765505 1379 11825996 16547144
1759765506 1379 11825996 16547144
1759765507 1377 11825996 16547144
1759765508 1377 11825996 16547144
1759765509 1378 11825996 16547144
1759765511 1378 11825996 16547144
1759765512 1379 11825996 16547144
1759765513 1379 11825996 16547144
1759765514 1380 11825996 16547144
1759765515 1380 11825996 16547144
1759765516 1380 11825996 16547144
1759765517 1381 11825996 16547144
1759765518 1381 11825996 16547144
1759765519 1379 11825996 16547144
1759765520 1380 11825996 16547144
1759765521 1381 11825996 16547144
1759765522 1381 11825996 16547144
1759765524 1382 11825996 16547144
1759765525 1382 11825996 16547144
1759765526 1383 11825996 16547144
1759765527 1384 11825996 16547144
1759765528 1384 11825996 16547144
1759765529 1384 11825996 16547144
1759765530 1384 11825996 16547144
1759765531 1384 11825996 16547144
1759765532 1382 11825996 16547144
1759765533 1383 11825996 16547144
1759765534 1384 11825996 16547144
1759765536 1384 11825996 16547144
1759765537 1385 11825996 16547144
1759765538 1385 11825996 16547144
1759765539 1386 11825996 16547144
1759765540 1386 11825996 16547144
1759765541 1387 11825996 16547144
1759765542 1387 11825996 16547144
1759765543 1387 11825996 16547144
1759765544 1385 11825996 16547144
1759765545 1385 11825996 16547144
1759765546 1386 11825996 16547144
1759765547 1386 11825996 16547144
1759765549 1387 11825996 16547144
1759765550 1387 11825996 16547144
1759765551 1388 11825996 16547144
1759765552 1386 13583704 16547144
1759765553 1384 15341408 16547144
1759765554 1383 7177820 9514020
1759765555 1384 7177820 9514020
1759765556 1384 7177820 9514020
1759765557 1385 7177820 9514020
1759765558 1383 7177820 9514020
1759765559 1384 7177820 9514020
1759765560 1384 7177820 9514020
1759765561 1384 7177820 9514020
1759765563 1384 7177820 9514020
1759765564 1385 7177820 9514020
1759765565 1385 7177820 9514020
1759765566 1386 7177820 9514020
1759765567 1386 7177820 9514020
1759765568 1387 8935276 11271836
1759765569 1387 8935276 11271836
1759765570 1385 8935276 11271836
1759765571 1386 8935276 11271836
1759765572 1386 8935276 11271836
1759765574 1387 8935276 11271836
1759765575 1387 8935276 11271836
1759765576 1387 8935276 11271836
1759765577 1387 8935276 11271836
1759765578 1387 8935276 11271836
1759765579 1388 8935276 11271836
1759765580 1388 8935276 11271836
1759765581 1387 8935276 11271836
1759765582 1387 8935276 11271836
1759765583 1388 4104808 5998388
1759765585 1388 5360584 5998388
1759765586 1389 5360584 5998388
1759765587 1389 5360584 5998388
1759765588 1390 5360584 5998388
1759765589 1390 5360584 5998388
1759765590 1391 5360584 5998388
1759765591 1391 5360584 5998388
1759765592 1392 5360584 5998388
1759765593 1390 5360584 5998388
1759765594 1390 5360584 5998388
1759765595 1390 5360584 5998388
1759765597 1391 5360584 5998388
1759765598 1391 5360584 5998388
1759765599 1391 5360584 5998388
1759765600 1390 7300344 11271836
