1755172973  0.0 14976 675388
1755172974  358 839588 2796640
1755172975  786 842276 2797152
1755172976  965 842404 2797152
1755172977 1086 842532 2797152
1755172979 1171 842532 2797152
1755172980 1235 842532 2797152
1755172981 1298 842532 2797152
1755172982 1341 842660 2797152
1755172983 1379 842788 2797152
1755172984 1407 842916 2797152
1755172985 1433 844452 2797152
1755172986 1349 844580 2797152
1755172987 1374 844580 2797152
1755172988 1394 845092 2797152
1755172989 1409 846628 2797152
1755172990 1418 992328 2797152
1755172992 1396 1387996 2797152
1755172993 1400 1389148 2797152
1755172994 1410 1389148 2797152
1755172995 1424 1389148 2797152
1755172996 1436 1389148 2797152
1755172997 1441 687768 2048392
