1755173073  0.0 15744 675388
1755173075  722 839856 2796648
1755173076 1162 842544 2797160
1755173077 1302 842544 2797160
1755173078 1357 842544 2797160
1755173079 1398 842672 2797160
1755173080 1428 842672 2797160
1755173081 1418 842672 2797160
1755173082 1449 842672 2797160
1755173083 1478 842800 2797160
1755173084 1364 842800 2797160
1755173085 1390 843696 2797160
1755173086 1399 843952 2797160
1755173087 1413 844080 2797160
1755173089 1430 844720 2797160
1755173090 1442 844720 2797160
1755173091 1453 844848 2797160
1755173092 1456 844848 2797160
1755173093 1466 845104 2797160
1755173094 1477 846768 2797160
1755173095 1480 965312 2797160
1755173096 1461 1385884 2797160
1755173097 1412 1386780 2797160
1755173098 1423 1386780 2797160
1755173099 1434 882920 2243716
1755173100 1441 878440 2439032
