1755184659  0.0 17664 677012
1755184660  324 1188880 3788700
1755184661  213 2598940 6181420
1755184662  176 4839324 6181420
1755184663  158 4199188 6181420
1755184664  147 2769568 6181420
1755184665  139 6906160 8574000
1755184666  134 9625272 18145820
1755184667  257 9629972 18178588
1755184668  423 9634068 18178588
1755184669  551 9640656 18179232
1755184670  607 9640656 18179232
1755184671  693 9640656 18179232
1755184672  756 9640656 18179232
1755184674  814 9640656 18179232
1755184675  867 9640784 18179232
1755184676  907 9640784 18179232
1755184677  949 9640784 18179232
1755184678  991 9640784 18179232
1755184679 1023 9640784 18179232
1755184680 1011 9640784 18179232
1755184681 1041 9640784 18179232
1755184682 1073 9640784 18179232
1755184684 1098 9640784 18179232
1755184685 1118 9640784 18179232
1755184686 1132 9640784 18179232
1755184687 1142 9640784 18179232
1755184688 1156 9640784 18179232
1755184689 1171 9640784 18179232
1755184690 1147 9640784 18179232
1755184691 1164 9640784 18179232
1755184692 1182 9640784 18179232
1755184694 1198 9640784 18179232
1755184695 1213 9640784 18179232
1755184696 1226 9640784 18179232
1755184697 1230 9640784 18179232
1755184698 1243 9640784 18179232
1755184699 1225 9640784 18179232
1755184700 1238 9640784 18179232
1755184701 1249 9640784 18179232
1755184703 1260 9640784 18179232
1755184704 1270 9640784 18179232
1755184705 1281 9640784 18179232
1755184706 1288 9640784 18179232
1755184707 1293 9640784 18179232
1755184708 1298 9640784 18179232
1755184709 1302 9640784 18179232
1755184710 1283 9640784 18179232
1755184711 1291 9640912 18179232
1755184712 1299 9640912 18179232
1755184714 1306 9641936 18179232
1755184715 1314 9641936 18179232
1755184716 1322 9641936 18179232
1755184717 1329 9641936 18179232
1755184718 1332 9642320 18179232
1755184719 1334 9642320 18179232
1755184720 1336 9642320 18179232
1755184721 1316 9642320 18179232
1755184722 1320 9642320 18179232
1755184723 1326 9642320 18179232
1755184725 1332 9642320 18179232
1755184726 1338 9642320 18179232
1755184727 1343 9642320 18179232
1755184728 1349 9642320 18179232
1755184729 1354 9642320 18179232
1755184730 1341 9642320 18179232
1755184731 1347 9642320 18179232
1755184732 1353 9642320 18179232
1755184734 1358 9642320 18179232
1755184735 1364 9642320 18179232
1755184736 1368 9642320 18179232
1755184737 1371 9642320 18179232
1755184738 1375 9642320 18179232
1755184739 1380 9642320 18179232
1755184740 1367 9642320 18179232
1755184741 1370 9642320 18179232
1755184742 1373 9642320 18179232
1755184744 1376 9642320 18179232
1755184745 1379 9642448 18179232
1755184746 1382 9642448 18179232
1755184747 1386 9642448 18179232
1755184748 1390 9642448 18179232
1755184749 1392 9642448 18179232
1755184750 1379 9642576 18179232
1755184751 1381 9642576 18179232
1755184752 1382 9642576 18179232
1755184754 1382 9642576 18179232
1755184755 1385 9642576 18179232
1755184756 1387 9642576 18179232
1755184757 1390 9642576 18179232
1755184758 1392 9642576 18179232
1755184759 1396 9642576 18179232
1755184760 1398 9642576 18179232
1755184761 1388 9642576 18179232
1755184762 1391 9642576 18179232
1755184763 1395 9642576 18179232
1755184765 1398 9642576 18179232
1755184766 1401 9642576 18179232
1755184767 1403 9642576 18179232
1755184768 1406 9642576 18179232
1755184769 1408 9642576 18179232
1755184770 1411 9642576 18179232
1755184771 1402 9642576 18179232
1755184772 1405 9642576 18179232
1755184773 1408 9642576 18179232
1755184775 1411 9642704 18179232
1755184776 1413 9642704 18179232
1755184777 1414 9642704 18179232
1755184778 1416 9642704 18179232
1755184779 1418 9642704 18179232
1755184780 1418 9642704 18179232
1755184781 1408 9642704 18179232
1755184782 1409 9642704 18179232
1755184783 1410 9642704 18179232
1755184784 1410 9642704 18179232
1755184786 1413 9642832 18179232
1755184787 1416 9642832 18179232
1755184788 1417 9642832 18179232
1755184789 1419 9642832 18179232
1755184790 1420 9642832 18179232
1755184791 1421 9642832 18179232
1755184792 1412 9642832 18179232
1755184793 1414 9642832 18179232
1755184794 1417 9642832 18179232
1755184796 1419 9642832 18179232
1755184797 1421 9642832 18179232
1755184798 1423 9642832 18179232
1755184799 1425 9642832 18179232
1755184800 1427 9642832 18179232
1755184801 1429 9642832 18179232
1755184802 1421 9642832 18179232
1755184803 1423 9642832 18179232
1755184804 1425 9642960 18179232
1755184806 1427 9642960 18179232
1755184807 1429 9642960 18179232
1755184808 1432 9643088 18179232
1755184809 1434 9643088 18179232
1755184810 1436 9643088 18179232
1755184811 1438 9643088 18179232
1755184812 1428 9643088 18179232
1755184813 1428 9643216 18179232
1755184814 1428 9643216 18179232
1755184816 1429 9643216 18179232
1755184817 1430 9643216 18179232
1755184818 1432 9643344 18179232
1755184819 1434 9643344 18179232
1755184820 1436 9643344 18179232
1755184821 1428 9643344 18179232
1755184822 1430 9644112 18179232
1755184823 1430 9644112 18179232
1755184824 1431 9644112 18179232
1755184826 1432 9644112 18179232
1755184827 1434 9644112 18179232
1755184828 1435 9644240 18179232
1755184829 1437 9644240 18179232
1755184830 1438 9644240 18179232
1755184831 1440 9644240 18179232
1755184832 1434 9644368 18179232
1755184833 1435 9644368 18179232
1755184835 1437 9644368 18179232
1755184836 1439 9644368 18179232
1755184837 1441 9644368 18179232
1755184838 1442 9644368 18179232
1755184839 1444 9644368 18179232
1755184840 1446 9644496 18179232
1755184841 1439 9644496 18179232
1755184842 1441 9644496 18179232
1755184843 1442 9644496 18179232
1755184845 1442 9644496 18179232
1755184846 1443 9644496 18179232
1755184847 1443 9644496 18179232
1755184848 1443 9644496 18179232
1755184849 1444 9644624 18179232
1755184850 1445 9644624 18179232
1755184851 1446 9644624 18179232
1755184852 1440 9644624 18179232
1755184853 1441 9644624 18179232
1755184854 1442 9644624 18179232
1755184856 1443 9644624 18179232
1755184857 1445 9644624 18179232
1755184858 1445 9644624 18179232
1755184859 1446 9644624 18179232
1755184860 1446 9644624 18179232
1755184861 1447 9644624 18179232
1755184862 1449 9644624 18179232
1755184863 1443 9644624 18179232
1755184864 1444 9644624 18179232
1755184866 1446 9644752 18179232
1755184867 1448 9644752 18179232
1755184868 1449 9644752 18179232
1755184869 1450 9644752 18179232
1755184870 1452 9644752 18179232
1755184871 1453 9644752 18179232
1755184872 1448 9644752 18179232
1755184873 1449 9644752 18179232
1755184874 1451 9644752 18179232
1755184876 1451 9644752 18179232
1755184877 1451 9644752 18179232
1755184878 1452 9644880 18179232
1755184879 1452 9644880 18179232
1755184880 1453 9644880 18179232
1755184881 1454 9644880 18179232
1755184882 1448 9644880 18179232
1755184883 1448 9644880 18179232
1755184884 1448 9644880 18179232
1755184885 1449 9644880 18179232
1755184887 1450 9644880 18179232
1755184888 1451 9644880 18179232
1755184889 1452 9644880 18179232
1755184890 1453 9644880 18179232
1755184891 1454 9645008 18179232
1755184892 1455 9645008 18179232
1755184893 1449 9645008 18179232
1755184894 1449 9645008 18179232
1755184895 1450 9645136 18179232
1755184896 1451 9645136 18179232
1755184898 1452 9645136 18179232
1755184899 1454 9645264 18179232
1755184900 1455 9645264 18179232
1755184901 1456 9645264 18179232
1755184902 1457 9645264 18179232
1755184903 1452 9645264 18179232
1755184904 1454 9645264 18179232
1755184905 1455 9645648 18179232
1755184907 1455 9645648 18179232
1755184908 1456 9645648 18179232
1755184909 1456 9645648 18179232
1755184910 1456 9645904 18179232
1755184911 1457 9645904 18179232
1755184912 1458 9645904 18179232
1755184913 1459 9646160 18179232
1755184914 1455 9646160 18179232
1755184915 1455 9646288 18179232
1755184917 1456 9646288 18179232
1755184918 1456 9646416 18179232
1755184919 1457 9646416 18179232
1755184920 1457 9646416 18179232
1755184921 1458 9646416 18179232
1755184922 1459 9646416 18179232
1755184923 1455 9646416 18179232
1755184924 1456 9646416 18179232
1755184925 1457 9646416 18179232
1755184927 1457 9646544 18179232
1755184928 1458 9646544 18179232
1755184929 1458 9646544 18179232
1755184930 1459 9646544 18179232
1755184931 1460 9646544 18179232
1755184932 1461 9646672 18179232
1755184933 1457 9646672 18179232
1755184934 1458 9646672 18179232
1755184935 1459 9646672 18179232
1755184937 1460 9646672 18179232
1755184938 1461 9646672 18179232
1755184939 1461 9646672 18179232
1755184940 1462 9646672 18179232
1755184941 1462 9646672 18179232
1755184942 1457 9646672 18179232
1755184943 1458 9646672 18179232
1755184944 1459 9646672 18179232
1755184946 1460 9646672 18179232
1755184947 1461 9646800 18179232
1755184948 1462 9646800 18179232
1755184949 1462 9646800 18179232
1755184950 1463 9646800 18179232
1755184951 1463 9646800 18179232
1755184952 1463 9646800 18179232
1755184953 1458 9646800 18179232
1755184954 1458 9646928 18179232
1755184955 1459 9646928 18179232
1755184956 1460 9646928 18179232
1755184958 1461 9646928 18179232
1755184959 1462 9646928 18179232
1755184960 1463 9646928 18179232
1755184961 1463 9646928 18179232
1755184962 1464 9646928 18179232
1755184963 1464 9646928 18179232
1755184964 1460 9647056 18179232
1755184965 1461 9647056 18179232
1755184966 1462 9647056 18179232
1755184968 1463 9647056 18179232
1755184969 1463 9647056 18179232
1755184970 1464 9647056 18179232
1755184971 1464 9647056 18179232
1755184972 1464 9647056 18179232
1755184973 1465 9647056 18179232
1755184974 1460 9647184 18179232
1755184975 1462 9647184 18179232
1755184976 1462 9647440 18179232
1755184978 1463 9647440 18179232
1755184979 1464 9647440 18179232
1755184980 1465 9647440 18179232
1755184981 1465 9647440 18179232
1755184982 1466 9647440 18179232
1755184983 1466 9647952 18179232
1755184984 1463 9647952 18179232
1755184985 1463 9647952 18179232
1755184986 1464 9648208 18179232
1755184988 1464 9648208 18179232
1755184989 1465 9648208 18179232
1755184990 1465 9648336 18179232
1755184991 1466 9648336 18179232
1755184992 1467 9648336 18179232
1755184993 1467 9648336 18179232
1755184994 1464 9648336 18179232
1755184995 1464 9648336 18179232
1755184996 1465 9648336 18179232
1755184998 1465 9648336 18179232
1755184999 1466 9648336 18179232
1755185000 1466 9648336 18179232
1755185001 1467 9648336 18179232
1755185002 1467 9648720 18179232
1755185003 1467 9648720 18179232
1755185004 1467 9648720 18179232
1755185005 1463 9648720 18179232
1755185006 1464 9648720 18179232
1755185007 1465 9648720 18179232
1755185009 1466 9648848 18179232
1755185010 1467 9648848 18179232
1755185011 1467 9648848 18179232
1755185012 1468 9648848 18179232
1755185013 1468 9648848 18179232
1755185014 1469 9648848 18179232
1755185015 1465 9648848 18179232
1755185016 1466 9648848 18179232
1755185017 1467 9648848 18179232
1755185019 1468 9648976 18179232
1755185020 1468 9648976 18179232
1755185021 1469 9648976 18179232
1755185022 1469 9648976 18179232
1755185023 1470 9648976 18179232
1755185024 1470 9648976 18179232
1755185025 1467 9649104 18179232
1755185026 1467 9649104 18179232
1755185027 1468 9649104 18179232
1755185029 1469 9649104 18179232
1755185030 1469 9649232 18179232
1755185031 1470 9649232 18179232
1755185032 1470 9649232 18179232
1755185033 1470 9649232 18179232
1755185034 1470 9649232 18179232
1755185035 1470 9649232 18179232
1755185036 1466 9649360 18179232
1755185037 1467 9649360 18179232
1755185038 1468 9649360 18179232
1755185040 1468 9649360 18179232
1755185041 1469 9649616 18179232
1755185042 1469 9649616 18179232
1755185043 1470 9649616 18179232
1755185044 1470 9649872 18179232
1755185045 1471 9649872 18179232
1755185046 1468 9650256 18179232
1755185047 1468 9650256 18179232
1755185048 1469 9650256 18179232
1755185050 1470 9650256 18179232
1755185051 1471 9650256 18179232
1755185052 1471 9650256 18179232
1755185053 1472 9650384 18179232
1755185054 1473 9650384 18179232
1755185055 1473 9650640 18179232
1755185056 1470 9650640 18179232
1755185057 1470 9650768 18179232
1755185058 1471 9650768 18179232
1755185059 1471 9650768 18179232
1755185061 1472 9650768 18179232
1755185062 1472 9650768 18179232
1755185063 1473 9650768 18179232
1755185064 1473 9650768 18179232
1755185065 1473 9650896 18179232
1755185066 1473 9650896 18179232
1755185067 1469 9650896 18179232
1755185068 1469 9650896 18179232
1755185069 1470 9650896 18179232
1755185071 1471 9651024 18179232
1755185072 1471 9651024 18179232
1755185073 1471 9651024 18179232
1755185074 1472 9651024 18179232
1755185075 1472 9651024 18179232
1755185076 1473 9651024 18179232
1755185077 1473 9651280 18179232
1755185078 1470 9651280 18179232
1755185079 1471 9651408 18179232
1755185081 1472 9651408 18179232
1755185082 1472 9651408 18179232
1755185083 1473 9651408 18179232
1755185084 1474 9651408 18179232
1755185085 1474 9651408 18179232
1755185086 1475 9651536 18179232
1755185087 1472 9651536 18179232
1755185088 1473 9651664 18179232
1755185089 1474 9651664 18179232
1755185091 1474 9651920 18179232
1755185092 1474 9651920 18179232
1755185093 1475 9651920 18179232
1755185094 1475 9651920 18179232
1755185095 1475 9652048 18179232
1755185096 1475 9652048 18179232
1755185097 1475 9652432 18179232
1755185098 1472 9652432 18179232
1755185099 1472 9652432 18179232
1755185100 1472 9652432 18179232
1755185102 1472 9652432 18179232
1755185103 1472 9652432 18179232
1755185104 1473 9652688 18179232
1755185105 1473 9652688 18179232
1755185106 1474 9652688 18179232
1755185107 1474 9652688 18179232
1755185108 1475 9652816 18179232
1755185109 1472 9653072 18179232
1755185110 1473 9653072 18179232
1755185111 1473 9653072 18179232
1755185113 1474 9653072 18179232
1755185114 1474 9653072 18179232
1755185115 1475 9653200 18179232
1755185116 1476 9653200 18179232
1755185117 1476 9653200 18179232
1755185118 1473 9653200 18179232
1755185119 1474 9653456 18179232
1755185120 1474 9653456 18179232
1755185121 1475 9653456 18179232
1755185123 1476 9653456 18179232
1755185124 1476 9653584 18179232
1755185125 1477 9653712 18179232
1755185126 1477 9653840 18179232
1755185127 1477 9653840 18179232
1755185128 1477 9653840 18179232
1755185129 1474 9653840 18179232
1755185130 1474 9653968 18179232
1755185131 1474 9653968 18179232
1755185132 1474 9654096 18179232
1755185134 1474 9654480 18179232
1755185135 1475 9654480 18179232
1755185136 1475 9654480 18179232
1755185137 1475 9654480 18179232
1755185138 1476 9654736 18179232
1755185139 1476 9654736 18179232
1755185140 1473 9654864 18179232
1755185141 1474 9654864 18179232
1755185142 1475 9654992 18179232
1755185144 1475 9654992 18179232
1755185145 1476 9655120 18179232
1755185146 1476 9655120 18179232
1755185147 1477 9655120 18179232
1755185148 1477 9655248 18179232
1755185149 1478 9655248 18179232
1755185150 1478 9655376 18179232
1755185151 1476 9655632 18179232
1755185152 1476 9655632 18179232
1755185153 1477 9655632 18179232
1755185155 1477 9655632 18179232
1755185156 1478 9655760 18179232
1755185157 1478 9655760 18179232
1755185158 1479 9656144 18179232
1755185159 1479 9656144 18179232
1755185160 1479 9656528 18179232
1755185161 1479 9656656 18179232
1755185162 1476 9656656 18179232
1755185163 1476 9656656 18179232
1755185164 1476 9656912 18179232
1755185166 1477 9656912 18179232
1755185167 1477 9657040 18179232
1755185168 1477 9657040 18179232
1755185169 1477 9657168 18179232
1755185170 1478 9657168 18179232
1755185171 1478 9657424 18179232
1755185172 1475 9657424 18179232
1755185173 1476 9657552 18179232
1755185174 1476 9657680 18179232
1755185176 1477 9657680 18179232
1755185177 1477 9657680 18179232
1755185178 1478 9657808 18179232
1755185179 1478 9657936 18179232
1755185180 1479 9658320 18179232
1755185181 1479 9658576 18179232
1755185182 1480 9658832 18179232
1755185183 1477 9659088 18179232
1755185184 1478 9659216 18179232
1755185185 1478 9659344 18179232
1755185186 1479 9659472 18179232
1755185188 1479 9659600 18179232
1755185189 1479 9659728 18179232
1755185190 1480 9659728 18179232
1755185191 1480 9659728 18179232
1755185192 1480 9659728 18179232
1755185193 1480 9660240 18179232
1755185194 1480 9660624 18179232
1755185195 1478 9660752 18179232
1755185196 1478 9661136 18179232
1755185197 1478 9661136 18179232
1755185198 1478 9661136 18179232
1755185200 1479 9661264 18179232
1755185201 1479 9661520 18179232
1755185202 1479 9661776 18179232
1755185203 1479 9661776 18179232
1755185204 1479 9661904 18179232
1755185205 1480 9662032 18179232
1755185206 1480 9663056 18179232
1755185207 1481 9663440 18179232
1755185208 1478 9664720 18179232
1755185209 1478 9665488 18179232
1755185210 1477 9688292 18179232
1755185211 1477 9774340 18179232
1755185212 1477 9964848 18179232
1755185213 1476 10093872 18179232
1755185215 1476 10093872 18179232
1755185216 1474 10861940 18179232
1755185217 1472 11208112 18179232
1755185218 1472 11341232 18179232
1755185219 1472 11341232 18179232
1755185220 1471 11341232 18179232
1755185221 1469 11341232 18179232
1755185222 1469 11341232 18179232
1755185223 1469 11974248 18179232
1755185224 1466 13735528 18179232
1755185225 1464 14276200 18179232
1755185226 1461 14450320 18179232
1755185227 1456 14450320 18179232
1755185228 1454 14450320 18179232
1755185229 1452 15820432 18179232
1755185230 1451 16097424 18179232
1755185231 1452 16097424 18179232
1755185233 1452 16097424 18179232
1755185234 1452 16097424 18179232
1755185235 1453 16097424 18179232
1755185236 1453 16097424 18179232
1755185237 1453 16097424 18179232
1755185238 1452 16097424 18179232
1755185239 1452 16097424 18179232
1755185240 1452 16097424 18179232
1755185241 1450 16097424 18179232
1755185242 1450 16097424 18179232
1755185243 1451 16097424 18179232
1755185244 1451 16097424 18179232
1755185246 1452 16097424 18179232
1755185247 1451 16097424 18179232
1755185248 1449 16097552 18179232
1755185249 1450 16097552 18179232
1755185250 1450 16097552 18179232
1755185251 1451 16097552 18179232
1755185252 1451 16097552 18179232
1755185253 1451 16097552 18179232
1755185254 1449 16097552 18179232
1755185255 1449 16097552 18179232
1755185256 1449 16097552 18179232
1755185258 1450 16097552 18179232
1755185259 1450 16097552 18179232
1755185260 1451 16097552 18179232
1755185261 1451 16097552 18179232
1755185262 1451 16097552 18179232
1755185263 1451 16097552 18179232
1755185264 1452 16097552 18179232
1755185265 1449 16097552 18179232
1755185266 1450 16097552 18179232
1755185267 1450 16097552 18179232
1755185269 1451 16097552 18179232
1755185270 1451 16097552 18179232
1755185271 1451 16097552 18179232
1755185272 1451 16097552 18179232
1755185273 1452 16097552 18179232
1755185274 1452 16097552 18179232
1755185275 1453 16097552 18179232
1755185276 1451 16097552 18179232
1755185277 1451 16097552 18179232
1755185278 1452 16097552 18179232
1755185279 1452 16097552 18179232
1755185281 1453 16097552 18179232
1755185282 1453 16097552 18179232
1755185283 1453 16097552 18179232
1755185284 1454 16097552 18179232
1755185285 1454 16097552 18179232
1755185286 1454 16097552 18179232
1755185287 1454 16097552 18179232
1755185288 1452 16097552 18179232
1755185289 1452 16097552 18179232
1755185290 1453 16097552 18179232
1755185292 1453 16097552 18179232
1755185293 1454 16097552 18179232
1755185294 1454 16097552 18179232
1755185295 1454 16097552 18179232
1755185296 1455 16097552 18179232
1755185297 1455 16097552 18179232
1755185298 1453 16097552 18179232
1755185299 1453 16097552 18179232
1755185300 1453 16097552 18179232
1755185301 1454 16097552 18179232
1755185303 1454 16097552 18179232
1755185304 1454 16097552 18179232
1755185305 1454 16097552 18179232
1755185306 1455 16097552 18179232
1755185307 1455 16097552 18179232
1755185308 1456 16097552 18179232
1755185309 1454 16097552 18179232
1755185310 1454 16097552 18179232
1755185311 1455 16097552 18179232
1755185312 1455 16097552 18179232
1755185314 1455 16097552 18179232
1755185315 1456 16097552 18179232
1755185316 1456 16097552 18179232
1755185317 1456 16097552 18179232
1755185318 1456 16097552 18179232
1755185319 1456 16097552 18179232
1755185320 1456 16097552 18179232
1755185321 1457 16097552 18179232
1755185322 1455 16097552 18179232
1755185323 1455 16097552 18179232
1755185324 1456 16097552 18179232
1755185326 1456 16097552 18179232
1755185327 1456 16097552 18179232
1755185328 1457 16097552 18179232
1755185329 1457 16097552 18179232
1755185330 1457 16097552 18179232
1755185331 1458 16097552 18179232
1755185332 1458 16097552 18179232
1755185333 1456 16097552 18179232
1755185334 1456 16097552 18179232
1755185335 1457 16097552 18179232
1755185337 1457 16097552 18179232
1755185338 1457 16097552 18179232
1755185339 1457 16097552 18179232
1755185340 1458 16097552 18179232
1755185341 1458 16097552 18179232
1755185342 1458 16097552 18179232
1755185343 1459 16097552 18179232
1755185344 1457 16097552 18179232
1755185345 1457 16097552 18179232
1755185346 1457 16097552 18179232
1755185347 1458 16097552 18179232
1755185349 1458 16097552 18179232
1755185350 1458 16097552 18179232
1755185351 1458 16097552 18179232
1755185352 1458 16097552 18179232
1755185353 1459 16097552 18179232
1755185354 1459 16097552 18179232
1755185355 1457 16097552 18179232
1755185356 1458 16097552 18179232
1755185357 1458 16097552 18179232
1755185359 1458 16097552 18179232
1755185360 1459 16097552 18179232
1755185361 1459 16097552 18179232
1755185362 1460 16097552 18179232
1755185363 1460 16097552 18179232
1755185364 1460 16097552 18179232
1755185365 1460 16097552 18179232
1755185366 1458 16097552 18179232
1755185367 1459 16097552 18179232
1755185368 1459 16097552 18179232
1755185370 1459 16097552 18179232
1755185371 1460 16097552 18179232
1755185372 1460 16097552 18179232
1755185373 1460 16097552 18179232
1755185374 1460 16097552 18179232
1755185375 1461 16097552 18179232
1755185376 1461 16097552 18179232
1755185377 1459 16097552 18179232
1755185378 1459 16097552 18179232
1755185379 1459 16097552 18179232
1755185380 1460 16097552 18179232
1755185382 1460 16097552 18179232
1755185383 1460 16097552 18179232
1755185384 1460 16097552 18179232
1755185385 1461 16097552 18179232
1755185386 1461 16097552 18179232
1755185387 1461 16097552 18179232
1755185388 1462 16097552 18179232
1755185389 1460 16097552 18179232
1755185390 1460 16097552 18179232
1755185392 1461 16097552 18179232
1755185393 1461 16097552 18179232
1755185394 1461 16097552 18179232
1755185395 1462 16097552 18179232
1755185396 1462 16097552 18179232
1755185397 1462 9409352 11032760
1755185398 1461 9741256 11032760
1755185399 1461 9741256 11032760
1755185400 1461 9741256 11032760
1755185402 1461 9741256 11032760
1755185403 1461 9741256 11032760
1755185404 1462 9741256 11032760
1755185405 1462 9741256 11032760
1755185406 1462 9741256 11032760
1755185407 1463 9741256 11032760
1755185408 1463 9741256 11032760
1755185409 1461 9741256 11032760
1755185410 1461 9741256 11032760
1755185411 1461 9741256 11032760
1755185413 1461 9741256 11032760
1755185414 1461 9741256 11032760
1755185415 1461 9741256 11032760
1755185416 1462 9741256 11032760
1755185417 1462 9741256 11032760
1755185418 1462 9741256 11032760
1755185419 1463 9741256 11032760
1755185420 1461 9741256 11032760
1755185421 1461 9741256 11032760
1755185422 1461 7348580 8640180
1755185423 1461 7348580 8640180
1755185425 1462 7348580 8640180
1755185426 1462 7348580 8640180
1755185427 1462 7348580 8640180
1755185428 1463 7348580 8640180
1755185429 1463 7348580 8640180
1755185430 1463 7348580 8640180
1755185431 1462 7348580 8640180
1755185432 1462 7348580 8640180
1755185433 1462 7348580 8640180
1755185435 1462 7348580 8640180
1755185436 1463 7348580 8640180
1755185437 1463 7348580 8640180
1755185438 1463 7348580 8640180
1755185439 1464 7348580 8640180
1755185440 1464 7348580 8640180
1755185441 1463 7348580 8640180
1755185442 1462 7348580 8640180
1755185443 1461 7348580 8640180
1755185444 1461 7348580 8640180
1755185445 1462 7348580 8640180
1755185446 1462 8058100 13425340
1755185448 1460 11286780 15817920
1755185449 1458 7756688 11630912
