1759767421  0.0 16640 676452
1759767422  215 1290464 3084060
1759767423  159 2776428 5476640
1759767424  140 4815980 5476640
1759767425  130 4289124 5476640
1759767426  125 3105260 22227020
1759767427  121 4816876 22227020
1759767428  141 4817900 22259788
1759767429  302 4820972 22259788
1759767430  431 4824172 22259788
1759767431  537 4830444 22260360
1759767433  628 4830444 22260360
1759767434  711 4830444 22260360
1759767435  778 4830444 22260360
1759767436  833 4830444 22260360
1759767437  879 4830444 22260360
1759767438  916 4830444 22260360
1759767439  955 4830444 22260360
1759767440  984 4830444 22260360
1759767441  964 4830444 22260360
1759767442  989 4830444 22260360
1759767443 1013 4830444 22260360
1759767445 1039 4830572 22260360
1759767446 1066 4830572 22260360
1759767447 1089 4830572 22260360
1759767448 1111 4830572 22260360
1759767449 1130 4830572 22260360
1759767450 1151 4830572 22260360
1759767451 1169 4830700 22260360
1759767452 1149 4830700 22260360
1759767453 1166 4830700 22260360
1759767454 1183 4830700 22260360
1759767456 1196 4830700 22260360
1759767457 1210 4830700 22260360
1759767458 1224 4830700 22260360
1759767459 1236 4830700 22260360
1759767460 1248 4830700 22260360
1759767461 1259 4830700 22260360
1759767462 1269 4830828 22260360
1759767463 1248 4830828 22260360
1759767464 1256 4830828 22260360
1759767465 1263 4830828 22260360
1759767466 1271 4830828 22260360
1759767468 1281 4830956 22260360
1759767469 1290 4830956 22260360
1759767470 1295 4830956 22260360
1759767471 1296 4830956 22260360
1759767472 1298 4830956 22260360
1759767473 1302 4830956 22260360
1759767474 1308 4830956 22260360
1759767475 1289 4830956 22260360
1759767476 1296 4830956 22260360
1759767477 1303 4830956 22260360
1759767479 1309 4830956 22260360
1759767480 1315 4830956 22260360
1759767481 1322 4831596 22260360
1759767482 1328 4831596 22260360
1759767483 1335 4831596 22260360
1759767484 1341 4831596 22260360
1759767485 1347 4831852 22260360
1759767486 1331 4831852 22260360
1759767487 1335 4831852 22260360
1759767488 1339 4831852 22260360
1759767489 1344 4831852 22260360
1759767491 1349 4831980 22260360
1759767492 1354 4831980 22260360
1759767493 1360 4831980 22260360
1759767494 1365 4831980 22260360
1759767495 1370 4831980 22260360
1759767496 1375 4831980 22260360
1759767497 1360 4831980 22260360
1759767498 1363 4831980 22260360
1759767499 1365 4831980 22260360
1759767500 1367 4831980 22260360
1759767502 1370 4832108 22260360
1759767503 1372 4832108 22260360
1759767504 1373 4832108 22260360
1759767505 1374 4832108 22260360
1759767506 1375 4832108 22260360
1759767507 1377 4832108 22260360
1759767508 1365 4832108 22260360
1759767509 1369 4832108 22260360
1759767510 1372 4832108 22260360
1759767511 1376 4832108 22260360
1759767513 1380 4832108 22260360
1759767514 1384 4832108 22260360
1759767515 1387 4832108 22260360
1759767516 1391 4832108 22260360
1759767517 1393 4832108 22260360
1759767518 1396 4832108 22260360
1759767519 1384 4832108 22260360
1759767520 1388 4832108 22260360
1759767521 1391 4832108 22260360
1759767522 1394 4832108 22260360
1759767524 1397 4832236 22260360
1759767525 1401 4832236 22260360
1759767526 1404 4832236 22260360
1759767527 1407 4832236 22260360
1759767528 1409 4832236 22260360
1759767529 1412 4832236 22260360
1759767530 1402 4832236 22260360
1759767531 1404 4832236 22260360
1759767532 1406 4832236 22260360
1759767533 1406 4832364 22260360
1759767535 1405 4832364 22260360
1759767536 1405 4832364 22260360
1759767537 1406 4832364 22260360
1759767538 1408 4832364 22260360
1759767539 1409 4832364 22260360
1759767540 1410 4832364 22260360
1759767541 1412 4832364 22260360
1759767542 1403 4832364 22260360
1759767543 1405 4832364 22260360
1759767544 1407 4832364 22260360
1759767546 1410 4832492 22260360
1759767547 1412 4832492 22260360
1759767548 1414 4832492 22260360
1759767549 1416 4832492 22260360
1759767550 1417 4832620 22260360
1759767551 1420 4832620 22260360
1759767552 1422 4832620 22260360
1759767553 1413 4832620 22260360
1759767554 1415 4832620 22260360
1759767555 1418 4832620 22260360
1759767556 1420 4832620 22260360
1759767558 1422 4832620 22260360
1759767559 1423 4832620 22260360
1759767560 1426 4832620 22260360
1759767561 1428 4832620 22260360
1759767562 1430 4832620 22260360
1759767563 1432 4832620 22260360
1759767564 1432 4832748 22260360
1759767565 1423 4832748 22260360
1759767566 1423 4832748 22260360
1759767567 1423 4832748 22260360
1759767569 1424 4832748 22260360
1759767570 1424 4832748 22260360
1759767571 1426 4832748 22260360
1759767572 1427 4832748 22260360
1759767573 1428 4832748 22260360
1759767574 1429 4832748 22260360
1759767575 1431 4832748 22260360
1759767576 1423 4833004 22260360
1759767577 1425 4833004 22260360
1759767578 1426 4833004 22260360
1759767579 1427 4833004 22260360
1759767581 1429 4833004 22260360
1759767582 1431 4833004 22260360
1759767583 1433 4833004 22260360
1759767584 1435 4833004 22260360
1759767585 1436 4833260 22260360
1759767586 1438 4833260 22260360
1759767587 1431 4833260 22260360
1759767588 1433 4833260 22260360
1759767589 1434 4833388 22260360
1759767591 1436 4833388 22260360
1759767592 1438 4833388 22260360
1759767593 1439 4833388 22260360
1759767594 1441 4833644 22260360
1759767595 1441 4833644 22260360
1759767596 1442 4833644 22260360
1759767597 1442 4833644 22260360
1759767598 1442 4833644 22260360
1759767599 1435 4833644 22260360
1759767600 1436 4833772 22260360
1759767601 1437 4833772 22260360
1759767602 1437 4833772 22260360
1759767604 1438 4833772 22260360
1759767605 1439 4834028 22260360
1759767606 1440 4834028 22260360
1759767607 1441 4834028 22260360
1759767608 1441 4834028 22260360
1759767609 1442 4834028 22260360
1759767610 1443 4834028 22260360
1759767611 1436 4834028 22260360
1759767612 1438 4834028 22260360
1759767613 1439 4834028 22260360
1759767615 1441 4834028 22260360
1759767616 1442 4834028 22260360
1759767617 1443 4834028 22260360
1759767618 1444 4834028 22260360
1759767619 1446 4834156 22260360
1759767620 1447 4834156 22260360
1759767621 1449 4834156 22260360
1759767622 1450 4834156 22260360
1759767623 1444 4834156 22260360
1759767624 1445 4834156 22260360
1759767625 1446 4834284 22260360
1759767627 1446 4834284 22260360
1759767628 1447 4834412 22260360
1759767629 1447 4834412 22260360
1759767630 1448 4834412 22260360
1759767631 1449 4834412 22260360
1759767632 1450 4834412 22260360
1759767633 1451 4834412 22260360
1759767634 1445 4834412 22260360
1759767635 1447 4834412 22260360
1759767636 1448 4834412 22260360
1759767638 1448 4834412 22260360
1759767639 1449 4834412 22260360
1759767640 1449 4834412 22260360
1759767641 1450 4834412 22260360
1759767642 1450 4834412 22260360
1759767643 1450 4834412 22260360
1759767644 1451 4834412 22260360
1759767645 1446 4834412 22260360
1759767646 1447 4834412 22260360
1759767647 1448 4834412 22260360
1759767648 1449 4834412 22260360
1759767650 1450 4834412 22260360
1759767651 1451 4834540 22260360
1759767652 1453 4834540 22260360
1759767653 1454 4834540 22260360
1759767654 1455 4834668 22260360
1759767655 1456 4834668 22260360
1759767656 1456 4834668 22260360
1759767657 1450 4834668 22260360
1759767658 1451 4834924 22260360
1759767659 1451 4834924 22260360
1759767661 1451 4834924 22260360
1759767662 1452 4834924 22260360
1759767663 1452 4834924 22260360
1759767664 1453 4835052 22260360
1759767665 1454 4835052 22260360
1759767666 1455 4835052 22260360
1759767667 1456 4835052 22260360
1759767668 1457 4835052 22260360
1759767669 1453 4835052 22260360
1759767670 1454 4835052 22260360
1759767671 1454 4835052 22260360
1759767673 1455 4835052 22260360
1759767674 1455 4835052 22260360
1759767675 1455 4835052 22260360
1759767676 1456 4835180 22260360
1759767677 1456 4835180 22260360
1759767678 1457 4835180 22260360
1759767679 1457 4835180 22260360
1759767680 1453 4835180 22260360
1759767681 1453 4835180 22260360
1759767682 1454 4835180 22260360
1759767683 1455 4835436 22260360
1759767685 1456 4835436 22260360
1759767686 1457 4835436 22260360
1759767687 1458 4835436 22260360
1759767688 1458 4835564 22260360
1759767689 1458 4835564 22260360
1759767690 1459 4835564 22260360
1759767691 1459 4835564 22260360
1759767692 1459 4835820 22260360
1759767693 1455 4835820 22260360
1759767694 1456 4835820 22260360
1759767695 1457 4835820 22260360
1759767697 1458 4835948 22260360
1759767698 1458 4835948 22260360
1759767699 1459 4835948 22260360
1759767700 1460 4835948 22260360
1759767701 1461 4835948 22260360
1759767702 1462 4835948 22260360
1759767703 1458 4836076 22260360
1759767704 1459 4836076 22260360
1759767705 1459 4836076 22260360
1759767706 1459 4836076 22260360
1759767708 1460 4836332 22260360
1759767709 1460 4836332 22260360
1759767710 1460 4836332 22260360
1759767711 1461 4836332 22260360
1759767712 1461 4836332 22260360
1759767713 1462 4836332 22260360
1759767714 1463 4836332 22260360
1759767715 1458 4836332 22260360
1759767716 1459 4836332 22260360
1759767717 1460 4836332 22260360
1759767719 1460 4836332 22260360
1759767720 1461 4836332 22260360
1759767721 1461 4836332 22260360
1759767722 1461 4836332 22260360
1759767723 1461 4836460 22260360
1759767724 1462 4836460 22260360
1759767725 1462 4836460 22260360
1759767726 1459 4836460 22260360
1759767727 1460 4836460 22260360
1759767728 1460 4836460 22260360
1759767730 1461 4836460 22260360
1759767731 1462 4836460 22260360
1759767732 1463 4836460 22260360
1759767733 1463 4836460 22260360
1759767734 1464 4836460 22260360
1759767735 1465 4836460 22260360
1759767736 1465 4836460 22260360
1759767737 1461 4836588 22260360
1759767738 1462 4836588 22260360
1759767739 1463 4836588 22260360
1759767740 1463 4836588 22260360
1759767742 1464 4836588 22260360
1759767743 1464 4836588 22260360
1759767744 1464 4836844 22260360
1759767745 1465 4836844 22260360
1759767746 1465 4836844 22260360
1759767747 1465 4836844 22260360
1759767748 1466 4837100 22260360
1759767749 1462 4837100 22260360
1759767750 1462 4837100 22260360
1759767751 1462 4837100 22260360
1759767752 1462 4837228 22260360
1759767754 1463 4837228 22260360
1759767755 1463 4837356 22260360
1759767756 1464 4837356 22260360
1759767757 1465 4837356 22260360
1759767758 1465 4837356 22260360
1759767759 1466 4837484 22260360
1759767760 1463 4837484 22260360
1759767761 1463 4837484 22260360
1759767762 1464 4837612 22260360
1759767764 1465 4837612 22260360
1759767765 1466 4837740 22260360
1759767766 1466 4837740 22260360
1759767767 1467 4837740 22260360
1759767768 1467 4837740 22260360
1759767769 1468 4837740 22260360
1759767770 1469 4837740 22260360
1759767771 1465 4837996 22260360
1759767772 1466 4837996 22260360
1759767773 1467 4837996 22260360
1759767775 1467 4837996 22260360
1759767776 1468 4837996 22260360
1759767777 1468 4837996 22260360
1759767778 1468 4838124 22260360
1759767779 1468 4838124 22260360
1759767780 1468 4838124 22260360
1759767781 1468 4838124 22260360
1759767782 1464 4838124 22260360
1759767783 1464 4838124 22260360
1759767784 1464 4838124 22260360
1759767785 1465 4838380 22260360
1759767787 1465 4838380 22260360
1759767788 1466 4838380 22260360
1759767789 1467 4838380 22260360
1759767790 1467 4838380 22260360
1759767791 1468 4838508 22260360
1759767792 1469 4838508 22260360
1759767793 1469 4838508 22260360
1759767794 1466 4838636 22260360
1759767795 1467 4838636 22260360
1759767796 1467 4838636 22260360
1759767798 1468 4838636 22260360
1759767799 1468 4838636 22260360
1759767800 1469 4838636 22260360
1759767801 1469 4838636 22260360
1759767802 1470 4838636 22260360
1759767803 1471 4838636 22260360
1759767804 1468 4838636 22260360
1759767805 1468 4838636 22260360
1759767806 1469 4838636 22260360
1759767808 1470 4838764 22260360
1759767809 1471 4838764 22260360
1759767810 1471 4838764 22260360
1759767811 1471 4839020 22260360
1759767812 1471 4839020 22260360
1759767813 1471 4839020 22260360
1759767814 1467 4839276 22260360
1759767815 1467 4839276 22260360
1759767816 1467 4839276 22260360
1759767817 1467 4839404 22260360
1759767819 1468 4839404 22260360
1759767820 1468 4839404 22260360
1759767821 1469 4839404 22260360
1759767822 1470 4839404 22260360
1759767823 1470 4839404 22260360
1759767824 1471 4839404 22260360
1759767825 1468 4839660 22260360
1759767826 1469 4839660 22260360
1759767827 1469 4839660 22260360
1759767829 1470 4839788 22260360
1759767830 1470 4839788 22260360
1759767831 1471 4839788 22260360
1759767832 1471 4839788 22260360
1759767833 1472 4839916 22260360
1759767834 1472 4839916 22260360
1759767835 1473 4839916 22260360
1759767836 1470 4839916 22260360
1759767837 1470 4839916 22260360
1759767838 1471 4840044 22260360
1759767839 1471 4840044 22260360
1759767841 1472 4840172 22260360
1759767842 1473 4840172 22260360
1759767843 1473 4840300 22260360
1759767844 1473 4840300 22260360
1759767845 1473 4840300 22260360
1759767846 1473 4840300 22260360
1759767847 1472 4840556 22260360
1759767848 1469 4840556 22260360
1759767849 1469 4840684 22260360
1759767850 1469 4840684 22260360
1759767851 1470 4840684 22260360
1759767853 1470 4840684 22260360
1759767854 1471 4840684 22260360
1759767855 1471 4840684 22260360
1759767856 1472 4840684 22260360
1759767857 1473 4840684 22260360
1759767858 1473 4840684 22260360
1759767859 1474 4840684 22260360
1759767860 1471 4840684 22260360
1759767861 1471 4840940 22260360
1759767862 1471 4840940 22260360
1759767864 1472 4840940 22260360
1759767865 1473 4840940 22260360
1759767866 1473 4841196 22260360
1759767867 1474 4841196 22260360
1759767868 1474 4841324 22260360
1759767869 1475 4841324 22260360
1759767870 1475 4841452 22260360
1759767871 1472 4841452 22260360
1759767872 1473 4841452 22260360
1759767873 1473 4841452 22260360
1759767875 1473 4841452 22260360
1759767876 1473 4841452 22260360
1759767877 1474 4841580 22260360
1759767878 1474 4841580 22260360
1759767879 1474 4841580 22260360
1759767880 1474 4841836 22260360
1759767881 1474 4841836 22260360
1759767882 1471 4841964 22260360
1759767883 1471 4841964 22260360
1759767884 1472 4842092 22260360
1759767886 1472 4842092 22260360
1759767887 1473 4842092 22260360
1759767888 1473 4842092 22260360
1759767889 1474 4842348 22260360
1759767890 1474 4842348 22260360
1759767891 1475 4842348 22260360
1759767892 1475 4842348 22260360
1759767893 1472 4842348 22260360
1759767894 1473 4842476 22260360
1759767895 1473 4842476 22260360
1759767897 1474 4842476 22260360
1759767898 1474 4842604 22260360
1759767899 1475 4842604 22260360
1759767900 1475 4842732 22260360
1759767901 1475 4842732 22260360
1759767902 1476 4842732 22260360
1759767903 1476 4842988 22260360
1759767904 1474 4842988 22260360
1759767905 1474 4842988 22260360
1759767906 1474 4842988 22260360
1759767907 1474 4843116 22260360
1759767909 1474 4843116 22260360
1759767910 1475 4843244 22260360
1759767911 1475 4843244 22260360
1759767912 1476 4843372 22260360
1759767913 1476 4843372 22260360
1759767914 1476 4843372 22260360
1759767915 1476 4843500 22260360
1759767916 1473 4843500 22260360
1759767917 1473 4843500 22260360
1759767918 1474 4843500 22260360
1759767919 1474 4843884 22260360
1759767921 1475 4843884 22260360
1759767922 1475 4843884 22260360
1759767923 1475 4843884 22260360
1759767924 1476 4843884 22260360
1759767925 1476 4843884 22260360
1759767926 1477 4844140 22260360
1759767927 1477 4844140 22260360
1759767928 1474 4844140 22260360
1759767929 1475 4844140 22260360
1759767930 1475 4844268 22260360
1759767932 1476 4844652 22260360
1759767933 1476 4844652 22260360
1759767934 1477 4844652 22260360
1759767935 1477 4844780 22260360
1759767936 1478 4844908 22260360
1759767937 1477 4845036 22260360
1759767938 1478 4845036 22260360
1759767939 1478 4845036 22260360
1759767940 1475 4845036 22260360
1759767941 1475 4845164 22260360
1759767942 1476 4845164 22260360
1759767943 1476 4845164 22260360
1759767945 1476 4845164 22260360
1759767946 1477 4845420 22260360
1759767947 1477 4845548 22260360
1759767948 1478 4845548 22260360
1759767949 1478 4845548 22260360
1759767950 1478 4845548 22260360
1759767951 1478 4845804 22260360
1759767952 1475 4845804 22260360
1759767953 1475 4846060 22260360
1759767954 1476 4846060 22260360
1759767956 1476 4846188 22260360
1759767957 1477 4846188 22260360
1759767958 1477 4846316 22260360
1759767959 1477 4846316 22260360
1759767960 1478 4846444 22260360
1759767961 1478 4846444 22260360
1759767962 1478 4846572 22260360
1759767963 1476 4846572 22260360
1759767964 1477 4846956 22260360
1759767965 1477 4846956 22260360
1759767966 1478 4847212 22260360
1759767968 1478 4847212 22260360
1759767969 1478 4847212 22260360
1759767970 1478 4847212 22260360
1759767971 1478 4847468 22260360
1759767972 1478 4847468 22260360
1759767973 1479 4847596 22260360
1759767974 1479 4847724 22260360
1759767975 1477 4847852 22260360
1759767976 1477 4848364 22260360
1759767977 1477 4848364 22260360
1759767978 1478 4848364 22260360
1759767980 1478 4848364 22260360
1759767981 1478 4848492 22260360
1759767982 1479 4848748 22260360
1759767983 1479 4849004 22260360
1759767984 1479 4849004 22260360
1759767985 1479 4849004 22260360
1759767986 1480 4849132 22260360
1759767987 1477 4849132 22260360
1759767988 1477 4849516 22260360
1759767989 1478 4849644 22260360
1759767991 1478 4849772 22260360
1759767992 1478 4850284 22260360
1759767993 1479 4850412 22260360
1759767994 1479 4850412 22260360
1759767995 1479 4850540 22260360
1759767996 1480 4850924 22260360
1759767997 1480 4851180 22260360
1759767998 1481 4851564 22260360
1759767999 1478 4851948 22260360
1759768000 1478 4851948 22260360
1759768001 1478 4852204 22260360
1759768002 1478 4852460 22260360
1759768004 1479 4852460 22260360
1759768005 1479 4852844 22260360
1759768006 1479 4853612 22260360
1759768007 1480 4853996 22260360
1759768008 1480 4854892 22260360
1759768009 1478 7247724 22260360
1759768010 1476 9640428 22260360
1759768011 1476 9661164 22260360
1759768012 1476 9746924 22260360
1759768013 1475 9778284 22260360
1759768014 1474 10067564 22260360
1759768015 1470 10067564 22260360
1759768016 1469 10067564 22260360
1759768017 1467 10067564 22260360
1759768018 1466 10229740 22260360
1759768019 1464 10503276 22260360
1759768020 1462 10834284 22260360
1759768021 1459 10834284 22260360
1759768023 1457 10834284 22260360
1759768024 1456 11313772 22260360
1759768025 1456 11315948 22260360
1759768026 1456 11315948 22260360
1759768027 1453 11315948 22260360
1759768028 1451 11315948 22260360
1759768029 1449 11315948 22260360
1759768030 1447 11315948 22260360
1759768031 1447 11315948 22260360
1759768032 1447 11315948 22260360
1759768033 1446 11469420 22260360
1759768034 1444 11713260 22260360
1759768035 1441 11954028 22260360
1759768036 1439 12179052 22260360
1759768037 1437 12408428 22260360
1759768038 1435 12641900 22260360
1759768039 1433 12875372 22260360
1759768040 1431 13149804 22260360
1759768041 1426 13592428 22260360
1759768042 1424 14027116 22260360
1759768043 1422 14418284 22260360
1759768044 1420 14426220 22260360
1759768045 1418 14426220 22260360
1759768046 1416 14426220 22260360
1759768047 1414 14426220 22260360
1759768048 1411 14426220 22260360
1759768049 1409 14426220 22260360
1759768050 1407 14426220 22260360
1759768051 1405 14550380 22260360
1759768052 1403 15905644 22260360
1759768054 1403 16071788 22260360
1759768055 1404 16071788 22260360
1759768056 1404 16071788 22260360
1759768057 1405 16071788 22260360
1759768058 1405 16071788 22260360
1759768059 1406 16071788 22260360
1759768060 1406 16071788 22260360
1759768061 1405 16071788 22260360
1759768062 1401 16071788 22260360
1759768063 1399 16071788 22260360
1759768064 1398 16071788 22260360
1759768065 1399 16071788 22260360
1759768066 1399 16071788 22260360
1759768068 1400 16071788 22260360
1759768069 1400 16071788 22260360
1759768070 1400 16071788 22260360
1759768071 1401 16071788 22260360
1759768072 1401 16071788 22260360
1759768073 1399 16071788 22260360
1759768074 1397 16071788 22260360
1759768075 1395 16071788 22260360
1759768076 1394 16071916 22260360
1759768077 1394 16071916 22260360
1759768078 1393 16071916 22260360
1759768079 1393 16071916 22260360
1759768080 1393 16071916 22260360
1759768081 1394 16071916 22260360
1759768083 1394 16071916 22260360
1759768084 1394 16071916 22260360
1759768085 1394 16071916 22260360
1759768086 1394 16071916 22260360
1759768087 1395 16071916 22260360
1759768088 1395 16071916 22260360
1759768089 1396 16071916 22260360
1759768090 1396 16071916 22260360
1759768091 1395 16071916 22260360
1759768092 1395 16071916 22260360
1759768093 1395 16071916 22260360
1759768094 1395 16071916 22260360
1759768096 1395 16071916 22260360
1759768097 1396 16071916 22260360
1759768098 1396 16071916 22260360
1759768099 1397 16071916 22260360
1759768100 1397 16071916 22260360
1759768101 1398 16071916 22260360
1759768102 1398 16071916 22260360
1759768103 1398 16071916 22260360
1759768104 1397 16071916 22260360
1759768105 1397 16071916 22260360
1759768106 1398 16071916 22260360
1759768107 1398 16071916 22260360
1759768109 1399 16071916 22260360
1759768110 1399 16071916 22260360
1759768111 1399 16071916 22260360
1759768112 1400 16071916 22260360
1759768113 1400 16071916 22260360
1759768114 1400 16071916 22260360
1759768115 1401 16071916 22260360
1759768116 1401 16071916 22260360
1759768117 1399 16071916 22260360
1759768118 1399 16071916 22260360
1759768119 1399 16071916 22260360
1759768120 1400 16071916 22260360
1759768122 1400 16071916 22260360
1759768123 1401 16071916 22260360
1759768124 1401 16071916 22260360
1759768125 1401 16071916 22260360
1759768126 1401 16071916 22260360
1759768127 1401 16071916 22260360
1759768128 1402 16071916 22260360
1759768129 1402 16071916 22260360
1759768130 1401 16071916 22260360
1759768131 1401 16071916 22260360
1759768132 1401 16071916 22260360
1759768133 1402 16071916 22260360
1759768135 1402 16071916 22260360
1759768136 1403 16071916 22260360
1759768137 1403 16071916 22260360
1759768138 1403 16071916 22260360
1759768139 1404 16071916 22260360
1759768140 1404 16071916 22260360
1759768141 1405 16071916 22260360
1759768142 1403 16071916 22260360
1759768143 1403 16071916 22260360
1759768144 1404 16071916 22260360
1759768145 1404 16071916 22260360
1759768147 1404 16071916 22260360
1759768148 1405 16071916 22260360
1759768149 1405 16071916 22260360
1759768150 1405 16071916 22260360
1759768151 1406 16071916 22260360
1759768152 1406 16071916 22260360
1759768153 1406 16071916 22260360
1759768154 1404 16071916 22260360
1759768155 1404 16071916 22260360
1759768156 1404 16071916 22260360
1759768157 1405 16071916 22260360
1759768159 1405 16071916 22260360
1759768160 1405 16071916 22260360
1759768161 1406 16071916 22260360
1759768162 1406 16071916 22260360
1759768163 1406 16071916 22260360
1759768164 1407 16071916 22260360
1759768165 1407 16071916 22260360
1759768166 1408 16071916 22260360
1759768167 1406 16071916 22260360
1759768168 1407 16071916 22260360
1759768169 1407 16071916 22260360
1759768171 1407 16071916 22260360
1759768172 1408 16071916 22260360
1759768173 1408 16071916 22260360
1759768174 1409 16071916 22260360
1759768175 1409 16071916 22260360
1759768176 1409 16071916 22260360
1759768177 1409 16071916 22260360
1759768178 1408 16071916 22260360
1759768179 1408 16071916 22260360
1759768180 1409 16071916 22260360
1759768181 1409 16071916 22260360
1759768183 1409 16071916 22260360
1759768184 1410 16071916 22260360
1759768185 1410 16071916 22260360
1759768186 1410 16071916 22260360
1759768187 1410 16071916 22260360
1759768188 1410 16071916 22260360
1759768189 1410 16071916 22260360
1759768190 1410 16071916 22260360
1759768191 1409 16071916 22260360
1759768192 1409 16071916 22260360
1759768193 1410 16071916 22260360
1759768195 1410 16071916 22260360
1759768196 1410 16071916 22260360
1759768197 1411 16071916 22260360
1759768198 1411 16071916 22260360
1759768199 1411 16071916 22260360
1759768200 1412 16071916 22260360
1759768201 1412 16071916 22260360
1759768202 1412 16071916 22260360
1759768203 1411 16071916 22260360
1759768204 1411 16071916 22260360
1759768205 1412 16071916 22260360
1759768207 1412 16071916 22260360
1759768208 1412 16071916 22260360
1759768209 1413 16071916 22260360
1759768210 1413 16071916 22260360
1759768211 1413 16071916 22260360
1759768212 1414 16071916 22260360
1759768213 1414 16071916 22260360
1759768214 1413 16071916 22260360
1759768215 1413 16071916 22260360
1759768216 1413 16071916 22260360
1759768217 1413 16071916 22260360
1759768219 1413 16071916 22260360
1759768220 1413 16071916 22260360
1759768221 1413 16071916 22260360
1759768222 1413 16071916 22260360
1759768223 1414 16071916 22260360
1759768224 1414 16071916 22260360
1759768225 1414 16071916 22260360
1759768226 1413 16071916 22260360
1759768227 1413 16071916 22260360
1759768228 1414 16071916 22260360
1759768230 1414 16071916 22260360
1759768231 1415 16071916 22260360
1759768232 1415 16071916 22260360
1759768233 1415 16071916 22260360
1759768234 1416 16071916 22260360
1759768235 1416 16071916 22260360
1759768236 1416 16071916 22260360
1759768237 1415 16071916 22260360
1759768238 1415 16071916 22260360
1759768239 1415 16071916 22260360
1759768240 1415 18464056 22260360
1759768241 1413 18464312 22260360
1759768242 1412 19429332 22260360
1759768244 1410 20856276 22260360
1759768245 1409 8194116 12687996
1759768246 1409 9734300 12687996
1759768247 1410 9734300 12687996
1759768248 1410 9734300 12687996
1759768249 1410 9734300 12687996
1759768250 1410 9734300 12687996
1759768251 1410 9734300 12687996
1759768252 1408 9734300 12687996
1759768253 1408 9734300 12687996
1759768254 1409 9734300 12687996
1759768255 1409 9734300 12687996
1759768257 1409 9734300 12687996
1759768258 1410 9734300 12687996
1759768259 1410 9734300 12687996
1759768260 1410 9734300 12687996
1759768261 1411 9734300 12687996
1759768262 1411 9734300 12687996
1759768263 1411 9734300 12687996
1759768264 1410 9734300 12687996
1759768265 1410 9734300 12687996
1759768266 1411 10834068 15080576
1759768268 1411 12126868 15080576
1759768269 1411 12126868 15080576
1759768270 1411 12126868 15080576
1759768271 1412 12126868 15080576
1759768272 1412 12126868 15080576
1759768273 1412 12126868 15080576
1759768274 1413 12126868 15080576
1759768275 1411 12126868 15080576
1759768276 1412 12126868 15080576
1759768277 1412 12126868 15080576
1759768279 1413 12126868 15080576
1759768280 1413 12126868 15080576
1759768281 1413 12126868 15080576
1759768282 1413 12126868 15080576
1759768283 1413 12126868 15080576
1759768284 1413 12126868 15080576
1759768285 1413 12126868 15080576
1759768286 1413 12126868 15080576
1759768287 1412 12126868 15080576
1759768288 1412 12126868 15080576
1759768289 1412 12126868 15080576
1759768290 1413 12126868 15080576
1759768292 1413 7272712 7902836
1759768293 1413 7272712 7902836
1759768294 1414 7272712 7902836
1759768295 1414 7272712 7902836
1759768296 1414 7272712 7902836
1759768297 1414 7272712 7902836
1759768298 1415 7272712 7902836
1759768299 1413 7272712 7902836
1759768300 1414 7272712 7902836
1759768301 1414 7272712 7902836
1759768303 1414 7272712 7902836
1759768304 1415 7272712 7902836
1759768305 1415 7272712 7902836
1759768306 1415 7272712 7902836
1759768307 1416 7272712 7902836
1759768308 1416 7272712 7902836
1759768309 1416 7272712 7902836
1759768310 1415 7272712 7902836
1759768311 1415 7272712 7902836
1759768312 1415 7272712 7902836
1759768314 1415 7272712 7902836
1759768315 1415 7719560 12687996
1759768316 1414 11175568 15080576
