1755178428  0.0 15872 675388
1755178429  315 1147728 2616804
1755178430  209 1941460 3837680
1755178431  173 2722228 5058384
1755178432  235 4940796 9975044
1755178434  519 4945612 9975044
1755178435  717 4949580 9975592
1755178436  867 4949580 9975592
1755178437  963 4949580 9975592
1755178438 1046 4949580 9975592
1755178439 1105 4949580 9975592
1755178440 1162 4949708 9975592
1755178441 1116 4949708 9975592
1755178442 1154 4949708 9975592
1755178443 1196 4949708 9975592
1755178445 1232 4949836 9975592
1755178446 1263 4949836 9975592
1755178447 1288 4949836 9975592
1755178448 1307 4949836 9975592
1755178449 1326 4949836 9975592
1755178450 1285 4949964 9975592
1755178451 1304 4949964 9975592
1755178452 1321 4949964 9975592
1755178454 1339 4949964 9975592
1755178455 1352 4949964 9975592
1755178456 1364 4949964 9975592
1755178457 1372 4949964 9975592
1755178458 1381 4949964 9975592
1755178459 1386 4949964 9975592
1755178460 1393 4949964 9975592
1755178461 1352 4949964 9975592
1755178462 1358 4949964 9975592
1755178464 1361 4949964 9975592
1755178465 1366 4949964 9975592
1755178466 1375 4950092 9975592
1755178467 1385 4950092 9975592
1755178468 1393 4950092 9975592
1755178469 1398 4950092 9975592
1755178470 1405 4950220 9975592
1755178471 1380 4950220 9975592
1755178472 1388 4950220 9975592
1755178473 1394 4950220 9975592
1755178475 1402 4950220 9975592
1755178476 1410 4950220 9975592
1755178477 1418 4950220 9975592
1755178478 1425 4950220 9975592
1755178479 1429 4950220 9975592
1755178480 1408 4950220 9975592
1755178481 1414 4950220 9975592
1755178482 1419 4950220 9975592
1755178484 1425 4950220 9975592
1755178485 1430 4950348 9975592
1755178486 1435 4950476 9975592
1755178487 1441 4950476 9975592
1755178488 1446 4950732 9975592
1755178489 1451 4950732 9975592
1755178490 1431 4950732 9975592
1755178491 1433 4951244 9975592
1755178492 1434 4951244 9975592
1755178493 1433 4951628 9975592
1755178495 1433 4951628 9975592
1755178496 1433 4951628 9975592
1755178497 1434 4951628 9975592
1755178498 1436 4951628 9975592
1755178499 1440 4951884 9975592
1755178500 1443 4951884 9975592
1755178501 1428 4952012 9975592
1755178502 1432 4952012 9975592
1755178503 1435 4952012 9975592
1755178505 1439 4952012 9975592
1755178506 1442 4952012 9975592
1755178507 1446 4952012 9975592
1755178508 1450 4952012 9975592
1755178509 1454 4952140 9975592
1755178510 1458 4952140 9975592
1755178511 1442 4952140 9975592
1755178512 1445 4952140 9975592
1755178513 1449 4952140 9975592
1755178515 1452 4952140 9975592
1755178516 1455 4952140 9975592
1755178517 1459 4952268 9975592
1755178518 1462 4952268 9975592
1755178519 1465 4952268 9975592
1755178520 1468 4952268 9975592
1755178521 1455 4952268 9975592
1755178522 1458 4952268 9975592
1755178523 1461 4952268 9975592
1755178525 1461 4952396 9975592
1755178526 1461 4952396 9975592
1755178527 1460 4952396 9975592
1755178528 1460 4952396 9975592
1755178529 1461 4952396 9975592
1755178530 1462 4952652 9975592
1755178531 1449 4952652 9975592
1755178532 1451 4952780 9975592
1755178533 1453 4953036 9975592
1755178534 1456 4953036 9975592
1755178536 1458 4953292 9975592
1755178537 1461 4953420 9975592
1755178538 1463 4953420 9975592
1755178539 1466 4953548 9975592
1755178540 1468 4953676 9975592
1755178541 1458 4953676 9975592
1755178542 1459 4953932 9975592
1755178543 1462 4954060 9975592
1755178545 1465 4954060 9975592
1755178546 1467 4954060 9975592
1755178547 1469 4954060 9975592
1755178548 1471 4954060 9975592
1755178549 1474 4954188 9975592
1755178550 1476 4954188 9975592
1755178551 1466 4954188 9975592
1755178552 1468 4954188 9975592
1755178553 1470 4954188 9975592
1755178555 1472 4954188 9975592
1755178556 1473 4954188 9975592
1755178557 1473 4954316 9975592
1755178558 1473 4954316 9975592
1755178559 1474 4954316 9975592
1755178560 1473 4954316 9975592
1755178561 1473 4954316 9975592
1755178562 1473 4954572 9975592
1755178563 1463 4954572 9975592
1755178564 1465 4954700 9975592
1755178565 1466 4954700 9975592
1755178567 1466 4954700 9975592
1755178568 1468 4954956 9975592
1755178569 1470 4955084 9975592
1755178570 1472 4955340 9975592
1755178571 1473 4955468 9975592
1755178572 1475 4955468 9975592
1755178573 1466 4955724 9975592
1755178574 1468 4955724 9975592
1755178575 1470 4955852 9975592
1755178576 1472 4955852 9975592
1755178578 1473 4955980 9975592
1755178579 1475 4956108 9975592
1755178580 1477 4956236 9975592
1755178581 1479 4956236 9975592
1755178582 1481 4956236 9975592
1755178583 1473 4956236 9975592
1755178584 1474 4956364 9975592
1755178585 1476 4956364 9975592
1755178587 1476 4956364 9975592
1755178588 1477 4956364 9975592
1755178589 1478 4956492 9975592
1755178590 1478 4956620 9975592
1755178591 1479 4956620 9975592
1755178592 1480 4956748 9975592
1755178593 1481 4956748 9975592
1755178594 1482 4956876 9975592
1755178595 1474 4957132 9975592
1755178596 1474 4957516 9975592
1755178597 1475 4957644 9975592
1755178599 1476 4957644 9975592
1755178600 1477 4957772 9975592
1755178601 1477 4957772 9975592
1755178602 1478 4957900 9975592
1755178603 1480 4958028 9975592
1755178604 1481 4958156 9975592
1755178605 1474 4958156 9975592
1755178606 1475 4958156 9975592
1755178607 1476 4958156 9975592
1755178608 1478 4958284 9975592
1755178610 1479 4958540 9975592
1755178611 1481 4958668 9975592
1755178612 1482 4958796 9975592
1755178613 1483 4958924 9975592
1755178614 1484 4959564 9975592
1755178615 1486 4959692 9975592
1755178616 1479 4959820 9975592
1755178617 1479 4959948 9975592
1755178618 1479 4960076 9975592
1755178619 1480 4960204 9975592
1755178621 1481 4960204 9975592
1755178622 1481 4960332 9975592
1755178623 1482 4960332 9975592
1755178624 1483 4960332 9975592
1755178625 1485 4960716 9975592
1755178626 1486 4960972 9975592
1755178627 1487 4961228 9975592
1755178628 1480 4961484 9975592
1755178629 1480 4961484 9975592
1755178630 1481 4961740 9975592
1755178631 1481 4962380 9975592
1755178633 1482 4962380 9975592
1755178634 1483 4962508 9975592
1755178635 1483 4962508 9975592
1755178636 1484 4962636 9975592
1755178637 1484 4963148 9975592
1755178638 1485 4963532 9975592
1755178639 1486 4964300 9975592
1755178640 1487 4966476 9975592
1755178641 1486 4978944 9975592
1755178642 1479 5122516 9975592
1755178643 1477 5188052 9975592
1755178644 1473 5825028 9975592
1755178645 1472 5825028 9975592
1755178646 1470 5825028 9975592
1755178647 1466 7047824 9975592
1755178649 1460 7410320 9975592
1755178650 1453 7731964 9975592
1755178651 1452 8258812 9975592
1755178652 1453 8258812 9975592
1755178653 1452 8258812 9975592
1755178654 1452 8258812 9975592
1755178655 1453 8258812 9975592
1755178656 1454 8258812 9975592
1755178657 1451 8258940 9975592
1755178658 1452 8258940 9975592
1755178659 1447 8258940 9975592
1755178660 1448 8258940 9975592
1755178661 1449 8258940 9975592
1755178662 1449 8258940 9975592
1755178664 1450 8258940 9975592
1755178665 1450 8258940 9975592
1755178666 1452 8258940 9975592
1755178667 1452 8258940 9975592
1755178668 1452 8258940 9975592
1755178669 1453 8258940 9975592
1755178670 1454 8258940 9975592
1755178671 1449 8258940 9975592
1755178672 1450 8258940 9975592
1755178673 1451 8258940 9975592
1755178674 1452 8258940 9975592
1755178676 1453 8258940 9975592
1755178677 1454 8258940 9975592
1755178678 1455 8258940 9975592
1755178679 1456 8258940 9975592
1755178680 1457 8258940 9975592
1755178681 1457 8258940 9975592
1755178682 1457 8258940 9975592
1755178683 1452 8258940 9975592
1755178684 1453 8258940 9975592
1755178685 1454 8258940 9975592
1755178686 1455 8258940 9975592
1755178688 1455 8258940 9975592
1755178689 1457 8258940 9975592
1755178690 1458 8258940 9975592
1755178691 1458 8258940 9975592
1755178692 1459 8258940 9975592
1755178693 1460 8258940 9975592
1755178694 1456 8258940 9975592
1755178695 1456 8258940 9975592
1755178696 1457 8258940 9975592
1755178697 1457 8258940 9975592
1755178699 1458 8258940 9975592
1755178700 1459 8258940 9975592
1755178701 1460 8258940 9975592
1755178702 1460 8258940 9975592
1755178703 1461 8258940 9975592
1755178704 1461 8258940 9975592
1755178705 1462 8258940 9975592
1755178706 1458 8258940 9975592
1755178707 1459 8258940 9975592
1755178708 1459 8258940 9975592
1755178709 1460 8258940 9975592
1755178711 1461 8258940 9975592
1755178712 1461 8258940 9975592
1755178713 1461 8258940 9975592
1755178714 1462 8258940 9975592
1755178715 1462 8258940 9975592
1755178716 1463 8258940 9975592
1755178717 1459 5024744 6345172
1755178718 1460 5024744 6345172
1755178719 1460 5024744 6345172
1755178720 1461 5024744 6345172
1755178722 1462 5024744 6345172
1755178723 1463 5024744 6345172
1755178724 1464 5024744 6345172
1755178725 1465 5024744 6345172
1755178726 1465 3804088 5124468
1755178727 1466 3804088 5124468
1755178728 1462 3804088 5124468
1755178729 1462 3804088 5124468
1755178730 1462 3804088 5124468
1755178731 1463 3804088 5124468
1755178733 1463 3804088 5124468
1755178734 1464 3804088 5124468
1755178735 1461 6295576 8786580
