1755196380  0.0 16512 676412
1755196382  326 1172140 4521120
1755196383  214 2517676 4521120
1755196384  177 3768520 7646292
1755196385  158 4935880 7646292
1755196386  147 6103240 7646292
1755196387  139 4409136 7646292
1755196388  134 6304688 7646292
1755196389  130 3704380 7646292
1755196390  127 5289532 7646292
1755196391  125 8465400 10771296
1755196392  123 12555408 23273024
1755196393  148 12560252 23305792
1755196394  263 12563028 23305792
1755196395  355 12565096 23305792
1755196396  405 12567180 23305944
1755196397  478 12571916 23306456
1755196398  542 12571916 23306456
1755196400  600 12571916 23306456
1755196401  649 12571916 23306456
1755196402  697 12571916 23306456
1755196403  735 12571916 23306456
1755196404  771 12571916 23306456
1755196405  811 12571916 23306456
1755196406  813 12571916 23306456
1755196407  848 12571916 23306456
1755196408  878 12571916 23306456
1755196410  909 12571916 23306456
1755196411  935 12571916 23306456
1755196412  962 12572172 23306456
1755196413  985 12572172 23306456
1755196414 1009 12572172 23306456
1755196415 1030 12572172 23306456
1755196416 1020 12572172 23306456
1755196417 1040 12572172 23306456
1755196418 1058 12573068 23306456
1755196420 1076 12573068 23306456
1755196421 1092 12573068 23306456
1755196422 1108 12573068 23306456
1755196423 1119 12573068 23306456
1755196424 1129 12573068 23306456
1755196425 1139 12573068 23306456
1755196426 1123 12573068 23306456
1755196427 1131 12573068 23306456
1755196428 1139 12573068 23306456
1755196429 1150 12573068 23306456
1755196431 1162 12573068 23306456
1755196432 1173 12573068 23306456
1755196433 1181 12573196 23306456
1755196434 1189 12573196 23306456
1755196435 1193 12573196 23306456
1755196436 1177 12573196 23306456
1755196437 1185 12573196 23306456
1755196438 1193 12573196 23306456
1755196440 1202 12573196 23306456
1755196441 1211 12573324 23306456
1755196442 1220 12573324 23306456
1755196443 1228 12573324 23306456
1755196444 1237 12573324 23306456
1755196445 1244 12573324 23306456
1755196446 1234 12573452 23306456
1755196447 1241 12573452 23306456
1755196448 1248 12573452 23306456
1755196450 1256 12573452 23306456
1755196451 1263 12573452 23306456
1755196452 1269 12573452 23306456
1755196453 1275 12573580 23306456
1755196454 1281 12573580 23306456
1755196455 1286 12573580 23306456
1755196456 1275 12573580 23306456
1755196457 1278 12573580 23306456
1755196458 1281 12573580 23306456
1755196460 1283 12573580 23306456
1755196461 1286 12573580 23306456
1755196462 1290 12573580 23306456
1755196463 1295 12573580 23306456
1755196464 1300 12573580 23306456
1755196465 1304 12573580 23306456
1755196466 1308 12573580 23306456
1755196467 1294 12573580 23306456
1755196468 1298 12573580 23306456
1755196469 1300 12573580 23306456
1755196471 1304 12573580 23306456
1755196472 1308 12573580 23306456
1755196473 1312 12573580 23306456
1755196474 1317 12573580 23306456
1755196475 1322 12573580 23306456
1755196476 1326 12573580 23306456
1755196477 1317 12573580 23306456
1755196478 1321 12573580 23306456
1755196479 1325 12573580 23306456
1755196481 1330 12573580 23306456
1755196482 1334 12573580 23306456
1755196483 1338 12573580 23306456
1755196484 1342 12573580 23306456
1755196485 1346 12573580 23306456
1755196486 1336 12573580 23306456
1755196487 1338 12573580 23306456
1755196488 1342 12573580 23306456
1755196490 1344 12573580 23306456
1755196491 1346 12573580 23306456
1755196492 1350 12573580 23306456
1755196493 1352 12573580 23306456
1755196494 1354 12573580 23306456
1755196495 1356 12573708 23306456
1755196496 1347 12573708 23306456
1755196497 1349 12573708 23306456
1755196498 1351 12573708 23306456
1755196500 1352 12573708 23306456
1755196501 1356 12573708 23306456
1755196502 1359 12573708 23306456
1755196503 1361 12573708 23306456
1755196504 1363 12573708 23306456
1755196505 1365 12573708 23306456
1755196506 1356 12573708 23306456
1755196507 1359 12573708 23306456
1755196508 1362 12573708 23306456
1755196510 1365 12573708 23306456
1755196511 1368 12573708 23306456
1755196512 1371 12573708 23306456
1755196513 1374 12573708 23306456
1755196514 1376 12573708 23306456
1755196515 1378 12573708 23306456
1755196516 1370 12573708 23306456
1755196517 1373 12573708 23306456
1755196518 1373 12573708 23306456
1755196519 1374 12573708 23306456
1755196520 1375 12573708 23306456
1755196522 1376 12573708 23306456
1755196523 1379 12573708 23306456
1755196524 1379 12573708 23306456
1755196525 1381 12573708 23306456
1755196526 1383 12573708 23306456
1755196527 1385 12573708 23306456
1755196528 1378 12573708 23306456
1755196529 1378 12573708 23306456
1755196530 1378 12573708 23306456
1755196532 1379 12573708 23306456
1755196533 1382 12573708 23306456
1755196534 1384 12573708 23306456
1755196535 1386 12573708 23306456
1755196536 1388 12573708 23306456
1755196537 1390 12573708 23306456
1755196538 1382 12573708 23306456
1755196539 1384 12573708 23306456
1755196540 1385 12573708 23306456
1755196542 1388 12573964 23306456
1755196543 1390 12573964 23306456
1755196544 1392 12573964 23306456
1755196545 1394 12573964 23306456
1755196546 1396 12573964 23306456
1755196547 1398 12573964 23306456
1755196548 1392 12573964 23306456
1755196549 1393 12573964 23306456
1755196550 1394 12573964 23306456
1755196552 1396 12573964 23306456
1755196553 1397 12573964 23306456
1755196554 1398 12574476 23306456
1755196555 1400 12574476 23306456
1755196556 1402 12574476 23306456
1755196557 1404 12574476 23306456
1755196558 1398 12574476 23306456
1755196559 1400 12574860 23306456
1755196561 1401 12574860 23306456
1755196562 1402 12574860 23306456
1755196563 1402 12574860 23306456
1755196564 1403 12574860 23306456
1755196565 1405 12574860 23306456
1755196566 1406 12574860 23306456
1755196567 1400 12575116 23306456
1755196568 1402 12575116 23306456
1755196569 1404 12575116 23306456
1755196571 1406 12575116 23306456
1755196572 1407 12575116 23306456
1755196573 1407 12575116 23306456
1755196574 1408 12575116 23306456
1755196575 1409 12575116 23306456
1755196576 1411 12575116 23306456
1755196577 1412 12575116 23306456
1755196578 1407 12575116 23306456
1755196579 1408 12575500 23306456
1755196580 1409 12575500 23306456
1755196582 1410 12575500 23306456
1755196583 1412 12575500 23306456
1755196584 1412 12575500 23306456
1755196585 1413 12575500 23306456
1755196586 1414 12575500 23306456
1755196587 1416 12575500 23306456
1755196588 1417 12575500 23306456
1755196589 1412 12575500 23306456
1755196590 1414 12575500 23306456
1755196591 1415 12575500 23306456
1755196593 1415 12575500 23306456
1755196594 1416 12575500 23306456
1755196595 1417 12575500 23306456
1755196596 1419 12575500 23306456
1755196597 1420 12575500 23306456
1755196598 1421 12575500 23306456
1755196599 1415 12575500 23306456
1755196600 1416 12575500 23306456
1755196601 1418 12575500 23306456
1755196603 1419 12575500 23306456
1755196604 1421 12575628 23306456
1755196605 1422 12575628 23306456
1755196606 1423 12575628 23306456
1755196607 1423 12575628 23306456
1755196608 1424 12575628 23306456
1755196609 1419 12575628 23306456
1755196610 1420 12575628 23306456
1755196611 1421 12575628 23306456
1755196613 1422 12575628 23306456
1755196614 1423 12575628 23306456
1755196615 1423 12575628 23306456
1755196616 1424 12575756 23306456
1755196617 1425 12575756 23306456
1755196618 1427 12575756 23306456
1755196619 1422 12575756 23306456
1755196620 1423 12575756 23306456
1755196621 1424 12575756 23306456
1755196623 1425 12575756 23306456
1755196624 1426 12575756 23306456
1755196625 1426 12575756 23306456
1755196626 1427 12575756 23306456
1755196627 1429 12575756 23306456
1755196628 1430 12575756 23306456
1755196629 1426 12575756 23306456
1755196630 1427 12575756 23306456
1755196631 1428 12575756 23306456
1755196633 1429 12575756 23306456
1755196634 1429 12575756 23306456
1755196635 1430 12575756 23306456
1755196636 1431 12575756 23306456
1755196637 1432 12575756 23306456
1755196638 1433 12575756 23306456
1755196639 1434 12575756 23306456
1755196640 1429 12575756 23306456
1755196641 1430 12575756 23306456
1755196643 1431 12575756 23306456
1755196644 1431 12575756 23306456
1755196645 1432 12575756 23306456
1755196646 1432 12575756 23306456
1755196647 1433 12575756 23306456
1755196648 1434 12575756 23306456
1755196649 1429 12575756 23306456
1755196650 1431 12575756 23306456
1755196651 1432 12575756 23306456
1755196653 1433 12575756 23306456
1755196654 1433 12575756 23306456
1755196655 1434 12575756 23306456
1755196656 1435 12575756 23306456
1755196657 1436 12575756 23306456
1755196658 1437 12575756 23306456
1755196659 1433 12575756 23306456
1755196660 1434 12575756 23306456
1755196661 1435 12575884 23306456
1755196663 1436 12575884 23306456
1755196664 1437 12575884 23306456
1755196665 1438 12575884 23306456
1755196666 1439 12575884 23306456
1755196667 1440 12575884 23306456
1755196668 1441 12575884 23306456
1755196669 1436 12575884 23306456
1755196670 1437 12575884 23306456
1755196672 1438 12575884 23306456
1755196673 1439 12576140 23306456
1755196674 1439 12576140 23306456
1755196675 1440 12576140 23306456
1755196676 1440 12576140 23306456
1755196677 1440 12576140 23306456
1755196678 1440 12576140 23306456
1755196679 1436 12576524 23306456
1755196680 1437 12576524 23306456
1755196681 1438 12576524 23306456
1755196683 1439 12576524 23306456
1755196684 1440 12576780 23306456
1755196685 1441 12576780 23306456
1755196686 1441 12576780 23306456
1755196687 1442 12576780 23306456
1755196688 1438 12576780 23306456
1755196689 1439 12577036 23306456
1755196690 1440 12577036 23306456
1755196692 1441 12577036 23306456
1755196693 1442 12577036 23306456
1755196694 1443 12577292 23306456
1755196695 1444 12577292 23306456
1755196696 1445 12577292 23306456
1755196697 1446 12577292 23306456
1755196698 1442 12577292 23306456
1755196699 1443 12577292 23306456
1755196700 1444 12577292 23306456
1755196702 1444 12577292 23306456
1755196703 1445 12577292 23306456
1755196704 1445 12577292 23306456
1755196705 1445 12577548 23306456
1755196706 1446 12577548 23306456
1755196707 1446 12577548 23306456
1755196708 1446 12577548 23306456
1755196709 1443 12577548 23306456
1755196710 1442 12577548 23306456
1755196711 1443 12577548 23306456
1755196713 1443 12577548 23306456
1755196714 1444 12577548 23306456
1755196715 1445 12577548 23306456
1755196716 1445 12577548 23306456
1755196717 1446 12577548 23306456
1755196718 1446 12577548 23306456
1755196719 1443 12577548 23306456
1755196720 1444 12577804 23306456
1755196722 1445 12577804 23306456
1755196723 1446 12577804 23306456
1755196724 1447 12577804 23306456
1755196725 1448 12577804 23306456
1755196726 1449 12577804 23306456
1755196727 1450 12577804 23306456
1755196728 1446 12577804 23306456
1755196729 1447 12577804 23306456
1755196730 1448 12577804 23306456
1755196732 1448 12577804 23306456
1755196733 1449 12577804 23306456
1755196734 1450 12577804 23306456
1755196735 1451 12577804 23306456
1755196736 1451 12577804 23306456
1755196737 1451 12577804 23306456
1755196738 1447 12577804 23306456
1755196739 1447 12577804 23306456
1755196740 1448 12577804 23306456
1755196741 1448 12577804 23306456
1755196743 1448 12577804 23306456
1755196744 1449 12577804 23306456
1755196745 1449 12577804 23306456
1755196746 1449 12577804 23306456
1755196747 1450 12577804 23306456
1755196748 1450 12577804 23306456
1755196749 1451 12577804 23306456
1755196750 1447 12577804 23306456
1755196751 1448 12577804 23306456
1755196752 1449 12577804 23306456
1755196754 1450 12577804 23306456
1755196755 1450 12577804 23306456
1755196756 1451 12577804 23306456
1755196757 1452 12577804 23306456
1755196758 1453 12577804 23306456
1755196759 1450 12577804 23306456
1755196760 1450 12577804 23306456
1755196761 1451 12577804 23306456
1755196762 1451 12577804 23306456
1755196764 1452 12577804 23306456
1755196765 1453 12577804 23306456
1755196766 1453 12577804 23306456
1755196767 1454 12577804 23306456
1755196768 1455 12577804 23306456
1755196769 1455 12577932 23306456
1755196770 1452 12577932 23306456
1755196771 1452 12577932 23306456
1755196772 1452 12577932 23306456
1755196774 1452 12577932 23306456
1755196775 1453 12578060 23306456
1755196776 1453 12578060 23306456
1755196777 1453 12578060 23306456
1755196778 1454 12578060 23306456
1755196779 1454 12578188 23306456
1755196780 1455 12578188 23306456
1755196781 1451 12578188 23306456
1755196782 1451 12578188 23306456
1755196783 1452 12578188 23306456
1755196785 1453 12578572 23306456
1755196786 1453 12578572 23306456
1755196787 1454 12578572 23306456
1755196788 1455 12578700 23306456
1755196789 1456 12578700 23306456
1755196790 1453 12578700 23306456
1755196791 1453 12578700 23306456
1755196792 1454 12579084 23306456
1755196793 1454 12579084 23306456
1755196795 1455 12579084 23306456
1755196796 1456 12579084 23306456
1755196797 1456 12579084 23306456
1755196798 1457 12579084 23306456
1755196799 1457 12579084 23306456
1755196800 1458 12579084 23306456
1755196801 1455 12579468 23306456
1755196802 1455 12579468 23306456
1755196803 1456 12579468 23306456
1755196805 1456 12579468 23306456
1755196806 1456 12579468 23306456
1755196807 1456 12579596 23306456
1755196808 1456 12579596 23306456
1755196809 1456 12579596 23306456
1755196810 1456 12579596 23306456
1755196811 1457 12579724 23306456
1755196812 1454 12579724 23306456
1755196813 1454 12579724 23306456
1755196814 1454 12579724 23306456
1755196816 1455 12579724 23306456
1755196817 1455 12579724 23306456
1755196818 1456 12579724 23306456
1755196819 1456 12579724 23306456
1755196820 1457 12579852 23306456
1755196821 1457 12579852 23306456
1755196822 1455 12579852 23306456
1755196823 1455 12579852 23306456
1755196824 1456 12579852 23306456
1755196826 1456 12579852 23306456
1755196827 1457 12579852 23306456
1755196828 1457 12579852 23306456
1755196829 1458 12579852 23306456
1755196830 1458 12579852 23306456
1755196831 1459 12579852 23306456
1755196832 1456 12579852 23306456
1755196833 1456 12579852 23306456
1755196834 1457 12579852 23306456
1755196836 1457 12579852 23306456
1755196837 1458 12579852 23306456
1755196838 1458 12579852 23306456
1755196839 1458 12579852 23306456
1755196840 1459 12579852 23306456
1755196841 1459 12579852 23306456
1755196842 1460 12579852 23306456
1755196843 1457 12579852 23306456
1755196844 1457 12579852 23306456
1755196846 1457 12579852 23306456
1755196847 1458 12579852 23306456
1755196848 1458 12579852 23306456
1755196849 1458 12579852 23306456
1755196850 1458 12579852 23306456
1755196851 1459 12579852 23306456
1755196852 1459 12579852 23306456
1755196853 1457 12579852 23306456
1755196854 1457 12579852 23306456
1755196855 1457 12579852 23306456
1755196857 1458 12579852 23306456
1755196858 1458 12579852 23306456
1755196859 1458 12579852 23306456
1755196860 1459 12579852 23306456
1755196861 1459 12579852 23306456
1755196862 1459 12579852 23306456
1755196863 1457 12579852 23306456
1755196864 1457 12579980 23306456
1755196865 1457 12579980 23306456
1755196867 1458 12579980 23306456
1755196868 1458 12579980 23306456
1755196869 1458 12580108 23306456
1755196870 1459 12580108 23306456
1755196871 1459 12580108 23306456
1755196872 1460 12580364 23306456
1755196873 1457 12580364 23306456
1755196874 1458 12580364 23306456
1755196875 1458 12580364 23306456
1755196877 1458 12580492 23306456
1755196878 1458 12580492 23306456
1755196879 1459 12580492 23306456
1755196880 1459 12580492 23306456
1755196881 1459 12580876 23306456
1755196882 1460 12580876 23306456
1755196883 1457 12580876 23306456
1755196884 1457 12580876 23306456
1755196885 1457 12580876 23306456
1755196886 1458 12580876 23306456
1755196888 1458 12580876 23306456
1755196889 1458 12581260 23306456
1755196890 1458 12581260 23306456
1755196891 1459 12581260 23306456
1755196892 1459 12581260 23306456
1755196893 1460 12581260 23306456
1755196894 1457 12581260 23306456
1755196895 1457 12581260 23306456
1755196896 1457 12581260 23306456
1755196898 1458 12581644 23306456
1755196899 1458 12581644 23306456
1755196900 1459 12581644 23306456
1755196901 1459 12581772 23306456
1755196902 1460 12581772 23306456
1755196903 1460 12581772 23306456
1755196904 1458 12581772 23306456
1755196905 1459 12581772 23306456
1755196906 1459 12581772 23306456
1755196908 1459 12581900 23306456
1755196909 1460 12581900 23306456
1755196910 1460 12581900 23306456
1755196911 1461 12581900 23306456
1755196912 1461 12581900 23306456
1755196913 1461 12581900 23306456
1755196914 1459 12581900 23306456
1755196915 1459 12581900 23306456
1755196916 1459 12581900 23306456
1755196918 1460 12581900 23306456
1755196919 1460 12581900 23306456
1755196920 1460 12581900 23306456
1755196921 1460 12581900 23306456
1755196922 1460 12581900 23306456
1755196923 1461 12581900 23306456
1755196924 1461 12581900 23306456
1755196925 1459 12581900 23306456
1755196926 1459 12581900 23306456
1755196927 1460 12581900 23306456
1755196928 1460 12581900 23306456
1755196930 1460 12581900 23306456
1755196931 1461 12581900 23306456
1755196932 1461 12581900 23306456
1755196933 1462 12582028 23306456
1755196934 1462 12582028 23306456
1755196935 1463 12582028 23306456
1755196936 1461 12582028 23306456
1755196937 1461 12582028 23306456
1755196938 1461 12582028 23306456
1755196940 1462 12582028 23306456
1755196941 1462 12582028 23306456
1755196942 1463 12582028 23306456
1755196943 1463 12582028 23306456
1755196944 1464 12582028 23306456
1755196945 1464 12582156 23306456
1755196946 1462 12582156 23306456
1755196947 1462 12582156 23306456
1755196948 1462 12582156 23306456
1755196950 1462 12582284 23306456
1755196951 1462 12582284 23306456
1755196952 1463 12582284 23306456
1755196953 1463 12582540 23306456
1755196954 1463 12582540 23306456
1755196955 1463 12582540 23306456
1755196956 1464 12582540 23306456
1755196957 1461 12582540 23306456
1755196958 1462 12582540 23306456
1755196959 1462 12583052 23306456
1755196961 1462 12583052 23306456
1755196962 1463 12583052 23306456
1755196963 1463 12583180 23306456
1755196964 1464 12583180 23306456
1755196965 1464 12583180 23306456
1755196966 1465 12583564 23306456
1755196967 1463 12583564 23306456
1755196968 1463 12583564 23306456
1755196969 1463 12583564 23306456
1755196971 1464 12583564 23306456
1755196972 1464 12583564 23306456
1755196973 1465 12583564 23306456
1755196974 1465 12583820 23306456
1755196975 1466 12583820 23306456
1755196976 1466 12583820 23306456
1755196977 1464 12583948 23306456
1755196978 1464 12583948 23306456
1755196979 1464 12583948 23306456
1755196981 1465 12583948 23306456
1755196982 1465 12583948 23306456
1755196983 1465 12583948 23306456
1755196984 1465 12583948 23306456
1755196985 1466 12583948 23306456
1755196986 1466 12583948 23306456
1755196987 1464 12583948 23306456
1755196988 1463 12583948 23306456
1755196989 1464 12583948 23306456
1755196990 1464 12583948 23306456
1755196992 1464 12583948 23306456
1755196993 1464 12583948 23306456
1755196994 1465 12583948 23306456
1755196995 1465 12583948 23306456
1755196996 1466 12583948 23306456
1755196997 1466 12583948 23306456
1755196998 1464 12583948 23306456
1755196999 1465 12583948 23306456
1755197000 1465 12583948 23306456
1755197002 1465 12583948 23306456
1755197003 1466 12584076 23306456
1755197004 1466 12584076 23306456
1755197005 1467 12584076 23306456
1755197006 1467 12584204 23306456
1755197007 1465 12584204 23306456
1755197008 1466 12584332 23306456
1755197009 1466 12584332 23306456
1755197011 1466 12584588 23306456
1755197012 1467 12584588 23306456
1755197013 1467 12584588 23306456
1755197014 1467 12584588 23306456
1755197015 1468 12584588 23306456
1755197016 1468 12584844 23306456
1755197017 1466 12584844 23306456
1755197018 1466 12585228 23306456
1755197019 1466 12585228 23306456
1755197021 1466 12585228 23306456
1755197022 1466 12585228 23306456
1755197023 1466 12585228 23306456
1755197024 1467 12585228 23306456
1755197025 1467 12585356 23306456
1755197026 1467 12585356 23306456
1755197027 1468 12585484 23306456
1755197028 1466 12585484 23306456
1755197029 1466 12585484 23306456
1755197030 1467 12585484 23306456
1755197032 1467 12585868 23306456
1755197033 1467 12585868 23306456
1755197034 1468 12585868 23306456
1755197035 1468 12585868 23306456
1755197036 1468 12585996 23306456
1755197037 1469 12585996 23306456
1755197038 1467 12585996 23306456
1755197039 1467 12585996 23306456
1755197040 1468 12585996 23306456
1755197042 1468 12585996 23306456
1755197043 1468 12585996 23306456
1755197044 1468 12585996 23306456
1755197045 1469 12585996 23306456
1755197046 1469 12585996 23306456
1755197047 1470 12585996 23306456
1755197048 1468 12585996 23306456
1755197049 1468 12585996 23306456
1755197050 1468 12585996 23306456
1755197051 1468 12585996 23306456
1755197053 1468 12585996 23306456
1755197054 1469 12585996 23306456
1755197055 1469 12585996 23306456
1755197056 1469 12585996 23306456
1755197057 1469 12585996 23306456
1755197058 1469 12586252 23306456
1755197059 1467 12586252 23306456
1755197060 1468 12586380 23306456
1755197061 1468 12586764 23306456
1755197062 1468 12586764 23306456
1755197064 1469 12587020 23306456
1755197065 1469 12587020 23306456
1755197066 1469 12587148 23306456
1755197067 1470 12587148 23306456
1755197068 1470 12587148 23306456
1755197069 1470 12587148 23306456
1755197070 1469 12587404 23306456
1755197071 1469 12587404 23306456
1755197072 1469 12587532 23306456
1755197074 1470 12587532 23306456
1755197075 1470 12587532 23306456
1755197076 1470 12587532 23306456
1755197077 1471 12587532 23306456
1755197078 1471 12587532 23306456
1755197079 1471 12587660 23306456
1755197080 1470 12587660 23306456
1755197081 1470 12587788 23306456
1755197082 1470 12587788 23306456
1755197084 1470 12587916 23306456
1755197085 1471 12588044 23306456
1755197086 1471 12588044 23306456
1755197087 1471 12588044 23306456
1755197088 1471 12588044 23306456
1755197089 1471 12588044 23306456
1755197090 1471 12588044 23306456
1755197091 1470 12588044 23306456
1755197092 1470 12588044 23306456
1755197093 1470 12588044 23306456
1755197095 1470 12588044 23306456
1755197096 1470 12588172 23306456
1755197097 1471 12588172 23306456
1755197098 1471 12588556 23306456
1755197099 1472 12588556 23306456
1755197100 1472 12588812 23306456
1755197101 1470 12588812 23306456
1755197102 1470 12588940 23306456
1755197103 1471 12589068 23306456
1755197104 1471 12589068 23306456
1755197106 1471 12589068 23306456
1755197107 1472 12589068 23306456
1755197108 1472 12589580 23306456
1755197109 1472 12589580 23306456
1755197110 1473 12589580 23306456
1755197111 1471 12589580 23306456
1755197112 1471 12589580 23306456
1755197113 1471 12589580 23306456
1755197114 1472 12589580 23306456
1755197116 1472 12589708 23306456
1755197117 1472 12589708 23306456
1755197118 1473 12589836 23306456
1755197119 1473 12589836 23306456
1755197120 1473 12589964 23306456
1755197121 1473 12590092 23306456
1755197122 1471 12590092 23306456
1755197123 1472 12590092 23306456
1755197124 1472 12590092 23306456
1755197126 1472 12590092 23306456
1755197127 1472 12590220 23306456
1755197128 1472 12590348 23306456
1755197129 1472 12590348 23306456
1755197130 1473 12590348 23306456
1755197131 1473 12590348 23306456
1755197132 1471 12590860 23306456
1755197133 1472 12590860 23306456
1755197134 1472 12590860 23306456
1755197136 1472 12590988 23306456
1755197137 1473 12591244 23306456
1755197138 1473 12591628 23306456
1755197139 1473 12591628 23306456
1755197140 1474 12591628 23306456
1755197141 1474 12591628 23306456
1755197142 1474 12591628 23306456
1755197143 1472 12591756 23306456
1755197144 1472 12591756 23306456
1755197145 1473 12591884 23306456
1755197147 1473 12592012 23306456
1755197148 1473 12592012 23306456
1755197149 1474 12592140 23306456
1755197150 1474 12592396 23306456
1755197151 1474 12592396 23306456
1755197152 1475 12592396 23306456
1755197153 1473 12592652 23306456
1755197154 1474 12593036 23306456
1755197155 1473 12593036 23306456
1755197156 1474 12593164 23306456
1755197158 1474 12593420 23306456
1755197159 1474 12593676 23306456
1755197160 1474 12593676 23306456
1755197161 1474 12593676 23306456
1755197162 1474 12593676 23306456
1755197163 1474 12593804 23306456
1755197164 1475 12593804 23306456
1755197165 1473 12593932 23306456
1755197166 1473 12593932 23306456
1755197167 1474 12594060 23306456
1755197168 1474 12594316 23306456
1755197170 1474 12594316 23306456
1755197171 1474 12595212 23306456
1755197172 1475 12595212 23306456
1755197173 1475 12595724 23306456
1755197174 1475 12595724 23306456
1755197175 1475 12595724 23306456
1755197176 1475 12595724 23306456
1755197177 1476 12595980 23306456
1755197178 1474 12596108 23306456
1755197179 1474 12596364 23306456
1755197180 1475 12596876 23306456
1755197181 1475 12597388 23306456
1755197183 1475 12597772 23306456
1755197184 1476 12598028 23306456
1755197185 1476 12599052 23306456
1755197186 1476 12599820 23306456
1755197187 1476 12600332 23306456
1755197188 1475 12601356 23306456
1755197189 1475 12606220 23306456
1755197190 1475 12632980 23306456
1755197191 1473 12742264 23306456
1755197192 1473 12742264 23306456
1755197193 1472 12990168 23306456
1755197194 1471 13160152 23306456
1755197195 1470 13160152 23306456
1755197196 1470 13160152 23306456
1755197197 1469 13160152 23306456
1755197199 1468 14061352 23306456
1755197200 1466 14161704 23306456
1755197201 1465 14786344 23306456
1755197202 1465 14786344 23306456
1755197203 1465 14786344 23306456
1755197204 1465 14786344 23306456
1755197205 1464 14786344 23306456
1755197206 1462 14786344 23306456
1755197207 1462 14786344 23306456
1755197208 1460 14786344 23306456
1755197209 1460 14786344 23306456
1755197210 1459 17913868 23306456
1755197211 1458 17913868 23306456
1755197212 1456 17913868 23306456
1755197213 1454 18133004 23306456
1755197214 1453 18849804 23306456
1755197215 1451 18849804 23306456
1755197217 1450 18849804 23306456
1755197218 1448 18849804 23306456
1755197219 1446 18849804 23306456
1755197220 1445 18849804 23306456
1755197221 1443 20287604 23306456
1755197222 1442 20994548 23306456
1755197223 1443 20994548 23306456
1755197224 1443 20994548 23306456
1755197225 1443 20994548 23306456
1755197226 1443 20994548 23306456
1755197227 1443 20994548 23306456
1755197228 1441 20994548 23306456
1755197229 1441 20994548 23306456
1755197230 1442 20994548 23306456
1755197232 1442 20994548 23306456
1755197233 1442 20994548 23306456
1755197234 1441 20994548 23306456
1755197235 1441 20994548 23306456
1755197236 1441 20994548 23306456
1755197237 1441 20994548 23306456
1755197238 1442 20994548 23306456
1755197239 1440 20994548 23306456
1755197240 1440 20994548 23306456
1755197241 1441 20994548 23306456
1755197243 1441 20994548 23306456
1755197244 1441 20994548 23306456
1755197245 1442 20994548 23306456
1755197246 1442 20994548 23306456
1755197247 1441 20994548 23306456
1755197248 1439 20994548 23306456
1755197249 1439 20994804 23306456
1755197250 1439 20994804 23306456
1755197251 1439 20994804 23306456
1755197252 1438 20994804 23306456
1755197253 1438 20994804 23306456
1755197254 1438 20994804 23306456
1755197255 1439 20994804 23306456
1755197257 1439 20994804 23306456
1755197258 1439 20994804 23306456
1755197259 1439 20994804 23306456
1755197260 1439 20994804 23306456
1755197261 1439 20994804 23306456
1755197262 1439 20994804 23306456
1755197263 1439 20994804 23306456
1755197264 1440 20994804 23306456
1755197265 1440 20994804 23306456
1755197266 1438 20994804 23306456
1755197267 1439 20994804 23306456
1755197268 1439 20994804 23306456
1755197270 1439 20994804 23306456
1755197271 1440 20994804 23306456
1755197272 1440 20994804 23306456
1755197273 1440 20994804 23306456
1755197274 1440 20994804 23306456
1755197275 1441 20994804 23306456
1755197276 1441 20994804 23306456
1755197277 1441 20994804 23306456
1755197278 1440 20994804 23306456
1755197279 1440 20994804 23306456
1755197280 1440 20994804 23306456
1755197282 1441 20994804 23306456
1755197283 1441 20994804 23306456
1755197284 1441 20994804 23306456
1755197285 1441 20994804 23306456
1755197286 1442 20994804 23306456
1755197287 1442 20994804 23306456
1755197288 1442 20994804 23306456
1755197289 1441 20994804 23306456
1755197290 1441 20994804 23306456
1755197291 1441 20994804 23306456
1755197292 1442 20994804 23306456
1755197294 1442 20994804 23306456
1755197295 1442 20994804 23306456
1755197296 1442 20994804 23306456
1755197297 1442 20994804 23306456
1755197298 1442 20994804 23306456
1755197299 1442 20994804 23306456
1755197300 1443 20994804 23306456
1755197301 1441 20994804 23306456
1755197302 1442 20994804 23306456
1755197303 1442 20994804 23306456
1755197305 1442 20994804 23306456
1755197306 1443 20994804 23306456
1755197307 1443 20994804 23306456
1755197308 1443 20994804 23306456
1755197309 1443 20994804 23306456
1755197310 1444 20994804 23306456
1755197311 1442 20994804 23306456
1755197312 1443 20994804 23306456
1755197313 1443 20994804 23306456
1755197314 1443 20994804 23306456
1755197316 1443 20994804 23306456
1755197317 1444 20994804 23306456
1755197318 1444 20994804 23306456
1755197319 1444 20994804 23306456
1755197320 1444 20994804 23306456
1755197321 1444 20994804 23306456
1755197322 1445 20994804 23306456
1755197323 1443 20994804 23306456
1755197324 1444 20994804 23306456
1755197325 1444 20994804 23306456
1755197326 1444 20994804 23306456
1755197328 1444 20994804 23306456
1755197329 1444 20994804 23306456
1755197330 1444 20994804 23306456
1755197331 1444 20994804 23306456
1755197332 1445 20994804 23306456
1755197333 1445 20994804 23306456
1755197334 1444 20994804 23306456
1755197335 1444 20994804 23306456
1755197336 1444 20994804 23306456
1755197338 1445 20994804 23306456
1755197339 1445 20994804 23306456
1755197340 1445 20994804 23306456
1755197341 1445 20994804 23306456
1755197342 1446 20994804 23306456
1755197343 1446 20994804 23306456
1755197344 1445 20994804 23306456
1755197345 1445 20994804 23306456
1755197346 1445 20994804 23306456
1755197347 1445 20994804 23306456
1755197349 1446 20994804 23306456
1755197350 1446 20994804 23306456
1755197351 1446 20994804 23306456
1755197352 1446 20994804 23306456
1755197353 1447 20994804 23306456
1755197354 1447 20994804 23306456
1755197355 1447 20994804 23306456
1755197356 1446 20994804 23306456
1755197357 1446 20994804 23306456
1755197358 1446 20994804 23306456
1755197359 1446 20994804 23306456
1755197361 1446 20994804 23306456
1755197362 1446 20994804 23306456
1755197363 1447 20994804 23306456
1755197364 1447 20994804 23306456
1755197365 1447 20994804 23306456
1755197366 1447 20994804 23306456
1755197367 1447 20994804 23306456
1755197368 1446 20994804 23306456
1755197369 1446 20994804 23306456
1755197370 1447 20994804 23306456
1755197371 1447 20994804 23306456
1755197373 1447 20994804 23306456
1755197374 1447 20994804 23306456
1755197375 1447 20994804 23306456
1755197376 1448 20994804 23306456
1755197377 1448 20994804 23306456
1755197378 1448 20994804 23306456
1755197379 1448 20994804 23306456
1755197380 1447 20994804 23306456
1755197381 1447 20994804 23306456
1755197382 1448 20994804 23306456
1755197383 1448 20994804 23306456
1755197385 1448 20994804 23306456
1755197386 1448 20994804 23306456
1755197387 1448 20994804 23306456
1755197388 1449 20994804 23306456
1755197389 1449 20994804 23306456
1755197390 1449 20994804 23306456
1755197391 1449 20994804 23306456
1755197392 1448 20994804 23306456
1755197393 1448 20994804 23306456
1755197394 1449 20994804 23306456
1755197396 1449 20994804 23306456
1755197397 1449 20994804 23306456
1755197398 1449 20994804 23306456
1755197399 1449 20994804 23306456
1755197400 1449 20994804 23306456
1755197401 1449 20994804 23306456
1755197402 1449 20994804 23306456
1755197403 1450 20994804 23306456
1755197404 1448 20994804 23306456
1755197405 1449 20994804 23306456
1755197406 1449 20994804 23306456
1755197408 1449 20994804 23306456
1755197409 1449 20994804 23306456
1755197410 1450 20994804 23306456
1755197411 1450 20994804 23306456
1755197412 1450 20994804 23306456
1755197413 1450 20994804 23306456
1755197414 1451 20994804 23306456
1755197415 1449 20994804 23306456
1755197416 1450 20994804 23306456
1755197417 1450 20994804 23306456
1755197419 1450 20994804 23306456
1755197420 1450 20994804 23306456
1755197421 1450 20994804 23306456
1755197422 1451 20994804 23306456
1755197423 1451 20994804 23306456
1755197424 1451 20994804 23306456
1755197425 1450 20994804 23306456
1755197426 1450 20994804 23306456
1755197427 1451 20994804 23306456
1755197429 1451 20994804 23306456
1755197430 1451 20994804 23306456
1755197431 1451 20994804 23306456
1755197432 1451 20994804 23306456
1755197433 1451 20994804 23306456
1755197434 1451 20994804 23306456
1755197435 1451 20994804 23306456
1755197436 1450 20994804 23306456
1755197437 1451 20994804 23306456
1755197438 1451 20994804 23306456
1755197440 1451 20994804 23306456
1755197441 1451 20994804 23306456
1755197442 1451 20994804 23306456
1755197443 1452 20994804 23306456
1755197444 1452 20994804 23306456
1755197445 1452 20994804 23306456
1755197446 1451 20994804 23306456
1755197447 1451 20994804 23306456
1755197448 1451 20994804 23306456
1755197449 1452 20994804 23306456
1755197451 1452 20994804 23306456
1755197452 1452 20994804 23306456
1755197453 1452 20994804 23306456
1755197454 1452 20994804 23306456
1755197455 1453 20994804 23306456
1755197456 1453 20994804 23306456
1755197457 1453 20994804 23306456
1755197458 1452 20994804 23306456
1755197459 1452 20994804 23306456
1755197461 1453 20994804 23306456
1755197462 1453 10760372 13962500
1755197463 1453 12683572 13962500
1755197464 1452 12683572 13962500
1755197465 1453 12683572 13962500
1755197466 1452 12683572 13962500
1755197467 1453 12683572 13962500
1755197468 1452 12683572 13962500
1755197469 1452 12683572 13962500
1755197470 1452 12683572 13962500
1755197472 1452 12683572 13962500
1755197473 1452 12683572 13962500
1755197474 1453 12683572 13962500
1755197475 1453 12683572 13962500
1755197476 1453 12683572 13962500
1755197477 1453 12683572 13962500
1755197478 1453 12683572 13962500
1755197479 1452 12683572 13962500
1755197480 1452 12683572 13962500
1755197481 1453 12683572 13962500
1755197483 1453 12683572 13962500
1755197484 1453 12683572 13962500
1755197485 1453 12683572 13962500
1755197486 1453 12683572 13962500
1755197487 1454 12683572 13962500
1755197488 1454 12683572 13962500
1755197489 1454 12683572 13962500
1755197490 1453 12683572 13962500
1755197491 1453 12683572 13962500
1755197492 1454 12683572 13962500
1755197494 1454 12683572 13962500
1755197495 1454 12683572 13962500
1755197496 1454 12683572 13962500
1755197497 1454 12683572 13962500
1755197498 1454 12683572 13962500
1755197499 1454 8464556 10837496
1755197500 1454 9558572 10837496
1755197501 1454 9558572 10837496
1755197502 1453 9558572 10837496
1755197503 1453 9558572 10837496
1755197504 1453 9558572 10837496
1755197505 1453 9558572 10837496
1755197507 1453 9558572 10837496
1755197508 1454 9558572 10837496
1755197509 1454 9558572 10837496
1755197510 1454 9558572 10837496
1755197511 1454 9558572 10837496
1755197512 1454 9558572 10837496
1755197513 1455 9558572 10837496
1755197514 1453 9558572 10837496
1755197515 1454 9558572 10837496
1755197516 1454 9558572 10837496
1755197518 1454 9558572 10837496
1755197519 1454 9558572 10837496
1755197520 1455 9558572 10837496
1755197521 1455 9558572 10837496
1755197522 1455 9558572 10837496
1755197523 1455 9558572 10837496
1755197524 1454 9558572 10837496
1755197525 1454 9558572 10837496
1755197526 1454 9558572 10837496
1755197527 1455 9558572 10837496
1755197529 1455 9558572 10837496
1755197530 1455 9558572 10837496
1755197531 1455 9558572 10837496
1755197532 1455 9558572 10837496
1755197533 1455 9558572 10837496
1755197534 1455 9558572 10837496
1755197535 1454 11246116 17087504
1755197536 1453 14354492 20212508
1755197537 1451 16151852 20603136
