1755182325  0.0 15744 675388
1755182326  305 1119668 3153932
1755182327  204 3033768 4911920
1755182329  170 3144376 4911920
1755182330  153 3005628 4911920
1755182331  143 7086596 13702284
1755182332  295 7093980 13735052
1755182333  488 7096036 13735052
1755182334  649 7100388 13735676
1755182335  771 7100388 13735676
1755182336  866 7100388 13735676
1755182337  868 7100388 13735676
1755182338  935 7100388 13735676
1755182339  994 7100388 13735676
1755182341 1031 7100388 13735676
1755182342 1063 7100388 13735676
1755182343 1090 7100388 13735676
1755182344 1116 7100388 13735676
1755182345 1138 7100388 13735676
1755182346 1169 7100388 13735676
1755182347 1143 7100388 13735676
1755182348 1165 7100388 13735676
1755182349 1189 7100388 13735676
1755182351 1210 7100388 13735676
1755182352 1227 7100388 13735676
1755182353 1242 7100388 13735676
1755182354 1253 7100388 13735676
1755182355 1265 7100388 13735676
1755182356 1277 7100388 13735676
1755182357 1286 7100388 13735676
1755182358 1298 7100388 13735676
1755182359 1270 7100388 13735676
1755182360 1280 7100388 13735676
1755182361 1288 7100388 13735676
1755182363 1295 7100388 13735676
1755182364 1305 7100388 13735676
1755182365 1314 7100388 13735676
1755182366 1325 7100388 13735676
1755182367 1335 7100388 13735676
1755182368 1345 7100388 13735676
1755182369 1324 7100388 13735676
1755182370 1333 7100516 13735676
1755182371 1341 7100516 13735676
1755182373 1344 7100516 13735676
1755182374 1348 7100516 13735676
1755182375 1352 7100516 13735676
1755182376 1355 7100516 13735676
1755182377 1361 7100516 13735676
1755182378 1369 7100516 13735676
1755182379 1376 7100516 13735676
1755182380 1356 7100516 13735676
1755182381 1363 7100516 13735676
1755182382 1369 7100644 13735676
1755182384 1373 7100644 13735676
1755182385 1379 7100644 13735676
1755182386 1385 7101028 13735676
1755182387 1391 7101028 13735676
1755182388 1395 7101028 13735676
1755182389 1399 7101156 13735676
1755182390 1381 7101156 13735676
1755182391 1384 7101156 13735676
1755182392 1389 7101156 13735676
1755182394 1394 7101924 13735676
1755182395 1397 7101924 13735676
1755182396 1399 7101924 13735676
1755182397 1402 7101924 13735676
1755182398 1406 7101924 13735676
1755182399 1391 7101924 13735676
1755182400 1396 7102308 13735676
1755182401 1400 7102308 13735676
1755182402 1404 7102308 13735676
1755182404 1407 7102308 13735676
1755182405 1408 7102308 13735676
1755182406 1410 7102308 13735676
1755182407 1412 7102308 13735676
1755182408 1414 7102308 13735676
1755182409 1417 7102436 13735676
1755182410 1404 7102436 13735676
1755182411 1407 7102436 13735676
1755182412 1411 7102436 13735676
1755182414 1415 7102436 13735676
1755182415 1416 7102436 13735676
1755182416 1420 7102436 13735676
1755182417 1423 7102436 13735676
1755182418 1427 7102436 13735676
1755182419 1429 7102436 13735676
1755182420 1418 7102436 13735676
1755182421 1420 7102436 13735676
1755182422 1423 7102436 13735676
1755182423 1425 7102436 13735676
1755182425 1426 7102436 13735676
1755182426 1428 7102436 13735676
1755182427 1431 7102436 13735676
1755182428 1433 7102436 13735676
1755182429 1434 7102436 13735676
1755182430 1436 7102436 13735676
1755182431 1424 7102436 13735676
1755182432 1426 7102436 13735676
1755182433 1428 7102436 13735676
1755182435 1431 7102436 13735676
1755182436 1433 7102436 13735676
1755182437 1435 7102436 13735676
1755182438 1436 7102436 13735676
1755182439 1437 7102436 13735676
1755182440 1438 7102436 13735676
1755182441 1427 7102436 13735676
1755182442 1430 7102436 13735676
1755182443 1432 7102436 13735676
1755182445 1434 7102436 13735676
1755182446 1436 7102436 13735676
1755182447 1438 7102564 13735676
1755182448 1441 7102564 13735676
1755182449 1443 7102564 13735676
1755182450 1446 7102564 13735676
1755182451 1436 7102564 13735676
1755182452 1439 7102692 13735676
1755182453 1441 7102692 13735676
1755182455 1443 7102692 13735676
1755182456 1446 7102948 13735676
1755182457 1448 7102948 13735676
1755182458 1449 7102948 13735676
1755182459 1450 7103332 13735676
1755182460 1451 7103332 13735676
1755182461 1442 7103332 13735676
1755182462 1444 7103716 13735676
1755182463 1445 7103716 13735676
1755182465 1447 7103844 13735676
1755182466 1448 7103844 13735676
1755182467 1449 7103844 13735676
1755182468 1449 7103844 13735676
1755182469 1450 7103844 13735676
1755182470 1450 7103844 13735676
1755182471 1441 7103844 13735676
1755182472 1443 7103844 13735676
1755182473 1444 7103844 13735676
1755182475 1446 7103844 13735676
1755182476 1448 7104228 13735676
1755182477 1449 7104228 13735676
1755182478 1451 7104356 13735676
1755182479 1453 7104356 13735676
1755182480 1455 7104356 13735676
1755182481 1447 7104484 13735676
1755182482 1449 7104484 13735676
1755182483 1451 7104484 13735676
1755182485 1453 7104484 13735676
1755182486 1455 7104484 13735676
1755182487 1457 7104484 13735676
1755182488 1458 7104484 13735676
1755182489 1460 7104484 13735676
1755182490 1461 7104484 13735676
1755182491 1454 7104484 13735676
1755182492 1455 7104484 13735676
1755182493 1456 7104484 13735676
1755182495 1457 7104484 13735676
1755182496 1458 7104484 13735676
1755182497 1459 7104484 13735676
1755182498 1460 7104484 13735676
1755182499 1460 7104484 13735676
1755182500 1460 7104484 13735676
1755182501 1452 7104484 13735676
1755182502 1451 7104484 13735676
1755182503 1453 7104484 13735676
1755182505 1454 7104484 13735676
1755182506 1455 7104484 13735676
1755182507 1457 7104484 13735676
1755182508 1459 7104484 13735676
1755182509 1460 7104612 13735676
1755182510 1461 7104612 13735676
1755182511 1455 7104740 13735676
1755182512 1456 7104740 13735676
1755182513 1458 7104996 13735676
1755182515 1460 7104996 13735676
1755182516 1461 7105124 13735676
1755182517 1462 7105124 13735676
1755182518 1464 7105380 13735676
1755182519 1466 7105380 13735676
1755182520 1467 7105508 13735676
1755182521 1461 7105508 13735676
1755182522 1462 7105636 13735676
1755182523 1463 7105636 13735676
1755182525 1464 7105892 13735676
1755182526 1466 7105892 13735676
1755182527 1467 7106020 13735676
1755182528 1468 7106020 13735676
1755182529 1468 7106148 13735676
1755182530 1461 7106148 13735676
1755182531 1461 7106148 13735676
1755182532 1462 7106404 13735676
1755182533 1461 7106404 13735676
1755182535 1462 7106404 13735676
1755182536 1463 7106404 13735676
1755182537 1463 7106404 13735676
1755182538 1464 7106532 13735676
1755182539 1465 7106532 13735676
1755182540 1466 7106532 13735676
1755182541 1460 7106532 13735676
1755182542 1461 7106532 13735676
1755182543 1463 7106532 13735676
1755182545 1464 7106532 13735676
1755182546 1465 7106532 13735676
1755182547 1466 7106532 13735676
1755182548 1468 7106532 13735676
1755182549 1469 7106532 13735676
1755182550 1470 7106532 13735676
1755182551 1465 7106532 13735676
1755182552 1466 7106532 13735676
1755182553 1467 7106532 13735676
1755182555 1468 7106660 13735676
1755182556 1469 7106660 13735676
1755182557 1470 7106660 13735676
1755182558 1472 7106916 13735676
1755182559 1473 7106916 13735676
1755182560 1474 7107044 13735676
1755182561 1468 7107044 13735676
1755182562 1468 7107172 13735676
1755182563 1467 7107172 13735676
1755182565 1467 7107300 13735676
1755182566 1468 7107300 13735676
1755182567 1469 7107684 13735676
1755182568 1470 7107684 13735676
1755182569 1470 7107812 13735676
1755182570 1471 7107812 13735676
1755182571 1465 7107812 13735676
1755182572 1466 7107812 13735676
1755182573 1467 7108068 13735676
1755182575 1468 7108324 13735676
1755182576 1469 7108324 13735676
1755182577 1470 7108324 13735676
1755182578 1471 7108452 13735676
1755182579 1472 7108452 13735676
1755182580 1473 7108452 13735676
1755182581 1468 7108452 13735676
1755182582 1470 7108452 13735676
1755182583 1470 7108452 13735676
1755182585 1471 7108452 13735676
1755182586 1472 7108452 13735676
1755182587 1473 7108580 13735676
1755182588 1474 7108580 13735676
1755182589 1475 7108580 13735676
1755182590 1476 7108708 13735676
1755182591 1472 7108708 13735676
1755182592 1472 7108708 13735676
1755182593 1472 7108708 13735676
1755182594 1473 7108708 13735676
1755182596 1472 7108708 13735676
1755182597 1472 7108708 13735676
1755182598 1473 7108964 13735676
1755182599 1473 7109348 13735676
1755182600 1474 7109348 13735676
1755182601 1475 7109476 13735676
1755182602 1470 7109604 13735676
1755182603 1470 7109604 13735676
1755182604 1471 7109604 13735676
1755182605 1471 7109988 13735676
1755182607 1472 7109988 13735676
1755182608 1473 7109988 13735676
1755182609 1474 7110116 13735676
1755182610 1475 7110116 13735676
1755182611 1476 7110244 13735676
1755182612 1477 7110372 13735676
1755182613 1472 7110372 13735676
1755182614 1473 7110500 13735676
1755182615 1474 7110500 13735676
1755182617 1475 7110500 13735676
1755182618 1476 7110628 13735676
1755182619 1477 7110628 13735676
1755182620 1478 7110628 13735676
1755182621 1478 7110756 13735676
1755182622 1479 7110756 13735676
1755182623 1475 7110884 13735676
1755182624 1475 7110884 13735676
1755182625 1475 7110884 13735676
1755182626 1476 7111140 13735676
1755182628 1476 7111140 13735676
1755182629 1477 7111268 13735676
1755182630 1477 7111652 13735676
1755182631 1477 7111652 13735676
1755182632 1478 7111652 13735676
1755182633 1478 7111780 13735676
1755182634 1474 7111780 13735676
1755182635 1475 7112036 13735676
1755182636 1476 7112036 13735676
1755182638 1476 7112164 13735676
1755182639 1477 7112292 13735676
1755182640 1477 7112420 13735676
1755182641 1478 7112420 13735676
1755182642 1478 7112548 13735676
1755182643 1479 7112676 13735676
1755182644 1480 7112804 13735676
1755182645 1476 7112804 13735676
1755182646 1477 7112804 13735676
1755182647 1477 7112932 13735676
1755182649 1478 7113060 13735676
1755182650 1479 7113444 13735676
1755182651 1479 7113444 13735676
1755182652 1480 7113700 13735676
1755182653 1481 7113700 13735676
1755182654 1482 7114084 13735676
1755182655 1482 7114212 13735676
1755182656 1477 7114340 13735676
1755182657 1477 7114340 13735676
1755182658 1478 7114340 13735676
1755182659 1478 7114468 13735676
1755182661 1479 7114596 13735676
1755182662 1479 7114852 13735676
1755182663 1480 7114852 13735676
1755182664 1480 7115236 13735676
1755182665 1480 7115364 13735676
1755182666 1481 7115364 13735676
1755182667 1481 7115492 13735676
1755182668 1482 7115620 13735676
1755182669 1478 7115876 13735676
1755182670 1479 7116388 13735676
1755182671 1479 7116388 13735676
1755182673 1480 7116644 13735676
1755182674 1480 7116772 13735676
1755182675 1480 7116900 13735676
1755182676 1481 7117028 13735676
1755182677 1481 7117540 13735676
1755182678 1482 7117796 13735676
1755182679 1483 7118436 13735676
1755182680 1483 7119076 13735676
1755182681 1480 7119844 13735676
1755182682 1478 7121124 13735676
1755182683 1479 7201192 13735676
1755182684 1478 7438916 13735676
1755182685 1477 7438916 13735676
1755182687 1475 8000128 13735676
1755182688 1472 8354432 13735676
1755182689 1472 8354432 13735676
1755182690 1470 8354432 13735676
1755182691 1469 8354432 13735676
1755182692 1469 10113812 13735676
1755182693 1465 10212116 13735676
1755182694 1461 10638100 13735676
1755182695 1457 10638100 13735676
1755182696 1454 11412244 13735676
1755182697 1454 11853076 13735676
1755182698 1454 11853076 13735676
1755182699 1454 11853076 13735676
1755182700 1450 11853076 13735676
1755182701 1451 11853076 13735676
1755182702 1449 11853076 13735676
1755182703 1450 11853076 13735676
1755182705 1450 11853076 13735676
1755182706 1451 11853076 13735676
1755182707 1451 11853076 13735676
1755182708 1449 11853076 13735676
1755182709 1449 11853204 13735676
1755182710 1449 11853204 13735676
1755182711 1450 11853204 13735676
1755182712 1451 11853204 13735676
1755182713 1448 11853204 13735676
1755182714 1448 11853204 13735676
1755182715 1449 11853204 13735676
1755182717 1450 11853204 13735676
1755182718 1450 11853204 13735676
1755182719 1450 11853204 13735676
1755182720 1450 11853204 13735676
1755182721 1450 11853204 13735676
1755182722 1451 11853204 13735676
1755182723 1452 11853204 13735676
1755182724 1449 11853204 13735676
1755182725 1449 11853204 13735676
1755182726 1450 11853204 13735676
1755182727 1450 11853204 13735676
1755182729 1451 11853204 13735676
1755182730 1452 11853204 13735676
1755182731 1452 11853204 13735676
1755182732 1453 11853204 13735676
1755182733 1453 11853204 13735676
1755182734 1454 11853204 13735676
1755182735 1454 11853204 13735676
1755182736 1451 11853204 13735676
1755182737 1452 11853204 13735676
1755182738 1453 11853204 13735676
1755182740 1453 11853204 13735676
1755182741 1453 11853204 13735676
1755182742 1454 11853204 13735676
1755182743 1454 11853204 13735676
1755182744 1454 11853204 13735676
1755182745 1455 11853204 13735676
1755182746 1456 11853204 13735676
1755182747 1456 11853204 13735676
1755182748 1453 11853204 13735676
1755182749 1453 11853204 13735676
1755182750 1453 11853204 13735676
1755182751 1453 11853204 13735676
1755182753 1454 11853204 13735676
1755182754 1454 11853204 13735676
1755182755 1455 11853204 13735676
1755182756 1455 11853204 13735676
1755182757 1456 11853204 13735676
1755182758 1456 11853204 13735676
1755182759 1457 11853204 13735676
1755182760 1457 11853204 13735676
1755182761 1455 11853204 13735676
1755182762 1455 11853204 13735676
1755182763 1456 11853204 13735676
1755182765 1457 11853204 13735676
1755182766 1457 11853204 13735676
1755182767 1457 11853204 13735676
1755182768 1458 11853204 13735676
1755182769 1458 11853204 13735676
1755182770 1459 11853204 13735676
1755182771 1459 11853204 13735676
1755182772 1456 11853204 13735676
1755182773 1457 11853204 13735676
1755182774 1457 11853204 13735676
1755182775 1457 11853204 13735676
1755182777 1458 11853204 13735676
1755182778 1458 11853204 13735676
1755182779 1459 11853204 13735676
1755182780 1459 11853204 13735676
1755182781 1459 11853204 13735676
1755182782 1459 11853204 13735676
1755182783 1460 11853204 13735676
1755182784 1457 11853204 13735676
1755182785 1457 11853204 13735676
1755182786 1458 11853204 13735676
1755182788 1458 11853204 13735676
1755182789 1459 11853204 13735676
1755182790 1459 11853204 13735676
1755182791 1460 11853204 13735676
1755182792 1460 11853204 13735676
1755182793 1461 11853204 13735676
1755182794 1461 11853204 13735676
1755182795 1459 11853204 13735676
1755182796 1459 11853204 13735676
1755182797 1460 11853204 13735676
1755182799 1461 11853204 13735676
1755182800 1461 11853204 13735676
1755182801 1461 11853204 13735676
1755182802 1462 11853204 13735676
1755182803 1462 11853204 13735676
1755182804 1462 11853204 13735676
1755182805 1463 11853204 13735676
1755182806 1460 7187648 8493712
1755182807 1461 7187648 8493712
1755182808 1461 7187648 8493712
1755182810 1461 7187648 8493712
1755182811 1461 7187648 8493712
1755182812 1461 7187648 8493712
1755182813 1461 7187648 8493712
1755182814 1461 7187648 8493712
1755182815 1462 7187648 8493712
1755182816 1462 7187648 8493712
1755182817 1460 7187648 8493712
1755182818 1460 7187648 8493712
1755182819 1460 7187648 8493712
1755182820 1461 7187648 8493712
1755182822 1461 7187648 8493712
1755182823 1461 5429880 6735896
1755182824 1462 5429880 6735896
1755182825 1462 5429880 6735896
1755182826 1463 5429880 6735896
1755182827 1463 5429880 6735896
1755182828 1461 5429880 6735896
1755182829 1461 5429880 6735896
1755182830 1462 5429880 6735896
1755182832 1462 5429880 6735896
1755182833 1463 5429880 6735896
1755182834 1463 5429880 6735896
1755182835 1463 5429880 6735896
1755182836 1463 5429880 6735896
1755182837 1464 5429880 6735896
1755182838 1462 7800068 12009344
1755182839 1459 3673664 6735896
