1755173050  0.0 16640 676412
1755173051  805 842364 2797144
1755173052 1225 842364 2797144
1755173053 1394 842364 2797144
1755173054 1466 842492 2797144
1755173055 1479 842492 2797144
1755173056 1285 842620 2797144
1755173057 1335 842620 2797144
1755173058 1365 842748 2797144
1755173059 1379 842748 2797144
1755173061 1391 843004 2797144
1755173062 1411 843388 2797144
1755173063 1436 844412 2797144
1755173064 1454 844540 2797144
1755173065 1471 844668 2797144
1755173066 1487 846460 2797144
1755173067 1497 848380 2797144
1755173068 1491 1223884 2797144
1755173069 1397 1386572 2797144
1755173070 1411 1386572 2797144
1755173071 1424 1386572 2797144
1755173072 1438 882912 2243700
