1755173372  0.0 15616 675388
1755173373  298 933504 2275172
1755173374  540 1817932 4505852
1755173375  939 1820108 4506364
1755173376 1133 1820108 4506364
1755173377 1254 1820108 4506364
1755173378 1145 1820236 4506364
1755173379 1218 1820236 4506364
1755173380 1267 1820236 4506364
1755173382 1287 1820236 4506364
1755173383 1305 1820236 4506364
1755173384 1321 1820236 4506364
1755173385 1347 1820364 4506364
1755173386 1373 1820620 4506364
1755173387 1398 1821388 4506364
1755173388 1336 1821644 4506364
1755173389 1356 1821772 4506364
1755173390 1375 1822156 4506364
1755173391 1390 1822156 4506364
1755173393 1407 1822156 4506364
1755173394 1421 1822156 4506364
1755173395 1435 1822156 4506364
1755173396 1446 1822156 4506364
1755173397 1450 1822156 4506364
1755173398 1451 1822156 4506364
1755173399 1459 1822284 4506364
1755173400 1419 1822412 4506364
1755173401 1426 1822540 4506364
1755173402 1435 1822924 4506364
1755173404 1438 1823052 4506364
1755173405 1440 1823436 4506364
1755173406 1444 1823564 4506364
1755173407 1450 1824076 4506364
1755173408 1457 1824204 4506364
1755173409 1464 1824204 4506364
1755173410 1471 1824204 4506364
1755173411 1476 1824204 4506364
1755173412 1445 1824460 4506364
1755173413 1446 1824844 4506364
1755173414 1451 1825356 4506364
1755173416 1453 1825740 4506364
1755173417 1454 1825740 4506364
1755173418 1455 1825996 4506364
1755173419 1458 1826252 4506364
1755173420 1464 1826380 4506364
1755173421 1468 1826508 4506364
1755173422 1472 1827916 4506364
1755173423 1477 1828556 4506364
1755173424 1477 1904576 4506364
1755173425 1446 2144216 4506364
1755173426 1429 2715664 4506364
1755173427 1423 3024912 4506364
1755173428 1419 3025168 4506364
1755173429 1422 3025936 4506364
1755173431 1427 3025936 4506364
1755173432 1432 3025936 4506364
1755173433 1436 3025936 4506364
1755173434 1439 3025936 4506364
1755173435 1440 3025936 4506364
1755173436 1441 3025936 4506364
1755173437 1445 3025936 4506364
1755173438 1448 3025936 4506364
1755173439 1431 3025936 4506364
1755173440 1435 3025936 4506364
1755173441 1439 3025936 4506364
1755173443 1442 1874052 3220360
1755173444 1446 1874052 3220360
1755173445 1450 1434600 2780904
1755173446 1447 2343488 4099272
