1755174982  0.0 17024 676412
1755174983  163 1273668 2958760
1755174984  143 1222528 2958760
1755174985  266 3185800 6898648
1755174986  560 3188232 6899176
1755174987  743 3188232 6899176
1755174989  865 3188232 6899176
1755174990  962 3188232 6899176
1755174991 1031 3188360 6899176
1755174992 1083 3188360 6899176
1755174993 1140 3188360 6899176
1755174994 1192 3188360 6899176
1755174995 1217 3188360 6899176
1755174996 1155 3188488 6899176
1755174997 1184 3188488 6899176
1755174998 1206 3188872 6899176
1755175000 1225 3188872 6899176
1755175001 1241 3189640 6899176
1755175002 1264 3189768 6899176
1755175003 1285 3190024 6899176
1755175004 1307 3190152 6899176
1755175005 1324 3190152 6899176
1755175006 1285 3190152 6899176
1755175007 1301 3190152 6899176
1755175008 1311 3190152 6899176
1755175010 1322 3190152 6899176
1755175011 1333 3190152 6899176
1755175012 1345 3190152 6899176
1755175013 1358 3190152 6899176
1755175014 1371 3190152 6899176
1755175015 1380 3190152 6899176
1755175016 1352 3190152 6899176
1755175017 1362 3190152 6899176
1755175018 1372 3190152 6899176
1755175020 1383 3190152 6899176
1755175021 1391 3190152 6899176
1755175022 1400 3190152 6899176
1755175023 1405 3190152 6899176
1755175024 1411 3190152 6899176
1755175025 1415 3190152 6899176
1755175026 1416 3190280 6899176
1755175027 1387 3190280 6899176
1755175028 1391 3190408 6899176
1755175029 1395 3190920 6899176
1755175031 1396 3190920 6899176
1755175032 1399 3190920 6899176
1755175033 1405 3191432 6899176
1755175034 1412 3191560 6899176
1755175035 1418 3192200 6899176
1755175036 1425 3192200 6899176
1755175037 1403 3192200 6899176
1755175038 1409 3192200 6899176
1755175039 1414 3192200 6899176
1755175041 1419 3192200 6899176
1755175042 1423 3192200 6899176
1755175043 1426 3192200 6899176
1755175044 1430 3192200 6899176
1755175045 1432 3192200 6899176
1755175046 1436 3192200 6899176
1755175047 1419 3192200 6899176
1755175048 1424 3192200 6899176
1755175049 1429 3192200 6899176
1755175051 1433 3192200 6899176
1755175052 1437 3192200 6899176
1755175053 1442 3192328 6899176
1755175054 1446 3192968 6899176
1755175055 1450 3193096 6899176
1755175056 1454 3193480 6899176
1755175057 1436 3193608 6899176
1755175058 1436 3193608 6899176
1755175059 1436 3194120 6899176
1755175060 1436 3194120 6899176
1755175062 1437 3194120 6899176
1755175063 1438 3194248 6899176
1755175064 1442 3194248 6899176
1755175065 1445 3194248 6899176
1755175066 1449 3194248 6899176
1755175067 1452 3194248 6899176
1755175068 1438 3194248 6899176
1755175069 1440 3194248 6899176
1755175070 1443 3194248 6899176
1755175071 1446 3194248 6899176
1755175073 1449 3195016 6899176
1755175074 1452 3195272 6899176
1755175075 1454 3195528 6899176
1755175076 1457 3195912 6899176
1755175077 1458 3196168 6899176
1755175078 1460 3196168 6899176
1755175079 1461 3196296 6899176
1755175080 1449 3196296 6899176
1755175081 1451 3196296 6899176
1755175082 1454 3196296 6899176
1755175083 1457 3196424 6899176
1755175085 1459 3196936 6899176
1755175086 1462 3197320 6899176
1755175087 1464 3198088 6899176
1755175088 1466 3198344 6899176
1755175089 1466 3198344 6899176
1755175090 1467 3198344 6899176
1755175091 1467 3198344 6899176
1755175092 1467 3198344 6899176
1755175093 1454 3198344 6899176
1755175094 1454 3198344 6899176
1755175095 1456 3199112 6899176
1755175096 1458 3200136 6899176
1755175098 1460 3200776 6899176
1755175099 1459 3214340 6899176
1755175100 1459 3348168 6899176
1755175101 1455 3598160 6899176
1755175102 1451 3755856 6899176
1755175103 1446 4538272 6899176
1755175104 1435 4769696 6899176
1755175105 1424 5314336 6899176
1755175106 1426 5314848 6899176
1755175107 1427 5314848 6899176
1755175108 1428 5314848 6899176
1755175109 1427 5314976 6899176
1755175110 1418 5314976 6899176
1755175111 1419 5314976 6899176
1755175112 1420 5314976 6899176
1755175113 1422 5314976 6899176
1755175115 1424 5314976 6899176
1755175116 1426 5314976 6899176
1755175117 1428 5314976 6899176
1755175118 1430 5314976 6899176
1755175119 1432 5314976 6899176
1755175120 1433 5314976 6899176
1755175121 1434 5314976 6899176
1755175122 1425 5314976 6899176
1755175123 1425 5314976 6899176
1755175124 1426 5314976 6899176
1755175125 1426 5314976 6899176
1755175127 1427 5314976 6899176
1755175128 1428 5314976 6899176
1755175129 1429 5314976 6899176
1755175130 1431 5314976 6899176
1755175131 1433 5314976 6899176
1755175132 1434 5314976 6899176
1755175133 1436 5314976 6899176
1755175134 1428 5314976 6899176
1755175135 1430 5314976 6899176
1755175136 1432 5314976 6899176
1755175138 1434 5314976 6899176
1755175139 1436 5314976 6899176
1755175140 1437 5314976 6899176
1755175141 1439 5314976 6899176
1755175142 1441 3254968 4587328
1755175143 1442 3254968 4587328
1755175144 1444 3254968 4587328
1755175145 1444 3254968 4587328
1755175146 1436 3254968 4587328
1755175147 1437 2473620 3806076
1755175148 1439 2473620 3806076
1755175150 1441 2473620 3806076
1755175151 1442 2473620 3806076
