1755180282  0.0 16256 676412
1755180283  326 1183068 3153964
1755180284  215 3164752 4911916
1755180285  177 3273440 4911916
1755180286  159 3193948 4911916
1755180287  147 7086500 13702280
1755180288  311 7093900 13735048
1755180289  482 7093900 13735048
1755180290  611 7100300 13735676
1755180291  722 7100300 13735676
1755180292  799 7100300 13735676
1755180293  808 7100300 13735676
1755180294  879 7100300 13735676
1755180295  942 7100300 13735676
1755180297  994 7100300 13735676
1755180298 1042 7100300 13735676
1755180299 1081 7100300 13735676
1755180300 1114 7100300 13735676
1755180301 1147 7100300 13735676
1755180302 1173 7100300 13735676
1755180303 1140 7100300 13735676
1755180304 1159 7100300 13735676
1755180305 1180 7100300 13735676
1755180307 1199 7100300 13735676
1755180308 1214 7100300 13735676
1755180309 1225 7100300 13735676
1755180310 1235 7100300 13735676
1755180311 1247 7100300 13735676
1755180312 1264 7100300 13735676
1755180313 1276 7100300 13735676
1755180314 1248 7100300 13735676
1755180315 1263 7100300 13735676
1755180316 1272 7100300 13735676
1755180318 1285 7100300 13735676
1755180319 1296 7100428 13735676
1755180320 1308 7100428 13735676
1755180321 1316 7100428 13735676
1755180322 1322 7100428 13735676
1755180323 1330 7100428 13735676
1755180324 1305 7100428 13735676
1755180325 1314 7100428 13735676
1755180326 1320 7100428 13735676
1755180328 1328 7100428 13735676
1755180329 1337 7100428 13735676
1755180330 1345 7100428 13735676
1755180331 1351 7100428 13735676
1755180332 1359 7100428 13735676
1755180333 1366 7100428 13735676
1755180334 1348 7100556 13735676
1755180335 1355 7100556 13735676
1755180336 1361 7100556 13735676
1755180338 1366 7100940 13735676
1755180339 1369 7100940 13735676
1755180340 1371 7100940 13735676
1755180341 1372 7100940 13735676
1755180342 1375 7101196 13735676
1755180343 1382 7101324 13735676
1755180344 1366 7101324 13735676
1755180345 1366 7101324 13735676
1755180346 1372 7101580 13735676
1755180348 1376 7101580 13735676
1755180349 1380 7101580 13735676
1755180350 1385 7101964 13735676
1755180351 1388 7101964 13735676
1755180352 1393 7101964 13735676
1755180353 1395 7101964 13735676
1755180354 1400 7101964 13735676
1755180355 1385 7101964 13735676
1755180356 1391 7101964 13735676
1755180357 1395 7101964 13735676
1755180359 1398 7101964 13735676
1755180360 1402 7101964 13735676
1755180361 1404 7102092 13735676
1755180362 1408 7102092 13735676
1755180363 1410 7102092 13735676
1755180364 1414 7102220 13735676
1755180365 1401 7102220 13735676
1755180366 1405 7102220 13735676
1755180368 1408 7102220 13735676
1755180369 1412 7102220 13735676
1755180370 1416 7102220 13735676
1755180371 1418 7102348 13735676
1755180372 1418 7102348 13735676
1755180373 1418 7102348 13735676
1755180374 1419 7102348 13735676
1755180375 1406 7102348 13735676
1755180376 1409 7102348 13735676
1755180377 1411 7102348 13735676
1755180379 1415 7102348 13735676
1755180380 1417 7102348 13735676
1755180381 1420 7102348 13735676
1755180382 1423 7102348 13735676
1755180383 1426 7102348 13735676
1755180384 1427 7102348 13735676
1755180385 1416 7102348 13735676
1755180386 1419 7102348 13735676
1755180387 1422 7102348 13735676
1755180389 1425 7102348 13735676
1755180390 1428 7102348 13735676
1755180391 1431 7102476 13735676
1755180392 1434 7102476 13735676
1755180393 1436 7102476 13735676
1755180394 1437 7102476 13735676
1755180395 1426 7102476 13735676
1755180396 1428 7102476 13735676
1755180397 1430 7102476 13735676
1755180399 1432 7102604 13735676
1755180400 1435 7102604 13735676
1755180401 1437 7102604 13735676
1755180402 1439 7102604 13735676
1755180403 1439 7102604 13735676
1755180404 1441 7102604 13735676
1755180405 1430 7102604 13735676
1755180406 1430 7102604 13735676
1755180407 1429 7102604 13735676
1755180408 1430 7102732 13735676
1755180410 1431 7102732 13735676
1755180411 1432 7102732 13735676
1755180412 1434 7102988 13735676
1755180413 1436 7102988 13735676
1755180414 1439 7102988 13735676
1755180415 1440 7102988 13735676
1755180416 1431 7102988 13735676
1755180417 1433 7102988 13735676
1755180418 1436 7103500 13735676
1755180420 1438 7103500 13735676
1755180421 1440 7103884 13735676
1755180422 1442 7103884 13735676
1755180423 1445 7104012 13735676
1755180424 1447 7104012 13735676
1755180425 1438 7104012 13735676
1755180426 1440 7104012 13735676
1755180427 1442 7104012 13735676
1755180429 1443 7104012 13735676
1755180430 1444 7104140 13735676
1755180431 1446 7104140 13735676
1755180432 1447 7104140 13735676
1755180433 1448 7104268 13735676
1755180434 1448 7104268 13735676
1755180435 1449 7104268 13735676
1755180436 1441 7104268 13735676
1755180437 1442 7104268 13735676
1755180438 1443 7104268 13735676
1755180440 1444 7104268 13735676
1755180441 1445 7104268 13735676
1755180442 1446 7104268 13735676
1755180443 1446 7104396 13735676
1755180444 1448 7104396 13735676
1755180445 1449 7104396 13735676
1755180446 1442 7104396 13735676
1755180447 1443 7104396 13735676
1755180448 1444 7104396 13735676
1755180450 1446 7104396 13735676
1755180451 1448 7104396 13735676
1755180452 1450 7104396 13735676
1755180453 1452 7104396 13735676
1755180454 1454 7104396 13735676
1755180455 1447 7104396 13735676
1755180456 1448 7104396 13735676
1755180457 1450 7104396 13735676
1755180459 1451 7104524 13735676
1755180460 1453 7104524 13735676
1755180461 1454 7104524 13735676
1755180462 1456 7104524 13735676
1755180463 1457 7104524 13735676
1755180464 1458 7104652 13735676
1755180465 1458 7104652 13735676
1755180466 1450 7104652 13735676
1755180467 1450 7104652 13735676
1755180468 1451 7104652 13735676
1755180470 1452 7104908 13735676
1755180471 1452 7104908 13735676
1755180472 1453 7104908 13735676
1755180473 1454 7105164 13735676
1755180474 1455 7105164 13735676
1755180475 1456 7105164 13735676
1755180476 1449 7105548 13735676
1755180477 1449 7105548 13735676
1755180478 1449 7105676 13735676
1755180480 1450 7105676 13735676
1755180481 1452 7105804 13735676
1755180482 1454 7105804 13735676
1755180483 1455 7105804 13735676
1755180484 1456 7105804 13735676
1755180485 1458 7106060 13735676
1755180486 1452 7106060 13735676
1755180487 1453 7106188 13735676
1755180488 1454 7106188 13735676
1755180490 1456 7106188 13735676
1755180491 1457 7106188 13735676
1755180492 1459 7106188 13735676
1755180493 1460 7106188 13735676
1755180494 1461 7106316 13735676
1755180495 1462 7106316 13735676
1755180496 1456 7106444 13735676
1755180497 1456 7106444 13735676
1755180498 1456 7106444 13735676
1755180500 1457 7106444 13735676
1755180501 1457 7106444 13735676
1755180502 1458 7106444 13735676
1755180503 1458 7106444 13735676
1755180504 1459 7106444 13735676
1755180505 1459 7106444 13735676
1755180506 1454 7106444 13735676
1755180507 1455 7106444 13735676
1755180508 1456 7106444 13735676
1755180509 1456 7106572 13735676
1755180511 1457 7106572 13735676
1755180512 1457 7106572 13735676
1755180513 1458 7106572 13735676
1755180514 1459 7106828 13735676
1755180515 1460 7106828 13735676
1755180516 1461 7106956 13735676
1755180517 1455 7106956 13735676
1755180518 1456 7106956 13735676
1755180519 1457 7106956 13735676
1755180520 1458 7106956 13735676
1755180522 1459 7107084 13735676
1755180523 1460 7107084 13735676
1755180524 1461 7107212 13735676
1755180525 1462 7107212 13735676
1755180526 1463 7107724 13735676
1755180527 1464 7107852 13735676
1755180528 1458 7107852 13735676
1755180529 1459 7107852 13735676
1755180530 1460 7107980 13735676
1755180532 1461 7107980 13735676
1755180533 1461 7107980 13735676
1755180534 1462 7108108 13735676
1755180535 1462 7108108 13735676
1755180536 1462 7108108 13735676
1755180537 1463 7108236 13735676
1755180538 1459 7108236 13735676
1755180539 1459 7108236 13735676
1755180540 1460 7108236 13735676
1755180542 1461 7108236 13735676
1755180543 1462 7108236 13735676
1755180544 1463 7108364 13735676
1755180545 1463 7108364 13735676
1755180546 1464 7108364 13735676
1755180547 1465 7108364 13735676
1755180548 1460 7108364 13735676
1755180549 1461 7108492 13735676
1755180550 1462 7108492 13735676
1755180551 1463 7108492 13735676
1755180553 1463 7108876 13735676
1755180554 1464 7108876 13735676
1755180555 1465 7108876 13735676
1755180556 1467 7108876 13735676
1755180557 1467 7109004 13735676
1755180558 1468 7109132 13735676
1755180559 1463 7109260 13735676
1755180560 1464 7109388 13735676
1755180561 1464 7109388 13735676
1755180563 1465 7109516 13735676
1755180564 1466 7109772 13735676
1755180565 1466 7109772 13735676
1755180566 1467 7109900 13735676
1755180567 1468 7109900 13735676
1755180568 1468 7109900 13735676
1755180569 1469 7110028 13735676
1755180570 1464 7110028 13735676
1755180571 1464 7110028 13735676
1755180572 1465 7110028 13735676
1755180574 1466 7110156 13735676
1755180575 1467 7110156 13735676
1755180576 1468 7110156 13735676
1755180577 1469 7110412 13735676
1755180578 1470 7110412 13735676
1755180579 1470 7110412 13735676
1755180580 1466 7110412 13735676
1755180581 1466 7110540 13735676
1755180582 1467 7110796 13735676
1755180584 1468 7110924 13735676
1755180585 1469 7110924 13735676
1755180586 1469 7110924 13735676
1755180587 1470 7111052 13735676
1755180588 1471 7111180 13735676
1755180589 1472 7111564 13735676
1755180590 1467 7111564 13735676
1755180591 1468 7111692 13735676
1755180592 1468 7111948 13735676
1755180593 1469 7111948 13735676
1755180595 1469 7112076 13735676
1755180596 1470 7112076 13735676
1755180597 1471 7112076 13735676
1755180598 1472 7112076 13735676
1755180599 1472 7112076 13735676
1755180600 1473 7112076 13735676
1755180601 1469 7112332 13735676
1755180602 1469 7112460 13735676
1755180603 1470 7112588 13735676
1755180605 1470 7112588 13735676
1755180606 1471 7112716 13735676
1755180607 1471 7112716 13735676
1755180608 1472 7112972 13735676
1755180609 1473 7112972 13735676
1755180610 1474 7113356 13735676
1755180611 1474 7113484 13735676
1755180612 1471 7113868 13735676
1755180613 1471 7113868 13735676
1755180614 1471 7113996 13735676
1755180616 1471 7114124 13735676
1755180617 1472 7114124 13735676
1755180618 1473 7114252 13735676
1755180619 1473 7114252 13735676
1755180620 1474 7114508 13735676
1755180621 1474 7114508 13735676
1755180622 1474 7114636 13735676
1755180623 1475 7114764 13735676
1755180624 1471 7114892 13735676
1755180625 1472 7115148 13735676
1755180626 1472 7115276 13735676
1755180627 1473 7115788 13735676
1755180629 1473 7116172 13735676
1755180630 1474 7116172 13735676
1755180631 1474 7116300 13735676
1755180632 1475 7116556 13735676
1755180633 1476 7116556 13735676
1755180634 1476 7117196 13735676
1755180635 1477 7117452 13735676
1755180636 1473 7117964 13735676
1755180637 1474 7118220 13735676
1755180638 1474 7118348 13735676
1755180639 1474 7118476 13735676
1755180641 1475 7119372 13735676
1755180642 1476 7120908 13735676
1755180643 1474 7136476 13735676
1755180644 1474 7203536 13735676
1755180645 1474 7439212 13735676
1755180646 1473 7439212 13735676
1755180647 1470 8000420 13735676
1755180648 1469 8354724 13735676
1755180649 1468 8354724 13735676
1755180650 1465 8354724 13735676
1755180651 1465 8354724 13735676
1755180652 1460 10114220 13735676
1755180653 1456 10509484 13735676
1755180654 1452 10638508 13735676
1755180655 1449 10638508 13735676
1755180656 1445 11853100 13735676
1755180657 1446 11853100 13735676
1755180659 1446 11853100 13735676
1755180660 1447 11853100 13735676
1755180661 1448 11853100 13735676
1755180662 1446 11853100 13735676
1755180663 1447 11853100 13735676
1755180664 1447 11853100 13735676
1755180665 1448 11853100 13735676
1755180666 1448 11853100 13735676
1755180667 1448 11853100 13735676
1755180668 1442 11853228 13735676
1755180669 1443 11853228 13735676
1755180670 1443 11853228 13735676
1755180672 1444 11853228 13735676
1755180673 1444 11853228 13735676
1755180674 1444 11853228 13735676
1755180675 1445 11853228 13735676
1755180676 1446 11853228 13735676
1755180677 1446 11853228 13735676
1755180678 1447 11853228 13735676
1755180679 1448 11853228 13735676
1755180680 1444 11853228 13735676
1755180681 1445 11853228 13735676
1755180682 1445 11853228 13735676
1755180684 1445 11853228 13735676
1755180685 1445 11853228 13735676
1755180686 1446 11853228 13735676
1755180687 1446 11853228 13735676
1755180688 1447 11853228 13735676
1755180689 1448 11853228 13735676
1755180690 1448 11853228 13735676
1755180691 1449 11853228 13735676
1755180692 1446 11853228 13735676
1755180693 1446 11853228 13735676
1755180694 1447 11853228 13735676
1755180696 1447 11853228 13735676
1755180697 1448 11853228 13735676
1755180698 1449 11853228 13735676
1755180699 1449 11853228 13735676
1755180700 1450 11853228 13735676
1755180701 1450 11853228 13735676
1755180702 1451 11853228 13735676
1755180703 1448 11853228 13735676
1755180704 1449 11853228 13735676
1755180705 1449 11853228 13735676
1755180706 1449 11853228 13735676
1755180708 1450 11853228 13735676
1755180709 1450 11853228 13735676
1755180710 1451 11853228 13735676
1755180711 1452 11853228 13735676
1755180712 1452 11853228 13735676
1755180713 1453 11853228 13735676
1755180714 1453 11853228 13735676
1755180715 1449 11853228 13735676
1755180716 1449 11853228 13735676
1755180717 1450 11853228 13735676
1755180718 1450 11853228 13735676
1755180720 1451 11853228 13735676
1755180721 1451 11853228 13735676
1755180722 1452 11853228 13735676
1755180723 1452 11853228 13735676
1755180724 1453 11853228 13735676
1755180725 1453 11853228 13735676
1755180726 1454 11853228 13735676
1755180727 1451 11853228 13735676
1755180728 1452 11853228 13735676
1755180729 1452 11853228 13735676
1755180731 1453 11853228 13735676
1755180732 1454 11853228 13735676
1755180733 1454 11853228 13735676
1755180734 1455 11853228 13735676
1755180735 1455 11853228 13735676
1755180736 1456 11853228 13735676
1755180737 1456 11853228 13735676
1755180738 1454 11853228 13735676
1755180739 1454 11853228 13735676
1755180740 1454 11853228 13735676
1755180742 1455 11853228 13735676
1755180743 1455 11853228 13735676
1755180744 1456 11853228 13735676
1755180745 1456 11853228 13735676
1755180746 1456 11853228 13735676
1755180747 1456 11853228 13735676
1755180748 1457 11853228 13735676
1755180749 1454 11853228 13735676
1755180750 1454 11853228 13735676
1755180751 1454 11853228 13735676
1755180752 1455 11853228 13735676
1755180754 1455 11853228 13735676
1755180755 1456 11853228 13735676
1755180756 1456 11853228 13735676
1755180757 1457 11853228 13735676
1755180758 1457 11853228 13735676
1755180759 1458 11853228 13735676
1755180760 1458 11853228 13735676
1755180761 1456 11853228 13735676
1755180762 1457 11853228 13735676
1755180763 1457 7187876 8493712
1755180765 1457 7187876 8493712
1755180766 1458 7187876 8493712
1755180767 1459 7187876 8493712
1755180768 1459 7187876 8493712
1755180769 1460 7187876 8493712
1755180770 1460 7187876 8493712
1755180771 1458 7187876 8493712
1755180772 1458 7187876 8493712
1755180774 1459 7187876 8493712
1755180775 1459 7187876 8493712
1755180776 1459 7187876 8493712
1755180777 1459 7187876 8493712
1755180778 1459 7187876 8493712
1755180779 1460 7187876 8493712
1755180780 1459 5430176 6735896
1755180781 1457 5430176 6735896
1755180782 1457 5430176 6735896
1755180783 1457 5430176 6735896
1755180784 1457 5430176 6735896
1755180786 1458 5430176 6735896
1755180787 1458 5430176 6735896
1755180788 1459 5430176 6735896
1755180789 1459 5430176 6735896
1755180790 1460 5430176 6735896
1755180791 1460 5430176 6735896
1755180792 1458 5430176 6735896
1755180793 1458 5430176 6735896
1755180794 1459 5430176 6735896
1755180795 1458 6406368 10251528
1755180797 1456 9050776 12229072
