1755176892  0.0 15616 675388
1755176893  313 1124980 2616780
1755176894  207 1975544 3837656
1755176895  172 3008728 5058360
1755176896  256 4940840 9975020
1755176898  507 4945448 9975020
1755176899  682 4949032 9975564
1755176900  798 4949032 9975564
1755176901  909 4949032 9975564
1755176902  994 4949160 9975564
1755176903 1059 4949160 9975564
1755176904 1121 4949288 9975564
1755176905 1081 4949288 9975564
1755176906 1129 4949288 9975564
1755176907 1170 4949544 9975564
1755176909 1205 4949544 9975564
1755176910 1233 4949672 9975564
1755176911 1260 4949800 9975564
1755176912 1284 4949800 9975564
1755176913 1302 4949928 9975564
1755176914 1316 4949928 9975564
1755176915 1269 4950056 9975564
1755176916 1284 4950056 9975564
1755176917 1300 4950056 9975564
1755176919 1316 4950056 9975564
1755176920 1324 4950056 9975564
1755176921 1333 4950056 9975564
1755176922 1342 4950056 9975564
1755176923 1354 4950056 9975564
1755176924 1364 4950056 9975564
1755176925 1335 4950056 9975564
1755176926 1346 4950056 9975564
1755176927 1352 4950056 9975564
1755176928 1358 4950056 9975564
1755176930 1363 4950056 9975564
1755176931 1370 4950056 9975564
1755176932 1373 4950056 9975564
1755176933 1382 4950056 9975564
1755176934 1389 4950056 9975564
1755176935 1396 4950056 9975564
1755176936 1373 4950056 9975564
1755176937 1382 4950056 9975564
1755176939 1391 4950056 9975564
1755176940 1399 4950056 9975564
1755176941 1404 4950056 9975564
1755176942 1410 4950056 9975564
1755176943 1417 4950056 9975564
1755176944 1424 4950056 9975564
1755176945 1403 4950056 9975564
1755176946 1408 4950056 9975564
1755176947 1412 4950056 9975564
1755176949 1417 4950056 9975564
1755176950 1420 4950184 9975564
1755176951 1423 4950184 9975564
1755176952 1426 4950184 9975564
1755176953 1430 4950696 9975564
1755176954 1433 4950696 9975564
1755176955 1436 4950696 9975564
1755176956 1416 4950696 9975564
1755176957 1420 4950952 9975564
1755176958 1422 4950952 9975564
1755176960 1425 4950952 9975564
1755176961 1427 4951080 9975564
1755176962 1428 4951080 9975564
1755176963 1429 4951080 9975564
1755176964 1433 4951592 9975564
1755176965 1437 4951592 9975564
1755176966 1439 4951848 9975564
1755176967 1425 4951848 9975564
1755176968 1429 4952104 9975564
1755176970 1434 4952104 9975564
1755176971 1437 4952104 9975564
1755176972 1440 4952104 9975564
1755176973 1443 4952104 9975564
1755176974 1447 4952104 9975564
1755176975 1451 4952104 9975564
1755176976 1437 4952104 9975564
1755176977 1441 4952104 9975564
1755176978 1443 4952104 9975564
1755176980 1447 4952104 9975564
1755176981 1450 4952104 9975564
1755176982 1453 4952104 9975564
1755176983 1455 4952104 9975564
1755176984 1457 4952104 9975564
1755176985 1459 4952104 9975564
1755176986 1445 4952104 9975564
1755176987 1447 4952104 9975564
1755176988 1448 4952232 9975564
1755176990 1449 4952232 9975564
1755176991 1449 4952232 9975564
1755176992 1449 4952232 9975564
1755176993 1450 4952232 9975564
1755176994 1451 4952232 9975564
1755176995 1454 4952232 9975564
1755176996 1456 4952232 9975564
1755176997 1444 4952488 9975564
1755176998 1447 4952488 9975564
1755176999 1450 4952616 9975564
1755177001 1452 4952616 9975564
1755177002 1455 4952616 9975564
1755177003 1457 4952872 9975564
1755177004 1459 4952872 9975564
1755177005 1461 4953384 9975564
1755177006 1464 4953384 9975564
1755177007 1453 4953384 9975564
1755177008 1456 4953512 9975564
1755177009 1457 4953640 9975564
1755177011 1459 4953640 9975564
1755177012 1461 4954152 9975564
1755177013 1463 4954152 9975564
1755177014 1466 4954152 9975564
1755177015 1468 4954152 9975564
1755177016 1470 4954152 9975564
1755177017 1472 4954152 9975564
1755177018 1461 4954152 9975564
1755177019 1462 4954152 9975564
1755177020 1463 4954152 9975564
1755177022 1463 4954152 9975564
1755177023 1463 4954152 9975564
1755177024 1462 4954152 9975564
1755177025 1461 4954152 9975564
1755177026 1461 4954280 9975564
1755177027 1463 4954280 9975564
1755177028 1465 4954280 9975564
1755177029 1456 4954280 9975564
1755177030 1458 4954280 9975564
1755177031 1460 4954408 9975564
1755177033 1462 4954536 9975564
1755177034 1464 4954536 9975564
1755177035 1465 4954664 9975564
1755177036 1467 4954920 9975564
1755177037 1469 4955176 9975564
1755177038 1471 4955176 9975564
1755177039 1463 4955432 9975564
1755177040 1464 4955688 9975564
1755177041 1466 4955688 9975564
1755177043 1467 4955944 9975564
1755177044 1469 4955944 9975564
1755177045 1471 4956072 9975564
1755177046 1473 4956072 9975564
1755177047 1475 4956200 9975564
1755177048 1476 4956200 9975564
1755177049 1468 4956200 9975564
1755177050 1470 4956200 9975564
1755177051 1471 4956200 9975564
1755177053 1472 4956328 9975564
1755177054 1472 4956328 9975564
1755177055 1471 4956328 9975564
1755177056 1470 4956328 9975564
1755177057 1471 4956328 9975564
1755177058 1472 4956456 9975564
1755177059 1473 4956456 9975564
1755177060 1474 4956456 9975564
1755177061 1466 4956712 9975564
1755177062 1467 4956968 9975564
1755177063 1469 4957224 9975564
1755177065 1471 4957480 9975564
1755177066 1472 4957736 9975564
1755177067 1473 4957864 9975564
1755177068 1474 4957992 9975564
1755177069 1476 4957992 9975564
1755177070 1477 4958120 9975564
1755177071 1470 4958120 9975564
1755177072 1471 4958248 9975564
1755177073 1473 4958376 9975564
1755177075 1474 4958376 9975564
1755177076 1476 4958504 9975564
1755177077 1477 4958504 9975564
1755177078 1478 4958632 9975564
1755177079 1479 4958760 9975564
1755177080 1480 4959400 9975564
1755177081 1481 4959656 9975564
1755177082 1475 4959912 9975564
1755177083 1476 4960040 9975564
1755177084 1476 4960168 9975564
1755177085 1477 4960168 9975564
1755177087 1476 4960168 9975564
1755177088 1477 4960168 9975564
1755177089 1478 4960296 9975564
1755177090 1478 4960296 9975564
1755177091 1479 4960552 9975564
1755177092 1479 4960552 9975564
1755177093 1480 4960552 9975564
1755177094 1473 4960680 9975564
1755177095 1474 4961064 9975564
1755177096 1475 4961576 9975564
1755177097 1476 4961832 9975564
1755177099 1477 4962088 9975564
1755177100 1478 4962344 9975564
1755177101 1479 4962472 9975564
1755177102 1480 4962728 9975564
1755177103 1481 4963880 9975564
1755177104 1482 4964136 9975564
1755177105 1483 4965928 9975564
1755177106 1481 4966568 9975564
1755177107 1482 5024060 9975564
1755177108 1474 5187944 9975564
1755177109 1469 5724568 9975564
1755177110 1469 5824920 9975564
1755177111 1466 5824920 9975564
1755177112 1463 7047788 9975564
1755177114 1457 7410284 9975564
1755177115 1451 7506540 9975564
1755177116 1448 8258540 9975564
1755177117 1448 8258540 9975564
1755177118 1449 8258540 9975564
1755177119 1446 8258540 9975564
1755177120 1447 8258540 9975564
1755177121 1448 8258540 9975564
1755177122 1445 8258540 9975564
1755177123 1439 8258796 9975564
1755177124 1440 8258796 9975564
1755177125 1440 8258796 9975564
1755177126 1441 8258796 9975564
1755177128 1442 8258796 9975564
1755177129 1442 8258796 9975564
1755177130 1443 8258796 9975564
1755177131 1445 8258796 9975564
1755177132 1446 8258796 9975564
1755177133 1446 8258796 9975564
1755177134 1447 8258796 9975564
1755177135 1448 8258796 9975564
1755177136 1443 8258796 9975564
1755177137 1444 8258796 9975564
1755177138 1446 8258796 9975564
1755177140 1447 8258796 9975564
1755177141 1448 8258796 9975564
1755177142 1449 8258796 9975564
1755177143 1450 8258796 9975564
1755177144 1451 8258796 9975564
1755177145 1452 8258796 9975564
1755177146 1453 8258796 9975564
1755177147 1447 8258796 9975564
1755177148 1448 8258796 9975564
1755177149 1448 8258796 9975564
1755177151 1449 8258796 9975564
1755177152 1450 8258796 9975564
1755177153 1451 8258796 9975564
1755177154 1452 8258796 9975564
1755177155 1452 8258796 9975564
1755177156 1453 8258796 9975564
1755177157 1454 8258796 9975564
1755177158 1454 8258796 9975564
1755177159 1449 8258796 9975564
1755177160 1450 8258796 9975564
1755177161 1450 8258796 9975564
1755177162 1451 8258796 9975564
1755177164 1452 8258796 9975564
1755177165 1453 8258796 9975564
1755177166 1454 8258796 9975564
1755177167 1454 8258796 9975564
1755177168 1456 8258796 9975564
1755177169 1456 8258796 9975564
1755177170 1452 8258796 9975564
1755177171 1453 8258796 9975564
1755177172 1454 8258796 9975564
1755177173 1455 8258796 9975564
1755177175 1455 8258796 9975564
1755177176 1456 8258796 9975564
1755177177 1457 8258796 9975564
1755177178 1458 8258796 9975564
1755177179 1458 8258796 9975564
1755177180 1458 8258796 9975564
1755177181 1459 4020812 6345144
1755177182 1455 5024992 6345144
1755177183 1456 5024992 6345144
1755177184 1456 5024992 6345144
1755177186 1457 5024992 6345144
1755177187 1458 5024992 6345144
1755177188 1459 5024992 6345144
1755177189 1459 5024992 6345144
1755177190 1460 5024992 6345144
1755177191 1459 3804332 5124440
1755177192 1460 3804332 5124440
1755177193 1455 3804332 5124440
1755177194 1455 3804332 5124440
1755177195 1456 3804332 5124440
1755177196 1456 3804332 5124440
1755177198 1457 3804332 5124440
1755177199 1458 3804332 5124440
1755177200 1459 3804332 5124440
1755177201 1456 6295948 8786552
