1755173127  0.0 18048 677012
1755173128  816 842548 2797140
1755173130 1267 842548 2797140
1755173131 1410 842548 2797140
1755173132 1483 842676 2797140
1755173133 1526 842676 2797140
1755173134 1561 842804 2797140
1755173135 1579 842804 2797140
1755173136 1597 844212 2797140
1755173137 1606 844596 2797140
1755173138 1471 844724 2797140
1755173139 1489 844980 2797140
1755173140 1504 846644 2797140
1755173141 1514 877416 2797140
1755173143 1475 1322280 2797140
1755173144 1477 1387176 2797140
1755173145 1480 1387176 2797140
1755173146 1479 1387176 2797140
1755173147 1479 1387176 2797140
1755173148 1479 1387176 2797140
1755173149 1480 1387176 2797140
1755173150 1489 1387176 2797140
1755173151 1498 1387176 2797140
1755173152 1502 687504 2048380
