1759775939  0.0 12928  77300
1759775940  208 1258980 3816484
1759775941  155 2604516 3816484
1759775942  137 3847296 6941488
1759775943  129 5045376 6941488
1759775944  123 6247552 6941488
1759775945  120 4580072 6941488
1759775946  117 6280936 6941488
1759775947  115 3959024 28819152
1759775948  114 5116400 28819152
1759775949  113 6281584 28819152
1759775950  112 6281584 28819152
1759775951  220 6284784 28851920
1759775952  335 6288240 28851920
1759775953  402 6291440 28851920
1759775954  482 6296560 28852492
1759775955  550 6296560 28852492
1759775956  610 6296560 28852492
1759775958  665 6296560 28852492
1759775959  718 6296560 28852492
1759775960  766 6296560 28852492
1759775961  811 6296560 28852492
1759775962  852 6296560 28852492
1759775963  885 6296560 28852492
1759775964  877 6296560 28852492
1759775965  908 6296560 28852492
1759775966  935 6296560 28852492
1759775968  956 6296560 28852492
1759775969  977 6296560 28852492
1759775970  992 6296560 28852492
1759775971 1007 6296560 28852492
1759775972 1025 6296560 28852492
1759775973 1040 6296560 28852492
1759775974 1056 6296560 28852492
1759775975 1042 6296560 28852492
1759775976 1058 6296560 28852492
1759775977 1072 6296560 28852492
1759775979 1086 6297840 28852492
1759775980 1101 6297840 28852492
1759775981 1116 6297840 28852492
1759775982 1130 6297840 28852492
1759775983 1144 6297840 28852492
1759775984 1156 6297840 28852492
1759775985 1143 6298224 28852492
1759775986 1155 6298224 28852492
1759775987 1164 6298224 28852492
1759775989 1175 6298224 28852492
1759775990 1186 6298224 28852492
1759775991 1196 6298224 28852492
1759775992 1206 6298224 28852492
1759775993 1215 6298480 28852492
1759775994 1223 6298480 28852492
1759775995 1230 6298480 28852492
1759775996 1215 6298480 28852492
1759775997 1222 6298480 28852492
1759775998 1230 6298480 28852492
1759776000 1235 6298480 28852492
1759776001 1239 6298608 28852492
1759776002 1244 6298608 28852492
1759776003 1249 6298608 28852492
1759776004 1256 6298608 28852492
1759776005 1262 6298608 28852492
1759776006 1248 6298608 28852492
1759776007 1253 6298608 28852492
1759776008 1258 6298608 28852492
1759776009 1262 6298608 28852492
1759776011 1267 6298608 28852492
1759776012 1271 6298608 28852492
1759776013 1275 6298608 28852492
1759776014 1280 6298608 28852492
1759776015 1286 6298608 28852492
1759776016 1292 6298608 28852492
1759776017 1297 6298608 28852492
1759776018 1284 6298608 28852492
1759776019 1289 6298608 28852492
1759776020 1294 6298608 28852492
1759776022 1300 6298608 28852492
1759776023 1304 6298608 28852492
1759776024 1309 6298608 28852492
1759776025 1313 6298608 28852492
1759776026 1316 6298608 28852492
1759776027 1320 6298608 28852492
1759776028 1324 6298608 28852492
1759776029 1312 6298608 28852492
1759776030 1314 6298608 28852492
1759776031 1316 6298608 28852492
1759776032 1318 6298608 28852492
1759776034 1322 6298608 28852492
1759776035 1326 6298608 28852492
1759776036 1329 6298608 28852492
1759776037 1333 6298608 28852492
1759776038 1337 6298608 28852492
1759776039 1341 6298608 28852492
1759776040 1343 6298608 28852492
1759776041 1333 6298608 28852492
1759776042 1335 6298608 28852492
1759776043 1337 6298608 28852492
1759776045 1340 6298608 28852492
1759776046 1342 6298608 28852492
1759776047 1344 6298608 28852492
1759776048 1346 6298608 28852492
1759776049 1349 6298608 28852492
1759776050 1352 6298608 28852492
1759776051 1355 6298608 28852492
1759776052 1346 6298608 28852492
1759776053 1349 6298608 28852492
1759776054 1352 6298608 28852492
1759776056 1356 6298608 28852492
1759776057 1359 6298608 28852492
1759776058 1360 6298608 28852492
1759776059 1362 6298608 28852492
1759776060 1365 6298608 28852492
1759776061 1366 6298608 28852492
1759776062 1367 6298608 28852492
1759776063 1368 6298608 28852492
1759776064 1359 6298608 28852492
1759776065 1362 6298608 28852492
1759776066 1364 6298608 28852492
1759776068 1367 6298608 28852492
1759776069 1370 6298608 28852492
1759776070 1372 6298608 28852492
1759776071 1375 6298608 28852492
1759776072 1377 6298608 28852492
1759776073 1380 6298608 28852492
1759776074 1372 6298608 28852492
1759776075 1374 6298608 28852492
1759776076 1375 6298608 28852492
1759776077 1376 6298608 28852492
1759776079 1377 6298608 28852492
1759776080 1378 6298608 28852492
1759776081 1380 6298608 28852492
1759776082 1381 6298608 28852492
1759776083 1383 6298608 28852492
1759776084 1385 6298608 28852492
1759776085 1388 6298608 28852492
1759776086 1381 6298608 28852492
1759776087 1383 6298608 28852492
1759776088 1384 6298608 28852492
1759776090 1385 6298608 28852492
1759776091 1387 6298608 28852492
1759776092 1389 6298608 28852492
1759776093 1390 6298608 28852492
1759776094 1391 6298608 28852492
1759776095 1391 6298608 28852492
1759776096 1392 6298736 28852492
1759776097 1394 6298736 28852492
1759776098 1387 6298736 28852492
1759776099 1389 6298736 28852492
1759776100 1391 6298736 28852492
1759776102 1393 6298736 28852492
1759776103 1395 6298736 28852492
1759776104 1397 6298736 28852492
1759776105 1399 6298736 28852492
1759776106 1401 6298736 28852492
1759776107 1402 6298736 28852492
1759776108 1396 6298864 28852492
1759776109 1398 6298864 28852492
1759776110 1399 6298864 28852492
1759776111 1400 6298864 28852492
1759776113 1400 6298864 28852492
1759776114 1400 6298864 28852492
1759776115 1401 6298864 28852492
1759776116 1403 6298864 28852492
1759776117 1405 6298864 28852492
1759776118 1407 6298864 28852492
1759776119 1400 6298864 28852492
1759776120 1401 6298864 28852492
1759776121 1402 6298864 28852492
1759776123 1404 6299120 28852492
1759776124 1405 6299120 28852492
1759776125 1406 6299120 28852492
1759776126 1406 6299120 28852492
1759776127 1407 6299120 28852492
1759776128 1409 6299120 28852492
1759776129 1410 6299120 28852492
1759776130 1405 6299632 28852492
1759776131 1406 6299632 28852492
1759776132 1408 6299632 28852492
1759776134 1409 6299632 28852492
1759776135 1411 6299632 28852492
1759776136 1412 6300016 28852492
1759776137 1414 6300016 28852492
1759776138 1415 6300016 28852492
1759776139 1417 6300016 28852492
1759776140 1418 6300016 28852492
1759776141 1412 6300016 28852492
1759776142 1414 6300400 28852492
1759776143 1415 6300400 28852492
1759776145 1415 6300400 28852492
1759776146 1416 6300400 28852492
1759776147 1417 6300400 28852492
1759776148 1417 6300400 28852492
1759776149 1418 6300400 28852492
1759776150 1419 6300528 28852492
1759776151 1419 6300528 28852492
1759776152 1420 6300528 28852492
1759776153 1415 6300528 28852492
1759776154 1416 6300528 28852492
1759776155 1416 6300528 28852492
1759776157 1417 6300528 28852492
1759776158 1417 6300528 28852492
1759776159 1418 6300528 28852492
1759776160 1420 6300528 28852492
1759776161 1421 6300528 28852492
1759776162 1422 6300528 28852492
1759776163 1423 6300656 28852492
1759776164 1418 6300656 28852492
1759776165 1420 6300656 28852492
1759776166 1421 6300656 28852492
1759776168 1422 6300656 28852492
1759776169 1423 6300656 28852492
1759776170 1425 6300656 28852492
1759776171 1425 6300656 28852492
1759776172 1427 6300656 28852492
1759776173 1428 6300656 28852492
1759776174 1429 6300656 28852492
1759776175 1424 6300656 28852492
1759776176 1425 6300656 28852492
1759776177 1426 6300656 28852492
1759776179 1427 6300656 28852492
1759776180 1428 6300656 28852492
1759776181 1429 6300656 28852492
1759776182 1428 6300656 28852492
1759776183 1428 6300656 28852492
1759776184 1429 6300656 28852492
1759776185 1429 6300656 28852492
1759776186 1424 6300656 28852492
1759776187 1424 6300656 28852492
1759776188 1425 6300656 28852492
1759776189 1426 6300656 28852492
1759776191 1427 6300656 28852492
1759776192 1428 6300656 28852492
1759776193 1429 6300656 28852492
1759776194 1431 6300656 28852492
1759776195 1432 6300656 28852492
1759776196 1432 6300656 28852492
1759776197 1428 6300656 28852492
1759776198 1429 6300656 28852492
1759776199 1430 6300656 28852492
1759776201 1431 6300656 28852492
1759776202 1432 6300656 28852492
1759776203 1433 6300656 28852492
1759776204 1434 6300656 28852492
1759776205 1435 6300656 28852492
1759776206 1436 6300656 28852492
1759776207 1437 6300656 28852492
1759776208 1433 6300656 28852492
1759776209 1434 6300656 28852492
1759776210 1435 6300656 28852492
1759776212 1436 6300656 28852492
1759776213 1437 6300656 28852492
1759776214 1437 6300656 28852492
1759776215 1437 6300656 28852492
1759776216 1437 6300656 28852492
1759776217 1436 6300656 28852492
1759776218 1437 6300784 28852492
1759776219 1432 6300784 28852492
1759776220 1432 6300784 28852492
1759776221 1433 6300784 28852492
1759776223 1434 6300784 28852492
1759776224 1435 6300784 28852492
1759776225 1436 6300784 28852492
1759776226 1437 6300784 28852492
1759776227 1438 6300784 28852492
1759776228 1439 6300784 28852492
1759776229 1435 6300784 28852492
1759776230 1436 6300784 28852492
1759776231 1437 6300784 28852492
1759776232 1438 6300784 28852492
1759776234 1439 6300784 28852492
1759776235 1439 6300912 28852492
1759776236 1440 6300912 28852492
1759776237 1441 6300912 28852492
1759776238 1442 6300912 28852492
1759776239 1443 6300912 28852492
1759776240 1439 6301040 28852492
1759776241 1440 6301040 28852492
1759776242 1441 6301040 28852492
1759776244 1442 6301040 28852492
1759776245 1442 6301040 28852492
1759776246 1443 6301168 28852492
1759776247 1443 6301168 28852492
1759776248 1443 6301168 28852492
1759776249 1444 6301168 28852492
1759776250 1443 6301168 28852492
1759776251 1438 6301168 28852492
1759776252 1438 6301168 28852492
1759776253 1439 6301424 28852492
1759776255 1440 6301424 28852492
1759776256 1441 6301424 28852492
1759776257 1441 6301424 28852492
1759776258 1442 6301808 28852492
1759776259 1443 6301808 28852492
1759776260 1444 6301808 28852492
1759776261 1445 6301808 28852492
1759776262 1441 6301808 28852492
1759776263 1442 6301808 28852492
1759776264 1443 6301808 28852492
1759776266 1444 6301808 28852492
1759776267 1445 6301808 28852492
1759776268 1445 6301808 28852492
1759776269 1446 6302192 28852492
1759776270 1447 6302192 28852492
1759776271 1448 6302192 28852492
1759776272 1444 6302192 28852492
1759776273 1445 6302320 28852492
1759776274 1446 6302320 28852492
1759776276 1446 6302320 28852492
1759776277 1447 6302320 28852492
1759776278 1447 6302320 28852492
1759776279 1448 6302320 28852492
1759776280 1448 6302448 28852492
1759776281 1448 6302448 28852492
1759776282 1448 6302448 28852492
1759776283 1448 6302448 28852492
1759776284 1444 6302448 28852492
1759776285 1444 6302448 28852492
1759776286 1445 6302576 28852492
1759776288 1445 6302576 28852492
1759776289 1446 6302576 28852492
1759776290 1447 6302576 28852492
1759776291 1448 6302576 28852492
1759776292 1448 6302704 28852492
1759776293 1449 6302704 28852492
1759776294 1446 6302704 28852492
1759776295 1446 6302704 28852492
1759776296 1447 6302704 28852492
1759776297 1448 6302704 28852492
1759776299 1449 6302704 28852492
1759776300 1449 6302704 28852492
1759776301 1450 6302704 28852492
1759776302 1451 6302704 28852492
1759776303 1451 6302704 28852492
1759776304 1452 6302704 28852492
1759776305 1449 6302704 28852492
1759776306 1449 6302704 28852492
1759776307 1450 6302704 28852492
1759776309 1450 6302704 28852492
1759776310 1450 6302704 28852492
1759776311 1451 6302704 28852492
1759776312 1451 6302704 28852492
1759776313 1451 6302704 28852492
1759776314 1452 6302704 28852492
1759776315 1452 6302704 28852492
1759776316 1449 6302704 28852492
1759776317 1449 6302704 28852492
1759776318 1450 6302704 28852492
1759776319 1450 6302704 28852492
1759776321 1450 6302704 28852492
1759776322 1450 6302704 28852492
1759776323 1451 6302704 28852492
1759776324 1451 6302704 28852492
1759776325 1452 6302704 28852492
1759776326 1452 6302704 28852492
1759776327 1453 6302704 28852492
1759776328 1450 6302704 28852492
1759776329 1451 6302704 28852492
1759776330 1452 6302704 28852492
1759776332 1452 6302704 28852492
1759776333 1453 6302704 28852492
1759776334 1453 6302832 28852492
1759776335 1454 6302832 28852492
1759776336 1454 6302832 28852492
1759776337 1455 6302832 28852492
1759776338 1455 6302832 28852492
1759776339 1452 6302832 28852492
1759776340 1452 6302832 28852492
1759776341 1452 6302832 28852492
1759776342 1453 6302832 28852492
1759776344 1454 6302832 28852492
1759776345 1454 6302832 28852492
1759776346 1454 6302832 28852492
1759776347 1454 6302832 28852492
1759776348 1455 6302832 28852492
1759776349 1456 6303088 28852492
1759776350 1456 6303088 28852492
1759776351 1453 6303088 28852492
1759776352 1453 6303088 28852492
1759776353 1454 6303088 28852492
1759776355 1454 6303216 28852492
1759776356 1454 6303216 28852492
1759776357 1454 6303216 28852492
1759776358 1455 6303344 28852492
1759776359 1456 6303344 28852492
1759776360 1456 6303344 28852492
1759776361 1454 6303344 28852492
1759776362 1454 6303344 28852492
1759776363 1455 6303344 28852492
1759776365 1455 6303472 28852492
1759776366 1456 6303472 28852492
1759776367 1456 6303472 28852492
1759776368 1457 6303472 28852492
1759776369 1457 6303600 28852492
1759776370 1457 6303600 28852492
1759776371 1454 6303600 28852492
1759776372 1455 6303600 28852492
1759776373 1455 6303600 28852492
1759776374 1456 6303984 28852492
1759776376 1456 6303984 28852492
1759776377 1456 6303984 28852492
1759776378 1457 6303984 28852492
1759776379 1457 6303984 28852492
1759776380 1458 6304112 28852492
1759776381 1458 6304112 28852492
1759776382 1459 6304112 28852492
1759776383 1456 6304112 28852492
1759776384 1457 6304368 28852492
1759776385 1457 6304368 28852492
1759776387 1458 6304368 28852492
1759776388 1458 6304368 28852492
1759776389 1458 6304368 28852492
1759776390 1458 6304368 28852492
1759776391 1458 6304368 28852492
1759776392 1458 6304368 28852492
1759776393 1459 6304368 28852492
1759776394 1456 6304624 28852492
1759776395 1456 6304624 28852492
1759776396 1457 6304624 28852492
1759776398 1458 6304624 28852492
1759776399 1458 6304624 28852492
1759776400 1458 6304624 28852492
1759776401 1459 6304624 28852492
1759776402 1459 6304624 28852492
1759776403 1459 6304752 28852492
1759776404 1457 6304752 28852492
1759776405 1457 6304752 28852492
1759776406 1458 6304752 28852492
1759776407 1458 6304752 28852492
1759776409 1458 6304752 28852492
1759776410 1458 6304752 28852492
1759776411 1459 6304752 28852492
1759776412 1460 6304752 28852492
1759776413 1460 6304752 28852492
1759776414 1461 6304752 28852492
1759776415 1458 6304752 28852492
1759776416 1459 6304752 28852492
1759776417 1459 6304752 28852492
1759776419 1460 6304752 28852492
1759776420 1460 6304752 28852492
1759776421 1461 6304752 28852492
1759776422 1461 6304752 28852492
1759776423 1461 6304752 28852492
1759776424 1461 6304752 28852492
1759776425 1461 6304752 28852492
1759776426 1458 6304752 28852492
1759776427 1459 6304752 28852492
1759776428 1459 6304752 28852492
1759776430 1460 6304752 28852492
1759776431 1460 6304752 28852492
1759776432 1460 6304752 28852492
1759776433 1460 6304752 28852492
1759776434 1461 6304752 28852492
1759776435 1461 6305008 28852492
1759776436 1462 6305008 28852492
1759776437 1459 6305008 28852492
1759776438 1459 6305008 28852492
1759776439 1459 6305008 28852492
1759776440 1460 6305008 28852492
1759776442 1460 6305008 28852492
1759776443 1461 6305136 28852492
1759776444 1461 6305136 28852492
1759776445 1462 6305136 28852492
1759776446 1462 6305136 28852492
1759776447 1463 6305136 28852492
1759776448 1460 6305136 28852492
1759776449 1461 6305136 28852492
1759776450 1461 6305264 28852492
1759776452 1462 6305264 28852492
1759776453 1462 6305264 28852492
1759776454 1463 6305264 28852492
1759776455 1463 6305520 28852492
1759776456 1463 6305520 28852492
1759776457 1463 6305520 28852492
1759776458 1464 6305520 28852492
1759776459 1461 6305648 28852492
1759776460 1461 6305648 28852492
1759776461 1461 6305648 28852492
1759776463 1461 6305648 28852492
1759776464 1461 6305648 28852492
1759776465 1462 6305904 28852492
1759776466 1462 6305904 28852492
1759776467 1463 6305904 28852492
1759776468 1463 6305904 28852492
1759776469 1461 6305904 28852492
1759776470 1461 6305904 28852492
1759776471 1461 6305904 28852492
1759776473 1462 6306032 28852492
1759776474 1462 6306032 28852492
1759776475 1463 6306032 28852492
1759776476 1463 6306416 28852492
1759776477 1463 6306416 28852492
1759776478 1464 6306416 28852492
1759776479 1464 6306416 28852492
1759776480 1465 6306416 28852492
1759776481 1462 6306416 28852492
1759776482 1463 6306416 28852492
1759776483 1463 6306416 28852492
1759776485 1464 6306416 28852492
1759776486 1464 6306416 28852492
1759776487 1465 6306800 28852492
1759776488 1465 6306800 28852492
1759776489 1466 6306800 28852492
1759776490 1466 6306800 28852492
1759776491 1463 6306800 28852492
1759776492 1463 6306800 28852492
1759776493 1463 6306800 28852492
1759776495 1463 6306800 28852492
1759776496 1463 6306800 28852492
1759776497 1463 6306800 28852492
1759776498 1464 6306800 28852492
1759776499 1464 6306800 28852492
1759776500 1465 6306800 28852492
1759776501 1465 6306800 28852492
1759776502 1462 6306800 28852492
1759776503 1463 6306800 28852492
1759776504 1463 6306800 28852492
1759776505 1464 6306800 28852492
1759776507 1464 6306800 28852492
1759776508 1464 6306800 28852492
1759776509 1465 6306800 28852492
1759776510 1465 6306800 28852492
1759776511 1466 6306800 28852492
1759776512 1466 6306800 28852492
1759776513 1464 6306928 28852492
1759776514 1464 6306928 28852492
1759776515 1465 6306928 28852492
1759776517 1465 6307056 28852492
1759776518 1466 6307056 28852492
1759776519 1466 6307056 28852492
1759776520 1466 6307056 28852492
1759776521 1467 6307056 28852492
1759776522 1467 6307056 28852492
1759776523 1467 6307056 28852492
1759776524 1467 6307056 28852492
1759776525 1465 6307056 28852492
1759776526 1465 6307056 28852492
1759776527 1465 6307312 28852492
1759776529 1465 6307312 28852492
1759776530 1465 6307312 28852492
1759776531 1466 6307312 28852492
1759776532 1466 6307440 28852492
1759776533 1466 6307440 28852492
1759776534 1466 6307440 28852492
1759776535 1467 6307568 28852492
1759776536 1464 6307568 28852492
1759776537 1465 6307568 28852492
1759776538 1465 6307696 28852492
1759776540 1466 6307696 28852492
1759776541 1466 6307696 28852492
1759776542 1466 6307952 28852492
1759776543 1467 6307952 28852492
1759776544 1467 6307952 28852492
1759776545 1468 6307952 28852492
1759776546 1466 6307952 28852492
1759776547 1466 6307952 28852492
1759776548 1466 6307952 28852492
1759776549 1467 6307952 28852492
1759776551 1467 6307952 28852492
1759776552 1467 6308336 28852492
1759776553 1467 6308336 28852492
1759776554 1468 6308336 28852492
1759776555 1468 6308336 28852492
1759776556 1468 6308336 28852492
1759776557 1468 6308336 28852492
1759776558 1466 6308464 28852492
1759776559 1467 6308464 28852492
1759776560 1467 6308464 28852492
1759776561 1467 6308464 28852492
1759776563 1467 6308592 28852492
1759776564 1467 6308592 28852492
1759776565 1467 6308592 28852492
1759776566 1467 6308720 28852492
1759776567 1467 6308720 28852492
1759776568 1468 6308720 28852492
1759776569 1468 6308720 28852492
1759776570 1466 6308720 28852492
1759776571 1466 6308720 28852492
1759776572 1467 6308848 28852492
1759776574 1467 6308848 28852492
1759776575 1468 6308848 28852492
1759776576 1468 6308848 28852492
1759776577 1468 6308848 28852492
1759776578 1469 6308976 28852492
1759776579 1469 6308976 28852492
1759776580 1470 6308976 28852492
1759776581 1468 6308976 28852492
1759776582 1468 6308976 28852492
1759776583 1468 6308976 28852492
1759776585 1468 6308976 28852492
1759776586 1469 6308976 28852492
1759776587 1469 6309104 28852492
1759776588 1469 6309104 28852492
1759776589 1469 6309104 28852492
1759776590 1470 6309232 28852492
1759776591 1470 6309232 28852492
1759776592 1468 6309232 28852492
1759776593 1468 6309360 28852492
1759776594 1468 6309360 28852492
1759776596 1468 6309360 28852492
1759776597 1468 6309488 28852492
1759776598 1468 6309488 28852492
1759776599 1468 6309488 28852492
1759776600 1469 6309488 28852492
1759776601 1469 6309488 28852492
1759776602 1469 6309616 28852492
1759776603 1467 6309616 28852492
1759776604 1468 6309616 28852492
1759776605 1468 6309744 28852492
1759776607 1468 6309744 28852492
1759776608 1469 6309872 28852492
1759776609 1469 6309872 28852492
1759776610 1470 6309872 28852492
1759776611 1470 6309872 28852492
1759776612 1470 6309872 28852492
1759776613 1470 6310128 28852492
1759776614 1468 6310128 28852492
1759776615 1469 6310256 28852492
1759776616 1469 6310256 28852492
1759776617 1469 6310256 28852492
1759776619 1470 6310512 28852492
1759776620 1470 6310512 28852492
1759776621 1470 6310512 28852492
1759776622 1470 6310512 28852492
1759776623 1471 6310640 28852492
1759776624 1471 6310640 28852492
1759776625 1469 6310640 28852492
1759776626 1469 6310640 28852492
1759776627 1469 6310640 28852492
1759776628 1469 6310640 28852492
1759776629 1469 6310896 28852492
1759776631 1469 6310896 28852492
1759776632 1469 6310896 28852492
1759776633 1470 6310896 28852492
1759776634 1470 6310896 28852492
1759776635 1470 6310896 28852492
1759776636 1471 6310896 28852492
1759776637 1471 6310896 28852492
1759776638 1469 6310896 28852492
1759776639 1469 6311024 28852492
1759776640 1470 6311024 28852492
1759776642 1470 6311024 28852492
1759776643 1470 6311024 28852492
1759776644 1471 6311280 28852492
1759776645 1471 6311280 28852492
1759776646 1471 6311280 28852492
1759776647 1471 6311280 28852492
1759776648 1472 6311280 28852492
1759776649 1470 6311536 28852492
1759776650 1470 6311536 28852492
1759776651 1470 6311536 28852492
1759776653 1471 6311536 28852492
1759776654 1471 6311536 28852492
1759776655 1471 6311536 28852492
1759776656 1472 6311664 28852492
1759776657 1472 6311664 28852492
1759776658 1472 6311792 28852492
1759776659 1470 6311792 28852492
1759776660 1470 6311792 28852492
1759776661 1471 6311792 28852492
1759776663 1471 6311920 28852492
1759776664 1471 6311920 28852492
1759776665 1471 6311920 28852492
1759776666 1471 6312304 28852492
1759776667 1471 6312304 28852492
1759776668 1472 6312560 28852492
1759776669 1472 6312560 28852492
1759776670 1472 6312560 28852492
1759776671 1470 6312560 28852492
1759776672 1471 6312688 28852492
1759776673 1471 6312688 28852492
1759776675 1471 6312688 28852492
1759776676 1472 6312688 28852492
1759776677 1472 6312816 28852492
1759776678 1472 6312816 28852492
1759776679 1472 6312816 28852492
1759776680 1473 6312816 28852492
1759776681 1471 6312944 28852492
1759776682 1471 6312944 28852492
1759776683 1471 6312944 28852492
1759776685 1472 6312944 28852492
1759776686 1472 6312944 28852492
1759776687 1472 6312944 28852492
1759776688 1473 6312944 28852492
1759776689 1473 6313200 28852492
1759776690 1473 6313200 28852492
1759776691 1473 6313200 28852492
1759776692 1471 6313200 28852492
1759776693 1472 6313328 28852492
1759776694 1472 6313456 28852492
1759776696 1472 6313456 28852492
1759776697 1472 6313712 28852492
1759776698 1473 6313712 28852492
1759776699 1473 6313840 28852492
1759776700 1473 6313840 28852492
1759776701 1473 6313840 28852492
1759776702 1473 6313840 28852492
1759776703 1473 6313840 28852492
1759776704 1472 6313840 28852492
1759776705 1472 6313968 28852492
1759776706 1472 6313968 28852492
1759776707 1472 6314096 28852492
1759776709 1472 6314224 28852492
1759776710 1473 6314224 28852492
1759776711 1473 6314352 28852492
1759776712 1473 6314480 28852492
1759776713 1473 6314480 28852492
1759776714 1473 6314608 28852492
1759776715 1474 6314608 28852492
1759776716 1472 6314736 28852492
1759776717 1472 6314736 28852492
1759776718 1473 6314864 28852492
1759776720 1473 6314864 28852492
1759776721 1473 6314864 28852492
1759776722 1473 6314864 28852492
1759776723 1473 6314992 28852492
1759776724 1474 6315120 28852492
1759776725 1474 6315248 28852492
1759776726 1474 6315376 28852492
1759776727 1473 6315376 28852492
1759776728 1473 6315632 28852492
1759776729 1473 6315632 28852492
1759776731 1474 6315632 28852492
1759776732 1474 6315632 28852492
1759776733 1474 6315760 28852492
1759776734 1474 6315888 28852492
1759776735 1474 6315888 28852492
1759776736 1474 6315888 28852492
1759776737 1474 6315888 28852492
1759776738 1474 6315888 28852492
1759776739 1473 6315888 28852492
1759776740 1473 6316016 28852492
1759776741 1473 6316144 28852492
1759776743 1473 6316400 28852492
1759776744 1474 6316400 28852492
1759776745 1474 6316400 28852492
1759776746 1474 6316784 28852492
1759776747 1474 6316784 28852492
1759776748 1474 6316784 28852492
1759776749 1475 6316784 28852492
1759776750 1473 6317040 28852492
1759776751 1473 6317040 28852492
1759776752 1473 6317296 28852492
1759776753 1474 6317296 28852492
1759776755 1474 6317424 28852492
1759776756 1474 6317552 28852492
1759776757 1475 6317808 28852492
1759776758 1475 6317808 28852492
1759776759 1475 6317936 28852492
1759776760 1475 6317936 28852492
1759776761 1474 6317936 28852492
1759776762 1474 6318064 28852492
1759776763 1474 6318320 28852492
1759776764 1475 6318448 28852492
1759776766 1475 6318704 28852492
1759776767 1475 6318704 28852492
1759776768 1475 6318704 28852492
1759776769 1475 6318704 28852492
1759776770 1475 6318832 28852492
1759776771 1475 6318832 28852492
1759776772 1475 6318960 28852492
1759776773 1475 6319216 28852492
1759776774 1474 6319216 28852492
1759776775 1474 6319600 28852492
1759776776 1474 6319600 28852492
1759776777 1474 6319856 28852492
1759776779 1475 6319856 28852492
1759776780 1475 6320112 28852492
1759776781 1475 6320240 28852492
1759776782 1475 6320368 28852492
1759776783 1476 6320496 28852492
1759776784 1476 6320624 28852492
1759776785 1476 6320752 28852492
1759776786 1476 6321008 28852492
1759776787 1475 6321264 28852492
1759776788 1475 6321392 28852492
1759776789 1475 6322032 28852492
1759776791 1476 6322288 28852492
1759776792 1476 6322544 28852492
1759776793 1476 6323056 28852492
1759776794 1476 6323312 28852492
1759776795 1476 6324080 28852492
1759776796 1477 6324848 28852492
1759776797 1477 6383472 28852492
1759776798 1475 9450096 28852492
1759776799 1474 11986288 28852492
1759776800 1473 12575600 28852492
1759776801 1472 12604016 28852492
1759776802 1472 12604016 28852492
1759776803 1472 12692336 28852492
1759776804 1471 12715120 28852492
1759776805 1471 12715120 28852492
1759776807 1470 12873456 28852492
1759776808 1469 13133296 28852492
1759776809 1468 13133680 28852492
1759776810 1467 13133680 28852492
1759776811 1466 13133680 28852492
1759776812 1465 13133680 28852492
1759776813 1464 13218544 28852492
1759776814 1463 13489904 28852492
1759776815 1461 13784816 28852492
1759776816 1460 14135792 28852492
1759776817 1458 14135792 28852492
1759776818 1456 14135792 28852492
1759776819 1456 14758768 28852492
1759776820 1456 14758768 28852492
1759776821 1455 14760176 28852492
1759776822 1454 14760176 28852492
1759776823 1453 14760176 28852492
1759776824 1452 14760176 28852492
1759776825 1450 14760176 28852492
1759776826 1449 14760176 28852492
1759776827 1447 14760176 28852492
1759776828 1447 14760176 28852492
1759776830 1446 14760176 28852492
1759776831 1446 14760176 28852492
1759776832 1446 14855408 28852492
1759776833 1445 15100400 28852492
1759776834 1443 15345392 28852492
1759776835 1442 15585392 28852492
1759776836 1440 15825392 28852492
1759776837 1439 16060400 28852492
1759776838 1437 16300400 28852492
1759776839 1436 16540400 28852492
1759776840 1434 16780400 28852492
1759776841 1433 17020400 28852492
1759776842 1431 17468784 28852492
1759776843 1430 17855728 28852492
1759776844 1428 18256112 28852492
1759776845 1427 18716784 28852492
1759776846 1425 18825072 28852492
1759776847 1424 18825072 28852492
1759776848 1422 18825072 28852492
1759776849 1421 18825072 28852492
1759776850 1420 18825072 28852492
1759776851 1418 18825072 28852492
1759776852 1417 18825072 28852492
1759776853 1414 18825072 28852492
1759776854 1412 18825072 28852492
1759776855 1411 18825072 28852492
1759776856 1409 19280752 28852492
1759776857 1408 20311536 28852492
1759776858 1407 20971760 28852492
1759776859 1408 20971760 28852492
1759776861 1408 20971760 28852492
1759776862 1408 20971760 28852492
1759776863 1408 20971760 28852492
1759776864 1409 20971760 28852492
1759776865 1409 20971760 28852492
1759776866 1409 20971760 28852492
1759776867 1409 20971760 28852492
1759776868 1408 20971760 28852492
1759776869 1408 20971760 28852492
1759776870 1408 20971760 28852492
1759776871 1407 20971760 28852492
1759776872 1406 20971760 28852492
1759776873 1404 20971760 28852492
1759776874 1403 20971760 28852492
1759776876 1402 20971760 28852492
1759776877 1402 20971760 28852492
1759776878 1403 20971760 28852492
1759776879 1403 20971760 28852492
1759776880 1403 20971760 28852492
1759776881 1403 20971760 28852492
1759776882 1404 20971760 28852492
1759776883 1404 20971760 28852492
1759776884 1403 20971760 28852492
1759776885 1403 20971760 28852492
1759776886 1403 20971760 28852492
1759776888 1403 20971760 28852492
1759776889 1402 20971760 28852492
1759776890 1401 20971760 28852492
1759776891 1399 20971760 28852492
1759776892 1398 20971760 28852492
1759776893 1397 20971760 28852492
1759776894 1396 20971888 28852492
1759776895 1396 20971888 28852492
1759776896 1397 20971888 28852492
1759776897 1397 20971888 28852492
1759776898 1397 20971888 28852492
1759776899 1397 20971888 28852492
1759776900 1396 20971888 28852492
1759776901 1396 20971888 28852492
1759776902 1396 20971888 28852492
1759776903 1396 20971888 28852492
1759776905 1397 20971888 28852492
1759776906 1397 20971888 28852492
1759776907 1397 20971888 28852492
1759776908 1397 20971888 28852492
1759776909 1397 20971888 28852492
1759776910 1398 20971888 28852492
1759776911 1398 20971888 28852492
1759776912 1398 20971888 28852492
1759776913 1397 20971888 28852492
1759776914 1398 20971888 28852492
1759776915 1398 20971888 28852492
1759776916 1398 20971888 28852492
1759776918 1398 20971888 28852492
1759776919 1399 20971888 28852492
1759776920 1399 20971888 28852492
1759776921 1399 20971888 28852492
1759776922 1399 20971888 28852492
1759776923 1400 20971888 28852492
1759776924 1400 20971888 28852492
1759776925 1400 20971888 28852492
1759776926 1400 20971888 28852492
1759776927 1399 20971888 28852492
1759776928 1400 20971888 28852492
1759776929 1400 20971888 28852492
1759776931 1400 20971888 28852492
1759776932 1400 20971888 28852492
1759776933 1400 20971888 28852492
1759776934 1400 20971888 28852492
1759776935 1401 20971888 28852492
1759776936 1401 20971888 28852492
1759776937 1401 20971888 28852492
1759776938 1401 20971888 28852492
1759776939 1401 20971888 28852492
1759776940 1400 20971888 28852492
1759776941 1400 20971888 28852492
1759776942 1401 20971888 28852492
1759776944 1401 20971888 28852492
1759776945 1401 20971888 28852492
1759776946 1402 20971888 28852492
1759776947 1402 20971888 28852492
1759776948 1402 20971888 28852492
1759776949 1402 20971888 28852492
1759776950 1403 20971888 28852492
1759776951 1402 20971888 28852492
1759776952 1402 20971888 28852492
1759776953 1402 20971888 28852492
1759776954 1402 20971888 28852492
1759776955 1403 20971888 28852492
1759776957 1403 20971888 28852492
1759776958 1403 20971888 28852492
1759776959 1403 20971888 28852492
1759776960 1404 20971888 28852492
1759776961 1404 20971888 28852492
1759776962 1404 20971888 28852492
1759776963 1404 20971888 28852492
1759776964 1403 20971888 28852492
1759776965 1403 20971888 28852492
1759776966 1403 20971888 28852492
1759776967 1404 20971888 28852492
1759776969 1404 20971888 28852492
1759776970 1404 20971888 28852492
1759776971 1404 20971888 28852492
1759776972 1404 20971888 28852492
1759776973 1404 20971888 28852492
1759776974 1405 20971888 28852492
1759776975 1405 20971888 28852492
1759776976 1405 20971888 28852492
1759776977 1404 20971888 28852492
1759776978 1404 20971888 28852492
1759776979 1404 20971888 28852492
1759776980 1405 20971888 28852492
1759776982 1405 20971888 28852492
1759776983 1405 20971888 28852492
1759776984 1405 20971888 28852492
1759776985 1406 20971888 28852492
1759776986 1406 20971888 28852492
1759776987 1406 20971888 28852492
1759776988 1407 20971888 28852492
1759776989 1406 20971888 28852492
1759776990 1406 20971888 28852492
1759776991 1406 20971888 28852492
1759776992 1406 20971888 28852492
1759776994 1406 20971888 28852492
1759776995 1407 20971888 28852492
1759776996 1407 20971888 28852492
1759776997 1407 20971888 28852492
1759776998 1407 20971888 28852492
1759776999 1408 20971888 28852492
1759777000 1408 20971888 28852492
1759777001 1408 20971888 28852492
1759777002 1407 20971888 28852492
1759777003 1407 20971888 28852492
1759777005 1407 20971888 28852492
1759777006 1407 20971888 28852492
1759777007 1407 20971888 28852492
1759777008 1407 20971888 28852492
1759777009 1408 20971888 28852492
1759777010 1408 20971888 28852492
1759777011 1408 20971888 28852492
1759777012 1408 20971888 28852492
1759777013 1407 20971888 28852492
1759777014 1408 20971888 28852492
1759777015 1408 20971888 28852492
1759777017 1408 20971888 28852492
1759777018 1408 20971888 28852492
1759777019 1409 20971888 28852492
1759777020 1409 20971888 28852492
1759777021 1409 20971888 28852492
1759777022 1409 20971888 28852492
1759777023 1410 20971888 28852492
1759777024 1410 20971888 28852492
1759777025 1409 20971888 28852492
1759777026 1409 20971888 28852492
1759777027 1409 20971888 28852492
1759777028 1409 20971888 28852492
1759777030 1410 20971888 28852492
1759777031 1410 20971888 28852492
1759777032 1410 20971888 28852492
1759777033 1410 20971888 28852492
1759777034 1410 20971888 28852492
1759777035 1411 20971888 28852492
1759777036 1411 20971888 28852492
1759777037 1411 20971888 28852492
1759777038 1410 20971888 28852492
1759777039 1410 20971888 28852492
1759777040 1410 20971888 28852492
1759777042 1410 20971888 28852492
1759777043 1410 20971888 28852492
1759777044 1411 20971888 28852492
1759777045 1411 20971888 28852492
1759777046 1411 20971888 28852492
1759777047 1411 20971888 28852492
1759777048 1412 20971888 28852492
1759777049 1412 20971888 28852492
1759777050 1411 20971888 28852492
1759777051 1411 20971888 28852492
1759777052 1411 20971888 28852492
1759777053 1412 20971888 28852492
1759777055 1412 20971888 28852492
1759777056 1412 20971888 28852492
1759777057 1412 20971888 28852492
1759777058 1412 20971888 28852492
1759777059 1413 20971888 28852492
1759777060 1413 20971888 28852492
1759777061 1413 20971888 28852492
1759777062 1413 20971888 28852492
1759777063 1412 20971888 28852492
1759777064 1412 20971888 28852492
1759777065 1413 20971888 28852492
1759777067 1413 20971888 28852492
1759777068 1413 20971888 28852492
1759777069 1413 20971888 28852492
1759777070 1413 20971888 28852492
1759777071 1413 20971888 28852492
1759777072 1414 20971888 28852492
1759777073 1414 20971888 28852492
1759777074 1414 20971888 28852492
1759777075 1413 20971888 28852492
1759777076 1413 20971888 28852492
1759777077 1413 20971888 28852492
1759777079 1413 20971888 28852492
1759777080 1414 20971888 28852492
1759777081 1414 20971888 28852492
1759777082 1414 20971888 28852492
1759777083 1414 20971888 28852492
1759777084 1415 20971888 28852492
1759777085 1415 20971888 28852492
1759777086 1415 20971888 28852492
1759777087 1414 20971888 28852492
1759777088 1414 20971888 28852492
1759777089 1414 20971888 28852492
1759777091 1415 20971888 28852492
1759777092 1415 20971888 28852492
1759777093 1415 20971888 28852492
1759777094 1415 20971888 28852492
1759777095 1415 20971888 28852492
1759777096 1416 20971888 28852492
1759777097 1416 20971888 28852492
1759777098 1416 20971888 28852492
1759777099 1415 20971888 28852492
1759777100 1415 20971888 28852492
1759777101 1415 20971888 28852492
1759777102 1415 20971888 28852492
1759777104 1415 20971888 28852492
1759777105 1416 20971888 28852492
1759777106 1416 20971888 28852492
1759777107 1416 20971888 28852492
1759777108 1416 20971888 28852492
1759777109 1416 20971888 28852492
1759777110 1416 20971888 28852492
1759777111 1416 20971888 28852492
1759777112 1416 20971888 28852492
1759777113 1416 20971888 28852492
1759777114 1416 20971888 28852492
1759777116 1417 20971888 28852492
1759777117 1417 20971888 28852492
1759777118 1417 20971888 28852492
1759777119 1417 20971888 28852492
1759777120 1417 20971888 28852492
1759777121 1417 20971888 28852492
1759777122 1417 20971888 28852492
1759777123 1417 20971888 28852492
1759777124 1417 20971888 28852492
1759777126 1417 20971888 28852492
1759777127 1417 20971888 28852492
1759777128 1418 20971888 28852492
1759777129 1418 20971888 28852492
1759777130 1418 20971888 28852492
1759777131 1418 20971888 28852492
1759777132 1418 20971888 28852492
1759777133 1417 20971888 28852492
1759777134 1418 20971888 28852492
1759777135 1418 20971888 28852492
1759777137 1418 20971888 28852492
1759777138 1418 20971888 28852492
1759777139 1418 20971888 28852492
1759777140 1418 22989328 28852492
1759777141 1417 24095760 28852492
1759777142 1416 24096272 28852492
1759777143 1415 24096912 28852492
1759777144 1414 27220632 28852492
1759777145 1413 27221656 28852492
1759777146 1412 19386160 28852492
1759777147 1411 11743288 16350156
1759777148 1412 12681400 16350156
1759777149 1410 12681400 16350156
1759777150 1411 12681400 16350156
1759777151 1411 12681400 16350156
1759777152 1411 12681400 16350156
1759777154 1411 12681400 16350156
1759777155 1411 12681400 16350156
1759777156 1412 12681400 16350156
1759777157 1412 12681400 16350156
1759777158 1412 12681400 16350156
1759777159 1412 12681400 16350156
1759777160 1412 12681400 16350156
1759777161 1413 12681400 16350156
1759777162 1412 12681400 16350156
1759777163 1412 12681400 16350156
1759777164 1412 12681400 16350156
1759777165 1412 12681400 16350156
1759777167 1412 12681400 16350156
1759777168 1413 12681400 16350156
1759777169 1413 12681400 16350156
1759777170 1413 12681400 16350156
1759777171 1413 12681400 16350156
1759777172 1413 12681400 16350156
1759777173 1413 12681400 16350156
1759777174 1414 12681400 16350156
1759777175 1413 12681400 16350156
1759777176 1413 12681400 16350156
1759777177 1413 12681400 16350156
1759777179 1413 13397904 19475160
1759777180 1413 15806480 19475160
1759777181 1413 15806480 19475160
1759777182 1413 15806480 19475160
1759777183 1414 15806480 19475160
1759777184 1414 15806480 19475160
1759777185 1414 15806480 19475160
1759777186 1413 15806480 19475160
1759777187 1414 15806480 19475160
1759777188 1414 15806480 19475160
1759777190 1414 15806480 19475160
1759777191 1414 15806480 19475160
1759777192 1414 15806480 19475160
1759777193 1414 15806480 19475160
1759777194 1415 15806480 19475160
1759777195 1415 15806480 19475160
1759777196 1415 15806480 19475160
1759777197 1414 15806480 19475160
1759777198 1414 15806480 19475160
1759777199 1415 15806480 19475160
1759777201 1415 15806480 19475160
1759777202 1415 15806480 19475160
1759777203 1415 15806480 19475160
1759777204 1415 15806480 19475160
1759777205 1415 15806480 19475160
1759777206 1416 15806480 19475160
1759777207 1416 15806480 19475160
1759777208 1415 15806480 19475160
1759777209 1415 15806480 19475160
1759777210 1415 15806480 19475160
1759777211 1415 15806480 19475160
1759777213 1415 15806480 19475160
1759777214 1415 15806480 19475160
1759777215 1415 12681532 19475160
1759777216 1416 9477568 10100148
1759777217 1416 9477568 10100148
1759777218 1416 9477568 10100148
1759777219 1416 9477568 10100148
1759777220 1415 9477568 10100148
1759777221 1416 9477568 10100148
1759777222 1416 9477568 10100148
1759777224 1416 9477568 10100148
1759777225 1416 9477568 10100148
1759777226 1416 9477568 10100148
1759777227 1416 9477568 10100148
1759777228 1417 9477568 10100148
1759777229 1417 9477568 10100148
1759777230 1417 9477568 10100148
1759777231 1417 9477568 10100148
1759777232 1416 9477568 10100148
1759777233 1417 9477568 10100148
1759777234 1417 9477568 10100148
1759777236 1417 9477568 10100148
1759777237 1417 9477568 10100148
1759777238 1417 9477568 10100148
1759777239 1417 9477568 10100148
1759777240 1418 9477568 10100148
1759777241 1418 9477568 10100148
1759777242 1418 9477568 10100148
1759777243 1418 9477568 10100148
1759777244 1417 9477568 10100148
1759777245 1417 9477568 10100148
1759777246 1417 9477568 10100148
1759777248 1417 9477568 10100148
1759777249 1418 9477568 10100148
1759777250 1418 9477568 10100148
1759777251 1418 10482288 16350156
1759777252 1417 13766792 19475160
