1759753193  0.0 16384 676452
1759753194  835 426240 2483252
1759753195 1205 427392 2483252
1759753196 1325 427520 2483252
1759753197 1397 427648 2483252
1759753198 1213 427648 2483252
1759753199 1282 427648 2483252
1759753200 1332 427776 2483252
1759753202 1369 427776 2483252
1759753203 1392 427776 2483252
1759753204 1414 427904 2483252
1759753205 1426 427904 2483252
1759753206 1436 428160 2483252
1759753207 1443 428544 2483252
1759753208 1458 429568 2483252
1759753209 1473 429824 2483252
1759753210 1486 429952 2483252
1759753211 1418 431616 2483252
1759753212 1431 433792 2483252
1759753213 1426 824576 2483252
1759753214 1424 921984 2483252
1759753215 1386 1218944 2483252
1759753216 1370 1361408 2483252
1759753218 1383 1361792 2483252
1759753219 1395 1361792 2483252
1759753220 1406 1361792 2483252
1759753221 1409 1052360 1896696
1759753222 1413 845296 1701380
