1759754934  0.0 15872 675428
1759754935  208 1340452 2253984
1759754936  155 1161892 7723992
1759754937  396 1597348 7756760
1759754938  702 1602084 7757352
1759754939  860 1602084 7757352
1759754940  974 1602212 7757352
1759754941 1075 1602212 7757352
1759754942 1026 1602212 7757352
1759754943 1091 1602212 7757352
1759754944 1144 1602212 7757352
1759754946 1181 1602212 7757352
1759754947 1213 1602212 7757352
1759754948 1238 1602212 7757352
1759754949 1262 1602340 7757352
1759754950 1290 1602340 7757352
1759754951 1316 1602468 7757352
1759754952 1338 1603492 7757352
1759754953 1289 1603492 7757352
1759754954 1308 1604132 7757352
1759754955 1328 1604132 7757352
1759754956 1344 1604132 7757352
1759754958 1359 1604132 7757352
1759754959 1372 1604132 7757352
1759754960 1385 1604132 7757352
1759754961 1397 1604132 7757352
1759754962 1406 1604132 7757352
1759754963 1410 1604132 7757352
1759754964 1414 1604132 7757352
1759754965 1376 1604132 7757352
1759754966 1382 1604132 7757352
1759754967 1387 1604132 7757352
1759754968 1393 1604132 7757352
1759754970 1395 1604132 7757352
1759754971 1397 1604132 7757352
1759754972 1404 1604132 7757352
1759754973 1411 1604132 7757352
1759754974 1418 1604132 7757352
1759754975 1424 1604132 7757352
1759754976 1399 1604132 7757352
1759754977 1405 1604132 7757352
1759754978 1413 1604388 7757352
1759754979 1418 1604388 7757352
1759754981 1422 1604388 7757352
1759754982 1425 1604388 7757352
1759754983 1429 1604388 7757352
1759754984 1434 1604388 7757352
1759754985 1439 1604388 7757352
1759754986 1444 1604388 7757352
1759754987 1449 1605028 7757352
1759754988 1427 1605156 7757352
1759754989 1433 1605668 7757352
1759754990 1438 1605924 7757352
1759754992 1442 1606052 7757352
1759754993 1447 1606052 7757352
1759754994 1449 1606052 7757352
1759754995 1450 1606180 7757352
1759754996 1452 1606180 7757352
1759754997 1455 1606180 7757352
1759754998 1457 1606180 7757352
1759754999 1461 1606180 7757352
1759755000 1440 1606180 7757352
1759755001 1440 1606180 7757352
1759755002 1438 1606180 7757352
1759755003 1438 1606180 7757352
1759755004 1438 1606180 7757352
1759755006 1442 1606308 7757352
1759755007 1445 1606308 7757352
1759755008 1448 1606308 7757352
1759755009 1452 1606436 7757352
1759755010 1456 1606436 7757352
1759755011 1459 1606436 7757352
1759755012 1461 1606948 7757352
1759755013 1446 1607076 7757352
1759755014 1448 1607460 7757352
1759755015 1450 1607460 7757352
1759755016 1452 1607588 7757352
1759755018 1454 1607716 7757352
1759755019 1457 1608100 7757352
1759755020 1460 1608100 7757352
1759755021 1463 1608228 7757352
1759755022 1466 1608228 7757352
1759755023 1468 1608228 7757352
1759755024 1470 1608356 7757352
1759755025 1456 1608356 7757352
1759755026 1456 1608356 7757352
1759755027 1457 1608356 7757352
1759755028 1460 1608356 7757352
1759755030 1462 1608484 7757352
1759755031 1464 1608612 7757352
1759755032 1465 1608740 7757352
1759755033 1466 1608740 7757352
1759755034 1467 1608996 7757352
1759755035 1469 1609124 7757352
1759755036 1469 1609764 7757352
1759755037 1470 1609764 7757352
1759755038 1457 1609892 7757352
1759755039 1459 1610020 7757352
1759755040 1461 1610148 7757352
1759755041 1463 1610404 7757352
1759755043 1465 1610404 7757352
1759755044 1467 1610532 7757352
1759755045 1469 1610660 7757352
1759755046 1471 1610916 7757352
1759755047 1473 1611428 7757352
1759755048 1474 1611812 7757352
1759755049 1475 1612068 7757352
1759755050 1476 1612196 7757352
1759755051 1465 1612196 7757352
1759755052 1467 1612452 7757352
1759755053 1469 1612708 7757352
1759755054 1470 1613348 7757352
1759755056 1472 1614372 7757352
1759755057 1473 1614628 7757352
1759755058 1473 1614628 7757352
1759755059 1474 1815844 7757352
1759755060 1468 3212708 7757352
1759755061 1468 3321892 7757352
1759755062 1463 3403172 7757352
1759755063 1453 3714340 7757352
1759755064 1450 3729956 7757352
1759755065 1444 3729956 7757352
1759755066 1436 3993892 7757352
1759755067 1426 4270116 7757352
1759755068 1416 4729380 7757352
1759755069 1406 4743844 7757352
1759755070 1397 4743844 7757352
1759755071 1384 5289892 7757352
1759755072 1384 5289892 7757352
1759755073 1383 5291812 7757352
1759755074 1382 5291812 7757352
1759755075 1377 5291940 7757352
1759755077 1379 5291940 7757352
1759755078 1381 5291940 7757352
1759755079 1383 5291940 7757352
1759755080 1385 5291940 7757352
1759755081 1387 5291940 7757352
1759755082 1389 5291940 7757352
1759755083 1390 5291940 7757352
1759755084 1391 5291940 7757352
1759755085 1393 5291940 7757352
1759755086 1385 5291940 7757352
1759755087 1387 5291940 7757352
1759755088 1388 5291940 7757352
1759755089 1389 5291940 7757352
1759755091 1391 5291940 7757352
1759755092 1392 5291940 7757352
1759755093 1394 5291940 7757352
1759755094 1395 5291940 7757352
1759755095 1396 5291940 7757352
1759755096 1397 5291940 7757352
1759755097 1399 5291940 7757352
1759755098 1401 5291940 7757352
1759755099 1395 5291940 7757352
1759755100 1396 5291940 7757352
1759755101 1398 5291940 7757352
1759755102 1399 5291940 7757352
1759755104 1400 5291940 7757352
1759755105 1401 5291940 7757352
1759755106 1402 5291940 7757352
1759755107 1404 5291940 7757352
1759755108 1406 5291940 7757352
1759755109 1408 5291940 7757352
1759755110 1409 5291940 7757352
1759755111 1410 6072348 7757352
1759755112 1395 5402200 7757352
1759755113 1395 3236160 4631100
1759755114 1397 3236160 4631100
1759755115 1398 3236160 4631100
1759755117 1399 4018108 5412352
1759755118 1400 4018108 5412352
1759755119 1401 4018108 5412352
1759755120 1402 4018108 5412352
1759755121 1403 4018108 5412352
1759755122 1404 2416148 3068596
1759755123 1405 2416148 3068596
1759755124 1399 2416148 3068596
1759755125 1399 2416148 3068596
1759755126 1399 2578788 4631100
