1759760813  0.0 15744 675428
1759760814  104 1270476 2449296
1759760815  104 3334088 4207112
1759760816  103 3333720 4207112
1759760817  103 3042400 16513684
1759760818  134 3548000 16546452
1759760819  360 3552736 16546452
1759760821  531 3559776 16547144
1759760822  659 3559776 16547144
1759760823  764 3559776 16547144
1759760824  847 3559776 16547144
1759760825  920 3559776 16547144
1759760826  981 3559776 16547144
1759760827 1031 3559776 16547144
1759760828 1010 3559776 16547144
1759760829 1052 3559776 16547144
1759760830 1088 3559776 16547144
1759760832 1122 3559776 16547144
1759760833 1149 3559776 16547144
1759760834 1166 3559776 16547144
1759760835 1183 3559776 16547144
1759760836 1196 3559776 16547144
1759760837 1206 3559776 16547144
1759760838 1215 3559776 16547144
1759760839 1225 3559776 16547144
1759760840 1194 3559776 16547144
1759760841 1208 3559776 16547144
1759760842 1220 3559776 16547144
1759760844 1228 3559776 16547144
1759760845 1238 3559776 16547144
1759760846 1252 3559776 16547144
1759760847 1266 3559776 16547144
1759760848 1279 3559776 16547144
1759760849 1291 3559776 16547144
1759760850 1304 3559776 16547144
1759760851 1281 3559776 16547144
1759760852 1292 3559776 16547144
1759760853 1303 3559776 16547144
1759760855 1313 3559776 16547144
1759760856 1322 3559776 16547144
1759760857 1331 3559776 16547144
1759760858 1340 3559776 16547144
1759760859 1347 3559776 16547144
1759760860 1355 3559776 16547144
1759760861 1363 3559776 16547144
1759760862 1343 3559776 16547144
1759760863 1350 3559776 16547144
1759760864 1354 3559776 16547144
1759760866 1357 3559776 16547144
1759760867 1361 3559776 16547144
1759760868 1364 3559776 16547144
1759760869 1367 3559776 16547144
1759760870 1373 3559904 16547144
1759760871 1376 3559904 16547144
1759760872 1357 3559904 16547144
1759760873 1361 3559904 16547144
1759760874 1364 3559904 16547144
1759760875 1366 3559904 16547144
1759760877 1368 3559904 16547144
1759760878 1372 3559904 16547144
1759760879 1375 3560160 16547144
1759760880 1378 3560160 16547144
1759760881 1383 3560160 16547144
1759760882 1388 3560160 16547144
1759760883 1393 3560928 16547144
1759760884 1378 3560928 16547144
1759760885 1383 3560928 16547144
1759760886 1387 3561440 16547144
1759760888 1391 3561440 16547144
1759760889 1396 3561440 16547144
1759760890 1400 3561568 16547144
1759760891 1404 3561568 16547144
1759760892 1408 3561568 16547144
1759760893 1412 3561696 16547144
1759760894 1415 3561696 16547144
1759760895 1402 3561696 16547144
1759760896 1403 3561696 16547144
1759760897 1405 3561696 16547144
1759760899 1406 3561696 16547144
1759760900 1408 3561696 16547144
1759760901 1409 3561696 16547144
1759760902 1412 3561696 16547144
1759760903 1414 3561696 16547144
1759760904 1417 3561696 16547144
1759760905 1421 3561824 16547144
1759760906 1407 3561824 16547144
1759760907 1408 3561824 16547144
1759760908 1409 3561824 16547144
1759760909 1410 3561824 16547144
1759760910 1412 3561824 16547144
1759760912 1414 3561824 16547144
1759760913 1416 3561824 16547144
1759760914 1418 3561824 16547144
1759760915 1419 3561824 16547144
1759760916 1422 3561824 16547144
1759760917 1425 3561824 16547144
1759760918 1428 3561824 16547144
1759760919 1417 3561824 16547144
1759760920 1420 3561824 16547144
1759760921 1424 3561824 16547144
1759760923 1426 3561824 16547144
1759760924 1429 3561824 16547144
1759760925 1432 3561824 16547144
1759760926 1435 3561824 16547144
1759760927 1438 3561824 16547144
1759760928 1426 3561824 16547144
1759760929 1427 3561824 16547144
1759760930 1427 3561824 16547144
1759760931 1428 3561824 16547144
1759760933 1429 3561824 16547144
1759760934 1431 3561824 16547144
1759760935 1433 3561824 16547144
1759760936 1435 3561824 16547144
1759760937 1438 3561824 16547144
1759760938 1439 3561824 16547144
1759760939 1441 3561824 16547144
1759760940 1430 3561824 16547144
1759760941 1432 3561824 16547144
1759760942 1433 3561952 16547144
1759760944 1434 3561952 16547144
1759760945 1436 3561952 16547144
1759760946 1437 3561952 16547144
1759760947 1439 3561952 16547144
1759760948 1440 3561952 16547144
1759760949 1441 3562080 16547144
1759760950 1443 3562080 16547144
1759760951 1435 3562080 16547144
1759760952 1437 3562080 16547144
1759760953 1439 3562080 16547144
1759760955 1441 3562080 16547144
1759760956 1442 3562208 16547144
1759760957 1444 3562208 16547144
1759760958 1446 3562720 16547144
1759760959 1448 3562720 16547144
1759760960 1448 3562720 16547144
1759760961 1449 3562720 16547144
1759760962 1440 3563488 16547144
1759760963 1440 3563488 16547144
1759760964 1441 3563488 16547144
1759760966 1443 3563488 16547144
1759760967 1444 3563488 16547144
1759760968 1446 3563488 16547144
1759760969 1448 3563872 16547144
1759760970 1449 3563872 16547144
1759760971 1450 3563872 16547144
1759760972 1452 3563872 16547144
1759760973 1444 3563872 16547144
1759760974 1445 3563872 16547144
1759760975 1446 3563872 16547144
1759760976 1447 3563872 16547144
1759760978 1448 3563872 16547144
1759760979 1450 3563872 16547144
1759760980 1451 3563872 16547144
1759760981 1452 3563872 16547144
1759760982 1453 3563872 16547144
1759760983 1453 3563872 16547144
1759760984 1454 3563872 16547144
1759760985 1447 3563872 16547144
1759760986 1448 3563872 16547144
1759760987 1450 3563872 16547144
1759760989 1452 3563872 16547144
1759760990 1453 3563872 16547144
1759760991 1454 3563872 16547144
1759760992 1454 3563872 16547144
1759760993 1455 3563872 16547144
1759760994 1455 3563872 16547144
1759760995 1455 3563872 16547144
1759760996 1449 3563872 16547144
1759760997 1450 3563872 16547144
1759760998 1451 3563872 16547144
1759761000 1453 3563872 16547144
1759761001 1454 3563872 16547144
1759761002 1454 3563872 16547144
1759761003 1455 3563872 16547144
1759761004 1457 3563872 16547144
1759761005 1458 3563872 16547144
1759761006 1459 3563872 16547144
1759761007 1453 3563872 16547144
1759761008 1454 3564000 16547144
1759761009 1455 3564000 16547144
1759761011 1456 3564000 16547144
1759761012 1457 3564128 16547144
1759761013 1457 3564128 16547144
1759761014 1459 3564128 16547144
1759761015 1460 3564128 16547144
1759761016 1460 3564128 16547144
1759761017 1461 3564512 16547144
1759761018 1454 3564512 16547144
1759761019 1455 3564512 16547144
1759761020 1457 3564640 16547144
1759761022 1458 3564640 16547144
1759761023 1458 3564768 16547144
1759761024 1458 3564768 16547144
1759761025 1459 3564768 16547144
1759761026 1459 3565024 16547144
1759761027 1460 3565024 16547144
1759761028 1461 3565024 16547144
1759761029 1455 3565408 16547144
1759761030 1456 3565408 16547144
1759761031 1457 3565536 16547144
1759761032 1458 3565536 16547144
1759761034 1459 3565792 16547144
1759761035 1460 3565792 16547144
1759761036 1461 3565920 16547144
1759761037 1462 3565920 16547144
1759761038 1464 3565920 16547144
1759761039 1465 3565920 16547144
1759761040 1460 3565920 16547144
1759761041 1461 3565920 16547144
1759761042 1462 3565920 16547144
1759761043 1462 3565920 16547144
1759761045 1463 3565920 16547144
1759761046 1463 3565920 16547144
1759761047 1464 3565920 16547144
1759761048 1465 3565920 16547144
1759761049 1466 3565920 16547144
1759761050 1466 3565920 16547144
1759761051 1467 3565920 16547144
1759761052 1461 3565920 16547144
1759761053 1461 3565920 16547144
1759761054 1462 3565920 16547144
1759761055 1462 3566048 16547144
1759761057 1462 3566048 16547144
1759761058 1462 3566048 16547144
1759761059 1463 3566048 16547144
1759761060 1464 3566048 16547144
1759761061 1465 3566048 16547144
1759761062 1466 3566048 16547144
1759761063 1467 3566048 16547144
1759761064 1461 3566048 16547144
1759761065 1462 3566048 16547144
1759761066 1463 3566048 16547144
1759761067 1464 3566432 16547144
1759761069 1465 3566432 16547144
1759761070 1466 3566432 16547144
1759761071 1466 3566816 16547144
1759761072 1467 3566816 16547144
1759761073 1468 3566944 16547144
1759761074 1469 3566944 16547144
1759761075 1470 3567328 16547144
1759761076 1466 3567328 16547144
1759761077 1466 3567456 16547144
1759761078 1467 3567456 16547144
1759761080 1467 3567584 16547144
1759761081 1468 3567584 16547144
1759761082 1468 3567584 16547144
1759761083 1469 3567584 16547144
1759761084 1470 3567712 16547144
1759761085 1470 3567712 16547144
1759761086 1470 3567840 16547144
1759761087 1470 3567840 16547144
1759761088 1464 3567968 16547144
1759761089 1465 3567968 16547144
1759761090 1465 3567968 16547144
1759761092 1466 3567968 16547144
1759761093 1467 3567968 16547144
1759761094 1467 3567968 16547144
1759761095 1468 3567968 16547144
1759761096 1469 3567968 16547144
1759761097 1469 3567968 16547144
1759761098 1470 3567968 16547144
1759761099 1466 3567968 16547144
1759761100 1467 3568096 16547144
1759761101 1467 3568096 16547144
1759761102 1468 3568096 16547144
1759761104 1469 3568096 16547144
1759761105 1470 3568096 16547144
1759761106 1471 3568096 16547144
1759761107 1472 3568096 16547144
1759761108 1472 3568352 16547144
1759761109 1473 3568736 16547144
1759761110 1474 3568992 16547144
1759761111 1470 3568992 16547144
1759761112 1470 3569248 16547144
1759761113 1471 3569248 16547144
1759761115 1471 3569248 16547144
1759761116 1472 3569376 16547144
1759761117 1472 3569376 16547144
1759761118 1472 3569504 16547144
1759761119 1472 3569504 16547144
1759761120 1472 3569632 16547144
1759761121 1472 3569632 16547144
1759761122 1472 3569632 16547144
1759761123 1468 3569760 16547144
1759761124 1468 3569760 16547144
1759761125 1469 3569760 16547144
1759761127 1470 3569888 16547144
1759761128 1470 3570016 16547144
1759761129 1471 3570016 16547144
1759761130 1472 3570016 16547144
1759761131 1472 3570016 16547144
1759761132 1473 3570144 16547144
1759761133 1474 3570144 16547144
1759761134 1470 3570144 16547144
1759761135 1471 3570272 16547144
1759761136 1472 3570272 16547144
1759761137 1472 3570400 16547144
1759761139 1473 3570400 16547144
1759761140 1474 3570784 16547144
1759761141 1475 3571040 16547144
1759761142 1475 3571168 16547144
1759761143 1476 3571552 16547144
1759761144 1477 3571552 16547144
1759761145 1473 3571680 16547144
1759761146 1473 3571680 16547144
1759761147 1474 3571808 16547144
1759761148 1474 3571808 16547144
1759761150 1474 3571808 16547144
1759761151 1474 3571808 16547144
1759761152 1474 3571808 16547144
1759761153 1474 3571936 16547144
1759761154 1474 3572064 16547144
1759761155 1474 3572064 16547144
1759761156 1474 3572192 16547144
1759761157 1475 3572192 16547144
1759761158 1475 3572192 16547144
1759761159 1471 3572192 16547144
1759761160 1472 3572320 16547144
1759761161 1473 3572448 16547144
1759761163 1473 3572576 16547144
1759761164 1474 3573088 16547144
1759761165 1475 3573088 16547144
1759761166 1475 3573216 16547144
1759761167 1476 3573600 16547144
1759761168 1477 3573856 16547144
1759761169 1477 3573856 16547144
1759761170 1478 3573856 16547144
1759761171 1474 3573984 16547144
1759761172 1475 3574240 16547144
1759761173 1475 3574368 16547144
1759761174 1476 3574368 16547144
1759761176 1477 3574496 16547144
1759761177 1477 3575008 16547144
1759761178 1478 3575264 16547144
1759761179 1478 3575648 16547144
1759761180 1479 3576032 16547144
1759761181 1479 3576032 16547144
1759761182 1478 3576032 16547144
1759761183 1478 3576032 16547144
1759761184 1475 3576288 16547144
1759761185 1475 3576416 16547144
1759761186 1476 3576544 16547144
1759761188 1476 3576672 16547144
1759761189 1476 3576800 16547144
1759761190 1477 3576928 16547144
1759761191 1477 3577056 16547144
1759761192 1477 3578080 16547144
1759761193 1478 3578464 16547144
1759761194 1478 3579360 16547144
1759761195 1477 5078368 16547144
1759761196 1474 7096544 16547144
1759761197 1470 7173984 16547144
1759761198 1470 7173984 16547144
1759761199 1468 7410016 16547144
1759761200 1466 7410016 16547144
1759761201 1465 7410016 16547144
1759761202 1462 7711072 16547144
1759761203 1458 7972960 16547144
1759761204 1455 7972960 16547144
1759761206 1454 8326368 16547144
1759761207 1453 8329312 16547144
1759761208 1450 8329312 16547144
1759761209 1447 8329312 16547144
1759761210 1444 8329312 16547144
1759761211 1444 8329312 16547144
1759761212 1441 8636000 16547144
1759761213 1438 8903264 16547144
1759761214 1434 9170912 16547144
1759761215 1431 9439456 16547144
1759761216 1428 9788896 16547144
1759761217 1425 10298592 16547144
1759761218 1421 10613472 16547144
1759761219 1418 10613472 16547144
1759761220 1415 10613472 16547144
1759761221 1412 10613472 16547144
1759761222 1408 10613472 16547144
1759761223 1405 10613472 16547144
1759761224 1399 11829088 16547144
1759761225 1400 11829088 16547144
1759761226 1401 11829088 16547144
1759761227 1402 11829088 16547144
1759761229 1402 11829088 16547144
1759761230 1399 11829088 16547144
1759761231 1397 11829088 16547144
1759761232 1397 11829088 16547144
1759761233 1398 11829088 16547144
1759761234 1399 11829088 16547144
1759761235 1399 11829088 16547144
1759761236 1398 11829088 16547144
1759761237 1395 11829088 16547144
1759761238 1393 11829088 16547144
1759761239 1390 11829088 16547144
1759761240 1391 11829088 16547144
1759761241 1391 11829088 16547144
1759761242 1392 11829088 16547144
1759761244 1392 11829088 16547144
1759761245 1392 11829088 16547144
1759761246 1393 11829088 16547144
1759761247 1393 11829088 16547144
1759761248 1394 11829088 16547144
1759761249 1394 11829088 16547144
1759761250 1395 11829088 16547144
1759761251 1392 11829088 16547144
1759761252 1393 11829088 16547144
1759761253 1393 11829088 16547144
1759761254 1394 11829088 16547144
1759761256 1394 11829088 16547144
1759761257 1394 11829088 16547144
1759761258 1395 11829088 16547144
1759761259 1396 11829088 16547144
1759761260 1396 11829088 16547144
1759761261 1397 11829088 16547144
1759761262 1398 11829088 16547144
1759761263 1395 11829088 16547144
1759761264 1396 11829088 16547144
1759761265 1397 11829088 16547144
1759761266 1397 11829088 16547144
1759761268 1398 11829088 16547144
1759761269 1399 11829088 16547144
1759761270 1399 11829088 16547144
1759761271 1400 11829088 16547144
1759761272 1401 11829088 16547144
1759761273 1401 11829088 16547144
1759761274 1402 11829088 16547144
1759761275 1402 11829088 16547144
1759761276 1399 11829088 16547144
1759761277 1399 11829088 16547144
1759761278 1400 11829088 16547144
1759761280 1400 11829088 16547144
1759761281 1401 11829088 16547144
1759761282 1401 11829088 16547144
1759761283 1402 11829088 16547144
1759761284 1402 11829088 16547144
1759761285 1403 11829088 16547144
1759761286 1403 11829088 16547144
1759761287 1404 11829088 16547144
1759761288 1401 11829088 16547144
1759761289 1402 11829088 16547144
1759761290 1402 11829088 16547144
1759761291 1402 11829088 16547144
1759761293 1403 11829088 16547144
1759761294 1404 11829088 16547144
1759761295 1404 11829088 16547144
1759761296 1405 11829088 16547144
1759761297 1405 11829088 16547144
1759761298 1406 11829088 16547144
1759761299 1407 11829088 16547144
1759761300 1407 11829088 16547144
1759761301 1405 11829088 16547144
1759761302 1406 11829088 16547144
1759761303 1406 11829088 16547144
1759761304 1407 11829088 16547144
1759761306 1407 11829088 16547144
1759761307 1407 11829088 16547144
1759761308 1407 11829088 16547144
1759761309 1408 11829088 16547144
1759761310 1408 11829088 16547144
1759761311 1409 11829088 16547144
1759761312 1409 11829088 16547144
1759761313 1410 11829088 16547144
1759761314 1407 11829088 16547144
1759761315 1407 11829088 16547144
1759761316 1408 11829088 16547144
1759761317 1408 11829088 16547144
1759761319 1409 11829088 16547144
1759761320 1410 11829088 16547144
1759761321 1410 11829088 16547144
1759761322 1410 11829088 16547144
1759761323 1411 11829088 16547144
1759761324 1411 11829088 16547144
1759761325 1412 11829088 16547144
1759761326 1409 11829088 16547144
1759761327 1410 11829088 16547144
1759761328 1411 11829088 16547144
1759761329 1411 11829088 16547144
1759761331 1412 11829088 16547144
1759761332 1412 11829088 16547144
1759761333 1413 11829088 16547144
1759761334 1413 11829088 16547144
1759761335 1414 11829088 16547144
1759761336 1414 11829088 16547144
1759761337 1414 11829088 16547144
1759761338 1412 11829088 16547144
1759761339 1412 11829088 16547144
1759761340 1413 11829088 16547144
1759761342 1413 11829088 16547144
1759761343 1413 11829088 16547144
1759761344 1414 11829088 16547144
1759761345 1414 11829088 16547144
1759761346 1415 11829088 16547144
1759761347 1415 11829088 16547144
1759761348 1415 11829088 16547144
1759761349 1416 11829088 16547144
1759761350 1416 11829088 16547144
1759761351 1414 13105068 16547144
1759761352 1411 15342388 16547144
1759761353 1409 6024404 9514020
1759761354 1410 7177948 9514020
1759761356 1410 7177948 9514020
1759761357 1410 7177948 9514020
1759761358 1411 7177948 9514020
1759761359 1411 7177948 9514020
1759761360 1411 7177948 9514020
1759761361 1412 7177948 9514020
1759761362 1412 7177948 9514020
1759761363 1413 7177948 9514020
1759761364 1411 7177948 9514020
1759761365 1411 7177948 9514020
1759761366 1412 7177948 9514020
1759761367 1412 8576860 11271836
1759761369 1412 8935388 11271836
1759761370 1412 8935388 11271836
1759761371 1413 8935388 11271836
1759761372 1413 8935388 11271836
1759761373 1413 8935388 11271836
1759761374 1414 8935388 11271836
1759761375 1414 8935388 11271836
1759761376 1412 8935388 11271836
1759761377 1412 8935388 11271836
1759761378 1413 8935388 11271836
1759761379 1413 8935388 11271836
1759761381 1414 8935388 11271836
1759761382 1414 8935388 11271836
1759761383 1414 8935388 11271836
1759761384 1415 5356724 5998388
1759761385 1415 5360820 5998388
1759761386 1416 5360820 5998388
1759761387 1414 5360820 5998388
1759761388 1414 5360820 5998388
1759761389 1415 5360820 5998388
1759761391 1415 5360820 5998388
1759761392 1415 5360820 5998388
1759761393 1416 5360820 5998388
1759761394 1416 5360820 5998388
1759761395 1417 5360820 5998388
1759761396 1417 5360820 5998388
1759761397 1418 5360820 5998388
1759761398 1418 5360820 5998388
1759761399 1416 5360820 5998388
1759761400 1414 7585252 11271836
