1759785538  0.0 15488 675428
1759785539  208 1253212 3816484
1759785540  155 2576220 3816484
1759785541  138 3739128 6941488
1759785542  129 4836860 6941488
1759785543  124 5983740 6941488
1759785544  120 4022628 6941488
1759785546  117 5960036 6941488
1759785547  115 3498608 28819152
1759785548  114 4624240 28819152
1759785549  113 5736688 28819152
1759785550  112 6281840 28819152
1759785551  154 6283120 28851920
1759785552  268 6286192 28851920
1759785553  367 6289392 28851920
1759785554  450 6291824 28851920
1759785555  527 6296816 28852492
1759785556  564 6296816 28852492
1759785557  620 6296816 28852492
1759785558  669 6296816 28852492
1759785560  710 6296816 28852492
1759785561  750 6296816 28852492
1759785562  788 6296816 28852492
1759785563  826 6297072 28852492
1759785564  862 6297072 28852492
1759785565  895 6297072 28852492
1759785566  926 6297072 28852492
1759785567  920 6297072 28852492
1759785568  945 6297072 28852492
1759785569  972 6297072 28852492
1759785571  996 6297072 28852492
1759785572 1018 6297072 28852492
1759785573 1037 6297072 28852492
1759785574 1054 6297072 28852492
1759785575 1071 6297072 28852492
1759785576 1081 6297072 28852492
1759785577 1064 6297840 28852492
1759785578 1074 6297840 28852492
1759785579 1085 6297840 28852492
1759785581 1099 6297840 28852492
1759785582 1109 6297840 28852492
1759785583 1118 6297840 28852492
1759785584 1127 6297840 28852492
1759785585 1137 6297840 28852492
1759785586 1149 6297840 28852492
1759785587 1160 6297840 28852492
1759785588 1147 6297840 28852492
1759785589 1158 6297840 28852492
1759785590 1169 6297840 28852492
1759785592 1179 6297840 28852492
1759785593 1186 6297840 28852492
1759785594 1194 6298096 28852492
1759785595 1202 6298096 28852492
1759785596 1209 6298096 28852492
1759785597 1218 6298096 28852492
1759785598 1205 6298096 28852492
1759785599 1214 6298096 28852492
1759785600 1221 6298096 28852492
1759785602 1229 6298224 28852492
1759785603 1235 6298224 28852492
1759785604 1242 6298224 28852492
1759785605 1249 6298224 28852492
1759785606 1256 6298224 28852492
1759785607 1260 6298224 28852492
1759785608 1244 6298224 28852492
1759785609 1248 6298224 28852492
1759785610 1251 6298224 28852492
1759785611 1255 6298224 28852492
1759785613 1261 6298224 28852492
1759785614 1266 6298224 28852492
1759785615 1270 6298224 28852492
1759785616 1272 6298224 28852492
1759785617 1275 6298224 28852492
1759785618 1278 6298224 28852492
1759785619 1281 6298224 28852492
1759785620 1286 6298224 28852492
1759785621 1275 6298224 28852492
1759785622 1280 6298224 28852492
1759785623 1285 6298224 28852492
1759785625 1290 6298352 28852492
1759785626 1295 6298352 28852492
1759785627 1299 6298352 28852492
1759785628 1302 6298352 28852492
1759785629 1305 6298352 28852492
1759785630 1308 6298352 28852492
1759785631 1298 6298352 28852492
1759785632 1302 6298352 28852492
1759785633 1306 6298352 28852492
1759785634 1310 6298352 28852492
1759785636 1314 6298352 28852492
1759785637 1319 6298352 28852492
1759785638 1322 6298352 28852492
1759785639 1324 6298608 28852492
1759785640 1326 6298608 28852492
1759785641 1327 6298608 28852492
1759785642 1316 6298608 28852492
1759785643 1319 6298608 28852492
1759785644 1323 6298608 28852492
1759785646 1326 6298608 28852492
1759785647 1329 6298608 28852492
1759785648 1332 6298608 28852492
1759785649 1334 6298608 28852492
1759785650 1336 6298608 28852492
1759785651 1339 6298608 28852492
1759785652 1341 6298608 28852492
1759785653 1332 6298608 28852492
1759785654 1335 6298608 28852492
1759785655 1338 6298736 28852492
1759785657 1341 6298736 28852492
1759785658 1344 6298736 28852492
1759785659 1347 6298736 28852492
1759785660 1350 6298736 28852492
1759785661 1352 6298736 28852492
1759785662 1354 6298736 28852492
1759785663 1346 6298736 28852492
1759785664 1347 6298736 28852492
1759785665 1349 6298736 28852492
1759785666 1352 6298736 28852492
1759785668 1355 6298736 28852492
1759785669 1358 6298736 28852492
1759785670 1359 6298736 28852492
1759785671 1361 6298736 28852492
1759785672 1362 6298736 28852492
1759785673 1363 6298736 28852492
1759785674 1354 6298736 28852492
1759785675 1356 6298736 28852492
1759785676 1359 6298736 28852492
1759785678 1360 6298736 28852492
1759785679 1362 6298736 28852492
1759785680 1364 6298736 28852492
1759785681 1367 6298736 28852492
1759785682 1369 6298736 28852492
1759785683 1371 6298736 28852492
1759785684 1364 6298736 28852492
1759785685 1365 6298736 28852492
1759785686 1367 6298736 28852492
1759785687 1368 6298736 28852492
1759785689 1370 6298736 28852492
1759785690 1372 6298736 28852492
1759785691 1374 6298736 28852492
1759785692 1377 6298736 28852492
1759785693 1379 6298736 28852492
1759785694 1381 6298736 28852492
1759785695 1374 6298736 28852492
1759785696 1376 6298736 28852492
1759785697 1377 6298736 28852492
1759785699 1379 6298736 28852492
1759785700 1380 6298736 28852492
1759785701 1381 6298736 28852492
1759785702 1382 6298736 28852492
1759785703 1383 6298736 28852492
1759785704 1384 6298736 28852492
1759785705 1377 6298736 28852492
1759785706 1379 6298736 28852492
1759785708 1381 6298736 28852492
1759785709 1383 6298736 28852492
1759785710 1384 6298736 28852492
1759785711 1385 6298736 28852492
1759785712 1386 6298736 28852492
1759785713 1388 6298992 28852492
1759785714 1390 6298992 28852492
1759785715 1384 6298992 28852492
1759785716 1386 6298992 28852492
1759785718 1388 6298992 28852492
1759785719 1390 6298992 28852492
1759785720 1391 6298992 28852492
1759785721 1392 6298992 28852492
1759785722 1393 6298992 28852492
1759785723 1394 6298992 28852492
1759785724 1396 6298992 28852492
1759785725 1390 6299504 28852492
1759785726 1392 6299504 28852492
1759785728 1394 6299504 28852492
1759785729 1395 6299632 28852492
1759785730 1397 6299632 28852492
1759785731 1398 6299632 28852492
1759785732 1399 6299632 28852492
1759785733 1399 6299760 28852492
1759785734 1392 6299760 28852492
1759785735 1392 6299760 28852492
1759785736 1392 6299760 28852492
1759785737 1394 6299760 28852492
1759785739 1395 6299760 28852492
1759785740 1396 6300016 28852492
1759785741 1397 6300016 28852492
1759785742 1398 6300016 28852492
1759785743 1400 6300016 28852492
1759785744 1401 6300016 28852492
1759785745 1396 6300016 28852492
1759785746 1398 6300144 28852492
1759785747 1399 6300144 28852492
1759785749 1400 6300144 28852492
1759785750 1402 6300144 28852492
1759785751 1403 6300144 28852492
1759785752 1405 6300144 28852492
1759785753 1406 6300144 28852492
1759785754 1407 6300144 28852492
1759785755 1401 6300144 28852492
1759785756 1402 6300144 28852492
1759785757 1403 6300144 28852492
1759785759 1405 6300144 28852492
1759785760 1406 6300144 28852492
1759785761 1407 6300144 28852492
1759785762 1408 6300144 28852492
1759785763 1409 6300144 28852492
1759785764 1410 6300144 28852492
1759785765 1410 6300272 28852492
1759785766 1410 6300272 28852492
1759785767 1404 6300272 28852492
1759785768 1404 6300272 28852492
1759785769 1405 6300272 28852492
1759785771 1406 6300272 28852492
1759785772 1407 6300272 28852492
1759785773 1407 6300400 28852492
1759785774 1408 6300400 28852492
1759785775 1410 6300400 28852492
1759785776 1411 6300400 28852492
1759785777 1412 6300400 28852492
1759785778 1407 6300400 28852492
1759785779 1408 6300528 28852492
1759785780 1410 6300528 28852492
1759785782 1411 6300528 28852492
1759785783 1412 6300528 28852492
1759785784 1413 6300528 28852492
1759785785 1414 6300656 28852492
1759785786 1415 6300656 28852492
1759785787 1416 6300656 28852492
1759785788 1417 6300656 28852492
1759785789 1412 6300656 28852492
1759785790 1412 6300656 28852492
1759785791 1413 6300784 28852492
1759785793 1414 6300784 28852492
1759785794 1415 6300784 28852492
1759785795 1416 6300784 28852492
1759785796 1416 6300784 28852492
1759785797 1416 6300784 28852492
1759785798 1416 6300784 28852492
1759785799 1417 6300784 28852492
1759785800 1418 6300784 28852492
1759785801 1413 6300784 28852492
1759785802 1413 6300784 28852492
1759785803 1414 6300784 28852492
1759785805 1414 6300784 28852492
1759785806 1415 6300784 28852492
1759785807 1416 6300784 28852492
1759785808 1417 6300784 28852492
1759785809 1418 6300784 28852492
1759785810 1419 6300784 28852492
1759785811 1415 6300784 28852492
1759785812 1416 6300784 28852492
1759785813 1417 6300784 28852492
1759785815 1418 6300784 28852492
1759785816 1419 6300784 28852492
1759785817 1421 6300784 28852492
1759785818 1421 6300784 28852492
1759785819 1422 6300784 28852492
1759785820 1423 6300784 28852492
1759785821 1424 6300784 28852492
1759785822 1420 6300784 28852492
1759785823 1421 6300784 28852492
1759785824 1421 6300784 28852492
1759785826 1421 6300784 28852492
1759785827 1422 6300784 28852492
1759785828 1422 6300784 28852492
1759785829 1423 6300784 28852492
1759785830 1423 6300784 28852492
1759785831 1424 6300784 28852492
1759785832 1424 6300784 28852492
1759785833 1420 6300784 28852492
1759785834 1421 6300784 28852492
1759785835 1421 6300784 28852492
1759785837 1422 6300784 28852492
1759785838 1422 6300784 28852492
1759785839 1423 6300784 28852492
1759785840 1424 6300784 28852492
1759785841 1424 6300784 28852492
1759785842 1425 6300912 28852492
1759785843 1426 6300912 28852492
1759785844 1423 6300912 28852492
1759785845 1424 6300912 28852492
1759785847 1425 6300912 28852492
1759785848 1426 6301168 28852492
1759785849 1427 6301168 28852492
1759785850 1428 6301168 28852492
1759785851 1429 6301168 28852492
1759785852 1429 6301168 28852492
1759785853 1430 6301168 28852492
1759785854 1426 6301168 28852492
1759785855 1427 6301168 28852492
1759785856 1428 6301168 28852492
1759785858 1428 6301168 28852492
1759785859 1428 6301424 28852492
1759785860 1428 6301424 28852492
1759785861 1428 6301424 28852492
1759785862 1429 6301424 28852492
1759785863 1425 6301424 28852492
1759785864 1426 6301424 28852492
1759785865 1427 6301808 28852492
1759785867 1427 6301808 28852492
1759785868 1428 6301808 28852492
1759785869 1429 6301808 28852492
1759785870 1429 6301808 28852492
1759785871 1430 6301936 28852492
1759785872 1430 6301936 28852492
1759785873 1430 6301936 28852492
1759785874 1430 6301936 28852492
1759785875 1427 6301936 28852492
1759785876 1428 6301936 28852492
1759785877 1429 6302064 28852492
1759785879 1429 6302064 28852492
1759785880 1430 6302064 28852492
1759785881 1431 6302064 28852492
1759785882 1432 6302192 28852492
1759785883 1433 6302192 28852492
1759785884 1433 6302192 28852492
1759785885 1430 6302192 28852492
1759785886 1431 6302192 28852492
1759785887 1432 6302192 28852492
1759785888 1432 6302192 28852492
1759785890 1432 6302192 28852492
1759785891 1432 6302192 28852492
1759785892 1432 6302192 28852492
1759785893 1432 6302192 28852492
1759785894 1432 6302320 28852492
1759785895 1433 6302320 28852492
1759785896 1429 6302320 28852492
1759785897 1430 6302320 28852492
1759785898 1430 6302320 28852492
1759785900 1431 6302704 28852492
1759785901 1432 6302704 28852492
1759785902 1433 6302704 28852492
1759785903 1433 6302704 28852492
1759785904 1434 6302704 28852492
1759785905 1435 6302704 28852492
1759785906 1435 6302704 28852492
1759785907 1431 6302704 28852492
1759785908 1432 6302704 28852492
1759785909 1432 6302704 28852492
1759785911 1433 6302832 28852492
1759785912 1434 6302832 28852492
1759785913 1435 6302832 28852492
1759785914 1435 6302832 28852492
1759785915 1436 6302832 28852492
1759785916 1437 6302832 28852492
1759785917 1434 6302832 28852492
1759785918 1435 6302832 28852492
1759785919 1435 6302832 28852492
1759785921 1435 6302832 28852492
1759785922 1436 6302832 28852492
1759785923 1436 6302832 28852492
1759785924 1436 6302832 28852492
1759785925 1436 6302832 28852492
1759785926 1437 6302832 28852492
1759785927 1434 6302832 28852492
1759785928 1434 6302832 28852492
1759785929 1434 6302832 28852492
1759785930 1434 6302832 28852492
1759785932 1435 6302832 28852492
1759785933 1436 6302832 28852492
1759785934 1436 6302832 28852492
1759785935 1437 6302832 28852492
1759785936 1438 6302832 28852492
1759785937 1438 6302832 28852492
1759785938 1435 6302832 28852492
1759785939 1436 6302832 28852492
1759785940 1436 6302832 28852492
1759785941 1436 6302832 28852492
1759785942 1436 6302832 28852492
1759785944 1436 6302832 28852492
1759785945 1437 6302832 28852492
1759785946 1438 6302832 28852492
1759785947 1438 6302832 28852492
1759785948 1439 6302832 28852492
1759785949 1440 6302832 28852492
1759785950 1437 6302832 28852492
1759785951 1437 6302832 28852492
1759785952 1438 6302832 28852492
1759785954 1438 6302832 28852492
1759785955 1438 6302832 28852492
1759785956 1438 6302832 28852492
1759785957 1439 6302832 28852492
1759785958 1439 6302832 28852492
1759785959 1440 6302832 28852492
1759785960 1437 6302832 28852492
1759785961 1437 6302832 28852492
1759785962 1437 6302832 28852492
1759785964 1437 6302832 28852492
1759785965 1438 6303216 28852492
1759785966 1438 6303216 28852492
1759785967 1439 6303216 28852492
1759785968 1440 6303216 28852492
1759785969 1440 6303472 28852492
1759785970 1441 6303472 28852492
1759785971 1438 6303472 28852492
1759785972 1439 6303472 28852492
1759785973 1439 6303856 28852492
1759785975 1440 6303856 28852492
1759785976 1440 6303856 28852492
1759785977 1440 6303856 28852492
1759785978 1441 6303856 28852492
1759785979 1441 6303856 28852492
1759785980 1442 6303856 28852492
1759785981 1439 6303856 28852492
1759785982 1440 6303856 28852492
1759785983 1440 6303984 28852492
1759785984 1440 6303984 28852492
1759785986 1440 6303984 28852492
1759785987 1440 6303984 28852492
1759785988 1440 6303984 28852492
1759785989 1441 6303984 28852492
1759785990 1441 6303984 28852492
1759785991 1442 6303984 28852492
1759785992 1442 6303984 28852492
1759785993 1439 6303984 28852492
1759785994 1439 6304112 28852492
1759785995 1440 6304112 28852492
1759785997 1440 6304112 28852492
1759785998 1440 6304112 28852492
1759785999 1441 6304112 28852492
1759786000 1441 6304368 28852492
1759786001 1442 6304368 28852492
1759786002 1443 6304368 28852492
1759786003 1440 6304368 28852492
1759786004 1441 6304496 28852492
1759786005 1441 6304496 28852492
1759786007 1442 6304496 28852492
1759786008 1442 6304496 28852492
1759786009 1443 6304496 28852492
1759786010 1443 6304496 28852492
1759786011 1443 6304496 28852492
1759786012 1444 6304496 28852492
1759786013 1444 6304624 28852492
1759786014 1442 6304624 28852492
1759786015 1442 6304624 28852492
1759786016 1442 6304624 28852492
1759786018 1442 6304624 28852492
1759786019 1442 6304624 28852492
1759786020 1443 6304624 28852492
1759786021 1443 6304624 28852492
1759786022 1444 6304624 28852492
1759786023 1444 6304880 28852492
1759786024 1441 6304880 28852492
1759786025 1442 6304880 28852492
1759786026 1442 6304880 28852492
1759786027 1443 6304880 28852492
1759786029 1443 6304880 28852492
1759786030 1443 6304880 28852492
1759786031 1444 6304880 28852492
1759786032 1444 6304880 28852492
1759786033 1444 6304880 28852492
1759786034 1445 6304880 28852492
1759786035 1442 6304880 28852492
1759786036 1443 6304880 28852492
1759786037 1444 6304880 28852492
1759786039 1444 6304880 28852492
1759786040 1445 6304880 28852492
1759786041 1445 6304880 28852492
1759786042 1446 6304880 28852492
1759786043 1446 6304880 28852492
1759786044 1446 6304880 28852492
1759786045 1444 6304880 28852492
1759786046 1444 6304880 28852492
1759786048 1444 6304880 28852492
1759786049 1444 6304880 28852492
1759786050 1444 6305136 28852492
1759786051 1445 6305136 28852492
1759786052 1445 6305136 28852492
1759786053 1446 6305136 28852492
1759786054 1446 6305264 28852492
1759786055 1443 6305264 28852492
1759786056 1444 6305264 28852492
1759786057 1444 6305264 28852492
1759786059 1445 6305264 28852492
1759786060 1445 6305264 28852492
1759786061 1446 6305264 28852492
1759786062 1446 6305264 28852492
1759786063 1446 6305392 28852492
1759786064 1447 6305392 28852492
1759786065 1447 6305392 28852492
1759786066 1445 6305392 28852492
1759786067 1445 6305648 28852492
1759786068 1446 6305648 28852492
1759786070 1446 6305648 28852492
1759786071 1446 6305776 28852492
1759786072 1447 6305776 28852492
1759786073 1447 6305776 28852492
1759786074 1448 6305776 28852492
1759786075 1448 6305776 28852492
1759786076 1446 6305776 28852492
1759786077 1447 6305776 28852492
1759786078 1447 6306032 28852492
1759786080 1447 6306032 28852492
1759786081 1447 6306032 28852492
1759786082 1447 6306032 28852492
1759786083 1447 6306032 28852492
1759786084 1447 6306160 28852492
1759786085 1447 6306160 28852492
1759786086 1448 6306160 28852492
1759786087 1445 6306160 28852492
1759786088 1445 6306160 28852492
1759786089 1446 6306160 28852492
1759786091 1446 6306160 28852492
1759786092 1446 6306160 28852492
1759786093 1447 6306160 28852492
1759786094 1447 6306160 28852492
1759786095 1447 6306160 28852492
1759786096 1447 6306160 28852492
1759786097 1447 6306160 28852492
1759786098 1445 6306160 28852492
1759786099 1445 6306160 28852492
1759786100 1445 6306416 28852492
1759786102 1446 6306416 28852492
1759786103 1446 6306416 28852492
1759786104 1446 6306416 28852492
1759786105 1446 6306416 28852492
1759786106 1446 6306416 28852492
1759786107 1447 6306416 28852492
1759786108 1444 6306672 28852492
1759786109 1444 6306672 28852492
1759786110 1444 6306672 28852492
1759786112 1444 6306672 28852492
1759786113 1444 6306672 28852492
1759786114 1444 6306672 28852492
1759786115 1444 6306672 28852492
1759786116 1444 6306672 28852492
1759786117 1444 6306672 28852492
1759786118 1444 6306928 28852492
1759786119 1442 6306928 28852492
1759786120 1442 6306928 28852492
1759786121 1443 6306928 28852492
1759786123 1443 6306928 28852492
1759786124 1443 6306928 28852492
1759786125 1443 6306928 28852492
1759786126 1444 6306928 28852492
1759786127 1444 6306928 28852492
1759786128 1444 6306928 28852492
1759786129 1444 6306928 28852492
1759786130 1442 6306928 28852492
1759786131 1442 6306928 28852492
1759786132 1442 6306928 28852492
1759786133 1442 6306928 28852492
1759786135 1442 6307056 28852492
1759786136 1442 6307056 28852492
1759786137 1443 6307056 28852492
1759786138 1443 6307056 28852492
1759786139 1443 6307056 28852492
1759786140 1443 6307056 28852492
1759786141 1441 6307056 28852492
1759786142 1441 6307056 28852492
1759786143 1441 6307440 28852492
1759786144 1441 6307440 28852492
1759786146 1441 6307568 28852492
1759786147 1441 6307696 28852492
1759786148 1441 6307696 28852492
1759786149 1441 6307696 28852492
1759786150 1441 6307696 28852492
1759786151 1441 6307824 28852492
1759786152 1441 6307824 28852492
1759786153 1439 6307824 28852492
1759786154 1439 6307824 28852492
1759786155 1439 6307824 28852492
1759786157 1440 6307824 28852492
1759786158 1440 6307824 28852492
1759786159 1440 6307824 28852492
1759786160 1440 6307824 28852492
1759786161 1440 6307824 28852492
1759786162 1441 6307824 28852492
1759786163 1441 6307824 28852492
1759786164 1439 6307824 28852492
1759786165 1439 6307824 28852492
1759786166 1439 6307824 28852492
1759786167 1439 6307824 28852492
1759786169 1439 6307824 28852492
1759786170 1439 6307824 28852492
1759786171 1440 6307824 28852492
1759786172 1440 6307824 28852492
1759786173 1440 6307824 28852492
1759786174 1440 6308080 28852492
1759786175 1437 6308080 28852492
1759786176 1437 6308080 28852492
1759786177 1437 6308080 28852492
1759786178 1438 6308080 28852492
1759786180 1438 6308080 28852492
1759786181 1438 6308080 28852492
1759786182 1438 6308208 28852492
1759786183 1438 6308208 28852492
1759786184 1438 6308208 28852492
1759786185 1438 6308208 28852492
1759786186 1438 6308208 28852492
1759786187 1436 6308208 28852492
1759786188 1436 6308208 28852492
1759786189 1436 6308208 28852492
1759786190 1437 6308208 28852492
1759786192 1437 6308208 28852492
1759786193 1437 6308720 28852492
1759786194 1437 6308720 28852492
1759786195 1437 6308720 28852492
1759786196 1437 6308720 28852492
1759786197 1438 6308720 28852492
1759786198 1438 6308720 28852492
1759786199 1436 6308720 28852492
1759786200 1436 6308720 28852492
1759786201 1436 6308720 28852492
1759786202 1436 6309232 28852492
1759786204 1436 6309232 28852492
1759786205 1435 6309232 28852492
1759786206 1435 6309232 28852492
1759786207 1435 6309360 28852492
1759786208 1436 6309360 28852492
1759786209 1436 6309360 28852492
1759786210 1436 6309488 28852492
1759786211 1434 6309488 28852492
1759786212 1434 6309488 28852492
1759786213 1434 6309488 28852492
1759786215 1434 6309488 28852492
1759786216 1434 6309488 28852492
1759786217 1435 6309744 28852492
1759786218 1435 6309744 28852492
1759786219 1435 6309744 28852492
1759786220 1435 6309744 28852492
1759786221 1435 6309744 28852492
1759786222 1433 6309744 28852492
1759786223 1433 6309872 28852492
1759786224 1434 6309872 28852492
1759786226 1434 6309872 28852492
1759786227 1434 6309872 28852492
1759786228 1434 6309872 28852492
1759786229 1434 6309872 28852492
1759786230 1435 6309872 28852492
1759786231 1435 6309872 28852492
1759786232 1433 6309872 28852492
1759786233 1433 6309872 28852492
1759786234 1433 6309872 28852492
1759786235 1433 6309872 28852492
1759786237 1433 6309872 28852492
1759786238 1433 6309872 28852492
1759786239 1432 6309872 28852492
1759786240 1433 6309872 28852492
1759786241 1433 6309872 28852492
1759786242 1433 6309872 28852492
1759786243 1433 6309872 28852492
1759786244 1431 6309872 28852492
1759786245 1431 6309872 28852492
1759786246 1432 6309872 28852492
1759786248 1432 6309872 28852492
1759786249 1432 6310000 28852492
1759786250 1432 6310000 28852492
1759786251 1432 6310000 28852492
1759786252 1433 6310000 28852492
1759786253 1433 6310000 28852492
1759786254 1433 6310000 28852492
1759786255 1431 6310384 28852492
1759786256 1431 6310384 28852492
1759786257 1431 6310512 28852492
1759786259 1431 6310512 28852492
1759786260 1431 6310512 28852492
1759786261 1431 6310768 28852492
1759786262 1432 6310768 28852492
1759786263 1432 6310768 28852492
1759786264 1432 6310768 28852492
1759786265 1432 6310768 28852492
1759786266 1430 6311024 28852492
1759786267 1430 6311024 28852492
1759786268 1430 6311024 28852492
1759786269 1430 6311152 28852492
1759786271 1430 6311152 28852492
1759786272 1430 6311152 28852492
1759786273 1430 6311408 28852492
1759786274 1430 6311408 28852492
1759786275 1430 6311408 28852492
1759786276 1430 6311408 28852492
1759786277 1430 6311408 28852492
1759786278 1430 6311408 28852492
1759786279 1429 6311408 28852492
1759786280 1429 6311408 28852492
1759786281 1429 6311408 28852492
1759786283 1430 6311408 28852492
1759786284 1430 6311664 28852492
1759786285 1430 6311664 28852492
1759786286 1431 6311664 28852492
1759786287 1431 6311664 28852492
1759786288 1431 6311792 28852492
1759786289 1431 6311792 28852492
1759786290 1430 6311920 28852492
1759786291 1430 6311920 28852492
1759786292 1430 6311920 28852492
1759786294 1431 6311920 28852492
1759786295 1431 6311920 28852492
1759786296 1432 6311920 28852492
1759786297 1432 6311920 28852492
1759786298 1432 6311920 28852492
1759786299 1432 6311920 28852492
1759786300 1430 6311920 28852492
1759786301 1430 6311920 28852492
1759786302 1431 6312048 28852492
1759786304 1431 6312048 28852492
1759786305 1431 6312176 28852492
1759786306 1431 6312176 28852492
1759786307 1431 6312432 28852492
1759786308 1432 6312432 28852492
1759786309 1432 6312432 28852492
1759786310 1432 6312432 28852492
1759786311 1431 6312816 28852492
1759786312 1431 6312816 28852492
1759786313 1432 6312816 28852492
1759786315 1432 6312816 28852492
1759786316 1432 6312816 28852492
1759786317 1433 6312816 28852492
1759786318 1433 6312816 28852492
1759786319 1433 6313072 28852492
1759786320 1434 6313072 28852492
1759786321 1434 6313456 28852492
1759786322 1432 6313456 28852492
1759786323 1433 6313456 28852492
1759786324 1433 6313456 28852492
1759786326 1433 6313456 28852492
1759786327 1433 6313584 28852492
1759786328 1433 6313584 28852492
1759786329 1434 6313584 28852492
1759786330 1434 6313584 28852492
1759786331 1434 6313584 28852492
1759786332 1434 6313712 28852492
1759786333 1434 6313712 28852492
1759786334 1433 6313712 28852492
1759786335 1433 6313712 28852492
1759786337 1433 6313712 28852492
1759786338 1433 6313840 28852492
1759786339 1434 6313840 28852492
1759786340 1434 6313968 28852492
1759786341 1434 6313968 28852492
1759786342 1434 6313968 28852492
1759786343 1435 6314096 28852492
1759786344 1433 6314096 28852492
1759786345 1434 6314224 28852492
1759786346 1434 6314480 28852492
1759786348 1434 6314480 28852492
1759786349 1435 6314480 28852492
1759786350 1435 6314608 28852492
1759786351 1435 6314736 28852492
1759786352 1436 6314736 28852492
1759786353 1436 6314736 28852492
1759786354 1436 6314864 28852492
1759786355 1435 6314992 28852492
1759786356 1435 6314992 28852492
1759786357 1435 6315120 28852492
1759786358 1435 6315248 28852492
1759786360 1435 6315376 28852492
1759786361 1435 6315376 28852492
1759786362 1435 6315376 28852492
1759786363 1435 6315376 28852492
1759786364 1436 6315376 28852492
1759786365 1436 6315504 28852492
1759786366 1436 6315504 28852492
1759786367 1435 6315632 28852492
1759786368 1435 6315632 28852492
1759786369 1435 6315760 28852492
1759786371 1435 6315760 28852492
1759786372 1436 6315760 28852492
1759786373 1436 6316016 28852492
1759786374 1436 6316016 28852492
1759786375 1436 6316016 28852492
1759786376 1436 6316272 28852492
1759786377 1437 6316400 28852492
1759786378 1435 6316400 28852492
1759786379 1436 6316400 28852492
1759786380 1436 6316528 28852492
1759786382 1436 6316784 28852492
1759786383 1437 6316912 28852492
1759786384 1437 6317040 28852492
1759786385 1437 6317040 28852492
1759786386 1438 6317168 28852492
1759786387 1438 6317296 28852492
1759786388 1438 6317424 28852492
1759786389 1437 6317552 28852492
1759786390 1437 6317680 28852492
1759786391 1437 6317680 28852492
1759786393 1437 6317680 28852492
1759786394 1437 6317680 28852492
1759786395 1437 6317680 28852492
1759786396 1437 6317808 28852492
1759786397 1437 6317936 28852492
1759786398 1438 6318320 28852492
1759786399 1436 6318320 28852492
1759786400 1436 6318448 28852492
1759786401 1437 6318576 28852492
1759786402 1437 6318576 28852492
1759786404 1437 6318832 28852492
1759786405 1438 6318960 28852492
1759786406 1438 6319088 28852492
1759786407 1438 6319088 28852492
1759786408 1438 6319344 28852492
1759786409 1438 6319344 28852492
1759786410 1439 6319344 28852492
1759786411 1437 6319600 28852492
1759786412 1438 6319600 28852492
1759786413 1438 6319856 28852492
1759786414 1438 6319856 28852492
1759786416 1439 6320368 28852492
1759786417 1439 6320624 28852492
1759786418 1439 6320880 28852492
1759786419 1439 6321136 28852492
1759786420 1440 6321136 28852492
1759786421 1440 6321392 28852492
1759786422 1440 6321520 28852492
1759786423 1439 6321648 28852492
1759786424 1439 6321648 28852492
1759786425 1439 6321904 28852492
1759786426 1439 6321904 28852492
1759786428 1439 6322032 28852492
1759786429 1439 6322288 28852492
1759786430 1439 6322672 28852492
1759786431 1439 6323056 28852492
1759786432 1439 6323312 28852492
1759786433 1440 6323952 28852492
1759786434 1440 6324208 28852492
1759786435 1440 6325232 28852492
1759786436 1439 8467696 28852492
1759786437 1438 10873712 28852492
1759786438 1435 12575728 28852492
1759786439 1435 12604400 28852492
1759786440 1435 12665840 28852492
1759786441 1435 12715376 28852492
1759786442 1434 12715376 28852492
1759786443 1434 12829808 28852492
1759786444 1432 13134192 28852492
1759786446 1432 13134576 28852492
1759786447 1431 13134576 28852492
1759786448 1430 13134576 28852492
1759786449 1429 13134576 28852492
1759786450 1429 13190768 28852492
1759786451 1427 13449072 28852492
1759786452 1426 13707504 28852492
1759786453 1424 14134640 28852492
1759786454 1423 14136048 28852492
1759786455 1421 14136048 28852492
1759786456 1420 14759280 28852492
1759786457 1420 14759280 28852492
1759786458 1420 14759280 28852492
1759786459 1418 14760688 28852492
1759786460 1418 14760688 28852492
1759786461 1418 14760688 28852492
1759786462 1416 14760688 28852492
1759786463 1415 14760688 28852492
1759786464 1414 14760688 28852492
1759786465 1412 14760688 28852492
1759786467 1411 14760688 28852492
1759786468 1411 14760688 28852492
1759786469 1411 14760688 28852492
1759786470 1411 14930928 28852492
1759786471 1409 15185904 28852492
1759786472 1408 15435888 28852492
1759786473 1407 15686000 28852492
1759786474 1405 15935984 28852492
1759786475 1404 16185968 28852492
1759786476 1402 16438896 28852492
1759786477 1401 16690928 28852492
1759786478 1400 16941040 28852492
1759786479 1398 17345520 28852492
1759786480 1397 17818352 28852492
1759786481 1396 18296048 28852492
1759786482 1394 18751344 28852492
1759786483 1393 18825328 28852492
1759786484 1391 18825328 28852492
1759786485 1390 18825328 28852492
1759786486 1389 18825328 28852492
1759786487 1387 18825328 28852492
1759786488 1385 18825328 28852492
1759786489 1383 18825328 28852492
1759786490 1382 18825328 28852492
1759786491 1381 18825328 28852492
1759786492 1379 18825328 28852492
1759786493 1378 19498608 28852492
1759786494 1377 20758000 28852492
1759786495 1377 20972272 28852492
1759786497 1377 20972272 28852492
1759786498 1377 20972272 28852492
1759786499 1377 20972272 28852492
1759786500 1378 20972272 28852492
1759786501 1378 20972272 28852492
1759786502 1378 20972272 28852492
1759786503 1379 20972272 28852492
1759786504 1378 20972272 28852492
1759786505 1378 20972272 28852492
1759786506 1378 20972272 28852492
1759786507 1376 20972272 28852492
1759786508 1375 20972272 28852492
1759786509 1374 20972272 28852492
1759786511 1374 20972272 28852492
1759786512 1374 20972272 28852492
1759786513 1374 20972272 28852492
1759786514 1375 20972272 28852492
1759786515 1375 20972272 28852492
1759786516 1375 20972272 28852492
1759786517 1375 20972272 28852492
1759786518 1374 20972272 28852492
1759786519 1374 20972272 28852492
1759786520 1374 20972272 28852492
1759786522 1374 20972272 28852492
1759786523 1375 20972272 28852492
1759786524 1373 20972272 28852492
1759786525 1372 20972272 28852492
1759786526 1371 20972272 28852492
1759786527 1370 20972272 28852492
1759786528 1368 20972272 28852492
1759786529 1368 20972272 28852492
1759786530 1369 20972272 28852492
1759786531 1369 20972272 28852492
1759786532 1369 20972272 28852492
1759786533 1368 20972272 28852492
1759786534 1369 20972272 28852492
1759786535 1369 20972272 28852492
1759786536 1369 20972272 28852492
1759786538 1370 20972272 28852492
1759786539 1370 20972272 28852492
1759786540 1370 20972272 28852492
1759786541 1370 20972272 28852492
1759786542 1371 20972272 28852492
1759786543 1371 20972272 28852492
1759786544 1371 20972272 28852492
1759786545 1371 20972272 28852492
1759786546 1370 20972272 28852492
1759786547 1370 20972272 28852492
1759786548 1371 20972272 28852492
1759786550 1371 20972272 28852492
1759786551 1371 20972272 28852492
1759786552 1371 20972272 28852492
1759786553 1371 20972272 28852492
1759786554 1372 20972272 28852492
1759786555 1372 20972272 28852492
1759786556 1372 20972272 28852492
1759786557 1371 20972272 28852492
1759786558 1371 20972272 28852492
1759786559 1372 20972272 28852492
1759786560 1372 20972272 28852492
1759786562 1372 20972272 28852492
1759786563 1372 20972272 28852492
1759786564 1373 20972272 28852492
1759786565 1373 20972272 28852492
1759786566 1373 20972272 28852492
1759786567 1374 20972272 28852492
1759786568 1373 20972272 28852492
1759786569 1373 20972272 28852492
1759786570 1373 20972272 28852492
1759786571 1374 20972272 28852492
1759786573 1374 20972272 28852492
1759786574 1374 20972272 28852492
1759786575 1374 20972272 28852492
1759786576 1375 20972272 28852492
1759786577 1375 20972272 28852492
1759786578 1375 20972272 28852492
1759786579 1375 20972272 28852492
1759786580 1374 20972272 28852492
1759786581 1374 20972272 28852492
1759786582 1375 20972272 28852492
1759786583 1375 20972272 28852492
1759786585 1375 20972272 28852492
1759786586 1375 20972272 28852492
1759786587 1376 20972272 28852492
1759786588 1376 20972272 28852492
1759786589 1376 20972272 28852492
1759786590 1376 20972272 28852492
1759786591 1377 20972272 28852492
1759786592 1376 20972272 28852492
1759786593 1376 20972272 28852492
1759786594 1376 20972272 28852492
1759786595 1376 20972272 28852492
1759786597 1377 20972272 28852492
1759786598 1377 20972272 28852492
1759786599 1377 20972272 28852492
1759786600 1378 20972272 28852492
1759786601 1378 20972272 28852492
1759786602 1378 20972272 28852492
1759786603 1378 20972272 28852492
1759786604 1377 20972272 28852492
1759786605 1378 20972272 28852492
1759786606 1378 20972272 28852492
1759786607 1378 20972272 28852492
1759786609 1378 20972272 28852492
1759786610 1378 20972272 28852492
1759786611 1378 20972272 28852492
1759786612 1379 20972272 28852492
1759786613 1379 20972272 28852492
1759786614 1379 20972272 28852492
1759786615 1379 20972272 28852492
1759786616 1378 20972272 28852492
1759786617 1379 20972272 28852492
1759786618 1379 20972272 28852492
1759786620 1379 20972272 28852492
1759786621 1379 20972272 28852492
1759786622 1380 20972272 28852492
1759786623 1380 20972272 28852492
1759786624 1380 20972272 28852492
1759786625 1380 20972272 28852492
1759786626 1381 20972272 28852492
1759786627 1381 20972272 28852492
1759786628 1381 20972272 28852492
1759786629 1380 20972272 28852492
1759786630 1380 20972272 28852492
1759786631 1381 20972272 28852492
1759786633 1381 20972272 28852492
1759786634 1381 20972272 28852492
1759786635 1382 20972272 28852492
1759786636 1382 20972272 28852492
1759786637 1382 20972272 28852492
1759786638 1382 20972272 28852492
1759786639 1381 20972272 28852492
1759786640 1382 20972272 28852492
1759786641 1382 20972272 28852492
1759786642 1382 20972272 28852492
1759786644 1382 20972272 28852492
1759786645 1382 20972272 28852492
1759786646 1382 20972272 28852492
1759786647 1382 20972272 28852492
1759786648 1383 20972272 28852492
1759786649 1383 20972272 28852492
1759786650 1383 20972272 28852492
1759786651 1383 20972272 28852492
1759786652 1382 20972272 28852492
1759786653 1383 20972272 28852492
1759786654 1383 20972272 28852492
1759786655 1383 20972272 28852492
1759786657 1383 20972272 28852492
1759786658 1384 20972272 28852492
1759786659 1384 20972272 28852492
1759786660 1384 20972272 28852492
1759786661 1384 20972272 28852492
1759786662 1384 20972272 28852492
1759786663 1385 20972272 28852492
1759786664 1385 20972272 28852492
1759786665 1384 20972272 28852492
1759786666 1384 20972272 28852492
1759786667 1385 20972272 28852492
1759786669 1385 20972272 28852492
1759786670 1385 20972272 28852492
1759786671 1385 20972272 28852492
1759786672 1386 20972272 28852492
1759786673 1386 20972272 28852492
1759786674 1386 20972272 28852492
1759786675 1386 20972272 28852492
1759786676 1386 20972272 28852492
1759786677 1385 20972272 28852492
1759786678 1385 20972272 28852492
1759786679 1385 20972272 28852492
1759786681 1386 20972272 28852492
1759786682 1386 20972272 28852492
1759786683 1386 20972272 28852492
1759786684 1386 20972272 28852492
1759786685 1387 20972272 28852492
1759786686 1387 20972272 28852492
1759786687 1387 20972272 28852492
1759786688 1386 20972272 28852492
1759786689 1387 20972272 28852492
1759786690 1387 20972272 28852492
1759786692 1387 20972272 28852492
1759786693 1387 20972272 28852492
1759786694 1388 20972272 28852492
1759786695 1388 20972272 28852492
1759786696 1388 20972272 28852492
1759786697 1388 20972272 28852492
1759786698 1388 20972272 28852492
1759786699 1387 20972272 28852492
1759786700 1388 20972272 28852492
1759786701 1388 20972272 28852492
1759786702 1388 20972272 28852492
1759786704 1388 20972272 28852492
1759786705 1388 20972272 28852492
1759786706 1389 20972272 28852492
1759786707 1389 20972272 28852492
1759786708 1389 20972272 28852492
1759786709 1389 20972272 28852492
1759786710 1389 20972272 28852492
1759786711 1389 20972272 28852492
1759786712 1388 20972272 28852492
1759786713 1389 20972272 28852492
1759786714 1389 20972272 28852492
1759786716 1389 20972272 28852492
1759786717 1389 20972272 28852492
1759786718 1390 20972272 28852492
1759786719 1390 20972272 28852492
1759786720 1390 20972272 28852492
1759786721 1390 20972272 28852492
1759786722 1391 20972272 28852492
1759786723 1390 20972272 28852492
1759786724 1390 20972272 28852492
1759786725 1390 20972272 28852492
1759786727 1391 20972272 28852492
1759786728 1391 20972272 28852492
1759786729 1391 20972272 28852492
1759786730 1391 20972272 28852492
1759786731 1391 20972272 28852492
1759786732 1392 20972272 28852492
1759786733 1391 20972272 28852492
1759786734 1391 20972272 28852492
1759786735 1391 20972272 28852492
1759786736 1391 20972272 28852492
1759786738 1391 20972272 28852492
1759786739 1391 20972272 28852492
1759786740 1392 20972272 28852492
1759786741 1392 20972272 28852492
1759786742 1392 20972272 28852492
1759786743 1392 20972272 28852492
1759786744 1392 20972272 28852492
1759786745 1392 20972272 28852492
1759786746 1391 20972272 28852492
1759786747 1392 20972272 28852492
1759786748 1392 20972272 28852492
1759786750 1392 20972272 28852492
1759786751 1392 20972272 28852492
1759786752 1393 20972272 28852492
1759786753 1393 20972272 28852492
1759786754 1393 20972272 28852492
1759786755 1394 20972272 28852492
1759786756 1394 20972272 28852492
1759786757 1393 20972272 28852492
1759786758 1393 20972272 28852492
1759786759 1393 20972272 28852492
1759786761 1394 20972272 28852492
1759786762 1394 20972272 28852492
1759786763 1394 20972272 28852492
1759786764 1394 20972272 28852492
1759786765 1394 20972272 28852492
1759786766 1394 20972272 28852492
1759786767 1394 20972272 28852492
1759786768 1394 20972272 28852492
1759786769 1395 20972272 28852492
1759786770 1394 20972272 28852492
1759786771 1394 20972272 28852492
1759786772 1394 20972272 28852492
1759786774 1394 24095668 28852492
1759786775 1393 24096308 28852492
1759786776 1391 24096820 28852492
1759786777 1390 25137840 28852492
1759786778 1389 27221296 28852492
1759786779 1388 27222064 28852492
1759786780 1387 14083624 19476084
1759786781 1387 12681148 16350156
1759786782 1388 12681148 16350156
1759786783 1388 12681148 16350156
1759786784 1388 12681148 16350156
1759786785 1388 12681148 16350156
1759786786 1387 12681148 16350156
1759786787 1388 12681148 16350156
1759786788 1388 12681148 16350156
1759786790 1388 12681148 16350156
1759786791 1388 12681148 16350156
1759786792 1389 12681148 16350156
1759786793 1389 12681148 16350156
1759786794 1389 12681148 16350156
1759786795 1389 12681148 16350156
1759786796 1390 12681148 16350156
1759786797 1389 12681148 16350156
1759786798 1389 12681148 16350156
1759786799 1389 12681148 16350156
1759786801 1389 12681148 16350156
1759786802 1389 12681148 16350156
1759786803 1389 12681148 16350156
1759786804 1389 12681148 16350156
1759786805 1389 12681148 16350156
1759786806 1390 12681148 16350156
1759786807 1390 12681148 16350156
1759786808 1389 12681148 16350156
1759786809 1389 12681148 16350156
1759786810 1389 12681148 16350156
1759786811 1389 12681148 16350156
1759786813 1390 13985556 19475160
1759786814 1390 15806228 19475160
1759786815 1391 15806228 19475160
1759786816 1391 15806228 19475160
1759786817 1390 15806228 19475160
1759786818 1390 15806228 19475160
1759786819 1390 15806228 19475160
1759786821 1391 15806228 19475160
1759786822 1391 15806228 19475160
1759786823 1391 15806228 19475160
1759786824 1391 15806228 19475160
1759786825 1392 15806228 19475160
1759786826 1392 15806228 19475160
1759786827 1392 15806228 19475160
1759786828 1391 15806228 19475160
1759786829 1391 15806228 19475160
1759786830 1391 15806228 19475160
1759786832 1391 15806228 19475160
1759786833 1391 15806228 19475160
1759786834 1391 15806228 19475160
1759786835 1392 15806228 19475160
1759786836 1392 15806228 19475160
1759786837 1392 15806228 19475160
1759786838 1391 15806228 19475160
1759786839 1392 15806228 19475160
1759786840 1392 15806228 19475160
1759786842 1392 15806228 19475160
1759786843 1392 15806228 19475160
1759786844 1392 15806228 19475160
1759786845 1392 15806228 19475160
1759786846 1393 15806228 19475160
1759786847 1393 15806228 19475160
1759786848 1393 15806228 19475160
1759786849 1392 9477444 10100148
1759786850 1393 9477444 10100148
1759786851 1393 9477444 10100148
1759786853 1393 9477444 10100148
1759786854 1393 9477444 10100148
1759786855 1394 9477444 10100148
1759786856 1394 9477444 10100148
1759786857 1394 9477444 10100148
1759786858 1394 9477444 10100148
1759786859 1395 9477444 10100148
1759786860 1394 9477444 10100148
1759786861 1394 9477444 10100148
1759786862 1394 9477444 10100148
1759786864 1394 9477444 10100148
1759786865 1394 9477444 10100148
1759786866 1394 9477444 10100148
1759786867 1394 9477444 10100148
1759786868 1394 9477444 10100148
1759786869 1394 9477444 10100148
1759786870 1395 9477444 10100148
1759786871 1395 9477444 10100148
1759786872 1394 9477444 10100148
1759786873 1394 9477444 10100148
1759786874 1395 9477444 10100148
1759786876 1395 9477444 10100148
1759786877 1395 9477444 10100148
1759786878 1395 9477444 10100148
1759786879 1395 9477444 10100148
1759786880 1395 9477444 10100148
1759786881 1396 9477444 10100148
1759786882 1396 9477444 10100148
1759786883 1395 9477444 10100148
1759786884 1395 10062324 16350156
1759786885 1394 13152268 19475160
