1759753552  0.0 16128 676452
1759753553  215 703788 4647508
1759753554  768 917420 4680848
1759753555 1078 917420 4680848
1759753556 1198 917420 4680848
1759753557 1264 917420 4680848
1759753558 1342 917420 4680848
1759753559 1389 917420 4680848
1759753560 1271 917420 4680848
1759753561 1315 917420 4680848
1759753562 1340 917420 4680848
1759753564 1369 917420 4680848
1759753565 1378 917420 4680848
1759753566 1379 917676 4680848
1759753567 1379 917676 4680848
1759753568 1388 917676 4680848
1759753569 1396 917932 4680848
1759753570 1410 918444 4680848
1759753571 1425 918956 4680848
1759753572 1436 918956 4680848
1759753573 1382 919340 4680848
1759753574 1396 919340 4680848
1759753575 1404 919468 4680848
1759753577 1411 919468 4680848
1759753578 1417 919468 4680848
1759753579 1426 919468 4680848
1759753580 1437 919468 4680848
1759753581 1446 919468 4680848
1759753582 1455 919468 4680848
1759753583 1463 919596 4680848
1759753584 1470 919724 4680848
1759753585 1433 919724 4680848
1759753586 1439 919724 4680848
1759753587 1442 920620 4680848
1759753588 1448 920876 4680848
1759753590 1455 921260 4680848
1759753591 1461 921516 4680848
1759753592 1467 921516 4680848
1759753593 1472 921516 4680848
1759753594 1475 921516 4680848
1759753595 1480 921772 4680848
1759753596 1480 921772 4680848
1759753597 1450 921772 4680848
1759753598 1454 921900 4680848
1759753599 1455 922156 4680848
1759753600 1457 922668 4680848
1759753601 1459 922924 4680848
1759753603 1462 923436 4680848
1759753604 1467 923564 4680848
1759753605 1471 923564 4680848
1759753606 1475 924204 4680848
1759753607 1478 925484 4680848
1759753608 1482 926508 4680848
1759753609 1484 927660 4680848
1759753610 1485 927660 4680848
1759753611 1478 1806636 4680848
1759753612 1452 1886892 4680848
1759753613 1440 2117036 4680848
1759753614 1428 2291756 4680848
1759753615 1407 2686764 4680848
1759753616 1387 2752684 4680848
1759753617 1383 3000108 4680848
1759753618 1380 3000108 4680848
1759753619 1381 3000876 4680848
1759753621 1386 3000876 4680848
1759753622 1390 3000876 4680848
1759753623 1395 3000876 4680848
1759753624 1398 3000876 4680848
1759753625 1402 3000876 4680848
1759753626 1403 3000876 4680848
1759753627 1405 3000876 4680848
1759753628 1408 3000876 4680848
1759753629 1394 3000876 4680848
1759753630 1397 3000876 4680848
1759753631 1400 3000876 4680848
1759753633 1402 3000876 4680848
1759753634 1405 3000876 4680848
1759753635 1406 3000876 4680848
1759753636 1404 3440112 4680848
1759753637 1400 1851272 2922100
1759753638 1404 2289568 3361556
1759753639 1407 2291616 3361556
1759753640 1410 1382928 2043188
1759753641 1414 1382928 2043188
