1755191738  0.0 16640 676412
1755191739  327 1186316 4521088
1755191740  215 2544148 4521088
1755191741  177 3811376 7646256
1755191742  127 5009456 7646256
1755191743  123 6195248 7646256
1755191744  120 4586008 7646256
1755191745  118 6304408 7646256
1755191746  116 3847464 7646256
1755191747  115 5436712 7646256
1755191748  114 9153252 10771260
1755191749  113 12555260 23272988
1755191750  151 12560232 23305756
1755191752  253 12564928 23305756
1755191753  344 12564928 23305756
1755191754  424 12571528 23306424
1755191755  502 12571528 23306420
1755191756  571 12571528 23306420
1755191757  635 12571528 23306420
1755191758  657 12571528 23306420
1755191759  706 12571528 23306420
1755191760  742 12571528 23306420
1755191762  771 12571656 23306420
1755191763  799 12571656 23306420
1755191764  822 12571656 23306420
1755191765  849 12571656 23306420
1755191766  875 12571656 23306420
1755191767  906 12571656 23306420
1755191768  904 12571656 23306420
1755191769  931 12571656 23306420
1755191770  955 12571656 23306420
1755191772  979 12571656 23306420
1755191773 1001 12571656 23306420
1755191774 1019 12571656 23306420
1755191775 1034 12571656 23306420
1755191776 1049 12572936 23306420
1755191777 1065 12572936 23306420
1755191778 1054 12572936 23306420
1755191779 1071 12572936 23306420
1755191780 1085 12572936 23306420
1755191782 1100 12572936 23306420
1755191783 1109 12572936 23306420
1755191784 1120 12572936 23306420
1755191785 1133 12572936 23306420
1755191786 1147 12572936 23306420
1755191787 1160 12572936 23306420
1755191788 1148 12572936 23306420
1755191789 1160 12573192 23306420
1755191790 1171 12573192 23306420
1755191792 1181 12573192 23306420
1755191793 1188 12573192 23306420
1755191794 1195 12573192 23306420
1755191795 1201 12573192 23306420
1755191796 1206 12573192 23306420
1755191797 1189 12573192 23306420
1755191798 1196 12573192 23306420
1755191799 1204 12573192 23306420
1755191801 1213 12573192 23306420
1755191802 1222 12573192 23306420
1755191803 1230 12573192 23306420
1755191804 1238 12573192 23306420
1755191805 1245 12573192 23306420
1755191806 1234 12573192 23306420
1755191807 1241 12573192 23306420
1755191808 1247 12573192 23306420
1755191809 1252 12573192 23306420
1755191811 1257 12573320 23306420
1755191812 1262 12573320 23306420
1755191813 1267 12573320 23306420
1755191814 1272 12573320 23306420
1755191815 1275 12573320 23306420
1755191816 1282 12573320 23306420
1755191817 1272 12573320 23306420
1755191818 1278 12573320 23306420
1755191819 1283 12573320 23306420
1755191821 1289 12573320 23306420
1755191822 1295 12573320 23306420
1755191823 1300 12573320 23306420
1755191824 1303 12573320 23306420
1755191825 1305 12573320 23306420
1755191826 1293 12573320 23306420
1755191827 1297 12573320 23306420
1755191828 1299 12573320 23306420
1755191829 1303 12573320 23306420
1755191831 1306 12573320 23306420
1755191832 1309 12573320 23306420
1755191833 1313 12573320 23306420
1755191834 1316 12573320 23306420
1755191835 1320 12573320 23306420
1755191836 1325 12573320 23306420
1755191837 1315 12573320 23306420
1755191838 1320 12573320 23306420
1755191839 1324 12573320 23306420
1755191841 1328 12573320 23306420
1755191842 1331 12573320 23306420
1755191843 1335 12573320 23306420
1755191844 1338 12573320 23306420
1755191845 1339 12573320 23306420
1755191846 1340 12573320 23306420
1755191847 1331 12573320 23306420
1755191848 1335 12573320 23306420
1755191849 1339 12573320 23306420
1755191851 1342 12573320 23306420
1755191852 1346 12573320 23306420
1755191853 1350 12573320 23306420
1755191854 1353 12573320 23306420
1755191855 1355 12573320 23306420
1755191856 1345 12573320 23306420
1755191857 1346 12573320 23306420
1755191858 1348 12573320 23306420
1755191859 1350 12573320 23306420
1755191861 1353 12573320 23306420
1755191862 1356 12573320 23306420
1755191863 1360 12573320 23306420
1755191864 1362 12573320 23306420
1755191865 1364 12573320 23306420
1755191866 1355 12573320 23306420
1755191867 1357 12573320 23306420
1755191868 1359 12573320 23306420
1755191869 1362 12573320 23306420
1755191871 1365 12573320 23306420
1755191872 1368 12573320 23306420
1755191873 1370 12573448 23306420
1755191874 1373 12573448 23306420
1755191875 1376 12573448 23306420
1755191876 1378 12573448 23306420
1755191877 1369 12573448 23306420
1755191878 1370 12573448 23306420
1755191879 1371 12573448 23306420
1755191881 1372 12573448 23306420
1755191882 1375 12573448 23306420
1755191883 1377 12573448 23306420
1755191884 1380 12573448 23306420
1755191885 1382 12573448 23306420
1755191886 1384 12573448 23306420
1755191887 1376 12573448 23306420
1755191888 1376 12573448 23306420
1755191889 1377 12573448 23306420
1755191890 1378 12573448 23306420
1755191892 1380 12573448 23306420
1755191893 1383 12573448 23306420
1755191894 1385 12573448 23306420
1755191895 1387 12573448 23306420
1755191896 1389 12573448 23306420
1755191897 1383 12573448 23306420
1755191898 1385 12573704 23306420
1755191899 1387 12573704 23306420
1755191901 1388 12573704 23306420
1755191902 1389 12573704 23306420
1755191903 1391 12573704 23306420
1755191904 1393 12573704 23306420
1755191905 1395 12573960 23306420
1755191906 1397 12573960 23306420
1755191907 1391 12573960 23306420
1755191908 1392 12573960 23306420
1755191909 1392 12573960 23306420
1755191910 1394 12574472 23306420
1755191912 1396 12574472 23306420
1755191913 1397 12574472 23306420
1755191914 1399 12574600 23306420
1755191915 1400 12574600 23306420
1755191916 1401 12574600 23306420
1755191917 1403 12574600 23306420
1755191918 1396 12574600 23306420
1755191919 1397 12574600 23306420
1755191920 1398 12574600 23306420
1755191922 1399 12574600 23306420
1755191923 1400 12574600 23306420
1755191924 1402 12574728 23306420
1755191925 1403 12574728 23306420
1755191926 1405 12574728 23306420
1755191927 1407 12574728 23306420
1755191928 1401 12574728 23306420
1755191929 1403 12575240 23306420
1755191930 1405 12575240 23306420
1755191932 1407 12575240 23306420
1755191933 1408 12575240 23306420
1755191934 1410 12575240 23306420
1755191935 1411 12575240 23306420
1755191936 1412 12575240 23306420
1755191937 1406 12575240 23306420
1755191938 1408 12575240 23306420
1755191939 1409 12575240 23306420
1755191941 1410 12575240 23306420
1755191942 1411 12575240 23306420
1755191943 1413 12575240 23306420
1755191944 1415 12575240 23306420
1755191945 1416 12575240 23306420
1755191946 1418 12575240 23306420
1755191947 1411 12575368 23306420
1755191948 1413 12575368 23306420
1755191949 1413 12575368 23306420
1755191951 1414 12575368 23306420
1755191952 1414 12575368 23306420
1755191953 1415 12575368 23306420
1755191954 1415 12575368 23306420
1755191955 1416 12575368 23306420
1755191956 1418 12575368 23306420
1755191957 1413 12575368 23306420
1755191958 1414 12575368 23306420
1755191959 1415 12575368 23306420
1755191961 1417 12575368 23306420
1755191962 1418 12575368 23306420
1755191963 1420 12575368 23306420
1755191964 1421 12575368 23306420
1755191965 1423 12575368 23306420
1755191966 1424 12575368 23306420
1755191967 1419 12575368 23306420
1755191968 1421 12575368 23306420
1755191969 1422 12575368 23306420
1755191971 1422 12575368 23306420
1755191972 1423 12575368 23306420
1755191973 1423 12575368 23306420
1755191974 1424 12575368 23306420
1755191975 1425 12575368 23306420
1755191976 1427 12575368 23306420
1755191977 1422 12575368 23306420
1755191978 1423 12575368 23306420
1755191979 1425 12575368 23306420
1755191981 1426 12575368 23306420
1755191982 1426 12575368 23306420
1755191983 1426 12575368 23306420
1755191984 1426 12575368 23306420
1755191985 1426 12575368 23306420
1755191986 1427 12575368 23306420
1755191987 1422 12575368 23306420
1755191988 1423 12575368 23306420
1755191989 1425 12575368 23306420
1755191991 1426 12575368 23306420
1755191992 1427 12575368 23306420
1755191993 1428 12575368 23306420
1755191994 1429 12575368 23306420
1755191995 1430 12575368 23306420
1755191996 1431 12575368 23306420
1755191997 1433 12575368 23306420
1755191998 1429 12575368 23306420
1755191999 1430 12575368 23306420
1755192001 1431 12575368 23306420
1755192002 1432 12575368 23306420
1755192003 1433 12575368 23306420
1755192004 1433 12575368 23306420
1755192005 1434 12575496 23306420
1755192006 1434 12575496 23306420
1755192007 1430 12575496 23306420
1755192008 1431 12575496 23306420
1755192009 1432 12575496 23306420
1755192011 1433 12575496 23306420
1755192012 1434 12575496 23306420
1755192013 1435 12575496 23306420
1755192014 1436 12575496 23306420
1755192015 1436 12575496 23306420
1755192016 1436 12575496 23306420
1755192017 1431 12575496 23306420
1755192018 1431 12575496 23306420
1755192019 1432 12575496 23306420
1755192021 1433 12575496 23306420
1755192022 1434 12575496 23306420
1755192023 1435 12575752 23306420
1755192024 1436 12575752 23306420
1755192025 1437 12575752 23306420
1755192026 1438 12575752 23306420
1755192027 1434 12576264 23306420
1755192028 1435 12576264 23306420
1755192029 1437 12576264 23306420
1755192031 1438 12576264 23306420
1755192032 1439 12576520 23306420
1755192033 1440 12576520 23306420
1755192034 1441 12576520 23306420
1755192035 1441 12576520 23306420
1755192036 1437 12576520 23306420
1755192037 1438 12576648 23306420
1755192038 1439 12576648 23306420
1755192040 1440 12576648 23306420
1755192041 1440 12576648 23306420
1755192042 1441 12576648 23306420
1755192043 1441 12576904 23306420
1755192044 1442 12576904 23306420
1755192045 1443 12576904 23306420
1755192046 1438 12576904 23306420
1755192047 1439 12576904 23306420
1755192048 1439 12576904 23306420
1755192050 1440 12577288 23306420
1755192051 1440 12577288 23306420
1755192052 1441 12577288 23306420
1755192053 1441 12577288 23306420
1755192054 1442 12577288 23306420
1755192055 1443 12577288 23306420
1755192056 1439 12577288 23306420
1755192057 1440 12577288 23306420
1755192058 1441 12577288 23306420
1755192060 1442 12577288 23306420
1755192061 1443 12577288 23306420
1755192062 1444 12577288 23306420
1755192063 1445 12577288 23306420
1755192064 1446 12577288 23306420
1755192065 1442 12577288 23306420
1755192066 1443 12577288 23306420
1755192067 1443 12577288 23306420
1755192068 1444 12577288 23306420
1755192070 1445 12577288 23306420
1755192071 1446 12577288 23306420
1755192072 1447 12577288 23306420
1755192073 1447 12577288 23306420
1755192074 1448 12577288 23306420
1755192075 1444 12577288 23306420
1755192076 1444 12577288 23306420
1755192077 1444 12577288 23306420
1755192079 1445 12577288 23306420
1755192080 1445 12577288 23306420
1755192081 1445 12577416 23306420
1755192082 1446 12577416 23306420
1755192083 1447 12577416 23306420
1755192084 1448 12577416 23306420
1755192085 1444 12577416 23306420
1755192086 1445 12577416 23306420
1755192087 1445 12577416 23306420
1755192089 1446 12577416 23306420
1755192090 1447 12577416 23306420
1755192091 1448 12577416 23306420
1755192092 1448 12577416 23306420
1755192093 1449 12577416 23306420
1755192094 1450 12577416 23306420
1755192095 1447 12577416 23306420
1755192096 1448 12577416 23306420
1755192097 1448 12577416 23306420
1755192099 1448 12577416 23306420
1755192100 1449 12577416 23306420
1755192101 1450 12577416 23306420
1755192102 1451 12577416 23306420
1755192103 1452 12577416 23306420
1755192104 1449 12577416 23306420
1755192105 1449 12577416 23306420
1755192106 1450 12577416 23306420
1755192108 1450 12577416 23306420
1755192109 1450 12577416 23306420
1755192110 1450 12577416 23306420
1755192111 1451 12577416 23306420
1755192112 1451 12577416 23306420
1755192113 1447 12577416 23306420
1755192114 1448 12577416 23306420
1755192115 1449 12577544 23306420
1755192116 1450 12577544 23306420
1755192118 1450 12577544 23306420
1755192119 1451 12577544 23306420
1755192120 1452 12577544 23306420
1755192121 1452 12577544 23306420
1755192122 1452 12577544 23306420
1755192123 1453 12577544 23306420
1755192124 1450 12577544 23306420
1755192125 1450 12577544 23306420
1755192126 1451 12577672 23306420
1755192128 1452 12577672 23306420
1755192129 1452 12578184 23306420
1755192130 1452 12578184 23306420
1755192131 1453 12578184 23306420
1755192132 1454 12578184 23306420
1755192133 1454 12578184 23306420
1755192134 1451 12578184 23306420
1755192135 1452 12578184 23306420
1755192136 1453 12578184 23306420
1755192138 1454 12578696 23306420
1755192139 1454 12578696 23306420
1755192140 1454 12578696 23306420
1755192141 1454 12578696 23306420
1755192142 1455 12578696 23306420
1755192143 1455 12578824 23306420
1755192144 1451 12578824 23306420
1755192145 1451 12578824 23306420
1755192146 1451 12578824 23306420
1755192147 1451 12578952 23306420
1755192148 1452 12578952 23306420
1755192150 1453 12578952 23306420
1755192151 1454 12578952 23306420
1755192152 1454 12578952 23306420
1755192153 1455 12578952 23306420
1755192154 1455 12578952 23306420
1755192155 1452 12578952 23306420
1755192156 1453 12579336 23306420
1755192157 1453 12579336 23306420
1755192159 1454 12579336 23306420
1755192160 1454 12579336 23306420
1755192161 1455 12579336 23306420
1755192162 1455 12579336 23306420
1755192163 1456 12579336 23306420
1755192164 1456 12579336 23306420
1755192165 1457 12579336 23306420
1755192166 1454 12579336 23306420
1755192167 1455 12579336 23306420
1755192169 1456 12579336 23306420
1755192170 1456 12579336 23306420
1755192171 1456 12579336 23306420
1755192172 1457 12579336 23306420
1755192173 1457 12579336 23306420
1755192174 1457 12579336 23306420
1755192175 1457 12579336 23306420
1755192176 1455 12579336 23306420
1755192177 1455 12579336 23306420
1755192179 1456 12579336 23306420
1755192180 1456 12579336 23306420
1755192181 1456 12579336 23306420
1755192182 1457 12579336 23306420
1755192183 1457 12579336 23306420
1755192184 1458 12579464 23306420
1755192185 1459 12579464 23306420
1755192186 1456 12579464 23306420
1755192187 1457 12579464 23306420
1755192188 1457 12579464 23306420
1755192190 1458 12579464 23306420
1755192191 1458 12579464 23306420
1755192192 1458 12579464 23306420
1755192193 1458 12579464 23306420
1755192194 1459 12579464 23306420
1755192195 1459 12579464 23306420
1755192196 1457 12579464 23306420
1755192197 1457 12579464 23306420
1755192198 1458 12579464 23306420
1755192200 1459 12579464 23306420
1755192201 1459 12579464 23306420
1755192202 1459 12579464 23306420
1755192203 1459 12579464 23306420
1755192204 1460 12579592 23306420
1755192205 1457 12579592 23306420
1755192206 1457 12579592 23306420
1755192207 1458 12579592 23306420
1755192208 1458 12579720 23306420
1755192210 1459 12579720 23306420
1755192211 1460 12579720 23306420
1755192212 1460 12579720 23306420
1755192213 1461 12579720 23306420
1755192214 1461 12579720 23306420
1755192215 1458 12579720 23306420
1755192216 1459 12579848 23306420
1755192217 1459 12579848 23306420
1755192219 1460 12579848 23306420
1755192220 1460 12580104 23306420
1755192221 1461 12580104 23306420
1755192222 1461 12580104 23306420
1755192223 1462 12580360 23306420
1755192224 1459 12580360 23306420
1755192225 1459 12580360 23306420
1755192226 1459 12580360 23306420
1755192227 1460 12580616 23306420
1755192229 1460 12580616 23306420
1755192230 1461 12580616 23306420
1755192231 1462 12580872 23306420
1755192232 1462 12580872 23306420
1755192233 1462 12580872 23306420
1755192234 1460 12580872 23306420
1755192235 1460 12580872 23306420
1755192236 1460 12580872 23306420
1755192238 1460 12580872 23306420
1755192239 1461 12580872 23306420
1755192240 1461 12581128 23306420
1755192241 1462 12581128 23306420
1755192242 1462 12581128 23306420
1755192243 1463 12581384 23306420
1755192244 1461 12581384 23306420
1755192245 1461 12581384 23306420
1755192247 1462 12581384 23306420
1755192248 1462 12581384 23306420
1755192249 1463 12581384 23306420
1755192250 1463 12581384 23306420
1755192251 1463 12581384 23306420
1755192252 1464 12581384 23306420
1755192253 1464 12581384 23306420
1755192254 1462 12581384 23306420
1755192255 1462 12581384 23306420
1755192256 1462 12581384 23306420
1755192258 1463 12581384 23306420
1755192259 1463 12581384 23306420
1755192260 1463 12581384 23306420
1755192261 1464 12581384 23306420
1755192262 1464 12581384 23306420
1755192263 1465 12581384 23306420
1755192264 1462 12581384 23306420
1755192265 1462 12581384 23306420
1755192266 1462 12581384 23306420
1755192268 1462 12581384 23306420
1755192269 1462 12581384 23306420
1755192270 1463 12581384 23306420
1755192271 1464 12581384 23306420
1755192272 1464 12581384 23306420
1755192273 1462 12581384 23306420
1755192274 1462 12581384 23306420
1755192275 1463 12581640 23306420
1755192277 1463 12581640 23306420
1755192278 1464 12581640 23306420
1755192279 1465 12581640 23306420
1755192280 1465 12581640 23306420
1755192281 1466 12581640 23306420
1755192282 1466 12581640 23306420
1755192283 1464 12581640 23306420
1755192284 1464 12581640 23306420
1755192285 1464 12581640 23306420
1755192287 1464 12581640 23306420
1755192288 1465 12581640 23306420
1755192289 1465 12581768 23306420
1755192290 1465 12581768 23306420
1755192291 1466 12581768 23306420
1755192292 1466 12582152 23306420
1755192293 1464 12582152 23306420
1755192294 1464 12582152 23306420
1755192295 1464 12582408 23306420
1755192296 1464 12582408 23306420
1755192298 1465 12582408 23306420
1755192299 1465 12582408 23306420
1755192300 1465 12582536 23306420
1755192301 1465 12582536 23306420
1755192302 1466 12582536 23306420
1755192303 1466 12582920 23306420
1755192304 1464 12582920 23306420
1755192305 1464 12582920 23306420
1755192306 1465 12582920 23306420
1755192308 1465 12582920 23306420
1755192309 1466 12582920 23306420
1755192310 1466 12582920 23306420
1755192311 1467 12582920 23306420
1755192312 1467 12583176 23306420
1755192313 1468 12583176 23306420
1755192314 1466 12583176 23306420
1755192315 1466 12583176 23306420
1755192317 1467 12583176 23306420
1755192318 1467 12583176 23306420
1755192319 1467 12583176 23306420
1755192320 1467 12583176 23306420
1755192321 1467 12583304 23306420
1755192322 1468 12583304 23306420
1755192323 1466 12583304 23306420
1755192324 1466 12583304 23306420
1755192325 1467 12583304 23306420
1755192327 1467 12583432 23306420
1755192328 1467 12583432 23306420
1755192329 1467 12583432 23306420
1755192330 1467 12583432 23306420
1755192331 1467 12583432 23306420
1755192332 1467 12583432 23306420
1755192333 1465 12583432 23306420
1755192334 1465 12583432 23306420
1755192335 1466 12583432 23306420
1755192337 1466 12583432 23306420
1755192338 1467 12583432 23306420
1755192339 1467 12583432 23306420
1755192340 1468 12583432 23306420
1755192341 1468 12583432 23306420
1755192342 1469 12583432 23306420
1755192343 1467 12583432 23306420
1755192344 1467 12583560 23306420
1755192345 1468 12583560 23306420
1755192347 1468 12583560 23306420
1755192348 1469 12583560 23306420
1755192349 1469 12583560 23306420
1755192350 1469 12583816 23306420
1755192351 1469 12583816 23306420
1755192352 1470 12583944 23306420
1755192353 1467 12583944 23306420
1755192354 1468 12583944 23306420
1755192355 1468 12584328 23306420
1755192356 1468 12584328 23306420
1755192358 1468 12584328 23306420
1755192359 1469 12584456 23306420
1755192360 1469 12584456 23306420
1755192361 1469 12584456 23306420
1755192362 1469 12584584 23306420
1755192363 1469 12584584 23306420
1755192364 1469 12584584 23306420
1755192365 1467 12584840 23306420
1755192366 1467 12584840 23306420
1755192367 1468 12584968 23306420
1755192369 1468 12584968 23306420
1755192370 1468 12584968 23306420
1755192371 1469 12584968 23306420
1755192372 1469 12585096 23306420
1755192373 1470 12585096 23306420
1755192374 1468 12585096 23306420
1755192375 1468 12585096 23306420
1755192376 1469 12585224 23306420
1755192377 1469 12585224 23306420
1755192379 1470 12585352 23306420
1755192380 1470 12585352 23306420
1755192381 1470 12585352 23306420
1755192382 1471 12585352 23306420
1755192383 1471 12585352 23306420
1755192384 1471 12585480 23306420
1755192385 1469 12585480 23306420
1755192386 1470 12585480 23306420
1755192387 1470 12585480 23306420
1755192389 1470 12585480 23306420
1755192390 1470 12585480 23306420
1755192391 1470 12585608 23306420
1755192392 1470 12585608 23306420
1755192393 1471 12585608 23306420
1755192394 1471 12585608 23306420
1755192395 1468 12585608 23306420
1755192396 1469 12585608 23306420
1755192397 1469 12585608 23306420
1755192398 1469 12585608 23306420
1755192400 1469 12585608 23306420
1755192401 1470 12585608 23306420
1755192402 1470 12585864 23306420
1755192403 1471 12585864 23306420
1755192404 1471 12585864 23306420
1755192405 1471 12585864 23306420
1755192406 1470 12586120 23306420
1755192407 1470 12586248 23306420
1755192409 1470 12586248 23306420
1755192410 1471 12586504 23306420
1755192411 1471 12586504 23306420
1755192412 1472 12586632 23306420
1755192413 1472 12586632 23306420
1755192414 1472 12586888 23306420
1755192415 1472 12586888 23306420
1755192416 1470 12587016 23306420
1755192417 1471 12587016 23306420
1755192418 1471 12587016 23306420
1755192420 1472 12587016 23306420
1755192421 1472 12587016 23306420
1755192422 1472 12587144 23306420
1755192423 1472 12587144 23306420
1755192424 1472 12587144 23306420
1755192425 1472 12587144 23306420
1755192426 1470 12587144 23306420
1755192427 1470 12587400 23306420
1755192428 1470 12587400 23306420
1755192429 1471 12587400 23306420
1755192431 1471 12587400 23306420
1755192432 1471 12587400 23306420
1755192433 1472 12587400 23306420
1755192434 1472 12587400 23306420
1755192435 1472 12587400 23306420
1755192436 1473 12587400 23306420
1755192437 1471 12587400 23306420
1755192438 1471 12587528 23306420
1755192439 1472 12587656 23306420
1755192441 1472 12587656 23306420
1755192442 1472 12587784 23306420
1755192443 1473 12587784 23306420
1755192444 1473 12588168 23306420
1755192445 1473 12588168 23306420
1755192446 1472 12588296 23306420
1755192447 1472 12588296 23306420
1755192448 1472 12588424 23306420
1755192449 1472 12588552 23306420
1755192451 1473 12588552 23306420
1755192452 1473 12588808 23306420
1755192453 1473 12588808 23306420
1755192454 1474 12588808 23306420
1755192455 1474 12589064 23306420
1755192456 1474 12589064 23306420
1755192457 1472 12589064 23306420
1755192458 1472 12589064 23306420
1755192459 1472 12589192 23306420
1755192460 1472 12589192 23306420
1755192462 1473 12589192 23306420
1755192463 1473 12589192 23306420
1755192464 1473 12589448 23306420
1755192465 1473 12589448 23306420
1755192466 1474 12589448 23306420
1755192467 1474 12589448 23306420
1755192468 1472 12589448 23306420
1755192469 1472 12589448 23306420
1755192470 1473 12589448 23306420
1755192472 1473 12589448 23306420
1755192473 1473 12589448 23306420
1755192474 1474 12589576 23306420
1755192475 1474 12589576 23306420
1755192476 1474 12589704 23306420
1755192477 1474 12590088 23306420
1755192478 1475 12590088 23306420
1755192479 1473 12590344 23306420
1755192480 1473 12590344 23306420
1755192481 1474 12590856 23306420
1755192483 1474 12590856 23306420
1755192484 1474 12590856 23306420
1755192485 1475 12590984 23306420
1755192486 1475 12591112 23306420
1755192487 1475 12591112 23306420
1755192488 1475 12591112 23306420
1755192489 1473 12591240 23306420
1755192490 1473 12591368 23306420
1755192491 1474 12591368 23306420
1755192493 1474 12591368 23306420
1755192494 1474 12591368 23306420
1755192495 1474 12591368 23306420
1755192496 1475 12591368 23306420
1755192497 1475 12591496 23306420
1755192498 1475 12591496 23306420
1755192499 1474 12591496 23306420
1755192500 1474 12591496 23306420
1755192501 1474 12591752 23306420
1755192502 1474 12592136 23306420
1755192504 1474 12592264 23306420
1755192505 1475 12592392 23306420
1755192506 1475 12592392 23306420
1755192507 1475 12592520 23306420
1755192508 1476 12592648 23306420
1755192509 1476 12592776 23306420
1755192510 1474 12593032 23306420
1755192511 1474 12593288 23306420
1755192512 1475 12593416 23306420
1755192514 1475 12593416 23306420
1755192515 1475 12593416 23306420
1755192516 1476 12593544 23306420
1755192517 1476 12593544 23306420
1755192518 1476 12593544 23306420
1755192519 1476 12593544 23306420
1755192520 1476 12594056 23306420
1755192521 1474 12594440 23306420
1755192522 1475 12594568 23306420
1755192523 1475 12594696 23306420
1755192524 1475 12594952 23306420
1755192526 1476 12595080 23306420
1755192527 1476 12595336 23306420
1755192528 1476 12595464 23306420
1755192529 1476 12595464 23306420
1755192530 1476 12595464 23306420
1755192531 1477 12595720 23306420
1755192532 1477 12595848 23306420
1755192533 1475 12596360 23306420
1755192534 1475 12596744 23306420
1755192535 1476 12596744 23306420
1755192536 1476 12596872 23306420
1755192538 1476 12597256 23306420
1755192539 1476 12597512 23306420
1755192540 1477 12597640 23306420
1755192541 1477 12597768 23306420
1755192542 1477 12598920 23306420
1755192543 1477 12599816 23306420
1755192544 1477 12600072 23306420
1755192545 1476 12605704 23306420
1755192546 1476 12632520 23306420
1755192547 1474 12741800 23306420
1755192548 1474 12741800 23306420
1755192549 1473 12989752 23306420
1755192550 1472 13159736 23306420
1755192551 1471 13159736 23306420
1755192552 1471 13159736 23306420
1755192553 1470 13942152 23306420
1755192554 1468 14161288 23306420
1755192555 1467 14161288 23306420
1755192557 1466 14783880 23306420
1755192558 1466 14783880 23306420
1755192559 1466 14783880 23306420
1755192560 1466 14783880 23306420
1755192561 1465 14783880 23306420
1755192562 1463 14783880 23306420
1755192563 1463 14783880 23306420
1755192564 1463 14783880 23306420
1755192565 1463 14783880 23306420
1755192566 1462 17911352 23306420
1755192567 1460 17911352 23306420
1755192568 1457 17911352 23306420
1755192569 1455 18148920 23306420
1755192570 1453 18843192 23306420
1755192571 1452 18849336 23306420
1755192572 1450 18849336 23306420
1755192573 1448 18849336 23306420
1755192574 1447 18849336 23306420
1755192575 1445 18849336 23306420
1755192576 1444 19766944 23306420
1755192577 1442 20990880 23306420
1755192579 1442 20996256 23306420
1755192580 1442 20996256 23306420
1755192581 1442 20996256 23306420
1755192582 1443 20996256 23306420
1755192583 1443 20996256 23306420
1755192584 1443 20996256 23306420
1755192585 1443 20996256 23306420
1755192586 1442 20996256 23306420
1755192587 1442 20996256 23306420
1755192588 1443 20996256 23306420
1755192589 1442 20996256 23306420
1755192591 1441 20996256 23306420
1755192592 1442 20996256 23306420
1755192593 1442 20996256 23306420
1755192594 1442 20996256 23306420
1755192595 1442 20996256 23306420
1755192596 1442 20996256 23306420
1755192597 1443 20996256 23306420
1755192598 1441 20996256 23306420
1755192599 1441 20996256 23306420
1755192600 1442 20996256 23306420
1755192601 1442 20996256 23306420
1755192603 1441 20996256 23306420
1755192604 1440 20996256 23306420
1755192605 1438 20996256 23306420
1755192606 1438 20996512 23306420
1755192607 1439 20996512 23306420
1755192608 1439 20996512 23306420
1755192609 1439 20996512 23306420
1755192610 1439 20996512 23306420
1755192611 1439 20996512 23306420
1755192612 1438 20996512 23306420
1755192613 1438 20996512 23306420
1755192614 1438 20996512 23306420
1755192616 1439 20996512 23306420
1755192617 1439 20996512 23306420
1755192618 1439 20996512 23306420
1755192619 1440 20996512 23306420
1755192620 1440 20996512 23306420
1755192621 1440 20996512 23306420
1755192622 1441 20996512 23306420
1755192623 1439 20996512 23306420
1755192624 1440 20996512 23306420
1755192625 1440 20996512 23306420
1755192627 1440 20996512 23306420
1755192628 1440 20996512 23306420
1755192629 1441 20996512 23306420
1755192630 1441 20996512 23306420
1755192631 1441 20996512 23306420
1755192632 1441 20996512 23306420
1755192633 1441 20996512 23306420
1755192634 1440 20996512 23306420
1755192635 1440 20996512 23306420
1755192636 1440 20996512 23306420
1755192638 1441 20996512 23306420
1755192639 1441 20996512 23306420
1755192640 1441 20996512 23306420
1755192641 1441 20996512 23306420
1755192642 1441 20996512 23306420
1755192643 1442 20996512 23306420
1755192644 1442 20996512 23306420
1755192645 1440 20996512 23306420
1755192646 1441 20996512 23306420
1755192647 1441 20996512 23306420
1755192648 1441 20996512 23306420
1755192650 1441 20996512 23306420
1755192651 1442 20996512 23306420
1755192652 1442 20996512 23306420
1755192653 1442 20996512 23306420
1755192654 1443 20996512 23306420
1755192655 1443 20996512 23306420
1755192656 1442 20996512 23306420
1755192657 1442 20996512 23306420
1755192658 1442 20996512 23306420
1755192659 1443 20996512 23306420
1755192661 1443 20996512 23306420
1755192662 1443 20996512 23306420
1755192663 1443 20996512 23306420
1755192664 1444 20996512 23306420
1755192665 1443 20996512 23306420
1755192666 1444 20996512 23306420
1755192667 1442 20996512 23306420
1755192668 1443 20996512 23306420
1755192669 1443 20996512 23306420
1755192671 1443 20996512 23306420
1755192672 1443 20996512 23306420
1755192673 1443 20996512 23306420
1755192674 1443 20996512 23306420
1755192675 1443 20996512 23306420
1755192676 1444 20996512 23306420
1755192677 1444 20996512 23306420
1755192678 1444 20996512 23306420
1755192679 1443 20996512 23306420
1755192680 1443 20996512 23306420
1755192681 1443 20996512 23306420
1755192683 1444 20996512 23306420
1755192684 1444 20996512 23306420
1755192685 1444 20996512 23306420
1755192686 1445 20996512 23306420
1755192687 1445 20996512 23306420
1755192688 1445 20996512 23306420
1755192689 1446 20996512 23306420
1755192690 1444 20996512 23306420
1755192691 1444 20996512 23306420
1755192692 1445 20996512 23306420
1755192694 1445 20996512 23306420
1755192695 1445 20996512 23306420
1755192696 1446 20996512 23306420
1755192697 1446 20996512 23306420
1755192698 1446 20996512 23306420
1755192699 1446 20996512 23306420
1755192700 1446 20996512 23306420
1755192701 1446 20996512 23306420
1755192702 1445 20996512 23306420
1755192703 1445 20996512 23306420
1755192704 1445 20996512 23306420
1755192705 1445 20996512 23306420
1755192707 1445 20996512 23306420
1755192708 1445 20996512 23306420
1755192709 1446 20996512 23306420
1755192710 1446 20996512 23306420
1755192711 1446 20996512 23306420
1755192712 1446 20996512 23306420
1755192713 1445 20996512 23306420
1755192714 1445 20996512 23306420
1755192715 1446 20996512 23306420
1755192717 1446 20996512 23306420
1755192718 1446 20996512 23306420
1755192719 1447 20996512 23306420
1755192720 1447 20996512 23306420
1755192721 1447 20996512 23306420
1755192722 1447 20996512 23306420
1755192723 1448 20996512 23306420
1755192724 1447 20996512 23306420
1755192725 1447 20996512 23306420
1755192726 1447 20996512 23306420
1755192728 1447 20996512 23306420
1755192729 1447 20996512 23306420
1755192730 1448 20996512 23306420
1755192731 1448 20996512 23306420
1755192732 1448 20996512 23306420
1755192733 1448 20996512 23306420
1755192734 1448 20996512 23306420
1755192735 1447 20996512 23306420
1755192736 1447 20996512 23306420
1755192737 1447 20996512 23306420
1755192738 1447 20996512 23306420
1755192740 1447 20996512 23306420
1755192741 1447 20996512 23306420
1755192742 1448 20996512 23306420
1755192743 1448 20996512 23306420
1755192744 1448 20996512 23306420
1755192745 1448 20996512 23306420
1755192746 1447 20996512 23306420
1755192747 1448 20996512 23306420
1755192748 1448 20996512 23306420
1755192750 1448 20996512 23306420
1755192751 1448 20996512 23306420
1755192752 1449 20996512 23306420
1755192753 1449 20996512 23306420
1755192754 1449 20996512 23306420
1755192755 1449 20996512 23306420
1755192756 1450 20996512 23306420
1755192757 1449 20996512 23306420
1755192758 1449 20996512 23306420
1755192759 1449 20996512 23306420
1755192760 1449 20996512 23306420
1755192762 1449 20996512 23306420
1755192763 1450 20996512 23306420
1755192764 1450 20996512 23306420
1755192765 1450 20996512 23306420
1755192766 1450 20996512 23306420
1755192767 1450 20996512 23306420
1755192768 1450 20996512 23306420
1755192769 1449 20996512 23306420
1755192770 1449 20996512 23306420
1755192771 1449 20996512 23306420
1755192772 1449 20996512 23306420
1755192774 1449 20996512 23306420
1755192775 1449 20996512 23306420
1755192776 1450 20996512 23306420
1755192777 1450 20996512 23306420
1755192778 1450 20996512 23306420
1755192779 1450 20996512 23306420
1755192780 1449 20996512 23306420
1755192781 1450 20996512 23306420
1755192782 1450 20996512 23306420
1755192784 1450 20996512 23306420
1755192785 1451 20996512 23306420
1755192786 1451 20996512 23306420
1755192787 1451 20996512 23306420
1755192788 1451 20996512 23306420
1755192789 1451 20996512 23306420
1755192790 1452 20996512 23306420
1755192791 1450 20996512 23306420
1755192792 1450 20996512 23306420
1755192793 1451 20996512 23306420
1755192795 1451 20996512 23306420
1755192796 1451 20996512 23306420
1755192797 1451 20996512 23306420
1755192798 1452 20996512 23306420
1755192799 1452 20996512 23306420
1755192800 1452 20996512 23306420
1755192801 1452 20996512 23306420
1755192802 1450 20996512 23306420
1755192803 1450 20996512 23306420
1755192804 1450 20996512 23306420
1755192805 1451 20996512 23306420
1755192806 1451 20996512 23306420
1755192808 1451 20996512 23306420
1755192809 1451 20996512 23306420
1755192810 1452 20996512 23306420
1755192811 1452 20996512 23306420
1755192812 1452 20996512 23306420
1755192813 1451 20996512 23306420
1755192814 1451 20996512 23306420
1755192815 1452 20996512 23306420
1755192817 1452 10680312 13962464
1755192818 1452 12683384 13962464
1755192819 1452 12683384 13962464
1755192820 1452 12683384 13962464
1755192821 1453 12683384 13962464
1755192822 1453 12683384 13962464
1755192823 1451 12683384 13962464
1755192824 1452 12683384 13962464
1755192825 1452 12683384 13962464
1755192826 1452 12683384 13962464
1755192828 1452 12683384 13962464
1755192829 1453 12683384 13962464
1755192830 1453 12683384 13962464
1755192831 1453 12683384 13962464
1755192832 1453 12683384 13962464
1755192833 1453 12683384 13962464
1755192834 1452 12683384 13962464
1755192835 1452 12683384 13962464
1755192836 1452 12683384 13962464
1755192837 1452 12683384 13962464
1755192839 1452 12683384 13962464
1755192840 1452 12683384 13962464
1755192841 1452 12683384 13962464
1755192842 1453 12683384 13962464
1755192843 1453 12683384 13962464
1755192844 1453 12683384 13962464
1755192845 1453 12683384 13962464
1755192846 1452 12683384 13962464
1755192847 1453 12683384 13962464
1755192848 1453 12683384 13962464
1755192850 1453 12683384 13962464
1755192851 1453 12683384 13962464
1755192852 1453 12683384 13962464
1755192853 1454 12683384 13962464
1755192854 1453 9558384 10837460
1755192855 1453 9558384 10837460
1755192856 1454 9558384 10837460
1755192857 1453 9558384 10837460
1755192858 1453 9558384 10837460
1755192859 1453 9558384 10837460
1755192861 1453 9558384 10837460
1755192862 1453 9558384 10837460
1755192863 1453 9558384 10837460
1755192864 1453 9558384 10837460
1755192865 1454 9558384 10837460
1755192866 1454 9558384 10837460
1755192867 1453 9558384 10837460
1755192868 1453 9558384 10837460
1755192869 1453 9558384 10837460
1755192871 1453 9558384 10837460
1755192872 1453 9558384 10837460
1755192873 1453 9558384 10837460
1755192874 1454 9558384 10837460
1755192875 1454 9558384 10837460
1755192876 1454 9558384 10837460
1755192877 1453 9558384 10837460
1755192878 1453 9558384 10837460
1755192879 1453 9558384 10837460
1755192881 1454 9558384 10837460
1755192882 1454 9558384 10837460
1755192883 1454 9558384 10837460
1755192884 1454 9558384 10837460
1755192885 1454 9558384 10837460
1755192886 1455 9558384 10837460
1755192887 1455 9558384 10837460
1755192888 1454 9558384 10837460
1755192889 1453 11008360 17087468
1755192890 1452 13942784 20212472
1755192891 1451 16065776 20603100
