1759778569  0.0 15744 642660
1759778570  213 1290072 3816484
1759778571  105 2633560 3816484
1759778572  104 3870196 6941488
1759778573  104 5039604 6941488
1759778574  104 6209012 6941488
1759778575  103 4538076 6941488
1759778576  103 6281180 6941488
1759778577  103 3796172 28819152
1759778578  103 4918092 28819152
1759778579  103 6050892 28819152
1759778580  103 6281676 28819152
1759778582  179 6284364 28851920
1759778583  287 6287820 28851920
1759778584  382 6291148 28851920
1759778585  458 6296908 28852492
1759778586  527 6296908 28852492
1759778587  587 6296908 28852492
1759778588  640 6296908 28852492
1759778589  683 6296908 28852492
1759778590  687 6296908 28852492
1759778591  724 6296908 28852492
1759778592  759 6296908 28852492
1759778594  791 6297036 28852492
1759778595  823 6297036 28852492
1759778596  852 6297036 28852492
1759778597  884 6297036 28852492
1759778598  910 6297036 28852492
1759778599  936 6297036 28852492
1759778600  925 6297036 28852492
1759778601  945 6297036 28852492
1759778602  964 6297036 28852492
1759778604  984 6297036 28852492
1759778605 1004 6297036 28852492
1759778606 1022 6297036 28852492
1759778607 1040 6297036 28852492
1759778608 1057 6297036 28852492
1759778609 1074 6297804 28852492
1759778610 1090 6297804 28852492
1759778611 1079 6297804 28852492
1759778612 1094 6297804 28852492
1759778613 1108 6297804 28852492
1759778615 1121 6297804 28852492
1759778616 1135 6297804 28852492
1759778617 1149 6298060 28852492
1759778618 1161 6298060 28852492
1759778619 1171 6298060 28852492
1759778620 1177 6298060 28852492
1759778621 1181 6298060 28852492
1759778622 1164 6298060 28852492
1759778623 1169 6298060 28852492
1759778624 1174 6298060 28852492
1759778626 1181 6298316 28852492
1759778627 1187 6298316 28852492
1759778628 1196 6298316 28852492
1759778629 1204 6298316 28852492
1759778630 1212 6298316 28852492
1759778631 1220 6298316 28852492
1759778632 1229 6298316 28852492
1759778633 1216 6298316 28852492
1759778634 1222 6298316 28852492
1759778635 1227 6298316 28852492
1759778636 1232 6298316 28852492
1759778638 1238 6298316 28852492
1759778639 1245 6298316 28852492
1759778640 1252 6298316 28852492
1759778641 1258 6298316 28852492
1759778642 1264 6298316 28852492
1759778643 1270 6298316 28852492
1759778644 1259 6298316 28852492
1759778645 1265 6298316 28852492
1759778646 1271 6298316 28852492
1759778648 1277 6298316 28852492
1759778649 1283 6298316 28852492
1759778650 1289 6298316 28852492
1759778651 1293 6298316 28852492
1759778652 1298 6298316 28852492
1759778653 1300 6298316 28852492
1759778654 1286 6298444 28852492
1759778655 1288 6298444 28852492
1759778656 1289 6298444 28852492
1759778657 1291 6298444 28852492
1759778659 1295 6298444 28852492
1759778660 1299 6298444 28852492
1759778661 1304 6298444 28852492
1759778662 1309 6298444 28852492
1759778663 1313 6298444 28852492
1759778664 1317 6298444 28852492
1759778665 1307 6298444 28852492
1759778666 1312 6298444 28852492
1759778667 1316 6298444 28852492
1759778669 1318 6298444 28852492
1759778670 1321 6298572 28852492
1759778671 1324 6298572 28852492
1759778672 1326 6298572 28852492
1759778673 1330 6298572 28852492
1759778674 1334 6298572 28852492
1759778675 1338 6298572 28852492
1759778676 1329 6298572 28852492
1759778677 1332 6298572 28852492
1759778678 1336 6298572 28852492
1759778680 1339 6298572 28852492
1759778681 1343 6298572 28852492
1759778682 1345 6298572 28852492
1759778683 1348 6298572 28852492
1759778684 1349 6298572 28852492
1759778685 1350 6298572 28852492
1759778686 1352 6298572 28852492
1759778687 1342 6298572 28852492
1759778688 1344 6298572 28852492
1759778689 1345 6298572 28852492
1759778691 1347 6298572 28852492
1759778692 1349 6298572 28852492
1759778693 1351 6298572 28852492
1759778694 1354 6298572 28852492
1759778695 1356 6298572 28852492
1759778696 1359 6298572 28852492
1759778697 1362 6298572 28852492
1759778698 1354 6298572 28852492
1759778699 1357 6298572 28852492
1759778700 1360 6298572 28852492
1759778702 1363 6298572 28852492
1759778703 1365 6298572 28852492
1759778704 1366 6298572 28852492
1759778705 1368 6298572 28852492
1759778706 1370 6298572 28852492
1759778707 1372 6298572 28852492
1759778708 1375 6298572 28852492
1759778709 1367 6298572 28852492
1759778710 1370 6298572 28852492
1759778711 1372 6298700 28852492
1759778713 1374 6298700 28852492
1759778714 1376 6298700 28852492
1759778715 1377 6298700 28852492
1759778716 1378 6298700 28852492
1759778717 1379 6298700 28852492
1759778718 1380 6298700 28852492
1759778719 1381 6298700 28852492
1759778720 1374 6298700 28852492
1759778721 1376 6298700 28852492
1759778722 1378 6298700 28852492
1759778724 1379 6298700 28852492
1759778725 1381 6298700 28852492
1759778726 1382 6298700 28852492
1759778727 1383 6298700 28852492
1759778728 1386 6298700 28852492
1759778729 1388 6298700 28852492
1759778730 1381 6298700 28852492
1759778731 1383 6298700 28852492
1759778732 1385 6298700 28852492
1759778734 1387 6298700 28852492
1759778735 1389 6298700 28852492
1759778736 1391 6298700 28852492
1759778737 1392 6298700 28852492
1759778738 1394 6298700 28852492
1759778739 1387 6298700 28852492
1759778740 1388 6298828 28852492
1759778741 1390 6298828 28852492
1759778742 1391 6298828 28852492
1759778744 1392 6298828 28852492
1759778745 1394 6298828 28852492
1759778746 1394 6298828 28852492
1759778747 1396 6298956 28852492
1759778748 1396 6298956 28852492
1759778749 1397 6298956 28852492
1759778750 1398 6298956 28852492
1759778751 1391 6299084 28852492
1759778752 1393 6299084 28852492
1759778753 1394 6299084 28852492
1759778754 1396 6299596 28852492
1759778756 1397 6299596 28852492
1759778757 1399 6299596 28852492
1759778758 1400 6299596 28852492
1759778759 1402 6299596 28852492
1759778760 1402 6299596 28852492
1759778761 1404 6299596 28852492
1759778762 1397 6299596 28852492
1759778763 1399 6299596 28852492
1759778764 1401 6299596 28852492
1759778766 1402 6299596 28852492
1759778767 1404 6299596 28852492
1759778768 1405 6300236 28852492
1759778769 1407 6300236 28852492
1759778770 1409 6300236 28852492
1759778771 1410 6300236 28852492
1759778772 1411 6300236 28852492
1759778773 1404 6300236 28852492
1759778774 1405 6300236 28852492
1759778775 1406 6300236 28852492
1759778777 1406 6300236 28852492
1759778778 1408 6300236 28852492
1759778779 1409 6300236 28852492
1759778780 1410 6300236 28852492
1759778781 1410 6300364 28852492
1759778782 1411 6300364 28852492
1759778783 1412 6300364 28852492
1759778784 1406 6300364 28852492
1759778785 1408 6300364 28852492
1759778786 1409 6300364 28852492
1759778788 1410 6300364 28852492
1759778789 1412 6300364 28852492
1759778790 1413 6300364 28852492
1759778791 1414 6300364 28852492
1759778792 1416 6300364 28852492
1759778793 1416 6300364 28852492
1759778794 1417 6300364 28852492
1759778795 1412 6300364 28852492
1759778796 1413 6300364 28852492
1759778797 1414 6300364 28852492
1759778798 1415 6300364 28852492
1759778800 1417 6300492 28852492
1759778801 1418 6300492 28852492
1759778802 1419 6300492 28852492
1759778803 1420 6300492 28852492
1759778804 1421 6300492 28852492
1759778805 1422 6300492 28852492
1759778806 1417 6300492 28852492
1759778807 1417 6300492 28852492
1759778809 1418 6300492 28852492
1759778810 1419 6300492 28852492
1759778811 1419 6300492 28852492
1759778812 1420 6300492 28852492
1759778813 1420 6300492 28852492
1759778814 1421 6300492 28852492
1759778815 1422 6300492 28852492
1759778816 1423 6300492 28852492
1759778817 1418 6300492 28852492
1759778818 1419 6300492 28852492
1759778819 1421 6300620 28852492
1759778821 1422 6300620 28852492
1759778822 1423 6300620 28852492
1759778823 1424 6300620 28852492
1759778824 1425 6300620 28852492
1759778825 1426 6300620 28852492
1759778826 1427 6300620 28852492
1759778827 1423 6300620 28852492
1759778828 1424 6300620 28852492
1759778829 1424 6300620 28852492
1759778831 1425 6300620 28852492
1759778832 1426 6300620 28852492
1759778833 1427 6300620 28852492
1759778834 1428 6300620 28852492
1759778835 1429 6300620 28852492
1759778836 1430 6300620 28852492
1759778837 1430 6300620 28852492
1759778838 1426 6300620 28852492
1759778839 1426 6300620 28852492
1759778840 1427 6300620 28852492
1759778841 1427 6300620 28852492
1759778843 1427 6300620 28852492
1759778844 1427 6300620 28852492
1759778845 1428 6300620 28852492
1759778846 1428 6300620 28852492
1759778847 1429 6300620 28852492
1759778848 1430 6300620 28852492
1759778849 1426 6300620 28852492
1759778850 1427 6300748 28852492
1759778851 1428 6300748 28852492
1759778853 1429 6300748 28852492
1759778854 1430 6300748 28852492
1759778855 1431 6300748 28852492
1759778856 1432 6300748 28852492
1759778857 1433 6300748 28852492
1759778858 1434 6300748 28852492
1759778859 1435 6300748 28852492
1759778860 1431 6300748 28852492
1759778861 1432 6301004 28852492
1759778862 1433 6301004 28852492
1759778864 1433 6301004 28852492
1759778865 1434 6301004 28852492
1759778866 1434 6301004 28852492
1759778867 1435 6301004 28852492
1759778868 1435 6301004 28852492
1759778869 1436 6301004 28852492
1759778870 1432 6301004 28852492
1759778871 1433 6301004 28852492
1759778872 1434 6301004 28852492
1759778873 1434 6301004 28852492
1759778875 1434 6301004 28852492
1759778876 1435 6301004 28852492
1759778877 1435 6301004 28852492
1759778878 1435 6301004 28852492
1759778879 1436 6301004 28852492
1759778880 1436 6301004 28852492
1759778881 1437 6301132 28852492
1759778882 1433 6301132 28852492
1759778883 1434 6301132 28852492
1759778884 1435 6301132 28852492
1759778886 1436 6301132 28852492
1759778887 1437 6301516 28852492
1759778888 1438 6301516 28852492
1759778889 1439 6301516 28852492
1759778890 1439 6301516 28852492
1759778891 1440 6301772 28852492
1759778892 1441 6301772 28852492
1759778893 1438 6301772 28852492
1759778894 1439 6301772 28852492
1759778895 1439 6301772 28852492
1759778897 1439 6301900 28852492
1759778898 1440 6301900 28852492
1759778899 1440 6301900 28852492
1759778900 1440 6301900 28852492
1759778901 1441 6301900 28852492
1759778902 1441 6301900 28852492
1759778903 1442 6302284 28852492
1759778904 1438 6302284 28852492
1759778905 1439 6302284 28852492
1759778906 1439 6302284 28852492
1759778908 1439 6302284 28852492
1759778909 1440 6302284 28852492
1759778910 1440 6302284 28852492
1759778911 1440 6302284 28852492
1759778912 1441 6302284 28852492
1759778913 1442 6302284 28852492
1759778914 1442 6302284 28852492
1759778915 1439 6302412 28852492
1759778916 1440 6302412 28852492
1759778917 1441 6302412 28852492
1759778919 1441 6302412 28852492
1759778920 1442 6302540 28852492
1759778921 1443 6302540 28852492
1759778922 1444 6302540 28852492
1759778923 1444 6302540 28852492
1759778924 1445 6302540 28852492
1759778925 1442 6302540 28852492
1759778926 1442 6302540 28852492
1759778927 1443 6302540 28852492
1759778929 1443 6302540 28852492
1759778930 1444 6302540 28852492
1759778931 1445 6302540 28852492
1759778932 1445 6302540 28852492
1759778933 1446 6302540 28852492
1759778934 1446 6302540 28852492
1759778935 1446 6302540 28852492
1759778936 1443 6302668 28852492
1759778937 1443 6302668 28852492
1759778938 1443 6302668 28852492
1759778939 1443 6302668 28852492
1759778941 1444 6302668 28852492
1759778942 1445 6302668 28852492
1759778943 1445 6302668 28852492
1759778944 1446 6302668 28852492
1759778945 1446 6302668 28852492
1759778946 1446 6302668 28852492
1759778947 1443 6302668 28852492
1759778948 1444 6302668 28852492
1759778949 1445 6302668 28852492
1759778950 1445 6302668 28852492
1759778952 1446 6302668 28852492
1759778953 1447 6302668 28852492
1759778954 1448 6302668 28852492
1759778955 1448 6302668 28852492
1759778956 1449 6302668 28852492
1759778957 1449 6302668 28852492
1759778958 1446 6302668 28852492
1759778959 1447 6302668 28852492
1759778960 1447 6302668 28852492
1759778962 1448 6302668 28852492
1759778963 1448 6302668 28852492
1759778964 1449 6302668 28852492
1759778965 1450 6302668 28852492
1759778966 1450 6302668 28852492
1759778967 1450 6302668 28852492
1759778968 1450 6302796 28852492
1759778969 1446 6302796 28852492
1759778970 1446 6302796 28852492
1759778971 1447 6302796 28852492
1759778973 1448 6302796 28852492
1759778974 1448 6302796 28852492
1759778975 1449 6302796 28852492
1759778976 1449 6302796 28852492
1759778977 1450 6302796 28852492
1759778978 1450 6303052 28852492
1759778979 1451 6303052 28852492
1759778980 1448 6303052 28852492
1759778981 1448 6303052 28852492
1759778982 1449 6303052 28852492
1759778984 1449 6303052 28852492
1759778985 1450 6303052 28852492
1759778986 1451 6303052 28852492
1759778987 1451 6303052 28852492
1759778988 1452 6303052 28852492
1759778989 1452 6303180 28852492
1759778990 1452 6303180 28852492
1759778991 1450 6303180 28852492
1759778992 1450 6303180 28852492
1759778993 1451 6303180 28852492
1759778995 1451 6303180 28852492
1759778996 1452 6303180 28852492
1759778997 1452 6303180 28852492
1759778998 1453 6303436 28852492
1759778999 1453 6303436 28852492
1759779000 1453 6303436 28852492
1759779001 1453 6303436 28852492
1759779002 1450 6303436 28852492
1759779003 1450 6303436 28852492
1759779004 1450 6303692 28852492
1759779005 1451 6303692 28852492
1759779007 1451 6303692 28852492
1759779008 1452 6303692 28852492
1759779009 1452 6304332 28852492
1759779010 1453 6304332 28852492
1759779011 1454 6304332 28852492
1759779012 1454 6304332 28852492
1759779013 1451 6304332 28852492
1759779014 1451 6304332 28852492
1759779015 1452 6304332 28852492
1759779016 1452 6304332 28852492
1759779018 1453 6304332 28852492
1759779019 1453 6304332 28852492
1759779020 1453 6304332 28852492
1759779021 1454 6304332 28852492
1759779022 1454 6304332 28852492
1759779023 1455 6304332 28852492
1759779024 1455 6304332 28852492
1759779025 1453 6304332 28852492
1759779026 1453 6304332 28852492
1759779027 1454 6304460 28852492
1759779029 1454 6304460 28852492
1759779030 1455 6304588 28852492
1759779031 1455 6304588 28852492
1759779032 1455 6304588 28852492
1759779033 1455 6304716 28852492
1759779034 1456 6304716 28852492
1759779035 1453 6304716 28852492
1759779036 1453 6304716 28852492
1759779037 1453 6304716 28852492
1759779038 1454 6304716 28852492
1759779040 1454 6304716 28852492
1759779041 1455 6304716 28852492
1759779042 1455 6304716 28852492
1759779043 1456 6304716 28852492
1759779044 1456 6304716 28852492
1759779045 1457 6304716 28852492
1759779046 1454 6304716 28852492
1759779047 1455 6304716 28852492
1759779048 1455 6304716 28852492
1759779049 1455 6304716 28852492
1759779051 1455 6304716 28852492
1759779052 1455 6304716 28852492
1759779053 1456 6304716 28852492
1759779054 1456 6304716 28852492
1759779055 1457 6304716 28852492
1759779056 1457 6304716 28852492
1759779057 1455 6304716 28852492
1759779058 1456 6304716 28852492
1759779059 1456 6304716 28852492
1759779061 1456 6304716 28852492
1759779062 1457 6304716 28852492
1759779063 1457 6304716 28852492
1759779064 1457 6304716 28852492
1759779065 1457 6304716 28852492
1759779066 1458 6304716 28852492
1759779067 1456 6304716 28852492
1759779068 1456 6304716 28852492
1759779069 1456 6304844 28852492
1759779071 1457 6304844 28852492
1759779072 1457 6304844 28852492
1759779073 1457 6304844 28852492
1759779074 1458 6304972 28852492
1759779075 1458 6304972 28852492
1759779076 1458 6304972 28852492
1759779077 1459 6304972 28852492
1759779078 1456 6304972 28852492
1759779079 1457 6304972 28852492
1759779080 1457 6304972 28852492
1759779082 1457 6305100 28852492
1759779083 1457 6305100 28852492
1759779084 1458 6305100 28852492
1759779085 1458 6305100 28852492
1759779086 1458 6305100 28852492
1759779087 1459 6305228 28852492
1759779088 1459 6305228 28852492
1759779089 1457 6305228 28852492
1759779090 1457 6305356 28852492
1759779091 1458 6305356 28852492
1759779093 1458 6305356 28852492
1759779094 1458 6305356 28852492
1759779095 1458 6305484 28852492
1759779096 1459 6305484 28852492
1759779097 1459 6305484 28852492
1759779098 1460 6305484 28852492
1759779099 1460 6305868 28852492
1759779100 1458 6305868 28852492
1759779101 1458 6305868 28852492
1759779102 1459 6305868 28852492
1759779104 1459 6306252 28852492
1759779105 1460 6306252 28852492
1759779106 1460 6306252 28852492
1759779107 1460 6306380 28852492
1759779108 1460 6306380 28852492
1759779109 1460 6306380 28852492
1759779110 1460 6306380 28852492
1759779111 1460 6306380 28852492
1759779112 1460 6306380 28852492
1759779113 1458 6306380 28852492
1759779114 1458 6306380 28852492
1759779115 1458 6306380 28852492
1759779117 1458 6306380 28852492
1759779118 1459 6306380 28852492
1759779119 1458 6306380 28852492
1759779120 1459 6306380 28852492
1759779121 1459 6306508 28852492
1759779122 1459 6306508 28852492
1759779123 1459 6306508 28852492
1759779124 1457 6306508 28852492
1759779125 1457 6306636 28852492
1759779126 1457 6306636 28852492
1759779127 1457 6306636 28852492
1759779129 1457 6306636 28852492
1759779130 1457 6306636 28852492
1759779131 1457 6306636 28852492
1759779132 1458 6306636 28852492
1759779133 1457 6306636 28852492
1759779134 1457 6306764 28852492
1759779135 1456 6306764 28852492
1759779136 1453 6306764 28852492
1759779137 1453 6306764 28852492
1759779138 1453 6306764 28852492
1759779140 1453 6306764 28852492
1759779141 1453 6306764 28852492
1759779142 1454 6306764 28852492
1759779143 1454 6306764 28852492
1759779144 1453 6306764 28852492
1759779145 1453 6306764 28852492
1759779146 1453 6306764 28852492
1759779147 1451 6306764 28852492
1759779148 1451 6306764 28852492
1759779149 1451 6306764 28852492
1759779151 1451 6306764 28852492
1759779152 1450 6306764 28852492
1759779153 1450 6306892 28852492
1759779154 1450 6306892 28852492
1759779155 1449 6306892 28852492
1759779156 1448 6306892 28852492
1759779157 1448 6306892 28852492
1759779158 1446 6306892 28852492
1759779159 1446 6306892 28852492
1759779160 1446 6306892 28852492
1759779162 1447 6306892 28852492
1759779163 1447 6306892 28852492
1759779164 1446 6306892 28852492
1759779165 1446 6306892 28852492
1759779166 1446 6307020 28852492
1759779167 1447 6307020 28852492
1759779168 1447 6307020 28852492
1759779169 1444 6307020 28852492
1759779170 1443 6307148 28852492
1759779171 1443 6307148 28852492
1759779173 1443 6307148 28852492
1759779174 1443 6307148 28852492
1759779175 1443 6307148 28852492
1759779176 1443 6307148 28852492
1759779177 1443 6307148 28852492
1759779178 1443 6307148 28852492
1759779179 1443 6307276 28852492
1759779180 1440 6307276 28852492
1759779181 1440 6307276 28852492
1759779182 1440 6307276 28852492
1759779184 1440 6307276 28852492
1759779185 1440 6307276 28852492
1759779186 1440 6307276 28852492
1759779187 1439 6307276 28852492
1759779188 1439 6307404 28852492
1759779189 1438 6307404 28852492
1759779190 1438 6307404 28852492
1759779191 1436 6307404 28852492
1759779192 1436 6307532 28852492
1759779194 1436 6307532 28852492
1759779195 1437 6307532 28852492
1759779196 1437 6307532 28852492
1759779197 1437 6308044 28852492
1759779198 1436 6308044 28852492
1759779199 1436 6308044 28852492
1759779200 1436 6308044 28852492
1759779201 1434 6308044 28852492
1759779202 1435 6308044 28852492
1759779204 1434 6308044 28852492
1759779205 1434 6308044 28852492
1759779206 1433 6308300 28852492
1759779207 1433 6308300 28852492
1759779208 1433 6308300 28852492
1759779209 1433 6308556 28852492
1759779210 1433 6308556 28852492
1759779211 1431 6308556 28852492
1759779212 1431 6308556 28852492
1759779213 1431 6308684 28852492
1759779215 1431 6308684 28852492
1759779216 1431 6308684 28852492
1759779217 1431 6308684 28852492
1759779218 1431 6308684 28852492
1759779219 1431 6308684 28852492
1759779220 1431 6308684 28852492
1759779221 1430 6308684 28852492
1759779222 1430 6308684 28852492
1759779223 1427 6308684 28852492
1759779224 1427 6308684 28852492
1759779225 1427 6308684 28852492
1759779226 1427 6308684 28852492
1759779228 1428 6308684 28852492
1759779229 1428 6308684 28852492
1759779230 1428 6308684 28852492
1759779231 1429 6308684 28852492
1759779232 1429 6308812 28852492
1759779233 1430 6308812 28852492
1759779234 1430 6308812 28852492
1759779235 1428 6309068 28852492
1759779236 1428 6309068 28852492
1759779237 1429 6309068 28852492
1759779239 1429 6309068 28852492
1759779240 1430 6309068 28852492
1759779241 1430 6309068 28852492
1759779242 1430 6309068 28852492
1759779243 1431 6309068 28852492
1759779244 1431 6309068 28852492
1759779245 1429 6309068 28852492
1759779246 1430 6309068 28852492
1759779247 1430 6309068 28852492
1759779248 1430 6309068 28852492
1759779250 1430 6309068 28852492
1759779251 1430 6309068 28852492
1759779252 1430 6309068 28852492
1759779253 1430 6309068 28852492
1759779254 1431 6309452 28852492
1759779255 1431 6309452 28852492
1759779256 1431 6309452 28852492
1759779257 1431 6309452 28852492
1759779258 1430 6309580 28852492
1759779259 1430 6309580 28852492
1759779260 1430 6309580 28852492
1759779262 1431 6309580 28852492
1759779263 1431 6309580 28852492
1759779264 1431 6309580 28852492
1759779265 1432 6309836 28852492
1759779266 1432 6309836 28852492
1759779267 1432 6309836 28852492
1759779268 1433 6309836 28852492
1759779269 1431 6309836 28852492
1759779270 1431 6310220 28852492
1759779271 1432 6310220 28852492
1759779273 1432 6310476 28852492
1759779274 1433 6310476 28852492
1759779275 1433 6310732 28852492
1759779276 1434 6310732 28852492
1759779277 1434 6310732 28852492
1759779278 1434 6310732 28852492
1759779279 1433 6310732 28852492
1759779280 1433 6310732 28852492
1759779281 1433 6310732 28852492
1759779282 1433 6310732 28852492
1759779284 1433 6310732 28852492
1759779285 1433 6310732 28852492
1759779286 1433 6310860 28852492
1759779287 1434 6310860 28852492
1759779288 1434 6310860 28852492
1759779289 1434 6310860 28852492
1759779290 1434 6310860 28852492
1759779291 1432 6310860 28852492
1759779292 1433 6310860 28852492
1759779293 1433 6310860 28852492
1759779294 1433 6310860 28852492
1759779296 1434 6310860 28852492
1759779297 1434 6310988 28852492
1759779298 1434 6310988 28852492
1759779299 1435 6311116 28852492
1759779300 1435 6311116 28852492
1759779301 1435 6311244 28852492
1759779302 1436 6311244 28852492
1759779303 1434 6311244 28852492
1759779304 1434 6311244 28852492
1759779305 1435 6311372 28852492
1759779307 1435 6311372 28852492
1759779308 1435 6311500 28852492
1759779309 1436 6311500 28852492
1759779310 1436 6311628 28852492
1759779311 1436 6311628 28852492
1759779312 1437 6311628 28852492
1759779313 1437 6311628 28852492
1759779314 1437 6311628 28852492
1759779315 1435 6311756 28852492
1759779316 1435 6311756 28852492
1759779317 1435 6311756 28852492
1759779319 1435 6311756 28852492
1759779320 1436 6311756 28852492
1759779321 1436 6312268 28852492
1759779322 1436 6312268 28852492
1759779323 1436 6312396 28852492
1759779324 1436 6312396 28852492
1759779325 1437 6312396 28852492
1759779326 1435 6312396 28852492
1759779327 1435 6312524 28852492
1759779328 1436 6312524 28852492
1759779329 1436 6312652 28852492
1759779331 1436 6312652 28852492
1759779332 1437 6312780 28852492
1759779333 1437 6312780 28852492
1759779334 1437 6312780 28852492
1759779335 1438 6312780 28852492
1759779336 1438 6312780 28852492
1759779337 1438 6312780 28852492
1759779338 1437 6312780 28852492
1759779339 1437 6312908 28852492
1759779340 1437 6312908 28852492
1759779342 1438 6312908 28852492
1759779343 1438 6312908 28852492
1759779344 1438 6312908 28852492
1759779345 1438 6313164 28852492
1759779346 1438 6313164 28852492
1759779347 1439 6313164 28852492
1759779348 1439 6313164 28852492
1759779349 1439 6313420 28852492
1759779350 1437 6313420 28852492
1759779351 1438 6313420 28852492
1759779352 1438 6313420 28852492
1759779353 1438 6313548 28852492
1759779355 1438 6313548 28852492
1759779356 1439 6313548 28852492
1759779357 1438 6313548 28852492
1759779358 1439 6313804 28852492
1759779359 1439 6313804 28852492
1759779360 1439 6313932 28852492
1759779361 1439 6314060 28852492
1759779362 1438 6314060 28852492
1759779363 1438 6314060 28852492
1759779364 1439 6314572 28852492
1759779366 1439 6314572 28852492
1759779367 1439 6314572 28852492
1759779368 1440 6314572 28852492
1759779369 1440 6314700 28852492
1759779370 1440 6314700 28852492
1759779371 1441 6314828 28852492
1759779372 1441 6314828 28852492
1759779373 1440 6314828 28852492
1759779374 1440 6314828 28852492
1759779375 1440 6314828 28852492
1759779377 1440 6314828 28852492
1759779378 1440 6314828 28852492
1759779379 1441 6314828 28852492
1759779380 1441 6314828 28852492
1759779381 1441 6315212 28852492
1759779382 1441 6315340 28852492
1759779383 1442 6315340 28852492
1759779384 1440 6315468 28852492
1759779385 1440 6315468 28852492
1759779386 1440 6315468 28852492
1759779387 1440 6315468 28852492
1759779389 1441 6315468 28852492
1759779390 1441 6315468 28852492
1759779391 1441 6315468 28852492
1759779392 1441 6315724 28852492
1759779393 1441 6315852 28852492
1759779394 1442 6315980 28852492
1759779395 1442 6316108 28852492
1759779396 1441 6316492 28852492
1759779397 1441 6316492 28852492
1759779398 1441 6316620 28852492
1759779400 1442 6316620 28852492
1759779401 1442 6316876 28852492
1759779402 1442 6316876 28852492
1759779403 1442 6316876 28852492
1759779404 1443 6316876 28852492
1759779405 1443 6316876 28852492
1759779406 1443 6316876 28852492
1759779407 1442 6317132 28852492
1759779408 1442 6317132 28852492
1759779409 1442 6317388 28852492
1759779410 1442 6317388 28852492
1759779412 1443 6317516 28852492
1759779413 1443 6317516 28852492
1759779414 1443 6317516 28852492
1759779415 1443 6317644 28852492
1759779416 1444 6317772 28852492
1759779417 1444 6318028 28852492
1759779418 1444 6318284 28852492
1759779419 1444 6318284 28852492
1759779420 1442 6318540 28852492
1759779421 1443 6318668 28852492
1759779422 1443 6318668 28852492
1759779424 1443 6318924 28852492
1759779425 1443 6318924 28852492
1759779426 1444 6318924 28852492
1759779427 1444 6319052 28852492
1759779428 1444 6319052 28852492
1759779429 1444 6319308 28852492
1759779430 1444 6319436 28852492
1759779431 1445 6319436 28852492
1759779432 1443 6319564 28852492
1759779433 1444 6319692 28852492
1759779434 1444 6319948 28852492
1759779435 1444 6320460 28852492
1759779437 1444 6320588 28852492
1759779438 1445 6320588 28852492
1759779439 1445 6320588 28852492
1759779440 1445 6320972 28852492
1759779441 1445 6321100 28852492
1759779442 1445 6321356 28852492
1759779443 1446 6321484 28852492
1759779444 1446 6321484 28852492
1759779445 1444 6321868 28852492
1759779446 1445 6322124 28852492
1759779447 1445 6322508 28852492
1759779448 1445 6322764 28852492
1759779450 1445 6323276 28852492
1759779451 1446 6323660 28852492
1759779452 1446 6324044 28852492
1759779453 1446 6324044 28852492
1759779454 1446 6324428 28852492
1759779455 1446 6324684 28852492
1759779456 1446 6884428 28852492
1759779457 1445 9450316 28852492
1759779458 1443 12411212 28852492
1759779459 1443 12575564 28852492
1759779460 1443 12575564 28852492
1759779461 1442 12604492 28852492
1759779462 1442 12704972 28852492
1759779463 1441 12715468 28852492
1759779464 1441 12715468 28852492
1759779465 1439 12963404 28852492
1759779466 1439 13134156 28852492
1759779468 1438 13134156 28852492
1759779469 1437 13134156 28852492
1759779470 1436 13134156 28852492
1759779471 1435 13134156 28852492
1759779472 1435 13188300 28852492
1759779473 1433 13455692 28852492
1759779474 1432 13724364 28852492
1759779475 1430 14135628 28852492
1759779476 1429 14135628 28852492
1759779477 1427 14135628 28852492
1759779478 1426 14759372 28852492
1759779479 1427 14759372 28852492
1759779480 1426 14759372 28852492
1759779481 1426 14761292 28852492
1759779482 1424 14761292 28852492
1759779483 1423 14761292 28852492
1759779484 1421 14761292 28852492
1759779485 1420 14761292 28852492
1759779486 1419 14761292 28852492
1759779487 1418 14761292 28852492
1759779488 1418 14761292 28852492
1759779489 1418 14761292 28852492
1759779490 1417 14899660 28852492
1759779492 1416 15151692 28852492
1759779493 1415 15406668 28852492
1759779494 1413 15661644 28852492
1759779495 1412 15913036 28852492
1759779496 1410 16171596 28852492
1759779497 1409 16426572 28852492
1759779498 1408 16681676 28852492
1759779499 1406 16936652 28852492
1759779500 1405 17338060 28852492
1759779501 1403 17815244 28852492
1759779502 1402 18288332 28852492
1759779503 1401 18760268 28852492
1759779504 1399 18825420 28852492
1759779505 1398 18825420 28852492
1759779506 1396 18825420 28852492
1759779507 1395 18825420 28852492
1759779508 1394 18825420 28852492
1759779509 1392 18825420 28852492
1759779510 1391 18825420 28852492
1759779511 1390 18825420 28852492
1759779512 1388 18825420 28852492
1759779513 1387 18825420 28852492
1759779514 1385 20021324 28852492
1759779515 1385 20966860 28852492
1759779516 1384 20966860 28852492
1759779517 1384 20966860 28852492
1759779518 1384 20966860 28852492
1759779520 1384 20966860 28852492
1759779521 1384 20966860 28852492
1759779522 1384 20966860 28852492
1759779523 1385 20966860 28852492
1759779524 1385 20966860 28852492
1759779525 1385 20966860 28852492
1759779526 1385 20966860 28852492
1759779527 1385 20966860 28852492
1759779528 1383 20966860 28852492
1759779529 1382 20966860 28852492
1759779530 1381 20966860 28852492
1759779531 1379 20966860 28852492
1759779532 1379 20966860 28852492
1759779533 1379 20966860 28852492
1759779534 1379 20966860 28852492
1759779536 1379 20966860 28852492
1759779537 1379 20966860 28852492
1759779538 1379 20966860 28852492
1759779539 1380 20966860 28852492
1759779540 1380 20966860 28852492
1759779541 1380 20966860 28852492
1759779542 1380 20966860 28852492
1759779543 1380 20966860 28852492
1759779544 1379 20966860 28852492
1759779545 1379 20966860 28852492
1759779546 1378 20966860 28852492
1759779547 1376 20966860 28852492
1759779548 1375 20966860 28852492
1759779549 1374 20966860 28852492
1759779550 1373 20966988 28852492
1759779552 1373 20966988 28852492
1759779553 1373 20966988 28852492
1759779554 1373 20966988 28852492
1759779555 1373 20966988 28852492
1759779556 1373 20966988 28852492
1759779557 1374 20966988 28852492
1759779558 1374 20966988 28852492
1759779559 1374 20966988 28852492
1759779560 1373 20966988 28852492
1759779561 1373 20966988 28852492
1759779562 1372 20966988 28852492
1759779563 1372 20966988 28852492
1759779564 1372 20966988 28852492
1759779566 1372 20966988 28852492
1759779567 1372 20966988 28852492
1759779568 1372 20966988 28852492
1759779569 1372 20966988 28852492
1759779570 1372 20966988 28852492
1759779571 1372 20966988 28852492
1759779572 1373 20966988 28852492
1759779573 1373 20966988 28852492
1759779574 1372 20966988 28852492
1759779575 1372 20966988 28852492
1759779576 1371 20966988 28852492
1759779577 1371 20966988 28852492
1759779579 1372 20966988 28852492
1759779580 1372 20966988 28852492
1759779581 1372 20966988 28852492
1759779582 1372 20966988 28852492
1759779583 1372 20966988 28852492
1759779584 1372 20966988 28852492
1759779585 1371 20966988 28852492
1759779586 1370 20966988 28852492
1759779587 1370 20966988 28852492
1759779588 1370 20966988 28852492
1759779589 1370 20966988 28852492
1759779591 1371 20966988 28852492
1759779592 1371 20966988 28852492
1759779593 1371 20966988 28852492
1759779594 1370 20966988 28852492
1759779595 1370 20966988 28852492
1759779596 1370 20966988 28852492
1759779597 1370 20966988 28852492
1759779598 1370 20966988 28852492
1759779599 1369 20966988 28852492
1759779600 1369 20966988 28852492
1759779601 1368 20966988 28852492
1759779602 1368 20966988 28852492
1759779604 1368 20966988 28852492
1759779605 1368 20966988 28852492
1759779606 1369 20966988 28852492
1759779607 1369 20966988 28852492
1759779608 1369 20966988 28852492
1759779609 1369 20966988 28852492
1759779610 1369 20966988 28852492
1759779611 1369 20966988 28852492
1759779612 1369 20966988 28852492
1759779613 1368 20966988 28852492
1759779614 1368 20966988 28852492
1759779615 1368 20966988 28852492
1759779617 1368 20966988 28852492
1759779618 1368 20966988 28852492
1759779619 1368 20966988 28852492
1759779620 1368 20966988 28852492
1759779621 1367 20966988 28852492
1759779622 1368 20966988 28852492
1759779623 1368 20966988 28852492
1759779624 1368 20966988 28852492
1759779625 1368 20966988 28852492
1759779626 1366 20966988 28852492
1759779627 1366 20966988 28852492
1759779628 1366 20966988 28852492
1759779630 1366 20966988 28852492
1759779631 1366 20966988 28852492
1759779632 1366 20966988 28852492
1759779633 1366 20966988 28852492
1759779634 1366 20966988 28852492
1759779635 1366 20966988 28852492
1759779636 1366 20966988 28852492
1759779637 1366 20966988 28852492
1759779638 1365 20966988 28852492
1759779639 1365 20966988 28852492
1759779640 1365 20966988 28852492
1759779641 1365 20966988 28852492
1759779643 1365 20966988 28852492
1759779644 1366 20966988 28852492
1759779645 1366 20966988 28852492
1759779646 1366 20966988 28852492
1759779647 1366 20966988 28852492
1759779648 1365 20966988 28852492
1759779649 1366 20966988 28852492
1759779650 1366 20966988 28852492
1759779651 1365 20966988 28852492
1759779652 1365 20966988 28852492
1759779653 1365 20966988 28852492
1759779655 1365 20966988 28852492
1759779656 1365 20966988 28852492
1759779657 1366 20966988 28852492
1759779658 1366 20966988 28852492
1759779659 1365 20966988 28852492
1759779660 1365 20966988 28852492
1759779661 1366 20966988 28852492
1759779662 1366 20966988 28852492
1759779663 1365 20966988 28852492
1759779664 1365 20966988 28852492
1759779665 1365 20966988 28852492
1759779666 1365 20966988 28852492
1759779668 1365 20966988 28852492
1759779669 1364 20966988 28852492
1759779670 1364 20966988 28852492
1759779671 1364 20966988 28852492
1759779672 1364 20966988 28852492
1759779673 1364 20966988 28852492
1759779674 1364 20966988 28852492
1759779675 1362 20966988 28852492
1759779676 1362 20966988 28852492
1759779677 1362 20966988 28852492
1759779678 1362 20966988 28852492
1759779680 1362 20966988 28852492
1759779681 1362 20966988 28852492
1759779682 1361 20966988 28852492
1759779683 1361 20966988 28852492
1759779684 1361 20966988 28852492
1759779685 1361 20966988 28852492
1759779686 1361 20966988 28852492
1759779687 1359 20966988 28852492
1759779688 1359 20966988 28852492
1759779689 1359 20966988 28852492
1759779691 1358 20966988 28852492
1759779692 1358 20966988 28852492
1759779693 1358 20966988 28852492
1759779694 1357 20966988 28852492
1759779695 1357 20966988 28852492
1759779696 1357 20966988 28852492
1759779697 1357 20966988 28852492
1759779698 1357 20966988 28852492
1759779699 1356 20966988 28852492
1759779700 1356 20966988 28852492
1759779701 1356 20966988 28852492
1759779702 1356 20966988 28852492
1759779704 1356 20966988 28852492
1759779705 1357 20966988 28852492
1759779706 1357 20966988 28852492
1759779707 1357 20966988 28852492
1759779708 1357 20966988 28852492
1759779709 1358 20966988 28852492
1759779710 1357 20966988 28852492
1759779711 1357 20966988 28852492
1759779712 1358 20966988 28852492
1759779714 1358 20966988 28852492
1759779715 1358 20966988 28852492
1759779716 1358 20966988 28852492
1759779717 1359 20966988 28852492
1759779718 1359 20966988 28852492
1759779719 1359 20966988 28852492
1759779720 1360 20966988 28852492
1759779721 1360 20966988 28852492
1759779722 1359 20966988 28852492
1759779723 1359 20966988 28852492
1759779724 1359 20966988 28852492
1759779725 1359 20966988 28852492
1759779727 1359 20966988 28852492
1759779728 1359 20966988 28852492
1759779729 1359 20966988 28852492
1759779730 1359 20966988 28852492
1759779731 1360 20966988 28852492
1759779732 1360 20966988 28852492
1759779733 1360 20966988 28852492
1759779734 1360 20966988 28852492
1759779735 1360 20966988 28852492
1759779736 1360 20966988 28852492
1759779738 1360 20966988 28852492
1759779739 1361 20966988 28852492
1759779740 1361 20966988 28852492
1759779741 1361 20966988 28852492
1759779742 1362 20966988 28852492
1759779743 1362 20966988 28852492
1759779744 1362 20966988 28852492
1759779745 1361 20966988 28852492
1759779746 1362 20966988 28852492
1759779747 1362 20966988 28852492
1759779748 1362 20966988 28852492
1759779750 1362 20966988 28852492
1759779751 1363 20966988 28852492
1759779752 1363 20966988 28852492
1759779753 1363 20966988 28852492
1759779754 1363 20966988 28852492
1759779755 1363 20966988 28852492
1759779756 1363 20966988 28852492
1759779757 1363 20966988 28852492
1759779758 1363 20966988 28852492
1759779759 1363 20966988 28852492
1759779760 1363 20966988 28852492
1759779761 1363 20966988 28852492
1759779763 1363 20966988 28852492
1759779764 1364 20966988 28852492
1759779765 1364 20966988 28852492
1759779766 1364 20966988 28852492
1759779767 1364 20966988 28852492
1759779768 1365 20966988 28852492
1759779769 1365 20966988 28852492
1759779770 1364 20966988 28852492
1759779771 1364 20966988 28852492
1759779772 1365 20966988 28852492
1759779773 1365 20966988 28852492
1759779775 1365 20966988 28852492
1759779776 1366 20966988 28852492
1759779777 1366 20966988 28852492
1759779778 1366 20966988 28852492
1759779779 1366 20966988 28852492
1759779780 1367 20966988 28852492
1759779781 1366 20966988 28852492
1759779782 1366 20966988 28852492
1759779783 1366 20966988 28852492
1759779785 1366 20966988 28852492
1759779786 1367 20966988 28852492
1759779787 1367 20966988 28852492
1759779788 1367 20966988 28852492
1759779789 1367 20966988 28852492
1759779790 1367 20966988 28852492
1759779791 1367 20966988 28852492
1759779792 1367 20966988 28852492
1759779793 1367 20966988 28852492
1759779794 1367 20966988 28852492
1759779795 1367 20966988 28852492
1759779797 1367 20966988 28852492
1759779798 1367 20966988 28852492
1759779799 1368 20966988 28852492
1759779800 1368 20966988 28852492
1759779801 1368 20966988 28852492
1759779802 1369 20966988 28852492
1759779803 1369 20966988 28852492
1759779804 1368 20966988 28852492
1759779805 1368 20966988 28852492
1759779806 1369 20966988 28852492
1759779808 1369 20966988 28852492
1759779809 1369 20966988 28852492
1759779810 1369 20966988 28852492
1759779811 1370 20966988 28852492
1759779812 1370 20966988 28852492
1759779813 1370 20966988 28852492
1759779814 1370 20966988 28852492
1759779815 1369 20966988 28852492
1759779816 1370 20966988 28852492
1759779817 1370 20966988 28852492
1759779819 1370 20966988 28852492
1759779820 1370 20966988 28852492
1759779821 1370 20966988 28852492
1759779822 1371 20966988 28852492
1759779823 1371 20966988 28852492
1759779824 1371 20966988 28852492
1759779825 1371 20966988 28852492
1759779826 1371 20966988 28852492
1759779827 1370 20966988 28852492
1759779828 1371 20966988 28852492
1759779829 1371 20966988 28852492
1759779831 1371 20966988 28852492
1759779832 1371 20966988 28852492
1759779833 1371 20966988 28852492
1759779834 1372 20966988 28852492
1759779835 1372 20966988 28852492
1759779836 1372 20966988 28852492
1759779837 1372 20966988 28852492
1759779838 1373 20966988 28852492
1759779839 1372 20966988 28852492
1759779840 1372 20966988 28852492
1759779841 1372 20966988 28852492
1759779842 1373 20966988 28852492
1759779844 1373 20966988 28852492
1759779845 1373 20966988 28852492
1759779846 1373 20966988 28852492
1759779847 1373 20966988 28852492
1759779848 1373 20966988 28852492
1759779849 1374 20966988 28852492
1759779850 1374 20966988 28852492
1759779851 1374 20966988 28852492
1759779852 1373 20966988 28852492
1759779853 1373 20966988 28852492
1759779854 1374 20966988 28852492
1759779855 1374 20966988 28852492
1759779857 1374 22664964 28852492
1759779858 1373 24090756 28852492
1759779859 1372 24091396 28852492
1759779860 1371 24092036 28852492
1759779861 1370 26988420 28852492
1759779862 1369 27216516 28852492
1759779863 1368 27217284 28852492
1759779864 1367 9492440 13224992
1759779865 1367 12681400 16350156
1759779866 1367 12681400 16350156
1759779867 1368 12681400 16350156
1759779868 1368 12681400 16350156
1759779869 1368 12681400 16350156
1759779870 1367 12681400 16350156
1759779871 1367 12681400 16350156
1759779872 1368 12681400 16350156
1759779873 1368 12681400 16350156
1759779875 1368 12681400 16350156
1759779876 1368 12681400 16350156
1759779877 1369 12681400 16350156
1759779878 1369 12681400 16350156
1759779879 1369 12681400 16350156
1759779880 1369 12681400 16350156
1759779881 1369 12681400 16350156
1759779882 1368 12681400 16350156
1759779883 1368 12681400 16350156
1759779884 1369 12681400 16350156
1759779885 1369 12681400 16350156
1759779887 1369 12681400 16350156
1759779888 1369 12681400 16350156
1759779889 1370 12681400 16350156
1759779890 1370 12681400 16350156
1759779891 1370 12681400 16350156
1759779892 1370 12681400 16350156
1759779893 1370 12681400 16350156
1759779894 1369 12681400 16350156
1759779895 1370 12681400 16350156
1759779896 1370 13377180 19475160
1759779898 1370 15806352 19475160
1759779899 1370 15806352 19475160
1759779900 1371 15806352 19475160
1759779901 1371 15806352 19475160
1759779902 1371 15806352 19475160
1759779903 1371 15806352 19475160
1759779904 1371 15806352 19475160
1759779905 1371 15806352 19475160
1759779906 1371 15806352 19475160
1759779907 1371 15806352 19475160
1759779909 1372 15806352 19475160
1759779910 1372 15806352 19475160
1759779911 1372 15806352 19475160
1759779912 1372 15806352 19475160
1759779913 1372 15806352 19475160
1759779914 1372 15806352 19475160
1759779915 1372 15806352 19475160
1759779916 1372 15806352 19475160
1759779917 1372 15806352 19475160
1759779918 1372 15806352 19475160
1759779920 1372 15806352 19475160
1759779921 1372 15806352 19475160
1759779922 1373 15806352 19475160
1759779923 1373 15806352 19475160
1759779924 1373 15806352 19475160
1759779925 1373 15806352 19475160
1759779926 1374 15806352 19475160
1759779927 1373 15806352 19475160
1759779928 1373 15806352 19475160
1759779929 1373 15806352 19475160
1759779930 1373 15806352 19475160
1759779932 1373 15806352 19475160
1759779933 1374 9477568 10100148
1759779934 1374 9477568 10100148
1759779935 1374 9477568 10100148
1759779936 1374 9477568 10100148
1759779937 1375 9477568 10100148
1759779938 1375 9477568 10100148
1759779939 1374 9477568 10100148
1759779940 1374 9477568 10100148
1759779941 1374 9477568 10100148
1759779943 1374 9477568 10100148
1759779944 1375 9477568 10100148
1759779945 1375 9477568 10100148
1759779946 1375 9477568 10100148
1759779947 1375 9477568 10100148
1759779948 1375 9477568 10100148
1759779949 1375 9477568 10100148
1759779950 1375 9477568 10100148
1759779951 1375 9477568 10100148
1759779952 1375 9477568 10100148
1759779953 1375 9477568 10100148
1759779955 1376 9477568 10100148
1759779956 1376 9477568 10100148
1759779957 1376 9477568 10100148
1759779958 1376 9477568 10100148
1759779959 1376 9477568 10100148
1759779960 1377 9477568 10100148
1759779961 1377 9477568 10100148
1759779962 1376 9477568 10100148
1759779963 1376 9477568 10100148
1759779964 1376 9477568 10100148
1759779965 1376 9477568 10100148
1759779967 1376 9477568 10100148
1759779968 1377 9477568 10100148
1759779969 1376 11674224 16350156
1759779970 1375 15696008 19475160
