1759756432  0.0 15104 675428
1759756434  200 1235124 1912184
1759756435  151 2062776 3132888
1759756436  134 2473156 11679380
1759756437  360 2476740 11712148
1759756438  632 2482628 11712760
1759756439  814 2482628 11712760
1759756440  920 2482628 11712760
1759756441 1010 2483652 11712760
1759756442 1089 2483652 11712760
1759756443 1045 2483652 11712760
1759756444 1099 2483908 11712760
1759756445 1143 2483908 11712760
1759756446 1181 2484036 11712760
1759756448 1209 2484036 11712760
1759756449 1237 2484036 11712760
1759756450 1265 2484036 11712760
1759756451 1289 2484036 11712760
1759756452 1303 2484036 11712760
1759756453 1321 2484036 11712760
1759756454 1278 2484036 11712760
1759756455 1292 2484036 11712760
1759756456 1305 2484036 11712760
1759756457 1318 2484036 11712760
1759756459 1332 2484036 11712760
1759756460 1344 2484036 11712760
1759756461 1358 2484036 11712760
1759756462 1367 2484036 11712760
1759756463 1377 2484036 11712760
1759756464 1387 2484036 11712760
1759756465 1391 2484036 11712760
1759756466 1355 2484036 11712760
1759756467 1360 2484036 11712760
1759756469 1364 2484036 11712760
1759756470 1371 2484036 11712760
1759756471 1378 2484036 11712760
1759756472 1385 2484036 11712760
1759756473 1393 2484036 11712760
1759756474 1400 2484164 11712760
1759756475 1408 2484164 11712760
1759756476 1382 2484164 11712760
1759756477 1391 2484292 11712760
1759756479 1398 2484292 11712760
1759756480 1403 2484292 11712760
1759756481 1409 2484292 11712760
1759756482 1413 2484292 11712760
1759756483 1418 2484292 11712760
1759756484 1422 2484292 11712760
1759756485 1428 2484292 11712760
1759756486 1406 2484292 11712760
1759756487 1409 2484292 11712760
1759756488 1412 2484292 11712760
1759756489 1418 2484292 11712760
1759756491 1422 2484548 11712760
1759756492 1426 2484548 11712760
1759756493 1431 2484676 11712760
1759756494 1434 2484676 11712760
1759756495 1438 2484676 11712760
1759756496 1442 2484932 11712760
1759756497 1425 2484932 11712760
1759756498 1429 2484932 11712760
1759756499 1431 2484932 11712760
1759756500 1430 2485572 11712760
1759756502 1431 2485572 11712760
1759756503 1431 2485572 11712760
1759756504 1433 2485572 11712760
1759756505 1437 2485700 11712760
1759756506 1439 2485956 11712760
1759756507 1442 2485956 11712760
1759756508 1445 2485956 11712760
1759756509 1429 2486084 11712760
1759756510 1432 2486084 11712760
1759756511 1436 2486084 11712760
1759756512 1438 2486084 11712760
1759756514 1440 2486084 11712760
1759756515 1443 2486084 11712760
1759756516 1446 2486084 11712760
1759756517 1449 2486084 11712760
1759756518 1451 2486084 11712760
1759756519 1453 2486084 11712760
1759756520 1455 2486084 11712760
1759756521 1442 2486084 11712760
1759756522 1445 2486084 11712760
1759756524 1448 2486084 11712760
1759756525 1450 2486084 11712760
1759756526 1452 2486084 11712760
1759756527 1455 2486084 11712760
1759756528 1457 2486212 11712760
1759756529 1460 2486340 11712760
1759756530 1462 2486340 11712760
1759756531 1463 2486340 11712760
1759756532 1451 2486340 11712760
1759756533 1452 2486340 11712760
1759756534 1453 2486340 11712760
1759756536 1453 2486340 11712760
1759756537 1453 2486468 11712760
1759756538 1454 2486468 11712760
1759756539 1455 2486596 11712760
1759756540 1457 2486596 11712760
1759756541 1459 2486596 11712760
1759756542 1461 2486596 11712760
1759756543 1449 2486980 11712760
1759756544 1451 2486980 11712760
1759756545 1453 2486980 11712760
1759756546 1455 2486980 11712760
1759756548 1458 2487364 11712760
1759756549 1459 2487364 11712760
1759756550 1461 2487364 11712760
1759756551 1462 2487364 11712760
1759756552 1464 2487748 11712760
1759756553 1465 2487876 11712760
1759756554 1467 2487876 11712760
1759756555 1457 2488132 11712760
1759756556 1458 2488132 11712760
1759756557 1460 2488132 11712760
1759756559 1462 2488132 11712760
1759756560 1464 2488132 11712760
1759756561 1465 2488132 11712760
1759756562 1466 2488132 11712760
1759756563 1468 2488132 11712760
1759756564 1469 2488132 11712760
1759756565 1471 2488132 11712760
1759756566 1472 2488132 11712760
1759756567 1462 2488132 11712760
1759756568 1463 2488132 11712760
1759756569 1463 2488132 11712760
1759756571 1462 2488132 11712760
1759756572 1463 2488132 11712760
1759756573 1463 2488132 11712760
1759756574 1464 2488132 11712760
1759756575 1465 2488260 11712760
1759756576 1467 2488260 11712760
1759756577 1468 2488260 11712760
1759756578 1470 2488260 11712760
1759756579 1462 2488516 11712760
1759756580 1463 2488516 11712760
1759756581 1464 2488900 11712760
1759756582 1465 2488900 11712760
1759756584 1466 2488900 11712760
1759756585 1467 2489028 11712760
1759756586 1469 2489412 11712760
1759756587 1470 2489412 11712760
1759756588 1471 2489668 11712760
1759756589 1473 2489924 11712760
1759756590 1474 2490052 11712760
1759756591 1466 2490052 11712760
1759756592 1467 2490052 11712760
1759756593 1469 2490180 11712760
1759756595 1470 2490180 11712760
1759756596 1471 2490180 11712760
1759756597 1472 2490180 11712760
1759756598 1474 2490180 11712760
1759756599 1475 2490180 11712760
1759756600 1476 2490180 11712760
1759756601 1477 2490180 11712760
1759756602 1478 2490308 11712760
1759756603 1469 2490308 11712760
1759756604 1469 2490308 11712760
1759756605 1469 2490308 11712760
1759756607 1469 2490308 11712760
1759756608 1470 2490308 11712760
1759756609 1472 2490308 11712760
1759756610 1473 2490564 11712760
1759756611 1474 2490948 11712760
1759756612 1475 2490948 11712760
1759756613 1475 2490948 11712760
1759756614 1476 2490948 11712760
1759756615 1469 2490948 11712760
1759756616 1470 2491588 11712760
1759756617 1471 2491716 11712760
1759756618 1472 2491716 11712760
1759756620 1473 2491716 11712760
1759756621 1474 2492100 11712760
1759756622 1475 2492228 11712760
1759756623 1476 2492228 11712760
1759756624 1477 2492228 11712760
1759756625 1478 2492228 11712760
1759756626 1479 2492228 11712760
1759756627 1473 2492356 11712760
1759756628 1474 2492484 11712760
1759756629 1475 2492612 11712760
1759756630 1476 2492612 11712760
1759756632 1477 2492740 11712760
1759756633 1478 2492996 11712760
1759756634 1479 2492996 11712760
1759756635 1479 2493124 11712760
1759756636 1480 2493252 11712760
1759756637 1480 2493764 11712760
1759756638 1480 2493764 11712760
1759756639 1480 2493892 11712760
1759756640 1474 2494020 11712760
1759756641 1474 2494148 11712760
1759756642 1475 2494148 11712760
1759756643 1475 2494276 11712760
1759756645 1476 2494276 11712760
1759756646 1477 2494404 11712760
1759756647 1477 2494532 11712760
1759756648 1478 2494532 11712760
1759756649 1479 2494916 11712760
1759756650 1480 2494916 11712760
1759756651 1481 2495044 11712760
1759756652 1482 2495300 11712760
1759756653 1476 2495940 11712760
1759756654 1477 2496196 11712760
1759756655 1477 2496196 11712760
1759756656 1478 2496580 11712760
1759756658 1479 2496708 11712760
1759756659 1480 2496964 11712760
1759756660 1481 2497092 11712760
1759756661 1481 2497988 11712760
1759756662 1482 2498628 11712760
1759756663 1483 2499012 11712760
1759756664 1482 3441220 11712760
1759756665 1478 4951876 11712760
1759756666 1478 4995908 11712760
1759756667 1476 5122628 11712760
1759756668 1474 5164228 11712760
1759756669 1464 5333444 11712760
1759756670 1458 5554884 11712760
1759756671 1455 5800900 11712760
1759756672 1453 5800900 11712760
1759756673 1448 5800900 11712760
1759756674 1445 5800900 11712760
1759756675 1443 5934148 11712760
1759756676 1437 6196036 11712760
1759756677 1432 6464452 11712760
1759756678 1426 6756420 11712760
1759756679 1421 7262660 11712760
1759756681 1416 7386180 11712760
1759756682 1410 7386180 11712760
1759756683 1405 7386180 11712760
1759756684 1400 7386180 11712760
1759756685 1397 8233028 11712760
1759756686 1398 8233028 11712760
1759756687 1400 8233028 11712760
1759756688 1396 8233028 11712760
1759756689 1395 8233028 11712760
1759756690 1396 8233028 11712760
1759756691 1397 8233028 11712760
1759756692 1387 8233028 11712760
1759756693 1384 8233156 11712760
1759756694 1385 8233156 11712760
1759756695 1386 8233156 11712760
1759756696 1387 8233156 11712760
1759756698 1388 8233156 11712760
1759756699 1389 8233156 11712760
1759756700 1390 8233156 11712760
1759756701 1392 8233156 11712760
1759756702 1392 8233156 11712760
1759756703 1393 8233156 11712760
1759756704 1394 8233156 11712760
1759756705 1394 8233156 11712760
1759756706 1389 8233156 11712760
1759756707 1389 8233156 11712760
1759756708 1390 8233156 11712760
1759756709 1391 8233156 11712760
1759756711 1392 8233156 11712760
1759756712 1393 8233156 11712760
1759756713 1394 8233156 11712760
1759756714 1395 8233156 11712760
1759756715 1396 8233156 11712760
1759756716 1396 8233156 11712760
1759756717 1397 8233156 11712760
1759756718 1399 8233156 11712760
1759756719 1395 8233156 11712760
1759756720 1395 8233156 11712760
1759756721 1396 8233156 11712760
1759756722 1397 8233156 11712760
1759756724 1398 8233156 11712760
1759756725 1399 8233156 11712760
1759756726 1400 8233156 11712760
1759756727 1401 8233156 11712760
1759756728 1402 8233156 11712760
1759756729 1403 8233156 11712760
1759756730 1404 8233156 11712760
1759756731 1405 8233156 11712760
1759756732 1401 8233156 11712760
1759756733 1402 8233156 11712760
1759756734 1403 8233156 11712760
1759756736 1404 8233156 11712760
1759756737 1404 8233156 11712760
1759756738 1404 8233156 11712760
1759756739 1405 8233156 11712760
1759756740 1405 8233156 11712760
1759756741 1406 8233156 11712760
1759756742 1406 8233156 11712760
1759756743 1406 8233156 11712760
1759756744 1407 8233156 11712760
1759756745 1404 8233156 11712760
1759756746 1405 8233156 11712760
1759756747 1405 8233156 11712760
1759756748 1406 8233156 11712760
1759756750 1407 8233156 11712760
1759756751 1408 8233156 11712760
1759756752 1409 8233156 11712760
1759756753 1409 8233156 11712760
1759756754 1410 8233156 11712760
1759756755 1411 8233156 11712760
1759756756 1412 8233156 11712760
1759756757 1408 8233156 11712760
1759756758 1409 8233156 11712760
1759756759 1409 8233156 11712760
1759756760 1410 8233156 11712760
1759756762 1408 9453788 11712760
1759756763 1404 3850760 6828380
1759756764 1405 5011580 6828380
1759756765 1406 5011580 6828380
1759756766 1407 5011580 6828380
1759756767 1408 5011580 6828380
1759756768 1409 5011580 6828380
1759756769 1409 5011580 6828380
1759756770 1409 5011580 6828380
1759756771 1405 6232192 8049084
1759756772 1406 6232192 8049084
1759756773 1406 6232192 8049084
1759756774 1406 6232192 8049084
1759756775 1406 6232192 8049084
1759756777 1407 6232192 8049084
1759756778 1408 6232192 8049084
1759756779 1409 6232192 8049084
1759756780 1410 6232192 8049084
1759756781 1410 3741852 4386972
1759756782 1411 3741852 4386972
1759756783 1407 3741852 4386972
1759756784 1408 3741852 4386972
1759756785 1409 3741852 4386972
1759756786 1410 3741852 4386972
1759756788 1411 3741852 4386972
1759756789 1411 3741852 4386972
1759756790 1410 5899820 8049084
