1759768316  0.0 15872 675428
1759768317  213 1292880 3084060
1759768318  157 2423380 5476640
1759768319  139 4126304 5476640
1759768320  130 3405656 5476640
1759768321  124 4793312 5476640
1759768322  103 4133600 22227020
1759768323  103 4816992 22227020
1759768324  231 4820320 22259788
1759768325  374 4823904 22259788
1759768326  496 4830432 22260360
1759768328  596 4830432 22260360
1759768329  680 4830432 22260360
1759768330  754 4830432 22260360
1759768331  815 4830432 22260360
1759768332  864 4830432 22260360
1759768333  914 4830432 22260360
1759768334  909 4830432 22260360
1759768335  949 4830432 22260360
1759768336  986 4830432 22260360
1759768338 1019 4830432 22260360
1759768339 1049 4830432 22260360
1759768340 1076 4830432 22260360
1759768341 1102 4830432 22260360
1759768342 1124 4830432 22260360
1759768343 1138 4830432 22260360
1759768344 1153 4830432 22260360
1759768345 1166 4830432 22260360
1759768346 1138 4830432 22260360
1759768347 1152 4830432 22260360
1759768348 1168 4830432 22260360
1759768349 1184 4830432 22260360
1759768351 1197 4830432 22260360
1759768352 1208 4830432 22260360
1759768353 1216 4830432 22260360
1759768354 1223 4830432 22260360
1759768355 1230 4830432 22260360
1759768356 1239 4830432 22260360
1759768357 1220 4830432 22260360
1759768358 1231 4830432 22260360
1759768359 1242 4830432 22260360
1759768361 1254 4830432 22260360
1759768362 1264 4830432 22260360
1759768363 1272 4830432 22260360
1759768364 1278 4830432 22260360
1759768365 1287 4830432 22260360
1759768366 1296 4830432 22260360
1759768367 1304 4830432 22260360
1759768368 1288 4830432 22260360
1759768369 1295 4830432 22260360
1759768370 1303 4830432 22260360
1759768372 1311 4830944 22260360
1759768373 1318 4830944 22260360
1759768374 1324 4830944 22260360
1759768375 1327 4830944 22260360
1759768376 1331 4830944 22260360
1759768377 1334 4830944 22260360
1759768378 1336 4830944 22260360
1759768379 1321 4831712 22260360
1759768380 1327 4831712 22260360
1759768381 1333 4831712 22260360
1759768382 1338 4831712 22260360
1759768384 1342 4832224 22260360
1759768385 1348 4832224 22260360
1759768386 1351 4832224 22260360
1759768387 1354 4832224 22260360
1759768388 1355 4832224 22260360
1759768389 1357 4832224 22260360
1759768390 1360 4832352 22260360
1759768391 1346 4832352 22260360
1759768392 1350 4832352 22260360
1759768393 1355 4832352 22260360
1759768395 1359 4832352 22260360
1759768396 1362 4832352 22260360
1759768397 1366 4832352 22260360
1759768398 1370 4832352 22260360
1759768399 1375 4832352 22260360
1759768400 1379 4832352 22260360
1759768401 1383 4832352 22260360
1759768402 1371 4832352 22260360
1759768403 1375 4832352 22260360
1759768404 1379 4832352 22260360
1759768406 1380 4832352 22260360
1759768407 1382 4832480 22260360
1759768408 1383 4832480 22260360
1759768409 1384 4832480 22260360
1759768410 1387 4832480 22260360
1759768411 1391 4832480 22260360
1759768412 1394 4832480 22260360
1759768413 1384 4832480 22260360
1759768414 1386 4832480 22260360
1759768415 1389 4832480 22260360
1759768417 1392 4832480 22260360
1759768418 1396 4832480 22260360
1759768419 1399 4832480 22260360
1759768420 1401 4832480 22260360
1759768421 1403 4832480 22260360
1759768422 1404 4832480 22260360
1759768423 1404 4832480 22260360
1759768424 1393 4832480 22260360
1759768425 1395 4832480 22260360
1759768426 1396 4832480 22260360
1759768428 1397 4832480 22260360
1759768429 1400 4832480 22260360
1759768430 1403 4832480 22260360
1759768431 1405 4832480 22260360
1759768432 1408 4832480 22260360
1759768433 1410 4832480 22260360
1759768434 1413 4832480 22260360
1759768435 1404 4832480 22260360
1759768436 1405 4832480 22260360
1759768437 1407 4832480 22260360
1759768439 1408 4832480 22260360
1759768440 1410 4832480 22260360
1759768441 1411 4832480 22260360
1759768442 1413 4832480 22260360
1759768443 1416 4832480 22260360
1759768444 1418 4832480 22260360
1759768445 1409 4832480 22260360
1759768446 1411 4832480 22260360
1759768447 1413 4832480 22260360
1759768448 1415 4832480 22260360
1759768450 1417 4832480 22260360
1759768451 1419 4832480 22260360
1759768452 1421 4832480 22260360
1759768453 1423 4832480 22260360
1759768454 1425 4832480 22260360
1759768455 1427 4832480 22260360
1759768456 1427 4832480 22260360
1759768457 1418 4832480 22260360
1759768458 1417 4832480 22260360
1759768459 1418 4832480 22260360
1759768460 1420 4832480 22260360
1759768462 1422 4832480 22260360
1759768463 1424 4832480 22260360
1759768464 1426 4832480 22260360
1759768465 1428 4832480 22260360
1759768466 1429 4832480 22260360
1759768467 1430 4832480 22260360
1759768468 1422 4832480 22260360
1759768469 1422 4832480 22260360
1759768470 1423 4832608 22260360
1759768471 1424 4832608 22260360
1759768473 1426 4832608 22260360
1759768474 1428 4832608 22260360
1759768475 1429 4832608 22260360
1759768476 1431 4832608 22260360
1759768477 1432 4832608 22260360
1759768478 1434 4832608 22260360
1759768479 1436 4832864 22260360
1759768480 1429 4832864 22260360
1759768481 1430 4832864 22260360
1759768482 1432 4832864 22260360
1759768484 1434 4832992 22260360
1759768485 1435 4832992 22260360
1759768486 1437 4832992 22260360
1759768487 1438 4832992 22260360
1759768488 1440 4833760 22260360
1759768489 1441 4833760 22260360
1759768490 1441 4833760 22260360
1759768491 1433 4833760 22260360
1759768492 1433 4833760 22260360
1759768493 1434 4834016 22260360
1759768495 1435 4834016 22260360
1759768496 1436 4834016 22260360
1759768497 1438 4834144 22260360
1759768498 1439 4834144 22260360
1759768499 1440 4834400 22260360
1759768500 1440 4834400 22260360
1759768501 1441 4834400 22260360
1759768502 1433 4834400 22260360
1759768503 1435 4834400 22260360
1759768504 1436 4834400 22260360
1759768506 1437 4834400 22260360
1759768507 1439 4834400 22260360
1759768508 1440 4834400 22260360
1759768509 1441 4834400 22260360
1759768510 1442 4834400 22260360
1759768511 1444 4834400 22260360
1759768512 1445 4834400 22260360
1759768513 1439 4834400 22260360
1759768514 1440 4834400 22260360
1759768515 1442 4834400 22260360
1759768516 1443 4834528 22260360
1759768518 1444 4834528 22260360
1759768519 1446 4834528 22260360
1759768520 1447 4834528 22260360
1759768521 1447 4834528 22260360
1759768522 1448 4834528 22260360
1759768523 1449 4834528 22260360
1759768524 1443 4834528 22260360
1759768525 1444 4834528 22260360
1759768526 1444 4834528 22260360
1759768527 1445 4834528 22260360
1759768529 1445 4834528 22260360
1759768530 1446 4834528 22260360
1759768531 1446 4834528 22260360
1759768532 1446 4834528 22260360
1759768533 1446 4834528 22260360
1759768534 1447 4834528 22260360
1759768535 1448 4834528 22260360
1759768536 1443 4834528 22260360
1759768537 1444 4834528 22260360
1759768538 1445 4834528 22260360
1759768540 1446 4834528 22260360
1759768541 1447 4834528 22260360
1759768542 1448 4834528 22260360
1759768543 1449 4834528 22260360
1759768544 1450 4834528 22260360
1759768545 1451 4834528 22260360
1759768546 1453 4834528 22260360
1759768547 1448 4834528 22260360
1759768548 1449 4834528 22260360
1759768549 1450 4834528 22260360
1759768551 1451 4834528 22260360
1759768552 1452 4834528 22260360
1759768553 1453 4834528 22260360
1759768554 1454 4834528 22260360
1759768555 1455 4834528 22260360
1759768556 1456 4834528 22260360
1759768557 1451 4834528 22260360
1759768558 1451 4834528 22260360
1759768559 1452 4834528 22260360
1759768560 1452 4834656 22260360
1759768562 1452 4834656 22260360
1759768563 1452 4834656 22260360
1759768564 1451 4834656 22260360
1759768565 1451 4834656 22260360
1759768566 1452 4834912 22260360
1759768567 1453 4834912 22260360
1759768568 1454 4834912 22260360
1759768569 1449 4835040 22260360
1759768570 1450 4835040 22260360
1759768571 1451 4835040 22260360
1759768573 1452 4835040 22260360
1759768574 1453 4835040 22260360
1759768575 1454 4835040 22260360
1759768576 1455 4835040 22260360
1759768577 1456 4835424 22260360
1759768578 1457 4835424 22260360
1759768579 1458 4835424 22260360
1759768580 1453 4835424 22260360
1759768581 1454 4835552 22260360
1759768582 1455 4835552 22260360
1759768584 1456 4835552 22260360
1759768585 1456 4835808 22260360
1759768586 1457 4835808 22260360
1759768587 1458 4835808 22260360
1759768588 1459 4836064 22260360
1759768589 1460 4836064 22260360
1759768590 1461 4836064 22260360
1759768591 1457 4836064 22260360
1759768592 1457 4836320 22260360
1759768593 1457 4836320 22260360
1759768595 1457 4836320 22260360
1759768596 1456 4836320 22260360
1759768597 1456 4836320 22260360
1759768598 1456 4836320 22260360
1759768599 1457 4836320 22260360
1759768600 1458 4836320 22260360
1759768601 1458 4836448 22260360
1759768602 1459 4836448 22260360
1759768603 1455 4836448 22260360
1759768604 1455 4836576 22260360
1759768605 1456 4836576 22260360
1759768607 1457 4836576 22260360
1759768608 1458 4836576 22260360
1759768609 1459 4836576 22260360
1759768610 1460 4836576 22260360
1759768611 1461 4836576 22260360
1759768612 1461 4836576 22260360
1759768613 1462 4836576 22260360
1759768614 1458 4836576 22260360
1759768615 1458 4836576 22260360
1759768616 1459 4836576 22260360
1759768618 1460 4836576 22260360
1759768619 1461 4836576 22260360
1759768620 1462 4836576 22260360
1759768621 1463 4836576 22260360
1759768622 1463 4836576 22260360
1759768623 1464 4836576 22260360
1759768624 1465 4836576 22260360
1759768625 1460 4836576 22260360
1759768626 1460 4836576 22260360
1759768627 1460 4836576 22260360
1759768628 1460 4836576 22260360
1759768630 1460 4836576 22260360
1759768631 1460 4836576 22260360
1759768632 1461 4836576 22260360
1759768633 1461 4836576 22260360
1759768634 1461 4836576 22260360
1759768635 1462 4836576 22260360
1759768636 1463 4836576 22260360
1759768637 1459 4836576 22260360
1759768638 1460 4836576 22260360
1759768639 1461 4836576 22260360
1759768641 1461 4836832 22260360
1759768642 1462 4836832 22260360
1759768643 1463 4836832 22260360
1759768644 1464 4836960 22260360
1759768645 1465 4836960 22260360
1759768646 1466 4836960 22260360
1759768647 1462 4836960 22260360
1759768648 1462 4836960 22260360
1759768649 1463 4836960 22260360
1759768651 1464 4837472 22260360
1759768652 1464 4837472 22260360
1759768653 1465 4837472 22260360
1759768654 1466 4837728 22260360
1759768655 1467 4837728 22260360
1759768656 1467 4837728 22260360
1759768657 1467 4837856 22260360
1759768658 1463 4837856 22260360
1759768659 1463 4837856 22260360
1759768660 1464 4837856 22260360
1759768662 1464 4837856 22260360
1759768663 1464 4837856 22260360
1759768664 1465 4837856 22260360
1759768665 1465 4837856 22260360
1759768666 1465 4837856 22260360
1759768667 1465 4837856 22260360
1759768668 1465 4837856 22260360
1759768669 1462 4837856 22260360
1759768670 1463 4837856 22260360
1759768671 1463 4838240 22260360
1759768673 1464 4838240 22260360
1759768674 1465 4838240 22260360
1759768675 1465 4838368 22260360
1759768676 1466 4838368 22260360
1759768677 1467 4838368 22260360
1759768678 1467 4838624 22260360
1759768679 1467 4838624 22260360
1759768680 1464 4838624 22260360
1759768681 1465 4838624 22260360
1759768682 1465 4838624 22260360
1759768683 1466 4838624 22260360
1759768685 1467 4838624 22260360
1759768686 1467 4838624 22260360
1759768687 1468 4838624 22260360
1759768688 1468 4838624 22260360
1759768689 1468 4838624 22260360
1759768690 1468 4838624 22260360
1759768691 1468 4838624 22260360
1759768692 1469 4838624 22260360
1759768693 1465 4838624 22260360
1759768694 1466 4838624 22260360
1759768695 1466 4838624 22260360
1759768697 1467 4838624 22260360
1759768698 1467 4838624 22260360
1759768699 1467 4838624 22260360
1759768700 1467 4838624 22260360
1759768701 1468 4838624 22260360
1759768702 1468 4838624 22260360
1759768703 1468 4838752 22260360
1759768704 1465 4838752 22260360
1759768705 1466 4838752 22260360
1759768706 1466 4838752 22260360
1759768707 1467 4838752 22260360
1759768709 1468 4838880 22260360
1759768710 1468 4838880 22260360
1759768711 1468 4839008 22260360
1759768712 1469 4839008 22260360
1759768713 1470 4839008 22260360
1759768714 1470 4839392 22260360
1759768715 1471 4839392 22260360
1759768716 1468 4839520 22260360
1759768717 1468 4839520 22260360
1759768718 1469 4839648 22260360
1759768720 1469 4839648 22260360
1759768721 1469 4839648 22260360
1759768722 1469 4839904 22260360
1759768723 1469 4839904 22260360
1759768724 1470 4839904 22260360
1759768725 1470 4839904 22260360
1759768726 1471 4839904 22260360
1759768727 1468 4839904 22260360
1759768728 1468 4839904 22260360
1759768729 1469 4839904 22260360
1759768730 1469 4840032 22260360
1759768732 1469 4840032 22260360
1759768733 1470 4840160 22260360
1759768734 1470 4840160 22260360
1759768735 1470 4840160 22260360
1759768736 1471 4840416 22260360
1759768737 1471 4840416 22260360
1759768738 1468 4840544 22260360
1759768739 1468 4840544 22260360
1759768740 1469 4840672 22260360
1759768742 1469 4840672 22260360
1759768743 1470 4840672 22260360
1759768744 1470 4840672 22260360
1759768745 1471 4840672 22260360
1759768746 1471 4840672 22260360
1759768747 1472 4840672 22260360
1759768748 1473 4840672 22260360
1759768749 1470 4840672 22260360
1759768750 1470 4840672 22260360
1759768751 1470 4840672 22260360
1759768753 1470 4840672 22260360
1759768754 1470 4840672 22260360
1759768755 1471 4840672 22260360
1759768756 1471 4840800 22260360
1759768757 1471 4840800 22260360
1759768758 1472 4840800 22260360
1759768759 1472 4840800 22260360
1759768760 1473 4840928 22260360
1759768761 1470 4840928 22260360
1759768762 1471 4841056 22260360
1759768763 1471 4841056 22260360
1759768765 1471 4841056 22260360
1759768766 1471 4841440 22260360
1759768767 1472 4841440 22260360
1759768768 1472 4841568 22260360
1759768769 1472 4841568 22260360
1759768770 1472 4841568 22260360
1759768771 1473 4841568 22260360
1759768772 1473 4841568 22260360
1759768773 1470 4841568 22260360
1759768774 1470 4841568 22260360
1759768775 1471 4841824 22260360
1759768776 1471 4841824 22260360
1759768778 1472 4841824 22260360
1759768779 1472 4841952 22260360
1759768780 1473 4841952 22260360
1759768781 1473 4842080 22260360
1759768782 1474 4842080 22260360
1759768783 1474 4842208 22260360
1759768784 1474 4842208 22260360
1759768785 1471 4842208 22260360
1759768786 1471 4842336 22260360
1759768787 1471 4842336 22260360
1759768789 1472 4842464 22260360
1759768790 1472 4842592 22260360
1759768791 1473 4842592 22260360
1759768792 1473 4842592 22260360
1759768793 1474 4842592 22260360
1759768794 1474 4842720 22260360
1759768795 1475 4842720 22260360
1759768796 1472 4842720 22260360
1759768797 1473 4842720 22260360
1759768798 1473 4842720 22260360
1759768800 1473 4842720 22260360
1759768801 1474 4842720 22260360
1759768802 1474 4842848 22260360
1759768803 1474 4842848 22260360
1759768804 1474 4843232 22260360
1759768805 1474 4843232 22260360
1759768806 1474 4843232 22260360
1759768807 1475 4843232 22260360
1759768808 1472 4843360 22260360
1759768809 1473 4843360 22260360
1759768810 1473 4843488 22260360
1759768812 1474 4843488 22260360
1759768813 1474 4843616 22260360
1759768814 1474 4843616 22260360
1759768815 1474 4843744 22260360
1759768816 1474 4843744 22260360
1759768817 1474 4843744 22260360
1759768818 1475 4843744 22260360
1759768819 1472 4843872 22260360
1759768820 1473 4843872 22260360
1759768821 1473 4844256 22260360
1759768823 1474 4844256 22260360
1759768824 1474 4844256 22260360
1759768825 1474 4844512 22260360
1759768826 1475 4844640 22260360
1759768827 1475 4844640 22260360
1759768828 1476 4844768 22260360
1759768829 1476 4844768 22260360
1759768830 1477 4844768 22260360
1759768831 1474 4844768 22260360
1759768832 1475 4844768 22260360
1759768833 1475 4844768 22260360
1759768834 1475 4844768 22260360
1759768836 1475 4844768 22260360
1759768837 1475 4845024 22260360
1759768838 1476 4845024 22260360
1759768839 1476 4845024 22260360
1759768840 1476 4845152 22260360
1759768841 1476 4845280 22260360
1759768842 1476 4845280 22260360
1759768843 1474 4845408 22260360
1759768844 1474 4845536 22260360
1759768845 1474 4845536 22260360
1759768846 1474 4845664 22260360
1759768848 1475 4845664 22260360
1759768849 1475 4845664 22260360
1759768850 1475 4845664 22260360
1759768851 1476 4845792 22260360
1759768852 1476 4846176 22260360
1759768853 1477 4846432 22260360
1759768854 1474 4846432 22260360
1759768855 1475 4846560 22260360
1759768856 1475 4846688 22260360
1759768857 1475 4846688 22260360
1759768859 1476 4846816 22260360
1759768860 1476 4846816 22260360
1759768861 1477 4846816 22260360
1759768862 1477 4846944 22260360
1759768863 1478 4847072 22260360
1759768864 1478 4847200 22260360
1759768865 1478 4847328 22260360
1759768866 1476 4847328 22260360
1759768867 1476 4847456 22260360
1759768869 1476 4847456 22260360
1759768870 1477 4847712 22260360
1759768871 1477 4847712 22260360
1759768872 1477 4847968 22260360
1759768873 1478 4847968 22260360
1759768874 1478 4848352 22260360
1759768875 1478 4848352 22260360
1759768876 1478 4848352 22260360
1759768877 1475 4848480 22260360
1759768878 1475 4848480 22260360
1759768879 1475 4848608 22260360
1759768880 1476 4848992 22260360
1759768882 1476 4849120 22260360
1759768883 1476 4849120 22260360
1759768884 1477 4849376 22260360
1759768885 1477 4849376 22260360
1759768886 1477 4849504 22260360
1759768887 1478 4849888 22260360
1759768888 1478 4849888 22260360
1759768889 1479 4850144 22260360
1759768890 1476 4850400 22260360
1759768891 1477 4850912 22260360
1759768892 1477 4851040 22260360
1759768893 1478 4851552 22260360
1759768895 1478 4851552 22260360
1759768896 1478 4851936 22260360
1759768897 1479 4852192 22260360
1759768898 1479 4852320 22260360
1759768899 1479 4853088 22260360
1759768900 1479 4853728 22260360
1759768901 1480 4853856 22260360
1759768902 1480 4853856 22260360
1759768903 1480 4853984 22260360
1759768904 1478 5054304 22260360
1759768905 1475 7555552 22260360
1759768906 1474 9640672 22260360
1759768907 1473 9640672 22260360
1759768908 1473 9640672 22260360
1759768909 1473 9641056 22260360
1759768911 1474 9661280 22260360
1759768912 1473 9747040 22260360
1759768913 1472 9814752 22260360
1759768914 1471 10068064 22260360
1759768915 1470 10068064 22260360
1759768916 1468 10068064 22260360
1759768917 1467 10068064 22260360
1759768918 1466 10334688 22260360
1759768919 1463 10680800 22260360
1759768920 1461 10834400 22260360
1759768921 1459 10834400 22260360
1759768922 1457 11313504 22260360
1759768923 1454 11313504 22260360
1759768924 1454 11315936 22260360
1759768925 1453 11315936 22260360
1759768926 1451 11315936 22260360
1759768927 1449 11315936 22260360
1759768928 1446 11315936 22260360
1759768929 1446 11315936 22260360
1759768931 1446 11315936 22260360
1759768932 1445 11526752 22260360
1759768933 1443 11784288 22260360
1759768934 1440 12040928 22260360
1759768935 1438 12296416 22260360
1759768936 1436 12552672 22260360
1759768937 1434 12810208 22260360
1759768938 1432 13068896 22260360
1759768939 1430 13548256 22260360
1759768940 1428 14030176 22260360
1759768941 1425 14426336 22260360
1759768942 1423 14426464 22260360
1759768943 1421 14426464 22260360
1759768944 1419 14426464 22260360
1759768945 1417 14426464 22260360
1759768946 1415 14426464 22260360
1759768947 1413 14426464 22260360
1759768948 1411 14426464 22260360
1759768949 1409 15178080 22260360
1759768950 1408 16073056 22260360
1759768951 1406 16073056 22260360
1759768952 1406 16073056 22260360
1759768953 1407 16073056 22260360
1759768954 1407 16073056 22260360
1759768956 1408 16073056 22260360
1759768957 1408 16073056 22260360
1759768958 1408 16073056 22260360
1759768959 1406 16073056 22260360
1759768960 1404 16073056 22260360
1759768961 1403 16073056 22260360
1759768962 1404 16073056 22260360
1759768963 1404 16073056 22260360
1759768964 1404 16073056 22260360
1759768965 1403 16073056 22260360
1759768966 1403 16073056 22260360
1759768967 1403 16073056 22260360
1759768968 1403 16073056 22260360
1759768970 1403 16073056 22260360
1759768971 1401 16073056 22260360
1759768972 1399 16073056 22260360
1759768973 1397 16073056 22260360
1759768974 1397 16073184 22260360
1759768975 1397 16073184 22260360
1759768976 1397 16073184 22260360
1759768977 1398 16073184 22260360
1759768978 1398 16073184 22260360
1759768979 1399 16073184 22260360
1759768980 1397 16073184 22260360
1759768981 1397 16073184 22260360
1759768982 1398 16073184 22260360
1759768983 1398 16073184 22260360
1759768985 1399 16073184 22260360
1759768986 1399 16073184 22260360
1759768987 1400 16073184 22260360
1759768988 1400 16073184 22260360
1759768989 1401 16073184 22260360
1759768990 1401 16073184 22260360
1759768991 1401 16073184 22260360
1759768992 1400 16073184 22260360
1759768993 1400 16073184 22260360
1759768994 1401 16073184 22260360
1759768995 1401 16073184 22260360
1759768997 1402 16073184 22260360
1759768998 1402 16073184 22260360
1759768999 1402 16073184 22260360
1759769000 1403 16073184 22260360
1759769001 1403 16073184 22260360
1759769002 1403 16073184 22260360
1759769003 1403 16073184 22260360
1759769004 1401 16073184 22260360
1759769005 1401 16073184 22260360
1759769006 1402 16073184 22260360
1759769008 1402 16073184 22260360
1759769009 1402 16073184 22260360
1759769010 1403 16073184 22260360
1759769011 1403 16073184 22260360
1759769012 1403 16073184 22260360
1759769013 1404 16073184 22260360
1759769014 1404 16073184 22260360
1759769015 1405 16073184 22260360
1759769016 1403 16073184 22260360
1759769017 1404 16073184 22260360
1759769018 1404 16073184 22260360
1759769019 1404 16073184 22260360
1759769021 1405 16073184 22260360
1759769022 1405 16073184 22260360
1759769023 1405 16073184 22260360
1759769024 1406 16073184 22260360
1759769025 1406 16073184 22260360
1759769026 1406 16073184 22260360
1759769027 1407 16073184 22260360
1759769028 1407 16073184 22260360
1759769029 1406 16073184 22260360
1759769030 1406 16073184 22260360
1759769031 1406 16073184 22260360
1759769032 1406 16073184 22260360
1759769034 1406 16073184 22260360
1759769035 1407 16073184 22260360
1759769036 1407 16073184 22260360
1759769037 1407 16073184 22260360
1759769038 1408 16073184 22260360
1759769039 1408 16073184 22260360
1759769040 1406 16073184 22260360
1759769041 1407 16073184 22260360
1759769042 1407 16073184 22260360
1759769043 1407 16073184 22260360
1759769045 1407 16073184 22260360
1759769046 1408 16073184 22260360
1759769047 1408 16073184 22260360
1759769048 1409 16073184 22260360
1759769049 1409 16073184 22260360
1759769050 1410 16073184 22260360
1759769051 1410 16073184 22260360
1759769052 1409 16073184 22260360
1759769053 1409 16073184 22260360
1759769055 1409 16073184 22260360
1759769056 1410 16073184 22260360
1759769057 1410 16073184 22260360
1759769058 1410 16073184 22260360
1759769059 1411 16073184 22260360
1759769060 1411 16073184 22260360
1759769061 1412 16073184 22260360
1759769062 1412 16073184 22260360
1759769063 1410 16073184 22260360
1759769064 1410 16073184 22260360
1759769065 1410 16073184 22260360
1759769066 1411 16073184 22260360
1759769068 1411 16073184 22260360
1759769069 1411 16073184 22260360
1759769070 1411 16073184 22260360
1759769071 1412 16073184 22260360
1759769072 1412 16073184 22260360
1759769073 1412 16073184 22260360
1759769074 1412 16073184 22260360
1759769075 1413 16073184 22260360
1759769076 1411 16073184 22260360
1759769077 1411 16073184 22260360
1759769078 1412 16073184 22260360
1759769079 1412 16073184 22260360
1759769081 1413 16073184 22260360
1759769082 1413 16073184 22260360
1759769083 1413 16073184 22260360
1759769084 1413 16073184 22260360
1759769085 1414 16073184 22260360
1759769086 1414 16073184 22260360
1759769087 1414 16073184 22260360
1759769088 1415 16073184 22260360
1759769089 1413 16073184 22260360
1759769090 1414 16073184 22260360
1759769091 1414 16073184 22260360
1759769092 1414 16073184 22260360
1759769094 1415 16073184 22260360
1759769095 1415 16073184 22260360
1759769096 1415 16073184 22260360
1759769097 1415 16073184 22260360
1759769098 1415 16073184 22260360
1759769099 1416 16073184 22260360
1759769100 1416 16073184 22260360
1759769101 1415 16073184 22260360
1759769102 1415 16073184 22260360
1759769103 1415 16073184 22260360
1759769105 1415 16073184 22260360
1759769106 1416 16073184 22260360
1759769107 1416 16073184 22260360
1759769108 1416 16073184 22260360
1759769109 1416 16073184 22260360
1759769110 1417 16073184 22260360
1759769111 1417 16073184 22260360
1759769112 1417 16073184 22260360
1759769113 1416 16073184 22260360
1759769114 1416 16073184 22260360
1759769115 1416 16073184 22260360
1759769116 1417 16073184 22260360
1759769118 1417 16073184 22260360
1759769119 1417 16073184 22260360
1759769120 1418 16073184 22260360
1759769121 1418 16073184 22260360
1759769122 1418 16073184 22260360
1759769123 1419 16073184 22260360
1759769124 1419 16073184 22260360
1759769125 1419 16073184 22260360
1759769126 1417 16073184 22260360
1759769127 1418 16073184 22260360
1759769128 1418 16073184 22260360
1759769130 1418 16073184 22260360
1759769131 1419 16073184 22260360
1759769132 1419 16073184 22260360
1759769133 1419 16073184 22260360
1759769134 1420 16073184 22260360
1759769135 1420 16073184 22260360
1759769136 1420 16073184 22260360
1759769137 1420 16073184 22260360
1759769138 1419 16073184 22260360
1759769139 1419 16198136 22260360
1759769140 1418 18465528 22260360
1759769141 1416 20856212 22260360
1759769142 1414 20858260 22260360
1759769144 1413 8943768 12687996
1759769145 1414 9734296 12687996
1759769146 1414 9734296 12687996
1759769147 1414 9734296 12687996
1759769148 1415 9734296 12687996
1759769149 1415 9734296 12687996
1759769150 1415 9734296 12687996
1759769151 1414 9734296 12687996
1759769152 1414 9734296 12687996
1759769153 1415 9734296 12687996
1759769155 1415 9734296 12687996
1759769156 1415 9734296 12687996
1759769157 1415 9734296 12687996
1759769158 1416 9734296 12687996
1759769159 1416 9734296 12687996
1759769160 1416 9734296 12687996
1759769161 1416 9734296 12687996
1759769162 1416 9734296 12687996
1759769163 1415 9734296 12687996
1759769164 1415 11452560 15080576
1759769165 1416 12126992 15080576
1759769167 1416 12126992 15080576
1759769168 1416 12126992 15080576
1759769169 1417 12126992 15080576
1759769170 1417 12126992 15080576
1759769171 1417 12126992 15080576
1759769172 1417 12126992 15080576
1759769173 1418 12126992 15080576
1759769174 1416 12126992 15080576
1759769175 1416 12126992 15080576
1759769176 1417 12126992 15080576
1759769178 1417 12126992 15080576
1759769179 1417 12126992 15080576
1759769180 1417 12126992 15080576
1759769181 1418 12126992 15080576
1759769182 1418 12126992 15080576
1759769183 1418 12126992 15080576
1759769184 1419 12126992 15080576
1759769185 1417 12126992 15080576
1759769186 1418 12126992 15080576
1759769187 1418 12126992 15080576
1759769189 1418 12126992 15080576
1759769190 1418 7272668 7902836
1759769191 1418 7272668 7902836
1759769192 1418 7272668 7902836
1759769193 1419 7272668 7902836
1759769194 1419 7272668 7902836
1759769195 1419 7272668 7902836
1759769196 1420 7272668 7902836
1759769197 1418 7272668 7902836
1759769198 1419 7272668 7902836
1759769199 1419 7272668 7902836
1759769201 1419 7272668 7902836
1759769202 1420 7272668 7902836
1759769203 1420 7272668 7902836
1759769204 1420 7272668 7902836
1759769205 1420 7272668 7902836
1759769206 1420 7272668 7902836
1759769207 1421 7272668 7902836
1759769208 1421 7272668 7902836
1759769209 1419 7272668 7902836
1759769210 1419 7272668 7902836
1759769211 1419 7272668 7902836
1759769212 1420 7272668 7902836
1759769214 1420 8276572 12687996
1759769215 1418 11974244 15080576
