1759784208  0.0 15488 675428
1759784210  214 1273492 3816484
1759784211  158 2596500 3816484
1759784212  140 3804464 6941488
1759784213  130 4937008 6941488
1759784214  125 6067504 6941488
1759784215  121 4259624 6941488
1759784216  118 6239656 6941488
1759784217  116 3647408 28819152
1759784218  115 4733744 28819152
1759784219  113 5828656 28819152
1759784220  112 6281648 28819152
1759784221  162 6283056 28851920
1759784222  276 6286384 28851920
1759784223  379 6290096 28851920
1759784224  467 6296752 28852492
1759784225  513 6296752 28852492
1759784226  573 6296752 28852492
1759784227  622 6296752 28852492
1759784229  666 6296752 28852492
1759784230  709 6296752 28852492
1759784231  749 6296752 28852492
1759784232  784 6296752 28852492
1759784233  822 6296880 28852492
1759784234  822 6296880 28852492
1759784235  850 6296880 28852492
1759784236  881 6296880 28852492
1759784238  908 6296880 28852492
1759784239  934 6296880 28852492
1759784240  959 6296880 28852492
1759784241  980 6296880 28852492
1759784242 1003 6296880 28852492
1759784243 1023 6296880 28852492
1759784244 1041 6296880 28852492
1759784245 1031 6296880 28852492
1759784246 1050 6296880 28852492
1759784247 1067 6297776 28852492
1759784249 1082 6297776 28852492
1759784250 1098 6297776 28852492
1759784251 1112 6297776 28852492
1759784252 1120 6297776 28852492
1759784253 1127 6297776 28852492
1759784254 1133 6297776 28852492
1759784255 1116 6297776 28852492
1759784256 1128 6297776 28852492
1759784257 1139 6297776 28852492
1759784258 1146 6297776 28852492
1759784260 1153 6297776 28852492
1759784261 1160 6297776 28852492
1759784262 1166 6297776 28852492
1759784263 1174 6297776 28852492
1759784264 1183 6297904 28852492
1759784265 1190 6297904 28852492
1759784266 1178 6297904 28852492
1759784267 1186 6297904 28852492
1759784268 1195 6297904 28852492
1759784270 1204 6297904 28852492
1759784271 1211 6298032 28852492
1759784272 1219 6298032 28852492
1759784273 1226 6298032 28852492
1759784274 1235 6298032 28852492
1759784275 1242 6298032 28852492
1759784276 1230 6298032 28852492
1759784277 1238 6298288 28852492
1759784278 1245 6298288 28852492
1759784280 1252 6298288 28852492
1759784281 1259 6298288 28852492
1759784282 1265 6298288 28852492
1759784283 1270 6298288 28852492
1759784284 1275 6298288 28852492
1759784285 1264 6298288 28852492
1759784286 1267 6298288 28852492
1759784287 1269 6298288 28852492
1759784288 1271 6298288 28852492
1759784290 1273 6298288 28852492
1759784291 1276 6298288 28852492
1759784292 1278 6298288 28852492
1759784293 1281 6298288 28852492
1759784294 1284 6298288 28852492
1759784295 1288 6298288 28852492
1759784296 1277 6298288 28852492
1759784297 1281 6298288 28852492
1759784298 1285 6298288 28852492
1759784300 1290 6298288 28852492
1759784301 1294 6298288 28852492
1759784302 1298 6298288 28852492
1759784303 1302 6298288 28852492
1759784304 1305 6298288 28852492
1759784305 1309 6298288 28852492
1759784306 1313 6298288 28852492
1759784307 1305 6298288 28852492
1759784308 1309 6298288 28852492
1759784309 1312 6298288 28852492
1759784311 1316 6298288 28852492
1759784312 1320 6298288 28852492
1759784313 1324 6298288 28852492
1759784314 1328 6298288 28852492
1759784315 1331 6298288 28852492
1759784316 1334 6298288 28852492
1759784317 1326 6298288 28852492
1759784318 1329 6298288 28852492
1759784319 1332 6298288 28852492
1759784321 1333 6298416 28852492
1759784322 1332 6298416 28852492
1759784323 1332 6298416 28852492
1759784324 1332 6298416 28852492
1759784325 1334 6298416 28852492
1759784326 1336 6298416 28852492
1759784327 1337 6298416 28852492
1759784328 1329 6298416 28852492
1759784329 1332 6298544 28852492
1759784331 1335 6298544 28852492
1759784332 1337 6298544 28852492
1759784333 1340 6298544 28852492
1759784334 1343 6298544 28852492
1759784335 1345 6298544 28852492
1759784336 1348 6298672 28852492
1759784337 1351 6298672 28852492
1759784338 1343 6298672 28852492
1759784339 1346 6298672 28852492
1759784340 1348 6298672 28852492
1759784342 1351 6298672 28852492
1759784343 1353 6298672 28852492
1759784344 1356 6298672 28852492
1759784345 1358 6298672 28852492
1759784346 1361 6298672 28852492
1759784347 1364 6298672 28852492
1759784348 1366 6298672 28852492
1759784349 1358 6298672 28852492
1759784350 1360 6298672 28852492
1759784351 1363 6298672 28852492
1759784353 1365 6298672 28852492
1759784354 1366 6298672 28852492
1759784355 1365 6298672 28852492
1759784356 1365 6298672 28852492
1759784357 1365 6298800 28852492
1759784358 1364 6298800 28852492
1759784359 1357 6298800 28852492
1759784360 1359 6298800 28852492
1759784361 1361 6298800 28852492
1759784363 1363 6298800 28852492
1759784364 1365 6298800 28852492
1759784365 1367 6298800 28852492
1759784366 1369 6298800 28852492
1759784367 1371 6298800 28852492
1759784368 1373 6298800 28852492
1759784369 1375 6298800 28852492
1759784370 1368 6298800 28852492
1759784371 1370 6298800 28852492
1759784373 1373 6298800 28852492
1759784374 1375 6298800 28852492
1759784375 1376 6298800 28852492
1759784376 1378 6298928 28852492
1759784377 1380 6298928 28852492
1759784378 1382 6298928 28852492
1759784379 1384 6298928 28852492
1759784380 1378 6298928 28852492
1759784381 1379 6298928 28852492
1759784382 1381 6298928 28852492
1759784384 1383 6298928 28852492
1759784385 1384 6298928 28852492
1759784386 1385 6298928 28852492
1759784387 1386 6298928 28852492
1759784388 1386 6298928 28852492
1759784389 1386 6298928 28852492
1759784390 1385 6299312 28852492
1759784391 1378 6299312 28852492
1759784392 1379 6299312 28852492
1759784393 1379 6299312 28852492
1759784395 1380 6299440 28852492
1759784396 1382 6299440 28852492
1759784397 1384 6299440 28852492
1759784398 1385 6299568 28852492
1759784399 1387 6299568 28852492
1759784400 1389 6299568 28852492
1759784401 1389 6299568 28852492
1759784402 1383 6299568 28852492
1759784403 1385 6299696 28852492
1759784404 1387 6299696 28852492
1759784406 1388 6299696 28852492
1759784407 1390 6299696 28852492
1759784408 1391 6299696 28852492
1759784409 1393 6299696 28852492
1759784410 1394 6299824 28852492
1759784411 1396 6299824 28852492
1759784412 1391 6299824 28852492
1759784413 1392 6299824 28852492
1759784415 1394 6299824 28852492
1759784416 1395 6300208 28852492
1759784417 1396 6300208 28852492
1759784418 1396 6300208 28852492
1759784419 1397 6300208 28852492
1759784420 1397 6300208 28852492
1759784421 1398 6300208 28852492
1759784422 1392 6300208 28852492
1759784423 1392 6300208 28852492
1759784424 1393 6300208 28852492
1759784426 1393 6300208 28852492
1759784427 1393 6300208 28852492
1759784428 1394 6300208 28852492
1759784429 1395 6300208 28852492
1759784430 1397 6300208 28852492
1759784431 1399 6300208 28852492
1759784432 1394 6300208 28852492
1759784433 1395 6300208 28852492
1759784434 1396 6300208 28852492
1759784436 1398 6300208 28852492
1759784437 1399 6300208 28852492
1759784438 1400 6300208 28852492
1759784439 1402 6300208 28852492
1759784440 1403 6300208 28852492
1759784441 1404 6300208 28852492
1759784442 1399 6300336 28852492
1759784443 1401 6300336 28852492
1759784444 1402 6300336 28852492
1759784446 1403 6300336 28852492
1759784447 1405 6300336 28852492
1759784448 1406 6300336 28852492
1759784449 1406 6300336 28852492
1759784450 1406 6300336 28852492
1759784451 1407 6300336 28852492
1759784452 1401 6300336 28852492
1759784453 1402 6300336 28852492
1759784454 1403 6300336 28852492
1759784456 1404 6300464 28852492
1759784457 1404 6300464 28852492
1759784458 1405 6300464 28852492
1759784459 1405 6300464 28852492
1759784460 1406 6300464 28852492
1759784461 1406 6300464 28852492
1759784462 1407 6300464 28852492
1759784463 1402 6300464 28852492
1759784464 1403 6300464 28852492
1759784465 1404 6300464 28852492
1759784467 1406 6300464 28852492
1759784468 1407 6300592 28852492
1759784469 1408 6300592 28852492
1759784470 1409 6300592 28852492
1759784471 1410 6300592 28852492
1759784472 1411 6300592 28852492
1759784473 1407 6300720 28852492
1759784474 1408 6300720 28852492
1759784475 1409 6300720 28852492
1759784477 1410 6300720 28852492
1759784478 1411 6300720 28852492
1759784479 1412 6300720 28852492
1759784480 1413 6300720 28852492
1759784481 1413 6300720 28852492
1759784482 1413 6300720 28852492
1759784483 1414 6300720 28852492
1759784484 1409 6300720 28852492
1759784485 1409 6300720 28852492
1759784486 1409 6300720 28852492
1759784487 1410 6300720 28852492
1759784489 1411 6300720 28852492
1759784490 1412 6300720 28852492
1759784491 1413 6300720 28852492
1759784492 1414 6300720 28852492
1759784493 1414 6300720 28852492
1759784494 1415 6300720 28852492
1759784495 1415 6300720 28852492
1759784496 1410 6300720 28852492
1759784497 1411 6300720 28852492
1759784498 1412 6300976 28852492
1759784500 1413 6300976 28852492
1759784501 1414 6300976 28852492
1759784502 1415 6300976 28852492
1759784503 1416 6300976 28852492
1759784504 1417 6300976 28852492
1759784505 1418 6300976 28852492
1759784506 1414 6300976 28852492
1759784507 1415 6300976 28852492
1759784508 1416 6300976 28852492
1759784510 1417 6300976 28852492
1759784511 1418 6300976 28852492
1759784512 1418 6300976 28852492
1759784513 1418 6300976 28852492
1759784514 1419 6300976 28852492
1759784515 1419 6300976 28852492
1759784516 1415 6301104 28852492
1759784517 1415 6301104 28852492
1759784518 1416 6301104 28852492
1759784520 1417 6301104 28852492
1759784521 1418 6301104 28852492
1759784522 1419 6301104 28852492
1759784523 1419 6301104 28852492
1759784524 1420 6301104 28852492
1759784525 1421 6301104 28852492
1759784526 1417 6301104 28852492
1759784527 1418 6301104 28852492
1759784528 1418 6301616 28852492
1759784530 1418 6301616 28852492
1759784531 1418 6301616 28852492
1759784532 1419 6301616 28852492
1759784533 1419 6301616 28852492
1759784534 1420 6301616 28852492
1759784535 1421 6301616 28852492
1759784536 1422 6301616 28852492
1759784537 1418 6301616 28852492
1759784538 1419 6301616 28852492
1759784539 1420 6301872 28852492
1759784541 1421 6301872 28852492
1759784542 1422 6301872 28852492
1759784543 1422 6301872 28852492
1759784544 1422 6301872 28852492
1759784545 1422 6301872 28852492
1759784546 1423 6301872 28852492
1759784547 1419 6301872 28852492
1759784548 1419 6301872 28852492
1759784549 1420 6301872 28852492
1759784551 1420 6301872 28852492
1759784552 1421 6302256 28852492
1759784553 1422 6302256 28852492
1759784554 1423 6302256 28852492
1759784555 1424 6302256 28852492
1759784556 1424 6302256 28852492
1759784557 1425 6302256 28852492
1759784558 1422 6302256 28852492
1759784559 1423 6302256 28852492
1759784560 1423 6302256 28852492
1759784562 1424 6302256 28852492
1759784563 1424 6302256 28852492
1759784564 1424 6302256 28852492
1759784565 1424 6302256 28852492
1759784566 1425 6302256 28852492
1759784567 1425 6302256 28852492
1759784568 1426 6302256 28852492
1759784569 1423 6302256 28852492
1759784570 1423 6302256 28852492
1759784572 1424 6302256 28852492
1759784573 1425 6302256 28852492
1759784574 1425 6302512 28852492
1759784575 1426 6302512 28852492
1759784576 1426 6302512 28852492
1759784577 1426 6302512 28852492
1759784578 1426 6302512 28852492
1759784579 1423 6302512 28852492
1759784580 1423 6302512 28852492
1759784581 1424 6302512 28852492
1759784583 1424 6302512 28852492
1759784584 1425 6302512 28852492
1759784585 1426 6302512 28852492
1759784586 1426 6302640 28852492
1759784587 1427 6302640 28852492
1759784588 1428 6302640 28852492
1759784589 1428 6302640 28852492
1759784590 1425 6302640 28852492
1759784591 1426 6302640 28852492
1759784592 1427 6302640 28852492
1759784594 1427 6302640 28852492
1759784595 1428 6302640 28852492
1759784596 1428 6302768 28852492
1759784597 1429 6302768 28852492
1759784598 1429 6302768 28852492
1759784599 1429 6302768 28852492
1759784600 1426 6302768 28852492
1759784601 1426 6302768 28852492
1759784602 1427 6302768 28852492
1759784603 1428 6302768 28852492
1759784605 1428 6302768 28852492
1759784606 1429 6302768 28852492
1759784607 1429 6302768 28852492
1759784608 1429 6302768 28852492
1759784609 1429 6302768 28852492
1759784610 1429 6302768 28852492
1759784611 1426 6302768 28852492
1759784612 1427 6302768 28852492
1759784613 1427 6302768 28852492
1759784615 1428 6302768 28852492
1759784616 1428 6302768 28852492
1759784617 1429 6302768 28852492
1759784618 1430 6303024 28852492
1759784619 1430 6303024 28852492
1759784620 1431 6303024 28852492
1759784621 1428 6303024 28852492
1759784622 1429 6303152 28852492
1759784623 1430 6303152 28852492
1759784625 1430 6303152 28852492
1759784626 1431 6303152 28852492
1759784627 1431 6303152 28852492
1759784628 1432 6303152 28852492
1759784629 1433 6303152 28852492
1759784630 1433 6303152 28852492
1759784631 1433 6303152 28852492
1759784632 1430 6303152 28852492
1759784633 1430 6303152 28852492
1759784634 1431 6303152 28852492
1759784636 1431 6303152 28852492
1759784637 1431 6303152 28852492
1759784638 1431 6303152 28852492
1759784639 1431 6303536 28852492
1759784640 1431 6303536 28852492
1759784641 1431 6303536 28852492
1759784642 1432 6303536 28852492
1759784643 1429 6303536 28852492
1759784644 1429 6303664 28852492
1759784645 1430 6303664 28852492
1759784647 1430 6303664 28852492
1759784648 1431 6303664 28852492
1759784649 1432 6303664 28852492
1759784650 1432 6303664 28852492
1759784651 1433 6303664 28852492
1759784652 1433 6303664 28852492
1759784653 1434 6303664 28852492
1759784654 1431 6303664 28852492
1759784655 1432 6303664 28852492
1759784656 1432 6303664 28852492
1759784658 1433 6304176 28852492
1759784659 1434 6304176 28852492
1759784660 1434 6304176 28852492
1759784661 1435 6304176 28852492
1759784662 1435 6304176 28852492
1759784663 1436 6304176 28852492
1759784664 1433 6304176 28852492
1759784665 1433 6304176 28852492
1759784666 1434 6304176 28852492
1759784667 1434 6304304 28852492
1759784669 1434 6304304 28852492
1759784670 1434 6304304 28852492
1759784671 1434 6304304 28852492
1759784672 1434 6304304 28852492
1759784673 1434 6304304 28852492
1759784674 1434 6304304 28852492
1759784675 1434 6304304 28852492
1759784676 1432 6304304 28852492
1759784677 1432 6304304 28852492
1759784678 1433 6304432 28852492
1759784680 1433 6304432 28852492
1759784681 1434 6304432 28852492
1759784682 1434 6304432 28852492
1759784683 1435 6304560 28852492
1759784684 1436 6304560 28852492
1759784685 1436 6304560 28852492
1759784686 1433 6304560 28852492
1759784687 1434 6304688 28852492
1759784688 1435 6304688 28852492
1759784690 1435 6304688 28852492
1759784691 1436 6304688 28852492
1759784692 1436 6304688 28852492
1759784693 1437 6304688 28852492
1759784694 1437 6304688 28852492
1759784695 1438 6304688 28852492
1759784696 1438 6304688 28852492
1759784697 1436 6304688 28852492
1759784698 1436 6304688 28852492
1759784699 1436 6304688 28852492
1759784701 1437 6304688 28852492
1759784702 1436 6304688 28852492
1759784703 1436 6304688 28852492
1759784704 1437 6304688 28852492
1759784705 1436 6304816 28852492
1759784706 1436 6304816 28852492
1759784707 1434 6304816 28852492
1759784708 1434 6304816 28852492
1759784709 1435 6304816 28852492
1759784711 1435 6304816 28852492
1759784712 1436 6304816 28852492
1759784713 1436 6304816 28852492
1759784714 1437 6305072 28852492
1759784715 1437 6305072 28852492
1759784716 1438 6305072 28852492
1759784717 1435 6305072 28852492
1759784718 1436 6305200 28852492
1759784719 1436 6305200 28852492
1759784720 1437 6305200 28852492
1759784722 1437 6305200 28852492
1759784723 1438 6305200 28852492
1759784724 1438 6305200 28852492
1759784725 1439 6305200 28852492
1759784726 1439 6305200 28852492
1759784727 1440 6305200 28852492
1759784728 1438 6305200 28852492
1759784729 1438 6305456 28852492
1759784730 1439 6305456 28852492
1759784732 1439 6305456 28852492
1759784733 1439 6305456 28852492
1759784734 1439 6305456 28852492
1759784735 1439 6305456 28852492
1759784736 1439 6305456 28852492
1759784737 1439 6305456 28852492
1759784738 1437 6305456 28852492
1759784739 1437 6305712 28852492
1759784740 1437 6305712 28852492
1759784742 1437 6305712 28852492
1759784743 1438 6305712 28852492
1759784744 1438 6305712 28852492
1759784745 1438 6305712 28852492
1759784746 1439 6305712 28852492
1759784747 1439 6305840 28852492
1759784748 1437 6305840 28852492
1759784749 1438 6305840 28852492
1759784750 1438 6305840 28852492
1759784752 1439 6305840 28852492
1759784753 1439 6305840 28852492
1759784754 1440 6305840 28852492
1759784755 1440 6306224 28852492
1759784756 1441 6306224 28852492
1759784757 1441 6306224 28852492
1759784758 1439 6306352 28852492
1759784759 1439 6306352 28852492
1759784760 1440 6306352 28852492
1759784761 1440 6306352 28852492
1759784763 1441 6306352 28852492
1759784764 1441 6306352 28852492
1759784765 1441 6306352 28852492
1759784766 1441 6306352 28852492
1759784767 1441 6306352 28852492
1759784768 1441 6306352 28852492
1759784769 1439 6306352 28852492
1759784770 1438 6306352 28852492
1759784771 1439 6306736 28852492
1759784772 1439 6306736 28852492
1759784774 1439 6306736 28852492
1759784775 1440 6306736 28852492
1759784776 1440 6306736 28852492
1759784777 1440 6306736 28852492
1759784778 1440 6306736 28852492
1759784779 1441 6306736 28852492
1759784780 1441 6306736 28852492
1759784781 1439 6306736 28852492
1759784782 1440 6306864 28852492
1759784783 1440 6306864 28852492
1759784785 1441 6306864 28852492
1759784786 1441 6306864 28852492
1759784787 1441 6306864 28852492
1759784788 1442 6306864 28852492
1759784789 1442 6306864 28852492
1759784790 1443 6306864 28852492
1759784791 1441 6306864 28852492
1759784792 1441 6306992 28852492
1759784793 1442 6306992 28852492
1759784795 1442 6306992 28852492
1759784796 1442 6306992 28852492
1759784797 1442 6306992 28852492
1759784798 1442 6306992 28852492
1759784799 1442 6306992 28852492
1759784800 1443 6307120 28852492
1759784801 1442 6307120 28852492
1759784802 1440 6307120 28852492
1759784803 1440 6307120 28852492
1759784804 1440 6307120 28852492
1759784805 1441 6307120 28852492
1759784807 1441 6307120 28852492
1759784808 1441 6307376 28852492
1759784809 1441 6307376 28852492
1759784810 1442 6307376 28852492
1759784811 1442 6307376 28852492
1759784812 1442 6307504 28852492
1759784813 1440 6307504 28852492
1759784814 1441 6307504 28852492
1759784815 1441 6307760 28852492
1759784817 1442 6307760 28852492
1759784818 1442 6307760 28852492
1759784819 1442 6307760 28852492
1759784820 1443 6307760 28852492
1759784821 1443 6307760 28852492
1759784822 1444 6307760 28852492
1759784823 1442 6307760 28852492
1759784824 1442 6307760 28852492
1759784825 1443 6307760 28852492
1759784827 1443 6307760 28852492
1759784828 1443 6307760 28852492
1759784829 1443 6307888 28852492
1759784830 1443 6307888 28852492
1759784831 1443 6307888 28852492
1759784832 1443 6308144 28852492
1759784833 1444 6308144 28852492
1759784834 1442 6308144 28852492
1759784835 1442 6308144 28852492
1759784836 1442 6308400 28852492
1759784838 1442 6308400 28852492
1759784839 1443 6308400 28852492
1759784840 1443 6308400 28852492
1759784841 1443 6308400 28852492
1759784842 1444 6308400 28852492
1759784843 1444 6308528 28852492
1759784844 1444 6308528 28852492
1759784845 1442 6308528 28852492
1759784846 1442 6308528 28852492
1759784847 1442 6308528 28852492
1759784848 1443 6308528 28852492
1759784850 1443 6308656 28852492
1759784851 1444 6308656 28852492
1759784852 1444 6308784 28852492
1759784853 1444 6308784 28852492
1759784854 1445 6308784 28852492
1759784855 1445 6308912 28852492
1759784856 1443 6309040 28852492
1759784857 1444 6309040 28852492
1759784858 1444 6309040 28852492
1759784860 1444 6309040 28852492
1759784861 1444 6309040 28852492
1759784862 1444 6309040 28852492
1759784863 1444 6309040 28852492
1759784864 1445 6309040 28852492
1759784865 1445 6309040 28852492
1759784866 1443 6309040 28852492
1759784867 1443 6309040 28852492
1759784868 1444 6309040 28852492
1759784869 1444 6309040 28852492
1759784871 1444 6309168 28852492
1759784872 1444 6309168 28852492
1759784873 1445 6309168 28852492
1759784874 1445 6309296 28852492
1759784875 1445 6309296 28852492
1759784876 1446 6309296 28852492
1759784877 1444 6309552 28852492
1759784878 1444 6309552 28852492
1759784879 1444 6309552 28852492
1759784881 1444 6309808 28852492
1759784882 1445 6309808 28852492
1759784883 1445 6309808 28852492
1759784884 1446 6309808 28852492
1759784885 1446 6309808 28852492
1759784886 1446 6309808 28852492
1759784887 1445 6309808 28852492
1759784888 1445 6309936 28852492
1759784889 1445 6309936 28852492
1759784891 1445 6309936 28852492
1759784892 1445 6309936 28852492
1759784893 1445 6309936 28852492
1759784894 1445 6309936 28852492
1759784895 1446 6309936 28852492
1759784896 1446 6309936 28852492
1759784897 1446 6310192 28852492
1759784898 1445 6310192 28852492
1759784899 1445 6310192 28852492
1759784900 1445 6310320 28852492
1759784902 1446 6310320 28852492
1759784903 1446 6310576 28852492
1759784904 1446 6310576 28852492
1759784905 1447 6310576 28852492
1759784906 1447 6310576 28852492
1759784907 1447 6310576 28852492
1759784908 1447 6310576 28852492
1759784909 1445 6310576 28852492
1759784910 1446 6310832 28852492
1759784911 1446 6310832 28852492
1759784913 1446 6310832 28852492
1759784914 1446 6310832 28852492
1759784915 1447 6310832 28852492
1759784916 1447 6310832 28852492
1759784917 1447 6310832 28852492
1759784918 1448 6310960 28852492
1759784919 1448 6310960 28852492
1759784920 1446 6310960 28852492
1759784921 1446 6310960 28852492
1759784922 1446 6310960 28852492
1759784924 1446 6311088 28852492
1759784925 1446 6311088 28852492
1759784926 1447 6311344 28852492
1759784927 1447 6311344 28852492
1759784928 1447 6311344 28852492
1759784929 1447 6311344 28852492
1759784930 1448 6311344 28852492
1759784931 1448 6311344 28852492
1759784932 1446 6311344 28852492
1759784933 1447 6311472 28852492
1759784934 1447 6311472 28852492
1759784936 1447 6311728 28852492
1759784937 1448 6311728 28852492
1759784938 1448 6311856 28852492
1759784939 1448 6311856 28852492
1759784940 1449 6311856 28852492
1759784941 1449 6311856 28852492
1759784942 1449 6311984 28852492
1759784943 1447 6311984 28852492
1759784944 1448 6311984 28852492
1759784946 1448 6311984 28852492
1759784947 1448 6312112 28852492
1759784948 1448 6312112 28852492
1759784949 1449 6312112 28852492
1759784950 1449 6312112 28852492
1759784951 1449 6312496 28852492
1759784952 1447 6312496 28852492
1759784953 1448 6312496 28852492
1759784954 1448 6312624 28852492
1759784955 1448 6312624 28852492
1759784957 1448 6312752 28852492
1759784958 1448 6312752 28852492
1759784959 1448 6312752 28852492
1759784960 1448 6312752 28852492
1759784961 1449 6312752 28852492
1759784962 1449 6312880 28852492
1759784963 1449 6312880 28852492
1759784964 1448 6312880 28852492
1759784965 1448 6312880 28852492
1759784966 1448 6313008 28852492
1759784968 1449 6313008 28852492
1759784969 1449 6313008 28852492
1759784970 1449 6313264 28852492
1759784971 1450 6313264 28852492
1759784972 1450 6313264 28852492
1759784973 1450 6313264 28852492
1759784974 1449 6313264 28852492
1759784975 1449 6313392 28852492
1759784976 1449 6313392 28852492
1759784977 1449 6313520 28852492
1759784979 1450 6313520 28852492
1759784980 1450 6313648 28852492
1759784981 1450 6313648 28852492
1759784982 1450 6313648 28852492
1759784983 1450 6313904 28852492
1759784984 1450 6313904 28852492
1759784985 1448 6314032 28852492
1759784986 1448 6314032 28852492
1759784987 1449 6314032 28852492
1759784988 1449 6314032 28852492
1759784990 1449 6314288 28852492
1759784991 1449 6314288 28852492
1759784992 1449 6314288 28852492
1759784993 1450 6314544 28852492
1759784994 1450 6314544 28852492
1759784995 1450 6314544 28852492
1759784996 1451 6314544 28852492
1759784997 1449 6314800 28852492
1759784998 1449 6314800 28852492
1759784999 1450 6314800 28852492
1759785000 1450 6315056 28852492
1759785002 1450 6315056 28852492
1759785003 1451 6315184 28852492
1759785004 1451 6315184 28852492
1759785005 1451 6315184 28852492
1759785006 1452 6315184 28852492
1759785007 1452 6315312 28852492
1759785008 1450 6315312 28852492
1759785009 1450 6315312 28852492
1759785010 1451 6315440 28852492
1759785012 1451 6315568 28852492
1759785013 1451 6315568 28852492
1759785014 1452 6315696 28852492
1759785015 1452 6315824 28852492
1759785016 1452 6315824 28852492
1759785017 1451 6315824 28852492
1759785018 1451 6316080 28852492
1759785019 1450 6316080 28852492
1759785020 1450 6316208 28852492
1759785022 1450 6316336 28852492
1759785023 1451 6316464 28852492
1759785024 1451 6316592 28852492
1759785025 1451 6316592 28852492
1759785026 1451 6316720 28852492
1759785027 1452 6316720 28852492
1759785028 1450 6316848 28852492
1759785029 1451 6316976 28852492
1759785030 1451 6317232 28852492
1759785031 1451 6317232 28852492
1759785033 1452 6317232 28852492
1759785034 1452 6317232 28852492
1759785035 1452 6317360 28852492
1759785036 1452 6317488 28852492
1759785037 1453 6317616 28852492
1759785038 1453 6318000 28852492
1759785039 1452 6318000 28852492
1759785040 1452 6318128 28852492
1759785041 1452 6318384 28852492
1759785042 1452 6318512 28852492
1759785044 1452 6318640 28852492
1759785045 1453 6318640 28852492
1759785046 1453 6318640 28852492
1759785047 1453 6318640 28852492
1759785048 1453 6318896 28852492
1759785049 1453 6318896 28852492
1759785050 1453 6319024 28852492
1759785051 1451 6319152 28852492
1759785052 1451 6319152 28852492
1759785053 1451 6319280 28852492
1759785054 1452 6319280 28852492
1759785056 1452 6319280 28852492
1759785057 1452 6319536 28852492
1759785058 1453 6319792 28852492
1759785059 1453 6320176 28852492
1759785060 1453 6320304 28852492
1759785061 1453 6320560 28852492
1759785062 1454 6320688 28852492
1759785063 1452 6320688 28852492
1759785064 1452 6321072 28852492
1759785065 1453 6321456 28852492
1759785067 1453 6321584 28852492
1759785068 1453 6321968 28852492
1759785069 1454 6322352 28852492
1759785070 1454 6322736 28852492
1759785071 1454 6323248 28852492
1759785072 1454 6323632 28852492
1759785073 1455 6324656 28852492
1759785074 1455 6325168 28852492
1759785075 1454 9239600 28852492
1759785076 1452 11601584 28852492
1759785077 1450 12575536 28852492
1759785078 1450 12575536 28852492
1759785079 1450 12576176 28852492
1759785080 1450 12604208 28852492
1759785082 1450 12604208 28852492
1759785083 1449 12715056 28852492
1759785084 1449 12715056 28852492
1759785085 1448 12801584 28852492
1759785086 1447 13132848 28852492
1759785087 1447 13133744 28852492
1759785088 1445 13133744 28852492
1759785089 1444 13133744 28852492
1759785090 1444 13133744 28852492
1759785091 1443 13133744 28852492
1759785092 1442 13393840 28852492
1759785093 1440 13667632 28852492
1759785094 1439 14110512 28852492
1759785095 1437 14135728 28852492
1759785096 1436 14135728 28852492
1759785097 1434 14759216 28852492
1759785098 1435 14759216 28852492
1759785099 1432 14759216 28852492
1759785100 1432 14760624 28852492
1759785101 1432 14760624 28852492
1759785102 1431 14760624 28852492
1759785103 1429 14760624 28852492
1759785104 1428 14760624 28852492
1759785105 1426 14760624 28852492
1759785107 1426 14760624 28852492
1759785108 1426 14760624 28852492
1759785109 1425 14760624 28852492
1759785110 1425 14760624 28852492
1759785111 1424 14965936 28852492
1759785112 1423 15205552 28852492
1759785113 1421 15446064 28852492
1759785114 1420 15686064 28852492
1759785115 1418 15926064 28852492
1759785116 1417 16166064 28852492
1759785117 1416 16406064 28852492
1759785118 1414 16646064 28852492
1759785119 1413 16886064 28852492
1759785120 1411 17216816 28852492
1759785121 1410 17675312 28852492
1759785122 1408 18128816 28852492
1759785123 1405 18586672 28852492
1759785124 1404 18825008 28852492
1759785125 1403 18825008 28852492
1759785126 1401 18825008 28852492
1759785127 1400 18825008 28852492
1759785128 1398 18825008 28852492
1759785129 1397 18825008 28852492
1759785130 1395 18825008 28852492
1759785131 1394 18825008 28852492
1759785132 1393 18825008 28852492
1759785133 1391 18825008 28852492
1759785134 1390 18833072 28852492
1759785136 1388 20179376 28852492
1759785137 1388 20968880 28852492
1759785138 1388 20968880 28852492
1759785139 1388 20968880 28852492
1759785140 1388 20968880 28852492
1759785141 1389 20968880 28852492
1759785142 1389 20968880 28852492
1759785143 1389 20968880 28852492
1759785144 1387 20968880 28852492
1759785145 1388 20968880 28852492
1759785146 1388 20968880 28852492
1759785148 1388 20968880 28852492
1759785149 1388 20968880 28852492
1759785150 1387 20968880 28852492
1759785151 1385 20968880 28852492
1759785152 1384 20968880 28852492
1759785153 1383 20968880 28852492
1759785154 1383 20968880 28852492
1759785155 1384 20968880 28852492
1759785156 1384 20968880 28852492
1759785157 1383 20968880 28852492
1759785158 1383 20968880 28852492
1759785159 1384 20968880 28852492
1759785160 1384 20968880 28852492
1759785162 1384 20968880 28852492
1759785163 1385 20968880 28852492
1759785164 1385 20968880 28852492
1759785165 1385 20968880 28852492
1759785166 1383 20968880 28852492
1759785167 1382 20968880 28852492
1759785168 1381 20968880 28852492
1759785169 1379 20968880 28852492
1759785170 1378 20969008 28852492
1759785171 1379 20969008 28852492
1759785172 1377 20969008 28852492
1759785173 1377 20969008 28852492
1759785174 1378 20969008 28852492
1759785175 1378 20969008 28852492
1759785177 1378 20969008 28852492
1759785178 1378 20969008 28852492
1759785179 1378 20969008 28852492
1759785180 1379 20969008 28852492
1759785181 1379 20969008 28852492
1759785182 1379 20969008 28852492
1759785183 1380 20969008 28852492
1759785184 1380 20969008 28852492
1759785185 1379 20969008 28852492
1759785186 1379 20969008 28852492
1759785187 1379 20969008 28852492
1759785189 1380 20969008 28852492
1759785190 1380 20969008 28852492
1759785191 1380 20969008 28852492
1759785192 1381 20969008 28852492
1759785193 1381 20969008 28852492
1759785194 1381 20969008 28852492
1759785195 1382 20969008 28852492
1759785196 1380 20969008 28852492
1759785197 1381 20969008 28852492
1759785198 1381 20969008 28852492
1759785200 1381 20969008 28852492
1759785201 1382 20969008 28852492
1759785202 1382 20969008 28852492
1759785203 1382 20969008 28852492
1759785204 1382 20969008 28852492
1759785205 1382 20969008 28852492
1759785206 1383 20969008 28852492
1759785207 1381 20969008 28852492
1759785208 1382 20969008 28852492
1759785209 1382 20969008 28852492
1759785211 1382 20969008 28852492
1759785212 1382 20969008 28852492
1759785213 1382 20969008 28852492
1759785214 1383 20969008 28852492
1759785215 1383 20969008 28852492
1759785216 1383 20969008 28852492
1759785217 1383 20969008 28852492
1759785218 1384 20969008 28852492
1759785219 1382 20969008 28852492
1759785220 1383 20969008 28852492
1759785221 1383 20969008 28852492
1759785223 1383 20969008 28852492
1759785224 1384 20969008 28852492
1759785225 1384 20969008 28852492
1759785226 1384 20969008 28852492
1759785227 1385 20969008 28852492
1759785228 1385 20969008 28852492
1759785229 1385 20969008 28852492
1759785230 1384 20969008 28852492
1759785231 1384 20969008 28852492
1759785232 1385 20969008 28852492
1759785233 1385 20969008 28852492
1759785235 1385 20969008 28852492
1759785236 1385 20969008 28852492
1759785237 1385 20969008 28852492
1759785238 1385 20969008 28852492
1759785239 1386 20969008 28852492
1759785240 1386 20969008 28852492
1759785241 1386 20969008 28852492
1759785242 1385 20969008 28852492
1759785243 1385 20969008 28852492
1759785244 1386 20969008 28852492
1759785245 1386 20969008 28852492
1759785247 1386 20969008 28852492
1759785248 1386 20969008 28852492
1759785249 1387 20969008 28852492
1759785250 1387 20969008 28852492
1759785251 1387 20969008 28852492
1759785252 1387 20969008 28852492
1759785253 1387 20969008 28852492
1759785254 1388 20969008 28852492
1759785255 1386 20969008 28852492
1759785256 1387 20969008 28852492
1759785257 1387 20969008 28852492
1759785259 1387 20969008 28852492
1759785260 1388 20969008 28852492
1759785261 1388 20969008 28852492
1759785262 1388 20969008 28852492
1759785263 1388 20969008 28852492
1759785264 1388 20969008 28852492
1759785265 1389 20969008 28852492
1759785266 1389 20969008 28852492
1759785267 1388 20969008 28852492
1759785268 1388 20969008 28852492
1759785269 1388 20969008 28852492
1759785271 1388 20969008 28852492
1759785272 1389 20969008 28852492
1759785273 1389 20969008 28852492
1759785274 1389 20969008 28852492
1759785275 1389 20969008 28852492
1759785276 1390 20969008 28852492
1759785277 1390 20969008 28852492
1759785278 1390 20969008 28852492
1759785279 1389 20969008 28852492
1759785280 1389 20969008 28852492
1759785281 1389 20969008 28852492
1759785282 1390 20969008 28852492
1759785284 1390 20969008 28852492
1759785285 1390 20969008 28852492
1759785286 1390 20969008 28852492
1759785287 1390 20969008 28852492
1759785288 1391 20969008 28852492
1759785289 1391 20969008 28852492
1759785290 1391 20969008 28852492
1759785291 1390 20969008 28852492
1759785292 1390 20969008 28852492
1759785293 1391 20969008 28852492
1759785294 1391 20969008 28852492
1759785296 1391 20969008 28852492
1759785297 1391 20969008 28852492
1759785298 1391 20969008 28852492
1759785299 1391 20969008 28852492
1759785300 1391 20969008 28852492
1759785301 1392 20969008 28852492
1759785302 1392 20969008 28852492
1759785303 1392 20969008 28852492
1759785304 1391 20969008 28852492
1759785305 1391 20969008 28852492
1759785306 1392 20969008 28852492
1759785308 1392 20969008 28852492
1759785309 1392 20969008 28852492
1759785310 1392 20969008 28852492
1759785311 1393 20969008 28852492
1759785312 1393 20969008 28852492
1759785313 1393 20969008 28852492
1759785314 1393 20969008 28852492
1759785315 1392 20969008 28852492
1759785316 1392 20969008 28852492
1759785317 1393 20969008 28852492
1759785318 1393 20969008 28852492
1759785320 1393 20969008 28852492
1759785321 1393 20969008 28852492
1759785322 1393 20969008 28852492
1759785323 1394 20969008 28852492
1759785324 1394 20969008 28852492
1759785325 1394 20969008 28852492
1759785326 1394 20969008 28852492
1759785327 1394 20969008 28852492
1759785328 1393 20969008 28852492
1759785329 1393 20969008 28852492
1759785330 1394 20969008 28852492
1759785332 1394 20969008 28852492
1759785333 1394 20969008 28852492
1759785334 1394 20969008 28852492
1759785335 1394 20969008 28852492
1759785336 1395 20969008 28852492
1759785337 1395 20969008 28852492
1759785338 1395 20969008 28852492
1759785339 1394 20969008 28852492
1759785340 1395 20969008 28852492
1759785341 1395 20969008 28852492
1759785343 1395 20969008 28852492
1759785344 1395 20969008 28852492
1759785345 1396 20969008 28852492
1759785346 1396 20969008 28852492
1759785347 1396 20969008 28852492
1759785348 1396 20969008 28852492
1759785349 1396 20969008 28852492
1759785350 1395 20969008 28852492
1759785351 1396 20969008 28852492
1759785352 1396 20969008 28852492
1759785353 1396 20969008 28852492
1759785355 1396 20969008 28852492
1759785356 1396 20969008 28852492
1759785357 1396 20969008 28852492
1759785358 1396 20969008 28852492
1759785359 1396 20969008 28852492
1759785360 1397 20969008 28852492
1759785361 1397 20969008 28852492
1759785362 1397 20969008 28852492
1759785363 1396 20969008 28852492
1759785364 1396 20969008 28852492
1759785365 1396 20969008 28852492
1759785366 1396 20969008 28852492
1759785368 1397 20969008 28852492
1759785369 1397 20969008 28852492
1759785370 1397 20969008 28852492
1759785371 1397 20969008 28852492
1759785372 1398 20969008 28852492
1759785373 1398 20969008 28852492
1759785374 1398 20969008 28852492
1759785375 1397 20969008 28852492
1759785376 1398 20969008 28852492
1759785377 1398 20969008 28852492
1759785379 1398 20969008 28852492
1759785380 1398 20969008 28852492
1759785381 1398 20969008 28852492
1759785382 1398 20969008 28852492
1759785383 1399 20969008 28852492
1759785384 1399 20969008 28852492
1759785385 1399 20969008 28852492
1759785386 1399 20969008 28852492
1759785387 1398 20969008 28852492
1759785388 1398 20969008 28852492
1759785389 1398 20969008 28852492
1759785390 1398 20969008 28852492
1759785392 1398 20969008 28852492
1759785393 1399 20969008 28852492
1759785394 1399 20969008 28852492
1759785395 1399 20969008 28852492
1759785396 1399 20969008 28852492
1759785397 1399 20969008 28852492
1759785398 1400 20969008 28852492
1759785399 1399 20969008 28852492
1759785400 1399 20969008 28852492
1759785401 1399 20969008 28852492
1759785403 1399 20969008 28852492
1759785404 1400 20969008 28852492
1759785405 1400 20969008 28852492
1759785406 1400 20969008 28852492
1759785407 1401 20969008 28852492
1759785408 1401 20969008 28852492
1759785409 1400 20969008 28852492
1759785410 1400 20969008 28852492
1759785411 1400 20969008 28852492
1759785413 1401 20969008 28852492
1759785414 1401 20969008 28852492
1759785415 1401 20969008 28852492
1759785416 1401 20969008 28852492
1759785417 1401 20969008 28852492
1759785418 1402 20969008 28852492
1759785419 1402 20969008 28852492
1759785420 1401 20969008 28852492
1759785421 1401 20969008 28852492
1759785422 1401 20969008 28852492
1759785423 1401 20969008 28852492
1759785425 1400 24092640 28852492
1759785426 1399 24093152 28852492
1759785427 1398 24093792 28852492
1759785428 1397 27217512 28852492
1759785429 1396 27218536 28852492
1759785430 1395 24141204 28852492
1759785431 1394 11347904 16350156
1759785432 1394 12681152 16350156
1759785433 1394 12681152 16350156
1759785434 1395 12681152 16350156
1759785435 1395 12681152 16350156
1759785436 1394 12681152 16350156
1759785437 1394 12681152 16350156
1759785438 1395 12681152 16350156
1759785440 1395 12681152 16350156
1759785441 1395 12681152 16350156
1759785442 1395 12681152 16350156
1759785443 1396 12681152 16350156
1759785444 1396 12681152 16350156
1759785445 1396 12681152 16350156
1759785446 1396 12681152 16350156
1759785447 1395 12681152 16350156
1759785448 1395 12681152 16350156
1759785449 1395 12681152 16350156
1759785450 1396 12681152 16350156
1759785452 1396 12681152 16350156
1759785453 1396 12681152 16350156
1759785454 1396 12681152 16350156
1759785455 1396 12681152 16350156
1759785456 1396 12681152 16350156
1759785457 1396 12681152 16350156
1759785458 1395 12681152 16350156
1759785459 1395 12681152 16350156
1759785460 1396 12681152 16350156
1759785462 1396 12681152 16350156
1759785463 1396 12681152 16350156
1759785464 1396 14225176 19475160
1759785465 1397 15806232 19475160
1759785466 1397 15806232 19475160
1759785467 1397 15806232 19475160
1759785468 1397 15806232 19475160
1759785469 1396 15806232 19475160
1759785470 1397 15806232 19475160
1759785471 1397 15806232 19475160
1759785473 1397 15806232 19475160
1759785474 1397 15806232 19475160
1759785475 1398 15806232 19475160
1759785476 1398 15806232 19475160
1759785477 1398 15806232 19475160
1759785478 1398 15806232 19475160
1759785479 1398 15806232 19475160
1759785480 1398 15806232 19475160
1759785481 1398 15806232 19475160
1759785482 1398 15806232 19475160
1759785484 1398 15806232 19475160
1759785485 1398 15806232 19475160
1759785486 1398 15806232 19475160
1759785487 1398 15806232 19475160
1759785488 1398 15806232 19475160
1759785489 1398 15806232 19475160
1759785490 1398 15806232 19475160
1759785491 1397 15806232 19475160
1759785492 1398 15806232 19475160
1759785493 1398 15806232 19475160
1759785495 1398 15806232 19475160
1759785496 1398 15806232 19475160
1759785497 1399 15806232 19475160
1759785498 1399 15806232 19475160
1759785499 1399 15806232 19475160
1759785500 1399 15806232 19475160
1759785501 1399 9477448 10100148
1759785502 1399 9477448 10100148
1759785503 1399 9477448 10100148
1759785504 1399 9477448 10100148
1759785506 1399 9477448 10100148
1759785507 1399 9477448 10100148
1759785508 1400 9477448 10100148
1759785509 1400 9477448 10100148
1759785510 1400 9477448 10100148
1759785511 1400 9477448 10100148
1759785512 1401 9477448 10100148
1759785513 1400 9477448 10100148
1759785514 1400 9477448 10100148
1759785515 1400 9477448 10100148
1759785517 1400 9477448 10100148
1759785518 1400 9477448 10100148
1759785519 1400 9477448 10100148
1759785520 1400 9477448 10100148
1759785521 1400 9477448 10100148
1759785522 1400 9477448 10100148
1759785523 1401 9477448 10100148
1759785524 1400 9477448 10100148
1759785525 1400 9477448 10100148
1759785526 1400 9477448 10100148
1759785527 1400 9477448 10100148
1759785529 1400 9477448 10100148
1759785530 1401 9477448 10100148
1759785531 1401 9477448 10100148
1759785532 1401 9477448 10100148
1759785533 1401 9477448 10100148
1759785534 1401 9477448 10100148
1759785535 1401 9477448 10100148
1759785536 1401 9624056 16350156
1759785537 1400 12595704 16350156
