1755177810  0.0 16128 676412
1755177811  314 1104716 2616820
1755177812  208 1924688 3837656
1755177813  173 2779568 5058360
1755177814  252 4941024 9975020
1755177815  545 4949664 9975568
1755177816  739 4949664 9975568
1755177817  770 4949664 9975568
1755177818  860 4949792 9975568
1755177819  950 4949792 9975568
1755177821 1016 4949792 9975568
1755177822 1070 4949920 9975568
1755177823 1108 4949920 9975568
1755177824 1143 4949920 9975568
1755177825 1168 4950048 9975568
1755177826 1191 4950048 9975568
1755177827 1154 4950048 9975568
1755177828 1188 4950048 9975568
1755177829 1216 4950048 9975568
1755177831 1239 4950048 9975568
1755177832 1263 4950048 9975568
1755177833 1283 4950048 9975568
1755177834 1303 4950048 9975568
1755177835 1321 4950048 9975568
1755177836 1332 4950048 9975568
1755177837 1293 4950048 9975568
1755177838 1309 4950048 9975568
1755177839 1323 4950048 9975568
1755177841 1332 4950048 9975568
1755177842 1336 4950048 9975568
1755177843 1338 4950048 9975568
1755177844 1342 4950048 9975568
1755177845 1347 4950048 9975568
1755177846 1356 4950048 9975568
1755177847 1364 4950048 9975568
1755177848 1339 4950048 9975568
1755177849 1345 4950048 9975568
1755177850 1355 4950048 9975568
1755177852 1364 4950048 9975568
1755177853 1371 4950048 9975568
1755177854 1379 4950176 9975568
1755177855 1385 4950176 9975568
1755177856 1391 4950176 9975568
1755177857 1364 4950304 9975568
1755177858 1372 4950304 9975568
1755177859 1379 4950304 9975568
1755177861 1387 4950304 9975568
1755177862 1392 4950432 9975568
1755177863 1399 4950432 9975568
1755177864 1406 4950560 9975568
1755177865 1411 4950560 9975568
1755177866 1418 4950560 9975568
1755177867 1396 4950560 9975568
1755177868 1399 4950560 9975568
1755177869 1404 4950688 9975568
1755177870 1410 4950688 9975568
1755177872 1413 4950688 9975568
1755177873 1418 4950688 9975568
1755177874 1421 4951712 9975568
1755177875 1423 4951712 9975568
1755177876 1426 4951840 9975568
1755177877 1426 4951840 9975568
1755177878 1406 4951840 9975568
1755177879 1407 4951968 9975568
1755177880 1408 4951968 9975568
1755177881 1411 4951968 9975568
1755177883 1415 4951968 9975568
1755177884 1419 4952096 9975568
1755177885 1422 4952096 9975568
1755177886 1425 4952096 9975568
1755177887 1428 4952096 9975568
1755177888 1430 4952096 9975568
1755177889 1415 4952096 9975568
1755177890 1420 4952096 9975568
1755177891 1423 4952096 9975568
1755177893 1427 4952096 9975568
1755177894 1430 4952096 9975568
1755177895 1434 4952096 9975568
1755177896 1438 4952096 9975568
1755177897 1442 4952096 9975568
1755177898 1445 4952096 9975568
1755177899 1430 4952096 9975568
1755177900 1432 4952224 9975568
1755177901 1435 4952224 9975568
1755177903 1437 4952224 9975568
1755177904 1439 4952224 9975568
1755177905 1442 4952352 9975568
1755177906 1443 4952352 9975568
1755177907 1445 4952480 9975568
1755177908 1447 4952480 9975568
1755177909 1434 4952480 9975568
1755177910 1435 4952480 9975568
1755177911 1435 4952480 9975568
1755177913 1435 4952480 9975568
1755177914 1435 4952608 9975568
1755177915 1437 4952608 9975568
1755177916 1438 4952608 9975568
1755177917 1440 4952608 9975568
1755177918 1443 4953248 9975568
1755177919 1444 4953248 9975568
1755177920 1434 4953632 9975568
1755177921 1436 4953760 9975568
1755177922 1439 4953760 9975568
1755177924 1441 4954016 9975568
1755177925 1444 4954016 9975568
1755177926 1446 4954016 9975568
1755177927 1449 4954016 9975568
1755177928 1451 4954144 9975568
1755177929 1454 4954144 9975568
1755177930 1443 4954144 9975568
1755177931 1445 4954144 9975568
1755177932 1447 4954144 9975568
1755177934 1449 4954144 9975568
1755177935 1452 4954144 9975568
1755177936 1454 4954144 9975568
1755177937 1455 4954144 9975568
1755177938 1457 4954144 9975568
1755177939 1459 4954272 9975568
1755177940 1450 4954272 9975568
1755177941 1452 4954272 9975568
1755177942 1454 4954400 9975568
1755177944 1455 4954400 9975568
1755177945 1456 4954528 9975568
1755177946 1456 4954528 9975568
1755177947 1456 4954528 9975568
1755177948 1456 4954528 9975568
1755177949 1457 4954528 9975568
1755177950 1457 4954656 9975568
1755177951 1449 4954912 9975568
1755177952 1451 4954912 9975568
1755177953 1453 4955168 9975568
1755177955 1455 4955552 9975568
1755177956 1457 4955680 9975568
1755177957 1459 4955936 9975568
1755177958 1461 4956064 9975568
1755177959 1463 4956192 9975568
1755177960 1465 4956192 9975568
1755177961 1456 4956192 9975568
1755177962 1457 4956192 9975568
1755177963 1459 4956192 9975568
1755177965 1460 4956192 9975568
1755177966 1462 4956320 9975568
1755177967 1464 4956320 9975568
1755177968 1465 4956320 9975568
1755177969 1467 4956320 9975568
1755177970 1468 4956448 9975568
1755177971 1461 4956448 9975568
1755177972 1462 4956448 9975568
1755177973 1463 4956448 9975568
1755177975 1465 4956704 9975568
1755177976 1466 4956704 9975568
1755177977 1467 4956832 9975568
1755177978 1468 4957344 9975568
1755177979 1469 4957600 9975568
1755177980 1469 4957600 9975568
1755177981 1461 4957984 9975568
1755177982 1461 4957984 9975568
1755177983 1462 4957984 9975568
1755177985 1463 4958112 9975568
1755177986 1464 4958112 9975568
1755177987 1466 4958240 9975568
1755177988 1467 4958240 9975568
1755177989 1469 4958240 9975568
1755177990 1470 4958368 9975568
1755177991 1472 4958368 9975568
1755177992 1464 4958368 9975568
1755177993 1465 4958496 9975568
1755177994 1466 4958624 9975568
1755177995 1468 4958752 9975568
1755177997 1469 4959136 9975568
1755177998 1470 4959776 9975568
1755177999 1471 4960032 9975568
1755178000 1472 4960032 9975568
1755178001 1473 4960160 9975568
1755178002 1474 4960288 9975568
1755178003 1475 4960288 9975568
1755178004 1469 4960416 9975568
1755178005 1469 4960416 9975568
1755178006 1470 4960544 9975568
1755178007 1471 4960672 9975568
1755178009 1472 4960800 9975568
1755178010 1473 4961312 9975568
1755178011 1475 4962080 9975568
1755178012 1475 4962080 9975568
1755178013 1476 4962208 9975568
1755178014 1476 4962336 9975568
1755178015 1477 4962336 9975568
1755178016 1470 4962336 9975568
1755178017 1471 4962464 9975568
1755178018 1471 4962720 9975568
1755178019 1472 4962720 9975568
1755178021 1473 4963872 9975568
1755178022 1474 4964384 9975568
1755178023 1475 4966048 9975568
1755178024 1474 4968480 9975568
1755178025 1475 5024268 9975568
1755178026 1473 5188144 9975568
1755178027 1469 5649140 9975568
1755178028 1469 5825268 9975568
1755178029 1466 5825268 9975568
1755178030 1463 7048100 9975568
1755178031 1450 7410596 9975568
1755178032 1444 7496612 9975568
1755178033 1442 8258852 9975568
1755178034 1443 8258852 9975568
1755178035 1444 8258852 9975568
1755178037 1442 8258852 9975568
1755178038 1443 8258852 9975568
1755178039 1444 8258852 9975568
1755178040 1442 8258980 9975568
1755178041 1442 8258980 9975568
1755178042 1443 8258980 9975568
1755178043 1444 8258980 9975568
1755178044 1445 8258980 9975568
1755178045 1440 8258980 9975568
1755178046 1441 8258980 9975568
1755178047 1442 8258980 9975568
1755178048 1442 8258980 9975568
1755178050 1443 8258980 9975568
1755178051 1443 8258980 9975568
1755178052 1444 8258980 9975568
1755178053 1445 8258980 9975568
1755178054 1446 8258980 9975568
1755178055 1446 8258980 9975568
1755178056 1447 8258980 9975568
1755178057 1443 8258980 9975568
1755178058 1444 8258980 9975568
1755178059 1445 8258980 9975568
1755178060 1446 8258980 9975568
1755178062 1446 8258980 9975568
1755178063 1447 8258980 9975568
1755178064 1448 8258980 9975568
1755178065 1449 8258980 9975568
1755178066 1449 8258980 9975568
1755178067 1450 8258980 9975568
1755178068 1451 8258980 9975568
1755178069 1446 8258980 9975568
1755178070 1447 8258980 9975568
1755178071 1448 8258980 9975568
1755178073 1449 8258980 9975568
1755178074 1450 8258980 9975568
1755178075 1451 8258980 9975568
1755178076 1452 8258980 9975568
1755178077 1453 8258980 9975568
1755178078 1454 8258980 9975568
1755178079 1455 8258980 9975568
1755178080 1450 8258980 9975568
1755178081 1451 8258980 9975568
1755178082 1451 8258980 9975568
1755178083 1452 8258980 9975568
1755178085 1452 8258980 9975568
1755178086 1452 8258980 9975568
1755178087 1453 8258980 9975568
1755178088 1454 8258980 9975568
1755178089 1454 8258980 9975568
1755178090 1455 8258980 9975568
1755178091 1456 8258980 9975568
1755178092 1451 8258980 9975568
1755178093 1452 8258980 9975568
1755178094 1453 8258980 9975568
1755178095 1454 8258980 9975568
1755178097 1454 8258980 9975568
1755178098 1455 8258980 9975568
1755178099 1455 8258980 9975568
1755178100 1456 5010888 6345148
1755178101 1457 5024840 6345148
1755178102 1458 5024840 6345148
1755178103 1454 5024840 6345148
1755178104 1455 5024840 6345148
1755178105 1456 5024840 6345148
1755178107 1456 5024840 6345148
1755178108 1457 5024840 6345148
1755178109 1457 3593496 5124444
1755178110 1458 3804184 5124444
1755178111 1459 3804184 5124444
1755178112 1460 3804184 5124444
1755178113 1461 3804184 5124444
1755178114 1456 3804184 5124444
1755178115 1457 3804184 5124444
1755178116 1458 3804184 5124444
1755178118 1457 3804184 5124444
1755178119 1454 6301024 8939144
