1759753253  0.0 15872 675428
1759753254  741 424464 2482700
1759753255 1130 426896 2483252
1759753256 1317 427280 2483252
1759753257 1412 427280 2483252
1759753258 1225 427408 2483252
1759753259 1293 427536 2483252
1759753260 1343 427536 2483252
1759753262 1374 427536 2483252
1759753263 1387 427536 2483252
1759753264 1404 427664 2483252
1759753265 1417 427920 2483252
1759753266 1437 429200 2483252
1759753267 1452 429456 2483252
1759753268 1464 429584 2483252
1759753269 1478 429712 2483252
1759753270 1490 431632 2483252
1759753271 1498 433040 2483252
1759753272 1426 433424 2483252
1759753273 1432 433552 2483252
1759753274 1427 921872 2483252
1759753275 1392 1218960 2483252
1759753276 1371 1360656 2483252
1759753278 1382 1361680 2483252
1759753279 1393 1361680 2483252
1759753280 1404 1361680 2483252
1759753281 1406 856444 1701380
1759753282 1417 641896 1310748
