1755180797  0.0 17656 677012
1755180798  323 1176704 3153924
1755180799  213 3160564 4911912
1755180800  176 3299844 4911912
1755180801  126 3310468 4911912
1755180802  122 7086284 13702276
1755180803  279 7093668 13735044
1755180804  452 7095716 13735044
1755180805  598 7100324 13735668
1755180807  709 7100324 13735668
1755180808  782 7100324 13735668
1755180809  834 7100324 13735668
1755180810  882 7100324 13735668
1755180811  919 7100324 13735668
1755180812  970 7100324 13735668
1755180813  956 7100324 13735668
1755180814 1000 7100324 13735668
1755180815 1030 7100324 13735668
1755180817 1056 7100324 13735668
1755180818 1084 7100324 13735668
1755180819 1105 7100324 13735668
1755180820 1129 7100324 13735668
1755180821 1152 7100324 13735668
1755180822 1178 7100452 13735668
1755180823 1198 7100452 13735668
1755180824 1174 7100452 13735668
1755180825 1194 7100452 13735668
1755180826 1212 7100452 13735668
1755180828 1230 7100452 13735668
1755180829 1243 7100452 13735668
1755180830 1259 7100452 13735668
1755180831 1272 7100452 13735668
1755180832 1286 7100452 13735668
1755180833 1296 7100452 13735668
1755180834 1273 7100452 13735668
1755180835 1283 7100452 13735668
1755180836 1295 7100452 13735668
1755180838 1306 7100452 13735668
1755180839 1314 7100452 13735668
1755180840 1320 7100452 13735668
1755180841 1324 7100452 13735668
1755180842 1328 7100452 13735668
1755180843 1332 7100452 13735668
1755180844 1310 7100452 13735668
1755180845 1315 7100452 13735668
1755180846 1320 7100452 13735668
1755180847 1329 7100452 13735668
1755180849 1336 7100452 13735668
1755180850 1342 7100452 13735668
1755180851 1347 7100452 13735668
1755180852 1353 7100452 13735668
1755180853 1357 7100452 13735668
1755180854 1339 7100452 13735668
1755180855 1345 7100452 13735668
1755180856 1353 7100836 13735668
1755180858 1359 7100836 13735668
1755180859 1365 7100836 13735668
1755180860 1371 7101476 13735668
1755180861 1376 7101476 13735668
1755180862 1382 7101476 13735668
1755180863 1387 7101476 13735668
1755180864 1372 7101988 13735668
1755180865 1377 7101988 13735668
1755180866 1382 7101988 13735668
1755180868 1387 7101988 13735668
1755180869 1392 7101988 13735668
1755180870 1397 7101988 13735668
1755180871 1399 7102116 13735668
1755180872 1401 7102116 13735668
1755180873 1402 7102116 13735668
1755180874 1386 7102116 13735668
1755180875 1389 7102116 13735668
1755180876 1393 7102116 13735668
1755180878 1395 7102116 13735668
1755180879 1398 7102244 13735668
1755180880 1400 7102244 13735668
1755180881 1403 7102244 13735668
1755180882 1406 7102244 13735668
1755180883 1410 7102244 13735668
1755180884 1397 7102244 13735668
1755180885 1398 7102244 13735668
1755180886 1399 7102244 13735668
1755180887 1400 7102244 13735668
1755180888 1400 7102244 13735668
1755180889 1404 7102244 13735668
1755180891 1408 7102244 13735668
1755180892 1410 7102244 13735668
1755180893 1413 7102244 13735668
1755180894 1417 7102244 13735668
1755180895 1419 7102244 13735668
1755180896 1422 7102244 13735668
1755180897 1411 7102244 13735668
1755180898 1415 7102244 13735668
1755180899 1418 7102500 13735668
1755180901 1422 7102500 13735668
1755180902 1424 7102500 13735668
1755180903 1425 7102500 13735668
1755180904 1426 7102500 13735668
1755180905 1428 7102500 13735668
1755180906 1429 7102500 13735668
1755180907 1418 7102500 13735668
1755180908 1420 7102500 13735668
1755180909 1423 7102500 13735668
1755180911 1426 7102500 13735668
1755180912 1428 7102500 13735668
1755180913 1429 7102500 13735668
1755180914 1430 7102500 13735668
1755180915 1432 7102500 13735668
1755180916 1434 7102500 13735668
1755180917 1425 7102500 13735668
1755180918 1428 7102500 13735668
1755180919 1429 7102500 13735668
1755180921 1430 7102500 13735668
1755180922 1432 7102500 13735668
1755180923 1433 7102500 13735668
1755180924 1435 7102500 13735668
1755180925 1437 7102500 13735668
1755180926 1439 7102884 13735668
1755180927 1430 7102884 13735668
1755180928 1433 7102884 13735668
1755180929 1435 7103140 13735668
1755180931 1437 7103140 13735668
1755180932 1440 7103652 13735668
1755180933 1442 7103652 13735668
1755180934 1442 7103652 13735668
1755180935 1443 7103652 13735668
1755180936 1444 7103652 13735668
1755180937 1444 7103652 13735668
1755180938 1436 7103652 13735668
1755180939 1438 7103908 13735668
1755180940 1440 7103908 13735668
1755180942 1442 7104036 13735668
1755180943 1444 7104036 13735668
1755180944 1446 7104036 13735668
1755180945 1448 7104292 13735668
1755180946 1450 7104292 13735668
1755180947 1442 7104292 13735668
1755180948 1443 7104292 13735668
1755180949 1444 7104292 13735668
1755180951 1446 7104292 13735668
1755180952 1447 7104292 13735668
1755180953 1449 7104292 13735668
1755180954 1450 7104292 13735668
1755180955 1451 7104292 13735668
1755180956 1452 7104292 13735668
1755180957 1443 7104292 13735668
1755180958 1445 7104292 13735668
1755180959 1447 7104292 13735668
1755180961 1449 7104292 13735668
1755180962 1451 7104420 13735668
1755180963 1452 7104420 13735668
1755180964 1454 7104420 13735668
1755180965 1455 7104420 13735668
1755180966 1455 7104420 13735668
1755180967 1447 7104420 13735668
1755180968 1447 7104548 13735668
1755180969 1449 7104548 13735668
1755180971 1451 7104548 13735668
1755180972 1452 7104548 13735668
1755180973 1454 7104548 13735668
1755180974 1455 7104548 13735668
1755180975 1456 7104548 13735668
1755180976 1458 7104548 13735668
1755180977 1451 7104548 13735668
1755180978 1453 7104548 13735668
1755180979 1455 7104548 13735668
1755180981 1456 7104676 13735668
1755180982 1457 7104676 13735668
1755180983 1458 7104676 13735668
1755180984 1459 7104932 13735668
1755180985 1460 7104932 13735668
1755180986 1461 7105060 13735668
1755180987 1455 7105060 13735668
1755180988 1456 7105060 13735668
1755180989 1457 7105188 13735668
1755180991 1457 7105188 13735668
1755180992 1458 7105572 13735668
1755180993 1460 7105572 13735668
1755180994 1461 7105572 13735668
1755180995 1462 7105572 13735668
1755180996 1463 7105572 13735668
1755180997 1456 7105700 13735668
1755180998 1456 7105700 13735668
1755180999 1457 7105828 13735668
1755181001 1458 7106084 13735668
1755181002 1459 7106084 13735668
1755181003 1460 7106212 13735668
1755181004 1462 7106212 13735668
1755181005 1463 7106212 13735668
1755181006 1464 7106212 13735668
1755181007 1458 7106212 13735668
1755181008 1460 7106212 13735668
1755181009 1461 7106340 13735668
1755181011 1462 7106340 13735668
1755181012 1464 7106340 13735668
1755181013 1465 7106340 13735668
1755181014 1466 7106340 13735668
1755181015 1467 7106340 13735668
1755181016 1468 7106340 13735668
1755181017 1462 7106468 13735668
1755181018 1463 7106468 13735668
1755181019 1463 7106468 13735668
1755181021 1464 7106468 13735668
1755181022 1465 7106468 13735668
1755181023 1466 7106468 13735668
1755181024 1467 7106468 13735668
1755181025 1467 7106468 13735668
1755181026 1468 7106468 13735668
1755181027 1468 7106468 13735668
1755181028 1462 7106468 13735668
1755181029 1462 7106596 13735668
1755181030 1462 7106596 13735668
1755181031 1463 7106852 13735668
1755181033 1465 7106852 13735668
1755181034 1465 7106852 13735668
1755181035 1466 7106852 13735668
1755181036 1467 7107236 13735668
1755181037 1468 7107236 13735668
1755181038 1469 7107492 13735668
1755181039 1464 7107748 13735668
1755181040 1465 7107748 13735668
1755181041 1466 7107748 13735668
1755181043 1467 7108004 13735668
1755181044 1469 7108004 13735668
1755181045 1470 7108132 13735668
1755181046 1471 7108260 13735668
1755181047 1472 7108260 13735668
1755181048 1472 7108260 13735668
1755181049 1468 7108260 13735668
1755181050 1469 7108260 13735668
1755181051 1470 7108388 13735668
1755181053 1470 7108388 13735668
1755181054 1471 7108388 13735668
1755181055 1471 7108388 13735668
1755181056 1472 7108388 13735668
1755181057 1473 7108388 13735668
1755181058 1473 7108388 13735668
1755181059 1473 7108388 13735668
1755181060 1467 7108388 13735668
1755181061 1467 7108388 13735668
1755181062 1467 7108388 13735668
1755181064 1468 7108388 13735668
1755181065 1469 7108388 13735668
1755181066 1470 7108388 13735668
1755181067 1471 7108388 13735668
1755181068 1472 7108388 13735668
1755181069 1473 7108772 13735668
1755181070 1468 7108772 13735668
1755181071 1469 7108772 13735668
1755181072 1470 7109284 13735668
1755181074 1472 7109284 13735668
1755181075 1473 7109668 13735668
1755181076 1474 7109796 13735668
1755181077 1475 7109924 13735668
1755181078 1471 7109924 13735668
1755181079 1471 7109924 13735668
1755181080 1472 7110180 13735668
1755181081 1473 7110308 13735668
1755181083 1474 7110436 13735668
1755181084 1475 7110436 13735668
1755181085 1476 7110436 13735668
1755181086 1477 7110436 13735668
1755181087 1477 7110436 13735668
1755181088 1478 7110436 13735668
1755181089 1473 7110436 13735668
1755181090 1473 7110436 13735668
1755181091 1473 7110436 13735668
1755181093 1473 7110436 13735668
1755181094 1473 7110436 13735668
1755181095 1472 7110436 13735668
1755181096 1473 7110436 13735668
1755181097 1474 7110436 13735668
1755181098 1474 7110564 13735668
1755181099 1475 7110692 13735668
1755181100 1476 7110948 13735668
1755181101 1472 7110948 13735668
1755181102 1473 7111588 13735668
1755181103 1474 7111716 13735668
1755181105 1475 7111844 13735668
1755181106 1475 7112100 13735668
1755181107 1476 7112100 13735668
1755181108 1477 7112228 13735668
1755181109 1478 7112356 13735668
1755181110 1478 7112484 13735668
1755181111 1474 7112484 13735668
1755181112 1475 7112484 13735668
1755181113 1476 7112484 13735668
1755181114 1477 7112612 13735668
1755181116 1478 7112612 13735668
1755181117 1478 7112612 13735668
1755181118 1479 7112612 13735668
1755181119 1480 7112868 13735668
1755181120 1480 7112996 13735668
1755181121 1480 7113252 13735668
1755181122 1476 7113252 13735668
1755181123 1475 7113764 13735668
1755181124 1476 7113892 13735668
1755181125 1476 7114148 13735668
1755181127 1476 7114148 13735668
1755181128 1477 7114148 13735668
1755181129 1477 7114404 13735668
1755181130 1478 7114404 13735668
1755181131 1478 7114404 13735668
1755181132 1479 7114532 13735668
1755181133 1480 7114660 13735668
1755181134 1476 7114660 13735668
1755181135 1477 7114660 13735668
1755181136 1477 7115172 13735668
1755181137 1478 7115684 13735668
1755181139 1479 7116196 13735668
1755181140 1479 7116196 13735668
1755181141 1480 7116452 13735668
1755181142 1480 7116580 13735668
1755181143 1481 7116708 13735668
1755181144 1482 7116708 13735668
1755181145 1482 7117860 13735668
1755181146 1479 7118372 13735668
1755181147 1479 7118628 13735668
1755181148 1480 7119908 13735668
1755181149 1479 7120932 13735668
1755181150 1479 7136556 13735668
1755181152 1479 7203420 13735668
1755181153 1478 7438972 13735668
1755181154 1476 7438972 13735668
1755181155 1474 8000180 13735668
1755181156 1472 8354484 13735668
1755181157 1471 8354484 13735668
1755181158 1469 8354484 13735668
1755181159 1469 8354484 13735668
1755181160 1467 10113836 13735668
1755181161 1463 10386220 13735668
1755181162 1460 10638124 13735668
1755181163 1456 10638124 13735668
1755181164 1452 11682604 13735668
1755181165 1449 11851052 13735668
1755181166 1450 11851052 13735668
1755181167 1450 11851052 13735668
1755181168 1451 11851052 13735668
1755181170 1450 11851052 13735668
1755181171 1450 11851052 13735668
1755181172 1450 11851052 13735668
1755181173 1451 11851052 13735668
1755181174 1451 11851052 13735668
1755181175 1451 11851052 13735668
1755181176 1449 11851180 13735668
1755181177 1450 11851180 13735668
1755181178 1451 11851180 13735668
1755181179 1447 11851180 13735668
1755181180 1448 11851180 13735668
1755181181 1448 11851180 13735668
1755181183 1449 11851180 13735668
1755181184 1449 11851180 13735668
1755181185 1450 11851180 13735668
1755181186 1450 11851180 13735668
1755181187 1451 11851180 13735668
1755181188 1451 11851180 13735668
1755181189 1451 11851180 13735668
1755181190 1448 11851180 13735668
1755181191 1448 11851180 13735668
1755181192 1448 11851180 13735668
1755181193 1449 11851180 13735668
1755181194 1449 11851180 13735668
1755181196 1449 11851180 13735668
1755181197 1450 11851180 13735668
1755181198 1451 11851180 13735668
1755181199 1451 11851180 13735668
1755181200 1452 11851180 13735668
1755181201 1453 11851180 13735668
1755181202 1453 11851180 13735668
1755181203 1450 11851180 13735668
1755181204 1451 11851180 13735668
1755181205 1451 11851180 13735668
1755181206 1452 11851180 13735668
1755181208 1453 11851180 13735668
1755181209 1453 11851180 13735668
1755181210 1454 11851180 13735668
1755181211 1454 11851180 13735668
1755181212 1455 11851180 13735668
1755181213 1455 11851180 13735668
1755181214 1455 11851180 13735668
1755181215 1452 11851180 13735668
1755181216 1452 11851180 13735668
1755181217 1453 11851180 13735668
1755181218 1454 11851180 13735668
1755181220 1454 11851180 13735668
1755181221 1455 11851180 13735668
1755181222 1455 11851180 13735668
1755181223 1455 11851180 13735668
1755181224 1456 11851180 13735668
1755181225 1456 11851180 13735668
1755181226 1456 11851180 13735668
1755181227 1453 11851180 13735668
1755181228 1454 11851180 13735668
1755181229 1454 11851180 13735668
1755181230 1455 11851180 13735668
1755181232 1455 11851180 13735668
1755181233 1456 11851180 13735668
1755181234 1456 11851180 13735668
1755181235 1457 11851180 13735668
1755181236 1457 11851180 13735668
1755181237 1458 11851180 13735668
1755181238 1455 11851180 13735668
1755181239 1456 11851180 13735668
1755181240 1456 11851180 13735668
1755181241 1457 11851180 13735668
1755181243 1457 11851180 13735668
1755181244 1457 11851180 13735668
1755181245 1458 11851180 13735668
1755181246 1458 11851180 13735668
1755181247 1458 11851180 13735668
1755181248 1459 11851180 13735668
1755181249 1459 11851180 13735668
1755181250 1457 11851180 13735668
1755181251 1457 11851180 13735668
1755181252 1458 11851180 13735668
1755181253 1458 11851180 13735668
1755181255 1458 11851180 13735668
1755181256 1459 11851180 13735668
1755181257 1459 11851180 13735668
1755181258 1460 11851180 13735668
1755181259 1460 11851180 13735668
1755181260 1460 11851180 13735668
1755181261 1460 11851180 13735668
1755181262 1457 11851180 13735668
1755181263 1458 11851180 13735668
1755181264 1458 11851180 13735668
1755181265 1459 11851180 13735668
1755181267 1459 11851180 13735668
1755181268 1460 11851180 13735668
1755181269 1460 11851180 13735668
1755181270 1461 11851180 13735668
1755181271 1462 11851180 13735668
1755181272 1462 11851180 13735668
1755181273 1460 11851180 13735668
1755181274 1459 7187860 8493704
1755181275 1459 7187860 8493704
1755181277 1459 7187860 8493704
1755181278 1459 7187860 8493704
1755181279 1460 7187860 8493704
1755181280 1460 7187860 8493704
1755181281 1461 7187860 8493704
1755181282 1461 7187860 8493704
1755181283 1462 7187860 8493704
1755181284 1459 7187860 8493704
1755181285 1459 7187860 8493704
1755181286 1460 7187860 8493704
1755181288 1461 7187860 8493704
1755181289 1461 7187860 8493704
1755181290 1461 3938444 6735888
1755181291 1461 5430156 6735888
1755181292 1461 5430156 6735888
1755181293 1461 5430156 6735888
1755181294 1462 5430156 6735888
1755181295 1459 5430156 6735888
1755181296 1459 5430156 6735888
1755181297 1459 5430156 6735888
1755181298 1460 5430156 6735888
1755181300 1460 5430156 6735888
1755181301 1461 5430156 6735888
1755181302 1461 5430156 6735888
1755181303 1462 5430156 6735888
1755181304 1462 5430156 6735888
1755181305 1463 5430156 6735888
1755181306 1462 6615292 10251520
1755181307 1456 9069356 12229064
