1759760228  0.0 15872 676452
1759760229  203 1253964 2449296
1759760230  153 3305284 4207112
1759760231  136 3319764 4207112
1759760232  127 2960352 16513684
1759760233  155 3548000 16546452
1759760234  418 3552608 16546452
1759760235  601 3559392 16547144
1759760236  658 3559392 16547144
1759760237  761 3559392 16547144
1759760238  846 3559392 16547144
1759760240  918 3559392 16547144
1759760241  963 3559392 16547144
1759760242 1006 3559392 16547144
1759760243 1037 3559392 16547144
1759760244 1068 3559392 16547144
1759760245 1098 3559392 16547144
1759760246 1120 3559392 16547144
1759760247 1102 3559392 16547144
1759760248 1132 3559392 16547144
1759760250 1157 3559392 16547144
1759760251 1176 3559392 16547144
1759760252 1198 3559392 16547144
1759760253 1219 3559392 16547144
1759760254 1239 3559392 16547144
1759760255 1256 3559392 16547144
1759760256 1273 3559392 16547144
1759760257 1244 3559392 16547144
1759760258 1256 3559392 16547144
1759760259 1264 3559392 16547144
1759760261 1271 3559392 16547144
1759760262 1277 3559392 16547144
1759760263 1286 3559392 16547144
1759760264 1296 3559392 16547144
1759760265 1309 3559392 16547144
1759760266 1319 3559520 16547144
1759760267 1329 3559520 16547144
1759760268 1305 3559520 16547144
1759760269 1316 3559648 16547144
1759760270 1325 3559648 16547144
1759760271 1332 3559648 16547144
1759760273 1335 3559648 16547144
1759760274 1339 3559648 16547144
1759760275 1343 3559648 16547144
1759760276 1350 3559648 16547144
1759760277 1354 3559648 16547144
1759760278 1359 3559648 16547144
1759760279 1340 3559648 16547144
1759760280 1345 3559648 16547144
1759760281 1351 3559648 16547144
1759760282 1356 3559648 16547144
1759760284 1363 3559648 16547144
1759760285 1369 3559648 16547144
1759760286 1376 3559648 16547144
1759760287 1381 3559648 16547144
1759760288 1387 3559648 16547144
1759760289 1392 3559648 16547144
1759760290 1397 3559776 16547144
1759760291 1380 3559776 16547144
1759760292 1384 3559776 16547144
1759760293 1387 3560160 16547144
1759760295 1389 3560160 16547144
1759760296 1390 3560160 16547144
1759760297 1392 3560160 16547144
1759760298 1395 3560672 16547144
1759760299 1400 3560672 16547144
1759760300 1404 3560672 16547144
1759760301 1408 3561184 16547144
1759760302 1393 3561184 16547144
1759760303 1395 3561184 16547144
1759760304 1397 3561184 16547144
1759760306 1398 3561440 16547144
1759760307 1399 3561440 16547144
1759760308 1402 3561440 16547144
1759760309 1404 3561440 16547144
1759760310 1405 3561440 16547144
1759760311 1409 3561440 16547144
1759760312 1412 3561440 16547144
1759760313 1414 3561440 16547144
1759760314 1402 3561440 16547144
1759760315 1405 3561440 16547144
1759760316 1409 3561440 16547144
1759760318 1412 3561440 16547144
1759760319 1415 3561440 16547144
1759760320 1419 3561440 16547144
1759760321 1421 3561440 16547144
1759760322 1425 3561440 16547144
1759760323 1428 3561440 16547144
1759760324 1416 3561440 16547144
1759760325 1419 3561440 16547144
1759760326 1422 3561440 16547144
1759760327 1424 3561440 16547144
1759760329 1425 3561440 16547144
1759760330 1425 3561440 16547144
1759760331 1426 3561440 16547144
1759760332 1427 3561440 16547144
1759760333 1429 3561440 16547144
1759760334 1431 3561440 16547144
1759760335 1431 3561440 16547144
1759760336 1432 3561440 16547144
1759760337 1420 3561440 16547144
1759760338 1421 3561440 16547144
1759760339 1423 3561440 16547144
1759760341 1424 3561440 16547144
1759760342 1427 3561440 16547144
1759760343 1428 3561440 16547144
1759760344 1430 3561440 16547144
1759760345 1432 3561440 16547144
1759760346 1434 3561440 16547144
1759760347 1436 3561440 16547144
1759760348 1439 3561440 16547144
1759760349 1429 3561440 16547144
1759760350 1431 3561440 16547144
1759760351 1433 3561440 16547144
1759760353 1435 3561440 16547144
1759760354 1439 3561440 16547144
1759760355 1441 3561440 16547144
1759760356 1443 3561696 16547144
1759760357 1445 3561696 16547144
1759760358 1447 3561696 16547144
1759760359 1438 3561696 16547144
1759760360 1440 3561696 16547144
1759760361 1442 3561696 16547144
1759760363 1443 3561952 16547144
1759760364 1444 3561952 16547144
1759760365 1445 3561952 16547144
1759760366 1444 3562336 16547144
1759760367 1444 3562336 16547144
1759760368 1445 3562336 16547144
1759760369 1435 3562336 16547144
1759760370 1436 3562720 16547144
1759760371 1437 3562720 16547144
1759760372 1439 3562720 16547144
1759760374 1440 3562976 16547144
1759760375 1442 3562976 16547144
1759760376 1443 3562976 16547144
1759760377 1445 3563104 16547144
1759760378 1447 3563104 16547144
1759760379 1449 3563104 16547144
1759760380 1451 3563104 16547144
1759760381 1443 3563104 16547144
1759760382 1445 3563488 16547144
1759760383 1446 3563488 16547144
1759760385 1449 3563488 16547144
1759760386 1450 3563488 16547144
1759760387 1452 3563488 16547144
1759760388 1454 3563488 16547144
1759760389 1455 3563488 16547144
1759760390 1457 3563488 16547144
1759760391 1449 3563488 16547144
1759760392 1451 3563488 16547144
1759760393 1453 3563488 16547144
1759760395 1454 3563488 16547144
1759760396 1456 3563488 16547144
1759760397 1456 3563488 16547144
1759760398 1455 3563488 16547144
1759760399 1454 3563488 16547144
1759760400 1454 3563488 16547144
1759760401 1454 3563488 16547144
1759760402 1446 3563488 16547144
1759760403 1446 3563488 16547144
1759760404 1447 3563488 16547144
1759760405 1448 3563488 16547144
1759760407 1450 3563488 16547144
1759760408 1451 3563488 16547144
1759760409 1452 3563488 16547144
1759760410 1454 3563488 16547144
1759760411 1456 3563488 16547144
1759760412 1457 3563488 16547144
1759760413 1450 3563488 16547144
1759760414 1452 3563488 16547144
1759760415 1453 3563488 16547144
1759760416 1455 3563616 16547144
1759760418 1456 3563744 16547144
1759760419 1457 3563744 16547144
1759760420 1459 3563744 16547144
1759760421 1460 3563744 16547144
1759760422 1462 3563872 16547144
1759760423 1463 3563872 16547144
1759760424 1457 3563872 16547144
1759760425 1458 3564128 16547144
1759760426 1459 3564128 16547144
1759760428 1461 3564512 16547144
1759760429 1461 3564512 16547144
1759760430 1461 3564512 16547144
1759760431 1461 3564640 16547144
1759760432 1461 3564640 16547144
1759760433 1460 3564640 16547144
1759760434 1459 3565024 16547144
1759760435 1459 3565024 16547144
1759760436 1453 3565024 16547144
1759760437 1454 3565024 16547144
1759760438 1455 3565024 16547144
1759760440 1457 3565024 16547144
1759760441 1458 3565024 16547144
1759760442 1459 3565024 16547144
1759760443 1460 3565024 16547144
1759760444 1461 3565408 16547144
1759760445 1462 3565408 16547144
1759760446 1464 3565536 16547144
1759760447 1458 3565536 16547144
1759760448 1459 3565536 16547144
1759760449 1460 3565536 16547144
1759760451 1462 3565536 16547144
1759760452 1463 3565536 16547144
1759760453 1464 3565536 16547144
1759760454 1465 3565536 16547144
1759760455 1466 3565536 16547144
1759760456 1467 3565536 16547144
1759760457 1468 3565536 16547144
1759760458 1463 3565536 16547144
1759760459 1464 3565536 16547144
1759760460 1464 3565536 16547144
1759760461 1464 3565536 16547144
1759760463 1464 3565536 16547144
1759760464 1464 3565536 16547144
1759760465 1465 3565536 16547144
1759760466 1465 3565536 16547144
1759760467 1465 3565536 16547144
1759760468 1465 3565792 16547144
1759760469 1465 3565792 16547144
1759760470 1459 3565792 16547144
1759760471 1460 3565792 16547144
1759760472 1461 3566048 16547144
1759760474 1462 3566048 16547144
1759760475 1464 3566048 16547144
1759760476 1465 3566176 16547144
1759760477 1466 3566304 16547144
1759760478 1467 3566304 16547144
1759760479 1468 3566304 16547144
1759760480 1469 3566688 16547144
1759760481 1464 3566688 16547144
1759760482 1465 3566944 16547144
1759760483 1466 3566944 16547144
1759760485 1467 3566944 16547144
1759760486 1468 3567072 16547144
1759760487 1469 3567072 16547144
1759760488 1470 3567200 16547144
1759760489 1471 3567200 16547144
1759760490 1472 3567328 16547144
1759760491 1467 3567456 16547144
1759760492 1467 3567456 16547144
1759760493 1467 3567456 16547144
1759760494 1467 3567456 16547144
1759760496 1468 3567456 16547144
1759760497 1468 3567584 16547144
1759760498 1469 3567584 16547144
1759760499 1469 3567584 16547144
1759760500 1470 3567584 16547144
1759760501 1470 3567584 16547144
1759760502 1470 3567584 16547144
1759760503 1470 3567584 16547144
1759760504 1465 3567584 16547144
1759760505 1465 3567584 16547144
1759760506 1466 3567584 16547144
1759760507 1467 3567584 16547144
1759760509 1468 3567584 16547144
1759760510 1469 3567584 16547144
1759760511 1469 3567712 16547144
1759760512 1470 3568096 16547144
1759760513 1471 3568224 16547144
1759760514 1472 3568224 16547144
1759760515 1473 3568224 16547144
1759760516 1469 3568480 16547144
1759760517 1470 3568608 16547144
1759760518 1470 3568608 16547144
1759760520 1471 3568736 16547144
1759760521 1472 3568864 16547144
1759760522 1473 3568864 16547144
1759760523 1473 3568864 16547144
1759760524 1473 3569120 16547144
1759760525 1473 3569120 16547144
1759760526 1473 3569120 16547144
1759760527 1473 3569120 16547144
1759760528 1469 3569504 16547144
1759760529 1470 3569504 16547144
1759760530 1470 3569504 16547144
1759760531 1471 3569632 16547144
1759760533 1472 3569632 16547144
1759760534 1472 3569632 16547144
1759760535 1472 3569632 16547144
1759760536 1472 3569632 16547144
1759760537 1472 3569632 16547144
1759760538 1473 3569632 16547144
1759760539 1473 3569632 16547144
1759760540 1474 3569632 16547144
1759760541 1470 3569760 16547144
1759760542 1471 3569760 16547144
1759760543 1471 3569888 16547144
1759760545 1472 3570016 16547144
1759760546 1473 3570272 16547144
1759760547 1474 3570528 16547144
1759760548 1474 3570528 16547144
1759760549 1475 3570656 16547144
1759760550 1476 3570656 16547144
1759760551 1477 3570912 16547144
1759760552 1473 3571040 16547144
1759760553 1473 3571040 16547144
1759760554 1473 3571296 16547144
1759760555 1473 3571296 16547144
1759760557 1474 3571296 16547144
1759760558 1474 3571296 16547144
1759760559 1474 3571552 16547144
1759760560 1475 3571680 16547144
1759760561 1476 3571680 16547144
1759760562 1476 3571680 16547144
1759760563 1477 3571680 16547144
1759760564 1473 3571808 16547144
1759760565 1474 3571808 16547144
1759760566 1474 3571808 16547144
1759760568 1475 3572064 16547144
1759760569 1475 3572192 16547144
1759760570 1475 3572448 16547144
1759760571 1475 3572448 16547144
1759760572 1476 3572448 16547144
1759760573 1476 3572576 16547144
1759760574 1476 3572704 16547144
1759760575 1477 3572960 16547144
1759760576 1474 3573088 16547144
1759760577 1474 3573472 16547144
1759760578 1475 3573600 16547144
1759760579 1476 3573728 16547144
1759760581 1476 3573728 16547144
1759760582 1477 3573984 16547144
1759760583 1477 3574240 16547144
1759760584 1478 3574368 16547144
1759760585 1478 3574496 16547144
1759760586 1478 3574496 16547144
1759760587 1478 3574496 16547144
1759760588 1479 3574496 16547144
1759760589 1475 3574624 16547144
1759760590 1475 3575008 16547144
1759760591 1476 3575136 16547144
1759760592 1476 3575648 16547144
1759760594 1477 3575776 16547144
1759760595 1477 3576160 16547144
1759760596 1478 3576160 16547144
1759760597 1478 3576416 16547144
1759760598 1479 3576800 16547144
1759760599 1479 3577312 16547144
1759760600 1480 3578208 16547144
1759760601 1480 3578720 16547144
1759760602 1477 3579360 16547144
1759760603 1477 3579616 16547144
1759760604 1477 3579744 16547144
1759760605 1477 3580000 16547144
1759760606 1477 3580000 16547144
1759760607 1475 5337952 16547144
1759760609 1473 7096544 16547144
1759760610 1473 7173984 16547144
1759760611 1472 7223392 16547144
1759760612 1470 7409760 16547144
1759760613 1468 7409760 16547144
1759760614 1467 7490272 16547144
1759760615 1463 7801184 16547144
1759760616 1460 7972960 16547144
1759760617 1456 8073312 16547144
1759760618 1456 8326240 16547144
1759760619 1455 8329440 16547144
1759760620 1452 8329440 16547144
1759760621 1449 8329440 16547144
1759760622 1446 8329440 16547144
1759760623 1442 8329440 16547144
1759760624 1440 8535904 16547144
1759760625 1437 8789984 16547144
1759760626 1434 9038432 16547144
1759760627 1430 9290592 16547144
1759760628 1427 9540960 16547144
1759760629 1424 9933408 16547144
1759760630 1420 10393824 16547144
1759760631 1417 10613600 16547144
1759760632 1414 10613600 16547144
1759760634 1411 10613600 16547144
1759760635 1408 10613600 16547144
1759760636 1404 10613600 16547144
1759760637 1401 10613600 16547144
1759760638 1398 11687008 16547144
1759760639 1398 11828192 16547144
1759760640 1399 11828192 16547144
1759760641 1399 11828192 16547144
1759760642 1400 11828192 16547144
1759760643 1400 11828192 16547144
1759760644 1396 11828192 16547144
1759760645 1395 11828192 16547144
1759760646 1392 11828192 16547144
1759760647 1392 11828192 16547144
1759760648 1393 11828192 16547144
1759760649 1393 11828192 16547144
1759760651 1393 11828192 16547144
1759760652 1390 11828192 16547144
1759760653 1387 11828192 16547144
1759760654 1386 11828320 16547144
1759760655 1386 11828320 16547144
1759760656 1387 11828320 16547144
1759760657 1388 11828320 16547144
1759760658 1388 11828320 16547144
1759760659 1389 11828320 16547144
1759760660 1390 11828320 16547144
1759760661 1387 11828320 16547144
1759760662 1388 11828320 16547144
1759760663 1389 11828320 16547144
1759760665 1389 11828320 16547144
1759760666 1390 11828320 16547144
1759760667 1391 11828320 16547144
1759760668 1391 11828320 16547144
1759760669 1391 11828320 16547144
1759760670 1392 11828320 16547144
1759760671 1392 11828320 16547144
1759760672 1392 11828320 16547144
1759760673 1393 11828320 16547144
1759760674 1393 11828320 16547144
1759760675 1391 11828320 16547144
1759760676 1392 11828320 16547144
1759760677 1392 11828320 16547144
1759760679 1392 11828320 16547144
1759760680 1393 11828320 16547144
1759760681 1393 11828320 16547144
1759760682 1393 11828320 16547144
1759760683 1394 11828320 16547144
1759760684 1395 11828320 16547144
1759760685 1395 11828320 16547144
1759760686 1396 11828320 16547144
1759760687 1394 11828320 16547144
1759760688 1394 11828320 16547144
1759760689 1395 11828320 16547144
1759760691 1395 11828320 16547144
1759760692 1396 11828320 16547144
1759760693 1397 11828320 16547144
1759760694 1398 11828320 16547144
1759760695 1398 11828320 16547144
1759760696 1399 11828320 16547144
1759760697 1399 11828320 16547144
1759760698 1397 11828320 16547144
1759760699 1398 11828320 16547144
1759760700 1398 11828320 16547144
1759760701 1399 11828320 16547144
1759760703 1399 11828320 16547144
1759760704 1400 11828320 16547144
1759760705 1400 11828320 16547144
1759760706 1400 11828320 16547144
1759760707 1401 11828320 16547144
1759760708 1401 11828320 16547144
1759760709 1401 11828320 16547144
1759760710 1402 11828320 16547144
1759760711 1399 11828320 16547144
1759760712 1399 11828320 16547144
1759760713 1399 11828320 16547144
1759760714 1400 11828320 16547144
1759760716 1401 11828320 16547144
1759760717 1401 11828320 16547144
1759760718 1402 11828320 16547144
1759760719 1402 11828320 16547144
1759760720 1403 11828320 16547144
1759760721 1403 11828320 16547144
1759760722 1404 11828320 16547144
1759760723 1405 11828320 16547144
1759760724 1402 11828320 16547144
1759760725 1403 11828320 16547144
1759760726 1404 11828320 16547144
1759760727 1404 11828320 16547144
1759760729 1405 11828320 16547144
1759760730 1405 11828320 16547144
1759760731 1406 11828320 16547144
1759760732 1407 11828320 16547144
1759760733 1407 11828320 16547144
1759760734 1408 11828320 16547144
1759760735 1408 11828320 16547144
1759760736 1406 11828320 16547144
1759760737 1406 11828320 16547144
1759760738 1406 11828320 16547144
1759760739 1407 11828320 16547144
1759760741 1407 11828320 16547144
1759760742 1407 11828320 16547144
1759760743 1407 11828320 16547144
1759760744 1407 11828320 16547144
1759760745 1408 11828320 16547144
1759760746 1408 11828320 16547144
1759760747 1409 11828320 16547144
1759760748 1409 11828320 16547144
1759760749 1407 11828320 16547144
1759760750 1408 11828320 16547144
1759760751 1408 11828320 16547144
1759760753 1409 11828320 16547144
1759760754 1409 11828320 16547144
1759760755 1410 11828320 16547144
1759760756 1410 11828320 16547144
1759760757 1411 11828320 16547144
1759760758 1411 11828320 16547144
1759760759 1412 11828320 16547144
1759760760 1410 11828320 16547144
1759760761 1410 11828320 16547144
1759760762 1411 11828320 16547144
1759760763 1411 13585568 16547144
1759760764 1408 15341608 16547144
1759760765 1406 5351672 5998388
1759760767 1406 7177948 9514020
1759760768 1407 7177948 9514020
1759760769 1407 7177948 9514020
1759760770 1408 7177948 9514020
1759760771 1408 7177948 9514020
1759760772 1408 7177948 9514020
1759760773 1408 7177948 9514020
1759760774 1408 7177948 9514020
1759760775 1405 7177948 9514020
1759760776 1405 7177948 9514020
1759760777 1406 7177948 9514020
1759760778 1406 7177948 9514020
1759760780 1407 7177948 9514020
1759760781 1407 8935508 11271836
1759760782 1408 8935508 11271836
1759760783 1408 8935508 11271836
1759760784 1409 8935508 11271836
1759760785 1409 8935508 11271836
1759760786 1410 8935508 11271836
1759760787 1408 8935508 11271836
1759760788 1408 8935508 11271836
1759760789 1409 8935508 11271836
1759760791 1409 8935508 11271836
1759760792 1410 8935508 11271836
1759760793 1410 8935508 11271836
1759760794 1411 8935508 11271836
1759760795 1412 8935508 11271836
1759760796 1412 4285640 5998388
1759760797 1413 5360840 5998388
1759760798 1411 5360840 5998388
1759760799 1411 5360840 5998388
1759760800 1412 5360840 5998388
1759760801 1412 5360840 5998388
1759760803 1412 5360840 5998388
1759760804 1412 5360840 5998388
1759760805 1412 5360840 5998388
1759760806 1412 5360840 5998388
1759760807 1412 5360840 5998388
1759760808 1412 5360840 5998388
1759760809 1413 5360840 5998388
1759760810 1411 5360840 5998388
1759760811 1411 5360840 5998388
1759760812 1411 6566152 9514020
