1759754551  0.0 15744 676452
1759754552  216 1409952 2253984
1759754553  159 1345568 7723992
1759754554  453 1598624 7756760
1759754555  751 1601952 7757352
1759754557  903 1601952 7757352
1759754558 1006 1602080 7757352
1759754559 1067 1602080 7757352
1759754560 1134 1602080 7757352
1759754561 1189 1602080 7757352
1759754562 1231 1602080 7757352
1759754563 1273 1602080 7757352
1759754564 1196 1602080 7757352
1759754565 1224 1602080 7757352
1759754566 1255 1602208 7757352
1759754568 1284 1602208 7757352
1759754569 1309 1602336 7757352
1759754570 1330 1602336 7757352
1759754571 1351 1603488 7757352
1759754572 1368 1603872 7757352
1759754573 1385 1603872 7757352
1759754574 1395 1604000 7757352
1759754575 1346 1604000 7757352
1759754576 1355 1604000 7757352
1759754577 1364 1604000 7757352
1759754578 1371 1604000 7757352
1759754580 1379 1604000 7757352
1759754581 1391 1604000 7757352
1759754582 1401 1604000 7757352
1759754583 1412 1604000 7757352
1759754584 1421 1604000 7757352
1759754585 1430 1604000 7757352
1759754586 1438 1604000 7757352
1759754587 1404 1604000 7757352
1759754588 1406 1604000 7757352
1759754589 1409 1604000 7757352
1759754590 1413 1604000 7757352
1759754592 1420 1604000 7757352
1759754593 1426 1604000 7757352
1759754594 1430 1604000 7757352
1759754595 1433 1604000 7757352
1759754596 1433 1604000 7757352
1759754597 1435 1604000 7757352
1759754598 1441 1604000 7757352
1759754599 1416 1604256 7757352
1759754600 1422 1604256 7757352
1759754601 1428 1604256 7757352
1759754603 1434 1604512 7757352
1759754604 1439 1604512 7757352
1759754605 1441 1604896 7757352
1759754606 1446 1605408 7757352
1759754607 1452 1605536 7757352
1759754608 1456 1605792 7757352
1759754609 1459 1605792 7757352
1759754610 1437 1605920 7757352
1759754611 1439 1605920 7757352
1759754612 1442 1605920 7757352
1759754613 1445 1606048 7757352
1759754615 1450 1606048 7757352
1759754616 1454 1606048 7757352
1759754617 1458 1606048 7757352
1759754618 1462 1606048 7757352
1759754619 1463 1606048 7757352
1759754620 1464 1606048 7757352
1759754621 1465 1606048 7757352
1759754622 1447 1606048 7757352
1759754623 1451 1606048 7757352
1759754624 1455 1606176 7757352
1759754626 1458 1606176 7757352
1759754627 1460 1606304 7757352
1759754628 1460 1606304 7757352
1759754629 1460 1606432 7757352
1759754630 1462 1606432 7757352
1759754631 1464 1606816 7757352
1759754632 1467 1606944 7757352
1759754633 1452 1607328 7757352
1759754634 1455 1607456 7757352
1759754635 1457 1607712 7757352
1759754636 1460 1607712 7757352
1759754638 1463 1607712 7757352
1759754639 1465 1608096 7757352
1759754640 1467 1608096 7757352
1759754641 1469 1608096 7757352
1759754642 1472 1608096 7757352
1759754643 1474 1608224 7757352
1759754644 1476 1608224 7757352
1759754645 1461 1608352 7757352
1759754646 1463 1608352 7757352
1759754647 1465 1608352 7757352
1759754648 1467 1608480 7757352
1759754650 1469 1608608 7757352
1759754651 1469 1608608 7757352
1759754652 1470 1609120 7757352
1759754653 1470 1609376 7757352
1759754654 1472 1609632 7757352
1759754655 1474 1609760 7757352
1759754656 1477 1609888 7757352
1759754657 1479 1610016 7757352
1759754658 1465 1610016 7757352
1759754659 1466 1610272 7757352
1759754660 1469 1610400 7757352
1759754661 1470 1610400 7757352
1759754663 1471 1610400 7757352
1759754664 1472 1610400 7757352
1759754665 1473 1610528 7757352
1759754666 1474 1610912 7757352
1759754667 1476 1611296 7757352
1759754668 1478 1611808 7757352
1759754669 1479 1611808 7757352
1759754670 1481 1612192 7757352
1759754671 1482 1612320 7757352
1759754672 1472 1612448 7757352
1759754673 1474 1613344 7757352
1759754674 1476 1613984 7757352
1759754676 1477 1615392 7757352
1759754677 1472 3142816 7757352
1759754678 1472 3212448 7757352
1759754679 1471 3321632 7757352
1759754680 1468 3321632 7757352
1759754681 1459 3571488 7757352
1759754682 1456 3729696 7757352
1759754683 1447 3729696 7757352
1759754684 1443 3909792 7757352
1759754685 1433 4198560 7757352
1759754686 1423 4622368 7757352
1759754687 1413 4743712 7757352
1759754688 1403 4743712 7757352
1759754689 1397 5291168 7757352
1759754690 1388 5291168 7757352
1759754691 1385 5292576 7757352
1759754692 1387 5292576 7757352
1759754693 1380 5292832 7757352
1759754695 1382 5292832 7757352
1759754696 1383 5292832 7757352
1759754697 1384 5292832 7757352
1759754698 1385 5292832 7757352
1759754699 1387 5292832 7757352
1759754700 1389 5292832 7757352
1759754701 1391 5292832 7757352
1759754702 1393 5292832 7757352
1759754703 1395 5292832 7757352
1759754704 1387 5292832 7757352
1759754705 1391 5292832 7757352
1759754707 1393 5292832 7757352
1759754708 1395 5292832 7757352
1759754709 1397 5292832 7757352
1759754710 1398 5292832 7757352
1759754711 1400 5292832 7757352
1759754712 1401 5292832 7757352
1759754713 1402 5292832 7757352
1759754714 1402 5292832 7757352
1759754715 1394 5292832 7757352
1759754716 1396 5292832 7757352
1759754717 1397 5292832 7757352
1759754718 1399 5292832 7757352
1759754720 1401 5292832 7757352
1759754721 1401 5292832 7757352
1759754722 1403 5292832 7757352
1759754723 1405 5292832 7757352
1759754724 1406 5292832 7757352
1759754725 1408 5292832 7757352
1759754726 1409 5292832 7757352
1759754727 1411 5292832 7757352
1759754728 1403 6073228 7757352
1759754729 1396 4842044 7757352
1759754730 1396 3236156 4631100
1759754731 1397 3236156 4631100
1759754732 1398 3236156 4631100
1759754734 1399 3236156 4631100
1759754735 1401 4017604 5412352
1759754736 1403 4017604 5412352
1759754737 1404 4017604 5412352
1759754738 1406 4017604 5412352
1759754739 1407 2416168 3068596
1759754740 1409 2416168 3068596
1759754741 1411 2416168 3068596
1759754742 1405 2416168 3068596
