1759753282  0.0 15488 675428
1759753283  214 608992 4647636
1759753284  650 914528 4680404
1759753285  948 917600 4680976
1759753287 1108 917600 4680976
1759753288 1240 917600 4680976
1759753289 1318 917600 4680976
1759753290 1377 917600 4680976
1759753291 1420 917600 4680976
1759753292 1451 917600 4680976
1759753293 1462 917600 4680976
1759753294 1362 917600 4680976
1759753295 1380 917728 4680976
1759753296 1392 917728 4680976
1759753298 1402 917856 4680976
1759753299 1410 918112 4680976
1759753300 1427 918240 4680976
1759753301 1443 918752 4680976
1759753302 1458 919008 4680976
1759753303 1469 919136 4680976
1759753304 1480 919136 4680976
1759753305 1485 919520 4680976
1759753306 1421 919520 4680976
1759753307 1424 919520 4680976
1759753308 1431 919520 4680976
1759753310 1441 919648 4680976
1759753311 1450 919648 4680976
1759753312 1458 919776 4680976
1759753313 1466 919776 4680976
1759753314 1474 919776 4680976
1759753315 1477 919776 4680976
1759753316 1479 920160 4680976
1759753317 1479 920160 4680976
1759753318 1442 920416 4680976
1759753319 1449 920672 4680976
1759753320 1455 921440 4680976
1759753321 1461 921440 4680976
1759753323 1467 921696 4680976
1759753324 1471 921696 4680976
1759753325 1476 921824 4680976
1759753326 1481 921952 4680976
1759753327 1485 922208 4680976
1759753328 1489 922592 4680976
1759753329 1493 923104 4680976
1759753330 1495 923488 4680976
1759753331 1466 923488 4680976
1759753332 1469 923616 4680976
1759753333 1473 923744 4680976
1759753334 1477 924000 4680976
1759753336 1480 924768 4680976
1759753337 1484 925792 4680976
1759753338 1485 926176 4680976
1759753339 1487 926816 4680976
1759753340 1488 926944 4680976
1759753341 1490 927328 4680976
1759753342 1487 1459808 4680976
1759753343 1483 1887072 4680976
1759753344 1471 2117216 4680976
1759753345 1465 2163936 4680976
1759753346 1443 2487776 4680976
1759753347 1422 2686944 4680976
1759753348 1388 2999904 4680976
1759753349 1387 3002720 4680976
1759753350 1373 3002720 4680976
1759753351 1374 3003488 4680976
1759753352 1378 3003488 4680976
1759753354 1383 3003488 4680976
1759753355 1386 3003488 4680976
1759753356 1390 3003488 4680976
1759753357 1394 3003488 4680976
1759753358 1397 3003488 4680976
1759753359 1401 3003488 4680976
1759753360 1405 3003488 4680976
1759753361 1409 3003488 4680976
1759753362 1394 3003488 4680976
1759753363 1397 3003488 4680976
1759753364 1399 3003488 4680976
1759753365 1401 3003488 4680976
1759753367 1400 3880196 4680976
1759753368 1399 1851740 2922228
1759753369 1402 2291532 3361684
1759753370 1404 2291532 3361684
1759753371 1407 1383244 2043316
1759753372 1410 1383244 2043316
