1759754172  0.0 15232 675428
1759754173  207 1356836 2253984
1759754174  154 1226148 7723992
1759754175  413 1598116 7756760
1759754176  689 1602212 7757352
1759754177  895 1602212 7757352
1759754178  881 1602340 7757352
1759754179  984 1602340 7757352
1759754180 1063 1602340 7757352
1759754182 1125 1602340 7757352
1759754183 1159 1602340 7757352
1759754184 1185 1602340 7757352
1759754185 1200 1602340 7757352
1759754186 1224 1602340 7757352
1759754187 1250 1602724 7757352
1759754188 1278 1602724 7757352
1759754189 1292 1602724 7757352
1759754190 1242 1603620 7757352
1759754191 1266 1603620 7757352
1759754192 1288 1603748 7757352
1759754194 1307 1603748 7757352
1759754195 1324 1603876 7757352
1759754196 1341 1604004 7757352
1759754197 1356 1604004 7757352
1759754198 1369 1604004 7757352
1759754199 1381 1604004 7757352
1759754200 1394 1604004 7757352
1759754201 1358 1604004 7757352
1759754202 1370 1604004 7757352
1759754203 1379 1604004 7757352
1759754205 1386 1604004 7757352
1759754206 1390 1604004 7757352
1759754207 1393 1604004 7757352
1759754208 1400 1604132 7757352
1759754209 1409 1604132 7757352
1759754210 1416 1604132 7757352
1759754211 1423 1604260 7757352
1759754212 1428 1604260 7757352
1759754213 1397 1604260 7757352
1759754214 1400 1604260 7757352
1759754215 1403 1604260 7757352
1759754217 1408 1604388 7757352
1759754218 1413 1604388 7757352
1759754219 1417 1604388 7757352
1759754220 1420 1604516 7757352
1759754221 1420 1604516 7757352
1759754222 1422 1604644 7757352
1759754223 1428 1604644 7757352
1759754224 1433 1604644 7757352
1759754225 1411 1605156 7757352
1759754226 1416 1605156 7757352
1759754227 1422 1605668 7757352
1759754229 1427 1605668 7757352
1759754230 1432 1605924 7757352
1759754231 1437 1605924 7757352
1759754232 1441 1606052 7757352
1759754233 1446 1606052 7757352
1759754234 1450 1606052 7757352
1759754235 1454 1606052 7757352
1759754236 1435 1606052 7757352
1759754237 1437 1606052 7757352
1759754238 1439 1606052 7757352
1759754239 1441 1606052 7757352
1759754241 1443 1606180 7757352
1759754242 1446 1606308 7757352
1759754243 1448 1606436 7757352
1759754244 1452 1606436 7757352
1759754245 1453 1606436 7757352
1759754246 1454 1606564 7757352
1759754247 1454 1606564 7757352
1759754248 1458 1606692 7757352
1759754249 1443 1606692 7757352
1759754250 1446 1606692 7757352
1759754251 1448 1607076 7757352
1759754253 1448 1607460 7757352
1759754254 1449 1607460 7757352
1759754255 1451 1607588 7757352
1759754256 1452 1607716 7757352
1759754257 1455 1607716 7757352
1759754258 1459 1607972 7757352
1759754259 1462 1608100 7757352
1759754260 1448 1608100 7757352
1759754261 1451 1608100 7757352
1759754262 1454 1608100 7757352
1759754264 1457 1608356 7757352
1759754265 1460 1608484 7757352
1759754266 1462 1608740 7757352
1759754267 1465 1608740 7757352
1759754268 1466 1608868 7757352
1759754269 1468 1609124 7757352
1759754270 1470 1609380 7757352
1759754271 1472 1609636 7757352
1759754272 1473 1609764 7757352
1759754273 1459 1609764 7757352
1759754274 1461 1609764 7757352
1759754275 1462 1609892 7757352
1759754277 1463 1609892 7757352
1759754278 1463 1610148 7757352
1759754279 1465 1610148 7757352
1759754280 1467 1610276 7757352
1759754281 1469 1610532 7757352
1759754282 1471 1610916 7757352
1759754283 1471 1610916 7757352
1759754284 1473 1611300 7757352
1759754285 1462 1611556 7757352
1759754286 1463 1611812 7757352
1759754287 1464 1611812 7757352
1759754288 1465 1612068 7757352
1759754290 1466 1612196 7757352
1759754291 1468 1612324 7757352
1759754292 1470 1612708 7757352
1759754293 1472 1613604 7757352
1759754294 1473 1614116 7757352
1759754295 1475 1615396 7757352
1759754296 1469 3179172 7757352
1759754297 1470 3274148 7757352
1759754298 1465 3321636 7757352
1759754299 1456 3571492 7757352
1759754300 1452 3730084 7757352
1759754301 1445 3730084 7757352
1759754302 1426 4012708 7757352
1759754303 1416 4308900 7757352
1759754304 1406 4743972 7757352
1759754305 1396 4743972 7757352
1759754306 1387 4949796 7757352
1759754307 1385 5289892 7757352
1759754308 1385 5289892 7757352
1759754310 1382 5291556 7757352
1759754311 1383 5291556 7757352
1759754312 1376 5291684 7757352
1759754313 1378 5291684 7757352
1759754314 1379 5291684 7757352
1759754315 1381 5291684 7757352
1759754316 1383 5291684 7757352
1759754317 1385 5291684 7757352
1759754318 1388 5291684 7757352
1759754319 1380 5291684 7757352
1759754320 1382 5291684 7757352
1759754321 1384 5291684 7757352
1759754322 1385 5291684 7757352
1759754324 1387 5291684 7757352
1759754325 1389 5291684 7757352
1759754326 1391 5291684 7757352
1759754327 1393 5291684 7757352
1759754328 1394 5291684 7757352
1759754329 1396 5291684 7757352
1759754330 1398 5291684 7757352
1759754331 1391 5291684 7757352
1759754332 1393 5291684 7757352
1759754333 1395 5291684 7757352
1759754334 1396 5291684 7757352
1759754336 1398 5291684 7757352
1759754337 1400 5291684 7757352
1759754338 1401 5291684 7757352
1759754339 1401 5291684 7757352
1759754340 1401 5291684 7757352
1759754341 1402 5291684 7757352
1759754342 1403 5291684 7757352
1759754343 1405 5291684 7757352
1759754344 1399 5291684 7757352
1759754345 1399 5291684 7757352
1759754346 1401 5291684 7757352
1759754347 1398 6853492 7757352
1759754349 1395 3236284 4631100
1759754350 1397 3236284 4631100
1759754351 1399 3236284 4631100
1759754352 1401 3355636 5412352
1759754353 1402 4018244 5412352
1759754354 1404 4018244 5412352
1759754355 1405 4018244 5412352
1759754356 1398 4018244 5412352
1759754357 1399 2416280 3068596
1759754358 1400 2416280 3068596
1759754359 1402 2416280 3068596
1759754361 1403 2416280 3068596
1759754362 1401 3237532 4631100
