1759753732  0.0 16768 676584
1759753733  215 705676 4647508
1759753734  479 917004 4680848
1759753735  750 917004 4680848
1759753736  935 917004 4680848
1759753737 1064 917004 4680848
1759753739 1143 917004 4680848
1759753740 1210 917004 4680848
1759753741 1255 917132 4680848
1759753742 1300 917132 4680848
1759753743 1322 917132 4680848
1759753744 1331 917132 4680848
1759753745 1347 917132 4680848
1759753746 1352 917132 4680848
1759753747 1373 917260 4680848
1759753748 1301 917260 4680848
1759753749 1321 917772 4680848
1759753750 1339 917772 4680848
1759753751 1352 918668 4680848
1759753753 1360 918668 4680848
1759753754 1372 918924 4680848
1759753755 1384 918924 4680848
1759753756 1398 918924 4680848
1759753757 1410 918924 4680848
1759753758 1421 919052 4680848
1759753759 1431 919052 4680848
1759753760 1390 919052 4680848
1759753761 1401 919052 4680848
1759753762 1411 919180 4680848
1759753763 1420 919308 4680848
1759753765 1428 919308 4680848
1759753766 1436 919436 4680848
1759753767 1440 919564 4680848
1759753768 1444 920076 4680848
1759753769 1447 920332 4680848
1759753770 1454 920844 4680848
1759753771 1459 920972 4680848
1759753772 1466 921100 4680848
1759753773 1436 921100 4680848
1759753774 1440 921100 4680848
1759753775 1443 921228 4680848
1759753776 1445 921356 4680848
1759753778 1446 921356 4680848
1759753779 1445 921612 4680848
1759753780 1446 921612 4680848
1759753781 1450 922124 4680848
1759753782 1453 922636 4680848
1759753783 1457 922892 4680848
1759753784 1456 923020 4680848
1759753785 1459 923148 4680848
1759753786 1462 923148 4680848
1759753787 1466 923788 4680848
1759753788 1445 924940 4680848
1759753789 1448 925964 4680848
1759753790 1444 1823756 4680848
1759753791 1436 2026764 4680848
1759753792 1426 2116620 4680848
1759753793 1408 2450956 4680848
1759753795 1387 2686604 4680848
1759753796 1375 2998412 4680848
1759753797 1376 3000972 4680848
1759753798 1370 3002124 4680848
1759753799 1375 3002124 4680848
1759753800 1379 3002124 4680848
1759753801 1382 3002124 4680848
1759753802 1384 3002124 4680848
1759753803 1387 3002124 4680848
1759753804 1373 3002124 4680848
1759753805 1376 3002124 4680848
1759753806 1379 3002124 4680848
1759753807 1382 3002124 4680848
1759753809 1386 3002124 4680848
1759753810 1388 3002124 4680848
1759753811 1390 3002124 4680848
1759753812 1393 3002124 4680848
1759753813 1394 3002124 4680848
1759753814 1395 3002124 4680848
1759753815 1397 3002124 4680848
1759753816 1400 3002124 4680848
1759753817 1387 3002124 4680848
1759753818 1381 1851460 2922100
1759753819 1384 1851460 2922100
1759753820 1388 2291488 3361556
1759753822 1392 1005320 2043188
1759753823 1395 1382800 2043188
