1755173671  0.0 16000 676412
1755173672  326 495740 1890680
1755173673  677 1820360 4506396
1755173674 1016 1820360 4506396
1755173675 1199 1820360 4506396
1755173676 1091 1820360 4506396
1755173677 1183 1820360 4506396
1755173678 1227 1820360 4506396
1755173680 1275 1820360 4506396
1755173681 1324 1820488 4506396
1755173682 1353 1820488 4506396
1755173683 1385 1820616 4506396
1755173684 1396 1820616 4506396
1755173685 1408 1820616 4506396
1755173686 1414 1821128 4506396
1755173687 1329 1821256 4506396
1755173688 1338 1821640 4506396
1755173689 1345 1821896 4506396
1755173691 1360 1822152 4506396
1755173692 1372 1822152 4506396
1755173693 1389 1822408 4506396
1755173694 1402 1822408 4506396
1755173695 1415 1822408 4506396
1755173696 1428 1822408 4506396
1755173697 1439 1822408 4506396
1755173698 1397 1822408 4506396
1755173699 1408 1822408 4506396
1755173700 1419 1822664 4506396
1755173701 1425 1822792 4506396
1755173703 1434 1823176 4506396
1755173704 1440 1823688 4506396
1755173705 1448 1824200 4506396
1755173706 1456 1824328 4506396
1755173707 1463 1824456 4506396
1755173708 1471 1824456 4506396
1755173709 1474 1824456 4506396
1755173710 1440 1824456 4506396
1755173711 1445 1824584 4506396
1755173712 1452 1824712 4506396
1755173713 1457 1825608 4506396
1755173715 1460 1825864 4506396
1755173716 1463 1826248 4506396
1755173717 1467 1826504 4506396
1755173718 1469 1826504 4506396
1755173719 1471 1826504 4506396
1755173720 1474 1826760 4506396
1755173721 1476 1827016 4506396
1755173722 1478 1827144 4506396
1755173723 1450 1827400 4506396
1755173724 1454 1828040 4506396
1755173725 1456 1828168 4506396
1755173726 1460 1829320 4506396
1755173728 1461 1914936 4506396
1755173729 1455 2146388 4506396
1755173730 1436 2914444 4506396
1755173731 1437 3027468 4506396
1755173732 1438 3028492 4506396
1755173733 1441 3028492 4506396
1755173734 1445 3028492 4506396
1755173735 1449 3028492 4506396
1755173736 1431 3028492 4506396
1755173737 1436 3028492 4506396
1755173738 1439 3028492 4506396
1755173739 1444 3028492 4506396
1755173741 1446 3028492 4506396
1755173742 1448 3028492 4506396
1755173743 1452 3028492 4506396
1755173744 1455 1874112 3220392
1755173745 1458 1434660 2780936
1755173746 1460 1434660 2780936
1755173747 1457 2189236 4099304
