1759777253  0.0 15744 609892
1759777254  205 1269624 3816484
1759777255  153 2606972 3816484
1759777256  136 3640628 6941488
1759777257  128 4816180 6941488
1759777258  123 5709208 6941488
1759777259  119 3654272 6941488
1759777260  117 5623424 6941488
1759777261  115 3314440 28819152
1759777262  114 4427400 28819152
1759777263  112 5643016 28819152
1759777264  111 6281736 28819152
1759777265  153 6283016 28851920
1759777266  271 6286472 28851920
1759777267  375 6290184 28851920
1759777268  434 6296968 28852492
1759777269  506 6296968 28852492
1759777270  564 6296968 28852492
1759777271  618 6296968 28852492
1759777273  667 6296968 28852492
1759777274  706 6296968 28852492
1759777275  739 6296968 28852492
1759777276  775 6296968 28852492
1759777277  810 6296968 28852492
1759777278  842 6296968 28852492
1759777279  872 6296968 28852492
1759777280  866 6296968 28852492
1759777281  894 6296968 28852492
1759777282  917 6296968 28852492
1759777284  936 6296968 28852492
1759777285  959 6296968 28852492
1759777286  979 6296968 28852492
1759777287  998 6296968 28852492
1759777288 1017 6296968 28852492
1759777289 1037 6296968 28852492
1759777290 1055 6296968 28852492
1759777291 1045 6296968 28852492
1759777292 1061 6298120 28852492
1759777293 1078 6298120 28852492
1759777295 1093 6298120 28852492
1759777296 1108 6298120 28852492
1759777297 1121 6298120 28852492
1759777298 1134 6298120 28852492
1759777299 1147 6298376 28852492
1759777300 1157 6298376 28852492
1759777301 1145 6298376 28852492
1759777302 1157 6298376 28852492
1759777303 1167 6298376 28852492
1759777304 1176 6298376 28852492
1759777306 1180 6298376 28852492
1759777307 1184 6298376 28852492
1759777308 1191 6298376 28852492
1759777309 1200 6298376 28852492
1759777310 1209 6298376 28852492
1759777311 1216 6298376 28852492
1759777312 1222 6298376 28852492
1759777313 1207 6298376 28852492
1759777314 1210 6298376 28852492
1759777315 1214 6298504 28852492
1759777316 1221 6298504 28852492
1759777318 1228 6298504 28852492
1759777319 1235 6298504 28852492
1759777320 1240 6298504 28852492
1759777321 1247 6298504 28852492
1759777322 1254 6298504 28852492
1759777323 1260 6298632 28852492
1759777324 1267 6298632 28852492
1759777325 1256 6298632 28852492
1759777326 1262 6298632 28852492
1759777327 1268 6298632 28852492
1759777329 1273 6298632 28852492
1759777330 1279 6298632 28852492
1759777331 1283 6298632 28852492
1759777332 1289 6298632 28852492
1759777333 1294 6298632 28852492
1759777334 1299 6298632 28852492
1759777335 1305 6298632 28852492
1759777336 1294 6298632 28852492
1759777337 1296 6298632 28852492
1759777338 1298 6298632 28852492
1759777340 1300 6298632 28852492
1759777341 1303 6298632 28852492
1759777342 1306 6298632 28852492
1759777343 1310 6298632 28852492
1759777344 1314 6298632 28852492
1759777345 1317 6298632 28852492
1759777346 1318 6298632 28852492
1759777347 1306 6298632 28852492
1759777348 1308 6298632 28852492
1759777349 1311 6298632 28852492
1759777351 1314 6298632 28852492
1759777352 1318 6298632 28852492
1759777353 1322 6298760 28852492
1759777354 1326 6298760 28852492
1759777355 1330 6298760 28852492
1759777356 1334 6298760 28852492
1759777357 1338 6298760 28852492
1759777358 1329 6298760 28852492
1759777359 1332 6298760 28852492
1759777360 1335 6298760 28852492
1759777362 1338 6298760 28852492
1759777363 1342 6298760 28852492
1759777364 1345 6298760 28852492
1759777365 1349 6298760 28852492
1759777366 1352 6298760 28852492
1759777367 1355 6298760 28852492
1759777368 1346 6298760 28852492
1759777369 1347 6298760 28852492
1759777370 1349 6298760 28852492
1759777372 1352 6298760 28852492
1759777373 1355 6298760 28852492
1759777374 1356 6298760 28852492
1759777375 1358 6298760 28852492
1759777376 1360 6298760 28852492
1759777377 1361 6298760 28852492
1759777378 1362 6298760 28852492
1759777379 1353 6298760 28852492
1759777380 1355 6298760 28852492
1759777381 1357 6298760 28852492
1759777383 1358 6298760 28852492
1759777384 1360 6298760 28852492
1759777385 1362 6298760 28852492
1759777386 1365 6298760 28852492
1759777387 1368 6298760 28852492
1759777388 1370 6298760 28852492
1759777389 1373 6298760 28852492
1759777390 1365 6298760 28852492
1759777391 1367 6298760 28852492
1759777392 1370 6298760 28852492
1759777394 1373 6298760 28852492
1759777395 1375 6298760 28852492
1759777396 1377 6298760 28852492
1759777397 1380 6298760 28852492
1759777398 1382 6298760 28852492
1759777399 1384 6298760 28852492
1759777400 1385 6298760 28852492
1759777401 1376 6298760 28852492
1759777402 1377 6298760 28852492
1759777403 1380 6298760 28852492
1759777405 1382 6298760 28852492
1759777406 1384 6298760 28852492
1759777407 1386 6298888 28852492
1759777408 1386 6298888 28852492
1759777409 1387 6298888 28852492
1759777410 1387 6298888 28852492
1759777411 1387 6298888 28852492
1759777412 1389 6298888 28852492
1759777413 1382 6298888 28852492
1759777414 1384 6298888 28852492
1759777415 1386 6298888 28852492
1759777417 1387 6298888 28852492
1759777418 1388 6298888 28852492
1759777419 1390 6298888 28852492
1759777420 1391 6298888 28852492
1759777421 1393 6298888 28852492
1759777422 1394 6299016 28852492
1759777423 1396 6299016 28852492
1759777424 1390 6299016 28852492
1759777425 1392 6299016 28852492
1759777426 1393 6299016 28852492
1759777428 1396 6299144 28852492
1759777429 1397 6299144 28852492
1759777430 1399 6299144 28852492
1759777431 1400 6299144 28852492
1759777432 1401 6299144 28852492
1759777433 1402 6299144 28852492
1759777434 1403 6299400 28852492
1759777435 1397 6299400 28852492
1759777436 1399 6299400 28852492
1759777437 1400 6299400 28852492
1759777439 1402 6299400 28852492
1759777440 1403 6299400 28852492
1759777441 1403 6299656 28852492
1759777442 1404 6299656 28852492
1759777443 1405 6299656 28852492
1759777444 1405 6299656 28852492
1759777445 1406 6299656 28852492
1759777446 1401 6299656 28852492
1759777447 1403 6299656 28852492
1759777448 1404 6300040 28852492
1759777450 1405 6300040 28852492
1759777451 1406 6300040 28852492
1759777452 1407 6300040 28852492
1759777453 1408 6300040 28852492
1759777454 1408 6300040 28852492
1759777455 1410 6300296 28852492
1759777456 1411 6300296 28852492
1759777457 1413 6300296 28852492
1759777458 1407 6300296 28852492
1759777459 1409 6300296 28852492
1759777460 1410 6300552 28852492
1759777462 1412 6300552 28852492
1759777463 1412 6300552 28852492
1759777464 1413 6300552 28852492
1759777465 1414 6300552 28852492
1759777466 1415 6300552 28852492
1759777467 1417 6300680 28852492
1759777468 1412 6300680 28852492
1759777469 1413 6300680 28852492
1759777470 1414 6300680 28852492
1759777472 1414 6300680 28852492
1759777473 1415 6300680 28852492
1759777474 1416 6300680 28852492
1759777475 1417 6300680 28852492
1759777476 1418 6300680 28852492
1759777477 1419 6300680 28852492
1759777478 1420 6300680 28852492
1759777479 1414 6300680 28852492
1759777480 1415 6300680 28852492
1759777481 1416 6300680 28852492
1759777482 1417 6300680 28852492
1759777484 1418 6300680 28852492
1759777485 1419 6300680 28852492
1759777486 1420 6300680 28852492
1759777487 1421 6300680 28852492
1759777488 1421 6300680 28852492
1759777489 1422 6300680 28852492
1759777490 1424 6300680 28852492
1759777491 1419 6300680 28852492
1759777492 1420 6300680 28852492
1759777494 1421 6300680 28852492
1759777495 1422 6300680 28852492
1759777496 1422 6300680 28852492
1759777497 1423 6300680 28852492
1759777498 1423 6300680 28852492
1759777499 1424 6300680 28852492
1759777500 1426 6300808 28852492
1759777501 1421 6300808 28852492
1759777502 1422 6300808 28852492
1759777503 1422 6300808 28852492
1759777504 1422 6300808 28852492
1759777506 1423 6300808 28852492
1759777507 1425 6300808 28852492
1759777508 1426 6300808 28852492
1759777509 1427 6300808 28852492
1759777510 1428 6300808 28852492
1759777511 1428 6300808 28852492
1759777512 1429 6300808 28852492
1759777513 1424 6300808 28852492
1759777514 1424 6300808 28852492
1759777515 1425 6300808 28852492
1759777517 1426 6300808 28852492
1759777518 1427 6300808 28852492
1759777519 1428 6300808 28852492
1759777520 1429 6300808 28852492
1759777521 1430 6300808 28852492
1759777522 1430 6300808 28852492
1759777523 1431 6300808 28852492
1759777524 1426 6300808 28852492
1759777525 1427 6300808 28852492
1759777526 1428 6300808 28852492
1759777528 1428 6300808 28852492
1759777529 1428 6300808 28852492
1759777530 1429 6300808 28852492
1759777531 1430 6300808 28852492
1759777532 1431 6300808 28852492
1759777533 1432 6300808 28852492
1759777534 1432 6300808 28852492
1759777535 1427 6300808 28852492
1759777536 1428 6300808 28852492
1759777537 1429 6300808 28852492
1759777539 1430 6300936 28852492
1759777540 1431 6300936 28852492
1759777541 1432 6300936 28852492
1759777542 1433 6300936 28852492
1759777543 1434 6300936 28852492
1759777544 1435 6300936 28852492
1759777545 1430 6300936 28852492
1759777546 1431 6300936 28852492
1759777547 1431 6300936 28852492
1759777548 1432 6300936 28852492
1759777550 1433 6301064 28852492
1759777551 1434 6301064 28852492
1759777552 1435 6301064 28852492
1759777553 1436 6301064 28852492
1759777554 1436 6301064 28852492
1759777555 1437 6301064 28852492
1759777556 1433 6301064 28852492
1759777557 1433 6301064 28852492
1759777558 1433 6301064 28852492
1759777559 1433 6301064 28852492
1759777561 1434 6301064 28852492
1759777562 1435 6301064 28852492
1759777563 1435 6301320 28852492
1759777564 1436 6301320 28852492
1759777565 1437 6301320 28852492
1759777566 1437 6301320 28852492
1759777567 1438 6301320 28852492
1759777568 1433 6301448 28852492
1759777569 1434 6301448 28852492
1759777570 1435 6301448 28852492
1759777572 1436 6301448 28852492
1759777573 1437 6301448 28852492
1759777574 1437 6301704 28852492
1759777575 1438 6301704 28852492
1759777576 1439 6301704 28852492
1759777577 1439 6301704 28852492
1759777578 1440 6301704 28852492
1759777579 1437 6301960 28852492
1759777580 1437 6301960 28852492
1759777581 1438 6301960 28852492
1759777583 1438 6302088 28852492
1759777584 1439 6302088 28852492
1759777585 1440 6302088 28852492
1759777586 1440 6302472 28852492
1759777587 1441 6302472 28852492
1759777588 1442 6302472 28852492
1759777589 1442 6302472 28852492
1759777590 1438 6302472 28852492
1759777591 1438 6302472 28852492
1759777592 1438 6302472 28852492
1759777594 1439 6302472 28852492
1759777595 1439 6302472 28852492
1759777596 1440 6302472 28852492
1759777597 1441 6302600 28852492
1759777598 1441 6302600 28852492
1759777599 1441 6302600 28852492
1759777600 1441 6302600 28852492
1759777601 1437 6302600 28852492
1759777602 1438 6302600 28852492
1759777603 1439 6302600 28852492
1759777604 1439 6302600 28852492
1759777606 1440 6302600 28852492
1759777607 1441 6302600 28852492
1759777608 1441 6302600 28852492
1759777609 1442 6302856 28852492
1759777610 1443 6302856 28852492
1759777611 1444 6302856 28852492
1759777612 1440 6302856 28852492
1759777613 1441 6302856 28852492
1759777614 1442 6302856 28852492
1759777615 1442 6302856 28852492
1759777617 1442 6302856 28852492
1759777618 1443 6302856 28852492
1759777619 1443 6302856 28852492
1759777620 1444 6302856 28852492
1759777621 1444 6302856 28852492
1759777622 1444 6302856 28852492
1759777623 1445 6302856 28852492
1759777624 1445 6302856 28852492
1759777625 1441 6302856 28852492
1759777626 1442 6302856 28852492
1759777628 1443 6302856 28852492
1759777629 1443 6302856 28852492
1759777630 1443 6302856 28852492
1759777631 1444 6302856 28852492
1759777632 1444 6302856 28852492
1759777633 1444 6302856 28852492
1759777634 1441 6302856 28852492
1759777635 1441 6302856 28852492
1759777636 1442 6302856 28852492
1759777638 1442 6302856 28852492
1759777639 1443 6302856 28852492
1759777640 1444 6302856 28852492
1759777641 1444 6302856 28852492
1759777642 1445 6302856 28852492
1759777643 1446 6302856 28852492
1759777644 1443 6302856 28852492
1759777645 1443 6302856 28852492
1759777646 1444 6302856 28852492
1759777648 1445 6302856 28852492
1759777649 1445 6302856 28852492
1759777650 1446 6302856 28852492
1759777651 1446 6302856 28852492
1759777652 1446 6302856 28852492
1759777653 1446 6302984 28852492
1759777654 1446 6302984 28852492
1759777655 1443 6302984 28852492
1759777656 1444 6302984 28852492
1759777657 1445 6302984 28852492
1759777659 1445 6302984 28852492
1759777660 1445 6302984 28852492
1759777661 1445 6302984 28852492
1759777662 1445 6302984 28852492
1759777663 1445 6302984 28852492
1759777664 1445 6302984 28852492
1759777665 1446 6302984 28852492
1759777666 1443 6302984 28852492
1759777667 1443 6302984 28852492
1759777668 1444 6302984 28852492
1759777669 1444 6302984 28852492
1759777671 1445 6302984 28852492
1759777672 1446 6302984 28852492
1759777673 1446 6302984 28852492
1759777674 1447 6303240 28852492
1759777675 1447 6303240 28852492
1759777676 1448 6303240 28852492
1759777677 1445 6303240 28852492
1759777678 1446 6303240 28852492
1759777679 1447 6303240 28852492
1759777680 1447 6303240 28852492
1759777682 1448 6303240 28852492
1759777683 1448 6303496 28852492
1759777684 1448 6303496 28852492
1759777685 1448 6303496 28852492
1759777686 1447 6303496 28852492
1759777687 1447 6303496 28852492
1759777688 1448 6303496 28852492
1759777689 1445 6303496 28852492
1759777690 1446 6303496 28852492
1759777691 1446 6303496 28852492
1759777693 1447 6303496 28852492
1759777694 1447 6304136 28852492
1759777695 1447 6304136 28852492
1759777696 1447 6304136 28852492
1759777697 1447 6304136 28852492
1759777698 1448 6304136 28852492
1759777699 1448 6304392 28852492
1759777700 1449 6304392 28852492
1759777701 1446 6304392 28852492
1759777702 1447 6304392 28852492
1759777703 1447 6304648 28852492
1759777705 1448 6304648 28852492
1759777706 1449 6304648 28852492
1759777707 1449 6304648 28852492
1759777708 1450 6304648 28852492
1759777709 1450 6304648 28852492
1759777710 1451 6304648 28852492
1759777711 1451 6304648 28852492
1759777712 1449 6304776 28852492
1759777713 1449 6304776 28852492
1759777714 1450 6304776 28852492
1759777716 1450 6304776 28852492
1759777717 1450 6304776 28852492
1759777718 1450 6304776 28852492
1759777719 1450 6304776 28852492
1759777720 1451 6304776 28852492
1759777721 1451 6304776 28852492
1759777722 1452 6304904 28852492
1759777723 1449 6304904 28852492
1759777724 1449 6304904 28852492
1759777725 1449 6304904 28852492
1759777726 1450 6304904 28852492
1759777728 1450 6304904 28852492
1759777729 1450 6304904 28852492
1759777730 1451 6304904 28852492
1759777731 1451 6304904 28852492
1759777732 1451 6304904 28852492
1759777733 1451 6304904 28852492
1759777734 1449 6304904 28852492
1759777735 1450 6304904 28852492
1759777736 1450 6304904 28852492
1759777737 1451 6304904 28852492
1759777739 1451 6304904 28852492
1759777740 1452 6304904 28852492
1759777741 1452 6304904 28852492
1759777742 1453 6304904 28852492
1759777743 1453 6304904 28852492
1759777744 1454 6304904 28852492
1759777745 1454 6304904 28852492
1759777746 1452 6304904 28852492
1759777747 1452 6304904 28852492
1759777748 1452 6304904 28852492
1759777750 1452 6305032 28852492
1759777751 1453 6305032 28852492
1759777752 1453 6305032 28852492
1759777753 1453 6305032 28852492
1759777754 1454 6305032 28852492
1759777755 1454 6305032 28852492
1759777756 1454 6305032 28852492
1759777757 1451 6305032 28852492
1759777758 1452 6305032 28852492
1759777759 1452 6305032 28852492
1759777761 1453 6305032 28852492
1759777762 1453 6305032 28852492
1759777763 1454 6305032 28852492
1759777764 1454 6305032 28852492
1759777765 1454 6305032 28852492
1759777766 1455 6305032 28852492
1759777767 1455 6305160 28852492
1759777768 1452 6305160 28852492
1759777769 1453 6305160 28852492
1759777770 1454 6305160 28852492
1759777772 1454 6305288 28852492
1759777773 1455 6305288 28852492
1759777774 1455 6305288 28852492
1759777775 1455 6305544 28852492
1759777776 1456 6305544 28852492
1759777777 1456 6305544 28852492
1759777778 1456 6305544 28852492
1759777779 1454 6305544 28852492
1759777780 1454 6305544 28852492
1759777781 1455 6305544 28852492
1759777782 1455 6305544 28852492
1759777784 1456 6305800 28852492
1759777785 1456 6305800 28852492
1759777786 1456 6305800 28852492
1759777787 1456 6305800 28852492
1759777788 1456 6305928 28852492
1759777789 1456 6305928 28852492
1759777790 1457 6305928 28852492
1759777791 1454 6305928 28852492
1759777792 1455 6306568 28852492
1759777793 1455 6306568 28852492
1759777795 1456 6306568 28852492
1759777796 1456 6306568 28852492
1759777797 1457 6306568 28852492
1759777798 1457 6306568 28852492
1759777799 1457 6306568 28852492
1759777800 1457 6306696 28852492
1759777801 1458 6306696 28852492
1759777802 1455 6306696 28852492
1759777803 1456 6306696 28852492
1759777804 1456 6306824 28852492
1759777806 1457 6306824 28852492
1759777807 1457 6306824 28852492
1759777808 1457 6306824 28852492
1759777809 1458 6306824 28852492
1759777810 1458 6306824 28852492
1759777811 1458 6306824 28852492
1759777812 1458 6306824 28852492
1759777813 1456 6306824 28852492
1759777814 1457 6306824 28852492
1759777815 1457 6306952 28852492
1759777816 1458 6306952 28852492
1759777818 1458 6306952 28852492
1759777819 1458 6306952 28852492
1759777820 1458 6306952 28852492
1759777821 1458 6306952 28852492
1759777822 1458 6306952 28852492
1759777823 1459 6306952 28852492
1759777824 1459 6306952 28852492
1759777825 1457 6306952 28852492
1759777826 1457 6306952 28852492
1759777827 1458 6307080 28852492
1759777829 1458 6307080 28852492
1759777830 1459 6307080 28852492
1759777831 1459 6307080 28852492
1759777832 1459 6307080 28852492
1759777833 1460 6307080 28852492
1759777834 1460 6307080 28852492
1759777835 1460 6307080 28852492
1759777836 1458 6307080 28852492
1759777837 1458 6307080 28852492
1759777838 1459 6307080 28852492
1759777840 1459 6307080 28852492
1759777841 1459 6307080 28852492
1759777842 1459 6307080 28852492
1759777843 1460 6307080 28852492
1759777844 1460 6307080 28852492
1759777845 1461 6307080 28852492
1759777846 1461 6307208 28852492
1759777847 1459 6307208 28852492
1759777848 1459 6307208 28852492
1759777849 1459 6307208 28852492
1759777851 1459 6307208 28852492
1759777852 1460 6307208 28852492
1759777853 1460 6307336 28852492
1759777854 1460 6307336 28852492
1759777855 1461 6307336 28852492
1759777856 1461 6307336 28852492
1759777857 1461 6307464 28852492
1759777858 1459 6307464 28852492
1759777859 1459 6307464 28852492
1759777860 1460 6307592 28852492
1759777861 1460 6307592 28852492
1759777863 1461 6307592 28852492
1759777864 1461 6307848 28852492
1759777865 1461 6307848 28852492
1759777866 1462 6307848 28852492
1759777867 1462 6307976 28852492
1759777868 1462 6307976 28852492
1759777869 1460 6307976 28852492
1759777870 1460 6308360 28852492
1759777871 1460 6308360 28852492
1759777873 1460 6308360 28852492
1759777874 1461 6308744 28852492
1759777875 1461 6308744 28852492
1759777876 1462 6308744 28852492
1759777877 1462 6308744 28852492
1759777878 1462 6308744 28852492
1759777879 1462 6308744 28852492
1759777880 1460 6308744 28852492
1759777881 1460 6308744 28852492
1759777882 1461 6308744 28852492
1759777884 1461 6308744 28852492
1759777885 1462 6309000 28852492
1759777886 1462 6309000 28852492
1759777887 1462 6309128 28852492
1759777888 1463 6309128 28852492
1759777889 1463 6309128 28852492
1759777890 1461 6309128 28852492
1759777891 1461 6309128 28852492
1759777892 1462 6309128 28852492
1759777893 1462 6309128 28852492
1759777894 1462 6309128 28852492
1759777896 1462 6309128 28852492
1759777897 1463 6309128 28852492
1759777898 1463 6309128 28852492
1759777899 1463 6309128 28852492
1759777900 1464 6309128 28852492
1759777901 1464 6309128 28852492
1759777902 1464 6309128 28852492
1759777903 1462 6309128 28852492
1759777904 1462 6309128 28852492
1759777905 1462 6309128 28852492
1759777906 1462 6309128 28852492
1759777908 1462 6309128 28852492
1759777909 1463 6309256 28852492
1759777910 1463 6309256 28852492
1759777911 1463 6309256 28852492
1759777912 1463 6309256 28852492
1759777913 1463 6309256 28852492
1759777914 1464 6309256 28852492
1759777915 1462 6309256 28852492
1759777916 1462 6309256 28852492
1759777917 1463 6309384 28852492
1759777918 1463 6309384 28852492
1759777920 1463 6309384 28852492
1759777921 1464 6309384 28852492
1759777922 1464 6309384 28852492
1759777923 1465 6309384 28852492
1759777924 1465 6309384 28852492
1759777925 1465 6309384 28852492
1759777926 1465 6309512 28852492
1759777927 1463 6309512 28852492
1759777928 1463 6309512 28852492
1759777929 1464 6309640 28852492
1759777931 1464 6309640 28852492
1759777932 1465 6310024 28852492
1759777933 1465 6310024 28852492
1759777934 1465 6310024 28852492
1759777935 1465 6310024 28852492
1759777936 1466 6310024 28852492
1759777937 1464 6310024 28852492
1759777938 1464 6310280 28852492
1759777939 1464 6310280 28852492
1759777940 1464 6310920 28852492
1759777942 1464 6310920 28852492
1759777943 1464 6310920 28852492
1759777944 1464 6310920 28852492
1759777945 1465 6311048 28852492
1759777946 1465 6311048 28852492
1759777947 1465 6311048 28852492
1759777948 1466 6311048 28852492
1759777949 1464 6311048 28852492
1759777950 1464 6311048 28852492
1759777951 1465 6311176 28852492
1759777953 1465 6311176 28852492
1759777954 1466 6311176 28852492
1759777955 1466 6311176 28852492
1759777956 1466 6311176 28852492
1759777957 1467 6311176 28852492
1759777958 1467 6311176 28852492
1759777959 1467 6311176 28852492
1759777960 1465 6311176 28852492
1759777961 1465 6311176 28852492
1759777962 1466 6311176 28852492
1759777964 1466 6311176 28852492
1759777965 1466 6311176 28852492
1759777966 1466 6311176 28852492
1759777967 1466 6311304 28852492
1759777968 1467 6311304 28852492
1759777969 1467 6311304 28852492
1759777970 1467 6311304 28852492
1759777971 1466 6311432 28852492
1759777972 1466 6311432 28852492
1759777973 1466 6311432 28852492
1759777974 1465 6311432 28852492
1759777976 1465 6311432 28852492
1759777977 1466 6311432 28852492
1759777978 1466 6311432 28852492
1759777979 1467 6311432 28852492
1759777980 1467 6311432 28852492
1759777981 1467 6311560 28852492
1759777982 1468 6311560 28852492
1759777983 1466 6311944 28852492
1759777984 1466 6311944 28852492
1759777985 1466 6312200 28852492
1759777987 1467 6312328 28852492
1759777988 1467 6312328 28852492
1759777989 1467 6312712 28852492
1759777990 1468 6312712 28852492
1759777991 1468 6312968 28852492
1759777992 1468 6312968 28852492
1759777993 1468 6313096 28852492
1759777994 1467 6313096 28852492
1759777995 1467 6313096 28852492
1759777996 1467 6313096 28852492
1759777997 1467 6313096 28852492
1759777999 1467 6313096 28852492
1759778000 1468 6313096 28852492
1759778001 1468 6313096 28852492
1759778002 1468 6313096 28852492
1759778003 1469 6313096 28852492
1759778004 1469 6313224 28852492
1759778005 1469 6313224 28852492
1759778006 1467 6313224 28852492
1759778007 1467 6313224 28852492
1759778008 1467 6313224 28852492
1759778010 1467 6313224 28852492
1759778011 1467 6313224 28852492
1759778012 1468 6313352 28852492
1759778013 1468 6313352 28852492
1759778014 1468 6313352 28852492
1759778015 1469 6313352 28852492
1759778016 1469 6313352 28852492
1759778017 1467 6313352 28852492
1759778018 1468 6313480 28852492
1759778019 1468 6313480 28852492
1759778020 1468 6313608 28852492
1759778022 1469 6313864 28852492
1759778023 1469 6313864 28852492
1759778024 1469 6313864 28852492
1759778025 1470 6314120 28852492
1759778026 1470 6314248 28852492
1759778027 1470 6314248 28852492
1759778028 1470 6314504 28852492
1759778029 1468 6314504 28852492
1759778030 1468 6314632 28852492
1759778031 1468 6314632 28852492
1759778032 1469 6314888 28852492
1759778034 1469 6315016 28852492
1759778035 1469 6315144 28852492
1759778036 1469 6315144 28852492
1759778037 1470 6315144 28852492
1759778038 1470 6315144 28852492
1759778039 1470 6315144 28852492
1759778040 1470 6315144 28852492
1759778041 1470 6315144 28852492
1759778042 1468 6315272 28852492
1759778043 1469 6315272 28852492
1759778044 1469 6315272 28852492
1759778046 1469 6315272 28852492
1759778047 1469 6315272 28852492
1759778048 1470 6315400 28852492
1759778049 1470 6315528 28852492
1759778050 1470 6315528 28852492
1759778051 1471 6315528 28852492
1759778052 1471 6315528 28852492
1759778053 1469 6315528 28852492
1759778054 1470 6315528 28852492
1759778055 1470 6315656 28852492
1759778056 1470 6315912 28852492
1759778058 1470 6316168 28852492
1759778059 1470 6316552 28852492
1759778060 1471 6316552 28852492
1759778061 1471 6316680 28852492
1759778062 1471 6316680 28852492
1759778063 1471 6316680 28852492
1759778064 1471 6316808 28852492
1759778065 1470 6316936 28852492
1759778066 1470 6316936 28852492
1759778067 1470 6316936 28852492
1759778069 1470 6317192 28852492
1759778070 1470 6317192 28852492
1759778071 1471 6317192 28852492
1759778072 1471 6317192 28852492
1759778073 1471 6317320 28852492
1759778074 1471 6317320 28852492
1759778075 1472 6317320 28852492
1759778076 1470 6317448 28852492
1759778077 1470 6317576 28852492
1759778078 1470 6317576 28852492
1759778079 1471 6317704 28852492
1759778081 1471 6317704 28852492
1759778082 1471 6318088 28852492
1759778083 1471 6318344 28852492
1759778084 1472 6318600 28852492
1759778085 1472 6318728 28852492
1759778086 1472 6318984 28852492
1759778087 1472 6318984 28852492
1759778088 1471 6319112 28852492
1759778089 1471 6319112 28852492
1759778090 1471 6319112 28852492
1759778091 1471 6319240 28852492
1759778093 1472 6319496 28852492
1759778094 1472 6319496 28852492
1759778095 1472 6319496 28852492
1759778096 1472 6319624 28852492
1759778097 1472 6319752 28852492
1759778098 1472 6320008 28852492
1759778099 1472 6320008 28852492
1759778100 1471 6320136 28852492
1759778101 1471 6320392 28852492
1759778102 1471 6320776 28852492
1759778103 1472 6321032 28852492
1759778105 1472 6321160 28852492
1759778106 1472 6321160 28852492
1759778107 1472 6321544 28852492
1759778108 1473 6321672 28852492
1759778109 1473 6322184 28852492
1759778110 1473 6322440 28852492
1759778111 1473 6322568 28852492
1759778112 1473 6322696 28852492
1759778113 1473 6323080 28852492
1759778114 1472 6323208 28852492
1759778115 1472 6323848 28852492
1759778116 1472 6324872 28852492
1759778117 1473 6575112 28852492
1759778118 1471 9450504 28852492
1759778120 1469 12133256 28852492
1759778121 1469 12575752 28852492
1759778122 1469 12576648 28852492
1759778123 1469 12604680 28852492
1759778124 1469 12715400 28852492
1759778125 1468 12715400 28852492
1759778126 1468 12827656 28852492
1759778127 1466 13134088 28852492
1759778128 1465 13134344 28852492
1759778129 1465 13134344 28852492
1759778130 1463 13134344 28852492
1759778131 1463 13134344 28852492
1759778132 1460 13134344 28852492
1759778133 1459 13419400 28852492
1759778134 1457 13690504 28852492
1759778135 1456 14130568 28852492
1759778136 1454 14135944 28852492
1759778137 1453 14135944 28852492
1759778138 1452 14760200 28852492
1759778140 1452 14760200 28852492
1759778141 1451 14761992 28852492
1759778142 1451 14761992 28852492
1759778143 1451 14761992 28852492
1759778144 1449 14761992 28852492
1759778145 1448 14761992 28852492
1759778146 1446 14761992 28852492
1759778147 1445 14761992 28852492
1759778148 1445 14761992 28852492
1759778149 1444 14761992 28852492
1759778150 1444 14761992 28852492
1759778151 1443 15047304 28852492
1759778152 1442 15287304 28852492
1759778153 1439 15532936 28852492
1759778154 1437 15780488 28852492
1759778155 1436 16032264 28852492
1759778156 1434 16277256 28852492
1759778157 1433 16524168 28852492
1759778158 1431 16772360 28852492
1759778159 1430 17012360 28852492
1759778160 1428 17458824 28852492
1759778161 1427 17915656 28852492
1759778162 1426 18367624 28852492
1759778163 1424 18790920 28852492
1759778164 1423 18825608 28852492
1759778166 1421 18825608 28852492
1759778167 1420 18825608 28852492
1759778168 1418 18825608 28852492
1759778169 1417 18825608 28852492
1759778170 1415 18825608 28852492
1759778171 1414 18825608 28852492
1759778172 1413 18825608 28852492
1759778173 1411 18825608 28852492
1759778174 1410 18825608 28852492
1759778175 1408 19818248 28852492
1759778176 1407 20971016 28852492
1759778177 1407 20971016 28852492
1759778178 1408 20971016 28852492
1759778179 1408 20971016 28852492
1759778180 1407 20971016 28852492
1759778181 1407 20971016 28852492
1759778182 1407 20971016 28852492
1759778183 1407 20971016 28852492
1759778185 1407 20971016 28852492
1759778186 1408 20971016 28852492
1759778187 1408 20971016 28852492
1759778188 1408 20971016 28852492
1759778189 1407 20971016 28852492
1759778190 1406 20971016 28852492
1759778191 1404 20971016 28852492
1759778192 1403 20971016 28852492
1759778193 1403 20971016 28852492
1759778194 1403 20971016 28852492
1759778195 1402 20971016 28852492
1759778196 1402 20971016 28852492
1759778197 1402 20971016 28852492
1759778199 1403 20971016 28852492
1759778200 1403 20971016 28852492
1759778201 1403 20971016 28852492
1759778202 1404 20971016 28852492
1759778203 1404 20971016 28852492
1759778204 1404 20971016 28852492
1759778205 1403 20971016 28852492
1759778206 1402 20971016 28852492
1759778207 1401 20971016 28852492
1759778208 1399 20971016 28852492
1759778209 1398 20971016 28852492
1759778210 1397 20971016 28852492
1759778211 1395 20971016 28852492
1759778212 1395 20971016 28852492
1759778213 1395 20971016 28852492
1759778214 1396 20971016 28852492
1759778215 1396 20971016 28852492
1759778217 1396 20971016 28852492
1759778218 1397 20971016 28852492
1759778219 1397 20971016 28852492
1759778220 1397 20971016 28852492
1759778221 1397 20971016 28852492
1759778222 1398 20971016 28852492
1759778223 1396 20971016 28852492
1759778224 1397 20971016 28852492
1759778225 1397 20971016 28852492
1759778227 1397 20971016 28852492
1759778228 1398 20971016 28852492
1759778229 1398 20971016 28852492
1759778230 1398 20971016 28852492
1759778231 1398 20971016 28852492
1759778232 1399 20971016 28852492
1759778233 1399 20971016 28852492
1759778234 1398 20971016 28852492
1759778235 1398 20971016 28852492
1759778236 1398 20971016 28852492
1759778237 1399 20971016 28852492
1759778239 1399 20971016 28852492
1759778240 1399 20971016 28852492
1759778241 1400 20971016 28852492
1759778242 1400 20971016 28852492
1759778243 1400 20971016 28852492
1759778244 1400 20971016 28852492
1759778245 1400 20971016 28852492
1759778246 1400 20971016 28852492
1759778247 1399 20971016 28852492
1759778248 1400 20971016 28852492
1759778249 1400 20971016 28852492
1759778251 1400 20971016 28852492
1759778252 1400 20971016 28852492
1759778253 1400 20971016 28852492
1759778254 1401 20971016 28852492
1759778255 1401 20971016 28852492
1759778256 1401 20971016 28852492
1759778257 1401 20971016 28852492
1759778258 1402 20971016 28852492
1759778259 1401 20971016 28852492
1759778260 1401 20971016 28852492
1759778261 1401 20971016 28852492
1759778262 1401 20971016 28852492
1759778264 1401 20971016 28852492
1759778265 1402 20971016 28852492
1759778266 1402 20971016 28852492
1759778267 1402 20971016 28852492
1759778268 1402 20971016 28852492
1759778269 1403 20971016 28852492
1759778270 1403 20971016 28852492
1759778271 1402 20971016 28852492
1759778272 1402 20971016 28852492
1759778273 1403 20971016 28852492
1759778274 1403 20971016 28852492
1759778276 1403 20971016 28852492
1759778277 1403 20971016 28852492
1759778278 1403 20971016 28852492
1759778279 1403 20971016 28852492
1759778280 1403 20971016 28852492
1759778281 1404 20971016 28852492
1759778282 1404 20971016 28852492
1759778283 1404 20971016 28852492
1759778284 1403 20971016 28852492
1759778285 1403 20971016 28852492
1759778286 1404 20971016 28852492
1759778288 1404 20971016 28852492
1759778289 1404 20971016 28852492
1759778290 1404 20971016 28852492
1759778291 1405 20971016 28852492
1759778292 1405 20971016 28852492
1759778293 1405 20971016 28852492
1759778294 1405 20971016 28852492
1759778295 1404 20971016 28852492
1759778296 1405 20971016 28852492
1759778297 1405 20971016 28852492
1759778298 1405 20971016 28852492
1759778299 1405 20971016 28852492
1759778301 1405 20971016 28852492
1759778302 1406 20971016 28852492
1759778303 1406 20971016 28852492
1759778304 1406 20971016 28852492
1759778305 1406 20971016 28852492
1759778306 1407 20971016 28852492
1759778307 1407 20971016 28852492
1759778308 1407 20971016 28852492
1759778309 1406 20971016 28852492
1759778310 1406 20971016 28852492
1759778311 1406 20971016 28852492
1759778313 1406 20971016 28852492
1759778314 1406 20971016 28852492
1759778315 1406 20971016 28852492
1759778316 1406 20971016 28852492
1759778317 1407 20971016 28852492
1759778318 1407 20971016 28852492
1759778319 1407 20971016 28852492
1759778320 1408 20971016 28852492
1759778321 1407 20971016 28852492
1759778322 1407 20971016 28852492
1759778323 1407 20971016 28852492
1759778324 1407 20971016 28852492
1759778326 1408 20971016 28852492
1759778327 1408 20971016 28852492
1759778328 1408 20971016 28852492
1759778329 1408 20971016 28852492
1759778330 1408 20971016 28852492
1759778331 1409 20971016 28852492
1759778332 1409 20971016 28852492
1759778333 1409 20971016 28852492
1759778334 1408 20971016 28852492
1759778335 1408 20971016 28852492
1759778336 1409 20971016 28852492
1759778338 1409 20971016 28852492
1759778339 1409 20971016 28852492
1759778340 1409 20971016 28852492
1759778341 1409 20971016 28852492
1759778342 1410 20971016 28852492
1759778343 1410 20971016 28852492
1759778344 1410 20971016 28852492
1759778345 1410 20971016 28852492
1759778346 1409 20971016 28852492
1759778347 1409 20971016 28852492
1759778348 1409 20971016 28852492
1759778350 1409 20971016 28852492
1759778351 1410 20971016 28852492
1759778352 1410 20971016 28852492
1759778353 1410 20971016 28852492
1759778354 1410 20971016 28852492
1759778355 1411 20971016 28852492
1759778356 1411 20971016 28852492
1759778357 1411 20971016 28852492
1759778358 1410 20971016 28852492
1759778359 1410 20971016 28852492
1759778360 1411 20971016 28852492
1759778362 1411 20971016 28852492
1759778363 1411 20971016 28852492
1759778364 1411 20971016 28852492
1759778365 1412 20971016 28852492
1759778366 1412 20971016 28852492
1759778367 1412 20971016 28852492
1759778368 1412 20971016 28852492
1759778369 1411 20971016 28852492
1759778370 1411 20971016 28852492
1759778371 1412 20971016 28852492
1759778372 1412 20971016 28852492
1759778374 1412 20971016 28852492
1759778375 1412 20971016 28852492
1759778376 1412 20971016 28852492
1759778377 1412 20971016 28852492
1759778378 1413 20971016 28852492
1759778379 1413 20971016 28852492
1759778380 1413 20971016 28852492
1759778381 1412 20971016 28852492
1759778382 1412 20971016 28852492
1759778383 1412 20971016 28852492
1759778384 1412 20971016 28852492
1759778386 1413 20971016 28852492
1759778387 1413 20971016 28852492
1759778388 1413 20971016 28852492
1759778389 1413 20971016 28852492
1759778390 1414 20971016 28852492
1759778391 1414 20971016 28852492
1759778392 1414 20971016 28852492
1759778393 1414 20971016 28852492
1759778394 1413 20971016 28852492
1759778395 1414 20971016 28852492
1759778396 1414 20971016 28852492
1759778397 1414 20971016 28852492
1759778399 1414 20971016 28852492
1759778400 1414 20971016 28852492
1759778401 1415 20971016 28852492
1759778402 1415 20971016 28852492
1759778403 1415 20971016 28852492
1759778404 1415 20971016 28852492
1759778405 1414 20971016 28852492
1759778406 1414 20971016 28852492
1759778407 1414 20971016 28852492
1759778408 1414 20971016 28852492
1759778410 1415 20971016 28852492
1759778411 1415 20971016 28852492
1759778412 1415 20971016 28852492
1759778413 1415 20971016 28852492
1759778414 1415 20971016 28852492
1759778415 1415 20971016 28852492
1759778416 1416 20971016 28852492
1759778417 1416 20971016 28852492
1759778418 1416 20971016 28852492
1759778419 1415 20971016 28852492
1759778420 1415 20971016 28852492
1759778421 1416 20971016 28852492
1759778423 1416 20971016 28852492
1759778424 1416 20971016 28852492
1759778425 1416 20971016 28852492
1759778426 1417 20971016 28852492
1759778427 1417 20971016 28852492
1759778428 1417 20971016 28852492
1759778429 1417 20971016 28852492
1759778430 1416 20971016 28852492
1759778431 1416 20971016 28852492
1759778432 1416 20971016 28852492
1759778434 1416 20971016 28852492
1759778435 1417 20971016 28852492
1759778436 1417 20971016 28852492
1759778437 1417 20971016 28852492
1759778438 1417 20971016 28852492
1759778439 1417 20971016 28852492
1759778440 1418 20971016 28852492
1759778441 1417 20971016 28852492
1759778442 1417 20971016 28852492
1759778443 1417 20971016 28852492
1759778444 1417 20971016 28852492
1759778446 1417 20971016 28852492
1759778447 1418 20971016 28852492
1759778448 1418 20971016 28852492
1759778449 1418 20971016 28852492
1759778450 1418 20971016 28852492
1759778451 1418 20971016 28852492
1759778452 1419 20971016 28852492
1759778453 1418 20971016 28852492
1759778454 1417 23336500 28852492
1759778455 1416 24094644 28852492
1759778456 1415 24095156 28852492
1759778457 1414 24095796 28852492
1759778458 1413 26226164 28852492
1759778459 1412 27220084 28852492
1759778460 1411 27220980 28852492
1759778461 1410 13228988 19476084
1759778463 1410 12680636 16350156
1759778464 1410 12681276 16350156
1759778465 1410 12681276 16350156
1759778466 1410 12681276 16350156
1759778467 1410 12681276 16350156
1759778468 1410 12681276 16350156
1759778469 1410 12681276 16350156
1759778470 1409 12681276 16350156
1759778471 1410 12681276 16350156
1759778472 1410 12681276 16350156
1759778473 1410 12681276 16350156
1759778475 1410 12681276 16350156
1759778476 1410 12681276 16350156
1759778477 1411 12681276 16350156
1759778478 1411 12681276 16350156
1759778479 1411 12681276 16350156
1759778480 1411 12681276 16350156
1759778481 1412 12681276 16350156
1759778482 1411 12681276 16350156
1759778483 1411 12681276 16350156
1759778484 1411 12681276 16350156
1759778485 1411 12681276 16350156
1759778487 1411 12681276 16350156
1759778488 1412 12681276 16350156
1759778489 1412 12681276 16350156
1759778490 1412 12681276 16350156
1759778491 1412 12681276 16350156
1759778492 1412 12681276 16350156
1759778493 1413 12681276 16350156
1759778494 1413 12681276 16350156
1759778495 1412 15806276 19475160
1759778496 1412 15806276 19475160
1759778497 1412 15806276 19475160
1759778499 1412 15806276 19475160
1759778500 1412 15806276 19475160
1759778501 1412 15806276 19475160
1759778502 1412 15806276 19475160
1759778503 1413 15806276 19475160
1759778504 1413 15806276 19475160
1759778505 1413 15806276 19475160
1759778506 1412 15806276 19475160
1759778507 1412 15806276 19475160
1759778508 1413 15806276 19475160
1759778510 1413 15806276 19475160
1759778511 1413 15806276 19475160
1759778512 1413 15806276 19475160
1759778513 1413 15806276 19475160
1759778514 1414 15806276 19475160
1759778515 1414 15806276 19475160
1759778516 1414 15806276 19475160
1759778517 1413 15806276 19475160
1759778518 1413 15806276 19475160
1759778519 1413 15806276 19475160
1759778521 1414 15806276 19475160
1759778522 1414 15806276 19475160
1759778523 1414 15806276 19475160
1759778524 1414 15806276 19475160
1759778525 1415 15806276 19475160
1759778526 1415 15806276 19475160
1759778527 1415 15806276 19475160
1759778528 1415 15806276 19475160
1759778529 1414 15806276 19475160
1759778530 1414 15806276 19475160
1759778531 1414 9477476 10100148
1759778533 1414 9477476 10100148
1759778534 1414 9477476 10100148
1759778535 1414 9477476 10100148
1759778536 1414 9477476 10100148
1759778537 1415 9477476 10100148
1759778538 1415 9477476 10100148
1759778539 1415 9477476 10100148
1759778540 1414 9477476 10100148
1759778541 1414 9477476 10100148
1759778542 1415 9477476 10100148
1759778543 1415 9477476 10100148
1759778545 1415 9477476 10100148
1759778546 1415 9477476 10100148
1759778547 1416 9477476 10100148
1759778548 1416 9477476 10100148
1759778549 1416 9477476 10100148
1759778550 1416 9477476 10100148
1759778551 1416 9477476 10100148
1759778552 1415 9477476 10100148
1759778553 1416 9477476 10100148
1759778554 1416 9477476 10100148
1759778556 1416 9477476 10100148
1759778557 1416 9477476 10100148
1759778558 1416 9477476 10100148
1759778559 1416 9477476 10100148
1759778560 1416 9477476 10100148
1759778561 1417 9477476 10100148
1759778562 1417 9477476 10100148
1759778563 1416 9477476 10100148
1759778564 1416 9477476 10100148
1759778565 1416 9477476 10100148
1759778566 1416 9477476 10100148
1759778568 1416 11000340 16350156
1759778569 1415 14460972 19475160
