1755175658  0.0 17784 677012
1755175659  323 1196836 2616788
1755175660  213 2084520 3837656
1755175661  176 3019016 5058360
1755175662  276 4941272 9975020
1755175664  569 4949400 9975564
1755175665  770 4949400 9975564
1755175666  906 4949400 9975564
1755175667 1012 4949784 9975564
1755175668 1086 4949784 9975564
1755175669 1154 4949784 9975564
1755175670 1107 4949784 9975564
1755175671 1155 4949912 9975564
1755175672 1197 4949912 9975564
1755175674 1220 4949912 9975564
1755175675 1244 4949912 9975564
1755175676 1253 4949912 9975564
1755175677 1264 4949912 9975564
1755175678 1276 4949912 9975564
1755175679 1293 4949912 9975564
1755175680 1251 4949912 9975564
1755175681 1270 4949912 9975564
1755175682 1289 4949912 9975564
1755175684 1307 4950040 9975564
1755175685 1325 4950040 9975564
1755175686 1337 4950040 9975564
1755175687 1352 4950040 9975564
1755175688 1362 4950040 9975564
1755175689 1371 4950040 9975564
1755175690 1333 4950040 9975564
1755175691 1340 4950040 9975564
1755175692 1350 4950040 9975564
1755175693 1360 4950040 9975564
1755175695 1372 4950168 9975564
1755175696 1382 4950168 9975564
1755175697 1392 4950168 9975564
1755175698 1401 4950168 9975564
1755175699 1410 4950168 9975564
1755175700 1384 4950168 9975564
1755175701 1393 4950168 9975564
1755175702 1399 4950168 9975564
1755175704 1406 4950168 9975564
1755175705 1412 4950168 9975564
1755175706 1417 4950168 9975564
1755175707 1422 4950168 9975564
1755175708 1423 4950168 9975564
1755175709 1424 4950168 9975564
1755175710 1423 4950168 9975564
1755175711 1400 4950168 9975564
1755175712 1403 4950168 9975564
1755175713 1410 4950168 9975564
1755175715 1415 4950424 9975564
1755175716 1422 4950424 9975564
1755175717 1426 4950680 9975564
1755175718 1431 4950680 9975564
1755175719 1437 4950808 9975564
1755175720 1419 4950808 9975564
1755175721 1423 4951448 9975564
1755175722 1427 4951448 9975564
1755175723 1430 4951576 9975564
1755175725 1432 4951576 9975564
1755175726 1435 4951576 9975564
1755175727 1438 4951960 9975564
1755175728 1442 4951960 9975564
1755175729 1447 4951960 9975564
1755175730 1451 4952088 9975564
1755175731 1436 4952088 9975564
1755175732 1440 4952088 9975564
1755175733 1444 4952088 9975564
1755175735 1447 4952088 9975564
1755175736 1449 4952088 9975564
1755175737 1452 4952088 9975564
1755175738 1453 4952088 9975564
1755175739 1455 4952088 9975564
1755175740 1456 4952216 9975564
1755175741 1441 4952216 9975564
1755175742 1444 4952216 9975564
1755175743 1445 4952216 9975564
1755175745 1447 4952216 9975564
1755175746 1450 4952216 9975564
1755175747 1451 4952216 9975564
1755175748 1453 4952216 9975564
1755175749 1456 4952216 9975564
1755175750 1459 4952216 9975564
1755175751 1446 4952216 9975564
1755175752 1449 4952216 9975564
1755175753 1451 4952216 9975564
1755175755 1454 4952216 9975564
1755175756 1457 4952216 9975564
1755175757 1459 4952216 9975564
1755175758 1461 4952216 9975564
1755175759 1462 4952472 9975564
1755175760 1464 4952472 9975564
1755175761 1465 4952600 9975564
1755175762 1454 4952600 9975564
1755175763 1456 4952600 9975564
1755175764 1458 4952984 9975564
1755175766 1460 4952984 9975564
1755175767 1462 4953112 9975564
1755175768 1464 4953112 9975564
1755175769 1465 4953624 9975564
1755175770 1466 4953624 9975564
1755175771 1466 4953752 9975564
1755175772 1468 4953752 9975564
1755175773 1457 4954008 9975564
1755175774 1459 4954008 9975564
1755175775 1461 4954008 9975564
1755175777 1463 4954136 9975564
1755175778 1465 4954136 9975564
1755175779 1466 4954136 9975564
1755175780 1467 4954264 9975564
1755175781 1468 4954264 9975564
1755175782 1469 4954264 9975564
1755175783 1471 4954264 9975564
1755175784 1461 4954264 9975564
1755175785 1463 4954264 9975564
1755175786 1465 4954264 9975564
1755175788 1467 4954264 9975564
1755175789 1469 4954264 9975564
1755175790 1471 4954264 9975564
1755175791 1473 4954392 9975564
1755175792 1474 4954392 9975564
1755175793 1475 4954392 9975564
1755175794 1465 4954392 9975564
1755175795 1466 4954392 9975564
1755175796 1467 4954392 9975564
1755175797 1468 4954392 9975564
1755175799 1470 4954520 9975564
1755175800 1472 4954776 9975564
1755175801 1472 4954776 9975564
1755175802 1471 4954904 9975564
1755175803 1472 4955288 9975564
1755175804 1474 4955544 9975564
1755175805 1476 4955544 9975564
1755175806 1467 4955928 9975564
1755175807 1469 4955928 9975564
1755175808 1471 4955928 9975564
1755175810 1473 4955928 9975564
1755175811 1474 4956184 9975564
1755175812 1475 4956312 9975564
1755175813 1476 4956312 9975564
1755175814 1477 4956312 9975564
1755175815 1478 4956312 9975564
1755175816 1469 4956312 9975564
1755175817 1471 4956312 9975564
1755175818 1472 4956440 9975564
1755175820 1474 4956440 9975564
1755175821 1476 4956440 9975564
1755175822 1477 4956440 9975564
1755175823 1479 4956440 9975564
1755175824 1481 4956440 9975564
1755175825 1482 4956568 9975564
1755175826 1474 4956824 9975564
1755175827 1474 4956952 9975564
1755175828 1475 4957336 9975564
1755175830 1475 4957336 9975564
1755175831 1476 4957592 9975564
1755175832 1477 4957720 9975564
1755175833 1477 4957720 9975564
1755175834 1478 4957976 9975564
1755175835 1480 4958104 9975564
1755175836 1481 4958232 9975564
1755175837 1474 4958360 9975564
1755175838 1475 4958488 9975564
1755175839 1477 4958488 9975564
1755175841 1478 4958488 9975564
1755175842 1479 4958488 9975564
1755175843 1480 4958488 9975564
1755175844 1481 4958488 9975564
1755175845 1482 4958744 9975564
1755175846 1484 4959128 9975564
1755175847 1485 4959384 9975564
1755175848 1477 4959384 9975564
1755175849 1478 4959640 9975564
1755175850 1478 4959768 9975564
1755175851 1479 4960280 9975564
1755175853 1480 4960408 9975564
1755175854 1482 4960536 9975564
1755175855 1483 4960536 9975564
1755175856 1484 4960536 9975564
1755175857 1485 4960536 9975564
1755175858 1486 4960664 9975564
1755175859 1487 4960792 9975564
1755175860 1480 4961048 9975564
1755175861 1480 4961304 9975564
1755175862 1480 4961432 9975564
1755175863 1480 4961944 9975564
1755175865 1481 4962456 9975564
1755175866 1482 4962584 9975564
1755175867 1483 4962584 9975564
1755175868 1484 4962712 9975564
1755175869 1484 4963096 9975564
1755175870 1485 4964376 9975564
1755175871 1487 4964888 9975564
1755175872 1486 4966808 9975564
1755175873 1485 4983484 9975564
1755175874 1479 5122932 9975564
1755175875 1477 5188544 9975564
1755175876 1472 5770224 9975564
1755175877 1472 5825520 9975564
1755175878 1469 5825520 9975564
1755175879 1466 7048272 9975564
1755175880 1459 7410768 9975564
1755175881 1453 7410768 9975564
1755175883 1447 8025168 9975564
1755175884 1447 8258768 9975564
1755175885 1447 8258768 9975564
1755175886 1447 8258768 9975564
1755175887 1447 8258768 9975564
1755175888 1448 8258768 9975564
1755175889 1447 8258768 9975564
1755175890 1446 8259024 9975564
1755175891 1447 8259024 9975564
1755175892 1442 8259024 9975564
1755175893 1442 8259024 9975564
1755175894 1442 8259024 9975564
1755175896 1442 8259024 9975564
1755175897 1443 8259024 9975564
1755175898 1444 8259024 9975564
1755175899 1445 8259024 9975564
1755175900 1446 8259024 9975564
1755175901 1447 8259024 9975564
1755175902 1448 8259024 9975564
1755175903 1443 8259024 9975564
1755175904 1445 8259024 9975564
1755175905 1445 8259024 9975564
1755175906 1446 8259024 9975564
1755175908 1448 8259024 9975564
1755175909 1449 8259024 9975564
1755175910 1450 8259024 9975564
1755175911 1450 8259024 9975564
1755175912 1451 8259024 9975564
1755175913 1452 8259024 9975564
1755175914 1447 8259024 9975564
1755175915 1448 8259024 9975564
1755175916 1449 8259024 9975564
1755175917 1449 8259024 9975564
1755175919 1450 8259024 9975564
1755175920 1451 8259024 9975564
1755175921 1452 8259024 9975564
1755175922 1453 8259024 9975564
1755175923 1453 8259024 9975564
1755175924 1454 8259024 9975564
1755175925 1454 8259024 9975564
1755175926 1455 8259024 9975564
1755175927 1450 8259024 9975564
1755175928 1451 8259024 9975564
1755175929 1451 8259024 9975564
1755175931 1452 8259024 9975564
1755175932 1452 8259024 9975564
1755175933 1453 8259024 9975564
1755175934 1454 8259024 9975564
1755175935 1455 8259024 9975564
1755175936 1456 8259024 9975564
1755175937 1457 8259024 9975564
1755175938 1453 8259024 9975564
1755175939 1454 8259024 9975564
1755175940 1455 8259024 9975564
1755175942 1455 8259024 9975564
1755175943 1456 8259024 9975564
1755175944 1457 8259024 9975564
1755175945 1458 8259024 9975564
1755175946 1459 8259024 9975564
1755175947 1459 8259024 9975564
1755175948 1460 5025000 6345144
1755175949 1455 5025000 6345144
1755175950 1455 5025000 6345144
1755175951 1456 5025000 6345144
1755175952 1456 5025000 6345144
1755175954 1457 5025000 6345144
1755175955 1457 5025000 6345144
1755175956 1458 5025000 6345144
1755175957 1458 5025000 6345144
1755175958 1458 3804340 5124440
1755175959 1459 3804340 5124440
1755175960 1460 3804340 5124440
1755175961 1456 3804340 5124440
1755175962 1456 3804340 5124440
1755175963 1456 3804340 5124440
1755175964 1457 3804340 5124440
1755175966 1457 3804340 5124440
1755175967 1457 4884688 7565848
