upbeat_haslett: CPU: 159.84%, Memory: 1.74GiB / 251.5GiB
upbeat_haslett: CPU: 99.93%, Memory: 2.988GiB / 251.5GiB
upbeat_haslett: CPU: 100.54%, Memory: 2.988GiB / 251.5GiB
upbeat_haslett: CPU: 101.54%, Memory: 2.988GiB / 251.5GiB
upbeat_haslett: CPU: 100.25%, Memory: 2.988GiB / 251.5GiB
upbeat_haslett: CPU: 100.02%, Memory: 2.988GiB / 251.5GiB
upbeat_haslett: CPU: 100.65%, Memory: 2.988GiB / 251.5GiB
upbeat_haslett: CPU: 100.37%, Memory: 2.988GiB / 251.5GiB
upbeat_haslett: CPU: 100.28%, Memory: 2.988GiB / 251.5GiB
upbeat_haslett: CPU: 100.22%, Memory: 2.988GiB / 251.5GiB
upbeat_haslett: CPU: 100.00%, Memory: 2.988GiB / 251.5GiB
upbeat_haslett: CPU: 100.47%, Memory: 2.988GiB / 251.5GiB
upbeat_haslett: CPU: 100.41%, Memory: 2.988GiB / 251.5GiB
upbeat_haslett: CPU: 101.99%, Memory: 2.988GiB / 251.5GiB
upbeat_haslett: CPU: 99.25%, Memory: 2.988GiB / 251.5GiB
upbeat_haslett: CPU: 98.46%, Memory: 2.988GiB / 251.5GiB
upbeat_haslett: CPU: 101.14%, Memory: 2.988GiB / 251.5GiB
upbeat_haslett: CPU: 101.39%, Memory: 2.988GiB / 251.5GiB
upbeat_haslett: CPU: 100.37%, Memory: 2.988GiB / 251.5GiB
upbeat_haslett: CPU: 100.56%, Memory: 2.988GiB / 251.5GiB
upbeat_haslett: CPU: 100.44%, Memory: 2.988GiB / 251.5GiB
upbeat_haslett: CPU: 100.90%, Memory: 2.988GiB / 251.5GiB
upbeat_haslett: CPU: 101.41%, Memory: 2.988GiB / 251.5GiB
upbeat_haslett: CPU: 100.56%, Memory: 5.246GiB / 251.5GiB
upbeat_haslett: CPU: 100.35%, Memory: 5.974GiB / 251.5GiB
upbeat_haslett: CPU: 100.81%, Memory: 5.974GiB / 251.5GiB
upbeat_haslett: CPU: 100.82%, Memory: 5.974GiB / 251.5GiB
upbeat_haslett: CPU: 100.56%, Memory: 5.974GiB / 251.5GiB
upbeat_haslett: CPU: 101.52%, Memory: 5.974GiB / 251.5GiB
upbeat_haslett: CPU: 100.49%, Memory: 5.974GiB / 251.5GiB
upbeat_haslett: CPU: 101.58%, Memory: 5.974GiB / 251.5GiB
upbeat_haslett: CPU: 101.43%, Memory: 5.974GiB / 251.5GiB
upbeat_haslett: CPU: 100.43%, Memory: 5.974GiB / 251.5GiB
upbeat_haslett: CPU: 99.87%, Memory: 5.974GiB / 251.5GiB
upbeat_haslett: CPU: 100.03%, Memory: 5.974GiB / 251.5GiB
upbeat_haslett: CPU: 101.01%, Memory: 5.974GiB / 251.5GiB
upbeat_haslett: CPU: 99.87%, Memory: 5.974GiB / 251.5GiB
upbeat_haslett: CPU: 100.29%, Memory: 5.974GiB / 251.5GiB
upbeat_haslett: CPU: 100.41%, Memory: 5.974GiB / 251.5GiB
upbeat_haslett: CPU: 100.63%, Memory: 5.974GiB / 251.5GiB
upbeat_haslett: CPU: 99.04%, Memory: 5.974GiB / 251.5GiB
upbeat_haslett: CPU: 99.96%, Memory: 5.974GiB / 251.5GiB
upbeat_haslett: CPU: 100.88%, Memory: 5.974GiB / 251.5GiB
upbeat_haslett: CPU: 100.51%, Memory: 5.974GiB / 251.5GiB
upbeat_haslett: CPU: 101.46%, Memory: 5.974GiB / 251.5GiB
upbeat_haslett: CPU: 101.13%, Memory: 7.046GiB / 251.5GiB
upbeat_haslett: CPU: 1555.47%, Memory: 9.027GiB / 251.5GiB
upbeat_haslett: CPU: 1544.21%, Memory: 9.027GiB / 251.5GiB
upbeat_haslett: CPU: 1550.76%, Memory: 9.027GiB / 251.5GiB
upbeat_haslett: CPU: 1574.09%, Memory: 9.027GiB / 251.5GiB
upbeat_haslett: CPU: 1584.49%, Memory: 9.027GiB / 251.5GiB
upbeat_haslett: CPU: 1580.44%, Memory: 9.027GiB / 251.5GiB
upbeat_haslett: CPU: 1586.13%, Memory: 9.027GiB / 251.5GiB
upbeat_haslett: CPU: 1555.35%, Memory: 9.027GiB / 251.5GiB
upbeat_haslett: CPU: 1551.82%, Memory: 9.027GiB / 251.5GiB
upbeat_haslett: CPU: 1545.10%, Memory: 9.027GiB / 251.5GiB
upbeat_haslett: CPU: 1588.09%, Memory: 9.027GiB / 251.5GiB
upbeat_haslett: CPU: 1550.97%, Memory: 9.027GiB / 251.5GiB
crazy_poitras: CPU: 101.09%, Memory: 2.007GiB / 251.5GiB
crazy_poitras: CPU: 101.20%, Memory: 2.989GiB / 251.5GiB
crazy_poitras: CPU: 100.56%, Memory: 2.988GiB / 251.5GiB
crazy_poitras: CPU: 98.88%, Memory: 2.988GiB / 251.5GiB
crazy_poitras: CPU: 101.73%, Memory: 2.988GiB / 251.5GiB
crazy_poitras: CPU: 100.27%, Memory: 2.988GiB / 251.5GiB
crazy_poitras: CPU: 101.39%, Memory: 2.988GiB / 251.5GiB
crazy_poitras: CPU: 101.01%, Memory: 2.988GiB / 251.5GiB
crazy_poitras: CPU: 100.71%, Memory: 2.988GiB / 251.5GiB
crazy_poitras: CPU: 100.52%, Memory: 2.988GiB / 251.5GiB
crazy_poitras: CPU: 99.62%, Memory: 2.988GiB / 251.5GiB
crazy_poitras: CPU: 99.87%, Memory: 2.988GiB / 251.5GiB
crazy_poitras: CPU: 100.56%, Memory: 2.988GiB / 251.5GiB
crazy_poitras: CPU: 99.62%, Memory: 2.988GiB / 251.5GiB
crazy_poitras: CPU: 100.43%, Memory: 2.988GiB / 251.5GiB
crazy_poitras: CPU: 100.50%, Memory: 2.988GiB / 251.5GiB
crazy_poitras: CPU: 101.00%, Memory: 2.988GiB / 251.5GiB
crazy_poitras: CPU: 100.90%, Memory: 2.988GiB / 251.5GiB
crazy_poitras: CPU: 98.82%, Memory: 2.988GiB / 251.5GiB
crazy_poitras: CPU: 99.71%, Memory: 2.988GiB / 251.5GiB
crazy_poitras: CPU: 101.22%, Memory: 2.988GiB / 251.5GiB
crazy_poitras: CPU: 101.58%, Memory: 2.988GiB / 251.5GiB
crazy_poitras: CPU: 101.00%, Memory: 2.988GiB / 251.5GiB
crazy_poitras: CPU: 101.45%, Memory: 5.974GiB / 251.5GiB
crazy_poitras: CPU: 100.77%, Memory: 5.974GiB / 251.5GiB
crazy_poitras: CPU: 100.90%, Memory: 5.974GiB / 251.5GiB
crazy_poitras: CPU: 99.99%, Memory: 5.974GiB / 251.5GiB
crazy_poitras: CPU: 99.89%, Memory: 5.974GiB / 251.5GiB
crazy_poitras: CPU: 99.22%, Memory: 5.974GiB / 251.5GiB
crazy_poitras: CPU: 101.22%, Memory: 5.974GiB / 251.5GiB
crazy_poitras: CPU: 100.18%, Memory: 5.974GiB / 251.5GiB
crazy_poitras: CPU: 99.84%, Memory: 5.974GiB / 251.5GiB
crazy_poitras: CPU: 99.75%, Memory: 5.974GiB / 251.5GiB
crazy_poitras: CPU: 100.33%, Memory: 5.974GiB / 251.5GiB
crazy_poitras: CPU: 100.46%, Memory: 5.974GiB / 251.5GiB
crazy_poitras: CPU: 103.10%, Memory: 5.974GiB / 251.5GiB
crazy_poitras: CPU: 101.26%, Memory: 5.974GiB / 251.5GiB
crazy_poitras: CPU: 102.04%, Memory: 5.974GiB / 251.5GiB
crazy_poitras: CPU: 100.56%, Memory: 5.974GiB / 251.5GiB
crazy_poitras: CPU: 100.75%, Memory: 5.974GiB / 251.5GiB
crazy_poitras: CPU: 100.81%, Memory: 5.974GiB / 251.5GiB
crazy_poitras: CPU: 101.00%, Memory: 5.974GiB / 251.5GiB
crazy_poitras: CPU: 100.58%, Memory: 5.974GiB / 251.5GiB
crazy_poitras: CPU: 100.75%, Memory: 5.974GiB / 251.5GiB
crazy_poitras: CPU: 99.93%, Memory: 5.974GiB / 251.5GiB
crazy_poitras: CPU: 907.97%, Memory: 9.027GiB / 251.5GiB
crazy_poitras: CPU: 1579.43%, Memory: 9.027GiB / 251.5GiB
crazy_poitras: CPU: 1558.11%, Memory: 9.027GiB / 251.5GiB
crazy_poitras: CPU: 1558.80%, Memory: 9.027GiB / 251.5GiB
crazy_poitras: CPU: 1556.52%, Memory: 9.027GiB / 251.5GiB
crazy_poitras: CPU: 1551.08%, Memory: 9.027GiB / 251.5GiB
crazy_poitras: CPU: 1552.60%, Memory: 9.027GiB / 251.5GiB
crazy_poitras: CPU: 1494.60%, Memory: 9.027GiB / 251.5GiB
crazy_poitras: CPU: 1526.91%, Memory: 9.027GiB / 251.5GiB
crazy_poitras: CPU: 1554.15%, Memory: 9.027GiB / 251.5GiB
crazy_poitras: CPU: 1551.94%, Memory: 9.027GiB / 251.5GiB
crazy_poitras: CPU: 1547.37%, Memory: 9.027GiB / 251.5GiB
crazy_poitras: CPU: 1558.30%, Memory: 9.027GiB / 251.5GiB
condescending_noyce: CPU: 156.10%, Memory: 1.701GiB / 251.5GiB
condescending_noyce: CPU: 100.18%, Memory: 2.988GiB / 251.5GiB
condescending_noyce: CPU: 100.69%, Memory: 2.988GiB / 251.5GiB
condescending_noyce: CPU: 101.24%, Memory: 2.988GiB / 251.5GiB
condescending_noyce: CPU: 101.03%, Memory: 2.988GiB / 251.5GiB
condescending_noyce: CPU: 101.20%, Memory: 2.988GiB / 251.5GiB
condescending_noyce: CPU: 100.28%, Memory: 2.988GiB / 251.5GiB
condescending_noyce: CPU: 100.28%, Memory: 2.988GiB / 251.5GiB
condescending_noyce: CPU: 100.12%, Memory: 2.988GiB / 251.5GiB
condescending_noyce: CPU: 99.87%, Memory: 2.988GiB / 251.5GiB
condescending_noyce: CPU: 101.07%, Memory: 2.988GiB / 251.5GiB
condescending_noyce: CPU: 100.02%, Memory: 2.988GiB / 251.5GiB
condescending_noyce: CPU: 99.50%, Memory: 2.988GiB / 251.5GiB
condescending_noyce: CPU: 99.44%, Memory: 2.988GiB / 251.5GiB
condescending_noyce: CPU: 100.14%, Memory: 2.988GiB / 251.5GiB
condescending_noyce: CPU: 101.71%, Memory: 2.988GiB / 251.5GiB
condescending_noyce: CPU: 102.69%, Memory: 2.988GiB / 251.5GiB
condescending_noyce: CPU: 102.38%, Memory: 2.988GiB / 251.5GiB
condescending_noyce: CPU: 101.01%, Memory: 2.988GiB / 251.5GiB
condescending_noyce: CPU: 100.82%, Memory: 2.988GiB / 251.5GiB
condescending_noyce: CPU: 101.19%, Memory: 2.988GiB / 251.5GiB
condescending_noyce: CPU: 101.73%, Memory: 2.988GiB / 251.5GiB
condescending_noyce: CPU: 99.19%, Memory: 2.988GiB / 251.5GiB
condescending_noyce: CPU: 100.16%, Memory: 5.974GiB / 251.5GiB
condescending_noyce: CPU: 100.00%, Memory: 5.974GiB / 251.5GiB
condescending_noyce: CPU: 101.03%, Memory: 5.974GiB / 251.5GiB
condescending_noyce: CPU: 100.25%, Memory: 5.974GiB / 251.5GiB
condescending_noyce: CPU: 99.80%, Memory: 5.974GiB / 251.5GiB
condescending_noyce: CPU: 100.73%, Memory: 5.974GiB / 251.5GiB
condescending_noyce: CPU: 99.25%, Memory: 5.974GiB / 251.5GiB
condescending_noyce: CPU: 100.71%, Memory: 5.974GiB / 251.5GiB
condescending_noyce: CPU: 100.97%, Memory: 5.974GiB / 251.5GiB
condescending_noyce: CPU: 99.75%, Memory: 5.974GiB / 251.5GiB
condescending_noyce: CPU: 99.93%, Memory: 5.974GiB / 251.5GiB
condescending_noyce: CPU: 100.27%, Memory: 5.974GiB / 251.5GiB
condescending_noyce: CPU: 99.53%, Memory: 5.974GiB / 251.5GiB
condescending_noyce: CPU: 102.11%, Memory: 5.974GiB / 251.5GiB
condescending_noyce: CPU: 102.05%, Memory: 5.974GiB / 251.5GiB
condescending_noyce: CPU: 101.45%, Memory: 5.974GiB / 251.5GiB
condescending_noyce: CPU: 100.56%, Memory: 5.974GiB / 251.5GiB
condescending_noyce: CPU: 100.75%, Memory: 5.974GiB / 251.5GiB
condescending_noyce: CPU: 101.33%, Memory: 5.974GiB / 251.5GiB
condescending_noyce: CPU: 100.27%, Memory: 5.974GiB / 251.5GiB
condescending_noyce: CPU: 99.71%, Memory: 5.974GiB / 251.5GiB
condescending_noyce: CPU: 101.06%, Memory: 5.974GiB / 251.5GiB
condescending_noyce: CPU: 464.36%, Memory: 9.027GiB / 251.5GiB
condescending_noyce: CPU: 1570.35%, Memory: 9.027GiB / 251.5GiB
condescending_noyce: CPU: 1533.08%, Memory: 9.027GiB / 251.5GiB
condescending_noyce: CPU: 1552.39%, Memory: 9.027GiB / 251.5GiB
condescending_noyce: CPU: 1579.79%, Memory: 9.027GiB / 251.5GiB
condescending_noyce: CPU: 1581.12%, Memory: 9.027GiB / 251.5GiB
condescending_noyce: CPU: 1580.81%, Memory: 9.027GiB / 251.5GiB
condescending_noyce: CPU: 1537.97%, Memory: 9.027GiB / 251.5GiB
condescending_noyce: CPU: 1539.59%, Memory: 9.027GiB / 251.5GiB
condescending_noyce: CPU: 1558.75%, Memory: 9.027GiB / 251.5GiB
condescending_noyce: CPU: 1548.60%, Memory: 9.027GiB / 251.5GiB
condescending_noyce: CPU: 1550.49%, Memory: 9.027GiB / 251.5GiB
condescending_noyce: CPU: 1547.93%, Memory: 9.027GiB / 251.5GiB
cranky_robinson1: CPU: 145.83%, Memory: 1.727GiB / 251.5GiB
cranky_robinson1: CPU: 99.96%, Memory: 2.988GiB / 251.5GiB
cranky_robinson1: CPU: 99.19%, Memory: 2.988GiB / 251.5GiB
cranky_robinson1: CPU: 100.25%, Memory: 2.988GiB / 251.5GiB
cranky_robinson1: CPU: 99.50%, Memory: 2.988GiB / 251.5GiB
cranky_robinson1: CPU: 100.25%, Memory: 2.988GiB / 251.5GiB
cranky_robinson1: CPU: 99.75%, Memory: 2.988GiB / 251.5GiB
cranky_robinson1: CPU: 100.27%, Memory: 2.988GiB / 251.5GiB
cranky_robinson1: CPU: 102.38%, Memory: 2.988GiB / 251.5GiB
cranky_robinson1: CPU: 101.35%, Memory: 2.988GiB / 251.5GiB
cranky_robinson1: CPU: 100.75%, Memory: 2.988GiB / 251.5GiB
cranky_robinson1: CPU: 100.77%, Memory: 2.988GiB / 251.5GiB
cranky_robinson1: CPU: 100.12%, Memory: 2.988GiB / 251.5GiB
cranky_robinson1: CPU: 101.91%, Memory: 2.988GiB / 251.5GiB
cranky_robinson1: CPU: 99.94%, Memory: 2.988GiB / 251.5GiB
cranky_robinson1: CPU: 100.12%, Memory: 2.988GiB / 251.5GiB
cranky_robinson1: CPU: 101.07%, Memory: 2.988GiB / 251.5GiB
cranky_robinson1: CPU: 100.88%, Memory: 2.988GiB / 251.5GiB
cranky_robinson1: CPU: 100.75%, Memory: 2.988GiB / 251.5GiB
cranky_robinson1: CPU: 100.08%, Memory: 2.988GiB / 251.5GiB
cranky_robinson1: CPU: 100.69%, Memory: 2.988GiB / 251.5GiB
cranky_robinson1: CPU: 99.75%, Memory: 2.988GiB / 251.5GiB
cranky_robinson1: CPU: 99.94%, Memory: 2.988GiB / 251.5GiB
cranky_robinson1: CPU: 100.18%, Memory: 5.975GiB / 251.5GiB
cranky_robinson1: CPU: 100.69%, Memory: 5.974GiB / 251.5GiB
cranky_robinson1: CPU: 100.56%, Memory: 5.974GiB / 251.5GiB
cranky_robinson1: CPU: 101.52%, Memory: 5.974GiB / 251.5GiB
cranky_robinson1: CPU: 100.88%, Memory: 5.974GiB / 251.5GiB
cranky_robinson1: CPU: 98.33%, Memory: 5.974GiB / 251.5GiB
cranky_robinson1: CPU: 101.52%, Memory: 5.974GiB / 251.5GiB
cranky_robinson1: CPU: 101.20%, Memory: 5.974GiB / 251.5GiB
cranky_robinson1: CPU: 100.62%, Memory: 5.974GiB / 251.5GiB
cranky_robinson1: CPU: 99.13%, Memory: 5.974GiB / 251.5GiB
cranky_robinson1: CPU: 101.13%, Memory: 5.974GiB / 251.5GiB
cranky_robinson1: CPU: 100.84%, Memory: 5.974GiB / 251.5GiB
cranky_robinson1: CPU: 100.21%, Memory: 5.974GiB / 251.5GiB
cranky_robinson1: CPU: 100.65%, Memory: 5.974GiB / 251.5GiB
cranky_robinson1: CPU: 100.14%, Memory: 5.974GiB / 251.5GiB
cranky_robinson1: CPU: 100.12%, Memory: 5.974GiB / 251.5GiB
cranky_robinson1: CPU: 101.22%, Memory: 5.974GiB / 251.5GiB
cranky_robinson1: CPU: 99.13%, Memory: 5.974GiB / 251.5GiB
cranky_robinson1: CPU: 101.91%, Memory: 5.974GiB / 251.5GiB
cranky_robinson1: CPU: 100.31%, Memory: 5.974GiB / 251.5GiB
cranky_robinson1: CPU: 101.13%, Memory: 5.974GiB / 251.5GiB
cranky_robinson1: CPU: 101.28%, Memory: 5.974GiB / 251.5GiB
cranky_robinson1: CPU: 101.21%, Memory: 8.741GiB / 251.5GiB
cranky_robinson1: CPU: 1579.68%, Memory: 9.027GiB / 251.5GiB
cranky_robinson1: CPU: 1543.67%, Memory: 9.027GiB / 251.5GiB
cranky_robinson1: CPU: 1553.53%, Memory: 9.027GiB / 251.5GiB
cranky_robinson1: CPU: 1557.88%, Memory: 9.027GiB / 251.5GiB
cranky_robinson1: CPU: 1582.01%, Memory: 9.027GiB / 251.5GiB
cranky_robinson1: CPU: 1580.20%, Memory: 9.027GiB / 251.5GiB
cranky_robinson1: CPU: 1580.20%, Memory: 9.027GiB / 251.5GiB
cranky_robinson1: CPU: 1581.20%, Memory: 9.027GiB / 251.5GiB
cranky_robinson1: CPU: 1585.43%, Memory: 9.027GiB / 251.5GiB
cranky_robinson1: CPU: 1582.10%, Memory: 9.027GiB / 251.5GiB
cranky_robinson1: CPU: 1578.89%, Memory: 9.027GiB / 251.5GiB
cranky_robinson1: CPU: 1148.74%, Memory: 807.2MiB / 251.5GiB
ecstatic_sutherland: CPU: 100.58%, Memory: 2.599GiB / 251.5GiB
ecstatic_sutherland: CPU: 99.93%, Memory: 2.988GiB / 251.5GiB
ecstatic_sutherland: CPU: 99.69%, Memory: 2.988GiB / 251.5GiB
ecstatic_sutherland: CPU: 100.81%, Memory: 2.988GiB / 251.5GiB
ecstatic_sutherland: CPU: 99.07%, Memory: 2.988GiB / 251.5GiB
ecstatic_sutherland: CPU: 100.75%, Memory: 2.988GiB / 251.5GiB
ecstatic_sutherland: CPU: 100.88%, Memory: 2.988GiB / 251.5GiB
ecstatic_sutherland: CPU: 101.39%, Memory: 2.988GiB / 251.5GiB
ecstatic_sutherland: CPU: 100.83%, Memory: 2.988GiB / 251.5GiB
ecstatic_sutherland: CPU: 100.84%, Memory: 2.988GiB / 251.5GiB
ecstatic_sutherland: CPU: 100.27%, Memory: 2.988GiB / 251.5GiB
ecstatic_sutherland: CPU: 100.90%, Memory: 2.988GiB / 251.5GiB
ecstatic_sutherland: CPU: 101.41%, Memory: 2.988GiB / 251.5GiB
ecstatic_sutherland: CPU: 99.28%, Memory: 2.988GiB / 251.5GiB
ecstatic_sutherland: CPU: 99.96%, Memory: 2.988GiB / 251.5GiB
ecstatic_sutherland: CPU: 99.81%, Memory: 2.988GiB / 251.5GiB
ecstatic_sutherland: CPU: 100.56%, Memory: 2.988GiB / 251.5GiB
ecstatic_sutherland: CPU: 99.53%, Memory: 2.988GiB / 251.5GiB
ecstatic_sutherland: CPU: 99.84%, Memory: 2.988GiB / 251.5GiB
ecstatic_sutherland: CPU: 99.50%, Memory: 2.988GiB / 251.5GiB
ecstatic_sutherland: CPU: 101.54%, Memory: 2.988GiB / 251.5GiB
ecstatic_sutherland: CPU: 99.81%, Memory: 2.988GiB / 251.5GiB
ecstatic_sutherland: CPU: 102.04%, Memory: 3.573GiB / 251.5GiB
ecstatic_sutherland: CPU: 99.00%, Memory: 5.974GiB / 251.5GiB
ecstatic_sutherland: CPU: 101.07%, Memory: 5.974GiB / 251.5GiB
ecstatic_sutherland: CPU: 99.93%, Memory: 5.974GiB / 251.5GiB
ecstatic_sutherland: CPU: 101.07%, Memory: 5.974GiB / 251.5GiB
ecstatic_sutherland: CPU: 101.77%, Memory: 5.974GiB / 251.5GiB
ecstatic_sutherland: CPU: 100.18%, Memory: 5.974GiB / 251.5GiB
ecstatic_sutherland: CPU: 100.14%, Memory: 5.974GiB / 251.5GiB
ecstatic_sutherland: CPU: 101.47%, Memory: 5.974GiB / 251.5GiB
ecstatic_sutherland: CPU: 99.81%, Memory: 5.974GiB / 251.5GiB
ecstatic_sutherland: CPU: 99.87%, Memory: 5.974GiB / 251.5GiB
ecstatic_sutherland: CPU: 100.82%, Memory: 5.974GiB / 251.5GiB
ecstatic_sutherland: CPU: 100.88%, Memory: 5.974GiB / 251.5GiB
ecstatic_sutherland: CPU: 99.62%, Memory: 5.974GiB / 251.5GiB
ecstatic_sutherland: CPU: 100.37%, Memory: 5.974GiB / 251.5GiB
ecstatic_sutherland: CPU: 101.39%, Memory: 5.974GiB / 251.5GiB
ecstatic_sutherland: CPU: 100.12%, Memory: 5.974GiB / 251.5GiB
ecstatic_sutherland: CPU: 100.62%, Memory: 5.974GiB / 251.5GiB
ecstatic_sutherland: CPU: 100.56%, Memory: 5.974GiB / 251.5GiB
ecstatic_sutherland: CPU: 100.18%, Memory: 5.974GiB / 251.5GiB
ecstatic_sutherland: CPU: 101.03%, Memory: 5.974GiB / 251.5GiB
ecstatic_sutherland: CPU: 99.13%, Memory: 5.974GiB / 251.5GiB
ecstatic_sutherland: CPU: 100.90%, Memory: 6.101GiB / 251.5GiB
ecstatic_sutherland: CPU: 1346.43%, Memory: 9.027GiB / 251.5GiB
ecstatic_sutherland: CPU: 1551.59%, Memory: 9.027GiB / 251.5GiB
ecstatic_sutherland: CPU: 1555.17%, Memory: 9.027GiB / 251.5GiB
ecstatic_sutherland: CPU: 1555.48%, Memory: 9.027GiB / 251.5GiB
ecstatic_sutherland: CPU: 1545.79%, Memory: 9.027GiB / 251.5GiB
ecstatic_sutherland: CPU: 1580.79%, Memory: 9.027GiB / 251.5GiB
ecstatic_sutherland: CPU: 1564.01%, Memory: 9.027GiB / 251.5GiB
ecstatic_sutherland: CPU: 1587.25%, Memory: 9.027GiB / 251.5GiB
ecstatic_sutherland: CPU: 1528.91%, Memory: 9.027GiB / 251.5GiB
ecstatic_sutherland: CPU: 1576.42%, Memory: 9.027GiB / 251.5GiB
ecstatic_sutherland: CPU: 1538.70%, Memory: 9.027GiB / 251.5GiB
ecstatic_sutherland: CPU: 1514.70%, Memory: 9.027GiB / 251.5GiB
ecstatic_sutherland: CPU: 1544.23%, Memory: 9.027GiB / 251.5GiB
cranky_mccarthy: CPU: 154.02%, Memory: 1.694GiB / 251.5GiB
cranky_mccarthy: CPU: 101.26%, Memory: 2.988GiB / 251.5GiB
cranky_mccarthy: CPU: 100.52%, Memory: 2.988GiB / 251.5GiB
cranky_mccarthy: CPU: 100.12%, Memory: 2.988GiB / 251.5GiB
cranky_mccarthy: CPU: 101.07%, Memory: 2.988GiB / 251.5GiB
cranky_mccarthy: CPU: 100.56%, Memory: 2.988GiB / 251.5GiB
cranky_mccarthy: CPU: 101.60%, Memory: 2.988GiB / 251.5GiB
cranky_mccarthy: CPU: 101.26%, Memory: 2.988GiB / 251.5GiB
cranky_mccarthy: CPU: 100.62%, Memory: 2.988GiB / 251.5GiB
cranky_mccarthy: CPU: 99.62%, Memory: 2.988GiB / 251.5GiB
cranky_mccarthy: CPU: 100.06%, Memory: 2.988GiB / 251.5GiB
cranky_mccarthy: CPU: 99.81%, Memory: 2.988GiB / 251.5GiB
cranky_mccarthy: CPU: 99.44%, Memory: 2.988GiB / 251.5GiB
cranky_mccarthy: CPU: 99.19%, Memory: 2.988GiB / 251.5GiB
cranky_mccarthy: CPU: 99.03%, Memory: 2.988GiB / 251.5GiB
cranky_mccarthy: CPU: 98.88%, Memory: 2.988GiB / 251.5GiB
cranky_mccarthy: CPU: 100.31%, Memory: 2.988GiB / 251.5GiB
cranky_mccarthy: CPU: 100.46%, Memory: 2.988GiB / 251.5GiB
cranky_mccarthy: CPU: 101.07%, Memory: 2.988GiB / 251.5GiB
cranky_mccarthy: CPU: 100.71%, Memory: 2.988GiB / 251.5GiB
cranky_mccarthy: CPU: 99.56%, Memory: 2.988GiB / 251.5GiB
cranky_mccarthy: CPU: 100.59%, Memory: 2.988GiB / 251.5GiB
cranky_mccarthy: CPU: 99.81%, Memory: 2.988GiB / 251.5GiB
cranky_mccarthy: CPU: 101.47%, Memory: 4.785GiB / 251.5GiB
cranky_mccarthy: CPU: 99.15%, Memory: 5.975GiB / 251.5GiB
cranky_mccarthy: CPU: 99.11%, Memory: 5.974GiB / 251.5GiB
cranky_mccarthy: CPU: 101.86%, Memory: 5.974GiB / 251.5GiB
cranky_mccarthy: CPU: 100.12%, Memory: 5.974GiB / 251.5GiB
cranky_mccarthy: CPU: 100.43%, Memory: 5.974GiB / 251.5GiB
cranky_mccarthy: CPU: 101.93%, Memory: 5.974GiB / 251.5GiB
cranky_mccarthy: CPU: 101.79%, Memory: 5.974GiB / 251.5GiB
cranky_mccarthy: CPU: 99.87%, Memory: 5.974GiB / 251.5GiB
cranky_mccarthy: CPU: 99.93%, Memory: 5.974GiB / 251.5GiB
cranky_mccarthy: CPU: 99.31%, Memory: 5.974GiB / 251.5GiB
cranky_mccarthy: CPU: 101.20%, Memory: 5.974GiB / 251.5GiB
cranky_mccarthy: CPU: 101.47%, Memory: 5.974GiB / 251.5GiB
cranky_mccarthy: CPU: 101.13%, Memory: 5.974GiB / 251.5GiB
cranky_mccarthy: CPU: 100.37%, Memory: 5.974GiB / 251.5GiB
cranky_mccarthy: CPU: 100.94%, Memory: 5.974GiB / 251.5GiB
cranky_mccarthy: CPU: 101.54%, Memory: 5.974GiB / 251.5GiB
cranky_mccarthy: CPU: 98.88%, Memory: 5.974GiB / 251.5GiB
cranky_mccarthy: CPU: 99.65%, Memory: 5.974GiB / 251.5GiB
cranky_mccarthy: CPU: 100.21%, Memory: 5.974GiB / 251.5GiB
cranky_mccarthy: CPU: 100.33%, Memory: 5.974GiB / 251.5GiB
cranky_mccarthy: CPU: 100.46%, Memory: 5.974GiB / 251.5GiB
cranky_mccarthy: CPU: 100.82%, Memory: 6.439GiB / 251.5GiB
cranky_mccarthy: CPU: 1552.94%, Memory: 9.027GiB / 251.5GiB
cranky_mccarthy: CPU: 1548.50%, Memory: 9.027GiB / 251.5GiB
cranky_mccarthy: CPU: 1552.82%, Memory: 9.027GiB / 251.5GiB
cranky_mccarthy: CPU: 1559.15%, Memory: 9.027GiB / 251.5GiB
cranky_mccarthy: CPU: 1522.70%, Memory: 9.027GiB / 251.5GiB
cranky_mccarthy: CPU: 1508.69%, Memory: 9.027GiB / 251.5GiB
cranky_mccarthy: CPU: 1510.37%, Memory: 9.027GiB / 251.5GiB
cranky_mccarthy: CPU: 1579.38%, Memory: 9.027GiB / 251.5GiB
cranky_mccarthy: CPU: 1579.09%, Memory: 9.027GiB / 251.5GiB
cranky_mccarthy: CPU: 1582.22%, Memory: 9.027GiB / 251.5GiB
cranky_mccarthy: CPU: 1587.12%, Memory: 9.027GiB / 251.5GiB
cranky_mccarthy: CPU: 1583.25%, Memory: 9.027GiB / 251.5GiB
cranky_mccarthy: CPU: 1543.42%, Memory: 9.027GiB / 251.5GiB
epic_lumiere: CPU: 170.59%, Memory: 1.69GiB / 251.5GiB
epic_lumiere: CPU: 99.75%, Memory: 2.988GiB / 251.5GiB
epic_lumiere: CPU: 101.91%, Memory: 2.988GiB / 251.5GiB
epic_lumiere: CPU: 100.56%, Memory: 2.988GiB / 251.5GiB
epic_lumiere: CPU: 100.71%, Memory: 2.988GiB / 251.5GiB
epic_lumiere: CPU: 100.50%, Memory: 2.988GiB / 251.5GiB
epic_lumiere: CPU: 99.31%, Memory: 2.988GiB / 251.5GiB
epic_lumiere: CPU: 100.09%, Memory: 2.988GiB / 251.5GiB
epic_lumiere: CPU: 100.25%, Memory: 2.988GiB / 251.5GiB
epic_lumiere: CPU: 101.33%, Memory: 2.988GiB / 251.5GiB
epic_lumiere: CPU: 100.62%, Memory: 2.988GiB / 251.5GiB
epic_lumiere: CPU: 99.81%, Memory: 2.988GiB / 251.5GiB
epic_lumiere: CPU: 100.94%, Memory: 2.988GiB / 251.5GiB
epic_lumiere: CPU: 100.84%, Memory: 2.988GiB / 251.5GiB
epic_lumiere: CPU: 99.90%, Memory: 2.988GiB / 251.5GiB
epic_lumiere: CPU: 100.40%, Memory: 2.988GiB / 251.5GiB
epic_lumiere: CPU: 100.34%, Memory: 2.988GiB / 251.5GiB
epic_lumiere: CPU: 100.56%, Memory: 2.988GiB / 251.5GiB
epic_lumiere: CPU: 99.93%, Memory: 2.988GiB / 251.5GiB
epic_lumiere: CPU: 100.78%, Memory: 2.988GiB / 251.5GiB
epic_lumiere: CPU: 100.27%, Memory: 2.988GiB / 251.5GiB
epic_lumiere: CPU: 100.75%, Memory: 2.988GiB / 251.5GiB
epic_lumiere: CPU: 100.69%, Memory: 2.988GiB / 251.5GiB
epic_lumiere: CPU: 99.50%, Memory: 5.975GiB / 251.5GiB
epic_lumiere: CPU: 100.69%, Memory: 5.974GiB / 251.5GiB
epic_lumiere: CPU: 100.12%, Memory: 5.974GiB / 251.5GiB
epic_lumiere: CPU: 100.84%, Memory: 5.974GiB / 251.5GiB
epic_lumiere: CPU: 100.37%, Memory: 5.974GiB / 251.5GiB
epic_lumiere: CPU: 100.52%, Memory: 5.974GiB / 251.5GiB
epic_lumiere: CPU: 102.32%, Memory: 5.974GiB / 251.5GiB
epic_lumiere: CPU: 100.94%, Memory: 5.974GiB / 251.5GiB
epic_lumiere: CPU: 102.23%, Memory: 5.974GiB / 251.5GiB
epic_lumiere: CPU: 101.52%, Memory: 5.974GiB / 251.5GiB
epic_lumiere: CPU: 100.75%, Memory: 5.974GiB / 251.5GiB
epic_lumiere: CPU: 101.48%, Memory: 5.974GiB / 251.5GiB
epic_lumiere: CPU: 100.31%, Memory: 5.974GiB / 251.5GiB
epic_lumiere: CPU: 100.71%, Memory: 5.974GiB / 251.5GiB
epic_lumiere: CPU: 100.88%, Memory: 5.974GiB / 251.5GiB
epic_lumiere: CPU: 100.06%, Memory: 5.974GiB / 251.5GiB
epic_lumiere: CPU: 101.03%, Memory: 5.974GiB / 251.5GiB
epic_lumiere: CPU: 100.44%, Memory: 5.974GiB / 251.5GiB
epic_lumiere: CPU: 100.27%, Memory: 5.974GiB / 251.5GiB
epic_lumiere: CPU: 100.63%, Memory: 5.974GiB / 251.5GiB
epic_lumiere: CPU: 100.33%, Memory: 5.974GiB / 251.5GiB
epic_lumiere: CPU: 100.75%, Memory: 5.974GiB / 251.5GiB
epic_lumiere: CPU: 101.26%, Memory: 8.952GiB / 251.5GiB
epic_lumiere: CPU: 1590.50%, Memory: 9.027GiB / 251.5GiB
epic_lumiere: CPU: 1513.06%, Memory: 9.027GiB / 251.5GiB
epic_lumiere: CPU: 1531.19%, Memory: 9.027GiB / 251.5GiB
epic_lumiere: CPU: 1556.24%, Memory: 9.027GiB / 251.5GiB
epic_lumiere: CPU: 1558.04%, Memory: 9.027GiB / 251.5GiB
epic_lumiere: CPU: 1549.15%, Memory: 9.027GiB / 251.5GiB
epic_lumiere: CPU: 1549.74%, Memory: 9.027GiB / 251.5GiB
epic_lumiere: CPU: 1555.44%, Memory: 9.027GiB / 251.5GiB
epic_lumiere: CPU: 1549.20%, Memory: 9.027GiB / 251.5GiB
epic_lumiere: CPU: 1535.46%, Memory: 9.027GiB / 251.5GiB
epic_lumiere: CPU: 1558.17%, Memory: 9.027GiB / 251.5GiB
epic_lumiere: CPU: 1552.60%, Memory: 9.027GiB / 251.5GiB
vigorous_burnell: CPU: 136.88%, Memory: 1.728GiB / 251.5GiB
vigorous_burnell: CPU: 99.50%, Memory: 2.988GiB / 251.5GiB
vigorous_burnell: CPU: 99.75%, Memory: 2.988GiB / 251.5GiB
vigorous_burnell: CPU: 100.92%, Memory: 2.988GiB / 251.5GiB
vigorous_burnell: CPU: 100.41%, Memory: 2.988GiB / 251.5GiB
vigorous_burnell: CPU: 99.72%, Memory: 2.988GiB / 251.5GiB
vigorous_burnell: CPU: 100.16%, Memory: 2.988GiB / 251.5GiB
vigorous_burnell: CPU: 101.25%, Memory: 2.988GiB / 251.5GiB
vigorous_burnell: CPU: 101.64%, Memory: 2.988GiB / 251.5GiB
vigorous_burnell: CPU: 100.99%, Memory: 2.988GiB / 251.5GiB
vigorous_burnell: CPU: 100.18%, Memory: 2.988GiB / 251.5GiB
vigorous_burnell: CPU: 100.94%, Memory: 2.988GiB / 251.5GiB
vigorous_burnell: CPU: 100.66%, Memory: 2.988GiB / 251.5GiB
vigorous_burnell: CPU: 100.31%, Memory: 2.988GiB / 251.5GiB
vigorous_burnell: CPU: 101.80%, Memory: 2.988GiB / 251.5GiB
vigorous_burnell: CPU: 100.75%, Memory: 2.988GiB / 251.5GiB
vigorous_burnell: CPU: 101.71%, Memory: 2.988GiB / 251.5GiB
vigorous_burnell: CPU: 100.22%, Memory: 2.988GiB / 251.5GiB
vigorous_burnell: CPU: 99.47%, Memory: 2.988GiB / 251.5GiB
vigorous_burnell: CPU: 99.87%, Memory: 2.988GiB / 251.5GiB
vigorous_burnell: CPU: 100.50%, Memory: 2.988GiB / 251.5GiB
vigorous_burnell: CPU: 100.56%, Memory: 2.988GiB / 251.5GiB
vigorous_burnell: CPU: 100.82%, Memory: 2.988GiB / 251.5GiB
vigorous_burnell: CPU: 101.07%, Memory: 5.974GiB / 251.5GiB
vigorous_burnell: CPU: 99.40%, Memory: 5.974GiB / 251.5GiB
vigorous_burnell: CPU: 99.50%, Memory: 5.974GiB / 251.5GiB
vigorous_burnell: CPU: 100.65%, Memory: 5.974GiB / 251.5GiB
vigorous_burnell: CPU: 100.65%, Memory: 5.974GiB / 251.5GiB
vigorous_burnell: CPU: 100.08%, Memory: 5.974GiB / 251.5GiB
vigorous_burnell: CPU: 99.38%, Memory: 5.974GiB / 251.5GiB
vigorous_burnell: CPU: 99.69%, Memory: 5.974GiB / 251.5GiB
vigorous_burnell: CPU: 99.00%, Memory: 5.974GiB / 251.5GiB
vigorous_burnell: CPU: 101.33%, Memory: 5.974GiB / 251.5GiB
vigorous_burnell: CPU: 100.37%, Memory: 5.974GiB / 251.5GiB
vigorous_burnell: CPU: 101.54%, Memory: 5.974GiB / 251.5GiB
vigorous_burnell: CPU: 100.25%, Memory: 5.974GiB / 251.5GiB
vigorous_burnell: CPU: 101.86%, Memory: 5.974GiB / 251.5GiB
vigorous_burnell: CPU: 100.12%, Memory: 5.974GiB / 251.5GiB
vigorous_burnell: CPU: 99.81%, Memory: 5.974GiB / 251.5GiB
vigorous_burnell: CPU: 100.50%, Memory: 5.974GiB / 251.5GiB
vigorous_burnell: CPU: 99.69%, Memory: 5.974GiB / 251.5GiB
vigorous_burnell: CPU: 101.01%, Memory: 5.974GiB / 251.5GiB
vigorous_burnell: CPU: 100.00%, Memory: 5.974GiB / 251.5GiB
vigorous_burnell: CPU: 100.12%, Memory: 5.974GiB / 251.5GiB
vigorous_burnell: CPU: 100.82%, Memory: 5.974GiB / 251.5GiB
vigorous_burnell: CPU: 328.40%, Memory: 9.027GiB / 251.5GiB
vigorous_burnell: CPU: 1554.81%, Memory: 9.027GiB / 251.5GiB
vigorous_burnell: CPU: 1580.35%, Memory: 9.027GiB / 251.5GiB
vigorous_burnell: CPU: 1585.33%, Memory: 9.027GiB / 251.5GiB
vigorous_burnell: CPU: 1546.29%, Memory: 9.027GiB / 251.5GiB
vigorous_burnell: CPU: 1554.76%, Memory: 9.027GiB / 251.5GiB
vigorous_burnell: CPU: 1579.90%, Memory: 9.027GiB / 251.5GiB
vigorous_burnell: CPU: 1551.94%, Memory: 9.027GiB / 251.5GiB
vigorous_burnell: CPU: 1554.41%, Memory: 9.027GiB / 251.5GiB
vigorous_burnell: CPU: 1552.22%, Memory: 9.027GiB / 251.5GiB
vigorous_burnell: CPU: 1555.29%, Memory: 9.027GiB / 251.5GiB
vigorous_burnell: CPU: 1566.86%, Memory: 9.027GiB / 251.5GiB
vigorous_burnell: CPU: 1548.70%, Memory: 9.027GiB / 251.5GiB
practical_feistel: CPU: 159.28%, Memory: 1.722GiB / 251.5GiB
practical_feistel: CPU: 100.18%, Memory: 2.988GiB / 251.5GiB
practical_feistel: CPU: 99.68%, Memory: 2.988GiB / 251.5GiB
practical_feistel: CPU: 99.56%, Memory: 2.988GiB / 251.5GiB
practical_feistel: CPU: 101.13%, Memory: 2.988GiB / 251.5GiB
practical_feistel: CPU: 99.19%, Memory: 2.988GiB / 251.5GiB
practical_feistel: CPU: 99.00%, Memory: 2.988GiB / 251.5GiB
practical_feistel: CPU: 99.31%, Memory: 2.988GiB / 251.5GiB
practical_feistel: CPU: 99.56%, Memory: 2.988GiB / 251.5GiB
practical_feistel: CPU: 99.07%, Memory: 2.988GiB / 251.5GiB
practical_feistel: CPU: 99.62%, Memory: 2.988GiB / 251.5GiB
practical_feistel: CPU: 100.56%, Memory: 2.988GiB / 251.5GiB
practical_feistel: CPU: 99.68%, Memory: 2.988GiB / 251.5GiB
practical_feistel: CPU: 100.33%, Memory: 2.988GiB / 251.5GiB
practical_feistel: CPU: 102.12%, Memory: 2.988GiB / 251.5GiB
practical_feistel: CPU: 100.00%, Memory: 2.988GiB / 251.5GiB
practical_feistel: CPU: 99.87%, Memory: 2.988GiB / 251.5GiB
practical_feistel: CPU: 100.06%, Memory: 2.988GiB / 251.5GiB
practical_feistel: CPU: 100.44%, Memory: 2.988GiB / 251.5GiB
practical_feistel: CPU: 99.62%, Memory: 2.988GiB / 251.5GiB
practical_feistel: CPU: 99.44%, Memory: 2.988GiB / 251.5GiB
practical_feistel: CPU: 101.54%, Memory: 2.988GiB / 251.5GiB
practical_feistel: CPU: 99.90%, Memory: 2.988GiB / 251.5GiB
practical_feistel: CPU: 99.68%, Memory: 5.974GiB / 251.5GiB
practical_feistel: CPU: 100.31%, Memory: 5.974GiB / 251.5GiB
practical_feistel: CPU: 99.81%, Memory: 5.974GiB / 251.5GiB
practical_feistel: CPU: 101.15%, Memory: 5.974GiB / 251.5GiB
practical_feistel: CPU: 100.21%, Memory: 5.974GiB / 251.5GiB
practical_feistel: CPU: 100.40%, Memory: 5.974GiB / 251.5GiB
practical_feistel: CPU: 99.99%, Memory: 5.974GiB / 251.5GiB
practical_feistel: CPU: 100.18%, Memory: 5.974GiB / 251.5GiB
practical_feistel: CPU: 99.50%, Memory: 5.974GiB / 251.5GiB
practical_feistel: CPU: 101.09%, Memory: 5.974GiB / 251.5GiB
practical_feistel: CPU: 100.71%, Memory: 5.974GiB / 251.5GiB
practical_feistel: CPU: 100.06%, Memory: 5.974GiB / 251.5GiB
practical_feistel: CPU: 101.01%, Memory: 5.974GiB / 251.5GiB
practical_feistel: CPU: 100.31%, Memory: 5.974GiB / 251.5GiB
practical_feistel: CPU: 100.77%, Memory: 5.974GiB / 251.5GiB
practical_feistel: CPU: 101.80%, Memory: 5.974GiB / 251.5GiB
practical_feistel: CPU: 101.01%, Memory: 5.974GiB / 251.5GiB
practical_feistel: CPU: 100.84%, Memory: 5.974GiB / 251.5GiB
practical_feistel: CPU: 101.35%, Memory: 5.974GiB / 251.5GiB
practical_feistel: CPU: 101.28%, Memory: 5.974GiB / 251.5GiB
practical_feistel: CPU: 101.35%, Memory: 5.974GiB / 251.5GiB
practical_feistel: CPU: 101.07%, Memory: 5.974GiB / 251.5GiB
practical_feistel: CPU: 981.72%, Memory: 9.027GiB / 251.5GiB
practical_feistel: CPU: 1549.31%, Memory: 9.027GiB / 251.5GiB
practical_feistel: CPU: 1548.10%, Memory: 9.027GiB / 251.5GiB
practical_feistel: CPU: 1555.20%, Memory: 9.027GiB / 251.5GiB
practical_feistel: CPU: 1546.67%, Memory: 9.027GiB / 251.5GiB
practical_feistel: CPU: 1558.20%, Memory: 9.027GiB / 251.5GiB
practical_feistel: CPU: 1558.41%, Memory: 9.027GiB / 251.5GiB
practical_feistel: CPU: 1551.59%, Memory: 9.027GiB / 251.5GiB
practical_feistel: CPU: 1584.32%, Memory: 9.027GiB / 251.5GiB
practical_feistel: CPU: 1579.89%, Memory: 9.027GiB / 251.5GiB
practical_feistel: CPU: 1580.67%, Memory: 9.027GiB / 251.5GiB
practical_feistel: CPU: 1551.36%, Memory: 9.027GiB / 251.5GiB
practical_feistel: CPU: 1581.38%, Memory: 9.027GiB / 251.5GiB
vibrant_poincare8: CPU: 103.51%, Memory: 1.775GiB / 251.5GiB
vibrant_poincare8: CPU: 100.40%, Memory: 2.988GiB / 251.5GiB
vibrant_poincare8: CPU: 101.47%, Memory: 2.988GiB / 251.5GiB
vibrant_poincare8: CPU: 101.07%, Memory: 2.988GiB / 251.5GiB
vibrant_poincare8: CPU: 100.50%, Memory: 2.988GiB / 251.5GiB
vibrant_poincare8: CPU: 101.20%, Memory: 2.988GiB / 251.5GiB
vibrant_poincare8: CPU: 101.67%, Memory: 2.988GiB / 251.5GiB
vibrant_poincare8: CPU: 99.65%, Memory: 2.988GiB / 251.5GiB
vibrant_poincare8: CPU: 100.71%, Memory: 2.988GiB / 251.5GiB
vibrant_poincare8: CPU: 99.62%, Memory: 2.988GiB / 251.5GiB
vibrant_poincare8: CPU: 98.76%, Memory: 2.988GiB / 251.5GiB
vibrant_poincare8: CPU: 99.22%, Memory: 2.988GiB / 251.5GiB
vibrant_poincare8: CPU: 99.87%, Memory: 2.988GiB / 251.5GiB
vibrant_poincare8: CPU: 99.56%, Memory: 2.988GiB / 251.5GiB
vibrant_poincare8: CPU: 99.44%, Memory: 2.988GiB / 251.5GiB
vibrant_poincare8: CPU: 100.63%, Memory: 2.988GiB / 251.5GiB
vibrant_poincare8: CPU: 100.37%, Memory: 2.988GiB / 251.5GiB
vibrant_poincare8: CPU: 100.25%, Memory: 2.988GiB / 251.5GiB
vibrant_poincare8: CPU: 100.31%, Memory: 2.988GiB / 251.5GiB
vibrant_poincare8: CPU: 101.22%, Memory: 2.988GiB / 251.5GiB
vibrant_poincare8: CPU: 100.69%, Memory: 2.988GiB / 251.5GiB
vibrant_poincare8: CPU: 98.52%, Memory: 2.988GiB / 251.5GiB
vibrant_poincare8: CPU: 100.21%, Memory: 2.988GiB / 251.5GiB
vibrant_poincare8: CPU: 100.06%, Memory: 4.775GiB / 251.5GiB
vibrant_poincare8: CPU: 100.02%, Memory: 5.974GiB / 251.5GiB
vibrant_poincare8: CPU: 100.12%, Memory: 5.974GiB / 251.5GiB
vibrant_poincare8: CPU: 100.12%, Memory: 5.974GiB / 251.5GiB
vibrant_poincare8: CPU: 101.15%, Memory: 5.974GiB / 251.5GiB
vibrant_poincare8: CPU: 99.70%, Memory: 5.974GiB / 251.5GiB
vibrant_poincare8: CPU: 100.90%, Memory: 5.974GiB / 251.5GiB
vibrant_poincare8: CPU: 99.50%, Memory: 5.974GiB / 251.5GiB
vibrant_poincare8: CPU: 100.25%, Memory: 5.974GiB / 251.5GiB
vibrant_poincare8: CPU: 99.19%, Memory: 5.974GiB / 251.5GiB
vibrant_poincare8: CPU: 100.58%, Memory: 5.974GiB / 251.5GiB
vibrant_poincare8: CPU: 101.14%, Memory: 5.974GiB / 251.5GiB
vibrant_poincare8: CPU: 101.33%, Memory: 5.974GiB / 251.5GiB
vibrant_poincare8: CPU: 100.63%, Memory: 5.974GiB / 251.5GiB
vibrant_poincare8: CPU: 100.25%, Memory: 5.974GiB / 251.5GiB
vibrant_poincare8: CPU: 100.56%, Memory: 5.974GiB / 251.5GiB
vibrant_poincare8: CPU: 100.78%, Memory: 5.974GiB / 251.5GiB
vibrant_poincare8: CPU: 100.50%, Memory: 5.974GiB / 251.5GiB
vibrant_poincare8: CPU: 99.93%, Memory: 5.974GiB / 251.5GiB
vibrant_poincare8: CPU: 100.56%, Memory: 5.974GiB / 251.5GiB
vibrant_poincare8: CPU: 100.44%, Memory: 5.974GiB / 251.5GiB
vibrant_poincare8: CPU: 100.94%, Memory: 5.974GiB / 251.5GiB
vibrant_poincare8: CPU: 100.96%, Memory: 6.636GiB / 251.5GiB
vibrant_poincare8: CPU: 1584.81%, Memory: 9.027GiB / 251.5GiB
vibrant_poincare8: CPU: 1579.34%, Memory: 9.027GiB / 251.5GiB
vibrant_poincare8: CPU: 1569.08%, Memory: 9.027GiB / 251.5GiB
vibrant_poincare8: CPU: 1532.94%, Memory: 9.027GiB / 251.5GiB
vibrant_poincare8: CPU: 1550.55%, Memory: 9.027GiB / 251.5GiB
vibrant_poincare8: CPU: 1580.83%, Memory: 9.027GiB / 251.5GiB
vibrant_poincare8: CPU: 1583.86%, Memory: 9.027GiB / 251.5GiB
vibrant_poincare8: CPU: 1585.95%, Memory: 9.027GiB / 251.5GiB
vibrant_poincare8: CPU: 1578.72%, Memory: 9.027GiB / 251.5GiB
vibrant_poincare8: CPU: 1552.54%, Memory: 9.027GiB / 251.5GiB
vibrant_poincare8: CPU: 1568.41%, Memory: 9.027GiB / 251.5GiB
vibrant_poincare8: CPU: 1543.97%, Memory: 9.027GiB / 251.5GiB
