pensive_banzai: CPU: 0.00%, Memory: 0B / 0B
clever_grothendieck: CPU: 0.00%, Memory: 0B / 0B
admiring_mclean: CPU: 0.00%, Memory: 0B / 0B
affectionate_antonelli: CPU: 0.00%, Memory: 0B / 0B
vibrant_wilbur: CPU: 0.00%, Memory: 0B / 0B
loving_colden: CPU: 0.00%, Memory: 0B / 0B
loving_bassi: CPU: 0.00%, Memory: 0B / 0B
interesting_aryabhata: CPU: 0.00%, Memory: 0B / 0B
serene_mclean: CPU: 0.00%, Memory: 0B / 0B
musing_swirles: CPU: 0.00%, Memory: 0B / 0B
boring_solomon: CPU: 0.00%, Memory: 0B / 0B
priceless_hertz8: CPU: 0.00%, Memory: 0B / 0B
eager_nightingale: CPU: 0.00%, Memory: 0B / 0B
busy_murdock: CPU: 0.00%, Memory: 0B / 0B
compassionate_feynman: CPU: 0.00%, Memory: 0B / 0B
awesome_hamilton: CPU: 0.00%, Memory: 0B / 0B
festive_elgamal: CPU: 0.00%, Memory: 0B / 0B
sharp_chandrasekhar: CPU: 0.00%, Memory: 0B / 0B
amazing_yonath: CPU: 0.00%, Memory: 0B / 0B
suspicious_hawking: CPU: 0.00%, Memory: 0B / 0B
