cool_swirles: CPU: 156.22%, Memory: 193.4MiB / 251.5GiB
cool_swirles: CPU: 100.75%, Memory: 337.9MiB / 251.5GiB
cool_swirles: CPU: 99.87%, Memory: 384.6MiB / 251.5GiB
cool_swirles: CPU: 100.63%, Memory: 384.6MiB / 251.5GiB
cool_swirles: CPU: 101.15%, Memory: 384.6MiB / 251.5GiB
cool_swirles: CPU: 101.77%, Memory: 384.6MiB / 251.5GiB
pensive_albattani: CPU: 100.21%, Memory: 384.6MiB / 251.5GiB
pensive_albattani: CPU: 226.89%, Memory: 386.1MiB / 251.5GiB
pensive_albattani: CPU: 1559.60%, Memory: 386MiB / 251.5GiB
pensive_albattani: CPU: 1539.09%, Memory: 386MiB / 251.5GiB
pensive_albattani: CPU: 1546.58%, Memory: 386MiB / 251.5GiB
pensive_albattani: CPU: 1504.80%, Memory: 386MiB / 251.5GiB
pensive_albattani: CPU: 1568.21%, Memory: 386MiB / 251.5GiB
pensive_albattani: CPU: 1553.97%, Memory: 386MiB / 251.5GiB
pensive_albattani: CPU: 1534.44%, Memory: 386MiB / 251.5GiB
pensive_albattani: CPU: 1570.35%, Memory: 386MiB / 251.5GiB
pensive_albattani: CPU: 1554.07%, Memory: 386MiB / 251.5GiB
pensive_albattani: CPU: 1517.20%, Memory: 386MiB / 251.5GiB
pensive_albattani: CPU: 1560.02%, Memory: 386MiB / 251.5GiB
pensive_albattani: CPU: 1574.91%, Memory: 386MiB / 251.5GiB
pensive_albattani: CPU: 1574.67%, Memory: 386MiB / 251.5GiB
pensive_albattani: CPU: 1556.62%, Memory: 386MiB / 251.5GiB
pensive_albattani: CPU: 1575.80%, Memory: 386MiB / 251.5GiB
pensive_albattani: CPU: 1577.13%, Memory: 386MiB / 251.5GiB
pensive_albattani: CPU: 1576.53%, Memory: 386MiB / 251.5GiB
pensive_albattani: CPU: 1548.11%, Memory: 386MiB / 251.5GiB
pensive_albattani: CPU: 1551.22%, Memory: 386MiB / 251.5GiB
pensive_albattani: CPU: 1549.27%, Memory: 386MiB / 251.5GiB
pensive_albattani: CPU: 1510.34%, Memory: 386MiB / 251.5GiB
pensive_albattani: CPU: 1512.11%, Memory: 386MiB / 251.5GiB
pensive_albattani: CPU: 1577.48%, Memory: 386MiB / 251.5GiB
pensive_albattani: CPU: 1502.59%, Memory: 386MiB / 251.5GiB
pensive_albattani: CPU: 1554.85%, Memory: 386MiB / 251.5GiB
pensive_albattani: CPU: 1537.60%, Memory: 386MiB / 251.5GiB
pensive_albattani: CPU: 1577.28%, Memory: 386MiB / 251.5GiB
pensive_albattani: CPU: 1580.78%, Memory: 386MiB / 251.5GiB
pensive_albattani: CPU: 1543.25%, Memory: 386MiB / 251.5GiB
pensive_albattani: CPU: 1527.07%, Memory: 386MiB / 251.5GiB
pensive_albattani: CPU: 1542.53%, Memory: 386MiB / 251.5GiB
pensive_albattani: CPU: 1551.10%, Memory: 386MiB / 251.5GiB
pensive_albattani: CPU: 1529.55%, Memory: 386MiB / 251.5GiB
modest_kapitsa: CPU: 101.68%, Memory: 384.7MiB / 251.5GiB
modest_kapitsa: CPU: 99.87%, Memory: 384.6MiB / 251.5GiB
modest_kapitsa: CPU: 1581.06%, Memory: 386MiB / 251.5GiB
modest_kapitsa: CPU: 1517.60%, Memory: 386MiB / 251.5GiB
modest_kapitsa: CPU: 1535.85%, Memory: 386MiB / 251.5GiB
modest_kapitsa: CPU: 1567.12%, Memory: 386MiB / 251.5GiB
modest_kapitsa: CPU: 1535.22%, Memory: 386MiB / 251.5GiB
modest_kapitsa: CPU: 1553.46%, Memory: 386MiB / 251.5GiB
modest_kapitsa: CPU: 1557.61%, Memory: 386MiB / 251.5GiB
modest_kapitsa: CPU: 1564.13%, Memory: 386MiB / 251.5GiB
modest_kapitsa: CPU: 1523.78%, Memory: 386MiB / 251.5GiB
modest_kapitsa: CPU: 1540.33%, Memory: 386MiB / 251.5GiB
modest_kapitsa: CPU: 1535.54%, Memory: 386MiB / 251.5GiB
modest_kapitsa: CPU: 1531.08%, Memory: 386MiB / 251.5GiB
modest_kapitsa: CPU: 1529.69%, Memory: 386MiB / 251.5GiB
modest_kapitsa: CPU: 1551.99%, Memory: 386MiB / 251.5GiB
modest_kapitsa: CPU: 1552.88%, Memory: 386MiB / 251.5GiB
modest_kapitsa: CPU: 1553.96%, Memory: 386MiB / 251.5GiB
modest_kapitsa: CPU: 1558.31%, Memory: 386MiB / 251.5GiB
modest_kapitsa: CPU: 1543.62%, Memory: 386MiB / 251.5GiB
modest_kapitsa: CPU: 1504.10%, Memory: 386MiB / 251.5GiB
modest_kapitsa: CPU: 1532.02%, Memory: 386MiB / 251.5GiB
modest_kapitsa: CPU: 1541.35%, Memory: 386MiB / 251.5GiB
modest_kapitsa: CPU: 1569.37%, Memory: 386MiB / 251.5GiB
modest_kapitsa: CPU: 1572.52%, Memory: 386MiB / 251.5GiB
modest_kapitsa: CPU: 1572.30%, Memory: 386MiB / 251.5GiB
modest_kapitsa: CPU: 1533.99%, Memory: 386MiB / 251.5GiB
modest_kapitsa: CPU: 1540.35%, Memory: 386MiB / 251.5GiB
modest_kapitsa: CPU: 1522.46%, Memory: 386MiB / 251.5GiB
modest_kapitsa: CPU: 1557.38%, Memory: 386MiB / 251.5GiB
modest_kapitsa: CPU: 1568.67%, Memory: 386MiB / 251.5GiB
modest_kapitsa: CPU: 1518.45%, Memory: 386MiB / 251.5GiB
modest_kapitsa: CPU: 1539.09%, Memory: 386MiB / 251.5GiB
modest_kapitsa: CPU: 1523.55%, Memory: 386MiB / 251.5GiB
modest_kapitsa: CPU: 1539.68%, Memory: 386MiB / 251.5GiB
modest_kapitsa: CPU: 1405.04%, Memory: 600.3MiB / 251.5GiB
nostalgic_einstein: CPU: 100.00%, Memory: 384.8MiB / 251.5GiB
nostalgic_einstein: CPU: 412.23%, Memory: 386.1MiB / 251.5GiB
nostalgic_einstein: CPU: 1574.81%, Memory: 386MiB / 251.5GiB
nostalgic_einstein: CPU: 1537.85%, Memory: 386MiB / 251.5GiB
nostalgic_einstein: CPU: 1528.83%, Memory: 386MiB / 251.5GiB
nostalgic_einstein: CPU: 1549.13%, Memory: 386MiB / 251.5GiB
nostalgic_einstein: CPU: 1562.67%, Memory: 386MiB / 251.5GiB
nostalgic_einstein: CPU: 1558.71%, Memory: 386MiB / 251.5GiB
nostalgic_einstein: CPU: 1537.42%, Memory: 386MiB / 251.5GiB
nostalgic_einstein: CPU: 1565.26%, Memory: 386MiB / 251.5GiB
nostalgic_einstein: CPU: 1523.78%, Memory: 386MiB / 251.5GiB
nostalgic_einstein: CPU: 1566.78%, Memory: 386MiB / 251.5GiB
nostalgic_einstein: CPU: 1519.12%, Memory: 386MiB / 251.5GiB
nostalgic_einstein: CPU: 1576.03%, Memory: 386MiB / 251.5GiB
nostalgic_einstein: CPU: 1527.54%, Memory: 386MiB / 251.5GiB
nostalgic_einstein: CPU: 1563.13%, Memory: 386MiB / 251.5GiB
nostalgic_einstein: CPU: 1549.23%, Memory: 386MiB / 251.5GiB
nostalgic_einstein: CPU: 1571.48%, Memory: 386MiB / 251.5GiB
nostalgic_einstein: CPU: 1583.42%, Memory: 386MiB / 251.5GiB
nostalgic_einstein: CPU: 1549.04%, Memory: 386MiB / 251.5GiB
nostalgic_einstein: CPU: 1542.72%, Memory: 386MiB / 251.5GiB
nostalgic_einstein: CPU: 1567.14%, Memory: 386MiB / 251.5GiB
nostalgic_einstein: CPU: 1539.55%, Memory: 386MiB / 251.5GiB
nostalgic_einstein: CPU: 1561.00%, Memory: 386MiB / 251.5GiB
nostalgic_einstein: CPU: 1510.49%, Memory: 386MiB / 251.5GiB
nostalgic_einstein: CPU: 1573.82%, Memory: 386MiB / 251.5GiB
nostalgic_einstein: CPU: 1554.79%, Memory: 386MiB / 251.5GiB
nostalgic_einstein: CPU: 1532.33%, Memory: 386MiB / 251.5GiB
nostalgic_einstein: CPU: 1538.14%, Memory: 386MiB / 251.5GiB
nostalgic_einstein: CPU: 1553.91%, Memory: 386MiB / 251.5GiB
nostalgic_einstein: CPU: 1571.18%, Memory: 386MiB / 251.5GiB
nostalgic_einstein: CPU: 1562.31%, Memory: 386MiB / 251.5GiB
nostalgic_einstein: CPU: 1547.98%, Memory: 386MiB / 251.5GiB
nostalgic_einstein: CPU: 1550.05%, Memory: 386MiB / 251.5GiB
nostalgic_einstein: CPU: 1486.68%, Memory: 386MiB / 251.5GiB
quizzical_swanson: CPU: 167.90%, Memory: 384.7MiB / 251.5GiB
quizzical_swanson: CPU: 101.78%, Memory: 384.6MiB / 251.5GiB
quizzical_swanson: CPU: 1542.32%, Memory: 386MiB / 251.5GiB
quizzical_swanson: CPU: 1547.20%, Memory: 386MiB / 251.5GiB
quizzical_swanson: CPU: 1524.33%, Memory: 386MiB / 251.5GiB
quizzical_swanson: CPU: 1562.23%, Memory: 386MiB / 251.5GiB
quizzical_swanson: CPU: 1526.24%, Memory: 386MiB / 251.5GiB
quizzical_swanson: CPU: 1520.36%, Memory: 386MiB / 251.5GiB
quizzical_swanson: CPU: 1569.27%, Memory: 386MiB / 251.5GiB
quizzical_swanson: CPU: 1535.11%, Memory: 386MiB / 251.5GiB
quizzical_swanson: CPU: 1566.45%, Memory: 386MiB / 251.5GiB
quizzical_swanson: CPU: 1480.87%, Memory: 386MiB / 251.5GiB
quizzical_swanson: CPU: 1518.76%, Memory: 386MiB / 251.5GiB
quizzical_swanson: CPU: 1537.66%, Memory: 386MiB / 251.5GiB
quizzical_swanson: CPU: 1543.28%, Memory: 386MiB / 251.5GiB
quizzical_swanson: CPU: 1541.26%, Memory: 386MiB / 251.5GiB
quizzical_swanson: CPU: 1551.78%, Memory: 386MiB / 251.5GiB
quizzical_swanson: CPU: 1582.72%, Memory: 386MiB / 251.5GiB
quizzical_swanson: CPU: 1560.42%, Memory: 386MiB / 251.5GiB
quizzical_swanson: CPU: 1579.55%, Memory: 386MiB / 251.5GiB
quizzical_swanson: CPU: 1572.15%, Memory: 386MiB / 251.5GiB
quizzical_swanson: CPU: 1581.17%, Memory: 386MiB / 251.5GiB
quizzical_swanson: CPU: 1571.42%, Memory: 386MiB / 251.5GiB
quizzical_swanson: CPU: 1570.63%, Memory: 386MiB / 251.5GiB
quizzical_swanson: CPU: 1540.21%, Memory: 386MiB / 251.5GiB
quizzical_swanson: CPU: 1553.81%, Memory: 386MiB / 251.5GiB
quizzical_swanson: CPU: 1549.58%, Memory: 386MiB / 251.5GiB
quizzical_swanson: CPU: 1553.26%, Memory: 386MiB / 251.5GiB
quizzical_swanson: CPU: 1537.43%, Memory: 386MiB / 251.5GiB
quizzical_swanson: CPU: 1520.74%, Memory: 386MiB / 251.5GiB
quizzical_swanson: CPU: 1541.79%, Memory: 386MiB / 251.5GiB
quizzical_swanson: CPU: 1500.76%, Memory: 386MiB / 251.5GiB
quizzical_swanson: CPU: 1549.26%, Memory: 386MiB / 251.5GiB
quizzical_swanson: CPU: 1579.32%, Memory: 386MiB / 251.5GiB
quizzical_swanson: CPU: 1396.51%, Memory: 600.5MiB / 251.5GiB
affectionate_black: CPU: 101.65%, Memory: 384.7MiB / 251.5GiB
affectionate_black: CPU: 100.21%, Memory: 384.7MiB / 251.5GiB
affectionate_black: CPU: 1548.50%, Memory: 386MiB / 251.5GiB
affectionate_black: CPU: 1527.40%, Memory: 386MiB / 251.5GiB
affectionate_black: CPU: 1528.73%, Memory: 386MiB / 251.5GiB
affectionate_black: CPU: 1505.47%, Memory: 386MiB / 251.5GiB
affectionate_black: CPU: 1544.57%, Memory: 386MiB / 251.5GiB
affectionate_black: CPU: 1539.58%, Memory: 386MiB / 251.5GiB
affectionate_black: CPU: 1583.59%, Memory: 386MiB / 251.5GiB
affectionate_black: CPU: 1580.03%, Memory: 386MiB / 251.5GiB
affectionate_black: CPU: 1570.98%, Memory: 386MiB / 251.5GiB
affectionate_black: CPU: 1544.41%, Memory: 386MiB / 251.5GiB
affectionate_black: CPU: 1515.47%, Memory: 386MiB / 251.5GiB
affectionate_black: CPU: 1572.69%, Memory: 386MiB / 251.5GiB
affectionate_black: CPU: 1537.19%, Memory: 386MiB / 251.5GiB
affectionate_black: CPU: 1539.47%, Memory: 386MiB / 251.5GiB
affectionate_black: CPU: 1524.83%, Memory: 386MiB / 251.5GiB
affectionate_black: CPU: 1542.58%, Memory: 386MiB / 251.5GiB
affectionate_black: CPU: 1537.06%, Memory: 386MiB / 251.5GiB
affectionate_black: CPU: 1543.28%, Memory: 386MiB / 251.5GiB
affectionate_black: CPU: 1552.91%, Memory: 386MiB / 251.5GiB
affectionate_black: CPU: 1551.17%, Memory: 386MiB / 251.5GiB
affectionate_black: CPU: 1580.95%, Memory: 386MiB / 251.5GiB
affectionate_black: CPU: 1539.00%, Memory: 386MiB / 251.5GiB
affectionate_black: CPU: 1540.09%, Memory: 386MiB / 251.5GiB
affectionate_black: CPU: 1546.62%, Memory: 386MiB / 251.5GiB
affectionate_black: CPU: 1549.23%, Memory: 386MiB / 251.5GiB
affectionate_black: CPU: 1548.28%, Memory: 386MiB / 251.5GiB
affectionate_black: CPU: 1456.09%, Memory: 386MiB / 251.5GiB
affectionate_black: CPU: 1554.93%, Memory: 386MiB / 251.5GiB
affectionate_black: CPU: 1563.38%, Memory: 386MiB / 251.5GiB
affectionate_black: CPU: 1538.09%, Memory: 386MiB / 251.5GiB
affectionate_black: CPU: 1563.86%, Memory: 386MiB / 251.5GiB
affectionate_black: CPU: 1570.35%, Memory: 386MiB / 251.5GiB
affectionate_black: CPU: 1546.46%, Memory: 386MiB / 251.5GiB
tender_shaw: CPU: 121.61%, Memory: 384.7MiB / 251.5GiB
tender_shaw: CPU: 100.06%, Memory: 384.6MiB / 251.5GiB
tender_shaw: CPU: 1582.64%, Memory: 386MiB / 251.5GiB
tender_shaw: CPU: 1544.85%, Memory: 386MiB / 251.5GiB
tender_shaw: CPU: 1531.02%, Memory: 386MiB / 251.5GiB
tender_shaw: CPU: 1510.32%, Memory: 386MiB / 251.5GiB
tender_shaw: CPU: 1522.65%, Memory: 386MiB / 251.5GiB
tender_shaw: CPU: 1528.83%, Memory: 386MiB / 251.5GiB
tender_shaw: CPU: 1487.36%, Memory: 386MiB / 251.5GiB
tender_shaw: CPU: 1523.82%, Memory: 386MiB / 251.5GiB
tender_shaw: CPU: 1553.15%, Memory: 386MiB / 251.5GiB
tender_shaw: CPU: 1540.53%, Memory: 386MiB / 251.5GiB
tender_shaw: CPU: 1519.28%, Memory: 386MiB / 251.5GiB
tender_shaw: CPU: 1508.20%, Memory: 386MiB / 251.5GiB
tender_shaw: CPU: 1544.44%, Memory: 386MiB / 251.5GiB
tender_shaw: CPU: 1570.94%, Memory: 386MiB / 251.5GiB
tender_shaw: CPU: 1583.21%, Memory: 386MiB / 251.5GiB
tender_shaw: CPU: 1518.73%, Memory: 386MiB / 251.5GiB
tender_shaw: CPU: 1504.65%, Memory: 386MiB / 251.5GiB
tender_shaw: CPU: 1524.27%, Memory: 386MiB / 251.5GiB
tender_shaw: CPU: 1289.76%, Memory: 386MiB / 251.5GiB
tender_shaw: CPU: 1549.40%, Memory: 386MiB / 251.5GiB
tender_shaw: CPU: 1545.47%, Memory: 386MiB / 251.5GiB
tender_shaw: CPU: 1546.42%, Memory: 386MiB / 251.5GiB
tender_shaw: CPU: 1551.84%, Memory: 386MiB / 251.5GiB
tender_shaw: CPU: 1578.39%, Memory: 386MiB / 251.5GiB
tender_shaw: CPU: 1537.36%, Memory: 386MiB / 251.5GiB
tender_shaw: CPU: 1529.28%, Memory: 386MiB / 251.5GiB
tender_shaw: CPU: 1542.47%, Memory: 386MiB / 251.5GiB
tender_shaw: CPU: 1512.77%, Memory: 386MiB / 251.5GiB
tender_shaw: CPU: 1513.40%, Memory: 386MiB / 251.5GiB
tender_shaw: CPU: 1536.85%, Memory: 386MiB / 251.5GiB
tender_shaw: CPU: 1559.85%, Memory: 386MiB / 251.5GiB
tender_shaw: CPU: 1539.46%, Memory: 386MiB / 251.5GiB
tender_shaw: CPU: 1519.44%, Memory: 386MiB / 251.5GiB
tender_shaw: CPU: 1544.82%, Memory: 386MiB / 251.5GiB
compassionate_mclaren: CPU: 102.25%, Memory: 384.7MiB / 251.5GiB
compassionate_mclaren: CPU: 593.86%, Memory: 386MiB / 251.5GiB
compassionate_mclaren: CPU: 1523.09%, Memory: 386MiB / 251.5GiB
compassionate_mclaren: CPU: 1526.96%, Memory: 386MiB / 251.5GiB
compassionate_mclaren: CPU: 1532.42%, Memory: 386MiB / 251.5GiB
compassionate_mclaren: CPU: 1523.20%, Memory: 386MiB / 251.5GiB
compassionate_mclaren: CPU: 1572.33%, Memory: 386MiB / 251.5GiB
compassionate_mclaren: CPU: 1549.66%, Memory: 386MiB / 251.5GiB
compassionate_mclaren: CPU: 1546.43%, Memory: 386MiB / 251.5GiB
compassionate_mclaren: CPU: 1548.31%, Memory: 386MiB / 251.5GiB
compassionate_mclaren: CPU: 1549.42%, Memory: 386MiB / 251.5GiB
compassionate_mclaren: CPU: 1564.52%, Memory: 386MiB / 251.5GiB
compassionate_mclaren: CPU: 1559.18%, Memory: 386MiB / 251.5GiB
compassionate_mclaren: CPU: 1528.50%, Memory: 386MiB / 251.5GiB
compassionate_mclaren: CPU: 1586.53%, Memory: 386MiB / 251.5GiB
compassionate_mclaren: CPU: 1563.14%, Memory: 386MiB / 251.5GiB
compassionate_mclaren: CPU: 1492.62%, Memory: 386MiB / 251.5GiB
compassionate_mclaren: CPU: 1559.82%, Memory: 386MiB / 251.5GiB
compassionate_mclaren: CPU: 1553.72%, Memory: 386MiB / 251.5GiB
compassionate_mclaren: CPU: 1543.84%, Memory: 386MiB / 251.5GiB
compassionate_mclaren: CPU: 1572.70%, Memory: 386MiB / 251.5GiB
compassionate_mclaren: CPU: 1575.73%, Memory: 386MiB / 251.5GiB
compassionate_mclaren: CPU: 1561.73%, Memory: 386MiB / 251.5GiB
compassionate_mclaren: CPU: 1538.70%, Memory: 386MiB / 251.5GiB
compassionate_mclaren: CPU: 1534.83%, Memory: 386MiB / 251.5GiB
compassionate_mclaren: CPU: 1561.82%, Memory: 386MiB / 251.5GiB
compassionate_mclaren: CPU: 1517.22%, Memory: 386MiB / 251.5GiB
compassionate_mclaren: CPU: 1582.76%, Memory: 386MiB / 251.5GiB
compassionate_mclaren: CPU: 1534.15%, Memory: 386MiB / 251.5GiB
compassionate_mclaren: CPU: 1550.85%, Memory: 386MiB / 251.5GiB
compassionate_mclaren: CPU: 1562.42%, Memory: 386MiB / 251.5GiB
compassionate_mclaren: CPU: 1572.83%, Memory: 386MiB / 251.5GiB
compassionate_mclaren: CPU: 1535.96%, Memory: 386MiB / 251.5GiB
compassionate_mclaren: CPU: 1537.20%, Memory: 386MiB / 251.5GiB
compassionate_mclaren: CPU: 1569.31%, Memory: 386MiB / 251.5GiB
intelligent_yonath: CPU: 160.07%, Memory: 384.7MiB / 251.5GiB
intelligent_yonath: CPU: 100.49%, Memory: 384.6MiB / 251.5GiB
intelligent_yonath: CPU: 1579.57%, Memory: 386MiB / 251.5GiB
intelligent_yonath: CPU: 1557.09%, Memory: 386MiB / 251.5GiB
intelligent_yonath: CPU: 1551.25%, Memory: 386MiB / 251.5GiB
intelligent_yonath: CPU: 1542.79%, Memory: 386MiB / 251.5GiB
intelligent_yonath: CPU: 1535.70%, Memory: 386MiB / 251.5GiB
intelligent_yonath: CPU: 1548.69%, Memory: 386MiB / 251.5GiB
intelligent_yonath: CPU: 1546.33%, Memory: 386MiB / 251.5GiB
intelligent_yonath: CPU: 1502.62%, Memory: 386MiB / 251.5GiB
intelligent_yonath: CPU: 1553.58%, Memory: 386MiB / 251.5GiB
intelligent_yonath: CPU: 1563.50%, Memory: 386MiB / 251.5GiB
intelligent_yonath: CPU: 1542.11%, Memory: 386MiB / 251.5GiB
intelligent_yonath: CPU: 1564.12%, Memory: 386MiB / 251.5GiB
intelligent_yonath: CPU: 1499.93%, Memory: 386MiB / 251.5GiB
intelligent_yonath: CPU: 1547.58%, Memory: 386MiB / 251.5GiB
intelligent_yonath: CPU: 1549.20%, Memory: 386MiB / 251.5GiB
intelligent_yonath: CPU: 1560.98%, Memory: 386MiB / 251.5GiB
intelligent_yonath: CPU: 1556.62%, Memory: 386MiB / 251.5GiB
intelligent_yonath: CPU: 1583.34%, Memory: 386MiB / 251.5GiB
intelligent_yonath: CPU: 1521.65%, Memory: 386MiB / 251.5GiB
intelligent_yonath: CPU: 1538.03%, Memory: 386MiB / 251.5GiB
intelligent_yonath: CPU: 1561.01%, Memory: 386MiB / 251.5GiB
intelligent_yonath: CPU: 1564.68%, Memory: 386MiB / 251.5GiB
intelligent_yonath: CPU: 1564.64%, Memory: 386MiB / 251.5GiB
intelligent_yonath: CPU: 1540.26%, Memory: 386MiB / 251.5GiB
intelligent_yonath: CPU: 1556.98%, Memory: 386MiB / 251.5GiB
intelligent_yonath: CPU: 1575.88%, Memory: 386MiB / 251.5GiB
intelligent_yonath: CPU: 1532.03%, Memory: 386MiB / 251.5GiB
intelligent_yonath: CPU: 1532.45%, Memory: 386MiB / 251.5GiB
intelligent_yonath: CPU: 1564.31%, Memory: 386MiB / 251.5GiB
intelligent_yonath: CPU: 1565.63%, Memory: 386MiB / 251.5GiB
intelligent_yonath: CPU: 1576.60%, Memory: 386MiB / 251.5GiB
intelligent_yonath: CPU: 1560.59%, Memory: 386MiB / 251.5GiB
intelligent_yonath: CPU: 1564.66%, Memory: 386MiB / 251.5GiB
strange_lumiere: CPU: 164.45%, Memory: 384.6MiB / 251.5GiB
strange_lumiere: CPU: 98.21%, Memory: 384.6MiB / 251.5GiB
strange_lumiere: CPU: 1566.56%, Memory: 386MiB / 251.5GiB
strange_lumiere: CPU: 1521.64%, Memory: 386MiB / 251.5GiB
strange_lumiere: CPU: 1540.78%, Memory: 386MiB / 251.5GiB
strange_lumiere: CPU: 1535.37%, Memory: 386MiB / 251.5GiB
strange_lumiere: CPU: 1581.58%, Memory: 386MiB / 251.5GiB
strange_lumiere: CPU: 1582.69%, Memory: 386MiB / 251.5GiB
strange_lumiere: CPU: 1559.33%, Memory: 386MiB / 251.5GiB
strange_lumiere: CPU: 1549.07%, Memory: 386MiB / 251.5GiB
strange_lumiere: CPU: 1553.96%, Memory: 386MiB / 251.5GiB
strange_lumiere: CPU: 1561.76%, Memory: 386MiB / 251.5GiB
strange_lumiere: CPU: 1537.50%, Memory: 386MiB / 251.5GiB
strange_lumiere: CPU: 1561.57%, Memory: 386MiB / 251.5GiB
strange_lumiere: CPU: 1541.49%, Memory: 386MiB / 251.5GiB
strange_lumiere: CPU: 1527.07%, Memory: 386MiB / 251.5GiB
strange_lumiere: CPU: 1551.76%, Memory: 386MiB / 251.5GiB
strange_lumiere: CPU: 1498.44%, Memory: 386MiB / 251.5GiB
strange_lumiere: CPU: 1587.06%, Memory: 386MiB / 251.5GiB
strange_lumiere: CPU: 1562.55%, Memory: 386MiB / 251.5GiB
strange_lumiere: CPU: 1358.27%, Memory: 386MiB / 251.5GiB
strange_lumiere: CPU: 1504.19%, Memory: 386MiB / 251.5GiB
strange_lumiere: CPU: 1551.45%, Memory: 386MiB / 251.5GiB
strange_lumiere: CPU: 1579.91%, Memory: 386MiB / 251.5GiB
strange_lumiere: CPU: 1585.81%, Memory: 386MiB / 251.5GiB
strange_lumiere: CPU: 1548.45%, Memory: 386MiB / 251.5GiB
strange_lumiere: CPU: 1412.67%, Memory: 386MiB / 251.5GiB
strange_lumiere: CPU: 1549.24%, Memory: 386MiB / 251.5GiB
strange_lumiere: CPU: 1571.56%, Memory: 386MiB / 251.5GiB
strange_lumiere: CPU: 1572.82%, Memory: 386MiB / 251.5GiB
strange_lumiere: CPU: 1555.82%, Memory: 386MiB / 251.5GiB
strange_lumiere: CPU: 1586.13%, Memory: 386MiB / 251.5GiB
strange_lumiere: CPU: 1319.63%, Memory: 386MiB / 251.5GiB
strange_lumiere: CPU: 1551.11%, Memory: 386MiB / 251.5GiB
strange_lumiere: CPU: 1524.51%, Memory: 386MiB / 251.5GiB
dreamy_ptolemy: CPU: 162.56%, Memory: 384.7MiB / 251.5GiB
dreamy_ptolemy: CPU: 99.78%, Memory: 384.6MiB / 251.5GiB
dreamy_ptolemy: CPU: 1522.80%, Memory: 386MiB / 251.5GiB
dreamy_ptolemy: CPU: 1512.33%, Memory: 386MiB / 251.5GiB
dreamy_ptolemy: CPU: 1553.62%, Memory: 386MiB / 251.5GiB
dreamy_ptolemy: CPU: 1540.01%, Memory: 386MiB / 251.5GiB
dreamy_ptolemy: CPU: 1576.14%, Memory: 386MiB / 251.5GiB
dreamy_ptolemy: CPU: 1555.14%, Memory: 386MiB / 251.5GiB
dreamy_ptolemy: CPU: 1538.36%, Memory: 386MiB / 251.5GiB
dreamy_ptolemy: CPU: 1540.09%, Memory: 386MiB / 251.5GiB
dreamy_ptolemy: CPU: 1540.72%, Memory: 386MiB / 251.5GiB
dreamy_ptolemy: CPU: 1550.01%, Memory: 386MiB / 251.5GiB
dreamy_ptolemy: CPU: 1583.30%, Memory: 386MiB / 251.5GiB
dreamy_ptolemy: CPU: 1551.73%, Memory: 386MiB / 251.5GiB
dreamy_ptolemy: CPU: 1543.07%, Memory: 386MiB / 251.5GiB
dreamy_ptolemy: CPU: 1517.94%, Memory: 386MiB / 251.5GiB
dreamy_ptolemy: CPU: 1540.35%, Memory: 386MiB / 251.5GiB
dreamy_ptolemy: CPU: 1562.41%, Memory: 386MiB / 251.5GiB
dreamy_ptolemy: CPU: 1555.72%, Memory: 386MiB / 251.5GiB
dreamy_ptolemy: CPU: 1544.56%, Memory: 386MiB / 251.5GiB
dreamy_ptolemy: CPU: 1555.42%, Memory: 386MiB / 251.5GiB
dreamy_ptolemy: CPU: 1544.04%, Memory: 386MiB / 251.5GiB
dreamy_ptolemy: CPU: 1528.22%, Memory: 386MiB / 251.5GiB
dreamy_ptolemy: CPU: 1541.27%, Memory: 386MiB / 251.5GiB
dreamy_ptolemy: CPU: 1514.83%, Memory: 386MiB / 251.5GiB
dreamy_ptolemy: CPU: 1530.57%, Memory: 386MiB / 251.5GiB
dreamy_ptolemy: CPU: 1540.74%, Memory: 386MiB / 251.5GiB
dreamy_ptolemy: CPU: 1532.70%, Memory: 386MiB / 251.5GiB
dreamy_ptolemy: CPU: 1551.94%, Memory: 386MiB / 251.5GiB
dreamy_ptolemy: CPU: 1548.69%, Memory: 386MiB / 251.5GiB
dreamy_ptolemy: CPU: 1530.60%, Memory: 386MiB / 251.5GiB
dreamy_ptolemy: CPU: 1526.85%, Memory: 386MiB / 251.5GiB
dreamy_ptolemy: CPU: 1526.00%, Memory: 386MiB / 251.5GiB
dreamy_ptolemy: CPU: 1534.26%, Memory: 386MiB / 251.5GiB
dreamy_ptolemy: CPU: 1536.18%, Memory: 386MiB / 251.5GiB
dreamy_ptolemy: CPU: 1548.11%, Memory: 386MiB / 251.5GiB
