nostalgic_chatterjee: CPU: 163.93%, Memory: 193.5MiB / 251.5GiB
nostalgic_chatterjee: CPU: 101.41%, Memory: 198.7MiB / 251.5GiB
nostalgic_chatterjee: CPU: 1524.05%, Memory: 964.5MiB / 251.5GiB
nostalgic_chatterjee: CPU: 1529.58%, Memory: 966.3MiB / 251.5GiB
nostalgic_chatterjee: CPU: 1557.91%, Memory: 966.3MiB / 251.5GiB
nostalgic_chatterjee: CPU: 1555.90%, Memory: 967.5MiB / 251.5GiB
nostalgic_chatterjee: CPU: 1569.80%, Memory: 969.7MiB / 251.5GiB
nostalgic_chatterjee: CPU: 1557.37%, Memory: 1.326GiB / 251.5GiB
nostalgic_chatterjee: CPU: 99.56%, Memory: 1.328GiB / 251.5GiB
nostalgic_chatterjee: CPU: 100.31%, Memory: 1.328GiB / 251.5GiB
zealous_darwin: CPU: 166.85%, Memory: 193.4MiB / 251.5GiB
zealous_darwin: CPU: 99.97%, Memory: 193.4MiB / 251.5GiB
zealous_darwin: CPU: 1560.34%, Memory: 964.5MiB / 251.5GiB
zealous_darwin: CPU: 1564.41%, Memory: 965.8MiB / 251.5GiB
zealous_darwin: CPU: 1552.68%, Memory: 965.8MiB / 251.5GiB
zealous_darwin: CPU: 1562.07%, Memory: 967.4MiB / 251.5GiB
zealous_darwin: CPU: 1567.54%, Memory: 969.4MiB / 251.5GiB
zealous_darwin: CPU: 1560.55%, Memory: 1.327GiB / 251.5GiB
zealous_darwin: CPU: 100.16%, Memory: 1.328GiB / 251.5GiB
zealous_darwin: CPU: 101.09%, Memory: 1.328GiB / 251.5GiB
zealous_darwin: CPU: 101.54%, Memory: 1.328GiB / 251.5GiB
zealous_darwin: CPU: 99.75%, Memory: 1.328GiB / 251.5GiB
zealous_darwin: CPU: 99.04%, Memory: 1.328GiB / 251.5GiB
zealous_darwin: CPU: 101.38%, Memory: 1.328GiB / 251.5GiB
zealous_darwin: CPU: 101.12%, Memory: 1.328GiB / 251.5GiB
zealous_darwin: CPU: 100.31%, Memory: 1.328GiB / 251.5GiB
zealous_darwin: CPU: 100.90%, Memory: 1.328GiB / 251.5GiB
zealous_darwin: CPU: 101.53%, Memory: 1.328GiB / 251.5GiB
zealous_darwin: CPU: 100.94%, Memory: 1.328GiB / 251.5GiB
zealous_darwin: CPU: 99.53%, Memory: 1.328GiB / 251.5GiB
zealous_darwin: CPU: 100.50%, Memory: 1.328GiB / 251.5GiB
zealous_darwin: CPU: 101.71%, Memory: 1.328GiB / 251.5GiB
zealous_darwin: CPU: 101.34%, Memory: 1.328GiB / 251.5GiB
zealous_darwin: CPU: 102.03%, Memory: 1.328GiB / 251.5GiB
zealous_darwin: CPU: 99.19%, Memory: 1.328GiB / 251.5GiB
zealous_darwin: CPU: 101.13%, Memory: 1.328GiB / 251.5GiB
zealous_darwin: CPU: 101.32%, Memory: 1.328GiB / 251.5GiB
zealous_darwin: CPU: 99.91%, Memory: 1.328GiB / 251.5GiB
zealous_darwin: CPU: 101.13%, Memory: 1.328GiB / 251.5GiB
zealous_darwin: CPU: 99.81%, Memory: 1.328GiB / 251.5GiB
zealous_darwin: CPU: 100.83%, Memory: 1.328GiB / 251.5GiB
zealous_darwin: CPU: 101.65%, Memory: 1.328GiB / 251.5GiB
zealous_darwin: CPU: 100.52%, Memory: 1.328GiB / 251.5GiB
zealous_darwin: CPU: 101.01%, Memory: 1.328GiB / 251.5GiB
zealous_darwin: CPU: 100.71%, Memory: 1.328GiB / 251.5GiB
zealous_darwin: CPU: 101.60%, Memory: 1.328GiB / 251.5GiB
zealous_darwin: CPU: 101.00%, Memory: 1.328GiB / 251.5GiB
zealous_darwin: CPU: 102.64%, Memory: 1.328GiB / 251.5GiB
zealous_darwin: CPU: 101.01%, Memory: 1.328GiB / 251.5GiB
zealous_darwin: CPU: 101.41%, Memory: 1.328GiB / 251.5GiB
zealous_darwin: CPU: 101.35%, Memory: 1.328GiB / 251.5GiB
zealous_darwin: CPU: 100.87%, Memory: 1.328GiB / 251.5GiB
zealous_darwin: CPU: 101.41%, Memory: 1.328GiB / 251.5GiB
zealous_darwin: CPU: 99.38%, Memory: 1.328GiB / 251.5GiB
zealous_darwin: CPU: 101.26%, Memory: 1.328GiB / 251.5GiB
zealous_darwin: CPU: 101.13%, Memory: 1.328GiB / 251.5GiB
zealous_darwin: CPU: 100.77%, Memory: 1.328GiB / 251.5GiB
zealous_darwin: CPU: 100.62%, Memory: 1.328GiB / 251.5GiB
zealous_darwin: CPU: 102.17%, Memory: 1.328GiB / 251.5GiB
zealous_darwin: CPU: 100.27%, Memory: 1.328GiB / 251.5GiB
zealous_darwin: CPU: 100.81%, Memory: 1.328GiB / 251.5GiB
zealous_darwin: CPU: 100.37%, Memory: 1.328GiB / 251.5GiB
zealous_darwin: CPU: 101.13%, Memory: 1.328GiB / 251.5GiB
zealous_darwin: CPU: 99.77%, Memory: 1.328GiB / 251.5GiB
zealous_darwin: CPU: 102.04%, Memory: 1.328GiB / 251.5GiB
zealous_darwin: CPU: 99.99%, Memory: 1.328GiB / 251.5GiB
zealous_darwin: CPU: 100.18%, Memory: 1.328GiB / 251.5GiB
zealous_darwin: CPU: 101.45%, Memory: 1.328GiB / 251.5GiB
zealous_darwin: CPU: 101.33%, Memory: 1.328GiB / 251.5GiB
zealous_darwin: CPU: 101.02%, Memory: 1.328GiB / 251.5GiB
zealous_darwin: CPU: 101.84%, Memory: 1.328GiB / 251.5GiB
zealous_darwin: CPU: 100.00%, Memory: 1.328GiB / 251.5GiB
zealous_darwin: CPU: 100.84%, Memory: 1.328GiB / 251.5GiB
zealous_darwin: CPU: 100.05%, Memory: 1.328GiB / 251.5GiB
zealous_darwin: CPU: 101.34%, Memory: 1.328GiB / 251.5GiB
zealous_darwin: CPU: 100.52%, Memory: 1.328GiB / 251.5GiB
zealous_darwin: CPU: 99.10%, Memory: 1.328GiB / 251.5GiB
zealous_darwin: CPU: 100.84%, Memory: 1.328GiB / 251.5GiB
zealous_darwin: CPU: 99.62%, Memory: 1.328GiB / 251.5GiB
zealous_darwin: CPU: 101.32%, Memory: 1.328GiB / 251.5GiB
zealous_darwin: CPU: 101.15%, Memory: 1.328GiB / 251.5GiB
zealous_darwin: CPU: 99.49%, Memory: 1.328GiB / 251.5GiB
zealous_darwin: CPU: 100.59%, Memory: 1.328GiB / 251.5GiB
zealous_darwin: CPU: 101.80%, Memory: 1.328GiB / 251.5GiB
zealous_darwin: CPU: 101.86%, Memory: 1.328GiB / 251.5GiB
zealous_darwin: CPU: 101.09%, Memory: 1.328GiB / 251.5GiB
zealous_darwin: CPU: 99.68%, Memory: 1.328GiB / 251.5GiB
zealous_darwin: CPU: 100.84%, Memory: 1.328GiB / 251.5GiB
zealous_darwin: CPU: 101.28%, Memory: 1.328GiB / 251.5GiB
zealous_darwin: CPU: 100.14%, Memory: 1.328GiB / 251.5GiB
zealous_darwin: CPU: 101.03%, Memory: 1.328GiB / 251.5GiB
zealous_darwin: CPU: 100.46%, Memory: 1.328GiB / 251.5GiB
zealous_darwin: CPU: 101.08%, Memory: 1.328GiB / 251.5GiB
zealous_darwin: CPU: 100.69%, Memory: 1.328GiB / 251.5GiB
zealous_darwin: CPU: 100.37%, Memory: 1.328GiB / 251.5GiB
zealous_darwin: CPU: 98.21%, Memory: 1.328GiB / 251.5GiB
zealous_darwin: CPU: 101.41%, Memory: 1.328GiB / 251.5GiB
zealous_darwin: CPU: 101.45%, Memory: 1.328GiB / 251.5GiB
zealous_darwin: CPU: 101.21%, Memory: 1.328GiB / 251.5GiB
zealous_darwin: CPU: 99.75%, Memory: 1.328GiB / 251.5GiB
zealous_darwin: CPU: 100.62%, Memory: 1.328GiB / 251.5GiB
zealous_darwin: CPU: 100.18%, Memory: 1.328GiB / 251.5GiB
zealous_darwin: CPU: 101.41%, Memory: 1.328GiB / 251.5GiB
zealous_darwin: CPU: 100.50%, Memory: 1.328GiB / 251.5GiB
zealous_darwin: CPU: 99.77%, Memory: 1.328GiB / 251.5GiB
zealous_darwin: CPU: 101.07%, Memory: 1.328GiB / 251.5GiB
zealous_darwin: CPU: 101.34%, Memory: 1.328GiB / 251.5GiB
zealous_darwin: CPU: 100.37%, Memory: 1.328GiB / 251.5GiB
zealous_darwin: CPU: 101.84%, Memory: 1.328GiB / 251.5GiB
zealous_darwin: CPU: 101.20%, Memory: 1.328GiB / 251.5GiB
zealous_darwin: CPU: 100.62%, Memory: 1.328GiB / 251.5GiB
zealous_darwin: CPU: 101.28%, Memory: 1.328GiB / 251.5GiB
zealous_darwin: CPU: 100.64%, Memory: 1.328GiB / 251.5GiB
zealous_darwin: CPU: 100.56%, Memory: 1.328GiB / 251.5GiB
zealous_darwin: CPU: 100.81%, Memory: 1.328GiB / 251.5GiB
zealous_darwin: CPU: 100.58%, Memory: 1.328GiB / 251.5GiB
zealous_darwin: CPU: 101.39%, Memory: 1.328GiB / 251.5GiB
zealous_darwin: CPU: 100.25%, Memory: 1.328GiB / 251.5GiB
zealous_darwin: CPU: 100.90%, Memory: 1.328GiB / 251.5GiB
zealous_darwin: CPU: 100.81%, Memory: 1.328GiB / 251.5GiB
zealous_darwin: CPU: 100.82%, Memory: 1.328GiB / 251.5GiB
zealous_darwin: CPU: 100.58%, Memory: 1.328GiB / 251.5GiB
zealous_darwin: CPU: 101.45%, Memory: 1.328GiB / 251.5GiB
zealous_darwin: CPU: 99.77%, Memory: 1.328GiB / 251.5GiB
zealous_darwin: CPU: 99.07%, Memory: 1.328GiB / 251.5GiB
zealous_darwin: CPU: 100.14%, Memory: 1.328GiB / 251.5GiB
zealous_darwin: CPU: 100.52%, Memory: 1.328GiB / 251.5GiB
zealous_darwin: CPU: 101.41%, Memory: 1.328GiB / 251.5GiB
zealous_darwin: CPU: 98.97%, Memory: 1.328GiB / 251.5GiB
zealous_darwin: CPU: 100.56%, Memory: 1.328GiB / 251.5GiB
zealous_darwin: CPU: 100.20%, Memory: 1.328GiB / 251.5GiB
zealous_darwin: CPU: 101.09%, Memory: 1.328GiB / 251.5GiB
zealous_darwin: CPU: 100.12%, Memory: 1.328GiB / 251.5GiB
zealous_darwin: CPU: 101.39%, Memory: 1.328GiB / 251.5GiB
zealous_darwin: CPU: 101.93%, Memory: 1.328GiB / 251.5GiB
zealous_darwin: CPU: 100.82%, Memory: 1.328GiB / 251.5GiB
zealous_darwin: CPU: 101.16%, Memory: 1.328GiB / 251.5GiB
zealous_darwin: CPU: 100.90%, Memory: 1.328GiB / 251.5GiB
zealous_darwin: CPU: 101.09%, Memory: 1.328GiB / 251.5GiB
zealous_darwin: CPU: 101.41%, Memory: 1.328GiB / 251.5GiB
zealous_darwin: CPU: 101.20%, Memory: 1.328GiB / 251.5GiB
zealous_darwin: CPU: 101.19%, Memory: 1.328GiB / 251.5GiB
zealous_darwin: CPU: 99.69%, Memory: 1.328GiB / 251.5GiB
zealous_darwin: CPU: 100.96%, Memory: 1.328GiB / 251.5GiB
zealous_darwin: CPU: 101.22%, Memory: 1.328GiB / 251.5GiB
zealous_darwin: CPU: 99.81%, Memory: 1.328GiB / 251.5GiB
zealous_darwin: CPU: 100.12%, Memory: 1.328GiB / 251.5GiB
zealous_darwin: CPU: 98.70%, Memory: 1.328GiB / 251.5GiB
zealous_darwin: CPU: 99.90%, Memory: 1.328GiB / 251.5GiB
zealous_darwin: CPU: 100.12%, Memory: 1.328GiB / 251.5GiB
zealous_darwin: CPU: 100.44%, Memory: 1.328GiB / 251.5GiB
zealous_darwin: CPU: 100.82%, Memory: 1.328GiB / 251.5GiB
zealous_darwin: CPU: 100.75%, Memory: 1.328GiB / 251.5GiB
zealous_darwin: CPU: 100.09%, Memory: 1.328GiB / 251.5GiB
zealous_darwin: CPU: 101.22%, Memory: 1.328GiB / 251.5GiB
zealous_darwin: CPU: 100.69%, Memory: 1.328GiB / 251.5GiB
zealous_darwin: CPU: 100.12%, Memory: 1.328GiB / 251.5GiB
zealous_darwin: CPU: 101.79%, Memory: 1.328GiB / 251.5GiB
zealous_darwin: CPU: 99.59%, Memory: 1.328GiB / 251.5GiB
zealous_darwin: CPU: 100.94%, Memory: 1.328GiB / 251.5GiB
zealous_darwin: CPU: 98.70%, Memory: 1.328GiB / 251.5GiB
zealous_darwin: CPU: 99.31%, Memory: 1.328GiB / 251.5GiB
zealous_darwin: CPU: 100.59%, Memory: 1.328GiB / 251.5GiB
zealous_darwin: CPU: 99.19%, Memory: 1.328GiB / 251.5GiB
zealous_darwin: CPU: 100.88%, Memory: 1.328GiB / 251.5GiB
zealous_darwin: CPU: 101.03%, Memory: 1.328GiB / 251.5GiB
zealous_darwin: CPU: 101.35%, Memory: 1.328GiB / 251.5GiB
zealous_darwin: CPU: 101.79%, Memory: 1.328GiB / 251.5GiB
zealous_darwin: CPU: 100.56%, Memory: 1.328GiB / 251.5GiB
zealous_darwin: CPU: 101.71%, Memory: 1.328GiB / 251.5GiB
zealous_darwin: CPU: 100.50%, Memory: 1.328GiB / 251.5GiB
zealous_darwin: CPU: 101.99%, Memory: 1.328GiB / 251.5GiB
zealous_darwin: CPU: 101.45%, Memory: 1.328GiB / 251.5GiB
zealous_darwin: CPU: 101.45%, Memory: 1.328GiB / 251.5GiB
zealous_darwin: CPU: 99.74%, Memory: 1.328GiB / 251.5GiB
zealous_darwin: CPU: 100.75%, Memory: 1.328GiB / 251.5GiB
zealous_darwin: CPU: 99.12%, Memory: 1.328GiB / 251.5GiB
zealous_darwin: CPU: 100.50%, Memory: 1.328GiB / 251.5GiB
zealous_darwin: CPU: 101.54%, Memory: 1.328GiB / 251.5GiB
zealous_darwin: CPU: 102.44%, Memory: 1.328GiB / 251.5GiB
zealous_darwin: CPU: 100.75%, Memory: 1.328GiB / 251.5GiB
zealous_darwin: CPU: 100.81%, Memory: 1.328GiB / 251.5GiB
zealous_darwin: CPU: 99.13%, Memory: 1.328GiB / 251.5GiB
zealous_darwin: CPU: 99.28%, Memory: 1.328GiB / 251.5GiB
zealous_darwin: CPU: 99.62%, Memory: 1.328GiB / 251.5GiB
zealous_darwin: CPU: 101.97%, Memory: 1.328GiB / 251.5GiB
zealous_darwin: CPU: 101.58%, Memory: 1.328GiB / 251.5GiB
zealous_darwin: CPU: 100.14%, Memory: 1.328GiB / 251.5GiB
zealous_darwin: CPU: 101.28%, Memory: 1.328GiB / 251.5GiB
zealous_darwin: CPU: 100.37%, Memory: 1.328GiB / 251.5GiB
zealous_darwin: CPU: 101.97%, Memory: 1.328GiB / 251.5GiB
zealous_darwin: CPU: 100.06%, Memory: 1.328GiB / 251.5GiB
zealous_darwin: CPU: 99.80%, Memory: 1.328GiB / 251.5GiB
zealous_darwin: CPU: 101.00%, Memory: 1.328GiB / 251.5GiB
zealous_darwin: CPU: 98.95%, Memory: 1.328GiB / 251.5GiB
zealous_darwin: CPU: 100.44%, Memory: 1.328GiB / 251.5GiB
zealous_darwin: CPU: 99.75%, Memory: 1.328GiB / 251.5GiB
zealous_darwin: CPU: 100.94%, Memory: 1.328GiB / 251.5GiB
zealous_darwin: CPU: 101.07%, Memory: 1.328GiB / 251.5GiB
zealous_darwin: CPU: 100.84%, Memory: 1.328GiB / 251.5GiB
zealous_darwin: CPU: 101.28%, Memory: 1.328GiB / 251.5GiB
zealous_darwin: CPU: 100.37%, Memory: 1.328GiB / 251.5GiB
zealous_darwin: CPU: 99.68%, Memory: 1.328GiB / 251.5GiB
zealous_darwin: CPU: 100.43%, Memory: 1.328GiB / 251.5GiB
zealous_darwin: CPU: 101.01%, Memory: 1.328GiB / 251.5GiB
zealous_darwin: CPU: 101.20%, Memory: 1.328GiB / 251.5GiB
zealous_darwin: CPU: 100.43%, Memory: 1.328GiB / 251.5GiB
zealous_darwin: CPU: 100.62%, Memory: 1.328GiB / 251.5GiB
zealous_darwin: CPU: 100.87%, Memory: 1.328GiB / 251.5GiB
zealous_darwin: CPU: 102.05%, Memory: 1.328GiB / 251.5GiB
zealous_darwin: CPU: 101.20%, Memory: 1.328GiB / 251.5GiB
zealous_darwin: CPU: 101.07%, Memory: 1.328GiB / 251.5GiB
zealous_darwin: CPU: 100.50%, Memory: 1.328GiB / 251.5GiB
zealous_darwin: CPU: 101.28%, Memory: 1.328GiB / 251.5GiB
zealous_darwin: CPU: 100.77%, Memory: 1.328GiB / 251.5GiB
zealous_darwin: CPU: 99.37%, Memory: 1.328GiB / 251.5GiB
zealous_darwin: CPU: 100.50%, Memory: 1.328GiB / 251.5GiB
zealous_darwin: CPU: 99.58%, Memory: 1.328GiB / 251.5GiB
zealous_darwin: CPU: 99.43%, Memory: 1.328GiB / 251.5GiB
zealous_darwin: CPU: 99.38%, Memory: 1.328GiB / 251.5GiB
zealous_darwin: CPU: 98.88%, Memory: 1.328GiB / 251.5GiB
zealous_darwin: CPU: 101.52%, Memory: 1.328GiB / 251.5GiB
zealous_darwin: CPU: 100.81%, Memory: 1.328GiB / 251.5GiB
zealous_darwin: CPU: 100.00%, Memory: 1.328GiB / 251.5GiB
zealous_darwin: CPU: 101.91%, Memory: 1.328GiB / 251.5GiB
zealous_darwin: CPU: 101.97%, Memory: 1.328GiB / 251.5GiB
zealous_darwin: CPU: 99.93%, Memory: 1.328GiB / 251.5GiB
zealous_darwin: CPU: 101.13%, Memory: 1.328GiB / 251.5GiB
zealous_darwin: CPU: 101.60%, Memory: 1.328GiB / 251.5GiB
zealous_darwin: CPU: 100.27%, Memory: 1.328GiB / 251.5GiB
zealous_darwin: CPU: 100.71%, Memory: 1.328GiB / 251.5GiB
zealous_darwin: CPU: 101.13%, Memory: 1.328GiB / 251.5GiB
zealous_darwin: CPU: 100.65%, Memory: 1.328GiB / 251.5GiB
zealous_darwin: CPU: 100.37%, Memory: 1.328GiB / 251.5GiB
zealous_darwin: CPU: 100.21%, Memory: 1.328GiB / 251.5GiB
zealous_darwin: CPU: 100.52%, Memory: 1.328GiB / 251.5GiB
zealous_darwin: CPU: 99.06%, Memory: 1.328GiB / 251.5GiB
zealous_darwin: CPU: 101.73%, Memory: 1.328GiB / 251.5GiB
zealous_darwin: CPU: 99.50%, Memory: 1.328GiB / 251.5GiB
zealous_darwin: CPU: 101.20%, Memory: 1.328GiB / 251.5GiB
zealous_darwin: CPU: 100.44%, Memory: 1.328GiB / 251.5GiB
zealous_darwin: CPU: 102.18%, Memory: 1.328GiB / 251.5GiB
zealous_darwin: CPU: 101.32%, Memory: 1.328GiB / 251.5GiB
zealous_darwin: CPU: 101.78%, Memory: 1.328GiB / 251.5GiB
zealous_darwin: CPU: 100.50%, Memory: 1.328GiB / 251.5GiB
zealous_darwin: CPU: 100.46%, Memory: 1.328GiB / 251.5GiB
zealous_darwin: CPU: 100.77%, Memory: 1.328GiB / 251.5GiB
zealous_darwin: CPU: 100.71%, Memory: 1.328GiB / 251.5GiB
zealous_darwin: CPU: 100.37%, Memory: 1.328GiB / 251.5GiB
zealous_darwin: CPU: 99.90%, Memory: 1.328GiB / 251.5GiB
zealous_darwin: CPU: 100.58%, Memory: 1.328GiB / 251.5GiB
zealous_darwin: CPU: 100.43%, Memory: 1.328GiB / 251.5GiB
zealous_darwin: CPU: 99.93%, Memory: 1.328GiB / 251.5GiB
zealous_darwin: CPU: 101.54%, Memory: 1.328GiB / 251.5GiB
zealous_darwin: CPU: 102.12%, Memory: 1.328GiB / 251.5GiB
zealous_darwin: CPU: 100.14%, Memory: 1.328GiB / 251.5GiB
zealous_darwin: CPU: 101.79%, Memory: 1.328GiB / 251.5GiB
zealous_darwin: CPU: 101.60%, Memory: 1.328GiB / 251.5GiB
zealous_darwin: CPU: 101.58%, Memory: 1.328GiB / 251.5GiB
zealous_darwin: CPU: 102.12%, Memory: 1.328GiB / 251.5GiB
zealous_darwin: CPU: 101.00%, Memory: 1.328GiB / 251.5GiB
zealous_darwin: CPU: 101.32%, Memory: 1.328GiB / 251.5GiB
zealous_darwin: CPU: 99.68%, Memory: 1.328GiB / 251.5GiB
zealous_darwin: CPU: 100.31%, Memory: 1.328GiB / 251.5GiB
zealous_darwin: CPU: 100.90%, Memory: 1.328GiB / 251.5GiB
zealous_darwin: CPU: 100.52%, Memory: 1.328GiB / 251.5GiB
zealous_darwin: CPU: 100.27%, Memory: 1.328GiB / 251.5GiB
zealous_darwin: CPU: 99.13%, Memory: 1.328GiB / 251.5GiB
zealous_darwin: CPU: 100.88%, Memory: 1.328GiB / 251.5GiB
zealous_darwin: CPU: 100.46%, Memory: 1.328GiB / 251.5GiB
zealous_darwin: CPU: 100.25%, Memory: 1.328GiB / 251.5GiB
zealous_darwin: CPU: 100.39%, Memory: 1.328GiB / 251.5GiB
zealous_darwin: CPU: 101.28%, Memory: 1.328GiB / 251.5GiB
zealous_darwin: CPU: 99.87%, Memory: 1.328GiB / 251.5GiB
zealous_darwin: CPU: 100.71%, Memory: 1.328GiB / 251.5GiB
zealous_darwin: CPU: 101.13%, Memory: 1.328GiB / 251.5GiB
zealous_darwin: CPU: 100.69%, Memory: 1.328GiB / 251.5GiB
zealous_darwin: CPU: 100.56%, Memory: 1.328GiB / 251.5GiB
zealous_darwin: CPU: 101.28%, Memory: 1.328GiB / 251.5GiB
zealous_darwin: CPU: 101.07%, Memory: 1.328GiB / 251.5GiB
zealous_darwin: CPU: 100.62%, Memory: 1.328GiB / 251.5GiB
zealous_darwin: CPU: 99.81%, Memory: 1.328GiB / 251.5GiB
zealous_darwin: CPU: 101.16%, Memory: 1.328GiB / 251.5GiB
zealous_darwin: CPU: 100.12%, Memory: 1.328GiB / 251.5GiB
zealous_darwin: CPU: 101.16%, Memory: 1.328GiB / 251.5GiB
zealous_darwin: CPU: 100.33%, Memory: 1.328GiB / 251.5GiB
zealous_darwin: CPU: 99.87%, Memory: 1.328GiB / 251.5GiB
zealous_darwin: CPU: 100.56%, Memory: 1.328GiB / 251.5GiB
zealous_darwin: CPU: 100.06%, Memory: 1.328GiB / 251.5GiB
zealous_darwin: CPU: 101.78%, Memory: 1.328GiB / 251.5GiB
zealous_darwin: CPU: 100.06%, Memory: 1.328GiB / 251.5GiB
zealous_darwin: CPU: 100.88%, Memory: 1.328GiB / 251.5GiB
zealous_darwin: CPU: 99.93%, Memory: 1.328GiB / 251.5GiB
zealous_darwin: CPU: 102.10%, Memory: 1.328GiB / 251.5GiB
zealous_darwin: CPU: 99.96%, Memory: 1.328GiB / 251.5GiB
zealous_darwin: CPU: 99.44%, Memory: 1.328GiB / 251.5GiB
zealous_darwin: CPU: 100.94%, Memory: 1.328GiB / 251.5GiB
zealous_darwin: CPU: 100.15%, Memory: 1.328GiB / 251.5GiB
zealous_darwin: CPU: 101.00%, Memory: 1.328GiB / 251.5GiB
zealous_darwin: CPU: 101.39%, Memory: 1.328GiB / 251.5GiB
zealous_darwin: CPU: 100.12%, Memory: 1.328GiB / 251.5GiB
zealous_darwin: CPU: 100.31%, Memory: 1.328GiB / 251.5GiB
zealous_darwin: CPU: 100.44%, Memory: 1.328GiB / 251.5GiB
zealous_darwin: CPU: 99.81%, Memory: 1.328GiB / 251.5GiB
zealous_darwin: CPU: 100.12%, Memory: 1.328GiB / 251.5GiB
zealous_darwin: CPU: 101.09%, Memory: 1.328GiB / 251.5GiB
zealous_darwin: CPU: 100.39%, Memory: 1.328GiB / 251.5GiB
zealous_darwin: CPU: 101.02%, Memory: 1.328GiB / 251.5GiB
zealous_darwin: CPU: 101.07%, Memory: 1.328GiB / 251.5GiB
zealous_darwin: CPU: 100.63%, Memory: 1.328GiB / 251.5GiB
zealous_darwin: CPU: 100.25%, Memory: 1.328GiB / 251.5GiB
zealous_darwin: CPU: 101.26%, Memory: 1.328GiB / 251.5GiB
zealous_darwin: CPU: 101.51%, Memory: 1.328GiB / 251.5GiB
zealous_darwin: CPU: 99.87%, Memory: 1.328GiB / 251.5GiB
zealous_darwin: CPU: 101.07%, Memory: 1.328GiB / 251.5GiB
zealous_darwin: CPU: 99.87%, Memory: 1.328GiB / 251.5GiB
zealous_darwin: CPU: 101.01%, Memory: 1.328GiB / 251.5GiB
zealous_darwin: CPU: 100.56%, Memory: 1.328GiB / 251.5GiB
zealous_darwin: CPU: 99.68%, Memory: 1.328GiB / 251.5GiB
zealous_darwin: CPU: 100.82%, Memory: 1.328GiB / 251.5GiB
zealous_darwin: CPU: 100.33%, Memory: 1.328GiB / 251.5GiB
zealous_darwin: CPU: 101.60%, Memory: 1.328GiB / 251.5GiB
zealous_darwin: CPU: 99.93%, Memory: 1.328GiB / 251.5GiB
zealous_darwin: CPU: 100.12%, Memory: 1.328GiB / 251.5GiB
zealous_darwin: CPU: 99.81%, Memory: 1.328GiB / 251.5GiB
zealous_darwin: CPU: 100.11%, Memory: 1.328GiB / 251.5GiB
zealous_darwin: CPU: 100.75%, Memory: 1.328GiB / 251.5GiB
zealous_darwin: CPU: 99.81%, Memory: 1.328GiB / 251.5GiB
zealous_darwin: CPU: 99.87%, Memory: 1.328GiB / 251.5GiB
zealous_darwin: CPU: 100.56%, Memory: 1.328GiB / 251.5GiB
zealous_darwin: CPU: 101.09%, Memory: 1.328GiB / 251.5GiB
zealous_darwin: CPU: 100.84%, Memory: 1.328GiB / 251.5GiB
zealous_darwin: CPU: 100.62%, Memory: 1.328GiB / 251.5GiB
zealous_darwin: CPU: 101.26%, Memory: 1.328GiB / 251.5GiB
zealous_darwin: CPU: 100.64%, Memory: 1.328GiB / 251.5GiB
zealous_darwin: CPU: 100.75%, Memory: 1.328GiB / 251.5GiB
zealous_darwin: CPU: 100.21%, Memory: 1.328GiB / 251.5GiB
zealous_darwin: CPU: 100.33%, Memory: 1.328GiB / 251.5GiB
zealous_darwin: CPU: 100.52%, Memory: 1.328GiB / 251.5GiB
zealous_darwin: CPU: 101.26%, Memory: 1.328GiB / 251.5GiB
zealous_darwin: CPU: 100.69%, Memory: 1.328GiB / 251.5GiB
zealous_darwin: CPU: 100.33%, Memory: 1.328GiB / 251.5GiB
zealous_darwin: CPU: 100.37%, Memory: 1.328GiB / 251.5GiB
zealous_darwin: CPU: 99.68%, Memory: 1.328GiB / 251.5GiB
zealous_darwin: CPU: 100.31%, Memory: 1.328GiB / 251.5GiB
zealous_darwin: CPU: 100.43%, Memory: 1.328GiB / 251.5GiB
zealous_darwin: CPU: 101.13%, Memory: 1.328GiB / 251.5GiB
zealous_darwin: CPU: 100.64%, Memory: 1.328GiB / 251.5GiB
zealous_darwin: CPU: 101.13%, Memory: 1.328GiB / 251.5GiB
zealous_darwin: CPU: 102.03%, Memory: 1.328GiB / 251.5GiB
zealous_darwin: CPU: 101.07%, Memory: 1.328GiB / 251.5GiB
zealous_darwin: CPU: 99.96%, Memory: 1.328GiB / 251.5GiB
zealous_darwin: CPU: 101.07%, Memory: 1.328GiB / 251.5GiB
zealous_darwin: CPU: 101.60%, Memory: 1.328GiB / 251.5GiB
zealous_darwin: CPU: 100.65%, Memory: 1.328GiB / 251.5GiB
zealous_darwin: CPU: 100.15%, Memory: 1.328GiB / 251.5GiB
zealous_darwin: CPU: 99.99%, Memory: 1.328GiB / 251.5GiB
zealous_darwin: CPU: 101.46%, Memory: 1.328GiB / 251.5GiB
zealous_darwin: CPU: 100.31%, Memory: 1.328GiB / 251.5GiB
zealous_darwin: CPU: 99.06%, Memory: 1.328GiB / 251.5GiB
zealous_darwin: CPU: 101.00%, Memory: 1.328GiB / 251.5GiB
zealous_darwin: CPU: 101.01%, Memory: 1.328GiB / 251.5GiB
zealous_darwin: CPU: 100.90%, Memory: 1.328GiB / 251.5GiB
zealous_darwin: CPU: 100.75%, Memory: 1.328GiB / 251.5GiB
zealous_darwin: CPU: 100.27%, Memory: 1.328GiB / 251.5GiB
zealous_darwin: CPU: 102.58%, Memory: 1.328GiB / 251.5GiB
zealous_darwin: CPU: 100.12%, Memory: 1.328GiB / 251.5GiB
zealous_darwin: CPU: 102.25%, Memory: 1.328GiB / 251.5GiB
zealous_darwin: CPU: 101.39%, Memory: 1.328GiB / 251.5GiB
zealous_darwin: CPU: 100.52%, Memory: 1.328GiB / 251.5GiB
zealous_darwin: CPU: 100.08%, Memory: 1.328GiB / 251.5GiB
zealous_darwin: CPU: 99.81%, Memory: 1.328GiB / 251.5GiB
zealous_darwin: CPU: 99.68%, Memory: 1.328GiB / 251.5GiB
zealous_darwin: CPU: 99.81%, Memory: 1.328GiB / 251.5GiB
zealous_darwin: CPU: 99.59%, Memory: 1.328GiB / 251.5GiB
zealous_darwin: CPU: 99.19%, Memory: 1.328GiB / 251.5GiB
zealous_darwin: CPU: 99.22%, Memory: 1.328GiB / 251.5GiB
zealous_darwin: CPU: 100.63%, Memory: 1.328GiB / 251.5GiB
zealous_darwin: CPU: 100.82%, Memory: 1.328GiB / 251.5GiB
zealous_darwin: CPU: 100.52%, Memory: 1.328GiB / 251.5GiB
zealous_darwin: CPU: 100.25%, Memory: 1.328GiB / 251.5GiB
zealous_darwin: CPU: 101.60%, Memory: 1.328GiB / 251.5GiB
zealous_darwin: CPU: 101.15%, Memory: 1.328GiB / 251.5GiB
zealous_darwin: CPU: 100.77%, Memory: 1.328GiB / 251.5GiB
zealous_darwin: CPU: 101.03%, Memory: 1.328GiB / 251.5GiB
zealous_darwin: CPU: 100.43%, Memory: 1.328GiB / 251.5GiB
zealous_darwin: CPU: 100.08%, Memory: 1.328GiB / 251.5GiB
zealous_darwin: CPU: 100.31%, Memory: 1.328GiB / 251.5GiB
zealous_darwin: CPU: 100.33%, Memory: 1.328GiB / 251.5GiB
zealous_darwin: CPU: 100.00%, Memory: 1.328GiB / 251.5GiB
zealous_darwin: CPU: 99.22%, Memory: 1.328GiB / 251.5GiB
zealous_darwin: CPU: 101.34%, Memory: 1.328GiB / 251.5GiB
zealous_darwin: CPU: 101.01%, Memory: 1.328GiB / 251.5GiB
zealous_darwin: CPU: 99.93%, Memory: 1.328GiB / 251.5GiB
zealous_darwin: CPU: 100.31%, Memory: 1.328GiB / 251.5GiB
zealous_darwin: CPU: 100.69%, Memory: 1.328GiB / 251.5GiB
zealous_darwin: CPU: 99.81%, Memory: 1.328GiB / 251.5GiB
zealous_darwin: CPU: 101.58%, Memory: 1.328GiB / 251.5GiB
zealous_darwin: CPU: 101.41%, Memory: 1.328GiB / 251.5GiB
zealous_darwin: CPU: 100.94%, Memory: 1.328GiB / 251.5GiB
zealous_darwin: CPU: 98.52%, Memory: 1.328GiB / 251.5GiB
zealous_darwin: CPU: 101.86%, Memory: 1.328GiB / 251.5GiB
zealous_darwin: CPU: 100.81%, Memory: 1.328GiB / 251.5GiB
zealous_darwin: CPU: 100.88%, Memory: 1.328GiB / 251.5GiB
zealous_darwin: CPU: 100.50%, Memory: 1.328GiB / 251.5GiB
zealous_darwin: CPU: 97.61%, Memory: 1.328GiB / 251.5GiB
zealous_darwin: CPU: 101.65%, Memory: 1.328GiB / 251.5GiB
zealous_darwin: CPU: 99.59%, Memory: 1.328GiB / 251.5GiB
zealous_darwin: CPU: 100.50%, Memory: 1.328GiB / 251.5GiB
zealous_darwin: CPU: 99.89%, Memory: 1.328GiB / 251.5GiB
zealous_darwin: CPU: 100.94%, Memory: 1.328GiB / 251.5GiB
zealous_darwin: CPU: 100.97%, Memory: 1.328GiB / 251.5GiB
zealous_darwin: CPU: 100.15%, Memory: 1.328GiB / 251.5GiB
zealous_darwin: CPU: 99.80%, Memory: 1.328GiB / 251.5GiB
zealous_darwin: CPU: 99.93%, Memory: 1.328GiB / 251.5GiB
zealous_darwin: CPU: 101.32%, Memory: 1.328GiB / 251.5GiB
zealous_darwin: CPU: 101.22%, Memory: 1.328GiB / 251.5GiB
zealous_darwin: CPU: 100.94%, Memory: 1.328GiB / 251.5GiB
zealous_darwin: CPU: 99.75%, Memory: 1.328GiB / 251.5GiB
zealous_darwin: CPU: 101.26%, Memory: 1.328GiB / 251.5GiB
zealous_darwin: CPU: 100.06%, Memory: 1.328GiB / 251.5GiB
zealous_darwin: CPU: 100.82%, Memory: 1.328GiB / 251.5GiB
zealous_darwin: CPU: 1589.33%, Memory: 785.4MiB / 251.5GiB
zealous_darwin: CPU: 1555.93%, Memory: 785.4MiB / 251.5GiB
zealous_darwin: CPU: 1560.86%, Memory: 785.4MiB / 251.5GiB
zealous_darwin: CPU: 1586.56%, Memory: 785.4MiB / 251.5GiB
zealous_darwin: CPU: 1573.04%, Memory: 785.4MiB / 251.5GiB
zealous_darwin: CPU: 1514.58%, Memory: 785.4MiB / 251.5GiB
zealous_darwin: CPU: 1567.65%, Memory: 785.4MiB / 251.5GiB
zealous_darwin: CPU: 1588.96%, Memory: 785.4MiB / 251.5GiB
zealous_darwin: CPU: 1565.15%, Memory: 785.4MiB / 251.5GiB
zealous_darwin: CPU: 1580.44%, Memory: 785.4MiB / 251.5GiB
zealous_darwin: CPU: 1587.60%, Memory: 785.4MiB / 251.5GiB
zealous_darwin: CPU: 1588.15%, Memory: 785.4MiB / 251.5GiB
zealous_darwin: CPU: 1555.72%, Memory: 785.4MiB / 251.5GiB
zealous_darwin: CPU: 1560.78%, Memory: 785.4MiB / 251.5GiB
zealous_darwin: CPU: 1581.89%, Memory: 785.4MiB / 251.5GiB
zealous_darwin: CPU: 1588.87%, Memory: 785.4MiB / 251.5GiB
zealous_darwin: CPU: 1567.99%, Memory: 785.4MiB / 251.5GiB
zealous_darwin: CPU: 1556.84%, Memory: 785.4MiB / 251.5GiB
zealous_darwin: CPU: 1566.54%, Memory: 785.4MiB / 251.5GiB
zealous_darwin: CPU: 1572.15%, Memory: 785.4MiB / 251.5GiB
zealous_darwin: CPU: 1510.79%, Memory: 785.4MiB / 251.5GiB
zealous_darwin: CPU: 1583.13%, Memory: 785.4MiB / 251.5GiB
zealous_darwin: CPU: 1584.90%, Memory: 785.4MiB / 251.5GiB
zealous_darwin: CPU: 1587.88%, Memory: 785.4MiB / 251.5GiB
zealous_darwin: CPU: 1586.20%, Memory: 785.4MiB / 251.5GiB
zealous_darwin: CPU: 1587.43%, Memory: 785.4MiB / 251.5GiB
zealous_darwin: CPU: 1589.31%, Memory: 785.4MiB / 251.5GiB
zealous_darwin: CPU: 1557.03%, Memory: 785.4MiB / 251.5GiB
zealous_darwin: CPU: 1569.95%, Memory: 785.4MiB / 251.5GiB
zealous_darwin: CPU: 1564.41%, Memory: 785.4MiB / 251.5GiB
zealous_darwin: CPU: 1542.95%, Memory: 785.4MiB / 251.5GiB
zealous_darwin: CPU: 1587.33%, Memory: 785.4MiB / 251.5GiB
zealous_darwin: CPU: 1552.58%, Memory: 785.4MiB / 251.5GiB
zealous_darwin: CPU: 1581.46%, Memory: 785.4MiB / 251.5GiB
zealous_darwin: CPU: 1580.08%, Memory: 785.4MiB / 251.5GiB
zealous_darwin: CPU: 1581.41%, Memory: 785.4MiB / 251.5GiB
zealous_darwin: CPU: 1570.13%, Memory: 785.4MiB / 251.5GiB
zealous_darwin: CPU: 1592.09%, Memory: 785.4MiB / 251.5GiB
zealous_darwin: CPU: 1590.42%, Memory: 785.4MiB / 251.5GiB
zealous_darwin: CPU: 1509.19%, Memory: 785.4MiB / 251.5GiB
zealous_darwin: CPU: 1299.19%, Memory: 785.4MiB / 251.5GiB
zealous_darwin: CPU: 1210.56%, Memory: 785.4MiB / 251.5GiB
zealous_darwin: CPU: 592.49%, Memory: 785.4MiB / 251.5GiB
zealous_darwin: CPU: 100.25%, Memory: 785.4MiB / 251.5GiB
zealous_darwin: CPU: 99.78%, Memory: 785.4MiB / 251.5GiB
zealous_darwin: CPU: 101.86%, Memory: 785.4MiB / 251.5GiB
zealous_darwin: CPU: 99.78%, Memory: 785.4MiB / 251.5GiB
zealous_darwin: CPU: 100.56%, Memory: 785.4MiB / 251.5GiB
zealous_darwin: CPU: 99.91%, Memory: 785.4MiB / 251.5GiB
zealous_darwin: CPU: 100.50%, Memory: 785.4MiB / 251.5GiB
zealous_darwin: CPU: 99.40%, Memory: 785.4MiB / 251.5GiB
zealous_darwin: CPU: 101.93%, Memory: 785.4MiB / 251.5GiB
zealous_darwin: CPU: 101.60%, Memory: 785.4MiB / 251.5GiB
zealous_darwin: CPU: 100.21%, Memory: 785.4MiB / 251.5GiB
practical_gagarin: CPU: 143.49%, Memory: 193.5MiB / 251.5GiB
practical_gagarin: CPU: 100.69%, Memory: 328MiB / 251.5GiB
practical_gagarin: CPU: 1556.35%, Memory: 964.3MiB / 251.5GiB
practical_gagarin: CPU: 1498.77%, Memory: 965.8MiB / 251.5GiB
practical_gagarin: CPU: 1562.05%, Memory: 966.5MiB / 251.5GiB
practical_gagarin: CPU: 1564.99%, Memory: 967.1MiB / 251.5GiB
practical_gagarin: CPU: 1558.23%, Memory: 969.3MiB / 251.5GiB
practical_gagarin: CPU: 1562.48%, Memory: 1.307GiB / 251.5GiB
practical_gagarin: CPU: 100.27%, Memory: 1.328GiB / 251.5GiB
practical_gagarin: CPU: 101.67%, Memory: 1.328GiB / 251.5GiB
practical_gagarin: CPU: 102.30%, Memory: 1.328GiB / 251.5GiB
practical_gagarin: CPU: 101.39%, Memory: 1.328GiB / 251.5GiB
practical_gagarin: CPU: 101.13%, Memory: 1.328GiB / 251.5GiB
practical_gagarin: CPU: 101.01%, Memory: 1.328GiB / 251.5GiB
practical_gagarin: CPU: 101.32%, Memory: 1.328GiB / 251.5GiB
practical_gagarin: CPU: 99.62%, Memory: 1.328GiB / 251.5GiB
practical_gagarin: CPU: 100.75%, Memory: 1.328GiB / 251.5GiB
practical_gagarin: CPU: 100.15%, Memory: 1.328GiB / 251.5GiB
practical_gagarin: CPU: 100.90%, Memory: 1.328GiB / 251.5GiB
practical_gagarin: CPU: 99.25%, Memory: 1.328GiB / 251.5GiB
practical_gagarin: CPU: 100.44%, Memory: 1.328GiB / 251.5GiB
practical_gagarin: CPU: 100.37%, Memory: 1.328GiB / 251.5GiB
practical_gagarin: CPU: 101.15%, Memory: 1.328GiB / 251.5GiB
practical_gagarin: CPU: 101.01%, Memory: 1.328GiB / 251.5GiB
practical_gagarin: CPU: 101.33%, Memory: 1.328GiB / 251.5GiB
practical_gagarin: CPU: 101.54%, Memory: 1.328GiB / 251.5GiB
practical_gagarin: CPU: 100.65%, Memory: 1.328GiB / 251.5GiB
practical_gagarin: CPU: 99.62%, Memory: 1.328GiB / 251.5GiB
practical_gagarin: CPU: 100.25%, Memory: 1.328GiB / 251.5GiB
practical_gagarin: CPU: 101.00%, Memory: 1.328GiB / 251.5GiB
practical_gagarin: CPU: 101.40%, Memory: 1.328GiB / 251.5GiB
practical_gagarin: CPU: 100.96%, Memory: 1.328GiB / 251.5GiB
practical_gagarin: CPU: 101.03%, Memory: 1.328GiB / 251.5GiB
practical_gagarin: CPU: 99.99%, Memory: 1.328GiB / 251.5GiB
practical_gagarin: CPU: 99.81%, Memory: 1.328GiB / 251.5GiB
practical_gagarin: CPU: 99.87%, Memory: 1.328GiB / 251.5GiB
practical_gagarin: CPU: 100.56%, Memory: 1.328GiB / 251.5GiB
practical_gagarin: CPU: 100.52%, Memory: 1.328GiB / 251.5GiB
practical_gagarin: CPU: 101.20%, Memory: 1.328GiB / 251.5GiB
practical_gagarin: CPU: 100.82%, Memory: 1.328GiB / 251.5GiB
practical_gagarin: CPU: 100.50%, Memory: 1.328GiB / 251.5GiB
practical_gagarin: CPU: 100.33%, Memory: 1.328GiB / 251.5GiB
practical_gagarin: CPU: 99.84%, Memory: 1.328GiB / 251.5GiB
practical_gagarin: CPU: 101.54%, Memory: 1.328GiB / 251.5GiB
practical_gagarin: CPU: 100.81%, Memory: 1.328GiB / 251.5GiB
practical_gagarin: CPU: 101.01%, Memory: 1.328GiB / 251.5GiB
practical_gagarin: CPU: 101.45%, Memory: 1.328GiB / 251.5GiB
practical_gagarin: CPU: 100.77%, Memory: 1.328GiB / 251.5GiB
practical_gagarin: CPU: 99.50%, Memory: 1.328GiB / 251.5GiB
practical_gagarin: CPU: 100.43%, Memory: 1.328GiB / 251.5GiB
practical_gagarin: CPU: 99.68%, Memory: 1.328GiB / 251.5GiB
practical_gagarin: CPU: 99.75%, Memory: 1.328GiB / 251.5GiB
practical_gagarin: CPU: 101.28%, Memory: 1.328GiB / 251.5GiB
practical_gagarin: CPU: 101.28%, Memory: 1.328GiB / 251.5GiB
practical_gagarin: CPU: 100.71%, Memory: 1.328GiB / 251.5GiB
practical_gagarin: CPU: 102.45%, Memory: 1.328GiB / 251.5GiB
practical_gagarin: CPU: 100.39%, Memory: 1.328GiB / 251.5GiB
practical_gagarin: CPU: 100.30%, Memory: 1.328GiB / 251.5GiB
practical_gagarin: CPU: 99.56%, Memory: 1.328GiB / 251.5GiB
practical_gagarin: CPU: 100.84%, Memory: 1.328GiB / 251.5GiB
practical_gagarin: CPU: 102.03%, Memory: 1.328GiB / 251.5GiB
practical_gagarin: CPU: 100.44%, Memory: 1.328GiB / 251.5GiB
practical_gagarin: CPU: 102.04%, Memory: 1.328GiB / 251.5GiB
practical_gagarin: CPU: 100.06%, Memory: 1.328GiB / 251.5GiB
practical_gagarin: CPU: 102.05%, Memory: 1.328GiB / 251.5GiB
practical_gagarin: CPU: 100.65%, Memory: 1.328GiB / 251.5GiB
practical_gagarin: CPU: 100.71%, Memory: 1.328GiB / 251.5GiB
practical_gagarin: CPU: 101.09%, Memory: 1.328GiB / 251.5GiB
practical_gagarin: CPU: 100.37%, Memory: 1.328GiB / 251.5GiB
practical_gagarin: CPU: 100.84%, Memory: 1.328GiB / 251.5GiB
practical_gagarin: CPU: 100.12%, Memory: 1.328GiB / 251.5GiB
practical_gagarin: CPU: 100.52%, Memory: 1.328GiB / 251.5GiB
practical_gagarin: CPU: 101.39%, Memory: 1.328GiB / 251.5GiB
practical_gagarin: CPU: 99.13%, Memory: 1.328GiB / 251.5GiB
practical_gagarin: CPU: 100.46%, Memory: 1.328GiB / 251.5GiB
practical_gagarin: CPU: 99.81%, Memory: 1.328GiB / 251.5GiB
practical_gagarin: CPU: 101.19%, Memory: 1.328GiB / 251.5GiB
practical_gagarin: CPU: 100.82%, Memory: 1.328GiB / 251.5GiB
practical_gagarin: CPU: 101.58%, Memory: 1.328GiB / 251.5GiB
practical_gagarin: CPU: 100.37%, Memory: 1.328GiB / 251.5GiB
practical_gagarin: CPU: 100.69%, Memory: 1.328GiB / 251.5GiB
practical_gagarin: CPU: 101.47%, Memory: 1.328GiB / 251.5GiB
practical_gagarin: CPU: 100.81%, Memory: 1.328GiB / 251.5GiB
practical_gagarin: CPU: 100.37%, Memory: 1.328GiB / 251.5GiB
practical_gagarin: CPU: 100.50%, Memory: 1.328GiB / 251.5GiB
practical_gagarin: CPU: 100.58%, Memory: 1.328GiB / 251.5GiB
practical_gagarin: CPU: 100.59%, Memory: 1.328GiB / 251.5GiB
practical_gagarin: CPU: 99.74%, Memory: 1.328GiB / 251.5GiB
practical_gagarin: CPU: 100.84%, Memory: 1.328GiB / 251.5GiB
practical_gagarin: CPU: 101.02%, Memory: 1.328GiB / 251.5GiB
practical_gagarin: CPU: 100.62%, Memory: 1.328GiB / 251.5GiB
practical_gagarin: CPU: 100.69%, Memory: 1.328GiB / 251.5GiB
practical_gagarin: CPU: 100.90%, Memory: 1.328GiB / 251.5GiB
practical_gagarin: CPU: 101.15%, Memory: 1.328GiB / 251.5GiB
practical_gagarin: CPU: 101.47%, Memory: 1.328GiB / 251.5GiB
practical_gagarin: CPU: 99.50%, Memory: 1.328GiB / 251.5GiB
practical_gagarin: CPU: 100.33%, Memory: 1.328GiB / 251.5GiB
practical_gagarin: CPU: 101.13%, Memory: 1.328GiB / 251.5GiB
practical_gagarin: CPU: 99.12%, Memory: 1.328GiB / 251.5GiB
practical_gagarin: CPU: 99.56%, Memory: 1.328GiB / 251.5GiB
practical_gagarin: CPU: 100.24%, Memory: 1.328GiB / 251.5GiB
practical_gagarin: CPU: 100.43%, Memory: 1.328GiB / 251.5GiB
practical_gagarin: CPU: 101.00%, Memory: 1.328GiB / 251.5GiB
practical_gagarin: CPU: 101.13%, Memory: 1.328GiB / 251.5GiB
practical_gagarin: CPU: 100.82%, Memory: 1.328GiB / 251.5GiB
practical_gagarin: CPU: 101.13%, Memory: 1.328GiB / 251.5GiB
practical_gagarin: CPU: 100.68%, Memory: 1.328GiB / 251.5GiB
practical_gagarin: CPU: 100.50%, Memory: 1.328GiB / 251.5GiB
practical_gagarin: CPU: 98.40%, Memory: 1.328GiB / 251.5GiB
practical_gagarin: CPU: 101.60%, Memory: 1.328GiB / 251.5GiB
practical_gagarin: CPU: 101.67%, Memory: 1.328GiB / 251.5GiB
practical_gagarin: CPU: 101.33%, Memory: 1.328GiB / 251.5GiB
practical_gagarin: CPU: 100.81%, Memory: 1.328GiB / 251.5GiB
practical_gagarin: CPU: 100.37%, Memory: 1.328GiB / 251.5GiB
practical_gagarin: CPU: 100.52%, Memory: 1.328GiB / 251.5GiB
practical_gagarin: CPU: 101.73%, Memory: 1.328GiB / 251.5GiB
practical_gagarin: CPU: 99.81%, Memory: 1.328GiB / 251.5GiB
practical_gagarin: CPU: 100.96%, Memory: 1.328GiB / 251.5GiB
practical_gagarin: CPU: 99.99%, Memory: 1.328GiB / 251.5GiB
practical_gagarin: CPU: 100.08%, Memory: 1.328GiB / 251.5GiB
practical_gagarin: CPU: 99.56%, Memory: 1.328GiB / 251.5GiB
practical_gagarin: CPU: 101.47%, Memory: 1.328GiB / 251.5GiB
practical_gagarin: CPU: 100.96%, Memory: 1.328GiB / 251.5GiB
practical_gagarin: CPU: 100.25%, Memory: 1.328GiB / 251.5GiB
practical_gagarin: CPU: 100.06%, Memory: 1.328GiB / 251.5GiB
practical_gagarin: CPU: 100.24%, Memory: 1.328GiB / 251.5GiB
practical_gagarin: CPU: 99.77%, Memory: 1.328GiB / 251.5GiB
practical_gagarin: CPU: 99.93%, Memory: 1.328GiB / 251.5GiB
practical_gagarin: CPU: 101.52%, Memory: 1.328GiB / 251.5GiB
practical_gagarin: CPU: 99.90%, Memory: 1.328GiB / 251.5GiB
practical_gagarin: CPU: 101.90%, Memory: 1.328GiB / 251.5GiB
practical_gagarin: CPU: 101.53%, Memory: 1.328GiB / 251.5GiB
practical_gagarin: CPU: 100.56%, Memory: 1.328GiB / 251.5GiB
practical_gagarin: CPU: 101.46%, Memory: 1.328GiB / 251.5GiB
practical_gagarin: CPU: 101.67%, Memory: 1.328GiB / 251.5GiB
practical_gagarin: CPU: 101.01%, Memory: 1.328GiB / 251.5GiB
practical_gagarin: CPU: 101.07%, Memory: 1.328GiB / 251.5GiB
practical_gagarin: CPU: 100.40%, Memory: 1.328GiB / 251.5GiB
practical_gagarin: CPU: 100.52%, Memory: 1.328GiB / 251.5GiB
practical_gagarin: CPU: 100.37%, Memory: 1.328GiB / 251.5GiB
practical_gagarin: CPU: 100.40%, Memory: 1.328GiB / 251.5GiB
practical_gagarin: CPU: 99.77%, Memory: 1.328GiB / 251.5GiB
practical_gagarin: CPU: 99.75%, Memory: 1.328GiB / 251.5GiB
practical_gagarin: CPU: 101.13%, Memory: 1.328GiB / 251.5GiB
practical_gagarin: CPU: 100.94%, Memory: 1.328GiB / 251.5GiB
practical_gagarin: CPU: 99.53%, Memory: 1.328GiB / 251.5GiB
practical_gagarin: CPU: 100.84%, Memory: 1.328GiB / 251.5GiB
practical_gagarin: CPU: 100.94%, Memory: 1.328GiB / 251.5GiB
practical_gagarin: CPU: 101.67%, Memory: 1.328GiB / 251.5GiB
practical_gagarin: CPU: 101.99%, Memory: 1.328GiB / 251.5GiB
practical_gagarin: CPU: 100.96%, Memory: 1.328GiB / 251.5GiB
practical_gagarin: CPU: 101.35%, Memory: 1.328GiB / 251.5GiB
practical_gagarin: CPU: 99.50%, Memory: 1.328GiB / 251.5GiB
practical_gagarin: CPU: 100.25%, Memory: 1.328GiB / 251.5GiB
practical_gagarin: CPU: 101.39%, Memory: 1.328GiB / 251.5GiB
practical_gagarin: CPU: 99.49%, Memory: 1.328GiB / 251.5GiB
practical_gagarin: CPU: 101.07%, Memory: 1.328GiB / 251.5GiB
practical_gagarin: CPU: 99.62%, Memory: 1.328GiB / 251.5GiB
practical_gagarin: CPU: 100.81%, Memory: 1.328GiB / 251.5GiB
practical_gagarin: CPU: 99.13%, Memory: 1.328GiB / 251.5GiB
practical_gagarin: CPU: 101.13%, Memory: 1.328GiB / 251.5GiB
practical_gagarin: CPU: 101.65%, Memory: 1.328GiB / 251.5GiB
practical_gagarin: CPU: 100.25%, Memory: 1.328GiB / 251.5GiB
practical_gagarin: CPU: 101.91%, Memory: 1.328GiB / 251.5GiB
practical_gagarin: CPU: 100.82%, Memory: 1.328GiB / 251.5GiB
practical_gagarin: CPU: 99.86%, Memory: 1.328GiB / 251.5GiB
practical_gagarin: CPU: 101.92%, Memory: 1.328GiB / 251.5GiB
practical_gagarin: CPU: 100.65%, Memory: 1.328GiB / 251.5GiB
practical_gagarin: CPU: 101.03%, Memory: 1.328GiB / 251.5GiB
practical_gagarin: CPU: 101.39%, Memory: 1.328GiB / 251.5GiB
practical_gagarin: CPU: 101.22%, Memory: 1.328GiB / 251.5GiB
practical_gagarin: CPU: 101.67%, Memory: 1.328GiB / 251.5GiB
practical_gagarin: CPU: 101.60%, Memory: 1.328GiB / 251.5GiB
practical_gagarin: CPU: 102.25%, Memory: 1.328GiB / 251.5GiB
practical_gagarin: CPU: 100.69%, Memory: 1.328GiB / 251.5GiB
practical_gagarin: CPU: 100.82%, Memory: 1.328GiB / 251.5GiB
practical_gagarin: CPU: 100.15%, Memory: 1.328GiB / 251.5GiB
practical_gagarin: CPU: 100.14%, Memory: 1.328GiB / 251.5GiB
practical_gagarin: CPU: 100.52%, Memory: 1.328GiB / 251.5GiB
practical_gagarin: CPU: 100.69%, Memory: 1.328GiB / 251.5GiB
practical_gagarin: CPU: 100.84%, Memory: 1.328GiB / 251.5GiB
practical_gagarin: CPU: 101.07%, Memory: 1.328GiB / 251.5GiB
practical_gagarin: CPU: 101.67%, Memory: 1.328GiB / 251.5GiB
practical_gagarin: CPU: 101.33%, Memory: 1.328GiB / 251.5GiB
practical_gagarin: CPU: 100.37%, Memory: 1.328GiB / 251.5GiB
practical_gagarin: CPU: 100.43%, Memory: 1.328GiB / 251.5GiB
practical_gagarin: CPU: 101.26%, Memory: 1.328GiB / 251.5GiB
practical_gagarin: CPU: 101.97%, Memory: 1.328GiB / 251.5GiB
practical_gagarin: CPU: 99.93%, Memory: 1.328GiB / 251.5GiB
practical_gagarin: CPU: 100.15%, Memory: 1.328GiB / 251.5GiB
practical_gagarin: CPU: 100.50%, Memory: 1.328GiB / 251.5GiB
practical_gagarin: CPU: 101.03%, Memory: 1.328GiB / 251.5GiB
practical_gagarin: CPU: 99.90%, Memory: 1.328GiB / 251.5GiB
practical_gagarin: CPU: 102.77%, Memory: 1.328GiB / 251.5GiB
practical_gagarin: CPU: 100.62%, Memory: 1.328GiB / 251.5GiB
practical_gagarin: CPU: 101.09%, Memory: 1.328GiB / 251.5GiB
practical_gagarin: CPU: 100.40%, Memory: 1.328GiB / 251.5GiB
practical_gagarin: CPU: 100.06%, Memory: 1.328GiB / 251.5GiB
practical_gagarin: CPU: 101.28%, Memory: 1.328GiB / 251.5GiB
practical_gagarin: CPU: 99.44%, Memory: 1.328GiB / 251.5GiB
practical_gagarin: CPU: 100.96%, Memory: 1.328GiB / 251.5GiB
practical_gagarin: CPU: 101.01%, Memory: 1.328GiB / 251.5GiB
practical_gagarin: CPU: 100.05%, Memory: 1.328GiB / 251.5GiB
practical_gagarin: CPU: 100.37%, Memory: 1.328GiB / 251.5GiB
practical_gagarin: CPU: 100.44%, Memory: 1.328GiB / 251.5GiB
practical_gagarin: CPU: 99.68%, Memory: 1.328GiB / 251.5GiB
practical_gagarin: CPU: 101.09%, Memory: 1.328GiB / 251.5GiB
practical_gagarin: CPU: 101.22%, Memory: 1.328GiB / 251.5GiB
practical_gagarin: CPU: 101.60%, Memory: 1.328GiB / 251.5GiB
practical_gagarin: CPU: 100.71%, Memory: 1.328GiB / 251.5GiB
practical_gagarin: CPU: 100.19%, Memory: 1.328GiB / 251.5GiB
practical_gagarin: CPU: 101.13%, Memory: 1.328GiB / 251.5GiB
practical_gagarin: CPU: 101.15%, Memory: 1.328GiB / 251.5GiB
practical_gagarin: CPU: 101.33%, Memory: 1.328GiB / 251.5GiB
practical_gagarin: CPU: 99.93%, Memory: 1.328GiB / 251.5GiB
practical_gagarin: CPU: 101.07%, Memory: 1.328GiB / 251.5GiB
practical_gagarin: CPU: 99.75%, Memory: 1.328GiB / 251.5GiB
practical_gagarin: CPU: 101.35%, Memory: 1.328GiB / 251.5GiB
practical_gagarin: CPU: 100.31%, Memory: 1.328GiB / 251.5GiB
practical_gagarin: CPU: 101.22%, Memory: 1.328GiB / 251.5GiB
practical_gagarin: CPU: 99.50%, Memory: 1.328GiB / 251.5GiB
practical_gagarin: CPU: 102.06%, Memory: 1.328GiB / 251.5GiB
practical_gagarin: CPU: 100.52%, Memory: 1.328GiB / 251.5GiB
practical_gagarin: CPU: 99.52%, Memory: 1.328GiB / 251.5GiB
practical_gagarin: CPU: 98.85%, Memory: 1.328GiB / 251.5GiB
practical_gagarin: CPU: 99.19%, Memory: 1.328GiB / 251.5GiB
practical_gagarin: CPU: 100.40%, Memory: 1.328GiB / 251.5GiB
practical_gagarin: CPU: 101.54%, Memory: 1.328GiB / 251.5GiB
practical_gagarin: CPU: 101.13%, Memory: 1.328GiB / 251.5GiB
practical_gagarin: CPU: 100.58%, Memory: 1.328GiB / 251.5GiB
practical_gagarin: CPU: 100.52%, Memory: 1.328GiB / 251.5GiB
practical_gagarin: CPU: 101.47%, Memory: 1.328GiB / 251.5GiB
practical_gagarin: CPU: 101.26%, Memory: 1.328GiB / 251.5GiB
practical_gagarin: CPU: 101.71%, Memory: 1.328GiB / 251.5GiB
practical_gagarin: CPU: 99.93%, Memory: 1.328GiB / 251.5GiB
practical_gagarin: CPU: 99.59%, Memory: 1.328GiB / 251.5GiB
practical_gagarin: CPU: 99.31%, Memory: 1.328GiB / 251.5GiB
practical_gagarin: CPU: 99.13%, Memory: 1.328GiB / 251.5GiB
practical_gagarin: CPU: 100.12%, Memory: 1.328GiB / 251.5GiB
practical_gagarin: CPU: 101.41%, Memory: 1.328GiB / 251.5GiB
practical_gagarin: CPU: 99.87%, Memory: 1.328GiB / 251.5GiB
practical_gagarin: CPU: 100.77%, Memory: 1.328GiB / 251.5GiB
practical_gagarin: CPU: 100.77%, Memory: 1.328GiB / 251.5GiB
practical_gagarin: CPU: 101.48%, Memory: 1.328GiB / 251.5GiB
practical_gagarin: CPU: 100.90%, Memory: 1.328GiB / 251.5GiB
practical_gagarin: CPU: 100.58%, Memory: 1.328GiB / 251.5GiB
practical_gagarin: CPU: 100.63%, Memory: 1.328GiB / 251.5GiB
practical_gagarin: CPU: 100.69%, Memory: 1.328GiB / 251.5GiB
practical_gagarin: CPU: 100.50%, Memory: 1.328GiB / 251.5GiB
practical_gagarin: CPU: 100.00%, Memory: 1.328GiB / 251.5GiB
practical_gagarin: CPU: 101.13%, Memory: 1.328GiB / 251.5GiB
practical_gagarin: CPU: 102.25%, Memory: 1.328GiB / 251.5GiB
practical_gagarin: CPU: 100.88%, Memory: 1.328GiB / 251.5GiB
practical_gagarin: CPU: 100.75%, Memory: 1.328GiB / 251.5GiB
practical_gagarin: CPU: 101.16%, Memory: 1.328GiB / 251.5GiB
practical_gagarin: CPU: 100.12%, Memory: 1.328GiB / 251.5GiB
practical_gagarin: CPU: 99.96%, Memory: 1.328GiB / 251.5GiB
practical_gagarin: CPU: 101.28%, Memory: 1.328GiB / 251.5GiB
practical_gagarin: CPU: 100.37%, Memory: 1.328GiB / 251.5GiB
practical_gagarin: CPU: 100.00%, Memory: 1.328GiB / 251.5GiB
practical_gagarin: CPU: 100.02%, Memory: 1.328GiB / 251.5GiB
practical_gagarin: CPU: 100.31%, Memory: 1.328GiB / 251.5GiB
practical_gagarin: CPU: 100.46%, Memory: 1.328GiB / 251.5GiB
practical_gagarin: CPU: 100.84%, Memory: 1.328GiB / 251.5GiB
practical_gagarin: CPU: 100.58%, Memory: 1.328GiB / 251.5GiB
practical_gagarin: CPU: 99.75%, Memory: 1.328GiB / 251.5GiB
practical_gagarin: CPU: 102.38%, Memory: 1.328GiB / 251.5GiB
practical_gagarin: CPU: 102.10%, Memory: 1.328GiB / 251.5GiB
practical_gagarin: CPU: 101.20%, Memory: 1.328GiB / 251.5GiB
practical_gagarin: CPU: 99.74%, Memory: 1.328GiB / 251.5GiB
practical_gagarin: CPU: 101.01%, Memory: 1.328GiB / 251.5GiB
practical_gagarin: CPU: 100.06%, Memory: 1.328GiB / 251.5GiB
practical_gagarin: CPU: 100.30%, Memory: 1.328GiB / 251.5GiB
practical_gagarin: CPU: 99.96%, Memory: 1.328GiB / 251.5GiB
practical_gagarin: CPU: 101.80%, Memory: 1.328GiB / 251.5GiB
practical_gagarin: CPU: 101.45%, Memory: 1.328GiB / 251.5GiB
practical_gagarin: CPU: 100.14%, Memory: 1.328GiB / 251.5GiB
practical_gagarin: CPU: 100.50%, Memory: 1.328GiB / 251.5GiB
practical_gagarin: CPU: 101.03%, Memory: 1.328GiB / 251.5GiB
practical_gagarin: CPU: 101.13%, Memory: 1.328GiB / 251.5GiB
practical_gagarin: CPU: 100.37%, Memory: 1.328GiB / 251.5GiB
practical_gagarin: CPU: 101.78%, Memory: 1.328GiB / 251.5GiB
practical_gagarin: CPU: 100.88%, Memory: 1.328GiB / 251.5GiB
practical_gagarin: CPU: 100.43%, Memory: 1.328GiB / 251.5GiB
practical_gagarin: CPU: 101.52%, Memory: 1.328GiB / 251.5GiB
practical_gagarin: CPU: 99.68%, Memory: 1.328GiB / 251.5GiB
practical_gagarin: CPU: 100.71%, Memory: 1.328GiB / 251.5GiB
practical_gagarin: CPU: 101.67%, Memory: 1.328GiB / 251.5GiB
practical_gagarin: CPU: 102.77%, Memory: 1.328GiB / 251.5GiB
practical_gagarin: CPU: 101.39%, Memory: 1.328GiB / 251.5GiB
practical_gagarin: CPU: 101.34%, Memory: 1.328GiB / 251.5GiB
practical_gagarin: CPU: 100.44%, Memory: 1.328GiB / 251.5GiB
practical_gagarin: CPU: 101.16%, Memory: 1.328GiB / 251.5GiB
practical_gagarin: CPU: 100.65%, Memory: 1.328GiB / 251.5GiB
practical_gagarin: CPU: 100.69%, Memory: 1.328GiB / 251.5GiB
practical_gagarin: CPU: 100.06%, Memory: 1.328GiB / 251.5GiB
practical_gagarin: CPU: 101.26%, Memory: 1.328GiB / 251.5GiB
practical_gagarin: CPU: 100.56%, Memory: 1.328GiB / 251.5GiB
practical_gagarin: CPU: 101.52%, Memory: 1.328GiB / 251.5GiB
practical_gagarin: CPU: 99.83%, Memory: 1.328GiB / 251.5GiB
practical_gagarin: CPU: 100.49%, Memory: 1.328GiB / 251.5GiB
practical_gagarin: CPU: 100.62%, Memory: 1.328GiB / 251.5GiB
practical_gagarin: CPU: 100.81%, Memory: 1.328GiB / 251.5GiB
practical_gagarin: CPU: 101.09%, Memory: 1.328GiB / 251.5GiB
practical_gagarin: CPU: 100.69%, Memory: 1.328GiB / 251.5GiB
practical_gagarin: CPU: 99.93%, Memory: 1.328GiB / 251.5GiB
practical_gagarin: CPU: 100.52%, Memory: 1.328GiB / 251.5GiB
practical_gagarin: CPU: 99.81%, Memory: 1.328GiB / 251.5GiB
practical_gagarin: CPU: 102.18%, Memory: 1.328GiB / 251.5GiB
practical_gagarin: CPU: 99.68%, Memory: 1.328GiB / 251.5GiB
practical_gagarin: CPU: 102.64%, Memory: 1.328GiB / 251.5GiB
practical_gagarin: CPU: 100.75%, Memory: 1.328GiB / 251.5GiB
practical_gagarin: CPU: 101.07%, Memory: 1.328GiB / 251.5GiB
practical_gagarin: CPU: 100.31%, Memory: 1.328GiB / 251.5GiB
practical_gagarin: CPU: 100.43%, Memory: 1.328GiB / 251.5GiB
practical_gagarin: CPU: 100.18%, Memory: 1.328GiB / 251.5GiB
practical_gagarin: CPU: 99.19%, Memory: 1.328GiB / 251.5GiB
practical_gagarin: CPU: 101.01%, Memory: 1.328GiB / 251.5GiB
practical_gagarin: CPU: 99.81%, Memory: 1.328GiB / 251.5GiB
practical_gagarin: CPU: 100.15%, Memory: 1.328GiB / 251.5GiB
practical_gagarin: CPU: 100.25%, Memory: 1.328GiB / 251.5GiB
practical_gagarin: CPU: 100.31%, Memory: 1.328GiB / 251.5GiB
practical_gagarin: CPU: 99.75%, Memory: 1.328GiB / 251.5GiB
practical_gagarin: CPU: 100.75%, Memory: 1.328GiB / 251.5GiB
practical_gagarin: CPU: 100.06%, Memory: 1.328GiB / 251.5GiB
practical_gagarin: CPU: 101.28%, Memory: 1.328GiB / 251.5GiB
practical_gagarin: CPU: 99.59%, Memory: 1.328GiB / 251.5GiB
practical_gagarin: CPU: 100.08%, Memory: 1.328GiB / 251.5GiB
practical_gagarin: CPU: 101.13%, Memory: 1.328GiB / 251.5GiB
practical_gagarin: CPU: 99.81%, Memory: 1.328GiB / 251.5GiB
practical_gagarin: CPU: 101.41%, Memory: 1.328GiB / 251.5GiB
practical_gagarin: CPU: 99.69%, Memory: 1.328GiB / 251.5GiB
practical_gagarin: CPU: 100.52%, Memory: 1.328GiB / 251.5GiB
practical_gagarin: CPU: 100.84%, Memory: 1.328GiB / 251.5GiB
practical_gagarin: CPU: 101.09%, Memory: 1.328GiB / 251.5GiB
practical_gagarin: CPU: 100.18%, Memory: 1.328GiB / 251.5GiB
practical_gagarin: CPU: 100.69%, Memory: 1.328GiB / 251.5GiB
practical_gagarin: CPU: 100.75%, Memory: 1.328GiB / 251.5GiB
practical_gagarin: CPU: 100.46%, Memory: 1.328GiB / 251.5GiB
practical_gagarin: CPU: 101.39%, Memory: 1.328GiB / 251.5GiB
practical_gagarin: CPU: 100.71%, Memory: 1.328GiB / 251.5GiB
practical_gagarin: CPU: 100.02%, Memory: 1.328GiB / 251.5GiB
practical_gagarin: CPU: 100.08%, Memory: 1.328GiB / 251.5GiB
practical_gagarin: CPU: 101.86%, Memory: 1.328GiB / 251.5GiB
practical_gagarin: CPU: 101.73%, Memory: 1.328GiB / 251.5GiB
practical_gagarin: CPU: 100.06%, Memory: 1.328GiB / 251.5GiB
practical_gagarin: CPU: 100.18%, Memory: 1.328GiB / 251.5GiB
practical_gagarin: CPU: 100.21%, Memory: 1.328GiB / 251.5GiB
practical_gagarin: CPU: 101.97%, Memory: 1.328GiB / 251.5GiB
practical_gagarin: CPU: 102.71%, Memory: 1.328GiB / 251.5GiB
practical_gagarin: CPU: 101.48%, Memory: 1.328GiB / 251.5GiB
practical_gagarin: CPU: 101.77%, Memory: 1.328GiB / 251.5GiB
practical_gagarin: CPU: 100.82%, Memory: 1.328GiB / 251.5GiB
practical_gagarin: CPU: 100.15%, Memory: 1.328GiB / 251.5GiB
practical_gagarin: CPU: 101.00%, Memory: 1.328GiB / 251.5GiB
practical_gagarin: CPU: 100.40%, Memory: 1.328GiB / 251.5GiB
practical_gagarin: CPU: 100.94%, Memory: 1.328GiB / 251.5GiB
practical_gagarin: CPU: 100.75%, Memory: 1.328GiB / 251.5GiB
practical_gagarin: CPU: 100.18%, Memory: 1.328GiB / 251.5GiB
practical_gagarin: CPU: 100.96%, Memory: 1.328GiB / 251.5GiB
practical_gagarin: CPU: 100.58%, Memory: 1.328GiB / 251.5GiB
practical_gagarin: CPU: 101.26%, Memory: 1.328GiB / 251.5GiB
practical_gagarin: CPU: 101.52%, Memory: 1.328GiB / 251.5GiB
practical_gagarin: CPU: 99.13%, Memory: 1.328GiB / 251.5GiB
practical_gagarin: CPU: 100.81%, Memory: 1.328GiB / 251.5GiB
practical_gagarin: CPU: 102.12%, Memory: 1.328GiB / 251.5GiB
practical_gagarin: CPU: 100.84%, Memory: 1.328GiB / 251.5GiB
practical_gagarin: CPU: 100.75%, Memory: 1.328GiB / 251.5GiB
practical_gagarin: CPU: 100.50%, Memory: 1.328GiB / 251.5GiB
practical_gagarin: CPU: 100.44%, Memory: 1.328GiB / 251.5GiB
practical_gagarin: CPU: 101.34%, Memory: 1.328GiB / 251.5GiB
practical_gagarin: CPU: 99.50%, Memory: 1.328GiB / 251.5GiB
practical_gagarin: CPU: 100.69%, Memory: 1.328GiB / 251.5GiB
practical_gagarin: CPU: 100.62%, Memory: 1.328GiB / 251.5GiB
practical_gagarin: CPU: 101.20%, Memory: 1.328GiB / 251.5GiB
practical_gagarin: CPU: 100.12%, Memory: 1.328GiB / 251.5GiB
practical_gagarin: CPU: 100.18%, Memory: 1.328GiB / 251.5GiB
practical_gagarin: CPU: 100.21%, Memory: 1.328GiB / 251.5GiB
practical_gagarin: CPU: 100.49%, Memory: 1.328GiB / 251.5GiB
practical_gagarin: CPU: 101.03%, Memory: 1.328GiB / 251.5GiB
practical_gagarin: CPU: 100.52%, Memory: 1.328GiB / 251.5GiB
practical_gagarin: CPU: 100.58%, Memory: 1.328GiB / 251.5GiB
practical_gagarin: CPU: 99.83%, Memory: 1.328GiB / 251.5GiB
practical_gagarin: CPU: 99.01%, Memory: 1.328GiB / 251.5GiB
practical_gagarin: CPU: 101.78%, Memory: 1.328GiB / 251.5GiB
practical_gagarin: CPU: 100.06%, Memory: 1.328GiB / 251.5GiB
practical_gagarin: CPU: 100.30%, Memory: 1.328GiB / 251.5GiB
practical_gagarin: CPU: 99.87%, Memory: 1.328GiB / 251.5GiB
practical_gagarin: CPU: 100.81%, Memory: 1.328GiB / 251.5GiB
practical_gagarin: CPU: 101.07%, Memory: 1.328GiB / 251.5GiB
practical_gagarin: CPU: 101.16%, Memory: 1.328GiB / 251.5GiB
practical_gagarin: CPU: 99.25%, Memory: 1.328GiB / 251.5GiB
practical_gagarin: CPU: 100.94%, Memory: 1.328GiB / 251.5GiB
practical_gagarin: CPU: 100.69%, Memory: 1.328GiB / 251.5GiB
practical_gagarin: CPU: 100.33%, Memory: 1.328GiB / 251.5GiB
practical_gagarin: CPU: 100.84%, Memory: 1.328GiB / 251.5GiB
practical_gagarin: CPU: 102.32%, Memory: 1.328GiB / 251.5GiB
practical_gagarin: CPU: 99.50%, Memory: 1.328GiB / 251.5GiB
practical_gagarin: CPU: 100.90%, Memory: 1.328GiB / 251.5GiB
practical_gagarin: CPU: 100.56%, Memory: 1.328GiB / 251.5GiB
practical_gagarin: CPU: 100.62%, Memory: 1.328GiB / 251.5GiB
practical_gagarin: CPU: 101.39%, Memory: 1.328GiB / 251.5GiB
practical_gagarin: CPU: 100.24%, Memory: 1.328GiB / 251.5GiB
practical_gagarin: CPU: 102.18%, Memory: 1.328GiB / 251.5GiB
practical_gagarin: CPU: 101.84%, Memory: 1.328GiB / 251.5GiB
practical_gagarin: CPU: 101.86%, Memory: 1.328GiB / 251.5GiB
practical_gagarin: CPU: 100.25%, Memory: 1.328GiB / 251.5GiB
practical_gagarin: CPU: 100.37%, Memory: 1.328GiB / 251.5GiB
practical_gagarin: CPU: 99.62%, Memory: 1.328GiB / 251.5GiB
practical_gagarin: CPU: 101.16%, Memory: 1.328GiB / 251.5GiB
practical_gagarin: CPU: 100.65%, Memory: 1.328GiB / 251.5GiB
practical_gagarin: CPU: 101.00%, Memory: 1.328GiB / 251.5GiB
practical_gagarin: CPU: 101.78%, Memory: 1.328GiB / 251.5GiB
practical_gagarin: CPU: 100.12%, Memory: 1.328GiB / 251.5GiB
practical_gagarin: CPU: 101.14%, Memory: 1.328GiB / 251.5GiB
practical_gagarin: CPU: 100.08%, Memory: 1.328GiB / 251.5GiB
practical_gagarin: CPU: 1119.41%, Memory: 785.4MiB / 251.5GiB
practical_gagarin: CPU: 1565.04%, Memory: 785.4MiB / 251.5GiB
practical_gagarin: CPU: 1556.77%, Memory: 785.4MiB / 251.5GiB
practical_gagarin: CPU: 1566.50%, Memory: 785.4MiB / 251.5GiB
practical_gagarin: CPU: 1589.44%, Memory: 785.4MiB / 251.5GiB
practical_gagarin: CPU: 1589.21%, Memory: 785.4MiB / 251.5GiB
practical_gagarin: CPU: 1583.15%, Memory: 785.4MiB / 251.5GiB
practical_gagarin: CPU: 1584.46%, Memory: 785.4MiB / 251.5GiB
practical_gagarin: CPU: 1578.38%, Memory: 785.4MiB / 251.5GiB
practical_gagarin: CPU: 1590.18%, Memory: 785.4MiB / 251.5GiB
practical_gagarin: CPU: 1586.94%, Memory: 785.4MiB / 251.5GiB
practical_gagarin: CPU: 1580.73%, Memory: 785.4MiB / 251.5GiB
practical_gagarin: CPU: 1587.29%, Memory: 785.4MiB / 251.5GiB
practical_gagarin: CPU: 1590.05%, Memory: 785.4MiB / 251.5GiB
practical_gagarin: CPU: 1588.68%, Memory: 785.4MiB / 251.5GiB
practical_gagarin: CPU: 1552.43%, Memory: 785.4MiB / 251.5GiB
practical_gagarin: CPU: 1590.49%, Memory: 785.4MiB / 251.5GiB
practical_gagarin: CPU: 1582.76%, Memory: 785.4MiB / 251.5GiB
practical_gagarin: CPU: 1584.53%, Memory: 785.4MiB / 251.5GiB
practical_gagarin: CPU: 1586.83%, Memory: 785.4MiB / 251.5GiB
practical_gagarin: CPU: 1550.18%, Memory: 785.4MiB / 251.5GiB
practical_gagarin: CPU: 1583.05%, Memory: 785.4MiB / 251.5GiB
practical_gagarin: CPU: 1587.97%, Memory: 785.4MiB / 251.5GiB
practical_gagarin: CPU: 1585.21%, Memory: 785.4MiB / 251.5GiB
practical_gagarin: CPU: 1589.68%, Memory: 785.4MiB / 251.5GiB
practical_gagarin: CPU: 1491.44%, Memory: 785.4MiB / 251.5GiB
practical_gagarin: CPU: 1580.69%, Memory: 785.4MiB / 251.5GiB
practical_gagarin: CPU: 1552.55%, Memory: 785.4MiB / 251.5GiB
practical_gagarin: CPU: 1491.16%, Memory: 785.4MiB / 251.5GiB
practical_gagarin: CPU: 1570.08%, Memory: 785.4MiB / 251.5GiB
practical_gagarin: CPU: 1535.63%, Memory: 785.4MiB / 251.5GiB
practical_gagarin: CPU: 1565.07%, Memory: 785.4MiB / 251.5GiB
practical_gagarin: CPU: 1566.53%, Memory: 785.4MiB / 251.5GiB
practical_gagarin: CPU: 1543.36%, Memory: 785.4MiB / 251.5GiB
practical_gagarin: CPU: 1556.40%, Memory: 785.4MiB / 251.5GiB
practical_gagarin: CPU: 1556.39%, Memory: 785.4MiB / 251.5GiB
practical_gagarin: CPU: 1559.90%, Memory: 785.4MiB / 251.5GiB
practical_gagarin: CPU: 1497.17%, Memory: 785.4MiB / 251.5GiB
practical_gagarin: CPU: 1489.32%, Memory: 785.4MiB / 251.5GiB
practical_gagarin: CPU: 1501.60%, Memory: 785.4MiB / 251.5GiB
practical_gagarin: CPU: 1500.40%, Memory: 785.4MiB / 251.5GiB
practical_gagarin: CPU: 1400.91%, Memory: 785.4MiB / 251.5GiB
practical_gagarin: CPU: 1208.48%, Memory: 785.4MiB / 251.5GiB
practical_gagarin: CPU: 371.06%, Memory: 785.4MiB / 251.5GiB
epic_colden: CPU: 100.37%, Memory: 193.7MiB / 251.5GiB
epic_colden: CPU: 102.44%, Memory: 416.9MiB / 251.5GiB
epic_colden: CPU: 1562.80%, Memory: 964.3MiB / 251.5GiB
epic_colden: CPU: 1555.27%, Memory: 965.6MiB / 251.5GiB
epic_colden: CPU: 1558.44%, Memory: 966MiB / 251.5GiB
epic_colden: CPU: 1558.37%, Memory: 967.4MiB / 251.5GiB
epic_colden: CPU: 1556.11%, Memory: 969.7MiB / 251.5GiB
epic_colden: CPU: 1553.78%, Memory: 1.323GiB / 251.5GiB
epic_colden: CPU: 99.93%, Memory: 1.328GiB / 251.5GiB
epic_colden: CPU: 100.82%, Memory: 1.328GiB / 251.5GiB
epic_colden: CPU: 100.46%, Memory: 1.328GiB / 251.5GiB
epic_colden: CPU: 100.77%, Memory: 1.328GiB / 251.5GiB
epic_colden: CPU: 100.27%, Memory: 1.328GiB / 251.5GiB
epic_colden: CPU: 101.15%, Memory: 1.328GiB / 251.5GiB
epic_colden: CPU: 101.60%, Memory: 1.328GiB / 251.5GiB
epic_colden: CPU: 100.56%, Memory: 1.328GiB / 251.5GiB
epic_colden: CPU: 99.43%, Memory: 1.328GiB / 251.5GiB
epic_colden: CPU: 101.67%, Memory: 1.328GiB / 251.5GiB
epic_colden: CPU: 101.13%, Memory: 1.328GiB / 251.5GiB
epic_colden: CPU: 100.69%, Memory: 1.328GiB / 251.5GiB
epic_colden: CPU: 101.01%, Memory: 1.328GiB / 251.5GiB
epic_colden: CPU: 98.58%, Memory: 1.328GiB / 251.5GiB
epic_colden: CPU: 100.15%, Memory: 1.328GiB / 251.5GiB
epic_colden: CPU: 100.18%, Memory: 1.328GiB / 251.5GiB
epic_colden: CPU: 100.90%, Memory: 1.328GiB / 251.5GiB
epic_colden: CPU: 99.31%, Memory: 1.328GiB / 251.5GiB
epic_colden: CPU: 100.69%, Memory: 1.328GiB / 251.5GiB
epic_colden: CPU: 100.12%, Memory: 1.328GiB / 251.5GiB
epic_colden: CPU: 100.50%, Memory: 1.328GiB / 251.5GiB
epic_colden: CPU: 100.78%, Memory: 1.328GiB / 251.5GiB
epic_colden: CPU: 100.77%, Memory: 1.328GiB / 251.5GiB
epic_colden: CPU: 100.44%, Memory: 1.328GiB / 251.5GiB
epic_colden: CPU: 101.41%, Memory: 1.328GiB / 251.5GiB
epic_colden: CPU: 101.20%, Memory: 1.328GiB / 251.5GiB
epic_colden: CPU: 100.25%, Memory: 1.328GiB / 251.5GiB
epic_colden: CPU: 101.52%, Memory: 1.328GiB / 251.5GiB
epic_colden: CPU: 100.62%, Memory: 1.328GiB / 251.5GiB
epic_colden: CPU: 100.06%, Memory: 1.328GiB / 251.5GiB
epic_colden: CPU: 100.06%, Memory: 1.328GiB / 251.5GiB
epic_colden: CPU: 100.59%, Memory: 1.328GiB / 251.5GiB
epic_colden: CPU: 101.03%, Memory: 1.328GiB / 251.5GiB
epic_colden: CPU: 99.25%, Memory: 1.328GiB / 251.5GiB
epic_colden: CPU: 99.46%, Memory: 1.328GiB / 251.5GiB
epic_colden: CPU: 100.65%, Memory: 1.328GiB / 251.5GiB
epic_colden: CPU: 100.31%, Memory: 1.328GiB / 251.5GiB
epic_colden: CPU: 100.31%, Memory: 1.328GiB / 251.5GiB
epic_colden: CPU: 100.96%, Memory: 1.328GiB / 251.5GiB
epic_colden: CPU: 100.15%, Memory: 1.328GiB / 251.5GiB
epic_colden: CPU: 99.81%, Memory: 1.328GiB / 251.5GiB
epic_colden: CPU: 100.12%, Memory: 1.328GiB / 251.5GiB
epic_colden: CPU: 100.18%, Memory: 1.328GiB / 251.5GiB
epic_colden: CPU: 100.24%, Memory: 1.328GiB / 251.5GiB
epic_colden: CPU: 100.44%, Memory: 1.328GiB / 251.5GiB
epic_colden: CPU: 101.22%, Memory: 1.328GiB / 251.5GiB
epic_colden: CPU: 101.39%, Memory: 1.328GiB / 251.5GiB
epic_colden: CPU: 101.20%, Memory: 1.328GiB / 251.5GiB
epic_colden: CPU: 99.56%, Memory: 1.328GiB / 251.5GiB
epic_colden: CPU: 99.07%, Memory: 1.328GiB / 251.5GiB
epic_colden: CPU: 98.94%, Memory: 1.328GiB / 251.5GiB
epic_colden: CPU: 99.56%, Memory: 1.328GiB / 251.5GiB
epic_colden: CPU: 100.37%, Memory: 1.328GiB / 251.5GiB
epic_colden: CPU: 100.84%, Memory: 1.328GiB / 251.5GiB
epic_colden: CPU: 101.53%, Memory: 1.328GiB / 251.5GiB
epic_colden: CPU: 101.16%, Memory: 1.328GiB / 251.5GiB
epic_colden: CPU: 101.65%, Memory: 1.328GiB / 251.5GiB
epic_colden: CPU: 100.11%, Memory: 1.328GiB / 251.5GiB
epic_colden: CPU: 98.88%, Memory: 1.328GiB / 251.5GiB
epic_colden: CPU: 99.01%, Memory: 1.328GiB / 251.5GiB
epic_colden: CPU: 101.67%, Memory: 1.328GiB / 251.5GiB
epic_colden: CPU: 102.10%, Memory: 1.328GiB / 251.5GiB
epic_colden: CPU: 99.56%, Memory: 1.328GiB / 251.5GiB
epic_colden: CPU: 100.94%, Memory: 1.328GiB / 251.5GiB
epic_colden: CPU: 101.33%, Memory: 1.328GiB / 251.5GiB
epic_colden: CPU: 100.18%, Memory: 1.328GiB / 251.5GiB
epic_colden: CPU: 100.33%, Memory: 1.328GiB / 251.5GiB
epic_colden: CPU: 100.81%, Memory: 1.328GiB / 251.5GiB
epic_colden: CPU: 102.31%, Memory: 1.328GiB / 251.5GiB
epic_colden: CPU: 101.80%, Memory: 1.328GiB / 251.5GiB
epic_colden: CPU: 99.44%, Memory: 1.328GiB / 251.5GiB
epic_colden: CPU: 101.07%, Memory: 1.328GiB / 251.5GiB
epic_colden: CPU: 99.81%, Memory: 1.328GiB / 251.5GiB
epic_colden: CPU: 100.33%, Memory: 1.328GiB / 251.5GiB
epic_colden: CPU: 100.21%, Memory: 1.328GiB / 251.5GiB
epic_colden: CPU: 100.21%, Memory: 1.328GiB / 251.5GiB
epic_colden: CPU: 100.81%, Memory: 1.328GiB / 251.5GiB
epic_colden: CPU: 101.26%, Memory: 1.328GiB / 251.5GiB
epic_colden: CPU: 99.87%, Memory: 1.328GiB / 251.5GiB
epic_colden: CPU: 101.52%, Memory: 1.328GiB / 251.5GiB
epic_colden: CPU: 99.50%, Memory: 1.328GiB / 251.5GiB
epic_colden: CPU: 100.31%, Memory: 1.328GiB / 251.5GiB
epic_colden: CPU: 100.96%, Memory: 1.328GiB / 251.5GiB
epic_colden: CPU: 99.62%, Memory: 1.328GiB / 251.5GiB
epic_colden: CPU: 100.56%, Memory: 1.328GiB / 251.5GiB
epic_colden: CPU: 101.15%, Memory: 1.328GiB / 251.5GiB
epic_colden: CPU: 100.68%, Memory: 1.328GiB / 251.5GiB
epic_colden: CPU: 101.15%, Memory: 1.328GiB / 251.5GiB
epic_colden: CPU: 99.77%, Memory: 1.328GiB / 251.5GiB
epic_colden: CPU: 99.75%, Memory: 1.328GiB / 251.5GiB
epic_colden: CPU: 101.54%, Memory: 1.328GiB / 251.5GiB
epic_colden: CPU: 101.39%, Memory: 1.328GiB / 251.5GiB
epic_colden: CPU: 100.56%, Memory: 1.328GiB / 251.5GiB
epic_colden: CPU: 100.87%, Memory: 1.328GiB / 251.5GiB
epic_colden: CPU: 100.90%, Memory: 1.328GiB / 251.5GiB
epic_colden: CPU: 100.06%, Memory: 1.328GiB / 251.5GiB
epic_colden: CPU: 100.37%, Memory: 1.328GiB / 251.5GiB
epic_colden: CPU: 101.32%, Memory: 1.328GiB / 251.5GiB
epic_colden: CPU: 101.13%, Memory: 1.328GiB / 251.5GiB
epic_colden: CPU: 100.90%, Memory: 1.328GiB / 251.5GiB
epic_colden: CPU: 101.66%, Memory: 1.328GiB / 251.5GiB
epic_colden: CPU: 102.10%, Memory: 1.328GiB / 251.5GiB
epic_colden: CPU: 100.21%, Memory: 1.328GiB / 251.5GiB
epic_colden: CPU: 99.65%, Memory: 1.328GiB / 251.5GiB
epic_colden: CPU: 99.37%, Memory: 1.328GiB / 251.5GiB
epic_colden: CPU: 101.15%, Memory: 1.328GiB / 251.5GiB
epic_colden: CPU: 100.12%, Memory: 1.328GiB / 251.5GiB
epic_colden: CPU: 100.90%, Memory: 1.328GiB / 251.5GiB
epic_colden: CPU: 101.92%, Memory: 1.328GiB / 251.5GiB
epic_colden: CPU: 99.44%, Memory: 1.328GiB / 251.5GiB
epic_colden: CPU: 100.69%, Memory: 1.328GiB / 251.5GiB
epic_colden: CPU: 100.43%, Memory: 1.328GiB / 251.5GiB
epic_colden: CPU: 99.77%, Memory: 1.328GiB / 251.5GiB
epic_colden: CPU: 101.22%, Memory: 1.328GiB / 251.5GiB
epic_colden: CPU: 101.41%, Memory: 1.328GiB / 251.5GiB
epic_colden: CPU: 101.65%, Memory: 1.328GiB / 251.5GiB
epic_colden: CPU: 99.68%, Memory: 1.328GiB / 251.5GiB
epic_colden: CPU: 99.93%, Memory: 1.328GiB / 251.5GiB
epic_colden: CPU: 101.13%, Memory: 1.328GiB / 251.5GiB
epic_colden: CPU: 101.33%, Memory: 1.328GiB / 251.5GiB
epic_colden: CPU: 99.28%, Memory: 1.328GiB / 251.5GiB
epic_colden: CPU: 99.62%, Memory: 1.328GiB / 251.5GiB
epic_colden: CPU: 101.47%, Memory: 1.328GiB / 251.5GiB
epic_colden: CPU: 99.83%, Memory: 1.328GiB / 251.5GiB
epic_colden: CPU: 100.62%, Memory: 1.328GiB / 251.5GiB
epic_colden: CPU: 101.22%, Memory: 1.328GiB / 251.5GiB
epic_colden: CPU: 100.21%, Memory: 1.328GiB / 251.5GiB
epic_colden: CPU: 99.87%, Memory: 1.328GiB / 251.5GiB
epic_colden: CPU: 99.93%, Memory: 1.328GiB / 251.5GiB
epic_colden: CPU: 99.75%, Memory: 1.328GiB / 251.5GiB
epic_colden: CPU: 100.44%, Memory: 1.328GiB / 251.5GiB
epic_colden: CPU: 100.50%, Memory: 1.328GiB / 251.5GiB
epic_colden: CPU: 99.81%, Memory: 1.328GiB / 251.5GiB
epic_colden: CPU: 99.44%, Memory: 1.328GiB / 251.5GiB
epic_colden: CPU: 100.06%, Memory: 1.328GiB / 251.5GiB
epic_colden: CPU: 100.31%, Memory: 1.328GiB / 251.5GiB
epic_colden: CPU: 101.79%, Memory: 1.328GiB / 251.5GiB
epic_colden: CPU: 100.94%, Memory: 1.328GiB / 251.5GiB
epic_colden: CPU: 100.06%, Memory: 1.328GiB / 251.5GiB
epic_colden: CPU: 100.71%, Memory: 1.328GiB / 251.5GiB
epic_colden: CPU: 100.96%, Memory: 1.328GiB / 251.5GiB
epic_colden: CPU: 101.79%, Memory: 1.328GiB / 251.5GiB
epic_colden: CPU: 100.96%, Memory: 1.328GiB / 251.5GiB
epic_colden: CPU: 100.68%, Memory: 1.328GiB / 251.5GiB
epic_colden: CPU: 100.62%, Memory: 1.328GiB / 251.5GiB
epic_colden: CPU: 100.58%, Memory: 1.328GiB / 251.5GiB
epic_colden: CPU: 100.40%, Memory: 1.328GiB / 251.5GiB
epic_colden: CPU: 100.65%, Memory: 1.328GiB / 251.5GiB
epic_colden: CPU: 99.68%, Memory: 1.328GiB / 251.5GiB
epic_colden: CPU: 100.77%, Memory: 1.328GiB / 251.5GiB
epic_colden: CPU: 101.71%, Memory: 1.328GiB / 251.5GiB
epic_colden: CPU: 100.56%, Memory: 1.328GiB / 251.5GiB
epic_colden: CPU: 101.28%, Memory: 1.328GiB / 251.5GiB
epic_colden: CPU: 100.18%, Memory: 1.328GiB / 251.5GiB
epic_colden: CPU: 100.06%, Memory: 1.328GiB / 251.5GiB
epic_colden: CPU: 101.90%, Memory: 1.328GiB / 251.5GiB
epic_colden: CPU: 100.94%, Memory: 1.328GiB / 251.5GiB
epic_colden: CPU: 100.65%, Memory: 1.328GiB / 251.5GiB
epic_colden: CPU: 100.78%, Memory: 1.328GiB / 251.5GiB
epic_colden: CPU: 100.18%, Memory: 1.328GiB / 251.5GiB
epic_colden: CPU: 101.03%, Memory: 1.328GiB / 251.5GiB
epic_colden: CPU: 100.94%, Memory: 1.328GiB / 251.5GiB
epic_colden: CPU: 99.62%, Memory: 1.328GiB / 251.5GiB
epic_colden: CPU: 99.99%, Memory: 1.328GiB / 251.5GiB
epic_colden: CPU: 100.15%, Memory: 1.328GiB / 251.5GiB
epic_colden: CPU: 101.48%, Memory: 1.328GiB / 251.5GiB
epic_colden: CPU: 100.58%, Memory: 1.328GiB / 251.5GiB
epic_colden: CPU: 101.07%, Memory: 1.328GiB / 251.5GiB
epic_colden: CPU: 101.54%, Memory: 1.328GiB / 251.5GiB
epic_colden: CPU: 100.33%, Memory: 1.328GiB / 251.5GiB
epic_colden: CPU: 99.75%, Memory: 1.328GiB / 251.5GiB
epic_colden: CPU: 99.89%, Memory: 1.328GiB / 251.5GiB
epic_colden: CPU: 99.87%, Memory: 1.328GiB / 251.5GiB
epic_colden: CPU: 100.12%, Memory: 1.328GiB / 251.5GiB
epic_colden: CPU: 100.33%, Memory: 1.328GiB / 251.5GiB
epic_colden: CPU: 100.88%, Memory: 1.328GiB / 251.5GiB
epic_colden: CPU: 101.15%, Memory: 1.328GiB / 251.5GiB
epic_colden: CPU: 100.94%, Memory: 1.328GiB / 251.5GiB
epic_colden: CPU: 99.87%, Memory: 1.328GiB / 251.5GiB
epic_colden: CPU: 99.93%, Memory: 1.328GiB / 251.5GiB
epic_colden: CPU: 101.02%, Memory: 1.328GiB / 251.5GiB
epic_colden: CPU: 99.93%, Memory: 1.328GiB / 251.5GiB
epic_colden: CPU: 100.96%, Memory: 1.328GiB / 251.5GiB
epic_colden: CPU: 100.58%, Memory: 1.328GiB / 251.5GiB
epic_colden: CPU: 100.18%, Memory: 1.328GiB / 251.5GiB
epic_colden: CPU: 100.18%, Memory: 1.328GiB / 251.5GiB
epic_colden: CPU: 99.38%, Memory: 1.328GiB / 251.5GiB
epic_colden: CPU: 99.77%, Memory: 1.328GiB / 251.5GiB
epic_colden: CPU: 101.52%, Memory: 1.328GiB / 251.5GiB
epic_colden: CPU: 102.57%, Memory: 1.328GiB / 251.5GiB
epic_colden: CPU: 101.19%, Memory: 1.328GiB / 251.5GiB
epic_colden: CPU: 101.35%, Memory: 1.328GiB / 251.5GiB
epic_colden: CPU: 101.78%, Memory: 1.328GiB / 251.5GiB
epic_colden: CPU: 101.66%, Memory: 1.328GiB / 251.5GiB
epic_colden: CPU: 102.44%, Memory: 1.328GiB / 251.5GiB
epic_colden: CPU: 101.58%, Memory: 1.328GiB / 251.5GiB
epic_colden: CPU: 99.99%, Memory: 1.328GiB / 251.5GiB
epic_colden: CPU: 101.45%, Memory: 1.328GiB / 251.5GiB
epic_colden: CPU: 100.27%, Memory: 1.328GiB / 251.5GiB
epic_colden: CPU: 100.75%, Memory: 1.328GiB / 251.5GiB
epic_colden: CPU: 99.40%, Memory: 1.328GiB / 251.5GiB
epic_colden: CPU: 100.46%, Memory: 1.328GiB / 251.5GiB
epic_colden: CPU: 99.87%, Memory: 1.328GiB / 251.5GiB
epic_colden: CPU: 100.02%, Memory: 1.328GiB / 251.5GiB
epic_colden: CPU: 99.89%, Memory: 1.328GiB / 251.5GiB
epic_colden: CPU: 100.56%, Memory: 1.328GiB / 251.5GiB
epic_colden: CPU: 101.33%, Memory: 1.328GiB / 251.5GiB
epic_colden: CPU: 101.01%, Memory: 1.328GiB / 251.5GiB
epic_colden: CPU: 100.63%, Memory: 1.328GiB / 251.5GiB
epic_colden: CPU: 102.12%, Memory: 1.328GiB / 251.5GiB
epic_colden: CPU: 101.28%, Memory: 1.328GiB / 251.5GiB
epic_colden: CPU: 101.60%, Memory: 1.328GiB / 251.5GiB
epic_colden: CPU: 100.69%, Memory: 1.328GiB / 251.5GiB
epic_colden: CPU: 101.33%, Memory: 1.328GiB / 251.5GiB
epic_colden: CPU: 101.52%, Memory: 1.328GiB / 251.5GiB
epic_colden: CPU: 100.82%, Memory: 1.328GiB / 251.5GiB
epic_colden: CPU: 100.52%, Memory: 1.328GiB / 251.5GiB
epic_colden: CPU: 99.38%, Memory: 1.328GiB / 251.5GiB
epic_colden: CPU: 100.90%, Memory: 1.328GiB / 251.5GiB
epic_colden: CPU: 100.37%, Memory: 1.328GiB / 251.5GiB
epic_colden: CPU: 99.87%, Memory: 1.328GiB / 251.5GiB
epic_colden: CPU: 100.27%, Memory: 1.328GiB / 251.5GiB
epic_colden: CPU: 101.32%, Memory: 1.328GiB / 251.5GiB
epic_colden: CPU: 100.50%, Memory: 1.328GiB / 251.5GiB
epic_colden: CPU: 100.50%, Memory: 1.328GiB / 251.5GiB
epic_colden: CPU: 101.54%, Memory: 1.328GiB / 251.5GiB
epic_colden: CPU: 100.40%, Memory: 1.328GiB / 251.5GiB
epic_colden: CPU: 101.78%, Memory: 1.328GiB / 251.5GiB
epic_colden: CPU: 102.05%, Memory: 1.328GiB / 251.5GiB
epic_colden: CPU: 102.63%, Memory: 1.328GiB / 251.5GiB
epic_colden: CPU: 101.91%, Memory: 1.328GiB / 251.5GiB
epic_colden: CPU: 100.68%, Memory: 1.328GiB / 251.5GiB
epic_colden: CPU: 100.12%, Memory: 1.328GiB / 251.5GiB
epic_colden: CPU: 101.07%, Memory: 1.328GiB / 251.5GiB
epic_colden: CPU: 100.69%, Memory: 1.328GiB / 251.5GiB
epic_colden: CPU: 101.13%, Memory: 1.328GiB / 251.5GiB
epic_colden: CPU: 100.96%, Memory: 1.328GiB / 251.5GiB
epic_colden: CPU: 101.01%, Memory: 1.328GiB / 251.5GiB
epic_colden: CPU: 101.15%, Memory: 1.328GiB / 251.5GiB
epic_colden: CPU: 101.09%, Memory: 1.328GiB / 251.5GiB
epic_colden: CPU: 100.65%, Memory: 1.328GiB / 251.5GiB
epic_colden: CPU: 100.88%, Memory: 1.328GiB / 251.5GiB
epic_colden: CPU: 101.53%, Memory: 1.328GiB / 251.5GiB
epic_colden: CPU: 100.75%, Memory: 1.328GiB / 251.5GiB
epic_colden: CPU: 100.63%, Memory: 1.328GiB / 251.5GiB
epic_colden: CPU: 100.56%, Memory: 1.328GiB / 251.5GiB
epic_colden: CPU: 100.12%, Memory: 1.328GiB / 251.5GiB
epic_colden: CPU: 100.83%, Memory: 1.328GiB / 251.5GiB
epic_colden: CPU: 101.35%, Memory: 1.328GiB / 251.5GiB
epic_colden: CPU: 100.31%, Memory: 1.328GiB / 251.5GiB
epic_colden: CPU: 101.90%, Memory: 1.328GiB / 251.5GiB
epic_colden: CPU: 100.06%, Memory: 1.328GiB / 251.5GiB
epic_colden: CPU: 100.94%, Memory: 1.328GiB / 251.5GiB
epic_colden: CPU: 100.56%, Memory: 1.328GiB / 251.5GiB
epic_colden: CPU: 99.81%, Memory: 1.328GiB / 251.5GiB
epic_colden: CPU: 99.44%, Memory: 1.328GiB / 251.5GiB
epic_colden: CPU: 100.84%, Memory: 1.328GiB / 251.5GiB
epic_colden: CPU: 100.25%, Memory: 1.328GiB / 251.5GiB
epic_colden: CPU: 99.25%, Memory: 1.328GiB / 251.5GiB
epic_colden: CPU: 101.28%, Memory: 1.328GiB / 251.5GiB
epic_colden: CPU: 100.06%, Memory: 1.328GiB / 251.5GiB
epic_colden: CPU: 100.02%, Memory: 1.328GiB / 251.5GiB
epic_colden: CPU: 101.22%, Memory: 1.328GiB / 251.5GiB
epic_colden: CPU: 100.31%, Memory: 1.328GiB / 251.5GiB
epic_colden: CPU: 101.41%, Memory: 1.328GiB / 251.5GiB
epic_colden: CPU: 100.27%, Memory: 1.328GiB / 251.5GiB
epic_colden: CPU: 102.17%, Memory: 1.328GiB / 251.5GiB
epic_colden: CPU: 99.56%, Memory: 1.328GiB / 251.5GiB
epic_colden: CPU: 101.60%, Memory: 1.328GiB / 251.5GiB
epic_colden: CPU: 101.08%, Memory: 1.328GiB / 251.5GiB
epic_colden: CPU: 101.73%, Memory: 1.328GiB / 251.5GiB
epic_colden: CPU: 99.56%, Memory: 1.328GiB / 251.5GiB
epic_colden: CPU: 100.12%, Memory: 1.328GiB / 251.5GiB
epic_colden: CPU: 99.03%, Memory: 1.328GiB / 251.5GiB
epic_colden: CPU: 100.65%, Memory: 1.328GiB / 251.5GiB
epic_colden: CPU: 100.50%, Memory: 1.328GiB / 251.5GiB
epic_colden: CPU: 100.77%, Memory: 1.328GiB / 251.5GiB
epic_colden: CPU: 101.40%, Memory: 1.328GiB / 251.5GiB
epic_colden: CPU: 100.96%, Memory: 1.328GiB / 251.5GiB
epic_colden: CPU: 99.56%, Memory: 1.328GiB / 251.5GiB
epic_colden: CPU: 99.81%, Memory: 1.328GiB / 251.5GiB
epic_colden: CPU: 101.46%, Memory: 1.328GiB / 251.5GiB
epic_colden: CPU: 101.07%, Memory: 1.328GiB / 251.5GiB
epic_colden: CPU: 101.15%, Memory: 1.328GiB / 251.5GiB
epic_colden: CPU: 101.47%, Memory: 1.328GiB / 251.5GiB
epic_colden: CPU: 100.64%, Memory: 1.328GiB / 251.5GiB
epic_colden: CPU: 100.96%, Memory: 1.328GiB / 251.5GiB
epic_colden: CPU: 100.82%, Memory: 1.328GiB / 251.5GiB
epic_colden: CPU: 101.45%, Memory: 1.328GiB / 251.5GiB
epic_colden: CPU: 99.75%, Memory: 1.328GiB / 251.5GiB
epic_colden: CPU: 100.25%, Memory: 1.328GiB / 251.5GiB
epic_colden: CPU: 98.52%, Memory: 1.328GiB / 251.5GiB
epic_colden: CPU: 100.50%, Memory: 1.328GiB / 251.5GiB
epic_colden: CPU: 100.00%, Memory: 1.328GiB / 251.5GiB
epic_colden: CPU: 100.44%, Memory: 1.328GiB / 251.5GiB
epic_colden: CPU: 99.62%, Memory: 1.328GiB / 251.5GiB
epic_colden: CPU: 101.15%, Memory: 1.328GiB / 251.5GiB
epic_colden: CPU: 100.52%, Memory: 1.328GiB / 251.5GiB
epic_colden: CPU: 100.56%, Memory: 1.328GiB / 251.5GiB
epic_colden: CPU: 100.87%, Memory: 1.328GiB / 251.5GiB
epic_colden: CPU: 100.12%, Memory: 1.328GiB / 251.5GiB
epic_colden: CPU: 102.17%, Memory: 1.328GiB / 251.5GiB
epic_colden: CPU: 100.69%, Memory: 1.328GiB / 251.5GiB
epic_colden: CPU: 101.15%, Memory: 1.328GiB / 251.5GiB
epic_colden: CPU: 100.77%, Memory: 1.328GiB / 251.5GiB
epic_colden: CPU: 100.06%, Memory: 1.328GiB / 251.5GiB
epic_colden: CPU: 100.94%, Memory: 1.328GiB / 251.5GiB
epic_colden: CPU: 101.45%, Memory: 1.328GiB / 251.5GiB
epic_colden: CPU: 100.88%, Memory: 1.328GiB / 251.5GiB
epic_colden: CPU: 100.43%, Memory: 1.328GiB / 251.5GiB
epic_colden: CPU: 100.39%, Memory: 1.328GiB / 251.5GiB
epic_colden: CPU: 99.37%, Memory: 1.328GiB / 251.5GiB
epic_colden: CPU: 99.90%, Memory: 1.328GiB / 251.5GiB
epic_colden: CPU: 101.60%, Memory: 1.328GiB / 251.5GiB
epic_colden: CPU: 99.37%, Memory: 1.328GiB / 251.5GiB
epic_colden: CPU: 98.69%, Memory: 1.328GiB / 251.5GiB
epic_colden: CPU: 100.02%, Memory: 1.328GiB / 251.5GiB
epic_colden: CPU: 101.13%, Memory: 1.328GiB / 251.5GiB
epic_colden: CPU: 100.94%, Memory: 1.328GiB / 251.5GiB
epic_colden: CPU: 100.82%, Memory: 1.328GiB / 251.5GiB
epic_colden: CPU: 100.33%, Memory: 1.328GiB / 251.5GiB
epic_colden: CPU: 101.54%, Memory: 1.328GiB / 251.5GiB
epic_colden: CPU: 101.39%, Memory: 1.328GiB / 251.5GiB
epic_colden: CPU: 101.01%, Memory: 1.328GiB / 251.5GiB
epic_colden: CPU: 100.75%, Memory: 1.328GiB / 251.5GiB
epic_colden: CPU: 100.84%, Memory: 1.328GiB / 251.5GiB
epic_colden: CPU: 101.21%, Memory: 1.328GiB / 251.5GiB
epic_colden: CPU: 101.48%, Memory: 1.328GiB / 251.5GiB
epic_colden: CPU: 100.50%, Memory: 1.328GiB / 251.5GiB
epic_colden: CPU: 101.00%, Memory: 1.328GiB / 251.5GiB
epic_colden: CPU: 100.31%, Memory: 1.328GiB / 251.5GiB
epic_colden: CPU: 100.46%, Memory: 1.328GiB / 251.5GiB
epic_colden: CPU: 101.22%, Memory: 1.328GiB / 251.5GiB
epic_colden: CPU: 99.46%, Memory: 1.328GiB / 251.5GiB
epic_colden: CPU: 98.48%, Memory: 1.328GiB / 251.5GiB
epic_colden: CPU: 100.12%, Memory: 1.328GiB / 251.5GiB
epic_colden: CPU: 100.33%, Memory: 1.328GiB / 251.5GiB
epic_colden: CPU: 100.12%, Memory: 1.328GiB / 251.5GiB
epic_colden: CPU: 100.75%, Memory: 1.328GiB / 251.5GiB
epic_colden: CPU: 100.75%, Memory: 1.328GiB / 251.5GiB
epic_colden: CPU: 100.52%, Memory: 1.328GiB / 251.5GiB
epic_colden: CPU: 101.07%, Memory: 1.328GiB / 251.5GiB
epic_colden: CPU: 101.39%, Memory: 1.328GiB / 251.5GiB
epic_colden: CPU: 100.50%, Memory: 1.328GiB / 251.5GiB
epic_colden: CPU: 100.33%, Memory: 1.328GiB / 251.5GiB
epic_colden: CPU: 100.62%, Memory: 1.328GiB / 251.5GiB
epic_colden: CPU: 99.68%, Memory: 1.328GiB / 251.5GiB
epic_colden: CPU: 99.19%, Memory: 1.328GiB / 251.5GiB
epic_colden: CPU: 100.77%, Memory: 1.328GiB / 251.5GiB
epic_colden: CPU: 100.43%, Memory: 1.328GiB / 251.5GiB
epic_colden: CPU: 100.83%, Memory: 1.328GiB / 251.5GiB
epic_colden: CPU: 99.19%, Memory: 1.328GiB / 251.5GiB
epic_colden: CPU: 99.62%, Memory: 1.328GiB / 251.5GiB
epic_colden: CPU: 98.76%, Memory: 1.328GiB / 251.5GiB
epic_colden: CPU: 101.47%, Memory: 1.328GiB / 251.5GiB
epic_colden: CPU: 101.72%, Memory: 1.328GiB / 251.5GiB
epic_colden: CPU: 100.18%, Memory: 1.328GiB / 251.5GiB
epic_colden: CPU: 100.88%, Memory: 1.328GiB / 251.5GiB
epic_colden: CPU: 100.76%, Memory: 1.328GiB / 251.5GiB
epic_colden: CPU: 100.43%, Memory: 1.328GiB / 251.5GiB
epic_colden: CPU: 100.33%, Memory: 1.328GiB / 251.5GiB
epic_colden: CPU: 100.37%, Memory: 1.328GiB / 251.5GiB
epic_colden: CPU: 100.31%, Memory: 1.328GiB / 251.5GiB
epic_colden: CPU: 100.37%, Memory: 1.328GiB / 251.5GiB
epic_colden: CPU: 101.99%, Memory: 1.328GiB / 251.5GiB
epic_colden: CPU: 99.44%, Memory: 1.328GiB / 251.5GiB
epic_colden: CPU: 101.04%, Memory: 1.328GiB / 251.5GiB
epic_colden: CPU: 100.78%, Memory: 1.328GiB / 251.5GiB
epic_colden: CPU: 101.57%, Memory: 1.328GiB / 251.5GiB
epic_colden: CPU: 99.75%, Memory: 1.328GiB / 251.5GiB
epic_colden: CPU: 100.50%, Memory: 1.328GiB / 251.5GiB
epic_colden: CPU: 99.56%, Memory: 1.328GiB / 251.5GiB
epic_colden: CPU: 101.10%, Memory: 1.328GiB / 251.5GiB
epic_colden: CPU: 100.25%, Memory: 1.328GiB / 251.5GiB
epic_colden: CPU: 102.25%, Memory: 1.328GiB / 251.5GiB
epic_colden: CPU: 102.25%, Memory: 1.328GiB / 251.5GiB
epic_colden: CPU: 101.62%, Memory: 1.328GiB / 251.5GiB
epic_colden: CPU: 100.41%, Memory: 1.328GiB / 251.5GiB
epic_colden: CPU: 99.38%, Memory: 1.328GiB / 251.5GiB
epic_colden: CPU: 102.56%, Memory: 1.328GiB / 251.5GiB
epic_colden: CPU: 101.30%, Memory: 1.328GiB / 251.5GiB
epic_colden: CPU: 101.04%, Memory: 1.328GiB / 251.5GiB
epic_colden: CPU: 100.21%, Memory: 1.328GiB / 251.5GiB
epic_colden: CPU: 99.74%, Memory: 1.328GiB / 251.5GiB
epic_colden: CPU: 100.10%, Memory: 1.328GiB / 251.5GiB
epic_colden: CPU: 99.07%, Memory: 1.328GiB / 251.5GiB
epic_colden: CPU: 99.31%, Memory: 1.328GiB / 251.5GiB
epic_colden: CPU: 101.86%, Memory: 1.328GiB / 251.5GiB
epic_colden: CPU: 101.54%, Memory: 1.328GiB / 251.5GiB
epic_colden: CPU: 101.35%, Memory: 1.328GiB / 251.5GiB
epic_colden: CPU: 100.46%, Memory: 1.328GiB / 251.5GiB
epic_colden: CPU: 99.91%, Memory: 1.328GiB / 251.5GiB
epic_colden: CPU: 101.07%, Memory: 1.328GiB / 251.5GiB
epic_colden: CPU: 101.19%, Memory: 1.328GiB / 251.5GiB
epic_colden: CPU: 100.50%, Memory: 1.328GiB / 251.5GiB
epic_colden: CPU: 102.40%, Memory: 1.328GiB / 251.5GiB
epic_colden: CPU: 100.40%, Memory: 1.328GiB / 251.5GiB
epic_colden: CPU: 100.62%, Memory: 1.328GiB / 251.5GiB
epic_colden: CPU: 100.94%, Memory: 1.328GiB / 251.5GiB
epic_colden: CPU: 101.07%, Memory: 1.328GiB / 251.5GiB
epic_colden: CPU: 1569.94%, Memory: 785.4MiB / 251.5GiB
epic_colden: CPU: 1563.22%, Memory: 785.4MiB / 251.5GiB
epic_colden: CPU: 1588.23%, Memory: 785.4MiB / 251.5GiB
epic_colden: CPU: 1562.84%, Memory: 785.4MiB / 251.5GiB
epic_colden: CPU: 1560.71%, Memory: 785.4MiB / 251.5GiB
epic_colden: CPU: 1573.44%, Memory: 785.4MiB / 251.5GiB
epic_colden: CPU: 1567.95%, Memory: 785.4MiB / 251.5GiB
epic_colden: CPU: 1565.12%, Memory: 785.4MiB / 251.5GiB
epic_colden: CPU: 1539.82%, Memory: 785.4MiB / 251.5GiB
epic_colden: CPU: 1569.54%, Memory: 785.4MiB / 251.5GiB
epic_colden: CPU: 1589.25%, Memory: 785.4MiB / 251.5GiB
epic_colden: CPU: 1508.73%, Memory: 785.4MiB / 251.5GiB
epic_colden: CPU: 1564.66%, Memory: 785.4MiB / 251.5GiB
epic_colden: CPU: 1584.33%, Memory: 785.4MiB / 251.5GiB
epic_colden: CPU: 1590.81%, Memory: 785.4MiB / 251.5GiB
epic_colden: CPU: 1582.32%, Memory: 785.4MiB / 251.5GiB
epic_colden: CPU: 1579.17%, Memory: 785.4MiB / 251.5GiB
epic_colden: CPU: 1586.40%, Memory: 785.4MiB / 251.5GiB
epic_colden: CPU: 1581.32%, Memory: 785.4MiB / 251.5GiB
epic_colden: CPU: 1572.87%, Memory: 785.4MiB / 251.5GiB
epic_colden: CPU: 1565.04%, Memory: 785.4MiB / 251.5GiB
epic_colden: CPU: 1537.64%, Memory: 785.4MiB / 251.5GiB
epic_colden: CPU: 1522.76%, Memory: 785.4MiB / 251.5GiB
epic_colden: CPU: 1540.16%, Memory: 785.4MiB / 251.5GiB
epic_colden: CPU: 1495.69%, Memory: 785.4MiB / 251.5GiB
epic_colden: CPU: 1564.22%, Memory: 785.4MiB / 251.5GiB
epic_colden: CPU: 1557.06%, Memory: 785.4MiB / 251.5GiB
epic_colden: CPU: 1494.45%, Memory: 785.4MiB / 251.5GiB
epic_colden: CPU: 1555.34%, Memory: 785.4MiB / 251.5GiB
epic_colden: CPU: 1587.93%, Memory: 785.4MiB / 251.5GiB
epic_colden: CPU: 1504.03%, Memory: 785.4MiB / 251.5GiB
epic_colden: CPU: 1497.31%, Memory: 785.4MiB / 251.5GiB
epic_colden: CPU: 1564.42%, Memory: 785.4MiB / 251.5GiB
epic_colden: CPU: 1513.61%, Memory: 785.4MiB / 251.5GiB
epic_colden: CPU: 1562.07%, Memory: 785.4MiB / 251.5GiB
epic_colden: CPU: 1564.79%, Memory: 785.4MiB / 251.5GiB
epic_colden: CPU: 1559.16%, Memory: 785.4MiB / 251.5GiB
epic_colden: CPU: 1501.07%, Memory: 785.4MiB / 251.5GiB
epic_colden: CPU: 1496.51%, Memory: 785.4MiB / 251.5GiB
epic_colden: CPU: 1493.09%, Memory: 785.4MiB / 251.5GiB
epic_colden: CPU: 1493.20%, Memory: 785.4MiB / 251.5GiB
epic_colden: CPU: 1502.21%, Memory: 785.4MiB / 251.5GiB
epic_colden: CPU: 1200.25%, Memory: 785.4MiB / 251.5GiB
agitated_buck9: CPU: 147.33%, Memory: 193.6MiB / 251.5GiB
agitated_buck9: CPU: 100.00%, Memory: 372.3MiB / 251.5GiB
agitated_buck9: CPU: 1556.03%, Memory: 964.6MiB / 251.5GiB
agitated_buck9: CPU: 1562.94%, Memory: 965.4MiB / 251.5GiB
agitated_buck9: CPU: 1557.41%, Memory: 967.2MiB / 251.5GiB
agitated_buck9: CPU: 1559.53%, Memory: 967.3MiB / 251.5GiB
agitated_buck9: CPU: 1508.44%, Memory: 969.7MiB / 251.5GiB
agitated_buck9: CPU: 1521.86%, Memory: 1.323GiB / 251.5GiB
agitated_buck9: CPU: 99.75%, Memory: 1.328GiB / 251.5GiB
agitated_buck9: CPU: 100.58%, Memory: 1.328GiB / 251.5GiB
agitated_buck9: CPU: 100.25%, Memory: 1.328GiB / 251.5GiB
agitated_buck9: CPU: 100.63%, Memory: 1.328GiB / 251.5GiB
agitated_buck9: CPU: 101.78%, Memory: 1.328GiB / 251.5GiB
agitated_buck9: CPU: 101.26%, Memory: 1.328GiB / 251.5GiB
agitated_buck9: CPU: 102.30%, Memory: 1.328GiB / 251.5GiB
agitated_buck9: CPU: 101.09%, Memory: 1.328GiB / 251.5GiB
agitated_buck9: CPU: 100.69%, Memory: 1.328GiB / 251.5GiB
agitated_buck9: CPU: 101.13%, Memory: 1.328GiB / 251.5GiB
agitated_buck9: CPU: 101.13%, Memory: 1.328GiB / 251.5GiB
agitated_buck9: CPU: 101.66%, Memory: 1.328GiB / 251.5GiB
agitated_buck9: CPU: 101.03%, Memory: 1.328GiB / 251.5GiB
agitated_buck9: CPU: 99.83%, Memory: 1.328GiB / 251.5GiB
agitated_buck9: CPU: 101.54%, Memory: 1.328GiB / 251.5GiB
agitated_buck9: CPU: 100.18%, Memory: 1.328GiB / 251.5GiB
agitated_buck9: CPU: 100.30%, Memory: 1.328GiB / 251.5GiB
agitated_buck9: CPU: 100.00%, Memory: 1.328GiB / 251.5GiB
agitated_buck9: CPU: 100.00%, Memory: 1.328GiB / 251.5GiB
