sharp_mccarthy: CPU: 106.77%, Memory: 1.779GiB / 251.5GiB
sharp_mccarthy: CPU: 99.50%, Memory: 2.989GiB / 251.5GiB
sharp_mccarthy: CPU: 100.12%, Memory: 2.989GiB / 251.5GiB
sharp_mccarthy: CPU: 100.71%, Memory: 2.988GiB / 251.5GiB
sharp_mccarthy: CPU: 101.92%, Memory: 2.988GiB / 251.5GiB
sharp_mccarthy: CPU: 100.71%, Memory: 2.988GiB / 251.5GiB
sharp_mccarthy: CPU: 99.81%, Memory: 2.988GiB / 251.5GiB
sharp_mccarthy: CPU: 100.08%, Memory: 2.988GiB / 251.5GiB
sharp_mccarthy: CPU: 100.50%, Memory: 2.988GiB / 251.5GiB
sharp_mccarthy: CPU: 100.40%, Memory: 2.988GiB / 251.5GiB
sharp_mccarthy: CPU: 101.02%, Memory: 2.988GiB / 251.5GiB
sharp_mccarthy: CPU: 100.12%, Memory: 2.988GiB / 251.5GiB
sharp_mccarthy: CPU: 99.93%, Memory: 2.988GiB / 251.5GiB
sharp_mccarthy: CPU: 99.77%, Memory: 2.988GiB / 251.5GiB
sharp_mccarthy: CPU: 101.91%, Memory: 2.988GiB / 251.5GiB
sharp_mccarthy: CPU: 99.93%, Memory: 2.988GiB / 251.5GiB
sharp_mccarthy: CPU: 100.00%, Memory: 2.988GiB / 251.5GiB
sharp_mccarthy: CPU: 99.75%, Memory: 2.988GiB / 251.5GiB
sharp_mccarthy: CPU: 99.75%, Memory: 2.988GiB / 251.5GiB
sharp_mccarthy: CPU: 101.35%, Memory: 2.988GiB / 251.5GiB
sharp_mccarthy: CPU: 100.50%, Memory: 2.988GiB / 251.5GiB
sharp_mccarthy: CPU: 99.83%, Memory: 2.988GiB / 251.5GiB
sharp_mccarthy: CPU: 99.68%, Memory: 3.177GiB / 251.5GiB
sharp_mccarthy: CPU: 99.87%, Memory: 6.854GiB / 251.5GiB
sharp_mccarthy: CPU: 1531.14%, Memory: 7.613GiB / 251.5GiB
sharp_mccarthy: CPU: 1550.56%, Memory: 7.613GiB / 251.5GiB
sharp_mccarthy: CPU: 903.58%, Memory: 7.613GiB / 251.5GiB
sharp_mccarthy: CPU: 100.37%, Memory: 6.88GiB / 251.5GiB
sharp_mccarthy: CPU: 1564.66%, Memory: 7.627GiB / 251.5GiB
sharp_mccarthy: CPU: 1535.02%, Memory: 7.627GiB / 251.5GiB
sharp_mccarthy: CPU: 1530.25%, Memory: 7.627GiB / 251.5GiB
sharp_mccarthy: CPU: 1546.72%, Memory: 7.633GiB / 251.5GiB
sharp_mccarthy: CPU: 1541.94%, Memory: 7.638GiB / 251.5GiB
sharp_mccarthy: CPU: 307.24%, Memory: 7.64GiB / 251.5GiB
sharp_mccarthy: CPU: 100.56%, Memory: 6.067GiB / 251.5GiB
nervous_moser: CPU: 101.35%, Memory: 2.203GiB / 251.5GiB
nervous_moser: CPU: 102.25%, Memory: 2.988GiB / 251.5GiB
nervous_moser: CPU: 102.25%, Memory: 2.988GiB / 251.5GiB
nervous_moser: CPU: 101.00%, Memory: 2.988GiB / 251.5GiB
nervous_moser: CPU: 100.97%, Memory: 2.988GiB / 251.5GiB
nervous_moser: CPU: 101.15%, Memory: 2.988GiB / 251.5GiB
nervous_moser: CPU: 100.21%, Memory: 2.988GiB / 251.5GiB
nervous_moser: CPU: 100.00%, Memory: 2.988GiB / 251.5GiB
nervous_moser: CPU: 100.84%, Memory: 2.988GiB / 251.5GiB
nervous_moser: CPU: 100.27%, Memory: 2.988GiB / 251.5GiB
nervous_moser: CPU: 100.37%, Memory: 2.988GiB / 251.5GiB
nervous_moser: CPU: 101.07%, Memory: 2.988GiB / 251.5GiB
nervous_moser: CPU: 100.88%, Memory: 2.988GiB / 251.5GiB
nervous_moser: CPU: 101.09%, Memory: 2.988GiB / 251.5GiB
nervous_moser: CPU: 101.13%, Memory: 2.988GiB / 251.5GiB
nervous_moser: CPU: 100.21%, Memory: 2.988GiB / 251.5GiB
nervous_moser: CPU: 101.09%, Memory: 2.988GiB / 251.5GiB
nervous_moser: CPU: 98.85%, Memory: 2.988GiB / 251.5GiB
nervous_moser: CPU: 101.16%, Memory: 2.988GiB / 251.5GiB
nervous_moser: CPU: 100.96%, Memory: 2.988GiB / 251.5GiB
nervous_moser: CPU: 99.65%, Memory: 2.988GiB / 251.5GiB
nervous_moser: CPU: 100.15%, Memory: 2.988GiB / 251.5GiB
nervous_moser: CPU: 100.12%, Memory: 3.363GiB / 251.5GiB
nervous_moser: CPU: 101.77%, Memory: 6.862GiB / 251.5GiB
nervous_moser: CPU: 1555.37%, Memory: 7.613GiB / 251.5GiB
nervous_moser: CPU: 1547.55%, Memory: 7.613GiB / 251.5GiB
nervous_moser: CPU: 1056.43%, Memory: 7.613GiB / 251.5GiB
nervous_moser: CPU: 100.31%, Memory: 6.779GiB / 251.5GiB
nervous_moser: CPU: 1551.71%, Memory: 7.627GiB / 251.5GiB
nervous_moser: CPU: 1545.22%, Memory: 7.627GiB / 251.5GiB
nervous_moser: CPU: 1549.23%, Memory: 7.627GiB / 251.5GiB
nervous_moser: CPU: 1532.04%, Memory: 7.633GiB / 251.5GiB
nervous_moser: CPU: 1515.25%, Memory: 7.638GiB / 251.5GiB
nervous_moser: CPU: 292.11%, Memory: 7.64GiB / 251.5GiB
nervous_moser: CPU: 100.77%, Memory: 6.067GiB / 251.5GiB
frosty_moore: CPU: 149.79%, Memory: 1.735GiB / 251.5GiB
frosty_moore: CPU: 99.94%, Memory: 2.988GiB / 251.5GiB
frosty_moore: CPU: 100.94%, Memory: 2.988GiB / 251.5GiB
frosty_moore: CPU: 100.06%, Memory: 2.988GiB / 251.5GiB
frosty_moore: CPU: 100.56%, Memory: 2.988GiB / 251.5GiB
frosty_moore: CPU: 101.22%, Memory: 2.988GiB / 251.5GiB
frosty_moore: CPU: 99.68%, Memory: 2.988GiB / 251.5GiB
frosty_moore: CPU: 99.75%, Memory: 2.988GiB / 251.5GiB
frosty_moore: CPU: 100.77%, Memory: 2.988GiB / 251.5GiB
frosty_moore: CPU: 100.43%, Memory: 2.988GiB / 251.5GiB
frosty_moore: CPU: 100.68%, Memory: 2.988GiB / 251.5GiB
frosty_moore: CPU: 100.14%, Memory: 2.988GiB / 251.5GiB
frosty_moore: CPU: 101.15%, Memory: 2.988GiB / 251.5GiB
frosty_moore: CPU: 101.00%, Memory: 2.988GiB / 251.5GiB
frosty_moore: CPU: 101.13%, Memory: 2.988GiB / 251.5GiB
frosty_moore: CPU: 100.43%, Memory: 2.988GiB / 251.5GiB
frosty_moore: CPU: 100.25%, Memory: 2.988GiB / 251.5GiB
frosty_moore: CPU: 100.81%, Memory: 2.988GiB / 251.5GiB
frosty_moore: CPU: 99.37%, Memory: 2.988GiB / 251.5GiB
frosty_moore: CPU: 101.13%, Memory: 2.988GiB / 251.5GiB
frosty_moore: CPU: 100.50%, Memory: 2.988GiB / 251.5GiB
frosty_moore: CPU: 99.87%, Memory: 2.988GiB / 251.5GiB
frosty_moore: CPU: 99.93%, Memory: 2.988GiB / 251.5GiB
frosty_moore: CPU: 100.90%, Memory: 4.623GiB / 251.5GiB
frosty_moore: CPU: 100.58%, Memory: 7.212GiB / 251.5GiB
frosty_moore: CPU: 1550.68%, Memory: 7.613GiB / 251.5GiB
frosty_moore: CPU: 1526.84%, Memory: 7.613GiB / 251.5GiB
frosty_moore: CPU: 310.38%, Memory: 7.613GiB / 251.5GiB
frosty_moore: CPU: 100.56%, Memory: 7.065GiB / 251.5GiB
frosty_moore: CPU: 1573.00%, Memory: 7.627GiB / 251.5GiB
frosty_moore: CPU: 1487.08%, Memory: 7.627GiB / 251.5GiB
frosty_moore: CPU: 1562.81%, Memory: 7.627GiB / 251.5GiB
frosty_moore: CPU: 1545.01%, Memory: 7.635GiB / 251.5GiB
frosty_moore: CPU: 1541.79%, Memory: 7.64GiB / 251.5GiB
frosty_moore: CPU: 100.50%, Memory: 7.64GiB / 251.5GiB
frosty_moore: CPU: 100.89%, Memory: 6.067GiB / 251.5GiB
compassionate_gagarin2: CPU: 158.12%, Memory: 1.687GiB / 251.5GiB
compassionate_gagarin2: CPU: 99.38%, Memory: 2.988GiB / 251.5GiB
compassionate_gagarin2: CPU: 99.77%, Memory: 2.988GiB / 251.5GiB
compassionate_gagarin2: CPU: 99.28%, Memory: 2.988GiB / 251.5GiB
compassionate_gagarin2: CPU: 100.21%, Memory: 2.988GiB / 251.5GiB
compassionate_gagarin2: CPU: 99.28%, Memory: 2.988GiB / 251.5GiB
compassionate_gagarin2: CPU: 100.31%, Memory: 2.988GiB / 251.5GiB
compassionate_gagarin2: CPU: 101.07%, Memory: 2.988GiB / 251.5GiB
compassionate_gagarin2: CPU: 101.03%, Memory: 2.988GiB / 251.5GiB
compassionate_gagarin2: CPU: 101.07%, Memory: 2.988GiB / 251.5GiB
compassionate_gagarin2: CPU: 100.58%, Memory: 2.988GiB / 251.5GiB
compassionate_gagarin2: CPU: 100.31%, Memory: 2.988GiB / 251.5GiB
compassionate_gagarin2: CPU: 100.00%, Memory: 2.988GiB / 251.5GiB
compassionate_gagarin2: CPU: 100.33%, Memory: 2.988GiB / 251.5GiB
compassionate_gagarin2: CPU: 101.22%, Memory: 2.988GiB / 251.5GiB
compassionate_gagarin2: CPU: 99.87%, Memory: 2.988GiB / 251.5GiB
compassionate_gagarin2: CPU: 99.81%, Memory: 2.988GiB / 251.5GiB
compassionate_gagarin2: CPU: 100.63%, Memory: 2.988GiB / 251.5GiB
compassionate_gagarin2: CPU: 99.52%, Memory: 2.988GiB / 251.5GiB
compassionate_gagarin2: CPU: 99.93%, Memory: 2.988GiB / 251.5GiB
compassionate_gagarin2: CPU: 101.09%, Memory: 2.988GiB / 251.5GiB
compassionate_gagarin2: CPU: 101.13%, Memory: 2.988GiB / 251.5GiB
compassionate_gagarin2: CPU: 100.87%, Memory: 2.988GiB / 251.5GiB
compassionate_gagarin2: CPU: 100.84%, Memory: 6.541GiB / 251.5GiB
compassionate_gagarin2: CPU: 1326.55%, Memory: 7.613GiB / 251.5GiB
compassionate_gagarin2: CPU: 1554.72%, Memory: 7.613GiB / 251.5GiB
compassionate_gagarin2: CPU: 1558.52%, Memory: 7.613GiB / 251.5GiB
compassionate_gagarin2: CPU: 99.19%, Memory: 6.481GiB / 251.5GiB
compassionate_gagarin2: CPU: 1098.09%, Memory: 7.627GiB / 251.5GiB
compassionate_gagarin2: CPU: 1535.36%, Memory: 7.627GiB / 251.5GiB
compassionate_gagarin2: CPU: 1544.87%, Memory: 7.627GiB / 251.5GiB
compassionate_gagarin2: CPU: 1495.58%, Memory: 7.631GiB / 251.5GiB
compassionate_gagarin2: CPU: 1534.61%, Memory: 7.637GiB / 251.5GiB
compassionate_gagarin2: CPU: 997.03%, Memory: 7.641GiB / 251.5GiB
compassionate_gagarin2: CPU: 100.06%, Memory: 6.067GiB / 251.5GiB
exciting_chandrasekhar: CPU: 100.31%, Memory: 1.939GiB / 251.5GiB
exciting_chandrasekhar: CPU: 100.50%, Memory: 2.988GiB / 251.5GiB
exciting_chandrasekhar: CPU: 101.22%, Memory: 2.988GiB / 251.5GiB
exciting_chandrasekhar: CPU: 99.56%, Memory: 2.988GiB / 251.5GiB
exciting_chandrasekhar: CPU: 101.45%, Memory: 2.988GiB / 251.5GiB
exciting_chandrasekhar: CPU: 101.34%, Memory: 2.988GiB / 251.5GiB
exciting_chandrasekhar: CPU: 100.89%, Memory: 2.988GiB / 251.5GiB
exciting_chandrasekhar: CPU: 100.75%, Memory: 2.988GiB / 251.5GiB
exciting_chandrasekhar: CPU: 101.20%, Memory: 2.988GiB / 251.5GiB
exciting_chandrasekhar: CPU: 100.87%, Memory: 2.988GiB / 251.5GiB
exciting_chandrasekhar: CPU: 99.87%, Memory: 2.988GiB / 251.5GiB
exciting_chandrasekhar: CPU: 100.18%, Memory: 2.988GiB / 251.5GiB
exciting_chandrasekhar: CPU: 100.58%, Memory: 2.988GiB / 251.5GiB
exciting_chandrasekhar: CPU: 100.65%, Memory: 2.988GiB / 251.5GiB
exciting_chandrasekhar: CPU: 100.62%, Memory: 2.988GiB / 251.5GiB
exciting_chandrasekhar: CPU: 100.46%, Memory: 2.988GiB / 251.5GiB
exciting_chandrasekhar: CPU: 100.75%, Memory: 2.988GiB / 251.5GiB
exciting_chandrasekhar: CPU: 101.13%, Memory: 2.988GiB / 251.5GiB
exciting_chandrasekhar: CPU: 101.47%, Memory: 2.988GiB / 251.5GiB
exciting_chandrasekhar: CPU: 100.84%, Memory: 2.988GiB / 251.5GiB
exciting_chandrasekhar: CPU: 100.33%, Memory: 2.988GiB / 251.5GiB
exciting_chandrasekhar: CPU: 99.87%, Memory: 2.988GiB / 251.5GiB
exciting_chandrasekhar: CPU: 100.68%, Memory: 2.988GiB / 251.5GiB
exciting_chandrasekhar: CPU: 99.56%, Memory: 5.009GiB / 251.5GiB
exciting_chandrasekhar: CPU: 100.62%, Memory: 7.315GiB / 251.5GiB
exciting_chandrasekhar: CPU: 1552.83%, Memory: 7.613GiB / 251.5GiB
exciting_chandrasekhar: CPU: 1552.93%, Memory: 7.613GiB / 251.5GiB
exciting_chandrasekhar: CPU: 477.51%, Memory: 7.613GiB / 251.5GiB
exciting_chandrasekhar: CPU: 100.18%, Memory: 6.993GiB / 251.5GiB
exciting_chandrasekhar: CPU: 1556.96%, Memory: 7.627GiB / 251.5GiB
exciting_chandrasekhar: CPU: 1555.93%, Memory: 7.627GiB / 251.5GiB
exciting_chandrasekhar: CPU: 1550.39%, Memory: 7.627GiB / 251.5GiB
exciting_chandrasekhar: CPU: 1524.25%, Memory: 7.633GiB / 251.5GiB
exciting_chandrasekhar: CPU: 1536.34%, Memory: 7.638GiB / 251.5GiB
exciting_chandrasekhar: CPU: 152.84%, Memory: 7.64GiB / 251.5GiB
exciting_chandrasekhar: CPU: 100.56%, Memory: 6.067GiB / 251.5GiB
ecstatic_joliot: CPU: 102.24%, Memory: 1.772GiB / 251.5GiB
ecstatic_joliot: CPU: 100.27%, Memory: 2.988GiB / 251.5GiB
ecstatic_joliot: CPU: 100.27%, Memory: 2.988GiB / 251.5GiB
ecstatic_joliot: CPU: 100.88%, Memory: 2.988GiB / 251.5GiB
ecstatic_joliot: CPU: 98.76%, Memory: 2.988GiB / 251.5GiB
ecstatic_joliot: CPU: 100.25%, Memory: 2.988GiB / 251.5GiB
ecstatic_joliot: CPU: 99.68%, Memory: 2.988GiB / 251.5GiB
ecstatic_joliot: CPU: 101.13%, Memory: 2.988GiB / 251.5GiB
ecstatic_joliot: CPU: 100.18%, Memory: 2.988GiB / 251.5GiB
ecstatic_joliot: CPU: 101.07%, Memory: 2.988GiB / 251.5GiB
ecstatic_joliot: CPU: 100.75%, Memory: 2.988GiB / 251.5GiB
ecstatic_joliot: CPU: 100.63%, Memory: 2.988GiB / 251.5GiB
ecstatic_joliot: CPU: 101.97%, Memory: 2.988GiB / 251.5GiB
ecstatic_joliot: CPU: 101.13%, Memory: 2.988GiB / 251.5GiB
ecstatic_joliot: CPU: 101.09%, Memory: 2.988GiB / 251.5GiB
ecstatic_joliot: CPU: 100.12%, Memory: 2.988GiB / 251.5GiB
ecstatic_joliot: CPU: 101.15%, Memory: 2.988GiB / 251.5GiB
ecstatic_joliot: CPU: 99.87%, Memory: 2.988GiB / 251.5GiB
ecstatic_joliot: CPU: 100.14%, Memory: 2.988GiB / 251.5GiB
ecstatic_joliot: CPU: 101.67%, Memory: 2.988GiB / 251.5GiB
ecstatic_joliot: CPU: 100.33%, Memory: 2.988GiB / 251.5GiB
ecstatic_joliot: CPU: 101.09%, Memory: 2.988GiB / 251.5GiB
ecstatic_joliot: CPU: 101.06%, Memory: 2.988GiB / 251.5GiB
ecstatic_joliot: CPU: 101.41%, Memory: 4.701GiB / 251.5GiB
ecstatic_joliot: CPU: 100.58%, Memory: 7.233GiB / 251.5GiB
ecstatic_joliot: CPU: 1546.59%, Memory: 7.613GiB / 251.5GiB
ecstatic_joliot: CPU: 1499.12%, Memory: 7.613GiB / 251.5GiB
ecstatic_joliot: CPU: 604.46%, Memory: 7.613GiB / 251.5GiB
ecstatic_joliot: CPU: 100.14%, Memory: 6.946GiB / 251.5GiB
ecstatic_joliot: CPU: 1556.08%, Memory: 7.627GiB / 251.5GiB
ecstatic_joliot: CPU: 1516.13%, Memory: 7.627GiB / 251.5GiB
ecstatic_joliot: CPU: 1550.30%, Memory: 7.627GiB / 251.5GiB
ecstatic_joliot: CPU: 1535.78%, Memory: 7.633GiB / 251.5GiB
ecstatic_joliot: CPU: 1547.49%, Memory: 7.638GiB / 251.5GiB
ecstatic_joliot: CPU: 327.45%, Memory: 7.64GiB / 251.5GiB
ecstatic_joliot: CPU: 101.09%, Memory: 6.067GiB / 251.5GiB
modest_nightingale: CPU: 145.53%, Memory: 1.728GiB / 251.5GiB
modest_nightingale: CPU: 100.43%, Memory: 2.988GiB / 251.5GiB
modest_nightingale: CPU: 101.78%, Memory: 2.988GiB / 251.5GiB
modest_nightingale: CPU: 100.84%, Memory: 2.988GiB / 251.5GiB
modest_nightingale: CPU: 100.90%, Memory: 2.988GiB / 251.5GiB
modest_nightingale: CPU: 100.37%, Memory: 2.988GiB / 251.5GiB
modest_nightingale: CPU: 100.12%, Memory: 2.988GiB / 251.5GiB
modest_nightingale: CPU: 101.13%, Memory: 2.988GiB / 251.5GiB
modest_nightingale: CPU: 100.00%, Memory: 2.988GiB / 251.5GiB
modest_nightingale: CPU: 100.18%, Memory: 2.988GiB / 251.5GiB
modest_nightingale: CPU: 100.02%, Memory: 2.988GiB / 251.5GiB
modest_nightingale: CPU: 100.82%, Memory: 2.988GiB / 251.5GiB
modest_nightingale: CPU: 100.62%, Memory: 2.988GiB / 251.5GiB
modest_nightingale: CPU: 99.13%, Memory: 2.988GiB / 251.5GiB
modest_nightingale: CPU: 100.14%, Memory: 2.988GiB / 251.5GiB
modest_nightingale: CPU: 101.41%, Memory: 2.988GiB / 251.5GiB
modest_nightingale: CPU: 99.38%, Memory: 2.988GiB / 251.5GiB
modest_nightingale: CPU: 100.33%, Memory: 2.988GiB / 251.5GiB
modest_nightingale: CPU: 101.03%, Memory: 2.988GiB / 251.5GiB
modest_nightingale: CPU: 100.15%, Memory: 2.988GiB / 251.5GiB
modest_nightingale: CPU: 100.33%, Memory: 2.988GiB / 251.5GiB
modest_nightingale: CPU: 101.73%, Memory: 2.988GiB / 251.5GiB
modest_nightingale: CPU: 100.90%, Memory: 2.988GiB / 251.5GiB
modest_nightingale: CPU: 100.31%, Memory: 6.737GiB / 251.5GiB
modest_nightingale: CPU: 1549.94%, Memory: 7.613GiB / 251.5GiB
modest_nightingale: CPU: 1549.77%, Memory: 7.613GiB / 251.5GiB
modest_nightingale: CPU: 985.64%, Memory: 7.613GiB / 251.5GiB
modest_nightingale: CPU: 100.27%, Memory: 6.803GiB / 251.5GiB
modest_nightingale: CPU: 1557.88%, Memory: 7.627GiB / 251.5GiB
modest_nightingale: CPU: 1551.05%, Memory: 7.627GiB / 251.5GiB
modest_nightingale: CPU: 1531.67%, Memory: 7.627GiB / 251.5GiB
modest_nightingale: CPU: 1558.41%, Memory: 7.633GiB / 251.5GiB
modest_nightingale: CPU: 1547.40%, Memory: 7.638GiB / 251.5GiB
modest_nightingale: CPU: 100.37%, Memory: 7.64GiB / 251.5GiB
modest_nightingale: CPU: 100.88%, Memory: 6.067GiB / 251.5GiB
crazy_swirles: CPU: 123.86%, Memory: 1.75GiB / 251.5GiB
crazy_swirles: CPU: 100.06%, Memory: 2.988GiB / 251.5GiB
crazy_swirles: CPU: 101.47%, Memory: 2.988GiB / 251.5GiB
crazy_swirles: CPU: 99.87%, Memory: 2.988GiB / 251.5GiB
crazy_swirles: CPU: 99.99%, Memory: 2.988GiB / 251.5GiB
crazy_swirles: CPU: 100.50%, Memory: 2.988GiB / 251.5GiB
crazy_swirles: CPU: 101.16%, Memory: 2.988GiB / 251.5GiB
crazy_swirles: CPU: 100.90%, Memory: 2.988GiB / 251.5GiB
crazy_swirles: CPU: 100.96%, Memory: 2.988GiB / 251.5GiB
crazy_swirles: CPU: 100.88%, Memory: 2.988GiB / 251.5GiB
crazy_swirles: CPU: 98.64%, Memory: 2.988GiB / 251.5GiB
crazy_swirles: CPU: 100.69%, Memory: 2.988GiB / 251.5GiB
crazy_swirles: CPU: 100.37%, Memory: 2.988GiB / 251.5GiB
crazy_swirles: CPU: 100.71%, Memory: 2.988GiB / 251.5GiB
crazy_swirles: CPU: 100.27%, Memory: 2.988GiB / 251.5GiB
crazy_swirles: CPU: 100.08%, Memory: 2.988GiB / 251.5GiB
crazy_swirles: CPU: 99.93%, Memory: 2.988GiB / 251.5GiB
crazy_swirles: CPU: 101.09%, Memory: 2.988GiB / 251.5GiB
crazy_swirles: CPU: 100.65%, Memory: 2.988GiB / 251.5GiB
crazy_swirles: CPU: 99.87%, Memory: 2.988GiB / 251.5GiB
crazy_swirles: CPU: 99.87%, Memory: 2.988GiB / 251.5GiB
crazy_swirles: CPU: 100.12%, Memory: 2.988GiB / 251.5GiB
crazy_swirles: CPU: 101.14%, Memory: 2.988GiB / 251.5GiB
crazy_swirles: CPU: 100.12%, Memory: 6.671GiB / 251.5GiB
crazy_swirles: CPU: 1520.56%, Memory: 7.613GiB / 251.5GiB
crazy_swirles: CPU: 1552.40%, Memory: 7.613GiB / 251.5GiB
crazy_swirles: CPU: 1303.75%, Memory: 7.613GiB / 251.5GiB
crazy_swirles: CPU: 100.69%, Memory: 6.67GiB / 251.5GiB
crazy_swirles: CPU: 1512.54%, Memory: 7.627GiB / 251.5GiB
crazy_swirles: CPU: 1500.97%, Memory: 7.627GiB / 251.5GiB
crazy_swirles: CPU: 1539.82%, Memory: 7.627GiB / 251.5GiB
crazy_swirles: CPU: 1545.57%, Memory: 7.633GiB / 251.5GiB
crazy_swirles: CPU: 1561.43%, Memory: 7.638GiB / 251.5GiB
crazy_swirles: CPU: 305.40%, Memory: 7.64GiB / 251.5GiB
crazy_swirles: CPU: 100.75%, Memory: 6.067GiB / 251.5GiB
goofy_chatterjee: CPU: 166.27%, Memory: 1.714GiB / 251.5GiB
goofy_chatterjee: CPU: 100.90%, Memory: 2.988GiB / 251.5GiB
goofy_chatterjee: CPU: 101.97%, Memory: 2.988GiB / 251.5GiB
goofy_chatterjee: CPU: 100.63%, Memory: 2.988GiB / 251.5GiB
goofy_chatterjee: CPU: 101.01%, Memory: 2.988GiB / 251.5GiB
goofy_chatterjee: CPU: 100.50%, Memory: 2.988GiB / 251.5GiB
goofy_chatterjee: CPU: 101.46%, Memory: 2.988GiB / 251.5GiB
goofy_chatterjee: CPU: 100.33%, Memory: 2.988GiB / 251.5GiB
goofy_chatterjee: CPU: 100.69%, Memory: 2.988GiB / 251.5GiB
goofy_chatterjee: CPU: 100.75%, Memory: 2.988GiB / 251.5GiB
goofy_chatterjee: CPU: 101.58%, Memory: 2.988GiB / 251.5GiB
goofy_chatterjee: CPU: 99.93%, Memory: 2.988GiB / 251.5GiB
goofy_chatterjee: CPU: 100.31%, Memory: 2.988GiB / 251.5GiB
goofy_chatterjee: CPU: 101.20%, Memory: 2.988GiB / 251.5GiB
goofy_chatterjee: CPU: 100.14%, Memory: 2.988GiB / 251.5GiB
goofy_chatterjee: CPU: 99.52%, Memory: 2.988GiB / 251.5GiB
goofy_chatterjee: CPU: 99.40%, Memory: 2.988GiB / 251.5GiB
goofy_chatterjee: CPU: 100.88%, Memory: 2.988GiB / 251.5GiB
goofy_chatterjee: CPU: 99.93%, Memory: 2.988GiB / 251.5GiB
goofy_chatterjee: CPU: 100.18%, Memory: 2.988GiB / 251.5GiB
goofy_chatterjee: CPU: 100.06%, Memory: 2.988GiB / 251.5GiB
goofy_chatterjee: CPU: 100.56%, Memory: 2.988GiB / 251.5GiB
goofy_chatterjee: CPU: 101.71%, Memory: 2.988GiB / 251.5GiB
goofy_chatterjee: CPU: 100.30%, Memory: 6.759GiB / 251.5GiB
goofy_chatterjee: CPU: 1556.76%, Memory: 7.613GiB / 251.5GiB
goofy_chatterjee: CPU: 1550.62%, Memory: 7.613GiB / 251.5GiB
goofy_chatterjee: CPU: 1009.64%, Memory: 7.613GiB / 251.5GiB
goofy_chatterjee: CPU: 100.69%, Memory: 6.769GiB / 251.5GiB
goofy_chatterjee: CPU: 1555.81%, Memory: 7.627GiB / 251.5GiB
goofy_chatterjee: CPU: 1556.38%, Memory: 7.627GiB / 251.5GiB
goofy_chatterjee: CPU: 1537.89%, Memory: 7.627GiB / 251.5GiB
goofy_chatterjee: CPU: 1548.56%, Memory: 7.633GiB / 251.5GiB
goofy_chatterjee: CPU: 1544.78%, Memory: 7.638GiB / 251.5GiB
goofy_chatterjee: CPU: 326.54%, Memory: 7.64GiB / 251.5GiB
goofy_chatterjee: CPU: 100.69%, Memory: 6.067GiB / 251.5GiB
bold_wing: CPU: 144.47%, Memory: 1.732GiB / 251.5GiB
bold_wing: CPU: 101.54%, Memory: 2.988GiB / 251.5GiB
bold_wing: CPU: 102.05%, Memory: 2.988GiB / 251.5GiB
bold_wing: CPU: 100.40%, Memory: 2.988GiB / 251.5GiB
bold_wing: CPU: 101.54%, Memory: 2.988GiB / 251.5GiB
bold_wing: CPU: 99.87%, Memory: 2.988GiB / 251.5GiB
bold_wing: CPU: 101.13%, Memory: 2.988GiB / 251.5GiB
bold_wing: CPU: 100.69%, Memory: 2.988GiB / 251.5GiB
bold_wing: CPU: 100.52%, Memory: 2.988GiB / 251.5GiB
bold_wing: CPU: 100.71%, Memory: 2.988GiB / 251.5GiB
bold_wing: CPU: 99.77%, Memory: 2.988GiB / 251.5GiB
bold_wing: CPU: 100.65%, Memory: 2.988GiB / 251.5GiB
bold_wing: CPU: 101.54%, Memory: 2.988GiB / 251.5GiB
bold_wing: CPU: 99.43%, Memory: 2.988GiB / 251.5GiB
bold_wing: CPU: 100.31%, Memory: 2.988GiB / 251.5GiB
bold_wing: CPU: 100.59%, Memory: 2.988GiB / 251.5GiB
bold_wing: CPU: 100.84%, Memory: 2.988GiB / 251.5GiB
bold_wing: CPU: 100.88%, Memory: 2.988GiB / 251.5GiB
bold_wing: CPU: 99.56%, Memory: 2.988GiB / 251.5GiB
bold_wing: CPU: 100.78%, Memory: 2.988GiB / 251.5GiB
bold_wing: CPU: 100.77%, Memory: 2.988GiB / 251.5GiB
bold_wing: CPU: 100.37%, Memory: 2.988GiB / 251.5GiB
bold_wing: CPU: 100.58%, Memory: 2.988GiB / 251.5GiB
bold_wing: CPU: 100.25%, Memory: 6.681GiB / 251.5GiB
bold_wing: CPU: 1552.09%, Memory: 7.613GiB / 251.5GiB
bold_wing: CPU: 1545.71%, Memory: 7.613GiB / 251.5GiB
bold_wing: CPU: 909.54%, Memory: 7.613GiB / 251.5GiB
bold_wing: CPU: 99.56%, Memory: 6.834GiB / 251.5GiB
bold_wing: CPU: 1553.17%, Memory: 7.627GiB / 251.5GiB
bold_wing: CPU: 1547.11%, Memory: 7.627GiB / 251.5GiB
bold_wing: CPU: 1547.27%, Memory: 7.627GiB / 251.5GiB
bold_wing: CPU: 1544.71%, Memory: 7.633GiB / 251.5GiB
bold_wing: CPU: 1552.61%, Memory: 7.638GiB / 251.5GiB
bold_wing: CPU: 141.78%, Memory: 7.64GiB / 251.5GiB
bold_wing: CPU: 100.82%, Memory: 6.067GiB / 251.5GiB
loving_kapitsa: CPU: 99.95%, Memory: 1.842GiB / 251.5GiB
loving_kapitsa: CPU: 99.50%, Memory: 2.989GiB / 251.5GiB
loving_kapitsa: CPU: 100.02%, Memory: 2.988GiB / 251.5GiB
loving_kapitsa: CPU: 99.38%, Memory: 2.988GiB / 251.5GiB
loving_kapitsa: CPU: 99.62%, Memory: 2.988GiB / 251.5GiB
loving_kapitsa: CPU: 99.50%, Memory: 2.988GiB / 251.5GiB
loving_kapitsa: CPU: 99.96%, Memory: 2.988GiB / 251.5GiB
loving_kapitsa: CPU: 100.08%, Memory: 2.988GiB / 251.5GiB
loving_kapitsa: CPU: 99.50%, Memory: 2.988GiB / 251.5GiB
loving_kapitsa: CPU: 100.20%, Memory: 2.988GiB / 251.5GiB
loving_kapitsa: CPU: 99.90%, Memory: 5.464GiB / 251.5GiB
loving_kapitsa: CPU: 99.85%, Memory: 7.438GiB / 251.5GiB
loving_kapitsa: CPU: 1586.89%, Memory: 7.613GiB / 251.5GiB
loving_kapitsa: CPU: 1585.49%, Memory: 7.613GiB / 251.5GiB
loving_kapitsa: CPU: 99.81%, Memory: 7.613GiB / 251.5GiB
loving_kapitsa: CPU: 99.87%, Memory: 7.57GiB / 251.5GiB
loving_kapitsa: CPU: 1591.93%, Memory: 7.627GiB / 251.5GiB
loving_kapitsa: CPU: 1596.52%, Memory: 7.627GiB / 251.5GiB
loving_kapitsa: CPU: 1587.02%, Memory: 7.63GiB / 251.5GiB
loving_kapitsa: CPU: 1575.55%, Memory: 7.636GiB / 251.5GiB
loving_kapitsa: CPU: 1579.99%, Memory: 7.641GiB / 251.5GiB
loving_kapitsa: CPU: 100.27%, Memory: 6.067GiB / 251.5GiB
nervous_clarke: CPU: 99.81%, Memory: 2.955GiB / 251.5GiB
nervous_clarke: CPU: 99.68%, Memory: 2.988GiB / 251.5GiB
nervous_clarke: CPU: 99.90%, Memory: 2.988GiB / 251.5GiB
nervous_clarke: CPU: 99.96%, Memory: 2.988GiB / 251.5GiB
nervous_clarke: CPU: 99.56%, Memory: 2.988GiB / 251.5GiB
nervous_clarke: CPU: 100.02%, Memory: 2.988GiB / 251.5GiB
nervous_clarke: CPU: 99.38%, Memory: 2.988GiB / 251.5GiB
nervous_clarke: CPU: 99.62%, Memory: 2.988GiB / 251.5GiB
nervous_clarke: CPU: 99.62%, Memory: 2.988GiB / 251.5GiB
nervous_clarke: CPU: 99.81%, Memory: 2.988GiB / 251.5GiB
nervous_clarke: CPU: 99.87%, Memory: 6.419GiB / 251.5GiB
nervous_clarke: CPU: 1182.92%, Memory: 7.613GiB / 251.5GiB
nervous_clarke: CPU: 1584.54%, Memory: 7.613GiB / 251.5GiB
nervous_clarke: CPU: 1592.68%, Memory: 7.613GiB / 251.5GiB
nervous_clarke: CPU: 100.27%, Memory: 6.451GiB / 251.5GiB
nervous_clarke: CPU: 1128.91%, Memory: 7.628GiB / 251.5GiB
nervous_clarke: CPU: 1590.96%, Memory: 7.627GiB / 251.5GiB
nervous_clarke: CPU: 1583.61%, Memory: 7.627GiB / 251.5GiB
nervous_clarke: CPU: 1592.04%, Memory: 7.633GiB / 251.5GiB
nervous_clarke: CPU: 1582.36%, Memory: 7.638GiB / 251.5GiB
nervous_clarke: CPU: 153.49%, Memory: 7.64GiB / 251.5GiB
nervous_clarke: CPU: 99.68%, Memory: 6.067GiB / 251.5GiB
intelligent_greider: CPU: 143.19%, Memory: 1.786GiB / 251.5GiB
intelligent_greider: CPU: 100.15%, Memory: 2.988GiB / 251.5GiB
intelligent_greider: CPU: 99.56%, Memory: 2.988GiB / 251.5GiB
intelligent_greider: CPU: 99.83%, Memory: 2.988GiB / 251.5GiB
intelligent_greider: CPU: 99.50%, Memory: 2.988GiB / 251.5GiB
intelligent_greider: CPU: 99.96%, Memory: 2.988GiB / 251.5GiB
intelligent_greider: CPU: 99.83%, Memory: 2.988GiB / 251.5GiB
intelligent_greider: CPU: 99.44%, Memory: 2.988GiB / 251.5GiB
intelligent_greider: CPU: 99.96%, Memory: 2.988GiB / 251.5GiB
intelligent_greider: CPU: 99.75%, Memory: 2.988GiB / 251.5GiB
intelligent_greider: CPU: 99.75%, Memory: 5.975GiB / 251.5GiB
intelligent_greider: CPU: 321.06%, Memory: 7.614GiB / 251.5GiB
intelligent_greider: CPU: 1584.03%, Memory: 7.613GiB / 251.5GiB
intelligent_greider: CPU: 1584.67%, Memory: 7.613GiB / 251.5GiB
intelligent_greider: CPU: 99.81%, Memory: 6.242GiB / 251.5GiB
intelligent_greider: CPU: 758.14%, Memory: 7.628GiB / 251.5GiB
intelligent_greider: CPU: 1592.58%, Memory: 7.627GiB / 251.5GiB
intelligent_greider: CPU: 1560.91%, Memory: 7.627GiB / 251.5GiB
intelligent_greider: CPU: 1593.37%, Memory: 7.632GiB / 251.5GiB
intelligent_greider: CPU: 1591.69%, Memory: 7.637GiB / 251.5GiB
intelligent_greider: CPU: 818.31%, Memory: 7.64GiB / 251.5GiB
intelligent_greider: CPU: 100.02%, Memory: 6.067GiB / 251.5GiB
mystifying_margulis: CPU: 149.75%, Memory: 1.749GiB / 251.5GiB
mystifying_margulis: CPU: 99.41%, Memory: 2.989GiB / 251.5GiB
mystifying_margulis: CPU: 99.35%, Memory: 2.988GiB / 251.5GiB
mystifying_margulis: CPU: 100.06%, Memory: 2.988GiB / 251.5GiB
mystifying_margulis: CPU: 99.87%, Memory: 2.988GiB / 251.5GiB
mystifying_margulis: CPU: 99.54%, Memory: 2.988GiB / 251.5GiB
mystifying_margulis: CPU: 99.17%, Memory: 2.988GiB / 251.5GiB
mystifying_margulis: CPU: 99.54%, Memory: 2.988GiB / 251.5GiB
mystifying_margulis: CPU: 99.93%, Memory: 2.988GiB / 251.5GiB
mystifying_margulis: CPU: 99.87%, Memory: 2.988GiB / 251.5GiB
mystifying_margulis: CPU: 99.75%, Memory: 5.875GiB / 251.5GiB
mystifying_margulis: CPU: 105.98%, Memory: 7.573GiB / 251.5GiB
mystifying_margulis: CPU: 1595.52%, Memory: 7.613GiB / 251.5GiB
mystifying_margulis: CPU: 1593.90%, Memory: 7.613GiB / 251.5GiB
mystifying_margulis: CPU: 100.27%, Memory: 6.803GiB / 251.5GiB
mystifying_margulis: CPU: 171.34%, Memory: 7.628GiB / 251.5GiB
mystifying_margulis: CPU: 1588.28%, Memory: 7.627GiB / 251.5GiB
mystifying_margulis: CPU: 1587.60%, Memory: 7.627GiB / 251.5GiB
mystifying_margulis: CPU: 1582.36%, Memory: 7.631GiB / 251.5GiB
mystifying_margulis: CPU: 1583.36%, Memory: 7.636GiB / 251.5GiB
mystifying_margulis: CPU: 1285.46%, Memory: 7.641GiB / 251.5GiB
mystifying_margulis: CPU: 99.71%, Memory: 6.067GiB / 251.5GiB
exciting_feistel: CPU: 100.27%, Memory: 1.881GiB / 251.5GiB
exciting_feistel: CPU: 99.81%, Memory: 2.988GiB / 251.5GiB
exciting_feistel: CPU: 99.68%, Memory: 2.988GiB / 251.5GiB
exciting_feistel: CPU: 100.02%, Memory: 2.988GiB / 251.5GiB
exciting_feistel: CPU: 100.08%, Memory: 2.988GiB / 251.5GiB
exciting_feistel: CPU: 99.68%, Memory: 2.988GiB / 251.5GiB
exciting_feistel: CPU: 99.44%, Memory: 2.988GiB / 251.5GiB
exciting_feistel: CPU: 100.08%, Memory: 2.988GiB / 251.5GiB
exciting_feistel: CPU: 99.96%, Memory: 2.988GiB / 251.5GiB
exciting_feistel: CPU: 100.33%, Memory: 2.988GiB / 251.5GiB
exciting_feistel: CPU: 100.21%, Memory: 5.939GiB / 251.5GiB
exciting_feistel: CPU: 162.69%, Memory: 7.613GiB / 251.5GiB
exciting_feistel: CPU: 1578.26%, Memory: 7.613GiB / 251.5GiB
exciting_feistel: CPU: 1589.11%, Memory: 7.613GiB / 251.5GiB
exciting_feistel: CPU: 100.14%, Memory: 6.04GiB / 251.5GiB
exciting_feistel: CPU: 260.31%, Memory: 7.629GiB / 251.5GiB
exciting_feistel: CPU: 1588.12%, Memory: 7.627GiB / 251.5GiB
exciting_feistel: CPU: 1592.02%, Memory: 7.627GiB / 251.5GiB
exciting_feistel: CPU: 1585.82%, Memory: 7.63GiB / 251.5GiB
exciting_feistel: CPU: 1584.99%, Memory: 7.636GiB / 251.5GiB
exciting_feistel: CPU: 1320.77%, Memory: 7.641GiB / 251.5GiB
exciting_feistel: CPU: 100.00%, Memory: 6.067GiB / 251.5GiB
elated_cannon: CPU: 101.21%, Memory: 1.829GiB / 251.5GiB
elated_cannon: CPU: 99.69%, Memory: 2.988GiB / 251.5GiB
elated_cannon: CPU: 99.31%, Memory: 2.988GiB / 251.5GiB
elated_cannon: CPU: 99.31%, Memory: 2.988GiB / 251.5GiB
elated_cannon: CPU: 99.77%, Memory: 2.988GiB / 251.5GiB
elated_cannon: CPU: 99.56%, Memory: 2.988GiB / 251.5GiB
elated_cannon: CPU: 99.83%, Memory: 2.988GiB / 251.5GiB
elated_cannon: CPU: 99.59%, Memory: 2.988GiB / 251.5GiB
elated_cannon: CPU: 99.71%, Memory: 2.988GiB / 251.5GiB
elated_cannon: CPU: 99.80%, Memory: 2.988GiB / 251.5GiB
elated_cannon: CPU: 100.27%, Memory: 5.785GiB / 251.5GiB
elated_cannon: CPU: 99.68%, Memory: 7.543GiB / 251.5GiB
elated_cannon: CPU: 1584.81%, Memory: 7.613GiB / 251.5GiB
elated_cannon: CPU: 1595.03%, Memory: 7.613GiB / 251.5GiB
elated_cannon: CPU: 100.15%, Memory: 6.071GiB / 251.5GiB
elated_cannon: CPU: 418.85%, Memory: 7.628GiB / 251.5GiB
elated_cannon: CPU: 1598.10%, Memory: 7.627GiB / 251.5GiB
elated_cannon: CPU: 1588.04%, Memory: 7.627GiB / 251.5GiB
elated_cannon: CPU: 1551.75%, Memory: 7.631GiB / 251.5GiB
elated_cannon: CPU: 1586.60%, Memory: 7.637GiB / 251.5GiB
elated_cannon: CPU: 832.44%, Memory: 7.641GiB / 251.5GiB
elated_cannon: CPU: 99.81%, Memory: 6.067GiB / 251.5GiB
unruffled_benz: CPU: 99.97%, Memory: 2.47GiB / 251.5GiB
unruffled_benz: CPU: 99.78%, Memory: 2.989GiB / 251.5GiB
unruffled_benz: CPU: 99.93%, Memory: 2.989GiB / 251.5GiB
unruffled_benz: CPU: 99.60%, Memory: 2.989GiB / 251.5GiB
unruffled_benz: CPU: 99.35%, Memory: 2.989GiB / 251.5GiB
unruffled_benz: CPU: 99.99%, Memory: 2.989GiB / 251.5GiB
unruffled_benz: CPU: 100.06%, Memory: 2.989GiB / 251.5GiB
unruffled_benz: CPU: 99.87%, Memory: 2.989GiB / 251.5GiB
unruffled_benz: CPU: 99.87%, Memory: 2.989GiB / 251.5GiB
unruffled_benz: CPU: 99.53%, Memory: 2.989GiB / 251.5GiB
unruffled_benz: CPU: 99.72%, Memory: 6.176GiB / 251.5GiB
unruffled_benz: CPU: 685.23%, Memory: 7.614GiB / 251.5GiB
unruffled_benz: CPU: 1587.37%, Memory: 7.613GiB / 251.5GiB
unruffled_benz: CPU: 1588.19%, Memory: 7.613GiB / 251.5GiB
unruffled_benz: CPU: 99.87%, Memory: 6.275GiB / 251.5GiB
unruffled_benz: CPU: 732.72%, Memory: 7.628GiB / 251.5GiB
unruffled_benz: CPU: 1587.76%, Memory: 7.627GiB / 251.5GiB
unruffled_benz: CPU: 1595.42%, Memory: 7.627GiB / 251.5GiB
unruffled_benz: CPU: 1584.81%, Memory: 7.631GiB / 251.5GiB
unruffled_benz: CPU: 1586.61%, Memory: 7.637GiB / 251.5GiB
unruffled_benz: CPU: 842.92%, Memory: 7.64GiB / 251.5GiB
unruffled_benz: CPU: 99.72%, Memory: 6.067GiB / 251.5GiB
objective_tharp: CPU: 100.21%, Memory: 2.584GiB / 251.5GiB
objective_tharp: CPU: 99.50%, Memory: 2.988GiB / 251.5GiB
objective_tharp: CPU: 99.81%, Memory: 2.988GiB / 251.5GiB
objective_tharp: CPU: 99.62%, Memory: 2.988GiB / 251.5GiB
objective_tharp: CPU: 99.69%, Memory: 2.988GiB / 251.5GiB
objective_tharp: CPU: 99.90%, Memory: 2.988GiB / 251.5GiB
objective_tharp: CPU: 99.62%, Memory: 2.988GiB / 251.5GiB
objective_tharp: CPU: 99.56%, Memory: 2.988GiB / 251.5GiB
objective_tharp: CPU: 99.90%, Memory: 2.988GiB / 251.5GiB
objective_tharp: CPU: 99.74%, Memory: 2.988GiB / 251.5GiB
objective_tharp: CPU: 99.87%, Memory: 6.219GiB / 251.5GiB
objective_tharp: CPU: 772.68%, Memory: 7.614GiB / 251.5GiB
objective_tharp: CPU: 1578.83%, Memory: 7.613GiB / 251.5GiB
objective_tharp: CPU: 1586.77%, Memory: 7.613GiB / 251.5GiB
objective_tharp: CPU: 99.75%, Memory: 6.29GiB / 251.5GiB
objective_tharp: CPU: 750.30%, Memory: 7.627GiB / 251.5GiB
objective_tharp: CPU: 1591.33%, Memory: 7.627GiB / 251.5GiB
objective_tharp: CPU: 1555.54%, Memory: 7.627GiB / 251.5GiB
objective_tharp: CPU: 1587.55%, Memory: 7.632GiB / 251.5GiB
objective_tharp: CPU: 1586.65%, Memory: 7.638GiB / 251.5GiB
objective_tharp: CPU: 808.75%, Memory: 7.64GiB / 251.5GiB
objective_tharp: CPU: 99.75%, Memory: 6.067GiB / 251.5GiB
busy_chaplygin: CPU: 99.79%, Memory: 2.383GiB / 251.5GiB
busy_chaplygin: CPU: 99.94%, Memory: 2.989GiB / 251.5GiB
busy_chaplygin: CPU: 99.66%, Memory: 2.988GiB / 251.5GiB
busy_chaplygin: CPU: 99.81%, Memory: 2.988GiB / 251.5GiB
busy_chaplygin: CPU: 99.87%, Memory: 2.988GiB / 251.5GiB
busy_chaplygin: CPU: 99.87%, Memory: 2.988GiB / 251.5GiB
busy_chaplygin: CPU: 100.00%, Memory: 2.988GiB / 251.5GiB
busy_chaplygin: CPU: 99.47%, Memory: 2.988GiB / 251.5GiB
busy_chaplygin: CPU: 99.47%, Memory: 2.988GiB / 251.5GiB
busy_chaplygin: CPU: 100.24%, Memory: 2.988GiB / 251.5GiB
busy_chaplygin: CPU: 99.72%, Memory: 6.142GiB / 251.5GiB
busy_chaplygin: CPU: 613.02%, Memory: 7.614GiB / 251.5GiB
busy_chaplygin: CPU: 1586.74%, Memory: 7.613GiB / 251.5GiB
busy_chaplygin: CPU: 1589.77%, Memory: 7.613GiB / 251.5GiB
busy_chaplygin: CPU: 100.18%, Memory: 6.275GiB / 251.5GiB
busy_chaplygin: CPU: 766.11%, Memory: 7.628GiB / 251.5GiB
busy_chaplygin: CPU: 1583.46%, Memory: 7.627GiB / 251.5GiB
busy_chaplygin: CPU: 1586.76%, Memory: 7.627GiB / 251.5GiB
busy_chaplygin: CPU: 1588.09%, Memory: 7.631GiB / 251.5GiB
busy_chaplygin: CPU: 1583.11%, Memory: 7.637GiB / 251.5GiB
busy_chaplygin: CPU: 829.70%, Memory: 7.64GiB / 251.5GiB
busy_chaplygin: CPU: 100.18%, Memory: 6.067GiB / 251.5GiB
distracted_benz: CPU: 100.21%, Memory: 2.537GiB / 251.5GiB
distracted_benz: CPU: 99.87%, Memory: 2.989GiB / 251.5GiB
distracted_benz: CPU: 99.75%, Memory: 2.988GiB / 251.5GiB
distracted_benz: CPU: 99.71%, Memory: 2.988GiB / 251.5GiB
distracted_benz: CPU: 99.62%, Memory: 2.988GiB / 251.5GiB
distracted_benz: CPU: 99.56%, Memory: 2.988GiB / 251.5GiB
distracted_benz: CPU: 99.56%, Memory: 2.988GiB / 251.5GiB
distracted_benz: CPU: 99.44%, Memory: 2.988GiB / 251.5GiB
distracted_benz: CPU: 100.27%, Memory: 2.988GiB / 251.5GiB
distracted_benz: CPU: 99.87%, Memory: 2.988GiB / 251.5GiB
distracted_benz: CPU: 99.75%, Memory: 6.206GiB / 251.5GiB
distracted_benz: CPU: 742.91%, Memory: 7.614GiB / 251.5GiB
distracted_benz: CPU: 1582.51%, Memory: 7.613GiB / 251.5GiB
distracted_benz: CPU: 1587.00%, Memory: 7.613GiB / 251.5GiB
distracted_benz: CPU: 100.08%, Memory: 6.214GiB / 251.5GiB
distracted_benz: CPU: 631.31%, Memory: 7.628GiB / 251.5GiB
distracted_benz: CPU: 1585.78%, Memory: 7.627GiB / 251.5GiB
distracted_benz: CPU: 1586.47%, Memory: 7.627GiB / 251.5GiB
distracted_benz: CPU: 1590.80%, Memory: 7.631GiB / 251.5GiB
distracted_benz: CPU: 1583.27%, Memory: 7.638GiB / 251.5GiB
distracted_benz: CPU: 857.29%, Memory: 7.64GiB / 251.5GiB
distracted_benz: CPU: 99.87%, Memory: 6.067GiB / 251.5GiB
