nice_edison: CPU: 148.63%, Memory: 766.8MiB / 251.5GiB
nice_edison: CPU: 101.52%, Memory: 766.8MiB / 251.5GiB
nice_edison: CPU: 100.63%, Memory: 766.8MiB / 251.5GiB
nice_edison: CPU: 100.69%, Memory: 766.8MiB / 251.5GiB
nice_edison: CPU: 99.74%, Memory: 766.8MiB / 251.5GiB
nice_edison: CPU: 99.34%, Memory: 766.8MiB / 251.5GiB
nice_edison: CPU: 880.24%, Memory: 1.686GiB / 251.5GiB
nice_edison: CPU: 991.54%, Memory: 1.545GiB / 251.5GiB
happy_keller: CPU: 99.77%, Memory: 766.8MiB / 251.5GiB
happy_keller: CPU: 100.18%, Memory: 766.8MiB / 251.5GiB
happy_keller: CPU: 100.06%, Memory: 766.8MiB / 251.5GiB
happy_keller: CPU: 100.94%, Memory: 766.8MiB / 251.5GiB
happy_keller: CPU: 100.81%, Memory: 766.8MiB / 251.5GiB
happy_keller: CPU: 99.34%, Memory: 766.8MiB / 251.5GiB
happy_keller: CPU: 864.74%, Memory: 1.702GiB / 251.5GiB
happy_keller: CPU: 1197.57%, Memory: 1.957GiB / 251.5GiB
optimistic_matsumoto: CPU: 144.81%, Memory: 766.8MiB / 251.5GiB
optimistic_matsumoto: CPU: 100.00%, Memory: 766.8MiB / 251.5GiB
optimistic_matsumoto: CPU: 100.00%, Memory: 766.8MiB / 251.5GiB
optimistic_matsumoto: CPU: 100.21%, Memory: 766.8MiB / 251.5GiB
optimistic_matsumoto: CPU: 101.48%, Memory: 766.8MiB / 251.5GiB
optimistic_matsumoto: CPU: 101.34%, Memory: 766.8MiB / 251.5GiB
optimistic_matsumoto: CPU: 941.87%, Memory: 1.652GiB / 251.5GiB
optimistic_matsumoto: CPU: 1069.09%, Memory: 1.546GiB / 251.5GiB
relaxed_edison6: CPU: 127.30%, Memory: 766.9MiB / 251.5GiB
relaxed_edison6: CPU: 99.75%, Memory: 766.8MiB / 251.5GiB
relaxed_edison6: CPU: 100.00%, Memory: 766.8MiB / 251.5GiB
relaxed_edison6: CPU: 100.94%, Memory: 766.8MiB / 251.5GiB
relaxed_edison6: CPU: 98.61%, Memory: 766.8MiB / 251.5GiB
relaxed_edison6: CPU: 101.39%, Memory: 766.8MiB / 251.5GiB
relaxed_edison6: CPU: 1379.78%, Memory: 1.945GiB / 251.5GiB
relaxed_edison6: CPU: 1532.12%, Memory: 1.957GiB / 251.5GiB
mystifying_roentgen: CPU: 170.75%, Memory: 766.8MiB / 251.5GiB
mystifying_roentgen: CPU: 100.24%, Memory: 766.8MiB / 251.5GiB
mystifying_roentgen: CPU: 101.28%, Memory: 766.8MiB / 251.5GiB
mystifying_roentgen: CPU: 100.33%, Memory: 766.8MiB / 251.5GiB
mystifying_roentgen: CPU: 100.63%, Memory: 766.8MiB / 251.5GiB
mystifying_roentgen: CPU: 101.28%, Memory: 766.8MiB / 251.5GiB
mystifying_roentgen: CPU: 1062.59%, Memory: 1.564GiB / 251.5GiB
mystifying_roentgen: CPU: 1157.49%, Memory: 1.957GiB / 251.5GiB
inspiring_yalow: CPU: 123.84%, Memory: 766.9MiB / 251.5GiB
inspiring_yalow: CPU: 99.71%, Memory: 766.9MiB / 251.5GiB
inspiring_yalow: CPU: 100.00%, Memory: 766.9MiB / 251.5GiB
inspiring_yalow: CPU: 100.31%, Memory: 766.9MiB / 251.5GiB
inspiring_yalow: CPU: 100.82%, Memory: 766.8MiB / 251.5GiB
inspiring_yalow: CPU: 100.37%, Memory: 766.8MiB / 251.5GiB
inspiring_yalow: CPU: 869.31%, Memory: 1.693GiB / 251.5GiB
inspiring_yalow: CPU: 937.33%, Memory: 1.545GiB / 251.5GiB
busy_mahavira: CPU: 101.65%, Memory: 767MiB / 251.5GiB
busy_mahavira: CPU: 98.89%, Memory: 767MiB / 251.5GiB
busy_mahavira: CPU: 101.46%, Memory: 767MiB / 251.5GiB
busy_mahavira: CPU: 101.51%, Memory: 766.8MiB / 251.5GiB
busy_mahavira: CPU: 100.75%, Memory: 766.8MiB / 251.5GiB
busy_mahavira: CPU: 99.93%, Memory: 766.8MiB / 251.5GiB
busy_mahavira: CPU: 937.40%, Memory: 1.649GiB / 251.5GiB
busy_mahavira: CPU: 1066.07%, Memory: 1.545GiB / 251.5GiB
charming_rhodes: CPU: 151.75%, Memory: 766.8MiB / 251.5GiB
charming_rhodes: CPU: 101.01%, Memory: 766.8MiB / 251.5GiB
charming_rhodes: CPU: 100.65%, Memory: 766.8MiB / 251.5GiB
charming_rhodes: CPU: 99.56%, Memory: 766.8MiB / 251.5GiB
charming_rhodes: CPU: 99.62%, Memory: 766.8MiB / 251.5GiB
charming_rhodes: CPU: 99.44%, Memory: 766.8MiB / 251.5GiB
charming_rhodes: CPU: 964.29%, Memory: 1.627GiB / 251.5GiB
charming_rhodes: CPU: 1203.67%, Memory: 1.957GiB / 251.5GiB
sharp_jackson: CPU: 166.27%, Memory: 767MiB / 251.5GiB
sharp_jackson: CPU: 100.81%, Memory: 767MiB / 251.5GiB
sharp_jackson: CPU: 99.28%, Memory: 766.8MiB / 251.5GiB
sharp_jackson: CPU: 100.59%, Memory: 766.8MiB / 251.5GiB
sharp_jackson: CPU: 100.31%, Memory: 766.8MiB / 251.5GiB
sharp_jackson: CPU: 99.87%, Memory: 766.8MiB / 251.5GiB
sharp_jackson: CPU: 1160.98%, Memory: 1.945GiB / 251.5GiB
sharp_jackson: CPU: 1296.82%, Memory: 1.957GiB / 251.5GiB
silly_curran: CPU: 136.05%, Memory: 766.9MiB / 251.5GiB
silly_curran: CPU: 101.13%, Memory: 766.8MiB / 251.5GiB
silly_curran: CPU: 100.02%, Memory: 766.8MiB / 251.5GiB
silly_curran: CPU: 100.25%, Memory: 766.8MiB / 251.5GiB
silly_curran: CPU: 100.75%, Memory: 766.8MiB / 251.5GiB
silly_curran: CPU: 100.90%, Memory: 766.8MiB / 251.5GiB
silly_curran: CPU: 957.93%, Memory: 1.647GiB / 251.5GiB
silly_curran: CPU: 1057.58%, Memory: 1.545GiB / 251.5GiB
