competent_newton: CPU: 113.57%, Memory: 669.8MiB / 251.5GiB
competent_newton: CPU: 169.61%, Memory: 1.328GiB / 251.5GiB
competent_newton: CPU: 232.06%, Memory: 1.328GiB / 251.5GiB
competent_newton: CPU: 189.58%, Memory: 1.328GiB / 251.5GiB
competent_newton: CPU: 175.88%, Memory: 1.328GiB / 251.5GiB
competent_newton: CPU: 187.99%, Memory: 1.328GiB / 251.5GiB
competent_newton: CPU: 168.69%, Memory: 1.328GiB / 251.5GiB
competent_newton: CPU: 222.38%, Memory: 1.328GiB / 251.5GiB
competent_newton: CPU: 227.96%, Memory: 1.328GiB / 251.5GiB
competent_newton: CPU: 223.16%, Memory: 1.332GiB / 251.5GiB
competent_newton: CPU: 213.66%, Memory: 1.332GiB / 251.5GiB
competent_newton: CPU: 151.84%, Memory: 1.332GiB / 251.5GiB
competent_newton: CPU: 172.64%, Memory: 1.332GiB / 251.5GiB
competent_newton: CPU: 184.88%, Memory: 1.332GiB / 251.5GiB
competent_newton: CPU: 179.03%, Memory: 1.332GiB / 251.5GiB
competent_newton: CPU: 175.04%, Memory: 1.332GiB / 251.5GiB
competent_newton: CPU: 163.36%, Memory: 1.332GiB / 251.5GiB
competent_newton: CPU: 179.20%, Memory: 1.332GiB / 251.5GiB
competent_newton: CPU: 172.71%, Memory: 1.332GiB / 251.5GiB
competent_newton: CPU: 177.40%, Memory: 1.332GiB / 251.5GiB
competent_newton: CPU: 174.41%, Memory: 1.332GiB / 251.5GiB
competent_newton: CPU: 177.94%, Memory: 1.332GiB / 251.5GiB
competent_newton: CPU: 171.84%, Memory: 1.332GiB / 251.5GiB
competent_newton: CPU: 235.06%, Memory: 1.332GiB / 251.5GiB
competent_newton: CPU: 184.19%, Memory: 1.332GiB / 251.5GiB
competent_newton: CPU: 156.82%, Memory: 1.332GiB / 251.5GiB
competent_newton: CPU: 169.45%, Memory: 1.332GiB / 251.5GiB
competent_newton: CPU: 172.08%, Memory: 1.332GiB / 251.5GiB
competent_newton: CPU: 197.25%, Memory: 1.332GiB / 251.5GiB
competent_newton: CPU: 179.50%, Memory: 1.332GiB / 251.5GiB
competent_newton: CPU: 171.31%, Memory: 1.333GiB / 251.5GiB
competent_newton: CPU: 173.77%, Memory: 1.332GiB / 251.5GiB
competent_newton: CPU: 175.95%, Memory: 1.332GiB / 251.5GiB
competent_newton: CPU: 190.30%, Memory: 1.333GiB / 251.5GiB
competent_newton: CPU: 182.68%, Memory: 1.332GiB / 251.5GiB
competent_newton: CPU: 181.35%, Memory: 1.332GiB / 251.5GiB
competent_newton: CPU: 164.34%, Memory: 1.332GiB / 251.5GiB
competent_newton: CPU: 186.84%, Memory: 1.333GiB / 251.5GiB
competent_newton: CPU: 166.00%, Memory: 1.332GiB / 251.5GiB
competent_newton: CPU: 176.21%, Memory: 1.332GiB / 251.5GiB
competent_newton: CPU: 202.17%, Memory: 1.333GiB / 251.5GiB
competent_newton: CPU: 226.94%, Memory: 1.333GiB / 251.5GiB
competent_newton: CPU: 193.81%, Memory: 1.333GiB / 251.5GiB
competent_newton: CPU: 222.67%, Memory: 1.332GiB / 251.5GiB
competent_newton: CPU: 177.01%, Memory: 1.332GiB / 251.5GiB
competent_newton: CPU: 169.79%, Memory: 1.333GiB / 251.5GiB
competent_newton: CPU: 153.45%, Memory: 1.332GiB / 251.5GiB
competent_newton: CPU: 180.65%, Memory: 1.333GiB / 251.5GiB
competent_newton: CPU: 157.79%, Memory: 1.332GiB / 251.5GiB
competent_newton: CPU: 186.05%, Memory: 1.332GiB / 251.5GiB
competent_newton: CPU: 176.69%, Memory: 1.333GiB / 251.5GiB
competent_newton: CPU: 177.54%, Memory: 1.333GiB / 251.5GiB
competent_newton: CPU: 161.84%, Memory: 1.332GiB / 251.5GiB
competent_newton: CPU: 162.16%, Memory: 1.333GiB / 251.5GiB
competent_newton: CPU: 164.38%, Memory: 1.333GiB / 251.5GiB
competent_newton: CPU: 184.76%, Memory: 1.333GiB / 251.5GiB
competent_newton: CPU: 164.80%, Memory: 1.332GiB / 251.5GiB
competent_newton: CPU: 177.33%, Memory: 1.332GiB / 251.5GiB
competent_newton: CPU: 172.20%, Memory: 1.333GiB / 251.5GiB
competent_newton: CPU: 155.52%, Memory: 1.333GiB / 251.5GiB
competent_newton: CPU: 169.92%, Memory: 1.333GiB / 251.5GiB
competent_newton: CPU: 156.52%, Memory: 1.333GiB / 251.5GiB
competent_newton: CPU: 154.35%, Memory: 1.333GiB / 251.5GiB
competent_newton: CPU: 146.53%, Memory: 1.333GiB / 251.5GiB
competent_newton: CPU: 194.80%, Memory: 1.351GiB / 251.5GiB
competent_newton: CPU: 176.57%, Memory: 1.351GiB / 251.5GiB
competent_newton: CPU: 164.49%, Memory: 1.351GiB / 251.5GiB
competent_newton: CPU: 179.07%, Memory: 1.351GiB / 251.5GiB
competent_newton: CPU: 175.86%, Memory: 1.351GiB / 251.5GiB
competent_newton: CPU: 175.14%, Memory: 1.351GiB / 251.5GiB
competent_newton: CPU: 169.39%, Memory: 1.351GiB / 251.5GiB
competent_newton: CPU: 180.81%, Memory: 1.351GiB / 251.5GiB
competent_newton: CPU: 172.04%, Memory: 1.352GiB / 251.5GiB
competent_newton: CPU: 196.48%, Memory: 1.352GiB / 251.5GiB
competent_newton: CPU: 168.50%, Memory: 1.352GiB / 251.5GiB
competent_newton: CPU: 165.02%, Memory: 1.352GiB / 251.5GiB
competent_newton: CPU: 186.13%, Memory: 1.352GiB / 251.5GiB
competent_newton: CPU: 181.08%, Memory: 1.352GiB / 251.5GiB
competent_newton: CPU: 167.77%, Memory: 1.352GiB / 251.5GiB
competent_newton: CPU: 147.35%, Memory: 1.352GiB / 251.5GiB
competent_newton: CPU: 158.48%, Memory: 1.352GiB / 251.5GiB
competent_newton: CPU: 189.41%, Memory: 1.353GiB / 251.5GiB
competent_newton: CPU: 182.41%, Memory: 1.353GiB / 251.5GiB
competent_newton: CPU: 170.20%, Memory: 1.353GiB / 251.5GiB
competent_newton: CPU: 159.34%, Memory: 1.353GiB / 251.5GiB
competent_newton: CPU: 153.67%, Memory: 1.353GiB / 251.5GiB
competent_newton: CPU: 156.79%, Memory: 1.353GiB / 251.5GiB
competent_newton: CPU: 192.66%, Memory: 1.353GiB / 251.5GiB
competent_newton: CPU: 163.84%, Memory: 1.353GiB / 251.5GiB
competent_newton: CPU: 209.16%, Memory: 1.54GiB / 251.5GiB
competent_newton: CPU: 152.36%, Memory: 1.57GiB / 251.5GiB
competent_newton: CPU: 156.98%, Memory: 1.675GiB / 251.5GiB
competent_newton: CPU: 110.59%, Memory: 1.917GiB / 251.5GiB
competent_newton: CPU: 176.64%, Memory: 2.055GiB / 251.5GiB
competent_newton: CPU: 174.09%, Memory: 2.055GiB / 251.5GiB
competent_newton: CPU: 225.85%, Memory: 2.055GiB / 251.5GiB
competent_newton: CPU: 170.76%, Memory: 2.055GiB / 251.5GiB
competent_newton: CPU: 195.21%, Memory: 2.055GiB / 251.5GiB
competent_newton: CPU: 154.56%, Memory: 2.055GiB / 251.5GiB
competent_newton: CPU: 173.47%, Memory: 2.055GiB / 251.5GiB
competent_newton: CPU: 173.46%, Memory: 2.055GiB / 251.5GiB
competent_newton: CPU: 155.27%, Memory: 2.058GiB / 251.5GiB
competent_newton: CPU: 143.35%, Memory: 2.058GiB / 251.5GiB
competent_newton: CPU: 171.70%, Memory: 2.058GiB / 251.5GiB
competent_newton: CPU: 179.51%, Memory: 1.871GiB / 251.5GiB
competent_newton: CPU: 170.41%, Memory: 1018MiB / 251.5GiB
competent_newton: CPU: 177.60%, Memory: 949.9MiB / 251.5GiB
competent_newton: CPU: 169.92%, Memory: 635.5MiB / 251.5GiB
strange_mahavira: CPU: 123.21%, Memory: 907MiB / 251.5GiB
strange_mahavira: CPU: 237.96%, Memory: 1.328GiB / 251.5GiB
strange_mahavira: CPU: 177.99%, Memory: 1.328GiB / 251.5GiB
strange_mahavira: CPU: 170.34%, Memory: 1.328GiB / 251.5GiB
strange_mahavira: CPU: 163.67%, Memory: 1.328GiB / 251.5GiB
strange_mahavira: CPU: 184.48%, Memory: 1.328GiB / 251.5GiB
strange_mahavira: CPU: 172.39%, Memory: 1.328GiB / 251.5GiB
strange_mahavira: CPU: 180.28%, Memory: 1.328GiB / 251.5GiB
strange_mahavira: CPU: 174.89%, Memory: 1.328GiB / 251.5GiB
strange_mahavira: CPU: 171.68%, Memory: 1.328GiB / 251.5GiB
strange_mahavira: CPU: 157.89%, Memory: 1.328GiB / 251.5GiB
strange_mahavira: CPU: 178.36%, Memory: 1.333GiB / 251.5GiB
strange_mahavira: CPU: 165.04%, Memory: 1.332GiB / 251.5GiB
strange_mahavira: CPU: 158.04%, Memory: 1.332GiB / 251.5GiB
strange_mahavira: CPU: 194.78%, Memory: 1.332GiB / 251.5GiB
strange_mahavira: CPU: 170.89%, Memory: 1.332GiB / 251.5GiB
strange_mahavira: CPU: 175.22%, Memory: 1.332GiB / 251.5GiB
strange_mahavira: CPU: 167.71%, Memory: 1.332GiB / 251.5GiB
strange_mahavira: CPU: 181.27%, Memory: 1.332GiB / 251.5GiB
strange_mahavira: CPU: 173.70%, Memory: 1.333GiB / 251.5GiB
strange_mahavira: CPU: 168.09%, Memory: 1.332GiB / 251.5GiB
strange_mahavira: CPU: 174.06%, Memory: 1.332GiB / 251.5GiB
strange_mahavira: CPU: 162.85%, Memory: 1.332GiB / 251.5GiB
strange_mahavira: CPU: 186.92%, Memory: 1.332GiB / 251.5GiB
strange_mahavira: CPU: 219.92%, Memory: 1.332GiB / 251.5GiB
strange_mahavira: CPU: 172.51%, Memory: 1.332GiB / 251.5GiB
strange_mahavira: CPU: 195.77%, Memory: 1.332GiB / 251.5GiB
strange_mahavira: CPU: 189.98%, Memory: 1.332GiB / 251.5GiB
strange_mahavira: CPU: 214.84%, Memory: 1.332GiB / 251.5GiB
strange_mahavira: CPU: 211.18%, Memory: 1.332GiB / 251.5GiB
strange_mahavira: CPU: 194.58%, Memory: 1.332GiB / 251.5GiB
strange_mahavira: CPU: 157.08%, Memory: 1.334GiB / 251.5GiB
strange_mahavira: CPU: 169.06%, Memory: 1.333GiB / 251.5GiB
strange_mahavira: CPU: 201.00%, Memory: 1.333GiB / 251.5GiB
strange_mahavira: CPU: 214.45%, Memory: 1.332GiB / 251.5GiB
strange_mahavira: CPU: 225.72%, Memory: 1.332GiB / 251.5GiB
strange_mahavira: CPU: 215.88%, Memory: 1.332GiB / 251.5GiB
strange_mahavira: CPU: 214.76%, Memory: 1.332GiB / 251.5GiB
strange_mahavira: CPU: 196.86%, Memory: 1.332GiB / 251.5GiB
strange_mahavira: CPU: 154.71%, Memory: 1.333GiB / 251.5GiB
strange_mahavira: CPU: 180.84%, Memory: 1.333GiB / 251.5GiB
strange_mahavira: CPU: 173.15%, Memory: 1.332GiB / 251.5GiB
strange_mahavira: CPU: 174.86%, Memory: 1.332GiB / 251.5GiB
strange_mahavira: CPU: 179.15%, Memory: 1.332GiB / 251.5GiB
strange_mahavira: CPU: 164.61%, Memory: 1.332GiB / 251.5GiB
strange_mahavira: CPU: 160.15%, Memory: 1.333GiB / 251.5GiB
strange_mahavira: CPU: 183.76%, Memory: 1.333GiB / 251.5GiB
strange_mahavira: CPU: 163.64%, Memory: 1.332GiB / 251.5GiB
strange_mahavira: CPU: 175.74%, Memory: 1.333GiB / 251.5GiB
strange_mahavira: CPU: 214.51%, Memory: 1.333GiB / 251.5GiB
strange_mahavira: CPU: 231.28%, Memory: 1.333GiB / 251.5GiB
strange_mahavira: CPU: 221.61%, Memory: 1.333GiB / 251.5GiB
strange_mahavira: CPU: 215.15%, Memory: 1.332GiB / 251.5GiB
strange_mahavira: CPU: 169.02%, Memory: 1.332GiB / 251.5GiB
strange_mahavira: CPU: 163.74%, Memory: 1.332GiB / 251.5GiB
strange_mahavira: CPU: 191.64%, Memory: 1.332GiB / 251.5GiB
strange_mahavira: CPU: 226.57%, Memory: 1.333GiB / 251.5GiB
strange_mahavira: CPU: 189.98%, Memory: 1.333GiB / 251.5GiB
strange_mahavira: CPU: 161.50%, Memory: 1.333GiB / 251.5GiB
strange_mahavira: CPU: 153.93%, Memory: 1.351GiB / 251.5GiB
strange_mahavira: CPU: 167.24%, Memory: 1.351GiB / 251.5GiB
strange_mahavira: CPU: 170.93%, Memory: 1.351GiB / 251.5GiB
strange_mahavira: CPU: 168.05%, Memory: 1.351GiB / 251.5GiB
strange_mahavira: CPU: 168.47%, Memory: 1.351GiB / 251.5GiB
strange_mahavira: CPU: 158.80%, Memory: 1.351GiB / 251.5GiB
strange_mahavira: CPU: 149.43%, Memory: 1.351GiB / 251.5GiB
strange_mahavira: CPU: 155.04%, Memory: 1.351GiB / 251.5GiB
strange_mahavira: CPU: 156.42%, Memory: 1.351GiB / 251.5GiB
strange_mahavira: CPU: 159.37%, Memory: 1.351GiB / 251.5GiB
strange_mahavira: CPU: 181.99%, Memory: 1.351GiB / 251.5GiB
strange_mahavira: CPU: 177.78%, Memory: 1.351GiB / 251.5GiB
strange_mahavira: CPU: 186.92%, Memory: 1.351GiB / 251.5GiB
strange_mahavira: CPU: 177.16%, Memory: 1.351GiB / 251.5GiB
strange_mahavira: CPU: 171.17%, Memory: 1.351GiB / 251.5GiB
strange_mahavira: CPU: 192.92%, Memory: 1.351GiB / 251.5GiB
strange_mahavira: CPU: 205.25%, Memory: 1.352GiB / 251.5GiB
strange_mahavira: CPU: 195.53%, Memory: 1.352GiB / 251.5GiB
strange_mahavira: CPU: 199.21%, Memory: 1.352GiB / 251.5GiB
strange_mahavira: CPU: 182.44%, Memory: 1.352GiB / 251.5GiB
strange_mahavira: CPU: 172.37%, Memory: 1.352GiB / 251.5GiB
strange_mahavira: CPU: 156.57%, Memory: 1.352GiB / 251.5GiB
strange_mahavira: CPU: 174.52%, Memory: 1.352GiB / 251.5GiB
strange_mahavira: CPU: 193.71%, Memory: 1.352GiB / 251.5GiB
strange_mahavira: CPU: 197.12%, Memory: 1.539GiB / 251.5GiB
strange_mahavira: CPU: 157.03%, Memory: 1.569GiB / 251.5GiB
strange_mahavira: CPU: 133.09%, Memory: 1.629GiB / 251.5GiB
strange_mahavira: CPU: 168.07%, Memory: 1.709GiB / 251.5GiB
strange_mahavira: CPU: 181.40%, Memory: 2.054GiB / 251.5GiB
strange_mahavira: CPU: 176.57%, Memory: 2.054GiB / 251.5GiB
strange_mahavira: CPU: 184.26%, Memory: 2.054GiB / 251.5GiB
strange_mahavira: CPU: 167.05%, Memory: 2.054GiB / 251.5GiB
strange_mahavira: CPU: 175.16%, Memory: 2.054GiB / 251.5GiB
strange_mahavira: CPU: 220.22%, Memory: 2.054GiB / 251.5GiB
strange_mahavira: CPU: 176.89%, Memory: 2.054GiB / 251.5GiB
strange_mahavira: CPU: 216.92%, Memory: 2.054GiB / 251.5GiB
strange_mahavira: CPU: 229.74%, Memory: 2.057GiB / 251.5GiB
strange_mahavira: CPU: 206.37%, Memory: 2.057GiB / 251.5GiB
strange_mahavira: CPU: 167.23%, Memory: 2.057GiB / 251.5GiB
strange_mahavira: CPU: 152.09%, Memory: 1017MiB / 251.5GiB
strange_mahavira: CPU: 152.94%, Memory: 1017MiB / 251.5GiB
strange_mahavira: CPU: 171.86%, Memory: 634.6MiB / 251.5GiB
strange_mahavira: CPU: 134.23%, Memory: 634.6MiB / 251.5GiB
magical_tu: CPU: 135.26%, Memory: 1.212GiB / 251.5GiB
magical_tu: CPU: 197.39%, Memory: 1.328GiB / 251.5GiB
magical_tu: CPU: 184.10%, Memory: 1.328GiB / 251.5GiB
magical_tu: CPU: 198.45%, Memory: 1.328GiB / 251.5GiB
magical_tu: CPU: 200.39%, Memory: 1.328GiB / 251.5GiB
magical_tu: CPU: 221.74%, Memory: 1.328GiB / 251.5GiB
magical_tu: CPU: 179.77%, Memory: 1.328GiB / 251.5GiB
magical_tu: CPU: 177.36%, Memory: 1.332GiB / 251.5GiB
magical_tu: CPU: 166.62%, Memory: 1.332GiB / 251.5GiB
magical_tu: CPU: 165.53%, Memory: 1.332GiB / 251.5GiB
magical_tu: CPU: 169.41%, Memory: 1.332GiB / 251.5GiB
magical_tu: CPU: 172.70%, Memory: 1.332GiB / 251.5GiB
magical_tu: CPU: 175.27%, Memory: 1.332GiB / 251.5GiB
magical_tu: CPU: 203.70%, Memory: 1.333GiB / 251.5GiB
magical_tu: CPU: 190.88%, Memory: 1.332GiB / 251.5GiB
magical_tu: CPU: 176.98%, Memory: 1.332GiB / 251.5GiB
magical_tu: CPU: 173.75%, Memory: 1.332GiB / 251.5GiB
magical_tu: CPU: 201.49%, Memory: 1.332GiB / 251.5GiB
magical_tu: CPU: 175.00%, Memory: 1.332GiB / 251.5GiB
magical_tu: CPU: 157.01%, Memory: 1.332GiB / 251.5GiB
magical_tu: CPU: 169.67%, Memory: 1.333GiB / 251.5GiB
magical_tu: CPU: 165.36%, Memory: 1.332GiB / 251.5GiB
magical_tu: CPU: 161.59%, Memory: 1.333GiB / 251.5GiB
magical_tu: CPU: 173.34%, Memory: 1.333GiB / 251.5GiB
magical_tu: CPU: 198.90%, Memory: 1.332GiB / 251.5GiB
magical_tu: CPU: 193.17%, Memory: 1.332GiB / 251.5GiB
magical_tu: CPU: 226.13%, Memory: 1.332GiB / 251.5GiB
magical_tu: CPU: 262.17%, Memory: 1.332GiB / 251.5GiB
magical_tu: CPU: 198.90%, Memory: 1.333GiB / 251.5GiB
magical_tu: CPU: 187.63%, Memory: 1.332GiB / 251.5GiB
magical_tu: CPU: 199.56%, Memory: 1.332GiB / 251.5GiB
magical_tu: CPU: 160.82%, Memory: 1.332GiB / 251.5GiB
magical_tu: CPU: 167.06%, Memory: 1.333GiB / 251.5GiB
magical_tu: CPU: 161.45%, Memory: 1.332GiB / 251.5GiB
magical_tu: CPU: 173.68%, Memory: 1.332GiB / 251.5GiB
magical_tu: CPU: 164.08%, Memory: 1.332GiB / 251.5GiB
magical_tu: CPU: 210.68%, Memory: 1.333GiB / 251.5GiB
magical_tu: CPU: 178.33%, Memory: 1.332GiB / 251.5GiB
magical_tu: CPU: 201.63%, Memory: 1.332GiB / 251.5GiB
magical_tu: CPU: 217.90%, Memory: 1.333GiB / 251.5GiB
magical_tu: CPU: 214.94%, Memory: 1.332GiB / 251.5GiB
magical_tu: CPU: 207.70%, Memory: 1.332GiB / 251.5GiB
magical_tu: CPU: 212.30%, Memory: 1.332GiB / 251.5GiB
magical_tu: CPU: 204.10%, Memory: 1.333GiB / 251.5GiB
magical_tu: CPU: 188.04%, Memory: 1.333GiB / 251.5GiB
magical_tu: CPU: 180.72%, Memory: 1.333GiB / 251.5GiB
magical_tu: CPU: 162.34%, Memory: 1.332GiB / 251.5GiB
magical_tu: CPU: 138.85%, Memory: 1.332GiB / 251.5GiB
magical_tu: CPU: 141.69%, Memory: 1.332GiB / 251.5GiB
magical_tu: CPU: 151.41%, Memory: 1.333GiB / 251.5GiB
magical_tu: CPU: 150.26%, Memory: 1.333GiB / 251.5GiB
magical_tu: CPU: 168.85%, Memory: 1.333GiB / 251.5GiB
magical_tu: CPU: 148.87%, Memory: 1.334GiB / 251.5GiB
magical_tu: CPU: 159.49%, Memory: 1.35GiB / 251.5GiB
magical_tu: CPU: 172.69%, Memory: 1.351GiB / 251.5GiB
magical_tu: CPU: 199.66%, Memory: 1.351GiB / 251.5GiB
magical_tu: CPU: 205.42%, Memory: 1.351GiB / 251.5GiB
magical_tu: CPU: 190.34%, Memory: 1.351GiB / 251.5GiB
magical_tu: CPU: 209.74%, Memory: 1.351GiB / 251.5GiB
magical_tu: CPU: 190.44%, Memory: 1.351GiB / 251.5GiB
magical_tu: CPU: 183.41%, Memory: 1.351GiB / 251.5GiB
magical_tu: CPU: 203.94%, Memory: 1.351GiB / 251.5GiB
magical_tu: CPU: 222.66%, Memory: 1.351GiB / 251.5GiB
magical_tu: CPU: 227.20%, Memory: 1.351GiB / 251.5GiB
magical_tu: CPU: 224.95%, Memory: 1.351GiB / 251.5GiB
magical_tu: CPU: 220.85%, Memory: 1.351GiB / 251.5GiB
magical_tu: CPU: 175.80%, Memory: 1.351GiB / 251.5GiB
magical_tu: CPU: 208.59%, Memory: 1.352GiB / 251.5GiB
magical_tu: CPU: 185.48%, Memory: 1.352GiB / 251.5GiB
magical_tu: CPU: 188.27%, Memory: 1.352GiB / 251.5GiB
magical_tu: CPU: 207.67%, Memory: 1.352GiB / 251.5GiB
magical_tu: CPU: 223.11%, Memory: 1.352GiB / 251.5GiB
magical_tu: CPU: 248.11%, Memory: 1.352GiB / 251.5GiB
magical_tu: CPU: 158.22%, Memory: 1.352GiB / 251.5GiB
magical_tu: CPU: 181.92%, Memory: 1.352GiB / 251.5GiB
magical_tu: CPU: 176.45%, Memory: 1.534GiB / 251.5GiB
magical_tu: CPU: 180.37%, Memory: 1.543GiB / 251.5GiB
magical_tu: CPU: 178.08%, Memory: 1.569GiB / 251.5GiB
magical_tu: CPU: 162.23%, Memory: 1.674GiB / 251.5GiB
magical_tu: CPU: 116.58%, Memory: 1.915GiB / 251.5GiB
magical_tu: CPU: 217.52%, Memory: 2.054GiB / 251.5GiB
magical_tu: CPU: 170.84%, Memory: 2.054GiB / 251.5GiB
magical_tu: CPU: 167.49%, Memory: 2.054GiB / 251.5GiB
magical_tu: CPU: 177.06%, Memory: 2.054GiB / 251.5GiB
magical_tu: CPU: 173.44%, Memory: 2.054GiB / 251.5GiB
magical_tu: CPU: 180.21%, Memory: 2.054GiB / 251.5GiB
magical_tu: CPU: 167.17%, Memory: 2.054GiB / 251.5GiB
magical_tu: CPU: 189.47%, Memory: 2.054GiB / 251.5GiB
magical_tu: CPU: 172.26%, Memory: 2.057GiB / 251.5GiB
magical_tu: CPU: 166.27%, Memory: 2.057GiB / 251.5GiB
magical_tu: CPU: 160.64%, Memory: 2.057GiB / 251.5GiB
magical_tu: CPU: 186.21%, Memory: 2.057GiB / 251.5GiB
magical_tu: CPU: 173.71%, Memory: 1.647GiB / 251.5GiB
magical_tu: CPU: 135.46%, Memory: 1017MiB / 251.5GiB
magical_tu: CPU: 167.64%, Memory: 1017MiB / 251.5GiB
magical_tu: CPU: 161.82%, Memory: 634.5MiB / 251.5GiB
magical_tu: CPU: 164.96%, Memory: 5.188MiB / 251.5GiB
brave_chaum: CPU: 146.73%, Memory: 1.323GiB / 251.5GiB
brave_chaum: CPU: 146.06%, Memory: 1.328GiB / 251.5GiB
brave_chaum: CPU: 182.92%, Memory: 1.328GiB / 251.5GiB
brave_chaum: CPU: 230.27%, Memory: 1.328GiB / 251.5GiB
brave_chaum: CPU: 168.60%, Memory: 1.328GiB / 251.5GiB
brave_chaum: CPU: 164.16%, Memory: 1.328GiB / 251.5GiB
brave_chaum: CPU: 161.09%, Memory: 1.328GiB / 251.5GiB
brave_chaum: CPU: 160.67%, Memory: 1.328GiB / 251.5GiB
brave_chaum: CPU: 166.90%, Memory: 1.328GiB / 251.5GiB
brave_chaum: CPU: 152.90%, Memory: 1.328GiB / 251.5GiB
brave_chaum: CPU: 165.22%, Memory: 1.328GiB / 251.5GiB
brave_chaum: CPU: 152.97%, Memory: 1.332GiB / 251.5GiB
brave_chaum: CPU: 156.26%, Memory: 1.332GiB / 251.5GiB
brave_chaum: CPU: 171.06%, Memory: 1.332GiB / 251.5GiB
brave_chaum: CPU: 167.92%, Memory: 1.332GiB / 251.5GiB
brave_chaum: CPU: 169.11%, Memory: 1.332GiB / 251.5GiB
brave_chaum: CPU: 173.54%, Memory: 1.332GiB / 251.5GiB
brave_chaum: CPU: 161.32%, Memory: 1.332GiB / 251.5GiB
brave_chaum: CPU: 152.81%, Memory: 1.332GiB / 251.5GiB
brave_chaum: CPU: 152.93%, Memory: 1.332GiB / 251.5GiB
brave_chaum: CPU: 163.95%, Memory: 1.332GiB / 251.5GiB
brave_chaum: CPU: 161.84%, Memory: 1.332GiB / 251.5GiB
brave_chaum: CPU: 178.30%, Memory: 1.332GiB / 251.5GiB
brave_chaum: CPU: 173.82%, Memory: 1.332GiB / 251.5GiB
brave_chaum: CPU: 173.73%, Memory: 1.332GiB / 251.5GiB
brave_chaum: CPU: 161.30%, Memory: 1.332GiB / 251.5GiB
brave_chaum: CPU: 174.66%, Memory: 1.332GiB / 251.5GiB
brave_chaum: CPU: 177.47%, Memory: 1.332GiB / 251.5GiB
brave_chaum: CPU: 179.58%, Memory: 1.332GiB / 251.5GiB
brave_chaum: CPU: 177.46%, Memory: 1.333GiB / 251.5GiB
brave_chaum: CPU: 178.47%, Memory: 1.332GiB / 251.5GiB
brave_chaum: CPU: 195.12%, Memory: 1.332GiB / 251.5GiB
brave_chaum: CPU: 212.76%, Memory: 1.332GiB / 251.5GiB
brave_chaum: CPU: 180.98%, Memory: 1.332GiB / 251.5GiB
brave_chaum: CPU: 175.58%, Memory: 1.332GiB / 251.5GiB
brave_chaum: CPU: 182.19%, Memory: 1.332GiB / 251.5GiB
brave_chaum: CPU: 178.99%, Memory: 1.332GiB / 251.5GiB
brave_chaum: CPU: 176.11%, Memory: 1.332GiB / 251.5GiB
brave_chaum: CPU: 180.75%, Memory: 1.333GiB / 251.5GiB
brave_chaum: CPU: 155.08%, Memory: 1.333GiB / 251.5GiB
brave_chaum: CPU: 172.91%, Memory: 1.332GiB / 251.5GiB
brave_chaum: CPU: 173.34%, Memory: 1.333GiB / 251.5GiB
brave_chaum: CPU: 171.44%, Memory: 1.333GiB / 251.5GiB
brave_chaum: CPU: 174.18%, Memory: 1.333GiB / 251.5GiB
brave_chaum: CPU: 155.50%, Memory: 1.333GiB / 251.5GiB
brave_chaum: CPU: 205.70%, Memory: 1.351GiB / 251.5GiB
brave_chaum: CPU: 155.87%, Memory: 1.35GiB / 251.5GiB
brave_chaum: CPU: 182.11%, Memory: 1.351GiB / 251.5GiB
brave_chaum: CPU: 182.23%, Memory: 1.351GiB / 251.5GiB
brave_chaum: CPU: 174.78%, Memory: 1.351GiB / 251.5GiB
brave_chaum: CPU: 167.51%, Memory: 1.351GiB / 251.5GiB
brave_chaum: CPU: 160.07%, Memory: 1.351GiB / 251.5GiB
brave_chaum: CPU: 160.83%, Memory: 1.351GiB / 251.5GiB
brave_chaum: CPU: 158.15%, Memory: 1.351GiB / 251.5GiB
brave_chaum: CPU: 174.06%, Memory: 1.351GiB / 251.5GiB
brave_chaum: CPU: 219.21%, Memory: 1.351GiB / 251.5GiB
brave_chaum: CPU: 246.53%, Memory: 1.351GiB / 251.5GiB
brave_chaum: CPU: 185.01%, Memory: 1.351GiB / 251.5GiB
brave_chaum: CPU: 169.81%, Memory: 1.351GiB / 251.5GiB
brave_chaum: CPU: 157.28%, Memory: 1.351GiB / 251.5GiB
brave_chaum: CPU: 167.24%, Memory: 1.351GiB / 251.5GiB
brave_chaum: CPU: 165.42%, Memory: 1.351GiB / 251.5GiB
brave_chaum: CPU: 172.58%, Memory: 1.352GiB / 251.5GiB
brave_chaum: CPU: 208.75%, Memory: 1.352GiB / 251.5GiB
brave_chaum: CPU: 167.74%, Memory: 1.352GiB / 251.5GiB
brave_chaum: CPU: 184.59%, Memory: 1.352GiB / 251.5GiB
brave_chaum: CPU: 159.14%, Memory: 1.352GiB / 251.5GiB
brave_chaum: CPU: 182.11%, Memory: 1.352GiB / 251.5GiB
brave_chaum: CPU: 187.56%, Memory: 1.352GiB / 251.5GiB
brave_chaum: CPU: 203.62%, Memory: 1.352GiB / 251.5GiB
brave_chaum: CPU: 151.74%, Memory: 1.352GiB / 251.5GiB
brave_chaum: CPU: 165.02%, Memory: 1.538GiB / 251.5GiB
brave_chaum: CPU: 153.25%, Memory: 1.569GiB / 251.5GiB
brave_chaum: CPU: 119.03%, Memory: 1.628GiB / 251.5GiB
brave_chaum: CPU: 168.21%, Memory: 1.694GiB / 251.5GiB
brave_chaum: CPU: 162.59%, Memory: 2.055GiB / 251.5GiB
brave_chaum: CPU: 183.90%, Memory: 2.054GiB / 251.5GiB
brave_chaum: CPU: 174.61%, Memory: 2.054GiB / 251.5GiB
brave_chaum: CPU: 217.55%, Memory: 2.054GiB / 251.5GiB
brave_chaum: CPU: 208.33%, Memory: 2.054GiB / 251.5GiB
brave_chaum: CPU: 159.18%, Memory: 2.054GiB / 251.5GiB
brave_chaum: CPU: 165.59%, Memory: 2.054GiB / 251.5GiB
brave_chaum: CPU: 198.94%, Memory: 2.054GiB / 251.5GiB
brave_chaum: CPU: 180.32%, Memory: 2.057GiB / 251.5GiB
brave_chaum: CPU: 176.83%, Memory: 2.057GiB / 251.5GiB
brave_chaum: CPU: 160.74%, Memory: 2.057GiB / 251.5GiB
brave_chaum: CPU: 158.55%, Memory: 2.057GiB / 251.5GiB
brave_chaum: CPU: 149.89%, Memory: 1017MiB / 251.5GiB
brave_chaum: CPU: 166.93%, Memory: 1017MiB / 251.5GiB
brave_chaum: CPU: 177.52%, Memory: 634.5MiB / 251.5GiB
brave_chaum: CPU: 167.20%, Memory: 634.8MiB / 251.5GiB
clever_davinci: CPU: 116.32%, Memory: 895.3MiB / 251.5GiB
clever_davinci: CPU: 195.96%, Memory: 1.328GiB / 251.5GiB
clever_davinci: CPU: 177.52%, Memory: 1.328GiB / 251.5GiB
clever_davinci: CPU: 190.79%, Memory: 1.328GiB / 251.5GiB
clever_davinci: CPU: 181.87%, Memory: 1.328GiB / 251.5GiB
clever_davinci: CPU: 207.78%, Memory: 1.328GiB / 251.5GiB
clever_davinci: CPU: 188.84%, Memory: 1.328GiB / 251.5GiB
clever_davinci: CPU: 187.71%, Memory: 1.328GiB / 251.5GiB
clever_davinci: CPU: 163.68%, Memory: 1.328GiB / 251.5GiB
clever_davinci: CPU: 161.07%, Memory: 1.328GiB / 251.5GiB
clever_davinci: CPU: 149.05%, Memory: 1.332GiB / 251.5GiB
clever_davinci: CPU: 178.01%, Memory: 1.332GiB / 251.5GiB
clever_davinci: CPU: 203.73%, Memory: 1.332GiB / 251.5GiB
clever_davinci: CPU: 160.61%, Memory: 1.332GiB / 251.5GiB
clever_davinci: CPU: 178.59%, Memory: 1.332GiB / 251.5GiB
clever_davinci: CPU: 222.81%, Memory: 1.332GiB / 251.5GiB
clever_davinci: CPU: 159.63%, Memory: 1.332GiB / 251.5GiB
clever_davinci: CPU: 147.92%, Memory: 1.332GiB / 251.5GiB
clever_davinci: CPU: 160.47%, Memory: 1.332GiB / 251.5GiB
clever_davinci: CPU: 172.27%, Memory: 1.332GiB / 251.5GiB
clever_davinci: CPU: 159.33%, Memory: 1.332GiB / 251.5GiB
clever_davinci: CPU: 155.87%, Memory: 1.333GiB / 251.5GiB
clever_davinci: CPU: 166.67%, Memory: 1.333GiB / 251.5GiB
clever_davinci: CPU: 161.77%, Memory: 1.332GiB / 251.5GiB
clever_davinci: CPU: 170.88%, Memory: 1.332GiB / 251.5GiB
clever_davinci: CPU: 181.31%, Memory: 1.332GiB / 251.5GiB
clever_davinci: CPU: 178.75%, Memory: 1.333GiB / 251.5GiB
clever_davinci: CPU: 170.30%, Memory: 1.332GiB / 251.5GiB
clever_davinci: CPU: 180.81%, Memory: 1.332GiB / 251.5GiB
clever_davinci: CPU: 175.86%, Memory: 1.332GiB / 251.5GiB
clever_davinci: CPU: 163.84%, Memory: 1.333GiB / 251.5GiB
clever_davinci: CPU: 156.25%, Memory: 1.333GiB / 251.5GiB
clever_davinci: CPU: 168.23%, Memory: 1.332GiB / 251.5GiB
clever_davinci: CPU: 208.45%, Memory: 1.333GiB / 251.5GiB
clever_davinci: CPU: 181.11%, Memory: 1.333GiB / 251.5GiB
clever_davinci: CPU: 194.74%, Memory: 1.351GiB / 251.5GiB
clever_davinci: CPU: 188.91%, Memory: 1.351GiB / 251.5GiB
clever_davinci: CPU: 164.77%, Memory: 1.351GiB / 251.5GiB
clever_davinci: CPU: 170.06%, Memory: 1.351GiB / 251.5GiB
clever_davinci: CPU: 158.99%, Memory: 1.351GiB / 251.5GiB
clever_davinci: CPU: 179.24%, Memory: 1.351GiB / 251.5GiB
clever_davinci: CPU: 187.62%, Memory: 1.351GiB / 251.5GiB
clever_davinci: CPU: 179.12%, Memory: 1.351GiB / 251.5GiB
clever_davinci: CPU: 170.94%, Memory: 1.351GiB / 251.5GiB
clever_davinci: CPU: 186.43%, Memory: 1.351GiB / 251.5GiB
clever_davinci: CPU: 208.56%, Memory: 1.351GiB / 251.5GiB
clever_davinci: CPU: 226.37%, Memory: 1.351GiB / 251.5GiB
clever_davinci: CPU: 281.81%, Memory: 1.351GiB / 251.5GiB
clever_davinci: CPU: 241.23%, Memory: 1.351GiB / 251.5GiB
clever_davinci: CPU: 179.73%, Memory: 1.351GiB / 251.5GiB
clever_davinci: CPU: 180.92%, Memory: 1.352GiB / 251.5GiB
clever_davinci: CPU: 220.90%, Memory: 1.352GiB / 251.5GiB
clever_davinci: CPU: 215.03%, Memory: 1.352GiB / 251.5GiB
clever_davinci: CPU: 198.03%, Memory: 1.352GiB / 251.5GiB
clever_davinci: CPU: 210.47%, Memory: 1.352GiB / 251.5GiB
clever_davinci: CPU: 172.19%, Memory: 1.352GiB / 251.5GiB
clever_davinci: CPU: 202.48%, Memory: 1.352GiB / 251.5GiB
clever_davinci: CPU: 163.41%, Memory: 1.556GiB / 251.5GiB
clever_davinci: CPU: 148.58%, Memory: 1.629GiB / 251.5GiB
clever_davinci: CPU: 185.59%, Memory: 1.727GiB / 251.5GiB
clever_davinci: CPU: 129.45%, Memory: 2.054GiB / 251.5GiB
clever_davinci: CPU: 193.45%, Memory: 2.054GiB / 251.5GiB
clever_davinci: CPU: 173.81%, Memory: 2.054GiB / 251.5GiB
clever_davinci: CPU: 160.13%, Memory: 2.054GiB / 251.5GiB
clever_davinci: CPU: 147.43%, Memory: 2.054GiB / 251.5GiB
clever_davinci: CPU: 171.23%, Memory: 2.054GiB / 251.5GiB
clever_davinci: CPU: 168.67%, Memory: 2.054GiB / 251.5GiB
clever_davinci: CPU: 162.37%, Memory: 2.054GiB / 251.5GiB
clever_davinci: CPU: 140.16%, Memory: 2.057GiB / 251.5GiB
clever_davinci: CPU: 163.03%, Memory: 2.057GiB / 251.5GiB
clever_davinci: CPU: 161.21%, Memory: 2.057GiB / 251.5GiB
clever_davinci: CPU: 165.30%, Memory: 2.057GiB / 251.5GiB
clever_davinci: CPU: 145.72%, Memory: 1009MiB / 251.5GiB
clever_davinci: CPU: 178.76%, Memory: 1017MiB / 251.5GiB
clever_davinci: CPU: 170.54%, Memory: 463.4MiB / 251.5GiB
clever_davinci: CPU: 227.19%, Memory: 634.5MiB / 251.5GiB
kind_cori: CPU: 120.67%, Memory: 770.4MiB / 251.5GiB
kind_cori: CPU: 174.23%, Memory: 1.328GiB / 251.5GiB
kind_cori: CPU: 151.93%, Memory: 1.328GiB / 251.5GiB
kind_cori: CPU: 186.04%, Memory: 1.328GiB / 251.5GiB
kind_cori: CPU: 166.21%, Memory: 1.328GiB / 251.5GiB
kind_cori: CPU: 185.99%, Memory: 1.328GiB / 251.5GiB
kind_cori: CPU: 196.28%, Memory: 1.328GiB / 251.5GiB
kind_cori: CPU: 164.60%, Memory: 1.328GiB / 251.5GiB
kind_cori: CPU: 236.54%, Memory: 1.328GiB / 251.5GiB
kind_cori: CPU: 231.94%, Memory: 1.328GiB / 251.5GiB
kind_cori: CPU: 224.15%, Memory: 1.332GiB / 251.5GiB
kind_cori: CPU: 206.48%, Memory: 1.332GiB / 251.5GiB
kind_cori: CPU: 212.22%, Memory: 1.332GiB / 251.5GiB
kind_cori: CPU: 198.75%, Memory: 1.332GiB / 251.5GiB
kind_cori: CPU: 177.14%, Memory: 1.332GiB / 251.5GiB
kind_cori: CPU: 190.03%, Memory: 1.332GiB / 251.5GiB
kind_cori: CPU: 202.19%, Memory: 1.332GiB / 251.5GiB
kind_cori: CPU: 225.05%, Memory: 1.332GiB / 251.5GiB
kind_cori: CPU: 209.32%, Memory: 1.332GiB / 251.5GiB
kind_cori: CPU: 179.84%, Memory: 1.332GiB / 251.5GiB
kind_cori: CPU: 190.74%, Memory: 1.332GiB / 251.5GiB
kind_cori: CPU: 163.71%, Memory: 1.332GiB / 251.5GiB
kind_cori: CPU: 179.57%, Memory: 1.332GiB / 251.5GiB
kind_cori: CPU: 163.60%, Memory: 1.332GiB / 251.5GiB
kind_cori: CPU: 166.81%, Memory: 1.332GiB / 251.5GiB
kind_cori: CPU: 197.55%, Memory: 1.333GiB / 251.5GiB
kind_cori: CPU: 207.83%, Memory: 1.332GiB / 251.5GiB
kind_cori: CPU: 205.19%, Memory: 1.332GiB / 251.5GiB
kind_cori: CPU: 170.41%, Memory: 1.332GiB / 251.5GiB
kind_cori: CPU: 172.82%, Memory: 1.332GiB / 251.5GiB
kind_cori: CPU: 178.94%, Memory: 1.332GiB / 251.5GiB
kind_cori: CPU: 170.86%, Memory: 1.332GiB / 251.5GiB
kind_cori: CPU: 174.94%, Memory: 1.332GiB / 251.5GiB
kind_cori: CPU: 181.71%, Memory: 1.333GiB / 251.5GiB
kind_cori: CPU: 194.62%, Memory: 1.332GiB / 251.5GiB
kind_cori: CPU: 223.21%, Memory: 1.333GiB / 251.5GiB
kind_cori: CPU: 163.88%, Memory: 1.333GiB / 251.5GiB
kind_cori: CPU: 181.34%, Memory: 1.333GiB / 251.5GiB
kind_cori: CPU: 177.52%, Memory: 1.333GiB / 251.5GiB
kind_cori: CPU: 217.15%, Memory: 1.333GiB / 251.5GiB
kind_cori: CPU: 167.00%, Memory: 1.333GiB / 251.5GiB
kind_cori: CPU: 149.42%, Memory: 1.332GiB / 251.5GiB
kind_cori: CPU: 158.87%, Memory: 1.332GiB / 251.5GiB
kind_cori: CPU: 169.60%, Memory: 1.332GiB / 251.5GiB
kind_cori: CPU: 189.24%, Memory: 1.333GiB / 251.5GiB
kind_cori: CPU: 164.08%, Memory: 1.333GiB / 251.5GiB
kind_cori: CPU: 178.53%, Memory: 1.333GiB / 251.5GiB
kind_cori: CPU: 170.34%, Memory: 1.333GiB / 251.5GiB
kind_cori: CPU: 176.05%, Memory: 1.333GiB / 251.5GiB
kind_cori: CPU: 168.31%, Memory: 1.333GiB / 251.5GiB
kind_cori: CPU: 165.07%, Memory: 1.333GiB / 251.5GiB
kind_cori: CPU: 182.38%, Memory: 1.333GiB / 251.5GiB
kind_cori: CPU: 212.29%, Memory: 1.333GiB / 251.5GiB
kind_cori: CPU: 161.65%, Memory: 1.351GiB / 251.5GiB
kind_cori: CPU: 201.20%, Memory: 1.351GiB / 251.5GiB
kind_cori: CPU: 185.91%, Memory: 1.351GiB / 251.5GiB
kind_cori: CPU: 187.64%, Memory: 1.351GiB / 251.5GiB
kind_cori: CPU: 196.68%, Memory: 1.351GiB / 251.5GiB
kind_cori: CPU: 193.36%, Memory: 1.351GiB / 251.5GiB
kind_cori: CPU: 231.64%, Memory: 1.351GiB / 251.5GiB
kind_cori: CPU: 205.32%, Memory: 1.351GiB / 251.5GiB
kind_cori: CPU: 219.98%, Memory: 1.351GiB / 251.5GiB
kind_cori: CPU: 239.07%, Memory: 1.351GiB / 251.5GiB
kind_cori: CPU: 224.50%, Memory: 1.351GiB / 251.5GiB
kind_cori: CPU: 169.84%, Memory: 1.351GiB / 251.5GiB
kind_cori: CPU: 155.10%, Memory: 1.351GiB / 251.5GiB
kind_cori: CPU: 187.06%, Memory: 1.351GiB / 251.5GiB
kind_cori: CPU: 228.93%, Memory: 1.351GiB / 251.5GiB
kind_cori: CPU: 192.69%, Memory: 1.351GiB / 251.5GiB
kind_cori: CPU: 146.83%, Memory: 1.352GiB / 251.5GiB
kind_cori: CPU: 163.87%, Memory: 1.352GiB / 251.5GiB
kind_cori: CPU: 165.52%, Memory: 1.352GiB / 251.5GiB
kind_cori: CPU: 173.95%, Memory: 1.352GiB / 251.5GiB
kind_cori: CPU: 169.02%, Memory: 1.352GiB / 251.5GiB
kind_cori: CPU: 163.30%, Memory: 1.352GiB / 251.5GiB
kind_cori: CPU: 172.88%, Memory: 1.352GiB / 251.5GiB
kind_cori: CPU: 173.73%, Memory: 1.352GiB / 251.5GiB
kind_cori: CPU: 158.03%, Memory: 1.538GiB / 251.5GiB
kind_cori: CPU: 152.57%, Memory: 1.569GiB / 251.5GiB
kind_cori: CPU: 119.11%, Memory: 1.67GiB / 251.5GiB
kind_cori: CPU: 149.68%, Memory: 1.778GiB / 251.5GiB
kind_cori: CPU: 162.50%, Memory: 2.054GiB / 251.5GiB
kind_cori: CPU: 200.44%, Memory: 2.054GiB / 251.5GiB
kind_cori: CPU: 174.94%, Memory: 2.054GiB / 251.5GiB
kind_cori: CPU: 186.44%, Memory: 2.054GiB / 251.5GiB
kind_cori: CPU: 176.08%, Memory: 2.054GiB / 251.5GiB
kind_cori: CPU: 170.58%, Memory: 2.054GiB / 251.5GiB
kind_cori: CPU: 169.50%, Memory: 2.054GiB / 251.5GiB
kind_cori: CPU: 167.75%, Memory: 2.054GiB / 251.5GiB
kind_cori: CPU: 149.72%, Memory: 2.057GiB / 251.5GiB
kind_cori: CPU: 148.42%, Memory: 2.057GiB / 251.5GiB
kind_cori: CPU: 136.17%, Memory: 2.057GiB / 251.5GiB
kind_cori: CPU: 173.01%, Memory: 2.057GiB / 251.5GiB
kind_cori: CPU: 173.66%, Memory: 1.87GiB / 251.5GiB
kind_cori: CPU: 184.87%, Memory: 1017MiB / 251.5GiB
kind_cori: CPU: 172.70%, Memory: 1017MiB / 251.5GiB
kind_cori: CPU: 148.20%, Memory: 634.5MiB / 251.5GiB
kind_cori: CPU: 147.69%, Memory: 634.5MiB / 251.5GiB
vigilant_jang: CPU: 120.68%, Memory: 845.8MiB / 251.5GiB
vigilant_jang: CPU: 168.76%, Memory: 1.328GiB / 251.5GiB
vigilant_jang: CPU: 176.01%, Memory: 1.328GiB / 251.5GiB
vigilant_jang: CPU: 163.92%, Memory: 1.328GiB / 251.5GiB
vigilant_jang: CPU: 174.40%, Memory: 1.328GiB / 251.5GiB
vigilant_jang: CPU: 180.59%, Memory: 1.328GiB / 251.5GiB
vigilant_jang: CPU: 204.18%, Memory: 1.328GiB / 251.5GiB
vigilant_jang: CPU: 158.22%, Memory: 1.328GiB / 251.5GiB
vigilant_jang: CPU: 150.80%, Memory: 1.328GiB / 251.5GiB
vigilant_jang: CPU: 147.56%, Memory: 1.332GiB / 251.5GiB
vigilant_jang: CPU: 224.89%, Memory: 1.332GiB / 251.5GiB
vigilant_jang: CPU: 258.06%, Memory: 1.332GiB / 251.5GiB
vigilant_jang: CPU: 175.75%, Memory: 1.332GiB / 251.5GiB
vigilant_jang: CPU: 245.48%, Memory: 1.332GiB / 251.5GiB
vigilant_jang: CPU: 172.84%, Memory: 1.332GiB / 251.5GiB
vigilant_jang: CPU: 175.75%, Memory: 1.333GiB / 251.5GiB
vigilant_jang: CPU: 179.11%, Memory: 1.332GiB / 251.5GiB
vigilant_jang: CPU: 177.39%, Memory: 1.332GiB / 251.5GiB
vigilant_jang: CPU: 164.20%, Memory: 1.332GiB / 251.5GiB
vigilant_jang: CPU: 174.73%, Memory: 1.332GiB / 251.5GiB
vigilant_jang: CPU: 229.88%, Memory: 1.333GiB / 251.5GiB
vigilant_jang: CPU: 166.72%, Memory: 1.332GiB / 251.5GiB
vigilant_jang: CPU: 162.01%, Memory: 1.332GiB / 251.5GiB
vigilant_jang: CPU: 172.83%, Memory: 1.332GiB / 251.5GiB
vigilant_jang: CPU: 173.09%, Memory: 1.332GiB / 251.5GiB
vigilant_jang: CPU: 166.08%, Memory: 1.333GiB / 251.5GiB
vigilant_jang: CPU: 167.11%, Memory: 1.333GiB / 251.5GiB
vigilant_jang: CPU: 161.62%, Memory: 1.333GiB / 251.5GiB
vigilant_jang: CPU: 157.26%, Memory: 1.333GiB / 251.5GiB
vigilant_jang: CPU: 182.30%, Memory: 1.332GiB / 251.5GiB
vigilant_jang: CPU: 155.10%, Memory: 1.333GiB / 251.5GiB
vigilant_jang: CPU: 172.82%, Memory: 1.333GiB / 251.5GiB
vigilant_jang: CPU: 177.83%, Memory: 1.351GiB / 251.5GiB
vigilant_jang: CPU: 224.14%, Memory: 1.351GiB / 251.5GiB
vigilant_jang: CPU: 213.97%, Memory: 1.351GiB / 251.5GiB
vigilant_jang: CPU: 175.71%, Memory: 1.351GiB / 251.5GiB
vigilant_jang: CPU: 181.92%, Memory: 1.351GiB / 251.5GiB
vigilant_jang: CPU: 197.62%, Memory: 1.351GiB / 251.5GiB
vigilant_jang: CPU: 229.16%, Memory: 1.351GiB / 251.5GiB
vigilant_jang: CPU: 184.63%, Memory: 1.351GiB / 251.5GiB
vigilant_jang: CPU: 162.10%, Memory: 1.351GiB / 251.5GiB
vigilant_jang: CPU: 179.53%, Memory: 1.351GiB / 251.5GiB
vigilant_jang: CPU: 232.15%, Memory: 1.351GiB / 251.5GiB
vigilant_jang: CPU: 166.52%, Memory: 1.351GiB / 251.5GiB
vigilant_jang: CPU: 245.55%, Memory: 1.351GiB / 251.5GiB
vigilant_jang: CPU: 236.80%, Memory: 1.351GiB / 251.5GiB
vigilant_jang: CPU: 184.75%, Memory: 1.351GiB / 251.5GiB
vigilant_jang: CPU: 187.12%, Memory: 1.352GiB / 251.5GiB
vigilant_jang: CPU: 258.25%, Memory: 1.352GiB / 251.5GiB
vigilant_jang: CPU: 239.90%, Memory: 1.352GiB / 251.5GiB
vigilant_jang: CPU: 231.04%, Memory: 1.352GiB / 251.5GiB
vigilant_jang: CPU: 244.11%, Memory: 1.352GiB / 251.5GiB
vigilant_jang: CPU: 184.65%, Memory: 1.352GiB / 251.5GiB
vigilant_jang: CPU: 240.80%, Memory: 1.352GiB / 251.5GiB
vigilant_jang: CPU: 292.41%, Memory: 1.538GiB / 251.5GiB
vigilant_jang: CPU: 252.38%, Memory: 1.569GiB / 251.5GiB
vigilant_jang: CPU: 180.94%, Memory: 1.674GiB / 251.5GiB
vigilant_jang: CPU: 129.25%, Memory: 1.916GiB / 251.5GiB
vigilant_jang: CPU: 211.53%, Memory: 2.054GiB / 251.5GiB
vigilant_jang: CPU: 252.40%, Memory: 2.054GiB / 251.5GiB
vigilant_jang: CPU: 243.05%, Memory: 2.054GiB / 251.5GiB
vigilant_jang: CPU: 247.32%, Memory: 2.054GiB / 251.5GiB
vigilant_jang: CPU: 239.94%, Memory: 2.054GiB / 251.5GiB
vigilant_jang: CPU: 159.80%, Memory: 2.054GiB / 251.5GiB
vigilant_jang: CPU: 239.19%, Memory: 2.054GiB / 251.5GiB
vigilant_jang: CPU: 180.12%, Memory: 2.057GiB / 251.5GiB
vigilant_jang: CPU: 192.46%, Memory: 2.057GiB / 251.5GiB
vigilant_jang: CPU: 156.83%, Memory: 2.057GiB / 251.5GiB
vigilant_jang: CPU: 192.16%, Memory: 2.045GiB / 251.5GiB
vigilant_jang: CPU: 224.69%, Memory: 1017MiB / 251.5GiB
vigilant_jang: CPU: 187.73%, Memory: 634.7MiB / 251.5GiB
vigilant_jang: CPU: 216.46%, Memory: 634.5MiB / 251.5GiB
goofy_hypatia: CPU: 126.84%, Memory: 770.9MiB / 251.5GiB
goofy_hypatia: CPU: 171.77%, Memory: 1.328GiB / 251.5GiB
goofy_hypatia: CPU: 190.59%, Memory: 1.328GiB / 251.5GiB
goofy_hypatia: CPU: 151.45%, Memory: 1.328GiB / 251.5GiB
goofy_hypatia: CPU: 173.27%, Memory: 1.328GiB / 251.5GiB
goofy_hypatia: CPU: 169.02%, Memory: 1.328GiB / 251.5GiB
goofy_hypatia: CPU: 165.77%, Memory: 1.328GiB / 251.5GiB
goofy_hypatia: CPU: 185.44%, Memory: 1.328GiB / 251.5GiB
goofy_hypatia: CPU: 193.48%, Memory: 1.332GiB / 251.5GiB
goofy_hypatia: CPU: 176.31%, Memory: 1.332GiB / 251.5GiB
goofy_hypatia: CPU: 168.58%, Memory: 1.332GiB / 251.5GiB
goofy_hypatia: CPU: 159.87%, Memory: 1.332GiB / 251.5GiB
goofy_hypatia: CPU: 173.96%, Memory: 1.332GiB / 251.5GiB
goofy_hypatia: CPU: 158.76%, Memory: 1.332GiB / 251.5GiB
goofy_hypatia: CPU: 167.69%, Memory: 1.332GiB / 251.5GiB
goofy_hypatia: CPU: 160.85%, Memory: 1.332GiB / 251.5GiB
goofy_hypatia: CPU: 167.17%, Memory: 1.332GiB / 251.5GiB
goofy_hypatia: CPU: 184.32%, Memory: 1.333GiB / 251.5GiB
goofy_hypatia: CPU: 228.75%, Memory: 1.332GiB / 251.5GiB
goofy_hypatia: CPU: 221.21%, Memory: 1.333GiB / 251.5GiB
goofy_hypatia: CPU: 197.80%, Memory: 1.333GiB / 251.5GiB
goofy_hypatia: CPU: 169.53%, Memory: 1.332GiB / 251.5GiB
goofy_hypatia: CPU: 177.16%, Memory: 1.332GiB / 251.5GiB
goofy_hypatia: CPU: 163.28%, Memory: 1.332GiB / 251.5GiB
goofy_hypatia: CPU: 172.10%, Memory: 1.332GiB / 251.5GiB
goofy_hypatia: CPU: 177.29%, Memory: 1.332GiB / 251.5GiB
goofy_hypatia: CPU: 170.75%, Memory: 1.332GiB / 251.5GiB
goofy_hypatia: CPU: 169.92%, Memory: 1.332GiB / 251.5GiB
goofy_hypatia: CPU: 167.99%, Memory: 1.332GiB / 251.5GiB
goofy_hypatia: CPU: 183.69%, Memory: 1.333GiB / 251.5GiB
goofy_hypatia: CPU: 171.26%, Memory: 1.332GiB / 251.5GiB
goofy_hypatia: CPU: 167.47%, Memory: 1.332GiB / 251.5GiB
goofy_hypatia: CPU: 170.09%, Memory: 1.332GiB / 251.5GiB
goofy_hypatia: CPU: 188.88%, Memory: 1.332GiB / 251.5GiB
goofy_hypatia: CPU: 166.20%, Memory: 1.332GiB / 251.5GiB
goofy_hypatia: CPU: 175.83%, Memory: 1.333GiB / 251.5GiB
goofy_hypatia: CPU: 193.38%, Memory: 1.333GiB / 251.5GiB
goofy_hypatia: CPU: 175.97%, Memory: 1.333GiB / 251.5GiB
goofy_hypatia: CPU: 184.19%, Memory: 1.332GiB / 251.5GiB
goofy_hypatia: CPU: 174.26%, Memory: 1.333GiB / 251.5GiB
goofy_hypatia: CPU: 171.09%, Memory: 1.333GiB / 251.5GiB
goofy_hypatia: CPU: 167.28%, Memory: 1.333GiB / 251.5GiB
goofy_hypatia: CPU: 175.82%, Memory: 1.333GiB / 251.5GiB
goofy_hypatia: CPU: 156.55%, Memory: 1.333GiB / 251.5GiB
goofy_hypatia: CPU: 160.29%, Memory: 1.35GiB / 251.5GiB
goofy_hypatia: CPU: 173.58%, Memory: 1.351GiB / 251.5GiB
goofy_hypatia: CPU: 149.47%, Memory: 1.351GiB / 251.5GiB
goofy_hypatia: CPU: 156.51%, Memory: 1.351GiB / 251.5GiB
goofy_hypatia: CPU: 175.80%, Memory: 1.351GiB / 251.5GiB
goofy_hypatia: CPU: 146.90%, Memory: 1.351GiB / 251.5GiB
goofy_hypatia: CPU: 139.45%, Memory: 1.351GiB / 251.5GiB
goofy_hypatia: CPU: 182.08%, Memory: 1.351GiB / 251.5GiB
goofy_hypatia: CPU: 179.26%, Memory: 1.351GiB / 251.5GiB
goofy_hypatia: CPU: 177.51%, Memory: 1.351GiB / 251.5GiB
goofy_hypatia: CPU: 224.43%, Memory: 1.351GiB / 251.5GiB
goofy_hypatia: CPU: 178.54%, Memory: 1.351GiB / 251.5GiB
goofy_hypatia: CPU: 152.89%, Memory: 1.351GiB / 251.5GiB
goofy_hypatia: CPU: 154.31%, Memory: 1.351GiB / 251.5GiB
goofy_hypatia: CPU: 179.36%, Memory: 1.351GiB / 251.5GiB
goofy_hypatia: CPU: 164.75%, Memory: 1.352GiB / 251.5GiB
goofy_hypatia: CPU: 148.18%, Memory: 1.352GiB / 251.5GiB
goofy_hypatia: CPU: 187.10%, Memory: 1.352GiB / 251.5GiB
goofy_hypatia: CPU: 167.97%, Memory: 1.352GiB / 251.5GiB
goofy_hypatia: CPU: 173.44%, Memory: 1.352GiB / 251.5GiB
goofy_hypatia: CPU: 185.24%, Memory: 1.352GiB / 251.5GiB
goofy_hypatia: CPU: 175.24%, Memory: 1.352GiB / 251.5GiB
goofy_hypatia: CPU: 196.32%, Memory: 1.539GiB / 251.5GiB
goofy_hypatia: CPU: 186.73%, Memory: 1.569GiB / 251.5GiB
goofy_hypatia: CPU: 185.61%, Memory: 1.674GiB / 251.5GiB
goofy_hypatia: CPU: 120.24%, Memory: 1.915GiB / 251.5GiB
goofy_hypatia: CPU: 211.76%, Memory: 2.054GiB / 251.5GiB
goofy_hypatia: CPU: 204.88%, Memory: 2.054GiB / 251.5GiB
goofy_hypatia: CPU: 214.07%, Memory: 2.054GiB / 251.5GiB
goofy_hypatia: CPU: 177.52%, Memory: 2.054GiB / 251.5GiB
goofy_hypatia: CPU: 151.99%, Memory: 2.054GiB / 251.5GiB
goofy_hypatia: CPU: 158.81%, Memory: 2.054GiB / 251.5GiB
goofy_hypatia: CPU: 157.09%, Memory: 2.054GiB / 251.5GiB
goofy_hypatia: CPU: 142.95%, Memory: 2.054GiB / 251.5GiB
goofy_hypatia: CPU: 143.20%, Memory: 2.057GiB / 251.5GiB
goofy_hypatia: CPU: 220.84%, Memory: 2.057GiB / 251.5GiB
goofy_hypatia: CPU: 168.80%, Memory: 2.057GiB / 251.5GiB
goofy_hypatia: CPU: 166.05%, Memory: 1017MiB / 251.5GiB
goofy_hypatia: CPU: 185.77%, Memory: 1017MiB / 251.5GiB
goofy_hypatia: CPU: 187.29%, Memory: 634.5MiB / 251.5GiB
optimistic_bouman: CPU: 123.86%, Memory: 770.5MiB / 251.5GiB
optimistic_bouman: CPU: 237.97%, Memory: 1.328GiB / 251.5GiB
optimistic_bouman: CPU: 221.26%, Memory: 1.328GiB / 251.5GiB
optimistic_bouman: CPU: 157.10%, Memory: 1.328GiB / 251.5GiB
optimistic_bouman: CPU: 148.35%, Memory: 1.328GiB / 251.5GiB
optimistic_bouman: CPU: 170.17%, Memory: 1.328GiB / 251.5GiB
optimistic_bouman: CPU: 191.96%, Memory: 1.328GiB / 251.5GiB
optimistic_bouman: CPU: 170.91%, Memory: 1.332GiB / 251.5GiB
optimistic_bouman: CPU: 177.97%, Memory: 1.332GiB / 251.5GiB
optimistic_bouman: CPU: 195.57%, Memory: 1.332GiB / 251.5GiB
optimistic_bouman: CPU: 162.31%, Memory: 1.332GiB / 251.5GiB
optimistic_bouman: CPU: 174.75%, Memory: 1.332GiB / 251.5GiB
optimistic_bouman: CPU: 150.90%, Memory: 1.332GiB / 251.5GiB
optimistic_bouman: CPU: 164.01%, Memory: 1.332GiB / 251.5GiB
optimistic_bouman: CPU: 137.32%, Memory: 1.332GiB / 251.5GiB
optimistic_bouman: CPU: 151.36%, Memory: 1.332GiB / 251.5GiB
optimistic_bouman: CPU: 143.12%, Memory: 1.332GiB / 251.5GiB
optimistic_bouman: CPU: 167.10%, Memory: 1.332GiB / 251.5GiB
optimistic_bouman: CPU: 138.53%, Memory: 1.332GiB / 251.5GiB
optimistic_bouman: CPU: 156.39%, Memory: 1.332GiB / 251.5GiB
optimistic_bouman: CPU: 184.15%, Memory: 1.332GiB / 251.5GiB
optimistic_bouman: CPU: 225.11%, Memory: 1.332GiB / 251.5GiB
optimistic_bouman: CPU: 217.52%, Memory: 1.333GiB / 251.5GiB
optimistic_bouman: CPU: 240.46%, Memory: 1.332GiB / 251.5GiB
optimistic_bouman: CPU: 199.14%, Memory: 1.332GiB / 251.5GiB
optimistic_bouman: CPU: 197.91%, Memory: 1.332GiB / 251.5GiB
optimistic_bouman: CPU: 169.88%, Memory: 1.332GiB / 251.5GiB
optimistic_bouman: CPU: 177.04%, Memory: 1.332GiB / 251.5GiB
optimistic_bouman: CPU: 182.52%, Memory: 1.332GiB / 251.5GiB
optimistic_bouman: CPU: 161.77%, Memory: 1.332GiB / 251.5GiB
optimistic_bouman: CPU: 175.79%, Memory: 1.332GiB / 251.5GiB
optimistic_bouman: CPU: 143.17%, Memory: 1.333GiB / 251.5GiB
optimistic_bouman: CPU: 124.95%, Memory: 1.332GiB / 251.5GiB
optimistic_bouman: CPU: 127.21%, Memory: 1.333GiB / 251.5GiB
optimistic_bouman: CPU: 142.36%, Memory: 1.333GiB / 251.5GiB
optimistic_bouman: CPU: 156.01%, Memory: 1.333GiB / 251.5GiB
optimistic_bouman: CPU: 154.95%, Memory: 1.333GiB / 251.5GiB
optimistic_bouman: CPU: 176.01%, Memory: 1.35GiB / 251.5GiB
optimistic_bouman: CPU: 169.53%, Memory: 1.351GiB / 251.5GiB
optimistic_bouman: CPU: 214.40%, Memory: 1.351GiB / 251.5GiB
optimistic_bouman: CPU: 170.28%, Memory: 1.351GiB / 251.5GiB
optimistic_bouman: CPU: 208.66%, Memory: 1.351GiB / 251.5GiB
optimistic_bouman: CPU: 196.43%, Memory: 1.351GiB / 251.5GiB
optimistic_bouman: CPU: 168.54%, Memory: 1.351GiB / 251.5GiB
optimistic_bouman: CPU: 163.89%, Memory: 1.351GiB / 251.5GiB
optimistic_bouman: CPU: 166.96%, Memory: 1.351GiB / 251.5GiB
optimistic_bouman: CPU: 145.96%, Memory: 1.351GiB / 251.5GiB
optimistic_bouman: CPU: 149.34%, Memory: 1.351GiB / 251.5GiB
optimistic_bouman: CPU: 151.79%, Memory: 1.351GiB / 251.5GiB
optimistic_bouman: CPU: 154.46%, Memory: 1.351GiB / 251.5GiB
optimistic_bouman: CPU: 163.02%, Memory: 1.351GiB / 251.5GiB
optimistic_bouman: CPU: 162.23%, Memory: 1.351GiB / 251.5GiB
optimistic_bouman: CPU: 166.27%, Memory: 1.351GiB / 251.5GiB
optimistic_bouman: CPU: 164.47%, Memory: 1.352GiB / 251.5GiB
optimistic_bouman: CPU: 165.66%, Memory: 1.352GiB / 251.5GiB
optimistic_bouman: CPU: 208.48%, Memory: 1.352GiB / 251.5GiB
optimistic_bouman: CPU: 231.04%, Memory: 1.352GiB / 251.5GiB
optimistic_bouman: CPU: 176.37%, Memory: 1.352GiB / 251.5GiB
optimistic_bouman: CPU: 210.76%, Memory: 1.352GiB / 251.5GiB
optimistic_bouman: CPU: 189.27%, Memory: 1.352GiB / 251.5GiB
optimistic_bouman: CPU: 173.02%, Memory: 1.539GiB / 251.5GiB
optimistic_bouman: CPU: 146.47%, Memory: 1.569GiB / 251.5GiB
optimistic_bouman: CPU: 121.65%, Memory: 1.67GiB / 251.5GiB
optimistic_bouman: CPU: 165.06%, Memory: 1.744GiB / 251.5GiB
optimistic_bouman: CPU: 182.29%, Memory: 2.054GiB / 251.5GiB
optimistic_bouman: CPU: 163.83%, Memory: 2.054GiB / 251.5GiB
optimistic_bouman: CPU: 197.42%, Memory: 2.054GiB / 251.5GiB
optimistic_bouman: CPU: 216.29%, Memory: 2.054GiB / 251.5GiB
optimistic_bouman: CPU: 175.99%, Memory: 2.054GiB / 251.5GiB
optimistic_bouman: CPU: 179.51%, Memory: 2.054GiB / 251.5GiB
optimistic_bouman: CPU: 194.44%, Memory: 2.054GiB / 251.5GiB
optimistic_bouman: CPU: 140.53%, Memory: 2.054GiB / 251.5GiB
optimistic_bouman: CPU: 135.94%, Memory: 2.057GiB / 251.5GiB
optimistic_bouman: CPU: 149.10%, Memory: 2.057GiB / 251.5GiB
optimistic_bouman: CPU: 135.00%, Memory: 2.057GiB / 251.5GiB
optimistic_bouman: CPU: 162.26%, Memory: 2.057GiB / 251.5GiB
optimistic_bouman: CPU: 173.02%, Memory: 1017MiB / 251.5GiB
optimistic_bouman: CPU: 217.58%, Memory: 1017MiB / 251.5GiB
optimistic_bouman: CPU: 230.11%, Memory: 634.5MiB / 251.5GiB
amazing_kare: CPU: 163.76%, Memory: 1.314GiB / 251.5GiB
amazing_kare: CPU: 218.59%, Memory: 1.328GiB / 251.5GiB
amazing_kare: CPU: 224.17%, Memory: 1.328GiB / 251.5GiB
amazing_kare: CPU: 221.76%, Memory: 1.328GiB / 251.5GiB
amazing_kare: CPU: 231.12%, Memory: 1.328GiB / 251.5GiB
amazing_kare: CPU: 215.54%, Memory: 1.328GiB / 251.5GiB
amazing_kare: CPU: 170.44%, Memory: 1.328GiB / 251.5GiB
amazing_kare: CPU: 166.87%, Memory: 1.328GiB / 251.5GiB
amazing_kare: CPU: 166.08%, Memory: 1.332GiB / 251.5GiB
amazing_kare: CPU: 179.61%, Memory: 1.332GiB / 251.5GiB
amazing_kare: CPU: 222.57%, Memory: 1.332GiB / 251.5GiB
amazing_kare: CPU: 212.83%, Memory: 1.332GiB / 251.5GiB
amazing_kare: CPU: 184.11%, Memory: 1.332GiB / 251.5GiB
amazing_kare: CPU: 178.78%, Memory: 1.332GiB / 251.5GiB
amazing_kare: CPU: 217.31%, Memory: 1.332GiB / 251.5GiB
amazing_kare: CPU: 177.95%, Memory: 1.332GiB / 251.5GiB
amazing_kare: CPU: 173.12%, Memory: 1.332GiB / 251.5GiB
amazing_kare: CPU: 164.52%, Memory: 1.332GiB / 251.5GiB
amazing_kare: CPU: 231.59%, Memory: 1.332GiB / 251.5GiB
amazing_kare: CPU: 187.46%, Memory: 1.332GiB / 251.5GiB
amazing_kare: CPU: 186.64%, Memory: 1.333GiB / 251.5GiB
amazing_kare: CPU: 156.69%, Memory: 1.332GiB / 251.5GiB
amazing_kare: CPU: 145.93%, Memory: 1.333GiB / 251.5GiB
amazing_kare: CPU: 164.91%, Memory: 1.332GiB / 251.5GiB
amazing_kare: CPU: 174.02%, Memory: 1.333GiB / 251.5GiB
amazing_kare: CPU: 175.16%, Memory: 1.332GiB / 251.5GiB
amazing_kare: CPU: 183.18%, Memory: 1.333GiB / 251.5GiB
amazing_kare: CPU: 189.31%, Memory: 1.332GiB / 251.5GiB
amazing_kare: CPU: 214.95%, Memory: 1.332GiB / 251.5GiB
amazing_kare: CPU: 225.77%, Memory: 1.333GiB / 251.5GiB
amazing_kare: CPU: 171.61%, Memory: 1.332GiB / 251.5GiB
amazing_kare: CPU: 161.83%, Memory: 1.332GiB / 251.5GiB
amazing_kare: CPU: 175.34%, Memory: 1.333GiB / 251.5GiB
amazing_kare: CPU: 179.01%, Memory: 1.332GiB / 251.5GiB
amazing_kare: CPU: 206.77%, Memory: 1.332GiB / 251.5GiB
amazing_kare: CPU: 221.63%, Memory: 1.332GiB / 251.5GiB
amazing_kare: CPU: 232.33%, Memory: 1.333GiB / 251.5GiB
amazing_kare: CPU: 248.01%, Memory: 1.333GiB / 251.5GiB
amazing_kare: CPU: 178.47%, Memory: 1.332GiB / 251.5GiB
amazing_kare: CPU: 162.92%, Memory: 1.332GiB / 251.5GiB
amazing_kare: CPU: 174.46%, Memory: 1.332GiB / 251.5GiB
amazing_kare: CPU: 178.05%, Memory: 1.333GiB / 251.5GiB
amazing_kare: CPU: 169.12%, Memory: 1.332GiB / 251.5GiB
amazing_kare: CPU: 161.33%, Memory: 1.333GiB / 251.5GiB
amazing_kare: CPU: 158.69%, Memory: 1.333GiB / 251.5GiB
amazing_kare: CPU: 156.24%, Memory: 1.333GiB / 251.5GiB
amazing_kare: CPU: 165.40%, Memory: 1.333GiB / 251.5GiB
amazing_kare: CPU: 184.02%, Memory: 1.351GiB / 251.5GiB
amazing_kare: CPU: 154.69%, Memory: 1.351GiB / 251.5GiB
amazing_kare: CPU: 154.31%, Memory: 1.351GiB / 251.5GiB
amazing_kare: CPU: 169.38%, Memory: 1.351GiB / 251.5GiB
amazing_kare: CPU: 159.33%, Memory: 1.351GiB / 251.5GiB
amazing_kare: CPU: 166.56%, Memory: 1.351GiB / 251.5GiB
amazing_kare: CPU: 176.72%, Memory: 1.351GiB / 251.5GiB
amazing_kare: CPU: 166.66%, Memory: 1.351GiB / 251.5GiB
amazing_kare: CPU: 166.22%, Memory: 1.351GiB / 251.5GiB
amazing_kare: CPU: 178.83%, Memory: 1.351GiB / 251.5GiB
amazing_kare: CPU: 172.41%, Memory: 1.351GiB / 251.5GiB
amazing_kare: CPU: 162.13%, Memory: 1.351GiB / 251.5GiB
amazing_kare: CPU: 181.03%, Memory: 1.351GiB / 251.5GiB
amazing_kare: CPU: 205.19%, Memory: 1.351GiB / 251.5GiB
amazing_kare: CPU: 207.61%, Memory: 1.351GiB / 251.5GiB
amazing_kare: CPU: 198.46%, Memory: 1.351GiB / 251.5GiB
amazing_kare: CPU: 150.85%, Memory: 1.351GiB / 251.5GiB
amazing_kare: CPU: 178.57%, Memory: 1.352GiB / 251.5GiB
amazing_kare: CPU: 182.03%, Memory: 1.352GiB / 251.5GiB
amazing_kare: CPU: 174.53%, Memory: 1.352GiB / 251.5GiB
amazing_kare: CPU: 179.36%, Memory: 1.352GiB / 251.5GiB
amazing_kare: CPU: 158.39%, Memory: 1.352GiB / 251.5GiB
amazing_kare: CPU: 164.82%, Memory: 1.352GiB / 251.5GiB
amazing_kare: CPU: 162.51%, Memory: 1.352GiB / 251.5GiB
amazing_kare: CPU: 169.35%, Memory: 1.352GiB / 251.5GiB
amazing_kare: CPU: 166.70%, Memory: 1.352GiB / 251.5GiB
amazing_kare: CPU: 170.54%, Memory: 1.543GiB / 251.5GiB
amazing_kare: CPU: 180.72%, Memory: 1.569GiB / 251.5GiB
amazing_kare: CPU: 172.73%, Memory: 1.674GiB / 251.5GiB
amazing_kare: CPU: 111.18%, Memory: 1.916GiB / 251.5GiB
amazing_kare: CPU: 218.16%, Memory: 2.054GiB / 251.5GiB
amazing_kare: CPU: 209.43%, Memory: 2.054GiB / 251.5GiB
amazing_kare: CPU: 221.12%, Memory: 2.054GiB / 251.5GiB
amazing_kare: CPU: 192.25%, Memory: 2.054GiB / 251.5GiB
amazing_kare: CPU: 185.63%, Memory: 2.054GiB / 251.5GiB
amazing_kare: CPU: 230.78%, Memory: 2.054GiB / 251.5GiB
amazing_kare: CPU: 160.98%, Memory: 2.054GiB / 251.5GiB
amazing_kare: CPU: 171.38%, Memory: 2.057GiB / 251.5GiB
amazing_kare: CPU: 187.39%, Memory: 2.057GiB / 251.5GiB
amazing_kare: CPU: 218.85%, Memory: 2.057GiB / 251.5GiB
amazing_kare: CPU: 157.56%, Memory: 2.057GiB / 251.5GiB
amazing_kare: CPU: 152.03%, Memory: 1017MiB / 251.5GiB
amazing_kare: CPU: 135.92%, Memory: 1017MiB / 251.5GiB
amazing_kare: CPU: 131.29%, Memory: 634.5MiB / 251.5GiB
