amazing_lamport4: CPU: 0.00%, Memory: 0B / 0B
tender_allen: CPU: 0.00%, Memory: 0B / 0B
zen_hermann: CPU: 0.00%, Memory: 0B / 0B
condescending_hypatia: CPU: 0.00%, Memory: 0B / 0B
silly_wing: CPU: 0.00%, Memory: 0B / 0B
clever_kirch: CPU: 0.00%, Memory: 0B / 0B
gallant_proskuriakova: CPU: 0.00%, Memory: 0B / 0B
kind_almeida: CPU: 0.00%, Memory: 0B / 0B
stupefied_raman: CPU: 0.00%, Memory: 0B / 0B
laughing_newton: CPU: 0.00%, Memory: 0B / 0B
nervous_moore: CPU: 0.00%, Memory: 0B / 0B
boring_ritchie: CPU: 0.00%, Memory: 0B / 0B
sweet_nightingale: CPU: 0.00%, Memory: 0B / 0B
modest_jemison: CPU: 0.00%, Memory: 0B / 0B
amazing_torvalds: CPU: 0.00%, Memory: 0B / 0B
cool_rosalind: CPU: 0.00%, Memory: 0B / 0B
flamboyant_nobel: CPU: 0.00%, Memory: 0B / 0B
nostalgic_solomon7: CPU: 0.00%, Memory: 0B / 0B
focused_hertz: CPU: 0.00%, Memory: 0B / 0B
wizardly_grothendieck: CPU: 0.00%, Memory: 0B / 0B
