suspicious_austin: CPU: 102.17%, Memory: 1.225GiB / 251.5GiB
suspicious_austin: CPU: 101.20%, Memory: 4.143GiB / 251.5GiB
suspicious_austin: CPU: 100.55%, Memory: 4.126GiB / 251.5GiB
suspicious_austin: CPU: 101.67%, Memory: 6.409GiB / 251.5GiB
suspicious_austin: CPU: 694.50%, Memory: 8.992GiB / 251.5GiB
suspicious_austin: CPU: 1523.86%, Memory: 8.993GiB / 251.5GiB
suspicious_austin: CPU: 1534.37%, Memory: 8.992GiB / 251.5GiB
suspicious_austin: CPU: 1498.05%, Memory: 8.994GiB / 251.5GiB
suspicious_austin: CPU: 1497.71%, Memory: 8.994GiB / 251.5GiB
suspicious_austin: CPU: 1515.29%, Memory: 8.993GiB / 251.5GiB
suspicious_austin: CPU: 1531.11%, Memory: 8.995GiB / 251.5GiB
suspicious_austin: CPU: 1497.96%, Memory: 8.993GiB / 251.5GiB
suspicious_austin: CPU: 1549.73%, Memory: 8.995GiB / 251.5GiB
suspicious_austin: CPU: 1558.57%, Memory: 8.996GiB / 251.5GiB
suspicious_austin: CPU: 1570.16%, Memory: 8.996GiB / 251.5GiB
suspicious_austin: CPU: 1579.57%, Memory: 8.997GiB / 251.5GiB
suspicious_austin: CPU: 1573.97%, Memory: 8.997GiB / 251.5GiB
suspicious_austin: CPU: 1552.20%, Memory: 8.999GiB / 251.5GiB
suspicious_austin: CPU: 1545.51%, Memory: 8.999GiB / 251.5GiB
suspicious_austin: CPU: 1499.62%, Memory: 9.001GiB / 251.5GiB
suspicious_austin: CPU: 1538.86%, Memory: 9.001GiB / 251.5GiB
suspicious_austin: CPU: 1538.29%, Memory: 9.002GiB / 251.5GiB
suspicious_austin: CPU: 1548.22%, Memory: 9.002GiB / 251.5GiB
suspicious_austin: CPU: 1491.71%, Memory: 9.004GiB / 251.5GiB
suspicious_austin: CPU: 1504.45%, Memory: 9.004GiB / 251.5GiB
suspicious_austin: CPU: 1503.15%, Memory: 9.005GiB / 251.5GiB
suspicious_austin: CPU: 1579.77%, Memory: 9.006GiB / 251.5GiB
suspicious_austin: CPU: 1546.16%, Memory: 9.008GiB / 251.5GiB
suspicious_austin: CPU: 1583.60%, Memory: 9.01GiB / 251.5GiB
suspicious_austin: CPU: 1590.58%, Memory: 9.013GiB / 251.5GiB
suspicious_austin: CPU: 101.73%, Memory: 9.017GiB / 251.5GiB
suspicious_austin: CPU: 100.69%, Memory: 7.984GiB / 251.5GiB
suspicious_austin: CPU: 101.03%, Memory: 11.03GiB / 251.5GiB
suspicious_austin: CPU: 1511.93%, Memory: 12GiB / 251.5GiB
suspicious_austin: CPU: 1556.54%, Memory: 12GiB / 251.5GiB
suspicious_austin: CPU: 1489.21%, Memory: 12GiB / 251.5GiB
suspicious_austin: CPU: 1538.49%, Memory: 12GiB / 251.5GiB
suspicious_austin: CPU: 1553.95%, Memory: 12GiB / 251.5GiB
suspicious_austin: CPU: 1578.25%, Memory: 12GiB / 251.5GiB
suspicious_austin: CPU: 1515.87%, Memory: 12GiB / 251.5GiB
suspicious_austin: CPU: 1496.40%, Memory: 12GiB / 251.5GiB
suspicious_austin: CPU: 1546.92%, Memory: 12GiB / 251.5GiB
suspicious_austin: CPU: 1557.87%, Memory: 12GiB / 251.5GiB
suspicious_austin: CPU: 1547.50%, Memory: 12GiB / 251.5GiB
suspicious_austin: CPU: 1507.77%, Memory: 12GiB / 251.5GiB
suspicious_austin: CPU: 1553.94%, Memory: 12GiB / 251.5GiB
suspicious_austin: CPU: 1584.70%, Memory: 12GiB / 251.5GiB
suspicious_austin: CPU: 1497.41%, Memory: 12GiB / 251.5GiB
suspicious_austin: CPU: 1587.46%, Memory: 12GiB / 251.5GiB
suspicious_austin: CPU: 1587.23%, Memory: 12GiB / 251.5GiB
suspicious_austin: CPU: 1583.09%, Memory: 12GiB / 251.5GiB
suspicious_austin: CPU: 1532.88%, Memory: 12GiB / 251.5GiB
suspicious_austin: CPU: 1518.54%, Memory: 12GiB / 251.5GiB
suspicious_austin: CPU: 1581.29%, Memory: 12GiB / 251.5GiB
suspicious_austin: CPU: 1499.26%, Memory: 12GiB / 251.5GiB
suspicious_austin: CPU: 1502.73%, Memory: 12GiB / 251.5GiB
suspicious_austin: CPU: 1584.29%, Memory: 12GiB / 251.5GiB
suspicious_austin: CPU: 1568.03%, Memory: 12GiB / 251.5GiB
suspicious_austin: CPU: 1530.59%, Memory: 12GiB / 251.5GiB
suspicious_austin: CPU: 101.06%, Memory: 14.99GiB / 251.5GiB
suspicious_austin: CPU: 99.48%, Memory: 9.26GiB / 251.5GiB
suspicious_austin: CPU: 100.82%, Memory: 12.76GiB / 251.5GiB
suspicious_austin: CPU: 1492.43%, Memory: 15.02GiB / 251.5GiB
suspicious_austin: CPU: 1554.10%, Memory: 15.02GiB / 251.5GiB
suspicious_austin: CPU: 1553.07%, Memory: 15.02GiB / 251.5GiB
suspicious_austin: CPU: 1529.13%, Memory: 15.02GiB / 251.5GiB
suspicious_austin: CPU: 1547.98%, Memory: 15.02GiB / 251.5GiB
suspicious_austin: CPU: 1497.29%, Memory: 15.02GiB / 251.5GiB
suspicious_austin: CPU: 1495.96%, Memory: 15.02GiB / 251.5GiB
suspicious_austin: CPU: 1542.87%, Memory: 15.02GiB / 251.5GiB
suspicious_austin: CPU: 1551.76%, Memory: 15.02GiB / 251.5GiB
suspicious_austin: CPU: 1558.82%, Memory: 15.02GiB / 251.5GiB
suspicious_austin: CPU: 1555.89%, Memory: 15.02GiB / 251.5GiB
suspicious_austin: CPU: 1582.98%, Memory: 15.02GiB / 251.5GiB
suspicious_austin: CPU: 1497.19%, Memory: 15.02GiB / 251.5GiB
suspicious_austin: CPU: 1498.72%, Memory: 15.02GiB / 251.5GiB
suspicious_austin: CPU: 1226.73%, Memory: 15.02GiB / 251.5GiB
suspicious_austin: CPU: 100.71%, Memory: 18GiB / 251.5GiB
suspicious_austin: CPU: 1581.09%, Memory: 15.02GiB / 251.5GiB
suspicious_austin: CPU: 1580.85%, Memory: 15.02GiB / 251.5GiB
suspicious_austin: CPU: 1581.19%, Memory: 15.02GiB / 251.5GiB
suspicious_austin: CPU: 1580.55%, Memory: 15.02GiB / 251.5GiB
suspicious_austin: CPU: 1582.46%, Memory: 15.02GiB / 251.5GiB
suspicious_austin: CPU: 1568.75%, Memory: 15.02GiB / 251.5GiB
suspicious_austin: CPU: 1562.64%, Memory: 15.02GiB / 251.5GiB
suspicious_austin: CPU: 1548.68%, Memory: 15.02GiB / 251.5GiB
suspicious_austin: CPU: 1546.69%, Memory: 15.02GiB / 251.5GiB
suspicious_austin: CPU: 1516.27%, Memory: 15.02GiB / 251.5GiB
suspicious_austin: CPU: 1550.05%, Memory: 15.02GiB / 251.5GiB
suspicious_austin: CPU: 1453.46%, Memory: 6.534GiB / 251.5GiB
suspicious_austin: CPU: 1558.19%, Memory: 9.044GiB / 251.5GiB
suspicious_austin: CPU: 1552.47%, Memory: 9.044GiB / 251.5GiB
suspicious_austin: CPU: 1579.67%, Memory: 9.044GiB / 251.5GiB
suspicious_austin: CPU: 1536.01%, Memory: 9.044GiB / 251.5GiB
suspicious_austin: CPU: 1528.46%, Memory: 9.044GiB / 251.5GiB
suspicious_austin: CPU: 1503.76%, Memory: 9.044GiB / 251.5GiB
suspicious_austin: CPU: 1483.00%, Memory: 9.044GiB / 251.5GiB
suspicious_austin: CPU: 1504.63%, Memory: 9.044GiB / 251.5GiB
suspicious_austin: CPU: 1519.93%, Memory: 9.044GiB / 251.5GiB
suspicious_austin: CPU: 1535.29%, Memory: 9.044GiB / 251.5GiB
suspicious_austin: CPU: 1548.48%, Memory: 9.044GiB / 251.5GiB
suspicious_austin: CPU: 1514.39%, Memory: 9.044GiB / 251.5GiB
suspicious_austin: CPU: 101.28%, Memory: 12.02GiB / 251.5GiB
nervous_agnesi: CPU: 197.30%, Memory: 1.126GiB / 251.5GiB
nervous_agnesi: CPU: 101.76%, Memory: 4.072GiB / 251.5GiB
nervous_agnesi: CPU: 100.98%, Memory: 3.836GiB / 251.5GiB
nervous_agnesi: CPU: 100.52%, Memory: 6.218GiB / 251.5GiB
nervous_agnesi: CPU: 463.10%, Memory: 8.992GiB / 251.5GiB
nervous_agnesi: CPU: 1528.08%, Memory: 8.992GiB / 251.5GiB
nervous_agnesi: CPU: 1537.02%, Memory: 8.993GiB / 251.5GiB
nervous_agnesi: CPU: 1553.37%, Memory: 8.994GiB / 251.5GiB
nervous_agnesi: CPU: 1579.14%, Memory: 8.995GiB / 251.5GiB
nervous_agnesi: CPU: 1539.66%, Memory: 8.995GiB / 251.5GiB
nervous_agnesi: CPU: 1498.16%, Memory: 8.993GiB / 251.5GiB
nervous_agnesi: CPU: 1484.45%, Memory: 8.995GiB / 251.5GiB
nervous_agnesi: CPU: 1545.24%, Memory: 8.996GiB / 251.5GiB
nervous_agnesi: CPU: 1561.41%, Memory: 8.997GiB / 251.5GiB
nervous_agnesi: CPU: 1567.43%, Memory: 8.997GiB / 251.5GiB
nervous_agnesi: CPU: 1551.66%, Memory: 8.998GiB / 251.5GiB
nervous_agnesi: CPU: 1529.87%, Memory: 8.997GiB / 251.5GiB
nervous_agnesi: CPU: 1513.89%, Memory: 8.999GiB / 251.5GiB
nervous_agnesi: CPU: 1542.10%, Memory: 8.999GiB / 251.5GiB
nervous_agnesi: CPU: 1553.98%, Memory: 9.001GiB / 251.5GiB
nervous_agnesi: CPU: 1553.51%, Memory: 9.002GiB / 251.5GiB
nervous_agnesi: CPU: 1551.31%, Memory: 9.002GiB / 251.5GiB
nervous_agnesi: CPU: 1501.35%, Memory: 9.001GiB / 251.5GiB
nervous_agnesi: CPU: 1552.87%, Memory: 9.003GiB / 251.5GiB
nervous_agnesi: CPU: 1577.68%, Memory: 9.004GiB / 251.5GiB
nervous_agnesi: CPU: 1583.59%, Memory: 9.006GiB / 251.5GiB
nervous_agnesi: CPU: 1578.13%, Memory: 9.008GiB / 251.5GiB
nervous_agnesi: CPU: 1576.67%, Memory: 9.011GiB / 251.5GiB
nervous_agnesi: CPU: 1087.40%, Memory: 9.017GiB / 251.5GiB
nervous_agnesi: CPU: 101.41%, Memory: 6.89GiB / 251.5GiB
nervous_agnesi: CPU: 99.91%, Memory: 9.966GiB / 251.5GiB
nervous_agnesi: CPU: 1339.82%, Memory: 12GiB / 251.5GiB
nervous_agnesi: CPU: 1503.55%, Memory: 12GiB / 251.5GiB
nervous_agnesi: CPU: 1556.34%, Memory: 12GiB / 251.5GiB
nervous_agnesi: CPU: 1514.78%, Memory: 12GiB / 251.5GiB
nervous_agnesi: CPU: 1580.82%, Memory: 12GiB / 251.5GiB
nervous_agnesi: CPU: 1554.33%, Memory: 12GiB / 251.5GiB
nervous_agnesi: CPU: 1579.15%, Memory: 12GiB / 251.5GiB
nervous_agnesi: CPU: 1590.46%, Memory: 12GiB / 251.5GiB
nervous_agnesi: CPU: 1579.42%, Memory: 12GiB / 251.5GiB
nervous_agnesi: CPU: 1520.33%, Memory: 12GiB / 251.5GiB
nervous_agnesi: CPU: 1524.48%, Memory: 12GiB / 251.5GiB
nervous_agnesi: CPU: 1521.14%, Memory: 12GiB / 251.5GiB
nervous_agnesi: CPU: 1522.18%, Memory: 12GiB / 251.5GiB
nervous_agnesi: CPU: 1537.16%, Memory: 12GiB / 251.5GiB
nervous_agnesi: CPU: 1552.82%, Memory: 12GiB / 251.5GiB
nervous_agnesi: CPU: 1546.69%, Memory: 12GiB / 251.5GiB
nervous_agnesi: CPU: 1549.35%, Memory: 12GiB / 251.5GiB
nervous_agnesi: CPU: 1542.97%, Memory: 12GiB / 251.5GiB
nervous_agnesi: CPU: 1576.70%, Memory: 12GiB / 251.5GiB
nervous_agnesi: CPU: 1583.57%, Memory: 12GiB / 251.5GiB
nervous_agnesi: CPU: 1531.35%, Memory: 12GiB / 251.5GiB
nervous_agnesi: CPU: 1499.33%, Memory: 12GiB / 251.5GiB
nervous_agnesi: CPU: 1502.69%, Memory: 12GiB / 251.5GiB
nervous_agnesi: CPU: 1536.26%, Memory: 12GiB / 251.5GiB
nervous_agnesi: CPU: 1534.90%, Memory: 12GiB / 251.5GiB
nervous_agnesi: CPU: 101.01%, Memory: 14.99GiB / 251.5GiB
nervous_agnesi: CPU: 100.65%, Memory: 9.949GiB / 251.5GiB
nervous_agnesi: CPU: 100.65%, Memory: 14.46GiB / 251.5GiB
nervous_agnesi: CPU: 1553.58%, Memory: 15.02GiB / 251.5GiB
nervous_agnesi: CPU: 1487.16%, Memory: 15.02GiB / 251.5GiB
nervous_agnesi: CPU: 1538.01%, Memory: 15.02GiB / 251.5GiB
nervous_agnesi: CPU: 1551.02%, Memory: 15.02GiB / 251.5GiB
nervous_agnesi: CPU: 1502.14%, Memory: 15.02GiB / 251.5GiB
nervous_agnesi: CPU: 1494.92%, Memory: 15.02GiB / 251.5GiB
nervous_agnesi: CPU: 1485.92%, Memory: 15.02GiB / 251.5GiB
nervous_agnesi: CPU: 1552.65%, Memory: 15.02GiB / 251.5GiB
nervous_agnesi: CPU: 1541.25%, Memory: 15.02GiB / 251.5GiB
nervous_agnesi: CPU: 1512.05%, Memory: 15.02GiB / 251.5GiB
nervous_agnesi: CPU: 1501.50%, Memory: 15.02GiB / 251.5GiB
nervous_agnesi: CPU: 1510.52%, Memory: 15.02GiB / 251.5GiB
nervous_agnesi: CPU: 1522.09%, Memory: 15.02GiB / 251.5GiB
nervous_agnesi: CPU: 1429.58%, Memory: 15.02GiB / 251.5GiB
nervous_agnesi: CPU: 1150.69%, Memory: 15.02GiB / 251.5GiB
nervous_agnesi: CPU: 381.52%, Memory: 17.51GiB / 251.5GiB
nervous_agnesi: CPU: 100.31%, Memory: 13.03GiB / 251.5GiB
nervous_agnesi: CPU: 1584.75%, Memory: 15.02GiB / 251.5GiB
nervous_agnesi: CPU: 1583.97%, Memory: 15.02GiB / 251.5GiB
nervous_agnesi: CPU: 1488.05%, Memory: 15.02GiB / 251.5GiB
nervous_agnesi: CPU: 1499.98%, Memory: 15.02GiB / 251.5GiB
nervous_agnesi: CPU: 1495.23%, Memory: 15.02GiB / 251.5GiB
nervous_agnesi: CPU: 1547.98%, Memory: 15.02GiB / 251.5GiB
nervous_agnesi: CPU: 1578.77%, Memory: 15.02GiB / 251.5GiB
nervous_agnesi: CPU: 1581.02%, Memory: 15.02GiB / 251.5GiB
nervous_agnesi: CPU: 1549.40%, Memory: 15.02GiB / 251.5GiB
nervous_agnesi: CPU: 1514.85%, Memory: 15.02GiB / 251.5GiB
nervous_agnesi: CPU: 1548.06%, Memory: 15.02GiB / 251.5GiB
nervous_agnesi: CPU: 879.52%, Memory: 9.044GiB / 251.5GiB
nervous_agnesi: CPU: 1524.45%, Memory: 9.044GiB / 251.5GiB
nervous_agnesi: CPU: 1578.40%, Memory: 9.044GiB / 251.5GiB
nervous_agnesi: CPU: 1535.75%, Memory: 9.044GiB / 251.5GiB
nervous_agnesi: CPU: 1558.20%, Memory: 9.044GiB / 251.5GiB
nervous_agnesi: CPU: 1585.67%, Memory: 9.044GiB / 251.5GiB
nervous_agnesi: CPU: 1579.07%, Memory: 9.044GiB / 251.5GiB
nervous_agnesi: CPU: 1583.96%, Memory: 9.044GiB / 251.5GiB
nervous_agnesi: CPU: 1523.02%, Memory: 9.044GiB / 251.5GiB
nervous_agnesi: CPU: 1582.35%, Memory: 9.044GiB / 251.5GiB
nervous_agnesi: CPU: 1577.70%, Memory: 9.044GiB / 251.5GiB
nervous_agnesi: CPU: 1559.18%, Memory: 9.044GiB / 251.5GiB
nervous_agnesi: CPU: 1535.70%, Memory: 9.044GiB / 251.5GiB
nervous_agnesi: CPU: 100.18%, Memory: 15.1GiB / 251.5GiB
determined_cartwright: CPU: 147.52%, Memory: 1.192GiB / 251.5GiB
determined_cartwright: CPU: 101.66%, Memory: 3.663GiB / 251.5GiB
determined_cartwright: CPU: 101.91%, Memory: 5.986GiB / 251.5GiB
determined_cartwright: CPU: 101.58%, Memory: 5.017GiB / 251.5GiB
determined_cartwright: CPU: 101.52%, Memory: 8.763GiB / 251.5GiB
determined_cartwright: CPU: 1586.44%, Memory: 8.993GiB / 251.5GiB
determined_cartwright: CPU: 1534.77%, Memory: 8.993GiB / 251.5GiB
determined_cartwright: CPU: 1550.80%, Memory: 8.995GiB / 251.5GiB
determined_cartwright: CPU: 1580.99%, Memory: 8.995GiB / 251.5GiB
determined_cartwright: CPU: 1543.38%, Memory: 8.994GiB / 251.5GiB
determined_cartwright: CPU: 1529.24%, Memory: 8.996GiB / 251.5GiB
determined_cartwright: CPU: 1540.34%, Memory: 8.997GiB / 251.5GiB
determined_cartwright: CPU: 1531.03%, Memory: 8.996GiB / 251.5GiB
determined_cartwright: CPU: 1515.71%, Memory: 8.998GiB / 251.5GiB
determined_cartwright: CPU: 1522.18%, Memory: 8.998GiB / 251.5GiB
determined_cartwright: CPU: 1530.80%, Memory: 8.997GiB / 251.5GiB
determined_cartwright: CPU: 1503.20%, Memory: 8.998GiB / 251.5GiB
determined_cartwright: CPU: 1480.95%, Memory: 8.998GiB / 251.5GiB
determined_cartwright: CPU: 1522.90%, Memory: 9GiB / 251.5GiB
determined_cartwright: CPU: 1495.25%, Memory: 8.998GiB / 251.5GiB
determined_cartwright: CPU: 1581.24%, Memory: 9.001GiB / 251.5GiB
determined_cartwright: CPU: 1543.18%, Memory: 9.001GiB / 251.5GiB
determined_cartwright: CPU: 1519.74%, Memory: 9.001GiB / 251.5GiB
determined_cartwright: CPU: 1518.98%, Memory: 9.002GiB / 251.5GiB
determined_cartwright: CPU: 1548.11%, Memory: 9.004GiB / 251.5GiB
determined_cartwright: CPU: 1547.38%, Memory: 9.005GiB / 251.5GiB
determined_cartwright: CPU: 1519.47%, Memory: 9.006GiB / 251.5GiB
determined_cartwright: CPU: 1507.52%, Memory: 9.006GiB / 251.5GiB
determined_cartwright: CPU: 1491.53%, Memory: 9.005GiB / 251.5GiB
determined_cartwright: CPU: 1554.31%, Memory: 9.009GiB / 251.5GiB
determined_cartwright: CPU: 1507.23%, Memory: 9.01GiB / 251.5GiB
determined_cartwright: CPU: 1502.21%, Memory: 9.012GiB / 251.5GiB
determined_cartwright: CPU: 1566.31%, Memory: 9.018GiB / 251.5GiB
determined_cartwright: CPU: 100.43%, Memory: 6.433GiB / 251.5GiB
determined_cartwright: CPU: 99.38%, Memory: 9.524GiB / 251.5GiB
determined_cartwright: CPU: 826.63%, Memory: 12GiB / 251.5GiB
determined_cartwright: CPU: 1501.76%, Memory: 12GiB / 251.5GiB
determined_cartwright: CPU: 1521.05%, Memory: 12GiB / 251.5GiB
determined_cartwright: CPU: 1501.76%, Memory: 12GiB / 251.5GiB
determined_cartwright: CPU: 1509.71%, Memory: 12GiB / 251.5GiB
determined_cartwright: CPU: 1557.49%, Memory: 12GiB / 251.5GiB
determined_cartwright: CPU: 1557.33%, Memory: 12GiB / 251.5GiB
determined_cartwright: CPU: 1544.06%, Memory: 12GiB / 251.5GiB
determined_cartwright: CPU: 1518.04%, Memory: 12GiB / 251.5GiB
determined_cartwright: CPU: 1519.06%, Memory: 12GiB / 251.5GiB
determined_cartwright: CPU: 1580.45%, Memory: 12GiB / 251.5GiB
determined_cartwright: CPU: 1542.50%, Memory: 12GiB / 251.5GiB
determined_cartwright: CPU: 1525.94%, Memory: 12GiB / 251.5GiB
determined_cartwright: CPU: 1505.67%, Memory: 12GiB / 251.5GiB
determined_cartwright: CPU: 1493.05%, Memory: 12GiB / 251.5GiB
determined_cartwright: CPU: 1546.20%, Memory: 12GiB / 251.5GiB
determined_cartwright: CPU: 1500.97%, Memory: 12GiB / 251.5GiB
determined_cartwright: CPU: 1500.40%, Memory: 12GiB / 251.5GiB
determined_cartwright: CPU: 1504.95%, Memory: 12GiB / 251.5GiB
determined_cartwright: CPU: 1498.86%, Memory: 12GiB / 251.5GiB
determined_cartwright: CPU: 1550.52%, Memory: 12GiB / 251.5GiB
determined_cartwright: CPU: 1555.24%, Memory: 12GiB / 251.5GiB
determined_cartwright: CPU: 1492.91%, Memory: 12GiB / 251.5GiB
determined_cartwright: CPU: 1511.95%, Memory: 12GiB / 251.5GiB
determined_cartwright: CPU: 1505.62%, Memory: 12GiB / 251.5GiB
determined_cartwright: CPU: 1526.66%, Memory: 12GiB / 251.5GiB
determined_cartwright: CPU: 1528.38%, Memory: 12GiB / 251.5GiB
determined_cartwright: CPU: 1543.50%, Memory: 12GiB / 251.5GiB
determined_cartwright: CPU: 1513.43%, Memory: 12GiB / 251.5GiB
determined_cartwright: CPU: 1465.99%, Memory: 12GiB / 251.5GiB
determined_cartwright: CPU: 1510.07%, Memory: 12GiB / 251.5GiB
determined_cartwright: CPU: 1500.16%, Memory: 12GiB / 251.5GiB
determined_cartwright: CPU: 1503.70%, Memory: 12GiB / 251.5GiB
determined_cartwright: CPU: 1580.43%, Memory: 12GiB / 251.5GiB
determined_cartwright: CPU: 1515.61%, Memory: 12GiB / 251.5GiB
determined_cartwright: CPU: 99.59%, Memory: 14.99GiB / 251.5GiB
determined_cartwright: CPU: 101.00%, Memory: 10.69GiB / 251.5GiB
determined_cartwright: CPU: 742.61%, Memory: 15.02GiB / 251.5GiB
determined_cartwright: CPU: 1504.50%, Memory: 15.02GiB / 251.5GiB
determined_cartwright: CPU: 1510.62%, Memory: 15.02GiB / 251.5GiB
determined_cartwright: CPU: 1487.86%, Memory: 15.02GiB / 251.5GiB
determined_cartwright: CPU: 1537.47%, Memory: 15.02GiB / 251.5GiB
determined_cartwright: CPU: 1553.77%, Memory: 15.02GiB / 251.5GiB
determined_cartwright: CPU: 1484.42%, Memory: 15.02GiB / 251.5GiB
determined_cartwright: CPU: 1564.82%, Memory: 15.02GiB / 251.5GiB
determined_cartwright: CPU: 1580.07%, Memory: 15.02GiB / 251.5GiB
determined_cartwright: CPU: 1573.16%, Memory: 15.02GiB / 251.5GiB
determined_cartwright: CPU: 1553.41%, Memory: 15.02GiB / 251.5GiB
determined_cartwright: CPU: 1587.24%, Memory: 15.02GiB / 251.5GiB
determined_cartwright: CPU: 1582.31%, Memory: 15.02GiB / 251.5GiB
determined_cartwright: CPU: 1581.16%, Memory: 15.02GiB / 251.5GiB
determined_cartwright: CPU: 1522.81%, Memory: 15.02GiB / 251.5GiB
determined_cartwright: CPU: 351.50%, Memory: 16.77GiB / 251.5GiB
determined_cartwright: CPU: 101.02%, Memory: 12.91GiB / 251.5GiB
determined_cartwright: CPU: 1564.11%, Memory: 15.02GiB / 251.5GiB
determined_cartwright: CPU: 1556.52%, Memory: 15.02GiB / 251.5GiB
determined_cartwright: CPU: 1512.99%, Memory: 15.02GiB / 251.5GiB
determined_cartwright: CPU: 1549.49%, Memory: 15.02GiB / 251.5GiB
determined_cartwright: CPU: 1556.68%, Memory: 15.02GiB / 251.5GiB
determined_cartwright: CPU: 1551.15%, Memory: 15.02GiB / 251.5GiB
determined_cartwright: CPU: 1573.85%, Memory: 15.02GiB / 251.5GiB
determined_cartwright: CPU: 1564.11%, Memory: 15.02GiB / 251.5GiB
determined_cartwright: CPU: 1523.37%, Memory: 15.02GiB / 251.5GiB
determined_cartwright: CPU: 1559.69%, Memory: 15.02GiB / 251.5GiB
determined_cartwright: CPU: 1557.06%, Memory: 15.02GiB / 251.5GiB
determined_cartwright: CPU: 1283.37%, Memory: 9.044GiB / 251.5GiB
determined_cartwright: CPU: 1583.27%, Memory: 9.044GiB / 251.5GiB
determined_cartwright: CPU: 1551.51%, Memory: 9.044GiB / 251.5GiB
determined_cartwright: CPU: 1578.46%, Memory: 9.044GiB / 251.5GiB
determined_cartwright: CPU: 1580.11%, Memory: 9.044GiB / 251.5GiB
determined_cartwright: CPU: 1581.30%, Memory: 9.044GiB / 251.5GiB
determined_cartwright: CPU: 1580.08%, Memory: 9.044GiB / 251.5GiB
determined_cartwright: CPU: 1496.42%, Memory: 9.044GiB / 251.5GiB
determined_cartwright: CPU: 1509.08%, Memory: 9.044GiB / 251.5GiB
determined_cartwright: CPU: 1497.54%, Memory: 9.044GiB / 251.5GiB
determined_cartwright: CPU: 1505.23%, Memory: 9.044GiB / 251.5GiB
determined_cartwright: CPU: 1552.77%, Memory: 9.044GiB / 251.5GiB
determined_cartwright: CPU: 1550.58%, Memory: 9.044GiB / 251.5GiB
determined_cartwright: CPU: 99.88%, Memory: 15.1GiB / 251.5GiB
friendly_nightingale: CPU: 151.19%, Memory: 1.174GiB / 251.5GiB
friendly_nightingale: CPU: 102.04%, Memory: 3.682GiB / 251.5GiB
friendly_nightingale: CPU: 99.93%, Memory: 3.37GiB / 251.5GiB
friendly_nightingale: CPU: 101.28%, Memory: 5.976GiB / 251.5GiB
friendly_nightingale: CPU: 137.87%, Memory: 8.987GiB / 251.5GiB
friendly_nightingale: CPU: 1585.16%, Memory: 8.993GiB / 251.5GiB
friendly_nightingale: CPU: 1582.46%, Memory: 8.993GiB / 251.5GiB
friendly_nightingale: CPU: 1555.44%, Memory: 8.994GiB / 251.5GiB
friendly_nightingale: CPU: 1480.23%, Memory: 8.993GiB / 251.5GiB
friendly_nightingale: CPU: 1487.70%, Memory: 8.992GiB / 251.5GiB
friendly_nightingale: CPU: 1555.22%, Memory: 8.995GiB / 251.5GiB
friendly_nightingale: CPU: 1490.07%, Memory: 8.995GiB / 251.5GiB
friendly_nightingale: CPU: 1534.30%, Memory: 8.996GiB / 251.5GiB
friendly_nightingale: CPU: 1552.65%, Memory: 8.997GiB / 251.5GiB
friendly_nightingale: CPU: 1560.81%, Memory: 8.997GiB / 251.5GiB
friendly_nightingale: CPU: 1542.25%, Memory: 8.998GiB / 251.5GiB
friendly_nightingale: CPU: 1550.51%, Memory: 8.997GiB / 251.5GiB
friendly_nightingale: CPU: 1584.12%, Memory: 9GiB / 251.5GiB
friendly_nightingale: CPU: 1497.50%, Memory: 9GiB / 251.5GiB
friendly_nightingale: CPU: 1515.83%, Memory: 9.001GiB / 251.5GiB
friendly_nightingale: CPU: 1525.61%, Memory: 9.001GiB / 251.5GiB
friendly_nightingale: CPU: 1506.20%, Memory: 9.001GiB / 251.5GiB
friendly_nightingale: CPU: 1518.47%, Memory: 9.002GiB / 251.5GiB
friendly_nightingale: CPU: 1588.61%, Memory: 9.003GiB / 251.5GiB
friendly_nightingale: CPU: 1516.18%, Memory: 9.003GiB / 251.5GiB
friendly_nightingale: CPU: 1547.96%, Memory: 9.005GiB / 251.5GiB
friendly_nightingale: CPU: 1534.04%, Memory: 9.006GiB / 251.5GiB
friendly_nightingale: CPU: 1506.22%, Memory: 9.006GiB / 251.5GiB
friendly_nightingale: CPU: 1519.09%, Memory: 9.008GiB / 251.5GiB
friendly_nightingale: CPU: 1508.93%, Memory: 9.008GiB / 251.5GiB
friendly_nightingale: CPU: 1506.85%, Memory: 9.009GiB / 251.5GiB
friendly_nightingale: CPU: 1528.99%, Memory: 9.011GiB / 251.5GiB
friendly_nightingale: CPU: 1515.11%, Memory: 9.013GiB / 251.5GiB
friendly_nightingale: CPU: 1516.68%, Memory: 9.016GiB / 251.5GiB
friendly_nightingale: CPU: 1483.61%, Memory: 9.017GiB / 251.5GiB
friendly_nightingale: CPU: 100.00%, Memory: 9.017GiB / 251.5GiB
friendly_nightingale: CPU: 100.12%, Memory: 8.835GiB / 251.5GiB
friendly_nightingale: CPU: 101.22%, Memory: 11.94GiB / 251.5GiB
friendly_nightingale: CPU: 1490.18%, Memory: 12GiB / 251.5GiB
friendly_nightingale: CPU: 1498.84%, Memory: 12GiB / 251.5GiB
friendly_nightingale: CPU: 1499.40%, Memory: 12GiB / 251.5GiB
friendly_nightingale: CPU: 1480.74%, Memory: 12GiB / 251.5GiB
friendly_nightingale: CPU: 1505.55%, Memory: 12GiB / 251.5GiB
friendly_nightingale: CPU: 1509.65%, Memory: 12GiB / 251.5GiB
friendly_nightingale: CPU: 1583.83%, Memory: 12GiB / 251.5GiB
friendly_nightingale: CPU: 1507.75%, Memory: 12GiB / 251.5GiB
friendly_nightingale: CPU: 1540.58%, Memory: 12GiB / 251.5GiB
friendly_nightingale: CPU: 1502.12%, Memory: 12GiB / 251.5GiB
friendly_nightingale: CPU: 1573.74%, Memory: 12GiB / 251.5GiB
friendly_nightingale: CPU: 1562.67%, Memory: 12GiB / 251.5GiB
friendly_nightingale: CPU: 1581.93%, Memory: 12GiB / 251.5GiB
friendly_nightingale: CPU: 1546.96%, Memory: 12GiB / 251.5GiB
friendly_nightingale: CPU: 1583.14%, Memory: 12GiB / 251.5GiB
friendly_nightingale: CPU: 1485.27%, Memory: 12GiB / 251.5GiB
friendly_nightingale: CPU: 1544.88%, Memory: 12GiB / 251.5GiB
friendly_nightingale: CPU: 1548.05%, Memory: 12GiB / 251.5GiB
friendly_nightingale: CPU: 1580.08%, Memory: 12GiB / 251.5GiB
friendly_nightingale: CPU: 1513.01%, Memory: 12GiB / 251.5GiB
friendly_nightingale: CPU: 1553.65%, Memory: 12GiB / 251.5GiB
friendly_nightingale: CPU: 1513.47%, Memory: 12GiB / 251.5GiB
friendly_nightingale: CPU: 1585.83%, Memory: 12GiB / 251.5GiB
friendly_nightingale: CPU: 1525.76%, Memory: 12GiB / 251.5GiB
friendly_nightingale: CPU: 1511.70%, Memory: 12GiB / 251.5GiB
friendly_nightingale: CPU: 1492.90%, Memory: 12GiB / 251.5GiB
friendly_nightingale: CPU: 1513.67%, Memory: 12GiB / 251.5GiB
friendly_nightingale: CPU: 1530.84%, Memory: 12GiB / 251.5GiB
friendly_nightingale: CPU: 1526.82%, Memory: 12GiB / 251.5GiB
friendly_nightingale: CPU: 1559.88%, Memory: 12GiB / 251.5GiB
friendly_nightingale: CPU: 1532.72%, Memory: 12GiB / 251.5GiB
friendly_nightingale: CPU: 1506.90%, Memory: 12GiB / 251.5GiB
friendly_nightingale: CPU: 101.45%, Memory: 14.99GiB / 251.5GiB
friendly_nightingale: CPU: 101.67%, Memory: 10.63GiB / 251.5GiB
friendly_nightingale: CPU: 613.88%, Memory: 15.02GiB / 251.5GiB
friendly_nightingale: CPU: 1549.48%, Memory: 15.02GiB / 251.5GiB
friendly_nightingale: CPU: 1579.97%, Memory: 15.02GiB / 251.5GiB
friendly_nightingale: CPU: 1582.44%, Memory: 15.02GiB / 251.5GiB
friendly_nightingale: CPU: 1580.44%, Memory: 15.02GiB / 251.5GiB
friendly_nightingale: CPU: 1581.48%, Memory: 15.02GiB / 251.5GiB
friendly_nightingale: CPU: 1543.22%, Memory: 15.02GiB / 251.5GiB
friendly_nightingale: CPU: 1582.55%, Memory: 15.02GiB / 251.5GiB
friendly_nightingale: CPU: 1572.52%, Memory: 15.02GiB / 251.5GiB
friendly_nightingale: CPU: 1584.39%, Memory: 15.02GiB / 251.5GiB
friendly_nightingale: CPU: 1535.93%, Memory: 15.02GiB / 251.5GiB
friendly_nightingale: CPU: 1533.66%, Memory: 15.02GiB / 251.5GiB
friendly_nightingale: CPU: 1579.47%, Memory: 15.02GiB / 251.5GiB
friendly_nightingale: CPU: 1556.71%, Memory: 15.02GiB / 251.5GiB
friendly_nightingale: CPU: 1565.15%, Memory: 15.02GiB / 251.5GiB
friendly_nightingale: CPU: 100.52%, Memory: 18GiB / 251.5GiB
friendly_nightingale: CPU: 1550.08%, Memory: 15.02GiB / 251.5GiB
friendly_nightingale: CPU: 1574.54%, Memory: 15.02GiB / 251.5GiB
friendly_nightingale: CPU: 1565.37%, Memory: 15.02GiB / 251.5GiB
friendly_nightingale: CPU: 1550.06%, Memory: 15.02GiB / 251.5GiB
friendly_nightingale: CPU: 1527.76%, Memory: 15.02GiB / 251.5GiB
friendly_nightingale: CPU: 1556.38%, Memory: 15.02GiB / 251.5GiB
friendly_nightingale: CPU: 1544.00%, Memory: 15.02GiB / 251.5GiB
friendly_nightingale: CPU: 1552.76%, Memory: 15.02GiB / 251.5GiB
friendly_nightingale: CPU: 1522.37%, Memory: 15.02GiB / 251.5GiB
friendly_nightingale: CPU: 1536.36%, Memory: 15.02GiB / 251.5GiB
friendly_nightingale: CPU: 1558.82%, Memory: 15.02GiB / 251.5GiB
friendly_nightingale: CPU: 857.16%, Memory: 9.044GiB / 251.5GiB
friendly_nightingale: CPU: 1549.45%, Memory: 9.044GiB / 251.5GiB
friendly_nightingale: CPU: 1548.45%, Memory: 9.044GiB / 251.5GiB
friendly_nightingale: CPU: 1564.42%, Memory: 9.044GiB / 251.5GiB
friendly_nightingale: CPU: 1567.34%, Memory: 9.044GiB / 251.5GiB
friendly_nightingale: CPU: 1540.78%, Memory: 9.044GiB / 251.5GiB
friendly_nightingale: CPU: 1581.04%, Memory: 9.044GiB / 251.5GiB
friendly_nightingale: CPU: 1502.40%, Memory: 9.044GiB / 251.5GiB
friendly_nightingale: CPU: 1505.47%, Memory: 9.044GiB / 251.5GiB
friendly_nightingale: CPU: 1543.86%, Memory: 9.044GiB / 251.5GiB
friendly_nightingale: CPU: 1572.41%, Memory: 9.044GiB / 251.5GiB
friendly_nightingale: CPU: 1543.38%, Memory: 9.044GiB / 251.5GiB
friendly_nightingale: CPU: 1496.07%, Memory: 9.316GiB / 251.5GiB
friendly_nightingale: CPU: 100.06%, Memory: 15.3GiB / 251.5GiB
happy_joliot: CPU: 160.23%, Memory: 1.15GiB / 251.5GiB
happy_joliot: CPU: 100.24%, Memory: 3.964GiB / 251.5GiB
happy_joliot: CPU: 99.53%, Memory: 3.572GiB / 251.5GiB
happy_joliot: CPU: 100.42%, Memory: 6.055GiB / 251.5GiB
happy_joliot: CPU: 225.66%, Memory: 8.987GiB / 251.5GiB
happy_joliot: CPU: 1581.65%, Memory: 8.993GiB / 251.5GiB
happy_joliot: CPU: 1529.86%, Memory: 8.993GiB / 251.5GiB
happy_joliot: CPU: 1519.68%, Memory: 8.994GiB / 251.5GiB
happy_joliot: CPU: 1548.98%, Memory: 8.994GiB / 251.5GiB
happy_joliot: CPU: 1556.02%, Memory: 8.994GiB / 251.5GiB
happy_joliot: CPU: 1506.22%, Memory: 8.996GiB / 251.5GiB
happy_joliot: CPU: 1558.19%, Memory: 8.996GiB / 251.5GiB
happy_joliot: CPU: 1548.57%, Memory: 8.996GiB / 251.5GiB
happy_joliot: CPU: 1531.37%, Memory: 8.996GiB / 251.5GiB
happy_joliot: CPU: 1584.92%, Memory: 8.997GiB / 251.5GiB
happy_joliot: CPU: 1556.49%, Memory: 8.998GiB / 251.5GiB
happy_joliot: CPU: 1551.35%, Memory: 9GiB / 251.5GiB
happy_joliot: CPU: 1553.40%, Memory: 9GiB / 251.5GiB
happy_joliot: CPU: 1581.04%, Memory: 9.001GiB / 251.5GiB
happy_joliot: CPU: 1582.88%, Memory: 9.002GiB / 251.5GiB
happy_joliot: CPU: 1524.01%, Memory: 9GiB / 251.5GiB
happy_joliot: CPU: 1554.34%, Memory: 9.004GiB / 251.5GiB
happy_joliot: CPU: 1497.72%, Memory: 9.003GiB / 251.5GiB
happy_joliot: CPU: 1518.24%, Memory: 9.004GiB / 251.5GiB
happy_joliot: CPU: 1526.76%, Memory: 9.006GiB / 251.5GiB
happy_joliot: CPU: 1548.80%, Memory: 9.007GiB / 251.5GiB
happy_joliot: CPU: 1575.07%, Memory: 9.008GiB / 251.5GiB
happy_joliot: CPU: 1586.21%, Memory: 9.011GiB / 251.5GiB
happy_joliot: CPU: 1550.98%, Memory: 9.016GiB / 251.5GiB
happy_joliot: CPU: 101.45%, Memory: 6.033GiB / 251.5GiB
happy_joliot: CPU: 99.83%, Memory: 9.094GiB / 251.5GiB
happy_joliot: CPU: 325.02%, Memory: 12GiB / 251.5GiB
happy_joliot: CPU: 1543.09%, Memory: 12GiB / 251.5GiB
happy_joliot: CPU: 1587.52%, Memory: 12GiB / 251.5GiB
happy_joliot: CPU: 1506.49%, Memory: 12GiB / 251.5GiB
happy_joliot: CPU: 1489.95%, Memory: 12GiB / 251.5GiB
happy_joliot: CPU: 1543.40%, Memory: 12GiB / 251.5GiB
happy_joliot: CPU: 1488.88%, Memory: 12GiB / 251.5GiB
happy_joliot: CPU: 1516.72%, Memory: 12GiB / 251.5GiB
happy_joliot: CPU: 1489.26%, Memory: 12GiB / 251.5GiB
happy_joliot: CPU: 1499.98%, Memory: 12GiB / 251.5GiB
happy_joliot: CPU: 1485.62%, Memory: 12GiB / 251.5GiB
happy_joliot: CPU: 1557.38%, Memory: 12GiB / 251.5GiB
happy_joliot: CPU: 1587.49%, Memory: 12GiB / 251.5GiB
happy_joliot: CPU: 1578.18%, Memory: 12GiB / 251.5GiB
happy_joliot: CPU: 1585.46%, Memory: 12GiB / 251.5GiB
happy_joliot: CPU: 1581.25%, Memory: 12GiB / 251.5GiB
happy_joliot: CPU: 1587.60%, Memory: 12GiB / 251.5GiB
happy_joliot: CPU: 1510.95%, Memory: 12GiB / 251.5GiB
happy_joliot: CPU: 1557.50%, Memory: 12GiB / 251.5GiB
happy_joliot: CPU: 1526.79%, Memory: 12GiB / 251.5GiB
happy_joliot: CPU: 1581.19%, Memory: 12GiB / 251.5GiB
happy_joliot: CPU: 1488.91%, Memory: 12GiB / 251.5GiB
happy_joliot: CPU: 1527.72%, Memory: 12GiB / 251.5GiB
happy_joliot: CPU: 1566.71%, Memory: 12GiB / 251.5GiB
happy_joliot: CPU: 1533.79%, Memory: 12GiB / 251.5GiB
happy_joliot: CPU: 1589.13%, Memory: 12GiB / 251.5GiB
happy_joliot: CPU: 1586.39%, Memory: 12GiB / 251.5GiB
happy_joliot: CPU: 1589.69%, Memory: 12GiB / 251.5GiB
happy_joliot: CPU: 601.33%, Memory: 14.99GiB / 251.5GiB
happy_joliot: CPU: 100.99%, Memory: 11.59GiB / 251.5GiB
happy_joliot: CPU: 101.00%, Memory: 11.83GiB / 251.5GiB
happy_joliot: CPU: 1554.77%, Memory: 15.02GiB / 251.5GiB
happy_joliot: CPU: 1534.94%, Memory: 15.02GiB / 251.5GiB
happy_joliot: CPU: 1584.53%, Memory: 15.02GiB / 251.5GiB
happy_joliot: CPU: 1544.40%, Memory: 15.02GiB / 251.5GiB
happy_joliot: CPU: 1490.67%, Memory: 15.02GiB / 251.5GiB
happy_joliot: CPU: 1485.46%, Memory: 15.02GiB / 251.5GiB
happy_joliot: CPU: 1497.87%, Memory: 15.02GiB / 251.5GiB
happy_joliot: CPU: 1536.95%, Memory: 15.02GiB / 251.5GiB
happy_joliot: CPU: 1515.59%, Memory: 15.02GiB / 251.5GiB
happy_joliot: CPU: 1542.90%, Memory: 15.02GiB / 251.5GiB
happy_joliot: CPU: 1537.30%, Memory: 15.02GiB / 251.5GiB
happy_joliot: CPU: 1537.36%, Memory: 15.02GiB / 251.5GiB
happy_joliot: CPU: 1544.78%, Memory: 15.02GiB / 251.5GiB
happy_joliot: CPU: 1547.72%, Memory: 15.02GiB / 251.5GiB
happy_joliot: CPU: 1366.41%, Memory: 15.02GiB / 251.5GiB
happy_joliot: CPU: 101.58%, Memory: 18GiB / 251.5GiB
happy_joliot: CPU: 1394.22%, Memory: 15.02GiB / 251.5GiB
happy_joliot: CPU: 1499.11%, Memory: 15.02GiB / 251.5GiB
happy_joliot: CPU: 1555.01%, Memory: 15.02GiB / 251.5GiB
happy_joliot: CPU: 1548.76%, Memory: 15.02GiB / 251.5GiB
happy_joliot: CPU: 1496.17%, Memory: 15.02GiB / 251.5GiB
happy_joliot: CPU: 1510.98%, Memory: 15.02GiB / 251.5GiB
happy_joliot: CPU: 1553.61%, Memory: 15.02GiB / 251.5GiB
happy_joliot: CPU: 1492.89%, Memory: 15.02GiB / 251.5GiB
happy_joliot: CPU: 1491.40%, Memory: 15.02GiB / 251.5GiB
happy_joliot: CPU: 1497.81%, Memory: 15.02GiB / 251.5GiB
happy_joliot: CPU: 1498.89%, Memory: 15.02GiB / 251.5GiB
happy_joliot: CPU: 1495.53%, Memory: 15.02GiB / 251.5GiB
happy_joliot: CPU: 1493.87%, Memory: 15.02GiB / 251.5GiB
happy_joliot: CPU: 1582.88%, Memory: 9.044GiB / 251.5GiB
happy_joliot: CPU: 1550.46%, Memory: 9.044GiB / 251.5GiB
happy_joliot: CPU: 1543.12%, Memory: 9.044GiB / 251.5GiB
happy_joliot: CPU: 1551.39%, Memory: 9.044GiB / 251.5GiB
happy_joliot: CPU: 1547.28%, Memory: 9.044GiB / 251.5GiB
happy_joliot: CPU: 1579.87%, Memory: 9.044GiB / 251.5GiB
happy_joliot: CPU: 1584.75%, Memory: 9.044GiB / 251.5GiB
happy_joliot: CPU: 1569.11%, Memory: 9.044GiB / 251.5GiB
happy_joliot: CPU: 1545.61%, Memory: 9.044GiB / 251.5GiB
happy_joliot: CPU: 1580.23%, Memory: 9.044GiB / 251.5GiB
happy_joliot: CPU: 1584.28%, Memory: 9.044GiB / 251.5GiB
happy_joliot: CPU: 1517.20%, Memory: 9.044GiB / 251.5GiB
happy_joliot: CPU: 101.47%, Memory: 13.86GiB / 251.5GiB
quirky_brahmagupta: CPU: 100.56%, Memory: 1.403GiB / 251.5GiB
quirky_brahmagupta: CPU: 100.86%, Memory: 4.31GiB / 251.5GiB
quirky_brahmagupta: CPU: 98.98%, Memory: 4.455GiB / 251.5GiB
quirky_brahmagupta: CPU: 100.77%, Memory: 6.6GiB / 251.5GiB
quirky_brahmagupta: CPU: 934.52%, Memory: 8.991GiB / 251.5GiB
quirky_brahmagupta: CPU: 1541.00%, Memory: 8.993GiB / 251.5GiB
quirky_brahmagupta: CPU: 1538.12%, Memory: 8.994GiB / 251.5GiB
quirky_brahmagupta: CPU: 1512.84%, Memory: 8.994GiB / 251.5GiB
quirky_brahmagupta: CPU: 1525.18%, Memory: 8.995GiB / 251.5GiB
quirky_brahmagupta: CPU: 1530.59%, Memory: 8.995GiB / 251.5GiB
quirky_brahmagupta: CPU: 1551.63%, Memory: 8.996GiB / 251.5GiB
quirky_brahmagupta: CPU: 1498.55%, Memory: 8.995GiB / 251.5GiB
quirky_brahmagupta: CPU: 1569.13%, Memory: 8.996GiB / 251.5GiB
quirky_brahmagupta: CPU: 1492.69%, Memory: 8.997GiB / 251.5GiB
quirky_brahmagupta: CPU: 1536.02%, Memory: 8.996GiB / 251.5GiB
quirky_brahmagupta: CPU: 1589.65%, Memory: 8.998GiB / 251.5GiB
quirky_brahmagupta: CPU: 1558.15%, Memory: 8.997GiB / 251.5GiB
quirky_brahmagupta: CPU: 1500.67%, Memory: 8.998GiB / 251.5GiB
quirky_brahmagupta: CPU: 1547.61%, Memory: 8.999GiB / 251.5GiB
quirky_brahmagupta: CPU: 1548.28%, Memory: 9GiB / 251.5GiB
quirky_brahmagupta: CPU: 1584.05%, Memory: 9.001GiB / 251.5GiB
quirky_brahmagupta: CPU: 1577.17%, Memory: 9.002GiB / 251.5GiB
quirky_brahmagupta: CPU: 1584.99%, Memory: 9.003GiB / 251.5GiB
quirky_brahmagupta: CPU: 1552.27%, Memory: 9.003GiB / 251.5GiB
quirky_brahmagupta: CPU: 1538.09%, Memory: 9.004GiB / 251.5GiB
quirky_brahmagupta: CPU: 1487.30%, Memory: 9.002GiB / 251.5GiB
quirky_brahmagupta: CPU: 1493.71%, Memory: 9.004GiB / 251.5GiB
quirky_brahmagupta: CPU: 1498.27%, Memory: 9.004GiB / 251.5GiB
quirky_brahmagupta: CPU: 1551.92%, Memory: 9.006GiB / 251.5GiB
quirky_brahmagupta: CPU: 1554.91%, Memory: 9.008GiB / 251.5GiB
quirky_brahmagupta: CPU: 1587.55%, Memory: 9.01GiB / 251.5GiB
quirky_brahmagupta: CPU: 1584.60%, Memory: 9.014GiB / 251.5GiB
quirky_brahmagupta: CPU: 99.62%, Memory: 9.017GiB / 251.5GiB
quirky_brahmagupta: CPU: 99.81%, Memory: 8.491GiB / 251.5GiB
quirky_brahmagupta: CPU: 100.06%, Memory: 11.48GiB / 251.5GiB
quirky_brahmagupta: CPU: 1553.25%, Memory: 12GiB / 251.5GiB
quirky_brahmagupta: CPU: 1542.46%, Memory: 12GiB / 251.5GiB
quirky_brahmagupta: CPU: 1525.95%, Memory: 12GiB / 251.5GiB
quirky_brahmagupta: CPU: 1496.02%, Memory: 12GiB / 251.5GiB
quirky_brahmagupta: CPU: 1586.04%, Memory: 12GiB / 251.5GiB
quirky_brahmagupta: CPU: 1587.19%, Memory: 12GiB / 251.5GiB
quirky_brahmagupta: CPU: 1577.63%, Memory: 12GiB / 251.5GiB
quirky_brahmagupta: CPU: 1547.70%, Memory: 12GiB / 251.5GiB
quirky_brahmagupta: CPU: 1544.91%, Memory: 12GiB / 251.5GiB
quirky_brahmagupta: CPU: 1532.99%, Memory: 12GiB / 251.5GiB
quirky_brahmagupta: CPU: 1504.40%, Memory: 12GiB / 251.5GiB
quirky_brahmagupta: CPU: 1504.29%, Memory: 12GiB / 251.5GiB
quirky_brahmagupta: CPU: 1576.06%, Memory: 12GiB / 251.5GiB
quirky_brahmagupta: CPU: 1512.67%, Memory: 12GiB / 251.5GiB
quirky_brahmagupta: CPU: 1485.98%, Memory: 12GiB / 251.5GiB
quirky_brahmagupta: CPU: 1500.20%, Memory: 12GiB / 251.5GiB
quirky_brahmagupta: CPU: 1538.25%, Memory: 12GiB / 251.5GiB
quirky_brahmagupta: CPU: 1519.54%, Memory: 12GiB / 251.5GiB
quirky_brahmagupta: CPU: 1481.34%, Memory: 12GiB / 251.5GiB
quirky_brahmagupta: CPU: 1533.04%, Memory: 12GiB / 251.5GiB
quirky_brahmagupta: CPU: 1502.49%, Memory: 12GiB / 251.5GiB
quirky_brahmagupta: CPU: 1548.63%, Memory: 12GiB / 251.5GiB
quirky_brahmagupta: CPU: 1532.58%, Memory: 12GiB / 251.5GiB
quirky_brahmagupta: CPU: 1517.34%, Memory: 12GiB / 251.5GiB
quirky_brahmagupta: CPU: 1494.99%, Memory: 12GiB / 251.5GiB
quirky_brahmagupta: CPU: 1486.14%, Memory: 12GiB / 251.5GiB
quirky_brahmagupta: CPU: 1548.57%, Memory: 12GiB / 251.5GiB
quirky_brahmagupta: CPU: 1566.61%, Memory: 12GiB / 251.5GiB
quirky_brahmagupta: CPU: 1551.20%, Memory: 12GiB / 251.5GiB
quirky_brahmagupta: CPU: 1561.10%, Memory: 12GiB / 251.5GiB
quirky_brahmagupta: CPU: 100.90%, Memory: 14.99GiB / 251.5GiB
quirky_brahmagupta: CPU: 100.71%, Memory: 10.54GiB / 251.5GiB
quirky_brahmagupta: CPU: 477.83%, Memory: 15.02GiB / 251.5GiB
quirky_brahmagupta: CPU: 1581.48%, Memory: 15.02GiB / 251.5GiB
quirky_brahmagupta: CPU: 1558.93%, Memory: 15.02GiB / 251.5GiB
quirky_brahmagupta: CPU: 1580.28%, Memory: 15.02GiB / 251.5GiB
quirky_brahmagupta: CPU: 1571.84%, Memory: 15.02GiB / 251.5GiB
quirky_brahmagupta: CPU: 1561.32%, Memory: 15.02GiB / 251.5GiB
quirky_brahmagupta: CPU: 1560.37%, Memory: 15.02GiB / 251.5GiB
quirky_brahmagupta: CPU: 1564.03%, Memory: 15.02GiB / 251.5GiB
quirky_brahmagupta: CPU: 1552.35%, Memory: 15.02GiB / 251.5GiB
quirky_brahmagupta: CPU: 1504.39%, Memory: 15.02GiB / 251.5GiB
quirky_brahmagupta: CPU: 1551.12%, Memory: 15.02GiB / 251.5GiB
quirky_brahmagupta: CPU: 1543.76%, Memory: 15.02GiB / 251.5GiB
quirky_brahmagupta: CPU: 1492.18%, Memory: 15.02GiB / 251.5GiB
quirky_brahmagupta: CPU: 1494.86%, Memory: 15.02GiB / 251.5GiB
quirky_brahmagupta: CPU: 1303.90%, Memory: 15.02GiB / 251.5GiB
quirky_brahmagupta: CPU: 120.64%, Memory: 18GiB / 251.5GiB
quirky_brahmagupta: CPU: 431.56%, Memory: 15.02GiB / 251.5GiB
quirky_brahmagupta: CPU: 1569.50%, Memory: 15.02GiB / 251.5GiB
quirky_brahmagupta: CPU: 1586.16%, Memory: 15.02GiB / 251.5GiB
quirky_brahmagupta: CPU: 1524.64%, Memory: 15.02GiB / 251.5GiB
quirky_brahmagupta: CPU: 1563.06%, Memory: 15.02GiB / 251.5GiB
quirky_brahmagupta: CPU: 1494.03%, Memory: 15.02GiB / 251.5GiB
quirky_brahmagupta: CPU: 1555.28%, Memory: 15.02GiB / 251.5GiB
quirky_brahmagupta: CPU: 1521.49%, Memory: 15.02GiB / 251.5GiB
quirky_brahmagupta: CPU: 1561.75%, Memory: 15.02GiB / 251.5GiB
quirky_brahmagupta: CPU: 1543.08%, Memory: 15.02GiB / 251.5GiB
quirky_brahmagupta: CPU: 1580.23%, Memory: 15.02GiB / 251.5GiB
quirky_brahmagupta: CPU: 1580.41%, Memory: 15.02GiB / 251.5GiB
quirky_brahmagupta: CPU: 1582.41%, Memory: 9.044GiB / 251.5GiB
quirky_brahmagupta: CPU: 1558.12%, Memory: 9.044GiB / 251.5GiB
quirky_brahmagupta: CPU: 1512.94%, Memory: 9.044GiB / 251.5GiB
quirky_brahmagupta: CPU: 1544.05%, Memory: 9.044GiB / 251.5GiB
quirky_brahmagupta: CPU: 1552.70%, Memory: 9.044GiB / 251.5GiB
quirky_brahmagupta: CPU: 1513.72%, Memory: 9.044GiB / 251.5GiB
quirky_brahmagupta: CPU: 1529.21%, Memory: 9.044GiB / 251.5GiB
quirky_brahmagupta: CPU: 1557.16%, Memory: 9.044GiB / 251.5GiB
quirky_brahmagupta: CPU: 1552.03%, Memory: 9.044GiB / 251.5GiB
quirky_brahmagupta: CPU: 1581.53%, Memory: 9.044GiB / 251.5GiB
quirky_brahmagupta: CPU: 1584.79%, Memory: 9.044GiB / 251.5GiB
quirky_brahmagupta: CPU: 1581.42%, Memory: 9.044GiB / 251.5GiB
quirky_brahmagupta: CPU: 100.11%, Memory: 12.36GiB / 251.5GiB
hungry_chebyshev: CPU: 167.29%, Memory: 1.177GiB / 251.5GiB
hungry_chebyshev: CPU: 101.15%, Memory: 4.141GiB / 251.5GiB
hungry_chebyshev: CPU: 100.82%, Memory: 4.177GiB / 251.5GiB
hungry_chebyshev: CPU: 99.06%, Memory: 6.441GiB / 251.5GiB
hungry_chebyshev: CPU: 748.80%, Memory: 8.991GiB / 251.5GiB
hungry_chebyshev: CPU: 1577.74%, Memory: 8.993GiB / 251.5GiB
hungry_chebyshev: CPU: 1579.74%, Memory: 8.994GiB / 251.5GiB
hungry_chebyshev: CPU: 1572.59%, Memory: 8.994GiB / 251.5GiB
hungry_chebyshev: CPU: 1530.43%, Memory: 8.995GiB / 251.5GiB
hungry_chebyshev: CPU: 1575.82%, Memory: 8.995GiB / 251.5GiB
hungry_chebyshev: CPU: 1587.31%, Memory: 8.996GiB / 251.5GiB
hungry_chebyshev: CPU: 1512.55%, Memory: 8.996GiB / 251.5GiB
hungry_chebyshev: CPU: 1546.99%, Memory: 8.997GiB / 251.5GiB
hungry_chebyshev: CPU: 1582.17%, Memory: 8.998GiB / 251.5GiB
hungry_chebyshev: CPU: 1585.87%, Memory: 8.998GiB / 251.5GiB
hungry_chebyshev: CPU: 1525.18%, Memory: 8.999GiB / 251.5GiB
hungry_chebyshev: CPU: 1496.30%, Memory: 9GiB / 251.5GiB
hungry_chebyshev: CPU: 1516.52%, Memory: 9.001GiB / 251.5GiB
hungry_chebyshev: CPU: 1480.94%, Memory: 8.998GiB / 251.5GiB
hungry_chebyshev: CPU: 1507.17%, Memory: 9.001GiB / 251.5GiB
hungry_chebyshev: CPU: 1521.69%, Memory: 9.001GiB / 251.5GiB
hungry_chebyshev: CPU: 1502.03%, Memory: 9.002GiB / 251.5GiB
hungry_chebyshev: CPU: 1548.55%, Memory: 9.003GiB / 251.5GiB
hungry_chebyshev: CPU: 1517.60%, Memory: 9.003GiB / 251.5GiB
hungry_chebyshev: CPU: 1545.87%, Memory: 9.003GiB / 251.5GiB
hungry_chebyshev: CPU: 1508.14%, Memory: 9.005GiB / 251.5GiB
hungry_chebyshev: CPU: 1528.91%, Memory: 9.006GiB / 251.5GiB
hungry_chebyshev: CPU: 1513.05%, Memory: 9.006GiB / 251.5GiB
hungry_chebyshev: CPU: 1532.46%, Memory: 9.007GiB / 251.5GiB
hungry_chebyshev: CPU: 1499.26%, Memory: 9.008GiB / 251.5GiB
hungry_chebyshev: CPU: 1498.40%, Memory: 9.007GiB / 251.5GiB
hungry_chebyshev: CPU: 1492.76%, Memory: 9.007GiB / 251.5GiB
hungry_chebyshev: CPU: 1486.01%, Memory: 9.007GiB / 251.5GiB
hungry_chebyshev: CPU: 1498.43%, Memory: 9.011GiB / 251.5GiB
hungry_chebyshev: CPU: 1494.97%, Memory: 9.012GiB / 251.5GiB
hungry_chebyshev: CPU: 1554.78%, Memory: 9.017GiB / 251.5GiB
hungry_chebyshev: CPU: 99.62%, Memory: 6.102GiB / 251.5GiB
hungry_chebyshev: CPU: 101.92%, Memory: 9.103GiB / 251.5GiB
hungry_chebyshev: CPU: 291.79%, Memory: 12GiB / 251.5GiB
hungry_chebyshev: CPU: 1555.77%, Memory: 12GiB / 251.5GiB
hungry_chebyshev: CPU: 1582.04%, Memory: 12GiB / 251.5GiB
hungry_chebyshev: CPU: 1581.72%, Memory: 12GiB / 251.5GiB
hungry_chebyshev: CPU: 1574.12%, Memory: 12GiB / 251.5GiB
hungry_chebyshev: CPU: 1587.36%, Memory: 12GiB / 251.5GiB
hungry_chebyshev: CPU: 1532.06%, Memory: 12GiB / 251.5GiB
hungry_chebyshev: CPU: 1535.05%, Memory: 12GiB / 251.5GiB
hungry_chebyshev: CPU: 1502.74%, Memory: 12GiB / 251.5GiB
hungry_chebyshev: CPU: 1496.58%, Memory: 12GiB / 251.5GiB
hungry_chebyshev: CPU: 1500.79%, Memory: 12GiB / 251.5GiB
hungry_chebyshev: CPU: 1571.56%, Memory: 12GiB / 251.5GiB
hungry_chebyshev: CPU: 1555.60%, Memory: 12GiB / 251.5GiB
hungry_chebyshev: CPU: 1575.59%, Memory: 12GiB / 251.5GiB
hungry_chebyshev: CPU: 1577.63%, Memory: 12GiB / 251.5GiB
hungry_chebyshev: CPU: 1583.55%, Memory: 12GiB / 251.5GiB
hungry_chebyshev: CPU: 1542.29%, Memory: 12GiB / 251.5GiB
hungry_chebyshev: CPU: 1581.55%, Memory: 12GiB / 251.5GiB
hungry_chebyshev: CPU: 1582.56%, Memory: 12GiB / 251.5GiB
hungry_chebyshev: CPU: 1515.59%, Memory: 12GiB / 251.5GiB
hungry_chebyshev: CPU: 1494.09%, Memory: 12GiB / 251.5GiB
hungry_chebyshev: CPU: 1501.93%, Memory: 12GiB / 251.5GiB
hungry_chebyshev: CPU: 1492.39%, Memory: 12GiB / 251.5GiB
hungry_chebyshev: CPU: 1503.18%, Memory: 12GiB / 251.5GiB
hungry_chebyshev: CPU: 1500.42%, Memory: 12GiB / 251.5GiB
hungry_chebyshev: CPU: 1504.10%, Memory: 12GiB / 251.5GiB
hungry_chebyshev: CPU: 1501.94%, Memory: 12GiB / 251.5GiB
hungry_chebyshev: CPU: 1511.98%, Memory: 12GiB / 251.5GiB
hungry_chebyshev: CPU: 1528.70%, Memory: 12GiB / 251.5GiB
hungry_chebyshev: CPU: 363.03%, Memory: 14.99GiB / 251.5GiB
hungry_chebyshev: CPU: 101.09%, Memory: 9.025GiB / 251.5GiB
hungry_chebyshev: CPU: 100.25%, Memory: 12.13GiB / 251.5GiB
hungry_chebyshev: CPU: 1481.99%, Memory: 15.02GiB / 251.5GiB
hungry_chebyshev: CPU: 1541.29%, Memory: 15.02GiB / 251.5GiB
hungry_chebyshev: CPU: 1551.37%, Memory: 15.02GiB / 251.5GiB
hungry_chebyshev: CPU: 1580.15%, Memory: 15.02GiB / 251.5GiB
hungry_chebyshev: CPU: 1546.09%, Memory: 15.02GiB / 251.5GiB
hungry_chebyshev: CPU: 1551.35%, Memory: 15.02GiB / 251.5GiB
hungry_chebyshev: CPU: 1581.16%, Memory: 15.02GiB / 251.5GiB
hungry_chebyshev: CPU: 1485.94%, Memory: 15.02GiB / 251.5GiB
hungry_chebyshev: CPU: 1553.04%, Memory: 15.02GiB / 251.5GiB
hungry_chebyshev: CPU: 1549.10%, Memory: 15.02GiB / 251.5GiB
hungry_chebyshev: CPU: 1563.94%, Memory: 15.02GiB / 251.5GiB
hungry_chebyshev: CPU: 1548.71%, Memory: 15.02GiB / 251.5GiB
hungry_chebyshev: CPU: 1565.49%, Memory: 15.02GiB / 251.5GiB
hungry_chebyshev: CPU: 1550.73%, Memory: 15.02GiB / 251.5GiB
hungry_chebyshev: CPU: 1493.61%, Memory: 15.02GiB / 251.5GiB
hungry_chebyshev: CPU: 157.47%, Memory: 18GiB / 251.5GiB
hungry_chebyshev: CPU: 468.00%, Memory: 15.02GiB / 251.5GiB
hungry_chebyshev: CPU: 1552.89%, Memory: 15.02GiB / 251.5GiB
hungry_chebyshev: CPU: 1549.02%, Memory: 15.02GiB / 251.5GiB
hungry_chebyshev: CPU: 1489.88%, Memory: 15.02GiB / 251.5GiB
hungry_chebyshev: CPU: 1529.98%, Memory: 15.02GiB / 251.5GiB
hungry_chebyshev: CPU: 1495.88%, Memory: 15.02GiB / 251.5GiB
hungry_chebyshev: CPU: 1552.60%, Memory: 15.02GiB / 251.5GiB
hungry_chebyshev: CPU: 1548.93%, Memory: 15.02GiB / 251.5GiB
hungry_chebyshev: CPU: 1508.46%, Memory: 15.02GiB / 251.5GiB
hungry_chebyshev: CPU: 1484.27%, Memory: 15.02GiB / 251.5GiB
hungry_chebyshev: CPU: 1533.17%, Memory: 15.02GiB / 251.5GiB
hungry_chebyshev: CPU: 1566.96%, Memory: 15.02GiB / 251.5GiB
hungry_chebyshev: CPU: 1540.01%, Memory: 15.02GiB / 251.5GiB
hungry_chebyshev: CPU: 1570.78%, Memory: 9.044GiB / 251.5GiB
hungry_chebyshev: CPU: 1574.68%, Memory: 9.044GiB / 251.5GiB
hungry_chebyshev: CPU: 1509.71%, Memory: 9.044GiB / 251.5GiB
hungry_chebyshev: CPU: 1499.97%, Memory: 9.044GiB / 251.5GiB
hungry_chebyshev: CPU: 1492.41%, Memory: 9.044GiB / 251.5GiB
hungry_chebyshev: CPU: 1476.50%, Memory: 9.044GiB / 251.5GiB
hungry_chebyshev: CPU: 1497.46%, Memory: 9.044GiB / 251.5GiB
hungry_chebyshev: CPU: 1551.91%, Memory: 9.044GiB / 251.5GiB
hungry_chebyshev: CPU: 1563.36%, Memory: 9.044GiB / 251.5GiB
hungry_chebyshev: CPU: 1537.75%, Memory: 9.044GiB / 251.5GiB
hungry_chebyshev: CPU: 1562.93%, Memory: 9.044GiB / 251.5GiB
hungry_chebyshev: CPU: 1549.82%, Memory: 9.044GiB / 251.5GiB
hungry_chebyshev: CPU: 720.78%, Memory: 10.73GiB / 251.5GiB
hungry_chebyshev: CPU: 100.58%, Memory: 9.698GiB / 251.5GiB
pedantic_swartz: CPU: 99.56%, Memory: 1.39GiB / 251.5GiB
pedantic_swartz: CPU: 101.07%, Memory: 4.309GiB / 251.5GiB
pedantic_swartz: CPU: 100.37%, Memory: 4.463GiB / 251.5GiB
pedantic_swartz: CPU: 100.44%, Memory: 6.621GiB / 251.5GiB
pedantic_swartz: CPU: 961.22%, Memory: 8.991GiB / 251.5GiB
pedantic_swartz: CPU: 1500.34%, Memory: 8.991GiB / 251.5GiB
pedantic_swartz: CPU: 1494.13%, Memory: 8.991GiB / 251.5GiB
pedantic_swartz: CPU: 1549.38%, Memory: 8.993GiB / 251.5GiB
pedantic_swartz: CPU: 1486.17%, Memory: 8.993GiB / 251.5GiB
pedantic_swartz: CPU: 1586.73%, Memory: 8.993GiB / 251.5GiB
pedantic_swartz: CPU: 1490.32%, Memory: 8.993GiB / 251.5GiB
pedantic_swartz: CPU: 1499.67%, Memory: 8.994GiB / 251.5GiB
pedantic_swartz: CPU: 1550.27%, Memory: 8.995GiB / 251.5GiB
pedantic_swartz: CPU: 1556.08%, Memory: 8.996GiB / 251.5GiB
pedantic_swartz: CPU: 1563.11%, Memory: 8.996GiB / 251.5GiB
pedantic_swartz: CPU: 1582.31%, Memory: 8.997GiB / 251.5GiB
pedantic_swartz: CPU: 1501.02%, Memory: 8.995GiB / 251.5GiB
pedantic_swartz: CPU: 1513.67%, Memory: 8.997GiB / 251.5GiB
pedantic_swartz: CPU: 1501.23%, Memory: 8.998GiB / 251.5GiB
pedantic_swartz: CPU: 1551.18%, Memory: 8.999GiB / 251.5GiB
pedantic_swartz: CPU: 1516.12%, Memory: 9GiB / 251.5GiB
pedantic_swartz: CPU: 1559.10%, Memory: 9.001GiB / 251.5GiB
pedantic_swartz: CPU: 1513.37%, Memory: 9.001GiB / 251.5GiB
pedantic_swartz: CPU: 1551.67%, Memory: 9.002GiB / 251.5GiB
pedantic_swartz: CPU: 1527.88%, Memory: 9.003GiB / 251.5GiB
pedantic_swartz: CPU: 1542.55%, Memory: 9.004GiB / 251.5GiB
pedantic_swartz: CPU: 1517.73%, Memory: 9.005GiB / 251.5GiB
pedantic_swartz: CPU: 1484.31%, Memory: 9.005GiB / 251.5GiB
pedantic_swartz: CPU: 1485.85%, Memory: 9.006GiB / 251.5GiB
pedantic_swartz: CPU: 1560.77%, Memory: 9.007GiB / 251.5GiB
pedantic_swartz: CPU: 1557.90%, Memory: 9.008GiB / 251.5GiB
pedantic_swartz: CPU: 1579.88%, Memory: 9.011GiB / 251.5GiB
pedantic_swartz: CPU: 1551.91%, Memory: 9.016GiB / 251.5GiB
pedantic_swartz: CPU: 99.68%, Memory: 6.082GiB / 251.5GiB
pedantic_swartz: CPU: 100.69%, Memory: 9.066GiB / 251.5GiB
pedantic_swartz: CPU: 291.02%, Memory: 12GiB / 251.5GiB
pedantic_swartz: CPU: 1499.89%, Memory: 12GiB / 251.5GiB
pedantic_swartz: CPU: 1506.18%, Memory: 12GiB / 251.5GiB
pedantic_swartz: CPU: 1521.38%, Memory: 12GiB / 251.5GiB
pedantic_swartz: CPU: 1497.15%, Memory: 12GiB / 251.5GiB
pedantic_swartz: CPU: 1497.25%, Memory: 12GiB / 251.5GiB
pedantic_swartz: CPU: 1497.19%, Memory: 12GiB / 251.5GiB
pedantic_swartz: CPU: 1501.33%, Memory: 12GiB / 251.5GiB
pedantic_swartz: CPU: 1502.30%, Memory: 12GiB / 251.5GiB
pedantic_swartz: CPU: 1548.59%, Memory: 12GiB / 251.5GiB
pedantic_swartz: CPU: 1494.74%, Memory: 12GiB / 251.5GiB
pedantic_swartz: CPU: 1537.42%, Memory: 12GiB / 251.5GiB
pedantic_swartz: CPU: 1496.34%, Memory: 12GiB / 251.5GiB
pedantic_swartz: CPU: 1548.55%, Memory: 12GiB / 251.5GiB
pedantic_swartz: CPU: 1551.03%, Memory: 12GiB / 251.5GiB
pedantic_swartz: CPU: 1584.13%, Memory: 12GiB / 251.5GiB
pedantic_swartz: CPU: 1581.28%, Memory: 12GiB / 251.5GiB
pedantic_swartz: CPU: 1584.88%, Memory: 12GiB / 251.5GiB
pedantic_swartz: CPU: 1579.40%, Memory: 12GiB / 251.5GiB
pedantic_swartz: CPU: 1583.27%, Memory: 12GiB / 251.5GiB
pedantic_swartz: CPU: 1580.57%, Memory: 12GiB / 251.5GiB
pedantic_swartz: CPU: 1554.88%, Memory: 12GiB / 251.5GiB
pedantic_swartz: CPU: 1545.97%, Memory: 12GiB / 251.5GiB
pedantic_swartz: CPU: 1588.38%, Memory: 12GiB / 251.5GiB
pedantic_swartz: CPU: 1579.76%, Memory: 12GiB / 251.5GiB
pedantic_swartz: CPU: 1586.48%, Memory: 12GiB / 251.5GiB
pedantic_swartz: CPU: 1581.97%, Memory: 12GiB / 251.5GiB
pedantic_swartz: CPU: 1577.01%, Memory: 12.13GiB / 251.5GiB
pedantic_swartz: CPU: 100.52%, Memory: 14.99GiB / 251.5GiB
pedantic_swartz: CPU: 101.86%, Memory: 10.8GiB / 251.5GiB
pedantic_swartz: CPU: 829.85%, Memory: 15.02GiB / 251.5GiB
pedantic_swartz: CPU: 1583.18%, Memory: 15.02GiB / 251.5GiB
pedantic_swartz: CPU: 1509.44%, Memory: 15.02GiB / 251.5GiB
pedantic_swartz: CPU: 1591.94%, Memory: 15.02GiB / 251.5GiB
pedantic_swartz: CPU: 1582.79%, Memory: 15.02GiB / 251.5GiB
pedantic_swartz: CPU: 1581.29%, Memory: 15.02GiB / 251.5GiB
pedantic_swartz: CPU: 1581.34%, Memory: 15.02GiB / 251.5GiB
pedantic_swartz: CPU: 1582.03%, Memory: 15.02GiB / 251.5GiB
pedantic_swartz: CPU: 1582.35%, Memory: 15.02GiB / 251.5GiB
pedantic_swartz: CPU: 1490.70%, Memory: 15.02GiB / 251.5GiB
pedantic_swartz: CPU: 1533.33%, Memory: 15.02GiB / 251.5GiB
pedantic_swartz: CPU: 1495.60%, Memory: 15.02GiB / 251.5GiB
pedantic_swartz: CPU: 1550.73%, Memory: 15.02GiB / 251.5GiB
pedantic_swartz: CPU: 1505.64%, Memory: 15.02GiB / 251.5GiB
pedantic_swartz: CPU: 1399.30%, Memory: 15.02GiB / 251.5GiB
pedantic_swartz: CPU: 100.54%, Memory: 18GiB / 251.5GiB
pedantic_swartz: CPU: 531.90%, Memory: 15.02GiB / 251.5GiB
pedantic_swartz: CPU: 1527.56%, Memory: 15.02GiB / 251.5GiB
pedantic_swartz: CPU: 1502.20%, Memory: 15.02GiB / 251.5GiB
pedantic_swartz: CPU: 1550.84%, Memory: 15.02GiB / 251.5GiB
pedantic_swartz: CPU: 1480.44%, Memory: 15.02GiB / 251.5GiB
pedantic_swartz: CPU: 1528.56%, Memory: 15.02GiB / 251.5GiB
pedantic_swartz: CPU: 1585.28%, Memory: 15.02GiB / 251.5GiB
pedantic_swartz: CPU: 1485.63%, Memory: 15.02GiB / 251.5GiB
pedantic_swartz: CPU: 1496.24%, Memory: 15.02GiB / 251.5GiB
pedantic_swartz: CPU: 1540.75%, Memory: 15.02GiB / 251.5GiB
pedantic_swartz: CPU: 1546.67%, Memory: 15.02GiB / 251.5GiB
pedantic_swartz: CPU: 1559.93%, Memory: 15.02GiB / 251.5GiB
pedantic_swartz: CPU: 1312.60%, Memory: 7.152GiB / 251.5GiB
pedantic_swartz: CPU: 1493.55%, Memory: 9.044GiB / 251.5GiB
pedantic_swartz: CPU: 1485.83%, Memory: 9.044GiB / 251.5GiB
pedantic_swartz: CPU: 1496.46%, Memory: 9.044GiB / 251.5GiB
pedantic_swartz: CPU: 1550.17%, Memory: 9.044GiB / 251.5GiB
pedantic_swartz: CPU: 1552.35%, Memory: 9.044GiB / 251.5GiB
pedantic_swartz: CPU: 1536.53%, Memory: 9.044GiB / 251.5GiB
pedantic_swartz: CPU: 1480.81%, Memory: 9.044GiB / 251.5GiB
pedantic_swartz: CPU: 1489.93%, Memory: 9.044GiB / 251.5GiB
pedantic_swartz: CPU: 1542.11%, Memory: 9.044GiB / 251.5GiB
pedantic_swartz: CPU: 1544.99%, Memory: 9.044GiB / 251.5GiB
pedantic_swartz: CPU: 1571.45%, Memory: 9.044GiB / 251.5GiB
pedantic_swartz: CPU: 1553.85%, Memory: 9.044GiB / 251.5GiB
pedantic_swartz: CPU: 848.59%, Memory: 10.6GiB / 251.5GiB
pedantic_swartz: CPU: 100.00%, Memory: 9.639GiB / 251.5GiB
epic_engelbart: CPU: 100.74%, Memory: 1.37GiB / 251.5GiB
epic_engelbart: CPU: 100.69%, Memory: 4.307GiB / 251.5GiB
epic_engelbart: CPU: 100.35%, Memory: 4.307GiB / 251.5GiB
epic_engelbart: CPU: 100.31%, Memory: 6.503GiB / 251.5GiB
epic_engelbart: CPU: 820.53%, Memory: 8.991GiB / 251.5GiB
epic_engelbart: CPU: 1543.62%, Memory: 8.992GiB / 251.5GiB
epic_engelbart: CPU: 1527.47%, Memory: 8.993GiB / 251.5GiB
epic_engelbart: CPU: 1554.44%, Memory: 8.994GiB / 251.5GiB
epic_engelbart: CPU: 1545.26%, Memory: 8.995GiB / 251.5GiB
epic_engelbart: CPU: 1536.16%, Memory: 8.995GiB / 251.5GiB
epic_engelbart: CPU: 1493.63%, Memory: 8.995GiB / 251.5GiB
epic_engelbart: CPU: 1518.42%, Memory: 8.995GiB / 251.5GiB
epic_engelbart: CPU: 1503.98%, Memory: 8.996GiB / 251.5GiB
epic_engelbart: CPU: 1537.97%, Memory: 8.997GiB / 251.5GiB
epic_engelbart: CPU: 1553.24%, Memory: 8.998GiB / 251.5GiB
epic_engelbart: CPU: 1580.86%, Memory: 8.997GiB / 251.5GiB
epic_engelbart: CPU: 1502.11%, Memory: 8.999GiB / 251.5GiB
epic_engelbart: CPU: 1552.29%, Memory: 8.999GiB / 251.5GiB
epic_engelbart: CPU: 1543.74%, Memory: 8.999GiB / 251.5GiB
epic_engelbart: CPU: 1507.18%, Memory: 9.001GiB / 251.5GiB
epic_engelbart: CPU: 1581.24%, Memory: 9GiB / 251.5GiB
epic_engelbart: CPU: 1527.05%, Memory: 9.002GiB / 251.5GiB
epic_engelbart: CPU: 1555.61%, Memory: 9.002GiB / 251.5GiB
epic_engelbart: CPU: 1510.22%, Memory: 9.003GiB / 251.5GiB
epic_engelbart: CPU: 1512.70%, Memory: 9.004GiB / 251.5GiB
epic_engelbart: CPU: 1496.35%, Memory: 9.003GiB / 251.5GiB
epic_engelbart: CPU: 1529.14%, Memory: 9.006GiB / 251.5GiB
epic_engelbart: CPU: 1516.23%, Memory: 9.007GiB / 251.5GiB
epic_engelbart: CPU: 1504.17%, Memory: 9.006GiB / 251.5GiB
epic_engelbart: CPU: 1545.49%, Memory: 9.008GiB / 251.5GiB
epic_engelbart: CPU: 1543.36%, Memory: 9.009GiB / 251.5GiB
epic_engelbart: CPU: 1562.53%, Memory: 9.011GiB / 251.5GiB
epic_engelbart: CPU: 1536.93%, Memory: 9.013GiB / 251.5GiB
epic_engelbart: CPU: 197.67%, Memory: 9.017GiB / 251.5GiB
epic_engelbart: CPU: 100.12%, Memory: 7.652GiB / 251.5GiB
epic_engelbart: CPU: 100.65%, Memory: 10.78GiB / 251.5GiB
epic_engelbart: CPU: 1529.82%, Memory: 12GiB / 251.5GiB
epic_engelbart: CPU: 1515.66%, Memory: 12GiB / 251.5GiB
epic_engelbart: CPU: 1495.68%, Memory: 12GiB / 251.5GiB
epic_engelbart: CPU: 1490.92%, Memory: 12GiB / 251.5GiB
epic_engelbart: CPU: 1491.99%, Memory: 12GiB / 251.5GiB
epic_engelbart: CPU: 1513.88%, Memory: 12GiB / 251.5GiB
epic_engelbart: CPU: 1503.01%, Memory: 12GiB / 251.5GiB
epic_engelbart: CPU: 1489.14%, Memory: 12GiB / 251.5GiB
epic_engelbart: CPU: 1583.92%, Memory: 12GiB / 251.5GiB
epic_engelbart: CPU: 1584.80%, Memory: 12GiB / 251.5GiB
epic_engelbart: CPU: 1592.41%, Memory: 12GiB / 251.5GiB
epic_engelbart: CPU: 1582.19%, Memory: 12GiB / 251.5GiB
epic_engelbart: CPU: 1585.74%, Memory: 12GiB / 251.5GiB
epic_engelbart: CPU: 1584.60%, Memory: 12GiB / 251.5GiB
epic_engelbart: CPU: 1585.38%, Memory: 12GiB / 251.5GiB
epic_engelbart: CPU: 1582.78%, Memory: 12GiB / 251.5GiB
epic_engelbart: CPU: 1515.03%, Memory: 12GiB / 251.5GiB
epic_engelbart: CPU: 1553.35%, Memory: 12GiB / 251.5GiB
epic_engelbart: CPU: 1586.22%, Memory: 12GiB / 251.5GiB
epic_engelbart: CPU: 1581.86%, Memory: 12GiB / 251.5GiB
epic_engelbart: CPU: 1513.75%, Memory: 12GiB / 251.5GiB
epic_engelbart: CPU: 1552.73%, Memory: 12GiB / 251.5GiB
epic_engelbart: CPU: 1493.44%, Memory: 12GiB / 251.5GiB
epic_engelbart: CPU: 1543.90%, Memory: 12GiB / 251.5GiB
epic_engelbart: CPU: 1522.08%, Memory: 12GiB / 251.5GiB
epic_engelbart: CPU: 1512.50%, Memory: 12GiB / 251.5GiB
epic_engelbart: CPU: 1498.68%, Memory: 12GiB / 251.5GiB
epic_engelbart: CPU: 101.99%, Memory: 14.99GiB / 251.5GiB
epic_engelbart: CPU: 100.24%, Memory: 9.933GiB / 251.5GiB
epic_engelbart: CPU: 100.56%, Memory: 14.49GiB / 251.5GiB
epic_engelbart: CPU: 1502.68%, Memory: 15.02GiB / 251.5GiB
epic_engelbart: CPU: 1529.08%, Memory: 15.02GiB / 251.5GiB
epic_engelbart: CPU: 1557.18%, Memory: 15.02GiB / 251.5GiB
epic_engelbart: CPU: 1539.74%, Memory: 15.02GiB / 251.5GiB
epic_engelbart: CPU: 1496.81%, Memory: 15.02GiB / 251.5GiB
epic_engelbart: CPU: 1528.88%, Memory: 15.02GiB / 251.5GiB
epic_engelbart: CPU: 1554.33%, Memory: 15.02GiB / 251.5GiB
epic_engelbart: CPU: 1502.46%, Memory: 15.02GiB / 251.5GiB
epic_engelbart: CPU: 1533.90%, Memory: 15.02GiB / 251.5GiB
epic_engelbart: CPU: 1489.54%, Memory: 15.02GiB / 251.5GiB
epic_engelbart: CPU: 1538.41%, Memory: 15.02GiB / 251.5GiB
epic_engelbart: CPU: 1552.34%, Memory: 15.02GiB / 251.5GiB
epic_engelbart: CPU: 1554.51%, Memory: 15.02GiB / 251.5GiB
epic_engelbart: CPU: 1490.71%, Memory: 15.02GiB / 251.5GiB
epic_engelbart: CPU: 764.61%, Memory: 15.02GiB / 251.5GiB
epic_engelbart: CPU: 100.82%, Memory: 18GiB / 251.5GiB
epic_engelbart: CPU: 1537.88%, Memory: 15.02GiB / 251.5GiB
epic_engelbart: CPU: 1495.43%, Memory: 15.02GiB / 251.5GiB
epic_engelbart: CPU: 1493.24%, Memory: 15.02GiB / 251.5GiB
epic_engelbart: CPU: 1542.03%, Memory: 15.02GiB / 251.5GiB
epic_engelbart: CPU: 1495.52%, Memory: 15.02GiB / 251.5GiB
epic_engelbart: CPU: 1527.76%, Memory: 15.02GiB / 251.5GiB
epic_engelbart: CPU: 1489.39%, Memory: 15.02GiB / 251.5GiB
epic_engelbart: CPU: 1535.14%, Memory: 15.02GiB / 251.5GiB
epic_engelbart: CPU: 1526.61%, Memory: 15.02GiB / 251.5GiB
epic_engelbart: CPU: 1498.58%, Memory: 15.02GiB / 251.5GiB
epic_engelbart: CPU: 1492.10%, Memory: 15.02GiB / 251.5GiB
epic_engelbart: CPU: 1553.22%, Memory: 15.02GiB / 251.5GiB
epic_engelbart: CPU: 1524.48%, Memory: 9.044GiB / 251.5GiB
epic_engelbart: CPU: 1479.28%, Memory: 9.044GiB / 251.5GiB
epic_engelbart: CPU: 1497.12%, Memory: 9.044GiB / 251.5GiB
epic_engelbart: CPU: 1550.06%, Memory: 9.044GiB / 251.5GiB
epic_engelbart: CPU: 1481.71%, Memory: 9.044GiB / 251.5GiB
epic_engelbart: CPU: 1496.16%, Memory: 9.044GiB / 251.5GiB
epic_engelbart: CPU: 1495.65%, Memory: 9.044GiB / 251.5GiB
epic_engelbart: CPU: 1503.64%, Memory: 9.044GiB / 251.5GiB
epic_engelbart: CPU: 1518.10%, Memory: 9.044GiB / 251.5GiB
epic_engelbart: CPU: 1506.45%, Memory: 9.044GiB / 251.5GiB
epic_engelbart: CPU: 1510.80%, Memory: 9.044GiB / 251.5GiB
epic_engelbart: CPU: 1492.82%, Memory: 9.044GiB / 251.5GiB
epic_engelbart: CPU: 1514.61%, Memory: 9.044GiB / 251.5GiB
epic_engelbart: CPU: 99.37%, Memory: 15.1GiB / 251.5GiB
goofy_albattani: CPU: 100.95%, Memory: 1.238GiB / 251.5GiB
goofy_albattani: CPU: 99.62%, Memory: 4.177GiB / 251.5GiB
goofy_albattani: CPU: 101.32%, Memory: 4.212GiB / 251.5GiB
goofy_albattani: CPU: 99.87%, Memory: 6.471GiB / 251.5GiB
goofy_albattani: CPU: 765.02%, Memory: 8.991GiB / 251.5GiB
goofy_albattani: CPU: 1550.97%, Memory: 8.993GiB / 251.5GiB
goofy_albattani: CPU: 1517.37%, Memory: 8.993GiB / 251.5GiB
goofy_albattani: CPU: 1529.65%, Memory: 8.994GiB / 251.5GiB
goofy_albattani: CPU: 1583.01%, Memory: 8.995GiB / 251.5GiB
goofy_albattani: CPU: 1581.88%, Memory: 8.995GiB / 251.5GiB
goofy_albattani: CPU: 1556.75%, Memory: 8.995GiB / 251.5GiB
goofy_albattani: CPU: 1535.90%, Memory: 8.996GiB / 251.5GiB
goofy_albattani: CPU: 1580.72%, Memory: 8.997GiB / 251.5GiB
goofy_albattani: CPU: 1543.24%, Memory: 8.997GiB / 251.5GiB
goofy_albattani: CPU: 1535.67%, Memory: 8.998GiB / 251.5GiB
goofy_albattani: CPU: 1581.86%, Memory: 8.999GiB / 251.5GiB
goofy_albattani: CPU: 1528.64%, Memory: 8.999GiB / 251.5GiB
goofy_albattani: CPU: 1536.57%, Memory: 9GiB / 251.5GiB
goofy_albattani: CPU: 1500.83%, Memory: 9GiB / 251.5GiB
goofy_albattani: CPU: 1512.73%, Memory: 9GiB / 251.5GiB
goofy_albattani: CPU: 1556.55%, Memory: 9.001GiB / 251.5GiB
goofy_albattani: CPU: 1522.04%, Memory: 9.002GiB / 251.5GiB
goofy_albattani: CPU: 1527.53%, Memory: 9.003GiB / 251.5GiB
goofy_albattani: CPU: 1500.73%, Memory: 9.003GiB / 251.5GiB
goofy_albattani: CPU: 1521.09%, Memory: 9.004GiB / 251.5GiB
goofy_albattani: CPU: 1482.23%, Memory: 9.005GiB / 251.5GiB
goofy_albattani: CPU: 1503.10%, Memory: 9.005GiB / 251.5GiB
goofy_albattani: CPU: 1496.43%, Memory: 9.005GiB / 251.5GiB
goofy_albattani: CPU: 1495.79%, Memory: 9.006GiB / 251.5GiB
goofy_albattani: CPU: 1552.49%, Memory: 9.007GiB / 251.5GiB
goofy_albattani: CPU: 1492.17%, Memory: 9.008GiB / 251.5GiB
goofy_albattani: CPU: 1488.65%, Memory: 9.009GiB / 251.5GiB
goofy_albattani: CPU: 1503.42%, Memory: 9.01GiB / 251.5GiB
goofy_albattani: CPU: 1494.08%, Memory: 9.01GiB / 251.5GiB
goofy_albattani: CPU: 1528.08%, Memory: 9.011GiB / 251.5GiB
goofy_albattani: CPU: 995.80%, Memory: 9.017GiB / 251.5GiB
goofy_albattani: CPU: 100.81%, Memory: 7.017GiB / 251.5GiB
goofy_albattani: CPU: 99.93%, Memory: 10.11GiB / 251.5GiB
goofy_albattani: CPU: 1476.28%, Memory: 12GiB / 251.5GiB
goofy_albattani: CPU: 1520.18%, Memory: 12GiB / 251.5GiB
goofy_albattani: CPU: 1494.91%, Memory: 12GiB / 251.5GiB
goofy_albattani: CPU: 1493.82%, Memory: 12GiB / 251.5GiB
goofy_albattani: CPU: 1495.08%, Memory: 12GiB / 251.5GiB
goofy_albattani: CPU: 1494.52%, Memory: 12GiB / 251.5GiB
goofy_albattani: CPU: 1497.68%, Memory: 12GiB / 251.5GiB
goofy_albattani: CPU: 1492.65%, Memory: 12GiB / 251.5GiB
goofy_albattani: CPU: 1499.45%, Memory: 12GiB / 251.5GiB
goofy_albattani: CPU: 1494.21%, Memory: 12GiB / 251.5GiB
goofy_albattani: CPU: 1491.38%, Memory: 12GiB / 251.5GiB
goofy_albattani: CPU: 1501.28%, Memory: 12GiB / 251.5GiB
goofy_albattani: CPU: 1494.90%, Memory: 12GiB / 251.5GiB
goofy_albattani: CPU: 1491.84%, Memory: 12GiB / 251.5GiB
goofy_albattani: CPU: 1491.41%, Memory: 12GiB / 251.5GiB
goofy_albattani: CPU: 1493.26%, Memory: 12GiB / 251.5GiB
goofy_albattani: CPU: 1535.55%, Memory: 12GiB / 251.5GiB
goofy_albattani: CPU: 1497.98%, Memory: 12GiB / 251.5GiB
goofy_albattani: CPU: 1497.03%, Memory: 12GiB / 251.5GiB
goofy_albattani: CPU: 1502.54%, Memory: 12GiB / 251.5GiB
goofy_albattani: CPU: 1492.77%, Memory: 12GiB / 251.5GiB
goofy_albattani: CPU: 1494.61%, Memory: 12GiB / 251.5GiB
goofy_albattani: CPU: 1530.54%, Memory: 12GiB / 251.5GiB
goofy_albattani: CPU: 1533.09%, Memory: 12GiB / 251.5GiB
goofy_albattani: CPU: 1532.97%, Memory: 12GiB / 251.5GiB
goofy_albattani: CPU: 1494.02%, Memory: 12GiB / 251.5GiB
goofy_albattani: CPU: 1517.64%, Memory: 12GiB / 251.5GiB
goofy_albattani: CPU: 1581.78%, Memory: 12GiB / 251.5GiB
goofy_albattani: CPU: 1584.80%, Memory: 12GiB / 251.5GiB
goofy_albattani: CPU: 1585.96%, Memory: 12GiB / 251.5GiB
goofy_albattani: CPU: 1589.07%, Memory: 12GiB / 251.5GiB
goofy_albattani: CPU: 1525.02%, Memory: 12GiB / 251.5GiB
goofy_albattani: CPU: 1540.26%, Memory: 12GiB / 251.5GiB
goofy_albattani: CPU: 1540.93%, Memory: 12GiB / 251.5GiB
goofy_albattani: CPU: 1518.82%, Memory: 12GiB / 251.5GiB
goofy_albattani: CPU: 1494.80%, Memory: 12GiB / 251.5GiB
goofy_albattani: CPU: 1495.09%, Memory: 12GiB / 251.5GiB
goofy_albattani: CPU: 1521.01%, Memory: 12GiB / 251.5GiB
goofy_albattani: CPU: 1524.67%, Memory: 12GiB / 251.5GiB
goofy_albattani: CPU: 1530.96%, Memory: 12GiB / 251.5GiB
goofy_albattani: CPU: 1550.57%, Memory: 12GiB / 251.5GiB
goofy_albattani: CPU: 1585.03%, Memory: 12GiB / 251.5GiB
goofy_albattani: CPU: 1581.77%, Memory: 12GiB / 251.5GiB
goofy_albattani: CPU: 99.28%, Memory: 14.99GiB / 251.5GiB
goofy_albattani: CPU: 100.88%, Memory: 10.69GiB / 251.5GiB
goofy_albattani: CPU: 694.96%, Memory: 15.02GiB / 251.5GiB
goofy_albattani: CPU: 1544.30%, Memory: 15.02GiB / 251.5GiB
goofy_albattani: CPU: 1545.67%, Memory: 15.02GiB / 251.5GiB
goofy_albattani: CPU: 1513.61%, Memory: 15.02GiB / 251.5GiB
goofy_albattani: CPU: 1496.68%, Memory: 15.02GiB / 251.5GiB
goofy_albattani: CPU: 1494.83%, Memory: 15.02GiB / 251.5GiB
goofy_albattani: CPU: 1511.51%, Memory: 15.02GiB / 251.5GiB
goofy_albattani: CPU: 1550.73%, Memory: 15.02GiB / 251.5GiB
goofy_albattani: CPU: 1528.56%, Memory: 15.02GiB / 251.5GiB
goofy_albattani: CPU: 1538.83%, Memory: 15.02GiB / 251.5GiB
goofy_albattani: CPU: 1500.43%, Memory: 15.02GiB / 251.5GiB
goofy_albattani: CPU: 1561.20%, Memory: 15.02GiB / 251.5GiB
goofy_albattani: CPU: 1507.61%, Memory: 15.02GiB / 251.5GiB
goofy_albattani: CPU: 1553.57%, Memory: 15.02GiB / 251.5GiB
goofy_albattani: CPU: 1578.67%, Memory: 15.02GiB / 251.5GiB
goofy_albattani: CPU: 1529.99%, Memory: 15.02GiB / 251.5GiB
goofy_albattani: CPU: 983.02%, Memory: 15.02GiB / 251.5GiB
goofy_albattani: CPU: 100.82%, Memory: 18GiB / 251.5GiB
goofy_albattani: CPU: 1515.16%, Memory: 15.02GiB / 251.5GiB
goofy_albattani: CPU: 1548.24%, Memory: 15.02GiB / 251.5GiB
goofy_albattani: CPU: 1563.72%, Memory: 15.02GiB / 251.5GiB
goofy_albattani: CPU: 1583.76%, Memory: 15.02GiB / 251.5GiB
goofy_albattani: CPU: 1583.44%, Memory: 15.02GiB / 251.5GiB
goofy_albattani: CPU: 1550.57%, Memory: 15.02GiB / 251.5GiB
goofy_albattani: CPU: 1561.41%, Memory: 15.02GiB / 251.5GiB
goofy_albattani: CPU: 1520.41%, Memory: 15.02GiB / 251.5GiB
goofy_albattani: CPU: 1545.14%, Memory: 15.02GiB / 251.5GiB
goofy_albattani: CPU: 1569.91%, Memory: 15.02GiB / 251.5GiB
goofy_albattani: CPU: 1586.09%, Memory: 15.02GiB / 251.5GiB
goofy_albattani: CPU: 859.33%, Memory: 9.044GiB / 251.5GiB
goofy_albattani: CPU: 1566.08%, Memory: 9.044GiB / 251.5GiB
goofy_albattani: CPU: 1497.99%, Memory: 9.044GiB / 251.5GiB
goofy_albattani: CPU: 1483.68%, Memory: 9.044GiB / 251.5GiB
goofy_albattani: CPU: 1494.34%, Memory: 9.044GiB / 251.5GiB
goofy_albattani: CPU: 1512.10%, Memory: 9.044GiB / 251.5GiB
goofy_albattani: CPU: 1492.76%, Memory: 9.044GiB / 251.5GiB
goofy_albattani: CPU: 1519.09%, Memory: 9.044GiB / 251.5GiB
goofy_albattani: CPU: 1515.36%, Memory: 9.044GiB / 251.5GiB
goofy_albattani: CPU: 1529.74%, Memory: 9.044GiB / 251.5GiB
goofy_albattani: CPU: 1562.06%, Memory: 9.044GiB / 251.5GiB
goofy_albattani: CPU: 1488.90%, Memory: 9.044GiB / 251.5GiB
goofy_albattani: CPU: 1520.93%, Memory: 9.044GiB / 251.5GiB
goofy_albattani: CPU: 363.25%, Memory: 11.53GiB / 251.5GiB
