frosty_hugle: CPU: 113.58%, Memory: 1.228GiB / 251.5GiB
frosty_hugle: CPU: 101.33%, Memory: 4.165GiB / 251.5GiB
frosty_hugle: CPU: 101.58%, Memory: 4.161GiB / 251.5GiB
frosty_hugle: CPU: 100.90%, Memory: 4.271GiB / 251.5GiB
frosty_hugle: CPU: 217.00%, Memory: 9.038GiB / 251.5GiB
frosty_hugle: CPU: 1573.47%, Memory: 9.038GiB / 251.5GiB
frosty_hugle: CPU: 1531.43%, Memory: 9.039GiB / 251.5GiB
frosty_hugle: CPU: 1581.49%, Memory: 9.039GiB / 251.5GiB
frosty_hugle: CPU: 1574.36%, Memory: 9.039GiB / 251.5GiB
frosty_hugle: CPU: 1510.07%, Memory: 9.039GiB / 251.5GiB
frosty_hugle: CPU: 1513.30%, Memory: 9.039GiB / 251.5GiB
frosty_hugle: CPU: 1581.00%, Memory: 9.039GiB / 251.5GiB
frosty_hugle: CPU: 1581.80%, Memory: 9.039GiB / 251.5GiB
frosty_hugle: CPU: 1551.71%, Memory: 9.039GiB / 251.5GiB
frosty_hugle: CPU: 1553.22%, Memory: 9.039GiB / 251.5GiB
frosty_hugle: CPU: 1587.53%, Memory: 9.039GiB / 251.5GiB
frosty_hugle: CPU: 1579.17%, Memory: 9.039GiB / 251.5GiB
frosty_hugle: CPU: 1574.21%, Memory: 9.039GiB / 251.5GiB
frosty_hugle: CPU: 1579.74%, Memory: 9.039GiB / 251.5GiB
frosty_hugle: CPU: 1506.93%, Memory: 9.039GiB / 251.5GiB
frosty_hugle: CPU: 1197.48%, Memory: 9.039GiB / 251.5GiB
frosty_hugle: CPU: 99.87%, Memory: 12.02GiB / 251.5GiB
frosty_hugle: CPU: 1580.19%, Memory: 9.039GiB / 251.5GiB
frosty_hugle: CPU: 1558.62%, Memory: 9.039GiB / 251.5GiB
frosty_hugle: CPU: 1548.95%, Memory: 9.039GiB / 251.5GiB
frosty_hugle: CPU: 1553.03%, Memory: 9.039GiB / 251.5GiB
frosty_hugle: CPU: 1578.49%, Memory: 9.039GiB / 251.5GiB
frosty_hugle: CPU: 1588.78%, Memory: 9.039GiB / 251.5GiB
frosty_hugle: CPU: 1584.82%, Memory: 9.039GiB / 251.5GiB
frosty_hugle: CPU: 1581.65%, Memory: 9.039GiB / 251.5GiB
frosty_hugle: CPU: 1584.39%, Memory: 9.039GiB / 251.5GiB
frosty_hugle: CPU: 1541.49%, Memory: 9.039GiB / 251.5GiB
frosty_hugle: CPU: 1579.38%, Memory: 9.039GiB / 251.5GiB
frosty_hugle: CPU: 1549.95%, Memory: 9.039GiB / 251.5GiB
frosty_hugle: CPU: 100.97%, Memory: 15.11GiB / 251.5GiB
funny_feynman: CPU: 166.64%, Memory: 1.175GiB / 251.5GiB
funny_feynman: CPU: 100.05%, Memory: 4.127GiB / 251.5GiB
funny_feynman: CPU: 101.84%, Memory: 4.142GiB / 251.5GiB
funny_feynman: CPU: 99.83%, Memory: 4.348GiB / 251.5GiB
funny_feynman: CPU: 371.94%, Memory: 9.038GiB / 251.5GiB
funny_feynman: CPU: 1494.05%, Memory: 9.038GiB / 251.5GiB
funny_feynman: CPU: 1554.17%, Memory: 9.038GiB / 251.5GiB
funny_feynman: CPU: 1545.97%, Memory: 9.038GiB / 251.5GiB
funny_feynman: CPU: 1494.97%, Memory: 9.039GiB / 251.5GiB
funny_feynman: CPU: 1493.81%, Memory: 9.039GiB / 251.5GiB
funny_feynman: CPU: 1501.07%, Memory: 9.039GiB / 251.5GiB
funny_feynman: CPU: 1550.28%, Memory: 9.039GiB / 251.5GiB
funny_feynman: CPU: 1570.85%, Memory: 9.039GiB / 251.5GiB
funny_feynman: CPU: 1499.91%, Memory: 9.039GiB / 251.5GiB
funny_feynman: CPU: 1580.05%, Memory: 9.039GiB / 251.5GiB
funny_feynman: CPU: 1586.64%, Memory: 9.039GiB / 251.5GiB
funny_feynman: CPU: 1583.21%, Memory: 9.039GiB / 251.5GiB
funny_feynman: CPU: 1588.34%, Memory: 9.039GiB / 251.5GiB
funny_feynman: CPU: 1583.22%, Memory: 9.039GiB / 251.5GiB
funny_feynman: CPU: 1582.77%, Memory: 9.039GiB / 251.5GiB
funny_feynman: CPU: 1582.14%, Memory: 9.039GiB / 251.5GiB
funny_feynman: CPU: 1583.75%, Memory: 9.039GiB / 251.5GiB
funny_feynman: CPU: 1563.94%, Memory: 9.039GiB / 251.5GiB
funny_feynman: CPU: 100.77%, Memory: 12.02GiB / 251.5GiB
funny_feynman: CPU: 1001.20%, Memory: 9.039GiB / 251.5GiB
funny_feynman: CPU: 1580.18%, Memory: 9.039GiB / 251.5GiB
funny_feynman: CPU: 1581.45%, Memory: 9.039GiB / 251.5GiB
funny_feynman: CPU: 1580.05%, Memory: 9.039GiB / 251.5GiB
funny_feynman: CPU: 1560.09%, Memory: 9.039GiB / 251.5GiB
funny_feynman: CPU: 1547.21%, Memory: 9.039GiB / 251.5GiB
funny_feynman: CPU: 1541.26%, Memory: 9.039GiB / 251.5GiB
funny_feynman: CPU: 1554.47%, Memory: 9.039GiB / 251.5GiB
funny_feynman: CPU: 1538.12%, Memory: 9.039GiB / 251.5GiB
funny_feynman: CPU: 1552.22%, Memory: 9.039GiB / 251.5GiB
funny_feynman: CPU: 1584.52%, Memory: 9.039GiB / 251.5GiB
funny_feynman: CPU: 1553.33%, Memory: 9.039GiB / 251.5GiB
funny_feynman: CPU: 109.76%, Memory: 11.89GiB / 251.5GiB
flamboyant_wilson: CPU: 100.12%, Memory: 2.042GiB / 251.5GiB
flamboyant_wilson: CPU: 100.31%, Memory: 4.891GiB / 251.5GiB
flamboyant_wilson: CPU: 99.44%, Memory: 5.505GiB / 251.5GiB
flamboyant_wilson: CPU: 100.75%, Memory: 5.187GiB / 251.5GiB
flamboyant_wilson: CPU: 1345.99%, Memory: 9.039GiB / 251.5GiB
flamboyant_wilson: CPU: 1580.45%, Memory: 9.038GiB / 251.5GiB
flamboyant_wilson: CPU: 1579.23%, Memory: 9.038GiB / 251.5GiB
flamboyant_wilson: CPU: 1579.70%, Memory: 9.039GiB / 251.5GiB
flamboyant_wilson: CPU: 1549.10%, Memory: 9.039GiB / 251.5GiB
flamboyant_wilson: CPU: 1564.26%, Memory: 9.039GiB / 251.5GiB
flamboyant_wilson: CPU: 1556.02%, Memory: 9.039GiB / 251.5GiB
flamboyant_wilson: CPU: 1509.37%, Memory: 9.039GiB / 251.5GiB
flamboyant_wilson: CPU: 1550.71%, Memory: 9.039GiB / 251.5GiB
flamboyant_wilson: CPU: 1579.87%, Memory: 9.039GiB / 251.5GiB
flamboyant_wilson: CPU: 1506.21%, Memory: 9.039GiB / 251.5GiB
flamboyant_wilson: CPU: 1585.03%, Memory: 9.039GiB / 251.5GiB
flamboyant_wilson: CPU: 1551.47%, Memory: 9.039GiB / 251.5GiB
flamboyant_wilson: CPU: 1548.89%, Memory: 9.039GiB / 251.5GiB
flamboyant_wilson: CPU: 1548.92%, Memory: 9.039GiB / 251.5GiB
flamboyant_wilson: CPU: 1549.69%, Memory: 9.039GiB / 251.5GiB
flamboyant_wilson: CPU: 791.23%, Memory: 9.039GiB / 251.5GiB
flamboyant_wilson: CPU: 100.77%, Memory: 12.02GiB / 251.5GiB
flamboyant_wilson: CPU: 1550.74%, Memory: 9.039GiB / 251.5GiB
flamboyant_wilson: CPU: 1550.71%, Memory: 9.039GiB / 251.5GiB
flamboyant_wilson: CPU: 1547.11%, Memory: 9.039GiB / 251.5GiB
flamboyant_wilson: CPU: 1578.16%, Memory: 9.039GiB / 251.5GiB
flamboyant_wilson: CPU: 1572.91%, Memory: 9.039GiB / 251.5GiB
flamboyant_wilson: CPU: 1549.79%, Memory: 9.039GiB / 251.5GiB
flamboyant_wilson: CPU: 1582.50%, Memory: 9.039GiB / 251.5GiB
flamboyant_wilson: CPU: 1516.86%, Memory: 9.039GiB / 251.5GiB
flamboyant_wilson: CPU: 1550.51%, Memory: 9.039GiB / 251.5GiB
flamboyant_wilson: CPU: 1531.83%, Memory: 9.039GiB / 251.5GiB
flamboyant_wilson: CPU: 1548.72%, Memory: 9.039GiB / 251.5GiB
flamboyant_wilson: CPU: 1485.43%, Memory: 9.039GiB / 251.5GiB
flamboyant_wilson: CPU: 102.57%, Memory: 13.52GiB / 251.5GiB
stoic_aryabhata: CPU: 100.58%, Memory: 1.457GiB / 251.5GiB
stoic_aryabhata: CPU: 101.22%, Memory: 4.374GiB / 251.5GiB
stoic_aryabhata: CPU: 99.49%, Memory: 4.581GiB / 251.5GiB
stoic_aryabhata: CPU: 99.87%, Memory: 4.586GiB / 251.5GiB
stoic_aryabhata: CPU: 627.17%, Memory: 9.038GiB / 251.5GiB
stoic_aryabhata: CPU: 1580.87%, Memory: 9.038GiB / 251.5GiB
stoic_aryabhata: CPU: 1563.05%, Memory: 9.038GiB / 251.5GiB
stoic_aryabhata: CPU: 1533.12%, Memory: 9.038GiB / 251.5GiB
stoic_aryabhata: CPU: 1579.83%, Memory: 9.039GiB / 251.5GiB
stoic_aryabhata: CPU: 1587.65%, Memory: 9.039GiB / 251.5GiB
stoic_aryabhata: CPU: 1583.28%, Memory: 9.039GiB / 251.5GiB
stoic_aryabhata: CPU: 1581.99%, Memory: 9.039GiB / 251.5GiB
stoic_aryabhata: CPU: 1580.52%, Memory: 9.039GiB / 251.5GiB
stoic_aryabhata: CPU: 1580.75%, Memory: 9.039GiB / 251.5GiB
stoic_aryabhata: CPU: 1583.67%, Memory: 9.039GiB / 251.5GiB
stoic_aryabhata: CPU: 1578.81%, Memory: 9.039GiB / 251.5GiB
stoic_aryabhata: CPU: 1581.90%, Memory: 9.039GiB / 251.5GiB
stoic_aryabhata: CPU: 1585.34%, Memory: 9.039GiB / 251.5GiB
stoic_aryabhata: CPU: 1587.47%, Memory: 9.039GiB / 251.5GiB
stoic_aryabhata: CPU: 1585.77%, Memory: 9.039GiB / 251.5GiB
stoic_aryabhata: CPU: 1430.26%, Memory: 9.039GiB / 251.5GiB
stoic_aryabhata: CPU: 101.03%, Memory: 12.02GiB / 251.5GiB
stoic_aryabhata: CPU: 1582.80%, Memory: 9.039GiB / 251.5GiB
stoic_aryabhata: CPU: 1582.70%, Memory: 9.039GiB / 251.5GiB
stoic_aryabhata: CPU: 1552.33%, Memory: 9.039GiB / 251.5GiB
stoic_aryabhata: CPU: 1552.73%, Memory: 9.039GiB / 251.5GiB
stoic_aryabhata: CPU: 1578.81%, Memory: 9.039GiB / 251.5GiB
stoic_aryabhata: CPU: 1585.79%, Memory: 9.039GiB / 251.5GiB
stoic_aryabhata: CPU: 1550.38%, Memory: 9.039GiB / 251.5GiB
stoic_aryabhata: CPU: 1526.74%, Memory: 9.039GiB / 251.5GiB
stoic_aryabhata: CPU: 1582.13%, Memory: 9.039GiB / 251.5GiB
stoic_aryabhata: CPU: 1531.49%, Memory: 9.039GiB / 251.5GiB
stoic_aryabhata: CPU: 1583.12%, Memory: 9.039GiB / 251.5GiB
stoic_aryabhata: CPU: 1584.08%, Memory: 9.039GiB / 251.5GiB
stoic_aryabhata: CPU: 100.65%, Memory: 13.37GiB / 251.5GiB
pensive_goldberg1: CPU: 99.45%, Memory: 1.444GiB / 251.5GiB
pensive_goldberg1: CPU: 101.41%, Memory: 4.361GiB / 251.5GiB
pensive_goldberg1: CPU: 100.18%, Memory: 4.551GiB / 251.5GiB
pensive_goldberg1: CPU: 101.28%, Memory: 4.592GiB / 251.5GiB
pensive_goldberg1: CPU: 646.97%, Memory: 9.038GiB / 251.5GiB
pensive_goldberg1: CPU: 1555.60%, Memory: 9.038GiB / 251.5GiB
pensive_goldberg1: CPU: 1557.46%, Memory: 9.038GiB / 251.5GiB
pensive_goldberg1: CPU: 1559.02%, Memory: 9.038GiB / 251.5GiB
pensive_goldberg1: CPU: 1551.17%, Memory: 9.039GiB / 251.5GiB
pensive_goldberg1: CPU: 1564.83%, Memory: 9.039GiB / 251.5GiB
pensive_goldberg1: CPU: 1541.13%, Memory: 9.039GiB / 251.5GiB
pensive_goldberg1: CPU: 1582.89%, Memory: 9.039GiB / 251.5GiB
pensive_goldberg1: CPU: 1586.03%, Memory: 9.039GiB / 251.5GiB
pensive_goldberg1: CPU: 1581.29%, Memory: 9.039GiB / 251.5GiB
pensive_goldberg1: CPU: 1587.11%, Memory: 9.039GiB / 251.5GiB
pensive_goldberg1: CPU: 1586.86%, Memory: 9.039GiB / 251.5GiB
pensive_goldberg1: CPU: 1582.77%, Memory: 9.039GiB / 251.5GiB
pensive_goldberg1: CPU: 1581.01%, Memory: 9.039GiB / 251.5GiB
pensive_goldberg1: CPU: 1582.24%, Memory: 9.039GiB / 251.5GiB
pensive_goldberg1: CPU: 1581.08%, Memory: 9.039GiB / 251.5GiB
pensive_goldberg1: CPU: 1442.43%, Memory: 9.039GiB / 251.5GiB
pensive_goldberg1: CPU: 100.37%, Memory: 12.02GiB / 251.5GiB
pensive_goldberg1: CPU: 970.29%, Memory: 9.039GiB / 251.5GiB
pensive_goldberg1: CPU: 1573.52%, Memory: 9.039GiB / 251.5GiB
pensive_goldberg1: CPU: 1554.95%, Memory: 9.039GiB / 251.5GiB
pensive_goldberg1: CPU: 1537.52%, Memory: 9.039GiB / 251.5GiB
pensive_goldberg1: CPU: 1554.28%, Memory: 9.039GiB / 251.5GiB
pensive_goldberg1: CPU: 1555.85%, Memory: 9.039GiB / 251.5GiB
pensive_goldberg1: CPU: 1552.60%, Memory: 9.039GiB / 251.5GiB
pensive_goldberg1: CPU: 1548.46%, Memory: 9.039GiB / 251.5GiB
pensive_goldberg1: CPU: 1568.23%, Memory: 9.039GiB / 251.5GiB
pensive_goldberg1: CPU: 1537.67%, Memory: 9.039GiB / 251.5GiB
pensive_goldberg1: CPU: 1554.30%, Memory: 9.039GiB / 251.5GiB
pensive_goldberg1: CPU: 1550.15%, Memory: 9.039GiB / 251.5GiB
pensive_goldberg1: CPU: 1363.79%, Memory: 9.513GiB / 251.5GiB
pensive_goldberg1: CPU: 100.26%, Memory: 15.37GiB / 251.5GiB
loving_feynman: CPU: 184.79%, Memory: 1.169GiB / 251.5GiB
loving_feynman: CPU: 101.71%, Memory: 4.135GiB / 251.5GiB
loving_feynman: CPU: 99.16%, Memory: 4.156GiB / 251.5GiB
loving_feynman: CPU: 101.81%, Memory: 4.267GiB / 251.5GiB
loving_feynman: CPU: 245.28%, Memory: 9.039GiB / 251.5GiB
loving_feynman: CPU: 1560.42%, Memory: 9.039GiB / 251.5GiB
loving_feynman: CPU: 1552.87%, Memory: 9.039GiB / 251.5GiB
loving_feynman: CPU: 1557.76%, Memory: 9.039GiB / 251.5GiB
loving_feynman: CPU: 1578.33%, Memory: 9.039GiB / 251.5GiB
loving_feynman: CPU: 1582.17%, Memory: 9.039GiB / 251.5GiB
loving_feynman: CPU: 1584.51%, Memory: 9.039GiB / 251.5GiB
loving_feynman: CPU: 1581.34%, Memory: 9.039GiB / 251.5GiB
loving_feynman: CPU: 1532.25%, Memory: 9.039GiB / 251.5GiB
loving_feynman: CPU: 1581.06%, Memory: 9.039GiB / 251.5GiB
loving_feynman: CPU: 1571.05%, Memory: 9.039GiB / 251.5GiB
loving_feynman: CPU: 1552.22%, Memory: 9.039GiB / 251.5GiB
loving_feynman: CPU: 1558.05%, Memory: 9.039GiB / 251.5GiB
loving_feynman: CPU: 1581.36%, Memory: 9.039GiB / 251.5GiB
loving_feynman: CPU: 1578.35%, Memory: 9.039GiB / 251.5GiB
loving_feynman: CPU: 1577.63%, Memory: 9.039GiB / 251.5GiB
loving_feynman: CPU: 1214.50%, Memory: 9.039GiB / 251.5GiB
loving_feynman: CPU: 101.45%, Memory: 12.02GiB / 251.5GiB
loving_feynman: CPU: 1587.67%, Memory: 9.039GiB / 251.5GiB
loving_feynman: CPU: 1577.41%, Memory: 9.039GiB / 251.5GiB
loving_feynman: CPU: 1578.96%, Memory: 9.039GiB / 251.5GiB
loving_feynman: CPU: 1549.06%, Memory: 9.039GiB / 251.5GiB
loving_feynman: CPU: 1554.73%, Memory: 9.039GiB / 251.5GiB
loving_feynman: CPU: 1558.09%, Memory: 9.039GiB / 251.5GiB
loving_feynman: CPU: 1542.82%, Memory: 9.039GiB / 251.5GiB
loving_feynman: CPU: 1579.86%, Memory: 9.039GiB / 251.5GiB
loving_feynman: CPU: 1551.79%, Memory: 9.039GiB / 251.5GiB
loving_feynman: CPU: 1557.05%, Memory: 9.039GiB / 251.5GiB
loving_feynman: CPU: 1579.99%, Memory: 9.039GiB / 251.5GiB
loving_feynman: CPU: 1470.03%, Memory: 9.415GiB / 251.5GiB
loving_feynman: CPU: 99.59%, Memory: 15.35GiB / 251.5GiB
keen_antonelli: CPU: 181.45%, Memory: 1.14GiB / 251.5GiB
keen_antonelli: CPU: 100.05%, Memory: 4.032GiB / 251.5GiB
keen_antonelli: CPU: 99.50%, Memory: 3.819GiB / 251.5GiB
keen_antonelli: CPU: 100.33%, Memory: 4.052GiB / 251.5GiB
keen_antonelli: CPU: 102.05%, Memory: 8.544GiB / 251.5GiB
keen_antonelli: CPU: 1552.16%, Memory: 9.039GiB / 251.5GiB
keen_antonelli: CPU: 1543.65%, Memory: 9.039GiB / 251.5GiB
keen_antonelli: CPU: 1526.16%, Memory: 9.039GiB / 251.5GiB
keen_antonelli: CPU: 1548.71%, Memory: 9.039GiB / 251.5GiB
keen_antonelli: CPU: 1550.47%, Memory: 9.039GiB / 251.5GiB
keen_antonelli: CPU: 1511.31%, Memory: 9.039GiB / 251.5GiB
keen_antonelli: CPU: 1584.68%, Memory: 9.039GiB / 251.5GiB
keen_antonelli: CPU: 1579.91%, Memory: 9.039GiB / 251.5GiB
keen_antonelli: CPU: 1581.52%, Memory: 9.039GiB / 251.5GiB
keen_antonelli: CPU: 1579.61%, Memory: 9.039GiB / 251.5GiB
keen_antonelli: CPU: 1580.91%, Memory: 9.039GiB / 251.5GiB
keen_antonelli: CPU: 1582.26%, Memory: 9.039GiB / 251.5GiB
keen_antonelli: CPU: 1583.08%, Memory: 9.039GiB / 251.5GiB
keen_antonelli: CPU: 1585.85%, Memory: 9.039GiB / 251.5GiB
keen_antonelli: CPU: 1539.55%, Memory: 9.039GiB / 251.5GiB
keen_antonelli: CPU: 1548.66%, Memory: 9.039GiB / 251.5GiB
keen_antonelli: CPU: 139.71%, Memory: 12.02GiB / 251.5GiB
keen_antonelli: CPU: 157.86%, Memory: 9.039GiB / 251.5GiB
keen_antonelli: CPU: 1550.50%, Memory: 9.039GiB / 251.5GiB
keen_antonelli: CPU: 1520.97%, Memory: 9.039GiB / 251.5GiB
keen_antonelli: CPU: 1526.65%, Memory: 9.039GiB / 251.5GiB
keen_antonelli: CPU: 1558.78%, Memory: 9.039GiB / 251.5GiB
keen_antonelli: CPU: 1545.81%, Memory: 9.039GiB / 251.5GiB
keen_antonelli: CPU: 1505.43%, Memory: 9.039GiB / 251.5GiB
keen_antonelli: CPU: 1534.75%, Memory: 9.039GiB / 251.5GiB
keen_antonelli: CPU: 1545.80%, Memory: 9.039GiB / 251.5GiB
keen_antonelli: CPU: 1580.22%, Memory: 9.039GiB / 251.5GiB
keen_antonelli: CPU: 1553.21%, Memory: 9.039GiB / 251.5GiB
keen_antonelli: CPU: 1577.52%, Memory: 9.039GiB / 251.5GiB
keen_antonelli: CPU: 1582.15%, Memory: 9.039GiB / 251.5GiB
keen_antonelli: CPU: 101.33%, Memory: 13.46GiB / 251.5GiB
nifty_newton: CPU: 101.03%, Memory: 1.513GiB / 251.5GiB
nifty_newton: CPU: 102.12%, Memory: 4.409GiB / 251.5GiB
nifty_newton: CPU: 100.50%, Memory: 4.591GiB / 251.5GiB
nifty_newton: CPU: 101.45%, Memory: 4.519GiB / 251.5GiB
nifty_newton: CPU: 536.93%, Memory: 9.038GiB / 251.5GiB
nifty_newton: CPU: 1511.27%, Memory: 9.039GiB / 251.5GiB
nifty_newton: CPU: 1545.87%, Memory: 9.038GiB / 251.5GiB
nifty_newton: CPU: 1546.59%, Memory: 9.038GiB / 251.5GiB
nifty_newton: CPU: 1581.50%, Memory: 9.039GiB / 251.5GiB
nifty_newton: CPU: 1581.80%, Memory: 9.039GiB / 251.5GiB
nifty_newton: CPU: 1520.27%, Memory: 9.039GiB / 251.5GiB
nifty_newton: CPU: 1578.38%, Memory: 9.039GiB / 251.5GiB
nifty_newton: CPU: 1549.34%, Memory: 9.039GiB / 251.5GiB
nifty_newton: CPU: 1582.29%, Memory: 9.039GiB / 251.5GiB
nifty_newton: CPU: 1558.43%, Memory: 9.039GiB / 251.5GiB
nifty_newton: CPU: 1497.05%, Memory: 9.039GiB / 251.5GiB
nifty_newton: CPU: 1580.93%, Memory: 9.039GiB / 251.5GiB
nifty_newton: CPU: 1547.92%, Memory: 9.039GiB / 251.5GiB
nifty_newton: CPU: 1535.59%, Memory: 9.039GiB / 251.5GiB
nifty_newton: CPU: 1586.16%, Memory: 9.039GiB / 251.5GiB
nifty_newton: CPU: 1475.42%, Memory: 9.039GiB / 251.5GiB
nifty_newton: CPU: 112.76%, Memory: 12.02GiB / 251.5GiB
nifty_newton: CPU: 568.96%, Memory: 9.039GiB / 251.5GiB
nifty_newton: CPU: 1582.09%, Memory: 9.039GiB / 251.5GiB
nifty_newton: CPU: 1554.07%, Memory: 9.039GiB / 251.5GiB
nifty_newton: CPU: 1548.68%, Memory: 9.039GiB / 251.5GiB
nifty_newton: CPU: 1542.77%, Memory: 9.039GiB / 251.5GiB
nifty_newton: CPU: 1580.71%, Memory: 9.039GiB / 251.5GiB
nifty_newton: CPU: 1580.74%, Memory: 9.039GiB / 251.5GiB
nifty_newton: CPU: 1546.14%, Memory: 9.039GiB / 251.5GiB
nifty_newton: CPU: 1578.09%, Memory: 9.039GiB / 251.5GiB
nifty_newton: CPU: 1585.71%, Memory: 9.039GiB / 251.5GiB
nifty_newton: CPU: 1534.32%, Memory: 9.039GiB / 251.5GiB
nifty_newton: CPU: 1544.73%, Memory: 9.039GiB / 251.5GiB
nifty_newton: CPU: 1360.68%, Memory: 9.523GiB / 251.5GiB
nifty_newton: CPU: 100.26%, Memory: 15.38GiB / 251.5GiB
fervent_kirch: CPU: 167.72%, Memory: 1.182GiB / 251.5GiB
fervent_kirch: CPU: 101.91%, Memory: 4.154GiB / 251.5GiB
fervent_kirch: CPU: 98.88%, Memory: 4.246GiB / 251.5GiB
fervent_kirch: CPU: 100.27%, Memory: 4.394GiB / 251.5GiB
fervent_kirch: CPU: 383.40%, Memory: 9.038GiB / 251.5GiB
fervent_kirch: CPU: 1495.66%, Memory: 9.038GiB / 251.5GiB
fervent_kirch: CPU: 1566.42%, Memory: 9.038GiB / 251.5GiB
fervent_kirch: CPU: 1509.15%, Memory: 9.038GiB / 251.5GiB
fervent_kirch: CPU: 1526.33%, Memory: 9.039GiB / 251.5GiB
fervent_kirch: CPU: 1582.92%, Memory: 9.039GiB / 251.5GiB
fervent_kirch: CPU: 1588.31%, Memory: 9.039GiB / 251.5GiB
fervent_kirch: CPU: 1554.28%, Memory: 9.039GiB / 251.5GiB
fervent_kirch: CPU: 1548.58%, Memory: 9.039GiB / 251.5GiB
fervent_kirch: CPU: 1539.01%, Memory: 9.039GiB / 251.5GiB
fervent_kirch: CPU: 1573.35%, Memory: 9.039GiB / 251.5GiB
fervent_kirch: CPU: 1563.25%, Memory: 9.039GiB / 251.5GiB
fervent_kirch: CPU: 1493.21%, Memory: 9.039GiB / 251.5GiB
fervent_kirch: CPU: 1550.59%, Memory: 9.039GiB / 251.5GiB
fervent_kirch: CPU: 1547.15%, Memory: 9.039GiB / 251.5GiB
fervent_kirch: CPU: 1550.56%, Memory: 9.039GiB / 251.5GiB
fervent_kirch: CPU: 1550.04%, Memory: 9.039GiB / 251.5GiB
fervent_kirch: CPU: 381.22%, Memory: 11.24GiB / 251.5GiB
fervent_kirch: CPU: 99.71%, Memory: 6.735GiB / 251.5GiB
fervent_kirch: CPU: 1495.77%, Memory: 9.039GiB / 251.5GiB
fervent_kirch: CPU: 1552.33%, Memory: 9.039GiB / 251.5GiB
fervent_kirch: CPU: 1530.62%, Memory: 9.039GiB / 251.5GiB
fervent_kirch: CPU: 1527.66%, Memory: 9.039GiB / 251.5GiB
fervent_kirch: CPU: 1542.55%, Memory: 9.039GiB / 251.5GiB
fervent_kirch: CPU: 1531.25%, Memory: 9.039GiB / 251.5GiB
fervent_kirch: CPU: 1546.57%, Memory: 9.039GiB / 251.5GiB
fervent_kirch: CPU: 1579.51%, Memory: 9.039GiB / 251.5GiB
fervent_kirch: CPU: 1582.12%, Memory: 9.039GiB / 251.5GiB
fervent_kirch: CPU: 1543.86%, Memory: 9.039GiB / 251.5GiB
fervent_kirch: CPU: 1581.07%, Memory: 9.039GiB / 251.5GiB
fervent_kirch: CPU: 1579.49%, Memory: 9.039GiB / 251.5GiB
fervent_kirch: CPU: 99.68%, Memory: 12.11GiB / 251.5GiB
determined_hypatia: CPU: 101.70%, Memory: 1.233GiB / 251.5GiB
determined_hypatia: CPU: 101.22%, Memory: 4.164GiB / 251.5GiB
determined_hypatia: CPU: 100.56%, Memory: 4.191GiB / 251.5GiB
determined_hypatia: CPU: 100.96%, Memory: 4.354GiB / 251.5GiB
determined_hypatia: CPU: 336.92%, Memory: 9.038GiB / 251.5GiB
determined_hypatia: CPU: 1546.63%, Memory: 9.038GiB / 251.5GiB
determined_hypatia: CPU: 1538.16%, Memory: 9.038GiB / 251.5GiB
determined_hypatia: CPU: 1571.39%, Memory: 9.038GiB / 251.5GiB
determined_hypatia: CPU: 1538.46%, Memory: 9.039GiB / 251.5GiB
determined_hypatia: CPU: 1529.42%, Memory: 9.039GiB / 251.5GiB
determined_hypatia: CPU: 1548.67%, Memory: 9.039GiB / 251.5GiB
determined_hypatia: CPU: 1551.74%, Memory: 9.039GiB / 251.5GiB
determined_hypatia: CPU: 1556.59%, Memory: 9.039GiB / 251.5GiB
determined_hypatia: CPU: 1582.03%, Memory: 9.039GiB / 251.5GiB
determined_hypatia: CPU: 1578.69%, Memory: 9.039GiB / 251.5GiB
determined_hypatia: CPU: 1519.30%, Memory: 9.039GiB / 251.5GiB
determined_hypatia: CPU: 1550.92%, Memory: 9.039GiB / 251.5GiB
determined_hypatia: CPU: 1583.31%, Memory: 9.039GiB / 251.5GiB
determined_hypatia: CPU: 1549.86%, Memory: 9.039GiB / 251.5GiB
determined_hypatia: CPU: 1553.96%, Memory: 9.039GiB / 251.5GiB
determined_hypatia: CPU: 1356.86%, Memory: 9.039GiB / 251.5GiB
determined_hypatia: CPU: 99.65%, Memory: 12.02GiB / 251.5GiB
determined_hypatia: CPU: 1505.88%, Memory: 9.039GiB / 251.5GiB
determined_hypatia: CPU: 1548.68%, Memory: 9.039GiB / 251.5GiB
determined_hypatia: CPU: 1558.38%, Memory: 9.039GiB / 251.5GiB
determined_hypatia: CPU: 1495.19%, Memory: 9.039GiB / 251.5GiB
determined_hypatia: CPU: 1582.40%, Memory: 9.039GiB / 251.5GiB
determined_hypatia: CPU: 1585.97%, Memory: 9.039GiB / 251.5GiB
determined_hypatia: CPU: 1581.15%, Memory: 9.039GiB / 251.5GiB
determined_hypatia: CPU: 1577.58%, Memory: 9.039GiB / 251.5GiB
determined_hypatia: CPU: 1534.61%, Memory: 9.039GiB / 251.5GiB
determined_hypatia: CPU: 1579.57%, Memory: 9.039GiB / 251.5GiB
determined_hypatia: CPU: 1552.48%, Memory: 9.039GiB / 251.5GiB
determined_hypatia: CPU: 1580.34%, Memory: 9.039GiB / 251.5GiB
determined_hypatia: CPU: 101.60%, Memory: 12.11GiB / 251.5GiB
