cool_babbage: CPU: 207.53%, Memory: 68.18MiB / 251.5GiB
cool_babbage: CPU: 100.33%, Memory: 2.954GiB / 251.5GiB
cool_babbage: CPU: 100.08%, Memory: 4.252GiB / 251.5GiB
cool_babbage: CPU: 101.54%, Memory: 5.491GiB / 251.5GiB
cool_babbage: CPU: 99.81%, Memory: 6.928GiB / 251.5GiB
cool_babbage: CPU: 102.51%, Memory: 3.587GiB / 251.5GiB
cool_babbage: CPU: 100.96%, Memory: 4.97GiB / 251.5GiB
cool_babbage: CPU: 917.72%, Memory: 6.107GiB / 251.5GiB
cool_babbage: CPU: 1550.66%, Memory: 6.107GiB / 251.5GiB
cool_babbage: CPU: 1273.45%, Memory: 6.107GiB / 251.5GiB
cool_babbage: CPU: 1471.63%, Memory: 9.109GiB / 251.5GiB
cool_babbage: CPU: 1572.67%, Memory: 9.108GiB / 251.5GiB
cool_babbage: CPU: 1575.82%, Memory: 9.108GiB / 251.5GiB
cool_babbage: CPU: 1563.42%, Memory: 9.108GiB / 251.5GiB
cool_babbage: CPU: 1555.58%, Memory: 9.108GiB / 251.5GiB
cool_babbage: CPU: 1573.67%, Memory: 9.108GiB / 251.5GiB
cool_babbage: CPU: 1550.79%, Memory: 9.115GiB / 251.5GiB
cool_babbage: CPU: 1545.24%, Memory: 9.116GiB / 251.5GiB
cool_babbage: CPU: 1541.38%, Memory: 9.116GiB / 251.5GiB
cool_babbage: CPU: 1484.62%, Memory: 9.116GiB / 251.5GiB
cool_babbage: CPU: 1544.51%, Memory: 9.116GiB / 251.5GiB
cool_babbage: CPU: 1560.70%, Memory: 9.117GiB / 251.5GiB
cool_babbage: CPU: 1556.26%, Memory: 9.117GiB / 251.5GiB
cool_babbage: CPU: 1500.12%, Memory: 9.117GiB / 251.5GiB
cool_babbage: CPU: 1501.88%, Memory: 9.117GiB / 251.5GiB
cool_babbage: CPU: 1516.06%, Memory: 9.117GiB / 251.5GiB
cool_babbage: CPU: 1512.27%, Memory: 9.117GiB / 251.5GiB
cool_babbage: CPU: 1532.22%, Memory: 9.117GiB / 251.5GiB
cool_babbage: CPU: 1555.79%, Memory: 9.118GiB / 251.5GiB
cool_babbage: CPU: 1515.19%, Memory: 9.118GiB / 251.5GiB
cool_babbage: CPU: 1584.82%, Memory: 9.118GiB / 251.5GiB
cool_babbage: CPU: 1510.87%, Memory: 9.118GiB / 251.5GiB
cool_babbage: CPU: 1553.76%, Memory: 12.16GiB / 251.5GiB
cool_babbage: CPU: 1554.76%, Memory: 12.16GiB / 251.5GiB
cool_babbage: CPU: 1557.72%, Memory: 12.16GiB / 251.5GiB
cool_babbage: CPU: 1540.11%, Memory: 12.16GiB / 251.5GiB
cool_babbage: CPU: 1548.74%, Memory: 12.16GiB / 251.5GiB
cool_babbage: CPU: 484.75%, Memory: 12.16GiB / 251.5GiB
cool_babbage: CPU: 1503.80%, Memory: 9.185GiB / 251.5GiB
cool_babbage: CPU: 1499.09%, Memory: 9.184GiB / 251.5GiB
cool_babbage: CPU: 1538.10%, Memory: 9.184GiB / 251.5GiB
cool_babbage: CPU: 1496.45%, Memory: 9.184GiB / 251.5GiB
cool_babbage: CPU: 1513.39%, Memory: 9.184GiB / 251.5GiB
cool_babbage: CPU: 1548.25%, Memory: 9.184GiB / 251.5GiB
cool_babbage: CPU: 1509.87%, Memory: 9.184GiB / 251.5GiB
cool_babbage: CPU: 1520.64%, Memory: 9.184GiB / 251.5GiB
cool_babbage: CPU: 1550.01%, Memory: 9.184GiB / 251.5GiB
cool_babbage: CPU: 1563.62%, Memory: 9.184GiB / 251.5GiB
cool_babbage: CPU: 1519.05%, Memory: 9.184GiB / 251.5GiB
cool_babbage: CPU: 1485.16%, Memory: 9.184GiB / 251.5GiB
cool_babbage: CPU: 1545.74%, Memory: 9.184GiB / 251.5GiB
cool_babbage: CPU: 100.56%, Memory: 12.17GiB / 251.5GiB
awesome_sanderson: CPU: 142.65%, Memory: 140.5MiB / 251.5GiB
awesome_sanderson: CPU: 99.01%, Memory: 3.086GiB / 251.5GiB
awesome_sanderson: CPU: 101.67%, Memory: 4.318GiB / 251.5GiB
awesome_sanderson: CPU: 101.86%, Memory: 5.554GiB / 251.5GiB
awesome_sanderson: CPU: 100.00%, Memory: 7.336GiB / 251.5GiB
awesome_sanderson: CPU: 99.93%, Memory: 3.666GiB / 251.5GiB
awesome_sanderson: CPU: 101.39%, Memory: 5.065GiB / 251.5GiB
awesome_sanderson: CPU: 1198.62%, Memory: 6.107GiB / 251.5GiB
awesome_sanderson: CPU: 1549.19%, Memory: 6.106GiB / 251.5GiB
awesome_sanderson: CPU: 1065.97%, Memory: 6.106GiB / 251.5GiB
awesome_sanderson: CPU: 1584.21%, Memory: 9.109GiB / 251.5GiB
awesome_sanderson: CPU: 1584.90%, Memory: 9.108GiB / 251.5GiB
awesome_sanderson: CPU: 1557.05%, Memory: 9.108GiB / 251.5GiB
awesome_sanderson: CPU: 1560.03%, Memory: 9.108GiB / 251.5GiB
awesome_sanderson: CPU: 1559.23%, Memory: 9.108GiB / 251.5GiB
awesome_sanderson: CPU: 1554.78%, Memory: 9.108GiB / 251.5GiB
awesome_sanderson: CPU: 1562.53%, Memory: 9.116GiB / 251.5GiB
awesome_sanderson: CPU: 1559.15%, Memory: 9.116GiB / 251.5GiB
awesome_sanderson: CPU: 1557.77%, Memory: 9.116GiB / 251.5GiB
awesome_sanderson: CPU: 1544.49%, Memory: 9.117GiB / 251.5GiB
awesome_sanderson: CPU: 1557.70%, Memory: 9.117GiB / 251.5GiB
awesome_sanderson: CPU: 1557.38%, Memory: 9.117GiB / 251.5GiB
awesome_sanderson: CPU: 1480.97%, Memory: 9.117GiB / 251.5GiB
awesome_sanderson: CPU: 1504.86%, Memory: 9.117GiB / 251.5GiB
awesome_sanderson: CPU: 1560.61%, Memory: 9.117GiB / 251.5GiB
awesome_sanderson: CPU: 1565.33%, Memory: 9.118GiB / 251.5GiB
awesome_sanderson: CPU: 1579.88%, Memory: 9.118GiB / 251.5GiB
awesome_sanderson: CPU: 1586.36%, Memory: 12.16GiB / 251.5GiB
awesome_sanderson: CPU: 1586.20%, Memory: 12.16GiB / 251.5GiB
awesome_sanderson: CPU: 1580.55%, Memory: 12.16GiB / 251.5GiB
awesome_sanderson: CPU: 1586.00%, Memory: 12.16GiB / 251.5GiB
awesome_sanderson: CPU: 1583.23%, Memory: 12.16GiB / 251.5GiB
awesome_sanderson: CPU: 898.10%, Memory: 12.16GiB / 251.5GiB
awesome_sanderson: CPU: 1153.57%, Memory: 9.184GiB / 251.5GiB
awesome_sanderson: CPU: 1493.23%, Memory: 9.184GiB / 251.5GiB
awesome_sanderson: CPU: 1495.30%, Memory: 9.184GiB / 251.5GiB
awesome_sanderson: CPU: 1503.92%, Memory: 9.184GiB / 251.5GiB
awesome_sanderson: CPU: 1502.73%, Memory: 9.184GiB / 251.5GiB
awesome_sanderson: CPU: 1523.37%, Memory: 9.184GiB / 251.5GiB
awesome_sanderson: CPU: 1494.85%, Memory: 9.184GiB / 251.5GiB
awesome_sanderson: CPU: 1483.58%, Memory: 9.184GiB / 251.5GiB
awesome_sanderson: CPU: 1547.33%, Memory: 9.184GiB / 251.5GiB
awesome_sanderson: CPU: 1553.91%, Memory: 9.184GiB / 251.5GiB
awesome_sanderson: CPU: 1559.30%, Memory: 9.184GiB / 251.5GiB
awesome_sanderson: CPU: 1553.54%, Memory: 9.184GiB / 251.5GiB
awesome_sanderson: CPU: 1494.33%, Memory: 9.184GiB / 251.5GiB
awesome_sanderson: CPU: 1499.86%, Memory: 9.184GiB / 251.5GiB
awesome_sanderson: CPU: 100.90%, Memory: 7.437GiB / 251.5GiB
sleepy_mccarthy3: CPU: 132.37%, Memory: 151.9MiB / 251.5GiB
sleepy_mccarthy3: CPU: 101.71%, Memory: 3.097GiB / 251.5GiB
sleepy_mccarthy3: CPU: 102.12%, Memory: 4.366GiB / 251.5GiB
sleepy_mccarthy3: CPU: 99.87%, Memory: 5.634GiB / 251.5GiB
sleepy_mccarthy3: CPU: 98.88%, Memory: 7.938GiB / 251.5GiB
sleepy_mccarthy3: CPU: 99.49%, Memory: 3.789GiB / 251.5GiB
sleepy_mccarthy3: CPU: 100.94%, Memory: 5.214GiB / 251.5GiB
sleepy_mccarthy3: CPU: 1567.34%, Memory: 6.107GiB / 251.5GiB
sleepy_mccarthy3: CPU: 1549.57%, Memory: 6.107GiB / 251.5GiB
sleepy_mccarthy3: CPU: 522.06%, Memory: 6.107GiB / 251.5GiB
sleepy_mccarthy3: CPU: 1581.83%, Memory: 9.108GiB / 251.5GiB
sleepy_mccarthy3: CPU: 1540.68%, Memory: 9.108GiB / 251.5GiB
sleepy_mccarthy3: CPU: 1557.25%, Memory: 9.108GiB / 251.5GiB
sleepy_mccarthy3: CPU: 1580.65%, Memory: 9.108GiB / 251.5GiB
sleepy_mccarthy3: CPU: 1551.94%, Memory: 9.108GiB / 251.5GiB
sleepy_mccarthy3: CPU: 1515.32%, Memory: 9.108GiB / 251.5GiB
sleepy_mccarthy3: CPU: 1547.02%, Memory: 9.115GiB / 251.5GiB
sleepy_mccarthy3: CPU: 1534.60%, Memory: 9.116GiB / 251.5GiB
sleepy_mccarthy3: CPU: 1491.51%, Memory: 9.116GiB / 251.5GiB
sleepy_mccarthy3: CPU: 1552.38%, Memory: 9.116GiB / 251.5GiB
sleepy_mccarthy3: CPU: 1565.63%, Memory: 9.117GiB / 251.5GiB
sleepy_mccarthy3: CPU: 1521.52%, Memory: 9.117GiB / 251.5GiB
sleepy_mccarthy3: CPU: 1490.65%, Memory: 9.117GiB / 251.5GiB
sleepy_mccarthy3: CPU: 1487.59%, Memory: 9.117GiB / 251.5GiB
sleepy_mccarthy3: CPU: 1510.49%, Memory: 9.117GiB / 251.5GiB
sleepy_mccarthy3: CPU: 1504.41%, Memory: 9.117GiB / 251.5GiB
sleepy_mccarthy3: CPU: 1484.24%, Memory: 9.117GiB / 251.5GiB
sleepy_mccarthy3: CPU: 1513.72%, Memory: 9.117GiB / 251.5GiB
sleepy_mccarthy3: CPU: 1503.45%, Memory: 9.118GiB / 251.5GiB
sleepy_mccarthy3: CPU: 1518.91%, Memory: 9.117GiB / 251.5GiB
sleepy_mccarthy3: CPU: 1511.12%, Memory: 9.118GiB / 251.5GiB
sleepy_mccarthy3: CPU: 1543.23%, Memory: 9.118GiB / 251.5GiB
sleepy_mccarthy3: CPU: 930.38%, Memory: 12.09GiB / 251.5GiB
sleepy_mccarthy3: CPU: 1560.89%, Memory: 12.16GiB / 251.5GiB
sleepy_mccarthy3: CPU: 1541.38%, Memory: 12.16GiB / 251.5GiB
sleepy_mccarthy3: CPU: 1540.34%, Memory: 12.16GiB / 251.5GiB
sleepy_mccarthy3: CPU: 1552.12%, Memory: 12.16GiB / 251.5GiB
sleepy_mccarthy3: CPU: 1563.78%, Memory: 12.16GiB / 251.5GiB
sleepy_mccarthy3: CPU: 1150.99%, Memory: 12.16GiB / 251.5GiB
sleepy_mccarthy3: CPU: 821.45%, Memory: 9.185GiB / 251.5GiB
sleepy_mccarthy3: CPU: 1582.41%, Memory: 9.184GiB / 251.5GiB
sleepy_mccarthy3: CPU: 1484.88%, Memory: 9.184GiB / 251.5GiB
sleepy_mccarthy3: CPU: 1497.79%, Memory: 9.184GiB / 251.5GiB
sleepy_mccarthy3: CPU: 1479.71%, Memory: 9.184GiB / 251.5GiB
sleepy_mccarthy3: CPU: 1494.35%, Memory: 9.184GiB / 251.5GiB
sleepy_mccarthy3: CPU: 1495.58%, Memory: 9.184GiB / 251.5GiB
sleepy_mccarthy3: CPU: 1506.41%, Memory: 9.184GiB / 251.5GiB
sleepy_mccarthy3: CPU: 1485.79%, Memory: 9.184GiB / 251.5GiB
sleepy_mccarthy3: CPU: 1488.91%, Memory: 9.184GiB / 251.5GiB
sleepy_mccarthy3: CPU: 1523.05%, Memory: 9.184GiB / 251.5GiB
sleepy_mccarthy3: CPU: 1547.15%, Memory: 9.184GiB / 251.5GiB
sleepy_mccarthy3: CPU: 1589.18%, Memory: 9.184GiB / 251.5GiB
sleepy_mccarthy3: CPU: 638.37%, Memory: 11.22GiB / 251.5GiB
busy_haibt: CPU: 211.92%, Memory: 69.75MiB / 251.5GiB
busy_haibt: CPU: 100.31%, Memory: 2.984GiB / 251.5GiB
busy_haibt: CPU: 101.01%, Memory: 4.261GiB / 251.5GiB
busy_haibt: CPU: 99.68%, Memory: 5.497GiB / 251.5GiB
busy_haibt: CPU: 99.43%, Memory: 6.546GiB / 251.5GiB
busy_haibt: CPU: 100.96%, Memory: 6.041GiB / 251.5GiB
busy_haibt: CPU: 100.68%, Memory: 4.12GiB / 251.5GiB
busy_haibt: CPU: 101.99%, Memory: 5.511GiB / 251.5GiB
busy_haibt: CPU: 1540.59%, Memory: 6.107GiB / 251.5GiB
busy_haibt: CPU: 1542.38%, Memory: 6.107GiB / 251.5GiB
busy_haibt: CPU: 111.30%, Memory: 6.431GiB / 251.5GiB
busy_haibt: CPU: 1584.18%, Memory: 9.108GiB / 251.5GiB
busy_haibt: CPU: 1556.30%, Memory: 9.108GiB / 251.5GiB
busy_haibt: CPU: 1547.64%, Memory: 9.108GiB / 251.5GiB
busy_haibt: CPU: 1499.31%, Memory: 9.108GiB / 251.5GiB
busy_haibt: CPU: 1543.38%, Memory: 9.108GiB / 251.5GiB
busy_haibt: CPU: 1551.74%, Memory: 9.108GiB / 251.5GiB
busy_haibt: CPU: 1550.24%, Memory: 9.115GiB / 251.5GiB
busy_haibt: CPU: 1515.96%, Memory: 9.116GiB / 251.5GiB
busy_haibt: CPU: 1496.91%, Memory: 9.116GiB / 251.5GiB
busy_haibt: CPU: 1530.12%, Memory: 9.117GiB / 251.5GiB
busy_haibt: CPU: 1559.14%, Memory: 9.117GiB / 251.5GiB
busy_haibt: CPU: 1564.82%, Memory: 9.117GiB / 251.5GiB
busy_haibt: CPU: 1537.15%, Memory: 9.118GiB / 251.5GiB
busy_haibt: CPU: 1552.55%, Memory: 9.118GiB / 251.5GiB
busy_haibt: CPU: 1493.13%, Memory: 9.118GiB / 251.5GiB
busy_haibt: CPU: 1552.91%, Memory: 9.118GiB / 251.5GiB
busy_haibt: CPU: 1561.38%, Memory: 9.118GiB / 251.5GiB
busy_haibt: CPU: 1566.83%, Memory: 9.118GiB / 251.5GiB
busy_haibt: CPU: 1053.86%, Memory: 12.16GiB / 251.5GiB
busy_haibt: CPU: 1551.80%, Memory: 12.16GiB / 251.5GiB
busy_haibt: CPU: 1583.50%, Memory: 12.16GiB / 251.5GiB
busy_haibt: CPU: 1558.04%, Memory: 12.16GiB / 251.5GiB
busy_haibt: CPU: 1550.66%, Memory: 12.16GiB / 251.5GiB
busy_haibt: CPU: 1540.61%, Memory: 12.16GiB / 251.5GiB
busy_haibt: CPU: 100.82%, Memory: 6.195GiB / 251.5GiB
busy_haibt: CPU: 1583.95%, Memory: 9.184GiB / 251.5GiB
busy_haibt: CPU: 1552.98%, Memory: 9.184GiB / 251.5GiB
busy_haibt: CPU: 1520.19%, Memory: 9.184GiB / 251.5GiB
busy_haibt: CPU: 1556.05%, Memory: 9.184GiB / 251.5GiB
busy_haibt: CPU: 1556.21%, Memory: 9.184GiB / 251.5GiB
busy_haibt: CPU: 1583.99%, Memory: 9.184GiB / 251.5GiB
busy_haibt: CPU: 1569.02%, Memory: 9.184GiB / 251.5GiB
busy_haibt: CPU: 1548.41%, Memory: 9.184GiB / 251.5GiB
busy_haibt: CPU: 1564.78%, Memory: 9.184GiB / 251.5GiB
busy_haibt: CPU: 1560.93%, Memory: 9.184GiB / 251.5GiB
busy_haibt: CPU: 1581.82%, Memory: 9.184GiB / 251.5GiB
busy_haibt: CPU: 1550.03%, Memory: 9.184GiB / 251.5GiB
busy_haibt: CPU: 99.71%, Memory: 12.17GiB / 251.5GiB
pedantic_kepler: CPU: 236.33%, Memory: 67.33MiB / 251.5GiB
pedantic_kepler: CPU: 99.99%, Memory: 2.863GiB / 251.5GiB
pedantic_kepler: CPU: 100.69%, Memory: 4.219GiB / 251.5GiB
pedantic_kepler: CPU: 100.02%, Memory: 5.105GiB / 251.5GiB
pedantic_kepler: CPU: 101.97%, Memory: 5.956GiB / 251.5GiB
pedantic_kepler: CPU: 100.18%, Memory: 6.041GiB / 251.5GiB
pedantic_kepler: CPU: 100.12%, Memory: 3.908GiB / 251.5GiB
pedantic_kepler: CPU: 100.24%, Memory: 5.324GiB / 251.5GiB
pedantic_kepler: CPU: 1544.71%, Memory: 6.107GiB / 251.5GiB
pedantic_kepler: CPU: 1547.53%, Memory: 6.107GiB / 251.5GiB
pedantic_kepler: CPU: 369.58%, Memory: 6.19GiB / 251.5GiB
pedantic_kepler: CPU: 1579.72%, Memory: 9.108GiB / 251.5GiB
pedantic_kepler: CPU: 1550.65%, Memory: 9.108GiB / 251.5GiB
pedantic_kepler: CPU: 1567.66%, Memory: 9.108GiB / 251.5GiB
pedantic_kepler: CPU: 1558.40%, Memory: 9.108GiB / 251.5GiB
pedantic_kepler: CPU: 1555.77%, Memory: 9.108GiB / 251.5GiB
pedantic_kepler: CPU: 1492.45%, Memory: 9.108GiB / 251.5GiB
pedantic_kepler: CPU: 1557.48%, Memory: 9.115GiB / 251.5GiB
pedantic_kepler: CPU: 1581.55%, Memory: 9.116GiB / 251.5GiB
pedantic_kepler: CPU: 1582.47%, Memory: 9.116GiB / 251.5GiB
pedantic_kepler: CPU: 1555.19%, Memory: 9.117GiB / 251.5GiB
pedantic_kepler: CPU: 1541.60%, Memory: 9.117GiB / 251.5GiB
pedantic_kepler: CPU: 1559.28%, Memory: 9.117GiB / 251.5GiB
pedantic_kepler: CPU: 1523.91%, Memory: 9.117GiB / 251.5GiB
pedantic_kepler: CPU: 1525.11%, Memory: 9.118GiB / 251.5GiB
pedantic_kepler: CPU: 1517.45%, Memory: 9.118GiB / 251.5GiB
pedantic_kepler: CPU: 1560.97%, Memory: 9.118GiB / 251.5GiB
pedantic_kepler: CPU: 1485.29%, Memory: 9.118GiB / 251.5GiB
pedantic_kepler: CPU: 1499.88%, Memory: 9.118GiB / 251.5GiB
pedantic_kepler: CPU: 1480.69%, Memory: 9.118GiB / 251.5GiB
pedantic_kepler: CPU: 1210.53%, Memory: 12.16GiB / 251.5GiB
pedantic_kepler: CPU: 1566.22%, Memory: 12.16GiB / 251.5GiB
pedantic_kepler: CPU: 1554.34%, Memory: 12.16GiB / 251.5GiB
pedantic_kepler: CPU: 1530.55%, Memory: 12.16GiB / 251.5GiB
pedantic_kepler: CPU: 1536.14%, Memory: 12.16GiB / 251.5GiB
pedantic_kepler: CPU: 1547.68%, Memory: 12.16GiB / 251.5GiB
pedantic_kepler: CPU: 426.72%, Memory: 12.16GiB / 251.5GiB
pedantic_kepler: CPU: 1522.72%, Memory: 9.184GiB / 251.5GiB
pedantic_kepler: CPU: 1497.32%, Memory: 9.184GiB / 251.5GiB
pedantic_kepler: CPU: 1487.86%, Memory: 9.184GiB / 251.5GiB
pedantic_kepler: CPU: 1578.55%, Memory: 9.184GiB / 251.5GiB
pedantic_kepler: CPU: 1550.31%, Memory: 9.184GiB / 251.5GiB
pedantic_kepler: CPU: 1542.86%, Memory: 9.184GiB / 251.5GiB
pedantic_kepler: CPU: 1554.05%, Memory: 9.184GiB / 251.5GiB
pedantic_kepler: CPU: 1560.86%, Memory: 9.184GiB / 251.5GiB
pedantic_kepler: CPU: 1579.72%, Memory: 9.184GiB / 251.5GiB
pedantic_kepler: CPU: 1579.99%, Memory: 9.184GiB / 251.5GiB
pedantic_kepler: CPU: 1580.46%, Memory: 9.184GiB / 251.5GiB
pedantic_kepler: CPU: 1584.44%, Memory: 9.184GiB / 251.5GiB
pedantic_kepler: CPU: 101.38%, Memory: 12.17GiB / 251.5GiB
epic_allen6: CPU: 99.77%, Memory: 304.3MiB / 251.5GiB
epic_allen6: CPU: 100.39%, Memory: 3.145GiB / 251.5GiB
epic_allen6: CPU: 100.39%, Memory: 4.376GiB / 251.5GiB
epic_allen6: CPU: 98.37%, Memory: 5.605GiB / 251.5GiB
epic_allen6: CPU: 99.13%, Memory: 7.586GiB / 251.5GiB
epic_allen6: CPU: 100.21%, Memory: 3.703GiB / 251.5GiB
epic_allen6: CPU: 100.56%, Memory: 5.097GiB / 251.5GiB
epic_allen6: CPU: 1285.25%, Memory: 6.107GiB / 251.5GiB
epic_allen6: CPU: 1552.40%, Memory: 6.107GiB / 251.5GiB
epic_allen6: CPU: 1323.56%, Memory: 6.107GiB / 251.5GiB
epic_allen6: CPU: 1374.45%, Memory: 9.109GiB / 251.5GiB
epic_allen6: CPU: 1554.03%, Memory: 9.108GiB / 251.5GiB
epic_allen6: CPU: 1512.63%, Memory: 9.108GiB / 251.5GiB
epic_allen6: CPU: 1580.68%, Memory: 9.108GiB / 251.5GiB
epic_allen6: CPU: 1514.20%, Memory: 9.108GiB / 251.5GiB
epic_allen6: CPU: 1565.42%, Memory: 9.108GiB / 251.5GiB
epic_allen6: CPU: 1496.32%, Memory: 9.108GiB / 251.5GiB
epic_allen6: CPU: 1528.78%, Memory: 9.115GiB / 251.5GiB
epic_allen6: CPU: 1486.44%, Memory: 9.116GiB / 251.5GiB
epic_allen6: CPU: 1553.68%, Memory: 9.116GiB / 251.5GiB
epic_allen6: CPU: 1521.53%, Memory: 9.116GiB / 251.5GiB
epic_allen6: CPU: 1540.59%, Memory: 9.117GiB / 251.5GiB
epic_allen6: CPU: 1580.80%, Memory: 9.117GiB / 251.5GiB
epic_allen6: CPU: 1563.51%, Memory: 9.117GiB / 251.5GiB
epic_allen6: CPU: 1564.96%, Memory: 9.117GiB / 251.5GiB
epic_allen6: CPU: 1561.97%, Memory: 9.117GiB / 251.5GiB
epic_allen6: CPU: 1562.26%, Memory: 9.117GiB / 251.5GiB
epic_allen6: CPU: 1528.99%, Memory: 9.118GiB / 251.5GiB
epic_allen6: CPU: 1581.86%, Memory: 9.118GiB / 251.5GiB
epic_allen6: CPU: 891.31%, Memory: 12.16GiB / 251.5GiB
epic_allen6: CPU: 1551.28%, Memory: 12.16GiB / 251.5GiB
epic_allen6: CPU: 1554.02%, Memory: 12.16GiB / 251.5GiB
epic_allen6: CPU: 1553.42%, Memory: 12.16GiB / 251.5GiB
epic_allen6: CPU: 1580.17%, Memory: 12.16GiB / 251.5GiB
epic_allen6: CPU: 1587.93%, Memory: 12.16GiB / 251.5GiB
epic_allen6: CPU: 106.82%, Memory: 6.19GiB / 251.5GiB
epic_allen6: CPU: 1586.20%, Memory: 9.184GiB / 251.5GiB
epic_allen6: CPU: 1501.24%, Memory: 9.184GiB / 251.5GiB
epic_allen6: CPU: 1551.60%, Memory: 9.184GiB / 251.5GiB
epic_allen6: CPU: 1557.54%, Memory: 9.184GiB / 251.5GiB
epic_allen6: CPU: 1561.09%, Memory: 9.184GiB / 251.5GiB
epic_allen6: CPU: 1550.42%, Memory: 9.184GiB / 251.5GiB
epic_allen6: CPU: 1540.87%, Memory: 9.184GiB / 251.5GiB
epic_allen6: CPU: 1548.92%, Memory: 9.184GiB / 251.5GiB
epic_allen6: CPU: 1584.19%, Memory: 9.184GiB / 251.5GiB
epic_allen6: CPU: 1552.38%, Memory: 9.184GiB / 251.5GiB
epic_allen6: CPU: 1510.82%, Memory: 9.184GiB / 251.5GiB
epic_allen6: CPU: 1512.78%, Memory: 9.184GiB / 251.5GiB
epic_allen6: CPU: 496.24%, Memory: 11.46GiB / 251.5GiB
strange_gagarin: CPU: 215.65%, Memory: 69.31MiB / 251.5GiB
strange_gagarin: CPU: 100.50%, Memory: 2.992GiB / 251.5GiB
strange_gagarin: CPU: 99.00%, Memory: 4.306GiB / 251.5GiB
strange_gagarin: CPU: 100.77%, Memory: 5.581GiB / 251.5GiB
strange_gagarin: CPU: 98.70%, Memory: 7.569GiB / 251.5GiB
strange_gagarin: CPU: 100.90%, Memory: 3.728GiB / 251.5GiB
strange_gagarin: CPU: 101.35%, Memory: 5.164GiB / 251.5GiB
strange_gagarin: CPU: 1525.08%, Memory: 6.107GiB / 251.5GiB
strange_gagarin: CPU: 1550.85%, Memory: 6.106GiB / 251.5GiB
strange_gagarin: CPU: 1367.28%, Memory: 6.106GiB / 251.5GiB
strange_gagarin: CPU: 1330.17%, Memory: 9.109GiB / 251.5GiB
strange_gagarin: CPU: 1583.89%, Memory: 9.108GiB / 251.5GiB
strange_gagarin: CPU: 1564.78%, Memory: 9.108GiB / 251.5GiB
strange_gagarin: CPU: 1561.33%, Memory: 9.108GiB / 251.5GiB
strange_gagarin: CPU: 1544.84%, Memory: 9.108GiB / 251.5GiB
strange_gagarin: CPU: 1555.01%, Memory: 9.108GiB / 251.5GiB
strange_gagarin: CPU: 1582.40%, Memory: 9.115GiB / 251.5GiB
strange_gagarin: CPU: 1525.58%, Memory: 9.115GiB / 251.5GiB
strange_gagarin: CPU: 1566.37%, Memory: 9.116GiB / 251.5GiB
strange_gagarin: CPU: 1491.60%, Memory: 9.116GiB / 251.5GiB
strange_gagarin: CPU: 1492.52%, Memory: 9.116GiB / 251.5GiB
strange_gagarin: CPU: 1496.78%, Memory: 9.116GiB / 251.5GiB
strange_gagarin: CPU: 1562.96%, Memory: 9.117GiB / 251.5GiB
strange_gagarin: CPU: 1534.70%, Memory: 9.117GiB / 251.5GiB
strange_gagarin: CPU: 1565.47%, Memory: 9.117GiB / 251.5GiB
strange_gagarin: CPU: 1544.99%, Memory: 9.117GiB / 251.5GiB
strange_gagarin: CPU: 1510.46%, Memory: 9.117GiB / 251.5GiB
strange_gagarin: CPU: 1560.66%, Memory: 9.118GiB / 251.5GiB
strange_gagarin: CPU: 1491.27%, Memory: 9.118GiB / 251.5GiB
strange_gagarin: CPU: 1522.74%, Memory: 9.118GiB / 251.5GiB
strange_gagarin: CPU: 1532.87%, Memory: 9.118GiB / 251.5GiB
strange_gagarin: CPU: 1492.27%, Memory: 9.118GiB / 251.5GiB
strange_gagarin: CPU: 813.76%, Memory: 12.16GiB / 251.5GiB
strange_gagarin: CPU: 1587.91%, Memory: 12.16GiB / 251.5GiB
strange_gagarin: CPU: 1553.71%, Memory: 12.16GiB / 251.5GiB
strange_gagarin: CPU: 1555.27%, Memory: 12.16GiB / 251.5GiB
strange_gagarin: CPU: 1567.97%, Memory: 12.16GiB / 251.5GiB
strange_gagarin: CPU: 1554.64%, Memory: 12.16GiB / 251.5GiB
strange_gagarin: CPU: 100.62%, Memory: 6.192GiB / 251.5GiB
strange_gagarin: CPU: 1515.41%, Memory: 9.184GiB / 251.5GiB
strange_gagarin: CPU: 1495.85%, Memory: 9.184GiB / 251.5GiB
strange_gagarin: CPU: 1557.49%, Memory: 9.184GiB / 251.5GiB
strange_gagarin: CPU: 1579.30%, Memory: 9.184GiB / 251.5GiB
strange_gagarin: CPU: 1583.74%, Memory: 9.184GiB / 251.5GiB
strange_gagarin: CPU: 1501.85%, Memory: 9.184GiB / 251.5GiB
strange_gagarin: CPU: 1495.16%, Memory: 9.184GiB / 251.5GiB
strange_gagarin: CPU: 1492.33%, Memory: 9.184GiB / 251.5GiB
strange_gagarin: CPU: 1506.50%, Memory: 9.184GiB / 251.5GiB
strange_gagarin: CPU: 1538.88%, Memory: 9.184GiB / 251.5GiB
strange_gagarin: CPU: 1499.50%, Memory: 9.184GiB / 251.5GiB
strange_gagarin: CPU: 1547.44%, Memory: 9.184GiB / 251.5GiB
strange_gagarin: CPU: 1513.86%, Memory: 9.184GiB / 251.5GiB
strange_gagarin: CPU: 1531.47%, Memory: 9.184GiB / 251.5GiB
strange_gagarin: CPU: 101.92%, Memory: 12.17GiB / 251.5GiB
focused_pike4: CPU: 250.21%, Memory: 67.68MiB / 251.5GiB
focused_pike4: CPU: 99.37%, Memory: 2.905GiB / 251.5GiB
focused_pike4: CPU: 99.62%, Memory: 4.273GiB / 251.5GiB
focused_pike4: CPU: 100.88%, Memory: 5.553GiB / 251.5GiB
focused_pike4: CPU: 100.89%, Memory: 7.448GiB / 251.5GiB
focused_pike4: CPU: 100.33%, Memory: 3.707GiB / 251.5GiB
focused_pike4: CPU: 101.99%, Memory: 5.149GiB / 251.5GiB
focused_pike4: CPU: 1492.34%, Memory: 6.107GiB / 251.5GiB
focused_pike4: CPU: 1546.91%, Memory: 6.107GiB / 251.5GiB
focused_pike4: CPU: 916.40%, Memory: 6.106GiB / 251.5GiB
focused_pike4: CPU: 1582.46%, Memory: 9.109GiB / 251.5GiB
focused_pike4: CPU: 1511.47%, Memory: 9.108GiB / 251.5GiB
focused_pike4: CPU: 1537.23%, Memory: 9.108GiB / 251.5GiB
focused_pike4: CPU: 1550.28%, Memory: 9.108GiB / 251.5GiB
focused_pike4: CPU: 1552.47%, Memory: 9.108GiB / 251.5GiB
focused_pike4: CPU: 1555.90%, Memory: 9.108GiB / 251.5GiB
focused_pike4: CPU: 1547.85%, Memory: 9.116GiB / 251.5GiB
focused_pike4: CPU: 1557.00%, Memory: 9.116GiB / 251.5GiB
focused_pike4: CPU: 1516.95%, Memory: 9.116GiB / 251.5GiB
focused_pike4: CPU: 1586.69%, Memory: 9.117GiB / 251.5GiB
focused_pike4: CPU: 1548.49%, Memory: 9.117GiB / 251.5GiB
focused_pike4: CPU: 1549.74%, Memory: 9.117GiB / 251.5GiB
focused_pike4: CPU: 1526.60%, Memory: 9.117GiB / 251.5GiB
focused_pike4: CPU: 1556.62%, Memory: 9.118GiB / 251.5GiB
focused_pike4: CPU: 1509.73%, Memory: 9.118GiB / 251.5GiB
focused_pike4: CPU: 1497.91%, Memory: 9.118GiB / 251.5GiB
focused_pike4: CPU: 1493.60%, Memory: 9.118GiB / 251.5GiB
focused_pike4: CPU: 1499.46%, Memory: 9.118GiB / 251.5GiB
focused_pike4: CPU: 1525.57%, Memory: 9.118GiB / 251.5GiB
focused_pike4: CPU: 917.57%, Memory: 12.16GiB / 251.5GiB
focused_pike4: CPU: 1559.41%, Memory: 12.16GiB / 251.5GiB
focused_pike4: CPU: 1583.38%, Memory: 12.16GiB / 251.5GiB
focused_pike4: CPU: 1585.33%, Memory: 12.16GiB / 251.5GiB
focused_pike4: CPU: 1557.99%, Memory: 12.16GiB / 251.5GiB
focused_pike4: CPU: 1548.52%, Memory: 12.16GiB / 251.5GiB
focused_pike4: CPU: 100.63%, Memory: 6.191GiB / 251.5GiB
focused_pike4: CPU: 1496.84%, Memory: 9.184GiB / 251.5GiB
focused_pike4: CPU: 1494.25%, Memory: 9.184GiB / 251.5GiB
focused_pike4: CPU: 1510.55%, Memory: 9.184GiB / 251.5GiB
focused_pike4: CPU: 1509.87%, Memory: 9.184GiB / 251.5GiB
focused_pike4: CPU: 1502.38%, Memory: 9.184GiB / 251.5GiB
focused_pike4: CPU: 1552.69%, Memory: 9.184GiB / 251.5GiB
focused_pike4: CPU: 1551.55%, Memory: 9.184GiB / 251.5GiB
focused_pike4: CPU: 1585.62%, Memory: 9.184GiB / 251.5GiB
focused_pike4: CPU: 1583.60%, Memory: 9.184GiB / 251.5GiB
focused_pike4: CPU: 1586.24%, Memory: 9.184GiB / 251.5GiB
focused_pike4: CPU: 1579.04%, Memory: 9.184GiB / 251.5GiB
focused_pike4: CPU: 1568.86%, Memory: 9.184GiB / 251.5GiB
focused_pike4: CPU: 1491.55%, Memory: 9.184GiB / 251.5GiB
focused_pike4: CPU: 102.12%, Memory: 12.17GiB / 251.5GiB
gracious_shamir: CPU: 257.25%, Memory: 67.96MiB / 251.5GiB
gracious_shamir: CPU: 99.44%, Memory: 2.874GiB / 251.5GiB
gracious_shamir: CPU: 101.58%, Memory: 4.231GiB / 251.5GiB
gracious_shamir: CPU: 100.71%, Memory: 5.486GiB / 251.5GiB
gracious_shamir: CPU: 100.71%, Memory: 6.93GiB / 251.5GiB
gracious_shamir: CPU: 101.41%, Memory: 3.594GiB / 251.5GiB
gracious_shamir: CPU: 101.41%, Memory: 5.013GiB / 251.5GiB
gracious_shamir: CPU: 1098.78%, Memory: 6.107GiB / 251.5GiB
gracious_shamir: CPU: 1550.05%, Memory: 6.106GiB / 251.5GiB
gracious_shamir: CPU: 1478.36%, Memory: 6.106GiB / 251.5GiB
gracious_shamir: CPU: 1270.92%, Memory: 9.109GiB / 251.5GiB
gracious_shamir: CPU: 1563.25%, Memory: 9.108GiB / 251.5GiB
gracious_shamir: CPU: 1475.69%, Memory: 9.108GiB / 251.5GiB
gracious_shamir: CPU: 1505.83%, Memory: 9.108GiB / 251.5GiB
gracious_shamir: CPU: 1502.17%, Memory: 9.108GiB / 251.5GiB
gracious_shamir: CPU: 1545.15%, Memory: 9.108GiB / 251.5GiB
gracious_shamir: CPU: 1527.14%, Memory: 9.108GiB / 251.5GiB
gracious_shamir: CPU: 1558.79%, Memory: 9.115GiB / 251.5GiB
gracious_shamir: CPU: 1529.21%, Memory: 9.116GiB / 251.5GiB
gracious_shamir: CPU: 1496.26%, Memory: 9.116GiB / 251.5GiB
gracious_shamir: CPU: 1553.23%, Memory: 9.116GiB / 251.5GiB
gracious_shamir: CPU: 1496.95%, Memory: 9.116GiB / 251.5GiB
gracious_shamir: CPU: 1549.92%, Memory: 9.116GiB / 251.5GiB
gracious_shamir: CPU: 1557.53%, Memory: 9.117GiB / 251.5GiB
gracious_shamir: CPU: 1521.63%, Memory: 9.117GiB / 251.5GiB
gracious_shamir: CPU: 1525.51%, Memory: 9.117GiB / 251.5GiB
gracious_shamir: CPU: 1578.63%, Memory: 9.117GiB / 251.5GiB
gracious_shamir: CPU: 1587.83%, Memory: 9.118GiB / 251.5GiB
gracious_shamir: CPU: 1556.08%, Memory: 9.118GiB / 251.5GiB
gracious_shamir: CPU: 1516.62%, Memory: 9.118GiB / 251.5GiB
gracious_shamir: CPU: 911.14%, Memory: 12.16GiB / 251.5GiB
gracious_shamir: CPU: 1551.40%, Memory: 12.16GiB / 251.5GiB
gracious_shamir: CPU: 1573.09%, Memory: 12.16GiB / 251.5GiB
gracious_shamir: CPU: 1524.43%, Memory: 12.16GiB / 251.5GiB
gracious_shamir: CPU: 1548.35%, Memory: 12.16GiB / 251.5GiB
gracious_shamir: CPU: 1546.06%, Memory: 12.16GiB / 251.5GiB
gracious_shamir: CPU: 875.39%, Memory: 12.16GiB / 251.5GiB
gracious_shamir: CPU: 1230.90%, Memory: 9.185GiB / 251.5GiB
gracious_shamir: CPU: 1562.29%, Memory: 9.184GiB / 251.5GiB
gracious_shamir: CPU: 1559.52%, Memory: 9.184GiB / 251.5GiB
gracious_shamir: CPU: 1541.40%, Memory: 9.184GiB / 251.5GiB
gracious_shamir: CPU: 1586.83%, Memory: 9.184GiB / 251.5GiB
gracious_shamir: CPU: 1561.43%, Memory: 9.184GiB / 251.5GiB
gracious_shamir: CPU: 1558.43%, Memory: 9.184GiB / 251.5GiB
gracious_shamir: CPU: 1580.55%, Memory: 9.184GiB / 251.5GiB
gracious_shamir: CPU: 1582.40%, Memory: 9.184GiB / 251.5GiB
gracious_shamir: CPU: 1584.42%, Memory: 9.184GiB / 251.5GiB
gracious_shamir: CPU: 1588.17%, Memory: 9.184GiB / 251.5GiB
gracious_shamir: CPU: 1581.56%, Memory: 9.184GiB / 251.5GiB
gracious_shamir: CPU: 1581.60%, Memory: 9.184GiB / 251.5GiB
gracious_shamir: CPU: 100.52%, Memory: 12.17GiB / 251.5GiB
sad_jemison: CPU: 212.09%, Memory: 68.28MiB / 251.5GiB
sad_jemison: CPU: 99.87%, Memory: 2.922GiB / 251.5GiB
sad_jemison: CPU: 101.77%, Memory: 4.3GiB / 251.5GiB
sad_jemison: CPU: 100.43%, Memory: 5.604GiB / 251.5GiB
sad_jemison: CPU: 100.88%, Memory: 7.782GiB / 251.5GiB
sad_jemison: CPU: 100.90%, Memory: 3.787GiB / 251.5GiB
sad_jemison: CPU: 100.06%, Memory: 5.254GiB / 251.5GiB
sad_jemison: CPU: 1570.92%, Memory: 6.106GiB / 251.5GiB
sad_jemison: CPU: 1541.89%, Memory: 6.106GiB / 251.5GiB
sad_jemison: CPU: 887.94%, Memory: 6.106GiB / 251.5GiB
sad_jemison: CPU: 1593.14%, Memory: 9.108GiB / 251.5GiB
sad_jemison: CPU: 1587.24%, Memory: 9.108GiB / 251.5GiB
sad_jemison: CPU: 1589.26%, Memory: 9.108GiB / 251.5GiB
sad_jemison: CPU: 1533.40%, Memory: 9.108GiB / 251.5GiB
sad_jemison: CPU: 1531.16%, Memory: 9.108GiB / 251.5GiB
sad_jemison: CPU: 1565.61%, Memory: 9.108GiB / 251.5GiB
sad_jemison: CPU: 1554.86%, Memory: 9.115GiB / 251.5GiB
sad_jemison: CPU: 1551.68%, Memory: 9.116GiB / 251.5GiB
sad_jemison: CPU: 1537.25%, Memory: 9.116GiB / 251.5GiB
sad_jemison: CPU: 1533.24%, Memory: 9.116GiB / 251.5GiB
sad_jemison: CPU: 1495.30%, Memory: 9.117GiB / 251.5GiB
sad_jemison: CPU: 1576.50%, Memory: 9.117GiB / 251.5GiB
sad_jemison: CPU: 1570.50%, Memory: 9.117GiB / 251.5GiB
sad_jemison: CPU: 1517.28%, Memory: 9.117GiB / 251.5GiB
sad_jemison: CPU: 1556.80%, Memory: 9.117GiB / 251.5GiB
sad_jemison: CPU: 1544.21%, Memory: 9.118GiB / 251.5GiB
sad_jemison: CPU: 1554.49%, Memory: 9.118GiB / 251.5GiB
sad_jemison: CPU: 1558.20%, Memory: 9.118GiB / 251.5GiB
sad_jemison: CPU: 1575.47%, Memory: 12.16GiB / 251.5GiB
sad_jemison: CPU: 1553.55%, Memory: 12.16GiB / 251.5GiB
sad_jemison: CPU: 1547.47%, Memory: 12.16GiB / 251.5GiB
sad_jemison: CPU: 1556.32%, Memory: 12.16GiB / 251.5GiB
sad_jemison: CPU: 1599.78%, Memory: 12.16GiB / 251.5GiB
sad_jemison: CPU: 1166.95%, Memory: 12.16GiB / 251.5GiB
sad_jemison: CPU: 896.05%, Memory: 9.185GiB / 251.5GiB
sad_jemison: CPU: 1497.24%, Memory: 9.184GiB / 251.5GiB
sad_jemison: CPU: 1527.92%, Memory: 9.184GiB / 251.5GiB
sad_jemison: CPU: 1580.08%, Memory: 9.184GiB / 251.5GiB
sad_jemison: CPU: 1582.91%, Memory: 9.184GiB / 251.5GiB
sad_jemison: CPU: 1584.60%, Memory: 9.184GiB / 251.5GiB
sad_jemison: CPU: 1573.99%, Memory: 9.184GiB / 251.5GiB
sad_jemison: CPU: 1580.18%, Memory: 9.184GiB / 251.5GiB
sad_jemison: CPU: 1582.70%, Memory: 9.184GiB / 251.5GiB
sad_jemison: CPU: 1499.06%, Memory: 9.184GiB / 251.5GiB
sad_jemison: CPU: 1492.45%, Memory: 9.184GiB / 251.5GiB
sad_jemison: CPU: 1479.51%, Memory: 9.184GiB / 251.5GiB
sad_jemison: CPU: 1546.61%, Memory: 9.184GiB / 251.5GiB
sad_jemison: CPU: 605.93%, Memory: 11.24GiB / 251.5GiB
