nervous_turing: CPU: 146.68%, Memory: 1.189GiB / 503.5GiB
nervous_turing: CPU: 99.87%, Memory: 2.99GiB / 503.5GiB
nervous_turing: CPU: 100.21%, Memory: 2.99GiB / 503.5GiB
nervous_turing: CPU: 100.06%, Memory: 2.99GiB / 503.5GiB
nervous_turing: CPU: 100.09%, Memory: 2.99GiB / 503.5GiB
nervous_turing: CPU: 100.21%, Memory: 2.99GiB / 503.5GiB
nervous_turing: CPU: 99.69%, Memory: 2.99GiB / 503.5GiB
nervous_turing: CPU: 100.09%, Memory: 2.99GiB / 503.5GiB
nervous_turing: CPU: 100.15%, Memory: 2.99GiB / 503.5GiB
nervous_turing: CPU: 99.75%, Memory: 2.99GiB / 503.5GiB
nervous_turing: CPU: 100.12%, Memory: 2.99GiB / 503.5GiB
nervous_turing: CPU: 100.06%, Memory: 2.99GiB / 503.5GiB
nervous_turing: CPU: 100.08%, Memory: 2.99GiB / 503.5GiB
nervous_turing: CPU: 100.18%, Memory: 2.99GiB / 503.5GiB
nervous_turing: CPU: 100.15%, Memory: 2.99GiB / 503.5GiB
nervous_turing: CPU: 100.09%, Memory: 2.99GiB / 503.5GiB
nervous_turing: CPU: 100.18%, Memory: 2.99GiB / 503.5GiB
nervous_turing: CPU: 100.09%, Memory: 2.99GiB / 503.5GiB
nervous_turing: CPU: 99.99%, Memory: 2.99GiB / 503.5GiB
nervous_turing: CPU: 100.12%, Memory: 2.99GiB / 503.5GiB
nervous_turing: CPU: 100.09%, Memory: 2.99GiB / 503.5GiB
nervous_turing: CPU: 100.15%, Memory: 2.99GiB / 503.5GiB
nervous_turing: CPU: 100.05%, Memory: 6.023GiB / 503.5GiB
nervous_turing: CPU: 99.99%, Memory: 7.358GiB / 503.5GiB
nervous_turing: CPU: 100.12%, Memory: 8.695GiB / 503.5GiB
nervous_turing: CPU: 3195.79%, Memory: 9.04GiB / 503.5GiB
nervous_turing: CPU: 3208.28%, Memory: 9.039GiB / 503.5GiB
nervous_turing: CPU: 100.15%, Memory: 9.039GiB / 503.5GiB
nervous_turing: CPU: 99.75%, Memory: 9.039GiB / 503.5GiB
nervous_turing: CPU: 100.15%, Memory: 6.679GiB / 503.5GiB
nervous_turing: CPU: 100.15%, Memory: 8.002GiB / 503.5GiB
nervous_turing: CPU: 1797.53%, Memory: 9.039GiB / 503.5GiB
nervous_turing: CPU: 3200.46%, Memory: 9.039GiB / 503.5GiB
nervous_turing: CPU: 3194.83%, Memory: 9.042GiB / 503.5GiB
nervous_turing: CPU: 3183.60%, Memory: 9.043GiB / 503.5GiB
nervous_turing: CPU: 3106.34%, Memory: 9.043GiB / 503.5GiB
nervous_turing: CPU: 3182.23%, Memory: 9.044GiB / 503.5GiB
nervous_turing: CPU: 3104.98%, Memory: 9.044GiB / 503.5GiB
nervous_turing: CPU: 3155.56%, Memory: 9.045GiB / 503.5GiB
nervous_turing: CPU: 3188.88%, Memory: 9.045GiB / 503.5GiB
nervous_turing: CPU: 3193.15%, Memory: 9.046GiB / 503.5GiB
nervous_turing: CPU: 3202.88%, Memory: 9.046GiB / 503.5GiB
nervous_turing: CPU: 3209.37%, Memory: 9.047GiB / 503.5GiB
nervous_turing: CPU: 3199.28%, Memory: 9.047GiB / 503.5GiB
nervous_turing: CPU: 3196.29%, Memory: 9.048GiB / 503.5GiB
nervous_turing: CPU: 3204.45%, Memory: 9.048GiB / 503.5GiB
nervous_turing: CPU: 3187.98%, Memory: 9.048GiB / 503.5GiB
nervous_turing: CPU: 3195.71%, Memory: 9.049GiB / 503.5GiB
nervous_turing: CPU: 99.69%, Memory: 9.049GiB / 503.5GiB
nervous_turing: CPU: 100.02%, Memory: 9.049GiB / 503.5GiB
nervous_turing: CPU: 100.08%, Memory: 7.75GiB / 503.5GiB
nervous_turing: CPU: 3144.78%, Memory: 9.04GiB / 503.5GiB
nervous_turing: CPU: 3051.52%, Memory: 9.039GiB / 503.5GiB
nervous_turing: CPU: 3168.33%, Memory: 9.039GiB / 503.5GiB
nervous_turing: CPU: 3197.32%, Memory: 9.039GiB / 503.5GiB
nervous_turing: CPU: 3195.42%, Memory: 9.039GiB / 503.5GiB
nervous_turing: CPU: 3195.49%, Memory: 9.039GiB / 503.5GiB
nervous_turing: CPU: 3194.77%, Memory: 9.039GiB / 503.5GiB
nervous_turing: CPU: 100.12%, Memory: 4.702GiB / 503.5GiB
frosty_hawking: CPU: 100.52%, Memory: 1.33GiB / 503.5GiB
frosty_hawking: CPU: 100.30%, Memory: 2.99GiB / 503.5GiB
frosty_hawking: CPU: 100.05%, Memory: 2.99GiB / 503.5GiB
frosty_hawking: CPU: 100.18%, Memory: 2.99GiB / 503.5GiB
frosty_hawking: CPU: 100.12%, Memory: 2.99GiB / 503.5GiB
frosty_hawking: CPU: 100.12%, Memory: 2.99GiB / 503.5GiB
frosty_hawking: CPU: 99.66%, Memory: 2.99GiB / 503.5GiB
frosty_hawking: CPU: 100.05%, Memory: 2.99GiB / 503.5GiB
frosty_hawking: CPU: 100.09%, Memory: 2.99GiB / 503.5GiB
frosty_hawking: CPU: 100.12%, Memory: 2.99GiB / 503.5GiB
frosty_hawking: CPU: 100.05%, Memory: 2.99GiB / 503.5GiB
frosty_hawking: CPU: 100.15%, Memory: 2.99GiB / 503.5GiB
frosty_hawking: CPU: 99.72%, Memory: 2.99GiB / 503.5GiB
frosty_hawking: CPU: 100.06%, Memory: 2.99GiB / 503.5GiB
frosty_hawking: CPU: 100.09%, Memory: 2.99GiB / 503.5GiB
frosty_hawking: CPU: 100.02%, Memory: 2.99GiB / 503.5GiB
frosty_hawking: CPU: 100.09%, Memory: 2.99GiB / 503.5GiB
frosty_hawking: CPU: 99.81%, Memory: 2.99GiB / 503.5GiB
frosty_hawking: CPU: 100.02%, Memory: 2.99GiB / 503.5GiB
frosty_hawking: CPU: 99.66%, Memory: 2.99GiB / 503.5GiB
frosty_hawking: CPU: 100.05%, Memory: 2.99GiB / 503.5GiB
frosty_hawking: CPU: 99.69%, Memory: 2.99GiB / 503.5GiB
frosty_hawking: CPU: 100.05%, Memory: 6.013GiB / 503.5GiB
frosty_hawking: CPU: 100.11%, Memory: 7.331GiB / 503.5GiB
frosty_hawking: CPU: 99.75%, Memory: 8.648GiB / 503.5GiB
frosty_hawking: CPU: 3186.65%, Memory: 9.04GiB / 503.5GiB
frosty_hawking: CPU: 3193.92%, Memory: 9.039GiB / 503.5GiB
frosty_hawking: CPU: 99.75%, Memory: 9.039GiB / 503.5GiB
frosty_hawking: CPU: 100.09%, Memory: 9.039GiB / 503.5GiB
frosty_hawking: CPU: 100.09%, Memory: 6.571GiB / 503.5GiB
frosty_hawking: CPU: 99.71%, Memory: 7.874GiB / 503.5GiB
frosty_hawking: CPU: 903.22%, Memory: 9.039GiB / 503.5GiB
frosty_hawking: CPU: 3175.10%, Memory: 9.039GiB / 503.5GiB
frosty_hawking: CPU: 3192.36%, Memory: 9.041GiB / 503.5GiB
frosty_hawking: CPU: 3195.63%, Memory: 9.043GiB / 503.5GiB
frosty_hawking: CPU: 3106.20%, Memory: 9.043GiB / 503.5GiB
frosty_hawking: CPU: 3094.72%, Memory: 9.044GiB / 503.5GiB
frosty_hawking: CPU: 3106.86%, Memory: 9.044GiB / 503.5GiB
frosty_hawking: CPU: 3104.42%, Memory: 9.045GiB / 503.5GiB
frosty_hawking: CPU: 3130.00%, Memory: 9.046GiB / 503.5GiB
frosty_hawking: CPU: 3193.10%, Memory: 9.046GiB / 503.5GiB
frosty_hawking: CPU: 3203.99%, Memory: 9.046GiB / 503.5GiB
frosty_hawking: CPU: 3193.51%, Memory: 9.047GiB / 503.5GiB
frosty_hawking: CPU: 3188.63%, Memory: 9.047GiB / 503.5GiB
frosty_hawking: CPU: 3191.77%, Memory: 9.048GiB / 503.5GiB
frosty_hawking: CPU: 3194.77%, Memory: 9.048GiB / 503.5GiB
frosty_hawking: CPU: 3204.31%, Memory: 9.048GiB / 503.5GiB
frosty_hawking: CPU: 409.42%, Memory: 9.048GiB / 503.5GiB
frosty_hawking: CPU: 100.12%, Memory: 9.048GiB / 503.5GiB
frosty_hawking: CPU: 100.03%, Memory: 6.745GiB / 503.5GiB
frosty_hawking: CPU: 1912.57%, Memory: 9.041GiB / 503.5GiB
frosty_hawking: CPU: 3089.25%, Memory: 9.039GiB / 503.5GiB
frosty_hawking: CPU: 3161.23%, Memory: 9.039GiB / 503.5GiB
frosty_hawking: CPU: 3089.20%, Memory: 9.039GiB / 503.5GiB
frosty_hawking: CPU: 3091.95%, Memory: 9.039GiB / 503.5GiB
frosty_hawking: CPU: 3150.09%, Memory: 9.039GiB / 503.5GiB
frosty_hawking: CPU: 3197.08%, Memory: 9.039GiB / 503.5GiB
frosty_hawking: CPU: 100.48%, Memory: 9.039GiB / 503.5GiB
serene_kare: CPU: 102.28%, Memory: 1.206GiB / 503.5GiB
serene_kare: CPU: 100.16%, Memory: 2.99GiB / 503.5GiB
serene_kare: CPU: 100.06%, Memory: 2.99GiB / 503.5GiB
serene_kare: CPU: 99.67%, Memory: 2.99GiB / 503.5GiB
serene_kare: CPU: 100.17%, Memory: 2.99GiB / 503.5GiB
serene_kare: CPU: 99.93%, Memory: 2.99GiB / 503.5GiB
serene_kare: CPU: 99.72%, Memory: 2.99GiB / 503.5GiB
serene_kare: CPU: 99.64%, Memory: 2.99GiB / 503.5GiB
serene_kare: CPU: 99.76%, Memory: 2.99GiB / 503.5GiB
serene_kare: CPU: 100.02%, Memory: 2.99GiB / 503.5GiB
serene_kare: CPU: 99.64%, Memory: 2.99GiB / 503.5GiB
serene_kare: CPU: 100.04%, Memory: 2.99GiB / 503.5GiB
serene_kare: CPU: 100.06%, Memory: 2.99GiB / 503.5GiB
serene_kare: CPU: 100.09%, Memory: 2.99GiB / 503.5GiB
serene_kare: CPU: 100.23%, Memory: 2.99GiB / 503.5GiB
serene_kare: CPU: 100.15%, Memory: 2.99GiB / 503.5GiB
serene_kare: CPU: 99.72%, Memory: 2.99GiB / 503.5GiB
serene_kare: CPU: 99.78%, Memory: 2.99GiB / 503.5GiB
serene_kare: CPU: 100.08%, Memory: 2.99GiB / 503.5GiB
serene_kare: CPU: 100.12%, Memory: 2.99GiB / 503.5GiB
serene_kare: CPU: 100.02%, Memory: 2.99GiB / 503.5GiB
serene_kare: CPU: 100.02%, Memory: 2.99GiB / 503.5GiB
serene_kare: CPU: 99.96%, Memory: 5.976GiB / 503.5GiB
serene_kare: CPU: 100.05%, Memory: 7.295GiB / 503.5GiB
serene_kare: CPU: 99.89%, Memory: 8.623GiB / 503.5GiB
serene_kare: CPU: 3132.14%, Memory: 9.039GiB / 503.5GiB
serene_kare: CPU: 3208.65%, Memory: 9.039GiB / 503.5GiB
serene_kare: CPU: 1030.31%, Memory: 9.039GiB / 503.5GiB
serene_kare: CPU: 100.05%, Memory: 9.039GiB / 503.5GiB
serene_kare: CPU: 100.08%, Memory: 6.399GiB / 503.5GiB
serene_kare: CPU: 100.10%, Memory: 7.744GiB / 503.5GiB
serene_kare: CPU: 339.67%, Memory: 9.039GiB / 503.5GiB
serene_kare: CPU: 3187.92%, Memory: 9.039GiB / 503.5GiB
serene_kare: CPU: 3209.10%, Memory: 9.041GiB / 503.5GiB
serene_kare: CPU: 3192.53%, Memory: 9.042GiB / 503.5GiB
serene_kare: CPU: 3199.37%, Memory: 9.043GiB / 503.5GiB
serene_kare: CPU: 3195.94%, Memory: 9.044GiB / 503.5GiB
serene_kare: CPU: 3091.00%, Memory: 9.045GiB / 503.5GiB
serene_kare: CPU: 3157.76%, Memory: 9.045GiB / 503.5GiB
serene_kare: CPU: 3095.98%, Memory: 9.046GiB / 503.5GiB
serene_kare: CPU: 3098.97%, Memory: 9.046GiB / 503.5GiB
serene_kare: CPU: 3173.60%, Memory: 9.047GiB / 503.5GiB
serene_kare: CPU: 3206.29%, Memory: 9.047GiB / 503.5GiB
serene_kare: CPU: 3191.68%, Memory: 9.047GiB / 503.5GiB
serene_kare: CPU: 3182.74%, Memory: 9.048GiB / 503.5GiB
serene_kare: CPU: 3194.16%, Memory: 9.048GiB / 503.5GiB
serene_kare: CPU: 3166.44%, Memory: 9.049GiB / 503.5GiB
serene_kare: CPU: 100.18%, Memory: 9.048GiB / 503.5GiB
serene_kare: CPU: 100.06%, Memory: 9.048GiB / 503.5GiB
serene_kare: CPU: 100.00%, Memory: 6.891GiB / 503.5GiB
serene_kare: CPU: 2170.87%, Memory: 9.042GiB / 503.5GiB
serene_kare: CPU: 3181.88%, Memory: 9.04GiB / 503.5GiB
serene_kare: CPU: 3096.33%, Memory: 9.039GiB / 503.5GiB
serene_kare: CPU: 3095.07%, Memory: 9.039GiB / 503.5GiB
serene_kare: CPU: 3098.40%, Memory: 9.039GiB / 503.5GiB
serene_kare: CPU: 3089.37%, Memory: 9.039GiB / 503.5GiB
serene_kare: CPU: 3169.55%, Memory: 9.039GiB / 503.5GiB
serene_kare: CPU: 99.78%, Memory: 9.039GiB / 503.5GiB
pensive_nightingale: CPU: 100.12%, Memory: 1.352GiB / 503.5GiB
pensive_nightingale: CPU: 100.27%, Memory: 2.99GiB / 503.5GiB
pensive_nightingale: CPU: 100.15%, Memory: 2.99GiB / 503.5GiB
pensive_nightingale: CPU: 100.15%, Memory: 2.99GiB / 503.5GiB
pensive_nightingale: CPU: 100.12%, Memory: 2.99GiB / 503.5GiB
pensive_nightingale: CPU: 100.12%, Memory: 2.99GiB / 503.5GiB
pensive_nightingale: CPU: 100.15%, Memory: 2.99GiB / 503.5GiB
pensive_nightingale: CPU: 100.15%, Memory: 2.99GiB / 503.5GiB
pensive_nightingale: CPU: 100.05%, Memory: 2.99GiB / 503.5GiB
pensive_nightingale: CPU: 100.09%, Memory: 2.99GiB / 503.5GiB
pensive_nightingale: CPU: 99.99%, Memory: 2.99GiB / 503.5GiB
pensive_nightingale: CPU: 100.09%, Memory: 2.99GiB / 503.5GiB
pensive_nightingale: CPU: 100.08%, Memory: 2.99GiB / 503.5GiB
pensive_nightingale: CPU: 100.18%, Memory: 2.99GiB / 503.5GiB
pensive_nightingale: CPU: 100.09%, Memory: 2.99GiB / 503.5GiB
pensive_nightingale: CPU: 100.12%, Memory: 2.99GiB / 503.5GiB
pensive_nightingale: CPU: 100.12%, Memory: 2.99GiB / 503.5GiB
pensive_nightingale: CPU: 100.12%, Memory: 2.99GiB / 503.5GiB
pensive_nightingale: CPU: 100.09%, Memory: 2.99GiB / 503.5GiB
pensive_nightingale: CPU: 100.15%, Memory: 2.99GiB / 503.5GiB
pensive_nightingale: CPU: 99.78%, Memory: 2.99GiB / 503.5GiB
pensive_nightingale: CPU: 100.15%, Memory: 2.99GiB / 503.5GiB
pensive_nightingale: CPU: 100.06%, Memory: 6.02GiB / 503.5GiB
pensive_nightingale: CPU: 100.18%, Memory: 7.293GiB / 503.5GiB
pensive_nightingale: CPU: 99.71%, Memory: 8.563GiB / 503.5GiB
pensive_nightingale: CPU: 3091.16%, Memory: 9.04GiB / 503.5GiB
pensive_nightingale: CPU: 3119.38%, Memory: 9.039GiB / 503.5GiB
pensive_nightingale: CPU: 3184.13%, Memory: 9.039GiB / 503.5GiB
pensive_nightingale: CPU: 100.15%, Memory: 9.039GiB / 503.5GiB
pensive_nightingale: CPU: 100.21%, Memory: 9.039GiB / 503.5GiB
pensive_nightingale: CPU: 100.09%, Memory: 6.519GiB / 503.5GiB
pensive_nightingale: CPU: 100.15%, Memory: 7.777GiB / 503.5GiB
pensive_nightingale: CPU: 99.71%, Memory: 9.029GiB / 503.5GiB
pensive_nightingale: CPU: 3190.42%, Memory: 9.039GiB / 503.5GiB
pensive_nightingale: CPU: 3194.53%, Memory: 9.041GiB / 503.5GiB
pensive_nightingale: CPU: 3195.37%, Memory: 9.042GiB / 503.5GiB
pensive_nightingale: CPU: 3193.65%, Memory: 9.043GiB / 503.5GiB
pensive_nightingale: CPU: 3198.25%, Memory: 9.044GiB / 503.5GiB
pensive_nightingale: CPU: 3196.20%, Memory: 9.044GiB / 503.5GiB
pensive_nightingale: CPU: 3100.65%, Memory: 9.045GiB / 503.5GiB
pensive_nightingale: CPU: 3177.11%, Memory: 9.045GiB / 503.5GiB
pensive_nightingale: CPU: 3095.92%, Memory: 9.046GiB / 503.5GiB
pensive_nightingale: CPU: 3154.17%, Memory: 9.046GiB / 503.5GiB
pensive_nightingale: CPU: 3194.62%, Memory: 9.047GiB / 503.5GiB
pensive_nightingale: CPU: 3195.20%, Memory: 9.047GiB / 503.5GiB
pensive_nightingale: CPU: 3198.57%, Memory: 9.047GiB / 503.5GiB
pensive_nightingale: CPU: 3198.93%, Memory: 9.048GiB / 503.5GiB
pensive_nightingale: CPU: 3197.18%, Memory: 9.048GiB / 503.5GiB
pensive_nightingale: CPU: 3198.16%, Memory: 9.048GiB / 503.5GiB
pensive_nightingale: CPU: 99.75%, Memory: 9.048GiB / 503.5GiB
pensive_nightingale: CPU: 100.21%, Memory: 9.048GiB / 503.5GiB
pensive_nightingale: CPU: 100.05%, Memory: 7.622GiB / 503.5GiB
pensive_nightingale: CPU: 3178.41%, Memory: 9.04GiB / 503.5GiB
pensive_nightingale: CPU: 3195.40%, Memory: 9.039GiB / 503.5GiB
pensive_nightingale: CPU: 3103.96%, Memory: 9.039GiB / 503.5GiB
pensive_nightingale: CPU: 3112.20%, Memory: 9.039GiB / 503.5GiB
pensive_nightingale: CPU: 3095.21%, Memory: 9.039GiB / 503.5GiB
pensive_nightingale: CPU: 3102.46%, Memory: 9.039GiB / 503.5GiB
pensive_nightingale: CPU: 3152.22%, Memory: 9.039GiB / 503.5GiB
pensive_nightingale: CPU: 100.05%, Memory: 9.039GiB / 503.5GiB
nice_taussig: CPU: 127.88%, Memory: 1.185GiB / 503.5GiB
nice_taussig: CPU: 100.12%, Memory: 2.99GiB / 503.5GiB
nice_taussig: CPU: 99.65%, Memory: 2.99GiB / 503.5GiB
nice_taussig: CPU: 100.09%, Memory: 2.99GiB / 503.5GiB
nice_taussig: CPU: 100.09%, Memory: 2.99GiB / 503.5GiB
nice_taussig: CPU: 100.09%, Memory: 2.99GiB / 503.5GiB
nice_taussig: CPU: 100.05%, Memory: 2.99GiB / 503.5GiB
nice_taussig: CPU: 99.78%, Memory: 2.99GiB / 503.5GiB
nice_taussig: CPU: 100.15%, Memory: 2.99GiB / 503.5GiB
nice_taussig: CPU: 99.16%, Memory: 2.99GiB / 503.5GiB
nice_taussig: CPU: 99.96%, Memory: 2.99GiB / 503.5GiB
nice_taussig: CPU: 100.12%, Memory: 2.99GiB / 503.5GiB
nice_taussig: CPU: 100.09%, Memory: 2.99GiB / 503.5GiB
nice_taussig: CPU: 100.18%, Memory: 2.99GiB / 503.5GiB
nice_taussig: CPU: 100.02%, Memory: 2.99GiB / 503.5GiB
nice_taussig: CPU: 100.09%, Memory: 2.99GiB / 503.5GiB
nice_taussig: CPU: 99.72%, Memory: 2.99GiB / 503.5GiB
nice_taussig: CPU: 100.08%, Memory: 2.99GiB / 503.5GiB
nice_taussig: CPU: 100.06%, Memory: 2.99GiB / 503.5GiB
nice_taussig: CPU: 100.09%, Memory: 2.99GiB / 503.5GiB
nice_taussig: CPU: 100.12%, Memory: 2.99GiB / 503.5GiB
nice_taussig: CPU: 99.85%, Memory: 2.99GiB / 503.5GiB
nice_taussig: CPU: 99.69%, Memory: 5.976GiB / 503.5GiB
nice_taussig: CPU: 100.18%, Memory: 7.287GiB / 503.5GiB
nice_taussig: CPU: 100.05%, Memory: 8.609GiB / 503.5GiB
nice_taussig: CPU: 3081.47%, Memory: 9.039GiB / 503.5GiB
nice_taussig: CPU: 3089.50%, Memory: 9.039GiB / 503.5GiB
nice_taussig: CPU: 3118.02%, Memory: 9.039GiB / 503.5GiB
nice_taussig: CPU: 100.09%, Memory: 9.038GiB / 503.5GiB
nice_taussig: CPU: 100.17%, Memory: 9.038GiB / 503.5GiB
nice_taussig: CPU: 99.71%, Memory: 7.141GiB / 503.5GiB
nice_taussig: CPU: 100.15%, Memory: 8.449GiB / 503.5GiB
nice_taussig: CPU: 3200.19%, Memory: 9.039GiB / 503.5GiB
nice_taussig: CPU: 3196.68%, Memory: 9.04GiB / 503.5GiB
nice_taussig: CPU: 3193.66%, Memory: 9.041GiB / 503.5GiB
nice_taussig: CPU: 3198.77%, Memory: 9.042GiB / 503.5GiB
nice_taussig: CPU: 3191.60%, Memory: 9.043GiB / 503.5GiB
nice_taussig: CPU: 3194.61%, Memory: 9.044GiB / 503.5GiB
nice_taussig: CPU: 3197.42%, Memory: 9.044GiB / 503.5GiB
nice_taussig: CPU: 3093.99%, Memory: 9.045GiB / 503.5GiB
nice_taussig: CPU: 3187.96%, Memory: 9.045GiB / 503.5GiB
nice_taussig: CPU: 3088.32%, Memory: 9.046GiB / 503.5GiB
nice_taussig: CPU: 3178.08%, Memory: 9.046GiB / 503.5GiB
nice_taussig: CPU: 3192.61%, Memory: 9.047GiB / 503.5GiB
nice_taussig: CPU: 3198.00%, Memory: 9.047GiB / 503.5GiB
nice_taussig: CPU: 3197.28%, Memory: 9.047GiB / 503.5GiB
nice_taussig: CPU: 3186.44%, Memory: 9.048GiB / 503.5GiB
nice_taussig: CPU: 3194.13%, Memory: 9.048GiB / 503.5GiB
nice_taussig: CPU: 3196.88%, Memory: 9.048GiB / 503.5GiB
nice_taussig: CPU: 758.59%, Memory: 9.048GiB / 503.5GiB
nice_taussig: CPU: 100.15%, Memory: 9.048GiB / 503.5GiB
nice_taussig: CPU: 100.12%, Memory: 6.629GiB / 503.5GiB
nice_taussig: CPU: 1656.38%, Memory: 9.042GiB / 503.5GiB
nice_taussig: CPU: 3193.69%, Memory: 9.04GiB / 503.5GiB
nice_taussig: CPU: 3087.71%, Memory: 9.039GiB / 503.5GiB
nice_taussig: CPU: 3087.33%, Memory: 9.039GiB / 503.5GiB
nice_taussig: CPU: 3086.77%, Memory: 9.039GiB / 503.5GiB
nice_taussig: CPU: 3088.70%, Memory: 9.039GiB / 503.5GiB
nice_taussig: CPU: 3124.29%, Memory: 9.039GiB / 503.5GiB
nice_taussig: CPU: 749.65%, Memory: 9.039GiB / 503.5GiB
objective_burnell: CPU: 154.67%, Memory: 1.162GiB / 503.5GiB
objective_burnell: CPU: 100.31%, Memory: 2.99GiB / 503.5GiB
objective_burnell: CPU: 99.69%, Memory: 2.99GiB / 503.5GiB
objective_burnell: CPU: 100.16%, Memory: 2.99GiB / 503.5GiB
objective_burnell: CPU: 99.93%, Memory: 2.99GiB / 503.5GiB
objective_burnell: CPU: 100.05%, Memory: 2.99GiB / 503.5GiB
objective_burnell: CPU: 100.08%, Memory: 2.99GiB / 503.5GiB
objective_burnell: CPU: 99.96%, Memory: 2.99GiB / 503.5GiB
objective_burnell: CPU: 99.68%, Memory: 2.99GiB / 503.5GiB
objective_burnell: CPU: 100.08%, Memory: 2.99GiB / 503.5GiB
objective_burnell: CPU: 99.74%, Memory: 2.99GiB / 503.5GiB
objective_burnell: CPU: 99.65%, Memory: 2.99GiB / 503.5GiB
objective_burnell: CPU: 100.08%, Memory: 2.99GiB / 503.5GiB
objective_burnell: CPU: 100.12%, Memory: 2.99GiB / 503.5GiB
objective_burnell: CPU: 99.72%, Memory: 2.99GiB / 503.5GiB
objective_burnell: CPU: 100.08%, Memory: 2.99GiB / 503.5GiB
objective_burnell: CPU: 99.62%, Memory: 2.99GiB / 503.5GiB
objective_burnell: CPU: 100.15%, Memory: 2.99GiB / 503.5GiB
objective_burnell: CPU: 100.08%, Memory: 2.99GiB / 503.5GiB
objective_burnell: CPU: 100.11%, Memory: 2.99GiB / 503.5GiB
objective_burnell: CPU: 99.96%, Memory: 2.99GiB / 503.5GiB
objective_burnell: CPU: 100.11%, Memory: 2.99GiB / 503.5GiB
objective_burnell: CPU: 100.11%, Memory: 5.976GiB / 503.5GiB
objective_burnell: CPU: 100.11%, Memory: 7.234GiB / 503.5GiB
objective_burnell: CPU: 100.11%, Memory: 8.574GiB / 503.5GiB
objective_burnell: CPU: 3084.75%, Memory: 9.04GiB / 503.5GiB
objective_burnell: CPU: 3184.57%, Memory: 9.039GiB / 503.5GiB
objective_burnell: CPU: 3214.19%, Memory: 9.039GiB / 503.5GiB
objective_burnell: CPU: 100.06%, Memory: 9.039GiB / 503.5GiB
objective_burnell: CPU: 100.06%, Memory: 9.039GiB / 503.5GiB
objective_burnell: CPU: 100.09%, Memory: 6.96GiB / 503.5GiB
objective_burnell: CPU: 100.09%, Memory: 8.292GiB / 503.5GiB
objective_burnell: CPU: 3186.63%, Memory: 9.039GiB / 503.5GiB
objective_burnell: CPU: 3192.97%, Memory: 9.039GiB / 503.5GiB
objective_burnell: CPU: 3188.07%, Memory: 9.042GiB / 503.5GiB
objective_burnell: CPU: 3192.62%, Memory: 9.043GiB / 503.5GiB
objective_burnell: CPU: 3204.58%, Memory: 9.044GiB / 503.5GiB
objective_burnell: CPU: 3195.19%, Memory: 9.044GiB / 503.5GiB
objective_burnell: CPU: 3156.42%, Memory: 9.045GiB / 503.5GiB
objective_burnell: CPU: 3088.93%, Memory: 9.045GiB / 503.5GiB
objective_burnell: CPU: 3133.39%, Memory: 9.046GiB / 503.5GiB
objective_burnell: CPU: 3094.57%, Memory: 9.046GiB / 503.5GiB
objective_burnell: CPU: 3136.32%, Memory: 9.046GiB / 503.5GiB
objective_burnell: CPU: 3205.78%, Memory: 9.047GiB / 503.5GiB
objective_burnell: CPU: 3211.32%, Memory: 9.047GiB / 503.5GiB
objective_burnell: CPU: 3192.39%, Memory: 9.048GiB / 503.5GiB
objective_burnell: CPU: 3195.06%, Memory: 9.048GiB / 503.5GiB
objective_burnell: CPU: 3192.17%, Memory: 9.048GiB / 503.5GiB
objective_burnell: CPU: 3194.18%, Memory: 9.048GiB / 503.5GiB
objective_burnell: CPU: 100.12%, Memory: 9.048GiB / 503.5GiB
objective_burnell: CPU: 100.12%, Memory: 9.048GiB / 503.5GiB
objective_burnell: CPU: 99.69%, Memory: 8.207GiB / 503.5GiB
objective_burnell: CPU: 3197.16%, Memory: 9.04GiB / 503.5GiB
objective_burnell: CPU: 3172.98%, Memory: 9.04GiB / 503.5GiB
objective_burnell: CPU: 3095.92%, Memory: 9.039GiB / 503.5GiB
objective_burnell: CPU: 3168.76%, Memory: 9.039GiB / 503.5GiB
objective_burnell: CPU: 3093.74%, Memory: 9.039GiB / 503.5GiB
objective_burnell: CPU: 3136.29%, Memory: 9.039GiB / 503.5GiB
objective_burnell: CPU: 3168.67%, Memory: 9.039GiB / 503.5GiB
objective_burnell: CPU: 100.15%, Memory: 9.039GiB / 503.5GiB
competent_einstein: CPU: 144.68%, Memory: 1.175GiB / 503.5GiB
competent_einstein: CPU: 100.24%, Memory: 2.99GiB / 503.5GiB
competent_einstein: CPU: 100.15%, Memory: 2.99GiB / 503.5GiB
competent_einstein: CPU: 100.12%, Memory: 2.99GiB / 503.5GiB
competent_einstein: CPU: 100.06%, Memory: 2.99GiB / 503.5GiB
competent_einstein: CPU: 100.05%, Memory: 2.99GiB / 503.5GiB
competent_einstein: CPU: 100.15%, Memory: 2.99GiB / 503.5GiB
competent_einstein: CPU: 100.09%, Memory: 2.99GiB / 503.5GiB
competent_einstein: CPU: 100.18%, Memory: 2.99GiB / 503.5GiB
competent_einstein: CPU: 100.15%, Memory: 2.99GiB / 503.5GiB
competent_einstein: CPU: 100.05%, Memory: 2.99GiB / 503.5GiB
competent_einstein: CPU: 99.75%, Memory: 2.99GiB / 503.5GiB
competent_einstein: CPU: 100.09%, Memory: 2.99GiB / 503.5GiB
competent_einstein: CPU: 100.05%, Memory: 2.99GiB / 503.5GiB
competent_einstein: CPU: 100.18%, Memory: 2.99GiB / 503.5GiB
competent_einstein: CPU: 100.18%, Memory: 2.99GiB / 503.5GiB
competent_einstein: CPU: 100.14%, Memory: 2.99GiB / 503.5GiB
competent_einstein: CPU: 100.09%, Memory: 2.99GiB / 503.5GiB
competent_einstein: CPU: 100.09%, Memory: 2.99GiB / 503.5GiB
competent_einstein: CPU: 100.18%, Memory: 2.99GiB / 503.5GiB
competent_einstein: CPU: 100.11%, Memory: 2.99GiB / 503.5GiB
competent_einstein: CPU: 100.08%, Memory: 2.99GiB / 503.5GiB
competent_einstein: CPU: 100.18%, Memory: 4.17GiB / 503.5GiB
competent_einstein: CPU: 100.09%, Memory: 6.635GiB / 503.5GiB
competent_einstein: CPU: 100.08%, Memory: 7.966GiB / 503.5GiB
competent_einstein: CPU: 2012.35%, Memory: 8.974GiB / 503.5GiB
competent_einstein: CPU: 3169.16%, Memory: 9.039GiB / 503.5GiB
competent_einstein: CPU: 3196.58%, Memory: 9.039GiB / 503.5GiB
competent_einstein: CPU: 100.08%, Memory: 9.039GiB / 503.5GiB
competent_einstein: CPU: 100.15%, Memory: 9.039GiB / 503.5GiB
competent_einstein: CPU: 100.12%, Memory: 6.836GiB / 503.5GiB
competent_einstein: CPU: 99.72%, Memory: 8.178GiB / 503.5GiB
competent_einstein: CPU: 2906.49%, Memory: 9.039GiB / 503.5GiB
competent_einstein: CPU: 3194.82%, Memory: 9.039GiB / 503.5GiB
competent_einstein: CPU: 3196.47%, Memory: 9.041GiB / 503.5GiB
competent_einstein: CPU: 3195.13%, Memory: 9.042GiB / 503.5GiB
competent_einstein: CPU: 3192.34%, Memory: 9.043GiB / 503.5GiB
competent_einstein: CPU: 3191.42%, Memory: 9.044GiB / 503.5GiB
competent_einstein: CPU: 3104.65%, Memory: 9.044GiB / 503.5GiB
competent_einstein: CPU: 3165.47%, Memory: 9.045GiB / 503.5GiB
competent_einstein: CPU: 3104.76%, Memory: 9.045GiB / 503.5GiB
competent_einstein: CPU: 3146.50%, Memory: 9.046GiB / 503.5GiB
competent_einstein: CPU: 3202.46%, Memory: 9.046GiB / 503.5GiB
competent_einstein: CPU: 3191.94%, Memory: 9.046GiB / 503.5GiB
competent_einstein: CPU: 3192.84%, Memory: 9.047GiB / 503.5GiB
competent_einstein: CPU: 3196.14%, Memory: 9.047GiB / 503.5GiB
competent_einstein: CPU: 3191.18%, Memory: 9.048GiB / 503.5GiB
competent_einstein: CPU: 3204.17%, Memory: 9.048GiB / 503.5GiB
competent_einstein: CPU: 3190.65%, Memory: 9.048GiB / 503.5GiB
competent_einstein: CPU: 3197.43%, Memory: 9.048GiB / 503.5GiB
competent_einstein: CPU: 100.21%, Memory: 9.048GiB / 503.5GiB
competent_einstein: CPU: 99.65%, Memory: 9.048GiB / 503.5GiB
competent_einstein: CPU: 100.15%, Memory: 7.346GiB / 503.5GiB
competent_einstein: CPU: 3101.98%, Memory: 9.039GiB / 503.5GiB
competent_einstein: CPU: 3031.98%, Memory: 9.039GiB / 503.5GiB
competent_einstein: CPU: 3109.88%, Memory: 9.039GiB / 503.5GiB
competent_einstein: CPU: 3103.63%, Memory: 9.039GiB / 503.5GiB
competent_einstein: CPU: 3131.44%, Memory: 9.039GiB / 503.5GiB
competent_einstein: CPU: 3189.86%, Memory: 9.039GiB / 503.5GiB
competent_einstein: CPU: 3193.53%, Memory: 9.039GiB / 503.5GiB
competent_einstein: CPU: 99.72%, Memory: 9.039GiB / 503.5GiB
elated_khayyam: CPU: 100.45%, Memory: 1.432GiB / 503.5GiB
elated_khayyam: CPU: 100.24%, Memory: 2.99GiB / 503.5GiB
elated_khayyam: CPU: 100.09%, Memory: 2.99GiB / 503.5GiB
elated_khayyam: CPU: 99.66%, Memory: 2.99GiB / 503.5GiB
elated_khayyam: CPU: 100.15%, Memory: 2.99GiB / 503.5GiB
elated_khayyam: CPU: 100.11%, Memory: 2.99GiB / 503.5GiB
elated_khayyam: CPU: 100.06%, Memory: 2.99GiB / 503.5GiB
elated_khayyam: CPU: 100.15%, Memory: 2.99GiB / 503.5GiB
elated_khayyam: CPU: 100.09%, Memory: 2.99GiB / 503.5GiB
elated_khayyam: CPU: 100.12%, Memory: 2.99GiB / 503.5GiB
elated_khayyam: CPU: 100.09%, Memory: 2.99GiB / 503.5GiB
elated_khayyam: CPU: 100.15%, Memory: 2.99GiB / 503.5GiB
elated_khayyam: CPU: 99.69%, Memory: 2.99GiB / 503.5GiB
elated_khayyam: CPU: 99.99%, Memory: 2.99GiB / 503.5GiB
elated_khayyam: CPU: 100.09%, Memory: 2.99GiB / 503.5GiB
elated_khayyam: CPU: 100.18%, Memory: 2.99GiB / 503.5GiB
elated_khayyam: CPU: 100.15%, Memory: 2.99GiB / 503.5GiB
elated_khayyam: CPU: 99.66%, Memory: 2.99GiB / 503.5GiB
elated_khayyam: CPU: 99.66%, Memory: 2.99GiB / 503.5GiB
elated_khayyam: CPU: 100.09%, Memory: 2.99GiB / 503.5GiB
elated_khayyam: CPU: 100.15%, Memory: 2.99GiB / 503.5GiB
elated_khayyam: CPU: 99.56%, Memory: 2.99GiB / 503.5GiB
elated_khayyam: CPU: 100.09%, Memory: 6.059GiB / 503.5GiB
elated_khayyam: CPU: 100.21%, Memory: 7.336GiB / 503.5GiB
elated_khayyam: CPU: 100.05%, Memory: 8.615GiB / 503.5GiB
elated_khayyam: CPU: 3196.45%, Memory: 9.04GiB / 503.5GiB
elated_khayyam: CPU: 3201.89%, Memory: 9.039GiB / 503.5GiB
elated_khayyam: CPU: 99.66%, Memory: 9.039GiB / 503.5GiB
elated_khayyam: CPU: 99.75%, Memory: 9.039GiB / 503.5GiB
elated_khayyam: CPU: 100.12%, Memory: 6.597GiB / 503.5GiB
elated_khayyam: CPU: 100.09%, Memory: 7.878GiB / 503.5GiB
elated_khayyam: CPU: 806.11%, Memory: 9.039GiB / 503.5GiB
elated_khayyam: CPU: 3186.77%, Memory: 9.039GiB / 503.5GiB
elated_khayyam: CPU: 3198.11%, Memory: 9.041GiB / 503.5GiB
elated_khayyam: CPU: 3194.19%, Memory: 9.043GiB / 503.5GiB
elated_khayyam: CPU: 3165.63%, Memory: 9.044GiB / 503.5GiB
elated_khayyam: CPU: 3102.46%, Memory: 9.044GiB / 503.5GiB
elated_khayyam: CPU: 3136.89%, Memory: 9.045GiB / 503.5GiB
elated_khayyam: CPU: 3095.34%, Memory: 9.045GiB / 503.5GiB
elated_khayyam: CPU: 3172.49%, Memory: 9.045GiB / 503.5GiB
elated_khayyam: CPU: 3194.75%, Memory: 9.046GiB / 503.5GiB
elated_khayyam: CPU: 3195.59%, Memory: 9.046GiB / 503.5GiB
elated_khayyam: CPU: 3208.87%, Memory: 9.047GiB / 503.5GiB
elated_khayyam: CPU: 3195.01%, Memory: 9.047GiB / 503.5GiB
elated_khayyam: CPU: 3192.33%, Memory: 9.047GiB / 503.5GiB
elated_khayyam: CPU: 3193.89%, Memory: 9.048GiB / 503.5GiB
elated_khayyam: CPU: 3197.76%, Memory: 9.048GiB / 503.5GiB
elated_khayyam: CPU: 3196.14%, Memory: 9.048GiB / 503.5GiB
elated_khayyam: CPU: 2668.07%, Memory: 9.048GiB / 503.5GiB
elated_khayyam: CPU: 100.12%, Memory: 9.048GiB / 503.5GiB
elated_khayyam: CPU: 100.09%, Memory: 9.048GiB / 503.5GiB
elated_khayyam: CPU: 100.03%, Memory: 8.863GiB / 503.5GiB
elated_khayyam: CPU: 3118.37%, Memory: 9.039GiB / 503.5GiB
elated_khayyam: CPU: 3089.69%, Memory: 9.039GiB / 503.5GiB
elated_khayyam: CPU: 3169.83%, Memory: 9.039GiB / 503.5GiB
elated_khayyam: CPU: 3198.88%, Memory: 9.039GiB / 503.5GiB
elated_khayyam: CPU: 3198.17%, Memory: 9.039GiB / 503.5GiB
elated_khayyam: CPU: 3199.05%, Memory: 9.039GiB / 503.5GiB
elated_khayyam: CPU: 243.77%, Memory: 9.039GiB / 503.5GiB
jolly_northcutt: CPU: 100.18%, Memory: 1.373GiB / 503.5GiB
jolly_northcutt: CPU: 100.21%, Memory: 2.99GiB / 503.5GiB
jolly_northcutt: CPU: 100.15%, Memory: 2.99GiB / 503.5GiB
jolly_northcutt: CPU: 100.18%, Memory: 2.99GiB / 503.5GiB
jolly_northcutt: CPU: 99.72%, Memory: 2.99GiB / 503.5GiB
jolly_northcutt: CPU: 99.75%, Memory: 2.99GiB / 503.5GiB
jolly_northcutt: CPU: 99.75%, Memory: 2.99GiB / 503.5GiB
jolly_northcutt: CPU: 99.99%, Memory: 2.99GiB / 503.5GiB
jolly_northcutt: CPU: 100.15%, Memory: 2.99GiB / 503.5GiB
jolly_northcutt: CPU: 100.05%, Memory: 2.99GiB / 503.5GiB
jolly_northcutt: CPU: 100.06%, Memory: 2.99GiB / 503.5GiB
jolly_northcutt: CPU: 100.09%, Memory: 2.99GiB / 503.5GiB
jolly_northcutt: CPU: 100.21%, Memory: 2.99GiB / 503.5GiB
jolly_northcutt: CPU: 100.15%, Memory: 2.99GiB / 503.5GiB
jolly_northcutt: CPU: 100.09%, Memory: 2.99GiB / 503.5GiB
jolly_northcutt: CPU: 100.05%, Memory: 2.99GiB / 503.5GiB
jolly_northcutt: CPU: 99.72%, Memory: 2.99GiB / 503.5GiB
jolly_northcutt: CPU: 100.15%, Memory: 2.99GiB / 503.5GiB
jolly_northcutt: CPU: 100.08%, Memory: 2.99GiB / 503.5GiB
jolly_northcutt: CPU: 100.15%, Memory: 2.99GiB / 503.5GiB
jolly_northcutt: CPU: 100.15%, Memory: 2.99GiB / 503.5GiB
jolly_northcutt: CPU: 99.69%, Memory: 2.99GiB / 503.5GiB
jolly_northcutt: CPU: 100.08%, Memory: 6.065GiB / 503.5GiB
jolly_northcutt: CPU: 100.05%, Memory: 7.381GiB / 503.5GiB
jolly_northcutt: CPU: 99.72%, Memory: 8.7GiB / 503.5GiB
jolly_northcutt: CPU: 3197.10%, Memory: 9.039GiB / 503.5GiB
jolly_northcutt: CPU: 3195.47%, Memory: 9.039GiB / 503.5GiB
jolly_northcutt: CPU: 100.18%, Memory: 9.039GiB / 503.5GiB
jolly_northcutt: CPU: 100.12%, Memory: 9.038GiB / 503.5GiB
jolly_northcutt: CPU: 100.11%, Memory: 6.728GiB / 503.5GiB
jolly_northcutt: CPU: 100.15%, Memory: 8.031GiB / 503.5GiB
jolly_northcutt: CPU: 1861.27%, Memory: 9.039GiB / 503.5GiB
jolly_northcutt: CPU: 3207.76%, Memory: 9.039GiB / 503.5GiB
jolly_northcutt: CPU: 3193.74%, Memory: 9.041GiB / 503.5GiB
jolly_northcutt: CPU: 3190.49%, Memory: 9.042GiB / 503.5GiB
jolly_northcutt: CPU: 3096.45%, Memory: 9.043GiB / 503.5GiB
jolly_northcutt: CPU: 3092.40%, Memory: 9.044GiB / 503.5GiB
jolly_northcutt: CPU: 3105.53%, Memory: 9.044GiB / 503.5GiB
jolly_northcutt: CPU: 3107.31%, Memory: 9.045GiB / 503.5GiB
jolly_northcutt: CPU: 3144.71%, Memory: 9.045GiB / 503.5GiB
jolly_northcutt: CPU: 3193.77%, Memory: 9.046GiB / 503.5GiB
jolly_northcutt: CPU: 3192.43%, Memory: 9.046GiB / 503.5GiB
jolly_northcutt: CPU: 3193.28%, Memory: 9.047GiB / 503.5GiB
jolly_northcutt: CPU: 3192.95%, Memory: 9.047GiB / 503.5GiB
jolly_northcutt: CPU: 3190.51%, Memory: 9.048GiB / 503.5GiB
jolly_northcutt: CPU: 3207.01%, Memory: 9.048GiB / 503.5GiB
jolly_northcutt: CPU: 3186.40%, Memory: 9.048GiB / 503.5GiB
jolly_northcutt: CPU: 2164.08%, Memory: 9.048GiB / 503.5GiB
jolly_northcutt: CPU: 100.06%, Memory: 9.048GiB / 503.5GiB
jolly_northcutt: CPU: 100.18%, Memory: 6.186GiB / 503.5GiB
jolly_northcutt: CPU: 377.39%, Memory: 9.04GiB / 503.5GiB
jolly_northcutt: CPU: 3087.37%, Memory: 9.039GiB / 503.5GiB
jolly_northcutt: CPU: 3168.31%, Memory: 9.039GiB / 503.5GiB
jolly_northcutt: CPU: 3097.96%, Memory: 9.039GiB / 503.5GiB
jolly_northcutt: CPU: 3098.11%, Memory: 9.039GiB / 503.5GiB
jolly_northcutt: CPU: 3148.83%, Memory: 9.039GiB / 503.5GiB
jolly_northcutt: CPU: 3185.59%, Memory: 9.039GiB / 503.5GiB
jolly_northcutt: CPU: 1314.70%, Memory: 9.039GiB / 503.5GiB
bold_chaplygin: CPU: 171.89%, Memory: 1.162GiB / 503.5GiB
bold_chaplygin: CPU: 100.21%, Memory: 2.99GiB / 503.5GiB
bold_chaplygin: CPU: 100.18%, Memory: 2.99GiB / 503.5GiB
bold_chaplygin: CPU: 100.15%, Memory: 2.99GiB / 503.5GiB
bold_chaplygin: CPU: 100.09%, Memory: 2.99GiB / 503.5GiB
bold_chaplygin: CPU: 100.18%, Memory: 2.99GiB / 503.5GiB
bold_chaplygin: CPU: 99.62%, Memory: 2.99GiB / 503.5GiB
bold_chaplygin: CPU: 100.05%, Memory: 2.99GiB / 503.5GiB
bold_chaplygin: CPU: 99.93%, Memory: 2.99GiB / 503.5GiB
bold_chaplygin: CPU: 100.15%, Memory: 2.99GiB / 503.5GiB
bold_chaplygin: CPU: 99.72%, Memory: 2.99GiB / 503.5GiB
bold_chaplygin: CPU: 99.69%, Memory: 2.99GiB / 503.5GiB
bold_chaplygin: CPU: 100.15%, Memory: 2.99GiB / 503.5GiB
bold_chaplygin: CPU: 100.05%, Memory: 2.99GiB / 503.5GiB
bold_chaplygin: CPU: 100.15%, Memory: 2.99GiB / 503.5GiB
bold_chaplygin: CPU: 100.12%, Memory: 2.99GiB / 503.5GiB
bold_chaplygin: CPU: 99.69%, Memory: 2.99GiB / 503.5GiB
bold_chaplygin: CPU: 99.62%, Memory: 2.99GiB / 503.5GiB
bold_chaplygin: CPU: 100.09%, Memory: 2.99GiB / 503.5GiB
bold_chaplygin: CPU: 100.09%, Memory: 2.99GiB / 503.5GiB
bold_chaplygin: CPU: 100.06%, Memory: 2.99GiB / 503.5GiB
bold_chaplygin: CPU: 100.12%, Memory: 2.99GiB / 503.5GiB
bold_chaplygin: CPU: 100.02%, Memory: 5.976GiB / 503.5GiB
bold_chaplygin: CPU: 100.08%, Memory: 7.203GiB / 503.5GiB
bold_chaplygin: CPU: 100.18%, Memory: 8.484GiB / 503.5GiB
bold_chaplygin: CPU: 3196.52%, Memory: 9.039GiB / 503.5GiB
bold_chaplygin: CPU: 3206.07%, Memory: 9.039GiB / 503.5GiB
bold_chaplygin: CPU: 596.23%, Memory: 9.039GiB / 503.5GiB
bold_chaplygin: CPU: 100.14%, Memory: 9.039GiB / 503.5GiB
bold_chaplygin: CPU: 100.09%, Memory: 6.351GiB / 503.5GiB
bold_chaplygin: CPU: 100.02%, Memory: 7.639GiB / 503.5GiB
bold_chaplygin: CPU: 100.08%, Memory: 8.921GiB / 503.5GiB
bold_chaplygin: CPU: 3186.61%, Memory: 9.039GiB / 503.5GiB
bold_chaplygin: CPU: 3193.21%, Memory: 9.041GiB / 503.5GiB
bold_chaplygin: CPU: 3209.17%, Memory: 9.042GiB / 503.5GiB
bold_chaplygin: CPU: 3194.09%, Memory: 9.043GiB / 503.5GiB
bold_chaplygin: CPU: 3092.05%, Memory: 9.044GiB / 503.5GiB
bold_chaplygin: CPU: 3120.94%, Memory: 9.044GiB / 503.5GiB
bold_chaplygin: CPU: 3104.04%, Memory: 9.045GiB / 503.5GiB
bold_chaplygin: CPU: 3104.19%, Memory: 9.045GiB / 503.5GiB
bold_chaplygin: CPU: 3167.32%, Memory: 9.046GiB / 503.5GiB
bold_chaplygin: CPU: 3192.71%, Memory: 9.046GiB / 503.5GiB
bold_chaplygin: CPU: 3197.90%, Memory: 9.046GiB / 503.5GiB
bold_chaplygin: CPU: 3151.53%, Memory: 9.047GiB / 503.5GiB
bold_chaplygin: CPU: 3207.04%, Memory: 9.047GiB / 503.5GiB
bold_chaplygin: CPU: 3187.08%, Memory: 9.048GiB / 503.5GiB
bold_chaplygin: CPU: 3202.14%, Memory: 9.048GiB / 503.5GiB
bold_chaplygin: CPU: 3204.26%, Memory: 9.048GiB / 503.5GiB
bold_chaplygin: CPU: 100.15%, Memory: 9.048GiB / 503.5GiB
bold_chaplygin: CPU: 100.09%, Memory: 9.048GiB / 503.5GiB
bold_chaplygin: CPU: 99.75%, Memory: 7.042GiB / 503.5GiB
bold_chaplygin: CPU: 2693.51%, Memory: 9.04GiB / 503.5GiB
bold_chaplygin: CPU: 3061.88%, Memory: 9.039GiB / 503.5GiB
bold_chaplygin: CPU: 3136.04%, Memory: 9.039GiB / 503.5GiB
bold_chaplygin: CPU: 3089.95%, Memory: 9.039GiB / 503.5GiB
bold_chaplygin: CPU: 3159.81%, Memory: 9.039GiB / 503.5GiB
bold_chaplygin: CPU: 3197.27%, Memory: 9.039GiB / 503.5GiB
bold_chaplygin: CPU: 3199.21%, Memory: 9.039GiB / 503.5GiB
bold_chaplygin: CPU: 287.14%, Memory: 9.039GiB / 503.5GiB
