beautiful_hamilton: CPU: 100.05%, Memory: 768.7MiB / 503.5GiB
beautiful_hamilton: CPU: 100.27%, Memory: 768.4MiB / 503.5GiB
beautiful_hamilton: CPU: 99.68%, Memory: 768.4MiB / 503.5GiB
beautiful_hamilton: CPU: 100.11%, Memory: 768.4MiB / 503.5GiB
beautiful_hamilton: CPU: 100.11%, Memory: 768.4MiB / 503.5GiB
beautiful_hamilton: CPU: 100.12%, Memory: 875.9MiB / 503.5GiB
beautiful_hamilton: CPU: 3046.96%, Memory: 2.265GiB / 503.5GiB
beautiful_hamilton: CPU: 3197.19%, Memory: 2.269GiB / 503.5GiB
beautiful_hamilton: CPU: 3080.08%, Memory: 2.276GiB / 503.5GiB
beautiful_hamilton: CPU: 99.61%, Memory: 2.079GiB / 503.5GiB
beautiful_hamilton: CPU: 2155.53%, Memory: 3.449GiB / 503.5GiB
beautiful_hamilton: CPU: 100.12%, Memory: 2.857GiB / 503.5GiB
beautiful_hamilton: CPU: 3206.83%, Memory: 3.786GiB / 503.5GiB
beautiful_hamilton: CPU: 3193.28%, Memory: 3.785GiB / 503.5GiB
beautiful_hamilton: CPU: 3198.67%, Memory: 3.785GiB / 503.5GiB
beautiful_hamilton: CPU: 3204.45%, Memory: 3.785GiB / 503.5GiB
beautiful_hamilton: CPU: 3202.08%, Memory: 3.785GiB / 503.5GiB
beautiful_hamilton: CPU: 1664.81%, Memory: 3.038GiB / 503.5GiB
affectionate_jang: CPU: 160.20%, Memory: 768.6MiB / 503.5GiB
affectionate_jang: CPU: 100.18%, Memory: 768.5MiB / 503.5GiB
affectionate_jang: CPU: 100.15%, Memory: 768.5MiB / 503.5GiB
affectionate_jang: CPU: 100.18%, Memory: 768.5MiB / 503.5GiB
affectionate_jang: CPU: 100.15%, Memory: 768.5MiB / 503.5GiB
affectionate_jang: CPU: 100.15%, Memory: 768.5MiB / 503.5GiB
affectionate_jang: CPU: 2685.59%, Memory: 2.265GiB / 503.5GiB
affectionate_jang: CPU: 3104.40%, Memory: 2.268GiB / 503.5GiB
affectionate_jang: CPU: 3191.49%, Memory: 2.276GiB / 503.5GiB
affectionate_jang: CPU: 100.04%, Memory: 2.262GiB / 503.5GiB
affectionate_jang: CPU: 2747.50%, Memory: 3.449GiB / 503.5GiB
affectionate_jang: CPU: 100.12%, Memory: 3.013GiB / 503.5GiB
affectionate_jang: CPU: 3188.30%, Memory: 3.786GiB / 503.5GiB
affectionate_jang: CPU: 3193.73%, Memory: 3.785GiB / 503.5GiB
affectionate_jang: CPU: 3207.81%, Memory: 3.785GiB / 503.5GiB
affectionate_jang: CPU: 3206.23%, Memory: 3.785GiB / 503.5GiB
affectionate_jang: CPU: 3192.17%, Memory: 3.785GiB / 503.5GiB
affectionate_jang: CPU: 2663.91%, Memory: 3.038GiB / 503.5GiB
upbeat_lichterman: CPU: 100.61%, Memory: 768.7MiB / 503.5GiB
upbeat_lichterman: CPU: 100.15%, Memory: 768.4MiB / 503.5GiB
upbeat_lichterman: CPU: 99.47%, Memory: 768.4MiB / 503.5GiB
upbeat_lichterman: CPU: 99.63%, Memory: 768.4MiB / 503.5GiB
upbeat_lichterman: CPU: 100.02%, Memory: 768.4MiB / 503.5GiB
upbeat_lichterman: CPU: 100.06%, Memory: 839.3MiB / 503.5GiB
upbeat_lichterman: CPU: 2962.28%, Memory: 2.265GiB / 503.5GiB
upbeat_lichterman: CPU: 3204.76%, Memory: 2.269GiB / 503.5GiB
upbeat_lichterman: CPU: 3201.43%, Memory: 2.279GiB / 503.5GiB
upbeat_lichterman: CPU: 100.12%, Memory: 2.761GiB / 503.5GiB
upbeat_lichterman: CPU: 880.68%, Memory: 3.448GiB / 503.5GiB
upbeat_lichterman: CPU: 100.05%, Memory: 3.728GiB / 503.5GiB
upbeat_lichterman: CPU: 3205.08%, Memory: 3.786GiB / 503.5GiB
upbeat_lichterman: CPU: 3211.41%, Memory: 3.786GiB / 503.5GiB
upbeat_lichterman: CPU: 3191.09%, Memory: 3.785GiB / 503.5GiB
upbeat_lichterman: CPU: 3091.90%, Memory: 3.785GiB / 503.5GiB
upbeat_lichterman: CPU: 3092.99%, Memory: 3.785GiB / 503.5GiB
upbeat_lichterman: CPU: 2291.45%, Memory: 3.039GiB / 503.5GiB
focused_galois: CPU: 100.08%, Memory: 768.4MiB / 503.5GiB
focused_galois: CPU: 100.06%, Memory: 768.4MiB / 503.5GiB
focused_galois: CPU: 100.02%, Memory: 768.4MiB / 503.5GiB
focused_galois: CPU: 100.02%, Memory: 768.4MiB / 503.5GiB
focused_galois: CPU: 100.08%, Memory: 768.4MiB / 503.5GiB
focused_galois: CPU: 100.15%, Memory: 1.549GiB / 503.5GiB
focused_galois: CPU: 3194.12%, Memory: 2.267GiB / 503.5GiB
focused_galois: CPU: 3179.08%, Memory: 2.269GiB / 503.5GiB
focused_galois: CPU: 2898.85%, Memory: 2.281GiB / 503.5GiB
focused_galois: CPU: 100.24%, Memory: 2.978GiB / 503.5GiB
focused_galois: CPU: 597.75%, Memory: 3.448GiB / 503.5GiB
focused_galois: CPU: 100.88%, Memory: 3.784GiB / 503.5GiB
focused_galois: CPU: 3091.39%, Memory: 3.785GiB / 503.5GiB
focused_galois: CPU: 3173.30%, Memory: 3.786GiB / 503.5GiB
focused_galois: CPU: 3091.72%, Memory: 3.786GiB / 503.5GiB
focused_galois: CPU: 3132.70%, Memory: 3.786GiB / 503.5GiB
focused_galois: CPU: 2827.26%, Memory: 3.785GiB / 503.5GiB
focused_galois: CPU: 3172.55%, Memory: 3.038GiB / 503.5GiB
gallant_buck: CPU: 100.15%, Memory: 768.5MiB / 503.5GiB
gallant_buck: CPU: 99.78%, Memory: 768.4MiB / 503.5GiB
gallant_buck: CPU: 100.18%, Memory: 768.4MiB / 503.5GiB
gallant_buck: CPU: 100.21%, Memory: 768.4MiB / 503.5GiB
gallant_buck: CPU: 100.09%, Memory: 768.4MiB / 503.5GiB
gallant_buck: CPU: 100.15%, Memory: 882.1MiB / 503.5GiB
gallant_buck: CPU: 3016.12%, Memory: 2.265GiB / 503.5GiB
gallant_buck: CPU: 3190.57%, Memory: 2.269GiB / 503.5GiB
gallant_buck: CPU: 3194.91%, Memory: 2.277GiB / 503.5GiB
gallant_buck: CPU: 100.12%, Memory: 2.693GiB / 503.5GiB
gallant_buck: CPU: 1616.19%, Memory: 3.448GiB / 503.5GiB
gallant_buck: CPU: 100.03%, Memory: 3.477GiB / 503.5GiB
gallant_buck: CPU: 3191.65%, Memory: 3.786GiB / 503.5GiB
gallant_buck: CPU: 3178.29%, Memory: 3.786GiB / 503.5GiB
gallant_buck: CPU: 3190.78%, Memory: 3.785GiB / 503.5GiB
gallant_buck: CPU: 3194.20%, Memory: 3.785GiB / 503.5GiB
gallant_buck: CPU: 100.21%, Memory: 2.909GiB / 503.5GiB
gallant_buck: CPU: 3183.14%, Memory: 3.037GiB / 503.5GiB
zealous_wiles: CPU: 143.02%, Memory: 768.8MiB / 503.5GiB
zealous_wiles: CPU: 100.00%, Memory: 768.4MiB / 503.5GiB
zealous_wiles: CPU: 100.15%, Memory: 768.4MiB / 503.5GiB
zealous_wiles: CPU: 100.12%, Memory: 768.4MiB / 503.5GiB
zealous_wiles: CPU: 100.03%, Memory: 768.4MiB / 503.5GiB
zealous_wiles: CPU: 100.06%, Memory: 768.4MiB / 503.5GiB
zealous_wiles: CPU: 2478.55%, Memory: 2.266GiB / 503.5GiB
zealous_wiles: CPU: 3076.40%, Memory: 2.267GiB / 503.5GiB
zealous_wiles: CPU: 3184.37%, Memory: 2.273GiB / 503.5GiB
zealous_wiles: CPU: 1032.50%, Memory: 2.28GiB / 503.5GiB
zealous_wiles: CPU: 99.75%, Memory: 3.371GiB / 503.5GiB
zealous_wiles: CPU: 100.12%, Memory: 2.355GiB / 503.5GiB
zealous_wiles: CPU: 1216.59%, Memory: 3.786GiB / 503.5GiB
zealous_wiles: CPU: 3192.76%, Memory: 3.786GiB / 503.5GiB
zealous_wiles: CPU: 3192.03%, Memory: 3.785GiB / 503.5GiB
zealous_wiles: CPU: 3192.55%, Memory: 3.785GiB / 503.5GiB
zealous_wiles: CPU: 3187.62%, Memory: 3.785GiB / 503.5GiB
zealous_wiles: CPU: 102.75%, Memory: 3.12GiB / 503.5GiB
zealous_wiles: CPU: 3183.02%, Memory: 3.037GiB / 503.5GiB
xenodochial_mclean: CPU: 105.60%, Memory: 768.5MiB / 503.5GiB
xenodochial_mclean: CPU: 100.20%, Memory: 768.4MiB / 503.5GiB
xenodochial_mclean: CPU: 100.20%, Memory: 768.4MiB / 503.5GiB
xenodochial_mclean: CPU: 100.11%, Memory: 768.4MiB / 503.5GiB
xenodochial_mclean: CPU: 99.66%, Memory: 768.4MiB / 503.5GiB
xenodochial_mclean: CPU: 100.05%, Memory: 768.4MiB / 503.5GiB
xenodochial_mclean: CPU: 1615.10%, Memory: 2.265GiB / 503.5GiB
xenodochial_mclean: CPU: 3190.85%, Memory: 2.269GiB / 503.5GiB
xenodochial_mclean: CPU: 3204.89%, Memory: 2.276GiB / 503.5GiB
xenodochial_mclean: CPU: 99.75%, Memory: 2.322GiB / 503.5GiB
xenodochial_mclean: CPU: 3076.48%, Memory: 3.449GiB / 503.5GiB
xenodochial_mclean: CPU: 100.11%, Memory: 3.071GiB / 503.5GiB
xenodochial_mclean: CPU: 3190.80%, Memory: 3.786GiB / 503.5GiB
xenodochial_mclean: CPU: 3191.46%, Memory: 3.785GiB / 503.5GiB
xenodochial_mclean: CPU: 3196.52%, Memory: 3.785GiB / 503.5GiB
xenodochial_mclean: CPU: 3193.61%, Memory: 3.786GiB / 503.5GiB
xenodochial_mclean: CPU: 2366.20%, Memory: 3.785GiB / 503.5GiB
xenodochial_mclean: CPU: 3127.35%, Memory: 3.037GiB / 503.5GiB
recursing_darwin: CPU: 100.58%, Memory: 768.6MiB / 503.5GiB
recursing_darwin: CPU: 99.90%, Memory: 768.5MiB / 503.5GiB
recursing_darwin: CPU: 100.12%, Memory: 768.5MiB / 503.5GiB
recursing_darwin: CPU: 100.12%, Memory: 768.5MiB / 503.5GiB
recursing_darwin: CPU: 100.11%, Memory: 768.5MiB / 503.5GiB
recursing_darwin: CPU: 100.08%, Memory: 1.038GiB / 503.5GiB
recursing_darwin: CPU: 3192.16%, Memory: 2.266GiB / 503.5GiB
recursing_darwin: CPU: 3191.27%, Memory: 2.269GiB / 503.5GiB
recursing_darwin: CPU: 3195.06%, Memory: 2.275GiB / 503.5GiB
recursing_darwin: CPU: 100.14%, Memory: 1.843GiB / 503.5GiB
recursing_darwin: CPU: 1611.83%, Memory: 3.449GiB / 503.5GiB
recursing_darwin: CPU: 100.08%, Memory: 2.771GiB / 503.5GiB
recursing_darwin: CPU: 3127.74%, Memory: 3.786GiB / 503.5GiB
recursing_darwin: CPU: 3096.16%, Memory: 3.785GiB / 503.5GiB
recursing_darwin: CPU: 3166.94%, Memory: 3.786GiB / 503.5GiB
recursing_darwin: CPU: 3107.34%, Memory: 3.786GiB / 503.5GiB
recursing_darwin: CPU: 3174.68%, Memory: 3.786GiB / 503.5GiB
recursing_darwin: CPU: 561.76%, Memory: 3.785GiB / 503.5GiB
recursing_darwin: CPU: 2842.28%, Memory: 3.037GiB / 503.5GiB
angry_hopper: CPU: 142.49%, Memory: 768.8MiB / 503.5GiB
angry_hopper: CPU: 100.34%, Memory: 768.4MiB / 503.5GiB
angry_hopper: CPU: 100.18%, Memory: 768.4MiB / 503.5GiB
angry_hopper: CPU: 99.96%, Memory: 768.4MiB / 503.5GiB
angry_hopper: CPU: 100.08%, Memory: 768.4MiB / 503.5GiB
angry_hopper: CPU: 100.45%, Memory: 768.4MiB / 503.5GiB
angry_hopper: CPU: 2717.74%, Memory: 2.266GiB / 503.5GiB
angry_hopper: CPU: 3190.82%, Memory: 2.269GiB / 503.5GiB
angry_hopper: CPU: 3193.70%, Memory: 2.276GiB / 503.5GiB
angry_hopper: CPU: 100.21%, Memory: 2.277GiB / 503.5GiB
angry_hopper: CPU: 2558.72%, Memory: 3.449GiB / 503.5GiB
angry_hopper: CPU: 100.18%, Memory: 2.955GiB / 503.5GiB
angry_hopper: CPU: 3208.70%, Memory: 3.785GiB / 503.5GiB
angry_hopper: CPU: 3190.78%, Memory: 3.785GiB / 503.5GiB
angry_hopper: CPU: 3205.11%, Memory: 3.785GiB / 503.5GiB
angry_hopper: CPU: 3206.10%, Memory: 3.785GiB / 503.5GiB
angry_hopper: CPU: 3190.15%, Memory: 3.785GiB / 503.5GiB
angry_hopper: CPU: 647.83%, Memory: 3.039GiB / 503.5GiB
eloquent_borg: CPU: 100.15%, Memory: 769.1MiB / 503.5GiB
eloquent_borg: CPU: 100.12%, Memory: 768.5MiB / 503.5GiB
eloquent_borg: CPU: 99.65%, Memory: 768.5MiB / 503.5GiB
eloquent_borg: CPU: 99.81%, Memory: 768.4MiB / 503.5GiB
eloquent_borg: CPU: 100.14%, Memory: 768.4MiB / 503.5GiB
eloquent_borg: CPU: 99.83%, Memory: 1.497GiB / 503.5GiB
eloquent_borg: CPU: 3090.04%, Memory: 2.266GiB / 503.5GiB
eloquent_borg: CPU: 3105.97%, Memory: 2.268GiB / 503.5GiB
eloquent_borg: CPU: 3144.69%, Memory: 2.275GiB / 503.5GiB
eloquent_borg: CPU: 100.15%, Memory: 1.952GiB / 503.5GiB
eloquent_borg: CPU: 1950.14%, Memory: 3.449GiB / 503.5GiB
eloquent_borg: CPU: 100.09%, Memory: 2.831GiB / 503.5GiB
eloquent_borg: CPU: 3191.70%, Memory: 3.786GiB / 503.5GiB
eloquent_borg: CPU: 3178.60%, Memory: 3.785GiB / 503.5GiB
eloquent_borg: CPU: 3191.34%, Memory: 3.785GiB / 503.5GiB
eloquent_borg: CPU: 3192.78%, Memory: 3.785GiB / 503.5GiB
eloquent_borg: CPU: 3198.00%, Memory: 3.785GiB / 503.5GiB
eloquent_borg: CPU: 626.27%, Memory: 3.038GiB / 503.5GiB
