nostalgic_gates: CPU: 100.30%, Memory: 768.9MiB / 503.5GiB
nostalgic_gates: CPU: 100.14%, Memory: 768.4MiB / 503.5GiB
nostalgic_gates: CPU: 98.71%, Memory: 768.4MiB / 503.5GiB
nostalgic_gates: CPU: 100.03%, Memory: 768.4MiB / 503.5GiB
nostalgic_gates: CPU: 100.12%, Memory: 768.4MiB / 503.5GiB
nostalgic_gates: CPU: 99.48%, Memory: 924.8MiB / 503.5GiB
nostalgic_gates: CPU: 3165.22%, Memory: 2.289GiB / 503.5GiB
nostalgic_gates: CPU: 212.87%, Memory: 2.3GiB / 503.5GiB
nostalgic_gates: CPU: 3194.86%, Memory: 2.302GiB / 503.5GiB
nostalgic_gates: CPU: 976.74%, Memory: 2.303GiB / 503.5GiB
nostalgic_gates: CPU: 3159.82%, Memory: 2.298GiB / 503.5GiB
great_varahamihira: CPU: 128.87%, Memory: 768.5MiB / 503.5GiB
great_varahamihira: CPU: 100.18%, Memory: 768.4MiB / 503.5GiB
great_varahamihira: CPU: 100.15%, Memory: 768.4MiB / 503.5GiB
great_varahamihira: CPU: 100.12%, Memory: 768.4MiB / 503.5GiB
great_varahamihira: CPU: 100.09%, Memory: 768.4MiB / 503.5GiB
great_varahamihira: CPU: 99.99%, Memory: 803.5MiB / 503.5GiB
great_varahamihira: CPU: 2681.29%, Memory: 2.253GiB / 503.5GiB
great_varahamihira: CPU: 100.08%, Memory: 1.918GiB / 503.5GiB
great_varahamihira: CPU: 3196.16%, Memory: 2.301GiB / 503.5GiB
great_varahamihira: CPU: 3206.66%, Memory: 2.303GiB / 503.5GiB
great_varahamihira: CPU: 353.12%, Memory: 2.298GiB / 503.5GiB
hardcore_khorana: CPU: 100.18%, Memory: 768.8MiB / 503.5GiB
hardcore_khorana: CPU: 100.24%, Memory: 768.4MiB / 503.5GiB
hardcore_khorana: CPU: 100.15%, Memory: 768.4MiB / 503.5GiB
hardcore_khorana: CPU: 100.15%, Memory: 768.4MiB / 503.5GiB
hardcore_khorana: CPU: 100.15%, Memory: 768.4MiB / 503.5GiB
hardcore_khorana: CPU: 99.75%, Memory: 1.571GiB / 503.5GiB
hardcore_khorana: CPU: 2084.79%, Memory: 2.288GiB / 503.5GiB
hardcore_khorana: CPU: 2618.71%, Memory: 2.3GiB / 503.5GiB
hardcore_khorana: CPU: 3150.16%, Memory: 2.302GiB / 503.5GiB
hardcore_khorana: CPU: 2329.20%, Memory: 2.303GiB / 503.5GiB
hardcore_khorana: CPU: 3147.21%, Memory: 2.298GiB / 503.5GiB
serene_zhukovsky: CPU: 139.46%, Memory: 768.7MiB / 503.5GiB
serene_zhukovsky: CPU: 100.37%, Memory: 768.4MiB / 503.5GiB
serene_zhukovsky: CPU: 100.15%, Memory: 768.4MiB / 503.5GiB
serene_zhukovsky: CPU: 100.18%, Memory: 768.4MiB / 503.5GiB
serene_zhukovsky: CPU: 99.81%, Memory: 768.4MiB / 503.5GiB
serene_zhukovsky: CPU: 100.12%, Memory: 783MiB / 503.5GiB
serene_zhukovsky: CPU: 2700.68%, Memory: 2.288GiB / 503.5GiB
serene_zhukovsky: CPU: 100.15%, Memory: 2.21GiB / 503.5GiB
serene_zhukovsky: CPU: 3197.00%, Memory: 2.302GiB / 503.5GiB
serene_zhukovsky: CPU: 463.87%, Memory: 2.303GiB / 503.5GiB
serene_zhukovsky: CPU: 3000.29%, Memory: 2.298GiB / 503.5GiB
reverent_pare: CPU: 134.62%, Memory: 768.7MiB / 503.5GiB
reverent_pare: CPU: 100.09%, Memory: 768.7MiB / 503.5GiB
reverent_pare: CPU: 100.12%, Memory: 768.4MiB / 503.5GiB
reverent_pare: CPU: 99.75%, Memory: 768.4MiB / 503.5GiB
reverent_pare: CPU: 99.75%, Memory: 768.4MiB / 503.5GiB
reverent_pare: CPU: 100.15%, Memory: 768.4MiB / 503.5GiB
reverent_pare: CPU: 2825.69%, Memory: 2.288GiB / 503.5GiB
reverent_pare: CPU: 99.75%, Memory: 2.26GiB / 503.5GiB
reverent_pare: CPU: 3195.78%, Memory: 2.302GiB / 503.5GiB
reverent_pare: CPU: 200.87%, Memory: 1.65GiB / 503.5GiB
reverent_pare: CPU: 2560.66%, Memory: 2.298GiB / 503.5GiB
lucid_gates: CPU: 159.25%, Memory: 768.7MiB / 503.5GiB
lucid_gates: CPU: 99.99%, Memory: 768.5MiB / 503.5GiB
lucid_gates: CPU: 100.08%, Memory: 768.4MiB / 503.5GiB
lucid_gates: CPU: 100.15%, Memory: 768.4MiB / 503.5GiB
lucid_gates: CPU: 100.06%, Memory: 768.4MiB / 503.5GiB
lucid_gates: CPU: 98.79%, Memory: 768.4MiB / 503.5GiB
lucid_gates: CPU: 2816.50%, Memory: 2.288GiB / 503.5GiB
lucid_gates: CPU: 100.18%, Memory: 2.037GiB / 503.5GiB
lucid_gates: CPU: 3197.49%, Memory: 2.302GiB / 503.5GiB
lucid_gates: CPU: 3204.85%, Memory: 2.303GiB / 503.5GiB
lucid_gates: CPU: 2516.72%, Memory: 2.298GiB / 503.5GiB
nervous_torvalds: CPU: 100.12%, Memory: 768.8MiB / 503.5GiB
nervous_torvalds: CPU: 100.21%, Memory: 768.5MiB / 503.5GiB
nervous_torvalds: CPU: 99.90%, Memory: 768.5MiB / 503.5GiB
nervous_torvalds: CPU: 100.15%, Memory: 768.5MiB / 503.5GiB
nervous_torvalds: CPU: 100.15%, Memory: 768.5MiB / 503.5GiB
nervous_torvalds: CPU: 100.12%, Memory: 896.2MiB / 503.5GiB
nervous_torvalds: CPU: 3178.15%, Memory: 2.289GiB / 503.5GiB
nervous_torvalds: CPU: 529.26%, Memory: 2.299GiB / 503.5GiB
nervous_torvalds: CPU: 3137.94%, Memory: 2.302GiB / 503.5GiB
nervous_torvalds: CPU: 3098.00%, Memory: 2.303GiB / 503.5GiB
nervous_torvalds: CPU: 2478.24%, Memory: 2.298GiB / 503.5GiB
musing_chatelet: CPU: 139.78%, Memory: 768.6MiB / 503.5GiB
musing_chatelet: CPU: 100.09%, Memory: 768.5MiB / 503.5GiB
musing_chatelet: CPU: 99.62%, Memory: 768.5MiB / 503.5GiB
musing_chatelet: CPU: 100.05%, Memory: 768.5MiB / 503.5GiB
musing_chatelet: CPU: 100.12%, Memory: 768.5MiB / 503.5GiB
musing_chatelet: CPU: 100.05%, Memory: 789.6MiB / 503.5GiB
musing_chatelet: CPU: 3031.99%, Memory: 2.288GiB / 503.5GiB
musing_chatelet: CPU: 347.79%, Memory: 2.3GiB / 503.5GiB
musing_chatelet: CPU: 3195.82%, Memory: 2.302GiB / 503.5GiB
musing_chatelet: CPU: 3192.41%, Memory: 2.303GiB / 503.5GiB
musing_chatelet: CPU: 2424.26%, Memory: 2.298GiB / 503.5GiB
laughing_curie: CPU: 123.98%, Memory: 768.5MiB / 503.5GiB
laughing_curie: CPU: 100.15%, Memory: 768.4MiB / 503.5GiB
laughing_curie: CPU: 99.96%, Memory: 768.4MiB / 503.5GiB
laughing_curie: CPU: 100.02%, Memory: 768.4MiB / 503.5GiB
laughing_curie: CPU: 100.15%, Memory: 768.4MiB / 503.5GiB
laughing_curie: CPU: 100.09%, Memory: 768.4MiB / 503.5GiB
laughing_curie: CPU: 2761.54%, Memory: 2.288GiB / 503.5GiB
laughing_curie: CPU: 100.08%, Memory: 2.262GiB / 503.5GiB
laughing_curie: CPU: 3194.39%, Memory: 2.302GiB / 503.5GiB
laughing_curie: CPU: 1107.95%, Memory: 2.303GiB / 503.5GiB
laughing_curie: CPU: 2973.15%, Memory: 2.298GiB / 503.5GiB
interesting_blackwell: CPU: 167.47%, Memory: 769.1MiB / 503.5GiB
interesting_blackwell: CPU: 100.15%, Memory: 768.4MiB / 503.5GiB
interesting_blackwell: CPU: 100.15%, Memory: 768.4MiB / 503.5GiB
interesting_blackwell: CPU: 100.12%, Memory: 768.4MiB / 503.5GiB
interesting_blackwell: CPU: 100.02%, Memory: 768.4MiB / 503.5GiB
interesting_blackwell: CPU: 100.15%, Memory: 783.1MiB / 503.5GiB
interesting_blackwell: CPU: 2871.48%, Memory: 2.289GiB / 503.5GiB
interesting_blackwell: CPU: 100.09%, Memory: 2.276GiB / 503.5GiB
interesting_blackwell: CPU: 3193.70%, Memory: 2.302GiB / 503.5GiB
interesting_blackwell: CPU: 1280.74%, Memory: 2.303GiB / 503.5GiB
interesting_blackwell: CPU: 3196.01%, Memory: 2.298GiB / 503.5GiB
