heuristic_banach: CPU: 144.60%, Memory: 1.181GiB / 503.5GiB
heuristic_banach: CPU: 100.21%, Memory: 2.99GiB / 503.5GiB
heuristic_banach: CPU: 99.56%, Memory: 2.99GiB / 503.5GiB
heuristic_banach: CPU: 99.10%, Memory: 2.99GiB / 503.5GiB
heuristic_banach: CPU: 100.02%, Memory: 2.99GiB / 503.5GiB
heuristic_banach: CPU: 100.12%, Memory: 2.99GiB / 503.5GiB
heuristic_banach: CPU: 100.09%, Memory: 2.99GiB / 503.5GiB
heuristic_banach: CPU: 99.59%, Memory: 2.99GiB / 503.5GiB
heuristic_banach: CPU: 99.69%, Memory: 2.99GiB / 503.5GiB
heuristic_banach: CPU: 99.69%, Memory: 2.99GiB / 503.5GiB
heuristic_banach: CPU: 99.99%, Memory: 2.99GiB / 503.5GiB
heuristic_banach: CPU: 99.78%, Memory: 2.99GiB / 503.5GiB
heuristic_banach: CPU: 100.09%, Memory: 2.99GiB / 503.5GiB
heuristic_banach: CPU: 100.09%, Memory: 2.99GiB / 503.5GiB
heuristic_banach: CPU: 100.09%, Memory: 2.99GiB / 503.5GiB
heuristic_banach: CPU: 100.02%, Memory: 2.99GiB / 503.5GiB
heuristic_banach: CPU: 100.09%, Memory: 2.99GiB / 503.5GiB
heuristic_banach: CPU: 100.02%, Memory: 2.99GiB / 503.5GiB
heuristic_banach: CPU: 100.09%, Memory: 2.99GiB / 503.5GiB
heuristic_banach: CPU: 99.72%, Memory: 2.99GiB / 503.5GiB
heuristic_banach: CPU: 100.12%, Memory: 2.99GiB / 503.5GiB
heuristic_banach: CPU: 100.12%, Memory: 6.42GiB / 503.5GiB
heuristic_banach: CPU: 2570.45%, Memory: 7.627GiB / 503.5GiB
heuristic_banach: CPU: 3182.59%, Memory: 7.626GiB / 503.5GiB
heuristic_banach: CPU: 100.12%, Memory: 6.462GiB / 503.5GiB
heuristic_banach: CPU: 2459.47%, Memory: 7.639GiB / 503.5GiB
heuristic_banach: CPU: 3207.22%, Memory: 7.638GiB / 503.5GiB
heuristic_banach: CPU: 3167.01%, Memory: 7.649GiB / 503.5GiB
heuristic_banach: CPU: 391.84%, Memory: 7.654GiB / 503.5GiB
heuristic_banach: CPU: 99.72%, Memory: 6.081GiB / 503.5GiB
heuristic_banach: CPU: 100.14%, Memory: 6.672GiB / 503.5GiB
heuristic_banach: CPU: 1730.29%, Memory: 9.068GiB / 503.5GiB
heuristic_banach: CPU: 3092.04%, Memory: 9.068GiB / 503.5GiB
heuristic_banach: CPU: 3087.23%, Memory: 9.068GiB / 503.5GiB
heuristic_banach: CPU: 3123.05%, Memory: 9.068GiB / 503.5GiB
heuristic_banach: CPU: 3196.40%, Memory: 9.068GiB / 503.5GiB
heuristic_banach: CPU: 3182.08%, Memory: 9.068GiB / 503.5GiB
heuristic_banach: CPU: 3198.33%, Memory: 9.068GiB / 503.5GiB
heuristic_banach: CPU: 100.03%, Memory: 9.068GiB / 503.5GiB
stoic_lederberg: CPU: 140.68%, Memory: 1.219GiB / 503.5GiB
stoic_lederberg: CPU: 100.21%, Memory: 2.99GiB / 503.5GiB
stoic_lederberg: CPU: 100.05%, Memory: 2.99GiB / 503.5GiB
stoic_lederberg: CPU: 99.99%, Memory: 2.99GiB / 503.5GiB
stoic_lederberg: CPU: 100.05%, Memory: 2.99GiB / 503.5GiB
stoic_lederberg: CPU: 100.05%, Memory: 2.99GiB / 503.5GiB
stoic_lederberg: CPU: 99.12%, Memory: 2.99GiB / 503.5GiB
stoic_lederberg: CPU: 99.95%, Memory: 2.99GiB / 503.5GiB
stoic_lederberg: CPU: 99.19%, Memory: 2.99GiB / 503.5GiB
stoic_lederberg: CPU: 100.02%, Memory: 2.99GiB / 503.5GiB
stoic_lederberg: CPU: 100.21%, Memory: 2.99GiB / 503.5GiB
stoic_lederberg: CPU: 99.68%, Memory: 2.99GiB / 503.5GiB
stoic_lederberg: CPU: 99.93%, Memory: 2.99GiB / 503.5GiB
stoic_lederberg: CPU: 100.11%, Memory: 2.99GiB / 503.5GiB
stoic_lederberg: CPU: 99.65%, Memory: 2.99GiB / 503.5GiB
stoic_lederberg: CPU: 100.06%, Memory: 2.99GiB / 503.5GiB
stoic_lederberg: CPU: 99.59%, Memory: 2.99GiB / 503.5GiB
stoic_lederberg: CPU: 99.67%, Memory: 2.99GiB / 503.5GiB
stoic_lederberg: CPU: 99.70%, Memory: 2.99GiB / 503.5GiB
stoic_lederberg: CPU: 100.05%, Memory: 2.99GiB / 503.5GiB
stoic_lederberg: CPU: 100.02%, Memory: 2.99GiB / 503.5GiB
stoic_lederberg: CPU: 100.01%, Memory: 6.324GiB / 503.5GiB
stoic_lederberg: CPU: 2025.36%, Memory: 7.627GiB / 503.5GiB
stoic_lederberg: CPU: 3071.92%, Memory: 7.626GiB / 503.5GiB
stoic_lederberg: CPU: 100.11%, Memory: 6.826GiB / 503.5GiB
stoic_lederberg: CPU: 358.25%, Memory: 7.639GiB / 503.5GiB
stoic_lederberg: CPU: 3191.10%, Memory: 7.638GiB / 503.5GiB
stoic_lederberg: CPU: 3196.21%, Memory: 7.647GiB / 503.5GiB
stoic_lederberg: CPU: 1763.66%, Memory: 7.654GiB / 503.5GiB
stoic_lederberg: CPU: 100.05%, Memory: 6.081GiB / 503.5GiB
stoic_lederberg: CPU: 99.68%, Memory: 6.081GiB / 503.5GiB
stoic_lederberg: CPU: 432.22%, Memory: 9.068GiB / 503.5GiB
stoic_lederberg: CPU: 3200.29%, Memory: 9.068GiB / 503.5GiB
stoic_lederberg: CPU: 3197.54%, Memory: 9.068GiB / 503.5GiB
stoic_lederberg: CPU: 3163.90%, Memory: 9.068GiB / 503.5GiB
stoic_lederberg: CPU: 3160.04%, Memory: 9.068GiB / 503.5GiB
stoic_lederberg: CPU: 3086.26%, Memory: 9.068GiB / 503.5GiB
stoic_lederberg: CPU: 3186.86%, Memory: 9.068GiB / 503.5GiB
stoic_lederberg: CPU: 100.15%, Memory: 9.068GiB / 503.5GiB
elated_brown: CPU: 100.08%, Memory: 1.324GiB / 503.5GiB
elated_brown: CPU: 100.37%, Memory: 2.99GiB / 503.5GiB
elated_brown: CPU: 100.12%, Memory: 2.99GiB / 503.5GiB
elated_brown: CPU: 100.05%, Memory: 2.99GiB / 503.5GiB
elated_brown: CPU: 99.69%, Memory: 2.99GiB / 503.5GiB
elated_brown: CPU: 99.81%, Memory: 2.99GiB / 503.5GiB
elated_brown: CPU: 100.12%, Memory: 2.99GiB / 503.5GiB
elated_brown: CPU: 100.18%, Memory: 2.99GiB / 503.5GiB
elated_brown: CPU: 100.12%, Memory: 2.99GiB / 503.5GiB
elated_brown: CPU: 100.15%, Memory: 2.99GiB / 503.5GiB
elated_brown: CPU: 100.08%, Memory: 2.99GiB / 503.5GiB
elated_brown: CPU: 100.12%, Memory: 2.99GiB / 503.5GiB
elated_brown: CPU: 100.11%, Memory: 2.99GiB / 503.5GiB
elated_brown: CPU: 100.21%, Memory: 2.99GiB / 503.5GiB
elated_brown: CPU: 100.15%, Memory: 2.99GiB / 503.5GiB
elated_brown: CPU: 99.72%, Memory: 2.99GiB / 503.5GiB
elated_brown: CPU: 100.24%, Memory: 2.99GiB / 503.5GiB
elated_brown: CPU: 100.18%, Memory: 2.99GiB / 503.5GiB
elated_brown: CPU: 100.12%, Memory: 2.99GiB / 503.5GiB
elated_brown: CPU: 100.15%, Memory: 2.99GiB / 503.5GiB
elated_brown: CPU: 100.18%, Memory: 2.99GiB / 503.5GiB
elated_brown: CPU: 99.65%, Memory: 6.502GiB / 503.5GiB
elated_brown: CPU: 2820.78%, Memory: 7.627GiB / 503.5GiB
elated_brown: CPU: 3192.32%, Memory: 7.626GiB / 503.5GiB
elated_brown: CPU: 100.11%, Memory: 6.468GiB / 503.5GiB
elated_brown: CPU: 2403.67%, Memory: 7.639GiB / 503.5GiB
elated_brown: CPU: 3078.77%, Memory: 7.638GiB / 503.5GiB
elated_brown: CPU: 3130.07%, Memory: 7.645GiB / 503.5GiB
elated_brown: CPU: 3080.94%, Memory: 7.654GiB / 503.5GiB
elated_brown: CPU: 100.00%, Memory: 6.081GiB / 503.5GiB
elated_brown: CPU: 99.75%, Memory: 6.081GiB / 503.5GiB
elated_brown: CPU: 100.06%, Memory: 8.124GiB / 503.5GiB
elated_brown: CPU: 3196.04%, Memory: 9.068GiB / 503.5GiB
elated_brown: CPU: 3196.26%, Memory: 9.068GiB / 503.5GiB
elated_brown: CPU: 3195.88%, Memory: 9.068GiB / 503.5GiB
elated_brown: CPU: 3207.45%, Memory: 9.068GiB / 503.5GiB
elated_brown: CPU: 3205.51%, Memory: 9.068GiB / 503.5GiB
elated_brown: CPU: 3197.14%, Memory: 9.068GiB / 503.5GiB
elated_brown: CPU: 100.12%, Memory: 9.068GiB / 503.5GiB
adoring_payne: CPU: 145.44%, Memory: 1.216GiB / 503.5GiB
adoring_payne: CPU: 100.24%, Memory: 2.99GiB / 503.5GiB
adoring_payne: CPU: 100.05%, Memory: 2.99GiB / 503.5GiB
adoring_payne: CPU: 100.12%, Memory: 2.99GiB / 503.5GiB
adoring_payne: CPU: 100.24%, Memory: 2.99GiB / 503.5GiB
adoring_payne: CPU: 100.12%, Memory: 2.99GiB / 503.5GiB
adoring_payne: CPU: 100.15%, Memory: 2.99GiB / 503.5GiB
adoring_payne: CPU: 99.75%, Memory: 2.99GiB / 503.5GiB
adoring_payne: CPU: 100.02%, Memory: 2.99GiB / 503.5GiB
adoring_payne: CPU: 100.08%, Memory: 2.99GiB / 503.5GiB
adoring_payne: CPU: 100.21%, Memory: 2.99GiB / 503.5GiB
adoring_payne: CPU: 99.72%, Memory: 2.99GiB / 503.5GiB
adoring_payne: CPU: 99.68%, Memory: 2.99GiB / 503.5GiB
adoring_payne: CPU: 100.18%, Memory: 2.99GiB / 503.5GiB
adoring_payne: CPU: 100.15%, Memory: 2.99GiB / 503.5GiB
adoring_payne: CPU: 100.02%, Memory: 2.99GiB / 503.5GiB
adoring_payne: CPU: 100.15%, Memory: 2.99GiB / 503.5GiB
adoring_payne: CPU: 100.11%, Memory: 2.99GiB / 503.5GiB
adoring_payne: CPU: 100.02%, Memory: 2.99GiB / 503.5GiB
adoring_payne: CPU: 100.08%, Memory: 2.99GiB / 503.5GiB
adoring_payne: CPU: 100.11%, Memory: 2.99GiB / 503.5GiB
adoring_payne: CPU: 99.69%, Memory: 6.477GiB / 503.5GiB
adoring_payne: CPU: 2751.26%, Memory: 7.627GiB / 503.5GiB
adoring_payne: CPU: 3180.80%, Memory: 7.626GiB / 503.5GiB
adoring_payne: CPU: 100.15%, Memory: 6.505GiB / 503.5GiB
adoring_payne: CPU: 2505.87%, Memory: 7.639GiB / 503.5GiB
adoring_payne: CPU: 3189.39%, Memory: 7.638GiB / 503.5GiB
adoring_payne: CPU: 3160.91%, Memory: 7.65GiB / 503.5GiB
adoring_payne: CPU: 99.72%, Memory: 7.654GiB / 503.5GiB
adoring_payne: CPU: 100.15%, Memory: 6.081GiB / 503.5GiB
adoring_payne: CPU: 100.08%, Memory: 6.766GiB / 503.5GiB
adoring_payne: CPU: 1956.61%, Memory: 9.069GiB / 503.5GiB
adoring_payne: CPU: 3090.01%, Memory: 9.068GiB / 503.5GiB
adoring_payne: CPU: 3154.31%, Memory: 9.068GiB / 503.5GiB
adoring_payne: CPU: 3209.47%, Memory: 9.068GiB / 503.5GiB
adoring_payne: CPU: 3209.91%, Memory: 9.068GiB / 503.5GiB
adoring_payne: CPU: 3182.28%, Memory: 9.068GiB / 503.5GiB
adoring_payne: CPU: 3197.98%, Memory: 9.068GiB / 503.5GiB
adoring_payne: CPU: 100.09%, Memory: 9.068GiB / 503.5GiB
quirky_franklin: CPU: 151.22%, Memory: 1.234GiB / 503.5GiB
quirky_franklin: CPU: 100.30%, Memory: 2.99GiB / 503.5GiB
quirky_franklin: CPU: 99.81%, Memory: 2.99GiB / 503.5GiB
quirky_franklin: CPU: 100.12%, Memory: 2.99GiB / 503.5GiB
quirky_franklin: CPU: 99.59%, Memory: 2.99GiB / 503.5GiB
quirky_franklin: CPU: 100.06%, Memory: 2.99GiB / 503.5GiB
quirky_franklin: CPU: 100.09%, Memory: 2.99GiB / 503.5GiB
quirky_franklin: CPU: 98.92%, Memory: 2.99GiB / 503.5GiB
quirky_franklin: CPU: 100.12%, Memory: 2.99GiB / 503.5GiB
quirky_franklin: CPU: 100.15%, Memory: 2.99GiB / 503.5GiB
quirky_franklin: CPU: 100.02%, Memory: 2.99GiB / 503.5GiB
quirky_franklin: CPU: 100.02%, Memory: 2.99GiB / 503.5GiB
quirky_franklin: CPU: 100.12%, Memory: 2.99GiB / 503.5GiB
quirky_franklin: CPU: 99.87%, Memory: 2.99GiB / 503.5GiB
quirky_franklin: CPU: 99.63%, Memory: 2.99GiB / 503.5GiB
quirky_franklin: CPU: 100.05%, Memory: 2.99GiB / 503.5GiB
quirky_franklin: CPU: 100.12%, Memory: 2.99GiB / 503.5GiB
quirky_franklin: CPU: 100.02%, Memory: 2.99GiB / 503.5GiB
quirky_franklin: CPU: 100.12%, Memory: 2.99GiB / 503.5GiB
quirky_franklin: CPU: 99.72%, Memory: 2.99GiB / 503.5GiB
quirky_franklin: CPU: 100.05%, Memory: 2.99GiB / 503.5GiB
quirky_franklin: CPU: 100.12%, Memory: 6.488GiB / 503.5GiB
quirky_franklin: CPU: 2701.19%, Memory: 7.627GiB / 503.5GiB
quirky_franklin: CPU: 3135.55%, Memory: 7.626GiB / 503.5GiB
quirky_franklin: CPU: 100.05%, Memory: 6.299GiB / 503.5GiB
quirky_franklin: CPU: 1671.33%, Memory: 7.639GiB / 503.5GiB
quirky_franklin: CPU: 3207.28%, Memory: 7.638GiB / 503.5GiB
quirky_franklin: CPU: 3164.04%, Memory: 7.649GiB / 503.5GiB
quirky_franklin: CPU: 553.75%, Memory: 7.654GiB / 503.5GiB
quirky_franklin: CPU: 100.05%, Memory: 6.081GiB / 503.5GiB
quirky_franklin: CPU: 100.09%, Memory: 6.483GiB / 503.5GiB
quirky_franklin: CPU: 1339.98%, Memory: 9.068GiB / 503.5GiB
quirky_franklin: CPU: 3190.44%, Memory: 9.068GiB / 503.5GiB
quirky_franklin: CPU: 3199.47%, Memory: 9.068GiB / 503.5GiB
quirky_franklin: CPU: 3207.64%, Memory: 9.068GiB / 503.5GiB
quirky_franklin: CPU: 3103.15%, Memory: 9.068GiB / 503.5GiB
quirky_franklin: CPU: 3183.73%, Memory: 9.068GiB / 503.5GiB
quirky_franklin: CPU: 2963.49%, Memory: 9.068GiB / 503.5GiB
quirky_franklin: CPU: 100.09%, Memory: 9.068GiB / 503.5GiB
laughing_chatelet: CPU: 158.35%, Memory: 1.228GiB / 503.5GiB
laughing_chatelet: CPU: 100.14%, Memory: 2.99GiB / 503.5GiB
laughing_chatelet: CPU: 99.62%, Memory: 2.99GiB / 503.5GiB
laughing_chatelet: CPU: 100.09%, Memory: 2.99GiB / 503.5GiB
laughing_chatelet: CPU: 100.09%, Memory: 2.99GiB / 503.5GiB
laughing_chatelet: CPU: 100.12%, Memory: 2.99GiB / 503.5GiB
laughing_chatelet: CPU: 100.09%, Memory: 2.99GiB / 503.5GiB
laughing_chatelet: CPU: 100.12%, Memory: 2.99GiB / 503.5GiB
laughing_chatelet: CPU: 100.09%, Memory: 2.99GiB / 503.5GiB
laughing_chatelet: CPU: 99.72%, Memory: 2.99GiB / 503.5GiB
laughing_chatelet: CPU: 100.15%, Memory: 2.99GiB / 503.5GiB
laughing_chatelet: CPU: 100.08%, Memory: 2.99GiB / 503.5GiB
laughing_chatelet: CPU: 100.02%, Memory: 2.99GiB / 503.5GiB
laughing_chatelet: CPU: 100.12%, Memory: 2.99GiB / 503.5GiB
laughing_chatelet: CPU: 99.75%, Memory: 2.99GiB / 503.5GiB
laughing_chatelet: CPU: 100.18%, Memory: 2.99GiB / 503.5GiB
laughing_chatelet: CPU: 100.12%, Memory: 2.99GiB / 503.5GiB
laughing_chatelet: CPU: 100.15%, Memory: 2.99GiB / 503.5GiB
laughing_chatelet: CPU: 100.12%, Memory: 2.99GiB / 503.5GiB
laughing_chatelet: CPU: 100.15%, Memory: 2.99GiB / 503.5GiB
laughing_chatelet: CPU: 100.08%, Memory: 2.99GiB / 503.5GiB
laughing_chatelet: CPU: 100.14%, Memory: 6.468GiB / 503.5GiB
laughing_chatelet: CPU: 2686.70%, Memory: 7.627GiB / 503.5GiB
laughing_chatelet: CPU: 3204.74%, Memory: 7.626GiB / 503.5GiB
laughing_chatelet: CPU: 99.72%, Memory: 6.489GiB / 503.5GiB
laughing_chatelet: CPU: 2409.25%, Memory: 7.638GiB / 503.5GiB
laughing_chatelet: CPU: 3086.97%, Memory: 7.638GiB / 503.5GiB
laughing_chatelet: CPU: 3113.37%, Memory: 7.644GiB / 503.5GiB
laughing_chatelet: CPU: 3086.88%, Memory: 7.653GiB / 503.5GiB
laughing_chatelet: CPU: 100.09%, Memory: 6.081GiB / 503.5GiB
laughing_chatelet: CPU: 100.15%, Memory: 6.081GiB / 503.5GiB
laughing_chatelet: CPU: 100.12%, Memory: 8.227GiB / 503.5GiB
laughing_chatelet: CPU: 3196.08%, Memory: 9.068GiB / 503.5GiB
laughing_chatelet: CPU: 3167.34%, Memory: 9.068GiB / 503.5GiB
laughing_chatelet: CPU: 3208.33%, Memory: 9.068GiB / 503.5GiB
laughing_chatelet: CPU: 3196.03%, Memory: 9.068GiB / 503.5GiB
laughing_chatelet: CPU: 3209.92%, Memory: 9.068GiB / 503.5GiB
laughing_chatelet: CPU: 3210.00%, Memory: 9.068GiB / 503.5GiB
laughing_chatelet: CPU: 100.12%, Memory: 9.068GiB / 503.5GiB
laughing_chatelet: CPU: 0.00%, Memory: 0B / 0B
stupefied_payne: CPU: 147.37%, Memory: 1.236GiB / 503.5GiB
stupefied_payne: CPU: 100.37%, Memory: 2.99GiB / 503.5GiB
stupefied_payne: CPU: 100.12%, Memory: 2.99GiB / 503.5GiB
stupefied_payne: CPU: 99.93%, Memory: 2.99GiB / 503.5GiB
stupefied_payne: CPU: 100.02%, Memory: 2.99GiB / 503.5GiB
stupefied_payne: CPU: 99.72%, Memory: 2.99GiB / 503.5GiB
stupefied_payne: CPU: 100.12%, Memory: 2.99GiB / 503.5GiB
stupefied_payne: CPU: 99.69%, Memory: 2.99GiB / 503.5GiB
stupefied_payne: CPU: 100.11%, Memory: 2.99GiB / 503.5GiB
stupefied_payne: CPU: 100.18%, Memory: 2.99GiB / 503.5GiB
stupefied_payne: CPU: 99.72%, Memory: 2.99GiB / 503.5GiB
stupefied_payne: CPU: 100.12%, Memory: 2.99GiB / 503.5GiB
stupefied_payne: CPU: 100.08%, Memory: 2.99GiB / 503.5GiB
stupefied_payne: CPU: 100.15%, Memory: 2.99GiB / 503.5GiB
stupefied_payne: CPU: 99.78%, Memory: 2.99GiB / 503.5GiB
stupefied_payne: CPU: 99.74%, Memory: 2.99GiB / 503.5GiB
stupefied_payne: CPU: 100.02%, Memory: 2.99GiB / 503.5GiB
stupefied_payne: CPU: 100.15%, Memory: 2.99GiB / 503.5GiB
stupefied_payne: CPU: 100.12%, Memory: 2.99GiB / 503.5GiB
stupefied_payne: CPU: 100.08%, Memory: 2.99GiB / 503.5GiB
stupefied_payne: CPU: 99.69%, Memory: 2.99GiB / 503.5GiB
stupefied_payne: CPU: 100.09%, Memory: 6.476GiB / 503.5GiB
stupefied_payne: CPU: 2747.31%, Memory: 7.627GiB / 503.5GiB
stupefied_payne: CPU: 3187.04%, Memory: 7.626GiB / 503.5GiB
stupefied_payne: CPU: 100.05%, Memory: 6.481GiB / 503.5GiB
stupefied_payne: CPU: 2578.13%, Memory: 7.639GiB / 503.5GiB
stupefied_payne: CPU: 3194.96%, Memory: 7.638GiB / 503.5GiB
stupefied_payne: CPU: 3156.20%, Memory: 7.65GiB / 503.5GiB
stupefied_payne: CPU: 123.28%, Memory: 7.654GiB / 503.5GiB
stupefied_payne: CPU: 100.05%, Memory: 6.081GiB / 503.5GiB
stupefied_payne: CPU: 100.15%, Memory: 6.616GiB / 503.5GiB
stupefied_payne: CPU: 1656.51%, Memory: 9.069GiB / 503.5GiB
stupefied_payne: CPU: 3123.14%, Memory: 9.068GiB / 503.5GiB
stupefied_payne: CPU: 3207.87%, Memory: 9.068GiB / 503.5GiB
stupefied_payne: CPU: 3195.22%, Memory: 9.068GiB / 503.5GiB
stupefied_payne: CPU: 3183.62%, Memory: 9.068GiB / 503.5GiB
stupefied_payne: CPU: 3196.12%, Memory: 9.068GiB / 503.5GiB
stupefied_payne: CPU: 3192.15%, Memory: 9.068GiB / 503.5GiB
stupefied_payne: CPU: 100.09%, Memory: 9.068GiB / 503.5GiB
elated_elion: CPU: 114.98%, Memory: 1.261GiB / 503.5GiB
elated_elion: CPU: 100.27%, Memory: 2.99GiB / 503.5GiB
elated_elion: CPU: 99.96%, Memory: 2.99GiB / 503.5GiB
elated_elion: CPU: 99.72%, Memory: 2.99GiB / 503.5GiB
elated_elion: CPU: 99.96%, Memory: 2.99GiB / 503.5GiB
elated_elion: CPU: 99.99%, Memory: 2.99GiB / 503.5GiB
elated_elion: CPU: 99.78%, Memory: 2.99GiB / 503.5GiB
elated_elion: CPU: 99.93%, Memory: 2.99GiB / 503.5GiB
elated_elion: CPU: 99.65%, Memory: 2.99GiB / 503.5GiB
elated_elion: CPU: 100.15%, Memory: 2.99GiB / 503.5GiB
elated_elion: CPU: 100.05%, Memory: 2.99GiB / 503.5GiB
elated_elion: CPU: 100.02%, Memory: 2.99GiB / 503.5GiB
elated_elion: CPU: 100.02%, Memory: 2.99GiB / 503.5GiB
elated_elion: CPU: 100.02%, Memory: 2.99GiB / 503.5GiB
elated_elion: CPU: 99.99%, Memory: 2.99GiB / 503.5GiB
elated_elion: CPU: 100.09%, Memory: 2.99GiB / 503.5GiB
elated_elion: CPU: 100.02%, Memory: 2.99GiB / 503.5GiB
elated_elion: CPU: 100.12%, Memory: 2.99GiB / 503.5GiB
elated_elion: CPU: 100.12%, Memory: 2.99GiB / 503.5GiB
elated_elion: CPU: 100.12%, Memory: 2.99GiB / 503.5GiB
elated_elion: CPU: 100.11%, Memory: 2.99GiB / 503.5GiB
elated_elion: CPU: 99.65%, Memory: 6.533GiB / 503.5GiB
elated_elion: CPU: 3092.03%, Memory: 7.627GiB / 503.5GiB
elated_elion: CPU: 3206.01%, Memory: 7.626GiB / 503.5GiB
elated_elion: CPU: 99.72%, Memory: 6.581GiB / 503.5GiB
elated_elion: CPU: 2919.28%, Memory: 7.639GiB / 503.5GiB
elated_elion: CPU: 3188.66%, Memory: 7.638GiB / 503.5GiB
elated_elion: CPU: 3158.00%, Memory: 7.65GiB / 503.5GiB
elated_elion: CPU: 100.12%, Memory: 7.654GiB / 503.5GiB
elated_elion: CPU: 99.69%, Memory: 6.081GiB / 503.5GiB
elated_elion: CPU: 100.12%, Memory: 6.995GiB / 503.5GiB
elated_elion: CPU: 2871.64%, Memory: 9.069GiB / 503.5GiB
elated_elion: CPU: 3195.49%, Memory: 9.068GiB / 503.5GiB
elated_elion: CPU: 3097.97%, Memory: 9.068GiB / 503.5GiB
elated_elion: CPU: 3086.34%, Memory: 9.068GiB / 503.5GiB
elated_elion: CPU: 3089.58%, Memory: 9.068GiB / 503.5GiB
elated_elion: CPU: 3085.75%, Memory: 9.068GiB / 503.5GiB
elated_elion: CPU: 3180.27%, Memory: 9.068GiB / 503.5GiB
elated_elion: CPU: 277.05%, Memory: 9.068GiB / 503.5GiB
kind_kirch: CPU: 100.16%, Memory: 1.937GiB / 503.5GiB
kind_kirch: CPU: 99.69%, Memory: 2.99GiB / 503.5GiB
kind_kirch: CPU: 100.15%, Memory: 2.99GiB / 503.5GiB
kind_kirch: CPU: 99.66%, Memory: 2.99GiB / 503.5GiB
kind_kirch: CPU: 99.90%, Memory: 2.99GiB / 503.5GiB
kind_kirch: CPU: 100.15%, Memory: 2.99GiB / 503.5GiB
kind_kirch: CPU: 100.05%, Memory: 2.99GiB / 503.5GiB
kind_kirch: CPU: 100.12%, Memory: 2.99GiB / 503.5GiB
kind_kirch: CPU: 100.02%, Memory: 2.99GiB / 503.5GiB
kind_kirch: CPU: 99.62%, Memory: 2.99GiB / 503.5GiB
kind_kirch: CPU: 100.15%, Memory: 2.99GiB / 503.5GiB
kind_kirch: CPU: 99.96%, Memory: 2.99GiB / 503.5GiB
kind_kirch: CPU: 99.99%, Memory: 2.99GiB / 503.5GiB
kind_kirch: CPU: 100.09%, Memory: 2.99GiB / 503.5GiB
kind_kirch: CPU: 100.05%, Memory: 2.99GiB / 503.5GiB
kind_kirch: CPU: 100.02%, Memory: 2.99GiB / 503.5GiB
kind_kirch: CPU: 99.75%, Memory: 2.99GiB / 503.5GiB
kind_kirch: CPU: 99.75%, Memory: 2.99GiB / 503.5GiB
kind_kirch: CPU: 99.75%, Memory: 2.99GiB / 503.5GiB
kind_kirch: CPU: 99.65%, Memory: 2.99GiB / 503.5GiB
kind_kirch: CPU: 100.02%, Memory: 3.179GiB / 503.5GiB
kind_kirch: CPU: 99.75%, Memory: 6.813GiB / 503.5GiB
kind_kirch: CPU: 3154.58%, Memory: 7.626GiB / 503.5GiB
kind_kirch: CPU: 3089.68%, Memory: 7.626GiB / 503.5GiB
kind_kirch: CPU: 100.07%, Memory: 6.453GiB / 503.5GiB
kind_kirch: CPU: 2065.33%, Memory: 7.639GiB / 503.5GiB
kind_kirch: CPU: 3137.66%, Memory: 7.638GiB / 503.5GiB
kind_kirch: CPU: 3174.14%, Memory: 7.647GiB / 503.5GiB
kind_kirch: CPU: 1711.56%, Memory: 7.654GiB / 503.5GiB
kind_kirch: CPU: 100.11%, Memory: 6.081GiB / 503.5GiB
kind_kirch: CPU: 99.75%, Memory: 6.081GiB / 503.5GiB
kind_kirch: CPU: 99.75%, Memory: 8.464GiB / 503.5GiB
kind_kirch: CPU: 3188.79%, Memory: 9.068GiB / 503.5GiB
kind_kirch: CPU: 3194.17%, Memory: 9.068GiB / 503.5GiB
kind_kirch: CPU: 3193.86%, Memory: 9.068GiB / 503.5GiB
kind_kirch: CPU: 3194.36%, Memory: 9.068GiB / 503.5GiB
kind_kirch: CPU: 3195.48%, Memory: 9.068GiB / 503.5GiB
kind_kirch: CPU: 3096.70%, Memory: 9.068GiB / 503.5GiB
kind_kirch: CPU: 100.06%, Memory: 9.068GiB / 503.5GiB
recursing_hertz: CPU: 167.02%, Memory: 1.187GiB / 503.5GiB
recursing_hertz: CPU: 100.34%, Memory: 2.99GiB / 503.5GiB
recursing_hertz: CPU: 100.05%, Memory: 2.99GiB / 503.5GiB
recursing_hertz: CPU: 99.99%, Memory: 2.99GiB / 503.5GiB
recursing_hertz: CPU: 99.59%, Memory: 2.99GiB / 503.5GiB
recursing_hertz: CPU: 100.09%, Memory: 2.99GiB / 503.5GiB
recursing_hertz: CPU: 100.08%, Memory: 2.99GiB / 503.5GiB
recursing_hertz: CPU: 100.05%, Memory: 2.99GiB / 503.5GiB
recursing_hertz: CPU: 100.08%, Memory: 2.99GiB / 503.5GiB
recursing_hertz: CPU: 100.14%, Memory: 2.99GiB / 503.5GiB
recursing_hertz: CPU: 100.02%, Memory: 2.99GiB / 503.5GiB
recursing_hertz: CPU: 100.09%, Memory: 2.99GiB / 503.5GiB
recursing_hertz: CPU: 100.08%, Memory: 2.99GiB / 503.5GiB
recursing_hertz: CPU: 99.40%, Memory: 2.99GiB / 503.5GiB
recursing_hertz: CPU: 99.34%, Memory: 2.99GiB / 503.5GiB
recursing_hertz: CPU: 99.99%, Memory: 2.99GiB / 503.5GiB
recursing_hertz: CPU: 100.11%, Memory: 2.99GiB / 503.5GiB
recursing_hertz: CPU: 99.69%, Memory: 2.99GiB / 503.5GiB
recursing_hertz: CPU: 100.05%, Memory: 2.99GiB / 503.5GiB
recursing_hertz: CPU: 99.68%, Memory: 2.99GiB / 503.5GiB
recursing_hertz: CPU: 100.08%, Memory: 2.99GiB / 503.5GiB
recursing_hertz: CPU: 100.12%, Memory: 6.302GiB / 503.5GiB
recursing_hertz: CPU: 1758.41%, Memory: 7.627GiB / 503.5GiB
recursing_hertz: CPU: 3210.42%, Memory: 7.626GiB / 503.5GiB
recursing_hertz: CPU: 100.18%, Memory: 6.209GiB / 503.5GiB
recursing_hertz: CPU: 1124.06%, Memory: 7.639GiB / 503.5GiB
recursing_hertz: CPU: 3191.02%, Memory: 7.638GiB / 503.5GiB
recursing_hertz: CPU: 3103.12%, Memory: 7.647GiB / 503.5GiB
recursing_hertz: CPU: 1700.36%, Memory: 7.655GiB / 503.5GiB
recursing_hertz: CPU: 100.05%, Memory: 6.081GiB / 503.5GiB
recursing_hertz: CPU: 100.05%, Memory: 6.081GiB / 503.5GiB
recursing_hertz: CPU: 412.64%, Memory: 9.068GiB / 503.5GiB
recursing_hertz: CPU: 3209.57%, Memory: 9.068GiB / 503.5GiB
recursing_hertz: CPU: 3194.88%, Memory: 9.068GiB / 503.5GiB
recursing_hertz: CPU: 3203.57%, Memory: 9.068GiB / 503.5GiB
recursing_hertz: CPU: 3197.25%, Memory: 9.068GiB / 503.5GiB
recursing_hertz: CPU: 3196.25%, Memory: 9.068GiB / 503.5GiB
recursing_hertz: CPU: 1508.70%, Memory: 9.068GiB / 503.5GiB
recursing_hertz: CPU: 100.08%, Memory: 3.27GiB / 503.5GiB
