youthful_sutherland: CPU: 100.14%, Memory: 1.923GiB / 503.5GiB
youthful_sutherland: CPU: 99.84%, Memory: 2.99GiB / 503.5GiB
youthful_sutherland: CPU: 99.68%, Memory: 2.99GiB / 503.5GiB
youthful_sutherland: CPU: 100.02%, Memory: 2.99GiB / 503.5GiB
youthful_sutherland: CPU: 100.12%, Memory: 2.99GiB / 503.5GiB
youthful_sutherland: CPU: 100.05%, Memory: 2.99GiB / 503.5GiB
youthful_sutherland: CPU: 100.09%, Memory: 2.99GiB / 503.5GiB
youthful_sutherland: CPU: 100.12%, Memory: 2.99GiB / 503.5GiB
youthful_sutherland: CPU: 100.05%, Memory: 2.99GiB / 503.5GiB
youthful_sutherland: CPU: 100.09%, Memory: 2.99GiB / 503.5GiB
youthful_sutherland: CPU: 99.93%, Memory: 2.99GiB / 503.5GiB
youthful_sutherland: CPU: 100.02%, Memory: 2.99GiB / 503.5GiB
youthful_sutherland: CPU: 100.02%, Memory: 2.99GiB / 503.5GiB
youthful_sutherland: CPU: 99.63%, Memory: 2.99GiB / 503.5GiB
youthful_sutherland: CPU: 100.08%, Memory: 2.99GiB / 503.5GiB
youthful_sutherland: CPU: 99.16%, Memory: 2.99GiB / 503.5GiB
youthful_sutherland: CPU: 99.77%, Memory: 2.99GiB / 503.5GiB
youthful_sutherland: CPU: 98.97%, Memory: 2.99GiB / 503.5GiB
youthful_sutherland: CPU: 99.99%, Memory: 2.99GiB / 503.5GiB
youthful_sutherland: CPU: 100.09%, Memory: 2.99GiB / 503.5GiB
youthful_sutherland: CPU: 99.87%, Memory: 2.99GiB / 503.5GiB
youthful_sutherland: CPU: 100.05%, Memory: 3.035GiB / 503.5GiB
youthful_sutherland: CPU: 100.15%, Memory: 6.235GiB / 503.5GiB
youthful_sutherland: CPU: 100.09%, Memory: 7.561GiB / 503.5GiB
youthful_sutherland: CPU: 100.12%, Memory: 8.887GiB / 503.5GiB
youthful_sutherland: CPU: 3196.92%, Memory: 8.993GiB / 503.5GiB
youthful_sutherland: CPU: 3212.75%, Memory: 8.993GiB / 503.5GiB
youthful_sutherland: CPU: 3189.84%, Memory: 8.994GiB / 503.5GiB
youthful_sutherland: CPU: 3192.40%, Memory: 8.994GiB / 503.5GiB
youthful_sutherland: CPU: 3193.46%, Memory: 8.995GiB / 503.5GiB
youthful_sutherland: CPU: 3092.24%, Memory: 8.995GiB / 503.5GiB
youthful_sutherland: CPU: 3167.05%, Memory: 8.996GiB / 503.5GiB
youthful_sutherland: CPU: 3092.86%, Memory: 8.996GiB / 503.5GiB
youthful_sutherland: CPU: 3137.60%, Memory: 8.997GiB / 503.5GiB
youthful_sutherland: CPU: 3202.35%, Memory: 8.998GiB / 503.5GiB
youthful_sutherland: CPU: 3204.58%, Memory: 8.998GiB / 503.5GiB
youthful_sutherland: CPU: 3195.05%, Memory: 8.999GiB / 503.5GiB
youthful_sutherland: CPU: 3194.81%, Memory: 9GiB / 503.5GiB
youthful_sutherland: CPU: 3206.52%, Memory: 9.001GiB / 503.5GiB
youthful_sutherland: CPU: 3195.52%, Memory: 9.002GiB / 503.5GiB
youthful_sutherland: CPU: 3204.49%, Memory: 9.003GiB / 503.5GiB
youthful_sutherland: CPU: 3203.77%, Memory: 9.004GiB / 503.5GiB
youthful_sutherland: CPU: 3203.71%, Memory: 9.006GiB / 503.5GiB
youthful_sutherland: CPU: 3206.21%, Memory: 9.008GiB / 503.5GiB
youthful_sutherland: CPU: 3202.76%, Memory: 9.011GiB / 503.5GiB
youthful_sutherland: CPU: 2385.85%, Memory: 9.017GiB / 503.5GiB
youthful_sutherland: CPU: 100.12%, Memory: 9.016GiB / 503.5GiB
youthful_sutherland: CPU: 100.14%, Memory: 7.092GiB / 503.5GiB
youthful_sutherland: CPU: 100.11%, Memory: 8.968GiB / 503.5GiB
youthful_sutherland: CPU: 100.12%, Memory: 10.47GiB / 503.5GiB
youthful_sutherland: CPU: 99.69%, Memory: 11.85GiB / 503.5GiB
youthful_sutherland: CPU: 99.69%, Memory: 13.18GiB / 503.5GiB
youthful_sutherland: CPU: 3208.58%, Memory: 13.59GiB / 503.5GiB
youthful_sutherland: CPU: 3186.03%, Memory: 13.59GiB / 503.5GiB
youthful_sutherland: CPU: 3195.62%, Memory: 13.59GiB / 503.5GiB
youthful_sutherland: CPU: 100.19%, Memory: 13.59GiB / 503.5GiB
youthful_sutherland: CPU: 100.15%, Memory: 13.59GiB / 503.5GiB
youthful_sutherland: CPU: 100.02%, Memory: 9.085GiB / 503.5GiB
youthful_sutherland: CPU: 100.18%, Memory: 10.38GiB / 503.5GiB
youthful_sutherland: CPU: 100.11%, Memory: 11.67GiB / 503.5GiB
youthful_sutherland: CPU: 100.05%, Memory: 12.99GiB / 503.5GiB
youthful_sutherland: CPU: 99.65%, Memory: 14.33GiB / 503.5GiB
youthful_sutherland: CPU: 3188.70%, Memory: 15.01GiB / 503.5GiB
youthful_sutherland: CPU: 3181.45%, Memory: 15.01GiB / 503.5GiB
youthful_sutherland: CPU: 3205.51%, Memory: 15.01GiB / 503.5GiB
youthful_sutherland: CPU: 3194.67%, Memory: 15.01GiB / 503.5GiB
youthful_sutherland: CPU: 3191.69%, Memory: 15.01GiB / 503.5GiB
youthful_sutherland: CPU: 3185.06%, Memory: 15.01GiB / 503.5GiB
youthful_sutherland: CPU: 3187.77%, Memory: 15.01GiB / 503.5GiB
youthful_sutherland: CPU: 3198.91%, Memory: 15.01GiB / 503.5GiB
youthful_sutherland: CPU: 3184.81%, Memory: 15.01GiB / 503.5GiB
youthful_sutherland: CPU: 3178.33%, Memory: 15.01GiB / 503.5GiB
youthful_sutherland: CPU: 3171.69%, Memory: 15.01GiB / 503.5GiB
youthful_sutherland: CPU: 3070.73%, Memory: 15.01GiB / 503.5GiB
youthful_sutherland: CPU: 3069.53%, Memory: 15.01GiB / 503.5GiB
youthful_sutherland: CPU: 3133.74%, Memory: 15.01GiB / 503.5GiB
youthful_sutherland: CPU: 3106.03%, Memory: 15.01GiB / 503.5GiB
youthful_sutherland: CPU: 3187.13%, Memory: 15.01GiB / 503.5GiB
youthful_sutherland: CPU: 3197.29%, Memory: 15.01GiB / 503.5GiB
youthful_sutherland: CPU: 3204.10%, Memory: 15.01GiB / 503.5GiB
youthful_sutherland: CPU: 3205.89%, Memory: 15.01GiB / 503.5GiB
youthful_sutherland: CPU: 3192.52%, Memory: 15.01GiB / 503.5GiB
youthful_sutherland: CPU: 3180.15%, Memory: 15.01GiB / 503.5GiB
youthful_sutherland: CPU: 3205.61%, Memory: 15.01GiB / 503.5GiB
youthful_sutherland: CPU: 3191.96%, Memory: 15.01GiB / 503.5GiB
youthful_sutherland: CPU: 3191.39%, Memory: 15.01GiB / 503.5GiB
youthful_sutherland: CPU: 3181.74%, Memory: 15.01GiB / 503.5GiB
youthful_sutherland: CPU: 3205.57%, Memory: 15.01GiB / 503.5GiB
youthful_sutherland: CPU: 3185.01%, Memory: 15.01GiB / 503.5GiB
youthful_sutherland: CPU: 3091.48%, Memory: 15.01GiB / 503.5GiB
youthful_sutherland: CPU: 3160.77%, Memory: 15.01GiB / 503.5GiB
youthful_sutherland: CPU: 3089.39%, Memory: 15.01GiB / 503.5GiB
youthful_sutherland: CPU: 3104.82%, Memory: 15.01GiB / 503.5GiB
youthful_sutherland: CPU: 3193.48%, Memory: 15.01GiB / 503.5GiB
youthful_sutherland: CPU: 100.21%, Memory: 15.01GiB / 503.5GiB
youthful_sutherland: CPU: 99.72%, Memory: 15.01GiB / 503.5GiB
youthful_sutherland: CPU: 100.18%, Memory: 10.56GiB / 503.5GiB
youthful_sutherland: CPU: 3208.02%, Memory: 12.02GiB / 503.5GiB
youthful_sutherland: CPU: 3154.51%, Memory: 12.02GiB / 503.5GiB
youthful_sutherland: CPU: 3198.71%, Memory: 12.02GiB / 503.5GiB
youthful_sutherland: CPU: 3205.40%, Memory: 12.02GiB / 503.5GiB
youthful_sutherland: CPU: 3199.85%, Memory: 12.02GiB / 503.5GiB
youthful_sutherland: CPU: 3209.62%, Memory: 12.02GiB / 503.5GiB
youthful_sutherland: CPU: 100.18%, Memory: 12.02GiB / 503.5GiB
romantic_curie: CPU: 162.91%, Memory: 1.174GiB / 503.5GiB
romantic_curie: CPU: 100.15%, Memory: 2.99GiB / 503.5GiB
romantic_curie: CPU: 100.12%, Memory: 2.99GiB / 503.5GiB
romantic_curie: CPU: 99.75%, Memory: 2.99GiB / 503.5GiB
romantic_curie: CPU: 100.05%, Memory: 2.99GiB / 503.5GiB
romantic_curie: CPU: 100.08%, Memory: 2.99GiB / 503.5GiB
romantic_curie: CPU: 100.15%, Memory: 2.99GiB / 503.5GiB
romantic_curie: CPU: 100.09%, Memory: 2.99GiB / 503.5GiB
romantic_curie: CPU: 100.14%, Memory: 2.99GiB / 503.5GiB
romantic_curie: CPU: 100.15%, Memory: 2.99GiB / 503.5GiB
romantic_curie: CPU: 100.12%, Memory: 2.99GiB / 503.5GiB
romantic_curie: CPU: 100.06%, Memory: 2.99GiB / 503.5GiB
romantic_curie: CPU: 100.12%, Memory: 2.99GiB / 503.5GiB
romantic_curie: CPU: 100.14%, Memory: 2.99GiB / 503.5GiB
romantic_curie: CPU: 100.02%, Memory: 2.99GiB / 503.5GiB
romantic_curie: CPU: 100.15%, Memory: 2.99GiB / 503.5GiB
romantic_curie: CPU: 100.18%, Memory: 2.99GiB / 503.5GiB
romantic_curie: CPU: 99.66%, Memory: 2.99GiB / 503.5GiB
romantic_curie: CPU: 100.18%, Memory: 2.99GiB / 503.5GiB
romantic_curie: CPU: 99.69%, Memory: 2.99GiB / 503.5GiB
romantic_curie: CPU: 100.09%, Memory: 2.99GiB / 503.5GiB
romantic_curie: CPU: 99.72%, Memory: 2.99GiB / 503.5GiB
romantic_curie: CPU: 99.69%, Memory: 5.976GiB / 503.5GiB
romantic_curie: CPU: 99.72%, Memory: 7.193GiB / 503.5GiB
romantic_curie: CPU: 100.05%, Memory: 8.476GiB / 503.5GiB
romantic_curie: CPU: 3181.26%, Memory: 8.993GiB / 503.5GiB
romantic_curie: CPU: 3177.52%, Memory: 8.994GiB / 503.5GiB
romantic_curie: CPU: 3207.41%, Memory: 8.994GiB / 503.5GiB
romantic_curie: CPU: 3093.58%, Memory: 8.995GiB / 503.5GiB
romantic_curie: CPU: 3105.11%, Memory: 8.994GiB / 503.5GiB
romantic_curie: CPU: 3091.62%, Memory: 8.996GiB / 503.5GiB
romantic_curie: CPU: 3080.80%, Memory: 8.996GiB / 503.5GiB
romantic_curie: CPU: 3130.07%, Memory: 8.996GiB / 503.5GiB
romantic_curie: CPU: 3192.40%, Memory: 8.997GiB / 503.5GiB
romantic_curie: CPU: 3192.87%, Memory: 8.998GiB / 503.5GiB
romantic_curie: CPU: 3197.17%, Memory: 8.999GiB / 503.5GiB
romantic_curie: CPU: 3180.13%, Memory: 8.999GiB / 503.5GiB
romantic_curie: CPU: 3193.84%, Memory: 9GiB / 503.5GiB
romantic_curie: CPU: 3214.86%, Memory: 9.002GiB / 503.5GiB
romantic_curie: CPU: 3180.99%, Memory: 9.003GiB / 503.5GiB
romantic_curie: CPU: 3195.79%, Memory: 9.004GiB / 503.5GiB
romantic_curie: CPU: 3193.20%, Memory: 9.006GiB / 503.5GiB
romantic_curie: CPU: 3108.58%, Memory: 9.008GiB / 503.5GiB
romantic_curie: CPU: 3169.09%, Memory: 9.011GiB / 503.5GiB
romantic_curie: CPU: 3090.81%, Memory: 9.016GiB / 503.5GiB
romantic_curie: CPU: 100.09%, Memory: 9.016GiB / 503.5GiB
romantic_curie: CPU: 99.99%, Memory: 9.016GiB / 503.5GiB
romantic_curie: CPU: 100.05%, Memory: 7.912GiB / 503.5GiB
romantic_curie: CPU: 100.11%, Memory: 9.834GiB / 503.5GiB
romantic_curie: CPU: 100.18%, Memory: 11.4GiB / 503.5GiB
romantic_curie: CPU: 99.79%, Memory: 12.72GiB / 503.5GiB
romantic_curie: CPU: 2949.07%, Memory: 13.59GiB / 503.5GiB
romantic_curie: CPU: 3210.55%, Memory: 13.59GiB / 503.5GiB
romantic_curie: CPU: 3180.45%, Memory: 13.59GiB / 503.5GiB
romantic_curie: CPU: 2024.21%, Memory: 13.59GiB / 503.5GiB
romantic_curie: CPU: 99.77%, Memory: 13.59GiB / 503.5GiB
romantic_curie: CPU: 100.18%, Memory: 13.52GiB / 503.5GiB
romantic_curie: CPU: 100.08%, Memory: 9.808GiB / 503.5GiB
romantic_curie: CPU: 100.17%, Memory: 11.15GiB / 503.5GiB
romantic_curie: CPU: 100.14%, Memory: 12.49GiB / 503.5GiB
romantic_curie: CPU: 100.12%, Memory: 13.84GiB / 503.5GiB
romantic_curie: CPU: 1049.80%, Memory: 15.01GiB / 503.5GiB
romantic_curie: CPU: 3195.88%, Memory: 15.01GiB / 503.5GiB
romantic_curie: CPU: 3177.16%, Memory: 15.01GiB / 503.5GiB
romantic_curie: CPU: 3193.43%, Memory: 15.01GiB / 503.5GiB
romantic_curie: CPU: 3195.63%, Memory: 15.01GiB / 503.5GiB
romantic_curie: CPU: 3195.62%, Memory: 15.01GiB / 503.5GiB
romantic_curie: CPU: 3205.08%, Memory: 15.01GiB / 503.5GiB
romantic_curie: CPU: 3208.22%, Memory: 15.01GiB / 503.5GiB
romantic_curie: CPU: 3191.48%, Memory: 15.01GiB / 503.5GiB
romantic_curie: CPU: 3203.32%, Memory: 15.01GiB / 503.5GiB
romantic_curie: CPU: 3190.97%, Memory: 15.01GiB / 503.5GiB
romantic_curie: CPU: 3072.53%, Memory: 15.01GiB / 503.5GiB
romantic_curie: CPU: 3058.66%, Memory: 15.01GiB / 503.5GiB
romantic_curie: CPU: 3087.65%, Memory: 15.01GiB / 503.5GiB
romantic_curie: CPU: 3095.02%, Memory: 15.01GiB / 503.5GiB
romantic_curie: CPU: 3102.02%, Memory: 15.01GiB / 503.5GiB
romantic_curie: CPU: 3209.54%, Memory: 15.01GiB / 503.5GiB
romantic_curie: CPU: 3209.31%, Memory: 15.01GiB / 503.5GiB
romantic_curie: CPU: 3210.91%, Memory: 15.01GiB / 503.5GiB
romantic_curie: CPU: 3193.15%, Memory: 15.01GiB / 503.5GiB
romantic_curie: CPU: 3191.81%, Memory: 15.01GiB / 503.5GiB
romantic_curie: CPU: 3193.16%, Memory: 15.01GiB / 503.5GiB
romantic_curie: CPU: 3193.04%, Memory: 15.01GiB / 503.5GiB
romantic_curie: CPU: 3197.00%, Memory: 15.01GiB / 503.5GiB
romantic_curie: CPU: 3186.26%, Memory: 15.01GiB / 503.5GiB
romantic_curie: CPU: 3191.54%, Memory: 15.01GiB / 503.5GiB
romantic_curie: CPU: 3155.96%, Memory: 15.01GiB / 503.5GiB
romantic_curie: CPU: 3108.15%, Memory: 15.01GiB / 503.5GiB
romantic_curie: CPU: 3145.25%, Memory: 15.01GiB / 503.5GiB
romantic_curie: CPU: 3108.11%, Memory: 15.01GiB / 503.5GiB
romantic_curie: CPU: 3140.58%, Memory: 15.01GiB / 503.5GiB
romantic_curie: CPU: 100.12%, Memory: 15.01GiB / 503.5GiB
romantic_curie: CPU: 100.18%, Memory: 15.01GiB / 503.5GiB
romantic_curie: CPU: 99.75%, Memory: 11.07GiB / 503.5GiB
romantic_curie: CPU: 3178.39%, Memory: 12.02GiB / 503.5GiB
romantic_curie: CPU: 3205.97%, Memory: 12.02GiB / 503.5GiB
romantic_curie: CPU: 3203.42%, Memory: 12.02GiB / 503.5GiB
romantic_curie: CPU: 3210.87%, Memory: 12.02GiB / 503.5GiB
romantic_curie: CPU: 3190.22%, Memory: 12.02GiB / 503.5GiB
romantic_curie: CPU: 3205.90%, Memory: 12.02GiB / 503.5GiB
romantic_curie: CPU: 100.21%, Memory: 12.02GiB / 503.5GiB
interesting_bartik: CPU: 146.63%, Memory: 1.202GiB / 503.5GiB
interesting_bartik: CPU: 100.02%, Memory: 2.99GiB / 503.5GiB
interesting_bartik: CPU: 100.15%, Memory: 2.99GiB / 503.5GiB
interesting_bartik: CPU: 100.12%, Memory: 2.99GiB / 503.5GiB
interesting_bartik: CPU: 100.02%, Memory: 2.99GiB / 503.5GiB
interesting_bartik: CPU: 100.12%, Memory: 2.99GiB / 503.5GiB
interesting_bartik: CPU: 99.78%, Memory: 2.99GiB / 503.5GiB
interesting_bartik: CPU: 100.02%, Memory: 2.99GiB / 503.5GiB
interesting_bartik: CPU: 99.69%, Memory: 2.99GiB / 503.5GiB
interesting_bartik: CPU: 100.06%, Memory: 2.99GiB / 503.5GiB
interesting_bartik: CPU: 100.05%, Memory: 2.99GiB / 503.5GiB
interesting_bartik: CPU: 100.15%, Memory: 2.99GiB / 503.5GiB
interesting_bartik: CPU: 99.59%, Memory: 2.99GiB / 503.5GiB
interesting_bartik: CPU: 100.02%, Memory: 2.99GiB / 503.5GiB
interesting_bartik: CPU: 100.02%, Memory: 2.99GiB / 503.5GiB
interesting_bartik: CPU: 100.12%, Memory: 2.99GiB / 503.5GiB
interesting_bartik: CPU: 99.72%, Memory: 2.99GiB / 503.5GiB
interesting_bartik: CPU: 100.02%, Memory: 2.99GiB / 503.5GiB
interesting_bartik: CPU: 100.02%, Memory: 2.99GiB / 503.5GiB
interesting_bartik: CPU: 100.08%, Memory: 2.99GiB / 503.5GiB
interesting_bartik: CPU: 100.11%, Memory: 2.99GiB / 503.5GiB
interesting_bartik: CPU: 100.14%, Memory: 2.99GiB / 503.5GiB
interesting_bartik: CPU: 100.14%, Memory: 5.976GiB / 503.5GiB
interesting_bartik: CPU: 100.08%, Memory: 7.277GiB / 503.5GiB
interesting_bartik: CPU: 100.11%, Memory: 8.634GiB / 503.5GiB
interesting_bartik: CPU: 3198.07%, Memory: 8.993GiB / 503.5GiB
interesting_bartik: CPU: 3190.77%, Memory: 8.993GiB / 503.5GiB
interesting_bartik: CPU: 3195.36%, Memory: 8.994GiB / 503.5GiB
interesting_bartik: CPU: 3210.21%, Memory: 8.995GiB / 503.5GiB
interesting_bartik: CPU: 3094.06%, Memory: 8.995GiB / 503.5GiB
interesting_bartik: CPU: 3159.92%, Memory: 8.996GiB / 503.5GiB
interesting_bartik: CPU: 3094.43%, Memory: 8.996GiB / 503.5GiB
interesting_bartik: CPU: 3109.93%, Memory: 8.996GiB / 503.5GiB
interesting_bartik: CPU: 3188.44%, Memory: 8.998GiB / 503.5GiB
interesting_bartik: CPU: 3192.82%, Memory: 8.998GiB / 503.5GiB
interesting_bartik: CPU: 3194.31%, Memory: 8.999GiB / 503.5GiB
interesting_bartik: CPU: 3191.85%, Memory: 9GiB / 503.5GiB
interesting_bartik: CPU: 3207.45%, Memory: 9.001GiB / 503.5GiB
interesting_bartik: CPU: 3188.58%, Memory: 9.002GiB / 503.5GiB
interesting_bartik: CPU: 3196.78%, Memory: 9.003GiB / 503.5GiB
interesting_bartik: CPU: 3176.90%, Memory: 9.005GiB / 503.5GiB
interesting_bartik: CPU: 3194.31%, Memory: 9.007GiB / 503.5GiB
interesting_bartik: CPU: 3179.42%, Memory: 9.009GiB / 503.5GiB
interesting_bartik: CPU: 3206.81%, Memory: 9.013GiB / 503.5GiB
interesting_bartik: CPU: 100.08%, Memory: 9.016GiB / 503.5GiB
interesting_bartik: CPU: 100.08%, Memory: 9.016GiB / 503.5GiB
interesting_bartik: CPU: 100.45%, Memory: 7.44GiB / 503.5GiB
interesting_bartik: CPU: 100.15%, Memory: 9.54GiB / 503.5GiB
interesting_bartik: CPU: 100.17%, Memory: 11.18GiB / 503.5GiB
interesting_bartik: CPU: 100.15%, Memory: 12.56GiB / 503.5GiB
interesting_bartik: CPU: 2267.96%, Memory: 13.59GiB / 503.5GiB
interesting_bartik: CPU: 3187.64%, Memory: 13.59GiB / 503.5GiB
interesting_bartik: CPU: 3195.87%, Memory: 13.59GiB / 503.5GiB
interesting_bartik: CPU: 1761.09%, Memory: 13.59GiB / 503.5GiB
interesting_bartik: CPU: 100.12%, Memory: 13.59GiB / 503.5GiB
interesting_bartik: CPU: 100.08%, Memory: 9.038GiB / 503.5GiB
interesting_bartik: CPU: 100.05%, Memory: 10.22GiB / 503.5GiB
interesting_bartik: CPU: 99.78%, Memory: 11.61GiB / 503.5GiB
interesting_bartik: CPU: 99.69%, Memory: 13.01GiB / 503.5GiB
interesting_bartik: CPU: 100.15%, Memory: 14.41GiB / 503.5GiB
interesting_bartik: CPU: 3016.48%, Memory: 15.01GiB / 503.5GiB
interesting_bartik: CPU: 3196.37%, Memory: 15.01GiB / 503.5GiB
interesting_bartik: CPU: 3186.23%, Memory: 15.01GiB / 503.5GiB
interesting_bartik: CPU: 3186.91%, Memory: 15.01GiB / 503.5GiB
interesting_bartik: CPU: 3190.20%, Memory: 15.01GiB / 503.5GiB
interesting_bartik: CPU: 3205.64%, Memory: 15.01GiB / 503.5GiB
interesting_bartik: CPU: 3193.24%, Memory: 15.01GiB / 503.5GiB
interesting_bartik: CPU: 3194.27%, Memory: 15.01GiB / 503.5GiB
interesting_bartik: CPU: 3190.74%, Memory: 15.01GiB / 503.5GiB
interesting_bartik: CPU: 3182.56%, Memory: 15.01GiB / 503.5GiB
interesting_bartik: CPU: 3187.65%, Memory: 15.01GiB / 503.5GiB
interesting_bartik: CPU: 3189.90%, Memory: 15.01GiB / 503.5GiB
interesting_bartik: CPU: 3164.95%, Memory: 15.01GiB / 503.5GiB
interesting_bartik: CPU: 3095.83%, Memory: 15.01GiB / 503.5GiB
interesting_bartik: CPU: 3164.53%, Memory: 15.01GiB / 503.5GiB
interesting_bartik: CPU: 3093.07%, Memory: 15.01GiB / 503.5GiB
interesting_bartik: CPU: 3184.37%, Memory: 15.01GiB / 503.5GiB
interesting_bartik: CPU: 3179.24%, Memory: 15.01GiB / 503.5GiB
interesting_bartik: CPU: 3188.53%, Memory: 15.01GiB / 503.5GiB
interesting_bartik: CPU: 3195.37%, Memory: 15.01GiB / 503.5GiB
interesting_bartik: CPU: 3206.54%, Memory: 15.01GiB / 503.5GiB
interesting_bartik: CPU: 3200.58%, Memory: 15.01GiB / 503.5GiB
interesting_bartik: CPU: 3195.05%, Memory: 15.01GiB / 503.5GiB
interesting_bartik: CPU: 3190.99%, Memory: 15.01GiB / 503.5GiB
interesting_bartik: CPU: 3204.79%, Memory: 15.01GiB / 503.5GiB
interesting_bartik: CPU: 3196.13%, Memory: 15.01GiB / 503.5GiB
interesting_bartik: CPU: 3194.49%, Memory: 15.01GiB / 503.5GiB
interesting_bartik: CPU: 3190.98%, Memory: 15.01GiB / 503.5GiB
interesting_bartik: CPU: 3105.01%, Memory: 15.01GiB / 503.5GiB
interesting_bartik: CPU: 3144.42%, Memory: 15.01GiB / 503.5GiB
interesting_bartik: CPU: 100.03%, Memory: 15.01GiB / 503.5GiB
interesting_bartik: CPU: 100.02%, Memory: 15.01GiB / 503.5GiB
interesting_bartik: CPU: 100.02%, Memory: 9.865GiB / 503.5GiB
interesting_bartik: CPU: 2358.11%, Memory: 12.03GiB / 503.5GiB
interesting_bartik: CPU: 3197.55%, Memory: 12.02GiB / 503.5GiB
interesting_bartik: CPU: 3196.26%, Memory: 12.02GiB / 503.5GiB
interesting_bartik: CPU: 3187.90%, Memory: 12.02GiB / 503.5GiB
interesting_bartik: CPU: 3184.73%, Memory: 12.02GiB / 503.5GiB
interesting_bartik: CPU: 3206.53%, Memory: 12.02GiB / 503.5GiB
interesting_bartik: CPU: 325.13%, Memory: 12.02GiB / 503.5GiB
nostalgic_benz: CPU: 185.30%, Memory: 1.174GiB / 503.5GiB
nostalgic_benz: CPU: 99.72%, Memory: 2.99GiB / 503.5GiB
nostalgic_benz: CPU: 99.53%, Memory: 2.99GiB / 503.5GiB
nostalgic_benz: CPU: 99.16%, Memory: 2.99GiB / 503.5GiB
nostalgic_benz: CPU: 99.59%, Memory: 2.99GiB / 503.5GiB
nostalgic_benz: CPU: 100.02%, Memory: 2.99GiB / 503.5GiB
nostalgic_benz: CPU: 100.08%, Memory: 2.99GiB / 503.5GiB
nostalgic_benz: CPU: 100.05%, Memory: 2.99GiB / 503.5GiB
nostalgic_benz: CPU: 100.05%, Memory: 2.99GiB / 503.5GiB
nostalgic_benz: CPU: 100.09%, Memory: 2.99GiB / 503.5GiB
nostalgic_benz: CPU: 99.74%, Memory: 2.99GiB / 503.5GiB
nostalgic_benz: CPU: 100.01%, Memory: 2.99GiB / 503.5GiB
nostalgic_benz: CPU: 100.08%, Memory: 2.99GiB / 503.5GiB
nostalgic_benz: CPU: 99.62%, Memory: 2.99GiB / 503.5GiB
nostalgic_benz: CPU: 99.98%, Memory: 2.99GiB / 503.5GiB
nostalgic_benz: CPU: 100.01%, Memory: 2.99GiB / 503.5GiB
nostalgic_benz: CPU: 99.72%, Memory: 2.99GiB / 503.5GiB
nostalgic_benz: CPU: 99.57%, Memory: 2.99GiB / 503.5GiB
nostalgic_benz: CPU: 100.07%, Memory: 2.99GiB / 503.5GiB
nostalgic_benz: CPU: 100.15%, Memory: 2.99GiB / 503.5GiB
nostalgic_benz: CPU: 100.09%, Memory: 2.99GiB / 503.5GiB
nostalgic_benz: CPU: 100.10%, Memory: 2.99GiB / 503.5GiB
nostalgic_benz: CPU: 100.14%, Memory: 5.976GiB / 503.5GiB
nostalgic_benz: CPU: 99.99%, Memory: 7.227GiB / 503.5GiB
nostalgic_benz: CPU: 99.61%, Memory: 8.566GiB / 503.5GiB
nostalgic_benz: CPU: 3189.12%, Memory: 8.992GiB / 503.5GiB
nostalgic_benz: CPU: 3210.77%, Memory: 8.994GiB / 503.5GiB
nostalgic_benz: CPU: 3194.89%, Memory: 8.994GiB / 503.5GiB
nostalgic_benz: CPU: 3209.24%, Memory: 8.994GiB / 503.5GiB
nostalgic_benz: CPU: 3191.63%, Memory: 8.995GiB / 503.5GiB
nostalgic_benz: CPU: 3128.80%, Memory: 8.996GiB / 503.5GiB
nostalgic_benz: CPU: 3103.55%, Memory: 8.996GiB / 503.5GiB
nostalgic_benz: CPU: 3107.15%, Memory: 8.996GiB / 503.5GiB
nostalgic_benz: CPU: 3094.08%, Memory: 8.997GiB / 503.5GiB
nostalgic_benz: CPU: 3119.03%, Memory: 8.997GiB / 503.5GiB
nostalgic_benz: CPU: 3190.48%, Memory: 8.999GiB / 503.5GiB
nostalgic_benz: CPU: 3190.41%, Memory: 8.999GiB / 503.5GiB
nostalgic_benz: CPU: 3195.06%, Memory: 9GiB / 503.5GiB
nostalgic_benz: CPU: 3191.87%, Memory: 9.001GiB / 503.5GiB
nostalgic_benz: CPU: 3193.08%, Memory: 9.002GiB / 503.5GiB
nostalgic_benz: CPU: 3197.34%, Memory: 9.004GiB / 503.5GiB
nostalgic_benz: CPU: 3206.22%, Memory: 9.005GiB / 503.5GiB
nostalgic_benz: CPU: 3192.88%, Memory: 9.008GiB / 503.5GiB
nostalgic_benz: CPU: 3205.43%, Memory: 9.011GiB / 503.5GiB
nostalgic_benz: CPU: 2336.41%, Memory: 9.017GiB / 503.5GiB
nostalgic_benz: CPU: 100.11%, Memory: 9.016GiB / 503.5GiB
nostalgic_benz: CPU: 100.09%, Memory: 6.146GiB / 503.5GiB
nostalgic_benz: CPU: 99.93%, Memory: 9.011GiB / 503.5GiB
nostalgic_benz: CPU: 100.05%, Memory: 10.6GiB / 503.5GiB
nostalgic_benz: CPU: 99.68%, Memory: 11.94GiB / 503.5GiB
nostalgic_benz: CPU: 99.93%, Memory: 13.28GiB / 503.5GiB
nostalgic_benz: CPU: 3196.64%, Memory: 13.59GiB / 503.5GiB
nostalgic_benz: CPU: 3174.25%, Memory: 13.59GiB / 503.5GiB
nostalgic_benz: CPU: 3197.73%, Memory: 13.59GiB / 503.5GiB
nostalgic_benz: CPU: 99.72%, Memory: 13.59GiB / 503.5GiB
nostalgic_benz: CPU: 100.08%, Memory: 13.59GiB / 503.5GiB
nostalgic_benz: CPU: 100.08%, Memory: 9.552GiB / 503.5GiB
nostalgic_benz: CPU: 99.71%, Memory: 10.89GiB / 503.5GiB
nostalgic_benz: CPU: 99.71%, Memory: 12.22GiB / 503.5GiB
nostalgic_benz: CPU: 99.75%, Memory: 13.53GiB / 503.5GiB
nostalgic_benz: CPU: 100.08%, Memory: 14.81GiB / 503.5GiB
nostalgic_benz: CPU: 3094.11%, Memory: 15.01GiB / 503.5GiB
nostalgic_benz: CPU: 3095.66%, Memory: 15.01GiB / 503.5GiB
nostalgic_benz: CPU: 3092.85%, Memory: 15.01GiB / 503.5GiB
nostalgic_benz: CPU: 3193.77%, Memory: 15.01GiB / 503.5GiB
nostalgic_benz: CPU: 3180.05%, Memory: 15.01GiB / 503.5GiB
nostalgic_benz: CPU: 3183.22%, Memory: 15.01GiB / 503.5GiB
nostalgic_benz: CPU: 3177.84%, Memory: 15.01GiB / 503.5GiB
nostalgic_benz: CPU: 3192.89%, Memory: 15.01GiB / 503.5GiB
nostalgic_benz: CPU: 3195.71%, Memory: 15.01GiB / 503.5GiB
nostalgic_benz: CPU: 3195.78%, Memory: 15.01GiB / 503.5GiB
nostalgic_benz: CPU: 3206.69%, Memory: 15.01GiB / 503.5GiB
nostalgic_benz: CPU: 3203.71%, Memory: 15.01GiB / 503.5GiB
nostalgic_benz: CPU: 3197.27%, Memory: 15.01GiB / 503.5GiB
nostalgic_benz: CPU: 3197.80%, Memory: 15.01GiB / 503.5GiB
nostalgic_benz: CPU: 3078.51%, Memory: 15.01GiB / 503.5GiB
nostalgic_benz: CPU: 3120.00%, Memory: 15.01GiB / 503.5GiB
nostalgic_benz: CPU: 3097.06%, Memory: 15.01GiB / 503.5GiB
nostalgic_benz: CPU: 2993.93%, Memory: 15.01GiB / 503.5GiB
nostalgic_benz: CPU: 3139.58%, Memory: 15.01GiB / 503.5GiB
nostalgic_benz: CPU: 3153.62%, Memory: 15.01GiB / 503.5GiB
nostalgic_benz: CPU: 3194.14%, Memory: 15.01GiB / 503.5GiB
nostalgic_benz: CPU: 3196.24%, Memory: 15.01GiB / 503.5GiB
nostalgic_benz: CPU: 3190.83%, Memory: 15.01GiB / 503.5GiB
nostalgic_benz: CPU: 3193.35%, Memory: 15.01GiB / 503.5GiB
nostalgic_benz: CPU: 3194.12%, Memory: 15.01GiB / 503.5GiB
nostalgic_benz: CPU: 3195.78%, Memory: 15.01GiB / 503.5GiB
nostalgic_benz: CPU: 3203.02%, Memory: 15.01GiB / 503.5GiB
nostalgic_benz: CPU: 3205.76%, Memory: 15.01GiB / 503.5GiB
nostalgic_benz: CPU: 3195.57%, Memory: 15.01GiB / 503.5GiB
nostalgic_benz: CPU: 3141.24%, Memory: 15.01GiB / 503.5GiB
nostalgic_benz: CPU: 3107.88%, Memory: 15.01GiB / 503.5GiB
nostalgic_benz: CPU: 141.95%, Memory: 15.01GiB / 503.5GiB
nostalgic_benz: CPU: 100.04%, Memory: 15.01GiB / 503.5GiB
nostalgic_benz: CPU: 100.21%, Memory: 9.345GiB / 503.5GiB
nostalgic_benz: CPU: 984.34%, Memory: 12.03GiB / 503.5GiB
nostalgic_benz: CPU: 3197.06%, Memory: 12.02GiB / 503.5GiB
nostalgic_benz: CPU: 3208.89%, Memory: 12.02GiB / 503.5GiB
nostalgic_benz: CPU: 3195.34%, Memory: 12.02GiB / 503.5GiB
nostalgic_benz: CPU: 3195.13%, Memory: 12.02GiB / 503.5GiB
nostalgic_benz: CPU: 3198.78%, Memory: 12.02GiB / 503.5GiB
nostalgic_benz: CPU: 896.43%, Memory: 12.02GiB / 503.5GiB
sweet_sutherland: CPU: 137.15%, Memory: 1.209GiB / 503.5GiB
sweet_sutherland: CPU: 100.18%, Memory: 2.99GiB / 503.5GiB
sweet_sutherland: CPU: 100.08%, Memory: 2.99GiB / 503.5GiB
sweet_sutherland: CPU: 99.50%, Memory: 2.99GiB / 503.5GiB
sweet_sutherland: CPU: 99.96%, Memory: 2.99GiB / 503.5GiB
sweet_sutherland: CPU: 99.66%, Memory: 2.99GiB / 503.5GiB
sweet_sutherland: CPU: 100.02%, Memory: 2.99GiB / 503.5GiB
sweet_sutherland: CPU: 100.12%, Memory: 2.99GiB / 503.5GiB
sweet_sutherland: CPU: 100.05%, Memory: 2.99GiB / 503.5GiB
sweet_sutherland: CPU: 100.12%, Memory: 2.99GiB / 503.5GiB
sweet_sutherland: CPU: 99.60%, Memory: 2.99GiB / 503.5GiB
sweet_sutherland: CPU: 99.69%, Memory: 2.99GiB / 503.5GiB
sweet_sutherland: CPU: 100.15%, Memory: 2.99GiB / 503.5GiB
sweet_sutherland: CPU: 100.18%, Memory: 2.99GiB / 503.5GiB
sweet_sutherland: CPU: 100.02%, Memory: 2.99GiB / 503.5GiB
sweet_sutherland: CPU: 99.93%, Memory: 2.99GiB / 503.5GiB
sweet_sutherland: CPU: 100.02%, Memory: 2.99GiB / 503.5GiB
sweet_sutherland: CPU: 100.15%, Memory: 2.99GiB / 503.5GiB
sweet_sutherland: CPU: 100.12%, Memory: 2.99GiB / 503.5GiB
sweet_sutherland: CPU: 100.02%, Memory: 2.99GiB / 503.5GiB
sweet_sutherland: CPU: 100.08%, Memory: 2.99GiB / 503.5GiB
sweet_sutherland: CPU: 99.80%, Memory: 2.99GiB / 503.5GiB
sweet_sutherland: CPU: 100.05%, Memory: 5.976GiB / 503.5GiB
sweet_sutherland: CPU: 100.08%, Memory: 7.191GiB / 503.5GiB
sweet_sutherland: CPU: 99.68%, Memory: 8.469GiB / 503.5GiB
sweet_sutherland: CPU: 3191.09%, Memory: 8.993GiB / 503.5GiB
sweet_sutherland: CPU: 3194.89%, Memory: 8.993GiB / 503.5GiB
sweet_sutherland: CPU: 3201.10%, Memory: 8.994GiB / 503.5GiB
sweet_sutherland: CPU: 3191.21%, Memory: 8.995GiB / 503.5GiB
sweet_sutherland: CPU: 3205.74%, Memory: 8.995GiB / 503.5GiB
sweet_sutherland: CPU: 3194.30%, Memory: 8.996GiB / 503.5GiB
sweet_sutherland: CPU: 3108.59%, Memory: 8.997GiB / 503.5GiB
sweet_sutherland: CPU: 3182.90%, Memory: 8.996GiB / 503.5GiB
sweet_sutherland: CPU: 3090.56%, Memory: 8.997GiB / 503.5GiB
sweet_sutherland: CPU: 3173.26%, Memory: 8.997GiB / 503.5GiB
sweet_sutherland: CPU: 3190.42%, Memory: 8.999GiB / 503.5GiB
sweet_sutherland: CPU: 3193.10%, Memory: 9GiB / 503.5GiB
sweet_sutherland: CPU: 3194.61%, Memory: 9.001GiB / 503.5GiB
sweet_sutherland: CPU: 3195.05%, Memory: 9.002GiB / 503.5GiB
sweet_sutherland: CPU: 3197.82%, Memory: 9.003GiB / 503.5GiB
sweet_sutherland: CPU: 3196.36%, Memory: 9.005GiB / 503.5GiB
sweet_sutherland: CPU: 3207.21%, Memory: 9.006GiB / 503.5GiB
sweet_sutherland: CPU: 3190.69%, Memory: 9.009GiB / 503.5GiB
sweet_sutherland: CPU: 3191.79%, Memory: 9.014GiB / 503.5GiB
sweet_sutherland: CPU: 100.05%, Memory: 9.017GiB / 503.5GiB
sweet_sutherland: CPU: 100.12%, Memory: 9.017GiB / 503.5GiB
sweet_sutherland: CPU: 100.15%, Memory: 7.124GiB / 503.5GiB
sweet_sutherland: CPU: 100.08%, Memory: 9.378GiB / 503.5GiB
sweet_sutherland: CPU: 99.69%, Memory: 10.97GiB / 503.5GiB
sweet_sutherland: CPU: 100.05%, Memory: 12.24GiB / 503.5GiB
sweet_sutherland: CPU: 100.05%, Memory: 13.52GiB / 503.5GiB
sweet_sutherland: CPU: 3208.72%, Memory: 13.59GiB / 503.5GiB
sweet_sutherland: CPU: 3196.67%, Memory: 13.59GiB / 503.5GiB
sweet_sutherland: CPU: 3155.42%, Memory: 13.59GiB / 503.5GiB
sweet_sutherland: CPU: 100.15%, Memory: 13.59GiB / 503.5GiB
sweet_sutherland: CPU: 99.68%, Memory: 13.59GiB / 503.5GiB
sweet_sutherland: CPU: 100.09%, Memory: 9.774GiB / 503.5GiB
sweet_sutherland: CPU: 100.09%, Memory: 11.1GiB / 503.5GiB
sweet_sutherland: CPU: 99.99%, Memory: 12.42GiB / 503.5GiB
sweet_sutherland: CPU: 100.03%, Memory: 13.69GiB / 503.5GiB
sweet_sutherland: CPU: 100.03%, Memory: 14.94GiB / 503.5GiB
sweet_sutherland: CPU: 3094.41%, Memory: 15.01GiB / 503.5GiB
sweet_sutherland: CPU: 3086.46%, Memory: 15.01GiB / 503.5GiB
sweet_sutherland: CPU: 3151.54%, Memory: 15.01GiB / 503.5GiB
sweet_sutherland: CPU: 3181.42%, Memory: 15.01GiB / 503.5GiB
sweet_sutherland: CPU: 3188.62%, Memory: 15.01GiB / 503.5GiB
sweet_sutherland: CPU: 3193.03%, Memory: 15.01GiB / 503.5GiB
sweet_sutherland: CPU: 3174.54%, Memory: 15.01GiB / 503.5GiB
sweet_sutherland: CPU: 3159.38%, Memory: 15.01GiB / 503.5GiB
sweet_sutherland: CPU: 3194.65%, Memory: 15.01GiB / 503.5GiB
sweet_sutherland: CPU: 3195.41%, Memory: 15.01GiB / 503.5GiB
sweet_sutherland: CPU: 3203.31%, Memory: 15.01GiB / 503.5GiB
sweet_sutherland: CPU: 3207.33%, Memory: 15.01GiB / 503.5GiB
sweet_sutherland: CPU: 3189.78%, Memory: 15.01GiB / 503.5GiB
sweet_sutherland: CPU: 3192.15%, Memory: 15.01GiB / 503.5GiB
sweet_sutherland: CPU: 3108.35%, Memory: 15.01GiB / 503.5GiB
sweet_sutherland: CPU: 3090.50%, Memory: 15.01GiB / 503.5GiB
sweet_sutherland: CPU: 3084.96%, Memory: 15.01GiB / 503.5GiB
sweet_sutherland: CPU: 3104.45%, Memory: 15.01GiB / 503.5GiB
sweet_sutherland: CPU: 3125.01%, Memory: 15.01GiB / 503.5GiB
sweet_sutherland: CPU: 3209.54%, Memory: 15.01GiB / 503.5GiB
sweet_sutherland: CPU: 3207.72%, Memory: 15.01GiB / 503.5GiB
sweet_sutherland: CPU: 3197.03%, Memory: 15.01GiB / 503.5GiB
sweet_sutherland: CPU: 3204.03%, Memory: 15.01GiB / 503.5GiB
sweet_sutherland: CPU: 3183.74%, Memory: 15.01GiB / 503.5GiB
sweet_sutherland: CPU: 3208.63%, Memory: 15.01GiB / 503.5GiB
sweet_sutherland: CPU: 3189.83%, Memory: 15.01GiB / 503.5GiB
sweet_sutherland: CPU: 3195.34%, Memory: 15.01GiB / 503.5GiB
sweet_sutherland: CPU: 3178.96%, Memory: 15.01GiB / 503.5GiB
sweet_sutherland: CPU: 3188.64%, Memory: 15.01GiB / 503.5GiB
sweet_sutherland: CPU: 3202.32%, Memory: 15.01GiB / 503.5GiB
sweet_sutherland: CPU: 3091.98%, Memory: 15.01GiB / 503.5GiB
sweet_sutherland: CPU: 100.12%, Memory: 15.01GiB / 503.5GiB
sweet_sutherland: CPU: 100.11%, Memory: 15.01GiB / 503.5GiB
sweet_sutherland: CPU: 100.15%, Memory: 10.43GiB / 503.5GiB
sweet_sutherland: CPU: 3197.34%, Memory: 12.02GiB / 503.5GiB
sweet_sutherland: CPU: 3208.72%, Memory: 12.02GiB / 503.5GiB
sweet_sutherland: CPU: 3196.01%, Memory: 12.02GiB / 503.5GiB
sweet_sutherland: CPU: 3185.90%, Memory: 12.02GiB / 503.5GiB
sweet_sutherland: CPU: 3186.66%, Memory: 12.02GiB / 503.5GiB
sweet_sutherland: CPU: 3211.56%, Memory: 12.02GiB / 503.5GiB
sweet_sutherland: CPU: 1439.15%, Memory: 12.02GiB / 503.5GiB
condescending_varahamihira: CPU: 131.84%, Memory: 1.219GiB / 503.5GiB
condescending_varahamihira: CPU: 100.30%, Memory: 2.99GiB / 503.5GiB
condescending_varahamihira: CPU: 99.69%, Memory: 2.99GiB / 503.5GiB
condescending_varahamihira: CPU: 100.05%, Memory: 2.99GiB / 503.5GiB
condescending_varahamihira: CPU: 99.62%, Memory: 2.99GiB / 503.5GiB
condescending_varahamihira: CPU: 100.08%, Memory: 2.99GiB / 503.5GiB
condescending_varahamihira: CPU: 100.05%, Memory: 2.99GiB / 503.5GiB
condescending_varahamihira: CPU: 100.02%, Memory: 2.99GiB / 503.5GiB
condescending_varahamihira: CPU: 99.68%, Memory: 2.99GiB / 503.5GiB
condescending_varahamihira: CPU: 99.71%, Memory: 2.99GiB / 503.5GiB
condescending_varahamihira: CPU: 100.15%, Memory: 2.99GiB / 503.5GiB
condescending_varahamihira: CPU: 100.05%, Memory: 2.99GiB / 503.5GiB
condescending_varahamihira: CPU: 100.02%, Memory: 2.99GiB / 503.5GiB
condescending_varahamihira: CPU: 100.02%, Memory: 2.99GiB / 503.5GiB
condescending_varahamihira: CPU: 100.08%, Memory: 2.99GiB / 503.5GiB
condescending_varahamihira: CPU: 100.18%, Memory: 2.99GiB / 503.5GiB
condescending_varahamihira: CPU: 99.49%, Memory: 2.99GiB / 503.5GiB
condescending_varahamihira: CPU: 100.02%, Memory: 2.99GiB / 503.5GiB
condescending_varahamihira: CPU: 98.76%, Memory: 2.99GiB / 503.5GiB
condescending_varahamihira: CPU: 100.02%, Memory: 2.99GiB / 503.5GiB
condescending_varahamihira: CPU: 99.99%, Memory: 2.99GiB / 503.5GiB
condescending_varahamihira: CPU: 100.18%, Memory: 2.99GiB / 503.5GiB
condescending_varahamihira: CPU: 100.15%, Memory: 5.976GiB / 503.5GiB
condescending_varahamihira: CPU: 100.18%, Memory: 7.287GiB / 503.5GiB
condescending_varahamihira: CPU: 100.08%, Memory: 8.651GiB / 503.5GiB
condescending_varahamihira: CPU: 3196.06%, Memory: 8.992GiB / 503.5GiB
condescending_varahamihira: CPU: 3191.19%, Memory: 8.993GiB / 503.5GiB
condescending_varahamihira: CPU: 3198.78%, Memory: 8.994GiB / 503.5GiB
condescending_varahamihira: CPU: 3199.80%, Memory: 8.994GiB / 503.5GiB
condescending_varahamihira: CPU: 3212.66%, Memory: 8.995GiB / 503.5GiB
condescending_varahamihira: CPU: 3192.03%, Memory: 8.995GiB / 503.5GiB
condescending_varahamihira: CPU: 3094.23%, Memory: 8.996GiB / 503.5GiB
condescending_varahamihira: CPU: 3172.62%, Memory: 8.996GiB / 503.5GiB
condescending_varahamihira: CPU: 3104.44%, Memory: 8.997GiB / 503.5GiB
condescending_varahamihira: CPU: 3130.84%, Memory: 8.997GiB / 503.5GiB
condescending_varahamihira: CPU: 3206.84%, Memory: 8.999GiB / 503.5GiB
condescending_varahamihira: CPU: 3189.53%, Memory: 9GiB / 503.5GiB
condescending_varahamihira: CPU: 3200.40%, Memory: 9GiB / 503.5GiB
condescending_varahamihira: CPU: 3194.50%, Memory: 9.001GiB / 503.5GiB
condescending_varahamihira: CPU: 3195.86%, Memory: 9.003GiB / 503.5GiB
condescending_varahamihira: CPU: 3205.69%, Memory: 9.004GiB / 503.5GiB
condescending_varahamihira: CPU: 3198.95%, Memory: 9.005GiB / 503.5GiB
condescending_varahamihira: CPU: 3203.75%, Memory: 9.007GiB / 503.5GiB
condescending_varahamihira: CPU: 3194.11%, Memory: 9.01GiB / 503.5GiB
condescending_varahamihira: CPU: 3194.17%, Memory: 9.018GiB / 503.5GiB
condescending_varahamihira: CPU: 100.12%, Memory: 9.016GiB / 503.5GiB
condescending_varahamihira: CPU: 100.11%, Memory: 9.016GiB / 503.5GiB
condescending_varahamihira: CPU: 100.15%, Memory: 8.396GiB / 503.5GiB
condescending_varahamihira: CPU: 99.65%, Memory: 10.06GiB / 503.5GiB
condescending_varahamihira: CPU: 99.66%, Memory: 11.52GiB / 503.5GiB
condescending_varahamihira: CPU: 100.18%, Memory: 12.81GiB / 503.5GiB
condescending_varahamihira: CPU: 3197.35%, Memory: 13.59GiB / 503.5GiB
condescending_varahamihira: CPU: 3195.46%, Memory: 13.59GiB / 503.5GiB
condescending_varahamihira: CPU: 3186.72%, Memory: 13.59GiB / 503.5GiB
condescending_varahamihira: CPU: 597.11%, Memory: 13.59GiB / 503.5GiB
condescending_varahamihira: CPU: 100.12%, Memory: 13.59GiB / 503.5GiB
condescending_varahamihira: CPU: 100.09%, Memory: 9.18GiB / 503.5GiB
condescending_varahamihira: CPU: 99.78%, Memory: 10.56GiB / 503.5GiB
condescending_varahamihira: CPU: 100.05%, Memory: 11.94GiB / 503.5GiB
condescending_varahamihira: CPU: 100.36%, Memory: 13.29GiB / 503.5GiB
condescending_varahamihira: CPU: 100.02%, Memory: 14.61GiB / 503.5GiB
condescending_varahamihira: CPU: 3106.35%, Memory: 15.01GiB / 503.5GiB
condescending_varahamihira: CPU: 3094.82%, Memory: 15.01GiB / 503.5GiB
condescending_varahamihira: CPU: 3139.81%, Memory: 15.01GiB / 503.5GiB
condescending_varahamihira: CPU: 3180.81%, Memory: 15.01GiB / 503.5GiB
condescending_varahamihira: CPU: 3209.61%, Memory: 15.01GiB / 503.5GiB
condescending_varahamihira: CPU: 3198.74%, Memory: 15.01GiB / 503.5GiB
condescending_varahamihira: CPU: 3190.61%, Memory: 15.01GiB / 503.5GiB
condescending_varahamihira: CPU: 3178.82%, Memory: 15.01GiB / 503.5GiB
condescending_varahamihira: CPU: 3177.64%, Memory: 15.01GiB / 503.5GiB
condescending_varahamihira: CPU: 3198.36%, Memory: 15.01GiB / 503.5GiB
condescending_varahamihira: CPU: 3209.12%, Memory: 15.01GiB / 503.5GiB
condescending_varahamihira: CPU: 3199.49%, Memory: 15.01GiB / 503.5GiB
condescending_varahamihira: CPU: 3190.53%, Memory: 15.01GiB / 503.5GiB
condescending_varahamihira: CPU: 3211.15%, Memory: 15.01GiB / 503.5GiB
condescending_varahamihira: CPU: 3128.38%, Memory: 15.01GiB / 503.5GiB
condescending_varahamihira: CPU: 3047.94%, Memory: 15.01GiB / 503.5GiB
condescending_varahamihira: CPU: 3134.45%, Memory: 15.01GiB / 503.5GiB
condescending_varahamihira: CPU: 3085.79%, Memory: 15.01GiB / 503.5GiB
condescending_varahamihira: CPU: 3181.44%, Memory: 15.01GiB / 503.5GiB
condescending_varahamihira: CPU: 3197.19%, Memory: 15.01GiB / 503.5GiB
condescending_varahamihira: CPU: 3204.62%, Memory: 15.01GiB / 503.5GiB
condescending_varahamihira: CPU: 3202.11%, Memory: 15.01GiB / 503.5GiB
condescending_varahamihira: CPU: 3204.99%, Memory: 15.01GiB / 503.5GiB
condescending_varahamihira: CPU: 3198.18%, Memory: 15.01GiB / 503.5GiB
condescending_varahamihira: CPU: 3194.86%, Memory: 15.01GiB / 503.5GiB
condescending_varahamihira: CPU: 3194.27%, Memory: 15.01GiB / 503.5GiB
condescending_varahamihira: CPU: 3189.58%, Memory: 15.01GiB / 503.5GiB
condescending_varahamihira: CPU: 3199.29%, Memory: 15.01GiB / 503.5GiB
condescending_varahamihira: CPU: 3182.72%, Memory: 15.01GiB / 503.5GiB
condescending_varahamihira: CPU: 3196.36%, Memory: 15.01GiB / 503.5GiB
condescending_varahamihira: CPU: 3090.56%, Memory: 15.01GiB / 503.5GiB
condescending_varahamihira: CPU: 3156.88%, Memory: 15.01GiB / 503.5GiB
condescending_varahamihira: CPU: 1191.00%, Memory: 15.01GiB / 503.5GiB
condescending_varahamihira: CPU: 100.08%, Memory: 15.01GiB / 503.5GiB
condescending_varahamihira: CPU: 99.65%, Memory: 15.01GiB / 503.5GiB
condescending_varahamihira: CPU: 100.15%, Memory: 11.28GiB / 503.5GiB
condescending_varahamihira: CPU: 3195.55%, Memory: 12.02GiB / 503.5GiB
condescending_varahamihira: CPU: 3191.10%, Memory: 12.02GiB / 503.5GiB
condescending_varahamihira: CPU: 3192.78%, Memory: 12.02GiB / 503.5GiB
condescending_varahamihira: CPU: 3196.16%, Memory: 12.02GiB / 503.5GiB
condescending_varahamihira: CPU: 3195.92%, Memory: 12.02GiB / 503.5GiB
condescending_varahamihira: CPU: 3188.81%, Memory: 12.02GiB / 503.5GiB
condescending_varahamihira: CPU: 107.39%, Memory: 12.02GiB / 503.5GiB
nostalgic_burnell: CPU: 134.72%, Memory: 1.211GiB / 503.5GiB
nostalgic_burnell: CPU: 100.21%, Memory: 2.99GiB / 503.5GiB
nostalgic_burnell: CPU: 99.65%, Memory: 2.99GiB / 503.5GiB
nostalgic_burnell: CPU: 99.81%, Memory: 2.99GiB / 503.5GiB
nostalgic_burnell: CPU: 100.18%, Memory: 2.99GiB / 503.5GiB
nostalgic_burnell: CPU: 99.81%, Memory: 2.99GiB / 503.5GiB
nostalgic_burnell: CPU: 99.93%, Memory: 2.99GiB / 503.5GiB
nostalgic_burnell: CPU: 100.18%, Memory: 2.99GiB / 503.5GiB
nostalgic_burnell: CPU: 99.65%, Memory: 2.99GiB / 503.5GiB
nostalgic_burnell: CPU: 100.09%, Memory: 2.99GiB / 503.5GiB
nostalgic_burnell: CPU: 100.06%, Memory: 2.99GiB / 503.5GiB
nostalgic_burnell: CPU: 100.09%, Memory: 2.99GiB / 503.5GiB
nostalgic_burnell: CPU: 100.15%, Memory: 2.99GiB / 503.5GiB
nostalgic_burnell: CPU: 100.02%, Memory: 2.99GiB / 503.5GiB
nostalgic_burnell: CPU: 100.12%, Memory: 2.99GiB / 503.5GiB
nostalgic_burnell: CPU: 99.96%, Memory: 2.99GiB / 503.5GiB
nostalgic_burnell: CPU: 99.93%, Memory: 2.99GiB / 503.5GiB
nostalgic_burnell: CPU: 100.09%, Memory: 2.99GiB / 503.5GiB
nostalgic_burnell: CPU: 99.84%, Memory: 2.99GiB / 503.5GiB
nostalgic_burnell: CPU: 99.62%, Memory: 2.99GiB / 503.5GiB
nostalgic_burnell: CPU: 100.12%, Memory: 2.99GiB / 503.5GiB
nostalgic_burnell: CPU: 100.09%, Memory: 2.99GiB / 503.5GiB
nostalgic_burnell: CPU: 100.15%, Memory: 5.976GiB / 503.5GiB
nostalgic_burnell: CPU: 100.17%, Memory: 7.274GiB / 503.5GiB
nostalgic_burnell: CPU: 100.14%, Memory: 8.637GiB / 503.5GiB
nostalgic_burnell: CPU: 3211.26%, Memory: 8.992GiB / 503.5GiB
nostalgic_burnell: CPU: 3202.49%, Memory: 8.993GiB / 503.5GiB
nostalgic_burnell: CPU: 3196.29%, Memory: 8.994GiB / 503.5GiB
nostalgic_burnell: CPU: 3206.16%, Memory: 8.995GiB / 503.5GiB
nostalgic_burnell: CPU: 3206.70%, Memory: 8.995GiB / 503.5GiB
nostalgic_burnell: CPU: 3097.12%, Memory: 8.995GiB / 503.5GiB
nostalgic_burnell: CPU: 3178.51%, Memory: 8.996GiB / 503.5GiB
nostalgic_burnell: CPU: 3104.90%, Memory: 8.997GiB / 503.5GiB
nostalgic_burnell: CPU: 3127.94%, Memory: 8.997GiB / 503.5GiB
nostalgic_burnell: CPU: 3196.53%, Memory: 8.998GiB / 503.5GiB
nostalgic_burnell: CPU: 3189.27%, Memory: 8.999GiB / 503.5GiB
nostalgic_burnell: CPU: 3194.12%, Memory: 9GiB / 503.5GiB
nostalgic_burnell: CPU: 3192.35%, Memory: 9GiB / 503.5GiB
nostalgic_burnell: CPU: 3210.83%, Memory: 9.002GiB / 503.5GiB
nostalgic_burnell: CPU: 3166.04%, Memory: 9.003GiB / 503.5GiB
nostalgic_burnell: CPU: 3204.74%, Memory: 9.004GiB / 503.5GiB
nostalgic_burnell: CPU: 3191.89%, Memory: 9.006GiB / 503.5GiB
nostalgic_burnell: CPU: 3184.80%, Memory: 9.008GiB / 503.5GiB
nostalgic_burnell: CPU: 3195.25%, Memory: 9.011GiB / 503.5GiB
nostalgic_burnell: CPU: 1208.49%, Memory: 9.017GiB / 503.5GiB
nostalgic_burnell: CPU: 100.15%, Memory: 9.016GiB / 503.5GiB
nostalgic_burnell: CPU: 100.05%, Memory: 6.119GiB / 503.5GiB
nostalgic_burnell: CPU: 100.12%, Memory: 9.011GiB / 503.5GiB
nostalgic_burnell: CPU: 100.08%, Memory: 10.61GiB / 503.5GiB
nostalgic_burnell: CPU: 100.11%, Memory: 11.96GiB / 503.5GiB
nostalgic_burnell: CPU: 100.15%, Memory: 13.31GiB / 503.5GiB
nostalgic_burnell: CPU: 3166.38%, Memory: 13.59GiB / 503.5GiB
nostalgic_burnell: CPU: 3197.30%, Memory: 13.59GiB / 503.5GiB
nostalgic_burnell: CPU: 3197.00%, Memory: 13.59GiB / 503.5GiB
nostalgic_burnell: CPU: 100.12%, Memory: 13.59GiB / 503.5GiB
nostalgic_burnell: CPU: 100.12%, Memory: 13.59GiB / 503.5GiB
nostalgic_burnell: CPU: 100.21%, Memory: 9.464GiB / 503.5GiB
nostalgic_burnell: CPU: 100.12%, Memory: 10.82GiB / 503.5GiB
nostalgic_burnell: CPU: 100.05%, Memory: 12.07GiB / 503.5GiB
nostalgic_burnell: CPU: 100.09%, Memory: 13.3GiB / 503.5GiB
nostalgic_burnell: CPU: 100.03%, Memory: 14.54GiB / 503.5GiB
nostalgic_burnell: CPU: 3085.69%, Memory: 15.01GiB / 503.5GiB
nostalgic_burnell: CPU: 3203.46%, Memory: 15.01GiB / 503.5GiB
nostalgic_burnell: CPU: 3193.40%, Memory: 15.01GiB / 503.5GiB
nostalgic_burnell: CPU: 3196.45%, Memory: 15.01GiB / 503.5GiB
nostalgic_burnell: CPU: 3187.55%, Memory: 15.01GiB / 503.5GiB
nostalgic_burnell: CPU: 3187.59%, Memory: 15.01GiB / 503.5GiB
nostalgic_burnell: CPU: 3206.45%, Memory: 15.01GiB / 503.5GiB
nostalgic_burnell: CPU: 3194.07%, Memory: 15.01GiB / 503.5GiB
nostalgic_burnell: CPU: 3209.73%, Memory: 15.01GiB / 503.5GiB
nostalgic_burnell: CPU: 3201.02%, Memory: 15.01GiB / 503.5GiB
nostalgic_burnell: CPU: 3189.28%, Memory: 15.01GiB / 503.5GiB
nostalgic_burnell: CPU: 3191.78%, Memory: 15.01GiB / 503.5GiB
nostalgic_burnell: CPU: 3150.02%, Memory: 15.01GiB / 503.5GiB
nostalgic_burnell: CPU: 3077.50%, Memory: 15.01GiB / 503.5GiB
nostalgic_burnell: CPU: 3027.89%, Memory: 15.01GiB / 503.5GiB
nostalgic_burnell: CPU: 3081.09%, Memory: 15.01GiB / 503.5GiB
nostalgic_burnell: CPU: 3164.01%, Memory: 15.01GiB / 503.5GiB
nostalgic_burnell: CPU: 3189.36%, Memory: 15.01GiB / 503.5GiB
nostalgic_burnell: CPU: 3193.28%, Memory: 15.01GiB / 503.5GiB
nostalgic_burnell: CPU: 3193.32%, Memory: 15.01GiB / 503.5GiB
nostalgic_burnell: CPU: 3207.64%, Memory: 15.01GiB / 503.5GiB
nostalgic_burnell: CPU: 3195.26%, Memory: 15.01GiB / 503.5GiB
nostalgic_burnell: CPU: 3188.06%, Memory: 15.01GiB / 503.5GiB
nostalgic_burnell: CPU: 3207.72%, Memory: 15.01GiB / 503.5GiB
nostalgic_burnell: CPU: 3192.13%, Memory: 15.01GiB / 503.5GiB
nostalgic_burnell: CPU: 3192.43%, Memory: 15.01GiB / 503.5GiB
nostalgic_burnell: CPU: 3189.97%, Memory: 15.01GiB / 503.5GiB
nostalgic_burnell: CPU: 3177.69%, Memory: 15.01GiB / 503.5GiB
nostalgic_burnell: CPU: 3080.40%, Memory: 15.01GiB / 503.5GiB
nostalgic_burnell: CPU: 3156.72%, Memory: 15.01GiB / 503.5GiB
nostalgic_burnell: CPU: 419.39%, Memory: 15.01GiB / 503.5GiB
nostalgic_burnell: CPU: 100.11%, Memory: 15.01GiB / 503.5GiB
nostalgic_burnell: CPU: 100.11%, Memory: 15.01GiB / 503.5GiB
nostalgic_burnell: CPU: 100.09%, Memory: 11.42GiB / 503.5GiB
nostalgic_burnell: CPU: 3209.03%, Memory: 12.02GiB / 503.5GiB
nostalgic_burnell: CPU: 3195.91%, Memory: 12.02GiB / 503.5GiB
nostalgic_burnell: CPU: 3190.00%, Memory: 12.02GiB / 503.5GiB
nostalgic_burnell: CPU: 3207.11%, Memory: 12.02GiB / 503.5GiB
nostalgic_burnell: CPU: 3196.87%, Memory: 12.02GiB / 503.5GiB
nostalgic_burnell: CPU: 3196.10%, Memory: 12.02GiB / 503.5GiB
nostalgic_burnell: CPU: 251.26%, Memory: 12.02GiB / 503.5GiB
naughty_curran: CPU: 159.65%, Memory: 1.208GiB / 503.5GiB
naughty_curran: CPU: 100.27%, Memory: 2.99GiB / 503.5GiB
naughty_curran: CPU: 100.15%, Memory: 2.99GiB / 503.5GiB
naughty_curran: CPU: 100.02%, Memory: 2.99GiB / 503.5GiB
naughty_curran: CPU: 100.09%, Memory: 2.99GiB / 503.5GiB
naughty_curran: CPU: 99.69%, Memory: 2.99GiB / 503.5GiB
naughty_curran: CPU: 99.96%, Memory: 2.99GiB / 503.5GiB
naughty_curran: CPU: 100.12%, Memory: 2.99GiB / 503.5GiB
naughty_curran: CPU: 100.15%, Memory: 2.99GiB / 503.5GiB
naughty_curran: CPU: 100.11%, Memory: 2.99GiB / 503.5GiB
naughty_curran: CPU: 99.65%, Memory: 2.99GiB / 503.5GiB
naughty_curran: CPU: 100.09%, Memory: 2.99GiB / 503.5GiB
naughty_curran: CPU: 100.08%, Memory: 2.99GiB / 503.5GiB
naughty_curran: CPU: 100.11%, Memory: 2.99GiB / 503.5GiB
naughty_curran: CPU: 100.18%, Memory: 2.99GiB / 503.5GiB
naughty_curran: CPU: 100.15%, Memory: 2.99GiB / 503.5GiB
naughty_curran: CPU: 99.96%, Memory: 2.99GiB / 503.5GiB
naughty_curran: CPU: 100.05%, Memory: 2.99GiB / 503.5GiB
naughty_curran: CPU: 100.09%, Memory: 2.99GiB / 503.5GiB
naughty_curran: CPU: 100.15%, Memory: 2.99GiB / 503.5GiB
naughty_curran: CPU: 100.18%, Memory: 2.99GiB / 503.5GiB
naughty_curran: CPU: 100.09%, Memory: 2.99GiB / 503.5GiB
naughty_curran: CPU: 100.05%, Memory: 4.279GiB / 503.5GiB
naughty_curran: CPU: 99.69%, Memory: 6.69GiB / 503.5GiB
naughty_curran: CPU: 99.71%, Memory: 8.075GiB / 503.5GiB
naughty_curran: CPU: 2910.41%, Memory: 8.991GiB / 503.5GiB
naughty_curran: CPU: 3191.14%, Memory: 8.993GiB / 503.5GiB
naughty_curran: CPU: 3205.24%, Memory: 8.994GiB / 503.5GiB
naughty_curran: CPU: 3204.42%, Memory: 8.994GiB / 503.5GiB
naughty_curran: CPU: 3191.03%, Memory: 8.995GiB / 503.5GiB
naughty_curran: CPU: 3097.48%, Memory: 8.996GiB / 503.5GiB
naughty_curran: CPU: 3158.97%, Memory: 8.996GiB / 503.5GiB
naughty_curran: CPU: 3077.91%, Memory: 8.997GiB / 503.5GiB
naughty_curran: CPU: 3134.61%, Memory: 8.996GiB / 503.5GiB
naughty_curran: CPU: 3193.80%, Memory: 8.998GiB / 503.5GiB
naughty_curran: CPU: 3194.24%, Memory: 8.999GiB / 503.5GiB
naughty_curran: CPU: 3176.35%, Memory: 8.999GiB / 503.5GiB
naughty_curran: CPU: 3194.37%, Memory: 9GiB / 503.5GiB
naughty_curran: CPU: 3186.85%, Memory: 9.001GiB / 503.5GiB
naughty_curran: CPU: 3189.47%, Memory: 9.003GiB / 503.5GiB
naughty_curran: CPU: 3178.65%, Memory: 9.004GiB / 503.5GiB
naughty_curran: CPU: 3206.82%, Memory: 9.006GiB / 503.5GiB
naughty_curran: CPU: 3158.32%, Memory: 9.008GiB / 503.5GiB
naughty_curran: CPU: 3192.12%, Memory: 9.012GiB / 503.5GiB
naughty_curran: CPU: 100.15%, Memory: 9.016GiB / 503.5GiB
naughty_curran: CPU: 100.15%, Memory: 9.016GiB / 503.5GiB
naughty_curran: CPU: 100.15%, Memory: 6.774GiB / 503.5GiB
naughty_curran: CPU: 100.08%, Memory: 9.205GiB / 503.5GiB
naughty_curran: CPU: 100.11%, Memory: 10.82GiB / 503.5GiB
naughty_curran: CPU: 100.05%, Memory: 12.15GiB / 503.5GiB
naughty_curran: CPU: 100.02%, Memory: 13.48GiB / 503.5GiB
naughty_curran: CPU: 3196.81%, Memory: 13.59GiB / 503.5GiB
naughty_curran: CPU: 3194.40%, Memory: 13.59GiB / 503.5GiB
naughty_curran: CPU: 3186.02%, Memory: 13.59GiB / 503.5GiB
naughty_curran: CPU: 100.08%, Memory: 13.59GiB / 503.5GiB
naughty_curran: CPU: 100.14%, Memory: 13.59GiB / 503.5GiB
naughty_curran: CPU: 100.05%, Memory: 9.723GiB / 503.5GiB
naughty_curran: CPU: 100.18%, Memory: 11.05GiB / 503.5GiB
naughty_curran: CPU: 100.08%, Memory: 12.39GiB / 503.5GiB
naughty_curran: CPU: 100.11%, Memory: 13.73GiB / 503.5GiB
naughty_curran: CPU: 317.33%, Memory: 15.01GiB / 503.5GiB
naughty_curran: CPU: 3147.52%, Memory: 15.01GiB / 503.5GiB
naughty_curran: CPU: 3179.08%, Memory: 15.01GiB / 503.5GiB
naughty_curran: CPU: 3193.79%, Memory: 15.01GiB / 503.5GiB
naughty_curran: CPU: 3196.81%, Memory: 15.01GiB / 503.5GiB
naughty_curran: CPU: 3204.49%, Memory: 15.01GiB / 503.5GiB
naughty_curran: CPU: 3191.51%, Memory: 15.01GiB / 503.5GiB
naughty_curran: CPU: 3190.28%, Memory: 15.01GiB / 503.5GiB
naughty_curran: CPU: 3204.63%, Memory: 15.01GiB / 503.5GiB
naughty_curran: CPU: 3191.12%, Memory: 15.01GiB / 503.5GiB
naughty_curran: CPU: 3191.54%, Memory: 15.01GiB / 503.5GiB
naughty_curran: CPU: 3192.30%, Memory: 15.01GiB / 503.5GiB
naughty_curran: CPU: 3190.94%, Memory: 15.01GiB / 503.5GiB
naughty_curran: CPU: 3157.01%, Memory: 15.01GiB / 503.5GiB
naughty_curran: CPU: 3096.90%, Memory: 15.01GiB / 503.5GiB
naughty_curran: CPU: 3128.63%, Memory: 15.01GiB / 503.5GiB
naughty_curran: CPU: 3091.72%, Memory: 15.01GiB / 503.5GiB
naughty_curran: CPU: 3172.44%, Memory: 15.01GiB / 503.5GiB
naughty_curran: CPU: 3190.11%, Memory: 15.01GiB / 503.5GiB
naughty_curran: CPU: 3193.46%, Memory: 15.01GiB / 503.5GiB
naughty_curran: CPU: 3194.05%, Memory: 15.01GiB / 503.5GiB
naughty_curran: CPU: 3197.02%, Memory: 15.01GiB / 503.5GiB
naughty_curran: CPU: 3176.13%, Memory: 15.01GiB / 503.5GiB
naughty_curran: CPU: 3190.58%, Memory: 15.01GiB / 503.5GiB
naughty_curran: CPU: 3208.38%, Memory: 15.01GiB / 503.5GiB
naughty_curran: CPU: 3148.28%, Memory: 15.01GiB / 503.5GiB
naughty_curran: CPU: 3193.78%, Memory: 15.01GiB / 503.5GiB
naughty_curran: CPU: 3206.77%, Memory: 15.01GiB / 503.5GiB
naughty_curran: CPU: 3192.19%, Memory: 15.01GiB / 503.5GiB
naughty_curran: CPU: 3096.43%, Memory: 15.01GiB / 503.5GiB
naughty_curran: CPU: 3141.03%, Memory: 15.01GiB / 503.5GiB
naughty_curran: CPU: 1821.30%, Memory: 15.01GiB / 503.5GiB
naughty_curran: CPU: 100.21%, Memory: 15.01GiB / 503.5GiB
naughty_curran: CPU: 100.11%, Memory: 15.01GiB / 503.5GiB
naughty_curran: CPU: 100.12%, Memory: 11.51GiB / 503.5GiB
naughty_curran: CPU: 3197.53%, Memory: 12.02GiB / 503.5GiB
naughty_curran: CPU: 3159.55%, Memory: 12.02GiB / 503.5GiB
naughty_curran: CPU: 3207.55%, Memory: 12.02GiB / 503.5GiB
naughty_curran: CPU: 3185.16%, Memory: 12.02GiB / 503.5GiB
naughty_curran: CPU: 3197.00%, Memory: 12.02GiB / 503.5GiB
naughty_curran: CPU: 3200.76%, Memory: 12.02GiB / 503.5GiB
naughty_curran: CPU: 99.78%, Memory: 11.76GiB / 503.5GiB
busy_merkle: CPU: 106.81%, Memory: 1.228GiB / 503.5GiB
busy_merkle: CPU: 99.50%, Memory: 2.99GiB / 503.5GiB
busy_merkle: CPU: 100.18%, Memory: 2.99GiB / 503.5GiB
busy_merkle: CPU: 99.28%, Memory: 2.99GiB / 503.5GiB
busy_merkle: CPU: 99.72%, Memory: 2.99GiB / 503.5GiB
busy_merkle: CPU: 100.09%, Memory: 2.99GiB / 503.5GiB
busy_merkle: CPU: 100.15%, Memory: 2.99GiB / 503.5GiB
busy_merkle: CPU: 99.99%, Memory: 2.99GiB / 503.5GiB
busy_merkle: CPU: 100.09%, Memory: 2.99GiB / 503.5GiB
busy_merkle: CPU: 100.06%, Memory: 2.99GiB / 503.5GiB
busy_merkle: CPU: 100.06%, Memory: 2.99GiB / 503.5GiB
busy_merkle: CPU: 99.56%, Memory: 2.99GiB / 503.5GiB
busy_merkle: CPU: 100.12%, Memory: 2.99GiB / 503.5GiB
busy_merkle: CPU: 100.09%, Memory: 2.99GiB / 503.5GiB
busy_merkle: CPU: 100.05%, Memory: 2.99GiB / 503.5GiB
busy_merkle: CPU: 99.96%, Memory: 2.99GiB / 503.5GiB
busy_merkle: CPU: 99.96%, Memory: 2.99GiB / 503.5GiB
busy_merkle: CPU: 100.15%, Memory: 2.99GiB / 503.5GiB
busy_merkle: CPU: 99.72%, Memory: 2.99GiB / 503.5GiB
busy_merkle: CPU: 100.06%, Memory: 2.99GiB / 503.5GiB
busy_merkle: CPU: 100.12%, Memory: 2.99GiB / 503.5GiB
busy_merkle: CPU: 99.66%, Memory: 2.99GiB / 503.5GiB
busy_merkle: CPU: 100.05%, Memory: 5.976GiB / 503.5GiB
busy_merkle: CPU: 100.15%, Memory: 7.197GiB / 503.5GiB
busy_merkle: CPU: 100.05%, Memory: 8.474GiB / 503.5GiB
busy_merkle: CPU: 3178.71%, Memory: 8.992GiB / 503.5GiB
busy_merkle: CPU: 3190.96%, Memory: 8.993GiB / 503.5GiB
busy_merkle: CPU: 3208.07%, Memory: 8.994GiB / 503.5GiB
busy_merkle: CPU: 3191.15%, Memory: 8.994GiB / 503.5GiB
busy_merkle: CPU: 3181.08%, Memory: 8.995GiB / 503.5GiB
busy_merkle: CPU: 3082.50%, Memory: 8.996GiB / 503.5GiB
busy_merkle: CPU: 3117.18%, Memory: 8.996GiB / 503.5GiB
busy_merkle: CPU: 3093.11%, Memory: 8.997GiB / 503.5GiB
busy_merkle: CPU: 3088.62%, Memory: 8.997GiB / 503.5GiB
busy_merkle: CPU: 3126.97%, Memory: 8.998GiB / 503.5GiB
busy_merkle: CPU: 3203.92%, Memory: 8.999GiB / 503.5GiB
busy_merkle: CPU: 3201.60%, Memory: 9GiB / 503.5GiB
busy_merkle: CPU: 3191.87%, Memory: 9.001GiB / 503.5GiB
busy_merkle: CPU: 3191.90%, Memory: 9.002GiB / 503.5GiB
busy_merkle: CPU: 3186.84%, Memory: 9.004GiB / 503.5GiB
busy_merkle: CPU: 3170.86%, Memory: 9.005GiB / 503.5GiB
busy_merkle: CPU: 3176.57%, Memory: 9.007GiB / 503.5GiB
busy_merkle: CPU: 3192.08%, Memory: 9.01GiB / 503.5GiB
busy_merkle: CPU: 2724.52%, Memory: 9.019GiB / 503.5GiB
busy_merkle: CPU: 100.09%, Memory: 9.017GiB / 503.5GiB
busy_merkle: CPU: 100.05%, Memory: 9.016GiB / 503.5GiB
busy_merkle: CPU: 100.15%, Memory: 8.106GiB / 503.5GiB
busy_merkle: CPU: 99.66%, Memory: 9.838GiB / 503.5GiB
busy_merkle: CPU: 100.12%, Memory: 11.35GiB / 503.5GiB
busy_merkle: CPU: 99.74%, Memory: 12.64GiB / 503.5GiB
busy_merkle: CPU: 2278.41%, Memory: 13.59GiB / 503.5GiB
busy_merkle: CPU: 3195.96%, Memory: 13.59GiB / 503.5GiB
busy_merkle: CPU: 3197.04%, Memory: 13.59GiB / 503.5GiB
busy_merkle: CPU: 1294.86%, Memory: 13.59GiB / 503.5GiB
busy_merkle: CPU: 100.09%, Memory: 13.59GiB / 503.5GiB
busy_merkle: CPU: 99.72%, Memory: 9.038GiB / 503.5GiB
busy_merkle: CPU: 99.71%, Memory: 9.972GiB / 503.5GiB
busy_merkle: CPU: 99.75%, Memory: 11.25GiB / 503.5GiB
busy_merkle: CPU: 100.12%, Memory: 12.52GiB / 503.5GiB
busy_merkle: CPU: 100.21%, Memory: 13.75GiB / 503.5GiB
busy_merkle: CPU: 100.08%, Memory: 14.95GiB / 503.5GiB
busy_merkle: CPU: 3092.23%, Memory: 15.01GiB / 503.5GiB
busy_merkle: CPU: 3123.85%, Memory: 15.01GiB / 503.5GiB
busy_merkle: CPU: 3193.07%, Memory: 15.01GiB / 503.5GiB
busy_merkle: CPU: 3191.18%, Memory: 15.01GiB / 503.5GiB
busy_merkle: CPU: 3195.27%, Memory: 15.01GiB / 503.5GiB
busy_merkle: CPU: 3194.42%, Memory: 15.01GiB / 503.5GiB
busy_merkle: CPU: 3191.85%, Memory: 15.01GiB / 503.5GiB
busy_merkle: CPU: 3193.61%, Memory: 15.01GiB / 503.5GiB
busy_merkle: CPU: 3176.28%, Memory: 15.01GiB / 503.5GiB
busy_merkle: CPU: 3207.05%, Memory: 15.01GiB / 503.5GiB
busy_merkle: CPU: 3134.58%, Memory: 15.01GiB / 503.5GiB
busy_merkle: CPU: 3207.08%, Memory: 15.01GiB / 503.5GiB
busy_merkle: CPU: 3177.57%, Memory: 15.01GiB / 503.5GiB
busy_merkle: CPU: 3116.37%, Memory: 15.01GiB / 503.5GiB
busy_merkle: CPU: 3106.98%, Memory: 15.01GiB / 503.5GiB
busy_merkle: CPU: 3126.68%, Memory: 15.01GiB / 503.5GiB
busy_merkle: CPU: 3014.96%, Memory: 15.01GiB / 503.5GiB
busy_merkle: CPU: 3172.44%, Memory: 15.01GiB / 503.5GiB
busy_merkle: CPU: 3180.33%, Memory: 15.01GiB / 503.5GiB
busy_merkle: CPU: 3203.89%, Memory: 15.01GiB / 503.5GiB
busy_merkle: CPU: 3194.72%, Memory: 15.01GiB / 503.5GiB
busy_merkle: CPU: 3197.24%, Memory: 15.01GiB / 503.5GiB
busy_merkle: CPU: 3207.44%, Memory: 15.01GiB / 503.5GiB
busy_merkle: CPU: 3193.01%, Memory: 15.01GiB / 503.5GiB
busy_merkle: CPU: 3206.39%, Memory: 15.02GiB / 503.5GiB
busy_merkle: CPU: 3195.74%, Memory: 15.01GiB / 503.5GiB
busy_merkle: CPU: 3178.51%, Memory: 15.01GiB / 503.5GiB
busy_merkle: CPU: 3196.08%, Memory: 15.01GiB / 503.5GiB
busy_merkle: CPU: 3195.78%, Memory: 15.01GiB / 503.5GiB
busy_merkle: CPU: 3088.08%, Memory: 15.01GiB / 503.5GiB
busy_merkle: CPU: 3067.83%, Memory: 15.01GiB / 503.5GiB
busy_merkle: CPU: 100.21%, Memory: 15.01GiB / 503.5GiB
busy_merkle: CPU: 100.09%, Memory: 15.01GiB / 503.5GiB
busy_merkle: CPU: 100.18%, Memory: 10.64GiB / 503.5GiB
busy_merkle: CPU: 3192.34%, Memory: 12.02GiB / 503.5GiB
busy_merkle: CPU: 3194.95%, Memory: 12.02GiB / 503.5GiB
busy_merkle: CPU: 3212.33%, Memory: 12.02GiB / 503.5GiB
busy_merkle: CPU: 3200.30%, Memory: 12.02GiB / 503.5GiB
busy_merkle: CPU: 3192.36%, Memory: 12.02GiB / 503.5GiB
busy_merkle: CPU: 3191.83%, Memory: 12.02GiB / 503.5GiB
busy_merkle: CPU: 327.15%, Memory: 12.02GiB / 503.5GiB
dreamy_saha: CPU: 99.78%, Memory: 1.237GiB / 503.5GiB
dreamy_saha: CPU: 100.18%, Memory: 2.99GiB / 503.5GiB
dreamy_saha: CPU: 100.15%, Memory: 2.99GiB / 503.5GiB
dreamy_saha: CPU: 100.15%, Memory: 2.99GiB / 503.5GiB
dreamy_saha: CPU: 100.18%, Memory: 2.99GiB / 503.5GiB
dreamy_saha: CPU: 100.12%, Memory: 2.99GiB / 503.5GiB
dreamy_saha: CPU: 100.18%, Memory: 2.99GiB / 503.5GiB
dreamy_saha: CPU: 99.65%, Memory: 2.99GiB / 503.5GiB
dreamy_saha: CPU: 99.72%, Memory: 2.99GiB / 503.5GiB
dreamy_saha: CPU: 99.78%, Memory: 2.99GiB / 503.5GiB
dreamy_saha: CPU: 100.15%, Memory: 2.99GiB / 503.5GiB
dreamy_saha: CPU: 100.02%, Memory: 2.99GiB / 503.5GiB
dreamy_saha: CPU: 100.18%, Memory: 2.99GiB / 503.5GiB
dreamy_saha: CPU: 100.15%, Memory: 2.99GiB / 503.5GiB
dreamy_saha: CPU: 100.15%, Memory: 2.99GiB / 503.5GiB
dreamy_saha: CPU: 100.15%, Memory: 2.99GiB / 503.5GiB
dreamy_saha: CPU: 100.12%, Memory: 2.99GiB / 503.5GiB
dreamy_saha: CPU: 100.09%, Memory: 2.99GiB / 503.5GiB
dreamy_saha: CPU: 100.11%, Memory: 2.99GiB / 503.5GiB
dreamy_saha: CPU: 100.15%, Memory: 2.99GiB / 503.5GiB
dreamy_saha: CPU: 100.02%, Memory: 2.99GiB / 503.5GiB
dreamy_saha: CPU: 100.21%, Memory: 2.99GiB / 503.5GiB
dreamy_saha: CPU: 100.14%, Memory: 5.976GiB / 503.5GiB
dreamy_saha: CPU: 100.12%, Memory: 7.325GiB / 503.5GiB
dreamy_saha: CPU: 100.02%, Memory: 8.691GiB / 503.5GiB
dreamy_saha: CPU: 3191.39%, Memory: 8.992GiB / 503.5GiB
dreamy_saha: CPU: 3208.46%, Memory: 8.994GiB / 503.5GiB
dreamy_saha: CPU: 3192.52%, Memory: 8.994GiB / 503.5GiB
dreamy_saha: CPU: 3188.73%, Memory: 8.994GiB / 503.5GiB
dreamy_saha: CPU: 3191.60%, Memory: 8.996GiB / 503.5GiB
dreamy_saha: CPU: 3093.14%, Memory: 8.996GiB / 503.5GiB
dreamy_saha: CPU: 3095.42%, Memory: 8.997GiB / 503.5GiB
dreamy_saha: CPU: 3091.82%, Memory: 8.997GiB / 503.5GiB
dreamy_saha: CPU: 3100.67%, Memory: 8.998GiB / 503.5GiB
dreamy_saha: CPU: 3145.04%, Memory: 8.998GiB / 503.5GiB
dreamy_saha: CPU: 3195.64%, Memory: 8.999GiB / 503.5GiB
dreamy_saha: CPU: 3206.79%, Memory: 9GiB / 503.5GiB
dreamy_saha: CPU: 3200.64%, Memory: 9.001GiB / 503.5GiB
dreamy_saha: CPU: 3194.00%, Memory: 9.002GiB / 503.5GiB
dreamy_saha: CPU: 3204.01%, Memory: 9.003GiB / 503.5GiB
dreamy_saha: CPU: 3193.43%, Memory: 9.005GiB / 503.5GiB
dreamy_saha: CPU: 3191.27%, Memory: 9.007GiB / 503.5GiB
dreamy_saha: CPU: 3189.15%, Memory: 9.009GiB / 503.5GiB
dreamy_saha: CPU: 3196.13%, Memory: 9.012GiB / 503.5GiB
dreamy_saha: CPU: 100.12%, Memory: 9.016GiB / 503.5GiB
dreamy_saha: CPU: 100.08%, Memory: 9.016GiB / 503.5GiB
dreamy_saha: CPU: 100.05%, Memory: 6.822GiB / 503.5GiB
dreamy_saha: CPU: 99.62%, Memory: 9.206GiB / 503.5GiB
dreamy_saha: CPU: 100.15%, Memory: 10.86GiB / 503.5GiB
dreamy_saha: CPU: 100.15%, Memory: 12.25GiB / 503.5GiB
dreamy_saha: CPU: 531.96%, Memory: 13.59GiB / 503.5GiB
dreamy_saha: CPU: 3209.09%, Memory: 13.59GiB / 503.5GiB
dreamy_saha: CPU: 3210.93%, Memory: 13.59GiB / 503.5GiB
dreamy_saha: CPU: 3039.29%, Memory: 13.59GiB / 503.5GiB
dreamy_saha: CPU: 100.12%, Memory: 13.59GiB / 503.5GiB
dreamy_saha: CPU: 100.18%, Memory: 11.21GiB / 503.5GiB
dreamy_saha: CPU: 100.14%, Memory: 9.904GiB / 503.5GiB
dreamy_saha: CPU: 100.18%, Memory: 11.23GiB / 503.5GiB
dreamy_saha: CPU: 99.62%, Memory: 12.56GiB / 503.5GiB
dreamy_saha: CPU: 100.09%, Memory: 13.89GiB / 503.5GiB
dreamy_saha: CPU: 1284.64%, Memory: 15.01GiB / 503.5GiB
dreamy_saha: CPU: 3041.03%, Memory: 15.01GiB / 503.5GiB
dreamy_saha: CPU: 3094.38%, Memory: 15.01GiB / 503.5GiB
dreamy_saha: CPU: 3176.99%, Memory: 15.01GiB / 503.5GiB
dreamy_saha: CPU: 3194.98%, Memory: 15.01GiB / 503.5GiB
dreamy_saha: CPU: 3187.50%, Memory: 15.01GiB / 503.5GiB
dreamy_saha: CPU: 3191.18%, Memory: 15.01GiB / 503.5GiB
dreamy_saha: CPU: 3192.03%, Memory: 15.01GiB / 503.5GiB
dreamy_saha: CPU: 3158.63%, Memory: 15.01GiB / 503.5GiB
dreamy_saha: CPU: 3192.14%, Memory: 15.01GiB / 503.5GiB
dreamy_saha: CPU: 3204.38%, Memory: 15.01GiB / 503.5GiB
dreamy_saha: CPU: 3209.54%, Memory: 15.01GiB / 503.5GiB
dreamy_saha: CPU: 3188.11%, Memory: 15.01GiB / 503.5GiB
dreamy_saha: CPU: 3191.64%, Memory: 15.01GiB / 503.5GiB
dreamy_saha: CPU: 3207.94%, Memory: 15.01GiB / 503.5GiB
dreamy_saha: CPU: 3095.98%, Memory: 15.01GiB / 503.5GiB
dreamy_saha: CPU: 3133.44%, Memory: 15.01GiB / 503.5GiB
dreamy_saha: CPU: 3096.33%, Memory: 15.01GiB / 503.5GiB
dreamy_saha: CPU: 3160.60%, Memory: 15.01GiB / 503.5GiB
dreamy_saha: CPU: 3207.19%, Memory: 15.01GiB / 503.5GiB
dreamy_saha: CPU: 3209.68%, Memory: 15.01GiB / 503.5GiB
dreamy_saha: CPU: 3191.74%, Memory: 15.01GiB / 503.5GiB
dreamy_saha: CPU: 3194.52%, Memory: 15.01GiB / 503.5GiB
dreamy_saha: CPU: 3191.42%, Memory: 15.01GiB / 503.5GiB
dreamy_saha: CPU: 3188.69%, Memory: 15.01GiB / 503.5GiB
dreamy_saha: CPU: 3180.41%, Memory: 15.01GiB / 503.5GiB
dreamy_saha: CPU: 3190.17%, Memory: 15.01GiB / 503.5GiB
dreamy_saha: CPU: 3193.63%, Memory: 15.01GiB / 503.5GiB
dreamy_saha: CPU: 3209.67%, Memory: 15.01GiB / 503.5GiB
dreamy_saha: CPU: 3188.04%, Memory: 15.01GiB / 503.5GiB
dreamy_saha: CPU: 3090.71%, Memory: 15.01GiB / 503.5GiB
dreamy_saha: CPU: 3069.16%, Memory: 15.01GiB / 503.5GiB
dreamy_saha: CPU: 100.12%, Memory: 15.01GiB / 503.5GiB
dreamy_saha: CPU: 100.09%, Memory: 15.01GiB / 503.5GiB
dreamy_saha: CPU: 99.69%, Memory: 9.787GiB / 503.5GiB
dreamy_saha: CPU: 2130.99%, Memory: 12.03GiB / 503.5GiB
dreamy_saha: CPU: 3191.65%, Memory: 12.02GiB / 503.5GiB
dreamy_saha: CPU: 3196.11%, Memory: 12.02GiB / 503.5GiB
dreamy_saha: CPU: 3195.62%, Memory: 12.02GiB / 503.5GiB
dreamy_saha: CPU: 3196.13%, Memory: 12.02GiB / 503.5GiB
dreamy_saha: CPU: 3196.27%, Memory: 12.02GiB / 503.5GiB
dreamy_saha: CPU: 2467.91%, Memory: 12.02GiB / 503.5GiB
dreamy_saha: CPU: 0.00%, Memory: 0B / 0B
