gracious_shockley: CPU: 148.30%, Memory: 768.7MiB / 503.5GiB
gracious_shockley: CPU: 100.05%, Memory: 768.6MiB / 503.5GiB
gracious_shockley: CPU: 100.18%, Memory: 768.4MiB / 503.5GiB
gracious_shockley: CPU: 99.78%, Memory: 768.4MiB / 503.5GiB
gracious_shockley: CPU: 99.62%, Memory: 768.4MiB / 503.5GiB
gracious_shockley: CPU: 99.98%, Memory: 1.914GiB / 503.5GiB
gracious_shockley: CPU: 1291.71%, Memory: 2.288GiB / 503.5GiB
gracious_shockley: CPU: 3155.84%, Memory: 2.3GiB / 503.5GiB
gracious_shockley: CPU: 3094.89%, Memory: 2.302GiB / 503.5GiB
gracious_shockley: CPU: 685.24%, Memory: 2.303GiB / 503.5GiB
gracious_shockley: CPU: 3105.91%, Memory: 2.298GiB / 503.5GiB
angry_aryabhata: CPU: 156.40%, Memory: 768.5MiB / 503.5GiB
angry_aryabhata: CPU: 100.08%, Memory: 768.4MiB / 503.5GiB
angry_aryabhata: CPU: 100.09%, Memory: 768.4MiB / 503.5GiB
angry_aryabhata: CPU: 100.06%, Memory: 768.4MiB / 503.5GiB
angry_aryabhata: CPU: 100.02%, Memory: 768.4MiB / 503.5GiB
angry_aryabhata: CPU: 100.14%, Memory: 2.113GiB / 503.5GiB
angry_aryabhata: CPU: 378.62%, Memory: 1.542GiB / 503.5GiB
angry_aryabhata: CPU: 3186.99%, Memory: 2.301GiB / 503.5GiB
angry_aryabhata: CPU: 3208.41%, Memory: 2.303GiB / 503.5GiB
angry_aryabhata: CPU: 369.63%, Memory: 2.298GiB / 503.5GiB
angry_aryabhata: CPU: 1494.12%, Memory: 2.298GiB / 503.5GiB
priceless_bhabha: CPU: 100.09%, Memory: 768.5MiB / 503.5GiB
priceless_bhabha: CPU: 99.83%, Memory: 768.4MiB / 503.5GiB
priceless_bhabha: CPU: 99.44%, Memory: 768.4MiB / 503.5GiB
priceless_bhabha: CPU: 100.02%, Memory: 768.4MiB / 503.5GiB
priceless_bhabha: CPU: 100.12%, Memory: 768.4MiB / 503.5GiB
priceless_bhabha: CPU: 99.71%, Memory: 2.147GiB / 503.5GiB
priceless_bhabha: CPU: 99.78%, Memory: 1.603GiB / 503.5GiB
priceless_bhabha: CPU: 3197.64%, Memory: 2.301GiB / 503.5GiB
priceless_bhabha: CPU: 3197.09%, Memory: 2.303GiB / 503.5GiB
priceless_bhabha: CPU: 1847.98%, Memory: 2.298GiB / 503.5GiB
cranky_pasteur: CPU: 151.06%, Memory: 768.7MiB / 503.5GiB
cranky_pasteur: CPU: 99.81%, Memory: 768.5MiB / 503.5GiB
cranky_pasteur: CPU: 99.99%, Memory: 768.5MiB / 503.5GiB
cranky_pasteur: CPU: 100.04%, Memory: 768.5MiB / 503.5GiB
cranky_pasteur: CPU: 99.74%, Memory: 768.5MiB / 503.5GiB
cranky_pasteur: CPU: 99.65%, Memory: 2.091GiB / 503.5GiB
cranky_pasteur: CPU: 3089.30%, Memory: 2.288GiB / 503.5GiB
cranky_pasteur: CPU: 1868.41%, Memory: 2.288GiB / 503.5GiB
cranky_pasteur: CPU: 2292.96%, Memory: 2.301GiB / 503.5GiB
cranky_pasteur: CPU: 3208.79%, Memory: 2.302GiB / 503.5GiB
cranky_pasteur: CPU: 1913.03%, Memory: 2.303GiB / 503.5GiB
cranky_pasteur: CPU: 3210.16%, Memory: 2.298GiB / 503.5GiB
trusting_mcnulty: CPU: 159.17%, Memory: 768.8MiB / 503.5GiB
trusting_mcnulty: CPU: 100.51%, Memory: 768.4MiB / 503.5GiB
trusting_mcnulty: CPU: 100.12%, Memory: 768.4MiB / 503.5GiB
trusting_mcnulty: CPU: 100.09%, Memory: 768.4MiB / 503.5GiB
trusting_mcnulty: CPU: 100.09%, Memory: 768.4MiB / 503.5GiB
trusting_mcnulty: CPU: 99.75%, Memory: 2.109GiB / 503.5GiB
trusting_mcnulty: CPU: 261.06%, Memory: 1.554GiB / 503.5GiB
trusting_mcnulty: CPU: 3151.00%, Memory: 2.301GiB / 503.5GiB
trusting_mcnulty: CPU: 3107.11%, Memory: 2.303GiB / 503.5GiB
trusting_mcnulty: CPU: 100.05%, Memory: 1.858GiB / 503.5GiB
trusting_mcnulty: CPU: 3117.29%, Memory: 2.298GiB / 503.5GiB
vigorous_chaum: CPU: 160.56%, Memory: 768.5MiB / 503.5GiB
vigorous_chaum: CPU: 100.18%, Memory: 768.5MiB / 503.5GiB
vigorous_chaum: CPU: 100.01%, Memory: 768.5MiB / 503.5GiB
vigorous_chaum: CPU: 99.99%, Memory: 768.5MiB / 503.5GiB
vigorous_chaum: CPU: 100.18%, Memory: 768.5MiB / 503.5GiB
vigorous_chaum: CPU: 100.05%, Memory: 2.084GiB / 503.5GiB
vigorous_chaum: CPU: 401.12%, Memory: 1.542GiB / 503.5GiB
vigorous_chaum: CPU: 3199.57%, Memory: 2.301GiB / 503.5GiB
vigorous_chaum: CPU: 3195.19%, Memory: 2.303GiB / 503.5GiB
vigorous_chaum: CPU: 1980.54%, Memory: 2.298GiB / 503.5GiB
priceless_chaplygin: CPU: 159.72%, Memory: 768.7MiB / 503.5GiB
priceless_chaplygin: CPU: 100.21%, Memory: 768.4MiB / 503.5GiB
priceless_chaplygin: CPU: 100.09%, Memory: 768.4MiB / 503.5GiB
priceless_chaplygin: CPU: 100.09%, Memory: 768.4MiB / 503.5GiB
priceless_chaplygin: CPU: 100.12%, Memory: 768.4MiB / 503.5GiB
priceless_chaplygin: CPU: 100.21%, Memory: 2.102GiB / 503.5GiB
priceless_chaplygin: CPU: 164.23%, Memory: 1.566GiB / 503.5GiB
priceless_chaplygin: CPU: 3213.12%, Memory: 2.301GiB / 503.5GiB
priceless_chaplygin: CPU: 3196.00%, Memory: 2.303GiB / 503.5GiB
priceless_chaplygin: CPU: 1727.97%, Memory: 2.298GiB / 503.5GiB
zealous_shockley: CPU: 131.52%, Memory: 768.7MiB / 503.5GiB
zealous_shockley: CPU: 100.21%, Memory: 768.4MiB / 503.5GiB
zealous_shockley: CPU: 100.18%, Memory: 768.4MiB / 503.5GiB
zealous_shockley: CPU: 100.09%, Memory: 768.4MiB / 503.5GiB
zealous_shockley: CPU: 100.15%, Memory: 768.4MiB / 503.5GiB
zealous_shockley: CPU: 100.17%, Memory: 2.076GiB / 503.5GiB
zealous_shockley: CPU: 563.35%, Memory: 2.288GiB / 503.5GiB
zealous_shockley: CPU: 3177.83%, Memory: 2.301GiB / 503.5GiB
zealous_shockley: CPU: 3194.99%, Memory: 2.303GiB / 503.5GiB
zealous_shockley: CPU: 375.66%, Memory: 2.298GiB / 503.5GiB
zealous_shockley: CPU: 800.64%, Memory: 597.4MiB / 503.5GiB
great_elbakyan: CPU: 100.15%, Memory: 769.1MiB / 503.5GiB
great_elbakyan: CPU: 100.30%, Memory: 768.5MiB / 503.5GiB
great_elbakyan: CPU: 100.15%, Memory: 768.5MiB / 503.5GiB
great_elbakyan: CPU: 99.93%, Memory: 768.5MiB / 503.5GiB
great_elbakyan: CPU: 99.75%, Memory: 768.4MiB / 503.5GiB
great_elbakyan: CPU: 433.76%, Memory: 2.288GiB / 503.5GiB
great_elbakyan: CPU: 100.11%, Memory: 1.715GiB / 503.5GiB
great_elbakyan: CPU: 3205.79%, Memory: 2.301GiB / 503.5GiB
great_elbakyan: CPU: 3209.12%, Memory: 2.303GiB / 503.5GiB
great_elbakyan: CPU: 865.00%, Memory: 2.298GiB / 503.5GiB
great_elbakyan: CPU: 1524.38%, Memory: 2.298GiB / 503.5GiB
hardcore_fermat: CPU: 100.52%, Memory: 768.6MiB / 503.5GiB
hardcore_fermat: CPU: 100.21%, Memory: 768.5MiB / 503.5GiB
hardcore_fermat: CPU: 100.15%, Memory: 768.5MiB / 503.5GiB
hardcore_fermat: CPU: 99.59%, Memory: 768.5MiB / 503.5GiB
hardcore_fermat: CPU: 100.15%, Memory: 768.5MiB / 503.5GiB
hardcore_fermat: CPU: 100.15%, Memory: 2.163GiB / 503.5GiB
hardcore_fermat: CPU: 100.15%, Memory: 1.59GiB / 503.5GiB
hardcore_fermat: CPU: 3200.46%, Memory: 2.301GiB / 503.5GiB
hardcore_fermat: CPU: 3193.76%, Memory: 2.303GiB / 503.5GiB
hardcore_fermat: CPU: 1532.61%, Memory: 2.298GiB / 503.5GiB
