wonderful_galileo: CPU: 100.48%, Memory: 768.7MiB / 503.5GiB
wonderful_galileo: CPU: 100.61%, Memory: 768.4MiB / 503.5GiB
wonderful_galileo: CPU: 99.72%, Memory: 768.4MiB / 503.5GiB
wonderful_galileo: CPU: 99.75%, Memory: 768.4MiB / 503.5GiB
wonderful_galileo: CPU: 100.15%, Memory: 768.4MiB / 503.5GiB
wonderful_galileo: CPU: 100.09%, Memory: 768.4MiB / 503.5GiB
wonderful_galileo: CPU: 1420.48%, Memory: 1.969GiB / 503.5GiB
wonderful_galileo: CPU: 1900.41%, Memory: 1.563GiB / 503.5GiB
wonderful_galileo: CPU: 3167.18%, Memory: 2.31GiB / 503.5GiB
intelligent_pascal: CPU: 127.64%, Memory: 769MiB / 503.5GiB
intelligent_pascal: CPU: 100.34%, Memory: 768.5MiB / 503.5GiB
intelligent_pascal: CPU: 100.18%, Memory: 768.5MiB / 503.5GiB
intelligent_pascal: CPU: 99.50%, Memory: 768.5MiB / 503.5GiB
intelligent_pascal: CPU: 100.05%, Memory: 768.5MiB / 503.5GiB
intelligent_pascal: CPU: 100.18%, Memory: 768.5MiB / 503.5GiB
intelligent_pascal: CPU: 1881.90%, Memory: 1.558GiB / 503.5GiB
intelligent_pascal: CPU: 274.30%, Memory: 1.564GiB / 503.5GiB
intelligent_pascal: CPU: 3034.76%, Memory: 2.31GiB / 503.5GiB
determined_mayer: CPU: 150.75%, Memory: 768.7MiB / 503.5GiB
determined_mayer: CPU: 100.21%, Memory: 768.4MiB / 503.5GiB
determined_mayer: CPU: 100.18%, Memory: 768.4MiB / 503.5GiB
determined_mayer: CPU: 100.21%, Memory: 768.4MiB / 503.5GiB
determined_mayer: CPU: 100.18%, Memory: 768.4MiB / 503.5GiB
determined_mayer: CPU: 100.12%, Memory: 768.4MiB / 503.5GiB
determined_mayer: CPU: 1912.66%, Memory: 1.616GiB / 503.5GiB
determined_mayer: CPU: 1145.98%, Memory: 1.564GiB / 503.5GiB
determined_mayer: CPU: 3097.27%, Memory: 2.31GiB / 503.5GiB
sharp_hugle: CPU: 139.56%, Memory: 769MiB / 503.5GiB
sharp_hugle: CPU: 100.18%, Memory: 768.4MiB / 503.5GiB
sharp_hugle: CPU: 100.15%, Memory: 768.4MiB / 503.5GiB
sharp_hugle: CPU: 100.15%, Memory: 768.4MiB / 503.5GiB
sharp_hugle: CPU: 99.75%, Memory: 768.4MiB / 503.5GiB
sharp_hugle: CPU: 100.15%, Memory: 768.4MiB / 503.5GiB
sharp_hugle: CPU: 1923.60%, Memory: 1.617GiB / 503.5GiB
sharp_hugle: CPU: 413.75%, Memory: 1.564GiB / 503.5GiB
sharp_hugle: CPU: 3209.69%, Memory: 2.31GiB / 503.5GiB
sweet_euler: CPU: 153.91%, Memory: 768.4MiB / 503.5GiB
sweet_euler: CPU: 100.27%, Memory: 768.4MiB / 503.5GiB
sweet_euler: CPU: 99.72%, Memory: 768.4MiB / 503.5GiB
sweet_euler: CPU: 100.09%, Memory: 768.4MiB / 503.5GiB
sweet_euler: CPU: 100.12%, Memory: 768.4MiB / 503.5GiB
sweet_euler: CPU: 99.99%, Memory: 768.4MiB / 503.5GiB
sweet_euler: CPU: 1943.71%, Memory: 1.557GiB / 503.5GiB
sweet_euler: CPU: 268.99%, Memory: 1.563GiB / 503.5GiB
sweet_euler: CPU: 3167.49%, Memory: 2.31GiB / 503.5GiB
upbeat_keller: CPU: 151.88%, Memory: 768.7MiB / 503.5GiB
upbeat_keller: CPU: 99.84%, Memory: 768.4MiB / 503.5GiB
upbeat_keller: CPU: 100.11%, Memory: 768.4MiB / 503.5GiB
upbeat_keller: CPU: 100.18%, Memory: 768.4MiB / 503.5GiB
upbeat_keller: CPU: 100.18%, Memory: 768.4MiB / 503.5GiB
upbeat_keller: CPU: 99.72%, Memory: 768.4MiB / 503.5GiB
upbeat_keller: CPU: 1900.78%, Memory: 1.969GiB / 503.5GiB
upbeat_keller: CPU: 389.59%, Memory: 1.563GiB / 503.5GiB
upbeat_keller: CPU: 3190.04%, Memory: 2.31GiB / 503.5GiB
xenodochial_beaver: CPU: 158.67%, Memory: 768.7MiB / 503.5GiB
xenodochial_beaver: CPU: 99.52%, Memory: 768.4MiB / 503.5GiB
xenodochial_beaver: CPU: 100.06%, Memory: 768.4MiB / 503.5GiB
xenodochial_beaver: CPU: 99.59%, Memory: 768.4MiB / 503.5GiB
xenodochial_beaver: CPU: 100.12%, Memory: 768.4MiB / 503.5GiB
xenodochial_beaver: CPU: 100.09%, Memory: 768.4MiB / 503.5GiB
xenodochial_beaver: CPU: 1932.91%, Memory: 1.969GiB / 503.5GiB
xenodochial_beaver: CPU: 969.91%, Memory: 1.564GiB / 503.5GiB
xenodochial_beaver: CPU: 3198.35%, Memory: 2.31GiB / 503.5GiB
cool_mendeleev: CPU: 144.39%, Memory: 768.8MiB / 503.5GiB
cool_mendeleev: CPU: 99.78%, Memory: 768.4MiB / 503.5GiB
cool_mendeleev: CPU: 100.14%, Memory: 768.4MiB / 503.5GiB
cool_mendeleev: CPU: 100.02%, Memory: 768.4MiB / 503.5GiB
cool_mendeleev: CPU: 100.12%, Memory: 768.4MiB / 503.5GiB
cool_mendeleev: CPU: 100.05%, Memory: 768.4MiB / 503.5GiB
cool_mendeleev: CPU: 1908.76%, Memory: 1.968GiB / 503.5GiB
cool_mendeleev: CPU: 1934.59%, Memory: 1.563GiB / 503.5GiB
cool_mendeleev: CPU: 3111.22%, Memory: 2.31GiB / 503.5GiB
charming_gagarin: CPU: 144.60%, Memory: 768.7MiB / 503.5GiB
charming_gagarin: CPU: 100.27%, Memory: 768.4MiB / 503.5GiB
charming_gagarin: CPU: 100.05%, Memory: 768.4MiB / 503.5GiB
charming_gagarin: CPU: 99.96%, Memory: 768.4MiB / 503.5GiB
charming_gagarin: CPU: 100.09%, Memory: 768.4MiB / 503.5GiB
charming_gagarin: CPU: 99.66%, Memory: 768.4MiB / 503.5GiB
charming_gagarin: CPU: 1904.22%, Memory: 1.624GiB / 503.5GiB
charming_gagarin: CPU: 235.87%, Memory: 1.563GiB / 503.5GiB
charming_gagarin: CPU: 3197.68%, Memory: 2.31GiB / 503.5GiB
heuristic_sinoussi: CPU: 154.20%, Memory: 768.9MiB / 503.5GiB
heuristic_sinoussi: CPU: 100.18%, Memory: 768.5MiB / 503.5GiB
heuristic_sinoussi: CPU: 99.75%, Memory: 768.5MiB / 503.5GiB
heuristic_sinoussi: CPU: 100.05%, Memory: 768.5MiB / 503.5GiB
heuristic_sinoussi: CPU: 100.06%, Memory: 768.5MiB / 503.5GiB
heuristic_sinoussi: CPU: 100.15%, Memory: 768.5MiB / 503.5GiB
heuristic_sinoussi: CPU: 1971.79%, Memory: 1.579GiB / 503.5GiB
heuristic_sinoussi: CPU: 645.27%, Memory: 1.564GiB / 503.5GiB
heuristic_sinoussi: CPU: 3162.90%, Memory: 2.31GiB / 503.5GiB
