keen_lumiere: CPU: 103.17%, Memory: 1.216GiB / 503.5GiB
keen_lumiere: CPU: 100.13%, Memory: 2.99GiB / 503.5GiB
keen_lumiere: CPU: 100.10%, Memory: 2.99GiB / 503.5GiB
keen_lumiere: CPU: 100.09%, Memory: 2.99GiB / 503.5GiB
keen_lumiere: CPU: 100.04%, Memory: 2.99GiB / 503.5GiB
keen_lumiere: CPU: 100.07%, Memory: 2.99GiB / 503.5GiB
keen_lumiere: CPU: 100.15%, Memory: 2.99GiB / 503.5GiB
keen_lumiere: CPU: 100.09%, Memory: 2.99GiB / 503.5GiB
keen_lumiere: CPU: 99.70%, Memory: 2.99GiB / 503.5GiB
keen_lumiere: CPU: 100.02%, Memory: 2.99GiB / 503.5GiB
keen_lumiere: CPU: 100.11%, Memory: 2.99GiB / 503.5GiB
keen_lumiere: CPU: 99.68%, Memory: 2.99GiB / 503.5GiB
keen_lumiere: CPU: 99.59%, Memory: 2.99GiB / 503.5GiB
keen_lumiere: CPU: 99.65%, Memory: 2.99GiB / 503.5GiB
keen_lumiere: CPU: 99.93%, Memory: 2.99GiB / 503.5GiB
keen_lumiere: CPU: 99.69%, Memory: 2.99GiB / 503.5GiB
keen_lumiere: CPU: 99.53%, Memory: 2.99GiB / 503.5GiB
keen_lumiere: CPU: 100.12%, Memory: 2.99GiB / 503.5GiB
keen_lumiere: CPU: 100.10%, Memory: 2.99GiB / 503.5GiB
keen_lumiere: CPU: 99.61%, Memory: 2.99GiB / 503.5GiB
keen_lumiere: CPU: 100.08%, Memory: 2.99GiB / 503.5GiB
keen_lumiere: CPU: 100.18%, Memory: 2.99GiB / 503.5GiB
keen_lumiere: CPU: 100.10%, Memory: 2.99GiB / 503.5GiB
keen_lumiere: CPU: 100.08%, Memory: 4.412GiB / 503.5GiB
keen_lumiere: CPU: 100.15%, Memory: 7.213GiB / 503.5GiB
keen_lumiere: CPU: 3161.33%, Memory: 7.626GiB / 503.5GiB
keen_lumiere: CPU: 288.07%, Memory: 7.626GiB / 503.5GiB
keen_lumiere: CPU: 100.15%, Memory: 7.046GiB / 503.5GiB
keen_lumiere: CPU: 3202.15%, Memory: 7.638GiB / 503.5GiB
keen_lumiere: CPU: 3193.21%, Memory: 7.642GiB / 503.5GiB
keen_lumiere: CPU: 3142.16%, Memory: 7.652GiB / 503.5GiB
keen_lumiere: CPU: 100.18%, Memory: 6.081GiB / 503.5GiB
keen_lumiere: CPU: 99.95%, Memory: 6.081GiB / 503.5GiB
keen_lumiere: CPU: 99.75%, Memory: 7.473GiB / 503.5GiB
keen_lumiere: CPU: 3193.43%, Memory: 9.068GiB / 503.5GiB
keen_lumiere: CPU: 3190.85%, Memory: 9.068GiB / 503.5GiB
keen_lumiere: CPU: 3088.74%, Memory: 9.068GiB / 503.5GiB
keen_lumiere: CPU: 3151.64%, Memory: 9.068GiB / 503.5GiB
keen_lumiere: CPU: 3105.57%, Memory: 9.068GiB / 503.5GiB
keen_lumiere: CPU: 3113.04%, Memory: 9.068GiB / 503.5GiB
keen_lumiere: CPU: 3198.25%, Memory: 9.068GiB / 503.5GiB
keen_lumiere: CPU: 100.06%, Memory: 3.973GiB / 503.5GiB
exciting_bartik: CPU: 100.15%, Memory: 1.322GiB / 503.5GiB
exciting_bartik: CPU: 100.24%, Memory: 2.99GiB / 503.5GiB
exciting_bartik: CPU: 100.12%, Memory: 2.99GiB / 503.5GiB
exciting_bartik: CPU: 100.21%, Memory: 2.99GiB / 503.5GiB
exciting_bartik: CPU: 100.12%, Memory: 2.99GiB / 503.5GiB
exciting_bartik: CPU: 100.12%, Memory: 2.99GiB / 503.5GiB
exciting_bartik: CPU: 100.15%, Memory: 2.99GiB / 503.5GiB
exciting_bartik: CPU: 100.15%, Memory: 2.99GiB / 503.5GiB
exciting_bartik: CPU: 100.12%, Memory: 2.99GiB / 503.5GiB
exciting_bartik: CPU: 100.18%, Memory: 2.99GiB / 503.5GiB
exciting_bartik: CPU: 100.06%, Memory: 2.99GiB / 503.5GiB
exciting_bartik: CPU: 100.06%, Memory: 2.99GiB / 503.5GiB
exciting_bartik: CPU: 100.12%, Memory: 2.99GiB / 503.5GiB
exciting_bartik: CPU: 100.15%, Memory: 2.99GiB / 503.5GiB
exciting_bartik: CPU: 100.12%, Memory: 2.99GiB / 503.5GiB
exciting_bartik: CPU: 100.15%, Memory: 2.99GiB / 503.5GiB
exciting_bartik: CPU: 100.17%, Memory: 2.99GiB / 503.5GiB
exciting_bartik: CPU: 100.15%, Memory: 2.99GiB / 503.5GiB
exciting_bartik: CPU: 99.72%, Memory: 2.99GiB / 503.5GiB
exciting_bartik: CPU: 100.15%, Memory: 2.99GiB / 503.5GiB
exciting_bartik: CPU: 100.08%, Memory: 2.99GiB / 503.5GiB
exciting_bartik: CPU: 100.15%, Memory: 2.99GiB / 503.5GiB
exciting_bartik: CPU: 100.12%, Memory: 2.99GiB / 503.5GiB
exciting_bartik: CPU: 100.05%, Memory: 4.998GiB / 503.5GiB
exciting_bartik: CPU: 100.08%, Memory: 7.362GiB / 503.5GiB
exciting_bartik: CPU: 3091.72%, Memory: 7.626GiB / 503.5GiB
exciting_bartik: CPU: 1505.86%, Memory: 7.626GiB / 503.5GiB
exciting_bartik: CPU: 100.12%, Memory: 6.868GiB / 503.5GiB
exciting_bartik: CPU: 3209.61%, Memory: 7.638GiB / 503.5GiB
exciting_bartik: CPU: 3149.67%, Memory: 7.638GiB / 503.5GiB
exciting_bartik: CPU: 3164.19%, Memory: 7.651GiB / 503.5GiB
exciting_bartik: CPU: 100.18%, Memory: 7.654GiB / 503.5GiB
exciting_bartik: CPU: 99.72%, Memory: 6.081GiB / 503.5GiB
exciting_bartik: CPU: 100.21%, Memory: 7.199GiB / 503.5GiB
exciting_bartik: CPU: 3175.96%, Memory: 9.069GiB / 503.5GiB
exciting_bartik: CPU: 3193.69%, Memory: 9.068GiB / 503.5GiB
exciting_bartik: CPU: 3193.75%, Memory: 9.068GiB / 503.5GiB
exciting_bartik: CPU: 3191.28%, Memory: 9.068GiB / 503.5GiB
exciting_bartik: CPU: 3089.04%, Memory: 9.068GiB / 503.5GiB
exciting_bartik: CPU: 3091.82%, Memory: 9.068GiB / 503.5GiB
exciting_bartik: CPU: 3094.60%, Memory: 9.068GiB / 503.5GiB
exciting_bartik: CPU: 488.95%, Memory: 9.068GiB / 503.5GiB
magical_ganguly: CPU: 100.12%, Memory: 1.261GiB / 503.5GiB
magical_ganguly: CPU: 100.15%, Memory: 2.99GiB / 503.5GiB
magical_ganguly: CPU: 100.21%, Memory: 2.99GiB / 503.5GiB
magical_ganguly: CPU: 100.06%, Memory: 2.99GiB / 503.5GiB
magical_ganguly: CPU: 100.05%, Memory: 2.99GiB / 503.5GiB
magical_ganguly: CPU: 99.96%, Memory: 2.99GiB / 503.5GiB
magical_ganguly: CPU: 99.72%, Memory: 2.99GiB / 503.5GiB
magical_ganguly: CPU: 99.99%, Memory: 2.99GiB / 503.5GiB
magical_ganguly: CPU: 99.93%, Memory: 2.99GiB / 503.5GiB
magical_ganguly: CPU: 100.05%, Memory: 2.99GiB / 503.5GiB
magical_ganguly: CPU: 99.69%, Memory: 2.99GiB / 503.5GiB
magical_ganguly: CPU: 99.07%, Memory: 2.99GiB / 503.5GiB
magical_ganguly: CPU: 100.15%, Memory: 2.99GiB / 503.5GiB
magical_ganguly: CPU: 99.66%, Memory: 2.99GiB / 503.5GiB
magical_ganguly: CPU: 100.06%, Memory: 2.99GiB / 503.5GiB
magical_ganguly: CPU: 100.09%, Memory: 2.99GiB / 503.5GiB
magical_ganguly: CPU: 100.09%, Memory: 2.99GiB / 503.5GiB
magical_ganguly: CPU: 99.72%, Memory: 2.99GiB / 503.5GiB
magical_ganguly: CPU: 100.02%, Memory: 2.99GiB / 503.5GiB
magical_ganguly: CPU: 100.12%, Memory: 2.99GiB / 503.5GiB
magical_ganguly: CPU: 100.12%, Memory: 2.99GiB / 503.5GiB
magical_ganguly: CPU: 99.99%, Memory: 2.99GiB / 503.5GiB
magical_ganguly: CPU: 100.12%, Memory: 2.99GiB / 503.5GiB
magical_ganguly: CPU: 100.15%, Memory: 4.474GiB / 503.5GiB
magical_ganguly: CPU: 100.21%, Memory: 7.17GiB / 503.5GiB
magical_ganguly: CPU: 3118.64%, Memory: 7.626GiB / 503.5GiB
magical_ganguly: CPU: 1946.24%, Memory: 7.626GiB / 503.5GiB
magical_ganguly: CPU: 100.24%, Memory: 6.607GiB / 503.5GiB
magical_ganguly: CPU: 2721.03%, Memory: 7.639GiB / 503.5GiB
magical_ganguly: CPU: 3195.74%, Memory: 7.638GiB / 503.5GiB
magical_ganguly: CPU: 3167.00%, Memory: 7.649GiB / 503.5GiB
magical_ganguly: CPU: 540.22%, Memory: 7.654GiB / 503.5GiB
magical_ganguly: CPU: 100.11%, Memory: 6.081GiB / 503.5GiB
magical_ganguly: CPU: 100.02%, Memory: 6.081GiB / 503.5GiB
magical_ganguly: CPU: 99.99%, Memory: 9.015GiB / 503.5GiB
magical_ganguly: CPU: 3196.66%, Memory: 9.068GiB / 503.5GiB
magical_ganguly: CPU: 3197.52%, Memory: 9.068GiB / 503.5GiB
magical_ganguly: CPU: 3191.56%, Memory: 9.068GiB / 503.5GiB
magical_ganguly: CPU: 3183.29%, Memory: 9.068GiB / 503.5GiB
magical_ganguly: CPU: 3191.68%, Memory: 9.068GiB / 503.5GiB
magical_ganguly: CPU: 3092.46%, Memory: 9.068GiB / 503.5GiB
magical_ganguly: CPU: 100.09%, Memory: 7.309GiB / 503.5GiB
hopeful_einstein: CPU: 147.94%, Memory: 1.178GiB / 503.5GiB
hopeful_einstein: CPU: 100.14%, Memory: 2.99GiB / 503.5GiB
hopeful_einstein: CPU: 99.72%, Memory: 2.99GiB / 503.5GiB
hopeful_einstein: CPU: 100.02%, Memory: 2.99GiB / 503.5GiB
hopeful_einstein: CPU: 99.72%, Memory: 2.99GiB / 503.5GiB
hopeful_einstein: CPU: 100.05%, Memory: 2.99GiB / 503.5GiB
hopeful_einstein: CPU: 99.72%, Memory: 2.99GiB / 503.5GiB
hopeful_einstein: CPU: 100.06%, Memory: 2.99GiB / 503.5GiB
hopeful_einstein: CPU: 99.66%, Memory: 2.99GiB / 503.5GiB
hopeful_einstein: CPU: 100.21%, Memory: 2.99GiB / 503.5GiB
hopeful_einstein: CPU: 99.99%, Memory: 2.99GiB / 503.5GiB
hopeful_einstein: CPU: 100.05%, Memory: 2.99GiB / 503.5GiB
hopeful_einstein: CPU: 100.09%, Memory: 2.99GiB / 503.5GiB
hopeful_einstein: CPU: 99.37%, Memory: 2.99GiB / 503.5GiB
hopeful_einstein: CPU: 98.67%, Memory: 2.99GiB / 503.5GiB
hopeful_einstein: CPU: 99.84%, Memory: 2.99GiB / 503.5GiB
hopeful_einstein: CPU: 100.02%, Memory: 2.99GiB / 503.5GiB
hopeful_einstein: CPU: 99.96%, Memory: 2.99GiB / 503.5GiB
hopeful_einstein: CPU: 100.09%, Memory: 2.99GiB / 503.5GiB
hopeful_einstein: CPU: 100.06%, Memory: 2.99GiB / 503.5GiB
hopeful_einstein: CPU: 99.99%, Memory: 2.99GiB / 503.5GiB
hopeful_einstein: CPU: 100.09%, Memory: 2.99GiB / 503.5GiB
hopeful_einstein: CPU: 100.12%, Memory: 2.99GiB / 503.5GiB
hopeful_einstein: CPU: 100.15%, Memory: 4.354GiB / 503.5GiB
hopeful_einstein: CPU: 100.14%, Memory: 7.204GiB / 503.5GiB
hopeful_einstein: CPU: 3175.54%, Memory: 7.626GiB / 503.5GiB
hopeful_einstein: CPU: 135.79%, Memory: 7.626GiB / 503.5GiB
hopeful_einstein: CPU: 100.08%, Memory: 7.074GiB / 503.5GiB
hopeful_einstein: CPU: 3105.41%, Memory: 7.638GiB / 503.5GiB
hopeful_einstein: CPU: 3095.35%, Memory: 7.638GiB / 503.5GiB
hopeful_einstein: CPU: 3136.78%, Memory: 7.648GiB / 503.5GiB
hopeful_einstein: CPU: 1132.95%, Memory: 7.654GiB / 503.5GiB
hopeful_einstein: CPU: 100.12%, Memory: 6.081GiB / 503.5GiB
hopeful_einstein: CPU: 100.18%, Memory: 6.081GiB / 503.5GiB
hopeful_einstein: CPU: 99.72%, Memory: 8.982GiB / 503.5GiB
hopeful_einstein: CPU: 3198.15%, Memory: 9.068GiB / 503.5GiB
hopeful_einstein: CPU: 3195.06%, Memory: 9.068GiB / 503.5GiB
hopeful_einstein: CPU: 3206.46%, Memory: 9.068GiB / 503.5GiB
hopeful_einstein: CPU: 3198.93%, Memory: 9.068GiB / 503.5GiB
hopeful_einstein: CPU: 3183.67%, Memory: 9.068GiB / 503.5GiB
hopeful_einstein: CPU: 3142.88%, Memory: 9.068GiB / 503.5GiB
hopeful_einstein: CPU: 100.04%, Memory: 4.516GiB / 503.5GiB
gifted_lovelace: CPU: 100.18%, Memory: 1.297GiB / 503.5GiB
gifted_lovelace: CPU: 100.07%, Memory: 2.99GiB / 503.5GiB
gifted_lovelace: CPU: 99.93%, Memory: 2.99GiB / 503.5GiB
gifted_lovelace: CPU: 100.05%, Memory: 2.99GiB / 503.5GiB
gifted_lovelace: CPU: 100.11%, Memory: 2.99GiB / 503.5GiB
gifted_lovelace: CPU: 100.24%, Memory: 2.99GiB / 503.5GiB
gifted_lovelace: CPU: 100.15%, Memory: 2.99GiB / 503.5GiB
gifted_lovelace: CPU: 100.12%, Memory: 2.99GiB / 503.5GiB
gifted_lovelace: CPU: 99.78%, Memory: 2.99GiB / 503.5GiB
gifted_lovelace: CPU: 100.15%, Memory: 2.99GiB / 503.5GiB
gifted_lovelace: CPU: 100.12%, Memory: 2.99GiB / 503.5GiB
gifted_lovelace: CPU: 100.12%, Memory: 2.99GiB / 503.5GiB
gifted_lovelace: CPU: 100.12%, Memory: 2.99GiB / 503.5GiB
gifted_lovelace: CPU: 100.12%, Memory: 2.99GiB / 503.5GiB
gifted_lovelace: CPU: 100.09%, Memory: 2.99GiB / 503.5GiB
gifted_lovelace: CPU: 100.09%, Memory: 2.99GiB / 503.5GiB
gifted_lovelace: CPU: 99.69%, Memory: 2.99GiB / 503.5GiB
gifted_lovelace: CPU: 100.15%, Memory: 2.99GiB / 503.5GiB
gifted_lovelace: CPU: 100.12%, Memory: 2.99GiB / 503.5GiB
gifted_lovelace: CPU: 99.81%, Memory: 2.99GiB / 503.5GiB
gifted_lovelace: CPU: 100.24%, Memory: 2.99GiB / 503.5GiB
gifted_lovelace: CPU: 100.18%, Memory: 2.99GiB / 503.5GiB
gifted_lovelace: CPU: 100.18%, Memory: 2.99GiB / 503.5GiB
gifted_lovelace: CPU: 99.78%, Memory: 4.631GiB / 503.5GiB
gifted_lovelace: CPU: 100.08%, Memory: 7.254GiB / 503.5GiB
gifted_lovelace: CPU: 3155.43%, Memory: 7.626GiB / 503.5GiB
gifted_lovelace: CPU: 159.82%, Memory: 7.626GiB / 503.5GiB
gifted_lovelace: CPU: 100.02%, Memory: 7.07GiB / 503.5GiB
gifted_lovelace: CPU: 3150.99%, Memory: 7.638GiB / 503.5GiB
gifted_lovelace: CPU: 3083.47%, Memory: 7.638GiB / 503.5GiB
gifted_lovelace: CPU: 3111.01%, Memory: 7.649GiB / 503.5GiB
gifted_lovelace: CPU: 526.39%, Memory: 7.654GiB / 503.5GiB
gifted_lovelace: CPU: 100.15%, Memory: 6.081GiB / 503.5GiB
gifted_lovelace: CPU: 100.12%, Memory: 6.081GiB / 503.5GiB
gifted_lovelace: CPU: 191.38%, Memory: 9.067GiB / 503.5GiB
gifted_lovelace: CPU: 3172.11%, Memory: 9.068GiB / 503.5GiB
gifted_lovelace: CPU: 3196.02%, Memory: 9.068GiB / 503.5GiB
gifted_lovelace: CPU: 3197.03%, Memory: 9.068GiB / 503.5GiB
gifted_lovelace: CPU: 3196.23%, Memory: 9.068GiB / 503.5GiB
gifted_lovelace: CPU: 3176.14%, Memory: 9.068GiB / 503.5GiB
gifted_lovelace: CPU: 3176.27%, Memory: 9.068GiB / 503.5GiB
gifted_lovelace: CPU: 100.18%, Memory: 9.068GiB / 503.5GiB
kind_cannon: CPU: 99.65%, Memory: 1.24GiB / 503.5GiB
kind_cannon: CPU: 100.33%, Memory: 2.99GiB / 503.5GiB
kind_cannon: CPU: 100.18%, Memory: 2.99GiB / 503.5GiB
kind_cannon: CPU: 100.06%, Memory: 2.99GiB / 503.5GiB
kind_cannon: CPU: 100.18%, Memory: 2.99GiB / 503.5GiB
kind_cannon: CPU: 100.12%, Memory: 2.99GiB / 503.5GiB
kind_cannon: CPU: 100.15%, Memory: 2.99GiB / 503.5GiB
kind_cannon: CPU: 99.72%, Memory: 2.99GiB / 503.5GiB
kind_cannon: CPU: 99.72%, Memory: 2.99GiB / 503.5GiB
kind_cannon: CPU: 100.15%, Memory: 2.99GiB / 503.5GiB
kind_cannon: CPU: 100.09%, Memory: 2.99GiB / 503.5GiB
kind_cannon: CPU: 99.75%, Memory: 2.99GiB / 503.5GiB
kind_cannon: CPU: 100.12%, Memory: 2.99GiB / 503.5GiB
kind_cannon: CPU: 99.69%, Memory: 2.99GiB / 503.5GiB
kind_cannon: CPU: 100.15%, Memory: 2.99GiB / 503.5GiB
kind_cannon: CPU: 100.06%, Memory: 2.99GiB / 503.5GiB
kind_cannon: CPU: 100.05%, Memory: 2.99GiB / 503.5GiB
kind_cannon: CPU: 100.15%, Memory: 2.99GiB / 503.5GiB
kind_cannon: CPU: 100.02%, Memory: 2.99GiB / 503.5GiB
kind_cannon: CPU: 100.05%, Memory: 2.99GiB / 503.5GiB
kind_cannon: CPU: 100.15%, Memory: 2.99GiB / 503.5GiB
kind_cannon: CPU: 100.12%, Memory: 2.99GiB / 503.5GiB
kind_cannon: CPU: 100.15%, Memory: 2.99GiB / 503.5GiB
kind_cannon: CPU: 100.05%, Memory: 2.99GiB / 503.5GiB
kind_cannon: CPU: 100.15%, Memory: 6.467GiB / 503.5GiB
kind_cannon: CPU: 2523.80%, Memory: 7.627GiB / 503.5GiB
kind_cannon: CPU: 3185.72%, Memory: 7.626GiB / 503.5GiB
kind_cannon: CPU: 99.75%, Memory: 6.361GiB / 503.5GiB
kind_cannon: CPU: 1922.27%, Memory: 7.639GiB / 503.5GiB
kind_cannon: CPU: 3174.42%, Memory: 7.638GiB / 503.5GiB
kind_cannon: CPU: 3077.39%, Memory: 7.647GiB / 503.5GiB
kind_cannon: CPU: 3053.38%, Memory: 7.655GiB / 503.5GiB
kind_cannon: CPU: 100.21%, Memory: 6.081GiB / 503.5GiB
kind_cannon: CPU: 99.81%, Memory: 6.081GiB / 503.5GiB
kind_cannon: CPU: 100.09%, Memory: 8.015GiB / 503.5GiB
kind_cannon: CPU: 3199.09%, Memory: 9.068GiB / 503.5GiB
kind_cannon: CPU: 3204.31%, Memory: 9.068GiB / 503.5GiB
kind_cannon: CPU: 3196.71%, Memory: 9.068GiB / 503.5GiB
kind_cannon: CPU: 3196.60%, Memory: 9.068GiB / 503.5GiB
kind_cannon: CPU: 3196.44%, Memory: 9.068GiB / 503.5GiB
kind_cannon: CPU: 3165.42%, Memory: 9.068GiB / 503.5GiB
kind_cannon: CPU: 100.15%, Memory: 9.068GiB / 503.5GiB
intelligent_jang: CPU: 106.50%, Memory: 1.215GiB / 503.5GiB
intelligent_jang: CPU: 100.24%, Memory: 2.99GiB / 503.5GiB
intelligent_jang: CPU: 99.93%, Memory: 2.99GiB / 503.5GiB
intelligent_jang: CPU: 99.99%, Memory: 2.99GiB / 503.5GiB
intelligent_jang: CPU: 100.21%, Memory: 2.99GiB / 503.5GiB
intelligent_jang: CPU: 99.72%, Memory: 2.99GiB / 503.5GiB
intelligent_jang: CPU: 100.12%, Memory: 2.99GiB / 503.5GiB
intelligent_jang: CPU: 100.15%, Memory: 2.99GiB / 503.5GiB
intelligent_jang: CPU: 100.12%, Memory: 2.99GiB / 503.5GiB
intelligent_jang: CPU: 100.18%, Memory: 2.99GiB / 503.5GiB
intelligent_jang: CPU: 100.02%, Memory: 2.99GiB / 503.5GiB
intelligent_jang: CPU: 100.12%, Memory: 2.99GiB / 503.5GiB
intelligent_jang: CPU: 100.08%, Memory: 2.99GiB / 503.5GiB
intelligent_jang: CPU: 99.72%, Memory: 2.99GiB / 503.5GiB
intelligent_jang: CPU: 99.75%, Memory: 2.99GiB / 503.5GiB
intelligent_jang: CPU: 99.72%, Memory: 2.99GiB / 503.5GiB
intelligent_jang: CPU: 100.08%, Memory: 2.99GiB / 503.5GiB
intelligent_jang: CPU: 99.72%, Memory: 2.99GiB / 503.5GiB
intelligent_jang: CPU: 100.06%, Memory: 2.99GiB / 503.5GiB
intelligent_jang: CPU: 100.21%, Memory: 2.99GiB / 503.5GiB
intelligent_jang: CPU: 100.12%, Memory: 2.99GiB / 503.5GiB
intelligent_jang: CPU: 100.18%, Memory: 2.99GiB / 503.5GiB
intelligent_jang: CPU: 100.15%, Memory: 2.99GiB / 503.5GiB
intelligent_jang: CPU: 100.11%, Memory: 4.743GiB / 503.5GiB
intelligent_jang: CPU: 100.12%, Memory: 7.289GiB / 503.5GiB
intelligent_jang: CPU: 3187.15%, Memory: 7.627GiB / 503.5GiB
intelligent_jang: CPU: 100.12%, Memory: 7.626GiB / 503.5GiB
intelligent_jang: CPU: 99.75%, Memory: 7.192GiB / 503.5GiB
intelligent_jang: CPU: 3209.16%, Memory: 7.638GiB / 503.5GiB
intelligent_jang: CPU: 3203.35%, Memory: 7.644GiB / 503.5GiB
intelligent_jang: CPU: 3136.52%, Memory: 7.653GiB / 503.5GiB
intelligent_jang: CPU: 99.75%, Memory: 6.081GiB / 503.5GiB
intelligent_jang: CPU: 100.18%, Memory: 6.081GiB / 503.5GiB
intelligent_jang: CPU: 100.21%, Memory: 7.457GiB / 503.5GiB
intelligent_jang: CPU: 3211.25%, Memory: 9.068GiB / 503.5GiB
intelligent_jang: CPU: 3198.36%, Memory: 9.068GiB / 503.5GiB
intelligent_jang: CPU: 3196.72%, Memory: 9.068GiB / 503.5GiB
intelligent_jang: CPU: 3194.75%, Memory: 9.068GiB / 503.5GiB
intelligent_jang: CPU: 3202.54%, Memory: 9.068GiB / 503.5GiB
intelligent_jang: CPU: 3203.25%, Memory: 9.068GiB / 503.5GiB
intelligent_jang: CPU: 100.12%, Memory: 9.068GiB / 503.5GiB
jolly_mccarthy: CPU: 139.62%, Memory: 1.215GiB / 503.5GiB
jolly_mccarthy: CPU: 100.37%, Memory: 2.99GiB / 503.5GiB
jolly_mccarthy: CPU: 100.02%, Memory: 2.99GiB / 503.5GiB
jolly_mccarthy: CPU: 99.28%, Memory: 2.99GiB / 503.5GiB
jolly_mccarthy: CPU: 98.85%, Memory: 2.99GiB / 503.5GiB
jolly_mccarthy: CPU: 100.02%, Memory: 2.99GiB / 503.5GiB
jolly_mccarthy: CPU: 100.15%, Memory: 2.99GiB / 503.5GiB
jolly_mccarthy: CPU: 100.15%, Memory: 2.99GiB / 503.5GiB
jolly_mccarthy: CPU: 100.14%, Memory: 2.99GiB / 503.5GiB
jolly_mccarthy: CPU: 100.09%, Memory: 2.99GiB / 503.5GiB
jolly_mccarthy: CPU: 100.09%, Memory: 2.99GiB / 503.5GiB
jolly_mccarthy: CPU: 100.09%, Memory: 2.99GiB / 503.5GiB
jolly_mccarthy: CPU: 100.08%, Memory: 2.99GiB / 503.5GiB
jolly_mccarthy: CPU: 99.69%, Memory: 2.99GiB / 503.5GiB
jolly_mccarthy: CPU: 100.12%, Memory: 2.99GiB / 503.5GiB
jolly_mccarthy: CPU: 99.65%, Memory: 2.99GiB / 503.5GiB
jolly_mccarthy: CPU: 99.56%, Memory: 2.99GiB / 503.5GiB
jolly_mccarthy: CPU: 100.18%, Memory: 2.99GiB / 503.5GiB
jolly_mccarthy: CPU: 99.87%, Memory: 2.99GiB / 503.5GiB
jolly_mccarthy: CPU: 100.12%, Memory: 2.99GiB / 503.5GiB
jolly_mccarthy: CPU: 100.05%, Memory: 2.99GiB / 503.5GiB
jolly_mccarthy: CPU: 100.05%, Memory: 2.99GiB / 503.5GiB
jolly_mccarthy: CPU: 100.08%, Memory: 2.99GiB / 503.5GiB
jolly_mccarthy: CPU: 100.11%, Memory: 4.542GiB / 503.5GiB
jolly_mccarthy: CPU: 99.75%, Memory: 7.217GiB / 503.5GiB
jolly_mccarthy: CPU: 3153.74%, Memory: 7.626GiB / 503.5GiB
jolly_mccarthy: CPU: 100.08%, Memory: 7.626GiB / 503.5GiB
jolly_mccarthy: CPU: 100.15%, Memory: 7.046GiB / 503.5GiB
jolly_mccarthy: CPU: 3170.92%, Memory: 7.639GiB / 503.5GiB
jolly_mccarthy: CPU: 3191.11%, Memory: 7.641GiB / 503.5GiB
jolly_mccarthy: CPU: 3146.87%, Memory: 7.652GiB / 503.5GiB
jolly_mccarthy: CPU: 100.21%, Memory: 6.081GiB / 503.5GiB
jolly_mccarthy: CPU: 99.65%, Memory: 6.081GiB / 503.5GiB
jolly_mccarthy: CPU: 100.08%, Memory: 7.31GiB / 503.5GiB
jolly_mccarthy: CPU: 3095.17%, Memory: 9.068GiB / 503.5GiB
jolly_mccarthy: CPU: 3137.66%, Memory: 9.068GiB / 503.5GiB
jolly_mccarthy: CPU: 3175.33%, Memory: 9.068GiB / 503.5GiB
jolly_mccarthy: CPU: 3142.66%, Memory: 9.068GiB / 503.5GiB
jolly_mccarthy: CPU: 3185.30%, Memory: 9.068GiB / 503.5GiB
jolly_mccarthy: CPU: 3201.91%, Memory: 9.068GiB / 503.5GiB
jolly_mccarthy: CPU: 3208.08%, Memory: 9.068GiB / 503.5GiB
jolly_mccarthy: CPU: 99.62%, Memory: 9.068GiB / 503.5GiB
hungry_dirac: CPU: 101.86%, Memory: 1.248GiB / 503.5GiB
hungry_dirac: CPU: 100.15%, Memory: 2.99GiB / 503.5GiB
hungry_dirac: CPU: 100.15%, Memory: 2.99GiB / 503.5GiB
hungry_dirac: CPU: 100.12%, Memory: 2.99GiB / 503.5GiB
hungry_dirac: CPU: 99.81%, Memory: 2.99GiB / 503.5GiB
hungry_dirac: CPU: 100.18%, Memory: 2.99GiB / 503.5GiB
hungry_dirac: CPU: 100.06%, Memory: 2.99GiB / 503.5GiB
hungry_dirac: CPU: 99.96%, Memory: 2.99GiB / 503.5GiB
hungry_dirac: CPU: 100.18%, Memory: 2.99GiB / 503.5GiB
hungry_dirac: CPU: 99.72%, Memory: 2.99GiB / 503.5GiB
hungry_dirac: CPU: 100.15%, Memory: 2.99GiB / 503.5GiB
hungry_dirac: CPU: 100.12%, Memory: 2.99GiB / 503.5GiB
hungry_dirac: CPU: 100.08%, Memory: 2.99GiB / 503.5GiB
hungry_dirac: CPU: 100.15%, Memory: 2.99GiB / 503.5GiB
hungry_dirac: CPU: 100.15%, Memory: 2.99GiB / 503.5GiB
hungry_dirac: CPU: 100.15%, Memory: 2.99GiB / 503.5GiB
hungry_dirac: CPU: 100.15%, Memory: 2.99GiB / 503.5GiB
hungry_dirac: CPU: 100.12%, Memory: 2.99GiB / 503.5GiB
hungry_dirac: CPU: 100.09%, Memory: 2.99GiB / 503.5GiB
hungry_dirac: CPU: 100.06%, Memory: 2.99GiB / 503.5GiB
hungry_dirac: CPU: 100.05%, Memory: 2.99GiB / 503.5GiB
hungry_dirac: CPU: 100.05%, Memory: 2.99GiB / 503.5GiB
hungry_dirac: CPU: 100.08%, Memory: 2.99GiB / 503.5GiB
hungry_dirac: CPU: 100.05%, Memory: 4.792GiB / 503.5GiB
hungry_dirac: CPU: 100.15%, Memory: 7.301GiB / 503.5GiB
hungry_dirac: CPU: 3168.42%, Memory: 7.626GiB / 503.5GiB
hungry_dirac: CPU: 99.78%, Memory: 7.626GiB / 503.5GiB
hungry_dirac: CPU: 100.15%, Memory: 7.204GiB / 503.5GiB
hungry_dirac: CPU: 3166.83%, Memory: 7.638GiB / 503.5GiB
hungry_dirac: CPU: 3191.67%, Memory: 7.643GiB / 503.5GiB
hungry_dirac: CPU: 3139.75%, Memory: 7.652GiB / 503.5GiB
hungry_dirac: CPU: 100.12%, Memory: 7.654GiB / 503.5GiB
hungry_dirac: CPU: 100.21%, Memory: 6.081GiB / 503.5GiB
hungry_dirac: CPU: 100.12%, Memory: 7.236GiB / 503.5GiB
hungry_dirac: CPU: 3089.17%, Memory: 9.068GiB / 503.5GiB
hungry_dirac: CPU: 3065.83%, Memory: 9.068GiB / 503.5GiB
hungry_dirac: CPU: 3089.06%, Memory: 9.068GiB / 503.5GiB
hungry_dirac: CPU: 3096.65%, Memory: 9.068GiB / 503.5GiB
hungry_dirac: CPU: 3189.02%, Memory: 9.068GiB / 503.5GiB
hungry_dirac: CPU: 3170.59%, Memory: 9.068GiB / 503.5GiB
hungry_dirac: CPU: 3197.83%, Memory: 9.068GiB / 503.5GiB
hungry_dirac: CPU: 100.18%, Memory: 9.068GiB / 503.5GiB
elated_euclid: CPU: 134.85%, Memory: 1.213GiB / 503.5GiB
elated_euclid: CPU: 100.08%, Memory: 2.99GiB / 503.5GiB
elated_euclid: CPU: 99.69%, Memory: 2.99GiB / 503.5GiB
elated_euclid: CPU: 100.05%, Memory: 2.99GiB / 503.5GiB
elated_euclid: CPU: 100.05%, Memory: 2.99GiB / 503.5GiB
elated_euclid: CPU: 100.11%, Memory: 2.99GiB / 503.5GiB
elated_euclid: CPU: 100.18%, Memory: 2.99GiB / 503.5GiB
elated_euclid: CPU: 100.08%, Memory: 2.99GiB / 503.5GiB
elated_euclid: CPU: 100.02%, Memory: 2.99GiB / 503.5GiB
elated_euclid: CPU: 100.05%, Memory: 2.99GiB / 503.5GiB
elated_euclid: CPU: 99.78%, Memory: 2.99GiB / 503.5GiB
elated_euclid: CPU: 100.09%, Memory: 2.99GiB / 503.5GiB
elated_euclid: CPU: 100.11%, Memory: 2.99GiB / 503.5GiB
elated_euclid: CPU: 100.08%, Memory: 2.99GiB / 503.5GiB
elated_euclid: CPU: 99.99%, Memory: 2.99GiB / 503.5GiB
elated_euclid: CPU: 100.15%, Memory: 2.99GiB / 503.5GiB
elated_euclid: CPU: 100.12%, Memory: 2.99GiB / 503.5GiB
elated_euclid: CPU: 100.15%, Memory: 2.99GiB / 503.5GiB
elated_euclid: CPU: 100.15%, Memory: 2.99GiB / 503.5GiB
elated_euclid: CPU: 99.75%, Memory: 2.99GiB / 503.5GiB
elated_euclid: CPU: 100.05%, Memory: 2.99GiB / 503.5GiB
elated_euclid: CPU: 100.12%, Memory: 2.99GiB / 503.5GiB
elated_euclid: CPU: 100.05%, Memory: 2.99GiB / 503.5GiB
elated_euclid: CPU: 100.05%, Memory: 4.444GiB / 503.5GiB
elated_euclid: CPU: 99.96%, Memory: 7.217GiB / 503.5GiB
elated_euclid: CPU: 3161.89%, Memory: 7.626GiB / 503.5GiB
elated_euclid: CPU: 341.34%, Memory: 7.626GiB / 503.5GiB
elated_euclid: CPU: 99.65%, Memory: 7.074GiB / 503.5GiB
elated_euclid: CPU: 3196.93%, Memory: 7.638GiB / 503.5GiB
elated_euclid: CPU: 3192.89%, Memory: 7.643GiB / 503.5GiB
elated_euclid: CPU: 3139.75%, Memory: 7.652GiB / 503.5GiB
elated_euclid: CPU: 100.12%, Memory: 6.081GiB / 503.5GiB
elated_euclid: CPU: 100.11%, Memory: 6.081GiB / 503.5GiB
elated_euclid: CPU: 99.62%, Memory: 7.694GiB / 503.5GiB
elated_euclid: CPU: 3197.68%, Memory: 9.068GiB / 503.5GiB
elated_euclid: CPU: 3209.02%, Memory: 9.068GiB / 503.5GiB
elated_euclid: CPU: 3091.27%, Memory: 9.068GiB / 503.5GiB
elated_euclid: CPU: 3106.70%, Memory: 9.068GiB / 503.5GiB
elated_euclid: CPU: 3099.68%, Memory: 9.068GiB / 503.5GiB
elated_euclid: CPU: 3093.40%, Memory: 9.068GiB / 503.5GiB
elated_euclid: CPU: 3129.63%, Memory: 9.068GiB / 503.5GiB
elated_euclid: CPU: 100.21%, Memory: 9.068GiB / 503.5GiB
