sleepy_sinoussi: CPU: 100.45%, Memory: 768.4MiB / 503.5GiB
sleepy_sinoussi: CPU: 100.02%, Memory: 768.4MiB / 503.5GiB
sleepy_sinoussi: CPU: 100.05%, Memory: 768.4MiB / 503.5GiB
sleepy_sinoussi: CPU: 100.11%, Memory: 768.4MiB / 503.5GiB
sleepy_sinoussi: CPU: 100.09%, Memory: 768.4MiB / 503.5GiB
sleepy_sinoussi: CPU: 99.78%, Memory: 2.023GiB / 503.5GiB
sleepy_sinoussi: CPU: 3214.80%, Memory: 2.267GiB / 503.5GiB
sleepy_sinoussi: CPU: 3193.65%, Memory: 2.27GiB / 503.5GiB
sleepy_sinoussi: CPU: 3194.12%, Memory: 2.277GiB / 503.5GiB
sleepy_sinoussi: CPU: 99.72%, Memory: 2.776GiB / 503.5GiB
sleepy_sinoussi: CPU: 1502.93%, Memory: 3.448GiB / 503.5GiB
sleepy_sinoussi: CPU: 100.21%, Memory: 3.486GiB / 503.5GiB
sleepy_sinoussi: CPU: 3193.18%, Memory: 3.786GiB / 503.5GiB
sleepy_sinoussi: CPU: 3196.00%, Memory: 3.785GiB / 503.5GiB
sleepy_sinoussi: CPU: 3203.83%, Memory: 3.785GiB / 503.5GiB
sleepy_sinoussi: CPU: 3204.10%, Memory: 3.785GiB / 503.5GiB
sleepy_sinoussi: CPU: 2737.35%, Memory: 3.785GiB / 503.5GiB
sleepy_sinoussi: CPU: 3214.23%, Memory: 3.037GiB / 503.5GiB
great_merkle: CPU: 107.15%, Memory: 768.6MiB / 503.5GiB
great_merkle: CPU: 100.27%, Memory: 768.4MiB / 503.5GiB
great_merkle: CPU: 99.75%, Memory: 768.4MiB / 503.5GiB
great_merkle: CPU: 99.72%, Memory: 768.4MiB / 503.5GiB
great_merkle: CPU: 100.08%, Memory: 768.4MiB / 503.5GiB
great_merkle: CPU: 100.14%, Memory: 2.064GiB / 503.5GiB
great_merkle: CPU: 3144.83%, Memory: 2.267GiB / 503.5GiB
great_merkle: CPU: 3094.88%, Memory: 2.269GiB / 503.5GiB
great_merkle: CPU: 3138.35%, Memory: 2.276GiB / 503.5GiB
great_merkle: CPU: 99.78%, Memory: 2.36GiB / 503.5GiB
great_merkle: CPU: 3180.27%, Memory: 3.448GiB / 503.5GiB
great_merkle: CPU: 100.18%, Memory: 3.233GiB / 503.5GiB
great_merkle: CPU: 3155.86%, Memory: 3.786GiB / 503.5GiB
great_merkle: CPU: 3191.45%, Memory: 3.786GiB / 503.5GiB
great_merkle: CPU: 3180.27%, Memory: 3.786GiB / 503.5GiB
great_merkle: CPU: 3195.41%, Memory: 3.786GiB / 503.5GiB
great_merkle: CPU: 2747.84%, Memory: 3.786GiB / 503.5GiB
great_merkle: CPU: 3204.11%, Memory: 3.038GiB / 503.5GiB
youthful_hamilton: CPU: 100.06%, Memory: 768.6MiB / 503.5GiB
youthful_hamilton: CPU: 100.18%, Memory: 768.5MiB / 503.5GiB
youthful_hamilton: CPU: 100.05%, Memory: 768.5MiB / 503.5GiB
youthful_hamilton: CPU: 100.12%, Memory: 768.5MiB / 503.5GiB
youthful_hamilton: CPU: 99.75%, Memory: 768.5MiB / 503.5GiB
youthful_hamilton: CPU: 393.49%, Memory: 2.265GiB / 503.5GiB
youthful_hamilton: CPU: 3179.96%, Memory: 2.268GiB / 503.5GiB
youthful_hamilton: CPU: 3205.72%, Memory: 2.274GiB / 503.5GiB
youthful_hamilton: CPU: 379.87%, Memory: 1.77GiB / 503.5GiB
youthful_hamilton: CPU: 798.88%, Memory: 3.449GiB / 503.5GiB
youthful_hamilton: CPU: 100.15%, Memory: 2.545GiB / 503.5GiB
youthful_hamilton: CPU: 2285.14%, Memory: 3.786GiB / 503.5GiB
youthful_hamilton: CPU: 3192.36%, Memory: 3.786GiB / 503.5GiB
youthful_hamilton: CPU: 3209.44%, Memory: 3.785GiB / 503.5GiB
youthful_hamilton: CPU: 3205.88%, Memory: 3.785GiB / 503.5GiB
youthful_hamilton: CPU: 3191.70%, Memory: 3.785GiB / 503.5GiB
youthful_hamilton: CPU: 100.12%, Memory: 2.762GiB / 503.5GiB
youthful_hamilton: CPU: 2373.07%, Memory: 3.037GiB / 503.5GiB
upbeat_goldwasser: CPU: 148.79%, Memory: 768.4MiB / 503.5GiB
upbeat_goldwasser: CPU: 100.06%, Memory: 768.4MiB / 503.5GiB
upbeat_goldwasser: CPU: 100.02%, Memory: 768.4MiB / 503.5GiB
upbeat_goldwasser: CPU: 100.02%, Memory: 768.4MiB / 503.5GiB
upbeat_goldwasser: CPU: 99.96%, Memory: 768.4MiB / 503.5GiB
upbeat_goldwasser: CPU: 99.75%, Memory: 2.065GiB / 503.5GiB
upbeat_goldwasser: CPU: 3196.17%, Memory: 2.267GiB / 503.5GiB
upbeat_goldwasser: CPU: 3191.17%, Memory: 2.271GiB / 503.5GiB
upbeat_goldwasser: CPU: 1007.70%, Memory: 2.281GiB / 503.5GiB
upbeat_goldwasser: CPU: 100.15%, Memory: 3.413GiB / 503.5GiB
upbeat_goldwasser: CPU: 100.12%, Memory: 2.369GiB / 503.5GiB
upbeat_goldwasser: CPU: 1271.52%, Memory: 3.786GiB / 503.5GiB
upbeat_goldwasser: CPU: 3181.11%, Memory: 3.786GiB / 503.5GiB
upbeat_goldwasser: CPU: 3106.66%, Memory: 3.785GiB / 503.5GiB
upbeat_goldwasser: CPU: 3135.71%, Memory: 3.785GiB / 503.5GiB
upbeat_goldwasser: CPU: 3057.50%, Memory: 3.787GiB / 503.5GiB
upbeat_goldwasser: CPU: 3173.33%, Memory: 3.786GiB / 503.5GiB
upbeat_goldwasser: CPU: 2484.88%, Memory: 3.039GiB / 503.5GiB
laughing_mclaren: CPU: 125.12%, Memory: 768.9MiB / 503.5GiB
laughing_mclaren: CPU: 100.27%, Memory: 768.4MiB / 503.5GiB
laughing_mclaren: CPU: 100.02%, Memory: 768.4MiB / 503.5GiB
laughing_mclaren: CPU: 99.69%, Memory: 768.4MiB / 503.5GiB
laughing_mclaren: CPU: 100.05%, Memory: 768.4MiB / 503.5GiB
laughing_mclaren: CPU: 100.09%, Memory: 1.771GiB / 503.5GiB
laughing_mclaren: CPU: 3191.86%, Memory: 2.267GiB / 503.5GiB
laughing_mclaren: CPU: 3206.51%, Memory: 2.269GiB / 503.5GiB
laughing_mclaren: CPU: 2581.01%, Memory: 2.281GiB / 503.5GiB
laughing_mclaren: CPU: 100.18%, Memory: 3.053GiB / 503.5GiB
laughing_mclaren: CPU: 259.30%, Memory: 3.448GiB / 503.5GiB
laughing_mclaren: CPU: 100.12%, Memory: 3.652GiB / 503.5GiB
laughing_mclaren: CPU: 3155.98%, Memory: 3.785GiB / 503.5GiB
laughing_mclaren: CPU: 3193.30%, Memory: 3.785GiB / 503.5GiB
laughing_mclaren: CPU: 3192.26%, Memory: 3.785GiB / 503.5GiB
laughing_mclaren: CPU: 3195.93%, Memory: 3.786GiB / 503.5GiB
laughing_mclaren: CPU: 2394.21%, Memory: 3.786GiB / 503.5GiB
laughing_mclaren: CPU: 3193.71%, Memory: 3.037GiB / 503.5GiB
kind_elion: CPU: 103.53%, Memory: 768.8MiB / 503.5GiB
kind_elion: CPU: 99.87%, Memory: 768.5MiB / 503.5GiB
kind_elion: CPU: 100.02%, Memory: 768.5MiB / 503.5GiB
kind_elion: CPU: 100.09%, Memory: 768.5MiB / 503.5GiB
kind_elion: CPU: 100.02%, Memory: 768.5MiB / 503.5GiB
kind_elion: CPU: 99.99%, Memory: 2.035GiB / 503.5GiB
kind_elion: CPU: 3149.44%, Memory: 2.268GiB / 503.5GiB
kind_elion: CPU: 3094.41%, Memory: 2.269GiB / 503.5GiB
kind_elion: CPU: 3106.06%, Memory: 2.275GiB / 503.5GiB
kind_elion: CPU: 402.07%, Memory: 2.253GiB / 503.5GiB
kind_elion: CPU: 741.97%, Memory: 3.449GiB / 503.5GiB
kind_elion: CPU: 100.08%, Memory: 2.536GiB / 503.5GiB
kind_elion: CPU: 2081.44%, Memory: 3.786GiB / 503.5GiB
kind_elion: CPU: 3193.80%, Memory: 3.786GiB / 503.5GiB
kind_elion: CPU: 3207.62%, Memory: 3.785GiB / 503.5GiB
kind_elion: CPU: 3194.53%, Memory: 3.785GiB / 503.5GiB
kind_elion: CPU: 100.11%, Memory: 2.434GiB / 503.5GiB
kind_elion: CPU: 2739.49%, Memory: 3.037GiB / 503.5GiB
adoring_merkle: CPU: 151.16%, Memory: 768.5MiB / 503.5GiB
adoring_merkle: CPU: 99.69%, Memory: 768.4MiB / 503.5GiB
adoring_merkle: CPU: 100.15%, Memory: 768.4MiB / 503.5GiB
adoring_merkle: CPU: 100.18%, Memory: 768.4MiB / 503.5GiB
adoring_merkle: CPU: 99.28%, Memory: 768.4MiB / 503.5GiB
adoring_merkle: CPU: 100.02%, Memory: 2.008GiB / 503.5GiB
adoring_merkle: CPU: 3144.59%, Memory: 2.267GiB / 503.5GiB
adoring_merkle: CPU: 3197.56%, Memory: 2.269GiB / 503.5GiB
adoring_merkle: CPU: 3194.49%, Memory: 2.277GiB / 503.5GiB
adoring_merkle: CPU: 100.05%, Memory: 2.629GiB / 503.5GiB
adoring_merkle: CPU: 1236.45%, Memory: 3.448GiB / 503.5GiB
adoring_merkle: CPU: 99.69%, Memory: 3.694GiB / 503.5GiB
adoring_merkle: CPU: 3187.84%, Memory: 3.786GiB / 503.5GiB
adoring_merkle: CPU: 3189.49%, Memory: 3.786GiB / 503.5GiB
adoring_merkle: CPU: 3173.47%, Memory: 3.786GiB / 503.5GiB
adoring_merkle: CPU: 3190.09%, Memory: 3.786GiB / 503.5GiB
adoring_merkle: CPU: 1634.83%, Memory: 3.785GiB / 503.5GiB
adoring_merkle: CPU: 3209.96%, Memory: 3.037GiB / 503.5GiB
gracious_beaver: CPU: 105.21%, Memory: 768.5MiB / 503.5GiB
gracious_beaver: CPU: 99.98%, Memory: 768.4MiB / 503.5GiB
gracious_beaver: CPU: 99.34%, Memory: 768.4MiB / 503.5GiB
gracious_beaver: CPU: 100.02%, Memory: 768.4MiB / 503.5GiB
gracious_beaver: CPU: 99.62%, Memory: 768.4MiB / 503.5GiB
gracious_beaver: CPU: 99.99%, Memory: 1.762GiB / 503.5GiB
gracious_beaver: CPU: 3190.19%, Memory: 2.266GiB / 503.5GiB
gracious_beaver: CPU: 3189.26%, Memory: 2.27GiB / 503.5GiB
gracious_beaver: CPU: 1866.76%, Memory: 2.282GiB / 503.5GiB
gracious_beaver: CPU: 100.12%, Memory: 3.135GiB / 503.5GiB
gracious_beaver: CPU: 206.17%, Memory: 3.447GiB / 503.5GiB
gracious_beaver: CPU: 100.09%, Memory: 3.769GiB / 503.5GiB
gracious_beaver: CPU: 3192.12%, Memory: 3.785GiB / 503.5GiB
gracious_beaver: CPU: 3205.19%, Memory: 3.785GiB / 503.5GiB
gracious_beaver: CPU: 3194.55%, Memory: 3.785GiB / 503.5GiB
gracious_beaver: CPU: 3090.42%, Memory: 3.785GiB / 503.5GiB
gracious_beaver: CPU: 1430.37%, Memory: 3.785GiB / 503.5GiB
gracious_beaver: CPU: 3086.79%, Memory: 3.038GiB / 503.5GiB
confident_wu: CPU: 171.12%, Memory: 769.2MiB / 503.5GiB
confident_wu: CPU: 100.06%, Memory: 768.9MiB / 503.5GiB
confident_wu: CPU: 99.69%, Memory: 768.5MiB / 503.5GiB
confident_wu: CPU: 100.06%, Memory: 768.5MiB / 503.5GiB
confident_wu: CPU: 100.18%, Memory: 768.5MiB / 503.5GiB
confident_wu: CPU: 100.18%, Memory: 2.076GiB / 503.5GiB
confident_wu: CPU: 3206.14%, Memory: 2.267GiB / 503.5GiB
confident_wu: CPU: 3189.22%, Memory: 2.27GiB / 503.5GiB
confident_wu: CPU: 2791.50%, Memory: 2.281GiB / 503.5GiB
confident_wu: CPU: 100.15%, Memory: 3.036GiB / 503.5GiB
confident_wu: CPU: 774.14%, Memory: 3.448GiB / 503.5GiB
confident_wu: CPU: 100.12%, Memory: 3.718GiB / 503.5GiB
confident_wu: CPU: 3094.23%, Memory: 3.785GiB / 503.5GiB
confident_wu: CPU: 3156.30%, Memory: 3.785GiB / 503.5GiB
confident_wu: CPU: 3078.41%, Memory: 3.785GiB / 503.5GiB
confident_wu: CPU: 3080.15%, Memory: 3.786GiB / 503.5GiB
confident_wu: CPU: 3150.42%, Memory: 3.786GiB / 503.5GiB
confident_wu: CPU: 99.68%, Memory: 2.733GiB / 503.5GiB
confident_wu: CPU: 1573.30%, Memory: 3.037GiB / 503.5GiB
condescending_ramanujan: CPU: 102.13%, Memory: 768.6MiB / 503.5GiB
condescending_ramanujan: CPU: 100.21%, Memory: 768.4MiB / 503.5GiB
condescending_ramanujan: CPU: 100.12%, Memory: 768.4MiB / 503.5GiB
condescending_ramanujan: CPU: 100.15%, Memory: 768.4MiB / 503.5GiB
condescending_ramanujan: CPU: 100.05%, Memory: 768.4MiB / 503.5GiB
condescending_ramanujan: CPU: 100.15%, Memory: 2.065GiB / 503.5GiB
condescending_ramanujan: CPU: 3209.16%, Memory: 2.267GiB / 503.5GiB
condescending_ramanujan: CPU: 3192.26%, Memory: 2.27GiB / 503.5GiB
condescending_ramanujan: CPU: 1885.40%, Memory: 2.28GiB / 503.5GiB
condescending_ramanujan: CPU: 100.09%, Memory: 3.167GiB / 503.5GiB
condescending_ramanujan: CPU: 235.14%, Memory: 3.448GiB / 503.5GiB
condescending_ramanujan: CPU: 100.02%, Memory: 3.73GiB / 503.5GiB
condescending_ramanujan: CPU: 3213.93%, Memory: 3.786GiB / 503.5GiB
condescending_ramanujan: CPU: 3171.24%, Memory: 3.785GiB / 503.5GiB
condescending_ramanujan: CPU: 3190.38%, Memory: 3.785GiB / 503.5GiB
condescending_ramanujan: CPU: 3192.32%, Memory: 3.785GiB / 503.5GiB
condescending_ramanujan: CPU: 2173.57%, Memory: 3.785GiB / 503.5GiB
condescending_ramanujan: CPU: 3184.18%, Memory: 3.038GiB / 503.5GiB
