gallant_hellman: CPU: 161.34%, Memory: 1.173GiB / 503.5GiB
gallant_hellman: CPU: 100.21%, Memory: 2.99GiB / 503.5GiB
gallant_hellman: CPU: 100.06%, Memory: 2.99GiB / 503.5GiB
gallant_hellman: CPU: 99.83%, Memory: 2.99GiB / 503.5GiB
gallant_hellman: CPU: 99.62%, Memory: 2.99GiB / 503.5GiB
gallant_hellman: CPU: 100.15%, Memory: 2.99GiB / 503.5GiB
gallant_hellman: CPU: 100.15%, Memory: 2.99GiB / 503.5GiB
gallant_hellman: CPU: 99.99%, Memory: 2.99GiB / 503.5GiB
gallant_hellman: CPU: 100.12%, Memory: 2.99GiB / 503.5GiB
gallant_hellman: CPU: 100.06%, Memory: 2.99GiB / 503.5GiB
gallant_hellman: CPU: 100.05%, Memory: 2.99GiB / 503.5GiB
gallant_hellman: CPU: 100.05%, Memory: 2.99GiB / 503.5GiB
gallant_hellman: CPU: 100.15%, Memory: 2.99GiB / 503.5GiB
gallant_hellman: CPU: 99.69%, Memory: 2.99GiB / 503.5GiB
gallant_hellman: CPU: 100.06%, Memory: 2.99GiB / 503.5GiB
gallant_hellman: CPU: 100.02%, Memory: 2.99GiB / 503.5GiB
gallant_hellman: CPU: 100.02%, Memory: 2.99GiB / 503.5GiB
gallant_hellman: CPU: 100.08%, Memory: 2.99GiB / 503.5GiB
gallant_hellman: CPU: 100.15%, Memory: 2.99GiB / 503.5GiB
gallant_hellman: CPU: 100.12%, Memory: 3.305GiB / 503.5GiB
gallant_hellman: CPU: 100.05%, Memory: 6.341GiB / 503.5GiB
gallant_hellman: CPU: 100.08%, Memory: 7.656GiB / 503.5GiB
gallant_hellman: CPU: 110.74%, Memory: 8.965GiB / 503.5GiB
gallant_hellman: CPU: 3188.78%, Memory: 9.039GiB / 503.5GiB
gallant_hellman: CPU: 3206.31%, Memory: 9.039GiB / 503.5GiB
gallant_hellman: CPU: 100.12%, Memory: 9.039GiB / 503.5GiB
gallant_hellman: CPU: 100.12%, Memory: 9.039GiB / 503.5GiB
gallant_hellman: CPU: 100.18%, Memory: 6.689GiB / 503.5GiB
gallant_hellman: CPU: 100.11%, Memory: 8.019GiB / 503.5GiB
gallant_hellman: CPU: 1940.11%, Memory: 9.039GiB / 503.5GiB
gallant_hellman: CPU: 3191.83%, Memory: 9.039GiB / 503.5GiB
gallant_hellman: CPU: 3091.02%, Memory: 9.041GiB / 503.5GiB
gallant_hellman: CPU: 3188.06%, Memory: 9.042GiB / 503.5GiB
gallant_hellman: CPU: 3098.04%, Memory: 9.043GiB / 503.5GiB
gallant_hellman: CPU: 3186.16%, Memory: 9.044GiB / 503.5GiB
gallant_hellman: CPU: 3194.95%, Memory: 9.044GiB / 503.5GiB
gallant_hellman: CPU: 3191.61%, Memory: 9.045GiB / 503.5GiB
gallant_hellman: CPU: 3193.36%, Memory: 9.045GiB / 503.5GiB
gallant_hellman: CPU: 3211.61%, Memory: 9.046GiB / 503.5GiB
gallant_hellman: CPU: 3205.87%, Memory: 9.046GiB / 503.5GiB
gallant_hellman: CPU: 3204.19%, Memory: 9.047GiB / 503.5GiB
gallant_hellman: CPU: 3194.35%, Memory: 9.047GiB / 503.5GiB
gallant_hellman: CPU: 3194.49%, Memory: 9.048GiB / 503.5GiB
gallant_hellman: CPU: 3195.39%, Memory: 9.048GiB / 503.5GiB
gallant_hellman: CPU: 3192.85%, Memory: 9.048GiB / 503.5GiB
gallant_hellman: CPU: 1607.51%, Memory: 9.049GiB / 503.5GiB
gallant_hellman: CPU: 100.17%, Memory: 9.049GiB / 503.5GiB
gallant_hellman: CPU: 99.65%, Memory: 6.423GiB / 503.5GiB
gallant_hellman: CPU: 804.01%, Memory: 9.041GiB / 503.5GiB
gallant_hellman: CPU: 3178.55%, Memory: 9.039GiB / 503.5GiB
gallant_hellman: CPU: 3197.04%, Memory: 9.039GiB / 503.5GiB
gallant_hellman: CPU: 3193.88%, Memory: 9.039GiB / 503.5GiB
gallant_hellman: CPU: 3198.68%, Memory: 9.039GiB / 503.5GiB
gallant_hellman: CPU: 3199.41%, Memory: 9.039GiB / 503.5GiB
gallant_hellman: CPU: 3213.63%, Memory: 9.039GiB / 503.5GiB
gallant_hellman: CPU: 100.15%, Memory: 9.039GiB / 503.5GiB
intelligent_leakey: CPU: 157.93%, Memory: 1.178GiB / 503.5GiB
intelligent_leakey: CPU: 100.05%, Memory: 2.99GiB / 503.5GiB
intelligent_leakey: CPU: 100.15%, Memory: 2.99GiB / 503.5GiB
intelligent_leakey: CPU: 100.09%, Memory: 2.99GiB / 503.5GiB
intelligent_leakey: CPU: 100.11%, Memory: 2.99GiB / 503.5GiB
intelligent_leakey: CPU: 99.65%, Memory: 2.99GiB / 503.5GiB
intelligent_leakey: CPU: 100.08%, Memory: 2.99GiB / 503.5GiB
intelligent_leakey: CPU: 100.15%, Memory: 2.99GiB / 503.5GiB
intelligent_leakey: CPU: 100.12%, Memory: 2.99GiB / 503.5GiB
intelligent_leakey: CPU: 100.12%, Memory: 2.99GiB / 503.5GiB
intelligent_leakey: CPU: 100.08%, Memory: 2.99GiB / 503.5GiB
intelligent_leakey: CPU: 100.15%, Memory: 2.99GiB / 503.5GiB
intelligent_leakey: CPU: 100.05%, Memory: 2.99GiB / 503.5GiB
intelligent_leakey: CPU: 100.11%, Memory: 2.99GiB / 503.5GiB
intelligent_leakey: CPU: 100.14%, Memory: 2.99GiB / 503.5GiB
intelligent_leakey: CPU: 100.15%, Memory: 2.99GiB / 503.5GiB
intelligent_leakey: CPU: 100.15%, Memory: 2.99GiB / 503.5GiB
intelligent_leakey: CPU: 100.11%, Memory: 2.99GiB / 503.5GiB
intelligent_leakey: CPU: 100.12%, Memory: 2.99GiB / 503.5GiB
intelligent_leakey: CPU: 100.02%, Memory: 3.287GiB / 503.5GiB
intelligent_leakey: CPU: 100.11%, Memory: 6.342GiB / 503.5GiB
intelligent_leakey: CPU: 99.93%, Memory: 7.663GiB / 503.5GiB
intelligent_leakey: CPU: 184.59%, Memory: 8.975GiB / 503.5GiB
intelligent_leakey: CPU: 3197.47%, Memory: 9.039GiB / 503.5GiB
intelligent_leakey: CPU: 3192.69%, Memory: 9.039GiB / 503.5GiB
intelligent_leakey: CPU: 99.75%, Memory: 9.039GiB / 503.5GiB
intelligent_leakey: CPU: 100.21%, Memory: 9.039GiB / 503.5GiB
intelligent_leakey: CPU: 100.09%, Memory: 6.715GiB / 503.5GiB
intelligent_leakey: CPU: 99.75%, Memory: 8.067GiB / 503.5GiB
intelligent_leakey: CPU: 2348.29%, Memory: 9.039GiB / 503.5GiB
intelligent_leakey: CPU: 3190.00%, Memory: 9.038GiB / 503.5GiB
intelligent_leakey: CPU: 3200.21%, Memory: 9.041GiB / 503.5GiB
intelligent_leakey: CPU: 3202.34%, Memory: 9.042GiB / 503.5GiB
intelligent_leakey: CPU: 3093.07%, Memory: 9.043GiB / 503.5GiB
intelligent_leakey: CPU: 3119.55%, Memory: 9.044GiB / 503.5GiB
intelligent_leakey: CPU: 3112.38%, Memory: 9.044GiB / 503.5GiB
intelligent_leakey: CPU: 3104.49%, Memory: 9.045GiB / 503.5GiB
intelligent_leakey: CPU: 3178.65%, Memory: 9.045GiB / 503.5GiB
intelligent_leakey: CPU: 3197.28%, Memory: 9.046GiB / 503.5GiB
intelligent_leakey: CPU: 3191.52%, Memory: 9.046GiB / 503.5GiB
intelligent_leakey: CPU: 3194.26%, Memory: 9.046GiB / 503.5GiB
intelligent_leakey: CPU: 3191.64%, Memory: 9.047GiB / 503.5GiB
intelligent_leakey: CPU: 3196.39%, Memory: 9.047GiB / 503.5GiB
intelligent_leakey: CPU: 3189.17%, Memory: 9.047GiB / 503.5GiB
intelligent_leakey: CPU: 3207.24%, Memory: 9.048GiB / 503.5GiB
intelligent_leakey: CPU: 3199.86%, Memory: 9.048GiB / 503.5GiB
intelligent_leakey: CPU: 3207.79%, Memory: 9.048GiB / 503.5GiB
intelligent_leakey: CPU: 3196.01%, Memory: 9.048GiB / 503.5GiB
intelligent_leakey: CPU: 100.18%, Memory: 9.048GiB / 503.5GiB
intelligent_leakey: CPU: 100.08%, Memory: 9.048GiB / 503.5GiB
intelligent_leakey: CPU: 100.08%, Memory: 8.135GiB / 503.5GiB
intelligent_leakey: CPU: 3183.26%, Memory: 9.04GiB / 503.5GiB
intelligent_leakey: CPU: 3185.53%, Memory: 9.039GiB / 503.5GiB
intelligent_leakey: CPU: 3137.77%, Memory: 9.039GiB / 503.5GiB
intelligent_leakey: CPU: 3196.07%, Memory: 9.039GiB / 503.5GiB
intelligent_leakey: CPU: 3198.22%, Memory: 9.039GiB / 503.5GiB
intelligent_leakey: CPU: 3196.05%, Memory: 9.039GiB / 503.5GiB
intelligent_leakey: CPU: 1412.75%, Memory: 9.039GiB / 503.5GiB
intelligent_leakey: CPU: 100.11%, Memory: 6.319GiB / 503.5GiB
elastic_nightingale: CPU: 100.50%, Memory: 1.37GiB / 503.5GiB
elastic_nightingale: CPU: 100.20%, Memory: 2.99GiB / 503.5GiB
elastic_nightingale: CPU: 99.50%, Memory: 2.99GiB / 503.5GiB
elastic_nightingale: CPU: 100.06%, Memory: 2.99GiB / 503.5GiB
elastic_nightingale: CPU: 100.10%, Memory: 2.99GiB / 503.5GiB
elastic_nightingale: CPU: 100.02%, Memory: 2.99GiB / 503.5GiB
elastic_nightingale: CPU: 100.15%, Memory: 2.99GiB / 503.5GiB
elastic_nightingale: CPU: 99.88%, Memory: 2.99GiB / 503.5GiB
elastic_nightingale: CPU: 100.07%, Memory: 2.99GiB / 503.5GiB
elastic_nightingale: CPU: 100.08%, Memory: 2.99GiB / 503.5GiB
elastic_nightingale: CPU: 100.05%, Memory: 2.99GiB / 503.5GiB
elastic_nightingale: CPU: 100.05%, Memory: 2.99GiB / 503.5GiB
elastic_nightingale: CPU: 100.02%, Memory: 2.99GiB / 503.5GiB
elastic_nightingale: CPU: 99.99%, Memory: 2.99GiB / 503.5GiB
elastic_nightingale: CPU: 99.68%, Memory: 2.99GiB / 503.5GiB
elastic_nightingale: CPU: 100.11%, Memory: 2.99GiB / 503.5GiB
elastic_nightingale: CPU: 99.96%, Memory: 2.99GiB / 503.5GiB
elastic_nightingale: CPU: 100.05%, Memory: 2.99GiB / 503.5GiB
elastic_nightingale: CPU: 99.72%, Memory: 2.99GiB / 503.5GiB
elastic_nightingale: CPU: 100.14%, Memory: 3.593GiB / 503.5GiB
elastic_nightingale: CPU: 99.99%, Memory: 6.432GiB / 503.5GiB
elastic_nightingale: CPU: 100.08%, Memory: 7.749GiB / 503.5GiB
elastic_nightingale: CPU: 650.70%, Memory: 9.041GiB / 503.5GiB
elastic_nightingale: CPU: 3201.58%, Memory: 9.039GiB / 503.5GiB
elastic_nightingale: CPU: 3207.60%, Memory: 9.039GiB / 503.5GiB
elastic_nightingale: CPU: 99.74%, Memory: 9.039GiB / 503.5GiB
elastic_nightingale: CPU: 100.08%, Memory: 9.039GiB / 503.5GiB
elastic_nightingale: CPU: 100.20%, Memory: 6.905GiB / 503.5GiB
elastic_nightingale: CPU: 100.20%, Memory: 8.249GiB / 503.5GiB
elastic_nightingale: CPU: 3169.23%, Memory: 9.039GiB / 503.5GiB
elastic_nightingale: CPU: 3189.81%, Memory: 9.039GiB / 503.5GiB
elastic_nightingale: CPU: 3207.23%, Memory: 9.041GiB / 503.5GiB
elastic_nightingale: CPU: 3193.99%, Memory: 9.043GiB / 503.5GiB
elastic_nightingale: CPU: 3104.85%, Memory: 9.043GiB / 503.5GiB
elastic_nightingale: CPU: 3104.91%, Memory: 9.044GiB / 503.5GiB
elastic_nightingale: CPU: 3094.49%, Memory: 9.044GiB / 503.5GiB
elastic_nightingale: CPU: 3100.71%, Memory: 9.045GiB / 503.5GiB
elastic_nightingale: CPU: 3163.95%, Memory: 9.045GiB / 503.5GiB
elastic_nightingale: CPU: 3189.70%, Memory: 9.046GiB / 503.5GiB
elastic_nightingale: CPU: 3209.56%, Memory: 9.047GiB / 503.5GiB
elastic_nightingale: CPU: 3190.78%, Memory: 9.047GiB / 503.5GiB
elastic_nightingale: CPU: 3193.53%, Memory: 9.048GiB / 503.5GiB
elastic_nightingale: CPU: 3173.03%, Memory: 9.048GiB / 503.5GiB
elastic_nightingale: CPU: 3198.32%, Memory: 9.048GiB / 503.5GiB
elastic_nightingale: CPU: 1940.54%, Memory: 9.048GiB / 503.5GiB
elastic_nightingale: CPU: 100.18%, Memory: 9.048GiB / 503.5GiB
elastic_nightingale: CPU: 99.75%, Memory: 6.515GiB / 503.5GiB
elastic_nightingale: CPU: 1247.64%, Memory: 9.042GiB / 503.5GiB
elastic_nightingale: CPU: 3134.32%, Memory: 9.039GiB / 503.5GiB
elastic_nightingale: CPU: 3083.36%, Memory: 9.039GiB / 503.5GiB
elastic_nightingale: CPU: 3185.60%, Memory: 9.039GiB / 503.5GiB
elastic_nightingale: CPU: 3034.13%, Memory: 9.039GiB / 503.5GiB
elastic_nightingale: CPU: 3058.16%, Memory: 9.039GiB / 503.5GiB
elastic_nightingale: CPU: 3194.15%, Memory: 9.039GiB / 503.5GiB
elastic_nightingale: CPU: 733.52%, Memory: 9.039GiB / 503.5GiB
elastic_nightingale: CPU: 100.17%, Memory: 7.793GiB / 503.5GiB
priceless_matsumoto: CPU: 156.52%, Memory: 1.169GiB / 503.5GiB
priceless_matsumoto: CPU: 100.27%, Memory: 2.99GiB / 503.5GiB
priceless_matsumoto: CPU: 100.05%, Memory: 2.99GiB / 503.5GiB
priceless_matsumoto: CPU: 99.99%, Memory: 2.99GiB / 503.5GiB
priceless_matsumoto: CPU: 100.06%, Memory: 2.99GiB / 503.5GiB
priceless_matsumoto: CPU: 100.15%, Memory: 2.99GiB / 503.5GiB
priceless_matsumoto: CPU: 99.63%, Memory: 2.99GiB / 503.5GiB
priceless_matsumoto: CPU: 99.90%, Memory: 2.99GiB / 503.5GiB
priceless_matsumoto: CPU: 98.49%, Memory: 2.99GiB / 503.5GiB
priceless_matsumoto: CPU: 98.67%, Memory: 2.99GiB / 503.5GiB
priceless_matsumoto: CPU: 100.05%, Memory: 2.99GiB / 503.5GiB
priceless_matsumoto: CPU: 99.93%, Memory: 2.99GiB / 503.5GiB
priceless_matsumoto: CPU: 100.05%, Memory: 2.99GiB / 503.5GiB
priceless_matsumoto: CPU: 100.08%, Memory: 2.99GiB / 503.5GiB
priceless_matsumoto: CPU: 100.08%, Memory: 2.99GiB / 503.5GiB
priceless_matsumoto: CPU: 100.08%, Memory: 2.99GiB / 503.5GiB
priceless_matsumoto: CPU: 99.96%, Memory: 2.99GiB / 503.5GiB
priceless_matsumoto: CPU: 99.59%, Memory: 2.99GiB / 503.5GiB
priceless_matsumoto: CPU: 100.08%, Memory: 2.99GiB / 503.5GiB
priceless_matsumoto: CPU: 99.99%, Memory: 3.19GiB / 503.5GiB
priceless_matsumoto: CPU: 100.05%, Memory: 6.319GiB / 503.5GiB
priceless_matsumoto: CPU: 100.11%, Memory: 7.643GiB / 503.5GiB
priceless_matsumoto: CPU: 99.74%, Memory: 8.957GiB / 503.5GiB
priceless_matsumoto: CPU: 3167.69%, Memory: 9.039GiB / 503.5GiB
priceless_matsumoto: CPU: 3083.29%, Memory: 9.039GiB / 503.5GiB
priceless_matsumoto: CPU: 3142.25%, Memory: 9.039GiB / 503.5GiB
priceless_matsumoto: CPU: 99.75%, Memory: 9.039GiB / 503.5GiB
priceless_matsumoto: CPU: 100.06%, Memory: 9.039GiB / 503.5GiB
priceless_matsumoto: CPU: 100.11%, Memory: 6.625GiB / 503.5GiB
priceless_matsumoto: CPU: 100.05%, Memory: 7.977GiB / 503.5GiB
priceless_matsumoto: CPU: 1782.92%, Memory: 9.039GiB / 503.5GiB
priceless_matsumoto: CPU: 3194.44%, Memory: 9.039GiB / 503.5GiB
priceless_matsumoto: CPU: 3204.48%, Memory: 9.041GiB / 503.5GiB
priceless_matsumoto: CPU: 3188.92%, Memory: 9.043GiB / 503.5GiB
priceless_matsumoto: CPU: 3196.10%, Memory: 9.044GiB / 503.5GiB
priceless_matsumoto: CPU: 3198.27%, Memory: 9.044GiB / 503.5GiB
priceless_matsumoto: CPU: 3192.86%, Memory: 9.045GiB / 503.5GiB
priceless_matsumoto: CPU: 3148.76%, Memory: 9.046GiB / 503.5GiB
priceless_matsumoto: CPU: 3096.99%, Memory: 9.046GiB / 503.5GiB
priceless_matsumoto: CPU: 3124.13%, Memory: 9.046GiB / 503.5GiB
priceless_matsumoto: CPU: 3101.00%, Memory: 9.047GiB / 503.5GiB
priceless_matsumoto: CPU: 3157.51%, Memory: 9.047GiB / 503.5GiB
priceless_matsumoto: CPU: 3209.09%, Memory: 9.047GiB / 503.5GiB
priceless_matsumoto: CPU: 3209.59%, Memory: 9.048GiB / 503.5GiB
priceless_matsumoto: CPU: 3189.81%, Memory: 9.048GiB / 503.5GiB
priceless_matsumoto: CPU: 3194.49%, Memory: 9.048GiB / 503.5GiB
priceless_matsumoto: CPU: 99.59%, Memory: 9.048GiB / 503.5GiB
priceless_matsumoto: CPU: 99.78%, Memory: 9.048GiB / 503.5GiB
priceless_matsumoto: CPU: 99.68%, Memory: 8.441GiB / 503.5GiB
priceless_matsumoto: CPU: 3177.03%, Memory: 9.04GiB / 503.5GiB
priceless_matsumoto: CPU: 3195.31%, Memory: 9.039GiB / 503.5GiB
priceless_matsumoto: CPU: 3196.41%, Memory: 9.039GiB / 503.5GiB
priceless_matsumoto: CPU: 3161.53%, Memory: 9.039GiB / 503.5GiB
priceless_matsumoto: CPU: 3071.16%, Memory: 9.039GiB / 503.5GiB
priceless_matsumoto: CPU: 3157.21%, Memory: 9.039GiB / 503.5GiB
priceless_matsumoto: CPU: 2623.74%, Memory: 9.039GiB / 503.5GiB
priceless_matsumoto: CPU: 100.09%, Memory: 9.039GiB / 503.5GiB
vigorous_wozniak: CPU: 154.61%, Memory: 1.158GiB / 503.5GiB
vigorous_wozniak: CPU: 99.99%, Memory: 2.99GiB / 503.5GiB
vigorous_wozniak: CPU: 100.05%, Memory: 2.99GiB / 503.5GiB
vigorous_wozniak: CPU: 99.69%, Memory: 2.99GiB / 503.5GiB
vigorous_wozniak: CPU: 99.99%, Memory: 2.99GiB / 503.5GiB
vigorous_wozniak: CPU: 100.12%, Memory: 2.99GiB / 503.5GiB
vigorous_wozniak: CPU: 99.66%, Memory: 2.99GiB / 503.5GiB
vigorous_wozniak: CPU: 99.99%, Memory: 2.99GiB / 503.5GiB
vigorous_wozniak: CPU: 100.15%, Memory: 2.99GiB / 503.5GiB
vigorous_wozniak: CPU: 99.99%, Memory: 2.99GiB / 503.5GiB
vigorous_wozniak: CPU: 100.08%, Memory: 2.99GiB / 503.5GiB
vigorous_wozniak: CPU: 98.58%, Memory: 2.99GiB / 503.5GiB
vigorous_wozniak: CPU: 98.95%, Memory: 2.99GiB / 503.5GiB
vigorous_wozniak: CPU: 100.02%, Memory: 2.99GiB / 503.5GiB
vigorous_wozniak: CPU: 100.08%, Memory: 2.99GiB / 503.5GiB
vigorous_wozniak: CPU: 100.09%, Memory: 2.99GiB / 503.5GiB
vigorous_wozniak: CPU: 99.96%, Memory: 2.99GiB / 503.5GiB
vigorous_wozniak: CPU: 100.05%, Memory: 2.99GiB / 503.5GiB
vigorous_wozniak: CPU: 99.68%, Memory: 2.99GiB / 503.5GiB
vigorous_wozniak: CPU: 99.99%, Memory: 3.127GiB / 503.5GiB
vigorous_wozniak: CPU: 99.69%, Memory: 6.294GiB / 503.5GiB
vigorous_wozniak: CPU: 99.68%, Memory: 7.615GiB / 503.5GiB
vigorous_wozniak: CPU: 100.08%, Memory: 8.937GiB / 503.5GiB
vigorous_wozniak: CPU: 3172.94%, Memory: 9.039GiB / 503.5GiB
vigorous_wozniak: CPU: 3205.57%, Memory: 9.039GiB / 503.5GiB
vigorous_wozniak: CPU: 99.99%, Memory: 9.039GiB / 503.5GiB
vigorous_wozniak: CPU: 100.12%, Memory: 9.039GiB / 503.5GiB
vigorous_wozniak: CPU: 99.93%, Memory: 6.661GiB / 503.5GiB
vigorous_wozniak: CPU: 100.15%, Memory: 7.976GiB / 503.5GiB
vigorous_wozniak: CPU: 1547.96%, Memory: 9.039GiB / 503.5GiB
vigorous_wozniak: CPU: 3201.58%, Memory: 9.038GiB / 503.5GiB
vigorous_wozniak: CPU: 3208.76%, Memory: 9.041GiB / 503.5GiB
vigorous_wozniak: CPU: 3196.50%, Memory: 9.043GiB / 503.5GiB
vigorous_wozniak: CPU: 3193.85%, Memory: 9.043GiB / 503.5GiB
vigorous_wozniak: CPU: 3194.59%, Memory: 9.044GiB / 503.5GiB
vigorous_wozniak: CPU: 3196.77%, Memory: 9.045GiB / 503.5GiB
vigorous_wozniak: CPU: 3206.83%, Memory: 9.045GiB / 503.5GiB
vigorous_wozniak: CPU: 3191.86%, Memory: 9.046GiB / 503.5GiB
vigorous_wozniak: CPU: 3188.39%, Memory: 9.046GiB / 503.5GiB
vigorous_wozniak: CPU: 3132.14%, Memory: 9.047GiB / 503.5GiB
vigorous_wozniak: CPU: 3092.75%, Memory: 9.047GiB / 503.5GiB
vigorous_wozniak: CPU: 3076.99%, Memory: 9.047GiB / 503.5GiB
vigorous_wozniak: CPU: 3081.93%, Memory: 9.048GiB / 503.5GiB
vigorous_wozniak: CPU: 3149.63%, Memory: 9.048GiB / 503.5GiB
vigorous_wozniak: CPU: 3190.78%, Memory: 9.048GiB / 503.5GiB
vigorous_wozniak: CPU: 99.75%, Memory: 9.048GiB / 503.5GiB
vigorous_wozniak: CPU: 100.15%, Memory: 9.048GiB / 503.5GiB
vigorous_wozniak: CPU: 100.12%, Memory: 7.235GiB / 503.5GiB
vigorous_wozniak: CPU: 3208.27%, Memory: 9.041GiB / 503.5GiB
vigorous_wozniak: CPU: 3185.98%, Memory: 9.039GiB / 503.5GiB
vigorous_wozniak: CPU: 3207.47%, Memory: 9.039GiB / 503.5GiB
vigorous_wozniak: CPU: 3195.42%, Memory: 9.039GiB / 503.5GiB
vigorous_wozniak: CPU: 3196.30%, Memory: 9.039GiB / 503.5GiB
vigorous_wozniak: CPU: 3197.82%, Memory: 9.039GiB / 503.5GiB
vigorous_wozniak: CPU: 172.73%, Memory: 9.039GiB / 503.5GiB
youthful_proskuriakova: CPU: 100.21%, Memory: 1.849GiB / 503.5GiB
youthful_proskuriakova: CPU: 100.34%, Memory: 2.99GiB / 503.5GiB
youthful_proskuriakova: CPU: 100.18%, Memory: 2.99GiB / 503.5GiB
youthful_proskuriakova: CPU: 100.18%, Memory: 2.99GiB / 503.5GiB
youthful_proskuriakova: CPU: 100.15%, Memory: 2.99GiB / 503.5GiB
youthful_proskuriakova: CPU: 99.78%, Memory: 2.99GiB / 503.5GiB
youthful_proskuriakova: CPU: 100.18%, Memory: 2.99GiB / 503.5GiB
youthful_proskuriakova: CPU: 100.12%, Memory: 2.99GiB / 503.5GiB
youthful_proskuriakova: CPU: 99.75%, Memory: 2.99GiB / 503.5GiB
youthful_proskuriakova: CPU: 100.15%, Memory: 2.99GiB / 503.5GiB
youthful_proskuriakova: CPU: 100.08%, Memory: 2.99GiB / 503.5GiB
youthful_proskuriakova: CPU: 100.15%, Memory: 2.99GiB / 503.5GiB
youthful_proskuriakova: CPU: 100.11%, Memory: 2.99GiB / 503.5GiB
youthful_proskuriakova: CPU: 99.62%, Memory: 2.99GiB / 503.5GiB
youthful_proskuriakova: CPU: 100.12%, Memory: 2.99GiB / 503.5GiB
youthful_proskuriakova: CPU: 99.87%, Memory: 2.99GiB / 503.5GiB
youthful_proskuriakova: CPU: 99.72%, Memory: 2.99GiB / 503.5GiB
youthful_proskuriakova: CPU: 99.75%, Memory: 2.99GiB / 503.5GiB
youthful_proskuriakova: CPU: 100.15%, Memory: 2.99GiB / 503.5GiB
youthful_proskuriakova: CPU: 100.08%, Memory: 4.249GiB / 503.5GiB
youthful_proskuriakova: CPU: 99.75%, Memory: 6.63GiB / 503.5GiB
youthful_proskuriakova: CPU: 100.08%, Memory: 7.907GiB / 503.5GiB
youthful_proskuriakova: CPU: 1476.58%, Memory: 9.041GiB / 503.5GiB
youthful_proskuriakova: CPU: 3192.97%, Memory: 9.039GiB / 503.5GiB
youthful_proskuriakova: CPU: 3208.34%, Memory: 9.039GiB / 503.5GiB
youthful_proskuriakova: CPU: 100.18%, Memory: 9.039GiB / 503.5GiB
youthful_proskuriakova: CPU: 100.18%, Memory: 9.039GiB / 503.5GiB
youthful_proskuriakova: CPU: 100.11%, Memory: 6.945GiB / 503.5GiB
youthful_proskuriakova: CPU: 100.05%, Memory: 8.234GiB / 503.5GiB
youthful_proskuriakova: CPU: 2997.35%, Memory: 9.039GiB / 503.5GiB
youthful_proskuriakova: CPU: 3185.97%, Memory: 9.039GiB / 503.5GiB
youthful_proskuriakova: CPU: 3197.62%, Memory: 9.041GiB / 503.5GiB
youthful_proskuriakova: CPU: 3209.01%, Memory: 9.043GiB / 503.5GiB
youthful_proskuriakova: CPU: 3210.15%, Memory: 9.043GiB / 503.5GiB
youthful_proskuriakova: CPU: 3206.70%, Memory: 9.044GiB / 503.5GiB
youthful_proskuriakova: CPU: 3183.00%, Memory: 9.045GiB / 503.5GiB
youthful_proskuriakova: CPU: 3211.61%, Memory: 9.045GiB / 503.5GiB
youthful_proskuriakova: CPU: 3193.21%, Memory: 9.046GiB / 503.5GiB
youthful_proskuriakova: CPU: 3193.58%, Memory: 9.046GiB / 503.5GiB
youthful_proskuriakova: CPU: 3189.17%, Memory: 9.047GiB / 503.5GiB
youthful_proskuriakova: CPU: 3208.27%, Memory: 9.047GiB / 503.5GiB
youthful_proskuriakova: CPU: 3101.08%, Memory: 9.047GiB / 503.5GiB
youthful_proskuriakova: CPU: 3097.75%, Memory: 9.048GiB / 503.5GiB
youthful_proskuriakova: CPU: 3097.07%, Memory: 9.048GiB / 503.5GiB
youthful_proskuriakova: CPU: 3088.34%, Memory: 9.048GiB / 503.5GiB
youthful_proskuriakova: CPU: 3160.40%, Memory: 9.049GiB / 503.5GiB
youthful_proskuriakova: CPU: 2040.81%, Memory: 9.049GiB / 503.5GiB
youthful_proskuriakova: CPU: 100.18%, Memory: 9.049GiB / 503.5GiB
youthful_proskuriakova: CPU: 100.08%, Memory: 9.049GiB / 503.5GiB
youthful_proskuriakova: CPU: 100.11%, Memory: 8.69GiB / 503.5GiB
youthful_proskuriakova: CPU: 3198.13%, Memory: 9.04GiB / 503.5GiB
youthful_proskuriakova: CPU: 3195.41%, Memory: 9.039GiB / 503.5GiB
youthful_proskuriakova: CPU: 3195.83%, Memory: 9.039GiB / 503.5GiB
youthful_proskuriakova: CPU: 3194.12%, Memory: 9.039GiB / 503.5GiB
youthful_proskuriakova: CPU: 3189.29%, Memory: 9.039GiB / 503.5GiB
youthful_proskuriakova: CPU: 3195.11%, Memory: 9.039GiB / 503.5GiB
youthful_proskuriakova: CPU: 100.12%, Memory: 9.039GiB / 503.5GiB
eloquent_jennings: CPU: 100.12%, Memory: 1.427GiB / 503.5GiB
eloquent_jennings: CPU: 100.27%, Memory: 2.99GiB / 503.5GiB
eloquent_jennings: CPU: 99.96%, Memory: 2.99GiB / 503.5GiB
eloquent_jennings: CPU: 99.53%, Memory: 2.99GiB / 503.5GiB
eloquent_jennings: CPU: 100.11%, Memory: 2.99GiB / 503.5GiB
eloquent_jennings: CPU: 99.99%, Memory: 2.99GiB / 503.5GiB
eloquent_jennings: CPU: 100.12%, Memory: 2.99GiB / 503.5GiB
eloquent_jennings: CPU: 100.08%, Memory: 2.99GiB / 503.5GiB
eloquent_jennings: CPU: 100.08%, Memory: 2.99GiB / 503.5GiB
eloquent_jennings: CPU: 100.08%, Memory: 2.99GiB / 503.5GiB
eloquent_jennings: CPU: 100.08%, Memory: 2.99GiB / 503.5GiB
eloquent_jennings: CPU: 99.71%, Memory: 2.99GiB / 503.5GiB
eloquent_jennings: CPU: 100.02%, Memory: 2.99GiB / 503.5GiB
eloquent_jennings: CPU: 100.08%, Memory: 2.99GiB / 503.5GiB
eloquent_jennings: CPU: 100.08%, Memory: 2.99GiB / 503.5GiB
eloquent_jennings: CPU: 100.09%, Memory: 2.99GiB / 503.5GiB
eloquent_jennings: CPU: 99.59%, Memory: 2.99GiB / 503.5GiB
eloquent_jennings: CPU: 100.02%, Memory: 2.99GiB / 503.5GiB
eloquent_jennings: CPU: 100.18%, Memory: 2.99GiB / 503.5GiB
eloquent_jennings: CPU: 99.93%, Memory: 3.675GiB / 503.5GiB
eloquent_jennings: CPU: 100.15%, Memory: 6.463GiB / 503.5GiB
eloquent_jennings: CPU: 100.02%, Memory: 7.788GiB / 503.5GiB
eloquent_jennings: CPU: 997.31%, Memory: 9.041GiB / 503.5GiB
eloquent_jennings: CPU: 3174.78%, Memory: 9.039GiB / 503.5GiB
eloquent_jennings: CPU: 3168.69%, Memory: 9.039GiB / 503.5GiB
eloquent_jennings: CPU: 100.15%, Memory: 9.039GiB / 503.5GiB
eloquent_jennings: CPU: 99.75%, Memory: 9.039GiB / 503.5GiB
eloquent_jennings: CPU: 100.08%, Memory: 6.53GiB / 503.5GiB
eloquent_jennings: CPU: 100.08%, Memory: 7.839GiB / 503.5GiB
eloquent_jennings: CPU: 634.53%, Memory: 9.039GiB / 503.5GiB
eloquent_jennings: CPU: 3177.57%, Memory: 9.039GiB / 503.5GiB
eloquent_jennings: CPU: 3167.30%, Memory: 9.04GiB / 503.5GiB
eloquent_jennings: CPU: 3195.33%, Memory: 9.042GiB / 503.5GiB
eloquent_jennings: CPU: 3202.18%, Memory: 9.043GiB / 503.5GiB
eloquent_jennings: CPU: 3193.81%, Memory: 9.043GiB / 503.5GiB
eloquent_jennings: CPU: 3204.73%, Memory: 9.044GiB / 503.5GiB
eloquent_jennings: CPU: 3202.19%, Memory: 9.044GiB / 503.5GiB
eloquent_jennings: CPU: 3205.22%, Memory: 9.045GiB / 503.5GiB
eloquent_jennings: CPU: 3192.04%, Memory: 9.045GiB / 503.5GiB
eloquent_jennings: CPU: 3202.60%, Memory: 9.046GiB / 503.5GiB
eloquent_jennings: CPU: 3195.71%, Memory: 9.046GiB / 503.5GiB
eloquent_jennings: CPU: 3194.26%, Memory: 9.047GiB / 503.5GiB
eloquent_jennings: CPU: 3092.22%, Memory: 9.047GiB / 503.5GiB
eloquent_jennings: CPU: 3160.27%, Memory: 9.047GiB / 503.5GiB
eloquent_jennings: CPU: 3092.92%, Memory: 9.048GiB / 503.5GiB
eloquent_jennings: CPU: 3181.24%, Memory: 9.048GiB / 503.5GiB
eloquent_jennings: CPU: 3205.18%, Memory: 9.048GiB / 503.5GiB
eloquent_jennings: CPU: 3188.67%, Memory: 9.048GiB / 503.5GiB
eloquent_jennings: CPU: 100.12%, Memory: 9.048GiB / 503.5GiB
eloquent_jennings: CPU: 100.09%, Memory: 9.048GiB / 503.5GiB
eloquent_jennings: CPU: 100.15%, Memory: 7.266GiB / 503.5GiB
eloquent_jennings: CPU: 3195.39%, Memory: 9.041GiB / 503.5GiB
eloquent_jennings: CPU: 3209.38%, Memory: 9.039GiB / 503.5GiB
eloquent_jennings: CPU: 3194.46%, Memory: 9.039GiB / 503.5GiB
eloquent_jennings: CPU: 3196.64%, Memory: 9.039GiB / 503.5GiB
eloquent_jennings: CPU: 3210.85%, Memory: 9.039GiB / 503.5GiB
eloquent_jennings: CPU: 3182.81%, Memory: 9.039GiB / 503.5GiB
eloquent_jennings: CPU: 2803.25%, Memory: 9.039GiB / 503.5GiB
eloquent_jennings: CPU: 99.96%, Memory: 9.039GiB / 503.5GiB
admiring_cohen: CPU: 165.35%, Memory: 1.209GiB / 503.5GiB
admiring_cohen: CPU: 99.84%, Memory: 2.99GiB / 503.5GiB
admiring_cohen: CPU: 100.18%, Memory: 2.99GiB / 503.5GiB
admiring_cohen: CPU: 100.12%, Memory: 2.99GiB / 503.5GiB
admiring_cohen: CPU: 100.15%, Memory: 2.99GiB / 503.5GiB
admiring_cohen: CPU: 100.05%, Memory: 2.99GiB / 503.5GiB
admiring_cohen: CPU: 100.12%, Memory: 2.99GiB / 503.5GiB
admiring_cohen: CPU: 100.09%, Memory: 2.99GiB / 503.5GiB
admiring_cohen: CPU: 100.15%, Memory: 2.99GiB / 503.5GiB
admiring_cohen: CPU: 100.12%, Memory: 2.99GiB / 503.5GiB
admiring_cohen: CPU: 100.12%, Memory: 2.99GiB / 503.5GiB
admiring_cohen: CPU: 100.09%, Memory: 2.99GiB / 503.5GiB
admiring_cohen: CPU: 100.02%, Memory: 2.99GiB / 503.5GiB
admiring_cohen: CPU: 100.08%, Memory: 2.99GiB / 503.5GiB
admiring_cohen: CPU: 100.12%, Memory: 2.99GiB / 503.5GiB
admiring_cohen: CPU: 100.12%, Memory: 2.99GiB / 503.5GiB
admiring_cohen: CPU: 100.12%, Memory: 2.99GiB / 503.5GiB
admiring_cohen: CPU: 100.15%, Memory: 2.99GiB / 503.5GiB
admiring_cohen: CPU: 100.15%, Memory: 2.99GiB / 503.5GiB
admiring_cohen: CPU: 100.09%, Memory: 3.43GiB / 503.5GiB
admiring_cohen: CPU: 99.68%, Memory: 6.43GiB / 503.5GiB
admiring_cohen: CPU: 100.05%, Memory: 7.813GiB / 503.5GiB
admiring_cohen: CPU: 1423.16%, Memory: 9.041GiB / 503.5GiB
admiring_cohen: CPU: 3207.79%, Memory: 9.039GiB / 503.5GiB
admiring_cohen: CPU: 3194.46%, Memory: 9.039GiB / 503.5GiB
admiring_cohen: CPU: 100.08%, Memory: 9.039GiB / 503.5GiB
admiring_cohen: CPU: 99.72%, Memory: 7.744GiB / 503.5GiB
admiring_cohen: CPU: 100.08%, Memory: 7.276GiB / 503.5GiB
admiring_cohen: CPU: 100.05%, Memory: 8.646GiB / 503.5GiB
admiring_cohen: CPU: 3142.03%, Memory: 9.039GiB / 503.5GiB
admiring_cohen: CPU: 3199.24%, Memory: 9.04GiB / 503.5GiB
admiring_cohen: CPU: 3192.96%, Memory: 9.042GiB / 503.5GiB
admiring_cohen: CPU: 3197.75%, Memory: 9.043GiB / 503.5GiB
admiring_cohen: CPU: 3208.45%, Memory: 9.044GiB / 503.5GiB
admiring_cohen: CPU: 3190.36%, Memory: 9.044GiB / 503.5GiB
admiring_cohen: CPU: 3194.16%, Memory: 9.045GiB / 503.5GiB
admiring_cohen: CPU: 3191.28%, Memory: 9.045GiB / 503.5GiB
admiring_cohen: CPU: 3210.41%, Memory: 9.046GiB / 503.5GiB
admiring_cohen: CPU: 3196.88%, Memory: 9.046GiB / 503.5GiB
admiring_cohen: CPU: 3196.69%, Memory: 9.047GiB / 503.5GiB
admiring_cohen: CPU: 3194.41%, Memory: 9.047GiB / 503.5GiB
admiring_cohen: CPU: 3103.90%, Memory: 9.048GiB / 503.5GiB
admiring_cohen: CPU: 3151.63%, Memory: 9.048GiB / 503.5GiB
admiring_cohen: CPU: 3066.93%, Memory: 9.048GiB / 503.5GiB
admiring_cohen: CPU: 3114.59%, Memory: 9.048GiB / 503.5GiB
admiring_cohen: CPU: 3184.96%, Memory: 9.048GiB / 503.5GiB
admiring_cohen: CPU: 360.32%, Memory: 9.048GiB / 503.5GiB
admiring_cohen: CPU: 100.08%, Memory: 9.048GiB / 503.5GiB
admiring_cohen: CPU: 99.98%, Memory: 6.26GiB / 503.5GiB
admiring_cohen: CPU: 410.14%, Memory: 9.041GiB / 503.5GiB
admiring_cohen: CPU: 3191.44%, Memory: 9.039GiB / 503.5GiB
admiring_cohen: CPU: 3198.12%, Memory: 9.039GiB / 503.5GiB
admiring_cohen: CPU: 3208.05%, Memory: 9.039GiB / 503.5GiB
admiring_cohen: CPU: 3196.09%, Memory: 9.039GiB / 503.5GiB
admiring_cohen: CPU: 3201.63%, Memory: 9.039GiB / 503.5GiB
admiring_cohen: CPU: 3209.09%, Memory: 9.039GiB / 503.5GiB
admiring_cohen: CPU: 100.09%, Memory: 9.039GiB / 503.5GiB
epic_carver: CPU: 100.08%, Memory: 1.528GiB / 503.5GiB
epic_carver: CPU: 100.18%, Memory: 2.99GiB / 503.5GiB
epic_carver: CPU: 100.18%, Memory: 2.99GiB / 503.5GiB
epic_carver: CPU: 100.15%, Memory: 2.99GiB / 503.5GiB
epic_carver: CPU: 100.15%, Memory: 2.99GiB / 503.5GiB
epic_carver: CPU: 100.15%, Memory: 2.99GiB / 503.5GiB
epic_carver: CPU: 100.18%, Memory: 2.99GiB / 503.5GiB
epic_carver: CPU: 100.15%, Memory: 2.99GiB / 503.5GiB
epic_carver: CPU: 100.08%, Memory: 2.99GiB / 503.5GiB
epic_carver: CPU: 100.15%, Memory: 2.99GiB / 503.5GiB
epic_carver: CPU: 100.09%, Memory: 2.99GiB / 503.5GiB
epic_carver: CPU: 100.15%, Memory: 2.99GiB / 503.5GiB
epic_carver: CPU: 99.68%, Memory: 2.99GiB / 503.5GiB
epic_carver: CPU: 99.75%, Memory: 2.99GiB / 503.5GiB
epic_carver: CPU: 100.08%, Memory: 2.99GiB / 503.5GiB
epic_carver: CPU: 100.09%, Memory: 2.99GiB / 503.5GiB
epic_carver: CPU: 100.15%, Memory: 2.99GiB / 503.5GiB
epic_carver: CPU: 99.68%, Memory: 2.99GiB / 503.5GiB
epic_carver: CPU: 100.21%, Memory: 2.99GiB / 503.5GiB
epic_carver: CPU: 100.15%, Memory: 3.713GiB / 503.5GiB
epic_carver: CPU: 99.65%, Memory: 6.485GiB / 503.5GiB
epic_carver: CPU: 100.15%, Memory: 7.815GiB / 503.5GiB
epic_carver: CPU: 1114.09%, Memory: 9.041GiB / 503.5GiB
epic_carver: CPU: 3196.09%, Memory: 9.039GiB / 503.5GiB
epic_carver: CPU: 3197.00%, Memory: 9.039GiB / 503.5GiB
epic_carver: CPU: 100.21%, Memory: 9.039GiB / 503.5GiB
epic_carver: CPU: 99.72%, Memory: 9.039GiB / 503.5GiB
epic_carver: CPU: 100.05%, Memory: 7.025GiB / 503.5GiB
epic_carver: CPU: 100.14%, Memory: 8.354GiB / 503.5GiB
epic_carver: CPU: 3139.53%, Memory: 9.039GiB / 503.5GiB
epic_carver: CPU: 3198.51%, Memory: 9.039GiB / 503.5GiB
epic_carver: CPU: 3195.36%, Memory: 9.042GiB / 503.5GiB
epic_carver: CPU: 3192.49%, Memory: 9.043GiB / 503.5GiB
epic_carver: CPU: 3194.02%, Memory: 9.044GiB / 503.5GiB
epic_carver: CPU: 3195.41%, Memory: 9.044GiB / 503.5GiB
epic_carver: CPU: 3192.96%, Memory: 9.045GiB / 503.5GiB
epic_carver: CPU: 3194.45%, Memory: 9.045GiB / 503.5GiB
epic_carver: CPU: 3201.78%, Memory: 9.046GiB / 503.5GiB
epic_carver: CPU: 3195.14%, Memory: 9.046GiB / 503.5GiB
epic_carver: CPU: 3206.78%, Memory: 9.047GiB / 503.5GiB
epic_carver: CPU: 3195.46%, Memory: 9.047GiB / 503.5GiB
epic_carver: CPU: 3102.09%, Memory: 9.048GiB / 503.5GiB
epic_carver: CPU: 3077.87%, Memory: 9.048GiB / 503.5GiB
epic_carver: CPU: 3093.46%, Memory: 9.048GiB / 503.5GiB
epic_carver: CPU: 3092.47%, Memory: 9.048GiB / 503.5GiB
epic_carver: CPU: 1150.50%, Memory: 9.048GiB / 503.5GiB
epic_carver: CPU: 100.12%, Memory: 9.048GiB / 503.5GiB
epic_carver: CPU: 100.24%, Memory: 6.67GiB / 503.5GiB
epic_carver: CPU: 1670.86%, Memory: 9.042GiB / 503.5GiB
epic_carver: CPU: 3197.70%, Memory: 9.039GiB / 503.5GiB
epic_carver: CPU: 3196.74%, Memory: 9.039GiB / 503.5GiB
epic_carver: CPU: 3194.55%, Memory: 9.039GiB / 503.5GiB
epic_carver: CPU: 3197.56%, Memory: 9.039GiB / 503.5GiB
epic_carver: CPU: 3194.98%, Memory: 9.039GiB / 503.5GiB
epic_carver: CPU: 1506.01%, Memory: 9.039GiB / 503.5GiB
epic_carver: CPU: 100.09%, Memory: 4.453GiB / 503.5GiB
stupefied_cohen: CPU: 99.96%, Memory: 1.292GiB / 503.5GiB
stupefied_cohen: CPU: 99.74%, Memory: 2.99GiB / 503.5GiB
stupefied_cohen: CPU: 100.09%, Memory: 2.99GiB / 503.5GiB
stupefied_cohen: CPU: 99.72%, Memory: 2.99GiB / 503.5GiB
stupefied_cohen: CPU: 99.66%, Memory: 2.99GiB / 503.5GiB
stupefied_cohen: CPU: 99.87%, Memory: 2.99GiB / 503.5GiB
stupefied_cohen: CPU: 100.12%, Memory: 2.99GiB / 503.5GiB
stupefied_cohen: CPU: 100.02%, Memory: 2.99GiB / 503.5GiB
stupefied_cohen: CPU: 100.02%, Memory: 2.99GiB / 503.5GiB
stupefied_cohen: CPU: 100.12%, Memory: 2.99GiB / 503.5GiB
stupefied_cohen: CPU: 100.09%, Memory: 2.99GiB / 503.5GiB
stupefied_cohen: CPU: 100.15%, Memory: 2.99GiB / 503.5GiB
stupefied_cohen: CPU: 100.12%, Memory: 2.99GiB / 503.5GiB
stupefied_cohen: CPU: 100.02%, Memory: 2.99GiB / 503.5GiB
stupefied_cohen: CPU: 100.09%, Memory: 2.99GiB / 503.5GiB
stupefied_cohen: CPU: 100.02%, Memory: 2.99GiB / 503.5GiB
stupefied_cohen: CPU: 100.09%, Memory: 2.99GiB / 503.5GiB
stupefied_cohen: CPU: 100.09%, Memory: 2.99GiB / 503.5GiB
stupefied_cohen: CPU: 100.02%, Memory: 2.99GiB / 503.5GiB
stupefied_cohen: CPU: 99.96%, Memory: 3.504GiB / 503.5GiB
stupefied_cohen: CPU: 100.08%, Memory: 6.424GiB / 503.5GiB
stupefied_cohen: CPU: 100.08%, Memory: 7.747GiB / 503.5GiB
stupefied_cohen: CPU: 741.64%, Memory: 9.041GiB / 503.5GiB
stupefied_cohen: CPU: 3192.79%, Memory: 9.039GiB / 503.5GiB
stupefied_cohen: CPU: 3205.03%, Memory: 9.039GiB / 503.5GiB
stupefied_cohen: CPU: 100.09%, Memory: 9.039GiB / 503.5GiB
stupefied_cohen: CPU: 99.75%, Memory: 9.039GiB / 503.5GiB
stupefied_cohen: CPU: 100.08%, Memory: 7.036GiB / 503.5GiB
stupefied_cohen: CPU: 100.09%, Memory: 8.372GiB / 503.5GiB
stupefied_cohen: CPU: 3092.77%, Memory: 9.039GiB / 503.5GiB
stupefied_cohen: CPU: 3092.68%, Memory: 9.039GiB / 503.5GiB
stupefied_cohen: CPU: 3106.05%, Memory: 9.041GiB / 503.5GiB
stupefied_cohen: CPU: 3167.60%, Memory: 9.042GiB / 503.5GiB
stupefied_cohen: CPU: 3207.80%, Memory: 9.043GiB / 503.5GiB
stupefied_cohen: CPU: 3197.26%, Memory: 9.044GiB / 503.5GiB
stupefied_cohen: CPU: 3210.82%, Memory: 9.045GiB / 503.5GiB
stupefied_cohen: CPU: 3195.00%, Memory: 9.045GiB / 503.5GiB
stupefied_cohen: CPU: 3195.41%, Memory: 9.046GiB / 503.5GiB
stupefied_cohen: CPU: 3191.35%, Memory: 9.046GiB / 503.5GiB
stupefied_cohen: CPU: 3194.01%, Memory: 9.047GiB / 503.5GiB
stupefied_cohen: CPU: 3200.41%, Memory: 9.047GiB / 503.5GiB
stupefied_cohen: CPU: 3196.05%, Memory: 9.048GiB / 503.5GiB
stupefied_cohen: CPU: 3205.27%, Memory: 9.048GiB / 503.5GiB
stupefied_cohen: CPU: 3209.00%, Memory: 9.048GiB / 503.5GiB
stupefied_cohen: CPU: 2252.69%, Memory: 9.048GiB / 503.5GiB
stupefied_cohen: CPU: 100.06%, Memory: 9.048GiB / 503.5GiB
stupefied_cohen: CPU: 100.15%, Memory: 6.057GiB / 503.5GiB
stupefied_cohen: CPU: 99.93%, Memory: 9.028GiB / 503.5GiB
stupefied_cohen: CPU: 3198.18%, Memory: 9.04GiB / 503.5GiB
stupefied_cohen: CPU: 3206.44%, Memory: 9.039GiB / 503.5GiB
stupefied_cohen: CPU: 3194.78%, Memory: 9.039GiB / 503.5GiB
stupefied_cohen: CPU: 3193.73%, Memory: 9.039GiB / 503.5GiB
stupefied_cohen: CPU: 3208.46%, Memory: 9.039GiB / 503.5GiB
stupefied_cohen: CPU: 3193.55%, Memory: 9.039GiB / 503.5GiB
stupefied_cohen: CPU: 100.09%, Memory: 9.039GiB / 503.5GiB
