infallible_zhukovsky: CPU: 151.51%, Memory: 1.242GiB / 503.5GiB
infallible_zhukovsky: CPU: 100.12%, Memory: 2.99GiB / 503.5GiB
infallible_zhukovsky: CPU: 99.68%, Memory: 2.99GiB / 503.5GiB
infallible_zhukovsky: CPU: 100.15%, Memory: 2.99GiB / 503.5GiB
infallible_zhukovsky: CPU: 100.12%, Memory: 2.99GiB / 503.5GiB
infallible_zhukovsky: CPU: 100.18%, Memory: 2.99GiB / 503.5GiB
infallible_zhukovsky: CPU: 100.12%, Memory: 2.99GiB / 503.5GiB
infallible_zhukovsky: CPU: 100.09%, Memory: 2.99GiB / 503.5GiB
infallible_zhukovsky: CPU: 99.75%, Memory: 2.99GiB / 503.5GiB
infallible_zhukovsky: CPU: 100.21%, Memory: 2.99GiB / 503.5GiB
infallible_zhukovsky: CPU: 100.12%, Memory: 2.99GiB / 503.5GiB
infallible_zhukovsky: CPU: 100.09%, Memory: 2.99GiB / 503.5GiB
infallible_zhukovsky: CPU: 100.15%, Memory: 2.99GiB / 503.5GiB
infallible_zhukovsky: CPU: 100.05%, Memory: 2.99GiB / 503.5GiB
infallible_zhukovsky: CPU: 100.12%, Memory: 2.99GiB / 503.5GiB
infallible_zhukovsky: CPU: 100.12%, Memory: 2.99GiB / 503.5GiB
infallible_zhukovsky: CPU: 100.15%, Memory: 2.99GiB / 503.5GiB
infallible_zhukovsky: CPU: 99.72%, Memory: 2.99GiB / 503.5GiB
infallible_zhukovsky: CPU: 100.09%, Memory: 2.99GiB / 503.5GiB
infallible_zhukovsky: CPU: 99.66%, Memory: 3.036GiB / 503.5GiB
infallible_zhukovsky: CPU: 99.99%, Memory: 6.242GiB / 503.5GiB
infallible_zhukovsky: CPU: 99.71%, Memory: 7.523GiB / 503.5GiB
infallible_zhukovsky: CPU: 100.12%, Memory: 8.806GiB / 503.5GiB
infallible_zhukovsky: CPU: 3188.44%, Memory: 8.993GiB / 503.5GiB
infallible_zhukovsky: CPU: 3203.14%, Memory: 8.994GiB / 503.5GiB
infallible_zhukovsky: CPU: 3207.04%, Memory: 8.994GiB / 503.5GiB
infallible_zhukovsky: CPU: 3190.27%, Memory: 8.995GiB / 503.5GiB
infallible_zhukovsky: CPU: 3191.26%, Memory: 8.995GiB / 503.5GiB
infallible_zhukovsky: CPU: 3181.67%, Memory: 8.996GiB / 503.5GiB
infallible_zhukovsky: CPU: 3205.31%, Memory: 8.996GiB / 503.5GiB
infallible_zhukovsky: CPU: 3177.58%, Memory: 8.997GiB / 503.5GiB
infallible_zhukovsky: CPU: 3181.76%, Memory: 8.998GiB / 503.5GiB
infallible_zhukovsky: CPU: 3193.66%, Memory: 8.998GiB / 503.5GiB
infallible_zhukovsky: CPU: 3100.53%, Memory: 8.999GiB / 503.5GiB
infallible_zhukovsky: CPU: 3092.07%, Memory: 9GiB / 503.5GiB
infallible_zhukovsky: CPU: 3138.06%, Memory: 9.001GiB / 503.5GiB
infallible_zhukovsky: CPU: 3088.46%, Memory: 9.001GiB / 503.5GiB
infallible_zhukovsky: CPU: 3138.01%, Memory: 9.002GiB / 503.5GiB
infallible_zhukovsky: CPU: 3191.15%, Memory: 9.003GiB / 503.5GiB
infallible_zhukovsky: CPU: 3194.10%, Memory: 9.004GiB / 503.5GiB
infallible_zhukovsky: CPU: 3206.90%, Memory: 9.006GiB / 503.5GiB
infallible_zhukovsky: CPU: 3179.45%, Memory: 9.008GiB / 503.5GiB
infallible_zhukovsky: CPU: 3191.02%, Memory: 9.011GiB / 503.5GiB
infallible_zhukovsky: CPU: 3206.98%, Memory: 9.018GiB / 503.5GiB
infallible_zhukovsky: CPU: 100.37%, Memory: 9.016GiB / 503.5GiB
infallible_zhukovsky: CPU: 99.78%, Memory: 9.016GiB / 503.5GiB
infallible_zhukovsky: CPU: 100.05%, Memory: 8.166GiB / 503.5GiB
infallible_zhukovsky: CPU: 100.05%, Memory: 9.976GiB / 503.5GiB
infallible_zhukovsky: CPU: 100.08%, Memory: 11.51GiB / 503.5GiB
infallible_zhukovsky: CPU: 99.72%, Memory: 12.84GiB / 503.5GiB
infallible_zhukovsky: CPU: 3096.92%, Memory: 13.59GiB / 503.5GiB
infallible_zhukovsky: CPU: 3097.06%, Memory: 13.59GiB / 503.5GiB
infallible_zhukovsky: CPU: 3041.77%, Memory: 13.59GiB / 503.5GiB
infallible_zhukovsky: CPU: 924.77%, Memory: 13.59GiB / 503.5GiB
infallible_zhukovsky: CPU: 100.08%, Memory: 13.59GiB / 503.5GiB
infallible_zhukovsky: CPU: 100.11%, Memory: 9.038GiB / 503.5GiB
infallible_zhukovsky: CPU: 100.11%, Memory: 10.22GiB / 503.5GiB
infallible_zhukovsky: CPU: 99.69%, Memory: 11.56GiB / 503.5GiB
infallible_zhukovsky: CPU: 100.21%, Memory: 12.92GiB / 503.5GiB
infallible_zhukovsky: CPU: 100.14%, Memory: 14.27GiB / 503.5GiB
infallible_zhukovsky: CPU: 3104.63%, Memory: 15.01GiB / 503.5GiB
infallible_zhukovsky: CPU: 3206.28%, Memory: 15.01GiB / 503.5GiB
infallible_zhukovsky: CPU: 3196.66%, Memory: 15.01GiB / 503.5GiB
infallible_zhukovsky: CPU: 3195.41%, Memory: 15.01GiB / 503.5GiB
infallible_zhukovsky: CPU: 3106.96%, Memory: 15.01GiB / 503.5GiB
infallible_zhukovsky: CPU: 3141.36%, Memory: 15.01GiB / 503.5GiB
infallible_zhukovsky: CPU: 3096.45%, Memory: 15.01GiB / 503.5GiB
infallible_zhukovsky: CPU: 3105.24%, Memory: 15.01GiB / 503.5GiB
infallible_zhukovsky: CPU: 3137.47%, Memory: 15.01GiB / 503.5GiB
infallible_zhukovsky: CPU: 3189.41%, Memory: 15.01GiB / 503.5GiB
infallible_zhukovsky: CPU: 3201.18%, Memory: 15.01GiB / 503.5GiB
infallible_zhukovsky: CPU: 3183.84%, Memory: 15.01GiB / 503.5GiB
infallible_zhukovsky: CPU: 3193.34%, Memory: 15.01GiB / 503.5GiB
infallible_zhukovsky: CPU: 3205.71%, Memory: 15.01GiB / 503.5GiB
infallible_zhukovsky: CPU: 3198.53%, Memory: 15.01GiB / 503.5GiB
infallible_zhukovsky: CPU: 3192.09%, Memory: 15.01GiB / 503.5GiB
infallible_zhukovsky: CPU: 3185.80%, Memory: 15.01GiB / 503.5GiB
infallible_zhukovsky: CPU: 3194.49%, Memory: 15.01GiB / 503.5GiB
infallible_zhukovsky: CPU: 3186.42%, Memory: 15.01GiB / 503.5GiB
infallible_zhukovsky: CPU: 3088.22%, Memory: 15.01GiB / 503.5GiB
infallible_zhukovsky: CPU: 3107.97%, Memory: 15.01GiB / 503.5GiB
infallible_zhukovsky: CPU: 3090.92%, Memory: 15.01GiB / 503.5GiB
infallible_zhukovsky: CPU: 3103.58%, Memory: 15.01GiB / 503.5GiB
infallible_zhukovsky: CPU: 3149.85%, Memory: 15.01GiB / 503.5GiB
infallible_zhukovsky: CPU: 3187.70%, Memory: 15.01GiB / 503.5GiB
infallible_zhukovsky: CPU: 3188.90%, Memory: 15.01GiB / 503.5GiB
infallible_zhukovsky: CPU: 3205.36%, Memory: 15.01GiB / 503.5GiB
infallible_zhukovsky: CPU: 3186.19%, Memory: 15.01GiB / 503.5GiB
infallible_zhukovsky: CPU: 3190.71%, Memory: 15.01GiB / 503.5GiB
infallible_zhukovsky: CPU: 3202.17%, Memory: 15.01GiB / 503.5GiB
infallible_zhukovsky: CPU: 3206.05%, Memory: 15.01GiB / 503.5GiB
infallible_zhukovsky: CPU: 3204.45%, Memory: 15.01GiB / 503.5GiB
infallible_zhukovsky: CPU: 1738.75%, Memory: 15.01GiB / 503.5GiB
infallible_zhukovsky: CPU: 100.09%, Memory: 15.01GiB / 503.5GiB
infallible_zhukovsky: CPU: 100.03%, Memory: 9.069GiB / 503.5GiB
infallible_zhukovsky: CPU: 101.41%, Memory: 12.02GiB / 503.5GiB
infallible_zhukovsky: CPU: 3101.84%, Memory: 12.02GiB / 503.5GiB
infallible_zhukovsky: CPU: 3088.97%, Memory: 12.02GiB / 503.5GiB
infallible_zhukovsky: CPU: 3147.07%, Memory: 12.02GiB / 503.5GiB
infallible_zhukovsky: CPU: 3196.33%, Memory: 12.02GiB / 503.5GiB
infallible_zhukovsky: CPU: 3196.69%, Memory: 12.02GiB / 503.5GiB
infallible_zhukovsky: CPU: 3197.17%, Memory: 12.02GiB / 503.5GiB
infallible_zhukovsky: CPU: 626.90%, Memory: 12.02GiB / 503.5GiB
infallible_zhukovsky: CPU: 100.12%, Memory: 7.262GiB / 503.5GiB
agitated_solomon: CPU: 159.83%, Memory: 1.164GiB / 503.5GiB
agitated_solomon: CPU: 100.08%, Memory: 2.99GiB / 503.5GiB
agitated_solomon: CPU: 100.02%, Memory: 2.99GiB / 503.5GiB
agitated_solomon: CPU: 100.02%, Memory: 2.99GiB / 503.5GiB
agitated_solomon: CPU: 100.09%, Memory: 2.99GiB / 503.5GiB
agitated_solomon: CPU: 100.02%, Memory: 2.99GiB / 503.5GiB
agitated_solomon: CPU: 98.55%, Memory: 2.99GiB / 503.5GiB
agitated_solomon: CPU: 100.06%, Memory: 2.99GiB / 503.5GiB
agitated_solomon: CPU: 99.87%, Memory: 2.99GiB / 503.5GiB
agitated_solomon: CPU: 99.96%, Memory: 2.99GiB / 503.5GiB
agitated_solomon: CPU: 100.15%, Memory: 2.99GiB / 503.5GiB
agitated_solomon: CPU: 100.02%, Memory: 2.99GiB / 503.5GiB
agitated_solomon: CPU: 100.12%, Memory: 2.99GiB / 503.5GiB
agitated_solomon: CPU: 99.63%, Memory: 2.99GiB / 503.5GiB
agitated_solomon: CPU: 100.12%, Memory: 2.99GiB / 503.5GiB
agitated_solomon: CPU: 99.69%, Memory: 2.99GiB / 503.5GiB
agitated_solomon: CPU: 99.75%, Memory: 2.99GiB / 503.5GiB
agitated_solomon: CPU: 100.15%, Memory: 2.99GiB / 503.5GiB
agitated_solomon: CPU: 100.05%, Memory: 2.99GiB / 503.5GiB
agitated_solomon: CPU: 99.75%, Memory: 2.99GiB / 503.5GiB
agitated_solomon: CPU: 99.72%, Memory: 6.153GiB / 503.5GiB
agitated_solomon: CPU: 99.62%, Memory: 7.433GiB / 503.5GiB
agitated_solomon: CPU: 100.15%, Memory: 8.715GiB / 503.5GiB
agitated_solomon: CPU: 3198.43%, Memory: 8.993GiB / 503.5GiB
agitated_solomon: CPU: 3199.34%, Memory: 8.992GiB / 503.5GiB
agitated_solomon: CPU: 3188.71%, Memory: 8.994GiB / 503.5GiB
agitated_solomon: CPU: 3182.65%, Memory: 8.994GiB / 503.5GiB
agitated_solomon: CPU: 3194.65%, Memory: 8.995GiB / 503.5GiB
agitated_solomon: CPU: 3206.89%, Memory: 8.995GiB / 503.5GiB
agitated_solomon: CPU: 3194.55%, Memory: 8.995GiB / 503.5GiB
agitated_solomon: CPU: 3206.48%, Memory: 8.996GiB / 503.5GiB
agitated_solomon: CPU: 3191.27%, Memory: 8.997GiB / 503.5GiB
agitated_solomon: CPU: 3184.32%, Memory: 8.997GiB / 503.5GiB
agitated_solomon: CPU: 3207.33%, Memory: 8.998GiB / 503.5GiB
agitated_solomon: CPU: 3094.95%, Memory: 8.997GiB / 503.5GiB
agitated_solomon: CPU: 3092.19%, Memory: 8.998GiB / 503.5GiB
agitated_solomon: CPU: 3196.84%, Memory: 8.999GiB / 503.5GiB
agitated_solomon: CPU: 3109.40%, Memory: 9GiB / 503.5GiB
agitated_solomon: CPU: 3157.06%, Memory: 9.001GiB / 503.5GiB
agitated_solomon: CPU: 3198.91%, Memory: 9.002GiB / 503.5GiB
agitated_solomon: CPU: 3192.28%, Memory: 9.003GiB / 503.5GiB
agitated_solomon: CPU: 3186.21%, Memory: 9.004GiB / 503.5GiB
agitated_solomon: CPU: 3205.98%, Memory: 9.006GiB / 503.5GiB
agitated_solomon: CPU: 3193.32%, Memory: 9.007GiB / 503.5GiB
agitated_solomon: CPU: 3195.82%, Memory: 9.009GiB / 503.5GiB
agitated_solomon: CPU: 3193.30%, Memory: 9.014GiB / 503.5GiB
agitated_solomon: CPU: 100.18%, Memory: 9.016GiB / 503.5GiB
agitated_solomon: CPU: 100.15%, Memory: 9.016GiB / 503.5GiB
agitated_solomon: CPU: 99.75%, Memory: 7.125GiB / 503.5GiB
agitated_solomon: CPU: 100.05%, Memory: 9.4GiB / 503.5GiB
agitated_solomon: CPU: 100.18%, Memory: 11.02GiB / 503.5GiB
agitated_solomon: CPU: 100.39%, Memory: 12.32GiB / 503.5GiB
agitated_solomon: CPU: 422.59%, Memory: 13.59GiB / 503.5GiB
agitated_solomon: CPU: 3185.93%, Memory: 13.59GiB / 503.5GiB
agitated_solomon: CPU: 3195.35%, Memory: 13.59GiB / 503.5GiB
agitated_solomon: CPU: 3077.80%, Memory: 13.59GiB / 503.5GiB
agitated_solomon: CPU: 100.21%, Memory: 13.59GiB / 503.5GiB
agitated_solomon: CPU: 100.18%, Memory: 13.59GiB / 503.5GiB
agitated_solomon: CPU: 99.72%, Memory: 9.92GiB / 503.5GiB
agitated_solomon: CPU: 100.15%, Memory: 11.21GiB / 503.5GiB
agitated_solomon: CPU: 100.15%, Memory: 12.5GiB / 503.5GiB
agitated_solomon: CPU: 100.15%, Memory: 13.8GiB / 503.5GiB
agitated_solomon: CPU: 603.68%, Memory: 15.01GiB / 503.5GiB
agitated_solomon: CPU: 3198.61%, Memory: 15.01GiB / 503.5GiB
agitated_solomon: CPU: 3090.27%, Memory: 15.01GiB / 503.5GiB
agitated_solomon: CPU: 3089.17%, Memory: 15.01GiB / 503.5GiB
agitated_solomon: CPU: 3091.28%, Memory: 15.01GiB / 503.5GiB
agitated_solomon: CPU: 3097.23%, Memory: 15.01GiB / 503.5GiB
agitated_solomon: CPU: 3172.52%, Memory: 15.01GiB / 503.5GiB
agitated_solomon: CPU: 3150.04%, Memory: 15.01GiB / 503.5GiB
agitated_solomon: CPU: 3193.82%, Memory: 15.01GiB / 503.5GiB
agitated_solomon: CPU: 3197.28%, Memory: 15.01GiB / 503.5GiB
agitated_solomon: CPU: 3201.33%, Memory: 15.01GiB / 503.5GiB
agitated_solomon: CPU: 3204.32%, Memory: 15.01GiB / 503.5GiB
agitated_solomon: CPU: 3208.00%, Memory: 15.01GiB / 503.5GiB
agitated_solomon: CPU: 3192.99%, Memory: 15.01GiB / 503.5GiB
agitated_solomon: CPU: 3193.50%, Memory: 15.01GiB / 503.5GiB
agitated_solomon: CPU: 3191.69%, Memory: 15.01GiB / 503.5GiB
agitated_solomon: CPU: 3197.31%, Memory: 15.01GiB / 503.5GiB
agitated_solomon: CPU: 3125.82%, Memory: 15.01GiB / 503.5GiB
agitated_solomon: CPU: 3104.35%, Memory: 15.01GiB / 503.5GiB
agitated_solomon: CPU: 3119.05%, Memory: 15.01GiB / 503.5GiB
agitated_solomon: CPU: 3094.24%, Memory: 15.01GiB / 503.5GiB
agitated_solomon: CPU: 3177.35%, Memory: 15.01GiB / 503.5GiB
agitated_solomon: CPU: 3190.80%, Memory: 15.01GiB / 503.5GiB
agitated_solomon: CPU: 3195.02%, Memory: 15.01GiB / 503.5GiB
agitated_solomon: CPU: 3195.94%, Memory: 15.01GiB / 503.5GiB
agitated_solomon: CPU: 3197.00%, Memory: 15.01GiB / 503.5GiB
agitated_solomon: CPU: 3205.87%, Memory: 15.01GiB / 503.5GiB
agitated_solomon: CPU: 3190.33%, Memory: 15.01GiB / 503.5GiB
agitated_solomon: CPU: 3204.47%, Memory: 15.01GiB / 503.5GiB
agitated_solomon: CPU: 3198.76%, Memory: 15.01GiB / 503.5GiB
agitated_solomon: CPU: 3193.74%, Memory: 15.01GiB / 503.5GiB
agitated_solomon: CPU: 3194.53%, Memory: 15.01GiB / 503.5GiB
agitated_solomon: CPU: 3217.28%, Memory: 15.01GiB / 503.5GiB
agitated_solomon: CPU: 2995.52%, Memory: 15.01GiB / 503.5GiB
agitated_solomon: CPU: 3112.20%, Memory: 15.01GiB / 503.5GiB
agitated_solomon: CPU: 100.21%, Memory: 15.01GiB / 503.5GiB
agitated_solomon: CPU: 100.14%, Memory: 15.01GiB / 503.5GiB
agitated_solomon: CPU: 99.72%, Memory: 9.748GiB / 503.5GiB
agitated_solomon: CPU: 2131.06%, Memory: 12.03GiB / 503.5GiB
agitated_solomon: CPU: 3189.38%, Memory: 12.02GiB / 503.5GiB
agitated_solomon: CPU: 3187.37%, Memory: 12.02GiB / 503.5GiB
agitated_solomon: CPU: 3205.02%, Memory: 12.02GiB / 503.5GiB
agitated_solomon: CPU: 3196.81%, Memory: 12.02GiB / 503.5GiB
agitated_solomon: CPU: 3196.15%, Memory: 12.02GiB / 503.5GiB
agitated_solomon: CPU: 3200.09%, Memory: 12.02GiB / 503.5GiB
agitated_solomon: CPU: 99.72%, Memory: 12.02GiB / 503.5GiB
competent_meninsky: CPU: 159.22%, Memory: 1.208GiB / 503.5GiB
competent_meninsky: CPU: 100.15%, Memory: 2.99GiB / 503.5GiB
competent_meninsky: CPU: 100.17%, Memory: 2.99GiB / 503.5GiB
competent_meninsky: CPU: 100.02%, Memory: 2.99GiB / 503.5GiB
competent_meninsky: CPU: 100.08%, Memory: 2.99GiB / 503.5GiB
competent_meninsky: CPU: 99.56%, Memory: 2.99GiB / 503.5GiB
competent_meninsky: CPU: 99.93%, Memory: 2.99GiB / 503.5GiB
competent_meninsky: CPU: 99.69%, Memory: 2.99GiB / 503.5GiB
competent_meninsky: CPU: 99.62%, Memory: 2.99GiB / 503.5GiB
competent_meninsky: CPU: 99.99%, Memory: 2.99GiB / 503.5GiB
competent_meninsky: CPU: 100.02%, Memory: 2.99GiB / 503.5GiB
competent_meninsky: CPU: 99.99%, Memory: 2.99GiB / 503.5GiB
competent_meninsky: CPU: 99.93%, Memory: 2.99GiB / 503.5GiB
competent_meninsky: CPU: 100.12%, Memory: 2.99GiB / 503.5GiB
competent_meninsky: CPU: 99.69%, Memory: 2.99GiB / 503.5GiB
competent_meninsky: CPU: 100.12%, Memory: 2.99GiB / 503.5GiB
competent_meninsky: CPU: 100.02%, Memory: 2.99GiB / 503.5GiB
competent_meninsky: CPU: 99.72%, Memory: 2.99GiB / 503.5GiB
competent_meninsky: CPU: 99.96%, Memory: 2.99GiB / 503.5GiB
competent_meninsky: CPU: 100.02%, Memory: 2.99GiB / 503.5GiB
competent_meninsky: CPU: 100.17%, Memory: 6.202GiB / 503.5GiB
competent_meninsky: CPU: 100.08%, Memory: 7.542GiB / 503.5GiB
competent_meninsky: CPU: 100.05%, Memory: 8.878GiB / 503.5GiB
competent_meninsky: CPU: 3196.19%, Memory: 8.993GiB / 503.5GiB
competent_meninsky: CPU: 3188.97%, Memory: 8.994GiB / 503.5GiB
competent_meninsky: CPU: 3206.59%, Memory: 8.994GiB / 503.5GiB
competent_meninsky: CPU: 3140.77%, Memory: 8.994GiB / 503.5GiB
competent_meninsky: CPU: 3194.14%, Memory: 8.995GiB / 503.5GiB
competent_meninsky: CPU: 3198.46%, Memory: 8.995GiB / 503.5GiB
competent_meninsky: CPU: 3193.02%, Memory: 8.996GiB / 503.5GiB
competent_meninsky: CPU: 3080.09%, Memory: 8.996GiB / 503.5GiB
competent_meninsky: CPU: 3155.83%, Memory: 8.997GiB / 503.5GiB
competent_meninsky: CPU: 3092.79%, Memory: 8.998GiB / 503.5GiB
competent_meninsky: CPU: 3087.97%, Memory: 8.998GiB / 503.5GiB
competent_meninsky: CPU: 3181.30%, Memory: 8.999GiB / 503.5GiB
competent_meninsky: CPU: 3189.90%, Memory: 9GiB / 503.5GiB
competent_meninsky: CPU: 3175.76%, Memory: 9.001GiB / 503.5GiB
competent_meninsky: CPU: 3201.76%, Memory: 9.002GiB / 503.5GiB
competent_meninsky: CPU: 3143.54%, Memory: 9.003GiB / 503.5GiB
competent_meninsky: CPU: 3192.95%, Memory: 9.004GiB / 503.5GiB
competent_meninsky: CPU: 3206.26%, Memory: 9.006GiB / 503.5GiB
competent_meninsky: CPU: 3197.20%, Memory: 9.008GiB / 503.5GiB
competent_meninsky: CPU: 3199.47%, Memory: 9.012GiB / 503.5GiB
competent_meninsky: CPU: 100.18%, Memory: 9.016GiB / 503.5GiB
competent_meninsky: CPU: 100.02%, Memory: 9.016GiB / 503.5GiB
competent_meninsky: CPU: 100.11%, Memory: 6.75GiB / 503.5GiB
competent_meninsky: CPU: 100.18%, Memory: 9.278GiB / 503.5GiB
competent_meninsky: CPU: 100.06%, Memory: 10.92GiB / 503.5GiB
competent_meninsky: CPU: 100.06%, Memory: 12.26GiB / 503.5GiB
competent_meninsky: CPU: 305.67%, Memory: 13.59GiB / 503.5GiB
competent_meninsky: CPU: 3197.05%, Memory: 13.59GiB / 503.5GiB
competent_meninsky: CPU: 3196.33%, Memory: 13.59GiB / 503.5GiB
competent_meninsky: CPU: 3189.06%, Memory: 13.59GiB / 503.5GiB
competent_meninsky: CPU: 100.06%, Memory: 13.59GiB / 503.5GiB
competent_meninsky: CPU: 100.12%, Memory: 13.59GiB / 503.5GiB
competent_meninsky: CPU: 100.15%, Memory: 9.801GiB / 503.5GiB
competent_meninsky: CPU: 100.09%, Memory: 11.13GiB / 503.5GiB
competent_meninsky: CPU: 99.75%, Memory: 12.47GiB / 503.5GiB
competent_meninsky: CPU: 100.18%, Memory: 13.79GiB / 503.5GiB
competent_meninsky: CPU: 593.36%, Memory: 15.01GiB / 503.5GiB
competent_meninsky: CPU: 3108.31%, Memory: 15.01GiB / 503.5GiB
competent_meninsky: CPU: 3089.89%, Memory: 15.01GiB / 503.5GiB
competent_meninsky: CPU: 3080.89%, Memory: 15.01GiB / 503.5GiB
competent_meninsky: CPU: 3192.62%, Memory: 15.01GiB / 503.5GiB
competent_meninsky: CPU: 3207.14%, Memory: 15.01GiB / 503.5GiB
competent_meninsky: CPU: 3194.95%, Memory: 15.01GiB / 503.5GiB
competent_meninsky: CPU: 3207.77%, Memory: 15.01GiB / 503.5GiB
competent_meninsky: CPU: 3191.48%, Memory: 15.01GiB / 503.5GiB
competent_meninsky: CPU: 3208.54%, Memory: 15.01GiB / 503.5GiB
competent_meninsky: CPU: 3183.62%, Memory: 15.01GiB / 503.5GiB
competent_meninsky: CPU: 3179.98%, Memory: 15.01GiB / 503.5GiB
competent_meninsky: CPU: 3185.58%, Memory: 15.01GiB / 503.5GiB
competent_meninsky: CPU: 3196.98%, Memory: 15.01GiB / 503.5GiB
competent_meninsky: CPU: 3209.84%, Memory: 15.01GiB / 503.5GiB
competent_meninsky: CPU: 3146.46%, Memory: 15.01GiB / 503.5GiB
competent_meninsky: CPU: 3096.73%, Memory: 15.01GiB / 503.5GiB
competent_meninsky: CPU: 3138.25%, Memory: 15.01GiB / 503.5GiB
competent_meninsky: CPU: 3088.99%, Memory: 15.01GiB / 503.5GiB
competent_meninsky: CPU: 3160.23%, Memory: 15.01GiB / 503.5GiB
competent_meninsky: CPU: 3209.73%, Memory: 15.01GiB / 503.5GiB
competent_meninsky: CPU: 3202.70%, Memory: 15.01GiB / 503.5GiB
competent_meninsky: CPU: 3202.19%, Memory: 15.01GiB / 503.5GiB
competent_meninsky: CPU: 3172.45%, Memory: 15.01GiB / 503.5GiB
competent_meninsky: CPU: 3165.64%, Memory: 15.01GiB / 503.5GiB
competent_meninsky: CPU: 3191.64%, Memory: 15.01GiB / 503.5GiB
competent_meninsky: CPU: 3197.41%, Memory: 15.01GiB / 503.5GiB
competent_meninsky: CPU: 3196.82%, Memory: 15.01GiB / 503.5GiB
competent_meninsky: CPU: 3181.43%, Memory: 15.01GiB / 503.5GiB
competent_meninsky: CPU: 3195.93%, Memory: 15.01GiB / 503.5GiB
competent_meninsky: CPU: 3190.23%, Memory: 15.01GiB / 503.5GiB
competent_meninsky: CPU: 3094.10%, Memory: 15.01GiB / 503.5GiB
competent_meninsky: CPU: 3140.46%, Memory: 15.01GiB / 503.5GiB
competent_meninsky: CPU: 99.96%, Memory: 15.01GiB / 503.5GiB
competent_meninsky: CPU: 100.12%, Memory: 15.01GiB / 503.5GiB
competent_meninsky: CPU: 99.75%, Memory: 9.813GiB / 503.5GiB
competent_meninsky: CPU: 2465.26%, Memory: 12.03GiB / 503.5GiB
competent_meninsky: CPU: 3211.42%, Memory: 12.02GiB / 503.5GiB
competent_meninsky: CPU: 3197.23%, Memory: 12.02GiB / 503.5GiB
competent_meninsky: CPU: 3197.47%, Memory: 12.02GiB / 503.5GiB
competent_meninsky: CPU: 3196.96%, Memory: 12.02GiB / 503.5GiB
competent_meninsky: CPU: 3196.88%, Memory: 12.02GiB / 503.5GiB
competent_meninsky: CPU: 2433.28%, Memory: 12.02GiB / 503.5GiB
competent_meninsky: CPU: 100.18%, Memory: 12.02GiB / 503.5GiB
infallible_bartik: CPU: 144.21%, Memory: 1.246GiB / 503.5GiB
infallible_bartik: CPU: 100.27%, Memory: 2.99GiB / 503.5GiB
infallible_bartik: CPU: 100.02%, Memory: 2.99GiB / 503.5GiB
infallible_bartik: CPU: 100.06%, Memory: 2.99GiB / 503.5GiB
infallible_bartik: CPU: 100.12%, Memory: 2.99GiB / 503.5GiB
infallible_bartik: CPU: 99.93%, Memory: 2.99GiB / 503.5GiB
infallible_bartik: CPU: 100.09%, Memory: 2.99GiB / 503.5GiB
infallible_bartik: CPU: 100.09%, Memory: 2.99GiB / 503.5GiB
infallible_bartik: CPU: 100.05%, Memory: 2.99GiB / 503.5GiB
infallible_bartik: CPU: 100.12%, Memory: 2.99GiB / 503.5GiB
infallible_bartik: CPU: 100.06%, Memory: 2.99GiB / 503.5GiB
infallible_bartik: CPU: 100.12%, Memory: 2.99GiB / 503.5GiB
infallible_bartik: CPU: 100.05%, Memory: 2.99GiB / 503.5GiB
infallible_bartik: CPU: 99.99%, Memory: 2.99GiB / 503.5GiB
infallible_bartik: CPU: 100.15%, Memory: 2.99GiB / 503.5GiB
infallible_bartik: CPU: 100.15%, Memory: 2.99GiB / 503.5GiB
infallible_bartik: CPU: 99.96%, Memory: 2.99GiB / 503.5GiB
infallible_bartik: CPU: 100.18%, Memory: 2.99GiB / 503.5GiB
infallible_bartik: CPU: 100.05%, Memory: 2.99GiB / 503.5GiB
infallible_bartik: CPU: 100.15%, Memory: 3.012GiB / 503.5GiB
infallible_bartik: CPU: 100.05%, Memory: 6.274GiB / 503.5GiB
infallible_bartik: CPU: 100.15%, Memory: 7.609GiB / 503.5GiB
infallible_bartik: CPU: 100.02%, Memory: 8.94GiB / 503.5GiB
infallible_bartik: CPU: 3204.51%, Memory: 8.99GiB / 503.5GiB
infallible_bartik: CPU: 3195.31%, Memory: 8.993GiB / 503.5GiB
infallible_bartik: CPU: 3179.42%, Memory: 8.994GiB / 503.5GiB
infallible_bartik: CPU: 3192.82%, Memory: 8.995GiB / 503.5GiB
infallible_bartik: CPU: 3195.30%, Memory: 8.995GiB / 503.5GiB
infallible_bartik: CPU: 3206.78%, Memory: 8.995GiB / 503.5GiB
infallible_bartik: CPU: 3191.65%, Memory: 8.996GiB / 503.5GiB
infallible_bartik: CPU: 3095.43%, Memory: 8.996GiB / 503.5GiB
infallible_bartik: CPU: 3180.87%, Memory: 8.997GiB / 503.5GiB
infallible_bartik: CPU: 3104.37%, Memory: 8.997GiB / 503.5GiB
infallible_bartik: CPU: 3160.99%, Memory: 8.998GiB / 503.5GiB
infallible_bartik: CPU: 3206.05%, Memory: 8.999GiB / 503.5GiB
infallible_bartik: CPU: 3192.16%, Memory: 9GiB / 503.5GiB
infallible_bartik: CPU: 3195.01%, Memory: 9GiB / 503.5GiB
infallible_bartik: CPU: 3205.36%, Memory: 9.001GiB / 503.5GiB
infallible_bartik: CPU: 3204.54%, Memory: 9.002GiB / 503.5GiB
infallible_bartik: CPU: 3202.50%, Memory: 9.003GiB / 503.5GiB
infallible_bartik: CPU: 3191.82%, Memory: 9.004GiB / 503.5GiB
infallible_bartik: CPU: 3192.55%, Memory: 9.005GiB / 503.5GiB
infallible_bartik: CPU: 3210.75%, Memory: 9.007GiB / 503.5GiB
infallible_bartik: CPU: 3191.28%, Memory: 9.009GiB / 503.5GiB
infallible_bartik: CPU: 3192.03%, Memory: 9.013GiB / 503.5GiB
infallible_bartik: CPU: 100.09%, Memory: 9.016GiB / 503.5GiB
infallible_bartik: CPU: 100.12%, Memory: 9.016GiB / 503.5GiB
infallible_bartik: CPU: 100.03%, Memory: 6.89GiB / 503.5GiB
infallible_bartik: CPU: 100.08%, Memory: 9.169GiB / 503.5GiB
infallible_bartik: CPU: 100.15%, Memory: 10.81GiB / 503.5GiB
infallible_bartik: CPU: 100.15%, Memory: 12.11GiB / 503.5GiB
infallible_bartik: CPU: 100.04%, Memory: 13.34GiB / 503.5GiB
infallible_bartik: CPU: 3198.87%, Memory: 13.59GiB / 503.5GiB
infallible_bartik: CPU: 3139.60%, Memory: 13.59GiB / 503.5GiB
infallible_bartik: CPU: 3197.83%, Memory: 13.59GiB / 503.5GiB
infallible_bartik: CPU: 386.81%, Memory: 13.59GiB / 503.5GiB
infallible_bartik: CPU: 100.10%, Memory: 13.59GiB / 503.5GiB
infallible_bartik: CPU: 100.10%, Memory: 9.038GiB / 503.5GiB
infallible_bartik: CPU: 99.71%, Memory: 10.05GiB / 503.5GiB
infallible_bartik: CPU: 100.11%, Memory: 11.34GiB / 503.5GiB
infallible_bartik: CPU: 100.10%, Memory: 12.59GiB / 503.5GiB
infallible_bartik: CPU: 100.13%, Memory: 13.86GiB / 503.5GiB
infallible_bartik: CPU: 596.13%, Memory: 15.01GiB / 503.5GiB
infallible_bartik: CPU: 3192.21%, Memory: 15.01GiB / 503.5GiB
infallible_bartik: CPU: 3210.15%, Memory: 15.01GiB / 503.5GiB
infallible_bartik: CPU: 3193.67%, Memory: 15.01GiB / 503.5GiB
infallible_bartik: CPU: 3191.23%, Memory: 15.01GiB / 503.5GiB
infallible_bartik: CPU: 3193.37%, Memory: 15.01GiB / 503.5GiB
infallible_bartik: CPU: 3194.95%, Memory: 15.01GiB / 503.5GiB
infallible_bartik: CPU: 3191.16%, Memory: 15.01GiB / 503.5GiB
infallible_bartik: CPU: 3205.68%, Memory: 15.01GiB / 503.5GiB
infallible_bartik: CPU: 3200.00%, Memory: 15.01GiB / 503.5GiB
infallible_bartik: CPU: 3191.36%, Memory: 15.01GiB / 503.5GiB
infallible_bartik: CPU: 3187.89%, Memory: 15.01GiB / 503.5GiB
infallible_bartik: CPU: 3091.97%, Memory: 15.01GiB / 503.5GiB
infallible_bartik: CPU: 3181.96%, Memory: 15.01GiB / 503.5GiB
infallible_bartik: CPU: 3049.95%, Memory: 15.01GiB / 503.5GiB
infallible_bartik: CPU: 3104.07%, Memory: 15.01GiB / 503.5GiB
infallible_bartik: CPU: 3195.02%, Memory: 15.01GiB / 503.5GiB
infallible_bartik: CPU: 3197.93%, Memory: 15.01GiB / 503.5GiB
infallible_bartik: CPU: 3205.84%, Memory: 15.01GiB / 503.5GiB
infallible_bartik: CPU: 3207.69%, Memory: 15.01GiB / 503.5GiB
infallible_bartik: CPU: 3193.83%, Memory: 15.01GiB / 503.5GiB
infallible_bartik: CPU: 3191.68%, Memory: 15.01GiB / 503.5GiB
infallible_bartik: CPU: 3188.50%, Memory: 15.01GiB / 503.5GiB
infallible_bartik: CPU: 3194.35%, Memory: 15.01GiB / 503.5GiB
infallible_bartik: CPU: 3189.33%, Memory: 15.01GiB / 503.5GiB
infallible_bartik: CPU: 3193.65%, Memory: 15.01GiB / 503.5GiB
infallible_bartik: CPU: 3210.55%, Memory: 15.01GiB / 503.5GiB
infallible_bartik: CPU: 3076.23%, Memory: 15.01GiB / 503.5GiB
infallible_bartik: CPU: 3101.21%, Memory: 15.01GiB / 503.5GiB
infallible_bartik: CPU: 3102.27%, Memory: 15.01GiB / 503.5GiB
infallible_bartik: CPU: 3096.98%, Memory: 15.01GiB / 503.5GiB
infallible_bartik: CPU: 3158.98%, Memory: 15.01GiB / 503.5GiB
infallible_bartik: CPU: 3204.67%, Memory: 15.01GiB / 503.5GiB
infallible_bartik: CPU: 3193.22%, Memory: 15.01GiB / 503.5GiB
infallible_bartik: CPU: 3193.42%, Memory: 15.01GiB / 503.5GiB
infallible_bartik: CPU: 100.12%, Memory: 15.01GiB / 503.5GiB
infallible_bartik: CPU: 100.21%, Memory: 15.01GiB / 503.5GiB
infallible_bartik: CPU: 99.75%, Memory: 10.12GiB / 503.5GiB
infallible_bartik: CPU: 3032.88%, Memory: 12.03GiB / 503.5GiB
infallible_bartik: CPU: 3195.68%, Memory: 12.02GiB / 503.5GiB
infallible_bartik: CPU: 3207.55%, Memory: 12.02GiB / 503.5GiB
infallible_bartik: CPU: 3198.06%, Memory: 12.02GiB / 503.5GiB
infallible_bartik: CPU: 3130.85%, Memory: 12.02GiB / 503.5GiB
infallible_bartik: CPU: 3101.85%, Memory: 12.02GiB / 503.5GiB
infallible_bartik: CPU: 3133.81%, Memory: 12.02GiB / 503.5GiB
infallible_bartik: CPU: 100.05%, Memory: 12.02GiB / 503.5GiB
upbeat_brown: CPU: 154.31%, Memory: 1.193GiB / 503.5GiB
upbeat_brown: CPU: 100.27%, Memory: 2.99GiB / 503.5GiB
upbeat_brown: CPU: 100.05%, Memory: 2.99GiB / 503.5GiB
upbeat_brown: CPU: 99.99%, Memory: 2.99GiB / 503.5GiB
upbeat_brown: CPU: 100.02%, Memory: 2.99GiB / 503.5GiB
upbeat_brown: CPU: 100.05%, Memory: 2.99GiB / 503.5GiB
upbeat_brown: CPU: 100.12%, Memory: 2.99GiB / 503.5GiB
upbeat_brown: CPU: 100.05%, Memory: 2.99GiB / 503.5GiB
upbeat_brown: CPU: 100.02%, Memory: 2.99GiB / 503.5GiB
upbeat_brown: CPU: 100.05%, Memory: 2.99GiB / 503.5GiB
upbeat_brown: CPU: 99.96%, Memory: 2.99GiB / 503.5GiB
upbeat_brown: CPU: 98.97%, Memory: 2.99GiB / 503.5GiB
upbeat_brown: CPU: 99.96%, Memory: 2.99GiB / 503.5GiB
upbeat_brown: CPU: 99.78%, Memory: 2.99GiB / 503.5GiB
upbeat_brown: CPU: 100.15%, Memory: 2.99GiB / 503.5GiB
upbeat_brown: CPU: 100.09%, Memory: 2.99GiB / 503.5GiB
upbeat_brown: CPU: 100.05%, Memory: 2.99GiB / 503.5GiB
upbeat_brown: CPU: 100.12%, Memory: 2.99GiB / 503.5GiB
upbeat_brown: CPU: 100.09%, Memory: 2.99GiB / 503.5GiB
upbeat_brown: CPU: 99.66%, Memory: 2.99GiB / 503.5GiB
upbeat_brown: CPU: 100.08%, Memory: 6.148GiB / 503.5GiB
upbeat_brown: CPU: 99.75%, Memory: 7.447GiB / 503.5GiB
upbeat_brown: CPU: 100.05%, Memory: 8.739GiB / 503.5GiB
upbeat_brown: CPU: 3178.45%, Memory: 8.992GiB / 503.5GiB
upbeat_brown: CPU: 3180.19%, Memory: 8.993GiB / 503.5GiB
upbeat_brown: CPU: 3178.06%, Memory: 8.992GiB / 503.5GiB
upbeat_brown: CPU: 3094.52%, Memory: 8.994GiB / 503.5GiB
upbeat_brown: CPU: 3126.49%, Memory: 8.994GiB / 503.5GiB
upbeat_brown: CPU: 3093.19%, Memory: 8.993GiB / 503.5GiB
upbeat_brown: CPU: 3192.13%, Memory: 8.996GiB / 503.5GiB
upbeat_brown: CPU: 3190.03%, Memory: 8.996GiB / 503.5GiB
upbeat_brown: CPU: 3193.06%, Memory: 8.996GiB / 503.5GiB
upbeat_brown: CPU: 3193.20%, Memory: 8.997GiB / 503.5GiB
upbeat_brown: CPU: 3207.32%, Memory: 8.998GiB / 503.5GiB
upbeat_brown: CPU: 3197.45%, Memory: 8.999GiB / 503.5GiB
upbeat_brown: CPU: 3190.63%, Memory: 8.999GiB / 503.5GiB
upbeat_brown: CPU: 3190.07%, Memory: 9GiB / 503.5GiB
upbeat_brown: CPU: 3177.04%, Memory: 9.001GiB / 503.5GiB
upbeat_brown: CPU: 3192.65%, Memory: 9.003GiB / 503.5GiB
upbeat_brown: CPU: 3194.99%, Memory: 9.004GiB / 503.5GiB
upbeat_brown: CPU: 3192.33%, Memory: 9.005GiB / 503.5GiB
upbeat_brown: CPU: 3063.98%, Memory: 9.007GiB / 503.5GiB
upbeat_brown: CPU: 3080.11%, Memory: 9.008GiB / 503.5GiB
upbeat_brown: CPU: 3094.37%, Memory: 9.011GiB / 503.5GiB
upbeat_brown: CPU: 2868.77%, Memory: 9.017GiB / 503.5GiB
upbeat_brown: CPU: 100.05%, Memory: 9.016GiB / 503.5GiB
upbeat_brown: CPU: 100.20%, Memory: 9.016GiB / 503.5GiB
upbeat_brown: CPU: 100.14%, Memory: 8.367GiB / 503.5GiB
upbeat_brown: CPU: 100.08%, Memory: 9.929GiB / 503.5GiB
upbeat_brown: CPU: 100.08%, Memory: 11.46GiB / 503.5GiB
upbeat_brown: CPU: 100.21%, Memory: 12.8GiB / 503.5GiB
upbeat_brown: CPU: 3196.54%, Memory: 13.59GiB / 503.5GiB
upbeat_brown: CPU: 3194.52%, Memory: 13.59GiB / 503.5GiB
upbeat_brown: CPU: 3196.85%, Memory: 13.59GiB / 503.5GiB
upbeat_brown: CPU: 926.51%, Memory: 13.59GiB / 503.5GiB
upbeat_brown: CPU: 99.71%, Memory: 13.59GiB / 503.5GiB
upbeat_brown: CPU: 99.65%, Memory: 9.038GiB / 503.5GiB
upbeat_brown: CPU: 100.08%, Memory: 10.25GiB / 503.5GiB
upbeat_brown: CPU: 100.08%, Memory: 11.61GiB / 503.5GiB
upbeat_brown: CPU: 99.62%, Memory: 12.97GiB / 503.5GiB
upbeat_brown: CPU: 100.08%, Memory: 14.31GiB / 503.5GiB
upbeat_brown: CPU: 3151.24%, Memory: 15.01GiB / 503.5GiB
upbeat_brown: CPU: 3205.11%, Memory: 15.01GiB / 503.5GiB
upbeat_brown: CPU: 3192.95%, Memory: 15.01GiB / 503.5GiB
upbeat_brown: CPU: 3191.81%, Memory: 15.01GiB / 503.5GiB
upbeat_brown: CPU: 3178.14%, Memory: 15.01GiB / 503.5GiB
upbeat_brown: CPU: 3197.38%, Memory: 15.01GiB / 503.5GiB
upbeat_brown: CPU: 3197.07%, Memory: 15.01GiB / 503.5GiB
upbeat_brown: CPU: 3174.37%, Memory: 15.01GiB / 503.5GiB
upbeat_brown: CPU: 3183.22%, Memory: 15.01GiB / 503.5GiB
upbeat_brown: CPU: 3107.74%, Memory: 15.01GiB / 503.5GiB
upbeat_brown: CPU: 3090.41%, Memory: 15.01GiB / 503.5GiB
upbeat_brown: CPU: 3108.42%, Memory: 15.01GiB / 503.5GiB
upbeat_brown: CPU: 3048.12%, Memory: 15.01GiB / 503.5GiB
upbeat_brown: CPU: 3169.86%, Memory: 15.01GiB / 503.5GiB
upbeat_brown: CPU: 3185.99%, Memory: 15.01GiB / 503.5GiB
upbeat_brown: CPU: 3203.74%, Memory: 15.01GiB / 503.5GiB
upbeat_brown: CPU: 3194.27%, Memory: 15.01GiB / 503.5GiB
upbeat_brown: CPU: 3208.14%, Memory: 15.01GiB / 503.5GiB
upbeat_brown: CPU: 3206.33%, Memory: 15.01GiB / 503.5GiB
upbeat_brown: CPU: 3188.35%, Memory: 15.01GiB / 503.5GiB
upbeat_brown: CPU: 3193.08%, Memory: 15.01GiB / 503.5GiB
upbeat_brown: CPU: 3194.91%, Memory: 15.01GiB / 503.5GiB
upbeat_brown: CPU: 3177.63%, Memory: 15.01GiB / 503.5GiB
upbeat_brown: CPU: 3194.19%, Memory: 15.01GiB / 503.5GiB
upbeat_brown: CPU: 3126.20%, Memory: 15.01GiB / 503.5GiB
upbeat_brown: CPU: 3094.86%, Memory: 15.01GiB / 503.5GiB
upbeat_brown: CPU: 3096.64%, Memory: 15.01GiB / 503.5GiB
upbeat_brown: CPU: 3094.56%, Memory: 15.01GiB / 503.5GiB
upbeat_brown: CPU: 3123.92%, Memory: 15.01GiB / 503.5GiB
upbeat_brown: CPU: 3196.85%, Memory: 15.01GiB / 503.5GiB
upbeat_brown: CPU: 3193.96%, Memory: 15.01GiB / 503.5GiB
upbeat_brown: CPU: 3206.41%, Memory: 15.01GiB / 503.5GiB
upbeat_brown: CPU: 3194.22%, Memory: 15.01GiB / 503.5GiB
upbeat_brown: CPU: 3161.44%, Memory: 15.01GiB / 503.5GiB
upbeat_brown: CPU: 3205.65%, Memory: 15.01GiB / 503.5GiB
upbeat_brown: CPU: 3205.44%, Memory: 15.01GiB / 503.5GiB
upbeat_brown: CPU: 100.15%, Memory: 15.01GiB / 503.5GiB
upbeat_brown: CPU: 100.13%, Memory: 15.01GiB / 503.5GiB
upbeat_brown: CPU: 99.77%, Memory: 9.756GiB / 503.5GiB
upbeat_brown: CPU: 2114.71%, Memory: 12.03GiB / 503.5GiB
upbeat_brown: CPU: 3094.76%, Memory: 12.02GiB / 503.5GiB
upbeat_brown: CPU: 3125.05%, Memory: 12.02GiB / 503.5GiB
upbeat_brown: CPU: 3088.43%, Memory: 12.02GiB / 503.5GiB
upbeat_brown: CPU: 3098.00%, Memory: 12.02GiB / 503.5GiB
upbeat_brown: CPU: 3163.78%, Memory: 12.02GiB / 503.5GiB
upbeat_brown: CPU: 3196.56%, Memory: 12.02GiB / 503.5GiB
upbeat_brown: CPU: 672.94%, Memory: 12.02GiB / 503.5GiB
upbeat_brown: CPU: 100.05%, Memory: 2.098GiB / 503.5GiB
festive_lalande: CPU: 99.99%, Memory: 1.461GiB / 503.5GiB
festive_lalande: CPU: 100.24%, Memory: 2.99GiB / 503.5GiB
festive_lalande: CPU: 100.09%, Memory: 2.99GiB / 503.5GiB
festive_lalande: CPU: 99.91%, Memory: 2.99GiB / 503.5GiB
festive_lalande: CPU: 100.00%, Memory: 2.99GiB / 503.5GiB
festive_lalande: CPU: 99.72%, Memory: 2.99GiB / 503.5GiB
festive_lalande: CPU: 99.97%, Memory: 2.99GiB / 503.5GiB
festive_lalande: CPU: 100.09%, Memory: 2.99GiB / 503.5GiB
festive_lalande: CPU: 99.84%, Memory: 2.99GiB / 503.5GiB
festive_lalande: CPU: 100.00%, Memory: 2.99GiB / 503.5GiB
festive_lalande: CPU: 100.12%, Memory: 2.99GiB / 503.5GiB
festive_lalande: CPU: 100.13%, Memory: 2.99GiB / 503.5GiB
festive_lalande: CPU: 100.13%, Memory: 2.99GiB / 503.5GiB
festive_lalande: CPU: 99.96%, Memory: 2.99GiB / 503.5GiB
festive_lalande: CPU: 99.63%, Memory: 2.99GiB / 503.5GiB
festive_lalande: CPU: 100.06%, Memory: 2.99GiB / 503.5GiB
festive_lalande: CPU: 100.03%, Memory: 2.99GiB / 503.5GiB
festive_lalande: CPU: 99.91%, Memory: 2.99GiB / 503.5GiB
festive_lalande: CPU: 100.16%, Memory: 2.99GiB / 503.5GiB
festive_lalande: CPU: 100.18%, Memory: 3.069GiB / 503.5GiB
festive_lalande: CPU: 99.69%, Memory: 6.267GiB / 503.5GiB
festive_lalande: CPU: 99.96%, Memory: 7.595GiB / 503.5GiB
festive_lalande: CPU: 100.04%, Memory: 8.911GiB / 503.5GiB
festive_lalande: CPU: 3091.54%, Memory: 8.991GiB / 503.5GiB
festive_lalande: CPU: 3107.71%, Memory: 8.993GiB / 503.5GiB
festive_lalande: CPU: 3131.61%, Memory: 8.992GiB / 503.5GiB
festive_lalande: CPU: 3190.03%, Memory: 8.994GiB / 503.5GiB
festive_lalande: CPU: 3192.08%, Memory: 8.995GiB / 503.5GiB
festive_lalande: CPU: 3205.98%, Memory: 8.995GiB / 503.5GiB
festive_lalande: CPU: 3180.07%, Memory: 8.996GiB / 503.5GiB
festive_lalande: CPU: 3190.63%, Memory: 8.996GiB / 503.5GiB
festive_lalande: CPU: 3193.01%, Memory: 8.997GiB / 503.5GiB
festive_lalande: CPU: 3194.60%, Memory: 8.998GiB / 503.5GiB
festive_lalande: CPU: 3203.92%, Memory: 8.998GiB / 503.5GiB
festive_lalande: CPU: 3183.62%, Memory: 8.999GiB / 503.5GiB
festive_lalande: CPU: 3194.70%, Memory: 9.001GiB / 503.5GiB
festive_lalande: CPU: 3190.19%, Memory: 9.002GiB / 503.5GiB
festive_lalande: CPU: 3102.87%, Memory: 9.003GiB / 503.5GiB
festive_lalande: CPU: 3107.94%, Memory: 9.004GiB / 503.5GiB
festive_lalande: CPU: 3082.39%, Memory: 9.005GiB / 503.5GiB
festive_lalande: CPU: 3092.10%, Memory: 9.005GiB / 503.5GiB
festive_lalande: CPU: 3135.98%, Memory: 9.008GiB / 503.5GiB
festive_lalande: CPU: 3196.35%, Memory: 9.011GiB / 503.5GiB
festive_lalande: CPU: 1648.81%, Memory: 9.017GiB / 503.5GiB
festive_lalande: CPU: 100.12%, Memory: 9.016GiB / 503.5GiB
festive_lalande: CPU: 100.15%, Memory: 9.016GiB / 503.5GiB
festive_lalande: CPU: 100.09%, Memory: 8.559GiB / 503.5GiB
festive_lalande: CPU: 100.12%, Memory: 10.11GiB / 503.5GiB
festive_lalande: CPU: 100.08%, Memory: 11.55GiB / 503.5GiB
festive_lalande: CPU: 100.18%, Memory: 12.84GiB / 503.5GiB
festive_lalande: CPU: 3194.91%, Memory: 13.59GiB / 503.5GiB
festive_lalande: CPU: 3159.25%, Memory: 13.59GiB / 503.5GiB
festive_lalande: CPU: 3095.45%, Memory: 13.59GiB / 503.5GiB
festive_lalande: CPU: 631.56%, Memory: 13.59GiB / 503.5GiB
festive_lalande: CPU: 100.18%, Memory: 13.59GiB / 503.5GiB
festive_lalande: CPU: 99.75%, Memory: 9.038GiB / 503.5GiB
festive_lalande: CPU: 100.15%, Memory: 10.18GiB / 503.5GiB
festive_lalande: CPU: 99.72%, Memory: 11.48GiB / 503.5GiB
festive_lalande: CPU: 99.69%, Memory: 12.78GiB / 503.5GiB
festive_lalande: CPU: 100.11%, Memory: 14.08GiB / 503.5GiB
festive_lalande: CPU: 2303.07%, Memory: 15.01GiB / 503.5GiB
festive_lalande: CPU: 3204.05%, Memory: 15.01GiB / 503.5GiB
festive_lalande: CPU: 3179.76%, Memory: 15.01GiB / 503.5GiB
festive_lalande: CPU: 3191.87%, Memory: 15.01GiB / 503.5GiB
festive_lalande: CPU: 3192.66%, Memory: 15.01GiB / 503.5GiB
festive_lalande: CPU: 3191.77%, Memory: 15.01GiB / 503.5GiB
festive_lalande: CPU: 3210.04%, Memory: 15.01GiB / 503.5GiB
festive_lalande: CPU: 3095.26%, Memory: 15.01GiB / 503.5GiB
festive_lalande: CPU: 3102.25%, Memory: 15.01GiB / 503.5GiB
festive_lalande: CPU: 3074.76%, Memory: 15.01GiB / 503.5GiB
festive_lalande: CPU: 3091.70%, Memory: 15.01GiB / 503.5GiB
festive_lalande: CPU: 3181.53%, Memory: 15.01GiB / 503.5GiB
festive_lalande: CPU: 3209.08%, Memory: 15.01GiB / 503.5GiB
festive_lalande: CPU: 3205.07%, Memory: 15.01GiB / 503.5GiB
festive_lalande: CPU: 3192.38%, Memory: 15.01GiB / 503.5GiB
festive_lalande: CPU: 3192.93%, Memory: 15.01GiB / 503.5GiB
festive_lalande: CPU: 3193.23%, Memory: 15.01GiB / 503.5GiB
festive_lalande: CPU: 3186.76%, Memory: 15.01GiB / 503.5GiB
festive_lalande: CPU: 3194.22%, Memory: 15.01GiB / 503.5GiB
festive_lalande: CPU: 3208.54%, Memory: 15.01GiB / 503.5GiB
festive_lalande: CPU: 3210.98%, Memory: 15.01GiB / 503.5GiB
festive_lalande: CPU: 3194.73%, Memory: 15.01GiB / 503.5GiB
festive_lalande: CPU: 3157.27%, Memory: 15.01GiB / 503.5GiB
festive_lalande: CPU: 3104.99%, Memory: 15.01GiB / 503.5GiB
festive_lalande: CPU: 3170.05%, Memory: 15.01GiB / 503.5GiB
festive_lalande: CPU: 3091.71%, Memory: 15.01GiB / 503.5GiB
festive_lalande: CPU: 3151.23%, Memory: 15.01GiB / 503.5GiB
festive_lalande: CPU: 3190.60%, Memory: 15.01GiB / 503.5GiB
festive_lalande: CPU: 3197.54%, Memory: 15.01GiB / 503.5GiB
festive_lalande: CPU: 3186.82%, Memory: 15.01GiB / 503.5GiB
festive_lalande: CPU: 3192.27%, Memory: 15.01GiB / 503.5GiB
festive_lalande: CPU: 3198.38%, Memory: 15.01GiB / 503.5GiB
festive_lalande: CPU: 3193.90%, Memory: 15.01GiB / 503.5GiB
festive_lalande: CPU: 453.60%, Memory: 15.01GiB / 503.5GiB
festive_lalande: CPU: 100.18%, Memory: 15.01GiB / 503.5GiB
festive_lalande: CPU: 99.69%, Memory: 9.401GiB / 503.5GiB
festive_lalande: CPU: 1380.42%, Memory: 12.03GiB / 503.5GiB
festive_lalande: CPU: 3196.30%, Memory: 12.02GiB / 503.5GiB
festive_lalande: CPU: 3095.35%, Memory: 12.02GiB / 503.5GiB
festive_lalande: CPU: 3120.36%, Memory: 12.02GiB / 503.5GiB
festive_lalande: CPU: 3103.01%, Memory: 12.02GiB / 503.5GiB
festive_lalande: CPU: 3093.64%, Memory: 12.02GiB / 503.5GiB
festive_lalande: CPU: 3192.46%, Memory: 12.02GiB / 503.5GiB
festive_lalande: CPU: 99.74%, Memory: 12.02GiB / 503.5GiB
crazy_joliot: CPU: 122.28%, Memory: 1.221GiB / 503.5GiB
crazy_joliot: CPU: 100.27%, Memory: 2.99GiB / 503.5GiB
crazy_joliot: CPU: 100.15%, Memory: 2.99GiB / 503.5GiB
crazy_joliot: CPU: 100.15%, Memory: 2.99GiB / 503.5GiB
crazy_joliot: CPU: 100.18%, Memory: 2.99GiB / 503.5GiB
crazy_joliot: CPU: 100.12%, Memory: 2.99GiB / 503.5GiB
crazy_joliot: CPU: 100.12%, Memory: 2.99GiB / 503.5GiB
crazy_joliot: CPU: 100.15%, Memory: 2.99GiB / 503.5GiB
crazy_joliot: CPU: 100.12%, Memory: 2.99GiB / 503.5GiB
crazy_joliot: CPU: 100.18%, Memory: 2.99GiB / 503.5GiB
crazy_joliot: CPU: 100.12%, Memory: 2.99GiB / 503.5GiB
crazy_joliot: CPU: 100.18%, Memory: 2.99GiB / 503.5GiB
crazy_joliot: CPU: 100.12%, Memory: 2.99GiB / 503.5GiB
crazy_joliot: CPU: 99.75%, Memory: 2.99GiB / 503.5GiB
crazy_joliot: CPU: 99.75%, Memory: 2.99GiB / 503.5GiB
crazy_joliot: CPU: 100.09%, Memory: 2.99GiB / 503.5GiB
crazy_joliot: CPU: 99.72%, Memory: 2.99GiB / 503.5GiB
crazy_joliot: CPU: 100.18%, Memory: 2.99GiB / 503.5GiB
crazy_joliot: CPU: 100.21%, Memory: 2.99GiB / 503.5GiB
crazy_joliot: CPU: 100.09%, Memory: 2.99GiB / 503.5GiB
crazy_joliot: CPU: 100.08%, Memory: 6.235GiB / 503.5GiB
crazy_joliot: CPU: 100.15%, Memory: 7.516GiB / 503.5GiB
crazy_joliot: CPU: 100.12%, Memory: 8.794GiB / 503.5GiB
crazy_joliot: CPU: 3097.88%, Memory: 8.992GiB / 503.5GiB
crazy_joliot: CPU: 3105.60%, Memory: 8.993GiB / 503.5GiB
crazy_joliot: CPU: 3084.44%, Memory: 8.993GiB / 503.5GiB
crazy_joliot: CPU: 3105.99%, Memory: 8.994GiB / 503.5GiB
crazy_joliot: CPU: 3131.94%, Memory: 8.995GiB / 503.5GiB
crazy_joliot: CPU: 3189.57%, Memory: 8.995GiB / 503.5GiB
crazy_joliot: CPU: 3194.63%, Memory: 8.996GiB / 503.5GiB
crazy_joliot: CPU: 3211.61%, Memory: 8.996GiB / 503.5GiB
crazy_joliot: CPU: 3192.26%, Memory: 8.997GiB / 503.5GiB
crazy_joliot: CPU: 3179.44%, Memory: 8.998GiB / 503.5GiB
crazy_joliot: CPU: 3191.04%, Memory: 8.998GiB / 503.5GiB
crazy_joliot: CPU: 3193.51%, Memory: 8.999GiB / 503.5GiB
crazy_joliot: CPU: 3207.80%, Memory: 9GiB / 503.5GiB
crazy_joliot: CPU: 3190.33%, Memory: 9.001GiB / 503.5GiB
crazy_joliot: CPU: 3193.22%, Memory: 9.002GiB / 503.5GiB
crazy_joliot: CPU: 3119.52%, Memory: 9.004GiB / 503.5GiB
crazy_joliot: CPU: 3102.22%, Memory: 9.004GiB / 503.5GiB
crazy_joliot: CPU: 3081.84%, Memory: 9.005GiB / 503.5GiB
crazy_joliot: CPU: 3080.59%, Memory: 9.007GiB / 503.5GiB
crazy_joliot: CPU: 3157.04%, Memory: 9.009GiB / 503.5GiB
crazy_joliot: CPU: 3195.63%, Memory: 9.014GiB / 503.5GiB
crazy_joliot: CPU: 100.15%, Memory: 9.016GiB / 503.5GiB
crazy_joliot: CPU: 100.15%, Memory: 9.016GiB / 503.5GiB
crazy_joliot: CPU: 100.15%, Memory: 7.004GiB / 503.5GiB
crazy_joliot: CPU: 100.18%, Memory: 9.327GiB / 503.5GiB
crazy_joliot: CPU: 100.18%, Memory: 10.96GiB / 503.5GiB
crazy_joliot: CPU: 99.74%, Memory: 12.28GiB / 503.5GiB
crazy_joliot: CPU: 356.37%, Memory: 13.59GiB / 503.5GiB
crazy_joliot: CPU: 3196.84%, Memory: 13.59GiB / 503.5GiB
crazy_joliot: CPU: 3195.56%, Memory: 13.59GiB / 503.5GiB
crazy_joliot: CPU: 3102.72%, Memory: 13.59GiB / 503.5GiB
crazy_joliot: CPU: 100.11%, Memory: 13.59GiB / 503.5GiB
crazy_joliot: CPU: 100.14%, Memory: 13.59GiB / 503.5GiB
crazy_joliot: CPU: 100.02%, Memory: 9.998GiB / 503.5GiB
crazy_joliot: CPU: 100.09%, Memory: 11.32GiB / 503.5GiB
crazy_joliot: CPU: 100.21%, Memory: 12.66GiB / 503.5GiB
crazy_joliot: CPU: 100.12%, Memory: 13.99GiB / 503.5GiB
crazy_joliot: CPU: 1876.55%, Memory: 15.01GiB / 503.5GiB
crazy_joliot: CPU: 3180.09%, Memory: 15.01GiB / 503.5GiB
crazy_joliot: CPU: 3196.84%, Memory: 15.01GiB / 503.5GiB
crazy_joliot: CPU: 3191.31%, Memory: 15.01GiB / 503.5GiB
crazy_joliot: CPU: 3197.85%, Memory: 15.01GiB / 503.5GiB
crazy_joliot: CPU: 3192.67%, Memory: 15.01GiB / 503.5GiB
crazy_joliot: CPU: 3195.20%, Memory: 15.01GiB / 503.5GiB
crazy_joliot: CPU: 2971.86%, Memory: 15.01GiB / 503.5GiB
crazy_joliot: CPU: 3091.13%, Memory: 15.01GiB / 503.5GiB
crazy_joliot: CPU: 3096.04%, Memory: 15.01GiB / 503.5GiB
crazy_joliot: CPU: 3089.97%, Memory: 15.01GiB / 503.5GiB
crazy_joliot: CPU: 3085.72%, Memory: 15.01GiB / 503.5GiB
crazy_joliot: CPU: 3103.65%, Memory: 15.01GiB / 503.5GiB
crazy_joliot: CPU: 3193.92%, Memory: 15.01GiB / 503.5GiB
crazy_joliot: CPU: 3196.17%, Memory: 15.01GiB / 503.5GiB
crazy_joliot: CPU: 3202.02%, Memory: 15.01GiB / 503.5GiB
crazy_joliot: CPU: 3181.89%, Memory: 15.01GiB / 503.5GiB
crazy_joliot: CPU: 3184.13%, Memory: 15.01GiB / 503.5GiB
crazy_joliot: CPU: 3194.27%, Memory: 15.01GiB / 503.5GiB
crazy_joliot: CPU: 3207.84%, Memory: 15.01GiB / 503.5GiB
crazy_joliot: CPU: 3191.75%, Memory: 15.01GiB / 503.5GiB
crazy_joliot: CPU: 3196.41%, Memory: 15.01GiB / 503.5GiB
crazy_joliot: CPU: 3179.92%, Memory: 15.01GiB / 503.5GiB
crazy_joliot: CPU: 3090.83%, Memory: 15.01GiB / 503.5GiB
crazy_joliot: CPU: 3058.63%, Memory: 15.01GiB / 503.5GiB
crazy_joliot: CPU: 3102.91%, Memory: 15.01GiB / 503.5GiB
crazy_joliot: CPU: 3073.93%, Memory: 15.01GiB / 503.5GiB
crazy_joliot: CPU: 3121.19%, Memory: 15.01GiB / 503.5GiB
crazy_joliot: CPU: 3196.34%, Memory: 15.01GiB / 503.5GiB
crazy_joliot: CPU: 3184.43%, Memory: 15.01GiB / 503.5GiB
crazy_joliot: CPU: 3200.20%, Memory: 15.01GiB / 503.5GiB
crazy_joliot: CPU: 3190.52%, Memory: 15.02GiB / 503.5GiB
crazy_joliot: CPU: 3195.21%, Memory: 15.01GiB / 503.5GiB
crazy_joliot: CPU: 3192.36%, Memory: 15.02GiB / 503.5GiB
crazy_joliot: CPU: 3209.80%, Memory: 15.01GiB / 503.5GiB
crazy_joliot: CPU: 3194.75%, Memory: 15.01GiB / 503.5GiB
crazy_joliot: CPU: 3191.58%, Memory: 15.01GiB / 503.5GiB
crazy_joliot: CPU: 99.72%, Memory: 15.01GiB / 503.5GiB
crazy_joliot: CPU: 100.18%, Memory: 15.01GiB / 503.5GiB
crazy_joliot: CPU: 100.18%, Memory: 10.66GiB / 503.5GiB
crazy_joliot: CPU: 3092.26%, Memory: 12.02GiB / 503.5GiB
crazy_joliot: CPU: 3133.76%, Memory: 12.02GiB / 503.5GiB
crazy_joliot: CPU: 3188.64%, Memory: 12.02GiB / 503.5GiB
crazy_joliot: CPU: 3195.55%, Memory: 12.02GiB / 503.5GiB
crazy_joliot: CPU: 3193.19%, Memory: 12.02GiB / 503.5GiB
crazy_joliot: CPU: 3194.34%, Memory: 12.02GiB / 503.5GiB
crazy_joliot: CPU: 3195.53%, Memory: 12.02GiB / 503.5GiB
crazy_joliot: CPU: 100.09%, Memory: 12.02GiB / 503.5GiB
tender_rhodes: CPU: 104.10%, Memory: 1.244GiB / 503.5GiB
tender_rhodes: CPU: 100.10%, Memory: 2.99GiB / 503.5GiB
tender_rhodes: CPU: 99.64%, Memory: 2.99GiB / 503.5GiB
tender_rhodes: CPU: 100.05%, Memory: 2.99GiB / 503.5GiB
tender_rhodes: CPU: 100.01%, Memory: 2.99GiB / 503.5GiB
tender_rhodes: CPU: 100.14%, Memory: 2.99GiB / 503.5GiB
tender_rhodes: CPU: 100.02%, Memory: 2.99GiB / 503.5GiB
tender_rhodes: CPU: 100.18%, Memory: 2.99GiB / 503.5GiB
tender_rhodes: CPU: 100.01%, Memory: 2.99GiB / 503.5GiB
tender_rhodes: CPU: 99.69%, Memory: 2.99GiB / 503.5GiB
tender_rhodes: CPU: 100.05%, Memory: 2.99GiB / 503.5GiB
tender_rhodes: CPU: 99.64%, Memory: 2.99GiB / 503.5GiB
tender_rhodes: CPU: 99.64%, Memory: 2.99GiB / 503.5GiB
tender_rhodes: CPU: 100.06%, Memory: 2.99GiB / 503.5GiB
tender_rhodes: CPU: 99.93%, Memory: 2.99GiB / 503.5GiB
tender_rhodes: CPU: 99.64%, Memory: 2.99GiB / 503.5GiB
tender_rhodes: CPU: 99.62%, Memory: 2.99GiB / 503.5GiB
tender_rhodes: CPU: 99.59%, Memory: 2.99GiB / 503.5GiB
tender_rhodes: CPU: 100.04%, Memory: 2.99GiB / 503.5GiB
tender_rhodes: CPU: 99.94%, Memory: 2.99GiB / 503.5GiB
tender_rhodes: CPU: 99.96%, Memory: 6.247GiB / 503.5GiB
tender_rhodes: CPU: 100.11%, Memory: 7.6GiB / 503.5GiB
tender_rhodes: CPU: 100.14%, Memory: 8.946GiB / 503.5GiB
tender_rhodes: CPU: 3182.86%, Memory: 8.993GiB / 503.5GiB
tender_rhodes: CPU: 3192.25%, Memory: 8.993GiB / 503.5GiB
tender_rhodes: CPU: 3192.90%, Memory: 8.994GiB / 503.5GiB
tender_rhodes: CPU: 3213.54%, Memory: 8.995GiB / 503.5GiB
tender_rhodes: CPU: 3209.21%, Memory: 8.995GiB / 503.5GiB
tender_rhodes: CPU: 3188.08%, Memory: 8.995GiB / 503.5GiB
tender_rhodes: CPU: 3183.03%, Memory: 8.996GiB / 503.5GiB
tender_rhodes: CPU: 3189.81%, Memory: 8.996GiB / 503.5GiB
tender_rhodes: CPU: 3208.81%, Memory: 8.997GiB / 503.5GiB
tender_rhodes: CPU: 3195.09%, Memory: 8.997GiB / 503.5GiB
tender_rhodes: CPU: 3188.66%, Memory: 8.998GiB / 503.5GiB
tender_rhodes: CPU: 3089.56%, Memory: 8.999GiB / 503.5GiB
tender_rhodes: CPU: 3140.11%, Memory: 8.999GiB / 503.5GiB
tender_rhodes: CPU: 3077.19%, Memory: 9GiB / 503.5GiB
tender_rhodes: CPU: 3092.14%, Memory: 9GiB / 503.5GiB
tender_rhodes: CPU: 3119.14%, Memory: 9.002GiB / 503.5GiB
tender_rhodes: CPU: 3189.86%, Memory: 9.003GiB / 503.5GiB
tender_rhodes: CPU: 3197.76%, Memory: 9.004GiB / 503.5GiB
tender_rhodes: CPU: 3188.34%, Memory: 9.005GiB / 503.5GiB
tender_rhodes: CPU: 3192.34%, Memory: 9.007GiB / 503.5GiB
tender_rhodes: CPU: 3203.63%, Memory: 9.009GiB / 503.5GiB
tender_rhodes: CPU: 3204.30%, Memory: 9.013GiB / 503.5GiB
tender_rhodes: CPU: 100.02%, Memory: 9.016GiB / 503.5GiB
tender_rhodes: CPU: 100.05%, Memory: 9.016GiB / 503.5GiB
tender_rhodes: CPU: 100.08%, Memory: 7.211GiB / 503.5GiB
tender_rhodes: CPU: 100.08%, Memory: 9.421GiB / 503.5GiB
tender_rhodes: CPU: 100.11%, Memory: 11.01GiB / 503.5GiB
tender_rhodes: CPU: 99.98%, Memory: 12.35GiB / 503.5GiB
tender_rhodes: CPU: 755.68%, Memory: 13.59GiB / 503.5GiB
tender_rhodes: CPU: 3178.39%, Memory: 13.59GiB / 503.5GiB
tender_rhodes: CPU: 3194.97%, Memory: 13.59GiB / 503.5GiB
tender_rhodes: CPU: 3073.74%, Memory: 13.59GiB / 503.5GiB
tender_rhodes: CPU: 99.69%, Memory: 13.59GiB / 503.5GiB
tender_rhodes: CPU: 99.75%, Memory: 13.59GiB / 503.5GiB
tender_rhodes: CPU: 99.72%, Memory: 9.633GiB / 503.5GiB
tender_rhodes: CPU: 100.05%, Memory: 10.97GiB / 503.5GiB
tender_rhodes: CPU: 99.81%, Memory: 12.33GiB / 503.5GiB
tender_rhodes: CPU: 100.05%, Memory: 13.68GiB / 503.5GiB
tender_rhodes: CPU: 110.72%, Memory: 15.01GiB / 503.5GiB
tender_rhodes: CPU: 3178.80%, Memory: 15.01GiB / 503.5GiB
tender_rhodes: CPU: 3145.15%, Memory: 15.01GiB / 503.5GiB
tender_rhodes: CPU: 3090.76%, Memory: 15.01GiB / 503.5GiB
tender_rhodes: CPU: 3186.76%, Memory: 15.01GiB / 503.5GiB
tender_rhodes: CPU: 3047.57%, Memory: 15.01GiB / 503.5GiB
tender_rhodes: CPU: 3169.92%, Memory: 15.01GiB / 503.5GiB
tender_rhodes: CPU: 3181.81%, Memory: 15.01GiB / 503.5GiB
tender_rhodes: CPU: 3207.43%, Memory: 15.01GiB / 503.5GiB
tender_rhodes: CPU: 3193.34%, Memory: 15.01GiB / 503.5GiB
tender_rhodes: CPU: 3197.09%, Memory: 15.01GiB / 503.5GiB
tender_rhodes: CPU: 3202.25%, Memory: 15.01GiB / 503.5GiB
tender_rhodes: CPU: 3192.57%, Memory: 15.01GiB / 503.5GiB
tender_rhodes: CPU: 3196.75%, Memory: 15.01GiB / 503.5GiB
tender_rhodes: CPU: 3193.20%, Memory: 15.01GiB / 503.5GiB
tender_rhodes: CPU: 3179.68%, Memory: 15.01GiB / 503.5GiB
tender_rhodes: CPU: 3192.55%, Memory: 15.01GiB / 503.5GiB
tender_rhodes: CPU: 3190.00%, Memory: 15.01GiB / 503.5GiB
tender_rhodes: CPU: 3093.25%, Memory: 15.01GiB / 503.5GiB
tender_rhodes: CPU: 3147.86%, Memory: 15.01GiB / 503.5GiB
tender_rhodes: CPU: 3088.05%, Memory: 15.01GiB / 503.5GiB
tender_rhodes: CPU: 3104.64%, Memory: 15.01GiB / 503.5GiB
tender_rhodes: CPU: 3184.21%, Memory: 15.01GiB / 503.5GiB
tender_rhodes: CPU: 3190.27%, Memory: 15.01GiB / 503.5GiB
tender_rhodes: CPU: 3196.09%, Memory: 15.01GiB / 503.5GiB
tender_rhodes: CPU: 3177.57%, Memory: 15.01GiB / 503.5GiB
tender_rhodes: CPU: 3188.71%, Memory: 15.01GiB / 503.5GiB
tender_rhodes: CPU: 3194.46%, Memory: 15.01GiB / 503.5GiB
tender_rhodes: CPU: 3194.43%, Memory: 15.01GiB / 503.5GiB
tender_rhodes: CPU: 3208.29%, Memory: 15.01GiB / 503.5GiB
tender_rhodes: CPU: 3205.48%, Memory: 15.01GiB / 503.5GiB
tender_rhodes: CPU: 3206.60%, Memory: 15.01GiB / 503.5GiB
tender_rhodes: CPU: 100.15%, Memory: 15.01GiB / 503.5GiB
tender_rhodes: CPU: 100.12%, Memory: 15.01GiB / 503.5GiB
tender_rhodes: CPU: 99.58%, Memory: 10.17GiB / 503.5GiB
tender_rhodes: CPU: 3031.48%, Memory: 12.03GiB / 503.5GiB
tender_rhodes: CPU: 3146.82%, Memory: 12.02GiB / 503.5GiB
tender_rhodes: CPU: 3196.07%, Memory: 12.02GiB / 503.5GiB
tender_rhodes: CPU: 3196.06%, Memory: 12.02GiB / 503.5GiB
tender_rhodes: CPU: 3195.71%, Memory: 12.02GiB / 503.5GiB
tender_rhodes: CPU: 3197.02%, Memory: 12.02GiB / 503.5GiB
tender_rhodes: CPU: 2600.09%, Memory: 12.02GiB / 503.5GiB
tender_rhodes: CPU: 100.18%, Memory: 12.02GiB / 503.5GiB
modest_tesla: CPU: 140.22%, Memory: 1.194GiB / 503.5GiB
modest_tesla: CPU: 100.24%, Memory: 2.99GiB / 503.5GiB
modest_tesla: CPU: 99.72%, Memory: 2.99GiB / 503.5GiB
modest_tesla: CPU: 100.21%, Memory: 2.99GiB / 503.5GiB
modest_tesla: CPU: 100.12%, Memory: 2.99GiB / 503.5GiB
modest_tesla: CPU: 99.59%, Memory: 2.99GiB / 503.5GiB
modest_tesla: CPU: 100.11%, Memory: 2.99GiB / 503.5GiB
modest_tesla: CPU: 99.72%, Memory: 2.99GiB / 503.5GiB
modest_tesla: CPU: 100.12%, Memory: 2.99GiB / 503.5GiB
modest_tesla: CPU: 99.66%, Memory: 2.99GiB / 503.5GiB
modest_tesla: CPU: 100.11%, Memory: 2.99GiB / 503.5GiB
modest_tesla: CPU: 100.09%, Memory: 2.99GiB / 503.5GiB
modest_tesla: CPU: 99.69%, Memory: 2.99GiB / 503.5GiB
modest_tesla: CPU: 100.15%, Memory: 2.99GiB / 503.5GiB
modest_tesla: CPU: 100.18%, Memory: 2.99GiB / 503.5GiB
modest_tesla: CPU: 100.12%, Memory: 2.99GiB / 503.5GiB
modest_tesla: CPU: 100.21%, Memory: 2.99GiB / 503.5GiB
modest_tesla: CPU: 100.11%, Memory: 2.99GiB / 503.5GiB
modest_tesla: CPU: 100.09%, Memory: 2.99GiB / 503.5GiB
modest_tesla: CPU: 100.08%, Memory: 2.99GiB / 503.5GiB
modest_tesla: CPU: 100.11%, Memory: 6.238GiB / 503.5GiB
modest_tesla: CPU: 100.11%, Memory: 7.591GiB / 503.5GiB
modest_tesla: CPU: 100.12%, Memory: 8.938GiB / 503.5GiB
modest_tesla: CPU: 3195.01%, Memory: 8.993GiB / 503.5GiB
modest_tesla: CPU: 3193.98%, Memory: 8.993GiB / 503.5GiB
modest_tesla: CPU: 3199.79%, Memory: 8.994GiB / 503.5GiB
modest_tesla: CPU: 3195.23%, Memory: 8.994GiB / 503.5GiB
modest_tesla: CPU: 3196.00%, Memory: 8.995GiB / 503.5GiB
modest_tesla: CPU: 3193.60%, Memory: 8.996GiB / 503.5GiB
modest_tesla: CPU: 3191.42%, Memory: 8.996GiB / 503.5GiB
modest_tesla: CPU: 3176.25%, Memory: 8.997GiB / 503.5GiB
modest_tesla: CPU: 3207.83%, Memory: 8.997GiB / 503.5GiB
modest_tesla: CPU: 3192.57%, Memory: 8.997GiB / 503.5GiB
modest_tesla: CPU: 3107.21%, Memory: 8.998GiB / 503.5GiB
modest_tesla: CPU: 3092.44%, Memory: 8.997GiB / 503.5GiB
modest_tesla: CPU: 3094.96%, Memory: 8.999GiB / 503.5GiB
modest_tesla: CPU: 3093.66%, Memory: 9GiB / 503.5GiB
modest_tesla: CPU: 3150.55%, Memory: 9GiB / 503.5GiB
modest_tesla: CPU: 3185.94%, Memory: 9.001GiB / 503.5GiB
modest_tesla: CPU: 3197.31%, Memory: 9.002GiB / 503.5GiB
modest_tesla: CPU: 3204.18%, Memory: 9.003GiB / 503.5GiB
modest_tesla: CPU: 3191.41%, Memory: 9.004GiB / 503.5GiB
modest_tesla: CPU: 3193.51%, Memory: 9.006GiB / 503.5GiB
modest_tesla: CPU: 3192.36%, Memory: 9.008GiB / 503.5GiB
modest_tesla: CPU: 3206.34%, Memory: 9.01GiB / 503.5GiB
modest_tesla: CPU: 3021.15%, Memory: 9.018GiB / 503.5GiB
modest_tesla: CPU: 99.69%, Memory: 9.016GiB / 503.5GiB
modest_tesla: CPU: 99.75%, Memory: 9.016GiB / 503.5GiB
modest_tesla: CPU: 100.02%, Memory: 8.695GiB / 503.5GiB
modest_tesla: CPU: 100.08%, Memory: 10.28GiB / 503.5GiB
modest_tesla: CPU: 100.14%, Memory: 11.72GiB / 503.5GiB
modest_tesla: CPU: 99.69%, Memory: 13.05GiB / 503.5GiB
modest_tesla: CPU: 3208.87%, Memory: 13.59GiB / 503.5GiB
modest_tesla: CPU: 3197.78%, Memory: 13.59GiB / 503.5GiB
modest_tesla: CPU: 3186.54%, Memory: 13.59GiB / 503.5GiB
modest_tesla: CPU: 100.11%, Memory: 13.59GiB / 503.5GiB
modest_tesla: CPU: 99.75%, Memory: 13.59GiB / 503.5GiB
modest_tesla: CPU: 99.78%, Memory: 9.152GiB / 503.5GiB
modest_tesla: CPU: 100.08%, Memory: 10.47GiB / 503.5GiB
modest_tesla: CPU: 100.14%, Memory: 11.8GiB / 503.5GiB
modest_tesla: CPU: 100.12%, Memory: 13.08GiB / 503.5GiB
modest_tesla: CPU: 100.08%, Memory: 14.33GiB / 503.5GiB
modest_tesla: CPU: 3092.98%, Memory: 15.01GiB / 503.5GiB
modest_tesla: CPU: 3081.46%, Memory: 15.01GiB / 503.5GiB
modest_tesla: CPU: 3083.98%, Memory: 15.01GiB / 503.5GiB
modest_tesla: CPU: 3093.83%, Memory: 15.01GiB / 503.5GiB
modest_tesla: CPU: 3130.59%, Memory: 15.01GiB / 503.5GiB
modest_tesla: CPU: 3196.87%, Memory: 15.01GiB / 503.5GiB
modest_tesla: CPU: 3208.75%, Memory: 15.01GiB / 503.5GiB
modest_tesla: CPU: 3193.13%, Memory: 15.01GiB / 503.5GiB
modest_tesla: CPU: 3190.85%, Memory: 15.01GiB / 503.5GiB
modest_tesla: CPU: 3202.20%, Memory: 15.01GiB / 503.5GiB
modest_tesla: CPU: 3193.51%, Memory: 15.01GiB / 503.5GiB
modest_tesla: CPU: 3206.21%, Memory: 15.01GiB / 503.5GiB
modest_tesla: CPU: 3165.38%, Memory: 15.01GiB / 503.5GiB
modest_tesla: CPU: 3197.18%, Memory: 15.01GiB / 503.5GiB
modest_tesla: CPU: 3164.90%, Memory: 15.01GiB / 503.5GiB
modest_tesla: CPU: 3185.00%, Memory: 15.01GiB / 503.5GiB
modest_tesla: CPU: 3080.77%, Memory: 15.01GiB / 503.5GiB
modest_tesla: CPU: 3160.80%, Memory: 15.01GiB / 503.5GiB
modest_tesla: CPU: 3105.50%, Memory: 15.01GiB / 503.5GiB
modest_tesla: CPU: 3145.98%, Memory: 15.01GiB / 503.5GiB
modest_tesla: CPU: 3197.62%, Memory: 15.01GiB / 503.5GiB
modest_tesla: CPU: 3197.39%, Memory: 15.01GiB / 503.5GiB
modest_tesla: CPU: 3209.24%, Memory: 15.01GiB / 503.5GiB
modest_tesla: CPU: 3193.93%, Memory: 15.01GiB / 503.5GiB
modest_tesla: CPU: 3195.00%, Memory: 15.01GiB / 503.5GiB
modest_tesla: CPU: 3204.78%, Memory: 15.01GiB / 503.5GiB
modest_tesla: CPU: 3196.89%, Memory: 15.01GiB / 503.5GiB
modest_tesla: CPU: 3191.94%, Memory: 15.01GiB / 503.5GiB
modest_tesla: CPU: 3194.77%, Memory: 15.01GiB / 503.5GiB
modest_tesla: CPU: 3203.06%, Memory: 15.01GiB / 503.5GiB
modest_tesla: CPU: 3202.88%, Memory: 15.01GiB / 503.5GiB
modest_tesla: CPU: 3096.37%, Memory: 15.01GiB / 503.5GiB
modest_tesla: CPU: 2579.97%, Memory: 15.01GiB / 503.5GiB
modest_tesla: CPU: 100.09%, Memory: 15.01GiB / 503.5GiB
modest_tesla: CPU: 100.24%, Memory: 15.01GiB / 503.5GiB
modest_tesla: CPU: 100.09%, Memory: 10.76GiB / 503.5GiB
modest_tesla: CPU: 3199.09%, Memory: 12.02GiB / 503.5GiB
modest_tesla: CPU: 3203.29%, Memory: 12.02GiB / 503.5GiB
modest_tesla: CPU: 3198.48%, Memory: 12.02GiB / 503.5GiB
modest_tesla: CPU: 3198.60%, Memory: 12.02GiB / 503.5GiB
modest_tesla: CPU: 3198.88%, Memory: 12.02GiB / 503.5GiB
modest_tesla: CPU: 3193.62%, Memory: 12.02GiB / 503.5GiB
modest_tesla: CPU: 100.15%, Memory: 12.02GiB / 503.5GiB
festive_shaw: CPU: 165.68%, Memory: 1.199GiB / 503.5GiB
festive_shaw: CPU: 100.34%, Memory: 2.99GiB / 503.5GiB
festive_shaw: CPU: 100.15%, Memory: 2.99GiB / 503.5GiB
festive_shaw: CPU: 100.08%, Memory: 2.99GiB / 503.5GiB
festive_shaw: CPU: 100.06%, Memory: 2.99GiB / 503.5GiB
festive_shaw: CPU: 99.72%, Memory: 2.99GiB / 503.5GiB
festive_shaw: CPU: 100.09%, Memory: 2.99GiB / 503.5GiB
festive_shaw: CPU: 99.75%, Memory: 2.99GiB / 503.5GiB
festive_shaw: CPU: 100.09%, Memory: 2.99GiB / 503.5GiB
festive_shaw: CPU: 100.02%, Memory: 2.99GiB / 503.5GiB
festive_shaw: CPU: 100.12%, Memory: 2.99GiB / 503.5GiB
festive_shaw: CPU: 99.99%, Memory: 2.99GiB / 503.5GiB
festive_shaw: CPU: 100.15%, Memory: 2.99GiB / 503.5GiB
festive_shaw: CPU: 100.12%, Memory: 2.99GiB / 503.5GiB
festive_shaw: CPU: 100.12%, Memory: 2.99GiB / 503.5GiB
festive_shaw: CPU: 100.15%, Memory: 2.99GiB / 503.5GiB
festive_shaw: CPU: 100.12%, Memory: 2.99GiB / 503.5GiB
festive_shaw: CPU: 100.06%, Memory: 2.99GiB / 503.5GiB
festive_shaw: CPU: 100.12%, Memory: 2.99GiB / 503.5GiB
festive_shaw: CPU: 100.05%, Memory: 2.99GiB / 503.5GiB
festive_shaw: CPU: 100.09%, Memory: 6.241GiB / 503.5GiB
festive_shaw: CPU: 100.05%, Memory: 7.617GiB / 503.5GiB
festive_shaw: CPU: 223.47%, Memory: 8.986GiB / 503.5GiB
festive_shaw: CPU: 3182.56%, Memory: 8.993GiB / 503.5GiB
festive_shaw: CPU: 3179.57%, Memory: 8.993GiB / 503.5GiB
festive_shaw: CPU: 3194.66%, Memory: 8.994GiB / 503.5GiB
festive_shaw: CPU: 3185.61%, Memory: 8.995GiB / 503.5GiB
festive_shaw: CPU: 3157.68%, Memory: 8.995GiB / 503.5GiB
festive_shaw: CPU: 3203.96%, Memory: 8.995GiB / 503.5GiB
festive_shaw: CPU: 3207.20%, Memory: 8.996GiB / 503.5GiB
festive_shaw: CPU: 3080.83%, Memory: 8.997GiB / 503.5GiB
festive_shaw: CPU: 3089.59%, Memory: 8.997GiB / 503.5GiB
festive_shaw: CPU: 3110.42%, Memory: 8.997GiB / 503.5GiB
festive_shaw: CPU: 3098.22%, Memory: 8.998GiB / 503.5GiB
festive_shaw: CPU: 3162.85%, Memory: 8.998GiB / 503.5GiB
festive_shaw: CPU: 3196.67%, Memory: 8.999GiB / 503.5GiB
festive_shaw: CPU: 3207.75%, Memory: 9GiB / 503.5GiB
festive_shaw: CPU: 3212.23%, Memory: 9.001GiB / 503.5GiB
festive_shaw: CPU: 3193.46%, Memory: 9.003GiB / 503.5GiB
festive_shaw: CPU: 3206.69%, Memory: 9.004GiB / 503.5GiB
festive_shaw: CPU: 3195.72%, Memory: 9.005GiB / 503.5GiB
festive_shaw: CPU: 3208.37%, Memory: 9.007GiB / 503.5GiB
festive_shaw: CPU: 3186.82%, Memory: 9.01GiB / 503.5GiB
festive_shaw: CPU: 3194.42%, Memory: 9.018GiB / 503.5GiB
festive_shaw: CPU: 100.21%, Memory: 9.016GiB / 503.5GiB
festive_shaw: CPU: 100.18%, Memory: 9.016GiB / 503.5GiB
festive_shaw: CPU: 100.11%, Memory: 8.814GiB / 503.5GiB
festive_shaw: CPU: 100.12%, Memory: 10.36GiB / 503.5GiB
festive_shaw: CPU: 100.15%, Memory: 11.78GiB / 503.5GiB
festive_shaw: CPU: 100.21%, Memory: 13.11GiB / 503.5GiB
festive_shaw: CPU: 3195.77%, Memory: 13.59GiB / 503.5GiB
festive_shaw: CPU: 3187.13%, Memory: 13.59GiB / 503.5GiB
festive_shaw: CPU: 3195.86%, Memory: 13.59GiB / 503.5GiB
festive_shaw: CPU: 100.09%, Memory: 13.59GiB / 503.5GiB
festive_shaw: CPU: 99.87%, Memory: 13.59GiB / 503.5GiB
festive_shaw: CPU: 100.12%, Memory: 9.074GiB / 503.5GiB
festive_shaw: CPU: 100.14%, Memory: 10.39GiB / 503.5GiB
festive_shaw: CPU: 100.21%, Memory: 11.72GiB / 503.5GiB
festive_shaw: CPU: 100.08%, Memory: 13.01GiB / 503.5GiB
festive_shaw: CPU: 100.02%, Memory: 14.26GiB / 503.5GiB
festive_shaw: CPU: 3190.77%, Memory: 15.01GiB / 503.5GiB
festive_shaw: CPU: 3097.22%, Memory: 15.01GiB / 503.5GiB
festive_shaw: CPU: 3093.65%, Memory: 15.01GiB / 503.5GiB
festive_shaw: CPU: 3174.99%, Memory: 15.01GiB / 503.5GiB
festive_shaw: CPU: 3198.55%, Memory: 15.01GiB / 503.5GiB
festive_shaw: CPU: 3186.74%, Memory: 15.01GiB / 503.5GiB
festive_shaw: CPU: 3184.30%, Memory: 15.01GiB / 503.5GiB
festive_shaw: CPU: 3209.85%, Memory: 15.01GiB / 503.5GiB
festive_shaw: CPU: 3195.53%, Memory: 15.01GiB / 503.5GiB
festive_shaw: CPU: 3204.23%, Memory: 15.01GiB / 503.5GiB
festive_shaw: CPU: 3198.22%, Memory: 15.01GiB / 503.5GiB
festive_shaw: CPU: 3182.63%, Memory: 15.01GiB / 503.5GiB
festive_shaw: CPU: 3186.70%, Memory: 15.01GiB / 503.5GiB
festive_shaw: CPU: 3203.04%, Memory: 15.01GiB / 503.5GiB
festive_shaw: CPU: 3206.80%, Memory: 15.01GiB / 503.5GiB
festive_shaw: CPU: 3094.35%, Memory: 15.01GiB / 503.5GiB
festive_shaw: CPU: 3188.92%, Memory: 15.01GiB / 503.5GiB
festive_shaw: CPU: 3102.85%, Memory: 15.01GiB / 503.5GiB
festive_shaw: CPU: 3117.96%, Memory: 15.01GiB / 503.5GiB
festive_shaw: CPU: 3196.65%, Memory: 15.01GiB / 503.5GiB
festive_shaw: CPU: 3200.93%, Memory: 15.01GiB / 503.5GiB
festive_shaw: CPU: 3185.52%, Memory: 15.01GiB / 503.5GiB
festive_shaw: CPU: 3196.69%, Memory: 15.01GiB / 503.5GiB
festive_shaw: CPU: 3203.08%, Memory: 15.01GiB / 503.5GiB
festive_shaw: CPU: 3200.80%, Memory: 15.01GiB / 503.5GiB
festive_shaw: CPU: 3198.94%, Memory: 15.01GiB / 503.5GiB
festive_shaw: CPU: 3201.73%, Memory: 15.01GiB / 503.5GiB
festive_shaw: CPU: 3205.15%, Memory: 15.01GiB / 503.5GiB
festive_shaw: CPU: 3204.25%, Memory: 15.01GiB / 503.5GiB
festive_shaw: CPU: 3208.61%, Memory: 15.01GiB / 503.5GiB
festive_shaw: CPU: 3094.05%, Memory: 15.01GiB / 503.5GiB
festive_shaw: CPU: 3099.49%, Memory: 15.01GiB / 503.5GiB
festive_shaw: CPU: 99.75%, Memory: 15.01GiB / 503.5GiB
festive_shaw: CPU: 100.18%, Memory: 15.01GiB / 503.5GiB
festive_shaw: CPU: 99.93%, Memory: 9.876GiB / 503.5GiB
festive_shaw: CPU: 2453.63%, Memory: 12.03GiB / 503.5GiB
festive_shaw: CPU: 3193.86%, Memory: 12.02GiB / 503.5GiB
festive_shaw: CPU: 3196.10%, Memory: 12.02GiB / 503.5GiB
festive_shaw: CPU: 3209.55%, Memory: 12.02GiB / 503.5GiB
festive_shaw: CPU: 3196.06%, Memory: 12.02GiB / 503.5GiB
festive_shaw: CPU: 3208.98%, Memory: 12.02GiB / 503.5GiB
festive_shaw: CPU: 1341.06%, Memory: 12.02GiB / 503.5GiB
festive_shaw: CPU: 100.05%, Memory: 5.253GiB / 503.5GiB
