hopeful_chaplygin: CPU: 100.40%, Memory: 2.938GiB / 503.5GiB
hopeful_chaplygin: CPU: 100.09%, Memory: 5.975GiB / 503.5GiB
hopeful_chaplygin: CPU: 1345.72%, Memory: 9.025GiB / 503.5GiB
hopeful_chaplygin: CPU: 1600.81%, Memory: 9.028GiB / 503.5GiB
hopeful_chaplygin: CPU: 1601.58%, Memory: 9.032GiB / 503.5GiB
hopeful_chaplygin: CPU: 1601.42%, Memory: 9.035GiB / 503.5GiB
hopeful_chaplygin: CPU: 1600.99%, Memory: 9.041GiB / 503.5GiB
hopeful_chaplygin: CPU: 972.65%, Memory: 9.057GiB / 503.5GiB
hopeful_chaplygin: CPU: 1585.85%, Memory: 9.134GiB / 503.5GiB
hopeful_chaplygin: CPU: 1601.08%, Memory: 9.184GiB / 503.5GiB
hopeful_chaplygin: CPU: 1604.80%, Memory: 9.216GiB / 503.5GiB
hopeful_chaplygin: CPU: 1605.82%, Memory: 9.232GiB / 503.5GiB
hopeful_chaplygin: CPU: 1601.38%, Memory: 9.246GiB / 503.5GiB
hopeful_chaplygin: CPU: 1597.59%, Memory: 9.273GiB / 503.5GiB
hopeful_chaplygin: CPU: 1360.73%, Memory: 7.878GiB / 503.5GiB
hopeful_chaplygin: CPU: 1603.84%, Memory: 7.983GiB / 503.5GiB
zealous_chatterjee: CPU: 100.09%, Memory: 2.979GiB / 503.5GiB
zealous_chatterjee: CPU: 100.11%, Memory: 5.975GiB / 503.5GiB
zealous_chatterjee: CPU: 1363.58%, Memory: 9.025GiB / 503.5GiB
zealous_chatterjee: CPU: 1601.98%, Memory: 9.028GiB / 503.5GiB
zealous_chatterjee: CPU: 1600.97%, Memory: 9.031GiB / 503.5GiB
zealous_chatterjee: CPU: 1596.94%, Memory: 9.035GiB / 503.5GiB
zealous_chatterjee: CPU: 1601.78%, Memory: 9.041GiB / 503.5GiB
zealous_chatterjee: CPU: 1075.07%, Memory: 9.062GiB / 503.5GiB
zealous_chatterjee: CPU: 1595.89%, Memory: 9.172GiB / 503.5GiB
zealous_chatterjee: CPU: 1599.48%, Memory: 9.198GiB / 503.5GiB
zealous_chatterjee: CPU: 1603.63%, Memory: 9.17GiB / 503.5GiB
zealous_chatterjee: CPU: 1599.81%, Memory: 9.233GiB / 503.5GiB
zealous_chatterjee: CPU: 1608.87%, Memory: 9.245GiB / 503.5GiB
zealous_chatterjee: CPU: 1599.46%, Memory: 9.253GiB / 503.5GiB
zealous_chatterjee: CPU: 1264.64%, Memory: 7.845GiB / 503.5GiB
zealous_chatterjee: CPU: 1597.45%, Memory: 7.976GiB / 503.5GiB
busy_bohr: CPU: 100.55%, Memory: 3.004GiB / 503.5GiB
busy_bohr: CPU: 100.24%, Memory: 5.975GiB / 503.5GiB
busy_bohr: CPU: 1411.04%, Memory: 9.024GiB / 503.5GiB
busy_bohr: CPU: 1605.20%, Memory: 9.028GiB / 503.5GiB
busy_bohr: CPU: 1599.67%, Memory: 9.033GiB / 503.5GiB
busy_bohr: CPU: 1599.94%, Memory: 9.036GiB / 503.5GiB
busy_bohr: CPU: 1602.18%, Memory: 9.041GiB / 503.5GiB
busy_bohr: CPU: 952.46%, Memory: 9.056GiB / 503.5GiB
busy_bohr: CPU: 1595.50%, Memory: 9.172GiB / 503.5GiB
busy_bohr: CPU: 1597.90%, Memory: 9.2GiB / 503.5GiB
busy_bohr: CPU: 1604.33%, Memory: 9.192GiB / 503.5GiB
busy_bohr: CPU: 1604.17%, Memory: 9.236GiB / 503.5GiB
busy_bohr: CPU: 1603.17%, Memory: 9.25GiB / 503.5GiB
busy_bohr: CPU: 1597.43%, Memory: 9.385GiB / 503.5GiB
busy_bohr: CPU: 1227.99%, Memory: 7.788GiB / 503.5GiB
busy_bohr: CPU: 1598.45%, Memory: 7.803GiB / 503.5GiB
busy_bohr: CPU: 1597.45%, Memory: 7.81GiB / 503.5GiB
priceless_sammet: CPU: 100.14%, Memory: 2.92GiB / 503.5GiB
priceless_sammet: CPU: 100.21%, Memory: 5.975GiB / 503.5GiB
priceless_sammet: CPU: 1349.86%, Memory: 9.025GiB / 503.5GiB
priceless_sammet: CPU: 1600.31%, Memory: 9.027GiB / 503.5GiB
priceless_sammet: CPU: 1595.05%, Memory: 9.031GiB / 503.5GiB
priceless_sammet: CPU: 1596.18%, Memory: 9.035GiB / 503.5GiB
priceless_sammet: CPU: 1604.35%, Memory: 9.042GiB / 503.5GiB
priceless_sammet: CPU: 1165.79%, Memory: 9.063GiB / 503.5GiB
priceless_sammet: CPU: 1592.46%, Memory: 9.175GiB / 503.5GiB
priceless_sammet: CPU: 1594.96%, Memory: 9.185GiB / 503.5GiB
priceless_sammet: CPU: 1597.02%, Memory: 9.22GiB / 503.5GiB
priceless_sammet: CPU: 1592.57%, Memory: 9.234GiB / 503.5GiB
priceless_sammet: CPU: 1595.36%, Memory: 9.245GiB / 503.5GiB
priceless_sammet: CPU: 1606.41%, Memory: 9.382GiB / 503.5GiB
priceless_sammet: CPU: 1507.85%, Memory: 8.138GiB / 503.5GiB
priceless_sammet: CPU: 1600.74%, Memory: 7.979GiB / 503.5GiB
beautiful_proskuriakova: CPU: 100.08%, Memory: 2.922GiB / 503.5GiB
beautiful_proskuriakova: CPU: 100.18%, Memory: 5.975GiB / 503.5GiB
beautiful_proskuriakova: CPU: 1363.31%, Memory: 9.025GiB / 503.5GiB
beautiful_proskuriakova: CPU: 1595.96%, Memory: 9.028GiB / 503.5GiB
beautiful_proskuriakova: CPU: 1601.26%, Memory: 9.032GiB / 503.5GiB
beautiful_proskuriakova: CPU: 1602.09%, Memory: 9.035GiB / 503.5GiB
beautiful_proskuriakova: CPU: 1601.27%, Memory: 9.041GiB / 503.5GiB
beautiful_proskuriakova: CPU: 1104.00%, Memory: 9.062GiB / 503.5GiB
beautiful_proskuriakova: CPU: 1591.80%, Memory: 9.174GiB / 503.5GiB
beautiful_proskuriakova: CPU: 1594.50%, Memory: 9.185GiB / 503.5GiB
beautiful_proskuriakova: CPU: 1594.43%, Memory: 9.219GiB / 503.5GiB
beautiful_proskuriakova: CPU: 1605.43%, Memory: 9.232GiB / 503.5GiB
beautiful_proskuriakova: CPU: 1600.82%, Memory: 9.244GiB / 503.5GiB
beautiful_proskuriakova: CPU: 1597.89%, Memory: 9.376GiB / 503.5GiB
beautiful_proskuriakova: CPU: 1599.97%, Memory: 9.036GiB / 503.5GiB
beautiful_proskuriakova: CPU: 1599.62%, Memory: 7.979GiB / 503.5GiB
sleepy_ganguly: CPU: 100.02%, Memory: 2.968GiB / 503.5GiB
sleepy_ganguly: CPU: 100.27%, Memory: 5.975GiB / 503.5GiB
sleepy_ganguly: CPU: 1383.88%, Memory: 9.024GiB / 503.5GiB
sleepy_ganguly: CPU: 1601.36%, Memory: 9.027GiB / 503.5GiB
sleepy_ganguly: CPU: 1601.54%, Memory: 9.032GiB / 503.5GiB
sleepy_ganguly: CPU: 1604.34%, Memory: 9.035GiB / 503.5GiB
sleepy_ganguly: CPU: 1599.84%, Memory: 9.041GiB / 503.5GiB
sleepy_ganguly: CPU: 903.77%, Memory: 9.058GiB / 503.5GiB
sleepy_ganguly: CPU: 1592.75%, Memory: 9.172GiB / 503.5GiB
sleepy_ganguly: CPU: 1599.55%, Memory: 9.186GiB / 503.5GiB
sleepy_ganguly: CPU: 1599.39%, Memory: 9.217GiB / 503.5GiB
sleepy_ganguly: CPU: 1594.53%, Memory: 9.195GiB / 503.5GiB
sleepy_ganguly: CPU: 1600.28%, Memory: 9.241GiB / 503.5GiB
sleepy_ganguly: CPU: 1597.31%, Memory: 9.374GiB / 503.5GiB
sleepy_ganguly: CPU: 1596.38%, Memory: 9.255GiB / 503.5GiB
sleepy_ganguly: CPU: 1603.27%, Memory: 7.985GiB / 503.5GiB
frosty_matsumoto: CPU: 100.15%, Memory: 2.968GiB / 503.5GiB
frosty_matsumoto: CPU: 100.24%, Memory: 5.975GiB / 503.5GiB
frosty_matsumoto: CPU: 1339.63%, Memory: 9.024GiB / 503.5GiB
frosty_matsumoto: CPU: 1596.64%, Memory: 9.029GiB / 503.5GiB
frosty_matsumoto: CPU: 1596.50%, Memory: 9.032GiB / 503.5GiB
frosty_matsumoto: CPU: 1604.38%, Memory: 9.036GiB / 503.5GiB
frosty_matsumoto: CPU: 1600.45%, Memory: 9.042GiB / 503.5GiB
frosty_matsumoto: CPU: 1299.74%, Memory: 9.064GiB / 503.5GiB
frosty_matsumoto: CPU: 1592.82%, Memory: 9.174GiB / 503.5GiB
frosty_matsumoto: CPU: 1596.13%, Memory: 9.197GiB / 503.5GiB
frosty_matsumoto: CPU: 1601.56%, Memory: 9.213GiB / 503.5GiB
frosty_matsumoto: CPU: 1596.72%, Memory: 9.226GiB / 503.5GiB
frosty_matsumoto: CPU: 1598.45%, Memory: 9.238GiB / 503.5GiB
frosty_matsumoto: CPU: 1600.83%, Memory: 9.251GiB / 503.5GiB
frosty_matsumoto: CPU: 1590.27%, Memory: 9.254GiB / 503.5GiB
frosty_matsumoto: CPU: 1600.06%, Memory: 7.982GiB / 503.5GiB
stoic_volhard: CPU: 100.18%, Memory: 3.098GiB / 503.5GiB
stoic_volhard: CPU: 100.30%, Memory: 5.975GiB / 503.5GiB
stoic_volhard: CPU: 1399.59%, Memory: 9.025GiB / 503.5GiB
stoic_volhard: CPU: 1604.25%, Memory: 9.029GiB / 503.5GiB
stoic_volhard: CPU: 1601.13%, Memory: 9.033GiB / 503.5GiB
stoic_volhard: CPU: 1600.72%, Memory: 9.036GiB / 503.5GiB
stoic_volhard: CPU: 1597.45%, Memory: 9.042GiB / 503.5GiB
stoic_volhard: CPU: 1597.09%, Memory: 9.126GiB / 503.5GiB
stoic_volhard: CPU: 1589.01%, Memory: 9.17GiB / 503.5GiB
stoic_volhard: CPU: 1599.67%, Memory: 9.193GiB / 503.5GiB
stoic_volhard: CPU: 1598.91%, Memory: 9.21GiB / 503.5GiB
stoic_volhard: CPU: 1601.84%, Memory: 9.228GiB / 503.5GiB
stoic_volhard: CPU: 1599.84%, Memory: 9.132GiB / 503.5GiB
stoic_volhard: CPU: 1601.80%, Memory: 9.252GiB / 503.5GiB
stoic_volhard: CPU: 1597.09%, Memory: 9.254GiB / 503.5GiB
stoic_volhard: CPU: 1599.44%, Memory: 7.978GiB / 503.5GiB
reverent_swirles: CPU: 100.39%, Memory: 2.937GiB / 503.5GiB
reverent_swirles: CPU: 100.24%, Memory: 5.975GiB / 503.5GiB
reverent_swirles: CPU: 1290.22%, Memory: 9.025GiB / 503.5GiB
reverent_swirles: CPU: 1604.28%, Memory: 9.029GiB / 503.5GiB
reverent_swirles: CPU: 1600.80%, Memory: 9.033GiB / 503.5GiB
reverent_swirles: CPU: 1600.50%, Memory: 9.036GiB / 503.5GiB
reverent_swirles: CPU: 1597.60%, Memory: 9.041GiB / 503.5GiB
reverent_swirles: CPU: 100.24%, Memory: 6.038GiB / 503.5GiB
reverent_swirles: CPU: 1587.57%, Memory: 9.129GiB / 503.5GiB
reverent_swirles: CPU: 1595.91%, Memory: 9.174GiB / 503.5GiB
reverent_swirles: CPU: 1597.20%, Memory: 9.189GiB / 503.5GiB
reverent_swirles: CPU: 1599.26%, Memory: 9.19GiB / 503.5GiB
reverent_swirles: CPU: 1595.87%, Memory: 9.191GiB / 503.5GiB
reverent_swirles: CPU: 1603.59%, Memory: 9.243GiB / 503.5GiB
reverent_swirles: CPU: 1597.06%, Memory: 9.252GiB / 503.5GiB
reverent_swirles: CPU: 1600.73%, Memory: 7.645GiB / 503.5GiB
reverent_swirles: CPU: 1603.40%, Memory: 7.983GiB / 503.5GiB
affectionate_jemison: CPU: 100.18%, Memory: 2.964GiB / 503.5GiB
affectionate_jemison: CPU: 100.12%, Memory: 5.975GiB / 503.5GiB
affectionate_jemison: CPU: 1382.34%, Memory: 9.025GiB / 503.5GiB
affectionate_jemison: CPU: 1595.38%, Memory: 9.029GiB / 503.5GiB
affectionate_jemison: CPU: 1602.40%, Memory: 9.031GiB / 503.5GiB
affectionate_jemison: CPU: 1602.95%, Memory: 9.035GiB / 503.5GiB
affectionate_jemison: CPU: 1596.47%, Memory: 9.041GiB / 503.5GiB
affectionate_jemison: CPU: 848.05%, Memory: 9.043GiB / 503.5GiB
affectionate_jemison: CPU: 1588.99%, Memory: 9.163GiB / 503.5GiB
affectionate_jemison: CPU: 1595.82%, Memory: 9.195GiB / 503.5GiB
affectionate_jemison: CPU: 1598.80%, Memory: 9.217GiB / 503.5GiB
affectionate_jemison: CPU: 1600.37%, Memory: 9.234GiB / 503.5GiB
affectionate_jemison: CPU: 1601.64%, Memory: 9.246GiB / 503.5GiB
affectionate_jemison: CPU: 1597.95%, Memory: 9.254GiB / 503.5GiB
affectionate_jemison: CPU: 1302.81%, Memory: 6.214GiB / 503.5GiB
affectionate_jemison: CPU: 1600.10%, Memory: 7.982GiB / 503.5GiB
