mystifying_lalande: CPU: 100.51%, Memory: 2.906GiB / 503.5GiB
mystifying_lalande: CPU: 100.05%, Memory: 5.975GiB / 503.5GiB
mystifying_lalande: CPU: 1269.39%, Memory: 9.024GiB / 503.5GiB
mystifying_lalande: CPU: 1600.79%, Memory: 9.028GiB / 503.5GiB
mystifying_lalande: CPU: 1596.52%, Memory: 9.032GiB / 503.5GiB
mystifying_lalande: CPU: 1604.63%, Memory: 9.035GiB / 503.5GiB
mystifying_lalande: CPU: 1601.92%, Memory: 9.04GiB / 503.5GiB
mystifying_lalande: CPU: 1266.23%, Memory: 9.061GiB / 503.5GiB
mystifying_lalande: CPU: 1590.99%, Memory: 9.172GiB / 503.5GiB
mystifying_lalande: CPU: 1599.83%, Memory: 9.199GiB / 503.5GiB
mystifying_lalande: CPU: 1600.81%, Memory: 9.205GiB / 503.5GiB
mystifying_lalande: CPU: 1601.09%, Memory: 9.233GiB / 503.5GiB
mystifying_lalande: CPU: 1602.51%, Memory: 9.209GiB / 503.5GiB
mystifying_lalande: CPU: 1591.42%, Memory: 9.328GiB / 503.5GiB
mystifying_lalande: CPU: 1379.44%, Memory: 6.212GiB / 503.5GiB
mystifying_lalande: CPU: 1597.92%, Memory: 7.8GiB / 503.5GiB
mystifying_lalande: CPU: 1594.82%, Memory: 7.809GiB / 503.5GiB
laughing_goldwasser: CPU: 99.96%, Memory: 4.713GiB / 503.5GiB
laughing_goldwasser: CPU: 100.24%, Memory: 5.975GiB / 503.5GiB
laughing_goldwasser: CPU: 1595.06%, Memory: 9.026GiB / 503.5GiB
laughing_goldwasser: CPU: 1601.21%, Memory: 9.03GiB / 503.5GiB
laughing_goldwasser: CPU: 1601.13%, Memory: 9.033GiB / 503.5GiB
laughing_goldwasser: CPU: 1598.84%, Memory: 9.037GiB / 503.5GiB
laughing_goldwasser: CPU: 1600.80%, Memory: 9.046GiB / 503.5GiB
laughing_goldwasser: CPU: 1583.20%, Memory: 9.141GiB / 503.5GiB
laughing_goldwasser: CPU: 1598.36%, Memory: 9.183GiB / 503.5GiB
laughing_goldwasser: CPU: 1602.72%, Memory: 9.207GiB / 503.5GiB
laughing_goldwasser: CPU: 1607.20%, Memory: 9.188GiB / 503.5GiB
laughing_goldwasser: CPU: 1603.34%, Memory: 9.197GiB / 503.5GiB
laughing_goldwasser: CPU: 1599.07%, Memory: 9.252GiB / 503.5GiB
laughing_goldwasser: CPU: 1599.80%, Memory: 9.388GiB / 503.5GiB
laughing_goldwasser: CPU: 1600.04%, Memory: 7.995GiB / 503.5GiB
upbeat_khorana: CPU: 100.46%, Memory: 3.192GiB / 503.5GiB
upbeat_khorana: CPU: 100.06%, Memory: 5.975GiB / 503.5GiB
upbeat_khorana: CPU: 1497.07%, Memory: 9.025GiB / 503.5GiB
upbeat_khorana: CPU: 1603.29%, Memory: 9.029GiB / 503.5GiB
upbeat_khorana: CPU: 1604.48%, Memory: 9.032GiB / 503.5GiB
upbeat_khorana: CPU: 1596.47%, Memory: 9.036GiB / 503.5GiB
upbeat_khorana: CPU: 1603.25%, Memory: 9.041GiB / 503.5GiB
upbeat_khorana: CPU: 1017.22%, Memory: 9.059GiB / 503.5GiB
upbeat_khorana: CPU: 1594.93%, Memory: 9.172GiB / 503.5GiB
upbeat_khorana: CPU: 1593.57%, Memory: 9.199GiB / 503.5GiB
upbeat_khorana: CPU: 1600.44%, Memory: 9.219GiB / 503.5GiB
upbeat_khorana: CPU: 1600.72%, Memory: 9.234GiB / 503.5GiB
upbeat_khorana: CPU: 1598.70%, Memory: 9.199GiB / 503.5GiB
upbeat_khorana: CPU: 1598.32%, Memory: 9.253GiB / 503.5GiB
upbeat_khorana: CPU: 1327.48%, Memory: 6.66GiB / 503.5GiB
upbeat_khorana: CPU: 1599.40%, Memory: 7.981GiB / 503.5GiB
peaceful_hopper: CPU: 100.51%, Memory: 2.94GiB / 503.5GiB
peaceful_hopper: CPU: 100.09%, Memory: 5.975GiB / 503.5GiB
peaceful_hopper: CPU: 1321.62%, Memory: 9.025GiB / 503.5GiB
peaceful_hopper: CPU: 1600.12%, Memory: 9.029GiB / 503.5GiB
peaceful_hopper: CPU: 1603.18%, Memory: 9.033GiB / 503.5GiB
peaceful_hopper: CPU: 1600.06%, Memory: 9.036GiB / 503.5GiB
peaceful_hopper: CPU: 1604.57%, Memory: 9.042GiB / 503.5GiB
peaceful_hopper: CPU: 1501.07%, Memory: 9.068GiB / 503.5GiB
peaceful_hopper: CPU: 1594.98%, Memory: 9.176GiB / 503.5GiB
peaceful_hopper: CPU: 1592.43%, Memory: 9.202GiB / 503.5GiB
peaceful_hopper: CPU: 1603.05%, Memory: 9.22GiB / 503.5GiB
peaceful_hopper: CPU: 1599.82%, Memory: 9.235GiB / 503.5GiB
peaceful_hopper: CPU: 1593.94%, Memory: 9.247GiB / 503.5GiB
peaceful_hopper: CPU: 1596.61%, Memory: 9.252GiB / 503.5GiB
peaceful_hopper: CPU: 1599.81%, Memory: 9.254GiB / 503.5GiB
peaceful_hopper: CPU: 1601.09%, Memory: 7.98GiB / 503.5GiB
cranky_panini: CPU: 100.15%, Memory: 2.967GiB / 503.5GiB
cranky_panini: CPU: 99.75%, Memory: 5.975GiB / 503.5GiB
cranky_panini: CPU: 1390.07%, Memory: 9.025GiB / 503.5GiB
cranky_panini: CPU: 1600.84%, Memory: 9.028GiB / 503.5GiB
cranky_panini: CPU: 1603.12%, Memory: 9.032GiB / 503.5GiB
cranky_panini: CPU: 1602.20%, Memory: 9.035GiB / 503.5GiB
cranky_panini: CPU: 1601.20%, Memory: 9.041GiB / 503.5GiB
cranky_panini: CPU: 1100.50%, Memory: 9.062GiB / 503.5GiB
cranky_panini: CPU: 1600.28%, Memory: 9.172GiB / 503.5GiB
cranky_panini: CPU: 1597.41%, Memory: 9.197GiB / 503.5GiB
cranky_panini: CPU: 1602.35%, Memory: 9.215GiB / 503.5GiB
cranky_panini: CPU: 1601.32%, Memory: 9.229GiB / 503.5GiB
cranky_panini: CPU: 1599.93%, Memory: 9.241GiB / 503.5GiB
cranky_panini: CPU: 1600.43%, Memory: 9.376GiB / 503.5GiB
cranky_panini: CPU: 1601.29%, Memory: 9.301GiB / 503.5GiB
cranky_panini: CPU: 1600.51%, Memory: 7.982GiB / 503.5GiB
unruffled_shirley: CPU: 100.18%, Memory: 4.522GiB / 503.5GiB
unruffled_shirley: CPU: 100.40%, Memory: 5.975GiB / 503.5GiB
unruffled_shirley: CPU: 1601.41%, Memory: 9.025GiB / 503.5GiB
unruffled_shirley: CPU: 1601.22%, Memory: 9.03GiB / 503.5GiB
unruffled_shirley: CPU: 1601.32%, Memory: 9.033GiB / 503.5GiB
unruffled_shirley: CPU: 1595.76%, Memory: 9.037GiB / 503.5GiB
unruffled_shirley: CPU: 1600.81%, Memory: 9.048GiB / 503.5GiB
unruffled_shirley: CPU: 1577.95%, Memory: 9.153GiB / 503.5GiB
unruffled_shirley: CPU: 1601.03%, Memory: 9.118GiB / 503.5GiB
unruffled_shirley: CPU: 1598.57%, Memory: 9.21GiB / 503.5GiB
unruffled_shirley: CPU: 1594.86%, Memory: 9.217GiB / 503.5GiB
unruffled_shirley: CPU: 1598.47%, Memory: 9.196GiB / 503.5GiB
unruffled_shirley: CPU: 1596.90%, Memory: 9.245GiB / 503.5GiB
unruffled_shirley: CPU: 1605.95%, Memory: 9.254GiB / 503.5GiB
unruffled_shirley: CPU: 1288.69%, Memory: 7.98GiB / 503.5GiB
unruffled_shirley: CPU: 1271.41%, Memory: 7.98GiB / 503.5GiB
silly_cannon: CPU: 100.55%, Memory: 2.928GiB / 503.5GiB
silly_cannon: CPU: 100.24%, Memory: 5.975GiB / 503.5GiB
silly_cannon: CPU: 1312.77%, Memory: 9.025GiB / 503.5GiB
silly_cannon: CPU: 1601.46%, Memory: 9.029GiB / 503.5GiB
silly_cannon: CPU: 1602.12%, Memory: 9.031GiB / 503.5GiB
silly_cannon: CPU: 1596.27%, Memory: 9.035GiB / 503.5GiB
silly_cannon: CPU: 1601.29%, Memory: 9.041GiB / 503.5GiB
silly_cannon: CPU: 974.41%, Memory: 9.053GiB / 503.5GiB
silly_cannon: CPU: 1589.93%, Memory: 9.172GiB / 503.5GiB
silly_cannon: CPU: 1605.67%, Memory: 9.166GiB / 503.5GiB
silly_cannon: CPU: 1604.56%, Memory: 9.191GiB / 503.5GiB
silly_cannon: CPU: 1596.17%, Memory: 9.231GiB / 503.5GiB
silly_cannon: CPU: 1589.44%, Memory: 9.244GiB / 503.5GiB
silly_cannon: CPU: 1600.48%, Memory: 9.253GiB / 503.5GiB
silly_cannon: CPU: 1599.31%, Memory: 9.255GiB / 503.5GiB
silly_cannon: CPU: 1603.52%, Memory: 7.982GiB / 503.5GiB
gracious_dewdney: CPU: 100.18%, Memory: 3.802GiB / 503.5GiB
gracious_dewdney: CPU: 100.24%, Memory: 5.975GiB / 503.5GiB
gracious_dewdney: CPU: 100.12%, Memory: 5.975GiB / 503.5GiB
gracious_dewdney: CPU: 1594.21%, Memory: 9.027GiB / 503.5GiB
gracious_dewdney: CPU: 1601.11%, Memory: 9.03GiB / 503.5GiB
gracious_dewdney: CPU: 1601.67%, Memory: 9.033GiB / 503.5GiB
gracious_dewdney: CPU: 1599.50%, Memory: 9.038GiB / 503.5GiB
gracious_dewdney: CPU: 1604.26%, Memory: 9.049GiB / 503.5GiB
gracious_dewdney: CPU: 1587.63%, Memory: 9.152GiB / 503.5GiB
gracious_dewdney: CPU: 1596.43%, Memory: 9.181GiB / 503.5GiB
gracious_dewdney: CPU: 1598.74%, Memory: 9.204GiB / 503.5GiB
gracious_dewdney: CPU: 1596.58%, Memory: 9.22GiB / 503.5GiB
gracious_dewdney: CPU: 1593.13%, Memory: 9.235GiB / 503.5GiB
gracious_dewdney: CPU: 1598.54%, Memory: 9.247GiB / 503.5GiB
gracious_dewdney: CPU: 1598.34%, Memory: 9.255GiB / 503.5GiB
gracious_dewdney: CPU: 1366.10%, Memory: 7.98GiB / 503.5GiB
gracious_dewdney: CPU: 1570.21%, Memory: 7.98GiB / 503.5GiB
thirsty_varahamihira: CPU: 100.08%, Memory: 2.952GiB / 503.5GiB
thirsty_varahamihira: CPU: 100.24%, Memory: 5.975GiB / 503.5GiB
thirsty_varahamihira: CPU: 1396.03%, Memory: 9.025GiB / 503.5GiB
thirsty_varahamihira: CPU: 1602.15%, Memory: 9.029GiB / 503.5GiB
thirsty_varahamihira: CPU: 1606.79%, Memory: 9.032GiB / 503.5GiB
thirsty_varahamihira: CPU: 1602.33%, Memory: 9.036GiB / 503.5GiB
thirsty_varahamihira: CPU: 1600.59%, Memory: 9.042GiB / 503.5GiB
thirsty_varahamihira: CPU: 1601.42%, Memory: 9.069GiB / 503.5GiB
thirsty_varahamihira: CPU: 1593.69%, Memory: 9.171GiB / 503.5GiB
thirsty_varahamihira: CPU: 1592.44%, Memory: 9.156GiB / 503.5GiB
thirsty_varahamihira: CPU: 1598.79%, Memory: 9.211GiB / 503.5GiB
thirsty_varahamihira: CPU: 1601.76%, Memory: 9.228GiB / 503.5GiB
thirsty_varahamihira: CPU: 1597.14%, Memory: 9.243GiB / 503.5GiB
thirsty_varahamihira: CPU: 1599.33%, Memory: 9.251GiB / 503.5GiB
thirsty_varahamihira: CPU: 1596.76%, Memory: 9.254GiB / 503.5GiB
thirsty_varahamihira: CPU: 1600.53%, Memory: 7.982GiB / 503.5GiB
youthful_greider: CPU: 100.11%, Memory: 3.036GiB / 503.5GiB
youthful_greider: CPU: 100.34%, Memory: 5.975GiB / 503.5GiB
youthful_greider: CPU: 1444.57%, Memory: 9.024GiB / 503.5GiB
youthful_greider: CPU: 1603.35%, Memory: 9.028GiB / 503.5GiB
youthful_greider: CPU: 1600.47%, Memory: 9.031GiB / 503.5GiB
youthful_greider: CPU: 1600.23%, Memory: 9.035GiB / 503.5GiB
youthful_greider: CPU: 1601.49%, Memory: 9.041GiB / 503.5GiB
youthful_greider: CPU: 566.74%, Memory: 7.497GiB / 503.5GiB
youthful_greider: CPU: 1593.10%, Memory: 9.164GiB / 503.5GiB
youthful_greider: CPU: 1593.09%, Memory: 9.19GiB / 503.5GiB
youthful_greider: CPU: 1593.61%, Memory: 9.139GiB / 503.5GiB
youthful_greider: CPU: 1602.28%, Memory: 9.226GiB / 503.5GiB
youthful_greider: CPU: 1597.54%, Memory: 9.239GiB / 503.5GiB
youthful_greider: CPU: 1593.02%, Memory: 9.252GiB / 503.5GiB
youthful_greider: CPU: 1604.82%, Memory: 9.254GiB / 503.5GiB
youthful_greider: CPU: 1528.89%, Memory: 7.982GiB / 503.5GiB
