inspiring_meninsky: CPU: 100.18%, Memory: 1.192GiB / 503.5GiB
inspiring_meninsky: CPU: 100.30%, Memory: 3.916GiB / 503.5GiB
inspiring_meninsky: CPU: 100.07%, Memory: 5.986GiB / 503.5GiB
inspiring_meninsky: CPU: 100.18%, Memory: 3.638GiB / 503.5GiB
inspiring_meninsky: CPU: 1904.80%, Memory: 6.064GiB / 503.5GiB
inspiring_meninsky: CPU: 3201.69%, Memory: 6.063GiB / 503.5GiB
inspiring_meninsky: CPU: 100.12%, Memory: 9.047GiB / 503.5GiB
inspiring_meninsky: CPU: 99.93%, Memory: 7.554GiB / 503.5GiB
inspiring_meninsky: CPU: 100.15%, Memory: 9.7GiB / 503.5GiB
inspiring_meninsky: CPU: 100.21%, Memory: 10.86GiB / 503.5GiB
inspiring_meninsky: CPU: 100.15%, Memory: 12.03GiB / 503.5GiB
inspiring_meninsky: CPU: 3185.51%, Memory: 12.13GiB / 503.5GiB
inspiring_meninsky: CPU: 3197.33%, Memory: 12.13GiB / 503.5GiB
inspiring_meninsky: CPU: 3198.45%, Memory: 12.13GiB / 503.5GiB
inspiring_meninsky: CPU: 3197.52%, Memory: 12.13GiB / 503.5GiB
inspiring_meninsky: CPU: 3199.32%, Memory: 12.13GiB / 503.5GiB
inspiring_meninsky: CPU: 3197.84%, Memory: 12.13GiB / 503.5GiB
inspiring_meninsky: CPU: 3211.43%, Memory: 12.13GiB / 503.5GiB
inspiring_meninsky: CPU: 1229.37%, Memory: 13.84GiB / 503.5GiB
inspiring_meninsky: CPU: 100.09%, Memory: 15.12GiB / 503.5GiB
inspiring_meninsky: CPU: 100.02%, Memory: 13.42GiB / 503.5GiB
inspiring_meninsky: CPU: 2963.35%, Memory: 15.12GiB / 503.5GiB
inspiring_meninsky: CPU: 3029.48%, Memory: 15.12GiB / 503.5GiB
inspiring_meninsky: CPU: 3194.93%, Memory: 15.12GiB / 503.5GiB
inspiring_meninsky: CPU: 3211.48%, Memory: 15.12GiB / 503.5GiB
inspiring_meninsky: CPU: 3197.45%, Memory: 15.12GiB / 503.5GiB
inspiring_meninsky: CPU: 3194.17%, Memory: 15.12GiB / 503.5GiB
inspiring_meninsky: CPU: 3203.72%, Memory: 15.12GiB / 503.5GiB
inspiring_meninsky: CPU: 3197.05%, Memory: 15.12GiB / 503.5GiB
inspiring_meninsky: CPU: 3183.83%, Memory: 15.12GiB / 503.5GiB
inspiring_meninsky: CPU: 3197.92%, Memory: 15.12GiB / 503.5GiB
inspiring_meninsky: CPU: 185.85%, Memory: 18.1GiB / 503.5GiB
inspiring_meninsky: CPU: 100.14%, Memory: 18.1GiB / 503.5GiB
inspiring_meninsky: CPU: 796.78%, Memory: 9.066GiB / 503.5GiB
inspiring_meninsky: CPU: 3096.20%, Memory: 9.064GiB / 503.5GiB
inspiring_meninsky: CPU: 3182.34%, Memory: 9.064GiB / 503.5GiB
inspiring_meninsky: CPU: 3208.39%, Memory: 9.063GiB / 503.5GiB
inspiring_meninsky: CPU: 3196.87%, Memory: 9.063GiB / 503.5GiB
inspiring_meninsky: CPU: 3195.33%, Memory: 9.063GiB / 503.5GiB
inspiring_meninsky: CPU: 114.51%, Memory: 11.67GiB / 503.5GiB
inspiring_meninsky: CPU: 100.06%, Memory: 6.388GiB / 503.5GiB
thirsty_hoover: CPU: 100.12%, Memory: 1.345GiB / 503.5GiB
thirsty_hoover: CPU: 100.24%, Memory: 4.011GiB / 503.5GiB
thirsty_hoover: CPU: 100.11%, Memory: 3.462GiB / 503.5GiB
thirsty_hoover: CPU: 100.18%, Memory: 3.95GiB / 503.5GiB
thirsty_hoover: CPU: 2880.87%, Memory: 6.064GiB / 503.5GiB
thirsty_hoover: CPU: 1653.30%, Memory: 7.548GiB / 503.5GiB
thirsty_hoover: CPU: 100.14%, Memory: 9.048GiB / 503.5GiB
thirsty_hoover: CPU: 100.04%, Memory: 7.043GiB / 503.5GiB
thirsty_hoover: CPU: 100.14%, Memory: 9.52GiB / 503.5GiB
thirsty_hoover: CPU: 100.14%, Memory: 10.71GiB / 503.5GiB
thirsty_hoover: CPU: 100.12%, Memory: 11.9GiB / 503.5GiB
thirsty_hoover: CPU: 3197.12%, Memory: 12.13GiB / 503.5GiB
thirsty_hoover: CPU: 3186.30%, Memory: 12.13GiB / 503.5GiB
thirsty_hoover: CPU: 3195.50%, Memory: 12.13GiB / 503.5GiB
thirsty_hoover: CPU: 3189.32%, Memory: 12.13GiB / 503.5GiB
thirsty_hoover: CPU: 3197.23%, Memory: 12.13GiB / 503.5GiB
thirsty_hoover: CPU: 3178.93%, Memory: 12.13GiB / 503.5GiB
thirsty_hoover: CPU: 3196.28%, Memory: 12.13GiB / 503.5GiB
thirsty_hoover: CPU: 3161.07%, Memory: 12.13GiB / 503.5GiB
thirsty_hoover: CPU: 100.45%, Memory: 15.12GiB / 503.5GiB
thirsty_hoover: CPU: 100.12%, Memory: 12.2GiB / 503.5GiB
thirsty_hoover: CPU: 481.25%, Memory: 15.12GiB / 503.5GiB
thirsty_hoover: CPU: 3184.27%, Memory: 15.12GiB / 503.5GiB
thirsty_hoover: CPU: 3161.78%, Memory: 15.12GiB / 503.5GiB
thirsty_hoover: CPU: 3196.94%, Memory: 15.12GiB / 503.5GiB
thirsty_hoover: CPU: 3205.06%, Memory: 15.12GiB / 503.5GiB
thirsty_hoover: CPU: 3207.08%, Memory: 15.12GiB / 503.5GiB
thirsty_hoover: CPU: 3162.35%, Memory: 15.12GiB / 503.5GiB
thirsty_hoover: CPU: 3185.61%, Memory: 15.12GiB / 503.5GiB
thirsty_hoover: CPU: 3197.97%, Memory: 15.12GiB / 503.5GiB
thirsty_hoover: CPU: 3196.52%, Memory: 15.12GiB / 503.5GiB
thirsty_hoover: CPU: 100.02%, Memory: 18.1GiB / 503.5GiB
thirsty_hoover: CPU: 293.24%, Memory: 9.063GiB / 503.5GiB
thirsty_hoover: CPU: 3126.62%, Memory: 9.063GiB / 503.5GiB
thirsty_hoover: CPU: 3049.26%, Memory: 9.063GiB / 503.5GiB
thirsty_hoover: CPU: 3164.97%, Memory: 9.063GiB / 503.5GiB
thirsty_hoover: CPU: 3196.64%, Memory: 9.063GiB / 503.5GiB
thirsty_hoover: CPU: 3194.71%, Memory: 9.063GiB / 503.5GiB
thirsty_hoover: CPU: 3194.18%, Memory: 9.063GiB / 503.5GiB
thirsty_hoover: CPU: 99.70%, Memory: 12.13GiB / 503.5GiB
thirsty_hoover: CPU: 100.08%, Memory: 9.519GiB / 503.5GiB
wizardly_villani: CPU: 100.18%, Memory: 1.329GiB / 503.5GiB
wizardly_villani: CPU: 100.33%, Memory: 3.912GiB / 503.5GiB
wizardly_villani: CPU: 100.17%, Memory: 3.152GiB / 503.5GiB
wizardly_villani: CPU: 99.68%, Memory: 3.723GiB / 503.5GiB
wizardly_villani: CPU: 2281.17%, Memory: 6.064GiB / 503.5GiB
wizardly_villani: CPU: 3195.34%, Memory: 6.063GiB / 503.5GiB
wizardly_villani: CPU: 100.08%, Memory: 9.048GiB / 503.5GiB
wizardly_villani: CPU: 100.11%, Memory: 7.166GiB / 503.5GiB
wizardly_villani: CPU: 99.86%, Memory: 9.554GiB / 503.5GiB
wizardly_villani: CPU: 100.15%, Memory: 10.71GiB / 503.5GiB
wizardly_villani: CPU: 100.11%, Memory: 11.87GiB / 503.5GiB
wizardly_villani: CPU: 3196.96%, Memory: 12.13GiB / 503.5GiB
wizardly_villani: CPU: 3209.83%, Memory: 12.13GiB / 503.5GiB
wizardly_villani: CPU: 3210.22%, Memory: 12.13GiB / 503.5GiB
wizardly_villani: CPU: 3210.18%, Memory: 12.13GiB / 503.5GiB
wizardly_villani: CPU: 3197.04%, Memory: 12.13GiB / 503.5GiB
wizardly_villani: CPU: 3137.86%, Memory: 12.13GiB / 503.5GiB
wizardly_villani: CPU: 3196.48%, Memory: 12.13GiB / 503.5GiB
wizardly_villani: CPU: 3206.82%, Memory: 12.13GiB / 503.5GiB
wizardly_villani: CPU: 537.46%, Memory: 14.22GiB / 503.5GiB
wizardly_villani: CPU: 100.15%, Memory: 15.12GiB / 503.5GiB
wizardly_villani: CPU: 99.90%, Memory: 12GiB / 503.5GiB
wizardly_villani: CPU: 185.79%, Memory: 15.12GiB / 503.5GiB
wizardly_villani: CPU: 3186.54%, Memory: 15.12GiB / 503.5GiB
wizardly_villani: CPU: 3182.60%, Memory: 15.12GiB / 503.5GiB
wizardly_villani: CPU: 3176.59%, Memory: 15.12GiB / 503.5GiB
wizardly_villani: CPU: 3185.65%, Memory: 15.12GiB / 503.5GiB
wizardly_villani: CPU: 3186.78%, Memory: 15.12GiB / 503.5GiB
wizardly_villani: CPU: 3193.94%, Memory: 15.12GiB / 503.5GiB
wizardly_villani: CPU: 3194.48%, Memory: 15.12GiB / 503.5GiB
wizardly_villani: CPU: 3198.01%, Memory: 15.12GiB / 503.5GiB
wizardly_villani: CPU: 1714.03%, Memory: 15.12GiB / 503.5GiB
wizardly_villani: CPU: 100.12%, Memory: 18.1GiB / 503.5GiB
wizardly_villani: CPU: 882.45%, Memory: 9.065GiB / 503.5GiB
wizardly_villani: CPU: 3088.38%, Memory: 9.064GiB / 503.5GiB
wizardly_villani: CPU: 3089.96%, Memory: 9.064GiB / 503.5GiB
wizardly_villani: CPU: 3195.92%, Memory: 9.064GiB / 503.5GiB
wizardly_villani: CPU: 3176.69%, Memory: 9.063GiB / 503.5GiB
wizardly_villani: CPU: 3194.32%, Memory: 9.063GiB / 503.5GiB
wizardly_villani: CPU: 3195.82%, Memory: 9.063GiB / 503.5GiB
wizardly_villani: CPU: 100.12%, Memory: 14.14GiB / 503.5GiB
goofy_proskuriakova: CPU: 100.05%, Memory: 1.249GiB / 503.5GiB
goofy_proskuriakova: CPU: 100.27%, Memory: 3.997GiB / 503.5GiB
goofy_proskuriakova: CPU: 99.77%, Memory: 3.406GiB / 503.5GiB
goofy_proskuriakova: CPU: 100.15%, Memory: 3.912GiB / 503.5GiB
goofy_proskuriakova: CPU: 2708.29%, Memory: 6.064GiB / 503.5GiB
goofy_proskuriakova: CPU: 2302.07%, Memory: 7.173GiB / 503.5GiB
goofy_proskuriakova: CPU: 100.08%, Memory: 9.048GiB / 503.5GiB
goofy_proskuriakova: CPU: 99.72%, Memory: 6.495GiB / 503.5GiB
goofy_proskuriakova: CPU: 100.05%, Memory: 9.293GiB / 503.5GiB
goofy_proskuriakova: CPU: 100.11%, Memory: 10.45GiB / 503.5GiB
goofy_proskuriakova: CPU: 100.18%, Memory: 11.61GiB / 503.5GiB
goofy_proskuriakova: CPU: 3196.49%, Memory: 12.13GiB / 503.5GiB
goofy_proskuriakova: CPU: 3204.79%, Memory: 12.13GiB / 503.5GiB
goofy_proskuriakova: CPU: 3197.42%, Memory: 12.13GiB / 503.5GiB
goofy_proskuriakova: CPU: 3197.21%, Memory: 12.13GiB / 503.5GiB
goofy_proskuriakova: CPU: 3199.99%, Memory: 12.13GiB / 503.5GiB
goofy_proskuriakova: CPU: 3185.89%, Memory: 12.13GiB / 503.5GiB
goofy_proskuriakova: CPU: 3195.55%, Memory: 12.13GiB / 503.5GiB
goofy_proskuriakova: CPU: 3170.63%, Memory: 12.13GiB / 503.5GiB
goofy_proskuriakova: CPU: 101.04%, Memory: 15.12GiB / 503.5GiB
goofy_proskuriakova: CPU: 100.08%, Memory: 9.756GiB / 503.5GiB
goofy_proskuriakova: CPU: 100.11%, Memory: 14.13GiB / 503.5GiB
goofy_proskuriakova: CPU: 3195.39%, Memory: 15.12GiB / 503.5GiB
goofy_proskuriakova: CPU: 3189.75%, Memory: 15.12GiB / 503.5GiB
goofy_proskuriakova: CPU: 3182.30%, Memory: 15.12GiB / 503.5GiB
goofy_proskuriakova: CPU: 3175.93%, Memory: 15.12GiB / 503.5GiB
goofy_proskuriakova: CPU: 3198.81%, Memory: 15.12GiB / 503.5GiB
goofy_proskuriakova: CPU: 3198.00%, Memory: 15.12GiB / 503.5GiB
goofy_proskuriakova: CPU: 3197.23%, Memory: 15.12GiB / 503.5GiB
goofy_proskuriakova: CPU: 3196.66%, Memory: 15.12GiB / 503.5GiB
goofy_proskuriakova: CPU: 1691.88%, Memory: 17.12GiB / 503.5GiB
goofy_proskuriakova: CPU: 100.08%, Memory: 18.1GiB / 503.5GiB
goofy_proskuriakova: CPU: 2627.95%, Memory: 9.065GiB / 503.5GiB
goofy_proskuriakova: CPU: 3071.34%, Memory: 9.064GiB / 503.5GiB
goofy_proskuriakova: CPU: 3073.93%, Memory: 9.064GiB / 503.5GiB
goofy_proskuriakova: CPU: 3116.38%, Memory: 9.064GiB / 503.5GiB
goofy_proskuriakova: CPU: 3195.70%, Memory: 9.063GiB / 503.5GiB
goofy_proskuriakova: CPU: 3194.96%, Memory: 9.063GiB / 503.5GiB
goofy_proskuriakova: CPU: 3187.99%, Memory: 9.063GiB / 503.5GiB
goofy_proskuriakova: CPU: 100.08%, Memory: 13.54GiB / 503.5GiB
blissful_elgamal: CPU: 100.61%, Memory: 1.192GiB / 503.5GiB
blissful_elgamal: CPU: 100.34%, Memory: 3.951GiB / 503.5GiB
blissful_elgamal: CPU: 100.06%, Memory: 3.287GiB / 503.5GiB
blissful_elgamal: CPU: 99.66%, Memory: 3.833GiB / 503.5GiB
blissful_elgamal: CPU: 2475.73%, Memory: 6.064GiB / 503.5GiB
blissful_elgamal: CPU: 3202.29%, Memory: 6.064GiB / 503.5GiB
blissful_elgamal: CPU: 100.05%, Memory: 9.048GiB / 503.5GiB
blissful_elgamal: CPU: 100.12%, Memory: 7.615GiB / 503.5GiB
blissful_elgamal: CPU: 100.02%, Memory: 9.709GiB / 503.5GiB
blissful_elgamal: CPU: 100.08%, Memory: 10.86GiB / 503.5GiB
blissful_elgamal: CPU: 99.68%, Memory: 12.01GiB / 503.5GiB
blissful_elgamal: CPU: 3196.15%, Memory: 12.13GiB / 503.5GiB
blissful_elgamal: CPU: 3195.66%, Memory: 12.13GiB / 503.5GiB
blissful_elgamal: CPU: 3208.67%, Memory: 12.13GiB / 503.5GiB
blissful_elgamal: CPU: 3195.92%, Memory: 12.13GiB / 503.5GiB
blissful_elgamal: CPU: 3208.46%, Memory: 12.13GiB / 503.5GiB
blissful_elgamal: CPU: 3190.62%, Memory: 12.13GiB / 503.5GiB
blissful_elgamal: CPU: 3208.48%, Memory: 12.13GiB / 503.5GiB
blissful_elgamal: CPU: 1882.14%, Memory: 12.67GiB / 503.5GiB
blissful_elgamal: CPU: 100.18%, Memory: 15.12GiB / 503.5GiB
blissful_elgamal: CPU: 100.02%, Memory: 13.17GiB / 503.5GiB
blissful_elgamal: CPU: 2945.91%, Memory: 15.12GiB / 503.5GiB
blissful_elgamal: CPU: 3209.62%, Memory: 15.12GiB / 503.5GiB
blissful_elgamal: CPU: 3196.86%, Memory: 15.12GiB / 503.5GiB
blissful_elgamal: CPU: 3195.99%, Memory: 15.12GiB / 503.5GiB
blissful_elgamal: CPU: 3195.17%, Memory: 15.12GiB / 503.5GiB
blissful_elgamal: CPU: 3204.51%, Memory: 15.12GiB / 503.5GiB
blissful_elgamal: CPU: 3195.66%, Memory: 15.12GiB / 503.5GiB
blissful_elgamal: CPU: 3196.00%, Memory: 15.12GiB / 503.5GiB
blissful_elgamal: CPU: 299.16%, Memory: 18.1GiB / 503.5GiB
blissful_elgamal: CPU: 100.11%, Memory: 18.1GiB / 503.5GiB
blissful_elgamal: CPU: 1561.86%, Memory: 9.066GiB / 503.5GiB
blissful_elgamal: CPU: 3130.57%, Memory: 9.063GiB / 503.5GiB
blissful_elgamal: CPU: 3109.32%, Memory: 9.063GiB / 503.5GiB
blissful_elgamal: CPU: 3094.86%, Memory: 9.063GiB / 503.5GiB
blissful_elgamal: CPU: 3070.89%, Memory: 9.063GiB / 503.5GiB
blissful_elgamal: CPU: 3171.96%, Memory: 9.063GiB / 503.5GiB
blissful_elgamal: CPU: 3196.02%, Memory: 9.063GiB / 503.5GiB
blissful_elgamal: CPU: 100.17%, Memory: 15.12GiB / 503.5GiB
ecstatic_tesla: CPU: 104.38%, Memory: 1.189GiB / 503.5GiB
ecstatic_tesla: CPU: 100.32%, Memory: 3.942GiB / 503.5GiB
ecstatic_tesla: CPU: 99.69%, Memory: 3.242GiB / 503.5GiB
ecstatic_tesla: CPU: 99.96%, Memory: 3.762GiB / 503.5GiB
ecstatic_tesla: CPU: 2347.51%, Memory: 6.064GiB / 503.5GiB
ecstatic_tesla: CPU: 3209.27%, Memory: 6.063GiB / 503.5GiB
ecstatic_tesla: CPU: 100.15%, Memory: 9.049GiB / 503.5GiB
ecstatic_tesla: CPU: 99.78%, Memory: 7.21GiB / 503.5GiB
ecstatic_tesla: CPU: 100.10%, Memory: 9.553GiB / 503.5GiB
ecstatic_tesla: CPU: 100.13%, Memory: 10.71GiB / 503.5GiB
ecstatic_tesla: CPU: 100.12%, Memory: 11.85GiB / 503.5GiB
ecstatic_tesla: CPU: 3197.77%, Memory: 12.13GiB / 503.5GiB
ecstatic_tesla: CPU: 3210.56%, Memory: 12.13GiB / 503.5GiB
ecstatic_tesla: CPU: 3196.86%, Memory: 12.13GiB / 503.5GiB
ecstatic_tesla: CPU: 3197.95%, Memory: 12.13GiB / 503.5GiB
ecstatic_tesla: CPU: 3195.77%, Memory: 12.13GiB / 503.5GiB
ecstatic_tesla: CPU: 3208.99%, Memory: 12.13GiB / 503.5GiB
ecstatic_tesla: CPU: 3180.97%, Memory: 12.13GiB / 503.5GiB
ecstatic_tesla: CPU: 3196.49%, Memory: 12.13GiB / 503.5GiB
ecstatic_tesla: CPU: 100.15%, Memory: 15.12GiB / 503.5GiB
ecstatic_tesla: CPU: 99.78%, Memory: 12.32GiB / 503.5GiB
ecstatic_tesla: CPU: 1029.26%, Memory: 15.12GiB / 503.5GiB
ecstatic_tesla: CPU: 3146.76%, Memory: 15.12GiB / 503.5GiB
ecstatic_tesla: CPU: 3097.40%, Memory: 15.12GiB / 503.5GiB
ecstatic_tesla: CPU: 3202.53%, Memory: 15.12GiB / 503.5GiB
ecstatic_tesla: CPU: 3195.80%, Memory: 15.12GiB / 503.5GiB
ecstatic_tesla: CPU: 3213.13%, Memory: 15.12GiB / 503.5GiB
ecstatic_tesla: CPU: 3191.51%, Memory: 15.12GiB / 503.5GiB
ecstatic_tesla: CPU: 3196.57%, Memory: 15.12GiB / 503.5GiB
ecstatic_tesla: CPU: 3198.57%, Memory: 15.12GiB / 503.5GiB
ecstatic_tesla: CPU: 3191.03%, Memory: 15.12GiB / 503.5GiB
ecstatic_tesla: CPU: 523.25%, Memory: 18.1GiB / 503.5GiB
ecstatic_tesla: CPU: 100.18%, Memory: 12.48GiB / 503.5GiB
ecstatic_tesla: CPU: 3195.69%, Memory: 9.064GiB / 503.5GiB
ecstatic_tesla: CPU: 3184.69%, Memory: 9.064GiB / 503.5GiB
ecstatic_tesla: CPU: 3090.86%, Memory: 9.063GiB / 503.5GiB
ecstatic_tesla: CPU: 3082.74%, Memory: 9.063GiB / 503.5GiB
ecstatic_tesla: CPU: 3085.68%, Memory: 9.063GiB / 503.5GiB
ecstatic_tesla: CPU: 3125.56%, Memory: 9.063GiB / 503.5GiB
ecstatic_tesla: CPU: 99.83%, Memory: 11.77GiB / 503.5GiB
ecstatic_tesla: CPU: 100.97%, Memory: 67.47MiB / 503.5GiB
awesome_benz: CPU: 100.40%, Memory: 1.592GiB / 503.5GiB
awesome_benz: CPU: 100.15%, Memory: 4.257GiB / 503.5GiB
awesome_benz: CPU: 100.02%, Memory: 3.899GiB / 503.5GiB
awesome_benz: CPU: 100.09%, Memory: 4.161GiB / 503.5GiB
awesome_benz: CPU: 3145.95%, Memory: 6.063GiB / 503.5GiB
awesome_benz: CPU: 3185.55%, Memory: 6.063GiB / 503.5GiB
awesome_benz: CPU: 100.15%, Memory: 9.049GiB / 503.5GiB
awesome_benz: CPU: 100.06%, Memory: 7.843GiB / 503.5GiB
awesome_benz: CPU: 100.15%, Memory: 9.795GiB / 503.5GiB
awesome_benz: CPU: 99.66%, Memory: 10.96GiB / 503.5GiB
awesome_benz: CPU: 101.88%, Memory: 12.12GiB / 503.5GiB
awesome_benz: CPU: 3098.18%, Memory: 12.13GiB / 503.5GiB
awesome_benz: CPU: 3168.66%, Memory: 12.13GiB / 503.5GiB
awesome_benz: CPU: 3196.50%, Memory: 12.13GiB / 503.5GiB
awesome_benz: CPU: 3196.23%, Memory: 12.13GiB / 503.5GiB
awesome_benz: CPU: 3194.04%, Memory: 12.13GiB / 503.5GiB
awesome_benz: CPU: 3209.61%, Memory: 12.13GiB / 503.5GiB
awesome_benz: CPU: 3089.37%, Memory: 12.13GiB / 503.5GiB
awesome_benz: CPU: 3178.93%, Memory: 12.13GiB / 503.5GiB
awesome_benz: CPU: 148.02%, Memory: 15.12GiB / 503.5GiB
awesome_benz: CPU: 100.11%, Memory: 13.08GiB / 503.5GiB
awesome_benz: CPU: 100.14%, Memory: 13.74GiB / 503.5GiB
awesome_benz: CPU: 3193.58%, Memory: 15.12GiB / 503.5GiB
awesome_benz: CPU: 3081.29%, Memory: 15.12GiB / 503.5GiB
awesome_benz: CPU: 3087.79%, Memory: 15.12GiB / 503.5GiB
awesome_benz: CPU: 3096.62%, Memory: 15.12GiB / 503.5GiB
awesome_benz: CPU: 3112.42%, Memory: 15.12GiB / 503.5GiB
awesome_benz: CPU: 3196.06%, Memory: 15.12GiB / 503.5GiB
awesome_benz: CPU: 3171.03%, Memory: 15.12GiB / 503.5GiB
awesome_benz: CPU: 3177.32%, Memory: 15.12GiB / 503.5GiB
awesome_benz: CPU: 3071.88%, Memory: 15.12GiB / 503.5GiB
awesome_benz: CPU: 131.73%, Memory: 18.1GiB / 503.5GiB
awesome_benz: CPU: 100.14%, Memory: 6.526GiB / 503.5GiB
awesome_benz: CPU: 3196.26%, Memory: 9.064GiB / 503.5GiB
awesome_benz: CPU: 3156.71%, Memory: 9.063GiB / 503.5GiB
awesome_benz: CPU: 3197.52%, Memory: 9.063GiB / 503.5GiB
awesome_benz: CPU: 3197.26%, Memory: 9.063GiB / 503.5GiB
awesome_benz: CPU: 3049.12%, Memory: 9.063GiB / 503.5GiB
awesome_benz: CPU: 3155.17%, Memory: 9.063GiB / 503.5GiB
awesome_benz: CPU: 921.34%, Memory: 11.02GiB / 503.5GiB
awesome_benz: CPU: 100.08%, Memory: 9.704GiB / 503.5GiB
awesome_borg: CPU: 100.19%, Memory: 1.175GiB / 503.5GiB
awesome_borg: CPU: 100.30%, Memory: 3.947GiB / 503.5GiB
awesome_borg: CPU: 100.11%, Memory: 3.387GiB / 503.5GiB
awesome_borg: CPU: 100.12%, Memory: 3.925GiB / 503.5GiB
awesome_borg: CPU: 2930.40%, Memory: 6.064GiB / 503.5GiB
awesome_borg: CPU: 3178.18%, Memory: 6.063GiB / 503.5GiB
awesome_borg: CPU: 100.12%, Memory: 9.048GiB / 503.5GiB
awesome_borg: CPU: 100.12%, Memory: 7.746GiB / 503.5GiB
awesome_borg: CPU: 100.15%, Memory: 9.76GiB / 503.5GiB
awesome_borg: CPU: 100.08%, Memory: 10.91GiB / 503.5GiB
awesome_borg: CPU: 100.15%, Memory: 12.06GiB / 503.5GiB
awesome_borg: CPU: 3097.73%, Memory: 12.13GiB / 503.5GiB
awesome_borg: CPU: 3031.40%, Memory: 12.13GiB / 503.5GiB
awesome_borg: CPU: 2975.45%, Memory: 12.13GiB / 503.5GiB
awesome_borg: CPU: 3150.94%, Memory: 12.13GiB / 503.5GiB
awesome_borg: CPU: 3195.61%, Memory: 12.13GiB / 503.5GiB
awesome_borg: CPU: 3197.71%, Memory: 12.13GiB / 503.5GiB
awesome_borg: CPU: 3195.82%, Memory: 12.13GiB / 503.5GiB
awesome_borg: CPU: 3196.18%, Memory: 12.13GiB / 503.5GiB
awesome_borg: CPU: 3162.76%, Memory: 12.13GiB / 503.5GiB
awesome_borg: CPU: 1990.30%, Memory: 12.32GiB / 503.5GiB
awesome_borg: CPU: 100.12%, Memory: 15.12GiB / 503.5GiB
awesome_borg: CPU: 99.58%, Memory: 9.261GiB / 503.5GiB
awesome_borg: CPU: 100.12%, Memory: 13.87GiB / 503.5GiB
awesome_borg: CPU: 3207.93%, Memory: 15.12GiB / 503.5GiB
awesome_borg: CPU: 3186.08%, Memory: 15.12GiB / 503.5GiB
awesome_borg: CPU: 3108.10%, Memory: 15.12GiB / 503.5GiB
awesome_borg: CPU: 3097.50%, Memory: 15.12GiB / 503.5GiB
awesome_borg: CPU: 3095.64%, Memory: 15.12GiB / 503.5GiB
awesome_borg: CPU: 3104.29%, Memory: 15.12GiB / 503.5GiB
awesome_borg: CPU: 3204.58%, Memory: 15.12GiB / 503.5GiB
awesome_borg: CPU: 3098.01%, Memory: 15.12GiB / 503.5GiB
awesome_borg: CPU: 3105.66%, Memory: 15.12GiB / 503.5GiB
awesome_borg: CPU: 100.27%, Memory: 18.1GiB / 503.5GiB
awesome_borg: CPU: 100.18%, Memory: 7.932GiB / 503.5GiB
awesome_borg: CPU: 3211.88%, Memory: 9.064GiB / 503.5GiB
awesome_borg: CPU: 3211.50%, Memory: 9.063GiB / 503.5GiB
awesome_borg: CPU: 3196.27%, Memory: 9.063GiB / 503.5GiB
awesome_borg: CPU: 3198.45%, Memory: 9.063GiB / 503.5GiB
awesome_borg: CPU: 3151.25%, Memory: 9.063GiB / 503.5GiB
awesome_borg: CPU: 2839.34%, Memory: 9.382GiB / 503.5GiB
awesome_borg: CPU: 100.21%, Memory: 15.16GiB / 503.5GiB
stupefied_margulis: CPU: 158.65%, Memory: 1.15GiB / 503.5GiB
stupefied_margulis: CPU: 100.15%, Memory: 3.914GiB / 503.5GiB
stupefied_margulis: CPU: 100.14%, Memory: 3.225GiB / 503.5GiB
stupefied_margulis: CPU: 100.10%, Memory: 3.81GiB / 503.5GiB
stupefied_margulis: CPU: 2536.30%, Memory: 6.064GiB / 503.5GiB
stupefied_margulis: CPU: 3179.12%, Memory: 6.063GiB / 503.5GiB
stupefied_margulis: CPU: 99.72%, Memory: 9.048GiB / 503.5GiB
stupefied_margulis: CPU: 100.18%, Memory: 7.742GiB / 503.5GiB
stupefied_margulis: CPU: 100.12%, Memory: 9.785GiB / 503.5GiB
stupefied_margulis: CPU: 100.15%, Memory: 10.96GiB / 503.5GiB
stupefied_margulis: CPU: 283.69%, Memory: 12.13GiB / 503.5GiB
stupefied_margulis: CPU: 3208.36%, Memory: 12.13GiB / 503.5GiB
stupefied_margulis: CPU: 3095.15%, Memory: 12.13GiB / 503.5GiB
stupefied_margulis: CPU: 3163.86%, Memory: 12.13GiB / 503.5GiB
stupefied_margulis: CPU: 3109.79%, Memory: 12.13GiB / 503.5GiB
stupefied_margulis: CPU: 3133.57%, Memory: 12.13GiB / 503.5GiB
stupefied_margulis: CPU: 3194.46%, Memory: 12.13GiB / 503.5GiB
stupefied_margulis: CPU: 3204.07%, Memory: 12.13GiB / 503.5GiB
stupefied_margulis: CPU: 3110.06%, Memory: 12.13GiB / 503.5GiB
stupefied_margulis: CPU: 1140.77%, Memory: 14.29GiB / 503.5GiB
stupefied_margulis: CPU: 100.12%, Memory: 15.12GiB / 503.5GiB
stupefied_margulis: CPU: 100.05%, Memory: 13.32GiB / 503.5GiB
stupefied_margulis: CPU: 3098.48%, Memory: 15.12GiB / 503.5GiB
stupefied_margulis: CPU: 3197.72%, Memory: 15.12GiB / 503.5GiB
stupefied_margulis: CPU: 3182.23%, Memory: 15.12GiB / 503.5GiB
stupefied_margulis: CPU: 3209.26%, Memory: 15.12GiB / 503.5GiB
stupefied_margulis: CPU: 3096.24%, Memory: 15.12GiB / 503.5GiB
stupefied_margulis: CPU: 3097.06%, Memory: 15.12GiB / 503.5GiB
stupefied_margulis: CPU: 3095.70%, Memory: 15.12GiB / 503.5GiB
stupefied_margulis: CPU: 3096.17%, Memory: 15.12GiB / 503.5GiB
stupefied_margulis: CPU: 2921.14%, Memory: 15.12GiB / 503.5GiB
stupefied_margulis: CPU: 100.13%, Memory: 18.1GiB / 503.5GiB
stupefied_margulis: CPU: 99.65%, Memory: 7.41GiB / 503.5GiB
stupefied_margulis: CPU: 3196.88%, Memory: 9.064GiB / 503.5GiB
stupefied_margulis: CPU: 3203.75%, Memory: 9.064GiB / 503.5GiB
stupefied_margulis: CPU: 3204.68%, Memory: 9.063GiB / 503.5GiB
stupefied_margulis: CPU: 3187.91%, Memory: 9.063GiB / 503.5GiB
stupefied_margulis: CPU: 3205.49%, Memory: 9.063GiB / 503.5GiB
stupefied_margulis: CPU: 2486.23%, Memory: 9.783GiB / 503.5GiB
stupefied_margulis: CPU: 100.21%, Memory: 15.3GiB / 503.5GiB
zealous_meitner: CPU: 102.88%, Memory: 1.198GiB / 503.5GiB
zealous_meitner: CPU: 100.21%, Memory: 3.996GiB / 503.5GiB
zealous_meitner: CPU: 100.11%, Memory: 3.579GiB / 503.5GiB
zealous_meitner: CPU: 100.15%, Memory: 4.035GiB / 503.5GiB
zealous_meitner: CPU: 3131.05%, Memory: 6.064GiB / 503.5GiB
zealous_meitner: CPU: 1787.87%, Memory: 6.642GiB / 503.5GiB
zealous_meitner: CPU: 100.08%, Memory: 9.049GiB / 503.5GiB
zealous_meitner: CPU: 100.05%, Memory: 8.651GiB / 503.5GiB
zealous_meitner: CPU: 100.18%, Memory: 10.16GiB / 503.5GiB
zealous_meitner: CPU: 99.68%, Memory: 11.37GiB / 503.5GiB
zealous_meitner: CPU: 3148.22%, Memory: 12.13GiB / 503.5GiB
zealous_meitner: CPU: 3193.43%, Memory: 12.13GiB / 503.5GiB
zealous_meitner: CPU: 3195.90%, Memory: 12.13GiB / 503.5GiB
zealous_meitner: CPU: 3210.77%, Memory: 12.13GiB / 503.5GiB
zealous_meitner: CPU: 3098.73%, Memory: 12.13GiB / 503.5GiB
zealous_meitner: CPU: 3089.51%, Memory: 12.13GiB / 503.5GiB
zealous_meitner: CPU: 3085.64%, Memory: 12.13GiB / 503.5GiB
zealous_meitner: CPU: 3015.13%, Memory: 12.13GiB / 503.5GiB
zealous_meitner: CPU: 410.01%, Memory: 15.12GiB / 503.5GiB
zealous_meitner: CPU: 100.15%, Memory: 15.12GiB / 503.5GiB
zealous_meitner: CPU: 100.28%, Memory: 12.23GiB / 503.5GiB
zealous_meitner: CPU: 542.47%, Memory: 15.12GiB / 503.5GiB
zealous_meitner: CPU: 3196.27%, Memory: 15.12GiB / 503.5GiB
zealous_meitner: CPU: 3206.66%, Memory: 15.12GiB / 503.5GiB
zealous_meitner: CPU: 3189.51%, Memory: 15.12GiB / 503.5GiB
zealous_meitner: CPU: 3209.43%, Memory: 15.12GiB / 503.5GiB
zealous_meitner: CPU: 3195.17%, Memory: 15.12GiB / 503.5GiB
zealous_meitner: CPU: 3207.38%, Memory: 15.12GiB / 503.5GiB
zealous_meitner: CPU: 3096.13%, Memory: 15.12GiB / 503.5GiB
zealous_meitner: CPU: 2968.07%, Memory: 15.12GiB / 503.5GiB
zealous_meitner: CPU: 100.11%, Memory: 18.1GiB / 503.5GiB
zealous_meitner: CPU: 1647.75%, Memory: 9.065GiB / 503.5GiB
zealous_meitner: CPU: 3196.90%, Memory: 9.063GiB / 503.5GiB
zealous_meitner: CPU: 3196.24%, Memory: 9.063GiB / 503.5GiB
zealous_meitner: CPU: 3196.39%, Memory: 9.063GiB / 503.5GiB
zealous_meitner: CPU: 3167.52%, Memory: 9.063GiB / 503.5GiB
zealous_meitner: CPU: 3195.17%, Memory: 9.063GiB / 503.5GiB
zealous_meitner: CPU: 2287.62%, Memory: 9.957GiB / 503.5GiB
zealous_meitner: CPU: 100.12%, Memory: 15.39GiB / 503.5GiB
