affectionate_jepsen: CPU: 99.95%, Memory: 963.7MiB / 503.5GiB
affectionate_jepsen: CPU: 100.30%, Memory: 2.232GiB / 503.5GiB
affectionate_jepsen: CPU: 3206.14%, Memory: 2.279GiB / 503.5GiB
affectionate_jepsen: CPU: 3194.47%, Memory: 2.286GiB / 503.5GiB
affectionate_jepsen: CPU: 778.68%, Memory: 3.035GiB / 503.5GiB
affectionate_jepsen: CPU: 3210.94%, Memory: 3.036GiB / 503.5GiB
affectionate_jepsen: CPU: 3088.38%, Memory: 3.036GiB / 503.5GiB
affectionate_jepsen: CPU: 3087.68%, Memory: 3.036GiB / 503.5GiB
affectionate_jepsen: CPU: 3177.81%, Memory: 3.036GiB / 503.5GiB
affectionate_jepsen: CPU: 2917.52%, Memory: 3.091GiB / 503.5GiB
affectionate_jepsen: CPU: 2780.22%, Memory: 4.584GiB / 503.5GiB
affectionate_jepsen: CPU: 3163.19%, Memory: 4.584GiB / 503.5GiB
affectionate_jepsen: CPU: 2161.30%, Memory: 3.208GiB / 503.5GiB
flamboyant_mcclintock: CPU: 102.61%, Memory: 1.289GiB / 503.5GiB
flamboyant_mcclintock: CPU: 3199.30%, Memory: 2.277GiB / 503.5GiB
flamboyant_mcclintock: CPU: 3189.18%, Memory: 2.279GiB / 503.5GiB
flamboyant_mcclintock: CPU: 1461.18%, Memory: 1.674GiB / 503.5GiB
flamboyant_mcclintock: CPU: 3186.23%, Memory: 3.036GiB / 503.5GiB
flamboyant_mcclintock: CPU: 3187.98%, Memory: 3.036GiB / 503.5GiB
flamboyant_mcclintock: CPU: 3065.87%, Memory: 3.036GiB / 503.5GiB
flamboyant_mcclintock: CPU: 1439.00%, Memory: 3.782GiB / 503.5GiB
flamboyant_mcclintock: CPU: 3080.70%, Memory: 3.09GiB / 503.5GiB
flamboyant_mcclintock: CPU: 3154.06%, Memory: 4.584GiB / 503.5GiB
flamboyant_mcclintock: CPU: 1436.59%, Memory: 5.22GiB / 503.5GiB
compassionate_burnell: CPU: 100.05%, Memory: 1.407GiB / 503.5GiB
compassionate_burnell: CPU: 3198.79%, Memory: 2.278GiB / 503.5GiB
compassionate_burnell: CPU: 3189.17%, Memory: 2.281GiB / 503.5GiB
compassionate_burnell: CPU: 863.07%, Memory: 1.948GiB / 503.5GiB
compassionate_burnell: CPU: 3185.06%, Memory: 3.036GiB / 503.5GiB
compassionate_burnell: CPU: 3196.59%, Memory: 3.036GiB / 503.5GiB
compassionate_burnell: CPU: 461.85%, Memory: 2.533GiB / 503.5GiB
compassionate_burnell: CPU: 469.41%, Memory: 4.585GiB / 503.5GiB
compassionate_burnell: CPU: 3099.48%, Memory: 4.584GiB / 503.5GiB
compassionate_burnell: CPU: 3077.89%, Memory: 4.584GiB / 503.5GiB
compassionate_burnell: CPU: 3140.56%, Memory: 2.305GiB / 503.5GiB
vigilant_ritchie: CPU: 202.57%, Memory: 1.21GiB / 503.5GiB
vigilant_ritchie: CPU: 3179.81%, Memory: 2.278GiB / 503.5GiB
vigilant_ritchie: CPU: 3194.91%, Memory: 2.279GiB / 503.5GiB
vigilant_ritchie: CPU: 1841.51%, Memory: 2.245GiB / 503.5GiB
vigilant_ritchie: CPU: 3185.09%, Memory: 3.036GiB / 503.5GiB
vigilant_ritchie: CPU: 3186.24%, Memory: 3.036GiB / 503.5GiB
vigilant_ritchie: CPU: 159.45%, Memory: 3.076GiB / 503.5GiB
vigilant_ritchie: CPU: 506.20%, Memory: 4.585GiB / 503.5GiB
vigilant_ritchie: CPU: 3206.88%, Memory: 4.584GiB / 503.5GiB
vigilant_ritchie: CPU: 879.18%, Memory: 2.305GiB / 503.5GiB
fervent_maxwell: CPU: 100.11%, Memory: 1.287GiB / 503.5GiB
fervent_maxwell: CPU: 3094.26%, Memory: 2.274GiB / 503.5GiB
fervent_maxwell: CPU: 3190.07%, Memory: 2.278GiB / 503.5GiB
fervent_maxwell: CPU: 3105.33%, Memory: 2.28GiB / 503.5GiB
fervent_maxwell: CPU: 218.32%, Memory: 2.379GiB / 503.5GiB
fervent_maxwell: CPU: 3172.81%, Memory: 3.036GiB / 503.5GiB
fervent_maxwell: CPU: 3184.19%, Memory: 3.037GiB / 503.5GiB
fervent_maxwell: CPU: 3145.08%, Memory: 3.037GiB / 503.5GiB
fervent_maxwell: CPU: 2874.51%, Memory: 3.358GiB / 503.5GiB
fervent_maxwell: CPU: 3198.37%, Memory: 4.584GiB / 503.5GiB
fervent_maxwell: CPU: 570.42%, Memory: 2.305GiB / 503.5GiB
beautiful_satoshi: CPU: 100.21%, Memory: 1.285GiB / 503.5GiB
beautiful_satoshi: CPU: 3095.87%, Memory: 2.276GiB / 503.5GiB
beautiful_satoshi: CPU: 3185.07%, Memory: 2.278GiB / 503.5GiB
beautiful_satoshi: CPU: 3095.85%, Memory: 2.278GiB / 503.5GiB
beautiful_satoshi: CPU: 3207.95%, Memory: 2.285GiB / 503.5GiB
beautiful_satoshi: CPU: 209.05%, Memory: 3.035GiB / 503.5GiB
beautiful_satoshi: CPU: 3194.22%, Memory: 3.036GiB / 503.5GiB
beautiful_satoshi: CPU: 3196.69%, Memory: 3.037GiB / 503.5GiB
beautiful_satoshi: CPU: 1535.45%, Memory: 3.091GiB / 503.5GiB
beautiful_satoshi: CPU: 1386.53%, Memory: 4.585GiB / 503.5GiB
beautiful_satoshi: CPU: 3098.60%, Memory: 4.585GiB / 503.5GiB
beautiful_satoshi: CPU: 2665.72%, Memory: 2.305GiB / 503.5GiB
hardcore_grothendieck: CPU: 102.50%, Memory: 1.279GiB / 503.5GiB
hardcore_grothendieck: CPU: 3200.70%, Memory: 2.278GiB / 503.5GiB
hardcore_grothendieck: CPU: 3183.71%, Memory: 2.279GiB / 503.5GiB
hardcore_grothendieck: CPU: 3087.27%, Memory: 2.28GiB / 503.5GiB
hardcore_grothendieck: CPU: 3095.09%, Memory: 2.285GiB / 503.5GiB
hardcore_grothendieck: CPU: 910.95%, Memory: 1.96GiB / 503.5GiB
hardcore_grothendieck: CPU: 3129.96%, Memory: 3.036GiB / 503.5GiB
hardcore_grothendieck: CPU: 3194.85%, Memory: 3.036GiB / 503.5GiB
hardcore_grothendieck: CPU: 1114.23%, Memory: 2.682GiB / 503.5GiB
hardcore_grothendieck: CPU: 564.45%, Memory: 4.585GiB / 503.5GiB
hardcore_grothendieck: CPU: 3198.44%, Memory: 4.584GiB / 503.5GiB
hardcore_grothendieck: CPU: 3161.38%, Memory: 2.305GiB / 503.5GiB
funny_driscoll: CPU: 182.47%, Memory: 1.216GiB / 503.5GiB
funny_driscoll: CPU: 3183.11%, Memory: 2.278GiB / 503.5GiB
funny_driscoll: CPU: 3194.23%, Memory: 2.28GiB / 503.5GiB
funny_driscoll: CPU: 955.02%, Memory: 1.922GiB / 503.5GiB
funny_driscoll: CPU: 3180.04%, Memory: 3.035GiB / 503.5GiB
funny_driscoll: CPU: 3081.33%, Memory: 3.035GiB / 503.5GiB
funny_driscoll: CPU: 3208.94%, Memory: 3.036GiB / 503.5GiB
funny_driscoll: CPU: 3174.81%, Memory: 3.036GiB / 503.5GiB
funny_driscoll: CPU: 3032.77%, Memory: 3.28GiB / 503.5GiB
funny_driscoll: CPU: 3193.46%, Memory: 4.585GiB / 503.5GiB
funny_driscoll: CPU: 703.93%, Memory: 2.305GiB / 503.5GiB
strange_nightingale: CPU: 100.48%, Memory: 1.339GiB / 503.5GiB
strange_nightingale: CPU: 3187.82%, Memory: 2.278GiB / 503.5GiB
strange_nightingale: CPU: 3186.94%, Memory: 2.281GiB / 503.5GiB
strange_nightingale: CPU: 100.21%, Memory: 2.402GiB / 503.5GiB
strange_nightingale: CPU: 3185.90%, Memory: 3.036GiB / 503.5GiB
strange_nightingale: CPU: 3096.41%, Memory: 3.036GiB / 503.5GiB
strange_nightingale: CPU: 3076.46%, Memory: 3.036GiB / 503.5GiB
strange_nightingale: CPU: 3181.96%, Memory: 3.036GiB / 503.5GiB
strange_nightingale: CPU: 1190.81%, Memory: 3.091GiB / 503.5GiB
strange_nightingale: CPU: 873.14%, Memory: 4.584GiB / 503.5GiB
strange_nightingale: CPU: 3195.47%, Memory: 4.584GiB / 503.5GiB
strange_nightingale: CPU: 3187.27%, Memory: 2.305GiB / 503.5GiB
great_snyder: CPU: 101.59%, Memory: 1.236GiB / 503.5GiB
great_snyder: CPU: 3172.76%, Memory: 2.278GiB / 503.5GiB
great_snyder: CPU: 3184.10%, Memory: 2.28GiB / 503.5GiB
great_snyder: CPU: 3004.39%, Memory: 2.291GiB / 503.5GiB
great_snyder: CPU: 3209.92%, Memory: 3.036GiB / 503.5GiB
great_snyder: CPU: 3180.87%, Memory: 3.036GiB / 503.5GiB
great_snyder: CPU: 3074.08%, Memory: 3.036GiB / 503.5GiB
great_snyder: CPU: 3193.79%, Memory: 3.037GiB / 503.5GiB
great_snyder: CPU: 1822.94%, Memory: 3.783GiB / 503.5GiB
great_snyder: CPU: 1900.90%, Memory: 3.862GiB / 503.5GiB
great_snyder: CPU: 3161.57%, Memory: 4.584GiB / 503.5GiB
great_snyder: CPU: 621.98%, Memory: 2.305GiB / 503.5GiB
